2025/06/03 16:04:58 Received {c0 n2 {"type":"init","node_id":"n2","node_ids":["n0","n1","n2","n3","n4"],"msg_id":1}}
2025/06/03 16:04:58 Node n2 initialized
2025/06/03 16:04:58 Sent {"src":"n2","dest":"c0","body":{"in_reply_to":1,"type":"init_ok"}}
2025/06/03 16:04:58 Received {c7 n2 {"type":"topology","topology":{"n0":["n3","n1"],"n1":["n4","n2","n0"],"n2":["n1"],"n3":["n0","n4"],"n4":["n1","n3"]},"msg_id":1}}
2025/06/03 16:04:58 Sent {"src":"n2","dest":"c7","body":{"in_reply_to":1,"type":"topology_ok"}}
2025/06/03 16:04:58 Received {c12 n2 {"type":"read","msg_id":1}}
2025/06/03 16:04:58 Sent {"src":"n2","dest":"c12","body":{"in_reply_to":1,"messages":[],"type":"read_ok"}}
2025/06/03 16:04:58 Received {n1 n2 {"message":0,"type":"broadcast"}}
2025/06/03 16:04:58 Received {n1 n2 {"message":1,"type":"broadcast"}}
2025/06/03 16:04:58 Received {c12 n2 {"type":"read","msg_id":2}}
2025/06/03 16:04:58 Sent {"src":"n2","dest":"c12","body":{"in_reply_to":2,"messages":[0,1],"type":"read_ok"}}
2025/06/03 16:04:59 Received {n1 n2 {"message":2,"type":"broadcast"}}
2025/06/03 16:04:59 Received {c12 n2 {"type":"broadcast","message":3,"msg_id":3}}
2025/06/03 16:04:59 Sent {"src":"n2","dest":"n1","body":{"message":3,"type":"broadcast"}}
2025/06/03 16:04:59 Sent {"src":"n2","dest":"c12","body":{"in_reply_to":3,"type":"broadcast_ok"}}
2025/06/03 16:04:59 Received {n1 n2 {"message":4,"type":"broadcast"}}
2025/06/03 16:04:59 Received {n1 n2 {"message":5,"type":"broadcast"}}
2025/06/03 16:04:59 Received {n1 n2 {"message":6,"type":"broadcast"}}
2025/06/03 16:05:00 Received {c12 n2 {"type":"broadcast","message":7,"msg_id":4}}
2025/06/03 16:05:00 Sent {"src":"n2","dest":"n1","body":{"message":7,"type":"broadcast"}}
2025/06/03 16:05:00 Sent {"src":"n2","dest":"c12","body":{"in_reply_to":4,"type":"broadcast_ok"}}
2025/06/03 16:05:00 Received {n1 n2 {"message":8,"type":"broadcast"}}
2025/06/03 16:05:00 Received {n1 n2 {"message":9,"type":"broadcast"}}
2025/06/03 16:05:00 Received {n1 n2 {"message":10,"type":"broadcast"}}
2025/06/03 16:05:00 Received {c12 n2 {"type":"read","msg_id":5}}
2025/06/03 16:05:00 Sent {"src":"n2","dest":"c12","body":{"in_reply_to":5,"messages":[0,1,2,3,4,5,6,7,8,9,10],"type":"read_ok"}}
2025/06/03 16:05:00 Received {n1 n2 {"message":11,"type":"broadcast"}}
2025/06/03 16:05:00 Received {n1 n2 {"message":12,"type":"broadcast"}}
2025/06/03 16:05:01 Received {n1 n2 {"message":13,"type":"broadcast"}}
2025/06/03 16:05:01 Received {c12 n2 {"type":"read","msg_id":6}}
2025/06/03 16:05:01 Sent {"src":"n2","dest":"c12","body":{"in_reply_to":6,"messages":[0,1,2,3,4,5,6,7,8,9,10,11,12,13],"type":"read_ok"}}
2025/06/03 16:05:01 Received {n1 n2 {"message":14,"type":"broadcast"}}
2025/06/03 16:05:01 Received {n1 n2 {"message":15,"type":"broadcast"}}
2025/06/03 16:05:02 Received {n1 n2 {"message":16,"type":"broadcast"}}
2025/06/03 16:05:02 Received {c12 n2 {"type":"read","msg_id":7}}
2025/06/03 16:05:02 Sent {"src":"n2","dest":"c12","body":{"in_reply_to":7,"messages":[0,1,2,3,4,5,6,7,8,9,10,11,12,13,14,15,16],"type":"read_ok"}}
2025/06/03 16:05:02 Received {n1 n2 {"message":17,"type":"broadcast"}}
2025/06/03 16:05:02 Received {n1 n2 {"message":18,"type":"broadcast"}}
2025/06/03 16:05:02 Received {n1 n2 {"message":19,"type":"broadcast"}}
2025/06/03 16:05:02 Received {n1 n2 {"message":20,"type":"broadcast"}}
2025/06/03 16:05:02 Received {c12 n2 {"type":"broadcast","message":21,"msg_id":8}}
2025/06/03 16:05:02 Sent {"src":"n2","dest":"n1","body":{"message":21,"type":"broadcast"}}
2025/06/03 16:05:02 Sent {"src":"n2","dest":"c12","body":{"in_reply_to":8,"type":"broadcast_ok"}}
2025/06/03 16:05:02 Received {n1 n2 {"message":22,"type":"broadcast"}}
2025/06/03 16:05:02 Received {n1 n2 {"message":23,"type":"broadcast"}}
2025/06/03 16:05:03 Received {c12 n2 {"type":"broadcast","message":24,"msg_id":9}}
2025/06/03 16:05:03 Sent {"src":"n2","dest":"n1","body":{"message":24,"type":"broadcast"}}
2025/06/03 16:05:03 Sent {"src":"n2","dest":"c12","body":{"in_reply_to":9,"type":"broadcast_ok"}}
2025/06/03 16:05:03 Received {n1 n2 {"message":25,"type":"broadcast"}}
2025/06/03 16:05:03 Received {n1 n2 {"message":26,"type":"broadcast"}}
2025/06/03 16:05:03 Received {n1 n2 {"message":27,"type":"broadcast"}}
2025/06/03 16:05:03 Received {c12 n2 {"type":"read","msg_id":10}}
2025/06/03 16:05:03 Sent {"src":"n2","dest":"c12","body":{"in_reply_to":10,"messages":[0,1,2,3,4,5,6,7,8,9,10,11,12,13,14,15,16,17,18,19,20,21,22,23,24,25,26,27],"type":"read_ok"}}
2025/06/03 16:05:04 Received {n1 n2 {"message":28,"type":"broadcast"}}
2025/06/03 16:05:04 Received {n1 n2 {"message":29,"type":"broadcast"}}
2025/06/03 16:05:04 Received {n1 n2 {"message":30,"type":"broadcast"}}
2025/06/03 16:05:04 Received {c12 n2 {"type":"read","msg_id":11}}
2025/06/03 16:05:04 Sent {"src":"n2","dest":"c12","body":{"in_reply_to":11,"messages":[0,1,2,3,4,5,6,7,8,9,10,11,12,13,14,15,16,17,18,19,20,21,22,23,24,25,26,27,28,29,30],"type":"read_ok"}}
2025/06/03 16:05:04 Received {n1 n2 {"message":31,"type":"broadcast"}}
2025/06/03 16:05:04 Received {n1 n2 {"message":32,"type":"broadcast"}}
2025/06/03 16:05:05 Received {c12 n2 {"type":"read","msg_id":12}}
2025/06/03 16:05:05 Sent {"src":"n2","dest":"c12","body":{"in_reply_to":12,"messages":[0,1,2,3,4,5,6,7,8,9,10,11,12,13,14,15,16,17,18,19,20,21,22,23,24,25,26,27,28,29,30,31,32],"type":"read_ok"}}
2025/06/03 16:05:05 Received {n1 n2 {"message":33,"type":"broadcast"}}
2025/06/03 16:05:05 Received {n1 n2 {"message":34,"type":"broadcast"}}
2025/06/03 16:05:05 Received {n1 n2 {"message":35,"type":"broadcast"}}
2025/06/03 16:05:05 Received {n1 n2 {"message":36,"type":"broadcast"}}
2025/06/03 16:05:05 Received {c12 n2 {"type":"broadcast","message":37,"msg_id":13}}
2025/06/03 16:05:05 Sent {"src":"n2","dest":"n1","body":{"message":37,"type":"broadcast"}}
2025/06/03 16:05:05 Sent {"src":"n2","dest":"c12","body":{"in_reply_to":13,"type":"broadcast_ok"}}
2025/06/03 16:05:05 Received {n1 n2 {"message":38,"type":"broadcast"}}
2025/06/03 16:05:05 Received {n1 n2 {"message":39,"type":"broadcast"}}
2025/06/03 16:05:06 Received {n1 n2 {"message":40,"type":"broadcast"}}
2025/06/03 16:05:06 Received {n1 n2 {"message":41,"type":"broadcast"}}
2025/06/03 16:05:06 Received {c12 n2 {"type":"read","msg_id":14}}
2025/06/03 16:05:06 Sent {"src":"n2","dest":"c12","body":{"in_reply_to":14,"messages":[0,1,2,3,4,5,6,7,8,9,10,11,12,13,14,15,16,17,18,19,20,21,22,23,24,25,26,27,28,29,30,31,32,33,34,35,36,37,38,39,40,41],"type":"read_ok"}}
2025/06/03 16:05:06 Received {n1 n2 {"message":42,"type":"broadcast"}}
2025/06/03 16:05:06 Received {n1 n2 {"message":43,"type":"broadcast"}}
2025/06/03 16:05:06 Received {n1 n2 {"message":44,"type":"broadcast"}}
2025/06/03 16:05:06 Received {n1 n2 {"message":45,"type":"broadcast"}}
2025/06/03 16:05:06 Received {c12 n2 {"type":"read","msg_id":15}}
2025/06/03 16:05:06 Sent {"src":"n2","dest":"c12","body":{"in_reply_to":15,"messages":[0,1,2,3,4,5,6,7,8,9,10,11,12,13,14,15,16,17,18,19,20,21,22,23,24,25,26,27,28,29,30,31,32,33,34,35,36,37,38,39,40,41,42,43,44,45],"type":"read_ok"}}
2025/06/03 16:05:07 Received {c12 n2 {"type":"read","msg_id":16}}
2025/06/03 16:05:07 Sent {"src":"n2","dest":"c12","body":{"in_reply_to":16,"messages":[0,1,2,3,4,5,6,7,8,9,10,11,12,13,14,15,16,17,18,19,20,21,22,23,24,25,26,27,28,29,30,31,32,33,34,35,36,37,38,39,40,41,42,43,44,45],"type":"read_ok"}}
2025/06/03 16:05:07 Received {n1 n2 {"message":46,"type":"broadcast"}}
2025/06/03 16:05:08 Received {c12 n2 {"type":"broadcast","message":47,"msg_id":17}}
2025/06/03 16:05:08 Sent {"src":"n2","dest":"n1","body":{"message":47,"type":"broadcast"}}
2025/06/03 16:05:08 Sent {"src":"n2","dest":"c12","body":{"in_reply_to":17,"type":"broadcast_ok"}}
2025/06/03 16:05:08 Received {n1 n2 {"message":48,"type":"broadcast"}}
2025/06/03 16:05:08 Received {n1 n2 {"message":49,"type":"broadcast"}}
2025/06/03 16:05:08 Received {c12 n2 {"type":"broadcast","message":50,"msg_id":18}}
2025/06/03 16:05:08 Sent {"src":"n2","dest":"n1","body":{"message":50,"type":"broadcast"}}
2025/06/03 16:05:08 Sent {"src":"n2","dest":"c12","body":{"in_reply_to":18,"type":"broadcast_ok"}}
2025/06/03 16:05:08 Received {n1 n2 {"message":51,"type":"broadcast"}}
2025/06/03 16:05:08 Received {n1 n2 {"message":51,"type":"broadcast"}}
2025/06/03 16:05:08 Received {n1 n2 {"message":52,"type":"broadcast"}}
2025/06/03 16:05:08 Received {n1 n2 {"message":53,"type":"broadcast"}}
2025/06/03 16:05:09 Received {n1 n2 {"message":54,"type":"broadcast"}}
2025/06/03 16:05:09 Received {c12 n2 {"type":"read","msg_id":19}}
2025/06/03 16:05:09 Sent {"src":"n2","dest":"c12","body":{"in_reply_to":19,"messages":[0,1,2,3,4,5,6,7,8,9,10,11,12,13,14,15,16,17,18,19,20,21,22,23,24,25,26,27,28,29,30,31,32,33,34,35,36,37,38,39,40,41,42,43,44,45,46,47,48,49,50,51,52,53,54],"type":"read_ok"}}
2025/06/03 16:05:09 Received {n1 n2 {"message":55,"type":"broadcast"}}
2025/06/03 16:05:09 Received {n1 n2 {"message":56,"type":"broadcast"}}
2025/06/03 16:05:09 Received {c12 n2 {"type":"broadcast","message":57,"msg_id":20}}
2025/06/03 16:05:09 Sent {"src":"n2","dest":"n1","body":{"message":57,"type":"broadcast"}}
2025/06/03 16:05:09 Sent {"src":"n2","dest":"c12","body":{"in_reply_to":20,"type":"broadcast_ok"}}
2025/06/03 16:05:10 Received {n1 n2 {"message":58,"type":"broadcast"}}
2025/06/03 16:05:10 Received {n1 n2 {"message":59,"type":"broadcast"}}
2025/06/03 16:05:10 Received {c12 n2 {"type":"read","msg_id":21}}
2025/06/03 16:05:10 Sent {"src":"n2","dest":"c12","body":{"in_reply_to":21,"messages":[0,1,2,3,4,5,6,7,8,9,10,11,12,13,14,15,16,17,18,19,20,21,22,23,24,25,26,27,28,29,30,31,32,33,34,35,36,37,38,39,40,41,42,43,44,45,46,47,48,49,50,51,52,53,54,55,56,57,58,59],"type":"read_ok"}}
2025/06/03 16:05:10 Received {n1 n2 {"message":60,"type":"broadcast"}}
2025/06/03 16:05:10 Received {c12 n2 {"type":"broadcast","message":61,"msg_id":22}}
2025/06/03 16:05:10 Sent {"src":"n2","dest":"n1","body":{"message":61,"type":"broadcast"}}
2025/06/03 16:05:10 Sent {"src":"n2","dest":"c12","body":{"in_reply_to":22,"type":"broadcast_ok"}}
2025/06/03 16:05:11 Received {n1 n2 {"message":62,"type":"broadcast"}}
2025/06/03 16:05:11 Received {n1 n2 {"message":63,"type":"broadcast"}}
2025/06/03 16:05:11 Received {c12 n2 {"type":"read","msg_id":23}}
2025/06/03 16:05:11 Sent {"src":"n2","dest":"c12","body":{"in_reply_to":23,"messages":[0,1,2,3,4,5,6,7,8,9,10,11,12,13,14,15,16,17,18,19,20,21,22,23,24,25,26,27,28,29,30,31,32,33,34,35,36,37,38,39,40,41,42,43,44,45,46,47,48,49,50,51,52,53,54,55,56,57,58,59,60,61,62,63],"type":"read_ok"}}
2025/06/03 16:05:11 Received {n1 n2 {"message":64,"type":"broadcast"}}
2025/06/03 16:05:11 Received {n1 n2 {"message":65,"type":"broadcast"}}
2025/06/03 16:05:12 Received {c12 n2 {"type":"read","msg_id":24}}
2025/06/03 16:05:12 Sent {"src":"n2","dest":"c12","body":{"in_reply_to":24,"messages":[0,1,2,3,4,5,6,7,8,9,10,11,12,13,14,15,16,17,18,19,20,21,22,23,24,25,26,27,28,29,30,31,32,33,34,35,36,37,38,39,40,41,42,43,44,45,46,47,48,49,50,51,52,53,54,55,56,57,58,59,60,61,62,63,64,65],"type":"read_ok"}}
2025/06/03 16:05:12 Received {n1 n2 {"message":66,"type":"broadcast"}}
2025/06/03 16:05:12 Received {n1 n2 {"message":67,"type":"broadcast"}}
2025/06/03 16:05:12 Received {n1 n2 {"message":68,"type":"broadcast"}}
2025/06/03 16:05:12 Received {c12 n2 {"type":"broadcast","message":69,"msg_id":25}}
2025/06/03 16:05:12 Sent {"src":"n2","dest":"n1","body":{"message":69,"type":"broadcast"}}
2025/06/03 16:05:12 Sent {"src":"n2","dest":"c12","body":{"in_reply_to":25,"type":"broadcast_ok"}}
2025/06/03 16:05:13 Received {n1 n2 {"message":70,"type":"broadcast"}}
2025/06/03 16:05:13 Received {n1 n2 {"message":71,"type":"broadcast"}}
2025/06/03 16:05:13 Received {c12 n2 {"type":"read","msg_id":26}}
2025/06/03 16:05:13 Sent {"src":"n2","dest":"c12","body":{"in_reply_to":26,"messages":[0,1,2,3,4,5,6,7,8,9,10,11,12,13,14,15,16,17,18,19,20,21,22,23,24,25,26,27,28,29,30,31,32,33,34,35,36,37,38,39,40,41,42,43,44,45,46,47,48,49,50,51,52,53,54,55,56,57,58,59,60,61,62,63,64,65,66,67,68,69,70,71],"type":"read_ok"}}
2025/06/03 16:05:13 Received {n1 n2 {"message":72,"type":"broadcast"}}
2025/06/03 16:05:14 Received {n1 n2 {"message":73,"type":"broadcast"}}
2025/06/03 16:05:14 Received {n1 n2 {"message":74,"type":"broadcast"}}
2025/06/03 16:05:14 Received {c12 n2 {"type":"read","msg_id":27}}
2025/06/03 16:05:14 Sent {"src":"n2","dest":"c12","body":{"in_reply_to":27,"messages":[0,1,2,3,4,5,6,7,8,9,10,11,12,13,14,15,16,17,18,19,20,21,22,23,24,25,26,27,28,29,30,31,32,33,34,35,36,37,38,39,40,41,42,43,44,45,46,47,48,49,50,51,52,53,54,55,56,57,58,59,60,61,62,63,64,65,66,67,68,69,70,71,72,73,74],"type":"read_ok"}}
2025/06/03 16:05:14 Received {n1 n2 {"message":75,"type":"broadcast"}}
2025/06/03 16:05:14 Received {n1 n2 {"message":76,"type":"broadcast"}}
2025/06/03 16:05:14 Received {n1 n2 {"message":77,"type":"broadcast"}}
2025/06/03 16:05:14 Received {n1 n2 {"message":78,"type":"broadcast"}}
2025/06/03 16:05:14 Received {c12 n2 {"type":"read","msg_id":28}}
2025/06/03 16:05:14 Sent {"src":"n2","dest":"c12","body":{"in_reply_to":28,"messages":[0,1,2,3,4,5,6,7,8,9,10,11,12,13,14,15,16,17,18,19,20,21,22,23,24,25,26,27,28,29,30,31,32,33,34,35,36,37,38,39,40,41,42,43,44,45,46,47,48,49,50,51,52,53,54,55,56,57,58,59,60,61,62,63,64,65,66,67,68,69,70,71,72,73,74,75,76,77,78],"type":"read_ok"}}
2025/06/03 16:05:14 Received {n1 n2 {"message":79,"type":"broadcast"}}
2025/06/03 16:05:14 Received {n1 n2 {"message":80,"type":"broadcast"}}
2025/06/03 16:05:15 Received {n1 n2 {"message":81,"type":"broadcast"}}
2025/06/03 16:05:15 Received {c12 n2 {"type":"read","msg_id":29}}
2025/06/03 16:05:15 Sent {"src":"n2","dest":"c12","body":{"in_reply_to":29,"messages":[0,1,2,3,4,5,6,7,8,9,10,11,12,13,14,15,16,17,18,19,20,21,22,23,24,25,26,27,28,29,30,31,32,33,34,35,36,37,38,39,40,41,42,43,44,45,46,47,48,49,50,51,52,53,54,55,56,57,58,59,60,61,62,63,64,65,66,67,68,69,70,71,72,73,74,75,76,77,78,79,80,81],"type":"read_ok"}}
2025/06/03 16:05:15 Received {n1 n2 {"message":82,"type":"broadcast"}}
2025/06/03 16:05:15 Received {n1 n2 {"message":83,"type":"broadcast"}}
2025/06/03 16:05:15 Received {c12 n2 {"type":"read","msg_id":30}}
2025/06/03 16:05:15 Sent {"src":"n2","dest":"c12","body":{"in_reply_to":30,"messages":[0,1,2,3,4,5,6,7,8,9,10,11,12,13,14,15,16,17,18,19,20,21,22,23,24,25,26,27,28,29,30,31,32,33,34,35,36,37,38,39,40,41,42,43,44,45,46,47,48,49,50,51,52,53,54,55,56,57,58,59,60,61,62,63,64,65,66,67,68,69,70,71,72,73,74,75,76,77,78,79,80,81,82,83],"type":"read_ok"}}
2025/06/03 16:05:16 Received {n1 n2 {"message":84,"type":"broadcast"}}
2025/06/03 16:05:16 Received {n1 n2 {"message":85,"type":"broadcast"}}
2025/06/03 16:05:16 Received {n1 n2 {"message":86,"type":"broadcast"}}
2025/06/03 16:05:16 Received {n1 n2 {"message":87,"type":"broadcast"}}
2025/06/03 16:05:16 Received {c12 n2 {"type":"broadcast","message":88,"msg_id":31}}
2025/06/03 16:05:16 Sent {"src":"n2","dest":"n1","body":{"message":88,"type":"broadcast"}}
2025/06/03 16:05:16 Sent {"src":"n2","dest":"c12","body":{"in_reply_to":31,"type":"broadcast_ok"}}
2025/06/03 16:05:16 Received {n1 n2 {"message":89,"type":"broadcast"}}
2025/06/03 16:05:16 Received {n1 n2 {"message":90,"type":"broadcast"}}
2025/06/03 16:05:16 Received {c12 n2 {"type":"read","msg_id":32}}
2025/06/03 16:05:16 Sent {"src":"n2","dest":"c12","body":{"in_reply_to":32,"messages":[0,1,2,3,4,5,6,7,8,9,10,11,12,13,14,15,16,17,18,19,20,21,22,23,24,25,26,27,28,29,30,31,32,33,34,35,36,37,38,39,40,41,42,43,44,45,46,47,48,49,50,51,52,53,54,55,56,57,58,59,60,61,62,63,64,65,66,67,68,69,70,71,72,73,74,75,76,77,78,79,80,81,82,83,84,85,86,87,88,89,90],"type":"read_ok"}}
2025/06/03 16:05:17 Received {n1 n2 {"message":91,"type":"broadcast"}}
2025/06/03 16:05:17 Received {n1 n2 {"message":92,"type":"broadcast"}}
2025/06/03 16:05:17 Received {c12 n2 {"type":"read","msg_id":33}}
2025/06/03 16:05:17 Sent {"src":"n2","dest":"c12","body":{"in_reply_to":33,"messages":[0,1,2,3,4,5,6,7,8,9,10,11,12,13,14,15,16,17,18,19,20,21,22,23,24,25,26,27,28,29,30,31,32,33,34,35,36,37,38,39,40,41,42,43,44,45,46,47,48,49,50,51,52,53,54,55,56,57,58,59,60,61,62,63,64,65,66,67,68,69,70,71,72,73,74,75,76,77,78,79,80,81,82,83,84,85,86,87,88,89,90,91,92],"type":"read_ok"}}
2025/06/03 16:05:17 Received {n1 n2 {"message":93,"type":"broadcast"}}
2025/06/03 16:05:28 Received {c12 n2 {"type":"read","msg_id":34}}
2025/06/03 16:05:28 Sent {"src":"n2","dest":"c12","body":{"in_reply_to":34,"messages":[0,1,2,3,4,5,6,7,8,9,10,11,12,13,14,15,16,17,18,19,20,21,22,23,24,25,26,27,28,29,30,31,32,33,34,35,36,37,38,39,40,41,42,43,44,45,46,47,48,49,50,51,52,53,54,55,56,57,58,59,60,61,62,63,64,65,66,67,68,69,70,71,72,73,74,75,76,77,78,79,80,81,82,83,84,85,86,87,88,89,90,91,92,93],"type":"read_ok"}}
