2025/06/03 16:04:58 Received {c3 n4 {"type":"init","node_id":"n4","node_ids":["n0","n1","n2","n3","n4"],"msg_id":1}}
2025/06/03 16:04:58 Node n4 initialized
2025/06/03 16:04:58 Sent {"src":"n4","dest":"c3","body":{"in_reply_to":1,"type":"init_ok"}}
2025/06/03 16:04:58 Received {c9 n4 {"type":"topology","topology":{"n0":["n3","n1"],"n1":["n4","n2","n0"],"n2":["n1"],"n3":["n0","n4"],"n4":["n1","n3"]},"msg_id":1}}
2025/06/03 16:04:58 Sent {"src":"n4","dest":"c9","body":{"in_reply_to":1,"type":"topology_ok"}}
2025/06/03 16:04:58 Received {c14 n4 {"type":"read","msg_id":1}}
2025/06/03 16:04:58 Sent {"src":"n4","dest":"c14","body":{"in_reply_to":1,"messages":[],"type":"read_ok"}}
2025/06/03 16:04:58 Received {n1 n4 {"message":0,"type":"broadcast"}}
2025/06/03 16:04:58 Received {n3 n4 {"message":0,"type":"broadcast"}}
2025/06/03 16:04:58 Sent {"src":"n4","dest":"n3","body":{"message":0,"type":"broadcast"}}
2025/06/03 16:04:58 Received {n1 n4 {"message":1,"type":"broadcast"}}
2025/06/03 16:04:58 Sent {"src":"n4","dest":"n3","body":{"message":1,"type":"broadcast"}}
2025/06/03 16:04:59 Received {n3 n4 {"message":2,"type":"broadcast"}}
2025/06/03 16:04:59 Sent {"src":"n4","dest":"n1","body":{"message":2,"type":"broadcast"}}
2025/06/03 16:04:59 Received {n1 n4 {"message":2,"type":"broadcast"}}
2025/06/03 16:04:59 Received {c14 n4 {"type":"read","msg_id":2}}
2025/06/03 16:04:59 Sent {"src":"n4","dest":"c14","body":{"in_reply_to":2,"messages":[0,1,2],"type":"read_ok"}}
2025/06/03 16:04:59 Received {n1 n4 {"message":3,"type":"broadcast"}}
2025/06/03 16:04:59 Sent {"src":"n4","dest":"n3","body":{"message":3,"type":"broadcast"}}
2025/06/03 16:04:59 Received {n3 n4 {"message":4,"type":"broadcast"}}
2025/06/03 16:04:59 Sent {"src":"n4","dest":"n1","body":{"message":4,"type":"broadcast"}}
2025/06/03 16:04:59 Received {c14 n4 {"type":"broadcast","message":5,"msg_id":3}}
2025/06/03 16:04:59 Sent {"src":"n4","dest":"n1","body":{"message":5,"type":"broadcast"}}
2025/06/03 16:04:59 Sent {"src":"n4","dest":"n3","body":{"message":5,"type":"broadcast"}}
2025/06/03 16:04:59 Sent {"src":"n4","dest":"c14","body":{"in_reply_to":3,"type":"broadcast_ok"}}
2025/06/03 16:04:59 Received {n3 n4 {"message":6,"type":"broadcast"}}
2025/06/03 16:04:59 Received {n1 n4 {"message":6,"type":"broadcast"}}
2025/06/03 16:04:59 Sent {"src":"n4","dest":"n3","body":{"message":6,"type":"broadcast"}}
2025/06/03 16:05:00 Received {n1 n4 {"message":7,"type":"broadcast"}}
2025/06/03 16:05:00 Sent {"src":"n4","dest":"n3","body":{"message":7,"type":"broadcast"}}
2025/06/03 16:05:00 Received {n3 n4 {"message":8,"type":"broadcast"}}
2025/06/03 16:05:00 Sent {"src":"n4","dest":"n1","body":{"message":8,"type":"broadcast"}}
2025/06/03 16:05:00 Received {n1 n4 {"message":8,"type":"broadcast"}}
2025/06/03 16:05:00 Received {c14 n4 {"type":"read","msg_id":4}}
2025/06/03 16:05:00 Sent {"src":"n4","dest":"c14","body":{"in_reply_to":4,"messages":[0,1,2,3,4,5,6,7,8],"type":"read_ok"}}
2025/06/03 16:05:00 Received {n3 n4 {"message":9,"type":"broadcast"}}
2025/06/03 16:05:00 Sent {"src":"n4","dest":"n1","body":{"message":9,"type":"broadcast"}}
2025/06/03 16:05:00 Received {n1 n4 {"message":9,"type":"broadcast"}}
2025/06/03 16:05:00 Received {n3 n4 {"message":10,"type":"broadcast"}}
2025/06/03 16:05:00 Received {n1 n4 {"message":10,"type":"broadcast"}}
2025/06/03 16:05:00 Sent {"src":"n4","dest":"n1","body":{"message":10,"type":"broadcast"}}
2025/06/03 16:05:00 Received {n3 n4 {"message":11,"type":"broadcast"}}
2025/06/03 16:05:00 Sent {"src":"n4","dest":"n1","body":{"message":11,"type":"broadcast"}}
2025/06/03 16:05:00 Received {n1 n4 {"message":11,"type":"broadcast"}}
2025/06/03 16:05:00 Received {c14 n4 {"type":"broadcast","message":12,"msg_id":5}}
2025/06/03 16:05:00 Sent {"src":"n4","dest":"n1","body":{"message":12,"type":"broadcast"}}
2025/06/03 16:05:00 Sent {"src":"n4","dest":"n3","body":{"message":12,"type":"broadcast"}}
2025/06/03 16:05:00 Sent {"src":"n4","dest":"c14","body":{"in_reply_to":5,"type":"broadcast_ok"}}
2025/06/03 16:05:01 Received {n1 n4 {"message":13,"type":"broadcast"}}
2025/06/03 16:05:01 Sent {"src":"n4","dest":"n3","body":{"message":13,"type":"broadcast"}}
2025/06/03 16:05:01 Received {c14 n4 {"type":"broadcast","message":14,"msg_id":6}}
2025/06/03 16:05:01 Sent {"src":"n4","dest":"n1","body":{"message":14,"type":"broadcast"}}
2025/06/03 16:05:01 Sent {"src":"n4","dest":"n3","body":{"message":14,"type":"broadcast"}}
2025/06/03 16:05:01 Sent {"src":"n4","dest":"c14","body":{"in_reply_to":6,"type":"broadcast_ok"}}
2025/06/03 16:05:01 Received {n3 n4 {"message":15,"type":"broadcast"}}
2025/06/03 16:05:01 Sent {"src":"n4","dest":"n1","body":{"message":15,"type":"broadcast"}}
2025/06/03 16:05:01 Received {n1 n4 {"message":15,"type":"broadcast"}}
2025/06/03 16:05:02 Received {n3 n4 {"message":16,"type":"broadcast"}}
2025/06/03 16:05:02 Sent {"src":"n4","dest":"n1","body":{"message":16,"type":"broadcast"}}
2025/06/03 16:05:02 Received {n1 n4 {"message":16,"type":"broadcast"}}
2025/06/03 16:05:02 Received {n3 n4 {"message":17,"type":"broadcast"}}
2025/06/03 16:05:02 Sent {"src":"n4","dest":"n1","body":{"message":17,"type":"broadcast"}}
2025/06/03 16:05:02 Received {n1 n4 {"message":17,"type":"broadcast"}}
2025/06/03 16:05:02 Received {c14 n4 {"type":"broadcast","message":18,"msg_id":7}}
2025/06/03 16:05:02 Sent {"src":"n4","dest":"n1","body":{"message":18,"type":"broadcast"}}
2025/06/03 16:05:02 Sent {"src":"n4","dest":"n3","body":{"message":18,"type":"broadcast"}}
2025/06/03 16:05:02 Sent {"src":"n4","dest":"c14","body":{"in_reply_to":7,"type":"broadcast_ok"}}
2025/06/03 16:05:02 Received {n3 n4 {"message":19,"type":"broadcast"}}
2025/06/03 16:05:02 Received {n1 n4 {"message":19,"type":"broadcast"}}
2025/06/03 16:05:02 Sent {"src":"n4","dest":"n1","body":{"message":19,"type":"broadcast"}}
2025/06/03 16:05:02 Received {n1 n4 {"message":20,"type":"broadcast"}}
2025/06/03 16:05:02 Sent {"src":"n4","dest":"n3","body":{"message":20,"type":"broadcast"}}
2025/06/03 16:05:02 Received {n1 n4 {"message":21,"type":"broadcast"}}
2025/06/03 16:05:02 Sent {"src":"n4","dest":"n3","body":{"message":21,"type":"broadcast"}}
2025/06/03 16:05:02 Received {c14 n4 {"type":"broadcast","message":22,"msg_id":8}}
2025/06/03 16:05:02 Sent {"src":"n4","dest":"n1","body":{"message":22,"type":"broadcast"}}
2025/06/03 16:05:02 Sent {"src":"n4","dest":"n3","body":{"message":22,"type":"broadcast"}}
2025/06/03 16:05:02 Sent {"src":"n4","dest":"c14","body":{"in_reply_to":8,"type":"broadcast_ok"}}
2025/06/03 16:05:02 Received {n1 n4 {"message":23,"type":"broadcast"}}
2025/06/03 16:05:02 Sent {"src":"n4","dest":"n3","body":{"message":23,"type":"broadcast"}}
2025/06/03 16:05:02 Received {n3 n4 {"message":23,"type":"broadcast"}}
2025/06/03 16:05:03 Received {n1 n4 {"message":24,"type":"broadcast"}}
2025/06/03 16:05:03 Sent {"src":"n4","dest":"n3","body":{"message":24,"type":"broadcast"}}
2025/06/03 16:05:03 Received {c14 n4 {"type":"read","msg_id":9}}
2025/06/03 16:05:03 Sent {"src":"n4","dest":"c14","body":{"in_reply_to":9,"messages":[0,1,2,3,4,5,6,7,8,9,10,11,12,13,14,15,16,17,18,19,20,21,22,23,24],"type":"read_ok"}}
2025/06/03 16:05:03 Received {n3 n4 {"message":25,"type":"broadcast"}}
2025/06/03 16:05:03 Received {n1 n4 {"message":25,"type":"broadcast"}}
2025/06/03 16:05:03 Sent {"src":"n4","dest":"n1","body":{"message":25,"type":"broadcast"}}
2025/06/03 16:05:03 Received {n3 n4 {"message":26,"type":"broadcast"}}
2025/06/03 16:05:03 Sent {"src":"n4","dest":"n1","body":{"message":26,"type":"broadcast"}}
2025/06/03 16:05:03 Received {n1 n4 {"message":26,"type":"broadcast"}}
2025/06/03 16:05:03 Received {n1 n4 {"message":27,"type":"broadcast"}}
2025/06/03 16:05:03 Sent {"src":"n4","dest":"n3","body":{"message":27,"type":"broadcast"}}
2025/06/03 16:05:04 Received {c14 n4 {"type":"broadcast","message":28,"msg_id":10}}
2025/06/03 16:05:04 Sent {"src":"n4","dest":"n1","body":{"message":28,"type":"broadcast"}}
2025/06/03 16:05:04 Sent {"src":"n4","dest":"n3","body":{"message":28,"type":"broadcast"}}
2025/06/03 16:05:04 Sent {"src":"n4","dest":"c14","body":{"in_reply_to":10,"type":"broadcast_ok"}}
2025/06/03 16:05:04 Received {n3 n4 {"message":29,"type":"broadcast"}}
2025/06/03 16:05:04 Received {n1 n4 {"message":29,"type":"broadcast"}}
2025/06/03 16:05:04 Sent {"src":"n4","dest":"n1","body":{"message":29,"type":"broadcast"}}
2025/06/03 16:05:04 Received {n1 n4 {"message":30,"type":"broadcast"}}
2025/06/03 16:05:04 Sent {"src":"n4","dest":"n3","body":{"message":30,"type":"broadcast"}}
2025/06/03 16:05:04 Received {n3 n4 {"message":31,"type":"broadcast"}}
2025/06/03 16:05:04 Sent {"src":"n4","dest":"n1","body":{"message":31,"type":"broadcast"}}
2025/06/03 16:05:04 Received {n1 n4 {"message":31,"type":"broadcast"}}
2025/06/03 16:05:04 Received {c14 n4 {"type":"read","msg_id":11}}
2025/06/03 16:05:04 Sent {"src":"n4","dest":"c14","body":{"in_reply_to":11,"messages":[0,1,2,3,4,5,6,7,8,9,10,11,12,13,14,15,16,17,18,19,20,21,22,23,24,25,26,27,28,29,30,31],"type":"read_ok"}}
2025/06/03 16:05:04 Received {n1 n4 {"message":32,"type":"broadcast"}}
2025/06/03 16:05:04 Sent {"src":"n4","dest":"n3","body":{"message":32,"type":"broadcast"}}
2025/06/03 16:05:05 Received {n3 n4 {"message":33,"type":"broadcast"}}
2025/06/03 16:05:05 Sent {"src":"n4","dest":"n1","body":{"message":33,"type":"broadcast"}}
2025/06/03 16:05:05 Received {n1 n4 {"message":33,"type":"broadcast"}}
2025/06/03 16:05:05 Received {c14 n4 {"type":"read","msg_id":12}}
2025/06/03 16:05:05 Sent {"src":"n4","dest":"c14","body":{"in_reply_to":12,"messages":[0,1,2,3,4,5,6,7,8,9,10,11,12,13,14,15,16,17,18,19,20,21,22,23,24,25,26,27,28,29,30,31,32,33],"type":"read_ok"}}
2025/06/03 16:05:05 Received {n3 n4 {"message":34,"type":"broadcast"}}
2025/06/03 16:05:05 Received {n1 n4 {"message":34,"type":"broadcast"}}
2025/06/03 16:05:05 Sent {"src":"n4","dest":"n1","body":{"message":34,"type":"broadcast"}}
2025/06/03 16:05:05 Received {n3 n4 {"message":35,"type":"broadcast"}}
2025/06/03 16:05:05 Received {n1 n4 {"message":35,"type":"broadcast"}}
2025/06/03 16:05:05 Sent {"src":"n4","dest":"n1","body":{"message":35,"type":"broadcast"}}
2025/06/03 16:05:05 Received {n1 n4 {"message":36,"type":"broadcast"}}
2025/06/03 16:05:05 Sent {"src":"n4","dest":"n3","body":{"message":36,"type":"broadcast"}}
2025/06/03 16:05:05 Received {n1 n4 {"message":37,"type":"broadcast"}}
2025/06/03 16:05:05 Sent {"src":"n4","dest":"n3","body":{"message":37,"type":"broadcast"}}
2025/06/03 16:05:05 Received {n3 n4 {"message":38,"type":"broadcast"}}
2025/06/03 16:05:05 Sent {"src":"n4","dest":"n1","body":{"message":38,"type":"broadcast"}}
2025/06/03 16:05:05 Received {n1 n4 {"message":38,"type":"broadcast"}}
2025/06/03 16:05:05 Received {c14 n4 {"type":"broadcast","message":39,"msg_id":13}}
2025/06/03 16:05:05 Sent {"src":"n4","dest":"n1","body":{"message":39,"type":"broadcast"}}
2025/06/03 16:05:05 Sent {"src":"n4","dest":"n3","body":{"message":39,"type":"broadcast"}}
2025/06/03 16:05:05 Sent {"src":"n4","dest":"c14","body":{"in_reply_to":13,"type":"broadcast_ok"}}
2025/06/03 16:05:06 Received {n1 n4 {"message":40,"type":"broadcast"}}
2025/06/03 16:05:06 Received {n3 n4 {"message":40,"type":"broadcast"}}
2025/06/03 16:05:06 Sent {"src":"n4","dest":"n3","body":{"message":40,"type":"broadcast"}}
2025/06/03 16:05:06 Received {n1 n4 {"message":41,"type":"broadcast"}}
2025/06/03 16:05:06 Sent {"src":"n4","dest":"n3","body":{"message":41,"type":"broadcast"}}
2025/06/03 16:05:06 Received {n3 n4 {"message":42,"type":"broadcast"}}
2025/06/03 16:05:06 Sent {"src":"n4","dest":"n1","body":{"message":42,"type":"broadcast"}}
2025/06/03 16:05:06 Received {n1 n4 {"message":42,"type":"broadcast"}}
2025/06/03 16:05:06 Received {c14 n4 {"type":"broadcast","message":43,"msg_id":14}}
2025/06/03 16:05:06 Sent {"src":"n4","dest":"n1","body":{"message":43,"type":"broadcast"}}
2025/06/03 16:05:06 Sent {"src":"n4","dest":"n3","body":{"message":43,"type":"broadcast"}}
2025/06/03 16:05:06 Sent {"src":"n4","dest":"c14","body":{"in_reply_to":14,"type":"broadcast_ok"}}
2025/06/03 16:05:06 Received {n3 n4 {"message":44,"type":"broadcast"}}
2025/06/03 16:05:06 Received {n1 n4 {"message":44,"type":"broadcast"}}
2025/06/03 16:05:06 Sent {"src":"n4","dest":"n1","body":{"message":44,"type":"broadcast"}}
2025/06/03 16:05:06 Received {n1 n4 {"message":45,"type":"broadcast"}}
2025/06/03 16:05:06 Sent {"src":"n4","dest":"n3","body":{"message":45,"type":"broadcast"}}
2025/06/03 16:05:06 Received {c14 n4 {"type":"read","msg_id":15}}
2025/06/03 16:05:06 Sent {"src":"n4","dest":"c14","body":{"in_reply_to":15,"messages":[0,1,2,3,4,5,6,7,8,9,10,11,12,13,14,15,16,17,18,19,20,21,22,23,24,25,26,27,28,29,30,31,32,33,34,35,36,37,38,39,40,41,42,43,44,45],"type":"read_ok"}}
2025/06/03 16:05:07 Received {c14 n4 {"type":"broadcast","message":46,"msg_id":16}}
2025/06/03 16:05:07 Sent {"src":"n4","dest":"n1","body":{"message":46,"type":"broadcast"}}
2025/06/03 16:05:07 Sent {"src":"n4","dest":"n3","body":{"message":46,"type":"broadcast"}}
2025/06/03 16:05:07 Sent {"src":"n4","dest":"c14","body":{"in_reply_to":16,"type":"broadcast_ok"}}
2025/06/03 16:05:08 Received {n1 n4 {"message":47,"type":"broadcast"}}
2025/06/03 16:05:08 Sent {"src":"n4","dest":"n3","body":{"message":47,"type":"broadcast"}}
2025/06/03 16:05:08 Received {n3 n4 {"message":47,"type":"broadcast"}}
2025/06/03 16:05:08 Received {n3 n4 {"message":48,"type":"broadcast"}}
2025/06/03 16:05:08 Sent {"src":"n4","dest":"n1","body":{"message":48,"type":"broadcast"}}
2025/06/03 16:05:08 Received {n1 n4 {"message":48,"type":"broadcast"}}
2025/06/03 16:05:08 Received {c14 n4 {"type":"read","msg_id":17}}
2025/06/03 16:05:08 Sent {"src":"n4","dest":"c14","body":{"in_reply_to":17,"messages":[0,1,2,3,4,5,6,7,8,9,10,11,12,13,14,15,16,17,18,19,20,21,22,23,24,25,26,27,28,29,30,31,32,33,34,35,36,37,38,39,40,41,42,43,44,45,46,47,48],"type":"read_ok"}}
2025/06/03 16:05:08 Received {n3 n4 {"message":49,"type":"broadcast"}}
2025/06/03 16:05:08 Received {n1 n4 {"message":49,"type":"broadcast"}}
2025/06/03 16:05:08 Sent {"src":"n4","dest":"n1","body":{"message":49,"type":"broadcast"}}
2025/06/03 16:05:08 Received {n1 n4 {"message":50,"type":"broadcast"}}
2025/06/03 16:05:08 Sent {"src":"n4","dest":"n3","body":{"message":50,"type":"broadcast"}}
2025/06/03 16:05:08 Received {n3 n4 {"message":51,"type":"broadcast"}}
2025/06/03 16:05:08 Sent {"src":"n4","dest":"n1","body":{"message":51,"type":"broadcast"}}
2025/06/03 16:05:08 Received {n1 n4 {"message":51,"type":"broadcast"}}
2025/06/03 16:05:08 Received {c14 n4 {"type":"broadcast","message":52,"msg_id":18}}
2025/06/03 16:05:08 Sent {"src":"n4","dest":"n1","body":{"message":52,"type":"broadcast"}}
2025/06/03 16:05:08 Sent {"src":"n4","dest":"n3","body":{"message":52,"type":"broadcast"}}
2025/06/03 16:05:08 Sent {"src":"n4","dest":"c14","body":{"in_reply_to":18,"type":"broadcast_ok"}}
2025/06/03 16:05:08 Received {n3 n4 {"message":53,"type":"broadcast"}}
2025/06/03 16:05:08 Received {n1 n4 {"message":53,"type":"broadcast"}}
2025/06/03 16:05:08 Sent {"src":"n4","dest":"n1","body":{"message":53,"type":"broadcast"}}
2025/06/03 16:05:09 Received {n1 n4 {"message":54,"type":"broadcast"}}
2025/06/03 16:05:09 Sent {"src":"n4","dest":"n3","body":{"message":54,"type":"broadcast"}}
2025/06/03 16:05:09 Received {n3 n4 {"message":55,"type":"broadcast"}}
2025/06/03 16:05:09 Sent {"src":"n4","dest":"n1","body":{"message":55,"type":"broadcast"}}
2025/06/03 16:05:09 Received {c14 n4 {"type":"read","msg_id":19}}
2025/06/03 16:05:09 Sent {"src":"n4","dest":"c14","body":{"in_reply_to":19,"messages":[0,1,2,3,4,5,6,7,8,9,10,11,12,13,14,15,16,17,18,19,20,21,22,23,24,25,26,27,28,29,30,31,32,33,34,35,36,37,38,39,40,41,42,43,44,45,46,47,48,49,50,51,52,53,54,55],"type":"read_ok"}}
2025/06/03 16:05:09 Received {n1 n4 {"message":56,"type":"broadcast"}}
2025/06/03 16:05:09 Sent {"src":"n4","dest":"n3","body":{"message":56,"type":"broadcast"}}
2025/06/03 16:05:09 Received {n1 n4 {"message":57,"type":"broadcast"}}
2025/06/03 16:05:09 Sent {"src":"n4","dest":"n3","body":{"message":57,"type":"broadcast"}}
2025/06/03 16:05:09 Received {n3 n4 {"message":57,"type":"broadcast"}}
2025/06/03 16:05:10 Received {n3 n4 {"message":58,"type":"broadcast"}}
2025/06/03 16:05:10 Sent {"src":"n4","dest":"n1","body":{"message":58,"type":"broadcast"}}
2025/06/03 16:05:10 Received {n1 n4 {"message":58,"type":"broadcast"}}
2025/06/03 16:05:10 Received {c14 n4 {"type":"read","msg_id":20}}
2025/06/03 16:05:10 Sent {"src":"n4","dest":"c14","body":{"in_reply_to":20,"messages":[0,1,2,3,4,5,6,7,8,9,10,11,12,13,14,15,16,17,18,19,20,21,22,23,24,25,26,27,28,29,30,31,32,33,34,35,36,37,38,39,40,41,42,43,44,45,46,47,48,49,50,51,52,53,54,55,56,57,58],"type":"read_ok"}}
2025/06/03 16:05:10 Received {n3 n4 {"message":59,"type":"broadcast"}}
2025/06/03 16:05:10 Received {n1 n4 {"message":59,"type":"broadcast"}}
2025/06/03 16:05:10 Sent {"src":"n4","dest":"n1","body":{"message":59,"type":"broadcast"}}
2025/06/03 16:05:10 Received {c14 n4 {"type":"read","msg_id":21}}
2025/06/03 16:05:10 Sent {"src":"n4","dest":"c14","body":{"in_reply_to":21,"messages":[0,1,2,3,4,5,6,7,8,9,10,11,12,13,14,15,16,17,18,19,20,21,22,23,24,25,26,27,28,29,30,31,32,33,34,35,36,37,38,39,40,41,42,43,44,45,46,47,48,49,50,51,52,53,54,55,56,57,58,59],"type":"read_ok"}}
2025/06/03 16:05:10 Received {n3 n4 {"message":60,"type":"broadcast"}}
2025/06/03 16:05:10 Received {n1 n4 {"message":60,"type":"broadcast"}}
2025/06/03 16:05:10 Sent {"src":"n4","dest":"n1","body":{"message":60,"type":"broadcast"}}
2025/06/03 16:05:10 Received {n1 n4 {"message":61,"type":"broadcast"}}
2025/06/03 16:05:10 Sent {"src":"n4","dest":"n3","body":{"message":61,"type":"broadcast"}}
2025/06/03 16:05:11 Received {c14 n4 {"type":"broadcast","message":62,"msg_id":22}}
2025/06/03 16:05:11 Sent {"src":"n4","dest":"n1","body":{"message":62,"type":"broadcast"}}
2025/06/03 16:05:11 Sent {"src":"n4","dest":"n3","body":{"message":62,"type":"broadcast"}}
2025/06/03 16:05:11 Sent {"src":"n4","dest":"c14","body":{"in_reply_to":22,"type":"broadcast_ok"}}
2025/06/03 16:05:11 Received {n3 n4 {"message":63,"type":"broadcast"}}
2025/06/03 16:05:11 Sent {"src":"n4","dest":"n1","body":{"message":63,"type":"broadcast"}}
2025/06/03 16:05:11 Received {n1 n4 {"message":63,"type":"broadcast"}}
2025/06/03 16:05:11 Received {c14 n4 {"type":"broadcast","message":64,"msg_id":23}}
2025/06/03 16:05:11 Sent {"src":"n4","dest":"n1","body":{"message":64,"type":"broadcast"}}
2025/06/03 16:05:11 Sent {"src":"n4","dest":"n3","body":{"message":64,"type":"broadcast"}}
2025/06/03 16:05:11 Sent {"src":"n4","dest":"c14","body":{"in_reply_to":23,"type":"broadcast_ok"}}
2025/06/03 16:05:11 Received {n3 n4 {"message":65,"type":"broadcast"}}
2025/06/03 16:05:11 Received {n1 n4 {"message":65,"type":"broadcast"}}
2025/06/03 16:05:11 Sent {"src":"n4","dest":"n1","body":{"message":65,"type":"broadcast"}}
2025/06/03 16:05:12 Received {n3 n4 {"message":66,"type":"broadcast"}}
2025/06/03 16:05:12 Sent {"src":"n4","dest":"n1","body":{"message":66,"type":"broadcast"}}
2025/06/03 16:05:12 Received {n1 n4 {"message":66,"type":"broadcast"}}
2025/06/03 16:05:12 Received {c14 n4 {"type":"read","msg_id":24}}
2025/06/03 16:05:12 Sent {"src":"n4","dest":"c14","body":{"in_reply_to":24,"messages":[0,1,2,3,4,5,6,7,8,9,10,11,12,13,14,15,16,17,18,19,20,21,22,23,24,25,26,27,28,29,30,31,32,33,34,35,36,37,38,39,40,41,42,43,44,45,46,47,48,49,50,51,52,53,54,55,56,57,58,59,60,61,62,63,64,65,66],"type":"read_ok"}}
2025/06/03 16:05:12 Received {n3 n4 {"message":67,"type":"broadcast"}}
2025/06/03 16:05:12 Sent {"src":"n4","dest":"n1","body":{"message":67,"type":"broadcast"}}
2025/06/03 16:05:12 Received {n1 n4 {"message":67,"type":"broadcast"}}
2025/06/03 16:05:12 Received {n1 n4 {"message":68,"type":"broadcast"}}
2025/06/03 16:05:12 Sent {"src":"n4","dest":"n3","body":{"message":68,"type":"broadcast"}}
2025/06/03 16:05:12 Received {n1 n4 {"message":69,"type":"broadcast"}}
2025/06/03 16:05:12 Sent {"src":"n4","dest":"n3","body":{"message":69,"type":"broadcast"}}
2025/06/03 16:05:13 Received {c14 n4 {"type":"read","msg_id":25}}
2025/06/03 16:05:13 Sent {"src":"n4","dest":"c14","body":{"in_reply_to":25,"messages":[0,1,2,3,4,5,6,7,8,9,10,11,12,13,14,15,16,17,18,19,20,21,22,23,24,25,26,27,28,29,30,31,32,33,34,35,36,37,38,39,40,41,42,43,44,45,46,47,48,49,50,51,52,53,54,55,56,57,58,59,60,61,62,63,64,65,66,67,68,69],"type":"read_ok"}}
2025/06/03 16:05:13 Received {n1 n4 {"message":70,"type":"broadcast"}}
2025/06/03 16:05:13 Received {n3 n4 {"message":70,"type":"broadcast"}}
2025/06/03 16:05:13 Sent {"src":"n4","dest":"n3","body":{"message":70,"type":"broadcast"}}
2025/06/03 16:05:13 Received {n3 n4 {"message":71,"type":"broadcast"}}
2025/06/03 16:05:13 Received {n1 n4 {"message":71,"type":"broadcast"}}
2025/06/03 16:05:13 Sent {"src":"n4","dest":"n1","body":{"message":71,"type":"broadcast"}}
2025/06/03 16:05:13 Received {c14 n4 {"type":"broadcast","message":72,"msg_id":26}}
2025/06/03 16:05:13 Sent {"src":"n4","dest":"n1","body":{"message":72,"type":"broadcast"}}
2025/06/03 16:05:13 Sent {"src":"n4","dest":"n3","body":{"message":72,"type":"broadcast"}}
2025/06/03 16:05:13 Sent {"src":"n4","dest":"c14","body":{"in_reply_to":26,"type":"broadcast_ok"}}
2025/06/03 16:05:14 Received {n3 n4 {"message":73,"type":"broadcast"}}
2025/06/03 16:05:14 Received {n1 n4 {"message":73,"type":"broadcast"}}
2025/06/03 16:05:14 Sent {"src":"n4","dest":"n1","body":{"message":73,"type":"broadcast"}}
2025/06/03 16:05:14 Received {n1 n4 {"message":74,"type":"broadcast"}}
2025/06/03 16:05:14 Sent {"src":"n4","dest":"n3","body":{"message":74,"type":"broadcast"}}
2025/06/03 16:05:14 Received {c14 n4 {"type":"broadcast","message":75,"msg_id":27}}
2025/06/03 16:05:14 Sent {"src":"n4","dest":"n1","body":{"message":75,"type":"broadcast"}}
2025/06/03 16:05:14 Sent {"src":"n4","dest":"n3","body":{"message":75,"type":"broadcast"}}
2025/06/03 16:05:14 Sent {"src":"n4","dest":"c14","body":{"in_reply_to":27,"type":"broadcast_ok"}}
2025/06/03 16:05:14 Received {n3 n4 {"message":76,"type":"broadcast"}}
2025/06/03 16:05:14 Received {n1 n4 {"message":76,"type":"broadcast"}}
2025/06/03 16:05:14 Sent {"src":"n4","dest":"n1","body":{"message":76,"type":"broadcast"}}
2025/06/03 16:05:14 Received {n1 n4 {"message":77,"type":"broadcast"}}
2025/06/03 16:05:14 Received {n3 n4 {"message":77,"type":"broadcast"}}
2025/06/03 16:05:14 Sent {"src":"n4","dest":"n3","body":{"message":77,"type":"broadcast"}}
2025/06/03 16:05:14 Received {n1 n4 {"message":78,"type":"broadcast"}}
2025/06/03 16:05:14 Sent {"src":"n4","dest":"n3","body":{"message":78,"type":"broadcast"}}
2025/06/03 16:05:14 Received {c14 n4 {"type":"broadcast","message":79,"msg_id":28}}
2025/06/03 16:05:14 Sent {"src":"n4","dest":"n1","body":{"message":79,"type":"broadcast"}}
2025/06/03 16:05:14 Sent {"src":"n4","dest":"n3","body":{"message":79,"type":"broadcast"}}
2025/06/03 16:05:14 Sent {"src":"n4","dest":"c14","body":{"in_reply_to":28,"type":"broadcast_ok"}}
2025/06/03 16:05:14 Received {n3 n4 {"message":80,"type":"broadcast"}}
2025/06/03 16:05:14 Received {n1 n4 {"message":80,"type":"broadcast"}}
2025/06/03 16:05:14 Sent {"src":"n4","dest":"n1","body":{"message":80,"type":"broadcast"}}
2025/06/03 16:05:15 Received {n1 n4 {"message":81,"type":"broadcast"}}
2025/06/03 16:05:15 Sent {"src":"n4","dest":"n3","body":{"message":81,"type":"broadcast"}}
2025/06/03 16:05:15 Received {c14 n4 {"type":"broadcast","message":82,"msg_id":29}}
2025/06/03 16:05:15 Sent {"src":"n4","dest":"n1","body":{"message":82,"type":"broadcast"}}
2025/06/03 16:05:15 Sent {"src":"n4","dest":"n3","body":{"message":82,"type":"broadcast"}}
2025/06/03 16:05:15 Sent {"src":"n4","dest":"c14","body":{"in_reply_to":29,"type":"broadcast_ok"}}
2025/06/03 16:05:15 Received {n1 n4 {"message":83,"type":"broadcast"}}
2025/06/03 16:05:15 Received {n3 n4 {"message":83,"type":"broadcast"}}
2025/06/03 16:05:15 Sent {"src":"n4","dest":"n3","body":{"message":83,"type":"broadcast"}}
2025/06/03 16:05:16 Received {n3 n4 {"message":84,"type":"broadcast"}}
2025/06/03 16:05:16 Sent {"src":"n4","dest":"n1","body":{"message":84,"type":"broadcast"}}
2025/06/03 16:05:16 Received {n1 n4 {"message":84,"type":"broadcast"}}
2025/06/03 16:05:16 Received {c14 n4 {"type":"read","msg_id":30}}
2025/06/03 16:05:16 Sent {"src":"n4","dest":"c14","body":{"in_reply_to":30,"messages":[0,1,2,3,4,5,6,7,8,9,10,11,12,13,14,15,16,17,18,19,20,21,22,23,24,25,26,27,28,29,30,31,32,33,34,35,36,37,38,39,40,41,42,43,44,45,46,47,48,49,50,51,52,53,54,55,56,57,58,59,60,61,62,63,64,65,66,67,68,69,70,71,72,73,74,75,76,77,78,79,80,81,82,83,84],"type":"read_ok"}}
2025/06/03 16:05:16 Received {n1 n4 {"message":85,"type":"broadcast"}}
2025/06/03 16:05:16 Sent {"src":"n4","dest":"n3","body":{"message":85,"type":"broadcast"}}
2025/06/03 16:05:16 Received {n3 n4 {"message":85,"type":"broadcast"}}
2025/06/03 16:05:16 Received {n1 n4 {"message":86,"type":"broadcast"}}
2025/06/03 16:05:16 Sent {"src":"n4","dest":"n3","body":{"message":86,"type":"broadcast"}}
2025/06/03 16:05:16 Received {n3 n4 {"message":86,"type":"broadcast"}}
2025/06/03 16:05:16 Received {n1 n4 {"message":87,"type":"broadcast"}}
2025/06/03 16:05:16 Sent {"src":"n4","dest":"n3","body":{"message":87,"type":"broadcast"}}
2025/06/03 16:05:16 Received {n1 n4 {"message":88,"type":"broadcast"}}
2025/06/03 16:05:16 Sent {"src":"n4","dest":"n3","body":{"message":88,"type":"broadcast"}}
2025/06/03 16:05:16 Received {n3 n4 {"message":88,"type":"broadcast"}}
2025/06/03 16:05:16 Received {c14 n4 {"type":"broadcast","message":89,"msg_id":31}}
2025/06/03 16:05:16 Sent {"src":"n4","dest":"n1","body":{"message":89,"type":"broadcast"}}
2025/06/03 16:05:16 Sent {"src":"n4","dest":"n3","body":{"message":89,"type":"broadcast"}}
2025/06/03 16:05:16 Sent {"src":"n4","dest":"c14","body":{"in_reply_to":31,"type":"broadcast_ok"}}
2025/06/03 16:05:16 Received {n1 n4 {"message":90,"type":"broadcast"}}
2025/06/03 16:05:16 Sent {"src":"n4","dest":"n3","body":{"message":90,"type":"broadcast"}}
2025/06/03 16:05:16 Received {n3 n4 {"message":90,"type":"broadcast"}}
2025/06/03 16:05:17 Received {c14 n4 {"type":"broadcast","message":91,"msg_id":32}}
2025/06/03 16:05:17 Sent {"src":"n4","dest":"n1","body":{"message":91,"type":"broadcast"}}
2025/06/03 16:05:17 Sent {"src":"n4","dest":"n3","body":{"message":91,"type":"broadcast"}}
2025/06/03 16:05:17 Sent {"src":"n4","dest":"c14","body":{"in_reply_to":32,"type":"broadcast_ok"}}
2025/06/03 16:05:17 Received {n3 n4 {"message":92,"type":"broadcast"}}
2025/06/03 16:05:17 Received {n1 n4 {"message":92,"type":"broadcast"}}
2025/06/03 16:05:17 Sent {"src":"n4","dest":"n1","body":{"message":92,"type":"broadcast"}}
2025/06/03 16:05:17 Received {c14 n4 {"type":"read","msg_id":33}}
2025/06/03 16:05:17 Sent {"src":"n4","dest":"c14","body":{"in_reply_to":33,"messages":[0,1,2,3,4,5,6,7,8,9,10,11,12,13,14,15,16,17,18,19,20,21,22,23,24,25,26,27,28,29,30,31,32,33,34,35,36,37,38,39,40,41,42,43,44,45,46,47,48,49,50,51,52,53,54,55,56,57,58,59,60,61,62,63,64,65,66,67,68,69,70,71,72,73,74,75,76,77,78,79,80,81,82,83,84,85,86,87,88,89,90,91,92],"type":"read_ok"}}
2025/06/03 16:05:17 Received {n1 n4 {"message":93,"type":"broadcast"}}
2025/06/03 16:05:17 Received {n3 n4 {"message":93,"type":"broadcast"}}
2025/06/03 16:05:17 Sent {"src":"n4","dest":"n3","body":{"message":93,"type":"broadcast"}}
2025/06/03 16:05:28 Received {c14 n4 {"type":"read","msg_id":34}}
2025/06/03 16:05:28 Sent {"src":"n4","dest":"c14","body":{"in_reply_to":34,"messages":[0,1,2,3,4,5,6,7,8,9,10,11,12,13,14,15,16,17,18,19,20,21,22,23,24,25,26,27,28,29,30,31,32,33,34,35,36,37,38,39,40,41,42,43,44,45,46,47,48,49,50,51,52,53,54,55,56,57,58,59,60,61,62,63,64,65,66,67,68,69,70,71,72,73,74,75,76,77,78,79,80,81,82,83,84,85,86,87,88,89,90,91,92,93],"type":"read_ok"}}
