2025/06/30 00:39:18 Received {c3 n2 {"type":"init","node_id":"n2","node_ids":["n0","n1","n2","n3","n4"],"msg_id":1}}
2025/06/30 00:39:18 Node n2 initialized
2025/06/30 00:39:18 Sent {"src":"n2","dest":"c3","body":{"in_reply_to":1,"type":"init_ok"}}
2025/06/30 00:39:18 Received {c7 n2 {"type":"topology","topology":{"n0":["n3","n1"],"n1":["n4","n2","n0"],"n2":["n1"],"n3":["n0","n4"],"n4":["n1","n3"]},"msg_id":1}}
2025/06/30 00:39:18 Sent {"src":"n2","dest":"c7","body":{"in_reply_to":1,"type":"topology_ok"}}
2025/06/30 00:39:18 Received {c11 n2 {"type":"read","msg_id":1}}
2025/06/30 00:39:18 Sent {"src":"n2","dest":"c11","body":{"in_reply_to":1,"messages":[],"type":"read_ok"}}
2025/06/30 00:39:19 Received {c11 n2 {"type":"broadcast","message":1,"msg_id":2}}
2025/06/30 00:39:19 Sent {"src":"n2","dest":"c11","body":{"in_reply_to":2,"type":"broadcast_ok"}}
2025/06/30 00:39:19 Sent {"src":"n2","dest":"n1","body":{"messages":[1],"msg_id":1,"type":"broadcast"}}
2025/06/30 00:39:19 Received {n1 n2 {"in_reply_to":1,"type":"broadcast_ok"}}
2025/06/30 00:39:19 Sent {"src":"n2","dest":"n1","body":{"messages":[1],"msg_id":2,"type":"broadcast"}}
2025/06/30 00:39:19 Received {n1 n2 {"messages":[1],"msg_id":3,"type":"broadcast"}}
2025/06/30 00:39:19 Sent {"src":"n2","dest":"n1","body":{"in_reply_to":3,"type":"broadcast_ok"}}
2025/06/30 00:39:19 Received {n1 n2 {"in_reply_to":2,"type":"broadcast_ok"}}
2025/06/30 00:39:20 Sent {"src":"n2","dest":"n1","body":{"messages":[1],"msg_id":3,"type":"broadcast"}}
2025/06/30 00:39:20 Received {n1 n2 {"messages":[1],"msg_id":5,"type":"broadcast"}}
2025/06/30 00:39:20 Sent {"src":"n2","dest":"n1","body":{"in_reply_to":5,"type":"broadcast_ok"}}
2025/06/30 00:39:20 Received {n1 n2 {"in_reply_to":3,"type":"broadcast_ok"}}
2025/06/30 00:39:20 Received {c11 n2 {"type":"read","msg_id":3}}
2025/06/30 00:39:20 Sent {"src":"n2","dest":"c11","body":{"in_reply_to":3,"messages":[1],"type":"read_ok"}}
2025/06/30 00:39:20 Sent {"src":"n2","dest":"n1","body":{"messages":[1],"msg_id":4,"type":"broadcast"}}
2025/06/30 00:39:20 Received {n1 n2 {"messages":[1,2,3,4],"msg_id":8,"type":"broadcast"}}
2025/06/30 00:39:20 Sent {"src":"n2","dest":"n1","body":{"in_reply_to":8,"type":"broadcast_ok"}}
2025/06/30 00:39:20 Received {n1 n2 {"in_reply_to":4,"type":"broadcast_ok"}}
2025/06/30 00:39:21 Received {c11 n2 {"type":"read","msg_id":4}}
2025/06/30 00:39:21 Sent {"src":"n2","dest":"c11","body":{"in_reply_to":4,"messages":[1,2,3,4],"type":"read_ok"}}
2025/06/30 00:39:21 Sent {"src":"n2","dest":"n1","body":{"messages":[1,2,3,4],"msg_id":5,"type":"broadcast"}}
2025/06/30 00:39:21 Received {n1 n2 {"messages":[1,2,3,4,6],"msg_id":12,"type":"broadcast"}}
2025/06/30 00:39:21 Sent {"src":"n2","dest":"n1","body":{"in_reply_to":12,"type":"broadcast_ok"}}
2025/06/30 00:39:21 Received {n1 n2 {"in_reply_to":5,"type":"broadcast_ok"}}
2025/06/30 00:39:21 Sent {"src":"n2","dest":"n1","body":{"messages":[1,2,3,4,6],"msg_id":6,"type":"broadcast"}}
2025/06/30 00:39:21 Received {n1 n2 {"messages":[1,2,3,4,6],"msg_id":13,"type":"broadcast"}}
2025/06/30 00:39:21 Sent {"src":"n2","dest":"n1","body":{"in_reply_to":13,"type":"broadcast_ok"}}
2025/06/30 00:39:21 Received {n1 n2 {"in_reply_to":6,"type":"broadcast_ok"}}
2025/06/30 00:39:21 Sent {"src":"n2","dest":"n1","body":{"messages":[1,2,3,4,6],"msg_id":7,"type":"broadcast"}}
2025/06/30 00:39:21 Received {n1 n2 {"messages":[1,2,3,4,6,8],"msg_id":18,"type":"broadcast"}}
2025/06/30 00:39:21 Sent {"src":"n2","dest":"n1","body":{"in_reply_to":18,"type":"broadcast_ok"}}
2025/06/30 00:39:21 Received {n1 n2 {"in_reply_to":7,"type":"broadcast_ok"}}
2025/06/30 00:39:22 Received {c11 n2 {"type":"broadcast","message":11,"msg_id":5}}
2025/06/30 00:39:22 Sent {"src":"n2","dest":"c11","body":{"in_reply_to":5,"type":"broadcast_ok"}}
2025/06/30 00:39:22 Sent {"src":"n2","dest":"n1","body":{"messages":[1,2,3,4,6,8,11],"msg_id":8,"type":"broadcast"}}
2025/06/30 00:39:22 Received {n1 n2 {"messages":[1,2,3,4,6,8,0,5,10,7],"msg_id":21,"type":"broadcast"}}
2025/06/30 00:39:22 Sent {"src":"n2","dest":"n1","body":{"in_reply_to":21,"type":"broadcast_ok"}}
2025/06/30 00:39:22 Received {n1 n2 {"in_reply_to":8,"type":"broadcast_ok"}}
2025/06/30 00:39:22 Received {c11 n2 {"type":"broadcast","message":16,"msg_id":6}}
2025/06/30 00:39:22 Sent {"src":"n2","dest":"c11","body":{"in_reply_to":6,"type":"broadcast_ok"}}
2025/06/30 00:39:22 Sent {"src":"n2","dest":"n1","body":{"messages":[1,2,3,4,6,8,11,0,5,10,7,16],"msg_id":9,"type":"broadcast"}}
2025/06/30 00:39:22 Received {n1 n2 {"messages":[1,2,3,4,6,8,0,5,10,7,9,11,15],"msg_id":24,"type":"broadcast"}}
2025/06/30 00:39:22 Sent {"src":"n2","dest":"n1","body":{"in_reply_to":24,"type":"broadcast_ok"}}
2025/06/30 00:39:22 Received {n1 n2 {"in_reply_to":9,"type":"broadcast_ok"}}
2025/06/30 00:39:23 Sent {"src":"n2","dest":"n1","body":{"messages":[1,2,3,4,6,8,11,0,5,10,7,16,9,15],"msg_id":10,"type":"broadcast"}}
2025/06/30 00:39:23 Received {n1 n2 {"messages":[1,2,3,4,6,8,0,5,10,7,9,11,15,16,12,13,14],"msg_id":26,"type":"broadcast"}}
2025/06/30 00:39:23 Sent {"src":"n2","dest":"n1","body":{"in_reply_to":26,"type":"broadcast_ok"}}
2025/06/30 00:39:23 Received {n1 n2 {"in_reply_to":10,"type":"broadcast_ok"}}
2025/06/30 00:39:23 Received {c11 n2 {"type":"read","msg_id":7}}
2025/06/30 00:39:23 Sent {"src":"n2","dest":"c11","body":{"in_reply_to":7,"messages":[1,2,3,4,6,8,11,0,5,10,7,16,9,15,12,13,14],"type":"read_ok"}}
2025/06/30 00:39:23 Sent {"src":"n2","dest":"n1","body":{"messages":[1,2,3,4,6,8,11,0,5,10,7,16,9,15,12,13,14],"msg_id":11,"type":"broadcast"}}
2025/06/30 00:39:23 Received {n1 n2 {"messages":[1,2,3,4,6,8,0,5,10,7,9,11,15,16,12,13,14,18,19,20],"msg_id":30,"type":"broadcast"}}
2025/06/30 00:39:23 Sent {"src":"n2","dest":"n1","body":{"in_reply_to":30,"type":"broadcast_ok"}}
2025/06/30 00:39:23 Received {n1 n2 {"in_reply_to":11,"type":"broadcast_ok"}}
2025/06/30 00:39:23 Sent {"src":"n2","dest":"n1","body":{"messages":[1,2,3,4,6,8,11,0,5,10,7,16,9,15,12,13,14,18,19,20],"msg_id":12,"type":"broadcast"}}
2025/06/30 00:39:23 Received {n1 n2 {"messages":[1,2,3,4,6,8,0,5,10,7,9,11,15,16,12,13,14,18,19,20,17],"msg_id":33,"type":"broadcast"}}
2025/06/30 00:39:23 Sent {"src":"n2","dest":"n1","body":{"in_reply_to":33,"type":"broadcast_ok"}}
2025/06/30 00:39:23 Received {n1 n2 {"in_reply_to":12,"type":"broadcast_ok"}}
2025/06/30 00:39:24 Received {c11 n2 {"type":"read","msg_id":8}}
2025/06/30 00:39:24 Sent {"src":"n2","dest":"c11","body":{"in_reply_to":8,"messages":[1,2,3,4,6,8,11,0,5,10,7,16,9,15,12,13,14,18,19,20,17],"type":"read_ok"}}
2025/06/30 00:39:24 Sent {"src":"n2","dest":"n1","body":{"messages":[1,2,3,4,6,8,11,0,5,10,7,16,9,15,12,13,14,18,19,20,17],"msg_id":13,"type":"broadcast"}}
2025/06/30 00:39:24 Received {n1 n2 {"messages":[1,2,3,4,6,8,0,5,10,7,9,11,15,16,12,13,14,18,19,20,17,22,21],"msg_id":34,"type":"broadcast"}}
2025/06/30 00:39:24 Sent {"src":"n2","dest":"n1","body":{"in_reply_to":34,"type":"broadcast_ok"}}
2025/06/30 00:39:24 Received {n1 n2 {"in_reply_to":13,"type":"broadcast_ok"}}
2025/06/30 00:39:24 Sent {"src":"n2","dest":"n1","body":{"messages":[1,2,3,4,6,8,11,0,5,10,7,16,9,15,12,13,14,18,19,20,17,22,21],"msg_id":14,"type":"broadcast"}}
2025/06/30 00:39:24 Received {n1 n2 {"messages":[1,2,3,4,6,8,0,5,10,7,9,11,15,16,12,13,14,18,19,20,17,22,21,23],"msg_id":38,"type":"broadcast"}}
2025/06/30 00:39:24 Received {n1 n2 {"in_reply_to":14,"type":"broadcast_ok"}}
2025/06/30 00:39:24 Sent {"src":"n2","dest":"n1","body":{"in_reply_to":38,"type":"broadcast_ok"}}
2025/06/30 00:39:24 Received {c11 n2 {"type":"read","msg_id":9}}
2025/06/30 00:39:24 Sent {"src":"n2","dest":"c11","body":{"in_reply_to":9,"messages":[1,2,3,4,6,8,11,0,5,10,7,16,9,15,12,13,14,18,19,20,17,22,21,23],"type":"read_ok"}}
2025/06/30 00:39:25 Sent {"src":"n2","dest":"n1","body":{"messages":[1,2,3,4,6,8,11,0,5,10,7,16,9,15,12,13,14,18,19,20,17,22,21,23],"msg_id":15,"type":"broadcast"}}
2025/06/30 00:39:25 Received {n1 n2 {"messages":[1,2,3,4,6,8,0,5,10,7,9,11,15,16,12,13,14,18,19,20,17,22,21,23,24,25],"msg_id":41,"type":"broadcast"}}
2025/06/30 00:39:25 Sent {"src":"n2","dest":"n1","body":{"in_reply_to":41,"type":"broadcast_ok"}}
2025/06/30 00:39:25 Received {n1 n2 {"in_reply_to":15,"type":"broadcast_ok"}}
2025/06/30 00:39:25 Received {c11 n2 {"type":"read","msg_id":10}}
2025/06/30 00:39:25 Sent {"src":"n2","dest":"c11","body":{"in_reply_to":10,"messages":[1,2,3,4,6,8,11,0,5,10,7,16,9,15,12,13,14,18,19,20,17,22,21,23,24,25],"type":"read_ok"}}
2025/06/30 00:39:25 Sent {"src":"n2","dest":"n1","body":{"messages":[1,2,3,4,6,8,11,0,5,10,7,16,9,15,12,13,14,18,19,20,17,22,21,23,24,25],"msg_id":16,"type":"broadcast"}}
2025/06/30 00:39:25 Received {n1 n2 {"messages":[1,2,3,4,6,8,0,5,10,7,9,11,15,16,12,13,14,18,19,20,17,22,21,23,24,25,27,28],"msg_id":45,"type":"broadcast"}}
2025/06/30 00:39:25 Sent {"src":"n2","dest":"n1","body":{"in_reply_to":45,"type":"broadcast_ok"}}
2025/06/30 00:39:25 Received {n1 n2 {"in_reply_to":16,"type":"broadcast_ok"}}
2025/06/30 00:39:25 Received {c11 n2 {"type":"read","msg_id":11}}
2025/06/30 00:39:25 Sent {"src":"n2","dest":"c11","body":{"in_reply_to":11,"messages":[1,2,3,4,6,8,11,0,5,10,7,16,9,15,12,13,14,18,19,20,17,22,21,23,24,25,27,28],"type":"read_ok"}}
2025/06/30 00:39:25 Sent {"src":"n2","dest":"n1","body":{"messages":[1,2,3,4,6,8,11,0,5,10,7,16,9,15,12,13,14,18,19,20,17,22,21,23,24,25,27,28],"msg_id":17,"type":"broadcast"}}
2025/06/30 00:39:25 Received {n1 n2 {"messages":[1,2,3,4,6,8,0,5,10,7,9,11,15,16,12,13,14,18,19,20,17,22,21,23,24,25,27,28,26],"msg_id":48,"type":"broadcast"}}
2025/06/30 00:39:25 Sent {"src":"n2","dest":"n1","body":{"in_reply_to":48,"type":"broadcast_ok"}}
2025/06/30 00:39:25 Received {n1 n2 {"in_reply_to":17,"type":"broadcast_ok"}}
2025/06/30 00:39:26 Sent {"src":"n2","dest":"n1","body":{"messages":[1,2,3,4,6,8,11,0,5,10,7,16,9,15,12,13,14,18,19,20,17,22,21,23,24,25,27,28,26],"msg_id":18,"type":"broadcast"}}
2025/06/30 00:39:26 Received {n1 n2 {"messages":[1,2,3,4,6,8,0,5,10,7,9,11,15,16,12,13,14,18,19,20,17,22,21,23,24,25,27,28,26,29,30],"msg_id":50,"type":"broadcast"}}
2025/06/30 00:39:26 Sent {"src":"n2","dest":"n1","body":{"in_reply_to":50,"type":"broadcast_ok"}}
2025/06/30 00:39:26 Received {n1 n2 {"in_reply_to":18,"type":"broadcast_ok"}}
2025/06/30 00:39:26 Received {c11 n2 {"type":"read","msg_id":12}}
2025/06/30 00:39:26 Sent {"src":"n2","dest":"c11","body":{"in_reply_to":12,"messages":[1,2,3,4,6,8,11,0,5,10,7,16,9,15,12,13,14,18,19,20,17,22,21,23,24,25,27,28,26,29,30],"type":"read_ok"}}
2025/06/30 00:39:26 Sent {"src":"n2","dest":"n1","body":{"messages":[1,2,3,4,6,8,11,0,5,10,7,16,9,15,12,13,14,18,19,20,17,22,21,23,24,25,27,28,26,29,30],"msg_id":19,"type":"broadcast"}}
2025/06/30 00:39:26 Received {n1 n2 {"messages":[1,2,3,4,6,8,0,5,10,7,9,11,15,16,12,13,14,18,19,20,17,22,21,23,24,25,27,28,26,29,30,31],"msg_id":52,"type":"broadcast"}}
2025/06/30 00:39:26 Sent {"src":"n2","dest":"n1","body":{"in_reply_to":52,"type":"broadcast_ok"}}
2025/06/30 00:39:26 Received {n1 n2 {"in_reply_to":19,"type":"broadcast_ok"}}
2025/06/30 00:39:27 Received {c11 n2 {"type":"read","msg_id":13}}
2025/06/30 00:39:27 Sent {"src":"n2","dest":"c11","body":{"in_reply_to":13,"messages":[1,2,3,4,6,8,11,0,5,10,7,16,9,15,12,13,14,18,19,20,17,22,21,23,24,25,27,28,26,29,30,31],"type":"read_ok"}}
2025/06/30 00:39:27 Sent {"src":"n2","dest":"n1","body":{"messages":[1,2,3,4,6,8,11,0,5,10,7,16,9,15,12,13,14,18,19,20,17,22,21,23,24,25,27,28,26,29,30,31],"msg_id":20,"type":"broadcast"}}
2025/06/30 00:39:27 Received {n1 n2 {"messages":[1,2,3,4,6,8,0,5,10,7,9,11,15,16,12,13,14,18,19,20,17,22,21,23,24,25,27,28,26,29,30,31,33,35],"msg_id":57,"type":"broadcast"}}
2025/06/30 00:39:27 Sent {"src":"n2","dest":"n1","body":{"in_reply_to":57,"type":"broadcast_ok"}}
2025/06/30 00:39:27 Received {n1 n2 {"in_reply_to":20,"type":"broadcast_ok"}}
2025/06/30 00:39:27 Received {c11 n2 {"type":"broadcast","message":39,"msg_id":14}}
2025/06/30 00:39:27 Sent {"src":"n2","dest":"c11","body":{"in_reply_to":14,"type":"broadcast_ok"}}
2025/06/30 00:39:27 Sent {"src":"n2","dest":"n1","body":{"messages":[1,2,3,4,6,8,11,0,5,10,7,16,9,15,12,13,14,18,19,20,17,22,21,23,24,25,27,28,26,29,30,31,33,35,39],"msg_id":21,"type":"broadcast"}}
2025/06/30 00:39:27 Received {n1 n2 {"messages":[1,2,3,4,6,8,0,5,10,7,9,11,15,16,12,13,14,18,19,20,17,22,21,23,24,25,27,28,26,29,30,31,33,35,32,36,34],"msg_id":60,"type":"broadcast"}}
2025/06/30 00:39:27 Sent {"src":"n2","dest":"n1","body":{"in_reply_to":60,"type":"broadcast_ok"}}
2025/06/30 00:39:27 Received {n1 n2 {"in_reply_to":21,"type":"broadcast_ok"}}
2025/06/30 00:39:27 Sent {"src":"n2","dest":"n1","body":{"messages":[1,2,3,4,6,8,11,0,5,10,7,16,9,15,12,13,14,18,19,20,17,22,21,23,24,25,27,28,26,29,30,31,33,35,39,32,36,34],"msg_id":22,"type":"broadcast"}}
2025/06/30 00:39:27 Received {n1 n2 {"messages":[1,2,3,4,6,8,0,5,10,7,9,11,15,16,12,13,14,18,19,20,17,22,21,23,24,25,27,28,26,29,30,31,33,35,32,36,34,39,37,38],"msg_id":61,"type":"broadcast"}}
2025/06/30 00:39:27 Sent {"src":"n2","dest":"n1","body":{"in_reply_to":61,"type":"broadcast_ok"}}
2025/06/30 00:39:27 Received {n1 n2 {"in_reply_to":22,"type":"broadcast_ok"}}
2025/06/30 00:39:28 Received {c11 n2 {"type":"broadcast","message":41,"msg_id":15}}
2025/06/30 00:39:28 Sent {"src":"n2","dest":"c11","body":{"in_reply_to":15,"type":"broadcast_ok"}}
2025/06/30 00:39:28 Sent {"src":"n2","dest":"n1","body":{"messages":[1,2,3,4,6,8,11,0,5,10,7,16,9,15,12,13,14,18,19,20,17,22,21,23,24,25,27,28,26,29,30,31,33,35,39,32,36,34,37,38,41],"msg_id":23,"type":"broadcast"}}
2025/06/30 00:39:28 Received {n1 n2 {"messages":[1,2,3,4,6,8,0,5,10,7,9,11,15,16,12,13,14,18,19,20,17,22,21,23,24,25,27,28,26,29,30,31,33,35,32,36,34,39,37,38,40],"msg_id":66,"type":"broadcast"}}
2025/06/30 00:39:28 Sent {"src":"n2","dest":"n1","body":{"in_reply_to":66,"type":"broadcast_ok"}}
2025/06/30 00:39:28 Received {n1 n2 {"in_reply_to":23,"type":"broadcast_ok"}}
2025/06/30 00:39:28 Received {c11 n2 {"type":"broadcast","message":47,"msg_id":16}}
2025/06/30 00:39:28 Sent {"src":"n2","dest":"c11","body":{"in_reply_to":16,"type":"broadcast_ok"}}
2025/06/30 00:39:28 Sent {"src":"n2","dest":"n1","body":{"messages":[1,2,3,4,6,8,11,0,5,10,7,16,9,15,12,13,14,18,19,20,17,22,21,23,24,25,27,28,26,29,30,31,33,35,39,32,36,34,37,38,41,40,47],"msg_id":24,"type":"broadcast"}}
2025/06/30 00:39:28 Received {n1 n2 {"messages":[1,2,3,4,6,8,0,5,10,7,9,11,15,16,12,13,14,18,19,20,17,22,21,23,24,25,27,28,26,29,30,31,33,35,32,36,34,39,37,38,40,41,43,46],"msg_id":69,"type":"broadcast"}}
2025/06/30 00:39:28 Sent {"src":"n2","dest":"n1","body":{"in_reply_to":69,"type":"broadcast_ok"}}
2025/06/30 00:39:28 Received {n1 n2 {"in_reply_to":24,"type":"broadcast_ok"}}
2025/06/30 00:39:29 Sent {"src":"n2","dest":"n1","body":{"messages":[1,2,3,4,6,8,11,0,5,10,7,16,9,15,12,13,14,18,19,20,17,22,21,23,24,25,27,28,26,29,30,31,33,35,39,32,36,34,37,38,41,40,47,43,46],"msg_id":25,"type":"broadcast"}}
2025/06/30 00:39:29 Received {n1 n2 {"messages":[1,2,3,4,6,8,0,5,10,7,9,11,15,16,12,13,14,18,19,20,17,22,21,23,24,25,27,28,26,29,30,31,33,35,32,36,34,39,37,38,40,41,43,46,47,44,45,49],"msg_id":71,"type":"broadcast"}}
2025/06/30 00:39:29 Sent {"src":"n2","dest":"n1","body":{"in_reply_to":71,"type":"broadcast_ok"}}
2025/06/30 00:39:29 Received {n1 n2 {"in_reply_to":25,"type":"broadcast_ok"}}
2025/06/30 00:39:29 Received {c11 n2 {"type":"read","msg_id":17}}
2025/06/30 00:39:29 Sent {"src":"n2","dest":"c11","body":{"in_reply_to":17,"messages":[1,2,3,4,6,8,11,0,5,10,7,16,9,15,12,13,14,18,19,20,17,22,21,23,24,25,27,28,26,29,30,31,33,35,39,32,36,34,37,38,41,40,47,43,46,44,45,49],"type":"read_ok"}}
2025/06/30 00:39:29 Sent {"src":"n2","dest":"n1","body":{"messages":[1,2,3,4,6,8,11,0,5,10,7,16,9,15,12,13,14,18,19,20,17,22,21,23,24,25,27,28,26,29,30,31,33,35,39,32,36,34,37,38,41,40,47,43,46,44,45,49],"msg_id":26,"type":"broadcast"}}
2025/06/30 00:39:29 Received {n1 n2 {"messages":[1,2,3,4,6,8,0,5,10,7,9,11,15,16,12,13,14,18,19,20,17,22,21,23,24,25,27,28,26,29,30,31,33,35,32,36,34,39,37,38,40,41,43,46,47,44,45,49,48],"msg_id":75,"type":"broadcast"}}
2025/06/30 00:39:29 Sent {"src":"n2","dest":"n1","body":{"in_reply_to":75,"type":"broadcast_ok"}}
2025/06/30 00:39:29 Received {n1 n2 {"in_reply_to":26,"type":"broadcast_ok"}}
2025/06/30 00:39:29 Sent {"src":"n2","dest":"n1","body":{"messages":[1,2,3,4,6,8,11,0,5,10,7,16,9,15,12,13,14,18,19,20,17,22,21,23,24,25,27,28,26,29,30,31,33,35,39,32,36,34,37,38,41,40,47,43,46,44,45,49,48],"msg_id":27,"type":"broadcast"}}
2025/06/30 00:39:29 Received {n1 n2 {"messages":[1,2,3,4,6,8,0,5,10,7,9,11,15,16,12,13,14,18,19,20,17,22,21,23,24,25,27,28,26,29,30,31,33,35,32,36,34,39,37,38,40,41,43,46,47,44,45,49,48],"msg_id":78,"type":"broadcast"}}
2025/06/30 00:39:29 Sent {"src":"n2","dest":"n1","body":{"in_reply_to":78,"type":"broadcast_ok"}}
2025/06/30 00:39:29 Received {n1 n2 {"in_reply_to":27,"type":"broadcast_ok"}}
2025/06/30 00:39:30 Received {c11 n2 {"type":"broadcast","message":54,"msg_id":18}}
2025/06/30 00:39:30 Sent {"src":"n2","dest":"c11","body":{"in_reply_to":18,"type":"broadcast_ok"}}
2025/06/30 00:39:30 Sent {"src":"n2","dest":"n1","body":{"messages":[1,2,3,4,6,8,11,0,5,10,7,16,9,15,12,13,14,18,19,20,17,22,21,23,24,25,27,28,26,29,30,31,33,35,39,32,36,34,37,38,41,40,47,43,46,44,45,49,48,54],"msg_id":28,"type":"broadcast"}}
2025/06/30 00:39:30 Received {n1 n2 {"messages":[1,2,3,4,6,8,0,5,10,7,9,11,15,16,12,13,14,18,19,20,17,22,21,23,24,25,27,28,26,29,30,31,33,35,32,36,34,39,37,38,40,41,43,46,47,44,45,49,48,51,52,53],"msg_id":81,"type":"broadcast"}}
2025/06/30 00:39:30 Sent {"src":"n2","dest":"n1","body":{"in_reply_to":81,"type":"broadcast_ok"}}
2025/06/30 00:39:30 Received {n1 n2 {"in_reply_to":28,"type":"broadcast_ok"}}
2025/06/30 00:39:30 Received {c11 n2 {"type":"read","msg_id":19}}
2025/06/30 00:39:30 Sent {"src":"n2","dest":"c11","body":{"in_reply_to":19,"messages":[1,2,3,4,6,8,11,0,5,10,7,16,9,15,12,13,14,18,19,20,17,22,21,23,24,25,27,28,26,29,30,31,33,35,39,32,36,34,37,38,41,40,47,43,46,44,45,49,48,54,51,52,53],"type":"read_ok"}}
2025/06/30 00:39:30 Sent {"src":"n2","dest":"n1","body":{"messages":[1,2,3,4,6,8,11,0,5,10,7,16,9,15,12,13,14,18,19,20,17,22,21,23,24,25,27,28,26,29,30,31,33,35,39,32,36,34,37,38,41,40,47,43,46,44,45,49,48,54,51,52,53],"msg_id":29,"type":"broadcast"}}
2025/06/30 00:39:30 Received {n1 n2 {"messages":[1,2,3,4,6,8,0,5,10,7,9,11,15,16,12,13,14,18,19,20,17,22,21,23,24,25,27,28,26,29,30,31,33,35,32,36,34,39,37,38,40,41,43,46,47,44,45,49,48,51,52,53,56,54,58],"msg_id":82,"type":"broadcast"}}
2025/06/30 00:39:30 Sent {"src":"n2","dest":"n1","body":{"in_reply_to":82,"type":"broadcast_ok"}}
2025/06/30 00:39:30 Received {n1 n2 {"in_reply_to":29,"type":"broadcast_ok"}}
2025/06/30 00:39:31 Received {c11 n2 {"type":"read","msg_id":20}}
2025/06/30 00:39:31 Sent {"src":"n2","dest":"c11","body":{"in_reply_to":20,"messages":[1,2,3,4,6,8,11,0,5,10,7,16,9,15,12,13,14,18,19,20,17,22,21,23,24,25,27,28,26,29,30,31,33,35,39,32,36,34,37,38,41,40,47,43,46,44,45,49,48,54,51,52,53,56,58],"type":"read_ok"}}
2025/06/30 00:39:31 Sent {"src":"n2","dest":"n1","body":{"messages":[1,2,3,4,6,8,11,0,5,10,7,16,9,15,12,13,14,18,19,20,17,22,21,23,24,25,27,28,26,29,30,31,33,35,39,32,36,34,37,38,41,40,47,43,46,44,45,49,48,54,51,52,53,56,58],"msg_id":30,"type":"broadcast"}}
2025/06/30 00:39:31 Received {n1 n2 {"messages":[1,2,3,4,6,8,0,5,10,7,9,11,15,16,12,13,14,18,19,20,17,22,21,23,24,25,27,28,26,29,30,31,33,35,32,36,34,39,37,38,40,41,43,46,47,44,45,49,48,51,52,53,56,54,58,42,50,55,59,57,61],"msg_id":87,"type":"broadcast"}}
2025/06/30 00:39:31 Sent {"src":"n2","dest":"n1","body":{"in_reply_to":87,"type":"broadcast_ok"}}
2025/06/30 00:39:31 Received {n1 n2 {"in_reply_to":30,"type":"broadcast_ok"}}
2025/06/30 00:39:31 Sent {"src":"n2","dest":"n1","body":{"messages":[1,2,3,4,6,8,11,0,5,10,7,16,9,15,12,13,14,18,19,20,17,22,21,23,24,25,27,28,26,29,30,31,33,35,39,32,36,34,37,38,41,40,47,43,46,44,45,49,48,54,51,52,53,56,58,42,50,55,59,57,61],"msg_id":31,"type":"broadcast"}}
2025/06/30 00:39:31 Received {n1 n2 {"messages":[1,2,3,4,6,8,0,5,10,7,9,11,15,16,12,13,14,18,19,20,17,22,21,23,24,25,27,28,26,29,30,31,33,35,32,36,34,39,37,38,40,41,43,46,47,44,45,49,48,51,52,53,56,54,58,42,50,55,59,57,61,60],"msg_id":89,"type":"broadcast"}}
2025/06/30 00:39:31 Sent {"src":"n2","dest":"n1","body":{"in_reply_to":89,"type":"broadcast_ok"}}
2025/06/30 00:39:31 Received {n1 n2 {"in_reply_to":31,"type":"broadcast_ok"}}
2025/06/30 00:39:31 Sent {"src":"n2","dest":"n1","body":{"messages":[1,2,3,4,6,8,11,0,5,10,7,16,9,15,12,13,14,18,19,20,17,22,21,23,24,25,27,28,26,29,30,31,33,35,39,32,36,34,37,38,41,40,47,43,46,44,45,49,48,54,51,52,53,56,58,42,50,55,59,57,61,60],"msg_id":32,"type":"broadcast"}}
2025/06/30 00:39:31 Received {n1 n2 {"messages":[1,2,3,4,6,8,0,5,10,7,9,11,15,16,12,13,14,18,19,20,17,22,21,23,24,25,27,28,26,29,30,31,33,35,32,36,34,39,37,38,40,41,43,46,47,44,45,49,48,51,52,53,56,54,58,42,50,55,59,57,61,60],"msg_id":91,"type":"broadcast"}}
2025/06/30 00:39:31 Sent {"src":"n2","dest":"n1","body":{"in_reply_to":91,"type":"broadcast_ok"}}
2025/06/30 00:39:31 Received {n1 n2 {"in_reply_to":32,"type":"broadcast_ok"}}
2025/06/30 00:39:32 Received {c11 n2 {"type":"broadcast","message":62,"msg_id":21}}
2025/06/30 00:39:32 Sent {"src":"n2","dest":"c11","body":{"in_reply_to":21,"type":"broadcast_ok"}}
2025/06/30 00:39:32 Sent {"src":"n2","dest":"n1","body":{"messages":[1,2,3,4,6,8,11,0,5,10,7,16,9,15,12,13,14,18,19,20,17,22,21,23,24,25,27,28,26,29,30,31,33,35,39,32,36,34,37,38,41,40,47,43,46,44,45,49,48,54,51,52,53,56,58,42,50,55,59,57,61,60,62],"msg_id":33,"type":"broadcast"}}
2025/06/30 00:39:32 Received {n1 n2 {"messages":[1,2,3,4,6,8,0,5,10,7,9,11,15,16,12,13,14,18,19,20,17,22,21,23,24,25,27,28,26,29,30,31,33,35,32,36,34,39,37,38,40,41,43,46,47,44,45,49,48,51,52,53,56,54,58,42,50,55,59,57,61,60],"msg_id":96,"type":"broadcast"}}
2025/06/30 00:39:32 Sent {"src":"n2","dest":"n1","body":{"in_reply_to":96,"type":"broadcast_ok"}}
2025/06/30 00:39:32 Received {n1 n2 {"in_reply_to":33,"type":"broadcast_ok"}}
2025/06/30 00:39:32 Received {c11 n2 {"type":"broadcast","message":65,"msg_id":22}}
2025/06/30 00:39:32 Sent {"src":"n2","dest":"c11","body":{"in_reply_to":22,"type":"broadcast_ok"}}
2025/06/30 00:39:32 Sent {"src":"n2","dest":"n1","body":{"messages":[1,2,3,4,6,8,11,0,5,10,7,16,9,15,12,13,14,18,19,20,17,22,21,23,24,25,27,28,26,29,30,31,33,35,39,32,36,34,37,38,41,40,47,43,46,44,45,49,48,54,51,52,53,56,58,42,50,55,59,57,61,60,62,65],"msg_id":34,"type":"broadcast"}}
2025/06/30 00:39:32 Received {n1 n2 {"messages":[1,2,3,4,6,8,0,5,10,7,9,11,15,16,12,13,14,18,19,20,17,22,21,23,24,25,27,28,26,29,30,31,33,35,32,36,34,39,37,38,40,41,43,46,47,44,45,49,48,51,52,53,56,54,58,42,50,55,59,57,61,60,62],"msg_id":99,"type":"broadcast"}}
2025/06/30 00:39:32 Sent {"src":"n2","dest":"n1","body":{"in_reply_to":99,"type":"broadcast_ok"}}
2025/06/30 00:39:32 Received {n1 n2 {"in_reply_to":34,"type":"broadcast_ok"}}
2025/06/30 00:39:33 Received {c11 n2 {"type":"read","msg_id":23}}
2025/06/30 00:39:33 Sent {"src":"n2","dest":"c11","body":{"in_reply_to":23,"messages":[1,2,3,4,6,8,11,0,5,10,7,16,9,15,12,13,14,18,19,20,17,22,21,23,24,25,27,28,26,29,30,31,33,35,39,32,36,34,37,38,41,40,47,43,46,44,45,49,48,54,51,52,53,56,58,42,50,55,59,57,61,60,62,65],"type":"read_ok"}}
2025/06/30 00:39:33 Sent {"src":"n2","dest":"n1","body":{"messages":[1,2,3,4,6,8,11,0,5,10,7,16,9,15,12,13,14,18,19,20,17,22,21,23,24,25,27,28,26,29,30,31,33,35,39,32,36,34,37,38,41,40,47,43,46,44,45,49,48,54,51,52,53,56,58,42,50,55,59,57,61,60,62,65],"msg_id":35,"type":"broadcast"}}
2025/06/30 00:39:33 Received {n1 n2 {"messages":[1,2,3,4,6,8,0,5,10,7,9,11,15,16,12,13,14,18,19,20,17,22,21,23,24,25,27,28,26,29,30,31,33,35,32,36,34,39,37,38,40,41,43,46,47,44,45,49,48,51,52,53,56,54,58,42,50,55,59,57,61,60,62,65,63,64,67],"msg_id":102,"type":"broadcast"}}
2025/06/30 00:39:33 Sent {"src":"n2","dest":"n1","body":{"in_reply_to":102,"type":"broadcast_ok"}}
2025/06/30 00:39:33 Received {n1 n2 {"in_reply_to":35,"type":"broadcast_ok"}}
2025/06/30 00:39:33 Received {c11 n2 {"type":"read","msg_id":24}}
2025/06/30 00:39:33 Sent {"src":"n2","dest":"c11","body":{"in_reply_to":24,"messages":[1,2,3,4,6,8,11,0,5,10,7,16,9,15,12,13,14,18,19,20,17,22,21,23,24,25,27,28,26,29,30,31,33,35,39,32,36,34,37,38,41,40,47,43,46,44,45,49,48,54,51,52,53,56,58,42,50,55,59,57,61,60,62,65,63,64,67],"type":"read_ok"}}
2025/06/30 00:39:33 Sent {"src":"n2","dest":"n1","body":{"messages":[1,2,3,4,6,8,11,0,5,10,7,16,9,15,12,13,14,18,19,20,17,22,21,23,24,25,27,28,26,29,30,31,33,35,39,32,36,34,37,38,41,40,47,43,46,44,45,49,48,54,51,52,53,56,58,42,50,55,59,57,61,60,62,65,63,64,67],"msg_id":36,"type":"broadcast"}}
2025/06/30 00:39:33 Received {n1 n2 {"messages":[1,2,3,4,6,8,0,5,10,7,9,11,15,16,12,13,14,18,19,20,17,22,21,23,24,25,27,28,26,29,30,31,33,35,32,36,34,39,37,38,40,41,43,46,47,44,45,49,48,51,52,53,56,54,58,42,50,55,59,57,61,60,62,65,63,64,67,66,68,69,70],"msg_id":105,"type":"broadcast"}}
2025/06/30 00:39:33 Sent {"src":"n2","dest":"n1","body":{"in_reply_to":105,"type":"broadcast_ok"}}
2025/06/30 00:39:33 Received {n1 n2 {"in_reply_to":36,"type":"broadcast_ok"}}
2025/06/30 00:39:33 Sent {"src":"n2","dest":"n1","body":{"messages":[1,2,3,4,6,8,11,0,5,10,7,16,9,15,12,13,14,18,19,20,17,22,21,23,24,25,27,28,26,29,30,31,33,35,39,32,36,34,37,38,41,40,47,43,46,44,45,49,48,54,51,52,53,56,58,42,50,55,59,57,61,60,62,65,63,64,67,66,68,69,70],"msg_id":37,"type":"broadcast"}}
2025/06/30 00:39:33 Received {n1 n2 {"messages":[1,2,3,4,6,8,0,5,10,7,9,11,15,16,12,13,14,18,19,20,17,22,21,23,24,25,27,28,26,29,30,31,33,35,32,36,34,39,37,38,40,41,43,46,47,44,45,49,48,51,52,53,56,54,58,42,50,55,59,57,61,60,62,65,63,64,67,66,68,69,70,73],"msg_id":108,"type":"broadcast"}}
2025/06/30 00:39:33 Sent {"src":"n2","dest":"n1","body":{"in_reply_to":108,"type":"broadcast_ok"}}
2025/06/30 00:39:33 Received {n1 n2 {"in_reply_to":37,"type":"broadcast_ok"}}
2025/06/30 00:39:34 Received {c11 n2 {"type":"read","msg_id":25}}
2025/06/30 00:39:34 Sent {"src":"n2","dest":"c11","body":{"in_reply_to":25,"messages":[1,2,3,4,6,8,11,0,5,10,7,16,9,15,12,13,14,18,19,20,17,22,21,23,24,25,27,28,26,29,30,31,33,35,39,32,36,34,37,38,41,40,47,43,46,44,45,49,48,54,51,52,53,56,58,42,50,55,59,57,61,60,62,65,63,64,67,66,68,69,70,73],"type":"read_ok"}}
2025/06/30 00:39:34 Sent {"src":"n2","dest":"n1","body":{"messages":[1,2,3,4,6,8,11,0,5,10,7,16,9,15,12,13,14,18,19,20,17,22,21,23,24,25,27,28,26,29,30,31,33,35,39,32,36,34,37,38,41,40,47,43,46,44,45,49,48,54,51,52,53,56,58,42,50,55,59,57,61,60,62,65,63,64,67,66,68,69,70,73],"msg_id":38,"type":"broadcast"}}
2025/06/30 00:39:34 Received {n1 n2 {"messages":[1,2,3,4,6,8,0,5,10,7,9,11,15,16,12,13,14,18,19,20,17,22,21,23,24,25,27,28,26,29,30,31,33,35,32,36,34,39,37,38,40,41,43,46,47,44,45,49,48,51,52,53,56,54,58,42,50,55,59,57,61,60,62,65,63,64,67,66,68,69,70,73,71,72],"msg_id":110,"type":"broadcast"}}
2025/06/30 00:39:34 Sent {"src":"n2","dest":"n1","body":{"in_reply_to":110,"type":"broadcast_ok"}}
2025/06/30 00:39:34 Received {n1 n2 {"in_reply_to":38,"type":"broadcast_ok"}}
2025/06/30 00:39:34 Received {c11 n2 {"type":"read","msg_id":26}}
2025/06/30 00:39:34 Sent {"src":"n2","dest":"c11","body":{"in_reply_to":26,"messages":[1,2,3,4,6,8,11,0,5,10,7,16,9,15,12,13,14,18,19,20,17,22,21,23,24,25,27,28,26,29,30,31,33,35,39,32,36,34,37,38,41,40,47,43,46,44,45,49,48,54,51,52,53,56,58,42,50,55,59,57,61,60,62,65,63,64,67,66,68,69,70,73,71,72],"type":"read_ok"}}
2025/06/30 00:39:34 Sent {"src":"n2","dest":"n1","body":{"messages":[1,2,3,4,6,8,11,0,5,10,7,16,9,15,12,13,14,18,19,20,17,22,21,23,24,25,27,28,26,29,30,31,33,35,39,32,36,34,37,38,41,40,47,43,46,44,45,49,48,54,51,52,53,56,58,42,50,55,59,57,61,60,62,65,63,64,67,66,68,69,70,73,71,72],"msg_id":39,"type":"broadcast"}}
2025/06/30 00:39:34 Received {n1 n2 {"messages":[1,2,3,4,6,8,0,5,10,7,9,11,15,16,12,13,14,18,19,20,17,22,21,23,24,25,27,28,26,29,30,31,33,35,32,36,34,39,37,38,40,41,43,46,47,44,45,49,48,51,52,53,56,54,58,42,50,55,59,57,61,60,62,65,63,64,67,66,68,69,70,73,71,72,75],"msg_id":114,"type":"broadcast"}}
2025/06/30 00:39:34 Sent {"src":"n2","dest":"n1","body":{"in_reply_to":114,"type":"broadcast_ok"}}
2025/06/30 00:39:34 Received {n1 n2 {"in_reply_to":39,"type":"broadcast_ok"}}
2025/06/30 00:39:34 Received {c11 n2 {"type":"broadcast","message":79,"msg_id":27}}
2025/06/30 00:39:34 Sent {"src":"n2","dest":"c11","body":{"in_reply_to":27,"type":"broadcast_ok"}}
2025/06/30 00:39:35 Sent {"src":"n2","dest":"n1","body":{"messages":[1,2,3,4,6,8,11,0,5,10,7,16,9,15,12,13,14,18,19,20,17,22,21,23,24,25,27,28,26,29,30,31,33,35,39,32,36,34,37,38,41,40,47,43,46,44,45,49,48,54,51,52,53,56,58,42,50,55,59,57,61,60,62,65,63,64,67,66,68,69,70,73,71,72,75,79],"msg_id":40,"type":"broadcast"}}
2025/06/30 00:39:35 Received {n1 n2 {"messages":[1,2,3,4,6,8,0,5,10,7,9,11,15,16,12,13,14,18,19,20,17,22,21,23,24,25,27,28,26,29,30,31,33,35,32,36,34,39,37,38,40,41,43,46,47,44,45,49,48,51,52,53,56,54,58,42,50,55,59,57,61,60,62,65,63,64,67,66,68,69,70,73,71,72,75,74,77,78],"msg_id":117,"type":"broadcast"}}
2025/06/30 00:39:35 Received {n1 n2 {"in_reply_to":40,"type":"broadcast_ok"}}
2025/06/30 00:39:35 Sent {"src":"n2","dest":"n1","body":{"in_reply_to":117,"type":"broadcast_ok"}}
2025/06/30 00:39:35 Sent {"src":"n2","dest":"n1","body":{"messages":[1,2,3,4,6,8,11,0,5,10,7,16,9,15,12,13,14,18,19,20,17,22,21,23,24,25,27,28,26,29,30,31,33,35,39,32,36,34,37,38,41,40,47,43,46,44,45,49,48,54,51,52,53,56,58,42,50,55,59,57,61,60,62,65,63,64,67,66,68,69,70,73,71,72,75,79,74,77,78],"msg_id":41,"type":"broadcast"}}
2025/06/30 00:39:35 Received {n1 n2 {"messages":[1,2,3,4,6,8,0,5,10,7,9,11,15,16,12,13,14,18,19,20,17,22,21,23,24,25,27,28,26,29,30,31,33,35,32,36,34,39,37,38,40,41,43,46,47,44,45,49,48,51,52,53,56,54,58,42,50,55,59,57,61,60,62,65,63,64,67,66,68,69,70,73,71,72,75,74,77,78,79,76,83],"msg_id":119,"type":"broadcast"}}
2025/06/30 00:39:35 Sent {"src":"n2","dest":"n1","body":{"in_reply_to":119,"type":"broadcast_ok"}}
2025/06/30 00:39:35 Received {n1 n2 {"in_reply_to":41,"type":"broadcast_ok"}}
2025/06/30 00:39:35 Received {c11 n2 {"type":"broadcast","message":84,"msg_id":28}}
2025/06/30 00:39:35 Sent {"src":"n2","dest":"c11","body":{"in_reply_to":28,"type":"broadcast_ok"}}
2025/06/30 00:39:35 Sent {"src":"n2","dest":"n1","body":{"messages":[1,2,3,4,6,8,11,0,5,10,7,16,9,15,12,13,14,18,19,20,17,22,21,23,24,25,27,28,26,29,30,31,33,35,39,32,36,34,37,38,41,40,47,43,46,44,45,49,48,54,51,52,53,56,58,42,50,55,59,57,61,60,62,65,63,64,67,66,68,69,70,73,71,72,75,79,74,77,78,76,83,84],"msg_id":42,"type":"broadcast"}}
2025/06/30 00:39:35 Received {n1 n2 {"messages":[1,2,3,4,6,8,0,5,10,7,9,11,15,16,12,13,14,18,19,20,17,22,21,23,24,25,27,28,26,29,30,31,33,35,32,36,34,39,37,38,40,41,43,46,47,44,45,49,48,51,52,53,56,54,58,42,50,55,59,57,61,60,62,65,63,64,67,66,68,69,70,73,71,72,75,74,77,78,79,76,83,80,81,82],"msg_id":122,"type":"broadcast"}}
2025/06/30 00:39:35 Sent {"src":"n2","dest":"n1","body":{"in_reply_to":122,"type":"broadcast_ok"}}
2025/06/30 00:39:35 Received {n1 n2 {"in_reply_to":42,"type":"broadcast_ok"}}
2025/06/30 00:39:36 Received {c11 n2 {"type":"broadcast","message":88,"msg_id":29}}
2025/06/30 00:39:36 Sent {"src":"n2","dest":"c11","body":{"in_reply_to":29,"type":"broadcast_ok"}}
2025/06/30 00:39:36 Sent {"src":"n2","dest":"n1","body":{"messages":[1,2,3,4,6,8,11,0,5,10,7,16,9,15,12,13,14,18,19,20,17,22,21,23,24,25,27,28,26,29,30,31,33,35,39,32,36,34,37,38,41,40,47,43,46,44,45,49,48,54,51,52,53,56,58,42,50,55,59,57,61,60,62,65,63,64,67,66,68,69,70,73,71,72,75,79,74,77,78,76,83,84,80,81,82,88],"msg_id":43,"type":"broadcast"}}
2025/06/30 00:39:36 Received {n1 n2 {"messages":[1,2,3,4,6,8,0,5,10,7,9,11,15,16,12,13,14,18,19,20,17,22,21,23,24,25,27,28,26,29,30,31,33,35,32,36,34,39,37,38,40,41,43,46,47,44,45,49,48,51,52,53,56,54,58,42,50,55,59,57,61,60,62,65,63,64,67,66,68,69,70,73,71,72,75,74,77,78,79,76,83,80,81,82,84,85],"msg_id":124,"type":"broadcast"}}
2025/06/30 00:39:36 Sent {"src":"n2","dest":"n1","body":{"in_reply_to":124,"type":"broadcast_ok"}}
2025/06/30 00:39:36 Received {n1 n2 {"in_reply_to":43,"type":"broadcast_ok"}}
2025/06/30 00:39:36 Sent {"src":"n2","dest":"n1","body":{"messages":[1,2,3,4,6,8,11,0,5,10,7,16,9,15,12,13,14,18,19,20,17,22,21,23,24,25,27,28,26,29,30,31,33,35,39,32,36,34,37,38,41,40,47,43,46,44,45,49,48,54,51,52,53,56,58,42,50,55,59,57,61,60,62,65,63,64,67,66,68,69,70,73,71,72,75,79,74,77,78,76,83,84,80,81,82,88,85],"msg_id":44,"type":"broadcast"}}
2025/06/30 00:39:36 Received {n1 n2 {"messages":[1,2,3,4,6,8,0,5,10,7,9,11,15,16,12,13,14,18,19,20,17,22,21,23,24,25,27,28,26,29,30,31,33,35,32,36,34,39,37,38,40,41,43,46,47,44,45,49,48,51,52,53,56,54,58,42,50,55,59,57,61,60,62,65,63,64,67,66,68,69,70,73,71,72,75,74,77,78,79,76,83,80,81,82,84,85,88,86,87],"msg_id":128,"type":"broadcast"}}
2025/06/30 00:39:36 Sent {"src":"n2","dest":"n1","body":{"in_reply_to":128,"type":"broadcast_ok"}}
2025/06/30 00:39:36 Received {n1 n2 {"in_reply_to":44,"type":"broadcast_ok"}}
2025/06/30 00:39:36 Received {c11 n2 {"type":"broadcast","message":94,"msg_id":30}}
2025/06/30 00:39:36 Sent {"src":"n2","dest":"c11","body":{"in_reply_to":30,"type":"broadcast_ok"}}
2025/06/30 00:39:37 Sent {"src":"n2","dest":"n1","body":{"messages":[1,2,3,4,6,8,11,0,5,10,7,16,9,15,12,13,14,18,19,20,17,22,21,23,24,25,27,28,26,29,30,31,33,35,39,32,36,34,37,38,41,40,47,43,46,44,45,49,48,54,51,52,53,56,58,42,50,55,59,57,61,60,62,65,63,64,67,66,68,69,70,73,71,72,75,79,74,77,78,76,83,84,80,81,82,88,85,86,87,94],"msg_id":45,"type":"broadcast"}}
2025/06/30 00:39:37 Received {n1 n2 {"messages":[1,2,3,4,6,8,0,5,10,7,9,11,15,16,12,13,14,18,19,20,17,22,21,23,24,25,27,28,26,29,30,31,33,35,32,36,34,39,37,38,40,41,43,46,47,44,45,49,48,51,52,53,56,54,58,42,50,55,59,57,61,60,62,65,63,64,67,66,68,69,70,73,71,72,75,74,77,78,79,76,83,80,81,82,84,85,88,86,87,90,91,93],"msg_id":132,"type":"broadcast"}}
2025/06/30 00:39:37 Sent {"src":"n2","dest":"n1","body":{"in_reply_to":132,"type":"broadcast_ok"}}
2025/06/30 00:39:37 Received {n1 n2 {"in_reply_to":45,"type":"broadcast_ok"}}
2025/06/30 00:39:37 Received {c11 n2 {"type":"broadcast","message":98,"msg_id":31}}
2025/06/30 00:39:37 Sent {"src":"n2","dest":"c11","body":{"in_reply_to":31,"type":"broadcast_ok"}}
2025/06/30 00:39:37 Sent {"src":"n2","dest":"n1","body":{"messages":[1,2,3,4,6,8,11,0,5,10,7,16,9,15,12,13,14,18,19,20,17,22,21,23,24,25,27,28,26,29,30,31,33,35,39,32,36,34,37,38,41,40,47,43,46,44,45,49,48,54,51,52,53,56,58,42,50,55,59,57,61,60,62,65,63,64,67,66,68,69,70,73,71,72,75,79,74,77,78,76,83,84,80,81,82,88,85,86,87,94,90,91,93,98],"msg_id":46,"type":"broadcast"}}
2025/06/30 00:39:37 Received {n1 n2 {"messages":[1,2,3,4,6,8,0,5,10,7,9,11,15,16,12,13,14,18,19,20,17,22,21,23,24,25,27,28,26,29,30,31,33,35,32,36,34,39,37,38,40,41,43,46,47,44,45,49,48,51,52,53,56,54,58,42,50,55,59,57,61,60,62,65,63,64,67,66,68,69,70,73,71,72,75,74,77,78,79,76,83,80,81,82,84,85,88,86,87,90,91,93,94,89,92,97],"msg_id":135,"type":"broadcast"}}
2025/06/30 00:39:37 Sent {"src":"n2","dest":"n1","body":{"in_reply_to":135,"type":"broadcast_ok"}}
2025/06/30 00:39:37 Received {n1 n2 {"in_reply_to":46,"type":"broadcast_ok"}}
2025/06/30 00:39:37 Sent {"src":"n2","dest":"n1","body":{"messages":[1,2,3,4,6,8,11,0,5,10,7,16,9,15,12,13,14,18,19,20,17,22,21,23,24,25,27,28,26,29,30,31,33,35,39,32,36,34,37,38,41,40,47,43,46,44,45,49,48,54,51,52,53,56,58,42,50,55,59,57,61,60,62,65,63,64,67,66,68,69,70,73,71,72,75,79,74,77,78,76,83,84,80,81,82,88,85,86,87,94,90,91,93,98,89,92,97],"msg_id":47,"type":"broadcast"}}
2025/06/30 00:39:37 Received {n1 n2 {"messages":[1,2,3,4,6,8,0,5,10,7,9,11,15,16,12,13,14,18,19,20,17,22,21,23,24,25,27,28,26,29,30,31,33,35,32,36,34,39,37,38,40,41,43,46,47,44,45,49,48,51,52,53,56,54,58,42,50,55,59,57,61,60,62,65,63,64,67,66,68,69,70,73,71,72,75,74,77,78,79,76,83,80,81,82,84,85,88,86,87,90,91,93,94,89,92,97,98,95,96],"msg_id":138,"type":"broadcast"}}
2025/06/30 00:39:37 Sent {"src":"n2","dest":"n1","body":{"in_reply_to":138,"type":"broadcast_ok"}}
2025/06/30 00:39:37 Received {n1 n2 {"in_reply_to":47,"type":"broadcast_ok"}}
2025/06/30 00:39:38 Received {c11 n2 {"type":"broadcast","message":103,"msg_id":32}}
2025/06/30 00:39:38 Sent {"src":"n2","dest":"c11","body":{"in_reply_to":32,"type":"broadcast_ok"}}
2025/06/30 00:39:38 Sent {"src":"n2","dest":"n1","body":{"messages":[1,2,3,4,6,8,11,0,5,10,7,16,9,15,12,13,14,18,19,20,17,22,21,23,24,25,27,28,26,29,30,31,33,35,39,32,36,34,37,38,41,40,47,43,46,44,45,49,48,54,51,52,53,56,58,42,50,55,59,57,61,60,62,65,63,64,67,66,68,69,70,73,71,72,75,79,74,77,78,76,83,84,80,81,82,88,85,86,87,94,90,91,93,98,89,92,97,95,96,103],"msg_id":48,"type":"broadcast"}}
2025/06/30 00:39:38 Received {n1 n2 {"messages":[1,2,3,4,6,8,0,5,10,7,9,11,15,16,12,13,14,18,19,20,17,22,21,23,24,25,27,28,26,29,30,31,33,35,32,36,34,39,37,38,40,41,43,46,47,44,45,49,48,51,52,53,56,54,58,42,50,55,59,57,61,60,62,65,63,64,67,66,68,69,70,73,71,72,75,74,77,78,79,76,83,80,81,82,84,85,88,86,87,90,91,93,94,89,92,97,98,95,96,99,102],"msg_id":141,"type":"broadcast"}}
2025/06/30 00:39:38 Sent {"src":"n2","dest":"n1","body":{"in_reply_to":141,"type":"broadcast_ok"}}
2025/06/30 00:39:38 Received {n1 n2 {"in_reply_to":48,"type":"broadcast_ok"}}
2025/06/30 00:39:38 Sent {"src":"n2","dest":"n1","body":{"messages":[1,2,3,4,6,8,11,0,5,10,7,16,9,15,12,13,14,18,19,20,17,22,21,23,24,25,27,28,26,29,30,31,33,35,39,32,36,34,37,38,41,40,47,43,46,44,45,49,48,54,51,52,53,56,58,42,50,55,59,57,61,60,62,65,63,64,67,66,68,69,70,73,71,72,75,79,74,77,78,76,83,84,80,81,82,88,85,86,87,94,90,91,93,98,89,92,97,95,96,103,99,102],"msg_id":49,"type":"broadcast"}}
2025/06/30 00:39:38 Received {n1 n2 {"messages":[1,2,3,4,6,8,0,5,10,7,9,11,15,16,12,13,14,18,19,20,17,22,21,23,24,25,27,28,26,29,30,31,33,35,32,36,34,39,37,38,40,41,43,46,47,44,45,49,48,51,52,53,56,54,58,42,50,55,59,57,61,60,62,65,63,64,67,66,68,69,70,73,71,72,75,74,77,78,79,76,83,80,81,82,84,85,88,86,87,90,91,93,94,89,92,97,98,95,96,99,102,103,100,101],"msg_id":144,"type":"broadcast"}}
2025/06/30 00:39:38 Sent {"src":"n2","dest":"n1","body":{"in_reply_to":144,"type":"broadcast_ok"}}
2025/06/30 00:39:38 Received {n1 n2 {"in_reply_to":49,"type":"broadcast_ok"}}
2025/06/30 00:39:39 Sent {"src":"n2","dest":"n1","body":{"messages":[1,2,3,4,6,8,11,0,5,10,7,16,9,15,12,13,14,18,19,20,17,22,21,23,24,25,27,28,26,29,30,31,33,35,39,32,36,34,37,38,41,40,47,43,46,44,45,49,48,54,51,52,53,56,58,42,50,55,59,57,61,60,62,65,63,64,67,66,68,69,70,73,71,72,75,79,74,77,78,76,83,84,80,81,82,88,85,86,87,94,90,91,93,98,89,92,97,95,96,103,99,102,100,101],"msg_id":50,"type":"broadcast"}}
2025/06/30 00:39:39 Received {n1 n2 {"messages":[1,2,3,4,6,8,0,5,10,7,9,11,15,16,12,13,14,18,19,20,17,22,21,23,24,25,27,28,26,29,30,31,33,35,32,36,34,39,37,38,40,41,43,46,47,44,45,49,48,51,52,53,56,54,58,42,50,55,59,57,61,60,62,65,63,64,67,66,68,69,70,73,71,72,75,74,77,78,79,76,83,80,81,82,84,85,88,86,87,90,91,93,94,89,92,97,98,95,96,99,102,103,100,101,104],"msg_id":146,"type":"broadcast"}}
2025/06/30 00:39:39 Sent {"src":"n2","dest":"n1","body":{"in_reply_to":146,"type":"broadcast_ok"}}
2025/06/30 00:39:39 Received {n1 n2 {"in_reply_to":50,"type":"broadcast_ok"}}
2025/06/30 00:39:39 Sent {"src":"n2","dest":"n1","body":{"messages":[1,2,3,4,6,8,11,0,5,10,7,16,9,15,12,13,14,18,19,20,17,22,21,23,24,25,27,28,26,29,30,31,33,35,39,32,36,34,37,38,41,40,47,43,46,44,45,49,48,54,51,52,53,56,58,42,50,55,59,57,61,60,62,65,63,64,67,66,68,69,70,73,71,72,75,79,74,77,78,76,83,84,80,81,82,88,85,86,87,94,90,91,93,98,89,92,97,95,96,103,99,102,100,101,104],"msg_id":51,"type":"broadcast"}}
2025/06/30 00:39:39 Received {n1 n2 {"messages":[1,2,3,4,6,8,0,5,10,7,9,11,15,16,12,13,14,18,19,20,17,22,21,23,24,25,27,28,26,29,30,31,33,35,32,36,34,39,37,38,40,41,43,46,47,44,45,49,48,51,52,53,56,54,58,42,50,55,59,57,61,60,62,65,63,64,67,66,68,69,70,73,71,72,75,74,77,78,79,76,83,80,81,82,84,85,88,86,87,90,91,93,94,89,92,97,98,95,96,99,102,103,100,101,104],"msg_id":150,"type":"broadcast"}}
2025/06/30 00:39:39 Sent {"src":"n2","dest":"n1","body":{"in_reply_to":150,"type":"broadcast_ok"}}
2025/06/30 00:39:39 Received {n1 n2 {"in_reply_to":51,"type":"broadcast_ok"}}
2025/06/30 00:39:40 Sent {"src":"n2","dest":"n1","body":{"messages":[1,2,3,4,6,8,11,0,5,10,7,16,9,15,12,13,14,18,19,20,17,22,21,23,24,25,27,28,26,29,30,31,33,35,39,32,36,34,37,38,41,40,47,43,46,44,45,49,48,54,51,52,53,56,58,42,50,55,59,57,61,60,62,65,63,64,67,66,68,69,70,73,71,72,75,79,74,77,78,76,83,84,80,81,82,88,85,86,87,94,90,91,93,98,89,92,97,95,96,103,99,102,100,101,104],"msg_id":52,"type":"broadcast"}}
2025/06/30 00:39:40 Received {n1 n2 {"messages":[1,2,3,4,6,8,0,5,10,7,9,11,15,16,12,13,14,18,19,20,17,22,21,23,24,25,27,28,26,29,30,31,33,35,32,36,34,39,37,38,40,41,43,46,47,44,45,49,48,51,52,53,56,54,58,42,50,55,59,57,61,60,62,65,63,64,67,66,68,69,70,73,71,72,75,74,77,78,79,76,83,80,81,82,84,85,88,86,87,90,91,93,94,89,92,97,98,95,96,99,102,103,100,101,104],"msg_id":153,"type":"broadcast"}}
2025/06/30 00:39:40 Sent {"src":"n2","dest":"n1","body":{"in_reply_to":153,"type":"broadcast_ok"}}
2025/06/30 00:39:40 Received {n1 n2 {"in_reply_to":52,"type":"broadcast_ok"}}
2025/06/30 00:39:40 Sent {"src":"n2","dest":"n1","body":{"messages":[1,2,3,4,6,8,11,0,5,10,7,16,9,15,12,13,14,18,19,20,17,22,21,23,24,25,27,28,26,29,30,31,33,35,39,32,36,34,37,38,41,40,47,43,46,44,45,49,48,54,51,52,53,56,58,42,50,55,59,57,61,60,62,65,63,64,67,66,68,69,70,73,71,72,75,79,74,77,78,76,83,84,80,81,82,88,85,86,87,94,90,91,93,98,89,92,97,95,96,103,99,102,100,101,104],"msg_id":53,"type":"broadcast"}}
2025/06/30 00:39:40 Received {n1 n2 {"messages":[1,2,3,4,6,8,0,5,10,7,9,11,15,16,12,13,14,18,19,20,17,22,21,23,24,25,27,28,26,29,30,31,33,35,32,36,34,39,37,38,40,41,43,46,47,44,45,49,48,51,52,53,56,54,58,42,50,55,59,57,61,60,62,65,63,64,67,66,68,69,70,73,71,72,75,74,77,78,79,76,83,80,81,82,84,85,88,86,87,90,91,93,94,89,92,97,98,95,96,99,102,103,100,101,104],"msg_id":156,"type":"broadcast"}}
2025/06/30 00:39:40 Sent {"src":"n2","dest":"n1","body":{"in_reply_to":156,"type":"broadcast_ok"}}
2025/06/30 00:39:40 Received {n1 n2 {"in_reply_to":53,"type":"broadcast_ok"}}
2025/06/30 00:39:40 Sent {"src":"n2","dest":"n1","body":{"messages":[1,2,3,4,6,8,11,0,5,10,7,16,9,15,12,13,14,18,19,20,17,22,21,23,24,25,27,28,26,29,30,31,33,35,39,32,36,34,37,38,41,40,47,43,46,44,45,49,48,54,51,52,53,56,58,42,50,55,59,57,61,60,62,65,63,64,67,66,68,69,70,73,71,72,75,79,74,77,78,76,83,84,80,81,82,88,85,86,87,94,90,91,93,98,89,92,97,95,96,103,99,102,100,101,104],"msg_id":54,"type":"broadcast"}}
2025/06/30 00:39:40 Received {n1 n2 {"messages":[1,2,3,4,6,8,0,5,10,7,9,11,15,16,12,13,14,18,19,20,17,22,21,23,24,25,27,28,26,29,30,31,33,35,32,36,34,39,37,38,40,41,43,46,47,44,45,49,48,51,52,53,56,54,58,42,50,55,59,57,61,60,62,65,63,64,67,66,68,69,70,73,71,72,75,74,77,78,79,76,83,80,81,82,84,85,88,86,87,90,91,93,94,89,92,97,98,95,96,99,102,103,100,101,104],"msg_id":159,"type":"broadcast"}}
2025/06/30 00:39:40 Sent {"src":"n2","dest":"n1","body":{"in_reply_to":159,"type":"broadcast_ok"}}
2025/06/30 00:39:40 Received {n1 n2 {"in_reply_to":54,"type":"broadcast_ok"}}
2025/06/30 00:39:41 Sent {"src":"n2","dest":"n1","body":{"messages":[1,2,3,4,6,8,11,0,5,10,7,16,9,15,12,13,14,18,19,20,17,22,21,23,24,25,27,28,26,29,30,31,33,35,39,32,36,34,37,38,41,40,47,43,46,44,45,49,48,54,51,52,53,56,58,42,50,55,59,57,61,60,62,65,63,64,67,66,68,69,70,73,71,72,75,79,74,77,78,76,83,84,80,81,82,88,85,86,87,94,90,91,93,98,89,92,97,95,96,103,99,102,100,101,104],"msg_id":55,"type":"broadcast"}}
2025/06/30 00:39:41 Received {n1 n2 {"messages":[1,2,3,4,6,8,0,5,10,7,9,11,15,16,12,13,14,18,19,20,17,22,21,23,24,25,27,28,26,29,30,31,33,35,32,36,34,39,37,38,40,41,43,46,47,44,45,49,48,51,52,53,56,54,58,42,50,55,59,57,61,60,62,65,63,64,67,66,68,69,70,73,71,72,75,74,77,78,79,76,83,80,81,82,84,85,88,86,87,90,91,93,94,89,92,97,98,95,96,99,102,103,100,101,104],"msg_id":160,"type":"broadcast"}}
2025/06/30 00:39:41 Sent {"src":"n2","dest":"n1","body":{"in_reply_to":160,"type":"broadcast_ok"}}
2025/06/30 00:39:41 Received {n1 n2 {"in_reply_to":55,"type":"broadcast_ok"}}
2025/06/30 00:39:41 Sent {"src":"n2","dest":"n1","body":{"messages":[1,2,3,4,6,8,11,0,5,10,7,16,9,15,12,13,14,18,19,20,17,22,21,23,24,25,27,28,26,29,30,31,33,35,39,32,36,34,37,38,41,40,47,43,46,44,45,49,48,54,51,52,53,56,58,42,50,55,59,57,61,60,62,65,63,64,67,66,68,69,70,73,71,72,75,79,74,77,78,76,83,84,80,81,82,88,85,86,87,94,90,91,93,98,89,92,97,95,96,103,99,102,100,101,104],"msg_id":56,"type":"broadcast"}}
2025/06/30 00:39:41 Received {n1 n2 {"messages":[1,2,3,4,6,8,0,5,10,7,9,11,15,16,12,13,14,18,19,20,17,22,21,23,24,25,27,28,26,29,30,31,33,35,32,36,34,39,37,38,40,41,43,46,47,44,45,49,48,51,52,53,56,54,58,42,50,55,59,57,61,60,62,65,63,64,67,66,68,69,70,73,71,72,75,74,77,78,79,76,83,80,81,82,84,85,88,86,87,90,91,93,94,89,92,97,98,95,96,99,102,103,100,101,104],"msg_id":165,"type":"broadcast"}}
2025/06/30 00:39:41 Sent {"src":"n2","dest":"n1","body":{"in_reply_to":165,"type":"broadcast_ok"}}
2025/06/30 00:39:41 Received {n1 n2 {"in_reply_to":56,"type":"broadcast_ok"}}
2025/06/30 00:39:42 Sent {"src":"n2","dest":"n1","body":{"messages":[1,2,3,4,6,8,11,0,5,10,7,16,9,15,12,13,14,18,19,20,17,22,21,23,24,25,27,28,26,29,30,31,33,35,39,32,36,34,37,38,41,40,47,43,46,44,45,49,48,54,51,52,53,56,58,42,50,55,59,57,61,60,62,65,63,64,67,66,68,69,70,73,71,72,75,79,74,77,78,76,83,84,80,81,82,88,85,86,87,94,90,91,93,98,89,92,97,95,96,103,99,102,100,101,104],"msg_id":57,"type":"broadcast"}}
2025/06/30 00:39:42 Received {n1 n2 {"messages":[1,2,3,4,6,8,0,5,10,7,9,11,15,16,12,13,14,18,19,20,17,22,21,23,24,25,27,28,26,29,30,31,33,35,32,36,34,39,37,38,40,41,43,46,47,44,45,49,48,51,52,53,56,54,58,42,50,55,59,57,61,60,62,65,63,64,67,66,68,69,70,73,71,72,75,74,77,78,79,76,83,80,81,82,84,85,88,86,87,90,91,93,94,89,92,97,98,95,96,99,102,103,100,101,104],"msg_id":168,"type":"broadcast"}}
2025/06/30 00:39:42 Sent {"src":"n2","dest":"n1","body":{"in_reply_to":168,"type":"broadcast_ok"}}
2025/06/30 00:39:42 Received {n1 n2 {"in_reply_to":57,"type":"broadcast_ok"}}
2025/06/30 00:39:42 Sent {"src":"n2","dest":"n1","body":{"messages":[1,2,3,4,6,8,11,0,5,10,7,16,9,15,12,13,14,18,19,20,17,22,21,23,24,25,27,28,26,29,30,31,33,35,39,32,36,34,37,38,41,40,47,43,46,44,45,49,48,54,51,52,53,56,58,42,50,55,59,57,61,60,62,65,63,64,67,66,68,69,70,73,71,72,75,79,74,77,78,76,83,84,80,81,82,88,85,86,87,94,90,91,93,98,89,92,97,95,96,103,99,102,100,101,104],"msg_id":58,"type":"broadcast"}}
2025/06/30 00:39:42 Received {n1 n2 {"messages":[1,2,3,4,6,8,0,5,10,7,9,11,15,16,12,13,14,18,19,20,17,22,21,23,24,25,27,28,26,29,30,31,33,35,32,36,34,39,37,38,40,41,43,46,47,44,45,49,48,51,52,53,56,54,58,42,50,55,59,57,61,60,62,65,63,64,67,66,68,69,70,73,71,72,75,74,77,78,79,76,83,80,81,82,84,85,88,86,87,90,91,93,94,89,92,97,98,95,96,99,102,103,100,101,104],"msg_id":169,"type":"broadcast"}}
2025/06/30 00:39:42 Sent {"src":"n2","dest":"n1","body":{"in_reply_to":169,"type":"broadcast_ok"}}
2025/06/30 00:39:42 Received {n1 n2 {"in_reply_to":58,"type":"broadcast_ok"}}
2025/06/30 00:39:42 Sent {"src":"n2","dest":"n1","body":{"messages":[1,2,3,4,6,8,11,0,5,10,7,16,9,15,12,13,14,18,19,20,17,22,21,23,24,25,27,28,26,29,30,31,33,35,39,32,36,34,37,38,41,40,47,43,46,44,45,49,48,54,51,52,53,56,58,42,50,55,59,57,61,60,62,65,63,64,67,66,68,69,70,73,71,72,75,79,74,77,78,76,83,84,80,81,82,88,85,86,87,94,90,91,93,98,89,92,97,95,96,103,99,102,100,101,104],"msg_id":59,"type":"broadcast"}}
2025/06/30 00:39:42 Received {n1 n2 {"messages":[1,2,3,4,6,8,0,5,10,7,9,11,15,16,12,13,14,18,19,20,17,22,21,23,24,25,27,28,26,29,30,31,33,35,32,36,34,39,37,38,40,41,43,46,47,44,45,49,48,51,52,53,56,54,58,42,50,55,59,57,61,60,62,65,63,64,67,66,68,69,70,73,71,72,75,74,77,78,79,76,83,80,81,82,84,85,88,86,87,90,91,93,94,89,92,97,98,95,96,99,102,103,100,101,104],"msg_id":174,"type":"broadcast"}}
2025/06/30 00:39:42 Sent {"src":"n2","dest":"n1","body":{"in_reply_to":174,"type":"broadcast_ok"}}
2025/06/30 00:39:42 Received {n1 n2 {"in_reply_to":59,"type":"broadcast_ok"}}
2025/06/30 00:39:43 Sent {"src":"n2","dest":"n1","body":{"messages":[1,2,3,4,6,8,11,0,5,10,7,16,9,15,12,13,14,18,19,20,17,22,21,23,24,25,27,28,26,29,30,31,33,35,39,32,36,34,37,38,41,40,47,43,46,44,45,49,48,54,51,52,53,56,58,42,50,55,59,57,61,60,62,65,63,64,67,66,68,69,70,73,71,72,75,79,74,77,78,76,83,84,80,81,82,88,85,86,87,94,90,91,93,98,89,92,97,95,96,103,99,102,100,101,104],"msg_id":60,"type":"broadcast"}}
2025/06/30 00:39:43 Received {n1 n2 {"messages":[1,2,3,4,6,8,0,5,10,7,9,11,15,16,12,13,14,18,19,20,17,22,21,23,24,25,27,28,26,29,30,31,33,35,32,36,34,39,37,38,40,41,43,46,47,44,45,49,48,51,52,53,56,54,58,42,50,55,59,57,61,60,62,65,63,64,67,66,68,69,70,73,71,72,75,74,77,78,79,76,83,80,81,82,84,85,88,86,87,90,91,93,94,89,92,97,98,95,96,99,102,103,100,101,104],"msg_id":177,"type":"broadcast"}}
2025/06/30 00:39:43 Received {n1 n2 {"in_reply_to":60,"type":"broadcast_ok"}}
2025/06/30 00:39:43 Sent {"src":"n2","dest":"n1","body":{"in_reply_to":177,"type":"broadcast_ok"}}
2025/06/30 00:39:43 Sent {"src":"n2","dest":"n1","body":{"messages":[1,2,3,4,6,8,11,0,5,10,7,16,9,15,12,13,14,18,19,20,17,22,21,23,24,25,27,28,26,29,30,31,33,35,39,32,36,34,37,38,41,40,47,43,46,44,45,49,48,54,51,52,53,56,58,42,50,55,59,57,61,60,62,65,63,64,67,66,68,69,70,73,71,72,75,79,74,77,78,76,83,84,80,81,82,88,85,86,87,94,90,91,93,98,89,92,97,95,96,103,99,102,100,101,104],"msg_id":61,"type":"broadcast"}}
2025/06/30 00:39:43 Received {n1 n2 {"messages":[1,2,3,4,6,8,0,5,10,7,9,11,15,16,12,13,14,18,19,20,17,22,21,23,24,25,27,28,26,29,30,31,33,35,32,36,34,39,37,38,40,41,43,46,47,44,45,49,48,51,52,53,56,54,58,42,50,55,59,57,61,60,62,65,63,64,67,66,68,69,70,73,71,72,75,74,77,78,79,76,83,80,81,82,84,85,88,86,87,90,91,93,94,89,92,97,98,95,96,99,102,103,100,101,104],"msg_id":178,"type":"broadcast"}}
2025/06/30 00:39:43 Sent {"src":"n2","dest":"n1","body":{"in_reply_to":178,"type":"broadcast_ok"}}
2025/06/30 00:39:43 Received {n1 n2 {"in_reply_to":61,"type":"broadcast_ok"}}
2025/06/30 00:39:44 Sent {"src":"n2","dest":"n1","body":{"messages":[1,2,3,4,6,8,11,0,5,10,7,16,9,15,12,13,14,18,19,20,17,22,21,23,24,25,27,28,26,29,30,31,33,35,39,32,36,34,37,38,41,40,47,43,46,44,45,49,48,54,51,52,53,56,58,42,50,55,59,57,61,60,62,65,63,64,67,66,68,69,70,73,71,72,75,79,74,77,78,76,83,84,80,81,82,88,85,86,87,94,90,91,93,98,89,92,97,95,96,103,99,102,100,101,104],"msg_id":62,"type":"broadcast"}}
2025/06/30 00:39:44 Received {n1 n2 {"messages":[1,2,3,4,6,8,0,5,10,7,9,11,15,16,12,13,14,18,19,20,17,22,21,23,24,25,27,28,26,29,30,31,33,35,32,36,34,39,37,38,40,41,43,46,47,44,45,49,48,51,52,53,56,54,58,42,50,55,59,57,61,60,62,65,63,64,67,66,68,69,70,73,71,72,75,74,77,78,79,76,83,80,81,82,84,85,88,86,87,90,91,93,94,89,92,97,98,95,96,99,102,103,100,101,104],"msg_id":182,"type":"broadcast"}}
2025/06/30 00:39:44 Sent {"src":"n2","dest":"n1","body":{"in_reply_to":182,"type":"broadcast_ok"}}
2025/06/30 00:39:44 Received {n1 n2 {"in_reply_to":62,"type":"broadcast_ok"}}
2025/06/30 00:39:44 Sent {"src":"n2","dest":"n1","body":{"messages":[1,2,3,4,6,8,11,0,5,10,7,16,9,15,12,13,14,18,19,20,17,22,21,23,24,25,27,28,26,29,30,31,33,35,39,32,36,34,37,38,41,40,47,43,46,44,45,49,48,54,51,52,53,56,58,42,50,55,59,57,61,60,62,65,63,64,67,66,68,69,70,73,71,72,75,79,74,77,78,76,83,84,80,81,82,88,85,86,87,94,90,91,93,98,89,92,97,95,96,103,99,102,100,101,104],"msg_id":63,"type":"broadcast"}}
2025/06/30 00:39:44 Received {n1 n2 {"messages":[1,2,3,4,6,8,0,5,10,7,9,11,15,16,12,13,14,18,19,20,17,22,21,23,24,25,27,28,26,29,30,31,33,35,32,36,34,39,37,38,40,41,43,46,47,44,45,49,48,51,52,53,56,54,58,42,50,55,59,57,61,60,62,65,63,64,67,66,68,69,70,73,71,72,75,74,77,78,79,76,83,80,81,82,84,85,88,86,87,90,91,93,94,89,92,97,98,95,96,99,102,103,100,101,104],"msg_id":186,"type":"broadcast"}}
2025/06/30 00:39:44 Sent {"src":"n2","dest":"n1","body":{"in_reply_to":186,"type":"broadcast_ok"}}
2025/06/30 00:39:44 Received {n1 n2 {"in_reply_to":63,"type":"broadcast_ok"}}
2025/06/30 00:39:44 Sent {"src":"n2","dest":"n1","body":{"messages":[1,2,3,4,6,8,11,0,5,10,7,16,9,15,12,13,14,18,19,20,17,22,21,23,24,25,27,28,26,29,30,31,33,35,39,32,36,34,37,38,41,40,47,43,46,44,45,49,48,54,51,52,53,56,58,42,50,55,59,57,61,60,62,65,63,64,67,66,68,69,70,73,71,72,75,79,74,77,78,76,83,84,80,81,82,88,85,86,87,94,90,91,93,98,89,92,97,95,96,103,99,102,100,101,104],"msg_id":64,"type":"broadcast"}}
2025/06/30 00:39:44 Received {n1 n2 {"messages":[1,2,3,4,6,8,0,5,10,7,9,11,15,16,12,13,14,18,19,20,17,22,21,23,24,25,27,28,26,29,30,31,33,35,32,36,34,39,37,38,40,41,43,46,47,44,45,49,48,51,52,53,56,54,58,42,50,55,59,57,61,60,62,65,63,64,67,66,68,69,70,73,71,72,75,74,77,78,79,76,83,80,81,82,84,85,88,86,87,90,91,93,94,89,92,97,98,95,96,99,102,103,100,101,104],"msg_id":189,"type":"broadcast"}}
2025/06/30 00:39:44 Sent {"src":"n2","dest":"n1","body":{"in_reply_to":189,"type":"broadcast_ok"}}
2025/06/30 00:39:44 Received {n1 n2 {"in_reply_to":64,"type":"broadcast_ok"}}
2025/06/30 00:39:45 Sent {"src":"n2","dest":"n1","body":{"messages":[1,2,3,4,6,8,11,0,5,10,7,16,9,15,12,13,14,18,19,20,17,22,21,23,24,25,27,28,26,29,30,31,33,35,39,32,36,34,37,38,41,40,47,43,46,44,45,49,48,54,51,52,53,56,58,42,50,55,59,57,61,60,62,65,63,64,67,66,68,69,70,73,71,72,75,79,74,77,78,76,83,84,80,81,82,88,85,86,87,94,90,91,93,98,89,92,97,95,96,103,99,102,100,101,104],"msg_id":65,"type":"broadcast"}}
2025/06/30 00:39:45 Received {n1 n2 {"messages":[1,2,3,4,6,8,0,5,10,7,9,11,15,16,12,13,14,18,19,20,17,22,21,23,24,25,27,28,26,29,30,31,33,35,32,36,34,39,37,38,40,41,43,46,47,44,45,49,48,51,52,53,56,54,58,42,50,55,59,57,61,60,62,65,63,64,67,66,68,69,70,73,71,72,75,74,77,78,79,76,83,80,81,82,84,85,88,86,87,90,91,93,94,89,92,97,98,95,96,99,102,103,100,101,104],"msg_id":190,"type":"broadcast"}}
2025/06/30 00:39:45 Sent {"src":"n2","dest":"n1","body":{"in_reply_to":190,"type":"broadcast_ok"}}
2025/06/30 00:39:45 Received {n1 n2 {"in_reply_to":65,"type":"broadcast_ok"}}
2025/06/30 00:39:45 Sent {"src":"n2","dest":"n1","body":{"messages":[1,2,3,4,6,8,11,0,5,10,7,16,9,15,12,13,14,18,19,20,17,22,21,23,24,25,27,28,26,29,30,31,33,35,39,32,36,34,37,38,41,40,47,43,46,44,45,49,48,54,51,52,53,56,58,42,50,55,59,57,61,60,62,65,63,64,67,66,68,69,70,73,71,72,75,79,74,77,78,76,83,84,80,81,82,88,85,86,87,94,90,91,93,98,89,92,97,95,96,103,99,102,100,101,104],"msg_id":66,"type":"broadcast"}}
2025/06/30 00:39:45 Received {n1 n2 {"messages":[1,2,3,4,6,8,0,5,10,7,9,11,15,16,12,13,14,18,19,20,17,22,21,23,24,25,27,28,26,29,30,31,33,35,32,36,34,39,37,38,40,41,43,46,47,44,45,49,48,51,52,53,56,54,58,42,50,55,59,57,61,60,62,65,63,64,67,66,68,69,70,73,71,72,75,74,77,78,79,76,83,80,81,82,84,85,88,86,87,90,91,93,94,89,92,97,98,95,96,99,102,103,100,101,104],"msg_id":194,"type":"broadcast"}}
2025/06/30 00:39:45 Sent {"src":"n2","dest":"n1","body":{"in_reply_to":194,"type":"broadcast_ok"}}
2025/06/30 00:39:45 Received {n1 n2 {"in_reply_to":66,"type":"broadcast_ok"}}
2025/06/30 00:39:46 Sent {"src":"n2","dest":"n1","body":{"messages":[1,2,3,4,6,8,11,0,5,10,7,16,9,15,12,13,14,18,19,20,17,22,21,23,24,25,27,28,26,29,30,31,33,35,39,32,36,34,37,38,41,40,47,43,46,44,45,49,48,54,51,52,53,56,58,42,50,55,59,57,61,60,62,65,63,64,67,66,68,69,70,73,71,72,75,79,74,77,78,76,83,84,80,81,82,88,85,86,87,94,90,91,93,98,89,92,97,95,96,103,99,102,100,101,104],"msg_id":67,"type":"broadcast"}}
2025/06/30 00:39:46 Received {n1 n2 {"messages":[1,2,3,4,6,8,0,5,10,7,9,11,15,16,12,13,14,18,19,20,17,22,21,23,24,25,27,28,26,29,30,31,33,35,32,36,34,39,37,38,40,41,43,46,47,44,45,49,48,51,52,53,56,54,58,42,50,55,59,57,61,60,62,65,63,64,67,66,68,69,70,73,71,72,75,74,77,78,79,76,83,80,81,82,84,85,88,86,87,90,91,93,94,89,92,97,98,95,96,99,102,103,100,101,104],"msg_id":196,"type":"broadcast"}}
2025/06/30 00:39:46 Sent {"src":"n2","dest":"n1","body":{"in_reply_to":196,"type":"broadcast_ok"}}
2025/06/30 00:39:46 Received {n1 n2 {"in_reply_to":67,"type":"broadcast_ok"}}
2025/06/30 00:39:46 Sent {"src":"n2","dest":"n1","body":{"messages":[1,2,3,4,6,8,11,0,5,10,7,16,9,15,12,13,14,18,19,20,17,22,21,23,24,25,27,28,26,29,30,31,33,35,39,32,36,34,37,38,41,40,47,43,46,44,45,49,48,54,51,52,53,56,58,42,50,55,59,57,61,60,62,65,63,64,67,66,68,69,70,73,71,72,75,79,74,77,78,76,83,84,80,81,82,88,85,86,87,94,90,91,93,98,89,92,97,95,96,103,99,102,100,101,104],"msg_id":68,"type":"broadcast"}}
2025/06/30 00:39:46 Received {n1 n2 {"messages":[1,2,3,4,6,8,0,5,10,7,9,11,15,16,12,13,14,18,19,20,17,22,21,23,24,25,27,28,26,29,30,31,33,35,32,36,34,39,37,38,40,41,43,46,47,44,45,49,48,51,52,53,56,54,58,42,50,55,59,57,61,60,62,65,63,64,67,66,68,69,70,73,71,72,75,74,77,78,79,76,83,80,81,82,84,85,88,86,87,90,91,93,94,89,92,97,98,95,96,99,102,103,100,101,104],"msg_id":200,"type":"broadcast"}}
2025/06/30 00:39:46 Sent {"src":"n2","dest":"n1","body":{"in_reply_to":200,"type":"broadcast_ok"}}
2025/06/30 00:39:46 Received {n1 n2 {"in_reply_to":68,"type":"broadcast_ok"}}
2025/06/30 00:39:46 Sent {"src":"n2","dest":"n1","body":{"messages":[1,2,3,4,6,8,11,0,5,10,7,16,9,15,12,13,14,18,19,20,17,22,21,23,24,25,27,28,26,29,30,31,33,35,39,32,36,34,37,38,41,40,47,43,46,44,45,49,48,54,51,52,53,56,58,42,50,55,59,57,61,60,62,65,63,64,67,66,68,69,70,73,71,72,75,79,74,77,78,76,83,84,80,81,82,88,85,86,87,94,90,91,93,98,89,92,97,95,96,103,99,102,100,101,104],"msg_id":69,"type":"broadcast"}}
2025/06/30 00:39:46 Received {n1 n2 {"messages":[1,2,3,4,6,8,0,5,10,7,9,11,15,16,12,13,14,18,19,20,17,22,21,23,24,25,27,28,26,29,30,31,33,35,32,36,34,39,37,38,40,41,43,46,47,44,45,49,48,51,52,53,56,54,58,42,50,55,59,57,61,60,62,65,63,64,67,66,68,69,70,73,71,72,75,74,77,78,79,76,83,80,81,82,84,85,88,86,87,90,91,93,94,89,92,97,98,95,96,99,102,103,100,101,104],"msg_id":203,"type":"broadcast"}}
2025/06/30 00:39:46 Sent {"src":"n2","dest":"n1","body":{"in_reply_to":203,"type":"broadcast_ok"}}
2025/06/30 00:39:46 Received {n1 n2 {"in_reply_to":69,"type":"broadcast_ok"}}
2025/06/30 00:39:47 Sent {"src":"n2","dest":"n1","body":{"messages":[1,2,3,4,6,8,11,0,5,10,7,16,9,15,12,13,14,18,19,20,17,22,21,23,24,25,27,28,26,29,30,31,33,35,39,32,36,34,37,38,41,40,47,43,46,44,45,49,48,54,51,52,53,56,58,42,50,55,59,57,61,60,62,65,63,64,67,66,68,69,70,73,71,72,75,79,74,77,78,76,83,84,80,81,82,88,85,86,87,94,90,91,93,98,89,92,97,95,96,103,99,102,100,101,104],"msg_id":70,"type":"broadcast"}}
2025/06/30 00:39:47 Received {n1 n2 {"messages":[1,2,3,4,6,8,0,5,10,7,9,11,15,16,12,13,14,18,19,20,17,22,21,23,24,25,27,28,26,29,30,31,33,35,32,36,34,39,37,38,40,41,43,46,47,44,45,49,48,51,52,53,56,54,58,42,50,55,59,57,61,60,62,65,63,64,67,66,68,69,70,73,71,72,75,74,77,78,79,76,83,80,81,82,84,85,88,86,87,90,91,93,94,89,92,97,98,95,96,99,102,103,100,101,104],"msg_id":206,"type":"broadcast"}}
2025/06/30 00:39:47 Sent {"src":"n2","dest":"n1","body":{"in_reply_to":206,"type":"broadcast_ok"}}
2025/06/30 00:39:47 Received {n1 n2 {"in_reply_to":70,"type":"broadcast_ok"}}
2025/06/30 00:39:47 Sent {"src":"n2","dest":"n1","body":{"messages":[1,2,3,4,6,8,11,0,5,10,7,16,9,15,12,13,14,18,19,20,17,22,21,23,24,25,27,28,26,29,30,31,33,35,39,32,36,34,37,38,41,40,47,43,46,44,45,49,48,54,51,52,53,56,58,42,50,55,59,57,61,60,62,65,63,64,67,66,68,69,70,73,71,72,75,79,74,77,78,76,83,84,80,81,82,88,85,86,87,94,90,91,93,98,89,92,97,95,96,103,99,102,100,101,104],"msg_id":71,"type":"broadcast"}}
2025/06/30 00:39:47 Received {n1 n2 {"messages":[1,2,3,4,6,8,0,5,10,7,9,11,15,16,12,13,14,18,19,20,17,22,21,23,24,25,27,28,26,29,30,31,33,35,32,36,34,39,37,38,40,41,43,46,47,44,45,49,48,51,52,53,56,54,58,42,50,55,59,57,61,60,62,65,63,64,67,66,68,69,70,73,71,72,75,74,77,78,79,76,83,80,81,82,84,85,88,86,87,90,91,93,94,89,92,97,98,95,96,99,102,103,100,101,104],"msg_id":210,"type":"broadcast"}}
2025/06/30 00:39:47 Sent {"src":"n2","dest":"n1","body":{"in_reply_to":210,"type":"broadcast_ok"}}
2025/06/30 00:39:47 Received {n1 n2 {"in_reply_to":71,"type":"broadcast_ok"}}
2025/06/30 00:39:48 Sent {"src":"n2","dest":"n1","body":{"messages":[1,2,3,4,6,8,11,0,5,10,7,16,9,15,12,13,14,18,19,20,17,22,21,23,24,25,27,28,26,29,30,31,33,35,39,32,36,34,37,38,41,40,47,43,46,44,45,49,48,54,51,52,53,56,58,42,50,55,59,57,61,60,62,65,63,64,67,66,68,69,70,73,71,72,75,79,74,77,78,76,83,84,80,81,82,88,85,86,87,94,90,91,93,98,89,92,97,95,96,103,99,102,100,101,104],"msg_id":72,"type":"broadcast"}}
2025/06/30 00:39:48 Received {n1 n2 {"messages":[1,2,3,4,6,8,0,5,10,7,9,11,15,16,12,13,14,18,19,20,17,22,21,23,24,25,27,28,26,29,30,31,33,35,32,36,34,39,37,38,40,41,43,46,47,44,45,49,48,51,52,53,56,54,58,42,50,55,59,57,61,60,62,65,63,64,67,66,68,69,70,73,71,72,75,74,77,78,79,76,83,80,81,82,84,85,88,86,87,90,91,93,94,89,92,97,98,95,96,99,102,103,100,101,104],"msg_id":212,"type":"broadcast"}}
2025/06/30 00:39:48 Sent {"src":"n2","dest":"n1","body":{"in_reply_to":212,"type":"broadcast_ok"}}
2025/06/30 00:39:48 Received {n1 n2 {"in_reply_to":72,"type":"broadcast_ok"}}
2025/06/30 00:39:48 Received {c11 n2 {"type":"read","msg_id":33}}
2025/06/30 00:39:48 Sent {"src":"n2","dest":"c11","body":{"in_reply_to":33,"messages":[1,2,3,4,6,8,11,0,5,10,7,16,9,15,12,13,14,18,19,20,17,22,21,23,24,25,27,28,26,29,30,31,33,35,39,32,36,34,37,38,41,40,47,43,46,44,45,49,48,54,51,52,53,56,58,42,50,55,59,57,61,60,62,65,63,64,67,66,68,69,70,73,71,72,75,79,74,77,78,76,83,84,80,81,82,88,85,86,87,94,90,91,93,98,89,92,97,95,96,103,99,102,100,101,104],"type":"read_ok"}}
