2025-06-29 18:32:57,976{GMT}	INFO	[jepsen test runner] jepsen.core: Command line:
lein run test -w broadcast --bin /Users/anandtrehan/go/bin/maelstrom-broadcast --node-count 5 --time-limit 20 --rate 10 --nemesis partition
2025-06-29 18:32:58,062{GMT}	INFO	[jepsen test runner] jepsen.core: Running test:
{:args []
 :remote
 #jepsen.control.retry.Remote{:remote #jepsen.control.scp.Remote{:cmd-remote #jepsen.control.sshj.SSHJRemote{:concurrency-limit 6,
                                                                                                             :conn-spec nil,
                                                                                                             :client nil,
                                                                                                             :semaphore nil},
                                                                 :conn-spec nil},
                              :conn nil}
 :log-net-send false
 :node-count 5
 :availability nil
 :max-txn-length 4
 :concurrency 5
 :db
 #object[maelstrom.db$db$reify__16142
         "0x33e09baf"
         "maelstrom.db$db$reify__16142@33e09baf"]
 :max-writes-per-key 16
 :leave-db-running? false
 :name "broadcast"
 :logging-json? false
 :start-time
 #object[org.joda.time.DateTime "0x105c253a" "2025-06-29T18:32:57.938-04:00"]
 :nemesis-interval 10
 :net
 #object[maelstrom.net$jepsen_net$reify__15251
         "0x156322ce"
         "maelstrom.net$jepsen_net$reify__15251@156322ce"]
 :client
 #object[maelstrom.workload.broadcast$client$reify__16644
         "0x546f0f36"
         "maelstrom.workload.broadcast$client$reify__16644@546f0f36"]
 :barrier
 #object[java.util.concurrent.CyclicBarrier
         "0x44d5a0a8"
         "java.util.concurrent.CyclicBarrier@44d5a0a8"]
 :log-stderr false
 :pure-generators true
 :ssh {:dummy? true}
 :rate 10.0
 :checker
 #object[jepsen.checker$compose$reify__11881
         "0x35d128fd"
         "jepsen.checker$compose$reify__11881@35d128fd"]
 :argv
 ("test"
  "-w"
  "broadcast"
  "--bin"
  "/Users/anandtrehan/go/bin/maelstrom-broadcast"
  "--node-count"
  "5"
  "--time-limit"
  "20"
  "--rate"
  "10"
  "--nemesis"
  "partition")
 :nemesis
 (jepsen.nemesis.ReflCompose
  {:fm {:start-partition 0,
        :stop-partition 0,
        :kill 1,
        :start 1,
        :pause 1,
        :resume 1},
   :nemeses [#unprintable "jepsen.nemesis.combined$partition_nemesis$reify__16416@39a809db"
             #unprintable "jepsen.nemesis.combined$db_nemesis$reify__16397@1512a767"]})
 :nodes ["n0" "n1" "n2" "n3" "n4"]
 :test-count 1
 :latency {:mean 0, :dist :constant}
 :bin "/Users/anandtrehan/go/bin/maelstrom-broadcast"
 :generator
 ((jepsen.generator.Synchronize
   {:gen (jepsen.generator.TimeLimit
          {:limit 20000000000,
           :cutoff nil,
           :gen (jepsen.generator.Any
                 {:gens [(jepsen.generator.OnThreads
                          {:f #{:nemesis},
                           :context-filter #object[jepsen.generator.context$make_thread_filter$lazy_filter__9167
                                                   "0x5cdb7b"
                                                   "jepsen.generator.context$make_thread_filter$lazy_filter__9167@5cdb7b"],
                           :gen (jepsen.generator.Stagger
                                 {:dt 20000000000,
                                  :next-time nil,
                                  :gen (jepsen.generator.FlipFlop
                                        {:gens [#object[jepsen.nemesis.combined$partition_package$start__16420
                                                        "0x3dcc59f5"
                                                        "jepsen.nemesis.combined$partition_package$start__16420@3dcc59f5"]
                                                ({:type :info,
                                                  :f :stop-partition,
                                                  :value nil}
                                                 {:type :info,
                                                  :f :stop-partition,
                                                  :value nil}
                                                 {:type :info,
                                                  :f :stop-partition,
                                                  :value nil}
                                                 {:type :info,
                                                  :f :stop-partition,
                                                  :value nil}
                                                 {:type :info,
                                                  :f :stop-partition,
                                                  :value nil}
                                                 {:type :info,
                                                  :f :stop-partition,
                                                  :value nil}
                                                 {:type :info,
                                                  :f :stop-partition,
                                                  :value nil}
                                                 {:type :info,
                                                  :f :stop-partition,
                                                  :value nil}
                                                 ...)],
                                         :i 0})})})
                         (jepsen.generator.OnThreads
                          {:f #jepsen.generator.context.AllBut{:element :nemesis},
                           :context-filter #object[jepsen.generator.context$make_thread_filter$lazy_filter__9167
                                                   "0x690337df"
                                                   "jepsen.generator.context$make_thread_filter$lazy_filter__9167@690337df"],
                           :gen (jepsen.generator.Stagger
                                 {:dt 200000000,
                                  :next-time nil,
                                  :gen (jepsen.generator.Mix
                                        {:i 0,
                                         :gens [({:f :broadcast, :value 0}
                                                 {:f :broadcast, :value 1}
                                                 {:f :broadcast, :value 2}
                                                 {:f :broadcast, :value 3}
                                                 {:f :broadcast, :value 4}
                                                 {:f :broadcast, :value 5}
                                                 {:f :broadcast, :value 6}
                                                 {:f :broadcast, :value 7}
                                                 ...)
                                                ({:f :read}
                                                 {:f :read}
                                                 {:f :read}
                                                 {:f :read}
                                                 {:f :read}
                                                 {:f :read}
                                                 {:f :read}
                                                 {:f :read}
                                                 ...)]})})})]})})})
  (jepsen.generator.Synchronize
   {:gen (jepsen.generator.OnThreads
          {:f #{:nemesis},
           :context-filter #object[jepsen.generator.context$make_thread_filter$lazy_filter__9167
                                   "0xf62ae87"
                                   "jepsen.generator.context$make_thread_filter$lazy_filter__9167@f62ae87"],
           :gen ({:type :info, :f :stop-partition, :value nil})})})
  (jepsen.generator.Synchronize
   {:gen {:type :log, :value "Waiting for recovery..."}})
  (jepsen.generator.Synchronize {:gen {:type :sleep, :value 10}})
  (jepsen.generator.Synchronize
   {:gen (jepsen.generator.OnThreads
          {:f #jepsen.generator.context.AllBut{:element :nemesis},
           :context-filter #object[jepsen.generator.context$make_thread_filter$lazy_filter__9167
                                   "0x50be5d6f"
                                   "jepsen.generator.context$make_thread_filter$lazy_filter__9167@50be5d6f"],
           :gen (jepsen.generator.EachThread
                 {:fresh-gen {:f :read, :final? true},
                  :context-filters #object[clojure.core$promise$reify__8591
                                           "0x48e0e779"
                                           {:status :pending, :val nil}],
                  :gens {}})})}))
 :log-net-recv false
 :os
 #object[maelstrom.net$jepsen_os$reify__15254
         "0x38ad8c75"
         "maelstrom.net$jepsen_os$reify__15254@38ad8c75"]
 :time-limit 20
 :workload :broadcast
 :consistency-models [:strict-serializable]
 :topology :grid}

2025-06-29 18:32:59,448{GMT}	INFO	[jepsen node n0] maelstrom.net: Starting Maelstrom network
2025-06-29 18:32:59,449{GMT}	INFO	[jepsen test runner] jepsen.db: Tearing down DB
2025-06-29 18:32:59,450{GMT}	INFO	[jepsen test runner] jepsen.db: Setting up DB
2025-06-29 18:32:59,451{GMT}	INFO	[jepsen node n4] maelstrom.db: Setting up n4
2025-06-29 18:32:59,451{GMT}	INFO	[jepsen node n3] maelstrom.db: Setting up n3
2025-06-29 18:32:59,451{GMT}	INFO	[jepsen node n2] maelstrom.db: Setting up n2
2025-06-29 18:32:59,451{GMT}	INFO	[jepsen node n1] maelstrom.db: Setting up n1
2025-06-29 18:32:59,451{GMT}	INFO	[jepsen node n4] maelstrom.process: launching /Users/anandtrehan/go/bin/maelstrom-broadcast []
2025-06-29 18:32:59,451{GMT}	INFO	[jepsen node n3] maelstrom.process: launching /Users/anandtrehan/go/bin/maelstrom-broadcast []
2025-06-29 18:32:59,451{GMT}	INFO	[jepsen node n1] maelstrom.process: launching /Users/anandtrehan/go/bin/maelstrom-broadcast []
2025-06-29 18:32:59,452{GMT}	INFO	[jepsen node n2] maelstrom.process: launching /Users/anandtrehan/go/bin/maelstrom-broadcast []
2025-06-29 18:32:59,453{GMT}	INFO	[jepsen node n0] maelstrom.service: Starting services: (lin-kv lin-tso lww-kv seq-kv)
2025-06-29 18:32:59,456{GMT}	INFO	[jepsen node n0] maelstrom.db: Setting up n0
2025-06-29 18:32:59,457{GMT}	INFO	[jepsen node n0] maelstrom.process: launching /Users/anandtrehan/go/bin/maelstrom-broadcast []
2025-06-29 18:32:59,766{GMT}	INFO	[jepsen test runner] jepsen.core: Relative time begins now
2025-06-29 18:32:59,785{GMT}	INFO	[jepsen worker nemesis] jepsen.util: :nemesis	:info	:start-partition	:majority
2025-06-29 18:32:59,785{GMT}	INFO	[jepsen worker 1] jepsen.util: 1	:invoke	:broadcast	0
2025-06-29 18:32:59,789{GMT}	INFO	[jepsen worker 1] jepsen.util: 1	:ok	:broadcast	0
2025-06-29 18:32:59,790{GMT}	INFO	[jepsen worker nemesis] jepsen.util: :nemesis	:info	:start-partition	[:isolated {"n2" #{"n1" "n0" "n3"}, "n4" #{"n1" "n0" "n3"}, "n1" #{"n2" "n4"}, "n0" #{"n2" "n4"}, "n3" #{"n2" "n4"}}]
2025-06-29 18:32:59,799{GMT}	INFO	[jepsen worker 2] jepsen.util: 2	:invoke	:read	nil
2025-06-29 18:32:59,801{GMT}	INFO	[jepsen worker 2] jepsen.util: 2	:ok	:read	[]
2025-06-29 18:32:59,916{GMT}	INFO	[jepsen worker 3] jepsen.util: 3	:invoke	:read	nil
2025-06-29 18:32:59,918{GMT}	INFO	[jepsen worker 3] jepsen.util: 3	:ok	:read	[]
2025-06-29 18:32:59,955{GMT}	INFO	[jepsen worker 4] jepsen.util: 4	:invoke	:read	nil
2025-06-29 18:32:59,957{GMT}	INFO	[jepsen worker 4] jepsen.util: 4	:ok	:read	[]
2025-06-29 18:33:00,096{GMT}	INFO	[jepsen worker 0] jepsen.util: 0	:invoke	:broadcast	1
2025-06-29 18:33:00,099{GMT}	INFO	[jepsen worker 0] jepsen.util: 0	:ok	:broadcast	1
2025-06-29 18:33:00,271{GMT}	INFO	[jepsen worker 0] jepsen.util: 0	:invoke	:read	nil
2025-06-29 18:33:00,273{GMT}	INFO	[jepsen worker 0] jepsen.util: 0	:ok	:read	[0 1]
2025-06-29 18:33:00,470{GMT}	INFO	[jepsen worker 1] jepsen.util: 1	:invoke	:read	nil
2025-06-29 18:33:00,472{GMT}	INFO	[jepsen worker 1] jepsen.util: 1	:ok	:read	[0 1]
2025-06-29 18:33:00,638{GMT}	INFO	[jepsen worker 2] jepsen.util: 2	:invoke	:broadcast	2
2025-06-29 18:33:00,641{GMT}	INFO	[jepsen worker 2] jepsen.util: 2	:ok	:broadcast	2
2025-06-29 18:33:00,766{GMT}	INFO	[jepsen worker nemesis] jepsen.util: :nemesis	:info	:stop-partition	nil
2025-06-29 18:33:00,767{GMT}	INFO	[jepsen worker nemesis] jepsen.util: :nemesis	:info	:stop-partition	:network-healed
2025-06-29 18:33:00,785{GMT}	INFO	[jepsen worker 4] jepsen.util: 4	:invoke	:broadcast	3
2025-06-29 18:33:00,786{GMT}	INFO	[jepsen worker 4] jepsen.util: 4	:ok	:broadcast	3
2025-06-29 18:33:00,964{GMT}	INFO	[jepsen worker 0] jepsen.util: 0	:invoke	:broadcast	4
2025-06-29 18:33:00,966{GMT}	INFO	[jepsen worker 0] jepsen.util: 0	:ok	:broadcast	4
2025-06-29 18:33:01,120{GMT}	INFO	[jepsen worker 0] jepsen.util: 0	:invoke	:read	nil
2025-06-29 18:33:01,123{GMT}	INFO	[jepsen worker 0] jepsen.util: 0	:ok	:read	[0 1 4]
2025-06-29 18:33:01,283{GMT}	INFO	[jepsen worker 1] jepsen.util: 1	:invoke	:read	nil
2025-06-29 18:33:01,286{GMT}	INFO	[jepsen worker 1] jepsen.util: 1	:ok	:read	[0 1 3 2 4]
2025-06-29 18:33:01,477{GMT}	INFO	[jepsen worker 2] jepsen.util: 2	:invoke	:read	nil
2025-06-29 18:33:01,478{GMT}	INFO	[jepsen worker 2] jepsen.util: 2	:ok	:read	[2 0 1 3 4]
2025-06-29 18:33:01,604{GMT}	INFO	[jepsen worker 3] jepsen.util: 3	:invoke	:read	nil
2025-06-29 18:33:01,605{GMT}	INFO	[jepsen worker 3] jepsen.util: 3	:ok	:read	[0 1 3 4 2]
2025-06-29 18:33:01,752{GMT}	INFO	[jepsen worker 4] jepsen.util: 4	:invoke	:read	nil
2025-06-29 18:33:01,753{GMT}	INFO	[jepsen worker 4] jepsen.util: 4	:ok	:read	[3 0 1 2 4]
2025-06-29 18:33:01,935{GMT}	INFO	[jepsen worker 0] jepsen.util: 0	:invoke	:read	nil
2025-06-29 18:33:01,936{GMT}	INFO	[jepsen worker 0] jepsen.util: 0	:ok	:read	[0 1 4 3 2]
2025-06-29 18:33:02,036{GMT}	INFO	[jepsen worker 0] jepsen.util: 0	:invoke	:read	nil
2025-06-29 18:33:02,038{GMT}	INFO	[jepsen worker 0] jepsen.util: 0	:ok	:read	[0 1 4 3 2]
2025-06-29 18:33:02,098{GMT}	INFO	[jepsen worker 1] jepsen.util: 1	:invoke	:read	nil
2025-06-29 18:33:02,100{GMT}	INFO	[jepsen worker 1] jepsen.util: 1	:ok	:read	[0 1 3 2 4]
2025-06-29 18:33:02,279{GMT}	INFO	[jepsen worker 2] jepsen.util: 2	:invoke	:read	nil
2025-06-29 18:33:02,281{GMT}	INFO	[jepsen worker 2] jepsen.util: 2	:ok	:read	[2 0 1 3 4]
2025-06-29 18:33:02,340{GMT}	INFO	[jepsen worker 3] jepsen.util: 3	:invoke	:broadcast	5
2025-06-29 18:33:02,342{GMT}	INFO	[jepsen worker 3] jepsen.util: 3	:ok	:broadcast	5
2025-06-29 18:33:02,420{GMT}	INFO	[jepsen worker 4] jepsen.util: 4	:invoke	:broadcast	6
2025-06-29 18:33:02,422{GMT}	INFO	[jepsen worker 4] jepsen.util: 4	:ok	:broadcast	6
2025-06-29 18:33:02,526{GMT}	INFO	[jepsen worker 0] jepsen.util: 0	:invoke	:read	nil
2025-06-29 18:33:02,527{GMT}	INFO	[jepsen worker 0] jepsen.util: 0	:ok	:read	[0 1 4 3 2 5]
2025-06-29 18:33:02,559{GMT}	INFO	[jepsen worker 0] jepsen.util: 0	:invoke	:broadcast	7
2025-06-29 18:33:02,560{GMT}	INFO	[jepsen worker 0] jepsen.util: 0	:ok	:broadcast	7
2025-06-29 18:33:02,665{GMT}	INFO	[jepsen worker 1] jepsen.util: 1	:invoke	:read	nil
2025-06-29 18:33:02,666{GMT}	INFO	[jepsen worker 1] jepsen.util: 1	:ok	:read	[0 1 3 2 4 5 6 7]
2025-06-29 18:33:02,802{GMT}	INFO	[jepsen worker 2] jepsen.util: 2	:invoke	:read	nil
2025-06-29 18:33:02,803{GMT}	INFO	[jepsen worker 2] jepsen.util: 2	:ok	:read	[2 0 1 3 4 5 6 7]
2025-06-29 18:33:02,854{GMT}	INFO	[jepsen worker 3] jepsen.util: 3	:invoke	:read	nil
2025-06-29 18:33:02,855{GMT}	INFO	[jepsen worker 3] jepsen.util: 3	:ok	:read	[0 1 3 4 2 5 6 7]
2025-06-29 18:33:02,896{GMT}	INFO	[jepsen worker 4] jepsen.util: 4	:invoke	:read	nil
2025-06-29 18:33:02,896{GMT}	INFO	[jepsen worker 4] jepsen.util: 4	:ok	:read	[3 0 1 2 4 5 6 7]
2025-06-29 18:33:02,978{GMT}	INFO	[jepsen worker 0] jepsen.util: 0	:invoke	:broadcast	8
2025-06-29 18:33:02,979{GMT}	INFO	[jepsen worker 0] jepsen.util: 0	:ok	:broadcast	8
2025-06-29 18:33:03,054{GMT}	INFO	[jepsen worker 0] jepsen.util: 0	:invoke	:broadcast	9
2025-06-29 18:33:03,055{GMT}	INFO	[jepsen worker 0] jepsen.util: 0	:ok	:broadcast	9
2025-06-29 18:33:03,101{GMT}	INFO	[jepsen worker 1] jepsen.util: 1	:invoke	:broadcast	10
2025-06-29 18:33:03,102{GMT}	INFO	[jepsen worker 1] jepsen.util: 1	:ok	:broadcast	10
2025-06-29 18:33:03,130{GMT}	INFO	[jepsen worker 2] jepsen.util: 2	:invoke	:read	nil
2025-06-29 18:33:03,131{GMT}	INFO	[jepsen worker 2] jepsen.util: 2	:ok	:read	[2 0 1 3 4 5 6 7]
2025-06-29 18:33:03,145{GMT}	INFO	[jepsen worker 3] jepsen.util: 3	:invoke	:broadcast	11
2025-06-29 18:33:03,145{GMT}	INFO	[jepsen worker 3] jepsen.util: 3	:ok	:broadcast	11
2025-06-29 18:33:03,283{GMT}	INFO	[jepsen worker 4] jepsen.util: 4	:invoke	:read	nil
2025-06-29 18:33:03,285{GMT}	INFO	[jepsen worker 4] jepsen.util: 4	:ok	:read	[3 0 1 2 4 5 6 7 11 10]
2025-06-29 18:33:03,471{GMT}	INFO	[jepsen worker 0] jepsen.util: 0	:invoke	:broadcast	12
2025-06-29 18:33:03,473{GMT}	INFO	[jepsen worker 0] jepsen.util: 0	:ok	:broadcast	12
2025-06-29 18:33:03,573{GMT}	INFO	[jepsen worker 0] jepsen.util: 0	:invoke	:broadcast	13
2025-06-29 18:33:03,574{GMT}	INFO	[jepsen worker 0] jepsen.util: 0	:ok	:broadcast	13
2025-06-29 18:33:03,664{GMT}	INFO	[jepsen worker 1] jepsen.util: 1	:invoke	:read	nil
2025-06-29 18:33:03,667{GMT}	INFO	[jepsen worker 1] jepsen.util: 1	:ok	:read	[0 1 3 2 4 5 6 7 10 8 9 11 12 13]
2025-06-29 18:33:03,687{GMT}	INFO	[jepsen worker 2] jepsen.util: 2	:invoke	:read	nil
2025-06-29 18:33:03,688{GMT}	INFO	[jepsen worker 2] jepsen.util: 2	:ok	:read	[2 0 1 3 4 5 6 7 10 8 9 11]
2025-06-29 18:33:03,709{GMT}	INFO	[jepsen worker 3] jepsen.util: 3	:invoke	:read	nil
2025-06-29 18:33:03,710{GMT}	INFO	[jepsen worker 3] jepsen.util: 3	:ok	:read	[0 1 3 4 2 5 6 7 11 8 9 10 12 13]
2025-06-29 18:33:03,869{GMT}	INFO	[jepsen worker 4] jepsen.util: 4	:invoke	:broadcast	14
2025-06-29 18:33:03,870{GMT}	INFO	[jepsen worker 4] jepsen.util: 4	:ok	:broadcast	14
2025-06-29 18:33:04,068{GMT}	INFO	[jepsen worker 0] jepsen.util: 0	:invoke	:read	nil
2025-06-29 18:33:04,069{GMT}	INFO	[jepsen worker 0] jepsen.util: 0	:ok	:read	[0 1 4 3 2 5 7 6 8 9 11 10 12 13]
2025-06-29 18:33:04,250{GMT}	INFO	[jepsen worker 0] jepsen.util: 0	:invoke	:read	nil
2025-06-29 18:33:04,251{GMT}	INFO	[jepsen worker 0] jepsen.util: 0	:ok	:read	[0 1 4 3 2 5 7 6 8 9 11 10 12 13 14]
2025-06-29 18:33:04,278{GMT}	INFO	[jepsen worker 1] jepsen.util: 1	:invoke	:broadcast	15
2025-06-29 18:33:04,278{GMT}	INFO	[jepsen worker 1] jepsen.util: 1	:ok	:broadcast	15
2025-06-29 18:33:04,411{GMT}	INFO	[jepsen worker 2] jepsen.util: 2	:invoke	:read	nil
2025-06-29 18:33:04,411{GMT}	INFO	[jepsen worker 2] jepsen.util: 2	:ok	:read	[2 0 1 3 4 5 6 7 10 8 9 11 12 13 14 15]
2025-06-29 18:33:04,605{GMT}	INFO	[jepsen worker 3] jepsen.util: 3	:invoke	:read	nil
2025-06-29 18:33:04,606{GMT}	INFO	[jepsen worker 3] jepsen.util: 3	:ok	:read	[0 1 3 4 2 5 6 7 11 8 9 10 12 13 14 15]
2025-06-29 18:33:04,748{GMT}	INFO	[jepsen worker 4] jepsen.util: 4	:invoke	:read	nil
2025-06-29 18:33:04,749{GMT}	INFO	[jepsen worker 4] jepsen.util: 4	:ok	:read	[3 0 1 2 4 5 6 7 11 10 8 9 12 13 14 15]
2025-06-29 18:33:04,900{GMT}	INFO	[jepsen worker 0] jepsen.util: 0	:invoke	:read	nil
2025-06-29 18:33:04,901{GMT}	INFO	[jepsen worker 0] jepsen.util: 0	:ok	:read	[0 1 4 3 2 5 7 6 8 9 11 10 12 13 14 15]
2025-06-29 18:33:05,002{GMT}	INFO	[jepsen worker 0] jepsen.util: 0	:invoke	:broadcast	16
2025-06-29 18:33:05,003{GMT}	INFO	[jepsen worker 0] jepsen.util: 0	:ok	:broadcast	16
2025-06-29 18:33:05,182{GMT}	INFO	[jepsen worker 1] jepsen.util: 1	:invoke	:broadcast	17
2025-06-29 18:33:05,184{GMT}	INFO	[jepsen worker 1] jepsen.util: 1	:ok	:broadcast	17
2025-06-29 18:33:05,362{GMT}	INFO	[jepsen worker 2] jepsen.util: 2	:invoke	:broadcast	18
2025-06-29 18:33:05,364{GMT}	INFO	[jepsen worker 2] jepsen.util: 2	:ok	:broadcast	18
2025-06-29 18:33:05,383{GMT}	INFO	[jepsen worker 3] jepsen.util: 3	:invoke	:broadcast	19
2025-06-29 18:33:05,386{GMT}	INFO	[jepsen worker 3] jepsen.util: 3	:ok	:broadcast	19
2025-06-29 18:33:05,409{GMT}	INFO	[jepsen worker 4] jepsen.util: 4	:invoke	:broadcast	20
2025-06-29 18:33:05,410{GMT}	INFO	[jepsen worker 4] jepsen.util: 4	:ok	:broadcast	20
2025-06-29 18:33:05,479{GMT}	INFO	[jepsen worker 0] jepsen.util: 0	:invoke	:broadcast	21
2025-06-29 18:33:05,480{GMT}	INFO	[jepsen worker 0] jepsen.util: 0	:ok	:broadcast	21
2025-06-29 18:33:05,518{GMT}	INFO	[jepsen worker 0] jepsen.util: 0	:invoke	:read	nil
2025-06-29 18:33:05,520{GMT}	INFO	[jepsen worker 0] jepsen.util: 0	:ok	:read	[0 1 4 3 2 5 7 6 8 9 11 10 12 13 14 15 16 17 21]
2025-06-29 18:33:05,522{GMT}	INFO	[jepsen worker 1] jepsen.util: 1	:invoke	:read	nil
2025-06-29 18:33:05,523{GMT}	INFO	[jepsen worker 1] jepsen.util: 1	:ok	:read	[0 1 3 2 4 5 6 7 10 8 9 11 12 13 14 15 17 16 18]
2025-06-29 18:33:05,604{GMT}	INFO	[jepsen worker 2] jepsen.util: 2	:invoke	:read	nil
2025-06-29 18:33:05,606{GMT}	INFO	[jepsen worker 2] jepsen.util: 2	:ok	:read	[2 0 1 3 4 5 6 7 10 8 9 11 12 13 14 15 18 17 16]
2025-06-29 18:33:05,755{GMT}	INFO	[jepsen worker 3] jepsen.util: 3	:invoke	:read	nil
2025-06-29 18:33:05,757{GMT}	INFO	[jepsen worker 3] jepsen.util: 3	:ok	:read	[0 1 3 4 2 5 6 7 11 8 9 10 12 13 14 15 16 19 17 21 20]
2025-06-29 18:33:05,917{GMT}	INFO	[jepsen worker 4] jepsen.util: 4	:invoke	:broadcast	22
2025-06-29 18:33:05,919{GMT}	INFO	[jepsen worker 4] jepsen.util: 4	:ok	:broadcast	22
2025-06-29 18:33:06,030{GMT}	INFO	[jepsen worker 0] jepsen.util: 0	:invoke	:broadcast	23
2025-06-29 18:33:06,031{GMT}	INFO	[jepsen worker 0] jepsen.util: 0	:ok	:broadcast	23
2025-06-29 18:33:06,166{GMT}	INFO	[jepsen worker 0] jepsen.util: 0	:invoke	:broadcast	24
2025-06-29 18:33:06,168{GMT}	INFO	[jepsen worker 0] jepsen.util: 0	:ok	:broadcast	24
2025-06-29 18:33:06,221{GMT}	INFO	[jepsen worker 1] jepsen.util: 1	:invoke	:broadcast	25
2025-06-29 18:33:06,223{GMT}	INFO	[jepsen worker 1] jepsen.util: 1	:ok	:broadcast	25
2025-06-29 18:33:06,248{GMT}	INFO	[jepsen worker 2] jepsen.util: 2	:invoke	:broadcast	26
2025-06-29 18:33:06,249{GMT}	INFO	[jepsen worker 2] jepsen.util: 2	:ok	:broadcast	26
2025-06-29 18:33:06,397{GMT}	INFO	[jepsen worker 3] jepsen.util: 3	:invoke	:broadcast	27
2025-06-29 18:33:06,398{GMT}	INFO	[jepsen worker 3] jepsen.util: 3	:ok	:broadcast	27
2025-06-29 18:33:06,416{GMT}	INFO	[jepsen worker 4] jepsen.util: 4	:invoke	:read	nil
2025-06-29 18:33:06,417{GMT}	INFO	[jepsen worker 4] jepsen.util: 4	:ok	:read	[3 0 1 2 4 5 6 7 11 10 8 9 12 13 14 15 17 16 20 18 19 21 22 23 24 25]
2025-06-29 18:33:06,428{GMT}	INFO	[jepsen worker 0] jepsen.util: 0	:invoke	:read	nil
2025-06-29 18:33:06,429{GMT}	INFO	[jepsen worker 0] jepsen.util: 0	:ok	:read	[0 1 4 3 2 5 7 6 8 9 11 10 12 13 14 15 16 17 21 18 19 20 23 24 22 25]
2025-06-29 18:33:06,524{GMT}	INFO	[jepsen worker 0] jepsen.util: 0	:invoke	:broadcast	28
2025-06-29 18:33:06,526{GMT}	INFO	[jepsen worker 0] jepsen.util: 0	:ok	:broadcast	28
2025-06-29 18:33:06,553{GMT}	INFO	[jepsen worker nemesis] jepsen.util: :nemesis	:info	:start-partition	:one
2025-06-29 18:33:06,558{GMT}	INFO	[jepsen worker nemesis] jepsen.util: :nemesis	:info	:start-partition	[:isolated {"n4" #{"n2" "n1" "n0" "n3"}, "n2" #{"n4"}, "n1" #{"n4"}, "n0" #{"n4"}, "n3" #{"n4"}}]
2025-06-29 18:33:06,719{GMT}	INFO	[jepsen worker 2] jepsen.util: 2	:invoke	:broadcast	29
2025-06-29 18:33:06,721{GMT}	INFO	[jepsen worker 2] jepsen.util: 2	:ok	:broadcast	29
2025-06-29 18:33:06,894{GMT}	INFO	[jepsen worker 3] jepsen.util: 3	:invoke	:broadcast	30
2025-06-29 18:33:06,896{GMT}	INFO	[jepsen worker 3] jepsen.util: 3	:ok	:broadcast	30
2025-06-29 18:33:06,955{GMT}	INFO	[jepsen worker 4] jepsen.util: 4	:invoke	:read	nil
2025-06-29 18:33:06,957{GMT}	INFO	[jepsen worker 4] jepsen.util: 4	:ok	:read	[3 0 1 2 4 5 6 7 11 10 8 9 12 13 14 15 17 16 20 18 19 21 22 23 24 25]
2025-06-29 18:33:07,111{GMT}	INFO	[jepsen worker 0] jepsen.util: 0	:invoke	:read	nil
2025-06-29 18:33:07,113{GMT}	INFO	[jepsen worker 0] jepsen.util: 0	:ok	:read	[0 1 4 3 2 5 7 6 8 9 11 10 12 13 14 15 16 17 21 18 19 20 23 24 22 25 28 27 26 30 29]
2025-06-29 18:33:07,235{GMT}	INFO	[jepsen worker 0] jepsen.util: 0	:invoke	:broadcast	31
2025-06-29 18:33:07,237{GMT}	INFO	[jepsen worker 0] jepsen.util: 0	:ok	:broadcast	31
2025-06-29 18:33:07,428{GMT}	INFO	[jepsen worker 1] jepsen.util: 1	:invoke	:read	nil
2025-06-29 18:33:07,429{GMT}	INFO	[jepsen worker 1] jepsen.util: 1	:ok	:read	[0 1 3 2 4 5 6 7 10 8 9 11 12 13 14 15 17 16 18 21 20 19 22 23 24 25 26 28 29 27 30 31]
2025-06-29 18:33:07,554{GMT}	INFO	[jepsen worker 2] jepsen.util: 2	:invoke	:broadcast	32
2025-06-29 18:33:07,557{GMT}	INFO	[jepsen worker 2] jepsen.util: 2	:ok	:broadcast	32
2025-06-29 18:33:07,574{GMT}	INFO	[jepsen worker 3] jepsen.util: 3	:invoke	:read	nil
2025-06-29 18:33:07,576{GMT}	INFO	[jepsen worker 3] jepsen.util: 3	:ok	:read	[0 1 3 4 2 5 6 7 11 8 9 10 12 13 14 15 16 19 17 21 20 18 22 23 24 27 25 28 26 30 29 31]
2025-06-29 18:33:07,757{GMT}	INFO	[jepsen worker 4] jepsen.util: 4	:invoke	:read	nil
2025-06-29 18:33:07,759{GMT}	INFO	[jepsen worker 4] jepsen.util: 4	:ok	:read	[3 0 1 2 4 5 6 7 11 10 8 9 12 13 14 15 17 16 20 18 19 21 22 23 24 25]
2025-06-29 18:33:07,860{GMT}	INFO	[jepsen worker 0] jepsen.util: 0	:invoke	:read	nil
2025-06-29 18:33:07,861{GMT}	INFO	[jepsen worker 0] jepsen.util: 0	:ok	:read	[0 1 4 3 2 5 7 6 8 9 11 10 12 13 14 15 16 17 21 18 19 20 23 24 22 25 28 27 26 30 29 31 32]
2025-06-29 18:33:08,011{GMT}	INFO	[jepsen worker 0] jepsen.util: 0	:invoke	:broadcast	33
2025-06-29 18:33:08,012{GMT}	INFO	[jepsen worker 0] jepsen.util: 0	:ok	:broadcast	33
2025-06-29 18:33:08,063{GMT}	INFO	[jepsen worker 1] jepsen.util: 1	:invoke	:read	nil
2025-06-29 18:33:08,064{GMT}	INFO	[jepsen worker 1] jepsen.util: 1	:ok	:read	[0 1 3 2 4 5 6 7 10 8 9 11 12 13 14 15 17 16 18 21 20 19 22 23 24 25 26 28 29 27 30 31 32]
2025-06-29 18:33:08,118{GMT}	INFO	[jepsen worker 2] jepsen.util: 2	:invoke	:read	nil
2025-06-29 18:33:08,120{GMT}	INFO	[jepsen worker 2] jepsen.util: 2	:ok	:read	[2 0 1 3 4 5 6 7 10 8 9 11 12 13 14 15 18 17 16 21 20 19 22 26 23 24 25 29 28 27 30 32 31]
2025-06-29 18:33:08,254{GMT}	INFO	[jepsen worker 3] jepsen.util: 3	:invoke	:broadcast	34
2025-06-29 18:33:08,255{GMT}	INFO	[jepsen worker 3] jepsen.util: 3	:ok	:broadcast	34
2025-06-29 18:33:08,353{GMT}	INFO	[jepsen worker 4] jepsen.util: 4	:invoke	:broadcast	35
2025-06-29 18:33:08,354{GMT}	INFO	[jepsen worker 4] jepsen.util: 4	:ok	:broadcast	35
2025-06-29 18:33:08,501{GMT}	INFO	[jepsen worker 0] jepsen.util: 0	:invoke	:broadcast	36
2025-06-29 18:33:08,504{GMT}	INFO	[jepsen worker 0] jepsen.util: 0	:ok	:broadcast	36
2025-06-29 18:33:08,532{GMT}	INFO	[jepsen worker 0] jepsen.util: 0	:invoke	:broadcast	37
2025-06-29 18:33:08,534{GMT}	INFO	[jepsen worker 0] jepsen.util: 0	:ok	:broadcast	37
2025-06-29 18:33:08,701{GMT}	INFO	[jepsen worker 1] jepsen.util: 1	:invoke	:broadcast	38
2025-06-29 18:33:08,704{GMT}	INFO	[jepsen worker 1] jepsen.util: 1	:ok	:broadcast	38
2025-06-29 18:33:08,817{GMT}	INFO	[jepsen worker 2] jepsen.util: 2	:invoke	:broadcast	39
2025-06-29 18:33:08,818{GMT}	INFO	[jepsen worker 2] jepsen.util: 2	:ok	:broadcast	39
2025-06-29 18:33:08,935{GMT}	INFO	[jepsen worker 3] jepsen.util: 3	:invoke	:broadcast	40
2025-06-29 18:33:08,937{GMT}	INFO	[jepsen worker 3] jepsen.util: 3	:ok	:broadcast	40
2025-06-29 18:33:09,109{GMT}	INFO	[jepsen worker 4] jepsen.util: 4	:invoke	:broadcast	41
2025-06-29 18:33:09,110{GMT}	INFO	[jepsen worker 4] jepsen.util: 4	:ok	:broadcast	41
2025-06-29 18:33:09,120{GMT}	INFO	[jepsen worker 0] jepsen.util: 0	:invoke	:broadcast	42
2025-06-29 18:33:09,121{GMT}	INFO	[jepsen worker 0] jepsen.util: 0	:ok	:broadcast	42
2025-06-29 18:33:09,321{GMT}	INFO	[jepsen worker 0] jepsen.util: 0	:invoke	:broadcast	43
2025-06-29 18:33:09,323{GMT}	INFO	[jepsen worker 0] jepsen.util: 0	:ok	:broadcast	43
2025-06-29 18:33:09,365{GMT}	INFO	[jepsen worker 1] jepsen.util: 1	:invoke	:read	nil
2025-06-29 18:33:09,367{GMT}	INFO	[jepsen worker 1] jepsen.util: 1	:ok	:read	[0 1 3 2 4 5 6 7 10 8 9 11 12 13 14 15 17 16 18 21 20 19 22 23 24 25 26 28 29 27 30 31 32 33 34 36 37 38 39 40 42]
2025-06-29 18:33:09,544{GMT}	INFO	[jepsen worker 2] jepsen.util: 2	:invoke	:broadcast	44
2025-06-29 18:33:09,546{GMT}	INFO	[jepsen worker 2] jepsen.util: 2	:ok	:broadcast	44
2025-06-29 18:33:09,590{GMT}	INFO	[jepsen worker 3] jepsen.util: 3	:invoke	:read	nil
2025-06-29 18:33:09,592{GMT}	INFO	[jepsen worker 3] jepsen.util: 3	:ok	:read	[0 1 3 4 2 5 6 7 11 8 9 10 12 13 14 15 16 19 17 21 20 18 22 23 24 27 25 28 26 30 29 31 32 33 34 36 37 40 38 42 39 43]
2025-06-29 18:33:09,677{GMT}	INFO	[jepsen worker 4] jepsen.util: 4	:invoke	:read	nil
2025-06-29 18:33:09,678{GMT}	INFO	[jepsen worker 4] jepsen.util: 4	:ok	:read	[3 0 1 2 4 5 6 7 11 10 8 9 12 13 14 15 17 16 20 18 19 21 22 23 24 25 35 41]
2025-06-29 18:33:09,776{GMT}	INFO	[jepsen worker 0] jepsen.util: 0	:invoke	:read	nil
2025-06-29 18:33:09,777{GMT}	INFO	[jepsen worker 0] jepsen.util: 0	:ok	:read	[0 1 4 3 2 5 7 6 8 9 11 10 12 13 14 15 16 17 21 18 19 20 23 24 22 25 28 27 26 30 29 31 32 33 34 36 37 38 40 42 39 43]
2025-06-29 18:33:09,845{GMT}	INFO	[jepsen worker 0] jepsen.util: 0	:invoke	:read	nil
2025-06-29 18:33:09,846{GMT}	INFO	[jepsen worker 0] jepsen.util: 0	:ok	:read	[0 1 4 3 2 5 7 6 8 9 11 10 12 13 14 15 16 17 21 18 19 20 23 24 22 25 28 27 26 30 29 31 32 33 34 36 37 38 40 42 39 43 44]
2025-06-29 18:33:09,945{GMT}	INFO	[jepsen worker 1] jepsen.util: 1	:invoke	:broadcast	45
2025-06-29 18:33:09,947{GMT}	INFO	[jepsen worker 1] jepsen.util: 1	:ok	:broadcast	45
2025-06-29 18:33:10,017{GMT}	INFO	[jepsen worker 2] jepsen.util: 2	:invoke	:broadcast	46
2025-06-29 18:33:10,017{GMT}	INFO	[jepsen worker 2] jepsen.util: 2	:ok	:broadcast	46
2025-06-29 18:33:10,164{GMT}	INFO	[jepsen worker 3] jepsen.util: 3	:invoke	:broadcast	47
2025-06-29 18:33:10,166{GMT}	INFO	[jepsen worker 3] jepsen.util: 3	:ok	:broadcast	47
2025-06-29 18:33:10,295{GMT}	INFO	[jepsen worker 4] jepsen.util: 4	:invoke	:broadcast	48
2025-06-29 18:33:10,296{GMT}	INFO	[jepsen worker 4] jepsen.util: 4	:ok	:broadcast	48
2025-06-29 18:33:10,421{GMT}	INFO	[jepsen worker 0] jepsen.util: 0	:invoke	:broadcast	49
2025-06-29 18:33:10,422{GMT}	INFO	[jepsen worker 0] jepsen.util: 0	:ok	:broadcast	49
2025-06-29 18:33:10,605{GMT}	INFO	[jepsen worker 0] jepsen.util: 0	:invoke	:broadcast	50
2025-06-29 18:33:10,607{GMT}	INFO	[jepsen worker 0] jepsen.util: 0	:ok	:broadcast	50
2025-06-29 18:33:10,717{GMT}	INFO	[jepsen worker 1] jepsen.util: 1	:invoke	:read	nil
2025-06-29 18:33:10,719{GMT}	INFO	[jepsen worker 1] jepsen.util: 1	:ok	:read	[0 1 3 2 4 5 6 7 10 8 9 11 12 13 14 15 17 16 18 21 20 19 22 23 24 25 26 28 29 27 30 31 32 33 34 36 37 38 39 40 42 43 44 45 46 47 49 50]
2025-06-29 18:33:10,918{GMT}	INFO	[jepsen worker 2] jepsen.util: 2	:invoke	:broadcast	51
2025-06-29 18:33:10,919{GMT}	INFO	[jepsen worker 2] jepsen.util: 2	:ok	:broadcast	51
2025-06-29 18:33:10,950{GMT}	INFO	[jepsen worker 3] jepsen.util: 3	:invoke	:read	nil
2025-06-29 18:33:10,951{GMT}	INFO	[jepsen worker 3] jepsen.util: 3	:ok	:read	[0 1 3 4 2 5 6 7 11 8 9 10 12 13 14 15 16 19 17 21 20 18 22 23 24 27 25 28 26 30 29 31 32 33 34 36 37 40 38 42 39 43 44 47 45 46 49 50]
2025-06-29 18:33:11,046{GMT}	INFO	[jepsen worker 4] jepsen.util: 4	:invoke	:broadcast	52
2025-06-29 18:33:11,046{GMT}	INFO	[jepsen worker 4] jepsen.util: 4	:ok	:broadcast	52
2025-06-29 18:33:11,049{GMT}	INFO	[jepsen worker 0] jepsen.util: 0	:invoke	:read	nil
2025-06-29 18:33:11,049{GMT}	INFO	[jepsen worker 0] jepsen.util: 0	:ok	:read	[0 1 4 3 2 5 7 6 8 9 11 10 12 13 14 15 16 17 21 18 19 20 23 24 22 25 28 27 26 30 29 31 32 33 34 36 37 38 40 42 39 43 44 45 47 46 49 50]
2025-06-29 18:33:11,127{GMT}	INFO	[jepsen worker 0] jepsen.util: 0	:invoke	:read	nil
2025-06-29 18:33:11,128{GMT}	INFO	[jepsen worker 0] jepsen.util: 0	:ok	:read	[0 1 4 3 2 5 7 6 8 9 11 10 12 13 14 15 16 17 21 18 19 20 23 24 22 25 28 27 26 30 29 31 32 33 34 36 37 38 40 42 39 43 44 45 47 46 49 50]
2025-06-29 18:33:11,129{GMT}	INFO	[jepsen worker 1] jepsen.util: 1	:invoke	:broadcast	53
2025-06-29 18:33:11,130{GMT}	INFO	[jepsen worker 1] jepsen.util: 1	:ok	:broadcast	53
2025-06-29 18:33:11,152{GMT}	INFO	[jepsen worker 2] jepsen.util: 2	:invoke	:read	nil
2025-06-29 18:33:11,153{GMT}	INFO	[jepsen worker 2] jepsen.util: 2	:ok	:read	[2 0 1 3 4 5 6 7 10 8 9 11 12 13 14 15 18 17 16 21 20 19 22 26 23 24 25 29 28 27 30 32 31 33 34 36 37 38 39 40 42 44 43 45 46 47 49 50 51]
2025-06-29 18:33:11,271{GMT}	INFO	[jepsen worker 3] jepsen.util: 3	:invoke	:read	nil
2025-06-29 18:33:11,272{GMT}	INFO	[jepsen worker 3] jepsen.util: 3	:ok	:read	[0 1 3 4 2 5 6 7 11 8 9 10 12 13 14 15 16 19 17 21 20 18 22 23 24 27 25 28 26 30 29 31 32 33 34 36 37 40 38 42 39 43 44 47 45 46 49 50]
2025-06-29 18:33:11,286{GMT}	INFO	[jepsen worker 4] jepsen.util: 4	:invoke	:read	nil
2025-06-29 18:33:11,288{GMT}	INFO	[jepsen worker 4] jepsen.util: 4	:ok	:read	[3 0 1 2 4 5 6 7 11 10 8 9 12 13 14 15 17 16 20 18 19 21 22 23 24 25 35 41 48 52]
2025-06-29 18:33:11,452{GMT}	INFO	[jepsen worker 0] jepsen.util: 0	:invoke	:broadcast	54
2025-06-29 18:33:11,454{GMT}	INFO	[jepsen worker 0] jepsen.util: 0	:ok	:broadcast	54
2025-06-29 18:33:11,613{GMT}	INFO	[jepsen worker 0] jepsen.util: 0	:invoke	:read	nil
2025-06-29 18:33:11,615{GMT}	INFO	[jepsen worker 0] jepsen.util: 0	:ok	:read	[0 1 4 3 2 5 7 6 8 9 11 10 12 13 14 15 16 17 21 18 19 20 23 24 22 25 28 27 26 30 29 31 32 33 34 36 37 38 40 42 39 43 44 45 47 46 49 50 51 53 54]
2025-06-29 18:33:11,799{GMT}	INFO	[jepsen worker 1] jepsen.util: 1	:invoke	:read	nil
2025-06-29 18:33:11,801{GMT}	INFO	[jepsen worker 1] jepsen.util: 1	:ok	:read	[0 1 3 2 4 5 6 7 10 8 9 11 12 13 14 15 17 16 18 21 20 19 22 23 24 25 26 28 29 27 30 31 32 33 34 36 37 38 39 40 42 43 44 45 46 47 49 50 51 53 54]
2025-06-29 18:33:11,895{GMT}	INFO	[jepsen worker 2] jepsen.util: 2	:invoke	:broadcast	55
2025-06-29 18:33:11,897{GMT}	INFO	[jepsen worker 2] jepsen.util: 2	:ok	:broadcast	55
2025-06-29 18:33:12,084{GMT}	INFO	[jepsen worker 3] jepsen.util: 3	:invoke	:read	nil
2025-06-29 18:33:12,085{GMT}	INFO	[jepsen worker 3] jepsen.util: 3	:ok	:read	[0 1 3 4 2 5 6 7 11 8 9 10 12 13 14 15 16 19 17 21 20 18 22 23 24 27 25 28 26 30 29 31 32 33 34 36 37 40 38 42 39 43 44 47 45 46 49 50 51 53 54]
2025-06-29 18:33:12,112{GMT}	INFO	[jepsen worker 4] jepsen.util: 4	:invoke	:read	nil
2025-06-29 18:33:12,112{GMT}	INFO	[jepsen worker 4] jepsen.util: 4	:ok	:read	[3 0 1 2 4 5 6 7 11 10 8 9 12 13 14 15 17 16 20 18 19 21 22 23 24 25 35 41 48 52]
2025-06-29 18:33:12,241{GMT}	INFO	[jepsen worker 0] jepsen.util: 0	:invoke	:read	nil
2025-06-29 18:33:12,243{GMT}	INFO	[jepsen worker 0] jepsen.util: 0	:ok	:read	[0 1 4 3 2 5 7 6 8 9 11 10 12 13 14 15 16 17 21 18 19 20 23 24 22 25 28 27 26 30 29 31 32 33 34 36 37 38 40 42 39 43 44 45 47 46 49 50 51 53 54 55]
2025-06-29 18:33:12,386{GMT}	INFO	[jepsen worker 0] jepsen.util: 0	:invoke	:broadcast	56
2025-06-29 18:33:12,388{GMT}	INFO	[jepsen worker 0] jepsen.util: 0	:ok	:broadcast	56
2025-06-29 18:33:12,459{GMT}	INFO	[jepsen worker 1] jepsen.util: 1	:invoke	:read	nil
2025-06-29 18:33:12,461{GMT}	INFO	[jepsen worker 1] jepsen.util: 1	:ok	:read	[0 1 3 2 4 5 6 7 10 8 9 11 12 13 14 15 17 16 18 21 20 19 22 23 24 25 26 28 29 27 30 31 32 33 34 36 37 38 39 40 42 43 44 45 46 47 49 50 51 53 54 55 56]
2025-06-29 18:33:12,619{GMT}	INFO	[jepsen worker 2] jepsen.util: 2	:invoke	:broadcast	57
2025-06-29 18:33:12,621{GMT}	INFO	[jepsen worker 2] jepsen.util: 2	:ok	:broadcast	57
2025-06-29 18:33:12,790{GMT}	INFO	[jepsen worker 3] jepsen.util: 3	:invoke	:broadcast	58
2025-06-29 18:33:12,791{GMT}	INFO	[jepsen worker 3] jepsen.util: 3	:ok	:broadcast	58
2025-06-29 18:33:12,933{GMT}	INFO	[jepsen worker 4] jepsen.util: 4	:invoke	:read	nil
2025-06-29 18:33:12,935{GMT}	INFO	[jepsen worker 4] jepsen.util: 4	:ok	:read	[3 0 1 2 4 5 6 7 11 10 8 9 12 13 14 15 17 16 20 18 19 21 22 23 24 25 35 41 48 52]
2025-06-29 18:33:13,058{GMT}	INFO	[jepsen worker 0] jepsen.util: 0	:invoke	:broadcast	59
2025-06-29 18:33:13,059{GMT}	INFO	[jepsen worker 0] jepsen.util: 0	:ok	:broadcast	59
2025-06-29 18:33:13,165{GMT}	INFO	[jepsen worker 0] jepsen.util: 0	:invoke	:broadcast	60
2025-06-29 18:33:13,167{GMT}	INFO	[jepsen worker 0] jepsen.util: 0	:ok	:broadcast	60
2025-06-29 18:33:13,245{GMT}	INFO	[jepsen worker 1] jepsen.util: 1	:invoke	:read	nil
2025-06-29 18:33:13,247{GMT}	INFO	[jepsen worker 1] jepsen.util: 1	:ok	:read	[0 1 3 2 4 5 6 7 10 8 9 11 12 13 14 15 17 16 18 21 20 19 22 23 24 25 26 28 29 27 30 31 32 33 34 36 37 38 39 40 42 43 44 45 46 47 49 50 51 53 54 55 56 57 58 59 60]
2025-06-29 18:33:13,345{GMT}	INFO	[jepsen worker 2] jepsen.util: 2	:invoke	:read	nil
2025-06-29 18:33:13,347{GMT}	INFO	[jepsen worker 2] jepsen.util: 2	:ok	:read	[2 0 1 3 4 5 6 7 10 8 9 11 12 13 14 15 18 17 16 21 20 19 22 26 23 24 25 29 28 27 30 32 31 33 34 36 37 38 39 40 42 44 43 45 46 47 49 50 51 53 54 55 56 57 58]
2025-06-29 18:33:13,393{GMT}	INFO	[jepsen worker nemesis] jepsen.util: :nemesis	:info	:stop-partition	nil
2025-06-29 18:33:13,393{GMT}	INFO	[jepsen worker nemesis] jepsen.util: :nemesis	:info	:stop-partition	:network-healed
2025-06-29 18:33:13,419{GMT}	INFO	[jepsen worker 4] jepsen.util: 4	:invoke	:read	nil
2025-06-29 18:33:13,421{GMT}	INFO	[jepsen worker 4] jepsen.util: 4	:ok	:read	[3 0 1 2 4 5 6 7 11 10 8 9 12 13 14 15 17 16 20 18 19 21 22 23 24 25 35 41 48 52]
2025-06-29 18:33:13,454{GMT}	INFO	[jepsen worker 0] jepsen.util: 0	:invoke	:read	nil
2025-06-29 18:33:13,456{GMT}	INFO	[jepsen worker 0] jepsen.util: 0	:ok	:read	[0 1 4 3 2 5 7 6 8 9 11 10 12 13 14 15 16 17 21 18 19 20 23 24 22 25 28 27 26 30 29 31 32 33 34 36 37 38 40 42 39 43 44 45 47 46 49 50 51 53 54 55 56 58 57 59 60]
2025-06-29 18:33:13,543{GMT}	INFO	[jepsen worker 0] jepsen.util: 0	:invoke	:read	nil
2025-06-29 18:33:13,545{GMT}	INFO	[jepsen worker 0] jepsen.util: 0	:ok	:read	[0 1 4 3 2 5 7 6 8 9 11 10 12 13 14 15 16 17 21 18 19 20 23 24 22 25 28 27 26 30 29 31 32 33 34 36 37 38 40 42 39 43 44 45 47 46 49 50 51 53 54 55 56 58 57 59 60]
2025-06-29 18:33:13,582{GMT}	INFO	[jepsen worker 1] jepsen.util: 1	:invoke	:broadcast	61
2025-06-29 18:33:13,584{GMT}	INFO	[jepsen worker 1] jepsen.util: 1	:ok	:broadcast	61
2025-06-29 18:33:13,771{GMT}	INFO	[jepsen worker 2] jepsen.util: 2	:invoke	:broadcast	62
2025-06-29 18:33:13,773{GMT}	INFO	[jepsen worker 2] jepsen.util: 2	:ok	:broadcast	62
2025-06-29 18:33:13,807{GMT}	INFO	[jepsen worker 3] jepsen.util: 3	:invoke	:read	nil
2025-06-29 18:33:13,810{GMT}	INFO	[jepsen worker 3] jepsen.util: 3	:ok	:read	[0 1 3 4 2 5 6 7 11 8 9 10 12 13 14 15 16 19 17 21 20 18 22 23 24 27 25 28 26 30 29 31 32 33 34 36 37 40 38 42 39 43 44 47 45 46 49 50 51 53 54 55 56 58 57 59 60 35 41 48 52]
2025-06-29 18:33:13,900{GMT}	INFO	[jepsen worker 4] jepsen.util: 4	:invoke	:read	nil
2025-06-29 18:33:13,901{GMT}	INFO	[jepsen worker 4] jepsen.util: 4	:ok	:read	[3 0 1 2 4 5 6 7 11 10 8 9 12 13 14 15 17 16 20 18 19 21 22 23 24 25 35 41 48 52 27 28 26 30 29 31 32 33 34 36 37 40 38 42 39 43 44 47 45 46 49 50 51 53 54 55 56 58 57 59 60 61]
2025-06-29 18:33:13,988{GMT}	INFO	[jepsen worker 0] jepsen.util: 0	:invoke	:read	nil
2025-06-29 18:33:13,990{GMT}	INFO	[jepsen worker 0] jepsen.util: 0	:ok	:read	[0 1 4 3 2 5 7 6 8 9 11 10 12 13 14 15 16 17 21 18 19 20 23 24 22 25 28 27 26 30 29 31 32 33 34 36 37 38 40 42 39 43 44 45 47 46 49 50 51 53 54 55 56 58 57 59 60 35 41 48 52 61]
2025-06-29 18:33:14,066{GMT}	INFO	[jepsen worker 0] jepsen.util: 0	:invoke	:broadcast	63
2025-06-29 18:33:14,067{GMT}	INFO	[jepsen worker 0] jepsen.util: 0	:ok	:broadcast	63
2025-06-29 18:33:14,090{GMT}	INFO	[jepsen worker 1] jepsen.util: 1	:invoke	:broadcast	64
2025-06-29 18:33:14,092{GMT}	INFO	[jepsen worker 1] jepsen.util: 1	:ok	:broadcast	64
2025-06-29 18:33:14,170{GMT}	INFO	[jepsen worker 2] jepsen.util: 2	:invoke	:broadcast	65
2025-06-29 18:33:14,172{GMT}	INFO	[jepsen worker 2] jepsen.util: 2	:ok	:broadcast	65
2025-06-29 18:33:14,204{GMT}	INFO	[jepsen worker 3] jepsen.util: 3	:invoke	:read	nil
2025-06-29 18:33:14,207{GMT}	INFO	[jepsen worker 3] jepsen.util: 3	:ok	:read	[0 1 3 4 2 5 6 7 11 8 9 10 12 13 14 15 16 19 17 21 20 18 22 23 24 27 25 28 26 30 29 31 32 33 34 36 37 40 38 42 39 43 44 47 45 46 49 50 51 53 54 55 56 58 57 59 60 35 41 48 52 61]
2025-06-29 18:33:14,284{GMT}	INFO	[jepsen worker 4] jepsen.util: 4	:invoke	:read	nil
2025-06-29 18:33:14,286{GMT}	INFO	[jepsen worker 4] jepsen.util: 4	:ok	:read	[3 0 1 2 4 5 6 7 11 10 8 9 12 13 14 15 17 16 20 18 19 21 22 23 24 25 35 41 48 52 27 28 26 30 29 31 32 33 34 36 37 40 38 42 39 43 44 47 45 46 49 50 51 53 54 55 56 58 57 59 60 61 62 64]
2025-06-29 18:33:14,439{GMT}	INFO	[jepsen worker 0] jepsen.util: 0	:invoke	:read	nil
2025-06-29 18:33:14,441{GMT}	INFO	[jepsen worker 0] jepsen.util: 0	:ok	:read	[0 1 4 3 2 5 7 6 8 9 11 10 12 13 14 15 16 17 21 18 19 20 23 24 22 25 28 27 26 30 29 31 32 33 34 36 37 38 40 42 39 43 44 45 47 46 49 50 51 53 54 55 56 58 57 59 60 35 41 48 52 61 62 63 64 65]
2025-06-29 18:33:14,464{GMT}	INFO	[jepsen worker 0] jepsen.util: 0	:invoke	:read	nil
2025-06-29 18:33:14,465{GMT}	INFO	[jepsen worker 0] jepsen.util: 0	:ok	:read	[0 1 4 3 2 5 7 6 8 9 11 10 12 13 14 15 16 17 21 18 19 20 23 24 22 25 28 27 26 30 29 31 32 33 34 36 37 38 40 42 39 43 44 45 47 46 49 50 51 53 54 55 56 58 57 59 60 35 41 48 52 61 62 63 64 65]
2025-06-29 18:33:14,629{GMT}	INFO	[jepsen worker 1] jepsen.util: 1	:invoke	:broadcast	66
2025-06-29 18:33:14,630{GMT}	INFO	[jepsen worker 1] jepsen.util: 1	:ok	:broadcast	66
2025-06-29 18:33:14,737{GMT}	INFO	[jepsen worker 2] jepsen.util: 2	:invoke	:read	nil
2025-06-29 18:33:14,738{GMT}	INFO	[jepsen worker 2] jepsen.util: 2	:ok	:read	[2 0 1 3 4 5 6 7 10 8 9 11 12 13 14 15 18 17 16 21 20 19 22 26 23 24 25 29 28 27 30 32 31 33 34 36 37 38 39 40 42 44 43 45 46 47 49 50 51 53 54 55 56 57 58 59 60 35 41 48 52 61 62 65 64 63]
2025-06-29 18:33:14,838{GMT}	INFO	[jepsen worker 3] jepsen.util: 3	:invoke	:broadcast	67
2025-06-29 18:33:14,839{GMT}	INFO	[jepsen worker 3] jepsen.util: 3	:ok	:broadcast	67
2025-06-29 18:33:14,904{GMT}	INFO	[jepsen worker 4] jepsen.util: 4	:invoke	:broadcast	68
2025-06-29 18:33:14,906{GMT}	INFO	[jepsen worker 4] jepsen.util: 4	:ok	:broadcast	68
2025-06-29 18:33:15,048{GMT}	INFO	[jepsen worker 0] jepsen.util: 0	:invoke	:read	nil
2025-06-29 18:33:15,049{GMT}	INFO	[jepsen worker 0] jepsen.util: 0	:ok	:read	[0 1 4 3 2 5 7 6 8 9 11 10 12 13 14 15 16 17 21 18 19 20 23 24 22 25 28 27 26 30 29 31 32 33 34 36 37 38 40 42 39 43 44 45 47 46 49 50 51 53 54 55 56 58 57 59 60 35 41 48 52 61 62 63 64 65 66 67]
2025-06-29 18:33:15,167{GMT}	INFO	[jepsen worker 0] jepsen.util: 0	:invoke	:broadcast	69
2025-06-29 18:33:15,169{GMT}	INFO	[jepsen worker 0] jepsen.util: 0	:ok	:broadcast	69
2025-06-29 18:33:15,266{GMT}	INFO	[jepsen worker 1] jepsen.util: 1	:invoke	:read	nil
2025-06-29 18:33:15,268{GMT}	INFO	[jepsen worker 1] jepsen.util: 1	:ok	:read	[0 1 3 2 4 5 6 7 10 8 9 11 12 13 14 15 17 16 18 21 20 19 22 23 24 25 26 28 29 27 30 31 32 33 34 36 37 38 39 40 42 43 44 45 46 47 49 50 51 53 54 55 56 57 58 59 60 35 41 48 52 61 62 64 65 63 66 68 67 69]
2025-06-29 18:33:15,337{GMT}	INFO	[jepsen worker 2] jepsen.util: 2	:invoke	:read	nil
2025-06-29 18:33:15,339{GMT}	INFO	[jepsen worker 2] jepsen.util: 2	:ok	:read	[2 0 1 3 4 5 6 7 10 8 9 11 12 13 14 15 18 17 16 21 20 19 22 26 23 24 25 29 28 27 30 32 31 33 34 36 37 38 39 40 42 44 43 45 46 47 49 50 51 53 54 55 56 57 58 59 60 35 41 48 52 61 62 65 64 63 66 68]
2025-06-29 18:33:15,483{GMT}	INFO	[jepsen worker 3] jepsen.util: 3	:invoke	:broadcast	70
2025-06-29 18:33:15,483{GMT}	INFO	[jepsen worker 3] jepsen.util: 3	:ok	:broadcast	70
2025-06-29 18:33:15,485{GMT}	INFO	[jepsen worker 4] jepsen.util: 4	:invoke	:read	nil
2025-06-29 18:33:15,485{GMT}	INFO	[jepsen worker 4] jepsen.util: 4	:ok	:read	[3 0 1 2 4 5 6 7 11 10 8 9 12 13 14 15 17 16 20 18 19 21 22 23 24 25 35 41 48 52 27 28 26 30 29 31 32 33 34 36 37 40 38 42 39 43 44 47 45 46 49 50 51 53 54 55 56 58 57 59 60 61 62 64 63 65 66 68 67 69]
2025-06-29 18:33:15,664{GMT}	INFO	[jepsen worker 0] jepsen.util: 0	:invoke	:broadcast	71
2025-06-29 18:33:15,666{GMT}	INFO	[jepsen worker 0] jepsen.util: 0	:ok	:broadcast	71
2025-06-29 18:33:15,788{GMT}	INFO	[jepsen worker 0] jepsen.util: 0	:invoke	:broadcast	72
2025-06-29 18:33:15,789{GMT}	INFO	[jepsen worker 0] jepsen.util: 0	:ok	:broadcast	72
2025-06-29 18:33:15,861{GMT}	INFO	[jepsen worker 1] jepsen.util: 1	:invoke	:read	nil
2025-06-29 18:33:15,865{GMT}	INFO	[jepsen worker 1] jepsen.util: 1	:ok	:read	[0 1 3 2 4 5 6 7 10 8 9 11 12 13 14 15 17 16 18 21 20 19 22 23 24 25 26 28 29 27 30 31 32 33 34 36 37 38 39 40 42 43 44 45 46 47 49 50 51 53 54 55 56 57 58 59 60 35 41 48 52 61 62 64 65 63 66 68 67 69 70 71 72]
2025-06-29 18:33:15,948{GMT}	INFO	[jepsen worker nemesis] jepsen.util: :nemesis	:info	:start-partition	:majorities-ring
2025-06-29 18:33:15,954{GMT}	INFO	[jepsen worker nemesis] jepsen.util: :nemesis	:info	:start-partition	[:isolated {"n2" #{"n1" "n4"}, "n0" #{"n4" "n3"}, "n1" #{"n2" "n3"}, "n4" #{"n2" "n0"}, "n3" #{"n1" "n0"}}]
2025-06-29 18:33:15,996{GMT}	INFO	[jepsen worker 3] jepsen.util: 3	:invoke	:read	nil
2025-06-29 18:33:15,998{GMT}	INFO	[jepsen worker 3] jepsen.util: 3	:ok	:read	[0 1 3 4 2 5 6 7 11 8 9 10 12 13 14 15 16 19 17 21 20 18 22 23 24 27 25 28 26 30 29 31 32 33 34 36 37 40 38 42 39 43 44 47 45 46 49 50 51 53 54 55 56 58 57 59 60 35 41 48 52 61 62 63 64 65 67 66 68 69 70 71 72]
2025-06-29 18:33:16,197{GMT}	INFO	[jepsen worker 4] jepsen.util: 4	:invoke	:read	nil
2025-06-29 18:33:16,199{GMT}	INFO	[jepsen worker 4] jepsen.util: 4	:ok	:read	[3 0 1 2 4 5 6 7 11 10 8 9 12 13 14 15 17 16 20 18 19 21 22 23 24 25 35 41 48 52 27 28 26 30 29 31 32 33 34 36 37 40 38 42 39 43 44 47 45 46 49 50 51 53 54 55 56 58 57 59 60 61 62 64 63 65 66 68 67 69 70 71 72]
2025-06-29 18:33:16,231{GMT}	INFO	[jepsen worker 0] jepsen.util: 0	:invoke	:broadcast	73
2025-06-29 18:33:16,232{GMT}	INFO	[jepsen worker 0] jepsen.util: 0	:ok	:broadcast	73
2025-06-29 18:33:16,234{GMT}	INFO	[jepsen worker 0] jepsen.util: 0	:invoke	:broadcast	74
2025-06-29 18:33:16,235{GMT}	INFO	[jepsen worker 0] jepsen.util: 0	:ok	:broadcast	74
2025-06-29 18:33:16,242{GMT}	INFO	[jepsen worker 1] jepsen.util: 1	:invoke	:broadcast	75
2025-06-29 18:33:16,243{GMT}	INFO	[jepsen worker 1] jepsen.util: 1	:ok	:broadcast	75
2025-06-29 18:33:16,278{GMT}	INFO	[jepsen worker 2] jepsen.util: 2	:invoke	:broadcast	76
2025-06-29 18:33:16,279{GMT}	INFO	[jepsen worker 2] jepsen.util: 2	:ok	:broadcast	76
2025-06-29 18:33:16,410{GMT}	INFO	[jepsen worker 3] jepsen.util: 3	:invoke	:read	nil
2025-06-29 18:33:16,412{GMT}	INFO	[jepsen worker 3] jepsen.util: 3	:ok	:read	[0 1 3 4 2 5 6 7 11 8 9 10 12 13 14 15 16 19 17 21 20 18 22 23 24 27 25 28 26 30 29 31 32 33 34 36 37 40 38 42 39 43 44 47 45 46 49 50 51 53 54 55 56 58 57 59 60 35 41 48 52 61 62 63 64 65 67 66 68 69 70 71 72]
2025-06-29 18:33:16,445{GMT}	INFO	[jepsen worker 4] jepsen.util: 4	:invoke	:read	nil
2025-06-29 18:33:16,446{GMT}	INFO	[jepsen worker 4] jepsen.util: 4	:ok	:read	[3 0 1 2 4 5 6 7 11 10 8 9 12 13 14 15 17 16 20 18 19 21 22 23 24 25 35 41 48 52 27 28 26 30 29 31 32 33 34 36 37 40 38 42 39 43 44 47 45 46 49 50 51 53 54 55 56 58 57 59 60 61 62 64 63 65 66 68 67 69 70 71 72 73 74 75]
2025-06-29 18:33:16,627{GMT}	INFO	[jepsen worker 0] jepsen.util: 0	:invoke	:read	nil
2025-06-29 18:33:16,629{GMT}	INFO	[jepsen worker 0] jepsen.util: 0	:ok	:read	[0 1 4 3 2 5 7 6 8 9 11 10 12 13 14 15 16 17 21 18 19 20 23 24 22 25 28 27 26 30 29 31 32 33 34 36 37 38 40 42 39 43 44 45 47 46 49 50 51 53 54 55 56 58 57 59 60 35 41 48 52 61 62 63 64 65 66 67 69 68 70 71 72 73 74 75]
2025-06-29 18:33:16,756{GMT}	INFO	[jepsen worker 0] jepsen.util: 0	:invoke	:read	nil
2025-06-29 18:33:16,758{GMT}	INFO	[jepsen worker 0] jepsen.util: 0	:ok	:read	[0 1 4 3 2 5 7 6 8 9 11 10 12 13 14 15 16 17 21 18 19 20 23 24 22 25 28 27 26 30 29 31 32 33 34 36 37 38 40 42 39 43 44 45 47 46 49 50 51 53 54 55 56 58 57 59 60 35 41 48 52 61 62 63 64 65 66 67 69 68 70 71 72 73 74 75]
2025-06-29 18:33:16,815{GMT}	INFO	[jepsen worker 1] jepsen.util: 1	:invoke	:read	nil
2025-06-29 18:33:16,817{GMT}	INFO	[jepsen worker 1] jepsen.util: 1	:ok	:read	[0 1 3 2 4 5 6 7 10 8 9 11 12 13 14 15 17 16 18 21 20 19 22 23 24 25 26 28 29 27 30 31 32 33 34 36 37 38 39 40 42 43 44 45 46 47 49 50 51 53 54 55 56 57 58 59 60 35 41 48 52 61 62 64 65 63 66 68 67 69 70 71 72 73 74 75]
2025-06-29 18:33:16,954{GMT}	INFO	[jepsen worker 2] jepsen.util: 2	:invoke	:broadcast	77
2025-06-29 18:33:16,956{GMT}	INFO	[jepsen worker 2] jepsen.util: 2	:ok	:broadcast	77
2025-06-29 18:33:17,005{GMT}	INFO	[jepsen worker 3] jepsen.util: 3	:invoke	:broadcast	78
2025-06-29 18:33:17,006{GMT}	INFO	[jepsen worker 3] jepsen.util: 3	:ok	:broadcast	78
2025-06-29 18:33:17,095{GMT}	INFO	[jepsen worker 4] jepsen.util: 4	:invoke	:broadcast	79
2025-06-29 18:33:17,096{GMT}	INFO	[jepsen worker 4] jepsen.util: 4	:ok	:broadcast	79
2025-06-29 18:33:17,196{GMT}	INFO	[jepsen worker 0] jepsen.util: 0	:invoke	:broadcast	80
2025-06-29 18:33:17,198{GMT}	INFO	[jepsen worker 0] jepsen.util: 0	:ok	:broadcast	80
2025-06-29 18:33:17,256{GMT}	INFO	[jepsen worker 0] jepsen.util: 0	:invoke	:broadcast	81
2025-06-29 18:33:17,257{GMT}	INFO	[jepsen worker 0] jepsen.util: 0	:ok	:broadcast	81
2025-06-29 18:33:17,308{GMT}	INFO	[jepsen worker 1] jepsen.util: 1	:invoke	:broadcast	82
2025-06-29 18:33:17,310{GMT}	INFO	[jepsen worker 1] jepsen.util: 1	:ok	:broadcast	82
2025-06-29 18:33:17,387{GMT}	INFO	[jepsen worker 2] jepsen.util: 2	:invoke	:read	nil
2025-06-29 18:33:17,390{GMT}	INFO	[jepsen worker 2] jepsen.util: 2	:ok	:read	[2 0 1 3 4 5 6 7 10 8 9 11 12 13 14 15 18 17 16 21 20 19 22 26 23 24 25 29 28 27 30 32 31 33 34 36 37 38 39 40 42 44 43 45 46 47 49 50 51 53 54 55 56 57 58 59 60 35 41 48 52 61 62 65 64 63 66 68 67 69 76 77]
2025-06-29 18:33:17,552{GMT}	INFO	[jepsen worker 3] jepsen.util: 3	:invoke	:broadcast	83
2025-06-29 18:33:17,554{GMT}	INFO	[jepsen worker 3] jepsen.util: 3	:ok	:broadcast	83
2025-06-29 18:33:17,587{GMT}	INFO	[jepsen worker 4] jepsen.util: 4	:invoke	:read	nil
2025-06-29 18:33:17,589{GMT}	INFO	[jepsen worker 4] jepsen.util: 4	:ok	:read	[3 0 1 2 4 5 6 7 11 10 8 9 12 13 14 15 17 16 20 18 19 21 22 23 24 25 35 41 48 52 27 28 26 30 29 31 32 33 34 36 37 40 38 42 39 43 44 47 45 46 49 50 51 53 54 55 56 58 57 59 60 61 62 64 63 65 66 68 67 69 70 71 72 73 74 75 78 79 80 82]
2025-06-29 18:33:17,593{GMT}	INFO	[jepsen worker 0] jepsen.util: 0	:invoke	:read	nil
2025-06-29 18:33:17,594{GMT}	INFO	[jepsen worker 0] jepsen.util: 0	:ok	:read	[0 1 4 3 2 5 7 6 8 9 11 10 12 13 14 15 16 17 21 18 19 20 23 24 22 25 28 27 26 30 29 31 32 33 34 36 37 38 40 42 39 43 44 45 47 46 49 50 51 53 54 55 56 58 57 59 60 35 41 48 52 61 62 63 64 65 66 67 69 68 70 71 72 73 74 75 80 81 78 79 82]
2025-06-29 18:33:17,637{GMT}	INFO	[jepsen worker 0] jepsen.util: 0	:invoke	:read	nil
2025-06-29 18:33:17,639{GMT}	INFO	[jepsen worker 0] jepsen.util: 0	:ok	:read	[0 1 4 3 2 5 7 6 8 9 11 10 12 13 14 15 16 17 21 18 19 20 23 24 22 25 28 27 26 30 29 31 32 33 34 36 37 38 40 42 39 43 44 45 47 46 49 50 51 53 54 55 56 58 57 59 60 35 41 48 52 61 62 63 64 65 66 67 69 68 70 71 72 73 74 75 80 81 78 79 82]
2025-06-29 18:33:17,818{GMT}	INFO	[jepsen worker 1] jepsen.util: 1	:invoke	:broadcast	84
2025-06-29 18:33:17,820{GMT}	INFO	[jepsen worker 1] jepsen.util: 1	:ok	:broadcast	84
2025-06-29 18:33:17,928{GMT}	INFO	[jepsen worker 2] jepsen.util: 2	:invoke	:read	nil
2025-06-29 18:33:17,930{GMT}	INFO	[jepsen worker 2] jepsen.util: 2	:ok	:read	[2 0 1 3 4 5 6 7 10 8 9 11 12 13 14 15 18 17 16 21 20 19 22 26 23 24 25 29 28 27 30 32 31 33 34 36 37 38 39 40 42 44 43 45 46 47 49 50 51 53 54 55 56 57 58 59 60 35 41 48 52 61 62 65 64 63 66 68 67 69 76 77]
2025-06-29 18:33:17,971{GMT}	INFO	[jepsen worker 3] jepsen.util: 3	:invoke	:broadcast	85
2025-06-29 18:33:17,973{GMT}	INFO	[jepsen worker 3] jepsen.util: 3	:ok	:broadcast	85
2025-06-29 18:33:18,110{GMT}	INFO	[jepsen worker 4] jepsen.util: 4	:invoke	:broadcast	86
2025-06-29 18:33:18,112{GMT}	INFO	[jepsen worker 4] jepsen.util: 4	:ok	:broadcast	86
2025-06-29 18:33:18,144{GMT}	INFO	[jepsen worker 0] jepsen.util: 0	:invoke	:read	nil
2025-06-29 18:33:18,146{GMT}	INFO	[jepsen worker 0] jepsen.util: 0	:ok	:read	[0 1 4 3 2 5 7 6 8 9 11 10 12 13 14 15 16 17 21 18 19 20 23 24 22 25 28 27 26 30 29 31 32 33 34 36 37 38 40 42 39 43 44 45 47 46 49 50 51 53 54 55 56 58 57 59 60 35 41 48 52 61 62 63 64 65 66 67 69 68 70 71 72 73 74 75 80 81 78 79 82 84 83]
2025-06-29 18:33:18,190{GMT}	INFO	[jepsen worker nemesis] jepsen.util: :nemesis	:info	:stop-partition	nil
2025-06-29 18:33:18,190{GMT}	INFO	[jepsen worker nemesis] jepsen.util: :nemesis	:info	:stop-partition	:network-healed
2025-06-29 18:33:18,237{GMT}	INFO	[jepsen worker 1] jepsen.util: 1	:invoke	:read	nil
2025-06-29 18:33:18,239{GMT}	INFO	[jepsen worker 1] jepsen.util: 1	:ok	:read	[0 1 3 2 4 5 6 7 10 8 9 11 12 13 14 15 17 16 18 21 20 19 22 23 24 25 26 28 29 27 30 31 32 33 34 36 37 38 39 40 42 43 44 45 46 47 49 50 51 53 54 55 56 57 58 59 60 35 41 48 52 61 62 64 65 63 66 68 67 69 70 71 72 73 74 75 80 78 79 82 81 84 83]
2025-06-29 18:33:18,274{GMT}	INFO	[jepsen worker 2] jepsen.util: 2	:invoke	:broadcast	87
2025-06-29 18:33:18,275{GMT}	INFO	[jepsen worker 2] jepsen.util: 2	:ok	:broadcast	87
2025-06-29 18:33:18,454{GMT}	INFO	[jepsen worker 3] jepsen.util: 3	:invoke	:read	nil
2025-06-29 18:33:18,455{GMT}	INFO	[jepsen worker 3] jepsen.util: 3	:ok	:read	[0 1 3 4 2 5 6 7 11 8 9 10 12 13 14 15 16 19 17 21 20 18 22 23 24 27 25 28 26 30 29 31 32 33 34 36 37 40 38 42 39 43 44 47 45 46 49 50 51 53 54 55 56 58 57 59 60 35 41 48 52 61 62 63 64 65 67 66 68 69 70 71 72 73 74 75 78 79 83 80 82 81 85 84 86]
2025-06-29 18:33:18,604{GMT}	INFO	[jepsen worker 4] jepsen.util: 4	:invoke	:read	nil
2025-06-29 18:33:18,606{GMT}	INFO	[jepsen worker 4] jepsen.util: 4	:ok	:read	[3 0 1 2 4 5 6 7 11 10 8 9 12 13 14 15 17 16 20 18 19 21 22 23 24 25 35 41 48 52 27 28 26 30 29 31 32 33 34 36 37 40 38 42 39 43 44 47 45 46 49 50 51 53 54 55 56 58 57 59 60 61 62 64 63 65 66 68 67 69 70 71 72 73 74 75 78 79 80 82 81 83 84 85 86 76 77]
2025-06-29 18:33:18,737{GMT}	INFO	[jepsen worker 0] jepsen.util: 0	:invoke	:broadcast	88
2025-06-29 18:33:18,738{GMT}	INFO	[jepsen worker 0] jepsen.util: 0	:ok	:broadcast	88
2025-06-29 18:33:18,784{GMT}	INFO	[jepsen worker 0] jepsen.util: 0	:invoke	:read	nil
2025-06-29 18:33:18,786{GMT}	INFO	[jepsen worker 0] jepsen.util: 0	:ok	:read	[0 1 4 3 2 5 7 6 8 9 11 10 12 13 14 15 16 17 21 18 19 20 23 24 22 25 28 27 26 30 29 31 32 33 34 36 37 38 40 42 39 43 44 45 47 46 49 50 51 53 54 55 56 58 57 59 60 35 41 48 52 61 62 63 64 65 66 67 69 68 70 71 72 73 74 75 80 81 78 79 82 84 83 85 86 76 77 87 88]
2025-06-29 18:33:18,811{GMT}	INFO	[jepsen worker 1] jepsen.util: 1	:invoke	:read	nil
2025-06-29 18:33:18,813{GMT}	INFO	[jepsen worker 1] jepsen.util: 1	:ok	:read	[0 1 3 2 4 5 6 7 10 8 9 11 12 13 14 15 17 16 18 21 20 19 22 23 24 25 26 28 29 27 30 31 32 33 34 36 37 38 39 40 42 43 44 45 46 47 49 50 51 53 54 55 56 57 58 59 60 35 41 48 52 61 62 64 65 63 66 68 67 69 70 71 72 73 74 75 80 78 79 82 81 84 83 85 86 76 77 87]
2025-06-29 18:33:19,010{GMT}	INFO	[jepsen worker 2] jepsen.util: 2	:invoke	:read	nil
2025-06-29 18:33:19,012{GMT}	INFO	[jepsen worker 2] jepsen.util: 2	:ok	:read	[2 0 1 3 4 5 6 7 10 8 9 11 12 13 14 15 18 17 16 21 20 19 22 26 23 24 25 29 28 27 30 32 31 33 34 36 37 38 39 40 42 44 43 45 46 47 49 50 51 53 54 55 56 57 58 59 60 35 41 48 52 61 62 65 64 63 66 68 67 69 76 77 70 71 72 73 74 75 80 78 79 82 81 84 83 87 85 86]
2025-06-29 18:33:19,173{GMT}	INFO	[jepsen worker 3] jepsen.util: 3	:invoke	:broadcast	89
2025-06-29 18:33:19,175{GMT}	INFO	[jepsen worker 3] jepsen.util: 3	:ok	:broadcast	89
2025-06-29 18:33:19,333{GMT}	INFO	[jepsen worker 4] jepsen.util: 4	:invoke	:read	nil
2025-06-29 18:33:19,334{GMT}	INFO	[jepsen worker 4] jepsen.util: 4	:ok	:read	[3 0 1 2 4 5 6 7 11 10 8 9 12 13 14 15 17 16 20 18 19 21 22 23 24 25 35 41 48 52 27 28 26 30 29 31 32 33 34 36 37 40 38 42 39 43 44 47 45 46 49 50 51 53 54 55 56 58 57 59 60 61 62 64 63 65 66 68 67 69 70 71 72 73 74 75 78 79 80 82 81 83 84 85 86 76 77 87 88 89]
2025-06-29 18:33:19,359{GMT}	INFO	[jepsen worker 0] jepsen.util: 0	:invoke	:read	nil
2025-06-29 18:33:19,360{GMT}	INFO	[jepsen worker 0] jepsen.util: 0	:ok	:read	[0 1 4 3 2 5 7 6 8 9 11 10 12 13 14 15 16 17 21 18 19 20 23 24 22 25 28 27 26 30 29 31 32 33 34 36 37 38 40 42 39 43 44 45 47 46 49 50 51 53 54 55 56 58 57 59 60 35 41 48 52 61 62 63 64 65 66 67 69 68 70 71 72 73 74 75 80 81 78 79 82 84 83 85 86 76 77 87 88 89]
2025-06-29 18:33:19,462{GMT}	INFO	[jepsen worker 0] jepsen.util: 0	:invoke	:read	nil
2025-06-29 18:33:19,463{GMT}	INFO	[jepsen worker 0] jepsen.util: 0	:ok	:read	[0 1 4 3 2 5 7 6 8 9 11 10 12 13 14 15 16 17 21 18 19 20 23 24 22 25 28 27 26 30 29 31 32 33 34 36 37 38 40 42 39 43 44 45 47 46 49 50 51 53 54 55 56 58 57 59 60 35 41 48 52 61 62 63 64 65 66 67 69 68 70 71 72 73 74 75 80 81 78 79 82 84 83 85 86 76 77 87 88 89]
2025-06-29 18:33:19,571{GMT}	INFO	[jepsen worker 1] jepsen.util: 1	:invoke	:read	nil
2025-06-29 18:33:19,572{GMT}	INFO	[jepsen worker 1] jepsen.util: 1	:ok	:read	[0 1 3 2 4 5 6 7 10 8 9 11 12 13 14 15 17 16 18 21 20 19 22 23 24 25 26 28 29 27 30 31 32 33 34 36 37 38 39 40 42 43 44 45 46 47 49 50 51 53 54 55 56 57 58 59 60 35 41 48 52 61 62 64 65 63 66 68 67 69 70 71 72 73 74 75 80 78 79 82 81 84 83 85 86 76 77 87 88 89]
2025-06-29 18:33:19,707{GMT}	INFO	[jepsen worker 2] jepsen.util: 2	:invoke	:read	nil
2025-06-29 18:33:19,707{GMT}	INFO	[jepsen worker 2] jepsen.util: 2	:ok	:read	[2 0 1 3 4 5 6 7 10 8 9 11 12 13 14 15 18 17 16 21 20 19 22 26 23 24 25 29 28 27 30 32 31 33 34 36 37 38 39 40 42 44 43 45 46 47 49 50 51 53 54 55 56 57 58 59 60 35 41 48 52 61 62 65 64 63 66 68 67 69 76 77 70 71 72 73 74 75 80 78 79 82 81 84 83 87 85 86 88 89]
2025-06-29 18:33:19,707{GMT}	INFO	[jepsen worker nemesis] jepsen.util: :nemesis	:info	:stop-partition	nil
2025-06-29 18:33:19,707{GMT}	INFO	[jepsen worker nemesis] jepsen.util: :nemesis	:info	:stop-partition	:network-healed
2025-06-29 18:33:19,708{GMT}	INFO	[jepsen worker 4] jepsen.generator.interpreter: Waiting for recovery...
2025-06-29 18:33:29,718{GMT}	INFO	[jepsen worker 0] jepsen.util: 0	:invoke	:read	nil
2025-06-29 18:33:29,718{GMT}	INFO	[jepsen worker 1] jepsen.util: 1	:invoke	:read	nil
2025-06-29 18:33:29,718{GMT}	INFO	[jepsen worker 3] jepsen.util: 3	:invoke	:read	nil
2025-06-29 18:33:29,718{GMT}	INFO	[jepsen worker 2] jepsen.util: 2	:invoke	:read	nil
2025-06-29 18:33:29,718{GMT}	INFO	[jepsen worker 4] jepsen.util: 4	:invoke	:read	nil
2025-06-29 18:33:29,720{GMT}	INFO	[jepsen worker 1] jepsen.util: 1	:ok	:read	[0 1 3 2 4 5 6 7 10 8 9 11 12 13 14 15 17 16 18 21 20 19 22 23 24 25 26 28 29 27 30 31 32 33 34 36 37 38 39 40 42 43 44 45 46 47 49 50 51 53 54 55 56 57 58 59 60 35 41 48 52 61 62 64 65 63 66 68 67 69 70 71 72 73 74 75 80 78 79 82 81 84 83 85 86 76 77 87 88 89]
2025-06-29 18:33:29,720{GMT}	INFO	[jepsen worker 2] jepsen.util: 2	:ok	:read	[2 0 1 3 4 5 6 7 10 8 9 11 12 13 14 15 18 17 16 21 20 19 22 26 23 24 25 29 28 27 30 32 31 33 34 36 37 38 39 40 42 44 43 45 46 47 49 50 51 53 54 55 56 57 58 59 60 35 41 48 52 61 62 65 64 63 66 68 67 69 76 77 70 71 72 73 74 75 80 78 79 82 81 84 83 87 85 86 88 89]
2025-06-29 18:33:29,720{GMT}	INFO	[jepsen worker 0] jepsen.util: 0	:ok	:read	[0 1 4 3 2 5 7 6 8 9 11 10 12 13 14 15 16 17 21 18 19 20 23 24 22 25 28 27 26 30 29 31 32 33 34 36 37 38 40 42 39 43 44 45 47 46 49 50 51 53 54 55 56 58 57 59 60 35 41 48 52 61 62 63 64 65 66 67 69 68 70 71 72 73 74 75 80 81 78 79 82 84 83 85 86 76 77 87 88 89]
2025-06-29 18:33:29,720{GMT}	INFO	[jepsen worker 3] jepsen.util: 3	:ok	:read	[0 1 3 4 2 5 6 7 11 8 9 10 12 13 14 15 16 19 17 21 20 18 22 23 24 27 25 28 26 30 29 31 32 33 34 36 37 40 38 42 39 43 44 47 45 46 49 50 51 53 54 55 56 58 57 59 60 35 41 48 52 61 62 63 64 65 67 66 68 69 70 71 72 73 74 75 78 79 83 80 82 81 85 84 86 76 77 87 88 89]
2025-06-29 18:33:29,720{GMT}	INFO	[jepsen worker 4] jepsen.util: 4	:ok	:read	[3 0 1 2 4 5 6 7 11 10 8 9 12 13 14 15 17 16 20 18 19 21 22 23 24 25 35 41 48 52 27 28 26 30 29 31 32 33 34 36 37 40 38 42 39 43 44 47 45 46 49 50 51 53 54 55 56 58 57 59 60 61 62 64 63 65 66 68 67 69 70 71 72 73 74 75 78 79 80 82 81 83 84 85 86 76 77 87 88 89]
2025-06-29 18:33:29,740{GMT}	INFO	[jepsen test runner] jepsen.core: Run complete, writing
2025-06-29 18:33:29,798{GMT}	INFO	[jepsen node n0] maelstrom.db: Tearing down n0
2025-06-29 18:33:29,798{GMT}	INFO	[jepsen node n1] maelstrom.db: Tearing down n1
2025-06-29 18:33:29,798{GMT}	INFO	[jepsen node n2] maelstrom.db: Tearing down n2
2025-06-29 18:33:29,798{GMT}	INFO	[jepsen node n3] maelstrom.db: Tearing down n3
2025-06-29 18:33:29,798{GMT}	INFO	[jepsen node n4] maelstrom.db: Tearing down n4
2025-06-29 18:33:31,572{GMT}	INFO	[jepsen node n0] maelstrom.net: Shutting down Maelstrom network
2025-06-29 18:33:31,576{GMT}	INFO	[jepsen test runner] jepsen.core: Analyzing...
2025-06-29 18:33:32,179{GMT}	INFO	[jepsen test runner] jepsen.core: Analysis complete
2025-06-29 18:33:32,200{GMT}	INFO	[jepsen results] jepsen.store: Wrote /Users/anandtrehan/flyio_challenges/maelstrom/store/broadcast/20250629T183257.938-0400/results.edn
2025-06-29 18:33:32,221{GMT}	INFO	[jepsen test runner] jepsen.core: {:perf {:latency-graph {:valid? true},
        :rate-graph {:valid? true},
        :valid? true},
 :timeline {:valid? true},
 :exceptions {:valid? true},
 :stats {:valid? true,
         :count 200,
         :ok-count 200,
         :fail-count 0,
         :info-count 0,
         :by-f {:broadcast {:valid? true,
                            :count 90,
                            :ok-count 90,
                            :fail-count 0,
                            :info-count 0},
                :read {:valid? true,
                       :count 110,
                       :ok-count 110,
                       :fail-count 0,
                       :info-count 0}}},
 :availability {:valid? true, :ok-fraction 1.0},
 :net {:all {:send-count 3166,
             :recv-count 2972,
             :msg-count 3166,
             :msgs-per-op 15.83},
       :clients {:send-count 420, :recv-count 420, :msg-count 420},
       :servers {:send-count 2746,
                 :recv-count 2552,
                 :msg-count 2746,
                 :msgs-per-op 13.73},
       :valid? true},
 :workload {:worst-stale ({:element 26,
                           :outcome :stable,
                           :stable-latency 7169,
                           :lost-latency nil,
                           :known #jepsen.history.Op{:index 125,
                                                     :time 6483975042,
                                                     :type :ok,
                                                     :process 2,
                                                     :f :add,
                                                     :value 26},
                           :last-absent #jepsen.history.Op{:index 260,
                                                           :time 13653323834,
                                                           :type :invoke,
                                                           :process 4,
                                                           :f :read,
                                                           :value nil}}
                          {:element 27,
                           :outcome :stable,
                           :stable-latency 7020,
                           :lost-latency nil,
                           :known #jepsen.history.Op{:index 127,
                                                     :time 6632630167,
                                                     :type :ok,
                                                     :process 3,
                                                     :f :add,
                                                     :value 27},
                           :last-absent #jepsen.history.Op{:index 260,
                                                           :time 13653323834,
                                                           :type :invoke,
                                                           :process 4,
                                                           :f :read,
                                                           :value nil}}
                          {:element 28,
                           :outcome :stable,
                           :stable-latency 6893,
                           :lost-latency nil,
                           :known #jepsen.history.Op{:index 133,
                                                     :time 6760200417,
                                                     :type :ok,
                                                     :process 0,
                                                     :f :add,
                                                     :value 28},
                           :last-absent #jepsen.history.Op{:index 260,
                                                           :time 13653323834,
                                                           :type :invoke,
                                                           :process 4,
                                                           :f :read,
                                                           :value nil}}
                          {:element 29,
                           :outcome :stable,
                           :stable-latency 6697,
                           :lost-latency nil,
                           :known #jepsen.history.Op{:index 137,
                                                     :time 6955480042,
                                                     :type :ok,
                                                     :process 2,
                                                     :f :add,
                                                     :value 29},
                           :last-absent #jepsen.history.Op{:index 260,
                                                           :time 13653323834,
                                                           :type :invoke,
                                                           :process 4,
                                                           :f :read,
                                                           :value nil}}
                          {:element 30,
                           :outcome :stable,
                           :stable-latency 6522,
                           :lost-latency nil,
                           :known #jepsen.history.Op{:index 139,
                                                     :time 7130602542,
                                                     :type :ok,
                                                     :process 3,
                                                     :f :add,
                                                     :value 30},
                           :last-absent #jepsen.history.Op{:index 260,
                                                           :time 13653323834,
                                                           :type :invoke,
                                                           :process 4,
                                                           :f :read,
                                                           :value nil}}
                          {:element 31,
                           :outcome :stable,
                           :stable-latency 6182,
                           :lost-latency nil,
                           :known #jepsen.history.Op{:index 145,
                                                     :time 7471029292,
                                                     :type :ok,
                                                     :process 0,
                                                     :f :add,
                                                     :value 31},
                           :last-absent #jepsen.history.Op{:index 260,
                                                           :time 13653323834,
                                                           :type :invoke,
                                                           :process 4,
                                                           :f :read,
                                                           :value nil}}
                          {:element 32,
                           :outcome :stable,
                           :stable-latency 5862,
                           :lost-latency nil,
                           :known #jepsen.history.Op{:index 149,
                                                     :time 7791121917,
                                                     :type :ok,
                                                     :process 2,
                                                     :f :add,
                                                     :value 32},
                           :last-absent #jepsen.history.Op{:index 260,
                                                           :time 13653323834,
                                                           :type :invoke,
                                                           :process 4,
                                                           :f :read,
                                                           :value nil}}
                          {:element 33,
                           :outcome :stable,
                           :stable-latency 5406,
                           :lost-latency nil,
                           :known #jepsen.history.Op{:index 157,
                                                     :time 8246435584,
                                                     :type :ok,
                                                     :process 0,
                                                     :f :add,
                                                     :value 33},
                           :last-absent #jepsen.history.Op{:index 260,
                                                           :time 13653323834,
                                                           :type :invoke,
                                                           :process 4,
                                                           :f :read,
                                                           :value nil}}),
            :duplicated-count 0,
            :valid? true,
            :lost-count 0,
            :lost (),
            :stable-count 90,
            :stale-count 77,
            :stale (0
                    2
                    3
                    6
                    8
                    9
                    10
                    12
                    13
                    14
                    18
                    19
                    20
                    21
                    26
                    27
                    28
                    29
                    30
                    31
                    32
                    33
                    34
                    35
                    36
                    37
                    38
                    39
                    40
                    41
                    42
                    43
                    44
                    45
                    46
                    47
                    48
                    49
                    50
                    51
                    52
                    53
                    54
                    55
                    56
                    57
                    58
                    59
                    60
                    61
                    62
                    63
                    64
                    65
                    66
                    67
                    68
                    69
                    70
                    71
                    72
                    73
                    74
                    75
                    76
                    77
                    78
                    79
                    80
                    81
                    82
                    83
                    84
                    85
                    86
                    87
                    88),
            :never-read-count 0,
            :stable-latencies {0 0,
                               0.5 627,
                               0.95 6522,
                               0.99 7169,
                               1 7169},
            :attempt-count 90,
            :never-read (),
            :duplicated {}},
 :valid? true}


Everything looks good! (`)
