2025-06-29 18:30:28,718{GMT}	INFO	[jepsen test runner] jepsen.core: Command line:
lein run test -w broadcast --bin /Users/anandtrehan/go/bin/maelstrom-broadcast --node-count 5 --time-limit 20 --rate 10 --nemesis partition
2025-06-29 18:30:28,792{GMT}	INFO	[jepsen test runner] jepsen.core: Running test:
{:args []
 :remote
 #jepsen.control.retry.Remote{:remote #jepsen.control.scp.Remote{:cmd-remote #jepsen.control.sshj.SSHJRemote{:concurrency-limit 6,
                                                                                                             :conn-spec nil,
                                                                                                             :client nil,
                                                                                                             :semaphore nil},
                                                                 :conn-spec nil},
                              :conn nil}
 :log-net-send false
 :node-count 5
 :availability nil
 :max-txn-length 4
 :concurrency 5
 :db
 #object[maelstrom.db$db$reify__16142
         "0x33e09baf"
         "maelstrom.db$db$reify__16142@33e09baf"]
 :max-writes-per-key 16
 :leave-db-running? false
 :name "broadcast"
 :logging-json? false
 :start-time
 #object[org.joda.time.DateTime "0x105c253a" "2025-06-29T18:30:28.683-04:00"]
 :nemesis-interval 10
 :net
 #object[maelstrom.net$jepsen_net$reify__15251
         "0x156322ce"
         "maelstrom.net$jepsen_net$reify__15251@156322ce"]
 :client
 #object[maelstrom.workload.broadcast$client$reify__16644
         "0x546f0f36"
         "maelstrom.workload.broadcast$client$reify__16644@546f0f36"]
 :barrier
 #object[java.util.concurrent.CyclicBarrier
         "0x44d5a0a8"
         "java.util.concurrent.CyclicBarrier@44d5a0a8"]
 :log-stderr false
 :pure-generators true
 :ssh {:dummy? true}
 :rate 10.0
 :checker
 #object[jepsen.checker$compose$reify__11881
         "0x35d128fd"
         "jepsen.checker$compose$reify__11881@35d128fd"]
 :argv
 ("test"
  "-w"
  "broadcast"
  "--bin"
  "/Users/anandtrehan/go/bin/maelstrom-broadcast"
  "--node-count"
  "5"
  "--time-limit"
  "20"
  "--rate"
  "10"
  "--nemesis"
  "partition")
 :nemesis
 (jepsen.nemesis.ReflCompose
  {:fm {:start-partition 0,
        :stop-partition 0,
        :kill 1,
        :start 1,
        :pause 1,
        :resume 1},
   :nemeses [#unprintable "jepsen.nemesis.combined$partition_nemesis$reify__16416@39a809db"
             #unprintable "jepsen.nemesis.combined$db_nemesis$reify__16397@1512a767"]})
 :nodes ["n0" "n1" "n2" "n3" "n4"]
 :test-count 1
 :latency {:mean 0, :dist :constant}
 :bin "/Users/anandtrehan/go/bin/maelstrom-broadcast"
 :generator
 ((jepsen.generator.Synchronize
   {:gen (jepsen.generator.TimeLimit
          {:limit 20000000000,
           :cutoff nil,
           :gen (jepsen.generator.Any
                 {:gens [(jepsen.generator.OnThreads
                          {:f #{:nemesis},
                           :context-filter #object[jepsen.generator.context$make_thread_filter$lazy_filter__9167
                                                   "0x5cdb7b"
                                                   "jepsen.generator.context$make_thread_filter$lazy_filter__9167@5cdb7b"],
                           :gen (jepsen.generator.Stagger
                                 {:dt 20000000000,
                                  :next-time nil,
                                  :gen (jepsen.generator.FlipFlop
                                        {:gens [#object[jepsen.nemesis.combined$partition_package$start__16420
                                                        "0x3dcc59f5"
                                                        "jepsen.nemesis.combined$partition_package$start__16420@3dcc59f5"]
                                                ({:type :info,
                                                  :f :stop-partition,
                                                  :value nil}
                                                 {:type :info,
                                                  :f :stop-partition,
                                                  :value nil}
                                                 {:type :info,
                                                  :f :stop-partition,
                                                  :value nil}
                                                 {:type :info,
                                                  :f :stop-partition,
                                                  :value nil}
                                                 {:type :info,
                                                  :f :stop-partition,
                                                  :value nil}
                                                 {:type :info,
                                                  :f :stop-partition,
                                                  :value nil}
                                                 {:type :info,
                                                  :f :stop-partition,
                                                  :value nil}
                                                 {:type :info,
                                                  :f :stop-partition,
                                                  :value nil}
                                                 ...)],
                                         :i 0})})})
                         (jepsen.generator.OnThreads
                          {:f #jepsen.generator.context.AllBut{:element :nemesis},
                           :context-filter #object[jepsen.generator.context$make_thread_filter$lazy_filter__9167
                                                   "0x690337df"
                                                   "jepsen.generator.context$make_thread_filter$lazy_filter__9167@690337df"],
                           :gen (jepsen.generator.Stagger
                                 {:dt 200000000,
                                  :next-time nil,
                                  :gen (jepsen.generator.Mix
                                        {:i 0,
                                         :gens [({:f :broadcast, :value 0}
                                                 {:f :broadcast, :value 1}
                                                 {:f :broadcast, :value 2}
                                                 {:f :broadcast, :value 3}
                                                 {:f :broadcast, :value 4}
                                                 {:f :broadcast, :value 5}
                                                 {:f :broadcast, :value 6}
                                                 {:f :broadcast, :value 7}
                                                 ...)
                                                ({:f :read}
                                                 {:f :read}
                                                 {:f :read}
                                                 {:f :read}
                                                 {:f :read}
                                                 {:f :read}
                                                 {:f :read}
                                                 {:f :read}
                                                 ...)]})})})]})})})
  (jepsen.generator.Synchronize
   {:gen (jepsen.generator.OnThreads
          {:f #{:nemesis},
           :context-filter #object[jepsen.generator.context$make_thread_filter$lazy_filter__9167
                                   "0xf62ae87"
                                   "jepsen.generator.context$make_thread_filter$lazy_filter__9167@f62ae87"],
           :gen ({:type :info, :f :stop-partition, :value nil})})})
  (jepsen.generator.Synchronize
   {:gen {:type :log, :value "Waiting for recovery..."}})
  (jepsen.generator.Synchronize {:gen {:type :sleep, :value 10}})
  (jepsen.generator.Synchronize
   {:gen (jepsen.generator.OnThreads
          {:f #jepsen.generator.context.AllBut{:element :nemesis},
           :context-filter #object[jepsen.generator.context$make_thread_filter$lazy_filter__9167
                                   "0x50be5d6f"
                                   "jepsen.generator.context$make_thread_filter$lazy_filter__9167@50be5d6f"],
           :gen (jepsen.generator.EachThread
                 {:fresh-gen {:f :read, :final? true},
                  :context-filters #object[clojure.core$promise$reify__8591
                                           "0x48e0e779"
                                           {:status :pending, :val nil}],
                  :gens {}})})}))
 :log-net-recv false
 :os
 #object[maelstrom.net$jepsen_os$reify__15254
         "0x38ad8c75"
         "maelstrom.net$jepsen_os$reify__15254@38ad8c75"]
 :time-limit 20
 :workload :broadcast
 :consistency-models [:strict-serializable]
 :topology :grid}

2025-06-29 18:30:29,964{GMT}	INFO	[jepsen node n0] maelstrom.net: Starting Maelstrom network
2025-06-29 18:30:29,965{GMT}	INFO	[jepsen test runner] jepsen.db: Tearing down DB
2025-06-29 18:30:29,966{GMT}	INFO	[jepsen test runner] jepsen.db: Setting up DB
2025-06-29 18:30:29,967{GMT}	INFO	[jepsen node n1] maelstrom.db: Setting up n1
2025-06-29 18:30:29,967{GMT}	INFO	[jepsen node n2] maelstrom.db: Setting up n2
2025-06-29 18:30:29,967{GMT}	INFO	[jepsen node n3] maelstrom.db: Setting up n3
2025-06-29 18:30:29,967{GMT}	INFO	[jepsen node n4] maelstrom.db: Setting up n4
2025-06-29 18:30:29,967{GMT}	INFO	[jepsen node n4] maelstrom.process: launching /Users/anandtrehan/go/bin/maelstrom-broadcast []
2025-06-29 18:30:29,967{GMT}	INFO	[jepsen node n3] maelstrom.process: launching /Users/anandtrehan/go/bin/maelstrom-broadcast []
2025-06-29 18:30:29,967{GMT}	INFO	[jepsen node n2] maelstrom.process: launching /Users/anandtrehan/go/bin/maelstrom-broadcast []
2025-06-29 18:30:29,968{GMT}	INFO	[jepsen node n1] maelstrom.process: launching /Users/anandtrehan/go/bin/maelstrom-broadcast []
2025-06-29 18:30:29,969{GMT}	INFO	[jepsen node n0] maelstrom.service: Starting services: (lin-kv lin-tso lww-kv seq-kv)
2025-06-29 18:30:29,971{GMT}	INFO	[jepsen node n0] maelstrom.db: Setting up n0
2025-06-29 18:30:29,971{GMT}	INFO	[jepsen node n0] maelstrom.process: launching /Users/anandtrehan/go/bin/maelstrom-broadcast []
2025-06-29 18:30:30,264{GMT}	INFO	[jepsen test runner] jepsen.core: Relative time begins now
2025-06-29 18:30:30,279{GMT}	INFO	[jepsen worker 0] jepsen.util: 0	:invoke	:broadcast	0
2025-06-29 18:30:30,279{GMT}	INFO	[jepsen worker nemesis] jepsen.util: :nemesis	:info	:start-partition	:one
2025-06-29 18:30:30,281{GMT}	INFO	[jepsen worker 0] jepsen.util: 0	:ok	:broadcast	0
2025-06-29 18:30:30,282{GMT}	INFO	[jepsen worker nemesis] jepsen.util: :nemesis	:info	:start-partition	[:isolated {"n4" #{"n2" "n1" "n0" "n3"}, "n2" #{"n4"}, "n1" #{"n4"}, "n0" #{"n4"}, "n3" #{"n4"}}]
2025-06-29 18:30:30,320{GMT}	INFO	[jepsen worker 2] jepsen.util: 2	:invoke	:read	nil
2025-06-29 18:30:30,322{GMT}	INFO	[jepsen worker 2] jepsen.util: 2	:ok	:read	[]
2025-06-29 18:30:30,399{GMT}	INFO	[jepsen worker 3] jepsen.util: 3	:invoke	:read	nil
2025-06-29 18:30:30,401{GMT}	INFO	[jepsen worker 3] jepsen.util: 3	:ok	:read	[]
2025-06-29 18:30:30,510{GMT}	INFO	[jepsen worker 4] jepsen.util: 4	:invoke	:broadcast	1
2025-06-29 18:30:30,514{GMT}	INFO	[jepsen worker 4] jepsen.util: 4	:ok	:broadcast	1
2025-06-29 18:30:30,636{GMT}	INFO	[jepsen worker 0] jepsen.util: 0	:invoke	:broadcast	2
2025-06-29 18:30:30,639{GMT}	INFO	[jepsen worker 0] jepsen.util: 0	:ok	:broadcast	2
2025-06-29 18:30:30,671{GMT}	INFO	[jepsen worker 0] jepsen.util: 0	:invoke	:broadcast	3
2025-06-29 18:30:30,673{GMT}	INFO	[jepsen worker 0] jepsen.util: 0	:ok	:broadcast	3
2025-06-29 18:30:30,820{GMT}	INFO	[jepsen worker 1] jepsen.util: 1	:invoke	:broadcast	4
2025-06-29 18:30:30,823{GMT}	INFO	[jepsen worker 1] jepsen.util: 1	:ok	:broadcast	4
2025-06-29 18:30:30,897{GMT}	INFO	[jepsen worker 2] jepsen.util: 2	:invoke	:broadcast	5
2025-06-29 18:30:30,898{GMT}	INFO	[jepsen worker 2] jepsen.util: 2	:ok	:broadcast	5
2025-06-29 18:30:31,011{GMT}	INFO	[jepsen worker 3] jepsen.util: 3	:invoke	:read	nil
2025-06-29 18:30:31,013{GMT}	INFO	[jepsen worker 3] jepsen.util: 3	:ok	:read	[0 2 3]
2025-06-29 18:30:31,182{GMT}	INFO	[jepsen worker 4] jepsen.util: 4	:invoke	:read	nil
2025-06-29 18:30:31,185{GMT}	INFO	[jepsen worker 4] jepsen.util: 4	:ok	:read	[1]
2025-06-29 18:30:31,251{GMT}	INFO	[jepsen worker 0] jepsen.util: 0	:invoke	:read	nil
2025-06-29 18:30:31,252{GMT}	INFO	[jepsen worker 0] jepsen.util: 0	:ok	:read	[0 2 3]
2025-06-29 18:30:31,443{GMT}	INFO	[jepsen worker 0] jepsen.util: 0	:invoke	:read	nil
2025-06-29 18:30:31,445{GMT}	INFO	[jepsen worker 0] jepsen.util: 0	:ok	:read	[0 2 3]
2025-06-29 18:30:31,652{GMT}	INFO	[jepsen worker 1] jepsen.util: 1	:invoke	:read	nil
2025-06-29 18:30:31,658{GMT}	INFO	[jepsen worker 1] jepsen.util: 1	:ok	:read	[0 2 3 4]
2025-06-29 18:30:31,674{GMT}	INFO	[jepsen worker 2] jepsen.util: 2	:invoke	:read	nil
2025-06-29 18:30:31,682{GMT}	INFO	[jepsen worker 2] jepsen.util: 2	:ok	:read	[5]
2025-06-29 18:30:31,835{GMT}	INFO	[jepsen worker 3] jepsen.util: 3	:invoke	:read	nil
2025-06-29 18:30:31,836{GMT}	INFO	[jepsen worker 3] jepsen.util: 3	:ok	:read	[0 2 3]
2025-06-29 18:30:32,037{GMT}	INFO	[jepsen worker 4] jepsen.util: 4	:invoke	:broadcast	6
2025-06-29 18:30:32,038{GMT}	INFO	[jepsen worker 4] jepsen.util: 4	:ok	:broadcast	6
2025-06-29 18:30:32,131{GMT}	INFO	[jepsen worker 0] jepsen.util: 0	:invoke	:read	nil
2025-06-29 18:30:32,133{GMT}	INFO	[jepsen worker 0] jepsen.util: 0	:ok	:read	[0 2 3]
2025-06-29 18:30:32,306{GMT}	INFO	[jepsen worker 0] jepsen.util: 0	:invoke	:broadcast	7
2025-06-29 18:30:32,309{GMT}	INFO	[jepsen worker 0] jepsen.util: 0	:ok	:broadcast	7
2025-06-29 18:30:32,437{GMT}	INFO	[jepsen worker 1] jepsen.util: 1	:invoke	:broadcast	8
2025-06-29 18:30:32,439{GMT}	INFO	[jepsen worker 1] jepsen.util: 1	:ok	:broadcast	8
2025-06-29 18:30:32,445{GMT}	INFO	[jepsen worker 2] jepsen.util: 2	:invoke	:broadcast	9
2025-06-29 18:30:32,446{GMT}	INFO	[jepsen worker 2] jepsen.util: 2	:ok	:broadcast	9
2025-06-29 18:30:32,621{GMT}	INFO	[jepsen worker 3] jepsen.util: 3	:invoke	:read	nil
2025-06-29 18:30:32,623{GMT}	INFO	[jepsen worker 3] jepsen.util: 3	:ok	:read	[0 2 3]
2025-06-29 18:30:32,739{GMT}	INFO	[jepsen worker 4] jepsen.util: 4	:invoke	:broadcast	10
2025-06-29 18:30:32,740{GMT}	INFO	[jepsen worker 4] jepsen.util: 4	:ok	:broadcast	10
2025-06-29 18:30:32,831{GMT}	INFO	[jepsen worker 0] jepsen.util: 0	:invoke	:broadcast	11
2025-06-29 18:30:32,834{GMT}	INFO	[jepsen worker 0] jepsen.util: 0	:ok	:broadcast	11
2025-06-29 18:30:32,863{GMT}	INFO	[jepsen worker 0] jepsen.util: 0	:invoke	:broadcast	12
2025-06-29 18:30:32,865{GMT}	INFO	[jepsen worker 0] jepsen.util: 0	:ok	:broadcast	12
2025-06-29 18:30:32,875{GMT}	INFO	[jepsen worker 1] jepsen.util: 1	:invoke	:read	nil
2025-06-29 18:30:32,876{GMT}	INFO	[jepsen worker 1] jepsen.util: 1	:ok	:read	[0 2 3 4 8]
2025-06-29 18:30:33,033{GMT}	INFO	[jepsen worker 2] jepsen.util: 2	:invoke	:broadcast	13
2025-06-29 18:30:33,036{GMT}	INFO	[jepsen worker 2] jepsen.util: 2	:ok	:broadcast	13
2025-06-29 18:30:33,109{GMT}	INFO	[jepsen worker 3] jepsen.util: 3	:invoke	:broadcast	14
2025-06-29 18:30:33,111{GMT}	INFO	[jepsen worker 3] jepsen.util: 3	:ok	:broadcast	14
2025-06-29 18:30:33,247{GMT}	INFO	[jepsen worker 4] jepsen.util: 4	:invoke	:broadcast	15
2025-06-29 18:30:33,255{GMT}	INFO	[jepsen worker 4] jepsen.util: 4	:ok	:broadcast	15
2025-06-29 18:30:33,318{GMT}	INFO	[jepsen worker 0] jepsen.util: 0	:invoke	:broadcast	16
2025-06-29 18:30:33,321{GMT}	INFO	[jepsen worker 0] jepsen.util: 0	:ok	:broadcast	16
2025-06-29 18:30:33,420{GMT}	INFO	[jepsen worker 0] jepsen.util: 0	:invoke	:read	nil
2025-06-29 18:30:33,421{GMT}	INFO	[jepsen worker 1] jepsen.util: 1	:invoke	:read	nil
2025-06-29 18:30:33,424{GMT}	INFO	[jepsen worker 0] jepsen.util: 0	:ok	:read	[0 2 3 7 11 12 16]
2025-06-29 18:30:33,425{GMT}	INFO	[jepsen worker 1] jepsen.util: 1	:ok	:read	[0 2 3 4 8]
2025-06-29 18:30:33,615{GMT}	INFO	[jepsen worker 2] jepsen.util: 2	:invoke	:broadcast	17
2025-06-29 18:30:33,619{GMT}	INFO	[jepsen worker 2] jepsen.util: 2	:ok	:broadcast	17
2025-06-29 18:30:33,688{GMT}	INFO	[jepsen worker 3] jepsen.util: 3	:invoke	:read	nil
2025-06-29 18:30:33,691{GMT}	INFO	[jepsen worker 3] jepsen.util: 3	:ok	:read	[0 2 3 14]
2025-06-29 18:30:33,706{GMT}	INFO	[jepsen worker 4] jepsen.util: 4	:invoke	:broadcast	18
2025-06-29 18:30:33,707{GMT}	INFO	[jepsen worker 4] jepsen.util: 4	:ok	:broadcast	18
2025-06-29 18:30:33,805{GMT}	INFO	[jepsen worker 0] jepsen.util: 0	:invoke	:read	nil
2025-06-29 18:30:33,806{GMT}	INFO	[jepsen worker 0] jepsen.util: 0	:ok	:read	[0 2 3 7 11 12 16]
2025-06-29 18:30:33,899{GMT}	INFO	[jepsen worker 0] jepsen.util: 0	:invoke	:broadcast	19
2025-06-29 18:30:33,900{GMT}	INFO	[jepsen worker 0] jepsen.util: 0	:ok	:broadcast	19
2025-06-29 18:30:33,935{GMT}	INFO	[jepsen worker 1] jepsen.util: 1	:invoke	:read	nil
2025-06-29 18:30:33,936{GMT}	INFO	[jepsen worker 1] jepsen.util: 1	:ok	:read	[0 2 3 4 8]
2025-06-29 18:30:34,125{GMT}	INFO	[jepsen worker 2] jepsen.util: 2	:invoke	:broadcast	20
2025-06-29 18:30:34,127{GMT}	INFO	[jepsen worker 2] jepsen.util: 2	:ok	:broadcast	20
2025-06-29 18:30:34,211{GMT}	INFO	[jepsen worker 3] jepsen.util: 3	:invoke	:broadcast	21
2025-06-29 18:30:34,213{GMT}	INFO	[jepsen worker 3] jepsen.util: 3	:ok	:broadcast	21
2025-06-29 18:30:34,282{GMT}	INFO	[jepsen worker 4] jepsen.util: 4	:invoke	:broadcast	22
2025-06-29 18:30:34,285{GMT}	INFO	[jepsen worker 4] jepsen.util: 4	:ok	:broadcast	22
2025-06-29 18:30:34,359{GMT}	INFO	[jepsen worker 0] jepsen.util: 0	:invoke	:broadcast	23
2025-06-29 18:30:34,361{GMT}	INFO	[jepsen worker 0] jepsen.util: 0	:ok	:broadcast	23
2025-06-29 18:30:34,472{GMT}	INFO	[jepsen worker 0] jepsen.util: 0	:invoke	:broadcast	24
2025-06-29 18:30:34,473{GMT}	INFO	[jepsen worker 0] jepsen.util: 0	:ok	:broadcast	24
2025-06-29 18:30:34,534{GMT}	INFO	[jepsen worker 1] jepsen.util: 1	:invoke	:read	nil
2025-06-29 18:30:34,548{GMT}	INFO	[jepsen worker 1] jepsen.util: 1	:ok	:read	[0 2 3 4 8]
2025-06-29 18:30:34,681{GMT}	INFO	[jepsen worker 2] jepsen.util: 2	:invoke	:read	nil
2025-06-29 18:30:34,683{GMT}	INFO	[jepsen worker 2] jepsen.util: 2	:ok	:read	[5 9 13 17 20]
2025-06-29 18:30:34,747{GMT}	INFO	[jepsen worker 3] jepsen.util: 3	:invoke	:broadcast	25
2025-06-29 18:30:34,749{GMT}	INFO	[jepsen worker 3] jepsen.util: 3	:ok	:broadcast	25
2025-06-29 18:30:34,944{GMT}	INFO	[jepsen worker 4] jepsen.util: 4	:invoke	:broadcast	26
2025-06-29 18:30:34,946{GMT}	INFO	[jepsen worker 4] jepsen.util: 4	:ok	:broadcast	26
2025-06-29 18:30:34,973{GMT}	INFO	[jepsen worker 0] jepsen.util: 0	:invoke	:read	nil
2025-06-29 18:30:34,975{GMT}	INFO	[jepsen worker 0] jepsen.util: 0	:ok	:read	[0 2 3 7 11 12 16 19 23 24]
2025-06-29 18:30:35,065{GMT}	INFO	[jepsen worker 0] jepsen.util: 0	:invoke	:read	nil
2025-06-29 18:30:35,067{GMT}	INFO	[jepsen worker 0] jepsen.util: 0	:ok	:read	[0 2 3 7 11 12 16 19 23 24]
2025-06-29 18:30:35,233{GMT}	INFO	[jepsen worker 1] jepsen.util: 1	:invoke	:read	nil
2025-06-29 18:30:35,246{GMT}	INFO	[jepsen worker 1] jepsen.util: 1	:ok	:read	[0 2 3 4 8]
2025-06-29 18:30:35,308{GMT}	INFO	[jepsen worker 2] jepsen.util: 2	:invoke	:broadcast	27
2025-06-29 18:30:35,309{GMT}	INFO	[jepsen worker 2] jepsen.util: 2	:ok	:broadcast	27
2025-06-29 18:30:35,421{GMT}	INFO	[jepsen worker 3] jepsen.util: 3	:invoke	:read	nil
2025-06-29 18:30:35,422{GMT}	INFO	[jepsen worker 3] jepsen.util: 3	:ok	:read	[0 2 3 14 21 25]
2025-06-29 18:30:35,516{GMT}	INFO	[jepsen worker 4] jepsen.util: 4	:invoke	:broadcast	28
2025-06-29 18:30:35,518{GMT}	INFO	[jepsen worker 4] jepsen.util: 4	:ok	:broadcast	28
2025-06-29 18:30:35,687{GMT}	INFO	[jepsen worker 0] jepsen.util: 0	:invoke	:read	nil
2025-06-29 18:30:35,689{GMT}	INFO	[jepsen worker 0] jepsen.util: 0	:ok	:read	[0 2 3 7 11 12 16 19 23 24]
2025-06-29 18:30:35,711{GMT}	INFO	[jepsen worker 0] jepsen.util: 0	:invoke	:read	nil
2025-06-29 18:30:35,712{GMT}	INFO	[jepsen worker 0] jepsen.util: 0	:ok	:read	[0 2 3 7 11 12 16 19 23 24]
2025-06-29 18:30:35,776{GMT}	INFO	[jepsen worker 1] jepsen.util: 1	:invoke	:broadcast	29
2025-06-29 18:30:35,776{GMT}	INFO	[jepsen worker 1] jepsen.util: 1	:ok	:broadcast	29
2025-06-29 18:30:35,928{GMT}	INFO	[jepsen worker 2] jepsen.util: 2	:invoke	:read	nil
2025-06-29 18:30:35,929{GMT}	INFO	[jepsen worker 2] jepsen.util: 2	:ok	:read	[5 9 13 17 20 27]
2025-06-29 18:30:35,981{GMT}	INFO	[jepsen worker 3] jepsen.util: 3	:invoke	:read	nil
2025-06-29 18:30:35,984{GMT}	INFO	[jepsen worker 3] jepsen.util: 3	:ok	:read	[0 2 3 14 21 25]
2025-06-29 18:30:36,090{GMT}	INFO	[jepsen worker 4] jepsen.util: 4	:invoke	:broadcast	30
2025-06-29 18:30:36,092{GMT}	INFO	[jepsen worker 4] jepsen.util: 4	:ok	:broadcast	30
2025-06-29 18:30:36,126{GMT}	INFO	[jepsen worker 0] jepsen.util: 0	:invoke	:read	nil
2025-06-29 18:30:36,129{GMT}	INFO	[jepsen worker 0] jepsen.util: 0	:ok	:read	[0 2 3 7 11 12 16 19 23 24]
2025-06-29 18:30:36,217{GMT}	INFO	[jepsen worker 0] jepsen.util: 0	:invoke	:broadcast	31
2025-06-29 18:30:36,217{GMT}	INFO	[jepsen worker 1] jepsen.util: 1	:invoke	:read	nil
2025-06-29 18:30:36,219{GMT}	INFO	[jepsen worker 0] jepsen.util: 0	:ok	:broadcast	31
2025-06-29 18:30:36,219{GMT}	INFO	[jepsen worker 1] jepsen.util: 1	:ok	:read	[0 2 3 4 8 29]
2025-06-29 18:30:36,247{GMT}	INFO	[jepsen worker 2] jepsen.util: 2	:invoke	:read	nil
2025-06-29 18:30:36,261{GMT}	INFO	[jepsen worker 2] jepsen.util: 2	:ok	:read	[5 9 13 17 20 27]
2025-06-29 18:30:36,272{GMT}	INFO	[jepsen worker 3] jepsen.util: 3	:invoke	:read	nil
2025-06-29 18:30:36,292{GMT}	INFO	[jepsen worker 3] jepsen.util: 3	:ok	:read	[0 2 3 14 21 25]
2025-06-29 18:30:36,346{GMT}	INFO	[jepsen worker 4] jepsen.util: 4	:invoke	:broadcast	32
2025-06-29 18:30:36,347{GMT}	INFO	[jepsen worker 4] jepsen.util: 4	:ok	:broadcast	32
2025-06-29 18:30:36,381{GMT}	INFO	[jepsen worker 0] jepsen.util: 0	:invoke	:read	nil
2025-06-29 18:30:36,381{GMT}	INFO	[jepsen worker 0] jepsen.util: 0	:ok	:read	[0 2 3 7 11 12 16 19 23 24 31]
2025-06-29 18:30:36,397{GMT}	INFO	[jepsen worker 0] jepsen.util: 0	:invoke	:read	nil
2025-06-29 18:30:36,398{GMT}	INFO	[jepsen worker 0] jepsen.util: 0	:ok	:read	[0 2 3 7 11 12 16 19 23 24 31]
2025-06-29 18:30:36,455{GMT}	INFO	[jepsen worker 1] jepsen.util: 1	:invoke	:broadcast	33
2025-06-29 18:30:36,456{GMT}	INFO	[jepsen worker 1] jepsen.util: 1	:ok	:broadcast	33
2025-06-29 18:30:36,590{GMT}	INFO	[jepsen worker 2] jepsen.util: 2	:invoke	:read	nil
2025-06-29 18:30:36,593{GMT}	INFO	[jepsen worker 2] jepsen.util: 2	:ok	:read	[5 9 13 17 20 27]
2025-06-29 18:30:36,710{GMT}	INFO	[jepsen worker 3] jepsen.util: 3	:invoke	:broadcast	34
2025-06-29 18:30:36,712{GMT}	INFO	[jepsen worker 3] jepsen.util: 3	:ok	:broadcast	34
2025-06-29 18:30:36,887{GMT}	INFO	[jepsen worker 4] jepsen.util: 4	:invoke	:broadcast	35
2025-06-29 18:30:36,890{GMT}	INFO	[jepsen worker 4] jepsen.util: 4	:ok	:broadcast	35
2025-06-29 18:30:36,935{GMT}	INFO	[jepsen worker 0] jepsen.util: 0	:invoke	:read	nil
2025-06-29 18:30:36,938{GMT}	INFO	[jepsen worker 0] jepsen.util: 0	:ok	:read	[0 2 3 7 11 12 16 19 23 24 31]
2025-06-29 18:30:37,043{GMT}	INFO	[jepsen worker 0] jepsen.util: 0	:invoke	:broadcast	36
2025-06-29 18:30:37,044{GMT}	INFO	[jepsen worker 0] jepsen.util: 0	:ok	:broadcast	36
2025-06-29 18:30:37,166{GMT}	INFO	[jepsen worker 1] jepsen.util: 1	:invoke	:broadcast	37
2025-06-29 18:30:37,168{GMT}	INFO	[jepsen worker 1] jepsen.util: 1	:ok	:broadcast	37
2025-06-29 18:30:37,241{GMT}	INFO	[jepsen worker 2] jepsen.util: 2	:invoke	:read	nil
2025-06-29 18:30:37,243{GMT}	INFO	[jepsen worker 2] jepsen.util: 2	:ok	:read	[5 9 13 17 20 27]
2025-06-29 18:30:37,259{GMT}	INFO	[jepsen worker 3] jepsen.util: 3	:invoke	:broadcast	38
2025-06-29 18:30:37,261{GMT}	INFO	[jepsen worker 3] jepsen.util: 3	:ok	:broadcast	38
2025-06-29 18:30:37,437{GMT}	INFO	[jepsen worker 4] jepsen.util: 4	:invoke	:broadcast	39
2025-06-29 18:30:37,439{GMT}	INFO	[jepsen worker 4] jepsen.util: 4	:ok	:broadcast	39
2025-06-29 18:30:37,528{GMT}	INFO	[jepsen worker 0] jepsen.util: 0	:invoke	:broadcast	40
2025-06-29 18:30:37,530{GMT}	INFO	[jepsen worker 0] jepsen.util: 0	:ok	:broadcast	40
2025-06-29 18:30:37,704{GMT}	INFO	[jepsen worker 0] jepsen.util: 0	:invoke	:broadcast	41
2025-06-29 18:30:37,706{GMT}	INFO	[jepsen worker 0] jepsen.util: 0	:ok	:broadcast	41
2025-06-29 18:30:37,871{GMT}	INFO	[jepsen worker 1] jepsen.util: 1	:invoke	:broadcast	42
2025-06-29 18:30:37,873{GMT}	INFO	[jepsen worker 1] jepsen.util: 1	:ok	:broadcast	42
2025-06-29 18:30:38,009{GMT}	INFO	[jepsen worker 2] jepsen.util: 2	:invoke	:read	nil
2025-06-29 18:30:38,011{GMT}	INFO	[jepsen worker 2] jepsen.util: 2	:ok	:read	[5 9 13 17 20 27]
2025-06-29 18:30:38,144{GMT}	INFO	[jepsen worker 3] jepsen.util: 3	:invoke	:broadcast	43
2025-06-29 18:30:38,146{GMT}	INFO	[jepsen worker 3] jepsen.util: 3	:ok	:broadcast	43
2025-06-29 18:30:38,191{GMT}	INFO	[jepsen worker 4] jepsen.util: 4	:invoke	:broadcast	44
2025-06-29 18:30:38,193{GMT}	INFO	[jepsen worker 4] jepsen.util: 4	:ok	:broadcast	44
2025-06-29 18:30:38,256{GMT}	INFO	[jepsen worker 0] jepsen.util: 0	:invoke	:broadcast	45
2025-06-29 18:30:38,257{GMT}	INFO	[jepsen worker 0] jepsen.util: 0	:ok	:broadcast	45
2025-06-29 18:30:38,295{GMT}	INFO	[jepsen worker 0] jepsen.util: 0	:invoke	:read	nil
2025-06-29 18:30:38,298{GMT}	INFO	[jepsen worker 0] jepsen.util: 0	:ok	:read	[0 2 3 7 11 12 16 19 23 24 31 36 40 41 45]
2025-06-29 18:30:38,454{GMT}	INFO	[jepsen worker 1] jepsen.util: 1	:invoke	:read	nil
2025-06-29 18:30:38,457{GMT}	INFO	[jepsen worker 1] jepsen.util: 1	:ok	:read	[0 2 3 4 8 29 33 37 42]
2025-06-29 18:30:38,528{GMT}	INFO	[jepsen worker 2] jepsen.util: 2	:invoke	:read	nil
2025-06-29 18:30:38,531{GMT}	INFO	[jepsen worker 2] jepsen.util: 2	:ok	:read	[5 9 13 17 20 27]
2025-06-29 18:30:38,657{GMT}	INFO	[jepsen worker 3] jepsen.util: 3	:invoke	:broadcast	46
2025-06-29 18:30:38,660{GMT}	INFO	[jepsen worker 3] jepsen.util: 3	:ok	:broadcast	46
2025-06-29 18:30:38,746{GMT}	INFO	[jepsen worker 4] jepsen.util: 4	:invoke	:read	nil
2025-06-29 18:30:38,749{GMT}	INFO	[jepsen worker 4] jepsen.util: 4	:ok	:read	[1 6 10 15 18 22 26 28 30 32 35 39 44]
2025-06-29 18:30:38,923{GMT}	INFO	[jepsen worker 0] jepsen.util: 0	:invoke	:broadcast	47
2025-06-29 18:30:38,925{GMT}	INFO	[jepsen worker 0] jepsen.util: 0	:ok	:broadcast	47
2025-06-29 18:30:38,983{GMT}	INFO	[jepsen worker 0] jepsen.util: 0	:invoke	:broadcast	48
2025-06-29 18:30:38,985{GMT}	INFO	[jepsen worker 0] jepsen.util: 0	:ok	:broadcast	48
2025-06-29 18:30:39,086{GMT}	INFO	[jepsen worker 1] jepsen.util: 1	:invoke	:read	nil
2025-06-29 18:30:39,089{GMT}	INFO	[jepsen worker 1] jepsen.util: 1	:ok	:read	[0 2 3 4 8 29 33 37 42]
2025-06-29 18:30:39,097{GMT}	INFO	[jepsen worker 2] jepsen.util: 2	:invoke	:broadcast	49
2025-06-29 18:30:39,099{GMT}	INFO	[jepsen worker 2] jepsen.util: 2	:ok	:broadcast	49
2025-06-29 18:30:39,120{GMT}	INFO	[jepsen worker 3] jepsen.util: 3	:invoke	:broadcast	50
2025-06-29 18:30:39,123{GMT}	INFO	[jepsen worker 3] jepsen.util: 3	:ok	:broadcast	50
2025-06-29 18:30:39,202{GMT}	INFO	[jepsen worker 4] jepsen.util: 4	:invoke	:broadcast	51
2025-06-29 18:30:39,204{GMT}	INFO	[jepsen worker 4] jepsen.util: 4	:ok	:broadcast	51
2025-06-29 18:30:39,282{GMT}	INFO	[jepsen worker 0] jepsen.util: 0	:invoke	:read	nil
2025-06-29 18:30:39,285{GMT}	INFO	[jepsen worker 0] jepsen.util: 0	:ok	:read	[0 2 3 7 11 12 16 19 23 24 31 36 40 41 45 47 48]
2025-06-29 18:30:39,357{GMT}	INFO	[jepsen worker 0] jepsen.util: 0	:invoke	:read	nil
2025-06-29 18:30:39,360{GMT}	INFO	[jepsen worker 0] jepsen.util: 0	:ok	:read	[0 2 3 7 11 12 16 19 23 24 31 36 40 41 45 47 48]
2025-06-29 18:30:39,520{GMT}	INFO	[jepsen worker 1] jepsen.util: 1	:invoke	:broadcast	52
2025-06-29 18:30:39,523{GMT}	INFO	[jepsen worker 1] jepsen.util: 1	:ok	:broadcast	52
2025-06-29 18:30:39,561{GMT}	INFO	[jepsen worker 2] jepsen.util: 2	:invoke	:broadcast	53
2025-06-29 18:30:39,563{GMT}	INFO	[jepsen worker 2] jepsen.util: 2	:ok	:broadcast	53
2025-06-29 18:30:39,627{GMT}	INFO	[jepsen worker 3] jepsen.util: 3	:invoke	:broadcast	54
2025-06-29 18:30:39,629{GMT}	INFO	[jepsen worker 3] jepsen.util: 3	:ok	:broadcast	54
2025-06-29 18:30:39,677{GMT}	INFO	[jepsen worker 4] jepsen.util: 4	:invoke	:broadcast	55
2025-06-29 18:30:39,679{GMT}	INFO	[jepsen worker 4] jepsen.util: 4	:ok	:broadcast	55
2025-06-29 18:30:39,800{GMT}	INFO	[jepsen worker 0] jepsen.util: 0	:invoke	:broadcast	56
2025-06-29 18:30:39,803{GMT}	INFO	[jepsen worker 0] jepsen.util: 0	:ok	:broadcast	56
2025-06-29 18:30:39,817{GMT}	INFO	[jepsen worker 0] jepsen.util: 0	:invoke	:broadcast	57
2025-06-29 18:30:39,819{GMT}	INFO	[jepsen worker 0] jepsen.util: 0	:ok	:broadcast	57
2025-06-29 18:30:39,910{GMT}	INFO	[jepsen worker 1] jepsen.util: 1	:invoke	:read	nil
2025-06-29 18:30:39,913{GMT}	INFO	[jepsen worker 1] jepsen.util: 1	:ok	:read	[0 2 3 4 8 29 33 37 42 52]
2025-06-29 18:30:39,994{GMT}	INFO	[jepsen worker 2] jepsen.util: 2	:invoke	:broadcast	58
2025-06-29 18:30:39,996{GMT}	INFO	[jepsen worker 2] jepsen.util: 2	:ok	:broadcast	58
2025-06-29 18:30:40,177{GMT}	INFO	[jepsen worker 3] jepsen.util: 3	:invoke	:read	nil
2025-06-29 18:30:40,180{GMT}	INFO	[jepsen worker 3] jepsen.util: 3	:ok	:read	[0 2 3 14 21 25 34 38 43 46 50 54]
2025-06-29 18:30:40,231{GMT}	INFO	[jepsen worker 4] jepsen.util: 4	:invoke	:read	nil
2025-06-29 18:30:40,235{GMT}	INFO	[jepsen worker 4] jepsen.util: 4	:ok	:read	[1 6 10 15 18 22 26 28 30 32 35 39 44 51 55]
2025-06-29 18:30:40,305{GMT}	INFO	[jepsen worker 0] jepsen.util: 0	:invoke	:read	nil
2025-06-29 18:30:40,308{GMT}	INFO	[jepsen worker 0] jepsen.util: 0	:ok	:read	[0 2 3 7 11 12 16 19 23 24 31 36 40 41 45 47 48 56 57]
2025-06-29 18:30:40,415{GMT}	INFO	[jepsen worker 0] jepsen.util: 0	:invoke	:read	nil
2025-06-29 18:30:40,416{GMT}	INFO	[jepsen worker 0] jepsen.util: 0	:ok	:read	[0 2 3 7 11 12 16 19 23 24 31 36 40 41 45 47 48 56 57]
2025-06-29 18:30:40,593{GMT}	INFO	[jepsen worker 1] jepsen.util: 1	:invoke	:broadcast	59
2025-06-29 18:30:40,595{GMT}	INFO	[jepsen worker 1] jepsen.util: 1	:ok	:broadcast	59
2025-06-29 18:30:40,612{GMT}	INFO	[jepsen worker 2] jepsen.util: 2	:invoke	:broadcast	60
2025-06-29 18:30:40,613{GMT}	INFO	[jepsen worker 2] jepsen.util: 2	:ok	:broadcast	60
2025-06-29 18:30:40,811{GMT}	INFO	[jepsen worker 3] jepsen.util: 3	:invoke	:read	nil
2025-06-29 18:30:40,813{GMT}	INFO	[jepsen worker 3] jepsen.util: 3	:ok	:read	[0 2 3 14 21 25 34 38 43 46 50 54]
2025-06-29 18:30:40,831{GMT}	INFO	[jepsen worker 4] jepsen.util: 4	:invoke	:broadcast	61
2025-06-29 18:30:40,833{GMT}	INFO	[jepsen worker 4] jepsen.util: 4	:ok	:broadcast	61
2025-06-29 18:30:40,970{GMT}	INFO	[jepsen worker 0] jepsen.util: 0	:invoke	:broadcast	62
2025-06-29 18:30:40,972{GMT}	INFO	[jepsen worker 0] jepsen.util: 0	:ok	:broadcast	62
2025-06-29 18:30:41,058{GMT}	INFO	[jepsen worker 0] jepsen.util: 0	:invoke	:read	nil
2025-06-29 18:30:41,061{GMT}	INFO	[jepsen worker 0] jepsen.util: 0	:ok	:read	[0 2 3 7 11 12 16 19 23 24 31 36 40 41 45 47 48 56 57 62]
2025-06-29 18:30:41,215{GMT}	INFO	[jepsen worker 1] jepsen.util: 1	:invoke	:broadcast	63
2025-06-29 18:30:41,217{GMT}	INFO	[jepsen worker 1] jepsen.util: 1	:ok	:broadcast	63
2025-06-29 18:30:41,225{GMT}	INFO	[jepsen worker 2] jepsen.util: 2	:invoke	:read	nil
2025-06-29 18:30:41,227{GMT}	INFO	[jepsen worker 2] jepsen.util: 2	:ok	:read	[5 9 13 17 20 27 49 53 58 60]
2025-06-29 18:30:41,262{GMT}	INFO	[jepsen worker 3] jepsen.util: 3	:invoke	:read	nil
2025-06-29 18:30:41,264{GMT}	INFO	[jepsen worker 3] jepsen.util: 3	:ok	:read	[0 2 3 14 21 25 34 38 43 46 50 54]
2025-06-29 18:30:41,330{GMT}	INFO	[jepsen worker 4] jepsen.util: 4	:invoke	:read	nil
2025-06-29 18:30:41,332{GMT}	INFO	[jepsen worker 4] jepsen.util: 4	:ok	:read	[1 6 10 15 18 22 26 28 30 32 35 39 44 51 55 61]
2025-06-29 18:30:41,518{GMT}	INFO	[jepsen worker 0] jepsen.util: 0	:invoke	:read	nil
2025-06-29 18:30:41,521{GMT}	INFO	[jepsen worker 0] jepsen.util: 0	:ok	:read	[0 2 3 7 11 12 16 19 23 24 31 36 40 41 45 47 48 56 57 62]
2025-06-29 18:30:41,578{GMT}	INFO	[jepsen worker 0] jepsen.util: 0	:invoke	:read	nil
2025-06-29 18:30:41,581{GMT}	INFO	[jepsen worker 0] jepsen.util: 0	:ok	:read	[0 2 3 7 11 12 16 19 23 24 31 36 40 41 45 47 48 56 57 62]
2025-06-29 18:30:41,771{GMT}	INFO	[jepsen worker 1] jepsen.util: 1	:invoke	:read	nil
2025-06-29 18:30:41,773{GMT}	INFO	[jepsen worker 1] jepsen.util: 1	:ok	:read	[0 2 3 4 8 29 33 37 42 52 59 63]
2025-06-29 18:30:41,887{GMT}	INFO	[jepsen worker 2] jepsen.util: 2	:invoke	:read	nil
2025-06-29 18:30:41,890{GMT}	INFO	[jepsen worker 2] jepsen.util: 2	:ok	:read	[5 9 13 17 20 27 49 53 58 60]
2025-06-29 18:30:41,893{GMT}	INFO	[jepsen worker 3] jepsen.util: 3	:invoke	:read	nil
2025-06-29 18:30:41,895{GMT}	INFO	[jepsen worker 3] jepsen.util: 3	:ok	:read	[0 2 3 14 21 25 34 38 43 46 50 54]
2025-06-29 18:30:42,032{GMT}	INFO	[jepsen worker 4] jepsen.util: 4	:invoke	:read	nil
2025-06-29 18:30:42,034{GMT}	INFO	[jepsen worker 4] jepsen.util: 4	:ok	:read	[1 6 10 15 18 22 26 28 30 32 35 39 44 51 55 61]
2025-06-29 18:30:42,042{GMT}	INFO	[jepsen worker 0] jepsen.util: 0	:invoke	:read	nil
2025-06-29 18:30:42,044{GMT}	INFO	[jepsen worker 0] jepsen.util: 0	:ok	:read	[0 2 3 7 11 12 16 19 23 24 31 36 40 41 45 47 48 56 57 62]
2025-06-29 18:30:42,136{GMT}	INFO	[jepsen worker 0] jepsen.util: 0	:invoke	:broadcast	64
2025-06-29 18:30:42,138{GMT}	INFO	[jepsen worker 0] jepsen.util: 0	:ok	:broadcast	64
2025-06-29 18:30:42,205{GMT}	INFO	[jepsen worker 1] jepsen.util: 1	:invoke	:read	nil
2025-06-29 18:30:42,207{GMT}	INFO	[jepsen worker 1] jepsen.util: 1	:ok	:read	[0 2 3 4 8 29 33 37 42 52 59 63]
2025-06-29 18:30:42,293{GMT}	INFO	[jepsen worker 2] jepsen.util: 2	:invoke	:broadcast	65
2025-06-29 18:30:42,294{GMT}	INFO	[jepsen worker 2] jepsen.util: 2	:ok	:broadcast	65
2025-06-29 18:30:42,459{GMT}	INFO	[jepsen worker 3] jepsen.util: 3	:invoke	:read	nil
2025-06-29 18:30:42,459{GMT}	INFO	[jepsen worker 4] jepsen.util: 4	:invoke	:read	nil
2025-06-29 18:30:42,461{GMT}	INFO	[jepsen worker 3] jepsen.util: 3	:ok	:read	[0 2 3 14 21 25 34 38 43 46 50 54]
2025-06-29 18:30:42,461{GMT}	INFO	[jepsen worker 4] jepsen.util: 4	:ok	:read	[1 6 10 15 18 22 26 28 30 32 35 39 44 51 55 61]
2025-06-29 18:30:42,485{GMT}	INFO	[jepsen worker 0] jepsen.util: 0	:invoke	:read	nil
2025-06-29 18:30:42,485{GMT}	INFO	[jepsen worker 0] jepsen.util: 0	:ok	:read	[0 2 3 7 11 12 16 19 23 24 31 36 40 41 45 47 48 56 57 62 64]
2025-06-29 18:30:42,615{GMT}	INFO	[jepsen worker 0] jepsen.util: 0	:invoke	:read	nil
2025-06-29 18:30:42,616{GMT}	INFO	[jepsen worker 0] jepsen.util: 0	:ok	:read	[0 2 3 7 11 12 16 19 23 24 31 36 40 41 45 47 48 56 57 62 64]
2025-06-29 18:30:42,789{GMT}	INFO	[jepsen worker 1] jepsen.util: 1	:invoke	:broadcast	66
2025-06-29 18:30:42,790{GMT}	INFO	[jepsen worker 1] jepsen.util: 1	:ok	:broadcast	66
2025-06-29 18:30:42,805{GMT}	INFO	[jepsen worker 2] jepsen.util: 2	:invoke	:broadcast	67
2025-06-29 18:30:42,807{GMT}	INFO	[jepsen worker 2] jepsen.util: 2	:ok	:broadcast	67
2025-06-29 18:30:42,881{GMT}	INFO	[jepsen worker 3] jepsen.util: 3	:invoke	:broadcast	68
2025-06-29 18:30:42,883{GMT}	INFO	[jepsen worker 3] jepsen.util: 3	:ok	:broadcast	68
2025-06-29 18:30:43,017{GMT}	INFO	[jepsen worker 4] jepsen.util: 4	:invoke	:broadcast	69
2025-06-29 18:30:43,019{GMT}	INFO	[jepsen worker 4] jepsen.util: 4	:ok	:broadcast	69
2025-06-29 18:30:43,214{GMT}	INFO	[jepsen worker 0] jepsen.util: 0	:invoke	:broadcast	70
2025-06-29 18:30:43,216{GMT}	INFO	[jepsen worker 0] jepsen.util: 0	:ok	:broadcast	70
2025-06-29 18:30:43,293{GMT}	INFO	[jepsen worker 0] jepsen.util: 0	:invoke	:read	nil
2025-06-29 18:30:43,296{GMT}	INFO	[jepsen worker 0] jepsen.util: 0	:ok	:read	[0 2 3 7 11 12 16 19 23 24 31 36 40 41 45 47 48 56 57 62 64 70]
2025-06-29 18:30:43,359{GMT}	INFO	[jepsen worker 1] jepsen.util: 1	:invoke	:read	nil
2025-06-29 18:30:43,362{GMT}	INFO	[jepsen worker 1] jepsen.util: 1	:ok	:read	[0 2 3 4 8 29 33 37 42 52 59 63 66]
2025-06-29 18:30:43,550{GMT}	INFO	[jepsen worker 2] jepsen.util: 2	:invoke	:read	nil
2025-06-29 18:30:43,553{GMT}	INFO	[jepsen worker 2] jepsen.util: 2	:ok	:read	[5 9 13 17 20 27 49 53 58 60 65 67]
2025-06-29 18:30:43,570{GMT}	INFO	[jepsen worker nemesis] jepsen.util: :nemesis	:info	:stop-partition	nil
2025-06-29 18:30:43,571{GMT}	INFO	[jepsen worker nemesis] jepsen.util: :nemesis	:info	:stop-partition	:network-healed
2025-06-29 18:30:43,669{GMT}	INFO	[jepsen worker 4] jepsen.util: 4	:invoke	:read	nil
2025-06-29 18:30:43,671{GMT}	INFO	[jepsen worker 4] jepsen.util: 4	:ok	:read	[1 6 10 15 18 22 26 28 30 32 35 39 44 51 55 61 69]
2025-06-29 18:30:43,699{GMT}	INFO	[jepsen worker 0] jepsen.util: 0	:invoke	:read	nil
2025-06-29 18:30:43,701{GMT}	INFO	[jepsen worker 0] jepsen.util: 0	:ok	:read	[0 2 3 7 11 12 16 19 23 24 31 36 40 41 45 47 48 56 57 62 64 70]
2025-06-29 18:30:43,741{GMT}	INFO	[jepsen worker 0] jepsen.util: 0	:invoke	:read	nil
2025-06-29 18:30:43,743{GMT}	INFO	[jepsen worker 0] jepsen.util: 0	:ok	:read	[0 2 3 7 11 12 16 19 23 24 31 36 40 41 45 47 48 56 57 62 64 70]
2025-06-29 18:30:43,819{GMT}	INFO	[jepsen worker 1] jepsen.util: 1	:invoke	:read	nil
2025-06-29 18:30:43,820{GMT}	INFO	[jepsen worker 1] jepsen.util: 1	:ok	:read	[0 2 3 4 8 29 33 37 42 52 59 63 66]
2025-06-29 18:30:43,991{GMT}	INFO	[jepsen worker 2] jepsen.util: 2	:invoke	:broadcast	71
2025-06-29 18:30:43,992{GMT}	INFO	[jepsen worker 3] jepsen.util: 3	:invoke	:broadcast	72
2025-06-29 18:30:43,993{GMT}	INFO	[jepsen worker 3] jepsen.util: 3	:ok	:broadcast	72
2025-06-29 18:30:43,993{GMT}	INFO	[jepsen worker 2] jepsen.util: 2	:ok	:broadcast	71
2025-06-29 18:30:44,150{GMT}	INFO	[jepsen worker 4] jepsen.util: 4	:invoke	:broadcast	73
2025-06-29 18:30:44,152{GMT}	INFO	[jepsen worker 4] jepsen.util: 4	:ok	:broadcast	73
2025-06-29 18:30:44,230{GMT}	INFO	[jepsen worker 0] jepsen.util: 0	:invoke	:broadcast	74
2025-06-29 18:30:44,232{GMT}	INFO	[jepsen worker 0] jepsen.util: 0	:ok	:broadcast	74
2025-06-29 18:30:44,304{GMT}	INFO	[jepsen worker 0] jepsen.util: 0	:invoke	:broadcast	75
2025-06-29 18:30:44,306{GMT}	INFO	[jepsen worker 0] jepsen.util: 0	:ok	:broadcast	75
2025-06-29 18:30:44,402{GMT}	INFO	[jepsen worker 1] jepsen.util: 1	:invoke	:read	nil
2025-06-29 18:30:44,404{GMT}	INFO	[jepsen worker 1] jepsen.util: 1	:ok	:read	[0 2 3 4 8 29 33 37 42 52 59 63 66]
2025-06-29 18:30:44,544{GMT}	INFO	[jepsen worker 2] jepsen.util: 2	:invoke	:read	nil
2025-06-29 18:30:44,547{GMT}	INFO	[jepsen worker 2] jepsen.util: 2	:ok	:read	[5 9 13 17 20 27 49 53 58 60 65 67 71]
2025-06-29 18:30:44,578{GMT}	INFO	[jepsen worker 3] jepsen.util: 3	:invoke	:broadcast	76
2025-06-29 18:30:44,580{GMT}	INFO	[jepsen worker 3] jepsen.util: 3	:ok	:broadcast	76
2025-06-29 18:30:44,687{GMT}	INFO	[jepsen worker 4] jepsen.util: 4	:invoke	:broadcast	77
2025-06-29 18:30:44,690{GMT}	INFO	[jepsen worker 4] jepsen.util: 4	:ok	:broadcast	77
2025-06-29 18:30:44,702{GMT}	INFO	[jepsen worker 0] jepsen.util: 0	:invoke	:broadcast	78
2025-06-29 18:30:44,703{GMT}	INFO	[jepsen worker 0] jepsen.util: 0	:ok	:broadcast	78
2025-06-29 18:30:44,783{GMT}	INFO	[jepsen worker 0] jepsen.util: 0	:invoke	:read	nil
2025-06-29 18:30:44,785{GMT}	INFO	[jepsen worker 0] jepsen.util: 0	:ok	:read	[0 2 3 7 11 12 16 19 23 24 31 36 40 41 45 47 48 56 57 62 64 70 74 75 78]
2025-06-29 18:30:44,956{GMT}	INFO	[jepsen worker 1] jepsen.util: 1	:invoke	:broadcast	79
2025-06-29 18:30:44,958{GMT}	INFO	[jepsen worker 1] jepsen.util: 1	:ok	:broadcast	79
2025-06-29 18:30:45,112{GMT}	INFO	[jepsen worker 2] jepsen.util: 2	:invoke	:read	nil
2025-06-29 18:30:45,115{GMT}	INFO	[jepsen worker 2] jepsen.util: 2	:ok	:read	[5 9 13 17 20 27 49 53 58 60 65 67 71]
2025-06-29 18:30:45,132{GMT}	INFO	[jepsen worker 3] jepsen.util: 3	:invoke	:read	nil
2025-06-29 18:30:45,134{GMT}	INFO	[jepsen worker 3] jepsen.util: 3	:ok	:read	[0 2 3 14 21 25 34 38 43 46 50 54 68 72 76]
2025-06-29 18:30:45,252{GMT}	INFO	[jepsen worker 4] jepsen.util: 4	:invoke	:read	nil
2025-06-29 18:30:45,255{GMT}	INFO	[jepsen worker 4] jepsen.util: 4	:ok	:read	[1 6 10 15 18 22 26 28 30 32 35 39 44 51 55 61 69 73 77]
2025-06-29 18:30:45,337{GMT}	INFO	[jepsen worker 0] jepsen.util: 0	:invoke	:read	nil
2025-06-29 18:30:45,340{GMT}	INFO	[jepsen worker 0] jepsen.util: 0	:ok	:read	[0 2 3 7 11 12 16 19 23 24 31 36 40 41 45 47 48 56 57 62 64 70 74 75 78]
2025-06-29 18:30:45,454{GMT}	INFO	[jepsen worker 0] jepsen.util: 0	:invoke	:read	nil
2025-06-29 18:30:45,456{GMT}	INFO	[jepsen worker 0] jepsen.util: 0	:ok	:read	[0 2 3 7 11 12 16 19 23 24 31 36 40 41 45 47 48 56 57 62 64 70 74 75 78]
2025-06-29 18:30:45,493{GMT}	INFO	[jepsen worker 1] jepsen.util: 1	:invoke	:broadcast	80
2025-06-29 18:30:45,494{GMT}	INFO	[jepsen worker 1] jepsen.util: 1	:ok	:broadcast	80
2025-06-29 18:30:45,598{GMT}	INFO	[jepsen worker 2] jepsen.util: 2	:invoke	:read	nil
2025-06-29 18:30:45,600{GMT}	INFO	[jepsen worker 2] jepsen.util: 2	:ok	:read	[5 9 13 17 20 27 49 53 58 60 65 67 71]
2025-06-29 18:30:45,671{GMT}	INFO	[jepsen worker 3] jepsen.util: 3	:invoke	:broadcast	81
2025-06-29 18:30:45,673{GMT}	INFO	[jepsen worker 3] jepsen.util: 3	:ok	:broadcast	81
2025-06-29 18:30:45,859{GMT}	INFO	[jepsen worker 4] jepsen.util: 4	:invoke	:broadcast	82
2025-06-29 18:30:45,861{GMT}	INFO	[jepsen worker 4] jepsen.util: 4	:ok	:broadcast	82
2025-06-29 18:30:45,905{GMT}	INFO	[jepsen worker 0] jepsen.util: 0	:invoke	:read	nil
2025-06-29 18:30:45,907{GMT}	INFO	[jepsen worker 0] jepsen.util: 0	:ok	:read	[0 2 3 7 11 12 16 19 23 24 31 36 40 41 45 47 48 56 57 62 64 70 74 75 78]
2025-06-29 18:30:45,983{GMT}	INFO	[jepsen worker 0] jepsen.util: 0	:invoke	:read	nil
2025-06-29 18:30:45,986{GMT}	INFO	[jepsen worker 0] jepsen.util: 0	:ok	:read	[0 2 3 7 11 12 16 19 23 24 31 36 40 41 45 47 48 56 57 62 64 70 74 75 78]
2025-06-29 18:30:46,167{GMT}	INFO	[jepsen worker 1] jepsen.util: 1	:invoke	:read	nil
2025-06-29 18:30:46,169{GMT}	INFO	[jepsen worker 1] jepsen.util: 1	:ok	:read	[0 2 3 4 8 29 33 37 42 52 59 63 66 79 80]
2025-06-29 18:30:46,332{GMT}	INFO	[jepsen worker 2] jepsen.util: 2	:invoke	:broadcast	83
2025-06-29 18:30:46,334{GMT}	INFO	[jepsen worker 2] jepsen.util: 2	:ok	:broadcast	83
2025-06-29 18:30:46,487{GMT}	INFO	[jepsen worker 3] jepsen.util: 3	:invoke	:read	nil
2025-06-29 18:30:46,489{GMT}	INFO	[jepsen worker 3] jepsen.util: 3	:ok	:read	[0 2 3 14 21 25 34 38 43 46 50 54 68 72 76 81]
2025-06-29 18:30:46,521{GMT}	INFO	[jepsen worker 4] jepsen.util: 4	:invoke	:read	nil
2025-06-29 18:30:46,523{GMT}	INFO	[jepsen worker 4] jepsen.util: 4	:ok	:read	[1 6 10 15 18 22 26 28 30 32 35 39 44 51 55 61 69 73 77 82]
2025-06-29 18:30:46,694{GMT}	INFO	[jepsen worker 0] jepsen.util: 0	:invoke	:broadcast	84
2025-06-29 18:30:46,695{GMT}	INFO	[jepsen worker 0] jepsen.util: 0	:ok	:broadcast	84
2025-06-29 18:30:46,728{GMT}	INFO	[jepsen worker 0] jepsen.util: 0	:invoke	:broadcast	85
2025-06-29 18:30:46,730{GMT}	INFO	[jepsen worker 0] jepsen.util: 0	:ok	:broadcast	85
2025-06-29 18:30:46,850{GMT}	INFO	[jepsen worker 1] jepsen.util: 1	:invoke	:broadcast	86
2025-06-29 18:30:46,852{GMT}	INFO	[jepsen worker 1] jepsen.util: 1	:ok	:broadcast	86
2025-06-29 18:30:46,971{GMT}	INFO	[jepsen worker 2] jepsen.util: 2	:invoke	:broadcast	87
2025-06-29 18:30:46,972{GMT}	INFO	[jepsen worker 2] jepsen.util: 2	:ok	:broadcast	87
2025-06-29 18:30:47,062{GMT}	INFO	[jepsen worker 3] jepsen.util: 3	:invoke	:read	nil
2025-06-29 18:30:47,064{GMT}	INFO	[jepsen worker 3] jepsen.util: 3	:ok	:read	[0 2 3 14 21 25 34 38 43 46 50 54 68 72 76 81]
2025-06-29 18:30:47,149{GMT}	INFO	[jepsen worker 4] jepsen.util: 4	:invoke	:broadcast	88
2025-06-29 18:30:47,150{GMT}	INFO	[jepsen worker 4] jepsen.util: 4	:ok	:broadcast	88
2025-06-29 18:30:47,179{GMT}	INFO	[jepsen worker 0] jepsen.util: 0	:invoke	:read	nil
2025-06-29 18:30:47,180{GMT}	INFO	[jepsen worker 0] jepsen.util: 0	:ok	:read	[0 2 3 7 11 12 16 19 23 24 31 36 40 41 45 47 48 56 57 62 64 70 74 75 78 84 85]
2025-06-29 18:30:47,380{GMT}	INFO	[jepsen worker 0] jepsen.util: 0	:invoke	:read	nil
2025-06-29 18:30:47,381{GMT}	INFO	[jepsen worker 0] jepsen.util: 0	:ok	:read	[0 2 3 7 11 12 16 19 23 24 31 36 40 41 45 47 48 56 57 62 64 70 74 75 78 84 85]
2025-06-29 18:30:47,512{GMT}	INFO	[jepsen worker 1] jepsen.util: 1	:invoke	:broadcast	89
2025-06-29 18:30:47,512{GMT}	INFO	[jepsen worker 1] jepsen.util: 1	:ok	:broadcast	89
2025-06-29 18:30:47,651{GMT}	INFO	[jepsen worker 2] jepsen.util: 2	:invoke	:read	nil
2025-06-29 18:30:47,652{GMT}	INFO	[jepsen worker 2] jepsen.util: 2	:ok	:read	[5 9 13 17 20 27 49 53 58 60 65 67 71 83 87]
2025-06-29 18:30:47,751{GMT}	INFO	[jepsen worker 3] jepsen.util: 3	:invoke	:read	nil
2025-06-29 18:30:47,752{GMT}	INFO	[jepsen worker 3] jepsen.util: 3	:ok	:read	[0 2 3 14 21 25 34 38 43 46 50 54 68 72 76 81]
2025-06-29 18:30:47,860{GMT}	INFO	[jepsen worker 4] jepsen.util: 4	:invoke	:read	nil
2025-06-29 18:30:47,861{GMT}	INFO	[jepsen worker 4] jepsen.util: 4	:ok	:read	[1 6 10 15 18 22 26 28 30 32 35 39 44 51 55 61 69 73 77 82 88]
2025-06-29 18:30:47,903{GMT}	INFO	[jepsen worker 0] jepsen.util: 0	:invoke	:broadcast	90
2025-06-29 18:30:47,904{GMT}	INFO	[jepsen worker 0] jepsen.util: 0	:ok	:broadcast	90
2025-06-29 18:30:48,087{GMT}	INFO	[jepsen worker 0] jepsen.util: 0	:invoke	:read	nil
2025-06-29 18:30:48,089{GMT}	INFO	[jepsen worker 0] jepsen.util: 0	:ok	:read	[0 2 3 7 11 12 16 19 23 24 31 36 40 41 45 47 48 56 57 62 64 70 74 75 78 84 85 90]
2025-06-29 18:30:48,203{GMT}	INFO	[jepsen worker 1] jepsen.util: 1	:invoke	:broadcast	91
2025-06-29 18:30:48,205{GMT}	INFO	[jepsen worker 1] jepsen.util: 1	:ok	:broadcast	91
2025-06-29 18:30:48,308{GMT}	INFO	[jepsen worker 2] jepsen.util: 2	:invoke	:read	nil
2025-06-29 18:30:48,310{GMT}	INFO	[jepsen worker 2] jepsen.util: 2	:ok	:read	[5 9 13 17 20 27 49 53 58 60 65 67 71 83 87]
2025-06-29 18:30:48,503{GMT}	INFO	[jepsen worker 3] jepsen.util: 3	:invoke	:broadcast	92
2025-06-29 18:30:48,505{GMT}	INFO	[jepsen worker 3] jepsen.util: 3	:ok	:broadcast	92
2025-06-29 18:30:48,519{GMT}	INFO	[jepsen worker 4] jepsen.util: 4	:invoke	:broadcast	93
2025-06-29 18:30:48,520{GMT}	INFO	[jepsen worker 4] jepsen.util: 4	:ok	:broadcast	93
2025-06-29 18:30:48,628{GMT}	INFO	[jepsen worker 0] jepsen.util: 0	:invoke	:read	nil
2025-06-29 18:30:48,630{GMT}	INFO	[jepsen worker 0] jepsen.util: 0	:ok	:read	[0 2 3 7 11 12 16 19 23 24 31 36 40 41 45 47 48 56 57 62 64 70 74 75 78 84 85 90]
2025-06-29 18:30:48,681{GMT}	INFO	[jepsen worker 0] jepsen.util: 0	:invoke	:broadcast	94
2025-06-29 18:30:48,683{GMT}	INFO	[jepsen worker 0] jepsen.util: 0	:ok	:broadcast	94
2025-06-29 18:30:48,791{GMT}	INFO	[jepsen worker 1] jepsen.util: 1	:invoke	:broadcast	95
2025-06-29 18:30:48,792{GMT}	INFO	[jepsen worker 1] jepsen.util: 1	:ok	:broadcast	95
2025-06-29 18:30:48,987{GMT}	INFO	[jepsen worker 2] jepsen.util: 2	:invoke	:read	nil
2025-06-29 18:30:48,988{GMT}	INFO	[jepsen worker 2] jepsen.util: 2	:ok	:read	[5 9 13 17 20 27 49 53 58 60 65 67 71 83 87]
2025-06-29 18:30:48,992{GMT}	INFO	[jepsen worker 3] jepsen.util: 3	:invoke	:read	nil
2025-06-29 18:30:48,993{GMT}	INFO	[jepsen worker 3] jepsen.util: 3	:ok	:read	[0 2 3 14 21 25 34 38 43 46 50 54 68 72 76 81 92]
2025-06-29 18:30:49,141{GMT}	INFO	[jepsen worker 4] jepsen.util: 4	:invoke	:broadcast	96
2025-06-29 18:30:49,142{GMT}	INFO	[jepsen worker 4] jepsen.util: 4	:ok	:broadcast	96
2025-06-29 18:30:49,144{GMT}	INFO	[jepsen worker 0] jepsen.util: 0	:invoke	:broadcast	97
2025-06-29 18:30:49,145{GMT}	INFO	[jepsen worker 0] jepsen.util: 0	:ok	:broadcast	97
2025-06-29 18:30:49,314{GMT}	INFO	[jepsen worker 0] jepsen.util: 0	:invoke	:broadcast	98
2025-06-29 18:30:49,316{GMT}	INFO	[jepsen worker 0] jepsen.util: 0	:ok	:broadcast	98
2025-06-29 18:30:49,451{GMT}	INFO	[jepsen worker 1] jepsen.util: 1	:invoke	:broadcast	99
2025-06-29 18:30:49,453{GMT}	INFO	[jepsen worker 1] jepsen.util: 1	:ok	:broadcast	99
2025-06-29 18:30:49,545{GMT}	INFO	[jepsen worker 2] jepsen.util: 2	:invoke	:read	nil
2025-06-29 18:30:49,547{GMT}	INFO	[jepsen worker 2] jepsen.util: 2	:ok	:read	[5 9 13 17 20 27 49 53 58 60 65 67 71 83 87]
2025-06-29 18:30:49,727{GMT}	INFO	[jepsen worker 3] jepsen.util: 3	:invoke	:read	nil
2025-06-29 18:30:49,730{GMT}	INFO	[jepsen worker 3] jepsen.util: 3	:ok	:read	[0 2 3 14 21 25 34 38 43 46 50 54 68 72 76 81 92]
2025-06-29 18:30:49,816{GMT}	INFO	[jepsen worker 4] jepsen.util: 4	:invoke	:read	nil
2025-06-29 18:30:49,818{GMT}	INFO	[jepsen worker 4] jepsen.util: 4	:ok	:read	[1 6 10 15 18 22 26 28 30 32 35 39 44 51 55 61 69 73 77 82 88 93 96]
2025-06-29 18:30:49,888{GMT}	INFO	[jepsen worker 0] jepsen.util: 0	:invoke	:broadcast	100
2025-06-29 18:30:49,889{GMT}	INFO	[jepsen worker 0] jepsen.util: 0	:ok	:broadcast	100
2025-06-29 18:30:50,081{GMT}	INFO	[jepsen worker 0] jepsen.util: 0	:invoke	:read	nil
2025-06-29 18:30:50,083{GMT}	INFO	[jepsen worker 0] jepsen.util: 0	:ok	:read	[0 2 3 7 11 12 16 19 23 24 31 36 40 41 45 47 48 56 57 62 64 70 74 75 78 84 85 90 94 97 98 100]
2025-06-29 18:30:50,119{GMT}	INFO	[jepsen worker nemesis] jepsen.util: :nemesis	:info	:start-partition	:one
2025-06-29 18:30:50,122{GMT}	INFO	[jepsen worker nemesis] jepsen.util: :nemesis	:info	:start-partition	[:isolated {"n2" #{"n1" "n4" "n0" "n3"}, "n1" #{"n2"}, "n4" #{"n2"}, "n0" #{"n2"}, "n3" #{"n2"}}]
2025-06-29 18:30:50,227{GMT}	INFO	[jepsen worker 2] jepsen.util: 2	:invoke	:read	nil
2025-06-29 18:30:50,228{GMT}	INFO	[jepsen worker 2] jepsen.util: 2	:ok	:read	[5 9 13 17 20 27 49 53 58 60 65 67 71 83 87]
2025-06-29 18:30:50,228{GMT}	INFO	[jepsen worker nemesis] jepsen.util: :nemesis	:info	:stop-partition	nil
2025-06-29 18:30:50,228{GMT}	INFO	[jepsen worker nemesis] jepsen.util: :nemesis	:info	:stop-partition	:network-healed
2025-06-29 18:30:50,229{GMT}	INFO	[jepsen worker 4] jepsen.generator.interpreter: Waiting for recovery...
2025-06-29 18:31:00,238{GMT}	INFO	[jepsen worker 1] jepsen.util: 1	:invoke	:read	nil
2025-06-29 18:31:00,238{GMT}	INFO	[jepsen worker 2] jepsen.util: 2	:invoke	:read	nil
2025-06-29 18:31:00,238{GMT}	INFO	[jepsen worker 0] jepsen.util: 0	:invoke	:read	nil
2025-06-29 18:31:00,238{GMT}	INFO	[jepsen worker 3] jepsen.util: 3	:invoke	:read	nil
2025-06-29 18:31:00,238{GMT}	INFO	[jepsen worker 4] jepsen.util: 4	:invoke	:read	nil
2025-06-29 18:31:00,241{GMT}	INFO	[jepsen worker 2] jepsen.util: 2	:ok	:read	[5 9 13 17 20 27 49 53 58 60 65 67 71 83 87]
2025-06-29 18:31:00,241{GMT}	INFO	[jepsen worker 3] jepsen.util: 3	:ok	:read	[0 2 3 14 21 25 34 38 43 46 50 54 68 72 76 81 92]
2025-06-29 18:31:00,241{GMT}	INFO	[jepsen worker 4] jepsen.util: 4	:ok	:read	[1 6 10 15 18 22 26 28 30 32 35 39 44 51 55 61 69 73 77 82 88 93 96]
2025-06-29 18:31:00,241{GMT}	INFO	[jepsen worker 0] jepsen.util: 0	:ok	:read	[0 2 3 7 11 12 16 19 23 24 31 36 40 41 45 47 48 56 57 62 64 70 74 75 78 84 85 90 94 97 98 100]
2025-06-29 18:31:00,241{GMT}	INFO	[jepsen worker 1] jepsen.util: 1	:ok	:read	[0 2 3 4 8 29 33 37 42 52 59 63 66 79 80 86 89 91 95 99]
2025-06-29 18:31:00,255{GMT}	INFO	[jepsen test runner] jepsen.core: Run complete, writing
2025-06-29 18:31:00,308{GMT}	INFO	[jepsen node n1] maelstrom.db: Tearing down n1
2025-06-29 18:31:00,308{GMT}	INFO	[jepsen node n3] maelstrom.db: Tearing down n3
2025-06-29 18:31:00,308{GMT}	INFO	[jepsen node n2] maelstrom.db: Tearing down n2
2025-06-29 18:31:00,308{GMT}	INFO	[jepsen node n4] maelstrom.db: Tearing down n4
2025-06-29 18:31:00,308{GMT}	INFO	[jepsen node n0] maelstrom.db: Tearing down n0
2025-06-29 18:31:02,085{GMT}	INFO	[jepsen node n0] maelstrom.net: Shutting down Maelstrom network
2025-06-29 18:31:02,089{GMT}	INFO	[jepsen test runner] jepsen.core: Analyzing...
2025-06-29 18:31:02,545{GMT}	INFO	[jepsen test runner] jepsen.core: Analysis complete
2025-06-29 18:31:02,573{GMT}	INFO	[jepsen results] jepsen.store: Wrote /Users/anandtrehan/flyio_challenges/maelstrom/store/broadcast/20250629T183028.683-0400/results.edn
2025-06-29 18:31:02,597{GMT}	INFO	[jepsen test runner] jepsen.core: {:perf {:latency-graph {:valid? true},
        :rate-graph {:valid? true},
        :valid? true},
 :timeline {:valid? true},
 :exceptions {:valid? true},
 :stats {:valid? true,
         :count 209,
         :ok-count 209,
         :fail-count 0,
         :info-count 0,
         :by-f {:broadcast {:valid? true,
                            :count 101,
                            :ok-count 101,
                            :fail-count 0,
                            :info-count 0},
                :read {:valid? true,
                       :count 108,
                       :ok-count 108,
                       :fail-count 0,
                       :info-count 0}}},
 :availability {:valid? true, :ok-fraction 1.0},
 :net {:all {:send-count 444,
             :recv-count 442,
             :msg-count 444,
             :msgs-per-op 2.1244018},
       :clients {:send-count 438, :recv-count 438, :msg-count 438},
       :servers {:send-count 6,
                 :recv-count 4,
                 :msg-count 6,
                 :msgs-per-op 0.028708134},
       :valid? true},
 :workload {:worst-stale ({:element 0,
                           :outcome :stable,
                           :stable-latency 29956,
                           :lost-latency nil,
                           :known #jepsen.history.Op{:index 3,
                                                     :time 17615292,
                                                     :type :ok,
                                                     :process 0,
                                                     :f :add,
                                                     :value 0},
                           :last-absent #jepsen.history.Op{:index 418,
                                                           :time 29973903875,
                                                           :type :invoke,
                                                           :process 4,
                                                           :f :read,
                                                           :value nil,
                                                           :final? true}}
                          {:element 2,
                           :outcome :stable,
                           :stable-latency 29598,
                           :lost-latency nil,
                           :known #jepsen.history.Op{:index 11,
                                                     :time 375421459,
                                                     :type :ok,
                                                     :process 0,
                                                     :f :add,
                                                     :value 2},
                           :last-absent #jepsen.history.Op{:index 418,
                                                           :time 29973903875,
                                                           :type :invoke,
                                                           :process 4,
                                                           :f :read,
                                                           :value nil,
                                                           :final? true}}
                          {:element 3,
                           :outcome :stable,
                           :stable-latency 29564,
                           :lost-latency nil,
                           :known #jepsen.history.Op{:index 13,
                                                     :time 409093125,
                                                     :type :ok,
                                                     :process 0,
                                                     :f :add,
                                                     :value 3},
                           :last-absent #jepsen.history.Op{:index 418,
                                                           :time 29973903875,
                                                           :type :invoke,
                                                           :process 4,
                                                           :f :read,
                                                           :value nil,
                                                           :final? true}}
                          {:element 14,
                           :outcome :stable,
                           :stable-latency 27126,
                           :lost-latency nil,
                           :known #jepsen.history.Op{:index 55,
                                                     :time 2847696209,
                                                     :type :ok,
                                                     :process 3,
                                                     :f :add,
                                                     :value 14},
                           :last-absent #jepsen.history.Op{:index 419,
                                                           :time 29974026917,
                                                           :type :invoke,
                                                           :process 0,
                                                           :f :read,
                                                           :value nil,
                                                           :final? true}}
                          {:element 21,
                           :outcome :stable,
                           :stable-latency 26024,
                           :lost-latency nil,
                           :known #jepsen.history.Op{:index 79,
                                                     :time 3949760625,
                                                     :type :ok,
                                                     :process 3,
                                                     :f :add,
                                                     :value 21},
                           :last-absent #jepsen.history.Op{:index 419,
                                                           :time 29974026917,
                                                           :type :invoke,
                                                           :process 0,
                                                           :f :read,
                                                           :value nil,
                                                           :final? true}}
                          {:element 25,
                           :outcome :stable,
                           :stable-latency 25489,
                           :lost-latency nil,
                           :known #jepsen.history.Op{:index 91,
                                                     :time 4485008500,
                                                     :type :ok,
                                                     :process 3,
                                                     :f :add,
                                                     :value 25},
                           :last-absent #jepsen.history.Op{:index 419,
                                                           :time 29974026917,
                                                           :type :invoke,
                                                           :process 0,
                                                           :f :read,
                                                           :value nil,
                                                           :final? true}}
                          {:element 34,
                           :outcome :stable,
                           :stable-latency 23525,
                           :lost-latency nil,
                           :known #jepsen.history.Op{:index 139,
                                                     :time 6448569667,
                                                     :type :ok,
                                                     :process 3,
                                                     :f :add,
                                                     :value 34},
                           :last-absent #jepsen.history.Op{:index 419,
                                                           :time 29974026917,
                                                           :type :invoke,
                                                           :process 0,
                                                           :f :read,
                                                           :value nil,
                                                           :final? true}}
                          {:element 38,
                           :outcome :stable,
                           :stable-latency 22976,
                           :lost-latency nil,
                           :known #jepsen.history.Op{:index 151,
                                                     :time 6997957084,
                                                     :type :ok,
                                                     :process 3,
                                                     :f :add,
                                                     :value 38},
                           :last-absent #jepsen.history.Op{:index 419,
                                                           :time 29974026917,
                                                           :type :invoke,
                                                           :process 0,
                                                           :f :read,
                                                           :value nil,
                                                           :final? true}}),
            :duplicated-count 0,
            :valid? false,
            :lost-count 84,
            :lost (1
                   4
                   5
                   6
                   7
                   8
                   9
                   10
                   11
                   12
                   13
                   15
                   16
                   17
                   18
                   19
                   20
                   22
                   23
                   24
                   26
                   27
                   28
                   29
                   30
                   31
                   32
                   33
                   35
                   36
                   37
                   39
                   40
                   41
                   42
                   44
                   45
                   47
                   48
                   49
                   51
                   52
                   53
                   55
                   56
                   57
                   58
                   59
                   60
                   61
                   62
                   63
                   64
                   65
                   66
                   67
                   69
                   70
                   71
                   73
                   74
                   75
                   77
                   78
                   79
                   80
                   82
                   83
                   84
                   85
                   86
                   87
                   88
                   89
                   90
                   91
                   93
                   94
                   95
                   96
                   97
                   98
                   99
                   100),
            :stable-count 17,
            :stale-count 17,
            :stale (0 2 3 14 21 25 34 38 43 46 50 54 68 72 76 81 92),
            :never-read-count 0,
            :stable-latencies {0 11733,
                               0.5 22091,
                               0.95 29956,
                               0.99 29956,
                               1 29956},
            :attempt-count 101,
            :lost-latencies {0 10348,
                             0.5 20711,
                             0.95 27928,
                             0.99 29723,
                             1 29723},
            :never-read (),
            :duplicated {}},
 :valid? false}


Analysis invalid! ( 
