2025-06-27 19:13:46,022{GMT}	INFO	[jepsen test runner] jepsen.core: Command line:
lein run test -w broadcast --bin /Users/anandtrehan/go/bin/maelstrom-broadcast --node-count 5 --time-limit 20 --rate 10 --nemesis partition
2025-06-27 19:13:46,069{GMT}	INFO	[jepsen test runner] jepsen.core: Running test:
{:args []
 :remote
 #jepsen.control.retry.Remote{:remote #jepsen.control.scp.Remote{:cmd-remote #jepsen.control.sshj.SSHJRemote{:concurrency-limit 6,
                                                                                                             :conn-spec nil,
                                                                                                             :client nil,
                                                                                                             :semaphore nil},
                                                                 :conn-spec nil},
                              :conn nil}
 :log-net-send false
 :node-count 5
 :availability nil
 :max-txn-length 4
 :concurrency 5
 :db
 #object[maelstrom.db$db$reify__16142
         "0x33e09baf"
         "maelstrom.db$db$reify__16142@33e09baf"]
 :max-writes-per-key 16
 :leave-db-running? false
 :name "broadcast"
 :logging-json? false
 :start-time
 #object[org.joda.time.DateTime "0x105c253a" "2025-06-27T19:13:45.989-04:00"]
 :nemesis-interval 10
 :net
 #object[maelstrom.net$jepsen_net$reify__15251
         "0x156322ce"
         "maelstrom.net$jepsen_net$reify__15251@156322ce"]
 :client
 #object[maelstrom.workload.broadcast$client$reify__16644
         "0x546f0f36"
         "maelstrom.workload.broadcast$client$reify__16644@546f0f36"]
 :barrier
 #object[java.util.concurrent.CyclicBarrier
         "0x44d5a0a8"
         "java.util.concurrent.CyclicBarrier@44d5a0a8"]
 :log-stderr false
 :pure-generators true
 :ssh {:dummy? true}
 :rate 10.0
 :checker
 #object[jepsen.checker$compose$reify__11881
         "0x35d128fd"
         "jepsen.checker$compose$reify__11881@35d128fd"]
 :argv
 ("test"
  "-w"
  "broadcast"
  "--bin"
  "/Users/anandtrehan/go/bin/maelstrom-broadcast"
  "--node-count"
  "5"
  "--time-limit"
  "20"
  "--rate"
  "10"
  "--nemesis"
  "partition")
 :nemesis
 (jepsen.nemesis.ReflCompose
  {:fm {:start-partition 0,
        :stop-partition 0,
        :kill 1,
        :start 1,
        :pause 1,
        :resume 1},
   :nemeses [#unprintable "jepsen.nemesis.combined$partition_nemesis$reify__16416@39a809db"
             #unprintable "jepsen.nemesis.combined$db_nemesis$reify__16397@1512a767"]})
 :nodes ["n0" "n1" "n2" "n3" "n4"]
 :test-count 1
 :latency {:mean 0, :dist :constant}
 :bin "/Users/anandtrehan/go/bin/maelstrom-broadcast"
 :generator
 ((jepsen.generator.Synchronize
   {:gen (jepsen.generator.TimeLimit
          {:limit 20000000000,
           :cutoff nil,
           :gen (jepsen.generator.Any
                 {:gens [(jepsen.generator.OnThreads
                          {:f #{:nemesis},
                           :context-filter #object[jepsen.generator.context$make_thread_filter$lazy_filter__9167
                                                   "0x5cdb7b"
                                                   "jepsen.generator.context$make_thread_filter$lazy_filter__9167@5cdb7b"],
                           :gen (jepsen.generator.Stagger
                                 {:dt 20000000000,
                                  :next-time nil,
                                  :gen (jepsen.generator.FlipFlop
                                        {:gens [#object[jepsen.nemesis.combined$partition_package$start__16420
                                                        "0x3dcc59f5"
                                                        "jepsen.nemesis.combined$partition_package$start__16420@3dcc59f5"]
                                                ({:type :info,
                                                  :f :stop-partition,
                                                  :value nil}
                                                 {:type :info,
                                                  :f :stop-partition,
                                                  :value nil}
                                                 {:type :info,
                                                  :f :stop-partition,
                                                  :value nil}
                                                 {:type :info,
                                                  :f :stop-partition,
                                                  :value nil}
                                                 {:type :info,
                                                  :f :stop-partition,
                                                  :value nil}
                                                 {:type :info,
                                                  :f :stop-partition,
                                                  :value nil}
                                                 {:type :info,
                                                  :f :stop-partition,
                                                  :value nil}
                                                 {:type :info,
                                                  :f :stop-partition,
                                                  :value nil}
                                                 ...)],
                                         :i 0})})})
                         (jepsen.generator.OnThreads
                          {:f #jepsen.generator.context.AllBut{:element :nemesis},
                           :context-filter #object[jepsen.generator.context$make_thread_filter$lazy_filter__9167
                                                   "0x690337df"
                                                   "jepsen.generator.context$make_thread_filter$lazy_filter__9167@690337df"],
                           :gen (jepsen.generator.Stagger
                                 {:dt 200000000,
                                  :next-time nil,
                                  :gen (jepsen.generator.Mix
                                        {:i 0,
                                         :gens [({:f :broadcast, :value 0}
                                                 {:f :broadcast, :value 1}
                                                 {:f :broadcast, :value 2}
                                                 {:f :broadcast, :value 3}
                                                 {:f :broadcast, :value 4}
                                                 {:f :broadcast, :value 5}
                                                 {:f :broadcast, :value 6}
                                                 {:f :broadcast, :value 7}
                                                 ...)
                                                ({:f :read}
                                                 {:f :read}
                                                 {:f :read}
                                                 {:f :read}
                                                 {:f :read}
                                                 {:f :read}
                                                 {:f :read}
                                                 {:f :read}
                                                 ...)]})})})]})})})
  (jepsen.generator.Synchronize
   {:gen (jepsen.generator.OnThreads
          {:f #{:nemesis},
           :context-filter #object[jepsen.generator.context$make_thread_filter$lazy_filter__9167
                                   "0xf62ae87"
                                   "jepsen.generator.context$make_thread_filter$lazy_filter__9167@f62ae87"],
           :gen ({:type :info, :f :stop-partition, :value nil})})})
  (jepsen.generator.Synchronize
   {:gen {:type :log, :value "Waiting for recovery..."}})
  (jepsen.generator.Synchronize {:gen {:type :sleep, :value 10}})
  (jepsen.generator.Synchronize
   {:gen (jepsen.generator.OnThreads
          {:f #jepsen.generator.context.AllBut{:element :nemesis},
           :context-filter #object[jepsen.generator.context$make_thread_filter$lazy_filter__9167
                                   "0x50be5d6f"
                                   "jepsen.generator.context$make_thread_filter$lazy_filter__9167@50be5d6f"],
           :gen (jepsen.generator.EachThread
                 {:fresh-gen {:f :read, :final? true},
                  :context-filters #object[clojure.core$promise$reify__8591
                                           "0x48e0e779"
                                           {:status :pending, :val nil}],
                  :gens {}})})}))
 :log-net-recv false
 :os
 #object[maelstrom.net$jepsen_os$reify__15254
         "0x38ad8c75"
         "maelstrom.net$jepsen_os$reify__15254@38ad8c75"]
 :time-limit 20
 :workload :broadcast
 :consistency-models [:strict-serializable]
 :topology :grid}

2025-06-27 19:13:46,758{GMT}	INFO	[jepsen node n0] maelstrom.net: Starting Maelstrom network
2025-06-27 19:13:46,758{GMT}	INFO	[jepsen test runner] jepsen.db: Tearing down DB
2025-06-27 19:13:46,759{GMT}	INFO	[jepsen test runner] jepsen.db: Setting up DB
2025-06-27 19:13:46,759{GMT}	INFO	[jepsen node n1] maelstrom.db: Setting up n1
2025-06-27 19:13:46,759{GMT}	INFO	[jepsen node n2] maelstrom.db: Setting up n2
2025-06-27 19:13:46,759{GMT}	INFO	[jepsen node n3] maelstrom.db: Setting up n3
2025-06-27 19:13:46,759{GMT}	INFO	[jepsen node n4] maelstrom.db: Setting up n4
2025-06-27 19:13:46,759{GMT}	INFO	[jepsen node n3] maelstrom.process: launching /Users/anandtrehan/go/bin/maelstrom-broadcast []
2025-06-27 19:13:46,759{GMT}	INFO	[jepsen node n2] maelstrom.process: launching /Users/anandtrehan/go/bin/maelstrom-broadcast []
2025-06-27 19:13:46,759{GMT}	INFO	[jepsen node n1] maelstrom.process: launching /Users/anandtrehan/go/bin/maelstrom-broadcast []
2025-06-27 19:13:46,760{GMT}	INFO	[jepsen node n4] maelstrom.process: launching /Users/anandtrehan/go/bin/maelstrom-broadcast []
2025-06-27 19:13:46,760{GMT}	INFO	[jepsen node n0] maelstrom.service: Starting services: (lin-kv lin-tso lww-kv seq-kv)
2025-06-27 19:13:46,761{GMT}	INFO	[jepsen node n0] maelstrom.db: Setting up n0
2025-06-27 19:13:46,761{GMT}	INFO	[jepsen node n0] maelstrom.process: launching /Users/anandtrehan/go/bin/maelstrom-broadcast []
2025-06-27 19:13:46,961{GMT}	INFO	[jepsen test runner] jepsen.core: Relative time begins now
2025-06-27 19:13:46,975{GMT}	INFO	[jepsen worker 1] jepsen.util: 1	:invoke	:broadcast	0
2025-06-27 19:13:46,975{GMT}	INFO	[jepsen worker nemesis] jepsen.util: :nemesis	:info	:start-partition	:one
2025-06-27 19:13:46,977{GMT}	INFO	[jepsen worker 1] jepsen.util: 1	:ok	:broadcast	0
2025-06-27 19:13:46,977{GMT}	INFO	[jepsen worker nemesis] jepsen.util: :nemesis	:info	:start-partition	[:isolated {"n4" #{"n2" "n1" "n0" "n3"}, "n2" #{"n4"}, "n1" #{"n4"}, "n0" #{"n4"}, "n3" #{"n4"}}]
2025-06-27 19:13:47,062{GMT}	INFO	[jepsen worker 2] jepsen.util: 2	:invoke	:read	nil
2025-06-27 19:13:47,063{GMT}	INFO	[jepsen worker 2] jepsen.util: 2	:ok	:read	[0]
2025-06-27 19:13:47,212{GMT}	INFO	[jepsen worker 3] jepsen.util: 3	:invoke	:read	nil
2025-06-27 19:13:47,216{GMT}	INFO	[jepsen worker 3] jepsen.util: 3	:ok	:read	[0]
2025-06-27 19:13:47,407{GMT}	INFO	[jepsen worker 4] jepsen.util: 4	:invoke	:read	nil
2025-06-27 19:13:47,409{GMT}	INFO	[jepsen worker 4] jepsen.util: 4	:ok	:read	[]
2025-06-27 19:13:47,604{GMT}	INFO	[jepsen worker 0] jepsen.util: 0	:invoke	:broadcast	1
2025-06-27 19:13:47,609{GMT}	INFO	[jepsen worker 0] jepsen.util: 0	:ok	:broadcast	1
2025-06-27 19:13:47,793{GMT}	INFO	[jepsen worker 0] jepsen.util: 0	:invoke	:read	nil
2025-06-27 19:13:47,797{GMT}	INFO	[jepsen worker 0] jepsen.util: 0	:ok	:read	[0 1]
2025-06-27 19:13:47,896{GMT}	INFO	[jepsen worker nemesis] jepsen.util: :nemesis	:info	:stop-partition	nil
2025-06-27 19:13:47,898{GMT}	INFO	[jepsen worker nemesis] jepsen.util: :nemesis	:info	:stop-partition	:network-healed
2025-06-27 19:13:47,995{GMT}	INFO	[jepsen worker 2] jepsen.util: 2	:invoke	:broadcast	2
2025-06-27 19:13:47,997{GMT}	INFO	[jepsen worker 2] jepsen.util: 2	:ok	:broadcast	2
2025-06-27 19:13:48,125{GMT}	INFO	[jepsen worker 3] jepsen.util: 3	:invoke	:read	nil
2025-06-27 19:13:48,128{GMT}	INFO	[jepsen worker 3] jepsen.util: 3	:ok	:read	[0 1 2]
2025-06-27 19:13:48,154{GMT}	INFO	[jepsen worker 4] jepsen.util: 4	:invoke	:read	nil
2025-06-27 19:13:48,156{GMT}	INFO	[jepsen worker 4] jepsen.util: 4	:ok	:read	[2]
2025-06-27 19:13:48,268{GMT}	INFO	[jepsen worker 0] jepsen.util: 0	:invoke	:read	nil
2025-06-27 19:13:48,271{GMT}	INFO	[jepsen worker 0] jepsen.util: 0	:ok	:read	[0 1 2]
2025-06-27 19:13:48,296{GMT}	INFO	[jepsen worker 0] jepsen.util: 0	:invoke	:broadcast	3
2025-06-27 19:13:48,299{GMT}	INFO	[jepsen worker 0] jepsen.util: 0	:ok	:broadcast	3
2025-06-27 19:13:48,351{GMT}	INFO	[jepsen worker 1] jepsen.util: 1	:invoke	:broadcast	4
2025-06-27 19:13:48,353{GMT}	INFO	[jepsen worker 1] jepsen.util: 1	:ok	:broadcast	4
2025-06-27 19:13:48,460{GMT}	INFO	[jepsen worker 2] jepsen.util: 2	:invoke	:broadcast	5
2025-06-27 19:13:48,463{GMT}	INFO	[jepsen worker 2] jepsen.util: 2	:ok	:broadcast	5
2025-06-27 19:13:48,489{GMT}	INFO	[jepsen worker 3] jepsen.util: 3	:invoke	:read	nil
2025-06-27 19:13:48,491{GMT}	INFO	[jepsen worker 3] jepsen.util: 3	:ok	:read	[0 1 2 3 4 5]
2025-06-27 19:13:48,603{GMT}	INFO	[jepsen worker 4] jepsen.util: 4	:invoke	:broadcast	6
2025-06-27 19:13:48,606{GMT}	INFO	[jepsen worker 4] jepsen.util: 4	:ok	:broadcast	6
2025-06-27 19:13:48,770{GMT}	INFO	[jepsen worker 0] jepsen.util: 0	:invoke	:read	nil
2025-06-27 19:13:48,773{GMT}	INFO	[jepsen worker 0] jepsen.util: 0	:ok	:read	[0 1 2 3 4 5 6]
2025-06-27 19:13:48,954{GMT}	INFO	[jepsen worker 0] jepsen.util: 0	:invoke	:broadcast	7
2025-06-27 19:13:48,956{GMT}	INFO	[jepsen worker 0] jepsen.util: 0	:ok	:broadcast	7
2025-06-27 19:13:49,064{GMT}	INFO	[jepsen worker 1] jepsen.util: 1	:invoke	:read	nil
2025-06-27 19:13:49,067{GMT}	INFO	[jepsen worker 1] jepsen.util: 1	:ok	:read	[0 1 2 3 4 5 6 7]
2025-06-27 19:13:49,223{GMT}	INFO	[jepsen worker 2] jepsen.util: 2	:invoke	:broadcast	8
2025-06-27 19:13:49,226{GMT}	INFO	[jepsen worker 2] jepsen.util: 2	:ok	:broadcast	8
2025-06-27 19:13:49,343{GMT}	INFO	[jepsen worker 3] jepsen.util: 3	:invoke	:broadcast	9
2025-06-27 19:13:49,344{GMT}	INFO	[jepsen worker 3] jepsen.util: 3	:ok	:broadcast	9
2025-06-27 19:13:49,374{GMT}	INFO	[jepsen worker 4] jepsen.util: 4	:invoke	:broadcast	10
2025-06-27 19:13:49,375{GMT}	INFO	[jepsen worker 4] jepsen.util: 4	:ok	:broadcast	10
2025-06-27 19:13:49,471{GMT}	INFO	[jepsen worker 0] jepsen.util: 0	:invoke	:read	nil
2025-06-27 19:13:49,474{GMT}	INFO	[jepsen worker 0] jepsen.util: 0	:ok	:read	[0 1 2 3 4 5 6 7 8 9 10]
2025-06-27 19:13:49,488{GMT}	INFO	[jepsen worker 0] jepsen.util: 0	:invoke	:read	nil
2025-06-27 19:13:49,489{GMT}	INFO	[jepsen worker 0] jepsen.util: 0	:ok	:read	[0 1 2 3 4 5 6 7 8 9 10]
2025-06-27 19:13:49,649{GMT}	INFO	[jepsen worker 1] jepsen.util: 1	:invoke	:broadcast	11
2025-06-27 19:13:49,650{GMT}	INFO	[jepsen worker 1] jepsen.util: 1	:ok	:broadcast	11
2025-06-27 19:13:49,757{GMT}	INFO	[jepsen worker 2] jepsen.util: 2	:invoke	:broadcast	12
2025-06-27 19:13:49,759{GMT}	INFO	[jepsen worker 2] jepsen.util: 2	:ok	:broadcast	12
2025-06-27 19:13:49,908{GMT}	INFO	[jepsen worker 3] jepsen.util: 3	:invoke	:broadcast	13
2025-06-27 19:13:49,911{GMT}	INFO	[jepsen worker 3] jepsen.util: 3	:ok	:broadcast	13
2025-06-27 19:13:49,929{GMT}	INFO	[jepsen worker 4] jepsen.util: 4	:invoke	:read	nil
2025-06-27 19:13:49,931{GMT}	INFO	[jepsen worker 4] jepsen.util: 4	:ok	:read	[2 3 4 5 6 7 8 9 10 11 12 13]
2025-06-27 19:13:50,036{GMT}	INFO	[jepsen worker 0] jepsen.util: 0	:invoke	:broadcast	14
2025-06-27 19:13:50,038{GMT}	INFO	[jepsen worker 0] jepsen.util: 0	:ok	:broadcast	14
2025-06-27 19:13:50,223{GMT}	INFO	[jepsen worker 0] jepsen.util: 0	:invoke	:read	nil
2025-06-27 19:13:50,224{GMT}	INFO	[jepsen worker 0] jepsen.util: 0	:ok	:read	[0 1 2 3 4 5 6 7 8 9 10 11 12 13 14]
2025-06-27 19:13:50,402{GMT}	INFO	[jepsen worker 1] jepsen.util: 1	:invoke	:broadcast	15
2025-06-27 19:13:50,404{GMT}	INFO	[jepsen worker 1] jepsen.util: 1	:ok	:broadcast	15
2025-06-27 19:13:50,606{GMT}	INFO	[jepsen worker 2] jepsen.util: 2	:invoke	:broadcast	16
2025-06-27 19:13:50,608{GMT}	INFO	[jepsen worker 2] jepsen.util: 2	:ok	:broadcast	16
2025-06-27 19:13:50,656{GMT}	INFO	[jepsen worker 3] jepsen.util: 3	:invoke	:read	nil
2025-06-27 19:13:50,659{GMT}	INFO	[jepsen worker 3] jepsen.util: 3	:ok	:read	[0 1 2 3 4 5 6 7 8 9 10 11 12 13 14 15 16]
2025-06-27 19:13:50,743{GMT}	INFO	[jepsen worker 4] jepsen.util: 4	:invoke	:read	nil
2025-06-27 19:13:50,746{GMT}	INFO	[jepsen worker 4] jepsen.util: 4	:ok	:read	[2 3 4 5 6 7 8 9 10 11 12 13 14 15 16]
2025-06-27 19:13:50,940{GMT}	INFO	[jepsen worker 0] jepsen.util: 0	:invoke	:broadcast	17
2025-06-27 19:13:50,942{GMT}	INFO	[jepsen worker 0] jepsen.util: 0	:ok	:broadcast	17
2025-06-27 19:13:51,068{GMT}	INFO	[jepsen worker 0] jepsen.util: 0	:invoke	:broadcast	18
2025-06-27 19:13:51,069{GMT}	INFO	[jepsen worker 0] jepsen.util: 0	:ok	:broadcast	18
2025-06-27 19:13:51,121{GMT}	INFO	[jepsen worker 1] jepsen.util: 1	:invoke	:broadcast	19
2025-06-27 19:13:51,122{GMT}	INFO	[jepsen worker 1] jepsen.util: 1	:ok	:broadcast	19
2025-06-27 19:13:51,145{GMT}	INFO	[jepsen worker 2] jepsen.util: 2	:invoke	:read	nil
2025-06-27 19:13:51,146{GMT}	INFO	[jepsen worker 2] jepsen.util: 2	:ok	:read	[0 1 2 3 4 5 6 7 8 9 10 11 12 13 14 15 16 17 18 19]
2025-06-27 19:13:51,209{GMT}	INFO	[jepsen worker 3] jepsen.util: 3	:invoke	:read	nil
2025-06-27 19:13:51,210{GMT}	INFO	[jepsen worker 3] jepsen.util: 3	:ok	:read	[0 1 2 3 4 5 6 7 8 9 10 11 12 13 14 15 16 17 18 19]
2025-06-27 19:13:51,409{GMT}	INFO	[jepsen worker 4] jepsen.util: 4	:invoke	:read	nil
2025-06-27 19:13:51,411{GMT}	INFO	[jepsen worker 4] jepsen.util: 4	:ok	:read	[2 3 4 5 6 7 8 9 10 11 12 13 14 15 16 17 18 19]
2025-06-27 19:13:51,414{GMT}	INFO	[jepsen worker 0] jepsen.util: 0	:invoke	:broadcast	20
2025-06-27 19:13:51,415{GMT}	INFO	[jepsen worker 0] jepsen.util: 0	:ok	:broadcast	20
2025-06-27 19:13:51,452{GMT}	INFO	[jepsen worker 0] jepsen.util: 0	:invoke	:read	nil
2025-06-27 19:13:51,455{GMT}	INFO	[jepsen worker 0] jepsen.util: 0	:ok	:read	[0 1 2 3 4 5 6 7 8 9 10 11 12 13 14 15 16 17 18 19 20]
2025-06-27 19:13:51,473{GMT}	INFO	[jepsen worker 1] jepsen.util: 1	:invoke	:read	nil
2025-06-27 19:13:51,474{GMT}	INFO	[jepsen worker 1] jepsen.util: 1	:ok	:read	[0 1 2 3 4 5 6 7 8 9 10 11 12 13 14 15 16 17 18 19 20]
2025-06-27 19:13:51,628{GMT}	INFO	[jepsen worker 2] jepsen.util: 2	:invoke	:broadcast	21
2025-06-27 19:13:51,629{GMT}	INFO	[jepsen worker 2] jepsen.util: 2	:ok	:broadcast	21
2025-06-27 19:13:51,774{GMT}	INFO	[jepsen worker 3] jepsen.util: 3	:invoke	:broadcast	22
2025-06-27 19:13:51,776{GMT}	INFO	[jepsen worker 3] jepsen.util: 3	:ok	:broadcast	22
2025-06-27 19:13:51,942{GMT}	INFO	[jepsen worker 4] jepsen.util: 4	:invoke	:broadcast	23
2025-06-27 19:13:51,944{GMT}	INFO	[jepsen worker 4] jepsen.util: 4	:ok	:broadcast	23
2025-06-27 19:13:51,995{GMT}	INFO	[jepsen worker 0] jepsen.util: 0	:invoke	:broadcast	24
2025-06-27 19:13:51,996{GMT}	INFO	[jepsen worker 0] jepsen.util: 0	:ok	:broadcast	24
2025-06-27 19:13:52,089{GMT}	INFO	[jepsen worker 0] jepsen.util: 0	:invoke	:broadcast	25
2025-06-27 19:13:52,090{GMT}	INFO	[jepsen worker 0] jepsen.util: 0	:ok	:broadcast	25
2025-06-27 19:13:52,162{GMT}	INFO	[jepsen worker 1] jepsen.util: 1	:invoke	:broadcast	26
2025-06-27 19:13:52,164{GMT}	INFO	[jepsen worker 1] jepsen.util: 1	:ok	:broadcast	26
2025-06-27 19:13:52,187{GMT}	INFO	[jepsen worker 2] jepsen.util: 2	:invoke	:broadcast	27
2025-06-27 19:13:52,188{GMT}	INFO	[jepsen worker 2] jepsen.util: 2	:ok	:broadcast	27
2025-06-27 19:13:52,383{GMT}	INFO	[jepsen worker 3] jepsen.util: 3	:invoke	:read	nil
2025-06-27 19:13:52,385{GMT}	INFO	[jepsen worker 3] jepsen.util: 3	:ok	:read	[0 1 2 3 4 5 6 7 8 9 10 11 12 13 14 15 16 17 18 19 20 21 22 23 24 25 26 27]
2025-06-27 19:13:52,492{GMT}	INFO	[jepsen worker 4] jepsen.util: 4	:invoke	:read	nil
2025-06-27 19:13:52,494{GMT}	INFO	[jepsen worker 4] jepsen.util: 4	:ok	:read	[2 3 4 5 6 7 8 9 10 11 12 13 14 15 16 17 18 19 20 21 22 23 24 25 26 27]
2025-06-27 19:13:52,595{GMT}	INFO	[jepsen worker 0] jepsen.util: 0	:invoke	:broadcast	28
2025-06-27 19:13:52,597{GMT}	INFO	[jepsen worker 0] jepsen.util: 0	:ok	:broadcast	28
2025-06-27 19:13:52,729{GMT}	INFO	[jepsen worker 0] jepsen.util: 0	:invoke	:broadcast	29
2025-06-27 19:13:52,731{GMT}	INFO	[jepsen worker 0] jepsen.util: 0	:ok	:broadcast	29
2025-06-27 19:13:52,822{GMT}	INFO	[jepsen worker 1] jepsen.util: 1	:invoke	:read	nil
2025-06-27 19:13:52,823{GMT}	INFO	[jepsen worker 1] jepsen.util: 1	:ok	:read	[0 1 2 3 4 5 6 7 8 9 10 11 12 13 14 15 16 17 18 19 20 21 22 23 24 25 26 27 28 29]
2025-06-27 19:13:52,836{GMT}	INFO	[jepsen worker 2] jepsen.util: 2	:invoke	:broadcast	30
2025-06-27 19:13:52,837{GMT}	INFO	[jepsen worker 2] jepsen.util: 2	:ok	:broadcast	30
2025-06-27 19:13:52,965{GMT}	INFO	[jepsen worker 3] jepsen.util: 3	:invoke	:broadcast	31
2025-06-27 19:13:52,967{GMT}	INFO	[jepsen worker 3] jepsen.util: 3	:ok	:broadcast	31
2025-06-27 19:13:53,039{GMT}	INFO	[jepsen worker 4] jepsen.util: 4	:invoke	:broadcast	32
2025-06-27 19:13:53,040{GMT}	INFO	[jepsen worker 4] jepsen.util: 4	:ok	:broadcast	32
2025-06-27 19:13:53,241{GMT}	INFO	[jepsen worker 0] jepsen.util: 0	:invoke	:read	nil
2025-06-27 19:13:53,244{GMT}	INFO	[jepsen worker 0] jepsen.util: 0	:ok	:read	[0 1 2 3 4 5 6 7 8 9 10 11 12 13 14 15 16 17 18 19 20 21 22 23 24 25 26 27 28 29 30 31 32]
2025-06-27 19:13:53,340{GMT}	INFO	[jepsen worker 0] jepsen.util: 0	:invoke	:broadcast	33
2025-06-27 19:13:53,342{GMT}	INFO	[jepsen worker 0] jepsen.util: 0	:ok	:broadcast	33
2025-06-27 19:13:53,529{GMT}	INFO	[jepsen worker 1] jepsen.util: 1	:invoke	:read	nil
2025-06-27 19:13:53,532{GMT}	INFO	[jepsen worker 1] jepsen.util: 1	:ok	:read	[0 1 2 3 4 5 6 7 8 9 10 11 12 13 14 15 16 17 18 19 20 21 22 23 24 25 26 27 28 29 30 31 32 33]
2025-06-27 19:13:53,558{GMT}	INFO	[jepsen worker 2] jepsen.util: 2	:invoke	:broadcast	34
2025-06-27 19:13:53,560{GMT}	INFO	[jepsen worker 2] jepsen.util: 2	:ok	:broadcast	34
2025-06-27 19:13:53,609{GMT}	INFO	[jepsen worker 3] jepsen.util: 3	:invoke	:read	nil
2025-06-27 19:13:53,610{GMT}	INFO	[jepsen worker 3] jepsen.util: 3	:ok	:read	[0 1 2 3 4 5 6 7 8 9 10 11 12 13 14 15 16 17 18 19 20 21 22 23 24 25 26 27 28 29 30 31 32 33 34]
2025-06-27 19:13:53,741{GMT}	INFO	[jepsen worker 4] jepsen.util: 4	:invoke	:broadcast	35
2025-06-27 19:13:53,743{GMT}	INFO	[jepsen worker 4] jepsen.util: 4	:ok	:broadcast	35
2025-06-27 19:13:53,833{GMT}	INFO	[jepsen worker 0] jepsen.util: 0	:invoke	:read	nil
2025-06-27 19:13:53,835{GMT}	INFO	[jepsen worker 0] jepsen.util: 0	:ok	:read	[0 1 2 3 4 5 6 7 8 9 10 11 12 13 14 15 16 17 18 19 20 21 22 23 24 25 26 27 28 29 30 31 32 33 34 35]
2025-06-27 19:13:54,035{GMT}	INFO	[jepsen worker 0] jepsen.util: 0	:invoke	:broadcast	36
2025-06-27 19:13:54,036{GMT}	INFO	[jepsen worker 0] jepsen.util: 0	:ok	:broadcast	36
2025-06-27 19:13:54,101{GMT}	INFO	[jepsen worker 1] jepsen.util: 1	:invoke	:broadcast	37
2025-06-27 19:13:54,102{GMT}	INFO	[jepsen worker 1] jepsen.util: 1	:ok	:broadcast	37
2025-06-27 19:13:54,104{GMT}	INFO	[jepsen worker 2] jepsen.util: 2	:invoke	:read	nil
2025-06-27 19:13:54,105{GMT}	INFO	[jepsen worker 3] jepsen.util: 3	:invoke	:broadcast	38
2025-06-27 19:13:54,105{GMT}	INFO	[jepsen worker 2] jepsen.util: 2	:ok	:read	[0 1 2 3 4 5 6 7 8 9 10 11 12 13 14 15 16 17 18 19 20 21 22 23 24 25 26 27 28 29 30 31 32 33 34 35 36 37]
2025-06-27 19:13:54,105{GMT}	INFO	[jepsen worker 3] jepsen.util: 3	:ok	:broadcast	38
2025-06-27 19:13:54,257{GMT}	INFO	[jepsen worker 4] jepsen.util: 4	:invoke	:read	nil
2025-06-27 19:13:54,259{GMT}	INFO	[jepsen worker 4] jepsen.util: 4	:ok	:read	[2 3 4 5 6 7 8 9 10 11 12 13 14 15 16 17 18 19 20 21 22 23 24 25 26 27 28 29 30 31 32 33 34 35 36 37 38]
2025-06-27 19:13:54,458{GMT}	INFO	[jepsen worker 0] jepsen.util: 0	:invoke	:broadcast	39
2025-06-27 19:13:54,460{GMT}	INFO	[jepsen worker 0] jepsen.util: 0	:ok	:broadcast	39
2025-06-27 19:13:54,606{GMT}	INFO	[jepsen worker 0] jepsen.util: 0	:invoke	:read	nil
2025-06-27 19:13:54,608{GMT}	INFO	[jepsen worker 0] jepsen.util: 0	:ok	:read	[0 1 2 3 4 5 6 7 8 9 10 11 12 13 14 15 16 17 18 19 20 21 22 23 24 25 26 27 28 29 30 31 32 33 34 35 36 37 38 39]
2025-06-27 19:13:54,721{GMT}	INFO	[jepsen worker 1] jepsen.util: 1	:invoke	:read	nil
2025-06-27 19:13:54,723{GMT}	INFO	[jepsen worker 1] jepsen.util: 1	:ok	:read	[0 1 2 3 4 5 6 7 8 9 10 11 12 13 14 15 16 17 18 19 20 21 22 23 24 25 26 27 28 29 30 31 32 33 34 35 36 37 38 39]
2025-06-27 19:13:54,785{GMT}	INFO	[jepsen worker 2] jepsen.util: 2	:invoke	:read	nil
2025-06-27 19:13:54,788{GMT}	INFO	[jepsen worker 2] jepsen.util: 2	:ok	:read	[0 1 2 3 4 5 6 7 8 9 10 11 12 13 14 15 16 17 18 19 20 21 22 23 24 25 26 27 28 29 30 31 32 33 34 35 36 37 38 39]
2025-06-27 19:13:54,900{GMT}	INFO	[jepsen worker 3] jepsen.util: 3	:invoke	:broadcast	40
2025-06-27 19:13:54,902{GMT}	INFO	[jepsen worker 3] jepsen.util: 3	:ok	:broadcast	40
2025-06-27 19:13:55,039{GMT}	INFO	[jepsen worker 4] jepsen.util: 4	:invoke	:broadcast	41
2025-06-27 19:13:55,041{GMT}	INFO	[jepsen worker 4] jepsen.util: 4	:ok	:broadcast	41
2025-06-27 19:13:55,217{GMT}	INFO	[jepsen worker 0] jepsen.util: 0	:invoke	:read	nil
2025-06-27 19:13:55,217{GMT}	INFO	[jepsen worker 0] jepsen.util: 0	:ok	:read	[0 1 2 3 4 5 6 7 8 9 10 11 12 13 14 15 16 17 18 19 20 21 22 23 24 25 26 27 28 29 30 31 32 33 34 35 36 37 38 39 40 41]
2025-06-27 19:13:55,322{GMT}	INFO	[jepsen worker 0] jepsen.util: 0	:invoke	:read	nil
2025-06-27 19:13:55,323{GMT}	INFO	[jepsen worker 0] jepsen.util: 0	:ok	:read	[0 1 2 3 4 5 6 7 8 9 10 11 12 13 14 15 16 17 18 19 20 21 22 23 24 25 26 27 28 29 30 31 32 33 34 35 36 37 38 39 40 41]
2025-06-27 19:13:55,403{GMT}	INFO	[jepsen worker 1] jepsen.util: 1	:invoke	:broadcast	42
2025-06-27 19:13:55,405{GMT}	INFO	[jepsen worker 1] jepsen.util: 1	:ok	:broadcast	42
2025-06-27 19:13:55,535{GMT}	INFO	[jepsen worker 2] jepsen.util: 2	:invoke	:read	nil
2025-06-27 19:13:55,537{GMT}	INFO	[jepsen worker 2] jepsen.util: 2	:ok	:read	[0 1 2 3 4 5 6 7 8 9 10 11 12 13 14 15 16 17 18 19 20 21 22 23 24 25 26 27 28 29 30 31 32 33 34 35 36 37 38 39 40 41 42]
2025-06-27 19:13:55,612{GMT}	INFO	[jepsen worker 3] jepsen.util: 3	:invoke	:broadcast	43
2025-06-27 19:13:55,614{GMT}	INFO	[jepsen worker 3] jepsen.util: 3	:ok	:broadcast	43
2025-06-27 19:13:55,729{GMT}	INFO	[jepsen worker 4] jepsen.util: 4	:invoke	:broadcast	44
2025-06-27 19:13:55,730{GMT}	INFO	[jepsen worker 4] jepsen.util: 4	:ok	:broadcast	44
2025-06-27 19:13:55,754{GMT}	INFO	[jepsen worker 0] jepsen.util: 0	:invoke	:broadcast	45
2025-06-27 19:13:55,755{GMT}	INFO	[jepsen worker 0] jepsen.util: 0	:ok	:broadcast	45
2025-06-27 19:13:55,846{GMT}	INFO	[jepsen worker nemesis] jepsen.util: :nemesis	:info	:start-partition	:minority-third
2025-06-27 19:13:55,848{GMT}	INFO	[jepsen worker nemesis] jepsen.util: :nemesis	:info	:start-partition	[:isolated {"n3" #{"n2" "n1" "n4" "n0"}, "n2" #{"n3"}, "n1" #{"n3"}, "n4" #{"n3"}, "n0" #{"n3"}}]
2025-06-27 19:13:55,883{GMT}	INFO	[jepsen worker 1] jepsen.util: 1	:invoke	:read	nil
2025-06-27 19:13:55,885{GMT}	INFO	[jepsen worker 1] jepsen.util: 1	:ok	:read	[0 1 2 3 4 5 6 7 8 9 10 11 12 13 14 15 16 17 18 19 20 21 22 23 24 25 26 27 28 29 30 31 32 33 34 35 36 37 38 39 40 41 42 43 44 45]
2025-06-27 19:13:55,992{GMT}	INFO	[jepsen worker 2] jepsen.util: 2	:invoke	:broadcast	46
2025-06-27 19:13:55,994{GMT}	INFO	[jepsen worker 2] jepsen.util: 2	:ok	:broadcast	46
2025-06-27 19:13:56,037{GMT}	INFO	[jepsen worker 3] jepsen.util: 3	:invoke	:read	nil
2025-06-27 19:13:56,040{GMT}	INFO	[jepsen worker 3] jepsen.util: 3	:ok	:read	[0 1 2 3 4 5 6 7 8 9 10 11 12 13 14 15 16 17 18 19 20 21 22 23 24 25 26 27 28 29 30 31 32 33 34 35 36 37 38 39 40 41 42 43 44 45]
2025-06-27 19:13:56,142{GMT}	INFO	[jepsen worker 4] jepsen.util: 4	:invoke	:read	nil
2025-06-27 19:13:56,144{GMT}	INFO	[jepsen worker 4] jepsen.util: 4	:ok	:read	[2 3 4 5 6 7 8 9 10 11 12 13 14 15 16 17 18 19 20 21 22 23 24 25 26 27 28 29 30 31 32 33 34 35 36 37 38 39 40 41 42 43 44 45 46]
2025-06-27 19:13:56,316{GMT}	INFO	[jepsen worker 0] jepsen.util: 0	:invoke	:read	nil
2025-06-27 19:13:56,318{GMT}	INFO	[jepsen worker 0] jepsen.util: 0	:ok	:read	[0 1 2 3 4 5 6 7 8 9 10 11 12 13 14 15 16 17 18 19 20 21 22 23 24 25 26 27 28 29 30 31 32 33 34 35 36 37 38 39 40 41 42 43 44 45 46]
2025-06-27 19:13:56,332{GMT}	INFO	[jepsen worker 0] jepsen.util: 0	:invoke	:read	nil
2025-06-27 19:13:56,333{GMT}	INFO	[jepsen worker 0] jepsen.util: 0	:ok	:read	[0 1 2 3 4 5 6 7 8 9 10 11 12 13 14 15 16 17 18 19 20 21 22 23 24 25 26 27 28 29 30 31 32 33 34 35 36 37 38 39 40 41 42 43 44 45 46]
2025-06-27 19:13:56,501{GMT}	INFO	[jepsen worker 1] jepsen.util: 1	:invoke	:broadcast	47
2025-06-27 19:13:56,503{GMT}	INFO	[jepsen worker 1] jepsen.util: 1	:ok	:broadcast	47
2025-06-27 19:13:56,556{GMT}	INFO	[jepsen worker 2] jepsen.util: 2	:invoke	:broadcast	48
2025-06-27 19:13:56,556{GMT}	INFO	[jepsen worker 2] jepsen.util: 2	:ok	:broadcast	48
2025-06-27 19:13:56,590{GMT}	INFO	[jepsen worker 3] jepsen.util: 3	:invoke	:broadcast	49
2025-06-27 19:13:56,590{GMT}	INFO	[jepsen worker 3] jepsen.util: 3	:ok	:broadcast	49
2025-06-27 19:13:56,612{GMT}	INFO	[jepsen worker 4] jepsen.util: 4	:invoke	:read	nil
2025-06-27 19:13:56,612{GMT}	INFO	[jepsen worker 4] jepsen.util: 4	:ok	:read	[2 3 4 5 6 7 8 9 10 11 12 13 14 15 16 17 18 19 20 21 22 23 24 25 26 27 28 29 30 31 32 33 34 35 36 37 38 39 40 41 42 43 44 45 46 47 48]
2025-06-27 19:13:56,813{GMT}	INFO	[jepsen worker 0] jepsen.util: 0	:invoke	:broadcast	50
2025-06-27 19:13:56,815{GMT}	INFO	[jepsen worker 0] jepsen.util: 0	:ok	:broadcast	50
2025-06-27 19:13:56,901{GMT}	INFO	[jepsen worker 0] jepsen.util: 0	:invoke	:broadcast	51
2025-06-27 19:13:56,903{GMT}	INFO	[jepsen worker 0] jepsen.util: 0	:ok	:broadcast	51
2025-06-27 19:13:57,036{GMT}	INFO	[jepsen worker 1] jepsen.util: 1	:invoke	:read	nil
2025-06-27 19:13:57,038{GMT}	INFO	[jepsen worker 1] jepsen.util: 1	:ok	:read	[0 1 2 3 4 5 6 7 8 9 10 11 12 13 14 15 16 17 18 19 20 21 22 23 24 25 26 27 28 29 30 31 32 33 34 35 36 37 38 39 40 41 42 43 44 45 46 47 48 50 51]
2025-06-27 19:13:57,200{GMT}	INFO	[jepsen worker 2] jepsen.util: 2	:invoke	:broadcast	52
2025-06-27 19:13:57,201{GMT}	INFO	[jepsen worker 2] jepsen.util: 2	:ok	:broadcast	52
2025-06-27 19:13:57,276{GMT}	INFO	[jepsen worker 3] jepsen.util: 3	:invoke	:read	nil
2025-06-27 19:13:57,278{GMT}	INFO	[jepsen worker 3] jepsen.util: 3	:ok	:read	[0 1 2 3 4 5 6 7 8 9 10 11 12 13 14 15 16 17 18 19 20 21 22 23 24 25 26 27 28 29 30 31 32 33 34 35 36 37 38 39 40 41 42 43 44 45 49]
2025-06-27 19:13:57,329{GMT}	INFO	[jepsen worker 4] jepsen.util: 4	:invoke	:read	nil
2025-06-27 19:13:57,331{GMT}	INFO	[jepsen worker 4] jepsen.util: 4	:ok	:read	[2 3 4 5 6 7 8 9 10 11 12 13 14 15 16 17 18 19 20 21 22 23 24 25 26 27 28 29 30 31 32 33 34 35 36 37 38 39 40 41 42 43 44 45 46 47 48 50 51 52]
2025-06-27 19:13:57,404{GMT}	INFO	[jepsen worker 0] jepsen.util: 0	:invoke	:broadcast	53
2025-06-27 19:13:57,406{GMT}	INFO	[jepsen worker 0] jepsen.util: 0	:ok	:broadcast	53
2025-06-27 19:13:57,428{GMT}	INFO	[jepsen worker 0] jepsen.util: 0	:invoke	:read	nil
2025-06-27 19:13:57,430{GMT}	INFO	[jepsen worker 0] jepsen.util: 0	:ok	:read	[0 1 2 3 4 5 6 7 8 9 10 11 12 13 14 15 16 17 18 19 20 21 22 23 24 25 26 27 28 29 30 31 32 33 34 35 36 37 38 39 40 41 42 43 44 45 46 47 48 50 51 52 53]
2025-06-27 19:13:57,486{GMT}	INFO	[jepsen worker 1] jepsen.util: 1	:invoke	:broadcast	54
2025-06-27 19:13:57,487{GMT}	INFO	[jepsen worker 1] jepsen.util: 1	:ok	:broadcast	54
2025-06-27 19:13:57,614{GMT}	INFO	[jepsen worker 2] jepsen.util: 2	:invoke	:read	nil
2025-06-27 19:13:57,616{GMT}	INFO	[jepsen worker 2] jepsen.util: 2	:ok	:read	[0 1 2 3 4 5 6 7 8 9 10 11 12 13 14 15 16 17 18 19 20 21 22 23 24 25 26 27 28 29 30 31 32 33 34 35 36 37 38 39 40 41 42 43 44 45 46 47 48 50 51 52 53 54]
2025-06-27 19:13:57,775{GMT}	INFO	[jepsen worker 3] jepsen.util: 3	:invoke	:broadcast	55
2025-06-27 19:13:57,777{GMT}	INFO	[jepsen worker 3] jepsen.util: 3	:ok	:broadcast	55
2025-06-27 19:13:57,895{GMT}	INFO	[jepsen worker 4] jepsen.util: 4	:invoke	:broadcast	56
2025-06-27 19:13:57,897{GMT}	INFO	[jepsen worker 4] jepsen.util: 4	:ok	:broadcast	56
2025-06-27 19:13:57,939{GMT}	INFO	[jepsen worker 0] jepsen.util: 0	:invoke	:read	nil
2025-06-27 19:13:57,941{GMT}	INFO	[jepsen worker 0] jepsen.util: 0	:ok	:read	[0 1 2 3 4 5 6 7 8 9 10 11 12 13 14 15 16 17 18 19 20 21 22 23 24 25 26 27 28 29 30 31 32 33 34 35 36 37 38 39 40 41 42 43 44 45 46 47 48 50 51 52 53 54 56]
2025-06-27 19:13:58,077{GMT}	INFO	[jepsen worker 0] jepsen.util: 0	:invoke	:broadcast	57
2025-06-27 19:13:58,079{GMT}	INFO	[jepsen worker 0] jepsen.util: 0	:ok	:broadcast	57
2025-06-27 19:13:58,172{GMT}	INFO	[jepsen worker 1] jepsen.util: 1	:invoke	:read	nil
2025-06-27 19:13:58,173{GMT}	INFO	[jepsen worker 1] jepsen.util: 1	:ok	:read	[0 1 2 3 4 5 6 7 8 9 10 11 12 13 14 15 16 17 18 19 20 21 22 23 24 25 26 27 28 29 30 31 32 33 34 35 36 37 38 39 40 41 42 43 44 45 46 47 48 50 51 52 53 54 56 57]
2025-06-27 19:13:58,285{GMT}	INFO	[jepsen worker 2] jepsen.util: 2	:invoke	:broadcast	58
2025-06-27 19:13:58,286{GMT}	INFO	[jepsen worker 2] jepsen.util: 2	:ok	:broadcast	58
2025-06-27 19:13:58,452{GMT}	INFO	[jepsen worker 3] jepsen.util: 3	:invoke	:read	nil
2025-06-27 19:13:58,454{GMT}	INFO	[jepsen worker 3] jepsen.util: 3	:ok	:read	[0 1 2 3 4 5 6 7 8 9 10 11 12 13 14 15 16 17 18 19 20 21 22 23 24 25 26 27 28 29 30 31 32 33 34 35 36 37 38 39 40 41 42 43 44 45 49 55]
2025-06-27 19:13:58,520{GMT}	INFO	[jepsen worker 4] jepsen.util: 4	:invoke	:read	nil
2025-06-27 19:13:58,523{GMT}	INFO	[jepsen worker 4] jepsen.util: 4	:ok	:read	[2 3 4 5 6 7 8 9 10 11 12 13 14 15 16 17 18 19 20 21 22 23 24 25 26 27 28 29 30 31 32 33 34 35 36 37 38 39 40 41 42 43 44 45 46 47 48 50 51 52 53 54 56 57 58]
2025-06-27 19:13:58,629{GMT}	INFO	[jepsen worker 0] jepsen.util: 0	:invoke	:broadcast	59
2025-06-27 19:13:58,631{GMT}	INFO	[jepsen worker 0] jepsen.util: 0	:ok	:broadcast	59
2025-06-27 19:13:58,813{GMT}	INFO	[jepsen worker 0] jepsen.util: 0	:invoke	:read	nil
2025-06-27 19:13:58,816{GMT}	INFO	[jepsen worker 0] jepsen.util: 0	:ok	:read	[0 1 2 3 4 5 6 7 8 9 10 11 12 13 14 15 16 17 18 19 20 21 22 23 24 25 26 27 28 29 30 31 32 33 34 35 36 37 38 39 40 41 42 43 44 45 46 47 48 50 51 52 53 54 56 57 58 59]
2025-06-27 19:13:58,841{GMT}	INFO	[jepsen worker 1] jepsen.util: 1	:invoke	:broadcast	60
2025-06-27 19:13:58,841{GMT}	INFO	[jepsen worker 1] jepsen.util: 1	:ok	:broadcast	60
2025-06-27 19:13:58,878{GMT}	INFO	[jepsen worker 2] jepsen.util: 2	:invoke	:read	nil
2025-06-27 19:13:58,879{GMT}	INFO	[jepsen worker 2] jepsen.util: 2	:ok	:read	[0 1 2 3 4 5 6 7 8 9 10 11 12 13 14 15 16 17 18 19 20 21 22 23 24 25 26 27 28 29 30 31 32 33 34 35 36 37 38 39 40 41 42 43 44 45 46 47 48 50 51 52 53 54 56 57 58 59 60]
2025-06-27 19:13:59,053{GMT}	INFO	[jepsen worker 3] jepsen.util: 3	:invoke	:read	nil
2025-06-27 19:13:59,055{GMT}	INFO	[jepsen worker 3] jepsen.util: 3	:ok	:read	[0 1 2 3 4 5 6 7 8 9 10 11 12 13 14 15 16 17 18 19 20 21 22 23 24 25 26 27 28 29 30 31 32 33 34 35 36 37 38 39 40 41 42 43 44 45 49 55]
2025-06-27 19:13:59,179{GMT}	INFO	[jepsen worker 4] jepsen.util: 4	:invoke	:broadcast	61
2025-06-27 19:13:59,181{GMT}	INFO	[jepsen worker 4] jepsen.util: 4	:ok	:broadcast	61
2025-06-27 19:13:59,327{GMT}	INFO	[jepsen worker 0] jepsen.util: 0	:invoke	:broadcast	62
2025-06-27 19:13:59,329{GMT}	INFO	[jepsen worker 0] jepsen.util: 0	:ok	:broadcast	62
2025-06-27 19:13:59,452{GMT}	INFO	[jepsen worker 0] jepsen.util: 0	:invoke	:broadcast	63
2025-06-27 19:13:59,454{GMT}	INFO	[jepsen worker 0] jepsen.util: 0	:ok	:broadcast	63
2025-06-27 19:13:59,588{GMT}	INFO	[jepsen worker 1] jepsen.util: 1	:invoke	:broadcast	64
2025-06-27 19:13:59,590{GMT}	INFO	[jepsen worker 1] jepsen.util: 1	:ok	:broadcast	64
2025-06-27 19:13:59,778{GMT}	INFO	[jepsen worker 2] jepsen.util: 2	:invoke	:read	nil
2025-06-27 19:13:59,781{GMT}	INFO	[jepsen worker 2] jepsen.util: 2	:ok	:read	[0 1 2 3 4 5 6 7 8 9 10 11 12 13 14 15 16 17 18 19 20 21 22 23 24 25 26 27 28 29 30 31 32 33 34 35 36 37 38 39 40 41 42 43 44 45 46 47 48 50 51 52 53 54 56 57 58 59 60 61 62 63 64]
2025-06-27 19:13:59,962{GMT}	INFO	[jepsen worker 3] jepsen.util: 3	:invoke	:read	nil
2025-06-27 19:13:59,964{GMT}	INFO	[jepsen worker 3] jepsen.util: 3	:ok	:read	[0 1 2 3 4 5 6 7 8 9 10 11 12 13 14 15 16 17 18 19 20 21 22 23 24 25 26 27 28 29 30 31 32 33 34 35 36 37 38 39 40 41 42 43 44 45 49 55]
2025-06-27 19:14:00,045{GMT}	INFO	[jepsen worker 4] jepsen.util: 4	:invoke	:read	nil
2025-06-27 19:14:00,047{GMT}	INFO	[jepsen worker 4] jepsen.util: 4	:ok	:read	[2 3 4 5 6 7 8 9 10 11 12 13 14 15 16 17 18 19 20 21 22 23 24 25 26 27 28 29 30 31 32 33 34 35 36 37 38 39 40 41 42 43 44 45 46 47 48 50 51 52 53 54 56 57 58 59 60 61 62 63 64]
2025-06-27 19:14:00,207{GMT}	INFO	[jepsen worker 0] jepsen.util: 0	:invoke	:read	nil
2025-06-27 19:14:00,207{GMT}	INFO	[jepsen worker 0] jepsen.util: 0	:ok	:read	[0 1 2 3 4 5 6 7 8 9 10 11 12 13 14 15 16 17 18 19 20 21 22 23 24 25 26 27 28 29 30 31 32 33 34 35 36 37 38 39 40 41 42 43 44 45 46 47 48 50 51 52 53 54 56 57 58 59 60 61 62 63 64]
2025-06-27 19:14:00,296{GMT}	INFO	[jepsen worker 0] jepsen.util: 0	:invoke	:read	nil
2025-06-27 19:14:00,299{GMT}	INFO	[jepsen worker 0] jepsen.util: 0	:ok	:read	[0 1 2 3 4 5 6 7 8 9 10 11 12 13 14 15 16 17 18 19 20 21 22 23 24 25 26 27 28 29 30 31 32 33 34 35 36 37 38 39 40 41 42 43 44 45 46 47 48 50 51 52 53 54 56 57 58 59 60 61 62 63 64]
2025-06-27 19:14:00,463{GMT}	INFO	[jepsen worker 1] jepsen.util: 1	:invoke	:broadcast	65
2025-06-27 19:14:00,464{GMT}	INFO	[jepsen worker 1] jepsen.util: 1	:ok	:broadcast	65
2025-06-27 19:14:00,496{GMT}	INFO	[jepsen worker 2] jepsen.util: 2	:invoke	:broadcast	66
2025-06-27 19:14:00,496{GMT}	INFO	[jepsen worker 2] jepsen.util: 2	:ok	:broadcast	66
2025-06-27 19:14:00,700{GMT}	INFO	[jepsen worker 3] jepsen.util: 3	:invoke	:read	nil
2025-06-27 19:14:00,701{GMT}	INFO	[jepsen worker 3] jepsen.util: 3	:ok	:read	[0 1 2 3 4 5 6 7 8 9 10 11 12 13 14 15 16 17 18 19 20 21 22 23 24 25 26 27 28 29 30 31 32 33 34 35 36 37 38 39 40 41 42 43 44 45 49 55]
2025-06-27 19:14:00,883{GMT}	INFO	[jepsen worker 4] jepsen.util: 4	:invoke	:broadcast	67
2025-06-27 19:14:00,885{GMT}	INFO	[jepsen worker 4] jepsen.util: 4	:ok	:broadcast	67
2025-06-27 19:14:00,930{GMT}	INFO	[jepsen worker 0] jepsen.util: 0	:invoke	:broadcast	68
2025-06-27 19:14:00,930{GMT}	INFO	[jepsen worker 0] jepsen.util: 0	:ok	:broadcast	68
2025-06-27 19:14:01,080{GMT}	INFO	[jepsen worker 0] jepsen.util: 0	:invoke	:broadcast	69
2025-06-27 19:14:01,080{GMT}	INFO	[jepsen worker 0] jepsen.util: 0	:ok	:broadcast	69
2025-06-27 19:14:01,186{GMT}	INFO	[jepsen worker 1] jepsen.util: 1	:invoke	:broadcast	70
2025-06-27 19:14:01,187{GMT}	INFO	[jepsen worker 1] jepsen.util: 1	:ok	:broadcast	70
2025-06-27 19:14:01,312{GMT}	INFO	[jepsen worker 2] jepsen.util: 2	:invoke	:read	nil
2025-06-27 19:14:01,312{GMT}	INFO	[jepsen worker 2] jepsen.util: 2	:ok	:read	[0 1 2 3 4 5 6 7 8 9 10 11 12 13 14 15 16 17 18 19 20 21 22 23 24 25 26 27 28 29 30 31 32 33 34 35 36 37 38 39 40 41 42 43 44 45 46 47 48 50 51 52 53 54 56 57 58 59 60 61 62 63 64 65 66 67 68 69 70]
2025-06-27 19:14:01,317{GMT}	INFO	[jepsen worker 3] jepsen.util: 3	:invoke	:broadcast	71
2025-06-27 19:14:01,318{GMT}	INFO	[jepsen worker 3] jepsen.util: 3	:ok	:broadcast	71
2025-06-27 19:14:01,453{GMT}	INFO	[jepsen worker 4] jepsen.util: 4	:invoke	:read	nil
2025-06-27 19:14:01,454{GMT}	INFO	[jepsen worker 4] jepsen.util: 4	:ok	:read	[2 3 4 5 6 7 8 9 10 11 12 13 14 15 16 17 18 19 20 21 22 23 24 25 26 27 28 29 30 31 32 33 34 35 36 37 38 39 40 41 42 43 44 45 46 47 48 50 51 52 53 54 56 57 58 59 60 61 62 63 64 65 66 67 68 69 70]
2025-06-27 19:14:01,561{GMT}	INFO	[jepsen worker 0] jepsen.util: 0	:invoke	:broadcast	72
2025-06-27 19:14:01,561{GMT}	INFO	[jepsen worker 1] jepsen.util: 1	:invoke	:broadcast	73
2025-06-27 19:14:01,562{GMT}	INFO	[jepsen worker 0] jepsen.util: 0	:ok	:broadcast	72
2025-06-27 19:14:01,562{GMT}	INFO	[jepsen worker 1] jepsen.util: 1	:ok	:broadcast	73
2025-06-27 19:14:01,678{GMT}	INFO	[jepsen worker 1] jepsen.util: 1	:invoke	:broadcast	74
2025-06-27 19:14:01,678{GMT}	INFO	[jepsen worker 1] jepsen.util: 1	:ok	:broadcast	74
2025-06-27 19:14:01,736{GMT}	INFO	[jepsen worker 2] jepsen.util: 2	:invoke	:read	nil
2025-06-27 19:14:01,737{GMT}	INFO	[jepsen worker 2] jepsen.util: 2	:ok	:read	[0 1 2 3 4 5 6 7 8 9 10 11 12 13 14 15 16 17 18 19 20 21 22 23 24 25 26 27 28 29 30 31 32 33 34 35 36 37 38 39 40 41 42 43 44 45 46 47 48 50 51 52 53 54 56 57 58 59 60 61 62 63 64 65 66 67 68 69 70 73 72 74]
2025-06-27 19:14:01,793{GMT}	INFO	[jepsen worker 3] jepsen.util: 3	:invoke	:broadcast	75
2025-06-27 19:14:01,794{GMT}	INFO	[jepsen worker 3] jepsen.util: 3	:ok	:broadcast	75
2025-06-27 19:14:01,893{GMT}	INFO	[jepsen worker 4] jepsen.util: 4	:invoke	:broadcast	76
2025-06-27 19:14:01,894{GMT}	INFO	[jepsen worker 4] jepsen.util: 4	:ok	:broadcast	76
2025-06-27 19:14:02,041{GMT}	INFO	[jepsen worker 0] jepsen.util: 0	:invoke	:broadcast	77
2025-06-27 19:14:02,042{GMT}	INFO	[jepsen worker 0] jepsen.util: 0	:ok	:broadcast	77
2025-06-27 19:14:02,060{GMT}	INFO	[jepsen worker 0] jepsen.util: 0	:invoke	:read	nil
2025-06-27 19:14:02,061{GMT}	INFO	[jepsen worker 0] jepsen.util: 0	:ok	:read	[0 1 2 3 4 5 6 7 8 9 10 11 12 13 14 15 16 17 18 19 20 21 22 23 24 25 26 27 28 29 30 31 32 33 34 35 36 37 38 39 40 41 42 43 44 45 46 47 48 50 51 52 53 54 56 57 58 59 60 61 62 63 64 65 66 67 68 69 70 72 73 74 76 77]
2025-06-27 19:14:02,194{GMT}	INFO	[jepsen worker 1] jepsen.util: 1	:invoke	:broadcast	78
2025-06-27 19:14:02,195{GMT}	INFO	[jepsen worker 1] jepsen.util: 1	:ok	:broadcast	78
2025-06-27 19:14:02,203{GMT}	INFO	[jepsen worker 2] jepsen.util: 2	:invoke	:read	nil
2025-06-27 19:14:02,203{GMT}	INFO	[jepsen worker 2] jepsen.util: 2	:ok	:read	[0 1 2 3 4 5 6 7 8 9 10 11 12 13 14 15 16 17 18 19 20 21 22 23 24 25 26 27 28 29 30 31 32 33 34 35 36 37 38 39 40 41 42 43 44 45 46 47 48 50 51 52 53 54 56 57 58 59 60 61 62 63 64 65 66 67 68 69 70 73 72 74 76 77 78]
2025-06-27 19:14:02,242{GMT}	INFO	[jepsen worker 3] jepsen.util: 3	:invoke	:read	nil
2025-06-27 19:14:02,243{GMT}	INFO	[jepsen worker 3] jepsen.util: 3	:ok	:read	[0 1 2 3 4 5 6 7 8 9 10 11 12 13 14 15 16 17 18 19 20 21 22 23 24 25 26 27 28 29 30 31 32 33 34 35 36 37 38 39 40 41 42 43 44 45 49 55 71 75]
2025-06-27 19:14:02,401{GMT}	INFO	[jepsen worker 4] jepsen.util: 4	:invoke	:broadcast	79
2025-06-27 19:14:02,402{GMT}	INFO	[jepsen worker 4] jepsen.util: 4	:ok	:broadcast	79
2025-06-27 19:14:02,422{GMT}	INFO	[jepsen worker 0] jepsen.util: 0	:invoke	:broadcast	80
2025-06-27 19:14:02,422{GMT}	INFO	[jepsen worker 0] jepsen.util: 0	:ok	:broadcast	80
2025-06-27 19:14:02,538{GMT}	INFO	[jepsen worker 0] jepsen.util: 0	:invoke	:broadcast	81
2025-06-27 19:14:02,539{GMT}	INFO	[jepsen worker 0] jepsen.util: 0	:ok	:broadcast	81
2025-06-27 19:14:02,695{GMT}	INFO	[jepsen worker 1] jepsen.util: 1	:invoke	:broadcast	82
2025-06-27 19:14:02,697{GMT}	INFO	[jepsen worker 1] jepsen.util: 1	:ok	:broadcast	82
2025-06-27 19:14:02,887{GMT}	INFO	[jepsen worker 2] jepsen.util: 2	:invoke	:read	nil
2025-06-27 19:14:02,889{GMT}	INFO	[jepsen worker 2] jepsen.util: 2	:ok	:read	[0 1 2 3 4 5 6 7 8 9 10 11 12 13 14 15 16 17 18 19 20 21 22 23 24 25 26 27 28 29 30 31 32 33 34 35 36 37 38 39 40 41 42 43 44 45 46 47 48 50 51 52 53 54 56 57 58 59 60 61 62 63 64 65 66 67 68 69 70 73 72 74 76 77 78 79 80 81 82]
2025-06-27 19:14:02,984{GMT}	INFO	[jepsen worker 3] jepsen.util: 3	:invoke	:broadcast	83
2025-06-27 19:14:02,985{GMT}	INFO	[jepsen worker 3] jepsen.util: 3	:ok	:broadcast	83
2025-06-27 19:14:03,025{GMT}	INFO	[jepsen worker 4] jepsen.util: 4	:invoke	:read	nil
2025-06-27 19:14:03,027{GMT}	INFO	[jepsen worker 4] jepsen.util: 4	:ok	:read	[2 3 4 5 6 7 8 9 10 11 12 13 14 15 16 17 18 19 20 21 22 23 24 25 26 27 28 29 30 31 32 33 34 35 36 37 38 39 40 41 42 43 44 45 46 47 48 50 51 52 53 54 56 57 58 59 60 61 62 63 64 65 66 67 68 69 70 73 72 74 76 77 78 79 80 81 82]
2025-06-27 19:14:03,084{GMT}	INFO	[jepsen worker 0] jepsen.util: 0	:invoke	:broadcast	84
2025-06-27 19:14:03,085{GMT}	INFO	[jepsen worker 0] jepsen.util: 0	:ok	:broadcast	84
2025-06-27 19:14:03,136{GMT}	INFO	[jepsen worker 0] jepsen.util: 0	:invoke	:broadcast	85
2025-06-27 19:14:03,138{GMT}	INFO	[jepsen worker 0] jepsen.util: 0	:ok	:broadcast	85
2025-06-27 19:14:03,270{GMT}	INFO	[jepsen worker 1] jepsen.util: 1	:invoke	:read	nil
2025-06-27 19:14:03,272{GMT}	INFO	[jepsen worker 1] jepsen.util: 1	:ok	:read	[0 1 2 3 4 5 6 7 8 9 10 11 12 13 14 15 16 17 18 19 20 21 22 23 24 25 26 27 28 29 30 31 32 33 34 35 36 37 38 39 40 41 42 43 44 45 46 47 48 50 51 52 53 54 56 57 58 59 60 61 62 63 64 65 66 67 68 69 70 73 72 74 76 77 78 79 80 81 82 84 85]
2025-06-27 19:14:03,364{GMT}	INFO	[jepsen worker 2] jepsen.util: 2	:invoke	:read	nil
2025-06-27 19:14:03,366{GMT}	INFO	[jepsen worker 2] jepsen.util: 2	:ok	:read	[0 1 2 3 4 5 6 7 8 9 10 11 12 13 14 15 16 17 18 19 20 21 22 23 24 25 26 27 28 29 30 31 32 33 34 35 36 37 38 39 40 41 42 43 44 45 46 47 48 50 51 52 53 54 56 57 58 59 60 61 62 63 64 65 66 67 68 69 70 73 72 74 76 77 78 79 80 81 82 84 85]
2025-06-27 19:14:03,407{GMT}	INFO	[jepsen worker 3] jepsen.util: 3	:invoke	:broadcast	86
2025-06-27 19:14:03,409{GMT}	INFO	[jepsen worker 3] jepsen.util: 3	:ok	:broadcast	86
2025-06-27 19:14:03,538{GMT}	INFO	[jepsen worker 4] jepsen.util: 4	:invoke	:broadcast	87
2025-06-27 19:14:03,540{GMT}	INFO	[jepsen worker 4] jepsen.util: 4	:ok	:broadcast	87
2025-06-27 19:14:03,595{GMT}	INFO	[jepsen worker 0] jepsen.util: 0	:invoke	:read	nil
2025-06-27 19:14:03,598{GMT}	INFO	[jepsen worker 0] jepsen.util: 0	:ok	:read	[0 1 2 3 4 5 6 7 8 9 10 11 12 13 14 15 16 17 18 19 20 21 22 23 24 25 26 27 28 29 30 31 32 33 34 35 36 37 38 39 40 41 42 43 44 45 46 47 48 50 51 52 53 54 56 57 58 59 60 61 62 63 64 65 66 67 68 69 70 72 73 74 76 77 78 79 80 81 82 84 85 87]
2025-06-27 19:14:03,673{GMT}	INFO	[jepsen worker 0] jepsen.util: 0	:invoke	:broadcast	88
2025-06-27 19:14:03,675{GMT}	INFO	[jepsen worker 0] jepsen.util: 0	:ok	:broadcast	88
2025-06-27 19:14:03,861{GMT}	INFO	[jepsen worker 1] jepsen.util: 1	:invoke	:read	nil
2025-06-27 19:14:03,864{GMT}	INFO	[jepsen worker 1] jepsen.util: 1	:ok	:read	[0 1 2 3 4 5 6 7 8 9 10 11 12 13 14 15 16 17 18 19 20 21 22 23 24 25 26 27 28 29 30 31 32 33 34 35 36 37 38 39 40 41 42 43 44 45 46 47 48 50 51 52 53 54 56 57 58 59 60 61 62 63 64 65 66 67 68 69 70 73 72 74 76 77 78 79 80 81 82 84 85 87 88]
2025-06-27 19:14:03,917{GMT}	INFO	[jepsen worker 2] jepsen.util: 2	:invoke	:read	nil
2025-06-27 19:14:03,920{GMT}	INFO	[jepsen worker 2] jepsen.util: 2	:ok	:read	[0 1 2 3 4 5 6 7 8 9 10 11 12 13 14 15 16 17 18 19 20 21 22 23 24 25 26 27 28 29 30 31 32 33 34 35 36 37 38 39 40 41 42 43 44 45 46 47 48 50 51 52 53 54 56 57 58 59 60 61 62 63 64 65 66 67 68 69 70 73 72 74 76 77 78 79 80 81 82 84 85 87 88]
2025-06-27 19:14:03,937{GMT}	INFO	[jepsen worker 3] jepsen.util: 3	:invoke	:read	nil
2025-06-27 19:14:03,938{GMT}	INFO	[jepsen worker 3] jepsen.util: 3	:ok	:read	[0 1 2 3 4 5 6 7 8 9 10 11 12 13 14 15 16 17 18 19 20 21 22 23 24 25 26 27 28 29 30 31 32 33 34 35 36 37 38 39 40 41 42 43 44 45 49 55 71 75 83 86]
2025-06-27 19:14:04,082{GMT}	INFO	[jepsen worker 4] jepsen.util: 4	:invoke	:read	nil
2025-06-27 19:14:04,084{GMT}	INFO	[jepsen worker 4] jepsen.util: 4	:ok	:read	[2 3 4 5 6 7 8 9 10 11 12 13 14 15 16 17 18 19 20 21 22 23 24 25 26 27 28 29 30 31 32 33 34 35 36 37 38 39 40 41 42 43 44 45 46 47 48 50 51 52 53 54 56 57 58 59 60 61 62 63 64 65 66 67 68 69 70 73 72 74 76 77 78 79 80 81 82 84 85 87 88]
2025-06-27 19:14:04,179{GMT}	INFO	[jepsen worker 0] jepsen.util: 0	:invoke	:broadcast	89
2025-06-27 19:14:04,181{GMT}	INFO	[jepsen worker 0] jepsen.util: 0	:ok	:broadcast	89
2025-06-27 19:14:04,239{GMT}	INFO	[jepsen worker 0] jepsen.util: 0	:invoke	:broadcast	90
2025-06-27 19:14:04,240{GMT}	INFO	[jepsen worker 0] jepsen.util: 0	:ok	:broadcast	90
2025-06-27 19:14:04,420{GMT}	INFO	[jepsen worker 1] jepsen.util: 1	:invoke	:read	nil
2025-06-27 19:14:04,422{GMT}	INFO	[jepsen worker 1] jepsen.util: 1	:ok	:read	[0 1 2 3 4 5 6 7 8 9 10 11 12 13 14 15 16 17 18 19 20 21 22 23 24 25 26 27 28 29 30 31 32 33 34 35 36 37 38 39 40 41 42 43 44 45 46 47 48 50 51 52 53 54 56 57 58 59 60 61 62 63 64 65 66 67 68 69 70 73 72 74 76 77 78 79 80 81 82 84 85 87 88 89 90]
2025-06-27 19:14:04,550{GMT}	INFO	[jepsen worker 2] jepsen.util: 2	:invoke	:broadcast	91
2025-06-27 19:14:04,552{GMT}	INFO	[jepsen worker 2] jepsen.util: 2	:ok	:broadcast	91
2025-06-27 19:14:04,694{GMT}	INFO	[jepsen worker 3] jepsen.util: 3	:invoke	:read	nil
2025-06-27 19:14:04,696{GMT}	INFO	[jepsen worker 3] jepsen.util: 3	:ok	:read	[0 1 2 3 4 5 6 7 8 9 10 11 12 13 14 15 16 17 18 19 20 21 22 23 24 25 26 27 28 29 30 31 32 33 34 35 36 37 38 39 40 41 42 43 44 45 49 55 71 75 83 86]
2025-06-27 19:14:04,738{GMT}	INFO	[jepsen worker 4] jepsen.util: 4	:invoke	:read	nil
2025-06-27 19:14:04,739{GMT}	INFO	[jepsen worker 4] jepsen.util: 4	:ok	:read	[2 3 4 5 6 7 8 9 10 11 12 13 14 15 16 17 18 19 20 21 22 23 24 25 26 27 28 29 30 31 32 33 34 35 36 37 38 39 40 41 42 43 44 45 46 47 48 50 51 52 53 54 56 57 58 59 60 61 62 63 64 65 66 67 68 69 70 73 72 74 76 77 78 79 80 81 82 84 85 87 88 89 90 91]
2025-06-27 19:14:04,784{GMT}	INFO	[jepsen worker 0] jepsen.util: 0	:invoke	:broadcast	92
2025-06-27 19:14:04,785{GMT}	INFO	[jepsen worker 0] jepsen.util: 0	:ok	:broadcast	92
2025-06-27 19:14:04,847{GMT}	INFO	[jepsen worker 0] jepsen.util: 0	:invoke	:read	nil
2025-06-27 19:14:04,849{GMT}	INFO	[jepsen worker 0] jepsen.util: 0	:ok	:read	[0 1 2 3 4 5 6 7 8 9 10 11 12 13 14 15 16 17 18 19 20 21 22 23 24 25 26 27 28 29 30 31 32 33 34 35 36 37 38 39 40 41 42 43 44 45 46 47 48 50 51 52 53 54 56 57 58 59 60 61 62 63 64 65 66 67 68 69 70 72 73 74 76 77 78 79 80 81 82 84 85 87 88 89 90 91 92]
2025-06-27 19:14:04,896{GMT}	INFO	[jepsen worker 1] jepsen.util: 1	:invoke	:broadcast	93
2025-06-27 19:14:04,898{GMT}	INFO	[jepsen worker 1] jepsen.util: 1	:ok	:broadcast	93
2025-06-27 19:14:04,909{GMT}	INFO	[jepsen worker 2] jepsen.util: 2	:invoke	:broadcast	94
2025-06-27 19:14:04,910{GMT}	INFO	[jepsen worker 2] jepsen.util: 2	:ok	:broadcast	94
2025-06-27 19:14:04,950{GMT}	INFO	[jepsen worker 3] jepsen.util: 3	:invoke	:broadcast	95
2025-06-27 19:14:04,952{GMT}	INFO	[jepsen worker 3] jepsen.util: 3	:ok	:broadcast	95
2025-06-27 19:14:04,993{GMT}	INFO	[jepsen worker 4] jepsen.util: 4	:invoke	:read	nil
2025-06-27 19:14:04,994{GMT}	INFO	[jepsen worker 4] jepsen.util: 4	:ok	:read	[2 3 4 5 6 7 8 9 10 11 12 13 14 15 16 17 18 19 20 21 22 23 24 25 26 27 28 29 30 31 32 33 34 35 36 37 38 39 40 41 42 43 44 45 46 47 48 50 51 52 53 54 56 57 58 59 60 61 62 63 64 65 66 67 68 69 70 73 72 74 76 77 78 79 80 81 82 84 85 87 88 89 90 91 92 93 94]
2025-06-27 19:14:05,129{GMT}	INFO	[jepsen worker 0] jepsen.util: 0	:invoke	:broadcast	96
2025-06-27 19:14:05,130{GMT}	INFO	[jepsen worker 0] jepsen.util: 0	:ok	:broadcast	96
2025-06-27 19:14:05,217{GMT}	INFO	[jepsen worker 0] jepsen.util: 0	:invoke	:broadcast	97
2025-06-27 19:14:05,218{GMT}	INFO	[jepsen worker 0] jepsen.util: 0	:ok	:broadcast	97
2025-06-27 19:14:05,395{GMT}	INFO	[jepsen worker 1] jepsen.util: 1	:invoke	:broadcast	98
2025-06-27 19:14:05,397{GMT}	INFO	[jepsen worker 1] jepsen.util: 1	:ok	:broadcast	98
2025-06-27 19:14:05,412{GMT}	INFO	[jepsen worker 2] jepsen.util: 2	:invoke	:broadcast	99
2025-06-27 19:14:05,414{GMT}	INFO	[jepsen worker 2] jepsen.util: 2	:ok	:broadcast	99
2025-06-27 19:14:05,531{GMT}	INFO	[jepsen worker 3] jepsen.util: 3	:invoke	:broadcast	100
2025-06-27 19:14:05,533{GMT}	INFO	[jepsen worker 3] jepsen.util: 3	:ok	:broadcast	100
2025-06-27 19:14:05,646{GMT}	INFO	[jepsen worker 4] jepsen.util: 4	:invoke	:broadcast	101
2025-06-27 19:14:05,648{GMT}	INFO	[jepsen worker 4] jepsen.util: 4	:ok	:broadcast	101
2025-06-27 19:14:05,837{GMT}	INFO	[jepsen worker 0] jepsen.util: 0	:invoke	:broadcast	102
2025-06-27 19:14:05,839{GMT}	INFO	[jepsen worker 0] jepsen.util: 0	:ok	:broadcast	102
2025-06-27 19:14:06,027{GMT}	INFO	[jepsen worker 0] jepsen.util: 0	:invoke	:read	nil
2025-06-27 19:14:06,030{GMT}	INFO	[jepsen worker 0] jepsen.util: 0	:ok	:read	[0 1 2 3 4 5 6 7 8 9 10 11 12 13 14 15 16 17 18 19 20 21 22 23 24 25 26 27 28 29 30 31 32 33 34 35 36 37 38 39 40 41 42 43 44 45 46 47 48 50 51 52 53 54 56 57 58 59 60 61 62 63 64 65 66 67 68 69 70 72 73 74 76 77 78 79 80 81 82 84 85 87 88 89 90 91 92 93 94 96 97 98 99 101 102]
2025-06-27 19:14:06,090{GMT}	INFO	[jepsen worker 1] jepsen.util: 1	:invoke	:read	nil
2025-06-27 19:14:06,092{GMT}	INFO	[jepsen worker 1] jepsen.util: 1	:ok	:read	[0 1 2 3 4 5 6 7 8 9 10 11 12 13 14 15 16 17 18 19 20 21 22 23 24 25 26 27 28 29 30 31 32 33 34 35 36 37 38 39 40 41 42 43 44 45 46 47 48 50 51 52 53 54 56 57 58 59 60 61 62 63 64 65 66 67 68 69 70 73 72 74 76 77 78 79 80 81 82 84 85 87 88 89 90 91 92 93 94 96 97 98 99 101 102]
2025-06-27 19:14:06,162{GMT}	INFO	[jepsen worker 2] jepsen.util: 2	:invoke	:broadcast	103
2025-06-27 19:14:06,164{GMT}	INFO	[jepsen worker 2] jepsen.util: 2	:ok	:broadcast	103
2025-06-27 19:14:06,286{GMT}	INFO	[jepsen worker 3] jepsen.util: 3	:invoke	:broadcast	104
2025-06-27 19:14:06,288{GMT}	INFO	[jepsen worker 3] jepsen.util: 3	:ok	:broadcast	104
2025-06-27 19:14:06,438{GMT}	INFO	[jepsen worker 4] jepsen.util: 4	:invoke	:broadcast	105
2025-06-27 19:14:06,440{GMT}	INFO	[jepsen worker 4] jepsen.util: 4	:ok	:broadcast	105
2025-06-27 19:14:06,623{GMT}	INFO	[jepsen worker 0] jepsen.util: 0	:invoke	:broadcast	106
2025-06-27 19:14:06,625{GMT}	INFO	[jepsen worker 0] jepsen.util: 0	:ok	:broadcast	106
2025-06-27 19:14:06,717{GMT}	INFO	[jepsen worker 0] jepsen.util: 0	:invoke	:read	nil
2025-06-27 19:14:06,719{GMT}	INFO	[jepsen worker 0] jepsen.util: 0	:ok	:read	[0 1 2 3 4 5 6 7 8 9 10 11 12 13 14 15 16 17 18 19 20 21 22 23 24 25 26 27 28 29 30 31 32 33 34 35 36 37 38 39 40 41 42 43 44 45 46 47 48 50 51 52 53 54 56 57 58 59 60 61 62 63 64 65 66 67 68 69 70 72 73 74 76 77 78 79 80 81 82 84 85 87 88 89 90 91 92 93 94 96 97 98 99 101 102 103 105 106]
2025-06-27 19:14:06,912{GMT}	INFO	[jepsen worker 1] jepsen.util: 1	:invoke	:read	nil
2025-06-27 19:14:06,914{GMT}	INFO	[jepsen worker nemesis] jepsen.util: :nemesis	:info	:stop-partition	nil
2025-06-27 19:14:06,914{GMT}	INFO	[jepsen worker 1] jepsen.util: 1	:ok	:read	[0 1 2 3 4 5 6 7 8 9 10 11 12 13 14 15 16 17 18 19 20 21 22 23 24 25 26 27 28 29 30 31 32 33 34 35 36 37 38 39 40 41 42 43 44 45 46 47 48 50 51 52 53 54 56 57 58 59 60 61 62 63 64 65 66 67 68 69 70 73 72 74 76 77 78 79 80 81 82 84 85 87 88 89 90 91 92 93 94 96 97 98 99 101 102 103 105 106]
2025-06-27 19:14:06,915{GMT}	INFO	[jepsen worker nemesis] jepsen.util: :nemesis	:info	:stop-partition	:network-healed
2025-06-27 19:14:06,915{GMT}	INFO	[jepsen worker 3] jepsen.generator.interpreter: Waiting for recovery...
2025-06-27 19:14:16,926{GMT}	INFO	[jepsen worker 0] jepsen.util: 0	:invoke	:read	nil
2025-06-27 19:14:16,927{GMT}	INFO	[jepsen worker 1] jepsen.util: 1	:invoke	:read	nil
2025-06-27 19:14:16,927{GMT}	INFO	[jepsen worker 3] jepsen.util: 3	:invoke	:read	nil
2025-06-27 19:14:16,927{GMT}	INFO	[jepsen worker 2] jepsen.util: 2	:invoke	:read	nil
2025-06-27 19:14:16,927{GMT}	INFO	[jepsen worker 4] jepsen.util: 4	:invoke	:read	nil
2025-06-27 19:14:16,929{GMT}	INFO	[jepsen worker 0] jepsen.util: 0	:ok	:read	[0 1 2 3 4 5 6 7 8 9 10 11 12 13 14 15 16 17 18 19 20 21 22 23 24 25 26 27 28 29 30 31 32 33 34 35 36 37 38 39 40 41 42 43 44 45 46 47 48 50 51 52 53 54 56 57 58 59 60 61 62 63 64 65 66 67 68 69 70 72 73 74 76 77 78 79 80 81 82 84 85 87 88 89 90 91 92 93 94 96 97 98 99 101 102 103 105 106]
2025-06-27 19:14:16,929{GMT}	INFO	[jepsen worker 3] jepsen.util: 3	:ok	:read	[0 1 2 3 4 5 6 7 8 9 10 11 12 13 14 15 16 17 18 19 20 21 22 23 24 25 26 27 28 29 30 31 32 33 34 35 36 37 38 39 40 41 42 43 44 45 49 55 71 75 83 86 95 100 104]
2025-06-27 19:14:16,929{GMT}	INFO	[jepsen worker 1] jepsen.util: 1	:ok	:read	[0 1 2 3 4 5 6 7 8 9 10 11 12 13 14 15 16 17 18 19 20 21 22 23 24 25 26 27 28 29 30 31 32 33 34 35 36 37 38 39 40 41 42 43 44 45 46 47 48 50 51 52 53 54 56 57 58 59 60 61 62 63 64 65 66 67 68 69 70 73 72 74 76 77 78 79 80 81 82 84 85 87 88 89 90 91 92 93 94 96 97 98 99 101 102 103 105 106]
2025-06-27 19:14:16,929{GMT}	INFO	[jepsen worker 4] jepsen.util: 4	:ok	:read	[2 3 4 5 6 7 8 9 10 11 12 13 14 15 16 17 18 19 20 21 22 23 24 25 26 27 28 29 30 31 32 33 34 35 36 37 38 39 40 41 42 43 44 45 46 47 48 50 51 52 53 54 56 57 58 59 60 61 62 63 64 65 66 67 68 69 70 73 72 74 76 77 78 79 80 81 82 84 85 87 88 89 90 91 92 93 94 96 97 98 99 101 102 103 105 106]
2025-06-27 19:14:16,929{GMT}	INFO	[jepsen worker 2] jepsen.util: 2	:ok	:read	[0 1 2 3 4 5 6 7 8 9 10 11 12 13 14 15 16 17 18 19 20 21 22 23 24 25 26 27 28 29 30 31 32 33 34 35 36 37 38 39 40 41 42 43 44 45 46 47 48 50 51 52 53 54 56 57 58 59 60 61 62 63 64 65 66 67 68 69 70 73 72 74 76 77 78 79 80 81 82 84 85 87 88 89 90 91 92 93 94 96 97 98 99 101 102 103 105 106]
2025-06-27 19:14:16,945{GMT}	INFO	[jepsen test runner] jepsen.core: Run complete, writing
2025-06-27 19:14:16,997{GMT}	INFO	[jepsen node n2] maelstrom.db: Tearing down n2
2025-06-27 19:14:16,997{GMT}	INFO	[jepsen node n3] maelstrom.db: Tearing down n3
2025-06-27 19:14:16,997{GMT}	INFO	[jepsen node n0] maelstrom.db: Tearing down n0
2025-06-27 19:14:16,997{GMT}	INFO	[jepsen node n4] maelstrom.db: Tearing down n4
2025-06-27 19:14:16,997{GMT}	INFO	[jepsen node n1] maelstrom.db: Tearing down n1
2025-06-27 19:14:18,880{GMT}	INFO	[jepsen node n0] maelstrom.net: Shutting down Maelstrom network
2025-06-27 19:14:18,884{GMT}	INFO	[jepsen test runner] jepsen.core: Analyzing...
2025-06-27 19:14:19,249{GMT}	INFO	[jepsen test runner] jepsen.core: Analysis complete
2025-06-27 19:14:19,266{GMT}	INFO	[jepsen results] jepsen.store: Wrote /Users/anandtrehan/flyio_challenges/maelstrom/store/broadcast/20250627T191345.989-0400/results.edn
2025-06-27 19:14:19,279{GMT}	INFO	[jepsen test runner] jepsen.core: {:perf {:latency-graph {:valid? true},
        :rate-graph {:valid? true},
        :valid? true},
 :timeline {:valid? true},
 :exceptions {:valid? true},
 :stats {:valid? true,
         :count 196,
         :ok-count 196,
         :fail-count 0,
         :info-count 0,
         :by-f {:broadcast {:valid? true,
                            :count 107,
                            :ok-count 107,
                            :fail-count 0,
                            :info-count 0},
                :read {:valid? true,
                       :count 89,
                       :ok-count 89,
                       :fail-count 0,
                       :info-count 0}}},
 :availability {:valid? true, :ok-fraction 1.0},
 :net {:all {:send-count 1640,
             :recv-count 1514,
             :msg-count 1640,
             :msgs-per-op 8.367347},
       :clients {:send-count 412, :recv-count 412, :msg-count 412},
       :servers {:send-count 1228,
                 :recv-count 1102,
                 :msg-count 1228,
                 :msgs-per-op 6.265306},
       :valid? true},
 :workload {:worst-stale ({:element 46,
                           :outcome :stable,
                           :stable-latency 20932,
                           :lost-latency nil,
                           :known #jepsen.history.Op{:index 173,
                                                     :time 9033565667,
                                                     :type :ok,
                                                     :process 2,
                                                     :f :add,
                                                     :value 46},
                           :last-absent #jepsen.history.Op{:index 392,
                                                           :time 29966321000,
                                                           :type :invoke,
                                                           :process 3,
                                                           :f :read,
                                                           :value nil,
                                                           :final? true}}
                          {:element 47,
                           :outcome :stable,
                           :stable-latency 20423,
                           :lost-latency nil,
                           :known #jepsen.history.Op{:index 183,
                                                     :time 9542828375,
                                                     :type :ok,
                                                     :process 1,
                                                     :f :add,
                                                     :value 47},
                           :last-absent #jepsen.history.Op{:index 392,
                                                           :time 29966321000,
                                                           :type :invoke,
                                                           :process 3,
                                                           :f :read,
                                                           :value nil,
                                                           :final? true}}
                          {:element 48,
                           :outcome :stable,
                           :stable-latency 20370,
                           :lost-latency nil,
                           :known #jepsen.history.Op{:index 185,
                                                     :time 9595994708,
                                                     :type :ok,
                                                     :process 2,
                                                     :f :add,
                                                     :value 48},
                           :last-absent #jepsen.history.Op{:index 392,
                                                           :time 29966321000,
                                                           :type :invoke,
                                                           :process 3,
                                                           :f :read,
                                                           :value nil,
                                                           :final? true}}
                          {:element 50,
                           :outcome :stable,
                           :stable-latency 20111,
                           :lost-latency nil,
                           :known #jepsen.history.Op{:index 191,
                                                     :time 9854341333,
                                                     :type :ok,
                                                     :process 0,
                                                     :f :add,
                                                     :value 50},
                           :last-absent #jepsen.history.Op{:index 392,
                                                           :time 29966321000,
                                                           :type :invoke,
                                                           :process 3,
                                                           :f :read,
                                                           :value nil,
                                                           :final? true}}
                          {:element 51,
                           :outcome :stable,
                           :stable-latency 20023,
                           :lost-latency nil,
                           :known #jepsen.history.Op{:index 193,
                                                     :time 9942783458,
                                                     :type :ok,
                                                     :process 0,
                                                     :f :add,
                                                     :value 51},
                           :last-absent #jepsen.history.Op{:index 392,
                                                           :time 29966321000,
                                                           :type :invoke,
                                                           :process 3,
                                                           :f :read,
                                                           :value nil,
                                                           :final? true}}
                          {:element 52,
                           :outcome :stable,
                           :stable-latency 19725,
                           :lost-latency nil,
                           :known #jepsen.history.Op{:index 197,
                                                     :time 10241062500,
                                                     :type :ok,
                                                     :process 2,
                                                     :f :add,
                                                     :value 52},
                           :last-absent #jepsen.history.Op{:index 392,
                                                           :time 29966321000,
                                                           :type :invoke,
                                                           :process 3,
                                                           :f :read,
                                                           :value nil,
                                                           :final? true}}
                          {:element 53,
                           :outcome :stable,
                           :stable-latency 19520,
                           :lost-latency nil,
                           :known #jepsen.history.Op{:index 203,
                                                     :time 10445887292,
                                                     :type :ok,
                                                     :process 0,
                                                     :f :add,
                                                     :value 53},
                           :last-absent #jepsen.history.Op{:index 392,
                                                           :time 29966321000,
                                                           :type :invoke,
                                                           :process 3,
                                                           :f :read,
                                                           :value nil,
                                                           :final? true}}
                          {:element 54,
                           :outcome :stable,
                           :stable-latency 19439,
                           :lost-latency nil,
                           :known #jepsen.history.Op{:index 207,
                                                     :time 10527177417,
                                                     :type :ok,
                                                     :process 1,
                                                     :f :add,
                                                     :value 54},
                           :last-absent #jepsen.history.Op{:index 392,
                                                           :time 29966321000,
                                                           :type :invoke,
                                                           :process 3,
                                                           :f :read,
                                                           :value nil,
                                                           :final? true}}),
            :duplicated-count 0,
            :valid? false,
            :lost-count 11,
            :lost (0 1 49 55 71 75 83 86 95 100 104),
            :stable-count 96,
            :stale-count 52,
            :stale (46
                    47
                    48
                    50
                    51
                    52
                    53
                    54
                    56
                    57
                    58
                    59
                    60
                    61
                    62
                    63
                    64
                    65
                    66
                    67
                    68
                    69
                    70
                    72
                    73
                    74
                    76
                    77
                    78
                    79
                    80
                    81
                    82
                    84
                    85
                    87
                    88
                    89
                    90
                    91
                    92
                    93
                    94
                    96
                    97
                    98
                    99
                    101
                    102
                    103
                    105
                    106),
            :never-read-count 0,
            :stable-latencies {0 0,
                               0.5 11278,
                               0.95 20023,
                               0.99 20932,
                               1 20932},
            :attempt-count 107,
            :lost-latencies {0 10638,
                             0.5 15132,
                             0.95 29950,
                             0.99 29950,
                             1 29950},
            :never-read (),
            :duplicated {}},
 :valid? false}


Analysis invalid! ( 
