2025/07/16 20:41:34 Received {c0 n0 {"type":"init","node_id":"n0","node_ids":["n0"],"msg_id":1}}
2025/07/16 20:41:34 Node n0 initialized
2025/07/16 20:41:34 Sent {"src":"n0","dest":"c0","body":{"in_reply_to":1,"type":"init_ok"}}
2025/07/16 20:41:34 Received {c2 n0 {"offsets":{},"type":"poll","msg_id":1}}
2025/07/16 20:41:34 Sent {"src":"n0","dest":"c2","body":{"in_reply_to":1,"msgs":{},"type":"poll_ok"}}
2025/07/16 20:41:34 Received {c4 n0 {"offsets":{},"type":"poll","msg_id":1}}
2025/07/16 20:41:34 Sent {"src":"n0","dest":"c4","body":{"in_reply_to":1,"msgs":{},"type":"poll_ok"}}
2025/07/16 20:41:34 Received {c2 n0 {"offsets":{},"type":"poll","msg_id":2}}
2025/07/16 20:41:34 Sent {"src":"n0","dest":"c2","body":{"in_reply_to":2,"msgs":{},"type":"poll_ok"}}
2025/07/16 20:41:34 Received {c4 n0 {"key":"9","msg":1,"type":"send","msg_id":2}}
2025/07/16 20:41:34 Sent {"src":"n0","dest":"seq-kv","body":{"key":"9","msg_id":1,"type":"read"}}
2025/07/16 20:41:34 Received {c2 n0 {"offsets":{},"type":"poll","msg_id":3}}
2025/07/16 20:41:34 Sent {"src":"n0","dest":"c2","body":{"in_reply_to":3,"msgs":{},"type":"poll_ok"}}
2025/07/16 20:41:34 Received {seq-kv n0 {"type":"error","code":20,"text":"key does not exist","in_reply_to":1}}
2025/07/16 20:41:34 Received {c2 n0 {"offsets":{},"type":"poll","msg_id":4}}
panic: runtime error: index out of range [-1]

goroutine 38 [running]:
main.handleSend({{0x14000102348, 0x2}, {0x1400010234a, 0x2}, {0x1400012a0c0, 0x2c, 0x30}})
	/Users/anandtrehan/flyio_challenges/maelstrom-kafka/main.go:50 +0x3c0
github.com/jepsen-io/maelstrom/demo/go.(*Node).handleMessage(0x1022661c0, 0x0?, {{0x14000102348, 0x2}, {0x1400010234a, 0x2}, {0x1400012a0c0, 0x2c, 0x30}})
	/Users/anandtrehan/go/pkg/mod/github.com/jepsen-io/maelstrom/demo/go@v0.0.0-20250204203845-8263d1dd2b7a/node.go:151 +0x68
github.com/jepsen-io/maelstrom/demo/go.(*Node).Run.func2()
	/Users/anandtrehan/go/pkg/mod/github.com/jepsen-io/maelstrom/demo/go@v0.0.0-20250204203845-8263d1dd2b7a/node.go:129 +0x74
created by github.com/jepsen-io/maelstrom/demo/go.(*Node).Run in goroutine 1
	/Users/anandtrehan/go/pkg/mod/github.com/jepsen-io/maelstrom/demo/go@v0.0.0-20250204203845-8263d1dd2b7a/node.go:127 +0x460
