2025-06-29 18:39:15,692{GMT}	INFO	[jepsen test runner] jepsen.core: Command line:
lein run test -w broadcast --bin /Users/anandtrehan/go/bin/maelstrom-broadcast --node-count 5 --time-limit 20 --rate 10 --nemesis partition
2025-06-29 18:39:15,767{GMT}	INFO	[jepsen test runner] jepsen.core: Running test:
{:args []
 :remote
 #jepsen.control.retry.Remote{:remote #jepsen.control.scp.Remote{:cmd-remote #jepsen.control.sshj.SSHJRemote{:concurrency-limit 6,
                                                                                                             :conn-spec nil,
                                                                                                             :client nil,
                                                                                                             :semaphore nil},
                                                                 :conn-spec nil},
                              :conn nil}
 :log-net-send false
 :node-count 5
 :availability nil
 :max-txn-length 4
 :concurrency 5
 :db
 #object[maelstrom.db$db$reify__16142
         "0x33e09baf"
         "maelstrom.db$db$reify__16142@33e09baf"]
 :max-writes-per-key 16
 :leave-db-running? false
 :name "broadcast"
 :logging-json? false
 :start-time
 #object[org.joda.time.DateTime "0x105c253a" "2025-06-29T18:39:15.656-04:00"]
 :nemesis-interval 10
 :net
 #object[maelstrom.net$jepsen_net$reify__15251
         "0x156322ce"
         "maelstrom.net$jepsen_net$reify__15251@156322ce"]
 :client
 #object[maelstrom.workload.broadcast$client$reify__16644
         "0x546f0f36"
         "maelstrom.workload.broadcast$client$reify__16644@546f0f36"]
 :barrier
 #object[java.util.concurrent.CyclicBarrier
         "0x44d5a0a8"
         "java.util.concurrent.CyclicBarrier@44d5a0a8"]
 :log-stderr false
 :pure-generators true
 :ssh {:dummy? true}
 :rate 10.0
 :checker
 #object[jepsen.checker$compose$reify__11881
         "0x35d128fd"
         "jepsen.checker$compose$reify__11881@35d128fd"]
 :argv
 ("test"
  "-w"
  "broadcast"
  "--bin"
  "/Users/anandtrehan/go/bin/maelstrom-broadcast"
  "--node-count"
  "5"
  "--time-limit"
  "20"
  "--rate"
  "10"
  "--nemesis"
  "partition")
 :nemesis
 (jepsen.nemesis.ReflCompose
  {:fm {:start-partition 0,
        :stop-partition 0,
        :kill 1,
        :start 1,
        :pause 1,
        :resume 1},
   :nemeses [#unprintable "jepsen.nemesis.combined$partition_nemesis$reify__16416@39a809db"
             #unprintable "jepsen.nemesis.combined$db_nemesis$reify__16397@1512a767"]})
 :nodes ["n0" "n1" "n2" "n3" "n4"]
 :test-count 1
 :latency {:mean 0, :dist :constant}
 :bin "/Users/anandtrehan/go/bin/maelstrom-broadcast"
 :generator
 ((jepsen.generator.Synchronize
   {:gen (jepsen.generator.TimeLimit
          {:limit 20000000000,
           :cutoff nil,
           :gen (jepsen.generator.Any
                 {:gens [(jepsen.generator.OnThreads
                          {:f #{:nemesis},
                           :context-filter #object[jepsen.generator.context$make_thread_filter$lazy_filter__9167
                                                   "0x5cdb7b"
                                                   "jepsen.generator.context$make_thread_filter$lazy_filter__9167@5cdb7b"],
                           :gen (jepsen.generator.Stagger
                                 {:dt 20000000000,
                                  :next-time nil,
                                  :gen (jepsen.generator.FlipFlop
                                        {:gens [#object[jepsen.nemesis.combined$partition_package$start__16420
                                                        "0x3dcc59f5"
                                                        "jepsen.nemesis.combined$partition_package$start__16420@3dcc59f5"]
                                                ({:type :info,
                                                  :f :stop-partition,
                                                  :value nil}
                                                 {:type :info,
                                                  :f :stop-partition,
                                                  :value nil}
                                                 {:type :info,
                                                  :f :stop-partition,
                                                  :value nil}
                                                 {:type :info,
                                                  :f :stop-partition,
                                                  :value nil}
                                                 {:type :info,
                                                  :f :stop-partition,
                                                  :value nil}
                                                 {:type :info,
                                                  :f :stop-partition,
                                                  :value nil}
                                                 {:type :info,
                                                  :f :stop-partition,
                                                  :value nil}
                                                 {:type :info,
                                                  :f :stop-partition,
                                                  :value nil}
                                                 ...)],
                                         :i 0})})})
                         (jepsen.generator.OnThreads
                          {:f #jepsen.generator.context.AllBut{:element :nemesis},
                           :context-filter #object[jepsen.generator.context$make_thread_filter$lazy_filter__9167
                                                   "0x690337df"
                                                   "jepsen.generator.context$make_thread_filter$lazy_filter__9167@690337df"],
                           :gen (jepsen.generator.Stagger
                                 {:dt 200000000,
                                  :next-time nil,
                                  :gen (jepsen.generator.Mix
                                        {:i 1,
                                         :gens [({:f :broadcast, :value 0}
                                                 {:f :broadcast, :value 1}
                                                 {:f :broadcast, :value 2}
                                                 {:f :broadcast, :value 3}
                                                 {:f :broadcast, :value 4}
                                                 {:f :broadcast, :value 5}
                                                 {:f :broadcast, :value 6}
                                                 {:f :broadcast, :value 7}
                                                 ...)
                                                ({:f :read}
                                                 {:f :read}
                                                 {:f :read}
                                                 {:f :read}
                                                 {:f :read}
                                                 {:f :read}
                                                 {:f :read}
                                                 {:f :read}
                                                 ...)]})})})]})})})
  (jepsen.generator.Synchronize
   {:gen (jepsen.generator.OnThreads
          {:f #{:nemesis},
           :context-filter #object[jepsen.generator.context$make_thread_filter$lazy_filter__9167
                                   "0xf62ae87"
                                   "jepsen.generator.context$make_thread_filter$lazy_filter__9167@f62ae87"],
           :gen ({:type :info, :f :stop-partition, :value nil})})})
  (jepsen.generator.Synchronize
   {:gen {:type :log, :value "Waiting for recovery..."}})
  (jepsen.generator.Synchronize {:gen {:type :sleep, :value 10}})
  (jepsen.generator.Synchronize
   {:gen (jepsen.generator.OnThreads
          {:f #jepsen.generator.context.AllBut{:element :nemesis},
           :context-filter #object[jepsen.generator.context$make_thread_filter$lazy_filter__9167
                                   "0x50be5d6f"
                                   "jepsen.generator.context$make_thread_filter$lazy_filter__9167@50be5d6f"],
           :gen (jepsen.generator.EachThread
                 {:fresh-gen {:f :read, :final? true},
                  :context-filters #object[clojure.core$promise$reify__8591
                                           "0x48e0e779"
                                           {:status :pending, :val nil}],
                  :gens {}})})}))
 :log-net-recv false
 :os
 #object[maelstrom.net$jepsen_os$reify__15254
         "0x38ad8c75"
         "maelstrom.net$jepsen_os$reify__15254@38ad8c75"]
 :time-limit 20
 :workload :broadcast
 :consistency-models [:strict-serializable]
 :topology :grid}

2025-06-29 18:39:16,950{GMT}	INFO	[jepsen node n0] maelstrom.net: Starting Maelstrom network
2025-06-29 18:39:16,951{GMT}	INFO	[jepsen test runner] jepsen.db: Tearing down DB
2025-06-29 18:39:16,952{GMT}	INFO	[jepsen test runner] jepsen.db: Setting up DB
2025-06-29 18:39:16,953{GMT}	INFO	[jepsen node n1] maelstrom.db: Setting up n1
2025-06-29 18:39:16,953{GMT}	INFO	[jepsen node n3] maelstrom.db: Setting up n3
2025-06-29 18:39:16,953{GMT}	INFO	[jepsen node n4] maelstrom.db: Setting up n4
2025-06-29 18:39:16,953{GMT}	INFO	[jepsen node n2] maelstrom.db: Setting up n2
2025-06-29 18:39:16,953{GMT}	INFO	[jepsen node n4] maelstrom.process: launching /Users/anandtrehan/go/bin/maelstrom-broadcast []
2025-06-29 18:39:16,953{GMT}	INFO	[jepsen node n3] maelstrom.process: launching /Users/anandtrehan/go/bin/maelstrom-broadcast []
2025-06-29 18:39:16,953{GMT}	INFO	[jepsen node n1] maelstrom.process: launching /Users/anandtrehan/go/bin/maelstrom-broadcast []
2025-06-29 18:39:16,953{GMT}	INFO	[jepsen node n2] maelstrom.process: launching /Users/anandtrehan/go/bin/maelstrom-broadcast []
2025-06-29 18:39:16,955{GMT}	INFO	[jepsen node n0] maelstrom.service: Starting services: (lin-kv lin-tso lww-kv seq-kv)
2025-06-29 18:39:16,956{GMT}	INFO	[jepsen node n0] maelstrom.db: Setting up n0
2025-06-29 18:39:16,957{GMT}	INFO	[jepsen node n0] maelstrom.process: launching /Users/anandtrehan/go/bin/maelstrom-broadcast []
2025-06-29 18:39:17,260{GMT}	INFO	[jepsen test runner] jepsen.core: Relative time begins now
2025-06-29 18:39:17,277{GMT}	INFO	[jepsen worker 1] jepsen.util: 1	:invoke	:read	nil
2025-06-29 18:39:17,277{GMT}	INFO	[jepsen worker nemesis] jepsen.util: :nemesis	:info	:start-partition	:minority-third
2025-06-29 18:39:17,279{GMT}	INFO	[jepsen worker 1] jepsen.util: 1	:ok	:read	[]
2025-06-29 18:39:17,283{GMT}	INFO	[jepsen worker nemesis] jepsen.util: :nemesis	:info	:start-partition	[:isolated {"n2" #{"n1" "n4" "n0" "n3"}, "n1" #{"n2"}, "n4" #{"n2"}, "n0" #{"n2"}, "n3" #{"n2"}}]
2025-06-29 18:39:17,382{GMT}	INFO	[jepsen worker 2] jepsen.util: 2	:invoke	:broadcast	0
2025-06-29 18:39:17,384{GMT}	INFO	[jepsen worker 2] jepsen.util: 2	:ok	:broadcast	0
2025-06-29 18:39:17,530{GMT}	INFO	[jepsen worker 3] jepsen.util: 3	:invoke	:broadcast	1
2025-06-29 18:39:17,534{GMT}	INFO	[jepsen worker 3] jepsen.util: 3	:ok	:broadcast	1
2025-06-29 18:39:17,668{GMT}	INFO	[jepsen worker 4] jepsen.util: 4	:invoke	:read	nil
2025-06-29 18:39:17,670{GMT}	INFO	[jepsen worker 4] jepsen.util: 4	:ok	:read	[1]
2025-06-29 18:39:17,729{GMT}	INFO	[jepsen worker 0] jepsen.util: 0	:invoke	:read	nil
2025-06-29 18:39:17,732{GMT}	INFO	[jepsen worker 0] jepsen.util: 0	:ok	:read	[1]
2025-06-29 18:39:17,845{GMT}	INFO	[jepsen worker 0] jepsen.util: 0	:invoke	:read	nil
2025-06-29 18:39:17,853{GMT}	INFO	[jepsen worker 0] jepsen.util: 0	:ok	:read	[1]
2025-06-29 18:39:17,985{GMT}	INFO	[jepsen worker 1] jepsen.util: 1	:invoke	:broadcast	2
2025-06-29 18:39:17,988{GMT}	INFO	[jepsen worker 1] jepsen.util: 1	:ok	:broadcast	2
2025-06-29 18:39:18,112{GMT}	INFO	[jepsen worker 2] jepsen.util: 2	:invoke	:read	nil
2025-06-29 18:39:18,114{GMT}	INFO	[jepsen worker 2] jepsen.util: 2	:ok	:read	[0]
2025-06-29 18:39:18,160{GMT}	INFO	[jepsen worker 3] jepsen.util: 3	:invoke	:read	nil
2025-06-29 18:39:18,162{GMT}	INFO	[jepsen worker 3] jepsen.util: 3	:ok	:read	[1 2]
2025-06-29 18:39:18,332{GMT}	INFO	[jepsen worker 4] jepsen.util: 4	:invoke	:read	nil
2025-06-29 18:39:18,335{GMT}	INFO	[jepsen worker 4] jepsen.util: 4	:ok	:read	[1 2]
2025-06-29 18:39:18,408{GMT}	INFO	[jepsen worker 0] jepsen.util: 0	:invoke	:read	nil
2025-06-29 18:39:18,411{GMT}	INFO	[jepsen worker 0] jepsen.util: 0	:ok	:read	[1 2]
2025-06-29 18:39:18,492{GMT}	INFO	[jepsen worker 0] jepsen.util: 0	:invoke	:read	nil
2025-06-29 18:39:18,493{GMT}	INFO	[jepsen worker 1] jepsen.util: 1	:invoke	:read	nil
2025-06-29 18:39:18,495{GMT}	INFO	[jepsen worker 1] jepsen.util: 1	:ok	:read	[1 2]
2025-06-29 18:39:18,495{GMT}	INFO	[jepsen worker 0] jepsen.util: 0	:ok	:read	[1 2]
2025-06-29 18:39:18,554{GMT}	INFO	[jepsen worker 2] jepsen.util: 2	:invoke	:broadcast	3
2025-06-29 18:39:18,558{GMT}	INFO	[jepsen worker 2] jepsen.util: 2	:ok	:broadcast	3
2025-06-29 18:39:18,662{GMT}	INFO	[jepsen worker 3] jepsen.util: 3	:invoke	:read	nil
2025-06-29 18:39:18,662{GMT}	INFO	[jepsen worker 3] jepsen.util: 3	:ok	:read	[1 2]
2025-06-29 18:39:18,742{GMT}	INFO	[jepsen worker 4] jepsen.util: 4	:invoke	:broadcast	4
2025-06-29 18:39:18,743{GMT}	INFO	[jepsen worker 4] jepsen.util: 4	:ok	:broadcast	4
2025-06-29 18:39:18,838{GMT}	INFO	[jepsen worker 0] jepsen.util: 0	:invoke	:broadcast	5
2025-06-29 18:39:18,841{GMT}	INFO	[jepsen worker 0] jepsen.util: 0	:ok	:broadcast	5
2025-06-29 18:39:19,018{GMT}	INFO	[jepsen worker 0] jepsen.util: 0	:invoke	:broadcast	6
2025-06-29 18:39:19,019{GMT}	INFO	[jepsen worker 0] jepsen.util: 0	:ok	:broadcast	6
2025-06-29 18:39:19,082{GMT}	INFO	[jepsen worker 1] jepsen.util: 1	:invoke	:broadcast	7
2025-06-29 18:39:19,085{GMT}	INFO	[jepsen worker 1] jepsen.util: 1	:ok	:broadcast	7
2025-06-29 18:39:19,112{GMT}	INFO	[jepsen worker 2] jepsen.util: 2	:invoke	:broadcast	8
2025-06-29 18:39:19,113{GMT}	INFO	[jepsen worker 2] jepsen.util: 2	:ok	:broadcast	8
2025-06-29 18:39:19,134{GMT}	INFO	[jepsen worker 3] jepsen.util: 3	:invoke	:read	nil
2025-06-29 18:39:19,135{GMT}	INFO	[jepsen worker 3] jepsen.util: 3	:ok	:read	[1 2 4 5 6]
2025-06-29 18:39:19,332{GMT}	INFO	[jepsen worker 4] jepsen.util: 4	:invoke	:broadcast	9
2025-06-29 18:39:19,334{GMT}	INFO	[jepsen worker 4] jepsen.util: 4	:ok	:broadcast	9
2025-06-29 18:39:19,401{GMT}	INFO	[jepsen worker 0] jepsen.util: 0	:invoke	:read	nil
2025-06-29 18:39:19,404{GMT}	INFO	[jepsen worker 0] jepsen.util: 0	:ok	:read	[1 2 5 4 6 7]
2025-06-29 18:39:19,576{GMT}	INFO	[jepsen worker 0] jepsen.util: 0	:invoke	:broadcast	10
2025-06-29 18:39:19,578{GMT}	INFO	[jepsen worker 0] jepsen.util: 0	:ok	:broadcast	10
2025-06-29 18:39:19,682{GMT}	INFO	[jepsen worker 1] jepsen.util: 1	:invoke	:read	nil
2025-06-29 18:39:19,682{GMT}	INFO	[jepsen worker 1] jepsen.util: 1	:ok	:read	[1 2 4 5 6 7 9 10]
2025-06-29 18:39:19,687{GMT}	INFO	[jepsen worker 2] jepsen.util: 2	:invoke	:broadcast	11
2025-06-29 18:39:19,688{GMT}	INFO	[jepsen worker 2] jepsen.util: 2	:ok	:broadcast	11
2025-06-29 18:39:19,768{GMT}	INFO	[jepsen worker 3] jepsen.util: 3	:invoke	:read	nil
2025-06-29 18:39:19,769{GMT}	INFO	[jepsen worker 3] jepsen.util: 3	:ok	:read	[1 2 4 5 6 7 9 10]
2025-06-29 18:39:19,901{GMT}	INFO	[jepsen worker 4] jepsen.util: 4	:invoke	:read	nil
2025-06-29 18:39:19,901{GMT}	INFO	[jepsen worker 4] jepsen.util: 4	:ok	:read	[1 2 4 5 7 6 9 10]
2025-06-29 18:39:20,048{GMT}	INFO	[jepsen worker 0] jepsen.util: 0	:invoke	:read	nil
2025-06-29 18:39:20,051{GMT}	INFO	[jepsen worker 0] jepsen.util: 0	:ok	:read	[1 2 5 4 6 7 10 9]
2025-06-29 18:39:20,218{GMT}	INFO	[jepsen worker 0] jepsen.util: 0	:invoke	:broadcast	12
2025-06-29 18:39:20,220{GMT}	INFO	[jepsen worker 0] jepsen.util: 0	:ok	:broadcast	12
2025-06-29 18:39:20,295{GMT}	INFO	[jepsen worker 1] jepsen.util: 1	:invoke	:read	nil
2025-06-29 18:39:20,298{GMT}	INFO	[jepsen worker 1] jepsen.util: 1	:ok	:read	[1 2 4 5 6 7 9 10 12]
2025-06-29 18:39:20,442{GMT}	INFO	[jepsen worker 2] jepsen.util: 2	:invoke	:broadcast	13
2025-06-29 18:39:20,444{GMT}	INFO	[jepsen worker 2] jepsen.util: 2	:ok	:broadcast	13
2025-06-29 18:39:20,445{GMT}	INFO	[jepsen worker 3] jepsen.util: 3	:invoke	:read	nil
2025-06-29 18:39:20,446{GMT}	INFO	[jepsen worker 3] jepsen.util: 3	:ok	:read	[1 2 4 5 6 7 9 10 12]
2025-06-29 18:39:20,482{GMT}	INFO	[jepsen worker 4] jepsen.util: 4	:invoke	:broadcast	14
2025-06-29 18:39:20,484{GMT}	INFO	[jepsen worker 4] jepsen.util: 4	:ok	:broadcast	14
2025-06-29 18:39:20,566{GMT}	INFO	[jepsen worker 0] jepsen.util: 0	:invoke	:read	nil
2025-06-29 18:39:20,568{GMT}	INFO	[jepsen worker 0] jepsen.util: 0	:ok	:read	[1 2 5 4 6 7 10 9 12]
2025-06-29 18:39:20,642{GMT}	INFO	[jepsen worker 0] jepsen.util: 0	:invoke	:broadcast	15
2025-06-29 18:39:20,644{GMT}	INFO	[jepsen worker 0] jepsen.util: 0	:ok	:broadcast	15
2025-06-29 18:39:20,652{GMT}	INFO	[jepsen worker 1] jepsen.util: 1	:invoke	:read	nil
2025-06-29 18:39:20,654{GMT}	INFO	[jepsen worker 1] jepsen.util: 1	:ok	:read	[1 2 4 5 6 7 9 10 12 14 15]
2025-06-29 18:39:20,660{GMT}	INFO	[jepsen worker 2] jepsen.util: 2	:invoke	:read	nil
2025-06-29 18:39:20,660{GMT}	INFO	[jepsen worker 2] jepsen.util: 2	:ok	:read	[0 3 8 11 13]
2025-06-29 18:39:20,844{GMT}	INFO	[jepsen worker 3] jepsen.util: 3	:invoke	:broadcast	16
2025-06-29 18:39:20,846{GMT}	INFO	[jepsen worker 3] jepsen.util: 3	:ok	:broadcast	16
2025-06-29 18:39:21,003{GMT}	INFO	[jepsen worker 4] jepsen.util: 4	:invoke	:read	nil
2025-06-29 18:39:21,005{GMT}	INFO	[jepsen worker 4] jepsen.util: 4	:ok	:read	[1 2 4 5 7 6 9 10 12 14 16 15]
2025-06-29 18:39:21,185{GMT}	INFO	[jepsen worker 0] jepsen.util: 0	:invoke	:read	nil
2025-06-29 18:39:21,187{GMT}	INFO	[jepsen worker 0] jepsen.util: 0	:ok	:read	[1 2 5 4 6 7 10 9 12 15 16 14]
2025-06-29 18:39:21,253{GMT}	INFO	[jepsen worker 0] jepsen.util: 0	:invoke	:broadcast	17
2025-06-29 18:39:21,255{GMT}	INFO	[jepsen worker 0] jepsen.util: 0	:ok	:broadcast	17
2025-06-29 18:39:21,280{GMT}	INFO	[jepsen worker 1] jepsen.util: 1	:invoke	:read	nil
2025-06-29 18:39:21,282{GMT}	INFO	[jepsen worker 1] jepsen.util: 1	:ok	:read	[1 2 4 5 6 7 9 10 12 14 15 16 17]
2025-06-29 18:39:21,325{GMT}	INFO	[jepsen worker 2] jepsen.util: 2	:invoke	:read	nil
2025-06-29 18:39:21,327{GMT}	INFO	[jepsen worker 2] jepsen.util: 2	:ok	:read	[0 3 8 11 13]
2025-06-29 18:39:21,466{GMT}	INFO	[jepsen worker 3] jepsen.util: 3	:invoke	:read	nil
2025-06-29 18:39:21,468{GMT}	INFO	[jepsen worker 3] jepsen.util: 3	:ok	:read	[1 2 4 5 6 7 9 10 12 14 15 16 17]
2025-06-29 18:39:21,584{GMT}	INFO	[jepsen worker 4] jepsen.util: 4	:invoke	:read	nil
2025-06-29 18:39:21,587{GMT}	INFO	[jepsen worker 4] jepsen.util: 4	:ok	:read	[1 2 4 5 7 6 9 10 12 14 16 15 17]
2025-06-29 18:39:21,755{GMT}	INFO	[jepsen worker 0] jepsen.util: 0	:invoke	:broadcast	18
2025-06-29 18:39:21,758{GMT}	INFO	[jepsen worker 0] jepsen.util: 0	:ok	:broadcast	18
2025-06-29 18:39:21,912{GMT}	INFO	[jepsen worker 0] jepsen.util: 0	:invoke	:broadcast	19
2025-06-29 18:39:21,914{GMT}	INFO	[jepsen worker 0] jepsen.util: 0	:ok	:broadcast	19
2025-06-29 18:39:22,108{GMT}	INFO	[jepsen worker 1] jepsen.util: 1	:invoke	:read	nil
2025-06-29 18:39:22,110{GMT}	INFO	[jepsen worker 1] jepsen.util: 1	:ok	:read	[1 2 4 5 6 7 9 10 12 14 15 16 17 18 19]
2025-06-29 18:39:22,248{GMT}	INFO	[jepsen worker 2] jepsen.util: 2	:invoke	:broadcast	20
2025-06-29 18:39:22,250{GMT}	INFO	[jepsen worker 2] jepsen.util: 2	:ok	:broadcast	20
2025-06-29 18:39:22,444{GMT}	INFO	[jepsen worker 3] jepsen.util: 3	:invoke	:read	nil
2025-06-29 18:39:22,446{GMT}	INFO	[jepsen worker 3] jepsen.util: 3	:ok	:read	[1 2 4 5 6 7 9 10 12 14 15 16 17 18 19]
2025-06-29 18:39:22,629{GMT}	INFO	[jepsen worker 4] jepsen.util: 4	:invoke	:broadcast	21
2025-06-29 18:39:22,631{GMT}	INFO	[jepsen worker 4] jepsen.util: 4	:ok	:broadcast	21
2025-06-29 18:39:22,750{GMT}	INFO	[jepsen worker 0] jepsen.util: 0	:invoke	:broadcast	22
2025-06-29 18:39:22,752{GMT}	INFO	[jepsen worker 0] jepsen.util: 0	:ok	:broadcast	22
2025-06-29 18:39:22,892{GMT}	INFO	[jepsen worker 0] jepsen.util: 0	:invoke	:broadcast	23
2025-06-29 18:39:22,893{GMT}	INFO	[jepsen worker 0] jepsen.util: 0	:ok	:broadcast	23
2025-06-29 18:39:23,022{GMT}	INFO	[jepsen worker 1] jepsen.util: 1	:invoke	:broadcast	24
2025-06-29 18:39:23,024{GMT}	INFO	[jepsen worker 1] jepsen.util: 1	:ok	:broadcast	24
2025-06-29 18:39:23,184{GMT}	INFO	[jepsen worker 2] jepsen.util: 2	:invoke	:read	nil
2025-06-29 18:39:23,186{GMT}	INFO	[jepsen worker 3] jepsen.util: 3	:invoke	:broadcast	25
2025-06-29 18:39:23,186{GMT}	INFO	[jepsen worker 2] jepsen.util: 2	:ok	:read	[0 3 8 11 13 20]
2025-06-29 18:39:23,186{GMT}	INFO	[jepsen worker 3] jepsen.util: 3	:ok	:broadcast	25
2025-06-29 18:39:23,259{GMT}	INFO	[jepsen worker 4] jepsen.util: 4	:invoke	:read	nil
2025-06-29 18:39:23,261{GMT}	INFO	[jepsen worker 4] jepsen.util: 4	:ok	:read	[1 2 4 5 7 6 9 10 12 14 16 15 17 18 19 21 22 24 25]
2025-06-29 18:39:23,442{GMT}	INFO	[jepsen worker 0] jepsen.util: 0	:invoke	:broadcast	26
2025-06-29 18:39:23,445{GMT}	INFO	[jepsen worker 0] jepsen.util: 0	:ok	:broadcast	26
2025-06-29 18:39:23,642{GMT}	INFO	[jepsen worker 0] jepsen.util: 0	:invoke	:read	nil
2025-06-29 18:39:23,645{GMT}	INFO	[jepsen worker 0] jepsen.util: 0	:ok	:read	[1 2 5 4 6 7 10 9 12 15 16 14 17 18 19 22 21 23 24 25 26]
2025-06-29 18:39:23,733{GMT}	INFO	[jepsen worker 1] jepsen.util: 1	:invoke	:read	nil
2025-06-29 18:39:23,736{GMT}	INFO	[jepsen worker 1] jepsen.util: 1	:ok	:read	[1 2 4 5 6 7 9 10 12 14 15 16 17 18 19 21 22 23 24 25 26]
2025-06-29 18:39:23,768{GMT}	INFO	[jepsen worker 2] jepsen.util: 2	:invoke	:read	nil
2025-06-29 18:39:23,770{GMT}	INFO	[jepsen worker 2] jepsen.util: 2	:ok	:read	[0 3 8 11 13 20]
2025-06-29 18:39:23,910{GMT}	INFO	[jepsen worker 3] jepsen.util: 3	:invoke	:read	nil
2025-06-29 18:39:23,913{GMT}	INFO	[jepsen worker 3] jepsen.util: 3	:ok	:read	[1 2 4 5 6 7 9 10 12 14 15 16 17 18 19 21 22 23 25 24 26]
2025-06-29 18:39:24,051{GMT}	INFO	[jepsen worker 4] jepsen.util: 4	:invoke	:broadcast	27
2025-06-29 18:39:24,053{GMT}	INFO	[jepsen worker 4] jepsen.util: 4	:ok	:broadcast	27
2025-06-29 18:39:24,058{GMT}	INFO	[jepsen worker 0] jepsen.util: 0	:invoke	:read	nil
2025-06-29 18:39:24,060{GMT}	INFO	[jepsen worker 0] jepsen.util: 0	:ok	:read	[1 2 5 4 6 7 10 9 12 15 16 14 17 18 19 22 21 23 24 25 26]
2025-06-29 18:39:24,109{GMT}	INFO	[jepsen worker 0] jepsen.util: 0	:invoke	:broadcast	28
2025-06-29 18:39:24,110{GMT}	INFO	[jepsen worker 0] jepsen.util: 0	:ok	:broadcast	28
2025-06-29 18:39:24,262{GMT}	INFO	[jepsen worker 1] jepsen.util: 1	:invoke	:broadcast	29
2025-06-29 18:39:24,263{GMT}	INFO	[jepsen worker 1] jepsen.util: 1	:ok	:broadcast	29
2025-06-29 18:39:24,351{GMT}	INFO	[jepsen worker 2] jepsen.util: 2	:invoke	:broadcast	30
2025-06-29 18:39:24,352{GMT}	INFO	[jepsen worker 2] jepsen.util: 2	:ok	:broadcast	30
2025-06-29 18:39:24,513{GMT}	INFO	[jepsen worker 3] jepsen.util: 3	:invoke	:broadcast	31
2025-06-29 18:39:24,514{GMT}	INFO	[jepsen worker 3] jepsen.util: 3	:ok	:broadcast	31
2025-06-29 18:39:24,639{GMT}	INFO	[jepsen worker 4] jepsen.util: 4	:invoke	:broadcast	32
2025-06-29 18:39:24,640{GMT}	INFO	[jepsen worker 4] jepsen.util: 4	:ok	:broadcast	32
2025-06-29 18:39:24,742{GMT}	INFO	[jepsen worker 0] jepsen.util: 0	:invoke	:read	nil
2025-06-29 18:39:24,743{GMT}	INFO	[jepsen worker 0] jepsen.util: 0	:ok	:read	[1 2 5 4 6 7 10 9 12 15 16 14 17 18 19 22 21 23 24 25 26 27 28 29 31]
2025-06-29 18:39:24,859{GMT}	INFO	[jepsen worker 0] jepsen.util: 0	:invoke	:broadcast	33
2025-06-29 18:39:24,860{GMT}	INFO	[jepsen worker 0] jepsen.util: 0	:ok	:broadcast	33
2025-06-29 18:39:24,950{GMT}	INFO	[jepsen worker 1] jepsen.util: 1	:invoke	:broadcast	34
2025-06-29 18:39:24,952{GMT}	INFO	[jepsen worker 1] jepsen.util: 1	:ok	:broadcast	34
2025-06-29 18:39:25,083{GMT}	INFO	[jepsen worker 2] jepsen.util: 2	:invoke	:broadcast	35
2025-06-29 18:39:25,086{GMT}	INFO	[jepsen worker 2] jepsen.util: 2	:ok	:broadcast	35
2025-06-29 18:39:25,205{GMT}	INFO	[jepsen worker 3] jepsen.util: 3	:invoke	:read	nil
2025-06-29 18:39:25,207{GMT}	INFO	[jepsen worker 3] jepsen.util: 3	:ok	:read	[1 2 4 5 6 7 9 10 12 14 15 16 17 18 19 21 22 23 25 24 26 27 28 29 31 32 33]
2025-06-29 18:39:25,252{GMT}	INFO	[jepsen worker 4] jepsen.util: 4	:invoke	:broadcast	36
2025-06-29 18:39:25,254{GMT}	INFO	[jepsen worker 4] jepsen.util: 4	:ok	:broadcast	36
2025-06-29 18:39:25,275{GMT}	INFO	[jepsen worker 0] jepsen.util: 0	:invoke	:broadcast	37
2025-06-29 18:39:25,277{GMT}	INFO	[jepsen worker 0] jepsen.util: 0	:ok	:broadcast	37
2025-06-29 18:39:25,414{GMT}	INFO	[jepsen worker 0] jepsen.util: 0	:invoke	:broadcast	38
2025-06-29 18:39:25,416{GMT}	INFO	[jepsen worker 0] jepsen.util: 0	:ok	:broadcast	38
2025-06-29 18:39:25,550{GMT}	INFO	[jepsen worker 1] jepsen.util: 1	:invoke	:broadcast	39
2025-06-29 18:39:25,552{GMT}	INFO	[jepsen worker 1] jepsen.util: 1	:ok	:broadcast	39
2025-06-29 18:39:25,612{GMT}	INFO	[jepsen worker 2] jepsen.util: 2	:invoke	:broadcast	40
2025-06-29 18:39:25,614{GMT}	INFO	[jepsen worker 2] jepsen.util: 2	:ok	:broadcast	40
2025-06-29 18:39:25,616{GMT}	INFO	[jepsen worker 3] jepsen.util: 3	:invoke	:broadcast	41
2025-06-29 18:39:25,616{GMT}	INFO	[jepsen worker 3] jepsen.util: 3	:ok	:broadcast	41
2025-06-29 18:39:25,733{GMT}	INFO	[jepsen worker 4] jepsen.util: 4	:invoke	:read	nil
2025-06-29 18:39:25,735{GMT}	INFO	[jepsen worker 4] jepsen.util: 4	:ok	:read	[1 2 4 5 7 6 9 10 12 14 16 15 17 18 19 21 22 24 25 23 26 27 29 28 31 32 33 34 36 37 39 41 38]
2025-06-29 18:39:25,909{GMT}	INFO	[jepsen worker 0] jepsen.util: 0	:invoke	:read	nil
2025-06-29 18:39:25,911{GMT}	INFO	[jepsen worker 0] jepsen.util: 0	:ok	:read	[1 2 5 4 6 7 10 9 12 15 16 14 17 18 19 22 21 23 24 25 26 27 28 29 31 33 32 34 36 37 38 39 41]
2025-06-29 18:39:26,016{GMT}	INFO	[jepsen worker 0] jepsen.util: 0	:invoke	:broadcast	42
2025-06-29 18:39:26,018{GMT}	INFO	[jepsen worker 0] jepsen.util: 0	:ok	:broadcast	42
2025-06-29 18:39:26,193{GMT}	INFO	[jepsen worker 1] jepsen.util: 1	:invoke	:read	nil
2025-06-29 18:39:26,195{GMT}	INFO	[jepsen worker 1] jepsen.util: 1	:ok	:read	[1 2 4 5 6 7 9 10 12 14 15 16 17 18 19 21 22 23 24 25 26 27 28 29 32 33 31 34 36 37 38 39 41 42]
2025-06-29 18:39:26,333{GMT}	INFO	[jepsen worker 2] jepsen.util: 2	:invoke	:broadcast	43
2025-06-29 18:39:26,335{GMT}	INFO	[jepsen worker 2] jepsen.util: 2	:ok	:broadcast	43
2025-06-29 18:39:26,403{GMT}	INFO	[jepsen worker 3] jepsen.util: 3	:invoke	:read	nil
2025-06-29 18:39:26,405{GMT}	INFO	[jepsen worker 3] jepsen.util: 3	:ok	:read	[1 2 4 5 6 7 9 10 12 14 15 16 17 18 19 21 22 23 25 24 26 27 28 29 31 32 33 36 37 34 38 41 39 42]
2025-06-29 18:39:26,536{GMT}	INFO	[jepsen worker 4] jepsen.util: 4	:invoke	:broadcast	44
2025-06-29 18:39:26,537{GMT}	INFO	[jepsen worker 4] jepsen.util: 4	:ok	:broadcast	44
2025-06-29 18:39:26,569{GMT}	INFO	[jepsen worker 0] jepsen.util: 0	:invoke	:read	nil
2025-06-29 18:39:26,570{GMT}	INFO	[jepsen worker 0] jepsen.util: 0	:ok	:read	[1 2 5 4 6 7 10 9 12 15 16 14 17 18 19 22 21 23 24 25 26 27 28 29 31 33 32 34 36 37 38 39 41 42]
2025-06-29 18:39:26,651{GMT}	INFO	[jepsen worker 0] jepsen.util: 0	:invoke	:broadcast	45
2025-06-29 18:39:26,652{GMT}	INFO	[jepsen worker 0] jepsen.util: 0	:ok	:broadcast	45
2025-06-29 18:39:26,806{GMT}	INFO	[jepsen worker 1] jepsen.util: 1	:invoke	:read	nil
2025-06-29 18:39:26,808{GMT}	INFO	[jepsen worker 1] jepsen.util: 1	:ok	:read	[1 2 4 5 6 7 9 10 12 14 15 16 17 18 19 21 22 23 24 25 26 27 28 29 32 33 31 34 36 37 38 39 41 42 44 45]
2025-06-29 18:39:27,006{GMT}	INFO	[jepsen worker 2] jepsen.util: 2	:invoke	:read	nil
2025-06-29 18:39:27,008{GMT}	INFO	[jepsen worker 2] jepsen.util: 2	:ok	:read	[0 3 8 11 13 20 30 35 40 43]
2025-06-29 18:39:27,026{GMT}	INFO	[jepsen worker 3] jepsen.util: 3	:invoke	:read	nil
2025-06-29 18:39:27,027{GMT}	INFO	[jepsen worker 3] jepsen.util: 3	:ok	:read	[1 2 4 5 6 7 9 10 12 14 15 16 17 18 19 21 22 23 25 24 26 27 28 29 31 32 33 36 37 34 38 41 39 42 44 45]
2025-06-29 18:39:27,128{GMT}	INFO	[jepsen worker 4] jepsen.util: 4	:invoke	:read	nil
2025-06-29 18:39:27,129{GMT}	INFO	[jepsen worker 4] jepsen.util: 4	:ok	:read	[1 2 4 5 7 6 9 10 12 14 16 15 17 18 19 21 22 24 25 23 26 27 29 28 31 32 33 34 36 37 39 41 38 42 44 45]
2025-06-29 18:39:27,204{GMT}	INFO	[jepsen worker 0] jepsen.util: 0	:invoke	:broadcast	46
2025-06-29 18:39:27,205{GMT}	INFO	[jepsen worker 0] jepsen.util: 0	:ok	:broadcast	46
2025-06-29 18:39:27,215{GMT}	INFO	[jepsen worker 0] jepsen.util: 0	:invoke	:broadcast	47
2025-06-29 18:39:27,215{GMT}	INFO	[jepsen worker 0] jepsen.util: 0	:ok	:broadcast	47
2025-06-29 18:39:27,346{GMT}	INFO	[jepsen worker 1] jepsen.util: 1	:invoke	:broadcast	48
2025-06-29 18:39:27,348{GMT}	INFO	[jepsen worker 1] jepsen.util: 1	:ok	:broadcast	48
2025-06-29 18:39:27,402{GMT}	INFO	[jepsen worker 2] jepsen.util: 2	:invoke	:read	nil
2025-06-29 18:39:27,402{GMT}	INFO	[jepsen worker 2] jepsen.util: 2	:ok	:read	[0 3 8 11 13 20 30 35 40 43]
2025-06-29 18:39:27,563{GMT}	INFO	[jepsen worker 3] jepsen.util: 3	:invoke	:read	nil
2025-06-29 18:39:27,565{GMT}	INFO	[jepsen worker 3] jepsen.util: 3	:ok	:read	[1 2 4 5 6 7 9 10 12 14 15 16 17 18 19 21 22 23 25 24 26 27 28 29 31 32 33 36 37 34 38 41 39 42 44 45 46 47]
2025-06-29 18:39:27,635{GMT}	INFO	[jepsen worker 4] jepsen.util: 4	:invoke	:read	nil
2025-06-29 18:39:27,637{GMT}	INFO	[jepsen worker 4] jepsen.util: 4	:ok	:read	[1 2 4 5 7 6 9 10 12 14 16 15 17 18 19 21 22 24 25 23 26 27 29 28 31 32 33 34 36 37 39 41 38 42 44 45 46 47 48]
2025-06-29 18:39:27,801{GMT}	INFO	[jepsen worker 0] jepsen.util: 0	:invoke	:read	nil
2025-06-29 18:39:27,803{GMT}	INFO	[jepsen worker 0] jepsen.util: 0	:ok	:read	[1 2 5 4 6 7 10 9 12 15 16 14 17 18 19 22 21 23 24 25 26 27 28 29 31 33 32 34 36 37 38 39 41 42 45 44 46 47 48]
2025-06-29 18:39:27,993{GMT}	INFO	[jepsen worker 0] jepsen.util: 0	:invoke	:broadcast	49
2025-06-29 18:39:27,995{GMT}	INFO	[jepsen worker 0] jepsen.util: 0	:ok	:broadcast	49
2025-06-29 18:39:28,068{GMT}	INFO	[jepsen worker 1] jepsen.util: 1	:invoke	:read	nil
2025-06-29 18:39:28,070{GMT}	INFO	[jepsen worker 1] jepsen.util: 1	:ok	:read	[1 2 4 5 6 7 9 10 12 14 15 16 17 18 19 21 22 23 24 25 26 27 28 29 32 33 31 34 36 37 38 39 41 42 44 45 46 47 48 49]
2025-06-29 18:39:28,109{GMT}	INFO	[jepsen worker 2] jepsen.util: 2	:invoke	:broadcast	50
2025-06-29 18:39:28,109{GMT}	INFO	[jepsen worker 2] jepsen.util: 2	:ok	:broadcast	50
2025-06-29 18:39:28,152{GMT}	INFO	[jepsen worker 3] jepsen.util: 3	:invoke	:read	nil
2025-06-29 18:39:28,153{GMT}	INFO	[jepsen worker 3] jepsen.util: 3	:ok	:read	[1 2 4 5 6 7 9 10 12 14 15 16 17 18 19 21 22 23 25 24 26 27 28 29 31 32 33 36 37 34 38 41 39 42 44 45 46 47 48 49]
2025-06-29 18:39:28,210{GMT}	INFO	[jepsen worker 4] jepsen.util: 4	:invoke	:broadcast	51
2025-06-29 18:39:28,210{GMT}	INFO	[jepsen worker 4] jepsen.util: 4	:ok	:broadcast	51
2025-06-29 18:39:28,322{GMT}	INFO	[jepsen worker 0] jepsen.util: 0	:invoke	:read	nil
2025-06-29 18:39:28,324{GMT}	INFO	[jepsen worker 0] jepsen.util: 0	:ok	:read	[1 2 5 4 6 7 10 9 12 15 16 14 17 18 19 22 21 23 24 25 26 27 28 29 31 33 32 34 36 37 38 39 41 42 45 44 46 47 48 49]
2025-06-29 18:39:28,410{GMT}	INFO	[jepsen worker 0] jepsen.util: 0	:invoke	:read	nil
2025-06-29 18:39:28,411{GMT}	INFO	[jepsen worker 0] jepsen.util: 0	:ok	:read	[1 2 5 4 6 7 10 9 12 15 16 14 17 18 19 22 21 23 24 25 26 27 28 29 31 33 32 34 36 37 38 39 41 42 45 44 46 47 48 49]
2025-06-29 18:39:28,453{GMT}	INFO	[jepsen worker 1] jepsen.util: 1	:invoke	:broadcast	52
2025-06-29 18:39:28,455{GMT}	INFO	[jepsen worker 1] jepsen.util: 1	:ok	:broadcast	52
2025-06-29 18:39:28,502{GMT}	INFO	[jepsen worker 2] jepsen.util: 2	:invoke	:broadcast	53
2025-06-29 18:39:28,503{GMT}	INFO	[jepsen worker 2] jepsen.util: 2	:ok	:broadcast	53
2025-06-29 18:39:28,680{GMT}	INFO	[jepsen worker 3] jepsen.util: 3	:invoke	:read	nil
2025-06-29 18:39:28,682{GMT}	INFO	[jepsen worker 3] jepsen.util: 3	:ok	:read	[1 2 4 5 6 7 9 10 12 14 15 16 17 18 19 21 22 23 25 24 26 27 28 29 31 32 33 36 37 34 38 41 39 42 44 45 46 47 48 49 51 52]
2025-06-29 18:39:28,792{GMT}	INFO	[jepsen worker 4] jepsen.util: 4	:invoke	:read	nil
2025-06-29 18:39:28,794{GMT}	INFO	[jepsen worker 4] jepsen.util: 4	:ok	:read	[1 2 4 5 7 6 9 10 12 14 16 15 17 18 19 21 22 24 25 23 26 27 29 28 31 32 33 34 36 37 39 41 38 42 44 45 46 47 48 49 51 52]
2025-06-29 18:39:28,875{GMT}	INFO	[jepsen worker 0] jepsen.util: 0	:invoke	:read	nil
2025-06-29 18:39:28,877{GMT}	INFO	[jepsen worker 0] jepsen.util: 0	:ok	:read	[1 2 5 4 6 7 10 9 12 15 16 14 17 18 19 22 21 23 24 25 26 27 28 29 31 33 32 34 36 37 38 39 41 42 45 44 46 47 48 49 52 51]
2025-06-29 18:39:29,015{GMT}	INFO	[jepsen worker 0] jepsen.util: 0	:invoke	:read	nil
2025-06-29 18:39:29,017{GMT}	INFO	[jepsen worker 0] jepsen.util: 0	:ok	:read	[1 2 5 4 6 7 10 9 12 15 16 14 17 18 19 22 21 23 24 25 26 27 28 29 31 33 32 34 36 37 38 39 41 42 45 44 46 47 48 49 52 51]
2025-06-29 18:39:29,134{GMT}	INFO	[jepsen worker 1] jepsen.util: 1	:invoke	:read	nil
2025-06-29 18:39:29,137{GMT}	INFO	[jepsen worker 1] jepsen.util: 1	:ok	:read	[1 2 4 5 6 7 9 10 12 14 15 16 17 18 19 21 22 23 24 25 26 27 28 29 32 33 31 34 36 37 38 39 41 42 44 45 46 47 48 49 51 52]
2025-06-29 18:39:29,149{GMT}	INFO	[jepsen worker 2] jepsen.util: 2	:invoke	:read	nil
2025-06-29 18:39:29,151{GMT}	INFO	[jepsen worker 2] jepsen.util: 2	:ok	:read	[0 3 8 11 13 20 30 35 40 43 50 53]
2025-06-29 18:39:29,254{GMT}	INFO	[jepsen worker 3] jepsen.util: 3	:invoke	:broadcast	54
2025-06-29 18:39:29,256{GMT}	INFO	[jepsen worker 3] jepsen.util: 3	:ok	:broadcast	54
2025-06-29 18:39:29,399{GMT}	INFO	[jepsen worker 4] jepsen.util: 4	:invoke	:read	nil
2025-06-29 18:39:29,402{GMT}	INFO	[jepsen worker 4] jepsen.util: 4	:ok	:read	[1 2 4 5 7 6 9 10 12 14 16 15 17 18 19 21 22 24 25 23 26 27 29 28 31 32 33 34 36 37 39 41 38 42 44 45 46 47 48 49 51 52 54]
2025-06-29 18:39:29,507{GMT}	INFO	[jepsen worker 0] jepsen.util: 0	:invoke	:read	nil
2025-06-29 18:39:29,509{GMT}	INFO	[jepsen worker 0] jepsen.util: 0	:ok	:read	[1 2 5 4 6 7 10 9 12 15 16 14 17 18 19 22 21 23 24 25 26 27 28 29 31 33 32 34 36 37 38 39 41 42 45 44 46 47 48 49 52 51 54]
2025-06-29 18:39:29,621{GMT}	INFO	[jepsen worker 0] jepsen.util: 0	:invoke	:read	nil
2025-06-29 18:39:29,623{GMT}	INFO	[jepsen worker 0] jepsen.util: 0	:ok	:read	[1 2 5 4 6 7 10 9 12 15 16 14 17 18 19 22 21 23 24 25 26 27 28 29 31 33 32 34 36 37 38 39 41 42 45 44 46 47 48 49 52 51 54]
2025-06-29 18:39:29,783{GMT}	INFO	[jepsen worker 1] jepsen.util: 1	:invoke	:read	nil
2025-06-29 18:39:29,784{GMT}	INFO	[jepsen worker 1] jepsen.util: 1	:ok	:read	[1 2 4 5 6 7 9 10 12 14 15 16 17 18 19 21 22 23 24 25 26 27 28 29 32 33 31 34 36 37 38 39 41 42 44 45 46 47 48 49 51 52 54]
2025-06-29 18:39:29,851{GMT}	INFO	[jepsen worker 2] jepsen.util: 2	:invoke	:broadcast	55
2025-06-29 18:39:29,852{GMT}	INFO	[jepsen worker 2] jepsen.util: 2	:ok	:broadcast	55
2025-06-29 18:39:30,043{GMT}	INFO	[jepsen worker 3] jepsen.util: 3	:invoke	:read	nil
2025-06-29 18:39:30,045{GMT}	INFO	[jepsen worker 3] jepsen.util: 3	:ok	:read	[1 2 4 5 6 7 9 10 12 14 15 16 17 18 19 21 22 23 25 24 26 27 28 29 31 32 33 36 37 34 38 41 39 42 44 45 46 47 48 49 51 52 54]
2025-06-29 18:39:30,051{GMT}	INFO	[jepsen worker 4] jepsen.util: 4	:invoke	:read	nil
2025-06-29 18:39:30,052{GMT}	INFO	[jepsen worker 4] jepsen.util: 4	:ok	:read	[1 2 4 5 7 6 9 10 12 14 16 15 17 18 19 21 22 24 25 23 26 27 29 28 31 32 33 34 36 37 39 41 38 42 44 45 46 47 48 49 51 52 54]
2025-06-29 18:39:30,245{GMT}	INFO	[jepsen worker 0] jepsen.util: 0	:invoke	:read	nil
2025-06-29 18:39:30,260{GMT}	INFO	[jepsen worker 0] jepsen.util: 0	:ok	:read	[1 2 5 4 6 7 10 9 12 15 16 14 17 18 19 22 21 23 24 25 26 27 28 29 31 33 32 34 36 37 38 39 41 42 45 44 46 47 48 49 52 51 54]
2025-06-29 18:39:30,431{GMT}	INFO	[jepsen worker 0] jepsen.util: 0	:invoke	:broadcast	56
2025-06-29 18:39:30,432{GMT}	INFO	[jepsen worker 0] jepsen.util: 0	:ok	:broadcast	56
2025-06-29 18:39:30,573{GMT}	INFO	[jepsen worker 1] jepsen.util: 1	:invoke	:broadcast	57
2025-06-29 18:39:30,574{GMT}	INFO	[jepsen worker 1] jepsen.util: 1	:ok	:broadcast	57
2025-06-29 18:39:30,713{GMT}	INFO	[jepsen worker 2] jepsen.util: 2	:invoke	:broadcast	58
2025-06-29 18:39:30,714{GMT}	INFO	[jepsen worker 2] jepsen.util: 2	:ok	:broadcast	58
2025-06-29 18:39:30,812{GMT}	INFO	[jepsen worker 3] jepsen.util: 3	:invoke	:read	nil
2025-06-29 18:39:30,814{GMT}	INFO	[jepsen worker 3] jepsen.util: 3	:ok	:read	[1 2 4 5 6 7 9 10 12 14 15 16 17 18 19 21 22 23 25 24 26 27 28 29 31 32 33 36 37 34 38 41 39 42 44 45 46 47 48 49 51 52 54 56]
2025-06-29 18:39:30,948{GMT}	INFO	[jepsen worker 4] jepsen.util: 4	:invoke	:broadcast	59
2025-06-29 18:39:30,949{GMT}	INFO	[jepsen worker 4] jepsen.util: 4	:ok	:broadcast	59
2025-06-29 18:39:31,125{GMT}	INFO	[jepsen worker 0] jepsen.util: 0	:invoke	:read	nil
2025-06-29 18:39:31,127{GMT}	INFO	[jepsen worker 0] jepsen.util: 0	:ok	:read	[1 2 5 4 6 7 10 9 12 15 16 14 17 18 19 22 21 23 24 25 26 27 28 29 31 33 32 34 36 37 38 39 41 42 45 44 46 47 48 49 52 51 54 56 57]
2025-06-29 18:39:31,283{GMT}	INFO	[jepsen worker 0] jepsen.util: 0	:invoke	:read	nil
2025-06-29 18:39:31,284{GMT}	INFO	[jepsen worker 0] jepsen.util: 0	:ok	:read	[1 2 5 4 6 7 10 9 12 15 16 14 17 18 19 22 21 23 24 25 26 27 28 29 31 33 32 34 36 37 38 39 41 42 45 44 46 47 48 49 52 51 54 56 57 59]
2025-06-29 18:39:31,393{GMT}	INFO	[jepsen worker 1] jepsen.util: 1	:invoke	:broadcast	60
2025-06-29 18:39:31,394{GMT}	INFO	[jepsen worker 1] jepsen.util: 1	:ok	:broadcast	60
2025-06-29 18:39:31,441{GMT}	INFO	[jepsen worker 2] jepsen.util: 2	:invoke	:read	nil
2025-06-29 18:39:31,442{GMT}	INFO	[jepsen worker 2] jepsen.util: 2	:ok	:read	[0 3 8 11 13 20 30 35 40 43 50 53 55 58]
2025-06-29 18:39:31,583{GMT}	INFO	[jepsen worker 3] jepsen.util: 3	:invoke	:broadcast	61
2025-06-29 18:39:31,584{GMT}	INFO	[jepsen worker 3] jepsen.util: 3	:ok	:broadcast	61
2025-06-29 18:39:31,713{GMT}	INFO	[jepsen worker 4] jepsen.util: 4	:invoke	:broadcast	62
2025-06-29 18:39:31,714{GMT}	INFO	[jepsen worker 4] jepsen.util: 4	:ok	:broadcast	62
2025-06-29 18:39:31,783{GMT}	INFO	[jepsen worker 0] jepsen.util: 0	:invoke	:read	nil
2025-06-29 18:39:31,786{GMT}	INFO	[jepsen worker 0] jepsen.util: 0	:ok	:read	[1 2 5 4 6 7 10 9 12 15 16 14 17 18 19 22 21 23 24 25 26 27 28 29 31 33 32 34 36 37 38 39 41 42 45 44 46 47 48 49 52 51 54 56 57 59 60 61]
2025-06-29 18:39:31,871{GMT}	INFO	[jepsen worker 0] jepsen.util: 0	:invoke	:broadcast	63
2025-06-29 18:39:31,872{GMT}	INFO	[jepsen worker 0] jepsen.util: 0	:ok	:broadcast	63
2025-06-29 18:39:31,963{GMT}	INFO	[jepsen worker 1] jepsen.util: 1	:invoke	:broadcast	64
2025-06-29 18:39:31,965{GMT}	INFO	[jepsen worker 1] jepsen.util: 1	:ok	:broadcast	64
2025-06-29 18:39:32,034{GMT}	INFO	[jepsen worker 2] jepsen.util: 2	:invoke	:broadcast	65
2025-06-29 18:39:32,036{GMT}	INFO	[jepsen worker 2] jepsen.util: 2	:ok	:broadcast	65
2025-06-29 18:39:32,106{GMT}	INFO	[jepsen worker 3] jepsen.util: 3	:invoke	:broadcast	66
2025-06-29 18:39:32,106{GMT}	INFO	[jepsen worker 3] jepsen.util: 3	:ok	:broadcast	66
2025-06-29 18:39:32,253{GMT}	INFO	[jepsen worker 4] jepsen.util: 4	:invoke	:read	nil
2025-06-29 18:39:32,254{GMT}	INFO	[jepsen worker 4] jepsen.util: 4	:ok	:read	[1 2 4 5 7 6 9 10 12 14 16 15 17 18 19 21 22 24 25 23 26 27 29 28 31 32 33 34 36 37 39 41 38 42 44 45 46 47 48 49 51 52 54 56 57 59 60 61 62 64 63 66]
2025-06-29 18:39:32,368{GMT}	INFO	[jepsen worker 0] jepsen.util: 0	:invoke	:read	nil
2025-06-29 18:39:32,369{GMT}	INFO	[jepsen worker 0] jepsen.util: 0	:ok	:read	[1 2 5 4 6 7 10 9 12 15 16 14 17 18 19 22 21 23 24 25 26 27 28 29 31 33 32 34 36 37 38 39 41 42 45 44 46 47 48 49 52 51 54 56 57 59 60 61 63 64 62 66]
2025-06-29 18:39:32,416{GMT}	INFO	[jepsen worker 0] jepsen.util: 0	:invoke	:broadcast	67
2025-06-29 18:39:32,417{GMT}	INFO	[jepsen worker 0] jepsen.util: 0	:ok	:broadcast	67
2025-06-29 18:39:32,426{GMT}	INFO	[jepsen worker 1] jepsen.util: 1	:invoke	:broadcast	68
2025-06-29 18:39:32,426{GMT}	INFO	[jepsen worker 2] jepsen.util: 2	:invoke	:broadcast	69
2025-06-29 18:39:32,427{GMT}	INFO	[jepsen worker 1] jepsen.util: 1	:ok	:broadcast	68
2025-06-29 18:39:32,427{GMT}	INFO	[jepsen worker 2] jepsen.util: 2	:ok	:broadcast	69
2025-06-29 18:39:32,475{GMT}	INFO	[jepsen worker 3] jepsen.util: 3	:invoke	:read	nil
2025-06-29 18:39:32,476{GMT}	INFO	[jepsen worker 3] jepsen.util: 3	:ok	:read	[1 2 4 5 6 7 9 10 12 14 15 16 17 18 19 21 22 23 25 24 26 27 28 29 31 32 33 36 37 34 38 41 39 42 44 45 46 47 48 49 51 52 54 56 57 59 61 60 62 63 64 66 67]
2025-06-29 18:39:32,584{GMT}	INFO	[jepsen worker 4] jepsen.util: 4	:invoke	:read	nil
2025-06-29 18:39:32,586{GMT}	INFO	[jepsen worker 4] jepsen.util: 4	:ok	:read	[1 2 4 5 7 6 9 10 12 14 16 15 17 18 19 21 22 24 25 23 26 27 29 28 31 32 33 34 36 37 39 41 38 42 44 45 46 47 48 49 51 52 54 56 57 59 60 61 62 64 63 66 68 67]
2025-06-29 18:39:32,623{GMT}	INFO	[jepsen worker 0] jepsen.util: 0	:invoke	:broadcast	70
2025-06-29 18:39:32,625{GMT}	INFO	[jepsen worker 0] jepsen.util: 0	:ok	:broadcast	70
2025-06-29 18:39:32,814{GMT}	INFO	[jepsen worker 0] jepsen.util: 0	:invoke	:broadcast	71
2025-06-29 18:39:32,816{GMT}	INFO	[jepsen worker 0] jepsen.util: 0	:ok	:broadcast	71
2025-06-29 18:39:32,834{GMT}	INFO	[jepsen worker 1] jepsen.util: 1	:invoke	:read	nil
2025-06-29 18:39:32,836{GMT}	INFO	[jepsen worker 1] jepsen.util: 1	:ok	:read	[1 2 4 5 6 7 9 10 12 14 15 16 17 18 19 21 22 23 24 25 26 27 28 29 32 33 31 34 36 37 38 39 41 42 44 45 46 47 48 49 51 52 54 56 57 59 60 61 62 63 64 67 68 66 70 71]
2025-06-29 18:39:32,858{GMT}	INFO	[jepsen worker 2] jepsen.util: 2	:invoke	:broadcast	72
2025-06-29 18:39:32,859{GMT}	INFO	[jepsen worker 2] jepsen.util: 2	:ok	:broadcast	72
2025-06-29 18:39:32,994{GMT}	INFO	[jepsen worker 3] jepsen.util: 3	:invoke	:read	nil
2025-06-29 18:39:32,996{GMT}	INFO	[jepsen worker 3] jepsen.util: 3	:ok	:read	[1 2 4 5 6 7 9 10 12 14 15 16 17 18 19 21 22 23 25 24 26 27 28 29 31 32 33 36 37 34 38 41 39 42 44 45 46 47 48 49 51 52 54 56 57 59 61 60 62 63 64 66 67 68 70 71]
2025-06-29 18:39:33,044{GMT}	INFO	[jepsen worker 4] jepsen.util: 4	:invoke	:read	nil
2025-06-29 18:39:33,045{GMT}	INFO	[jepsen worker 4] jepsen.util: 4	:ok	:read	[1 2 4 5 7 6 9 10 12 14 16 15 17 18 19 21 22 24 25 23 26 27 29 28 31 32 33 34 36 37 39 41 38 42 44 45 46 47 48 49 51 52 54 56 57 59 60 61 62 64 63 66 68 67 70 71]
2025-06-29 18:39:33,059{GMT}	INFO	[jepsen worker 0] jepsen.util: 0	:invoke	:broadcast	73
2025-06-29 18:39:33,060{GMT}	INFO	[jepsen worker 0] jepsen.util: 0	:ok	:broadcast	73
2025-06-29 18:39:33,111{GMT}	INFO	[jepsen worker 0] jepsen.util: 0	:invoke	:broadcast	74
2025-06-29 18:39:33,113{GMT}	INFO	[jepsen worker 0] jepsen.util: 0	:ok	:broadcast	74
2025-06-29 18:39:33,262{GMT}	INFO	[jepsen worker 1] jepsen.util: 1	:invoke	:broadcast	75
2025-06-29 18:39:33,264{GMT}	INFO	[jepsen worker 1] jepsen.util: 1	:ok	:broadcast	75
2025-06-29 18:39:33,460{GMT}	INFO	[jepsen worker 2] jepsen.util: 2	:invoke	:read	nil
2025-06-29 18:39:33,461{GMT}	INFO	[jepsen worker 2] jepsen.util: 2	:ok	:read	[0 3 8 11 13 20 30 35 40 43 50 53 55 58 65 69 72]
2025-06-29 18:39:33,653{GMT}	INFO	[jepsen worker 3] jepsen.util: 3	:invoke	:read	nil
2025-06-29 18:39:33,654{GMT}	INFO	[jepsen worker 3] jepsen.util: 3	:ok	:read	[1 2 4 5 6 7 9 10 12 14 15 16 17 18 19 21 22 23 25 24 26 27 28 29 31 32 33 36 37 34 38 41 39 42 44 45 46 47 48 49 51 52 54 56 57 59 61 60 62 63 64 66 67 68 70 71 73 74 75]
2025-06-29 18:39:33,785{GMT}	INFO	[jepsen worker 4] jepsen.util: 4	:invoke	:broadcast	76
2025-06-29 18:39:33,786{GMT}	INFO	[jepsen worker 4] jepsen.util: 4	:ok	:broadcast	76
2025-06-29 18:39:33,951{GMT}	INFO	[jepsen worker 0] jepsen.util: 0	:invoke	:read	nil
2025-06-29 18:39:33,954{GMT}	INFO	[jepsen worker 0] jepsen.util: 0	:ok	:read	[1 2 5 4 6 7 10 9 12 15 16 14 17 18 19 22 21 23 24 25 26 27 28 29 31 33 32 34 36 37 38 39 41 42 45 44 46 47 48 49 52 51 54 56 57 59 60 61 63 64 62 66 67 68 70 71 73 74 75]
2025-06-29 18:39:34,030{GMT}	INFO	[jepsen worker 0] jepsen.util: 0	:invoke	:broadcast	77
2025-06-29 18:39:34,031{GMT}	INFO	[jepsen worker 0] jepsen.util: 0	:ok	:broadcast	77
2025-06-29 18:39:34,101{GMT}	INFO	[jepsen worker 1] jepsen.util: 1	:invoke	:read	nil
2025-06-29 18:39:34,102{GMT}	INFO	[jepsen worker 1] jepsen.util: 1	:ok	:read	[1 2 4 5 6 7 9 10 12 14 15 16 17 18 19 21 22 23 24 25 26 27 28 29 32 33 31 34 36 37 38 39 41 42 44 45 46 47 48 49 51 52 54 56 57 59 60 61 62 63 64 67 68 66 70 71 73 74 75 76 77]
2025-06-29 18:39:34,141{GMT}	INFO	[jepsen worker 2] jepsen.util: 2	:invoke	:read	nil
2025-06-29 18:39:34,142{GMT}	INFO	[jepsen worker 2] jepsen.util: 2	:ok	:read	[0 3 8 11 13 20 30 35 40 43 50 53 55 58 65 69 72]
2025-06-29 18:39:34,287{GMT}	INFO	[jepsen worker 3] jepsen.util: 3	:invoke	:broadcast	78
2025-06-29 18:39:34,289{GMT}	INFO	[jepsen worker 3] jepsen.util: 3	:ok	:broadcast	78
2025-06-29 18:39:34,461{GMT}	INFO	[jepsen worker 4] jepsen.util: 4	:invoke	:read	nil
2025-06-29 18:39:34,463{GMT}	INFO	[jepsen worker 4] jepsen.util: 4	:ok	:read	[1 2 4 5 7 6 9 10 12 14 16 15 17 18 19 21 22 24 25 23 26 27 29 28 31 32 33 34 36 37 39 41 38 42 44 45 46 47 48 49 51 52 54 56 57 59 60 61 62 64 63 66 68 67 70 71 75 73 74 76 77 78]
2025-06-29 18:39:34,633{GMT}	INFO	[jepsen worker 0] jepsen.util: 0	:invoke	:broadcast	79
2025-06-29 18:39:34,634{GMT}	INFO	[jepsen worker 0] jepsen.util: 0	:ok	:broadcast	79
2025-06-29 18:39:34,829{GMT}	INFO	[jepsen worker 0] jepsen.util: 0	:invoke	:read	nil
2025-06-29 18:39:34,830{GMT}	INFO	[jepsen worker 0] jepsen.util: 0	:ok	:read	[1 2 5 4 6 7 10 9 12 15 16 14 17 18 19 22 21 23 24 25 26 27 28 29 31 33 32 34 36 37 38 39 41 42 45 44 46 47 48 49 52 51 54 56 57 59 60 61 63 64 62 66 67 68 70 71 73 74 75 77 76 78 79]
2025-06-29 18:39:34,858{GMT}	INFO	[jepsen worker 1] jepsen.util: 1	:invoke	:read	nil
2025-06-29 18:39:34,860{GMT}	INFO	[jepsen worker 1] jepsen.util: 1	:ok	:read	[1 2 4 5 6 7 9 10 12 14 15 16 17 18 19 21 22 23 24 25 26 27 28 29 32 33 31 34 36 37 38 39 41 42 44 45 46 47 48 49 51 52 54 56 57 59 60 61 62 63 64 67 68 66 70 71 73 74 75 76 77 78 79]
2025-06-29 18:39:34,934{GMT}	INFO	[jepsen worker 2] jepsen.util: 2	:invoke	:read	nil
2025-06-29 18:39:34,936{GMT}	INFO	[jepsen worker 2] jepsen.util: 2	:ok	:read	[0 3 8 11 13 20 30 35 40 43 50 53 55 58 65 69 72]
2025-06-29 18:39:35,097{GMT}	INFO	[jepsen worker 3] jepsen.util: 3	:invoke	:read	nil
2025-06-29 18:39:35,099{GMT}	INFO	[jepsen worker 3] jepsen.util: 3	:ok	:read	[1 2 4 5 6 7 9 10 12 14 15 16 17 18 19 21 22 23 25 24 26 27 28 29 31 32 33 36 37 34 38 41 39 42 44 45 46 47 48 49 51 52 54 56 57 59 61 60 62 63 64 66 67 68 70 71 73 74 75 76 77 78 79]
2025-06-29 18:39:35,126{GMT}	INFO	[jepsen worker nemesis] jepsen.util: :nemesis	:info	:stop-partition	nil
2025-06-29 18:39:35,127{GMT}	INFO	[jepsen worker nemesis] jepsen.util: :nemesis	:info	:stop-partition	:network-healed
2025-06-29 18:39:35,141{GMT}	INFO	[jepsen worker 0] jepsen.util: 0	:invoke	:read	nil
2025-06-29 18:39:35,142{GMT}	INFO	[jepsen worker 0] jepsen.util: 0	:ok	:read	[1 2 5 4 6 7 10 9 12 15 16 14 17 18 19 22 21 23 24 25 26 27 28 29 31 33 32 34 36 37 38 39 41 42 45 44 46 47 48 49 52 51 54 56 57 59 60 61 63 64 62 66 67 68 70 71 73 74 75 77 76 78 79]
2025-06-29 18:39:35,334{GMT}	INFO	[jepsen worker 0] jepsen.util: 0	:invoke	:broadcast	80
2025-06-29 18:39:35,336{GMT}	INFO	[jepsen worker 0] jepsen.util: 0	:ok	:broadcast	80
2025-06-29 18:39:35,524{GMT}	INFO	[jepsen worker 1] jepsen.util: 1	:invoke	:read	nil
2025-06-29 18:39:35,527{GMT}	INFO	[jepsen worker 1] jepsen.util: 1	:ok	:read	[1 2 4 5 6 7 9 10 12 14 15 16 17 18 19 21 22 23 24 25 26 27 28 29 32 33 31 34 36 37 38 39 41 42 44 45 46 47 48 49 51 52 54 56 57 59 60 61 62 63 64 67 68 66 70 71 73 74 75 76 77 78 79 0 3 8 11 13 20 30 35 40 43 50 53 55 58 65 69 72 80]
2025-06-29 18:39:35,727{GMT}	INFO	[jepsen worker 2] jepsen.util: 2	:invoke	:broadcast	81
2025-06-29 18:39:35,728{GMT}	INFO	[jepsen worker 2] jepsen.util: 2	:ok	:broadcast	81
2025-06-29 18:39:35,759{GMT}	INFO	[jepsen worker 3] jepsen.util: 3	:invoke	:broadcast	82
2025-06-29 18:39:35,760{GMT}	INFO	[jepsen worker 3] jepsen.util: 3	:ok	:broadcast	82
2025-06-29 18:39:35,867{GMT}	INFO	[jepsen worker 4] jepsen.util: 4	:invoke	:read	nil
2025-06-29 18:39:35,870{GMT}	INFO	[jepsen worker 4] jepsen.util: 4	:ok	:read	[1 2 4 5 7 6 9 10 12 14 16 15 17 18 19 21 22 24 25 23 26 27 29 28 31 32 33 34 36 37 39 41 38 42 44 45 46 47 48 49 51 52 54 56 57 59 60 61 62 64 63 66 68 67 70 71 75 73 74 76 77 78 79 0 3 8 11 13 20 30 35 40 43 50 53 55 58 65 69 72 80 82]
2025-06-29 18:39:35,981{GMT}	INFO	[jepsen worker 0] jepsen.util: 0	:invoke	:broadcast	83
2025-06-29 18:39:35,982{GMT}	INFO	[jepsen worker 0] jepsen.util: 0	:ok	:broadcast	83
2025-06-29 18:39:36,069{GMT}	INFO	[jepsen worker 0] jepsen.util: 0	:invoke	:broadcast	84
2025-06-29 18:39:36,070{GMT}	INFO	[jepsen worker 0] jepsen.util: 0	:ok	:broadcast	84
2025-06-29 18:39:36,153{GMT}	INFO	[jepsen worker 1] jepsen.util: 1	:invoke	:read	nil
2025-06-29 18:39:36,155{GMT}	INFO	[jepsen worker 1] jepsen.util: 1	:ok	:read	[1 2 4 5 6 7 9 10 12 14 15 16 17 18 19 21 22 23 24 25 26 27 28 29 32 33 31 34 36 37 38 39 41 42 44 45 46 47 48 49 51 52 54 56 57 59 60 61 62 63 64 67 68 66 70 71 73 74 75 76 77 78 79 0 3 8 11 13 20 30 35 40 43 50 53 55 58 65 69 72 80 81 83 84 82]
2025-06-29 18:39:36,330{GMT}	INFO	[jepsen worker 2] jepsen.util: 2	:invoke	:read	nil
2025-06-29 18:39:36,332{GMT}	INFO	[jepsen worker 2] jepsen.util: 2	:ok	:read	[0 3 8 11 13 20 30 35 40 43 50 53 55 58 65 69 72 1 2 4 5 6 7 9 10 12 14 15 16 17 18 19 21 22 23 24 25 26 27 28 29 32 33 31 34 36 37 38 39 41 42 44 45 46 47 48 49 51 52 54 56 57 59 60 61 62 63 64 67 68 66 70 71 73 74 75 76 77 78 79 80 81 83 84]
2025-06-29 18:39:36,455{GMT}	INFO	[jepsen worker 3] jepsen.util: 3	:invoke	:broadcast	85
2025-06-29 18:39:36,456{GMT}	INFO	[jepsen worker 3] jepsen.util: 3	:ok	:broadcast	85
2025-06-29 18:39:36,643{GMT}	INFO	[jepsen worker 4] jepsen.util: 4	:invoke	:broadcast	86
2025-06-29 18:39:36,644{GMT}	INFO	[jepsen worker 4] jepsen.util: 4	:ok	:broadcast	86
2025-06-29 18:39:36,654{GMT}	INFO	[jepsen worker 0] jepsen.util: 0	:invoke	:broadcast	87
2025-06-29 18:39:36,655{GMT}	INFO	[jepsen worker 0] jepsen.util: 0	:ok	:broadcast	87
2025-06-29 18:39:36,857{GMT}	INFO	[jepsen worker 0] jepsen.util: 0	:invoke	:read	nil
2025-06-29 18:39:36,858{GMT}	INFO	[jepsen worker 0] jepsen.util: 0	:ok	:read	[1 2 5 4 6 7 10 9 12 15 16 14 17 18 19 22 21 23 24 25 26 27 28 29 31 33 32 34 36 37 38 39 41 42 45 44 46 47 48 49 52 51 54 56 57 59 60 61 63 64 62 66 67 68 70 71 73 74 75 77 76 78 79 80 0 3 8 11 13 20 30 35 40 43 50 53 55 58 65 69 72 82 83 84 81 85 87]
2025-06-29 18:39:36,924{GMT}	INFO	[jepsen worker 1] jepsen.util: 1	:invoke	:broadcast	88
2025-06-29 18:39:36,925{GMT}	INFO	[jepsen worker 1] jepsen.util: 1	:ok	:broadcast	88
2025-06-29 18:39:37,118{GMT}	INFO	[jepsen worker 2] jepsen.util: 2	:invoke	:broadcast	89
2025-06-29 18:39:37,120{GMT}	INFO	[jepsen worker 2] jepsen.util: 2	:ok	:broadcast	89
2025-06-29 18:39:37,211{GMT}	INFO	[jepsen worker 3] jepsen.util: 3	:invoke	:read	nil
2025-06-29 18:39:37,213{GMT}	INFO	[jepsen worker 3] jepsen.util: 3	:ok	:read	[1 2 4 5 6 7 9 10 12 14 15 16 17 18 19 21 22 23 25 24 26 27 28 29 31 32 33 36 37 34 38 41 39 42 44 45 46 47 48 49 51 52 54 56 57 59 61 60 62 63 64 66 67 68 70 71 73 74 75 76 77 78 79 80 0 3 8 11 13 20 30 35 40 43 50 53 55 58 65 69 72 82 83 84 81 85 86 87]
2025-06-29 18:39:37,213{GMT}	INFO	[jepsen worker nemesis] jepsen.util: :nemesis	:info	:stop-partition	nil
2025-06-29 18:39:37,213{GMT}	INFO	[jepsen worker nemesis] jepsen.util: :nemesis	:info	:stop-partition	:network-healed
2025-06-29 18:39:37,214{GMT}	INFO	[jepsen worker nemesis] jepsen.generator.interpreter: Waiting for recovery...
2025-06-29 18:39:47,230{GMT}	INFO	[jepsen worker 0] jepsen.util: 0	:invoke	:read	nil
2025-06-29 18:39:47,231{GMT}	INFO	[jepsen worker 4] jepsen.util: 4	:invoke	:read	nil
2025-06-29 18:39:47,231{GMT}	INFO	[jepsen worker 3] jepsen.util: 3	:invoke	:read	nil
2025-06-29 18:39:47,230{GMT}	INFO	[jepsen worker 1] jepsen.util: 1	:invoke	:read	nil
2025-06-29 18:39:47,230{GMT}	INFO	[jepsen worker 2] jepsen.util: 2	:invoke	:read	nil
2025-06-29 18:39:47,234{GMT}	INFO	[jepsen worker 1] jepsen.util: 1	:ok	:read	[1 2 4 5 6 7 9 10 12 14 15 16 17 18 19 21 22 23 24 25 26 27 28 29 32 33 31 34 36 37 38 39 41 42 44 45 46 47 48 49 51 52 54 56 57 59 60 61 62 63 64 67 68 66 70 71 73 74 75 76 77 78 79 0 3 8 11 13 20 30 35 40 43 50 53 55 58 65 69 72 80 81 83 84 82 85 86 87 88 89]
2025-06-29 18:39:47,234{GMT}	INFO	[jepsen worker 4] jepsen.util: 4	:ok	:read	[1 2 4 5 7 6 9 10 12 14 16 15 17 18 19 21 22 24 25 23 26 27 29 28 31 32 33 34 36 37 39 41 38 42 44 45 46 47 48 49 51 52 54 56 57 59 60 61 62 64 63 66 68 67 70 71 75 73 74 76 77 78 79 0 3 8 11 13 20 30 35 40 43 50 53 55 58 65 69 72 80 82 81 83 84 85 86 87 88 89]
2025-06-29 18:39:47,234{GMT}	INFO	[jepsen worker 2] jepsen.util: 2	:ok	:read	[0 3 8 11 13 20 30 35 40 43 50 53 55 58 65 69 72 1 2 4 5 6 7 9 10 12 14 15 16 17 18 19 21 22 23 24 25 26 27 28 29 32 33 31 34 36 37 38 39 41 42 44 45 46 47 48 49 51 52 54 56 57 59 60 61 62 63 64 67 68 66 70 71 73 74 75 76 77 78 79 80 81 83 84 82 85 86 87 88 89]
2025-06-29 18:39:47,234{GMT}	INFO	[jepsen worker 0] jepsen.util: 0	:ok	:read	[1 2 5 4 6 7 10 9 12 15 16 14 17 18 19 22 21 23 24 25 26 27 28 29 31 33 32 34 36 37 38 39 41 42 45 44 46 47 48 49 52 51 54 56 57 59 60 61 63 64 62 66 67 68 70 71 73 74 75 77 76 78 79 80 0 3 8 11 13 20 30 35 40 43 50 53 55 58 65 69 72 82 83 84 81 85 87 86 88 89]
2025-06-29 18:39:47,234{GMT}	INFO	[jepsen worker 3] jepsen.util: 3	:ok	:read	[1 2 4 5 6 7 9 10 12 14 15 16 17 18 19 21 22 23 25 24 26 27 28 29 31 32 33 36 37 34 38 41 39 42 44 45 46 47 48 49 51 52 54 56 57 59 61 60 62 63 64 66 67 68 70 71 73 74 75 76 77 78 79 80 0 3 8 11 13 20 30 35 40 43 50 53 55 58 65 69 72 82 83 84 81 85 86 87 88 89]
2025-06-29 18:39:47,278{GMT}	INFO	[jepsen test runner] jepsen.core: Run complete, writing
2025-06-29 18:39:47,313{GMT}	INFO	[jepsen node n2] maelstrom.db: Tearing down n2
2025-06-29 18:39:47,313{GMT}	INFO	[jepsen node n1] maelstrom.db: Tearing down n1
2025-06-29 18:39:47,313{GMT}	INFO	[jepsen node n0] maelstrom.db: Tearing down n0
2025-06-29 18:39:47,313{GMT}	INFO	[jepsen node n3] maelstrom.db: Tearing down n3
2025-06-29 18:39:47,313{GMT}	INFO	[jepsen node n4] maelstrom.db: Tearing down n4
2025-06-29 18:39:49,076{GMT}	INFO	[jepsen node n0] maelstrom.net: Shutting down Maelstrom network
2025-06-29 18:39:49,081{GMT}	INFO	[jepsen test runner] jepsen.core: Analyzing...
2025-06-29 18:39:49,941{GMT}	INFO	[jepsen test runner] jepsen.core: Analysis complete
2025-06-29 18:39:50,002{GMT}	INFO	[jepsen results] jepsen.store: Wrote /Users/anandtrehan/flyio_challenges/maelstrom/store/broadcast/20250629T183915.656-0400/results.edn
2025-06-29 18:39:50,039{GMT}	INFO	[jepsen test runner] jepsen.core: {:perf {:latency-graph {:valid? true},
        :rate-graph {:valid? true},
        :valid? true},
 :timeline {:valid? true},
 :exceptions {:valid? true},
 :stats {:valid? true,
         :count 193,
         :ok-count 193,
         :fail-count 0,
         :info-count 0,
         :by-f {:broadcast {:valid? true,
                            :count 90,
                            :ok-count 90,
                            :fail-count 0,
                            :info-count 0},
                :read {:valid? true,
                       :count 103,
                       :ok-count 103,
                       :fail-count 0,
                       :info-count 0}}},
 :availability {:valid? true, :ok-fraction 1.0},
 :net {:all {:send-count 2113,
             :recv-count 1996,
             :msg-count 2113,
             :msgs-per-op 10.948187},
       :clients {:send-count 406, :recv-count 406, :msg-count 406},
       :servers {:send-count 1707,
                 :recv-count 1590,
                 :msg-count 1707,
                 :msgs-per-op 8.84456},
       :valid? true},
 :workload {:worst-stale ({:element 0,
                           :outcome :stable,
                           :stable-latency 17756,
                           :lost-latency nil,
                           :known #jepsen.history.Op{:index 5,
                                                     :time 124550583,
                                                     :type :ok,
                                                     :process 2,
                                                     :f :add,
                                                     :value 0},
                           :last-absent #jepsen.history.Op{:index 346,
                                                           :time 17881113416,
                                                           :type :invoke,
                                                           :process 0,
                                                           :f :read,
                                                           :value nil}}
                          {:element 1,
                           :outcome :stable,
                           :stable-latency 17399,
                           :lost-latency nil,
                           :known #jepsen.history.Op{:index 7,
                                                     :time 274746833,
                                                     :type :ok,
                                                     :process 3,
                                                     :f :add,
                                                     :value 1},
                           :last-absent #jepsen.history.Op{:index 340,
                                                           :time 17673752000,
                                                           :type :invoke,
                                                           :process 2,
                                                           :f :read,
                                                           :value nil}}
                          {:element 2,
                           :outcome :stable,
                           :stable-latency 16944,
                           :lost-latency nil,
                           :known #jepsen.history.Op{:index 15,
                                                     :time 729213666,
                                                     :type :ok,
                                                     :process 1,
                                                     :f :add,
                                                     :value 2},
                           :last-absent #jepsen.history.Op{:index 340,
                                                           :time 17673752000,
                                                           :type :invoke,
                                                           :process 2,
                                                           :f :read,
                                                           :value nil}}
                          {:element 3,
                           :outcome :stable,
                           :stable-latency 16582,
                           :lost-latency nil,
                           :known #jepsen.history.Op{:index 29,
                                                     :time 1298803958,
                                                     :type :ok,
                                                     :process 2,
                                                     :f :add,
                                                     :value 3},
                           :last-absent #jepsen.history.Op{:index 346,
                                                           :time 17881113416,
                                                           :type :invoke,
                                                           :process 0,
                                                           :f :read,
                                                           :value nil}}
                          {:element 4,
                           :outcome :stable,
                           :stable-latency 16189,
                           :lost-latency nil,
                           :known #jepsen.history.Op{:index 33,
                                                     :time 1484065083,
                                                     :type :ok,
                                                     :process 4,
                                                     :f :add,
                                                     :value 4},
                           :last-absent #jepsen.history.Op{:index 340,
                                                           :time 17673752000,
                                                           :type :invoke,
                                                           :process 2,
                                                           :f :read,
                                                           :value nil}}
                          {:element 5,
                           :outcome :stable,
                           :stable-latency 16092,
                           :lost-latency nil,
                           :known #jepsen.history.Op{:index 35,
                                                     :time 1581548875,
                                                     :type :ok,
                                                     :process 0,
                                                     :f :add,
                                                     :value 5},
                           :last-absent #jepsen.history.Op{:index 340,
                                                           :time 17673752000,
                                                           :type :invoke,
                                                           :process 2,
                                                           :f :read,
                                                           :value nil}}
                          {:element 8,
                           :outcome :stable,
                           :stable-latency 16027,
                           :lost-latency nil,
                           :known #jepsen.history.Op{:index 41,
                                                     :time 1853939708,
                                                     :type :ok,
                                                     :process 2,
                                                     :f :add,
                                                     :value 8},
                           :last-absent #jepsen.history.Op{:index 346,
                                                           :time 17881113416,
                                                           :type :invoke,
                                                           :process 0,
                                                           :f :read,
                                                           :value nil}}
                          {:element 6,
                           :outcome :stable,
                           :stable-latency 15913,
                           :lost-latency nil,
                           :known #jepsen.history.Op{:index 37,
                                                     :time 1760335458,
                                                     :type :ok,
                                                     :process 0,
                                                     :f :add,
                                                     :value 6},
                           :last-absent #jepsen.history.Op{:index 340,
                                                           :time 17673752000,
                                                           :type :invoke,
                                                           :process 2,
                                                           :f :read,
                                                           :value nil}}),
            :duplicated-count 0,
            :valid? true,
            :lost-count 0,
            :lost (),
            :stable-count 90,
            :stale-count 85,
            :stale (0
                    1
                    2
                    3
                    4
                    5
                    6
                    7
                    8
                    9
                    10
                    11
                    12
                    13
                    14
                    15
                    16
                    17
                    18
                    19
                    20
                    21
                    22
                    23
                    24
                    25
                    26
                    27
                    28
                    29
                    30
                    31
                    32
                    33
                    34
                    35
                    36
                    37
                    38
                    39
                    40
                    41
                    42
                    43
                    44
                    45
                    46
                    47
                    48
                    49
                    50
                    51
                    52
                    53
                    54
                    55
                    56
                    57
                    58
                    59
                    60
                    61
                    62
                    63
                    64
                    65
                    66
                    67
                    68
                    69
                    70
                    71
                    72
                    73
                    74
                    75
                    76
                    77
                    78
                    79
                    81
                    82
                    86
                    88
                    89),
            :never-read-count 0,
            :stable-latencies {0 0,
                               0.5 8396,
                               0.95 16189,
                               0.99 17756,
                               1 17756},
            :attempt-count 90,
            :never-read (),
            :duplicated {}},
 :valid? true}


Everything looks good! (`)
