2025-06-27 21:41:58,629{GMT}	INFO	[jepsen test runner] jepsen.core: Command line:
lein run test -w broadcast --bin /Users/anandtrehan/go/bin/maelstrom-broadcast --node-count 5 --time-limit 20 --rate 10 --nemesis partition
2025-06-27 21:41:58,708{GMT}	INFO	[jepsen test runner] jepsen.core: Running test:
{:args []
 :remote
 #jepsen.control.retry.Remote{:remote #jepsen.control.scp.Remote{:cmd-remote #jepsen.control.sshj.SSHJRemote{:concurrency-limit 6,
                                                                                                             :conn-spec nil,
                                                                                                             :client nil,
                                                                                                             :semaphore nil},
                                                                 :conn-spec nil},
                              :conn nil}
 :log-net-send false
 :node-count 5
 :availability nil
 :max-txn-length 4
 :concurrency 5
 :db
 #object[maelstrom.db$db$reify__16142
         "0x33e09baf"
         "maelstrom.db$db$reify__16142@33e09baf"]
 :max-writes-per-key 16
 :leave-db-running? false
 :name "broadcast"
 :logging-json? false
 :start-time
 #object[org.joda.time.DateTime "0x105c253a" "2025-06-27T21:41:58.586-04:00"]
 :nemesis-interval 10
 :net
 #object[maelstrom.net$jepsen_net$reify__15251
         "0x156322ce"
         "maelstrom.net$jepsen_net$reify__15251@156322ce"]
 :client
 #object[maelstrom.workload.broadcast$client$reify__16644
         "0x546f0f36"
         "maelstrom.workload.broadcast$client$reify__16644@546f0f36"]
 :barrier
 #object[java.util.concurrent.CyclicBarrier
         "0x44d5a0a8"
         "java.util.concurrent.CyclicBarrier@44d5a0a8"]
 :log-stderr false
 :pure-generators true
 :ssh {:dummy? true}
 :rate 10.0
 :checker
 #object[jepsen.checker$compose$reify__11881
         "0x35d128fd"
         "jepsen.checker$compose$reify__11881@35d128fd"]
 :argv
 ("test"
  "-w"
  "broadcast"
  "--bin"
  "/Users/anandtrehan/go/bin/maelstrom-broadcast"
  "--node-count"
  "5"
  "--time-limit"
  "20"
  "--rate"
  "10"
  "--nemesis"
  "partition")
 :nemesis
 (jepsen.nemesis.ReflCompose
  {:fm {:start-partition 0,
        :stop-partition 0,
        :kill 1,
        :start 1,
        :pause 1,
        :resume 1},
   :nemeses [#unprintable "jepsen.nemesis.combined$partition_nemesis$reify__16416@39a809db"
             #unprintable "jepsen.nemesis.combined$db_nemesis$reify__16397@1512a767"]})
 :nodes ["n0" "n1" "n2" "n3" "n4"]
 :test-count 1
 :latency {:mean 0, :dist :constant}
 :bin "/Users/anandtrehan/go/bin/maelstrom-broadcast"
 :generator
 ((jepsen.generator.Synchronize
   {:gen (jepsen.generator.TimeLimit
          {:limit 20000000000,
           :cutoff nil,
           :gen (jepsen.generator.Any
                 {:gens [(jepsen.generator.OnThreads
                          {:f #{:nemesis},
                           :context-filter #object[jepsen.generator.context$make_thread_filter$lazy_filter__9167
                                                   "0x5cdb7b"
                                                   "jepsen.generator.context$make_thread_filter$lazy_filter__9167@5cdb7b"],
                           :gen (jepsen.generator.Stagger
                                 {:dt 20000000000,
                                  :next-time nil,
                                  :gen (jepsen.generator.FlipFlop
                                        {:gens [#object[jepsen.nemesis.combined$partition_package$start__16420
                                                        "0x3dcc59f5"
                                                        "jepsen.nemesis.combined$partition_package$start__16420@3dcc59f5"]
                                                ({:type :info,
                                                  :f :stop-partition,
                                                  :value nil}
                                                 {:type :info,
                                                  :f :stop-partition,
                                                  :value nil}
                                                 {:type :info,
                                                  :f :stop-partition,
                                                  :value nil}
                                                 {:type :info,
                                                  :f :stop-partition,
                                                  :value nil}
                                                 {:type :info,
                                                  :f :stop-partition,
                                                  :value nil}
                                                 {:type :info,
                                                  :f :stop-partition,
                                                  :value nil}
                                                 {:type :info,
                                                  :f :stop-partition,
                                                  :value nil}
                                                 {:type :info,
                                                  :f :stop-partition,
                                                  :value nil}
                                                 ...)],
                                         :i 0})})})
                         (jepsen.generator.OnThreads
                          {:f #jepsen.generator.context.AllBut{:element :nemesis},
                           :context-filter #object[jepsen.generator.context$make_thread_filter$lazy_filter__9167
                                                   "0x690337df"
                                                   "jepsen.generator.context$make_thread_filter$lazy_filter__9167@690337df"],
                           :gen (jepsen.generator.Stagger
                                 {:dt 200000000,
                                  :next-time nil,
                                  :gen (jepsen.generator.Mix
                                        {:i 0,
                                         :gens [({:f :broadcast, :value 0}
                                                 {:f :broadcast, :value 1}
                                                 {:f :broadcast, :value 2}
                                                 {:f :broadcast, :value 3}
                                                 {:f :broadcast, :value 4}
                                                 {:f :broadcast, :value 5}
                                                 {:f :broadcast, :value 6}
                                                 {:f :broadcast, :value 7}
                                                 ...)
                                                ({:f :read}
                                                 {:f :read}
                                                 {:f :read}
                                                 {:f :read}
                                                 {:f :read}
                                                 {:f :read}
                                                 {:f :read}
                                                 {:f :read}
                                                 ...)]})})})]})})})
  (jepsen.generator.Synchronize
   {:gen (jepsen.generator.OnThreads
          {:f #{:nemesis},
           :context-filter #object[jepsen.generator.context$make_thread_filter$lazy_filter__9167
                                   "0xf62ae87"
                                   "jepsen.generator.context$make_thread_filter$lazy_filter__9167@f62ae87"],
           :gen ({:type :info, :f :stop-partition, :value nil})})})
  (jepsen.generator.Synchronize
   {:gen {:type :log, :value "Waiting for recovery..."}})
  (jepsen.generator.Synchronize {:gen {:type :sleep, :value 10}})
  (jepsen.generator.Synchronize
   {:gen (jepsen.generator.OnThreads
          {:f #jepsen.generator.context.AllBut{:element :nemesis},
           :context-filter #object[jepsen.generator.context$make_thread_filter$lazy_filter__9167
                                   "0x50be5d6f"
                                   "jepsen.generator.context$make_thread_filter$lazy_filter__9167@50be5d6f"],
           :gen (jepsen.generator.EachThread
                 {:fresh-gen {:f :read, :final? true},
                  :context-filters #object[clojure.core$promise$reify__8591
                                           "0x48e0e779"
                                           {:status :pending, :val nil}],
                  :gens {}})})}))
 :log-net-recv false
 :os
 #object[maelstrom.net$jepsen_os$reify__15254
         "0x38ad8c75"
         "maelstrom.net$jepsen_os$reify__15254@38ad8c75"]
 :time-limit 20
 :workload :broadcast
 :consistency-models [:strict-serializable]
 :topology :grid}

2025-06-27 21:41:59,834{GMT}	INFO	[jepsen node n0] maelstrom.net: Starting Maelstrom network
2025-06-27 21:41:59,835{GMT}	INFO	[jepsen test runner] jepsen.db: Tearing down DB
2025-06-27 21:41:59,836{GMT}	INFO	[jepsen test runner] jepsen.db: Setting up DB
2025-06-27 21:41:59,837{GMT}	INFO	[jepsen node n2] maelstrom.db: Setting up n2
2025-06-27 21:41:59,837{GMT}	INFO	[jepsen node n1] maelstrom.db: Setting up n1
2025-06-27 21:41:59,837{GMT}	INFO	[jepsen node n3] maelstrom.db: Setting up n3
2025-06-27 21:41:59,837{GMT}	INFO	[jepsen node n4] maelstrom.db: Setting up n4
2025-06-27 21:41:59,837{GMT}	INFO	[jepsen node n2] maelstrom.process: launching /Users/anandtrehan/go/bin/maelstrom-broadcast []
2025-06-27 21:41:59,837{GMT}	INFO	[jepsen node n1] maelstrom.process: launching /Users/anandtrehan/go/bin/maelstrom-broadcast []
2025-06-27 21:41:59,837{GMT}	INFO	[jepsen node n4] maelstrom.process: launching /Users/anandtrehan/go/bin/maelstrom-broadcast []
2025-06-27 21:41:59,837{GMT}	INFO	[jepsen node n3] maelstrom.process: launching /Users/anandtrehan/go/bin/maelstrom-broadcast []
2025-06-27 21:41:59,839{GMT}	INFO	[jepsen node n0] maelstrom.service: Starting services: (lin-kv lin-tso lww-kv seq-kv)
2025-06-27 21:41:59,841{GMT}	INFO	[jepsen node n0] maelstrom.db: Setting up n0
2025-06-27 21:41:59,841{GMT}	INFO	[jepsen node n0] maelstrom.process: launching /Users/anandtrehan/go/bin/maelstrom-broadcast []
2025-06-27 21:41:59,868{GMT}	INFO	[jepsen test runner] jepsen.core: Relative time begins now
2025-06-27 21:41:59,882{GMT}	INFO	[jepsen worker nemesis] jepsen.util: :nemesis	:info	:start-partition	:majorities-ring
2025-06-27 21:41:59,882{GMT}	INFO	[jepsen worker 1] jepsen.util: 1	:invoke	:broadcast	0
2025-06-27 21:41:59,885{GMT}	INFO	[jepsen worker 1] jepsen.util: 1	:ok	:broadcast	0
2025-06-27 21:41:59,886{GMT}	INFO	[jepsen worker nemesis] jepsen.util: :nemesis	:info	:start-partition	[:isolated {"n0" #{"n2" "n4"}, "n3" #{"n1" "n4"}, "n2" #{"n1" "n0"}, "n4" #{"n0" "n3"}, "n1" #{"n2" "n3"}}]
2025-06-27 21:42:00,049{GMT}	INFO	[jepsen worker 2] jepsen.util: 2	:invoke	:broadcast	1
2025-06-27 21:42:00,051{GMT}	INFO	[jepsen worker 2] jepsen.util: 2	:ok	:broadcast	1
2025-06-27 21:42:00,110{GMT}	INFO	[jepsen worker 3] jepsen.util: 3	:invoke	:read	nil
2025-06-27 21:42:00,111{GMT}	INFO	[jepsen worker 3] jepsen.util: 3	:ok	:read	[0]
2025-06-27 21:42:00,178{GMT}	INFO	[jepsen worker 4] jepsen.util: 4	:invoke	:read	nil
2025-06-27 21:42:00,182{GMT}	INFO	[jepsen worker 4] jepsen.util: 4	:ok	:read	[0]
2025-06-27 21:42:00,315{GMT}	INFO	[jepsen worker 0] jepsen.util: 0	:invoke	:broadcast	2
2025-06-27 21:42:00,317{GMT}	INFO	[jepsen worker 0] jepsen.util: 0	:ok	:broadcast	2
2025-06-27 21:42:00,510{GMT}	INFO	[jepsen worker 0] jepsen.util: 0	:invoke	:broadcast	3
2025-06-27 21:42:00,513{GMT}	INFO	[jepsen worker 0] jepsen.util: 0	:ok	:broadcast	3
2025-06-27 21:42:00,543{GMT}	INFO	[jepsen worker 1] jepsen.util: 1	:invoke	:read	nil
2025-06-27 21:42:00,545{GMT}	INFO	[jepsen worker 1] jepsen.util: 1	:ok	:read	[0 2 3]
2025-06-27 21:42:00,707{GMT}	INFO	[jepsen worker 2] jepsen.util: 2	:invoke	:broadcast	4
2025-06-27 21:42:00,710{GMT}	INFO	[jepsen worker 2] jepsen.util: 2	:ok	:broadcast	4
2025-06-27 21:42:00,772{GMT}	INFO	[jepsen worker 3] jepsen.util: 3	:invoke	:broadcast	5
2025-06-27 21:42:00,775{GMT}	INFO	[jepsen worker 3] jepsen.util: 3	:ok	:broadcast	5
2025-06-27 21:42:00,946{GMT}	INFO	[jepsen worker 4] jepsen.util: 4	:invoke	:read	nil
2025-06-27 21:42:00,949{GMT}	INFO	[jepsen worker 4] jepsen.util: 4	:ok	:read	[0 2 3 5]
2025-06-27 21:42:00,969{GMT}	INFO	[jepsen worker 0] jepsen.util: 0	:invoke	:broadcast	6
2025-06-27 21:42:00,971{GMT}	INFO	[jepsen worker 0] jepsen.util: 0	:ok	:broadcast	6
2025-06-27 21:42:01,014{GMT}	INFO	[jepsen worker 0] jepsen.util: 0	:invoke	:read	nil
2025-06-27 21:42:01,016{GMT}	INFO	[jepsen worker 0] jepsen.util: 0	:ok	:read	[0 2 3 5 6]
2025-06-27 21:42:01,075{GMT}	INFO	[jepsen worker 1] jepsen.util: 1	:invoke	:broadcast	7
2025-06-27 21:42:01,078{GMT}	INFO	[jepsen worker 1] jepsen.util: 1	:ok	:broadcast	7
2025-06-27 21:42:01,255{GMT}	INFO	[jepsen worker 2] jepsen.util: 2	:invoke	:broadcast	8
2025-06-27 21:42:01,257{GMT}	INFO	[jepsen worker 2] jepsen.util: 2	:ok	:broadcast	8
2025-06-27 21:42:01,384{GMT}	INFO	[jepsen worker 3] jepsen.util: 3	:invoke	:read	nil
2025-06-27 21:42:01,386{GMT}	INFO	[jepsen worker 3] jepsen.util: 3	:ok	:read	[0 2 3 5 6 7]
2025-06-27 21:42:01,487{GMT}	INFO	[jepsen worker 4] jepsen.util: 4	:invoke	:broadcast	9
2025-06-27 21:42:01,489{GMT}	INFO	[jepsen worker 4] jepsen.util: 4	:ok	:broadcast	9
2025-06-27 21:42:01,661{GMT}	INFO	[jepsen worker 0] jepsen.util: 0	:invoke	:read	nil
2025-06-27 21:42:01,664{GMT}	INFO	[jepsen worker 0] jepsen.util: 0	:ok	:read	[0 2 3 5 6 7 9]
2025-06-27 21:42:01,804{GMT}	INFO	[jepsen worker 0] jepsen.util: 0	:invoke	:broadcast	10
2025-06-27 21:42:01,807{GMT}	INFO	[jepsen worker 0] jepsen.util: 0	:ok	:broadcast	10
2025-06-27 21:42:01,877{GMT}	INFO	[jepsen worker 1] jepsen.util: 1	:invoke	:broadcast	11
2025-06-27 21:42:01,880{GMT}	INFO	[jepsen worker 1] jepsen.util: 1	:ok	:broadcast	11
2025-06-27 21:42:01,972{GMT}	INFO	[jepsen worker 2] jepsen.util: 2	:invoke	:read	nil
2025-06-27 21:42:01,975{GMT}	INFO	[jepsen worker 2] jepsen.util: 2	:ok	:read	[1 4 8]
2025-06-27 21:42:01,980{GMT}	INFO	[jepsen worker 3] jepsen.util: 3	:invoke	:read	nil
2025-06-27 21:42:01,981{GMT}	INFO	[jepsen worker 3] jepsen.util: 3	:ok	:read	[0 2 3 5 6 7 9 10 11]
2025-06-27 21:42:02,138{GMT}	INFO	[jepsen worker 4] jepsen.util: 4	:invoke	:read	nil
2025-06-27 21:42:02,141{GMT}	INFO	[jepsen worker 4] jepsen.util: 4	:ok	:read	[0 2 3 5 6 7 9 10 11]
2025-06-27 21:42:02,278{GMT}	INFO	[jepsen worker 0] jepsen.util: 0	:invoke	:read	nil
2025-06-27 21:42:02,281{GMT}	INFO	[jepsen worker 0] jepsen.util: 0	:ok	:read	[0 2 3 5 6 7 9 10 11]
2025-06-27 21:42:02,428{GMT}	INFO	[jepsen worker 0] jepsen.util: 0	:invoke	:read	nil
2025-06-27 21:42:02,431{GMT}	INFO	[jepsen worker 0] jepsen.util: 0	:ok	:read	[0 2 3 5 6 7 9 10 11]
2025-06-27 21:42:02,535{GMT}	INFO	[jepsen worker 1] jepsen.util: 1	:invoke	:read	nil
2025-06-27 21:42:02,538{GMT}	INFO	[jepsen worker 1] jepsen.util: 1	:ok	:read	[0 2 3 5 6 7 9 10 11]
2025-06-27 21:42:02,577{GMT}	INFO	[jepsen worker 2] jepsen.util: 2	:invoke	:broadcast	12
2025-06-27 21:42:02,578{GMT}	INFO	[jepsen worker 2] jepsen.util: 2	:ok	:broadcast	12
2025-06-27 21:42:02,688{GMT}	INFO	[jepsen worker 3] jepsen.util: 3	:invoke	:broadcast	13
2025-06-27 21:42:02,690{GMT}	INFO	[jepsen worker 3] jepsen.util: 3	:ok	:broadcast	13
2025-06-27 21:42:02,825{GMT}	INFO	[jepsen worker 4] jepsen.util: 4	:invoke	:broadcast	14
2025-06-27 21:42:02,827{GMT}	INFO	[jepsen worker 4] jepsen.util: 4	:ok	:broadcast	14
2025-06-27 21:42:02,838{GMT}	INFO	[jepsen worker 0] jepsen.util: 0	:invoke	:broadcast	15
2025-06-27 21:42:02,839{GMT}	INFO	[jepsen worker 0] jepsen.util: 0	:ok	:broadcast	15
2025-06-27 21:42:02,904{GMT}	INFO	[jepsen worker 0] jepsen.util: 0	:invoke	:broadcast	16
2025-06-27 21:42:02,905{GMT}	INFO	[jepsen worker 0] jepsen.util: 0	:ok	:broadcast	16
2025-06-27 21:42:02,933{GMT}	INFO	[jepsen worker 1] jepsen.util: 1	:invoke	:broadcast	17
2025-06-27 21:42:02,934{GMT}	INFO	[jepsen worker 1] jepsen.util: 1	:ok	:broadcast	17
2025-06-27 21:42:03,033{GMT}	INFO	[jepsen worker 2] jepsen.util: 2	:invoke	:read	nil
2025-06-27 21:42:03,035{GMT}	INFO	[jepsen worker 2] jepsen.util: 2	:ok	:read	[1 4 8 12]
2025-06-27 21:42:03,107{GMT}	INFO	[jepsen worker 3] jepsen.util: 3	:invoke	:broadcast	18
2025-06-27 21:42:03,108{GMT}	INFO	[jepsen worker 3] jepsen.util: 3	:ok	:broadcast	18
2025-06-27 21:42:03,312{GMT}	INFO	[jepsen worker 4] jepsen.util: 4	:invoke	:broadcast	19
2025-06-27 21:42:03,314{GMT}	INFO	[jepsen worker 4] jepsen.util: 4	:ok	:broadcast	19
2025-06-27 21:42:03,403{GMT}	INFO	[jepsen worker 0] jepsen.util: 0	:invoke	:broadcast	20
2025-06-27 21:42:03,406{GMT}	INFO	[jepsen worker 0] jepsen.util: 0	:ok	:broadcast	20
2025-06-27 21:42:03,547{GMT}	INFO	[jepsen worker 0] jepsen.util: 0	:invoke	:read	nil
2025-06-27 21:42:03,551{GMT}	INFO	[jepsen worker 0] jepsen.util: 0	:ok	:read	[0 2 3 5 6 7 9 10 11 13 14 15 16 17 18 19 20]
2025-06-27 21:42:03,588{GMT}	INFO	[jepsen worker 1] jepsen.util: 1	:invoke	:broadcast	21
2025-06-27 21:42:03,590{GMT}	INFO	[jepsen worker 1] jepsen.util: 1	:ok	:broadcast	21
2025-06-27 21:42:03,609{GMT}	INFO	[jepsen worker 2] jepsen.util: 2	:invoke	:read	nil
2025-06-27 21:42:03,610{GMT}	INFO	[jepsen worker 2] jepsen.util: 2	:ok	:read	[1 4 8 12]
2025-06-27 21:42:03,815{GMT}	INFO	[jepsen worker 3] jepsen.util: 3	:invoke	:read	nil
2025-06-27 21:42:03,818{GMT}	INFO	[jepsen worker 3] jepsen.util: 3	:ok	:read	[0 2 3 5 6 7 9 10 11 13 14 15 16 17 18 19 20 21]
2025-06-27 21:42:03,855{GMT}	INFO	[jepsen worker 4] jepsen.util: 4	:invoke	:read	nil
2025-06-27 21:42:03,859{GMT}	INFO	[jepsen worker 4] jepsen.util: 4	:ok	:read	[0 2 3 5 6 7 9 10 11 13 14 15 16 17 18 19 20 21]
2025-06-27 21:42:03,963{GMT}	INFO	[jepsen worker 0] jepsen.util: 0	:invoke	:broadcast	22
2025-06-27 21:42:03,966{GMT}	INFO	[jepsen worker 0] jepsen.util: 0	:ok	:broadcast	22
2025-06-27 21:42:04,005{GMT}	INFO	[jepsen worker 0] jepsen.util: 0	:invoke	:broadcast	23
2025-06-27 21:42:04,008{GMT}	INFO	[jepsen worker 0] jepsen.util: 0	:ok	:broadcast	23
2025-06-27 21:42:04,197{GMT}	INFO	[jepsen worker 1] jepsen.util: 1	:invoke	:broadcast	24
2025-06-27 21:42:04,200{GMT}	INFO	[jepsen worker 1] jepsen.util: 1	:ok	:broadcast	24
2025-06-27 21:42:04,265{GMT}	INFO	[jepsen worker 2] jepsen.util: 2	:invoke	:read	nil
2025-06-27 21:42:04,267{GMT}	INFO	[jepsen worker 2] jepsen.util: 2	:ok	:read	[1 4 8 12]
2025-06-27 21:42:04,422{GMT}	INFO	[jepsen worker 3] jepsen.util: 3	:invoke	:read	nil
2025-06-27 21:42:04,424{GMT}	INFO	[jepsen worker 3] jepsen.util: 3	:ok	:read	[0 2 3 5 6 7 9 10 11 13 14 15 16 17 18 19 20 21 22 23 24]
2025-06-27 21:42:04,541{GMT}	INFO	[jepsen worker 4] jepsen.util: 4	:invoke	:broadcast	25
2025-06-27 21:42:04,543{GMT}	INFO	[jepsen worker 4] jepsen.util: 4	:ok	:broadcast	25
2025-06-27 21:42:04,682{GMT}	INFO	[jepsen worker 0] jepsen.util: 0	:invoke	:read	nil
2025-06-27 21:42:04,684{GMT}	INFO	[jepsen worker 0] jepsen.util: 0	:ok	:read	[0 2 3 5 6 7 9 10 11 13 14 15 16 17 18 19 20 21 22 23 24 25]
2025-06-27 21:42:04,867{GMT}	INFO	[jepsen worker 0] jepsen.util: 0	:invoke	:read	nil
2025-06-27 21:42:04,870{GMT}	INFO	[jepsen worker 0] jepsen.util: 0	:ok	:read	[0 2 3 5 6 7 9 10 11 13 14 15 16 17 18 19 20 21 22 23 24 25]
2025-06-27 21:42:04,949{GMT}	INFO	[jepsen worker 1] jepsen.util: 1	:invoke	:read	nil
2025-06-27 21:42:04,952{GMT}	INFO	[jepsen worker 1] jepsen.util: 1	:ok	:read	[0 2 3 5 6 7 9 10 11 13 14 15 16 17 18 19 20 21 22 23 24 25]
2025-06-27 21:42:05,141{GMT}	INFO	[jepsen worker 2] jepsen.util: 2	:invoke	:read	nil
2025-06-27 21:42:05,143{GMT}	INFO	[jepsen worker 2] jepsen.util: 2	:ok	:read	[1 4 8 12]
2025-06-27 21:42:05,158{GMT}	INFO	[jepsen worker 3] jepsen.util: 3	:invoke	:broadcast	26
2025-06-27 21:42:05,160{GMT}	INFO	[jepsen worker 3] jepsen.util: 3	:ok	:broadcast	26
2025-06-27 21:42:05,254{GMT}	INFO	[jepsen worker 4] jepsen.util: 4	:invoke	:read	nil
2025-06-27 21:42:05,255{GMT}	INFO	[jepsen worker 4] jepsen.util: 4	:ok	:read	[0 2 3 5 6 7 9 10 11 13 14 15 16 17 18 19 20 21 22 23 24 25 26]
2025-06-27 21:42:05,365{GMT}	INFO	[jepsen worker 0] jepsen.util: 0	:invoke	:read	nil
2025-06-27 21:42:05,366{GMT}	INFO	[jepsen worker 0] jepsen.util: 0	:ok	:read	[0 2 3 5 6 7 9 10 11 13 14 15 16 17 18 19 20 21 22 23 24 25 26]
2025-06-27 21:42:05,410{GMT}	INFO	[jepsen worker 0] jepsen.util: 0	:invoke	:broadcast	27
2025-06-27 21:42:05,411{GMT}	INFO	[jepsen worker 0] jepsen.util: 0	:ok	:broadcast	27
2025-06-27 21:42:05,528{GMT}	INFO	[jepsen worker 1] jepsen.util: 1	:invoke	:read	nil
2025-06-27 21:42:05,530{GMT}	INFO	[jepsen worker 1] jepsen.util: 1	:ok	:read	[0 2 3 5 6 7 9 10 11 13 14 15 16 17 18 19 20 21 22 23 24 25 26 27]
2025-06-27 21:42:05,595{GMT}	INFO	[jepsen worker 2] jepsen.util: 2	:invoke	:read	nil
2025-06-27 21:42:05,597{GMT}	INFO	[jepsen worker 2] jepsen.util: 2	:ok	:read	[1 4 8 12]
2025-06-27 21:42:05,662{GMT}	INFO	[jepsen worker 3] jepsen.util: 3	:invoke	:broadcast	28
2025-06-27 21:42:05,664{GMT}	INFO	[jepsen worker 3] jepsen.util: 3	:ok	:broadcast	28
2025-06-27 21:42:05,772{GMT}	INFO	[jepsen worker 4] jepsen.util: 4	:invoke	:broadcast	29
2025-06-27 21:42:05,774{GMT}	INFO	[jepsen worker 4] jepsen.util: 4	:ok	:broadcast	29
2025-06-27 21:42:05,927{GMT}	INFO	[jepsen worker 0] jepsen.util: 0	:invoke	:broadcast	30
2025-06-27 21:42:05,929{GMT}	INFO	[jepsen worker 0] jepsen.util: 0	:ok	:broadcast	30
2025-06-27 21:42:05,989{GMT}	INFO	[jepsen worker 0] jepsen.util: 0	:invoke	:read	nil
2025-06-27 21:42:05,991{GMT}	INFO	[jepsen worker 0] jepsen.util: 0	:ok	:read	[0 2 3 5 6 7 9 10 11 13 14 15 16 17 18 19 20 21 22 23 24 25 26 27 28 29 30]
2025-06-27 21:42:06,054{GMT}	INFO	[jepsen worker 1] jepsen.util: 1	:invoke	:broadcast	31
2025-06-27 21:42:06,056{GMT}	INFO	[jepsen worker 1] jepsen.util: 1	:ok	:broadcast	31
2025-06-27 21:42:06,206{GMT}	INFO	[jepsen worker 2] jepsen.util: 2	:invoke	:broadcast	32
2025-06-27 21:42:06,208{GMT}	INFO	[jepsen worker 2] jepsen.util: 2	:ok	:broadcast	32
2025-06-27 21:42:06,389{GMT}	INFO	[jepsen worker 3] jepsen.util: 3	:invoke	:broadcast	33
2025-06-27 21:42:06,392{GMT}	INFO	[jepsen worker 3] jepsen.util: 3	:ok	:broadcast	33
2025-06-27 21:42:06,479{GMT}	INFO	[jepsen worker 4] jepsen.util: 4	:invoke	:broadcast	34
2025-06-27 21:42:06,480{GMT}	INFO	[jepsen worker 4] jepsen.util: 4	:ok	:broadcast	34
2025-06-27 21:42:06,605{GMT}	INFO	[jepsen worker 0] jepsen.util: 0	:invoke	:broadcast	35
2025-06-27 21:42:06,606{GMT}	INFO	[jepsen worker 0] jepsen.util: 0	:ok	:broadcast	35
2025-06-27 21:42:06,704{GMT}	INFO	[jepsen worker 0] jepsen.util: 0	:invoke	:broadcast	36
2025-06-27 21:42:06,705{GMT}	INFO	[jepsen worker 0] jepsen.util: 0	:ok	:broadcast	36
2025-06-27 21:42:06,804{GMT}	INFO	[jepsen worker 1] jepsen.util: 1	:invoke	:read	nil
2025-06-27 21:42:06,805{GMT}	INFO	[jepsen worker 1] jepsen.util: 1	:ok	:read	[0 2 3 5 6 7 9 10 11 13 14 15 16 17 18 19 20 21 22 23 24 25 26 27 28 29 30 31 33 34 35 36]
2025-06-27 21:42:06,988{GMT}	INFO	[jepsen worker 2] jepsen.util: 2	:invoke	:read	nil
2025-06-27 21:42:06,990{GMT}	INFO	[jepsen worker 2] jepsen.util: 2	:ok	:read	[1 4 8 12 32]
2025-06-27 21:42:07,009{GMT}	INFO	[jepsen worker 3] jepsen.util: 3	:invoke	:broadcast	37
2025-06-27 21:42:07,011{GMT}	INFO	[jepsen worker 3] jepsen.util: 3	:ok	:broadcast	37
2025-06-27 21:42:07,098{GMT}	INFO	[jepsen worker 4] jepsen.util: 4	:invoke	:broadcast	38
2025-06-27 21:42:07,099{GMT}	INFO	[jepsen worker 4] jepsen.util: 4	:ok	:broadcast	38
2025-06-27 21:42:07,237{GMT}	INFO	[jepsen worker 0] jepsen.util: 0	:invoke	:broadcast	39
2025-06-27 21:42:07,239{GMT}	INFO	[jepsen worker 0] jepsen.util: 0	:ok	:broadcast	39
2025-06-27 21:42:07,405{GMT}	INFO	[jepsen worker 0] jepsen.util: 0	:invoke	:broadcast	40
2025-06-27 21:42:07,407{GMT}	INFO	[jepsen worker 0] jepsen.util: 0	:ok	:broadcast	40
2025-06-27 21:42:07,477{GMT}	INFO	[jepsen worker 1] jepsen.util: 1	:invoke	:read	nil
2025-06-27 21:42:07,479{GMT}	INFO	[jepsen worker 1] jepsen.util: 1	:ok	:read	[0 2 3 5 6 7 9 10 11 13 14 15 16 17 18 19 20 21 22 23 24 25 26 27 28 29 30 31 33 34 35 36 37 38 39 40]
2025-06-27 21:42:07,637{GMT}	INFO	[jepsen worker 2] jepsen.util: 2	:invoke	:read	nil
2025-06-27 21:42:07,639{GMT}	INFO	[jepsen worker 2] jepsen.util: 2	:ok	:read	[1 4 8 12 32]
2025-06-27 21:42:07,811{GMT}	INFO	[jepsen worker 3] jepsen.util: 3	:invoke	:broadcast	41
2025-06-27 21:42:07,812{GMT}	INFO	[jepsen worker 3] jepsen.util: 3	:ok	:broadcast	41
2025-06-27 21:42:07,863{GMT}	INFO	[jepsen worker 4] jepsen.util: 4	:invoke	:broadcast	42
2025-06-27 21:42:07,864{GMT}	INFO	[jepsen worker 4] jepsen.util: 4	:ok	:broadcast	42
2025-06-27 21:42:08,041{GMT}	INFO	[jepsen worker 0] jepsen.util: 0	:invoke	:read	nil
2025-06-27 21:42:08,043{GMT}	INFO	[jepsen worker 0] jepsen.util: 0	:ok	:read	[0 2 3 5 6 7 9 10 11 13 14 15 16 17 18 19 20 21 22 23 24 25 26 27 28 29 30 31 33 34 35 36 37 38 39 40 41 42]
2025-06-27 21:42:08,115{GMT}	INFO	[jepsen worker 0] jepsen.util: 0	:invoke	:read	nil
2025-06-27 21:42:08,116{GMT}	INFO	[jepsen worker 0] jepsen.util: 0	:ok	:read	[0 2 3 5 6 7 9 10 11 13 14 15 16 17 18 19 20 21 22 23 24 25 26 27 28 29 30 31 33 34 35 36 37 38 39 40 41 42]
2025-06-27 21:42:08,312{GMT}	INFO	[jepsen worker 1] jepsen.util: 1	:invoke	:broadcast	43
2025-06-27 21:42:08,313{GMT}	INFO	[jepsen worker 1] jepsen.util: 1	:ok	:broadcast	43
2025-06-27 21:42:08,354{GMT}	INFO	[jepsen worker 2] jepsen.util: 2	:invoke	:broadcast	44
2025-06-27 21:42:08,356{GMT}	INFO	[jepsen worker 2] jepsen.util: 2	:ok	:broadcast	44
2025-06-27 21:42:08,521{GMT}	INFO	[jepsen worker 3] jepsen.util: 3	:invoke	:broadcast	45
2025-06-27 21:42:08,523{GMT}	INFO	[jepsen worker 3] jepsen.util: 3	:ok	:broadcast	45
2025-06-27 21:42:08,620{GMT}	INFO	[jepsen worker 4] jepsen.util: 4	:invoke	:broadcast	46
2025-06-27 21:42:08,622{GMT}	INFO	[jepsen worker 4] jepsen.util: 4	:ok	:broadcast	46
2025-06-27 21:42:08,647{GMT}	INFO	[jepsen worker 0] jepsen.util: 0	:invoke	:read	nil
2025-06-27 21:42:08,648{GMT}	INFO	[jepsen worker 0] jepsen.util: 0	:ok	:read	[0 2 3 5 6 7 9 10 11 13 14 15 16 17 18 19 20 21 22 23 24 25 26 27 28 29 30 31 33 34 35 36 37 38 39 40 41 42 43 45 46]
2025-06-27 21:42:08,820{GMT}	INFO	[jepsen worker 0] jepsen.util: 0	:invoke	:broadcast	47
2025-06-27 21:42:08,821{GMT}	INFO	[jepsen worker 0] jepsen.util: 0	:ok	:broadcast	47
2025-06-27 21:42:08,884{GMT}	INFO	[jepsen worker 1] jepsen.util: 1	:invoke	:broadcast	48
2025-06-27 21:42:08,884{GMT}	INFO	[jepsen worker 1] jepsen.util: 1	:ok	:broadcast	48
2025-06-27 21:42:09,026{GMT}	INFO	[jepsen worker 2] jepsen.util: 2	:invoke	:read	nil
2025-06-27 21:42:09,027{GMT}	INFO	[jepsen worker 2] jepsen.util: 2	:ok	:read	[1 4 8 12 32 44]
2025-06-27 21:42:09,078{GMT}	INFO	[jepsen worker 3] jepsen.util: 3	:invoke	:broadcast	49
2025-06-27 21:42:09,078{GMT}	INFO	[jepsen worker 3] jepsen.util: 3	:ok	:broadcast	49
2025-06-27 21:42:09,219{GMT}	INFO	[jepsen worker 4] jepsen.util: 4	:invoke	:broadcast	50
2025-06-27 21:42:09,220{GMT}	INFO	[jepsen worker 4] jepsen.util: 4	:ok	:broadcast	50
2025-06-27 21:42:09,287{GMT}	INFO	[jepsen worker 0] jepsen.util: 0	:invoke	:broadcast	51
2025-06-27 21:42:09,288{GMT}	INFO	[jepsen worker 0] jepsen.util: 0	:ok	:broadcast	51
2025-06-27 21:42:09,367{GMT}	INFO	[jepsen worker 0] jepsen.util: 0	:invoke	:read	nil
2025-06-27 21:42:09,368{GMT}	INFO	[jepsen worker 0] jepsen.util: 0	:ok	:read	[0 2 3 5 6 7 9 10 11 13 14 15 16 17 18 19 20 21 22 23 24 25 26 27 28 29 30 31 33 34 35 36 37 38 39 40 41 42 43 45 46 47 48 49 50 51]
2025-06-27 21:42:09,373{GMT}	INFO	[jepsen worker 1] jepsen.util: 1	:invoke	:read	nil
2025-06-27 21:42:09,374{GMT}	INFO	[jepsen worker 1] jepsen.util: 1	:ok	:read	[0 2 3 5 6 7 9 10 11 13 14 15 16 17 18 19 20 21 22 23 24 25 26 27 28 29 30 31 33 34 35 36 37 38 39 40 41 42 43 45 46 47 48 49 50 51]
2025-06-27 21:42:09,579{GMT}	INFO	[jepsen worker 2] jepsen.util: 2	:invoke	:read	nil
2025-06-27 21:42:09,581{GMT}	INFO	[jepsen worker 2] jepsen.util: 2	:ok	:read	[1 4 8 12 32 44]
2025-06-27 21:42:09,766{GMT}	INFO	[jepsen worker 3] jepsen.util: 3	:invoke	:broadcast	52
2025-06-27 21:42:09,768{GMT}	INFO	[jepsen worker 3] jepsen.util: 3	:ok	:broadcast	52
2025-06-27 21:42:09,911{GMT}	INFO	[jepsen worker 4] jepsen.util: 4	:invoke	:broadcast	53
2025-06-27 21:42:09,913{GMT}	INFO	[jepsen worker 4] jepsen.util: 4	:ok	:broadcast	53
2025-06-27 21:42:09,959{GMT}	INFO	[jepsen worker 0] jepsen.util: 0	:invoke	:read	nil
2025-06-27 21:42:09,959{GMT}	INFO	[jepsen worker 0] jepsen.util: 0	:ok	:read	[0 2 3 5 6 7 9 10 11 13 14 15 16 17 18 19 20 21 22 23 24 25 26 27 28 29 30 31 33 34 35 36 37 38 39 40 41 42 43 45 46 47 48 49 50 51 52 53]
2025-06-27 21:42:10,159{GMT}	INFO	[jepsen worker 0] jepsen.util: 0	:invoke	:broadcast	54
2025-06-27 21:42:10,161{GMT}	INFO	[jepsen worker 0] jepsen.util: 0	:ok	:broadcast	54
2025-06-27 21:42:10,351{GMT}	INFO	[jepsen worker 1] jepsen.util: 1	:invoke	:broadcast	55
2025-06-27 21:42:10,352{GMT}	INFO	[jepsen worker 1] jepsen.util: 1	:ok	:broadcast	55
2025-06-27 21:42:10,380{GMT}	INFO	[jepsen worker 2] jepsen.util: 2	:invoke	:broadcast	56
2025-06-27 21:42:10,381{GMT}	INFO	[jepsen worker 2] jepsen.util: 2	:ok	:broadcast	56
2025-06-27 21:42:10,472{GMT}	INFO	[jepsen worker 3] jepsen.util: 3	:invoke	:read	nil
2025-06-27 21:42:10,474{GMT}	INFO	[jepsen worker 3] jepsen.util: 3	:ok	:read	[0 2 3 5 6 7 9 10 11 13 14 15 16 17 18 19 20 21 22 23 24 25 26 27 28 29 30 31 33 34 35 36 37 38 39 40 41 42 43 45 46 47 48 49 50 51 52 53 54 55]
2025-06-27 21:42:10,485{GMT}	INFO	[jepsen worker 4] jepsen.util: 4	:invoke	:read	nil
2025-06-27 21:42:10,486{GMT}	INFO	[jepsen worker 4] jepsen.util: 4	:ok	:read	[0 2 3 5 6 7 9 10 11 13 14 15 16 17 18 19 20 21 22 23 24 25 26 27 28 29 30 31 33 34 35 36 37 38 39 40 41 42 43 45 46 47 48 49 50 51 52 53 54 55]
2025-06-27 21:42:10,671{GMT}	INFO	[jepsen worker 0] jepsen.util: 0	:invoke	:read	nil
2025-06-27 21:42:10,673{GMT}	INFO	[jepsen worker 0] jepsen.util: 0	:ok	:read	[0 2 3 5 6 7 9 10 11 13 14 15 16 17 18 19 20 21 22 23 24 25 26 27 28 29 30 31 33 34 35 36 37 38 39 40 41 42 43 45 46 47 48 49 50 51 52 53 54 55]
2025-06-27 21:42:10,729{GMT}	INFO	[jepsen worker 0] jepsen.util: 0	:invoke	:read	nil
2025-06-27 21:42:10,731{GMT}	INFO	[jepsen worker 0] jepsen.util: 0	:ok	:read	[0 2 3 5 6 7 9 10 11 13 14 15 16 17 18 19 20 21 22 23 24 25 26 27 28 29 30 31 33 34 35 36 37 38 39 40 41 42 43 45 46 47 48 49 50 51 52 53 54 55]
2025-06-27 21:42:10,764{GMT}	INFO	[jepsen worker 1] jepsen.util: 1	:invoke	:read	nil
2025-06-27 21:42:10,766{GMT}	INFO	[jepsen worker 1] jepsen.util: 1	:ok	:read	[0 2 3 5 6 7 9 10 11 13 14 15 16 17 18 19 20 21 22 23 24 25 26 27 28 29 30 31 33 34 35 36 37 38 39 40 41 42 43 45 46 47 48 49 50 51 52 53 54 55]
2025-06-27 21:42:10,830{GMT}	INFO	[jepsen worker 2] jepsen.util: 2	:invoke	:read	nil
2025-06-27 21:42:10,832{GMT}	INFO	[jepsen worker 2] jepsen.util: 2	:ok	:read	[1 4 8 12 32 44 56]
2025-06-27 21:42:10,833{GMT}	INFO	[jepsen worker 3] jepsen.util: 3	:invoke	:read	nil
2025-06-27 21:42:10,834{GMT}	INFO	[jepsen worker 3] jepsen.util: 3	:ok	:read	[0 2 3 5 6 7 9 10 11 13 14 15 16 17 18 19 20 21 22 23 24 25 26 27 28 29 30 31 33 34 35 36 37 38 39 40 41 42 43 45 46 47 48 49 50 51 52 53 54 55]
2025-06-27 21:42:10,937{GMT}	INFO	[jepsen worker 4] jepsen.util: 4	:invoke	:broadcast	57
2025-06-27 21:42:10,938{GMT}	INFO	[jepsen worker 4] jepsen.util: 4	:ok	:broadcast	57
2025-06-27 21:42:11,042{GMT}	INFO	[jepsen worker 0] jepsen.util: 0	:invoke	:broadcast	58
2025-06-27 21:42:11,043{GMT}	INFO	[jepsen worker 0] jepsen.util: 0	:ok	:broadcast	58
2025-06-27 21:42:11,070{GMT}	INFO	[jepsen worker 0] jepsen.util: 0	:invoke	:broadcast	59
2025-06-27 21:42:11,071{GMT}	INFO	[jepsen worker 0] jepsen.util: 0	:ok	:broadcast	59
2025-06-27 21:42:11,178{GMT}	INFO	[jepsen worker 1] jepsen.util: 1	:invoke	:broadcast	60
2025-06-27 21:42:11,180{GMT}	INFO	[jepsen worker 1] jepsen.util: 1	:ok	:broadcast	60
2025-06-27 21:42:11,224{GMT}	INFO	[jepsen worker 2] jepsen.util: 2	:invoke	:read	nil
2025-06-27 21:42:11,226{GMT}	INFO	[jepsen worker 2] jepsen.util: 2	:ok	:read	[1 4 8 12 32 44 56]
2025-06-27 21:42:11,338{GMT}	INFO	[jepsen worker 3] jepsen.util: 3	:invoke	:broadcast	61
2025-06-27 21:42:11,339{GMT}	INFO	[jepsen worker 3] jepsen.util: 3	:ok	:broadcast	61
2025-06-27 21:42:11,538{GMT}	INFO	[jepsen worker 4] jepsen.util: 4	:invoke	:read	nil
2025-06-27 21:42:11,540{GMT}	INFO	[jepsen worker 4] jepsen.util: 4	:ok	:read	[0 2 3 5 6 7 9 10 11 13 14 15 16 17 18 19 20 21 22 23 24 25 26 27 28 29 30 31 33 34 35 36 37 38 39 40 41 42 43 45 46 47 48 49 50 51 52 53 54 55 57 58 59 60 61]
2025-06-27 21:42:11,626{GMT}	INFO	[jepsen worker 0] jepsen.util: 0	:invoke	:broadcast	62
2025-06-27 21:42:11,628{GMT}	INFO	[jepsen worker 0] jepsen.util: 0	:ok	:broadcast	62
2025-06-27 21:42:11,676{GMT}	INFO	[jepsen worker 0] jepsen.util: 0	:invoke	:broadcast	63
2025-06-27 21:42:11,677{GMT}	INFO	[jepsen worker 0] jepsen.util: 0	:ok	:broadcast	63
2025-06-27 21:42:11,714{GMT}	INFO	[jepsen worker 1] jepsen.util: 1	:invoke	:read	nil
2025-06-27 21:42:11,716{GMT}	INFO	[jepsen worker 1] jepsen.util: 1	:ok	:read	[0 2 3 5 6 7 9 10 11 13 14 15 16 17 18 19 20 21 22 23 24 25 26 27 28 29 30 31 33 34 35 36 37 38 39 40 41 42 43 45 46 47 48 49 50 51 52 53 54 55 57 58 59 60 61 62 63]
2025-06-27 21:42:11,804{GMT}	INFO	[jepsen worker 2] jepsen.util: 2	:invoke	:broadcast	64
2025-06-27 21:42:11,806{GMT}	INFO	[jepsen worker 2] jepsen.util: 2	:ok	:broadcast	64
2025-06-27 21:42:11,878{GMT}	INFO	[jepsen worker 3] jepsen.util: 3	:invoke	:read	nil
2025-06-27 21:42:11,880{GMT}	INFO	[jepsen worker 3] jepsen.util: 3	:ok	:read	[0 2 3 5 6 7 9 10 11 13 14 15 16 17 18 19 20 21 22 23 24 25 26 27 28 29 30 31 33 34 35 36 37 38 39 40 41 42 43 45 46 47 48 49 50 51 52 53 54 55 57 58 59 60 61 62 63]
2025-06-27 21:42:12,063{GMT}	INFO	[jepsen worker 4] jepsen.util: 4	:invoke	:broadcast	65
2025-06-27 21:42:12,064{GMT}	INFO	[jepsen worker 4] jepsen.util: 4	:ok	:broadcast	65
2025-06-27 21:42:12,146{GMT}	INFO	[jepsen worker 0] jepsen.util: 0	:invoke	:broadcast	66
2025-06-27 21:42:12,148{GMT}	INFO	[jepsen worker 0] jepsen.util: 0	:ok	:broadcast	66
2025-06-27 21:42:12,314{GMT}	INFO	[jepsen worker 0] jepsen.util: 0	:invoke	:broadcast	67
2025-06-27 21:42:12,316{GMT}	INFO	[jepsen worker 0] jepsen.util: 0	:ok	:broadcast	67
2025-06-27 21:42:12,376{GMT}	INFO	[jepsen worker 1] jepsen.util: 1	:invoke	:read	nil
2025-06-27 21:42:12,377{GMT}	INFO	[jepsen worker 1] jepsen.util: 1	:ok	:read	[0 2 3 5 6 7 9 10 11 13 14 15 16 17 18 19 20 21 22 23 24 25 26 27 28 29 30 31 33 34 35 36 37 38 39 40 41 42 43 45 46 47 48 49 50 51 52 53 54 55 57 58 59 60 61 62 63 65 66 67]
2025-06-27 21:42:12,540{GMT}	INFO	[jepsen worker 2] jepsen.util: 2	:invoke	:broadcast	68
2025-06-27 21:42:12,542{GMT}	INFO	[jepsen worker 2] jepsen.util: 2	:ok	:broadcast	68
2025-06-27 21:42:12,555{GMT}	INFO	[jepsen worker 3] jepsen.util: 3	:invoke	:read	nil
2025-06-27 21:42:12,557{GMT}	INFO	[jepsen worker 3] jepsen.util: 3	:ok	:read	[0 2 3 5 6 7 9 10 11 13 14 15 16 17 18 19 20 21 22 23 24 25 26 27 28 29 30 31 33 34 35 36 37 38 39 40 41 42 43 45 46 47 48 49 50 51 52 53 54 55 57 58 59 60 61 62 63 65 66 67]
2025-06-27 21:42:12,670{GMT}	INFO	[jepsen worker 4] jepsen.util: 4	:invoke	:broadcast	69
2025-06-27 21:42:12,672{GMT}	INFO	[jepsen worker 4] jepsen.util: 4	:ok	:broadcast	69
2025-06-27 21:42:12,721{GMT}	INFO	[jepsen worker 0] jepsen.util: 0	:invoke	:broadcast	70
2025-06-27 21:42:12,722{GMT}	INFO	[jepsen worker 0] jepsen.util: 0	:ok	:broadcast	70
2025-06-27 21:42:12,734{GMT}	INFO	[jepsen worker 0] jepsen.util: 0	:invoke	:broadcast	71
2025-06-27 21:42:12,735{GMT}	INFO	[jepsen worker 0] jepsen.util: 0	:ok	:broadcast	71
2025-06-27 21:42:12,923{GMT}	INFO	[jepsen worker 1] jepsen.util: 1	:invoke	:read	nil
2025-06-27 21:42:12,926{GMT}	INFO	[jepsen worker 1] jepsen.util: 1	:ok	:read	[0 2 3 5 6 7 9 10 11 13 14 15 16 17 18 19 20 21 22 23 24 25 26 27 28 29 30 31 33 34 35 36 37 38 39 40 41 42 43 45 46 47 48 49 50 51 52 53 54 55 57 58 59 60 61 62 63 65 66 67 69 70 71]
2025-06-27 21:42:13,103{GMT}	INFO	[jepsen worker 2] jepsen.util: 2	:invoke	:broadcast	72
2025-06-27 21:42:13,105{GMT}	INFO	[jepsen worker 2] jepsen.util: 2	:ok	:broadcast	72
2025-06-27 21:42:13,287{GMT}	INFO	[jepsen worker 3] jepsen.util: 3	:invoke	:read	nil
2025-06-27 21:42:13,288{GMT}	INFO	[jepsen worker 3] jepsen.util: 3	:ok	:read	[0 2 3 5 6 7 9 10 11 13 14 15 16 17 18 19 20 21 22 23 24 25 26 27 28 29 30 31 33 34 35 36 37 38 39 40 41 42 43 45 46 47 48 49 50 51 52 53 54 55 57 58 59 60 61 62 63 65 66 67 69 70 71]
2025-06-27 21:42:13,444{GMT}	INFO	[jepsen worker 4] jepsen.util: 4	:invoke	:read	nil
2025-06-27 21:42:13,446{GMT}	INFO	[jepsen worker 4] jepsen.util: 4	:ok	:read	[0 2 3 5 6 7 9 10 11 13 14 15 16 17 18 19 20 21 22 23 24 25 26 27 28 29 30 31 33 34 35 36 37 38 39 40 41 42 43 45 46 47 48 49 50 51 52 53 54 55 57 58 59 60 61 62 63 65 66 67 69 70 71]
2025-06-27 21:42:13,468{GMT}	INFO	[jepsen worker 0] jepsen.util: 0	:invoke	:read	nil
2025-06-27 21:42:13,471{GMT}	INFO	[jepsen worker 0] jepsen.util: 0	:ok	:read	[0 2 3 5 6 7 9 10 11 13 14 15 16 17 18 19 20 21 22 23 24 25 26 27 28 29 30 31 33 34 35 36 37 38 39 40 41 42 43 45 46 47 48 49 50 51 52 53 54 55 57 58 59 60 61 62 63 65 66 67 69 70 71]
2025-06-27 21:42:13,488{GMT}	INFO	[jepsen worker 0] jepsen.util: 0	:invoke	:broadcast	73
2025-06-27 21:42:13,489{GMT}	INFO	[jepsen worker 0] jepsen.util: 0	:ok	:broadcast	73
2025-06-27 21:42:13,511{GMT}	INFO	[jepsen worker 1] jepsen.util: 1	:invoke	:broadcast	74
2025-06-27 21:42:13,513{GMT}	INFO	[jepsen worker 1] jepsen.util: 1	:ok	:broadcast	74
2025-06-27 21:42:13,688{GMT}	INFO	[jepsen worker 2] jepsen.util: 2	:invoke	:read	nil
2025-06-27 21:42:13,690{GMT}	INFO	[jepsen worker 2] jepsen.util: 2	:ok	:read	[1 4 8 12 32 44 56 64 68 72]
2025-06-27 21:42:13,771{GMT}	INFO	[jepsen worker 3] jepsen.util: 3	:invoke	:read	nil
2025-06-27 21:42:13,773{GMT}	INFO	[jepsen worker 3] jepsen.util: 3	:ok	:read	[0 2 3 5 6 7 9 10 11 13 14 15 16 17 18 19 20 21 22 23 24 25 26 27 28 29 30 31 33 34 35 36 37 38 39 40 41 42 43 45 46 47 48 49 50 51 52 53 54 55 57 58 59 60 61 62 63 65 66 67 69 70 71 73 74]
2025-06-27 21:42:13,953{GMT}	INFO	[jepsen worker 4] jepsen.util: 4	:invoke	:read	nil
2025-06-27 21:42:13,956{GMT}	INFO	[jepsen worker 4] jepsen.util: 4	:ok	:read	[0 2 3 5 6 7 9 10 11 13 14 15 16 17 18 19 20 21 22 23 24 25 26 27 28 29 30 31 33 34 35 36 37 38 39 40 41 42 43 45 46 47 48 49 50 51 52 53 54 55 57 58 59 60 61 62 63 65 66 67 69 70 71 73 74]
2025-06-27 21:42:14,131{GMT}	INFO	[jepsen worker 0] jepsen.util: 0	:invoke	:read	nil
2025-06-27 21:42:14,134{GMT}	INFO	[jepsen worker 0] jepsen.util: 0	:ok	:read	[0 2 3 5 6 7 9 10 11 13 14 15 16 17 18 19 20 21 22 23 24 25 26 27 28 29 30 31 33 34 35 36 37 38 39 40 41 42 43 45 46 47 48 49 50 51 52 53 54 55 57 58 59 60 61 62 63 65 66 67 69 70 71 73 74]
2025-06-27 21:42:14,288{GMT}	INFO	[jepsen worker 0] jepsen.util: 0	:invoke	:broadcast	75
2025-06-27 21:42:14,290{GMT}	INFO	[jepsen worker 0] jepsen.util: 0	:ok	:broadcast	75
2025-06-27 21:42:14,316{GMT}	INFO	[jepsen worker 1] jepsen.util: 1	:invoke	:read	nil
2025-06-27 21:42:14,317{GMT}	INFO	[jepsen worker 1] jepsen.util: 1	:ok	:read	[0 2 3 5 6 7 9 10 11 13 14 15 16 17 18 19 20 21 22 23 24 25 26 27 28 29 30 31 33 34 35 36 37 38 39 40 41 42 43 45 46 47 48 49 50 51 52 53 54 55 57 58 59 60 61 62 63 65 66 67 69 70 71 73 74 75]
2025-06-27 21:42:14,490{GMT}	INFO	[jepsen worker 2] jepsen.util: 2	:invoke	:broadcast	76
2025-06-27 21:42:14,491{GMT}	INFO	[jepsen worker 2] jepsen.util: 2	:ok	:broadcast	76
2025-06-27 21:42:14,545{GMT}	INFO	[jepsen worker 3] jepsen.util: 3	:invoke	:broadcast	77
2025-06-27 21:42:14,547{GMT}	INFO	[jepsen worker 3] jepsen.util: 3	:ok	:broadcast	77
2025-06-27 21:42:14,579{GMT}	INFO	[jepsen worker 4] jepsen.util: 4	:invoke	:broadcast	78
2025-06-27 21:42:14,580{GMT}	INFO	[jepsen worker 4] jepsen.util: 4	:ok	:broadcast	78
2025-06-27 21:42:14,686{GMT}	INFO	[jepsen worker 0] jepsen.util: 0	:invoke	:read	nil
2025-06-27 21:42:14,688{GMT}	INFO	[jepsen worker 0] jepsen.util: 0	:ok	:read	[0 2 3 5 6 7 9 10 11 13 14 15 16 17 18 19 20 21 22 23 24 25 26 27 28 29 30 31 33 34 35 36 37 38 39 40 41 42 43 45 46 47 48 49 50 51 52 53 54 55 57 58 59 60 61 62 63 65 66 67 69 70 71 73 74 75 77 78]
2025-06-27 21:42:14,731{GMT}	INFO	[jepsen worker 0] jepsen.util: 0	:invoke	:broadcast	79
2025-06-27 21:42:14,733{GMT}	INFO	[jepsen worker 0] jepsen.util: 0	:ok	:broadcast	79
2025-06-27 21:42:14,903{GMT}	INFO	[jepsen worker 1] jepsen.util: 1	:invoke	:broadcast	80
2025-06-27 21:42:14,905{GMT}	INFO	[jepsen worker 1] jepsen.util: 1	:ok	:broadcast	80
2025-06-27 21:42:15,060{GMT}	INFO	[jepsen worker 2] jepsen.util: 2	:invoke	:read	nil
2025-06-27 21:42:15,062{GMT}	INFO	[jepsen worker 2] jepsen.util: 2	:ok	:read	[1 4 8 12 32 44 56 64 68 72 76]
2025-06-27 21:42:15,154{GMT}	INFO	[jepsen worker 3] jepsen.util: 3	:invoke	:broadcast	81
2025-06-27 21:42:15,155{GMT}	INFO	[jepsen worker 3] jepsen.util: 3	:ok	:broadcast	81
2025-06-27 21:42:15,210{GMT}	INFO	[jepsen worker nemesis] jepsen.util: :nemesis	:info	:stop-partition	nil
2025-06-27 21:42:15,211{GMT}	INFO	[jepsen worker nemesis] jepsen.util: :nemesis	:info	:stop-partition	:network-healed
2025-06-27 21:42:15,249{GMT}	INFO	[jepsen worker 0] jepsen.util: 0	:invoke	:broadcast	82
2025-06-27 21:42:15,249{GMT}	INFO	[jepsen worker 0] jepsen.util: 0	:ok	:broadcast	82
2025-06-27 21:42:15,303{GMT}	INFO	[jepsen worker 0] jepsen.util: 0	:invoke	:read	nil
2025-06-27 21:42:15,304{GMT}	INFO	[jepsen worker 0] jepsen.util: 0	:ok	:read	[0 2 3 5 6 7 9 10 11 13 14 15 16 17 18 19 20 21 22 23 24 25 26 27 28 29 30 31 33 34 35 36 37 38 39 40 41 42 43 45 46 47 48 49 50 51 52 53 54 55 57 58 59 60 61 62 63 65 66 67 69 70 71 73 74 75 77 78 79 80 81 82]
2025-06-27 21:42:15,359{GMT}	INFO	[jepsen worker 1] jepsen.util: 1	:invoke	:broadcast	83
2025-06-27 21:42:15,360{GMT}	INFO	[jepsen worker 1] jepsen.util: 1	:ok	:broadcast	83
2025-06-27 21:42:15,500{GMT}	INFO	[jepsen worker 2] jepsen.util: 2	:invoke	:broadcast	84
2025-06-27 21:42:15,500{GMT}	INFO	[jepsen worker 2] jepsen.util: 2	:ok	:broadcast	84
2025-06-27 21:42:15,691{GMT}	INFO	[jepsen worker 3] jepsen.util: 3	:invoke	:broadcast	85
2025-06-27 21:42:15,693{GMT}	INFO	[jepsen worker 3] jepsen.util: 3	:ok	:broadcast	85
2025-06-27 21:42:15,704{GMT}	INFO	[jepsen worker 4] jepsen.util: 4	:invoke	:broadcast	86
2025-06-27 21:42:15,706{GMT}	INFO	[jepsen worker 4] jepsen.util: 4	:ok	:broadcast	86
2025-06-27 21:42:15,754{GMT}	INFO	[jepsen worker 0] jepsen.util: 0	:invoke	:broadcast	87
2025-06-27 21:42:15,755{GMT}	INFO	[jepsen worker 0] jepsen.util: 0	:ok	:broadcast	87
2025-06-27 21:42:15,871{GMT}	INFO	[jepsen worker 0] jepsen.util: 0	:invoke	:broadcast	88
2025-06-27 21:42:15,872{GMT}	INFO	[jepsen worker 0] jepsen.util: 0	:ok	:broadcast	88
2025-06-27 21:42:15,901{GMT}	INFO	[jepsen worker 1] jepsen.util: 1	:invoke	:broadcast	89
2025-06-27 21:42:15,902{GMT}	INFO	[jepsen worker 1] jepsen.util: 1	:ok	:broadcast	89
2025-06-27 21:42:15,961{GMT}	INFO	[jepsen worker 2] jepsen.util: 2	:invoke	:broadcast	90
2025-06-27 21:42:15,962{GMT}	INFO	[jepsen worker 2] jepsen.util: 2	:ok	:broadcast	90
2025-06-27 21:42:16,126{GMT}	INFO	[jepsen worker 3] jepsen.util: 3	:invoke	:read	nil
2025-06-27 21:42:16,128{GMT}	INFO	[jepsen worker 3] jepsen.util: 3	:ok	:read	[0 2 3 5 6 7 9 10 11 13 14 15 16 17 18 19 20 21 22 23 24 25 26 27 28 29 30 31 33 34 35 36 37 38 39 40 41 42 43 45 46 47 48 49 50 51 52 53 54 55 57 58 59 60 61 62 63 65 66 67 69 70 71 73 74 75 77 78 79 80 81 82 83 84 85 86 87 88 89 90]
2025-06-27 21:42:16,218{GMT}	INFO	[jepsen worker 4] jepsen.util: 4	:invoke	:broadcast	91
2025-06-27 21:42:16,219{GMT}	INFO	[jepsen worker 4] jepsen.util: 4	:ok	:broadcast	91
2025-06-27 21:42:16,331{GMT}	INFO	[jepsen worker 0] jepsen.util: 0	:invoke	:read	nil
2025-06-27 21:42:16,332{GMT}	INFO	[jepsen worker 0] jepsen.util: 0	:ok	:read	[0 2 3 5 6 7 9 10 11 13 14 15 16 17 18 19 20 21 22 23 24 25 26 27 28 29 30 31 33 34 35 36 37 38 39 40 41 42 43 45 46 47 48 49 50 51 52 53 54 55 57 58 59 60 61 62 63 65 66 67 69 70 71 73 74 75 77 78 79 80 81 82 83 84 85 86 87 88 89 90 91]
2025-06-27 21:42:16,445{GMT}	INFO	[jepsen worker 0] jepsen.util: 0	:invoke	:broadcast	92
2025-06-27 21:42:16,447{GMT}	INFO	[jepsen worker 0] jepsen.util: 0	:ok	:broadcast	92
2025-06-27 21:42:16,504{GMT}	INFO	[jepsen worker 1] jepsen.util: 1	:invoke	:read	nil
2025-06-27 21:42:16,505{GMT}	INFO	[jepsen worker 1] jepsen.util: 1	:ok	:read	[0 2 3 5 6 7 9 10 11 13 14 15 16 17 18 19 20 21 22 23 24 25 26 27 28 29 30 31 33 34 35 36 37 38 39 40 41 42 43 45 46 47 48 49 50 51 52 53 54 55 57 58 59 60 61 62 63 65 66 67 69 70 71 73 74 75 77 78 79 80 81 82 83 84 85 86 87 88 89 90 91 92]
2025-06-27 21:42:16,661{GMT}	INFO	[jepsen worker 2] jepsen.util: 2	:invoke	:read	nil
2025-06-27 21:42:16,663{GMT}	INFO	[jepsen worker 2] jepsen.util: 2	:ok	:read	[1 4 8 12 32 44 56 64 68 72 76 82 83 84 85 86 87 88 89 90 91 92]
2025-06-27 21:42:16,689{GMT}	INFO	[jepsen worker 3] jepsen.util: 3	:invoke	:read	nil
2025-06-27 21:42:16,692{GMT}	INFO	[jepsen worker 3] jepsen.util: 3	:ok	:read	[0 2 3 5 6 7 9 10 11 13 14 15 16 17 18 19 20 21 22 23 24 25 26 27 28 29 30 31 33 34 35 36 37 38 39 40 41 42 43 45 46 47 48 49 50 51 52 53 54 55 57 58 59 60 61 62 63 65 66 67 69 70 71 73 74 75 77 78 79 80 81 82 83 84 85 86 87 88 89 90 91 92]
2025-06-27 21:42:16,748{GMT}	INFO	[jepsen worker 4] jepsen.util: 4	:invoke	:broadcast	93
2025-06-27 21:42:16,749{GMT}	INFO	[jepsen worker 4] jepsen.util: 4	:ok	:broadcast	93
2025-06-27 21:42:16,872{GMT}	INFO	[jepsen worker 0] jepsen.util: 0	:invoke	:broadcast	94
2025-06-27 21:42:16,877{GMT}	INFO	[jepsen worker 0] jepsen.util: 0	:ok	:broadcast	94
2025-06-27 21:42:16,879{GMT}	INFO	[jepsen worker 1] jepsen.util: 1	:invoke	:read	nil
2025-06-27 21:42:16,881{GMT}	INFO	[jepsen worker 2] jepsen.util: 2	:invoke	:read	nil
2025-06-27 21:42:16,882{GMT}	INFO	[jepsen worker 1] jepsen.util: 1	:ok	:read	[0 2 3 5 6 7 9 10 11 13 14 15 16 17 18 19 20 21 22 23 24 25 26 27 28 29 30 31 33 34 35 36 37 38 39 40 41 42 43 45 46 47 48 49 50 51 52 53 54 55 57 58 59 60 61 62 63 65 66 67 69 70 71 73 74 75 77 78 79 80 81 82 83 84 85 86 87 88 89 90 91 92 93 94]
2025-06-27 21:42:16,883{GMT}	INFO	[jepsen worker 2] jepsen.util: 2	:ok	:read	[1 4 8 12 32 44 56 64 68 72 76 82 83 84 85 86 87 88 89 90 91 92 93 94]
2025-06-27 21:42:16,969{GMT}	INFO	[jepsen worker 2] jepsen.util: 2	:invoke	:broadcast	95
2025-06-27 21:42:16,970{GMT}	INFO	[jepsen worker 2] jepsen.util: 2	:ok	:broadcast	95
2025-06-27 21:42:17,044{GMT}	INFO	[jepsen worker 3] jepsen.util: 3	:invoke	:read	nil
2025-06-27 21:42:17,044{GMT}	INFO	[jepsen worker 3] jepsen.util: 3	:ok	:read	[0 2 3 5 6 7 9 10 11 13 14 15 16 17 18 19 20 21 22 23 24 25 26 27 28 29 30 31 33 34 35 36 37 38 39 40 41 42 43 45 46 47 48 49 50 51 52 53 54 55 57 58 59 60 61 62 63 65 66 67 69 70 71 73 74 75 77 78 79 80 81 82 83 84 85 86 87 88 89 90 91 92 93 94 95]
2025-06-27 21:42:17,094{GMT}	INFO	[jepsen worker 4] jepsen.util: 4	:invoke	:broadcast	96
2025-06-27 21:42:17,095{GMT}	INFO	[jepsen worker 4] jepsen.util: 4	:ok	:broadcast	96
2025-06-27 21:42:17,205{GMT}	INFO	[jepsen worker 0] jepsen.util: 0	:invoke	:read	nil
2025-06-27 21:42:17,207{GMT}	INFO	[jepsen worker 0] jepsen.util: 0	:ok	:read	[0 2 3 5 6 7 9 10 11 13 14 15 16 17 18 19 20 21 22 23 24 25 26 27 28 29 30 31 33 34 35 36 37 38 39 40 41 42 43 45 46 47 48 49 50 51 52 53 54 55 57 58 59 60 61 62 63 65 66 67 69 70 71 73 74 75 77 78 79 80 81 82 83 84 85 86 87 88 89 90 91 92 93 94 95 96]
2025-06-27 21:42:17,254{GMT}	INFO	[jepsen worker 0] jepsen.util: 0	:invoke	:read	nil
2025-06-27 21:42:17,255{GMT}	INFO	[jepsen worker 1] jepsen.util: 1	:invoke	:read	nil
2025-06-27 21:42:17,255{GMT}	INFO	[jepsen worker 0] jepsen.util: 0	:ok	:read	[0 2 3 5 6 7 9 10 11 13 14 15 16 17 18 19 20 21 22 23 24 25 26 27 28 29 30 31 33 34 35 36 37 38 39 40 41 42 43 45 46 47 48 49 50 51 52 53 54 55 57 58 59 60 61 62 63 65 66 67 69 70 71 73 74 75 77 78 79 80 81 82 83 84 85 86 87 88 89 90 91 92 93 94 95 96]
2025-06-27 21:42:17,256{GMT}	INFO	[jepsen worker 1] jepsen.util: 1	:ok	:read	[0 2 3 5 6 7 9 10 11 13 14 15 16 17 18 19 20 21 22 23 24 25 26 27 28 29 30 31 33 34 35 36 37 38 39 40 41 42 43 45 46 47 48 49 50 51 52 53 54 55 57 58 59 60 61 62 63 65 66 67 69 70 71 73 74 75 77 78 79 80 81 82 83 84 85 86 87 88 89 90 91 92 93 94 95 96]
2025-06-27 21:42:17,389{GMT}	INFO	[jepsen worker 2] jepsen.util: 2	:invoke	:read	nil
2025-06-27 21:42:17,390{GMT}	INFO	[jepsen worker 2] jepsen.util: 2	:ok	:read	[1 4 8 12 32 44 56 64 68 72 76 82 83 84 85 86 87 88 89 90 91 92 93 94 95 96]
2025-06-27 21:42:17,509{GMT}	INFO	[jepsen worker 3] jepsen.util: 3	:invoke	:broadcast	97
2025-06-27 21:42:17,510{GMT}	INFO	[jepsen worker 3] jepsen.util: 3	:ok	:broadcast	97
2025-06-27 21:42:17,553{GMT}	INFO	[jepsen worker 4] jepsen.util: 4	:invoke	:read	nil
2025-06-27 21:42:17,553{GMT}	INFO	[jepsen worker 4] jepsen.util: 4	:ok	:read	[0 2 3 5 6 7 9 10 11 13 14 15 16 17 18 19 20 21 22 23 24 25 26 27 28 29 30 31 33 34 35 36 37 38 39 40 41 42 43 45 46 47 48 49 50 51 52 53 54 55 57 58 59 60 61 62 63 65 66 67 69 70 71 73 74 75 77 78 79 80 81 82 83 84 85 86 87 88 89 90 91 92 93 94 95 96 97]
2025-06-27 21:42:17,646{GMT}	INFO	[jepsen worker 0] jepsen.util: 0	:invoke	:read	nil
2025-06-27 21:42:17,648{GMT}	INFO	[jepsen worker 0] jepsen.util: 0	:ok	:read	[0 2 3 5 6 7 9 10 11 13 14 15 16 17 18 19 20 21 22 23 24 25 26 27 28 29 30 31 33 34 35 36 37 38 39 40 41 42 43 45 46 47 48 49 50 51 52 53 54 55 57 58 59 60 61 62 63 65 66 67 69 70 71 73 74 75 77 78 79 80 81 82 83 84 85 86 87 88 89 90 91 92 93 94 95 96 97]
2025-06-27 21:42:17,749{GMT}	INFO	[jepsen worker 0] jepsen.util: 0	:invoke	:broadcast	98
2025-06-27 21:42:17,750{GMT}	INFO	[jepsen worker 0] jepsen.util: 0	:ok	:broadcast	98
2025-06-27 21:42:17,757{GMT}	INFO	[jepsen worker 1] jepsen.util: 1	:invoke	:broadcast	99
2025-06-27 21:42:17,758{GMT}	INFO	[jepsen worker 1] jepsen.util: 1	:ok	:broadcast	99
2025-06-27 21:42:17,793{GMT}	INFO	[jepsen worker 2] jepsen.util: 2	:invoke	:read	nil
2025-06-27 21:42:17,794{GMT}	INFO	[jepsen worker 2] jepsen.util: 2	:ok	:read	[1 4 8 12 32 44 56 64 68 72 76 82 83 84 85 86 87 88 89 90 91 92 93 94 95 96 97 98 99]
2025-06-27 21:42:17,826{GMT}	INFO	[jepsen worker 3] jepsen.util: 3	:invoke	:read	nil
2025-06-27 21:42:17,827{GMT}	INFO	[jepsen worker 3] jepsen.util: 3	:ok	:read	[0 2 3 5 6 7 9 10 11 13 14 15 16 17 18 19 20 21 22 23 24 25 26 27 28 29 30 31 33 34 35 36 37 38 39 40 41 42 43 45 46 47 48 49 50 51 52 53 54 55 57 58 59 60 61 62 63 65 66 67 69 70 71 73 74 75 77 78 79 80 81 82 83 84 85 86 87 88 89 90 91 92 93 94 95 96 97 98 99]
2025-06-27 21:42:17,831{GMT}	INFO	[jepsen worker 4] jepsen.util: 4	:invoke	:broadcast	100
2025-06-27 21:42:17,832{GMT}	INFO	[jepsen worker 4] jepsen.util: 4	:ok	:broadcast	100
2025-06-27 21:42:17,906{GMT}	INFO	[jepsen worker 0] jepsen.util: 0	:invoke	:broadcast	101
2025-06-27 21:42:17,907{GMT}	INFO	[jepsen worker 0] jepsen.util: 0	:ok	:broadcast	101
2025-06-27 21:42:18,007{GMT}	INFO	[jepsen worker 0] jepsen.util: 0	:invoke	:read	nil
2025-06-27 21:42:18,009{GMT}	INFO	[jepsen worker 0] jepsen.util: 0	:ok	:read	[0 2 3 5 6 7 9 10 11 13 14 15 16 17 18 19 20 21 22 23 24 25 26 27 28 29 30 31 33 34 35 36 37 38 39 40 41 42 43 45 46 47 48 49 50 51 52 53 54 55 57 58 59 60 61 62 63 65 66 67 69 70 71 73 74 75 77 78 79 80 81 82 83 84 85 86 87 88 89 90 91 92 93 94 95 96 97 98 99 100 101]
2025-06-27 21:42:18,054{GMT}	INFO	[jepsen worker 1] jepsen.util: 1	:invoke	:broadcast	102
2025-06-27 21:42:18,055{GMT}	INFO	[jepsen worker 1] jepsen.util: 1	:ok	:broadcast	102
2025-06-27 21:42:18,165{GMT}	INFO	[jepsen worker 2] jepsen.util: 2	:invoke	:read	nil
2025-06-27 21:42:18,167{GMT}	INFO	[jepsen worker 2] jepsen.util: 2	:ok	:read	[1 4 8 12 32 44 56 64 68 72 76 82 83 84 85 86 87 88 89 90 91 92 93 94 95 96 97 98 99 100 101 102]
2025-06-27 21:42:18,197{GMT}	INFO	[jepsen worker 3] jepsen.util: 3	:invoke	:read	nil
2025-06-27 21:42:18,199{GMT}	INFO	[jepsen worker 3] jepsen.util: 3	:ok	:read	[0 2 3 5 6 7 9 10 11 13 14 15 16 17 18 19 20 21 22 23 24 25 26 27 28 29 30 31 33 34 35 36 37 38 39 40 41 42 43 45 46 47 48 49 50 51 52 53 54 55 57 58 59 60 61 62 63 65 66 67 69 70 71 73 74 75 77 78 79 80 81 82 83 84 85 86 87 88 89 90 91 92 93 94 95 96 97 98 99 100 101 102]
2025-06-27 21:42:18,302{GMT}	INFO	[jepsen worker 4] jepsen.util: 4	:invoke	:broadcast	103
2025-06-27 21:42:18,304{GMT}	INFO	[jepsen worker 4] jepsen.util: 4	:ok	:broadcast	103
2025-06-27 21:42:18,463{GMT}	INFO	[jepsen worker 0] jepsen.util: 0	:invoke	:read	nil
2025-06-27 21:42:18,465{GMT}	INFO	[jepsen worker 0] jepsen.util: 0	:ok	:read	[0 2 3 5 6 7 9 10 11 13 14 15 16 17 18 19 20 21 22 23 24 25 26 27 28 29 30 31 33 34 35 36 37 38 39 40 41 42 43 45 46 47 48 49 50 51 52 53 54 55 57 58 59 60 61 62 63 65 66 67 69 70 71 73 74 75 77 78 79 80 81 82 83 84 85 86 87 88 89 90 91 92 93 94 95 96 97 98 99 100 101 102 103]
2025-06-27 21:42:18,626{GMT}	INFO	[jepsen worker 0] jepsen.util: 0	:invoke	:read	nil
2025-06-27 21:42:18,628{GMT}	INFO	[jepsen worker 0] jepsen.util: 0	:ok	:read	[0 2 3 5 6 7 9 10 11 13 14 15 16 17 18 19 20 21 22 23 24 25 26 27 28 29 30 31 33 34 35 36 37 38 39 40 41 42 43 45 46 47 48 49 50 51 52 53 54 55 57 58 59 60 61 62 63 65 66 67 69 70 71 73 74 75 77 78 79 80 81 82 83 84 85 86 87 88 89 90 91 92 93 94 95 96 97 98 99 100 101 102 103]
2025-06-27 21:42:18,654{GMT}	INFO	[jepsen worker 1] jepsen.util: 1	:invoke	:broadcast	104
2025-06-27 21:42:18,655{GMT}	INFO	[jepsen worker 1] jepsen.util: 1	:ok	:broadcast	104
2025-06-27 21:42:18,686{GMT}	INFO	[jepsen worker 2] jepsen.util: 2	:invoke	:read	nil
2025-06-27 21:42:18,687{GMT}	INFO	[jepsen worker 2] jepsen.util: 2	:ok	:read	[1 4 8 12 32 44 56 64 68 72 76 82 83 84 85 86 87 88 89 90 91 92 93 94 95 96 97 98 99 100 101 102 103 104]
2025-06-27 21:42:18,750{GMT}	INFO	[jepsen worker 3] jepsen.util: 3	:invoke	:broadcast	105
2025-06-27 21:42:18,751{GMT}	INFO	[jepsen worker 3] jepsen.util: 3	:ok	:broadcast	105
2025-06-27 21:42:18,859{GMT}	INFO	[jepsen worker 4] jepsen.util: 4	:invoke	:broadcast	106
2025-06-27 21:42:18,860{GMT}	INFO	[jepsen worker 4] jepsen.util: 4	:ok	:broadcast	106
2025-06-27 21:42:18,903{GMT}	INFO	[jepsen worker 0] jepsen.util: 0	:invoke	:broadcast	107
2025-06-27 21:42:18,908{GMT}	INFO	[jepsen worker 0] jepsen.util: 0	:ok	:broadcast	107
2025-06-27 21:42:18,928{GMT}	INFO	[jepsen worker 0] jepsen.util: 0	:invoke	:read	nil
2025-06-27 21:42:18,929{GMT}	INFO	[jepsen worker 0] jepsen.util: 0	:ok	:read	[0 2 3 5 6 7 9 10 11 13 14 15 16 17 18 19 20 21 22 23 24 25 26 27 28 29 30 31 33 34 35 36 37 38 39 40 41 42 43 45 46 47 48 49 50 51 52 53 54 55 57 58 59 60 61 62 63 65 66 67 69 70 71 73 74 75 77 78 79 80 81 82 83 84 85 86 87 88 89 90 91 92 93 94 95 96 97 98 99 100 101 102 103 104 105 106 107]
2025-06-27 21:42:18,968{GMT}	INFO	[jepsen worker 1] jepsen.util: 1	:invoke	:broadcast	108
2025-06-27 21:42:18,970{GMT}	INFO	[jepsen worker 1] jepsen.util: 1	:ok	:broadcast	108
2025-06-27 21:42:19,146{GMT}	INFO	[jepsen worker 2] jepsen.util: 2	:invoke	:read	nil
2025-06-27 21:42:19,147{GMT}	INFO	[jepsen worker 2] jepsen.util: 2	:ok	:read	[1 4 8 12 32 44 56 64 68 72 76 82 83 84 85 86 87 88 89 90 91 92 93 94 95 96 97 98 99 100 101 102 103 104 105 106 107 108]
2025-06-27 21:42:19,204{GMT}	INFO	[jepsen worker 3] jepsen.util: 3	:invoke	:broadcast	109
2025-06-27 21:42:19,205{GMT}	INFO	[jepsen worker 3] jepsen.util: 3	:ok	:broadcast	109
2025-06-27 21:42:19,219{GMT}	INFO	[jepsen worker 4] jepsen.util: 4	:invoke	:read	nil
2025-06-27 21:42:19,220{GMT}	INFO	[jepsen worker 4] jepsen.util: 4	:ok	:read	[0 2 3 5 6 7 9 10 11 13 14 15 16 17 18 19 20 21 22 23 24 25 26 27 28 29 30 31 33 34 35 36 37 38 39 40 41 42 43 45 46 47 48 49 50 51 52 53 54 55 57 58 59 60 61 62 63 65 66 67 69 70 71 73 74 75 77 78 79 80 81 82 83 84 85 86 87 88 89 90 91 92 93 94 95 96 97 98 99 100 101 102 103 104 105 106 107 108 109]
2025-06-27 21:42:19,256{GMT}	INFO	[jepsen worker 0] jepsen.util: 0	:invoke	:read	nil
2025-06-27 21:42:19,258{GMT}	INFO	[jepsen worker 0] jepsen.util: 0	:ok	:read	[0 2 3 5 6 7 9 10 11 13 14 15 16 17 18 19 20 21 22 23 24 25 26 27 28 29 30 31 33 34 35 36 37 38 39 40 41 42 43 45 46 47 48 49 50 51 52 53 54 55 57 58 59 60 61 62 63 65 66 67 69 70 71 73 74 75 77 78 79 80 81 82 83 84 85 86 87 88 89 90 91 92 93 94 95 96 97 98 99 100 101 102 103 104 105 106 107 108 109]
2025-06-27 21:42:19,397{GMT}	INFO	[jepsen worker 0] jepsen.util: 0	:invoke	:broadcast	110
2025-06-27 21:42:19,399{GMT}	INFO	[jepsen worker 0] jepsen.util: 0	:ok	:broadcast	110
2025-06-27 21:42:19,504{GMT}	INFO	[jepsen worker 1] jepsen.util: 1	:invoke	:read	nil
2025-06-27 21:42:19,506{GMT}	INFO	[jepsen worker 1] jepsen.util: 1	:ok	:read	[0 2 3 5 6 7 9 10 11 13 14 15 16 17 18 19 20 21 22 23 24 25 26 27 28 29 30 31 33 34 35 36 37 38 39 40 41 42 43 45 46 47 48 49 50 51 52 53 54 55 57 58 59 60 61 62 63 65 66 67 69 70 71 73 74 75 77 78 79 80 81 82 83 84 85 86 87 88 89 90 91 92 93 94 95 96 97 98 99 100 101 102 103 104 105 106 107 108 109 110]
2025-06-27 21:42:19,599{GMT}	INFO	[jepsen worker 2] jepsen.util: 2	:invoke	:broadcast	111
2025-06-27 21:42:19,599{GMT}	INFO	[jepsen worker 2] jepsen.util: 2	:ok	:broadcast	111
2025-06-27 21:42:19,627{GMT}	INFO	[jepsen worker 3] jepsen.util: 3	:invoke	:broadcast	112
2025-06-27 21:42:19,628{GMT}	INFO	[jepsen worker 3] jepsen.util: 3	:ok	:broadcast	112
2025-06-27 21:42:19,764{GMT}	INFO	[jepsen worker 4] jepsen.util: 4	:invoke	:broadcast	113
2025-06-27 21:42:19,766{GMT}	INFO	[jepsen worker 4] jepsen.util: 4	:ok	:broadcast	113
2025-06-27 21:42:19,835{GMT}	INFO	[jepsen worker 0] jepsen.util: 0	:invoke	:read	nil
2025-06-27 21:42:19,836{GMT}	INFO	[jepsen worker 0] jepsen.util: 0	:ok	:read	[0 2 3 5 6 7 9 10 11 13 14 15 16 17 18 19 20 21 22 23 24 25 26 27 28 29 30 31 33 34 35 36 37 38 39 40 41 42 43 45 46 47 48 49 50 51 52 53 54 55 57 58 59 60 61 62 63 65 66 67 69 70 71 73 74 75 77 78 79 80 81 82 83 84 85 86 87 88 89 90 91 92 93 94 95 96 97 98 99 100 101 102 103 104 105 106 107 108 109 110 111 112 113]
2025-06-27 21:42:19,837{GMT}	INFO	[jepsen worker nemesis] jepsen.util: :nemesis	:info	:stop-partition	nil
2025-06-27 21:42:19,837{GMT}	INFO	[jepsen worker nemesis] jepsen.util: :nemesis	:info	:stop-partition	:network-healed
2025-06-27 21:42:19,838{GMT}	INFO	[jepsen worker 1] jepsen.generator.interpreter: Waiting for recovery...
2025-06-27 21:42:29,848{GMT}	INFO	[jepsen worker 3] jepsen.util: 3	:invoke	:read	nil
2025-06-27 21:42:29,848{GMT}	INFO	[jepsen worker 2] jepsen.util: 2	:invoke	:read	nil
2025-06-27 21:42:29,847{GMT}	INFO	[jepsen worker 1] jepsen.util: 1	:invoke	:read	nil
2025-06-27 21:42:29,848{GMT}	INFO	[jepsen worker 4] jepsen.util: 4	:invoke	:read	nil
2025-06-27 21:42:29,848{GMT}	INFO	[jepsen worker 0] jepsen.util: 0	:invoke	:read	nil
2025-06-27 21:42:29,850{GMT}	INFO	[jepsen worker 4] jepsen.util: 4	:ok	:read	[0 2 3 5 6 7 9 10 11 13 14 15 16 17 18 19 20 21 22 23 24 25 26 27 28 29 30 31 33 34 35 36 37 38 39 40 41 42 43 45 46 47 48 49 50 51 52 53 54 55 57 58 59 60 61 62 63 65 66 67 69 70 71 73 74 75 77 78 79 80 81 82 83 84 85 86 87 88 89 90 91 92 93 94 95 96 97 98 99 100 101 102 103 104 105 106 107 108 109 110 111 112 113]
2025-06-27 21:42:29,850{GMT}	INFO	[jepsen worker 1] jepsen.util: 1	:ok	:read	[0 2 3 5 6 7 9 10 11 13 14 15 16 17 18 19 20 21 22 23 24 25 26 27 28 29 30 31 33 34 35 36 37 38 39 40 41 42 43 45 46 47 48 49 50 51 52 53 54 55 57 58 59 60 61 62 63 65 66 67 69 70 71 73 74 75 77 78 79 80 81 82 83 84 85 86 87 88 89 90 91 92 93 94 95 96 97 98 99 100 101 102 103 104 105 106 107 108 109 110 111 112 113]
2025-06-27 21:42:29,850{GMT}	INFO	[jepsen worker 3] jepsen.util: 3	:ok	:read	[0 2 3 5 6 7 9 10 11 13 14 15 16 17 18 19 20 21 22 23 24 25 26 27 28 29 30 31 33 34 35 36 37 38 39 40 41 42 43 45 46 47 48 49 50 51 52 53 54 55 57 58 59 60 61 62 63 65 66 67 69 70 71 73 74 75 77 78 79 80 81 82 83 84 85 86 87 88 89 90 91 92 93 94 95 96 97 98 99 100 101 102 103 104 105 106 107 108 109 110 111 112 113]
2025-06-27 21:42:29,850{GMT}	INFO	[jepsen worker 2] jepsen.util: 2	:ok	:read	[1 4 8 12 32 44 56 64 68 72 76 82 83 84 85 86 87 88 89 90 91 92 93 94 95 96 97 98 99 100 101 102 103 104 105 106 107 108 109 110 111 112 113]
2025-06-27 21:42:29,850{GMT}	INFO	[jepsen worker 0] jepsen.util: 0	:ok	:read	[0 2 3 5 6 7 9 10 11 13 14 15 16 17 18 19 20 21 22 23 24 25 26 27 28 29 30 31 33 34 35 36 37 38 39 40 41 42 43 45 46 47 48 49 50 51 52 53 54 55 57 58 59 60 61 62 63 65 66 67 69 70 71 73 74 75 77 78 79 80 81 82 83 84 85 86 87 88 89 90 91 92 93 94 95 96 97 98 99 100 101 102 103 104 105 106 107 108 109 110 111 112 113]
2025-06-27 21:42:29,872{GMT}	INFO	[jepsen test runner] jepsen.core: Run complete, writing
2025-06-27 21:42:29,923{GMT}	INFO	[jepsen node n0] maelstrom.db: Tearing down n0
2025-06-27 21:42:29,923{GMT}	INFO	[jepsen node n2] maelstrom.db: Tearing down n2
2025-06-27 21:42:29,923{GMT}	INFO	[jepsen node n4] maelstrom.db: Tearing down n4
2025-06-27 21:42:29,923{GMT}	INFO	[jepsen node n1] maelstrom.db: Tearing down n1
2025-06-27 21:42:29,923{GMT}	INFO	[jepsen node n3] maelstrom.db: Tearing down n3
2025-06-27 21:42:30,970{GMT}	INFO	[jepsen node n0] maelstrom.net: Shutting down Maelstrom network
2025-06-27 21:42:30,973{GMT}	INFO	[jepsen test runner] jepsen.core: Analyzing...
2025-06-27 21:42:31,489{GMT}	INFO	[jepsen test runner] jepsen.core: Analysis complete
2025-06-27 21:42:31,515{GMT}	INFO	[jepsen results] jepsen.store: Wrote /Users/anandtrehan/flyio_challenges/maelstrom/store/broadcast/20250627T214158.586-0400/results.edn
2025-06-27 21:42:31,537{GMT}	INFO	[jepsen test runner] jepsen.core: {:perf {:latency-graph {:valid? true},
        :rate-graph {:valid? true},
        :valid? true},
 :timeline {:valid? true},
 :exceptions {:valid? true},
 :stats {:valid? true,
         :count 213,
         :ok-count 213,
         :fail-count 0,
         :info-count 0,
         :by-f {:broadcast {:valid? true,
                            :count 114,
                            :ok-count 114,
                            :fail-count 0,
                            :info-count 0},
                :read {:valid? true,
                       :count 99,
                       :ok-count 99,
                       :fail-count 0,
                       :info-count 0}}},
 :availability {:valid? true, :ok-fraction 1.0},
 :net {:all {:send-count 2162,
             :recv-count 1938,
             :msg-count 2162,
             :msgs-per-op 10.150235},
       :clients {:send-count 446, :recv-count 446, :msg-count 446},
       :servers {:send-count 1716,
                 :recv-count 1492,
                 :msg-count 1716,
                 :msgs-per-op 8.056338},
       :valid? true},
 :workload {:worst-stale ({:element 0,
                           :outcome :stable,
                           :stable-latency 29963,
                           :lost-latency nil,
                           :known #jepsen.history.Op{:index 3,
                                                     :time 16990917,
                                                     :type :ok,
                                                     :process 1,
                                                     :f :add,
                                                     :value 0},
                           :last-absent #jepsen.history.Op{:index 424,
                                                           :time 29980646583,
                                                           :type :invoke,
                                                           :process 2,
                                                           :f :read,
                                                           :value nil,
                                                           :final? true}}
                          {:element 2,
                           :outcome :stable,
                           :stable-latency 29531,
                           :lost-latency nil,
                           :known #jepsen.history.Op{:index 11,
                                                     :time 449141000,
                                                     :type :ok,
                                                     :process 0,
                                                     :f :add,
                                                     :value 2},
                           :last-absent #jepsen.history.Op{:index 424,
                                                           :time 29980646583,
                                                           :type :invoke,
                                                           :process 2,
                                                           :f :read,
                                                           :value nil,
                                                           :final? true}}
                          {:element 3,
                           :outcome :stable,
                           :stable-latency 29334,
                           :lost-latency nil,
                           :known #jepsen.history.Op{:index 13,
                                                     :time 645761583,
                                                     :type :ok,
                                                     :process 0,
                                                     :f :add,
                                                     :value 3},
                           :last-absent #jepsen.history.Op{:index 424,
                                                           :time 29980646583,
                                                           :type :invoke,
                                                           :process 2,
                                                           :f :read,
                                                           :value nil,
                                                           :final? true}}
                          {:element 5,
                           :outcome :stable,
                           :stable-latency 29073,
                           :lost-latency nil,
                           :known #jepsen.history.Op{:index 19,
                                                     :time 906829667,
                                                     :type :ok,
                                                     :process 3,
                                                     :f :add,
                                                     :value 5},
                           :last-absent #jepsen.history.Op{:index 424,
                                                           :time 29980646583,
                                                           :type :invoke,
                                                           :process 2,
                                                           :f :read,
                                                           :value nil,
                                                           :final? true}}
                          {:element 6,
                           :outcome :stable,
                           :stable-latency 28877,
                           :lost-latency nil,
                           :known #jepsen.history.Op{:index 23,
                                                     :time 1102952667,
                                                     :type :ok,
                                                     :process 0,
                                                     :f :add,
                                                     :value 6},
                           :last-absent #jepsen.history.Op{:index 424,
                                                           :time 29980646583,
                                                           :type :invoke,
                                                           :process 2,
                                                           :f :read,
                                                           :value nil,
                                                           :final? true}}
                          {:element 7,
                           :outcome :stable,
                           :stable-latency 28770,
                           :lost-latency nil,
                           :known #jepsen.history.Op{:index 27,
                                                     :time 1210304833,
                                                     :type :ok,
                                                     :process 1,
                                                     :f :add,
                                                     :value 7},
                           :last-absent #jepsen.history.Op{:index 424,
                                                           :time 29980646583,
                                                           :type :invoke,
                                                           :process 2,
                                                           :f :read,
                                                           :value nil,
                                                           :final? true}}
                          {:element 9,
                           :outcome :stable,
                           :stable-latency 28359,
                           :lost-latency nil,
                           :known #jepsen.history.Op{:index 33,
                                                     :time 1621571917,
                                                     :type :ok,
                                                     :process 4,
                                                     :f :add,
                                                     :value 9},
                           :last-absent #jepsen.history.Op{:index 424,
                                                           :time 29980646583,
                                                           :type :invoke,
                                                           :process 2,
                                                           :f :read,
                                                           :value nil,
                                                           :final? true}}
                          {:element 10,
                           :outcome :stable,
                           :stable-latency 28041,
                           :lost-latency nil,
                           :known #jepsen.history.Op{:index 37,
                                                     :time 1939442292,
                                                     :type :ok,
                                                     :process 0,
                                                     :f :add,
                                                     :value 10},
                           :last-absent #jepsen.history.Op{:index 424,
                                                           :time 29980646583,
                                                           :type :invoke,
                                                           :process 2,
                                                           :f :read,
                                                           :value nil,
                                                           :final? true}}),
            :duplicated-count 0,
            :valid? false,
            :lost-count 11,
            :lost (1 4 8 12 32 44 56 64 68 72 76),
            :stable-count 103,
            :stale-count 71,
            :stale (0
                    2
                    3
                    5
                    6
                    7
                    9
                    10
                    11
                    13
                    14
                    15
                    16
                    17
                    18
                    19
                    20
                    21
                    22
                    23
                    24
                    25
                    26
                    27
                    28
                    29
                    30
                    31
                    33
                    34
                    35
                    36
                    37
                    38
                    39
                    40
                    41
                    42
                    43
                    45
                    46
                    47
                    48
                    49
                    50
                    51
                    52
                    53
                    54
                    55
                    57
                    58
                    59
                    60
                    61
                    62
                    63
                    65
                    66
                    67
                    69
                    70
                    71
                    73
                    74
                    75
                    77
                    78
                    79
                    80
                    81),
            :never-read-count 0,
            :stable-latencies {0 0,
                               0.5 18804,
                               0.95 28770,
                               0.99 29531,
                               1 29963},
            :attempt-count 114,
            :lost-latencies {0 15356,
                             0.5 21492,
                             0.95 29797,
                             0.99 29797,
                             1 29797},
            :never-read (),
            :duplicated {}},
 :valid? false}


Analysis invalid! ( 
