2025-06-27 19:30:33,599{GMT}	INFO	[jepsen test runner] jepsen.core: Command line:
lein run test -w broadcast --bin /Users/anandtrehan/go/bin/maelstrom-broadcast --node-count 5 --time-limit 20 --rate 10 --nemesis partition
2025-06-27 19:30:33,671{GMT}	INFO	[jepsen test runner] jepsen.core: Running test:
{:args []
 :remote
 #jepsen.control.retry.Remote{:remote #jepsen.control.scp.Remote{:cmd-remote #jepsen.control.sshj.SSHJRemote{:concurrency-limit 6,
                                                                                                             :conn-spec nil,
                                                                                                             :client nil,
                                                                                                             :semaphore nil},
                                                                 :conn-spec nil},
                              :conn nil}
 :log-net-send false
 :node-count 5
 :availability nil
 :max-txn-length 4
 :concurrency 5
 :db
 #object[maelstrom.db$db$reify__16142
         "0x33e09baf"
         "maelstrom.db$db$reify__16142@33e09baf"]
 :max-writes-per-key 16
 :leave-db-running? false
 :name "broadcast"
 :logging-json? false
 :start-time
 #object[org.joda.time.DateTime "0x105c253a" "2025-06-27T19:30:33.563-04:00"]
 :nemesis-interval 10
 :net
 #object[maelstrom.net$jepsen_net$reify__15251
         "0x156322ce"
         "maelstrom.net$jepsen_net$reify__15251@156322ce"]
 :client
 #object[maelstrom.workload.broadcast$client$reify__16644
         "0x546f0f36"
         "maelstrom.workload.broadcast$client$reify__16644@546f0f36"]
 :barrier
 #object[java.util.concurrent.CyclicBarrier
         "0x44d5a0a8"
         "java.util.concurrent.CyclicBarrier@44d5a0a8"]
 :log-stderr false
 :pure-generators true
 :ssh {:dummy? true}
 :rate 10.0
 :checker
 #object[jepsen.checker$compose$reify__11881
         "0x35d128fd"
         "jepsen.checker$compose$reify__11881@35d128fd"]
 :argv
 ("test"
  "-w"
  "broadcast"
  "--bin"
  "/Users/anandtrehan/go/bin/maelstrom-broadcast"
  "--node-count"
  "5"
  "--time-limit"
  "20"
  "--rate"
  "10"
  "--nemesis"
  "partition")
 :nemesis
 (jepsen.nemesis.ReflCompose
  {:fm {:start-partition 0,
        :stop-partition 0,
        :kill 1,
        :start 1,
        :pause 1,
        :resume 1},
   :nemeses [#unprintable "jepsen.nemesis.combined$partition_nemesis$reify__16416@39a809db"
             #unprintable "jepsen.nemesis.combined$db_nemesis$reify__16397@1512a767"]})
 :nodes ["n0" "n1" "n2" "n3" "n4"]
 :test-count 1
 :latency {:mean 0, :dist :constant}
 :bin "/Users/anandtrehan/go/bin/maelstrom-broadcast"
 :generator
 ((jepsen.generator.Synchronize
   {:gen (jepsen.generator.TimeLimit
          {:limit 20000000000,
           :cutoff nil,
           :gen (jepsen.generator.Any
                 {:gens [(jepsen.generator.OnThreads
                          {:f #{:nemesis},
                           :context-filter #object[jepsen.generator.context$make_thread_filter$lazy_filter__9167
                                                   "0x5cdb7b"
                                                   "jepsen.generator.context$make_thread_filter$lazy_filter__9167@5cdb7b"],
                           :gen (jepsen.generator.Stagger
                                 {:dt 20000000000,
                                  :next-time nil,
                                  :gen (jepsen.generator.FlipFlop
                                        {:gens [#object[jepsen.nemesis.combined$partition_package$start__16420
                                                        "0x3dcc59f5"
                                                        "jepsen.nemesis.combined$partition_package$start__16420@3dcc59f5"]
                                                ({:type :info,
                                                  :f :stop-partition,
                                                  :value nil}
                                                 {:type :info,
                                                  :f :stop-partition,
                                                  :value nil}
                                                 {:type :info,
                                                  :f :stop-partition,
                                                  :value nil}
                                                 {:type :info,
                                                  :f :stop-partition,
                                                  :value nil}
                                                 {:type :info,
                                                  :f :stop-partition,
                                                  :value nil}
                                                 {:type :info,
                                                  :f :stop-partition,
                                                  :value nil}
                                                 {:type :info,
                                                  :f :stop-partition,
                                                  :value nil}
                                                 {:type :info,
                                                  :f :stop-partition,
                                                  :value nil}
                                                 ...)],
                                         :i 0})})})
                         (jepsen.generator.OnThreads
                          {:f #jepsen.generator.context.AllBut{:element :nemesis},
                           :context-filter #object[jepsen.generator.context$make_thread_filter$lazy_filter__9167
                                                   "0x690337df"
                                                   "jepsen.generator.context$make_thread_filter$lazy_filter__9167@690337df"],
                           :gen (jepsen.generator.Stagger
                                 {:dt 200000000,
                                  :next-time nil,
                                  :gen (jepsen.generator.Mix
                                        {:i 0,
                                         :gens [({:f :broadcast, :value 0}
                                                 {:f :broadcast, :value 1}
                                                 {:f :broadcast, :value 2}
                                                 {:f :broadcast, :value 3}
                                                 {:f :broadcast, :value 4}
                                                 {:f :broadcast, :value 5}
                                                 {:f :broadcast, :value 6}
                                                 {:f :broadcast, :value 7}
                                                 ...)
                                                ({:f :read}
                                                 {:f :read}
                                                 {:f :read}
                                                 {:f :read}
                                                 {:f :read}
                                                 {:f :read}
                                                 {:f :read}
                                                 {:f :read}
                                                 ...)]})})})]})})})
  (jepsen.generator.Synchronize
   {:gen (jepsen.generator.OnThreads
          {:f #{:nemesis},
           :context-filter #object[jepsen.generator.context$make_thread_filter$lazy_filter__9167
                                   "0xf62ae87"
                                   "jepsen.generator.context$make_thread_filter$lazy_filter__9167@f62ae87"],
           :gen ({:type :info, :f :stop-partition, :value nil})})})
  (jepsen.generator.Synchronize
   {:gen {:type :log, :value "Waiting for recovery..."}})
  (jepsen.generator.Synchronize {:gen {:type :sleep, :value 10}})
  (jepsen.generator.Synchronize
   {:gen (jepsen.generator.OnThreads
          {:f #jepsen.generator.context.AllBut{:element :nemesis},
           :context-filter #object[jepsen.generator.context$make_thread_filter$lazy_filter__9167
                                   "0x50be5d6f"
                                   "jepsen.generator.context$make_thread_filter$lazy_filter__9167@50be5d6f"],
           :gen (jepsen.generator.EachThread
                 {:fresh-gen {:f :read, :final? true},
                  :context-filters #object[clojure.core$promise$reify__8591
                                           "0x48e0e779"
                                           {:status :pending, :val nil}],
                  :gens {}})})}))
 :log-net-recv false
 :os
 #object[maelstrom.net$jepsen_os$reify__15254
         "0x38ad8c75"
         "maelstrom.net$jepsen_os$reify__15254@38ad8c75"]
 :time-limit 20
 :workload :broadcast
 :consistency-models [:strict-serializable]
 :topology :grid}

2025-06-27 19:30:34,853{GMT}	INFO	[jepsen node n0] maelstrom.net: Starting Maelstrom network
2025-06-27 19:30:34,854{GMT}	INFO	[jepsen test runner] jepsen.db: Tearing down DB
2025-06-27 19:30:34,855{GMT}	INFO	[jepsen test runner] jepsen.db: Setting up DB
2025-06-27 19:30:34,856{GMT}	INFO	[jepsen node n1] maelstrom.db: Setting up n1
2025-06-27 19:30:34,856{GMT}	INFO	[jepsen node n3] maelstrom.db: Setting up n3
2025-06-27 19:30:34,856{GMT}	INFO	[jepsen node n2] maelstrom.db: Setting up n2
2025-06-27 19:30:34,856{GMT}	INFO	[jepsen node n4] maelstrom.db: Setting up n4
2025-06-27 19:30:34,856{GMT}	INFO	[jepsen node n4] maelstrom.process: launching /Users/anandtrehan/go/bin/maelstrom-broadcast []
2025-06-27 19:30:34,856{GMT}	INFO	[jepsen node n3] maelstrom.process: launching /Users/anandtrehan/go/bin/maelstrom-broadcast []
2025-06-27 19:30:34,856{GMT}	INFO	[jepsen node n2] maelstrom.process: launching /Users/anandtrehan/go/bin/maelstrom-broadcast []
2025-06-27 19:30:34,856{GMT}	INFO	[jepsen node n1] maelstrom.process: launching /Users/anandtrehan/go/bin/maelstrom-broadcast []
2025-06-27 19:30:34,857{GMT}	INFO	[jepsen node n0] maelstrom.service: Starting services: (lin-kv lin-tso lww-kv seq-kv)
2025-06-27 19:30:34,858{GMT}	INFO	[jepsen node n0] maelstrom.db: Setting up n0
2025-06-27 19:30:34,858{GMT}	INFO	[jepsen node n0] maelstrom.process: launching /Users/anandtrehan/go/bin/maelstrom-broadcast []
2025-06-27 19:30:35,164{GMT}	INFO	[jepsen test runner] jepsen.core: Relative time begins now
2025-06-27 19:30:35,186{GMT}	INFO	[jepsen worker nemesis] jepsen.util: :nemesis	:info	:start-partition	:majorities-ring
2025-06-27 19:30:35,186{GMT}	INFO	[jepsen worker 1] jepsen.util: 1	:invoke	:broadcast	0
2025-06-27 19:30:35,191{GMT}	INFO	[jepsen worker 1] jepsen.util: 1	:ok	:broadcast	0
2025-06-27 19:30:35,194{GMT}	INFO	[jepsen worker nemesis] jepsen.util: :nemesis	:info	:start-partition	[:isolated {"n2" #{"n0" "n3"}, "n4" #{"n1" "n0"}, "n3" #{"n2" "n1"}, "n0" #{"n2" "n4"}, "n1" #{"n4" "n3"}}]
2025-06-27 19:30:35,297{GMT}	INFO	[jepsen worker 2] jepsen.util: 2	:invoke	:read	nil
2025-06-27 19:30:35,299{GMT}	INFO	[jepsen worker 2] jepsen.util: 2	:ok	:read	[0]
2025-06-27 19:30:35,406{GMT}	INFO	[jepsen worker 3] jepsen.util: 3	:invoke	:broadcast	1
2025-06-27 19:30:35,408{GMT}	INFO	[jepsen worker 3] jepsen.util: 3	:ok	:broadcast	1
2025-06-27 19:30:35,554{GMT}	INFO	[jepsen worker 4] jepsen.util: 4	:invoke	:read	nil
2025-06-27 19:30:35,557{GMT}	INFO	[jepsen worker 4] jepsen.util: 4	:ok	:read	[0 1]
2025-06-27 19:30:35,610{GMT}	INFO	[jepsen worker 0] jepsen.util: 0	:invoke	:broadcast	2
2025-06-27 19:30:35,614{GMT}	INFO	[jepsen worker 0] jepsen.util: 0	:ok	:broadcast	2
2025-06-27 19:30:35,790{GMT}	INFO	[jepsen worker 0] jepsen.util: 0	:invoke	:read	nil
2025-06-27 19:30:35,795{GMT}	INFO	[jepsen worker 0] jepsen.util: 0	:ok	:read	[0 1 2]
2025-06-27 19:30:35,852{GMT}	INFO	[jepsen worker 1] jepsen.util: 1	:invoke	:broadcast	3
2025-06-27 19:30:35,855{GMT}	INFO	[jepsen worker 1] jepsen.util: 1	:ok	:broadcast	3
2025-06-27 19:30:35,955{GMT}	INFO	[jepsen worker 2] jepsen.util: 2	:invoke	:broadcast	4
2025-06-27 19:30:35,957{GMT}	INFO	[jepsen worker 2] jepsen.util: 2	:ok	:broadcast	4
2025-06-27 19:30:36,109{GMT}	INFO	[jepsen worker 3] jepsen.util: 3	:invoke	:broadcast	5
2025-06-27 19:30:36,112{GMT}	INFO	[jepsen worker 3] jepsen.util: 3	:ok	:broadcast	5
2025-06-27 19:30:36,299{GMT}	INFO	[jepsen worker 4] jepsen.util: 4	:invoke	:read	nil
2025-06-27 19:30:36,302{GMT}	INFO	[jepsen worker 4] jepsen.util: 4	:ok	:read	[0 1 2 3 4 5]
2025-06-27 19:30:36,336{GMT}	INFO	[jepsen worker 0] jepsen.util: 0	:invoke	:broadcast	6
2025-06-27 19:30:36,338{GMT}	INFO	[jepsen worker 0] jepsen.util: 0	:ok	:broadcast	6
2025-06-27 19:30:36,428{GMT}	INFO	[jepsen worker 0] jepsen.util: 0	:invoke	:broadcast	7
2025-06-27 19:30:36,431{GMT}	INFO	[jepsen worker 0] jepsen.util: 0	:ok	:broadcast	7
2025-06-27 19:30:36,548{GMT}	INFO	[jepsen worker 1] jepsen.util: 1	:invoke	:broadcast	8
2025-06-27 19:30:36,550{GMT}	INFO	[jepsen worker 1] jepsen.util: 1	:ok	:broadcast	8
2025-06-27 19:30:36,683{GMT}	INFO	[jepsen worker 2] jepsen.util: 2	:invoke	:broadcast	9
2025-06-27 19:30:36,685{GMT}	INFO	[jepsen worker 2] jepsen.util: 2	:ok	:broadcast	9
2025-06-27 19:30:36,814{GMT}	INFO	[jepsen worker 3] jepsen.util: 3	:invoke	:read	nil
2025-06-27 19:30:36,816{GMT}	INFO	[jepsen worker 3] jepsen.util: 3	:ok	:read	[0 1 2 3 4 5 6 7 8 9]
2025-06-27 19:30:36,881{GMT}	INFO	[jepsen worker 4] jepsen.util: 4	:invoke	:read	nil
2025-06-27 19:30:36,883{GMT}	INFO	[jepsen worker 4] jepsen.util: 4	:ok	:read	[0 1 2 3 4 5 6 7 8 9]
2025-06-27 19:30:37,044{GMT}	INFO	[jepsen worker 0] jepsen.util: 0	:invoke	:broadcast	10
2025-06-27 19:30:37,046{GMT}	INFO	[jepsen worker 0] jepsen.util: 0	:ok	:broadcast	10
2025-06-27 19:30:37,129{GMT}	INFO	[jepsen worker 0] jepsen.util: 0	:invoke	:read	nil
2025-06-27 19:30:37,130{GMT}	INFO	[jepsen worker 0] jepsen.util: 0	:ok	:read	[0 1 2 3 4 5 6 7 8 9 10]
2025-06-27 19:30:37,332{GMT}	INFO	[jepsen worker 1] jepsen.util: 1	:invoke	:broadcast	11
2025-06-27 19:30:37,335{GMT}	INFO	[jepsen worker 1] jepsen.util: 1	:ok	:broadcast	11
2025-06-27 19:30:37,449{GMT}	INFO	[jepsen worker 2] jepsen.util: 2	:invoke	:read	nil
2025-06-27 19:30:37,452{GMT}	INFO	[jepsen worker 2] jepsen.util: 2	:ok	:read	[0 1 2 3 4 5 6 7 8 9 10 11]
2025-06-27 19:30:37,585{GMT}	INFO	[jepsen worker 3] jepsen.util: 3	:invoke	:broadcast	12
2025-06-27 19:30:37,587{GMT}	INFO	[jepsen worker 3] jepsen.util: 3	:ok	:broadcast	12
2025-06-27 19:30:37,605{GMT}	INFO	[jepsen worker 4] jepsen.util: 4	:invoke	:read	nil
2025-06-27 19:30:37,606{GMT}	INFO	[jepsen worker 4] jepsen.util: 4	:ok	:read	[0 1 2 3 4 5 6 7 8 9 10 11 12]
2025-06-27 19:30:37,766{GMT}	INFO	[jepsen worker 0] jepsen.util: 0	:invoke	:read	nil
2025-06-27 19:30:37,769{GMT}	INFO	[jepsen worker 0] jepsen.util: 0	:ok	:read	[0 1 2 3 4 5 6 7 8 9 10 11 12]
2025-06-27 19:30:37,967{GMT}	INFO	[jepsen worker 0] jepsen.util: 0	:invoke	:broadcast	13
2025-06-27 19:30:37,969{GMT}	INFO	[jepsen worker 0] jepsen.util: 0	:ok	:broadcast	13
2025-06-27 19:30:38,004{GMT}	INFO	[jepsen worker 1] jepsen.util: 1	:invoke	:read	nil
2025-06-27 19:30:38,006{GMT}	INFO	[jepsen worker 1] jepsen.util: 1	:ok	:read	[0 1 2 3 4 5 6 7 8 9 10 11 12 13]
2025-06-27 19:30:38,008{GMT}	INFO	[jepsen worker 2] jepsen.util: 2	:invoke	:broadcast	14
2025-06-27 19:30:38,009{GMT}	INFO	[jepsen worker 2] jepsen.util: 2	:ok	:broadcast	14
2025-06-27 19:30:38,095{GMT}	INFO	[jepsen worker 3] jepsen.util: 3	:invoke	:broadcast	15
2025-06-27 19:30:38,096{GMT}	INFO	[jepsen worker 3] jepsen.util: 3	:ok	:broadcast	15
2025-06-27 19:30:38,174{GMT}	INFO	[jepsen worker 4] jepsen.util: 4	:invoke	:read	nil
2025-06-27 19:30:38,174{GMT}	INFO	[jepsen worker 4] jepsen.util: 4	:ok	:read	[0 1 2 3 4 5 6 7 8 9 10 11 12 13 14 15]
2025-06-27 19:30:38,269{GMT}	INFO	[jepsen worker 0] jepsen.util: 0	:invoke	:broadcast	16
2025-06-27 19:30:38,270{GMT}	INFO	[jepsen worker 0] jepsen.util: 0	:ok	:broadcast	16
2025-06-27 19:30:38,421{GMT}	INFO	[jepsen worker 0] jepsen.util: 0	:invoke	:read	nil
2025-06-27 19:30:38,423{GMT}	INFO	[jepsen worker 0] jepsen.util: 0	:ok	:read	[0 1 2 3 4 5 6 7 8 9 10 11 12 13 14 15 16]
2025-06-27 19:30:38,527{GMT}	INFO	[jepsen worker 1] jepsen.util: 1	:invoke	:read	nil
2025-06-27 19:30:38,530{GMT}	INFO	[jepsen worker 1] jepsen.util: 1	:ok	:read	[0 1 2 3 4 5 6 7 8 9 10 11 12 13 14 15 16]
2025-06-27 19:30:38,532{GMT}	INFO	[jepsen worker 2] jepsen.util: 2	:invoke	:read	nil
2025-06-27 19:30:38,533{GMT}	INFO	[jepsen worker 2] jepsen.util: 2	:ok	:read	[0 1 2 3 4 5 6 7 8 9 10 11 12 13 14 15 16]
2025-06-27 19:30:38,581{GMT}	INFO	[jepsen worker 3] jepsen.util: 3	:invoke	:read	nil
2025-06-27 19:30:38,583{GMT}	INFO	[jepsen worker 3] jepsen.util: 3	:ok	:read	[0 1 2 3 4 5 6 7 8 9 10 11 12 13 14 15 16]
2025-06-27 19:30:38,639{GMT}	INFO	[jepsen worker 4] jepsen.util: 4	:invoke	:read	nil
2025-06-27 19:30:38,642{GMT}	INFO	[jepsen worker 4] jepsen.util: 4	:ok	:read	[0 1 2 3 4 5 6 7 8 9 10 11 12 13 14 15 16]
2025-06-27 19:30:38,699{GMT}	INFO	[jepsen worker 0] jepsen.util: 0	:invoke	:broadcast	17
2025-06-27 19:30:38,701{GMT}	INFO	[jepsen worker 0] jepsen.util: 0	:ok	:broadcast	17
2025-06-27 19:30:38,770{GMT}	INFO	[jepsen worker 0] jepsen.util: 0	:invoke	:read	nil
2025-06-27 19:30:38,772{GMT}	INFO	[jepsen worker 0] jepsen.util: 0	:ok	:read	[0 1 2 3 4 5 6 7 8 9 10 11 12 13 14 15 16 17]
2025-06-27 19:30:38,798{GMT}	INFO	[jepsen worker 1] jepsen.util: 1	:invoke	:read	nil
2025-06-27 19:30:38,799{GMT}	INFO	[jepsen worker 1] jepsen.util: 1	:ok	:read	[0 1 2 3 4 5 6 7 8 9 10 11 12 13 14 15 16 17]
2025-06-27 19:30:38,968{GMT}	INFO	[jepsen worker 2] jepsen.util: 2	:invoke	:broadcast	18
2025-06-27 19:30:38,971{GMT}	INFO	[jepsen worker 2] jepsen.util: 2	:ok	:broadcast	18
2025-06-27 19:30:39,063{GMT}	INFO	[jepsen worker 3] jepsen.util: 3	:invoke	:read	nil
2025-06-27 19:30:39,064{GMT}	INFO	[jepsen worker 3] jepsen.util: 3	:ok	:read	[0 1 2 3 4 5 6 7 8 9 10 11 12 13 14 15 16 17 18]
2025-06-27 19:30:39,154{GMT}	INFO	[jepsen worker 4] jepsen.util: 4	:invoke	:read	nil
2025-06-27 19:30:39,157{GMT}	INFO	[jepsen worker 4] jepsen.util: 4	:ok	:read	[0 1 2 3 4 5 6 7 8 9 10 11 12 13 14 15 16 17 18]
2025-06-27 19:30:39,279{GMT}	INFO	[jepsen worker 0] jepsen.util: 0	:invoke	:read	nil
2025-06-27 19:30:39,281{GMT}	INFO	[jepsen worker 0] jepsen.util: 0	:ok	:read	[0 1 2 3 4 5 6 7 8 9 10 11 12 13 14 15 16 17 18]
2025-06-27 19:30:39,456{GMT}	INFO	[jepsen worker 0] jepsen.util: 0	:invoke	:read	nil
2025-06-27 19:30:39,458{GMT}	INFO	[jepsen worker 0] jepsen.util: 0	:ok	:read	[0 1 2 3 4 5 6 7 8 9 10 11 12 13 14 15 16 17 18]
2025-06-27 19:30:39,492{GMT}	INFO	[jepsen worker 1] jepsen.util: 1	:invoke	:read	nil
2025-06-27 19:30:39,493{GMT}	INFO	[jepsen worker 1] jepsen.util: 1	:ok	:read	[0 1 2 3 4 5 6 7 8 9 10 11 12 13 14 15 16 17 18]
2025-06-27 19:30:39,659{GMT}	INFO	[jepsen worker 2] jepsen.util: 2	:invoke	:read	nil
2025-06-27 19:30:39,661{GMT}	INFO	[jepsen worker 2] jepsen.util: 2	:ok	:read	[0 1 2 3 4 5 6 7 8 9 10 11 12 13 14 15 16 17 18]
2025-06-27 19:30:39,675{GMT}	INFO	[jepsen worker 3] jepsen.util: 3	:invoke	:read	nil
2025-06-27 19:30:39,677{GMT}	INFO	[jepsen worker 3] jepsen.util: 3	:ok	:read	[0 1 2 3 4 5 6 7 8 9 10 11 12 13 14 15 16 17 18]
2025-06-27 19:30:39,684{GMT}	INFO	[jepsen worker 4] jepsen.util: 4	:invoke	:read	nil
2025-06-27 19:30:39,685{GMT}	INFO	[jepsen worker 4] jepsen.util: 4	:ok	:read	[0 1 2 3 4 5 6 7 8 9 10 11 12 13 14 15 16 17 18]
2025-06-27 19:30:39,803{GMT}	INFO	[jepsen worker 0] jepsen.util: 0	:invoke	:read	nil
2025-06-27 19:30:39,805{GMT}	INFO	[jepsen worker 0] jepsen.util: 0	:ok	:read	[0 1 2 3 4 5 6 7 8 9 10 11 12 13 14 15 16 17 18]
2025-06-27 19:30:39,930{GMT}	INFO	[jepsen worker 0] jepsen.util: 0	:invoke	:broadcast	19
2025-06-27 19:30:39,932{GMT}	INFO	[jepsen worker 0] jepsen.util: 0	:ok	:broadcast	19
2025-06-27 19:30:40,060{GMT}	INFO	[jepsen worker 1] jepsen.util: 1	:invoke	:broadcast	20
2025-06-27 19:30:40,062{GMT}	INFO	[jepsen worker 1] jepsen.util: 1	:ok	:broadcast	20
2025-06-27 19:30:40,106{GMT}	INFO	[jepsen worker 2] jepsen.util: 2	:invoke	:broadcast	21
2025-06-27 19:30:40,107{GMT}	INFO	[jepsen worker 2] jepsen.util: 2	:ok	:broadcast	21
2025-06-27 19:30:40,166{GMT}	INFO	[jepsen worker 3] jepsen.util: 3	:invoke	:broadcast	22
2025-06-27 19:30:40,167{GMT}	INFO	[jepsen worker 3] jepsen.util: 3	:ok	:broadcast	22
2025-06-27 19:30:40,304{GMT}	INFO	[jepsen worker 4] jepsen.util: 4	:invoke	:read	nil
2025-06-27 19:30:40,306{GMT}	INFO	[jepsen worker 4] jepsen.util: 4	:ok	:read	[0 1 2 3 4 5 6 7 8 9 10 11 12 13 14 15 16 17 18 19 20 21 22]
2025-06-27 19:30:40,508{GMT}	INFO	[jepsen worker 0] jepsen.util: 0	:invoke	:read	nil
2025-06-27 19:30:40,510{GMT}	INFO	[jepsen worker 0] jepsen.util: 0	:ok	:read	[0 1 2 3 4 5 6 7 8 9 10 11 12 13 14 15 16 17 18 19 20 21 22]
2025-06-27 19:30:40,664{GMT}	INFO	[jepsen worker 0] jepsen.util: 0	:invoke	:broadcast	23
2025-06-27 19:30:40,666{GMT}	INFO	[jepsen worker 0] jepsen.util: 0	:ok	:broadcast	23
2025-06-27 19:30:40,680{GMT}	INFO	[jepsen worker 1] jepsen.util: 1	:invoke	:read	nil
2025-06-27 19:30:40,681{GMT}	INFO	[jepsen worker 1] jepsen.util: 1	:ok	:read	[0 1 2 3 4 5 6 7 8 9 10 11 12 13 14 15 16 17 18 19 20 21 22 23]
2025-06-27 19:30:40,720{GMT}	INFO	[jepsen worker 2] jepsen.util: 2	:invoke	:read	nil
2025-06-27 19:30:40,720{GMT}	INFO	[jepsen worker 2] jepsen.util: 2	:ok	:read	[0 1 2 3 4 5 6 7 8 9 10 11 12 13 14 15 16 17 18 19 20 21 22 23]
2025-06-27 19:30:40,757{GMT}	INFO	[jepsen worker 3] jepsen.util: 3	:invoke	:broadcast	24
2025-06-27 19:30:40,757{GMT}	INFO	[jepsen worker 3] jepsen.util: 3	:ok	:broadcast	24
2025-06-27 19:30:40,783{GMT}	INFO	[jepsen worker 4] jepsen.util: 4	:invoke	:read	nil
2025-06-27 19:30:40,784{GMT}	INFO	[jepsen worker 4] jepsen.util: 4	:ok	:read	[0 1 2 3 4 5 6 7 8 9 10 11 12 13 14 15 16 17 18 19 20 21 22 23 24]
2025-06-27 19:30:40,796{GMT}	INFO	[jepsen worker 0] jepsen.util: 0	:invoke	:broadcast	25
2025-06-27 19:30:40,797{GMT}	INFO	[jepsen worker 0] jepsen.util: 0	:ok	:broadcast	25
2025-06-27 19:30:40,853{GMT}	INFO	[jepsen worker 0] jepsen.util: 0	:invoke	:read	nil
2025-06-27 19:30:40,854{GMT}	INFO	[jepsen worker 0] jepsen.util: 0	:ok	:read	[0 1 2 3 4 5 6 7 8 9 10 11 12 13 14 15 16 17 18 19 20 21 22 23 24 25]
2025-06-27 19:30:40,975{GMT}	INFO	[jepsen worker 1] jepsen.util: 1	:invoke	:read	nil
2025-06-27 19:30:40,977{GMT}	INFO	[jepsen worker 1] jepsen.util: 1	:ok	:read	[0 1 2 3 4 5 6 7 8 9 10 11 12 13 14 15 16 17 18 19 20 21 22 23 24 25]
2025-06-27 19:30:40,999{GMT}	INFO	[jepsen worker 2] jepsen.util: 2	:invoke	:read	nil
2025-06-27 19:30:41,001{GMT}	INFO	[jepsen worker 2] jepsen.util: 2	:ok	:read	[0 1 2 3 4 5 6 7 8 9 10 11 12 13 14 15 16 17 18 19 20 21 22 23 24 25]
2025-06-27 19:30:41,070{GMT}	INFO	[jepsen worker 3] jepsen.util: 3	:invoke	:broadcast	26
2025-06-27 19:30:41,074{GMT}	INFO	[jepsen worker 3] jepsen.util: 3	:ok	:broadcast	26
2025-06-27 19:30:41,261{GMT}	INFO	[jepsen worker 4] jepsen.util: 4	:invoke	:broadcast	27
2025-06-27 19:30:41,263{GMT}	INFO	[jepsen worker 4] jepsen.util: 4	:ok	:broadcast	27
2025-06-27 19:30:41,305{GMT}	INFO	[jepsen worker 0] jepsen.util: 0	:invoke	:broadcast	28
2025-06-27 19:30:41,306{GMT}	INFO	[jepsen worker 0] jepsen.util: 0	:ok	:broadcast	28
2025-06-27 19:30:41,376{GMT}	INFO	[jepsen worker 0] jepsen.util: 0	:invoke	:broadcast	29
2025-06-27 19:30:41,378{GMT}	INFO	[jepsen worker 0] jepsen.util: 0	:ok	:broadcast	29
2025-06-27 19:30:41,534{GMT}	INFO	[jepsen worker 1] jepsen.util: 1	:invoke	:read	nil
2025-06-27 19:30:41,536{GMT}	INFO	[jepsen worker 1] jepsen.util: 1	:ok	:read	[0 1 2 3 4 5 6 7 8 9 10 11 12 13 14 15 16 17 18 19 20 21 22 23 24 25 26 27 28 29]
2025-06-27 19:30:41,637{GMT}	INFO	[jepsen worker 2] jepsen.util: 2	:invoke	:broadcast	30
2025-06-27 19:30:41,639{GMT}	INFO	[jepsen worker 2] jepsen.util: 2	:ok	:broadcast	30
2025-06-27 19:30:41,788{GMT}	INFO	[jepsen worker 3] jepsen.util: 3	:invoke	:broadcast	31
2025-06-27 19:30:41,789{GMT}	INFO	[jepsen worker 3] jepsen.util: 3	:ok	:broadcast	31
2025-06-27 19:30:41,945{GMT}	INFO	[jepsen worker 4] jepsen.util: 4	:invoke	:read	nil
2025-06-27 19:30:41,947{GMT}	INFO	[jepsen worker 4] jepsen.util: 4	:ok	:read	[0 1 2 3 4 5 6 7 8 9 10 11 12 13 14 15 16 17 18 19 20 21 22 23 24 25 26 27 28 29 30 31]
2025-06-27 19:30:42,113{GMT}	INFO	[jepsen worker 0] jepsen.util: 0	:invoke	:read	nil
2025-06-27 19:30:42,114{GMT}	INFO	[jepsen worker 0] jepsen.util: 0	:ok	:read	[0 1 2 3 4 5 6 7 8 9 10 11 12 13 14 15 16 17 18 19 20 21 22 23 24 25 26 27 28 29 30 31]
2025-06-27 19:30:42,206{GMT}	INFO	[jepsen worker 0] jepsen.util: 0	:invoke	:read	nil
2025-06-27 19:30:42,207{GMT}	INFO	[jepsen worker 0] jepsen.util: 0	:ok	:read	[0 1 2 3 4 5 6 7 8 9 10 11 12 13 14 15 16 17 18 19 20 21 22 23 24 25 26 27 28 29 30 31]
2025-06-27 19:30:42,272{GMT}	INFO	[jepsen worker 1] jepsen.util: 1	:invoke	:broadcast	32
2025-06-27 19:30:42,273{GMT}	INFO	[jepsen worker 1] jepsen.util: 1	:ok	:broadcast	32
2025-06-27 19:30:42,360{GMT}	INFO	[jepsen worker 2] jepsen.util: 2	:invoke	:read	nil
2025-06-27 19:30:42,362{GMT}	INFO	[jepsen worker 2] jepsen.util: 2	:ok	:read	[0 1 2 3 4 5 6 7 8 9 10 11 12 13 14 15 16 17 18 19 20 21 22 23 24 25 26 27 28 29 30 31 32]
2025-06-27 19:30:42,503{GMT}	INFO	[jepsen worker 3] jepsen.util: 3	:invoke	:read	nil
2025-06-27 19:30:42,506{GMT}	INFO	[jepsen worker 3] jepsen.util: 3	:ok	:read	[0 1 2 3 4 5 6 7 8 9 10 11 12 13 14 15 16 17 18 19 20 21 22 23 24 25 26 27 28 29 30 31 32]
2025-06-27 19:30:42,558{GMT}	INFO	[jepsen worker 4] jepsen.util: 4	:invoke	:read	nil
2025-06-27 19:30:42,559{GMT}	INFO	[jepsen worker 4] jepsen.util: 4	:ok	:read	[0 1 2 3 4 5 6 7 8 9 10 11 12 13 14 15 16 17 18 19 20 21 22 23 24 25 26 27 28 29 30 31 32]
2025-06-27 19:30:42,756{GMT}	INFO	[jepsen worker 0] jepsen.util: 0	:invoke	:broadcast	33
2025-06-27 19:30:42,758{GMT}	INFO	[jepsen worker 0] jepsen.util: 0	:ok	:broadcast	33
2025-06-27 19:30:42,954{GMT}	INFO	[jepsen worker 0] jepsen.util: 0	:invoke	:broadcast	34
2025-06-27 19:30:42,956{GMT}	INFO	[jepsen worker 0] jepsen.util: 0	:ok	:broadcast	34
2025-06-27 19:30:43,114{GMT}	INFO	[jepsen worker 1] jepsen.util: 1	:invoke	:broadcast	35
2025-06-27 19:30:43,116{GMT}	INFO	[jepsen worker 1] jepsen.util: 1	:ok	:broadcast	35
2025-06-27 19:30:43,290{GMT}	INFO	[jepsen worker 2] jepsen.util: 2	:invoke	:broadcast	36
2025-06-27 19:30:43,292{GMT}	INFO	[jepsen worker 2] jepsen.util: 2	:ok	:broadcast	36
2025-06-27 19:30:43,464{GMT}	INFO	[jepsen worker 3] jepsen.util: 3	:invoke	:broadcast	37
2025-06-27 19:30:43,466{GMT}	INFO	[jepsen worker 3] jepsen.util: 3	:ok	:broadcast	37
2025-06-27 19:30:43,521{GMT}	INFO	[jepsen worker 4] jepsen.util: 4	:invoke	:read	nil
2025-06-27 19:30:43,522{GMT}	INFO	[jepsen worker 4] jepsen.util: 4	:ok	:read	[0 1 2 3 4 5 6 7 8 9 10 11 12 13 14 15 16 17 18 19 20 21 22 23 24 25 26 27 28 29 30 31 32 33 34 35 36 37]
2025-06-27 19:30:43,627{GMT}	INFO	[jepsen worker 0] jepsen.util: 0	:invoke	:read	nil
2025-06-27 19:30:43,629{GMT}	INFO	[jepsen worker 0] jepsen.util: 0	:ok	:read	[0 1 2 3 4 5 6 7 8 9 10 11 12 13 14 15 16 17 18 19 20 21 22 23 24 25 26 27 28 29 30 31 32 33 34 35 36 37]
2025-06-27 19:30:43,788{GMT}	INFO	[jepsen worker 0] jepsen.util: 0	:invoke	:read	nil
2025-06-27 19:30:43,790{GMT}	INFO	[jepsen worker 0] jepsen.util: 0	:ok	:read	[0 1 2 3 4 5 6 7 8 9 10 11 12 13 14 15 16 17 18 19 20 21 22 23 24 25 26 27 28 29 30 31 32 33 34 35 36 37]
2025-06-27 19:30:43,794{GMT}	INFO	[jepsen worker 1] jepsen.util: 1	:invoke	:read	nil
2025-06-27 19:30:43,795{GMT}	INFO	[jepsen worker 1] jepsen.util: 1	:ok	:read	[0 1 2 3 4 5 6 7 8 9 10 11 12 13 14 15 16 17 18 19 20 21 22 23 24 25 26 27 28 29 30 31 32 33 34 35 36 37]
2025-06-27 19:30:43,924{GMT}	INFO	[jepsen worker 2] jepsen.util: 2	:invoke	:read	nil
2025-06-27 19:30:43,926{GMT}	INFO	[jepsen worker 2] jepsen.util: 2	:ok	:read	[0 1 2 3 4 5 6 7 8 9 10 11 12 13 14 15 16 17 18 19 20 21 22 23 24 25 26 27 28 29 30 31 32 33 34 35 36 37]
2025-06-27 19:30:44,049{GMT}	INFO	[jepsen worker 3] jepsen.util: 3	:invoke	:read	nil
2025-06-27 19:30:44,050{GMT}	INFO	[jepsen worker 3] jepsen.util: 3	:ok	:read	[0 1 2 3 4 5 6 7 8 9 10 11 12 13 14 15 16 17 18 19 20 21 22 23 24 25 26 27 28 29 30 31 32 33 34 35 36 37]
2025-06-27 19:30:44,088{GMT}	INFO	[jepsen worker 4] jepsen.util: 4	:invoke	:read	nil
2025-06-27 19:30:44,090{GMT}	INFO	[jepsen worker 4] jepsen.util: 4	:ok	:read	[0 1 2 3 4 5 6 7 8 9 10 11 12 13 14 15 16 17 18 19 20 21 22 23 24 25 26 27 28 29 30 31 32 33 34 35 36 37]
2025-06-27 19:30:44,230{GMT}	INFO	[jepsen worker 1] jepsen.util: 1	:invoke	:read	nil
2025-06-27 19:30:44,230{GMT}	INFO	[jepsen worker 0] jepsen.util: 0	:invoke	:broadcast	38
2025-06-27 19:30:44,232{GMT}	INFO	[jepsen worker 0] jepsen.util: 0	:ok	:broadcast	38
2025-06-27 19:30:44,232{GMT}	INFO	[jepsen worker 1] jepsen.util: 1	:ok	:read	[0 1 2 3 4 5 6 7 8 9 10 11 12 13 14 15 16 17 18 19 20 21 22 23 24 25 26 27 28 29 30 31 32 33 34 35 36 37]
2025-06-27 19:30:44,430{GMT}	INFO	[jepsen worker 1] jepsen.util: 1	:invoke	:broadcast	39
2025-06-27 19:30:44,431{GMT}	INFO	[jepsen worker 1] jepsen.util: 1	:ok	:broadcast	39
2025-06-27 19:30:44,584{GMT}	INFO	[jepsen worker 2] jepsen.util: 2	:invoke	:broadcast	40
2025-06-27 19:30:44,585{GMT}	INFO	[jepsen worker 2] jepsen.util: 2	:ok	:broadcast	40
2025-06-27 19:30:44,697{GMT}	INFO	[jepsen worker 3] jepsen.util: 3	:invoke	:broadcast	41
2025-06-27 19:30:44,699{GMT}	INFO	[jepsen worker 3] jepsen.util: 3	:ok	:broadcast	41
2025-06-27 19:30:44,881{GMT}	INFO	[jepsen worker 4] jepsen.util: 4	:invoke	:read	nil
2025-06-27 19:30:44,883{GMT}	INFO	[jepsen worker 4] jepsen.util: 4	:ok	:read	[0 1 2 3 4 5 6 7 8 9 10 11 12 13 14 15 16 17 18 19 20 21 22 23 24 25 26 27 28 29 30 31 32 33 34 35 36 37 38 39 40 41]
2025-06-27 19:30:44,994{GMT}	INFO	[jepsen worker 0] jepsen.util: 0	:invoke	:broadcast	42
2025-06-27 19:30:44,997{GMT}	INFO	[jepsen worker 0] jepsen.util: 0	:ok	:broadcast	42
2025-06-27 19:30:45,194{GMT}	INFO	[jepsen worker 0] jepsen.util: 0	:invoke	:read	nil
2025-06-27 19:30:45,195{GMT}	INFO	[jepsen worker 0] jepsen.util: 0	:ok	:read	[0 1 2 3 4 5 6 7 8 9 10 11 12 13 14 15 16 17 18 19 20 21 22 23 24 25 26 27 28 29 30 31 32 33 34 35 36 37 38 39 40 41 42]
2025-06-27 19:30:45,304{GMT}	INFO	[jepsen worker 1] jepsen.util: 1	:invoke	:broadcast	43
2025-06-27 19:30:45,306{GMT}	INFO	[jepsen worker 1] jepsen.util: 1	:ok	:broadcast	43
2025-06-27 19:30:45,357{GMT}	INFO	[jepsen worker 2] jepsen.util: 2	:invoke	:read	nil
2025-06-27 19:30:45,360{GMT}	INFO	[jepsen worker 2] jepsen.util: 2	:ok	:read	[0 1 2 3 4 5 6 7 8 9 10 11 12 13 14 15 16 17 18 19 20 21 22 23 24 25 26 27 28 29 30 31 32 33 34 35 36 37 38 39 40 41 42 43]
2025-06-27 19:30:45,408{GMT}	INFO	[jepsen worker 3] jepsen.util: 3	:invoke	:read	nil
2025-06-27 19:30:45,410{GMT}	INFO	[jepsen worker 3] jepsen.util: 3	:ok	:read	[0 1 2 3 4 5 6 7 8 9 10 11 12 13 14 15 16 17 18 19 20 21 22 23 24 25 26 27 28 29 30 31 32 33 34 35 36 37 38 39 40 41 42 43]
2025-06-27 19:30:45,585{GMT}	INFO	[jepsen worker 4] jepsen.util: 4	:invoke	:broadcast	44
2025-06-27 19:30:45,587{GMT}	INFO	[jepsen worker 4] jepsen.util: 4	:ok	:broadcast	44
2025-06-27 19:30:45,641{GMT}	INFO	[jepsen worker 0] jepsen.util: 0	:invoke	:read	nil
2025-06-27 19:30:45,643{GMT}	INFO	[jepsen worker 0] jepsen.util: 0	:ok	:read	[0 1 2 3 4 5 6 7 8 9 10 11 12 13 14 15 16 17 18 19 20 21 22 23 24 25 26 27 28 29 30 31 32 33 34 35 36 37 38 39 40 41 42 43 44]
2025-06-27 19:30:45,646{GMT}	INFO	[jepsen worker 0] jepsen.util: 0	:invoke	:broadcast	45
2025-06-27 19:30:45,647{GMT}	INFO	[jepsen worker 0] jepsen.util: 0	:ok	:broadcast	45
2025-06-27 19:30:45,840{GMT}	INFO	[jepsen worker 1] jepsen.util: 1	:invoke	:broadcast	46
2025-06-27 19:30:45,842{GMT}	INFO	[jepsen worker 1] jepsen.util: 1	:ok	:broadcast	46
2025-06-27 19:30:45,981{GMT}	INFO	[jepsen worker 2] jepsen.util: 2	:invoke	:broadcast	47
2025-06-27 19:30:45,983{GMT}	INFO	[jepsen worker 2] jepsen.util: 2	:ok	:broadcast	47
2025-06-27 19:30:46,147{GMT}	INFO	[jepsen worker nemesis] jepsen.util: :nemesis	:info	:stop-partition	nil
2025-06-27 19:30:46,149{GMT}	INFO	[jepsen worker nemesis] jepsen.util: :nemesis	:info	:stop-partition	:network-healed
2025-06-27 19:30:46,166{GMT}	INFO	[jepsen worker 4] jepsen.util: 4	:invoke	:read	nil
2025-06-27 19:30:46,169{GMT}	INFO	[jepsen worker 4] jepsen.util: 4	:ok	:read	[0 1 2 3 4 5 6 7 8 9 10 11 12 13 14 15 16 17 18 19 20 21 22 23 24 25 26 27 28 29 30 31 32 33 34 35 36 37 38 39 40 41 42 43 44 45 46 47]
2025-06-27 19:30:46,309{GMT}	INFO	[jepsen worker 0] jepsen.util: 0	:invoke	:read	nil
2025-06-27 19:30:46,311{GMT}	INFO	[jepsen worker 0] jepsen.util: 0	:ok	:read	[0 1 2 3 4 5 6 7 8 9 10 11 12 13 14 15 16 17 18 19 20 21 22 23 24 25 26 27 28 29 30 31 32 33 34 35 36 37 38 39 40 41 42 43 44 45 46 47]
2025-06-27 19:30:46,480{GMT}	INFO	[jepsen worker 0] jepsen.util: 0	:invoke	:broadcast	48
2025-06-27 19:30:46,482{GMT}	INFO	[jepsen worker 0] jepsen.util: 0	:ok	:broadcast	48
2025-06-27 19:30:46,492{GMT}	INFO	[jepsen worker 1] jepsen.util: 1	:invoke	:read	nil
2025-06-27 19:30:46,493{GMT}	INFO	[jepsen worker 1] jepsen.util: 1	:ok	:read	[0 1 2 3 4 5 6 7 8 9 10 11 12 13 14 15 16 17 18 19 20 21 22 23 24 25 26 27 28 29 30 31 32 33 34 35 36 37 38 39 40 41 42 43 44 45 46 47 48]
2025-06-27 19:30:46,498{GMT}	INFO	[jepsen worker 2] jepsen.util: 2	:invoke	:broadcast	49
2025-06-27 19:30:46,499{GMT}	INFO	[jepsen worker 2] jepsen.util: 2	:ok	:broadcast	49
2025-06-27 19:30:46,694{GMT}	INFO	[jepsen worker 3] jepsen.util: 3	:invoke	:broadcast	50
2025-06-27 19:30:46,696{GMT}	INFO	[jepsen worker 3] jepsen.util: 3	:ok	:broadcast	50
2025-06-27 19:30:46,851{GMT}	INFO	[jepsen worker 4] jepsen.util: 4	:invoke	:broadcast	51
2025-06-27 19:30:46,852{GMT}	INFO	[jepsen worker 4] jepsen.util: 4	:ok	:broadcast	51
2025-06-27 19:30:46,965{GMT}	INFO	[jepsen worker 0] jepsen.util: 0	:invoke	:read	nil
2025-06-27 19:30:46,967{GMT}	INFO	[jepsen worker 0] jepsen.util: 0	:ok	:read	[0 1 2 3 4 5 6 7 8 9 10 11 12 13 14 15 16 17 18 19 20 21 22 23 24 25 26 27 28 29 30 31 32 33 34 35 36 37 38 39 40 41 42 43 44 45 46 47 48 49 50 51]
2025-06-27 19:30:47,141{GMT}	INFO	[jepsen worker 0] jepsen.util: 0	:invoke	:broadcast	52
2025-06-27 19:30:47,143{GMT}	INFO	[jepsen worker 0] jepsen.util: 0	:ok	:broadcast	52
2025-06-27 19:30:47,194{GMT}	INFO	[jepsen worker 1] jepsen.util: 1	:invoke	:read	nil
2025-06-27 19:30:47,196{GMT}	INFO	[jepsen worker 1] jepsen.util: 1	:ok	:read	[0 1 2 3 4 5 6 7 8 9 10 11 12 13 14 15 16 17 18 19 20 21 22 23 24 25 26 27 28 29 30 31 32 33 34 35 36 37 38 39 40 41 42 43 44 45 46 47 48 49 50 51 52]
2025-06-27 19:30:47,209{GMT}	INFO	[jepsen worker 2] jepsen.util: 2	:invoke	:broadcast	53
2025-06-27 19:30:47,210{GMT}	INFO	[jepsen worker 2] jepsen.util: 2	:ok	:broadcast	53
2025-06-27 19:30:47,257{GMT}	INFO	[jepsen worker 3] jepsen.util: 3	:invoke	:read	nil
2025-06-27 19:30:47,259{GMT}	INFO	[jepsen worker 3] jepsen.util: 3	:ok	:read	[0 1 2 3 4 5 6 7 8 9 10 11 12 13 14 15 16 17 18 19 20 21 22 23 24 25 26 27 28 29 30 31 32 33 34 35 36 37 38 39 40 41 42 43 44 45 46 47 48 49 50 51 52 53]
2025-06-27 19:30:47,398{GMT}	INFO	[jepsen worker 4] jepsen.util: 4	:invoke	:read	nil
2025-06-27 19:30:47,400{GMT}	INFO	[jepsen worker 4] jepsen.util: 4	:ok	:read	[0 1 2 3 4 5 6 7 8 9 10 11 12 13 14 15 16 17 18 19 20 21 22 23 24 25 26 27 28 29 30 31 32 33 34 35 36 37 38 39 40 41 42 43 44 45 46 47 48 49 50 51 52 53]
2025-06-27 19:30:47,437{GMT}	INFO	[jepsen worker 0] jepsen.util: 0	:invoke	:broadcast	54
2025-06-27 19:30:47,439{GMT}	INFO	[jepsen worker 0] jepsen.util: 0	:ok	:broadcast	54
2025-06-27 19:30:47,463{GMT}	INFO	[jepsen worker 0] jepsen.util: 0	:invoke	:broadcast	55
2025-06-27 19:30:47,464{GMT}	INFO	[jepsen worker 0] jepsen.util: 0	:ok	:broadcast	55
2025-06-27 19:30:47,529{GMT}	INFO	[jepsen worker 1] jepsen.util: 1	:invoke	:read	nil
2025-06-27 19:30:47,532{GMT}	INFO	[jepsen worker 1] jepsen.util: 1	:ok	:read	[0 1 2 3 4 5 6 7 8 9 10 11 12 13 14 15 16 17 18 19 20 21 22 23 24 25 26 27 28 29 30 31 32 33 34 35 36 37 38 39 40 41 42 43 44 45 46 47 48 49 50 51 52 53 54 55]
2025-06-27 19:30:47,647{GMT}	INFO	[jepsen worker 2] jepsen.util: 2	:invoke	:read	nil
2025-06-27 19:30:47,650{GMT}	INFO	[jepsen worker 2] jepsen.util: 2	:ok	:read	[0 1 2 3 4 5 6 7 8 9 10 11 12 13 14 15 16 17 18 19 20 21 22 23 24 25 26 27 28 29 30 31 32 33 34 35 36 37 38 39 40 41 42 43 44 45 46 47 48 49 50 51 52 53 54 55]
2025-06-27 19:30:47,697{GMT}	INFO	[jepsen worker 3] jepsen.util: 3	:invoke	:broadcast	56
2025-06-27 19:30:47,699{GMT}	INFO	[jepsen worker 3] jepsen.util: 3	:ok	:broadcast	56
2025-06-27 19:30:47,758{GMT}	INFO	[jepsen worker 4] jepsen.util: 4	:invoke	:read	nil
2025-06-27 19:30:47,760{GMT}	INFO	[jepsen worker 4] jepsen.util: 4	:ok	:read	[0 1 2 3 4 5 6 7 8 9 10 11 12 13 14 15 16 17 18 19 20 21 22 23 24 25 26 27 28 29 30 31 32 33 34 35 36 37 38 39 40 41 42 43 44 45 46 47 48 49 50 51 52 53 54 55 56]
2025-06-27 19:30:47,956{GMT}	INFO	[jepsen worker 0] jepsen.util: 0	:invoke	:broadcast	57
2025-06-27 19:30:47,958{GMT}	INFO	[jepsen worker 0] jepsen.util: 0	:ok	:broadcast	57
2025-06-27 19:30:48,023{GMT}	INFO	[jepsen worker 0] jepsen.util: 0	:invoke	:broadcast	58
2025-06-27 19:30:48,025{GMT}	INFO	[jepsen worker 0] jepsen.util: 0	:ok	:broadcast	58
2025-06-27 19:30:48,117{GMT}	INFO	[jepsen worker 1] jepsen.util: 1	:invoke	:broadcast	59
2025-06-27 19:30:48,119{GMT}	INFO	[jepsen worker 1] jepsen.util: 1	:ok	:broadcast	59
2025-06-27 19:30:48,207{GMT}	INFO	[jepsen worker 2] jepsen.util: 2	:invoke	:read	nil
2025-06-27 19:30:48,210{GMT}	INFO	[jepsen worker 2] jepsen.util: 2	:ok	:read	[0 1 2 3 4 5 6 7 8 9 10 11 12 13 14 15 16 17 18 19 20 21 22 23 24 25 26 27 28 29 30 31 32 33 34 35 36 37 38 39 40 41 42 43 44 45 46 47 48 49 50 51 52 53 54 55 56 57 58 59]
2025-06-27 19:30:48,340{GMT}	INFO	[jepsen worker 3] jepsen.util: 3	:invoke	:read	nil
2025-06-27 19:30:48,342{GMT}	INFO	[jepsen worker 3] jepsen.util: 3	:ok	:read	[0 1 2 3 4 5 6 7 8 9 10 11 12 13 14 15 16 17 18 19 20 21 22 23 24 25 26 27 28 29 30 31 32 33 34 35 36 37 38 39 40 41 42 43 44 45 46 47 48 49 50 51 52 53 54 55 56 57 58 59]
2025-06-27 19:30:48,542{GMT}	INFO	[jepsen worker 4] jepsen.util: 4	:invoke	:broadcast	60
2025-06-27 19:30:48,544{GMT}	INFO	[jepsen worker 4] jepsen.util: 4	:ok	:broadcast	60
2025-06-27 19:30:48,741{GMT}	INFO	[jepsen worker 0] jepsen.util: 0	:invoke	:broadcast	61
2025-06-27 19:30:48,742{GMT}	INFO	[jepsen worker 0] jepsen.util: 0	:ok	:broadcast	61
2025-06-27 19:30:48,854{GMT}	INFO	[jepsen worker 0] jepsen.util: 0	:invoke	:read	nil
2025-06-27 19:30:48,856{GMT}	INFO	[jepsen worker 0] jepsen.util: 0	:ok	:read	[0 1 2 3 4 5 6 7 8 9 10 11 12 13 14 15 16 17 18 19 20 21 22 23 24 25 26 27 28 29 30 31 32 33 34 35 36 37 38 39 40 41 42 43 44 45 46 47 48 49 50 51 52 53 54 55 56 57 58 59 60 61]
2025-06-27 19:30:49,020{GMT}	INFO	[jepsen worker 1] jepsen.util: 1	:invoke	:broadcast	62
2025-06-27 19:30:49,022{GMT}	INFO	[jepsen worker 1] jepsen.util: 1	:ok	:broadcast	62
2025-06-27 19:30:49,039{GMT}	INFO	[jepsen worker 2] jepsen.util: 2	:invoke	:read	nil
2025-06-27 19:30:49,040{GMT}	INFO	[jepsen worker 2] jepsen.util: 2	:ok	:read	[0 1 2 3 4 5 6 7 8 9 10 11 12 13 14 15 16 17 18 19 20 21 22 23 24 25 26 27 28 29 30 31 32 33 34 35 36 37 38 39 40 41 42 43 44 45 46 47 48 49 50 51 52 53 54 55 56 57 58 59 60 61 62]
2025-06-27 19:30:49,075{GMT}	INFO	[jepsen worker 3] jepsen.util: 3	:invoke	:read	nil
2025-06-27 19:30:49,077{GMT}	INFO	[jepsen worker 3] jepsen.util: 3	:ok	:read	[0 1 2 3 4 5 6 7 8 9 10 11 12 13 14 15 16 17 18 19 20 21 22 23 24 25 26 27 28 29 30 31 32 33 34 35 36 37 38 39 40 41 42 43 44 45 46 47 48 49 50 51 52 53 54 55 56 57 58 59 60 61 62]
2025-06-27 19:30:49,166{GMT}	INFO	[jepsen worker 4] jepsen.util: 4	:invoke	:broadcast	63
2025-06-27 19:30:49,168{GMT}	INFO	[jepsen worker 4] jepsen.util: 4	:ok	:broadcast	63
2025-06-27 19:30:49,342{GMT}	INFO	[jepsen worker 0] jepsen.util: 0	:invoke	:read	nil
2025-06-27 19:30:49,344{GMT}	INFO	[jepsen worker 0] jepsen.util: 0	:ok	:read	[0 1 2 3 4 5 6 7 8 9 10 11 12 13 14 15 16 17 18 19 20 21 22 23 24 25 26 27 28 29 30 31 32 33 34 35 36 37 38 39 40 41 42 43 44 45 46 47 48 49 50 51 52 53 54 55 56 57 58 59 60 61 62 63]
2025-06-27 19:30:49,408{GMT}	INFO	[jepsen worker 0] jepsen.util: 0	:invoke	:broadcast	64
2025-06-27 19:30:49,410{GMT}	INFO	[jepsen worker 0] jepsen.util: 0	:ok	:broadcast	64
2025-06-27 19:30:49,420{GMT}	INFO	[jepsen worker 1] jepsen.util: 1	:invoke	:read	nil
2025-06-27 19:30:49,422{GMT}	INFO	[jepsen worker 1] jepsen.util: 1	:ok	:read	[0 1 2 3 4 5 6 7 8 9 10 11 12 13 14 15 16 17 18 19 20 21 22 23 24 25 26 27 28 29 30 31 32 33 34 35 36 37 38 39 40 41 42 43 44 45 46 47 48 49 50 51 52 53 54 55 56 57 58 59 60 61 62 63 64]
2025-06-27 19:30:49,432{GMT}	INFO	[jepsen worker 2] jepsen.util: 2	:invoke	:broadcast	65
2025-06-27 19:30:49,432{GMT}	INFO	[jepsen worker 2] jepsen.util: 2	:ok	:broadcast	65
2025-06-27 19:30:49,494{GMT}	INFO	[jepsen worker 3] jepsen.util: 3	:invoke	:broadcast	66
2025-06-27 19:30:49,495{GMT}	INFO	[jepsen worker 3] jepsen.util: 3	:ok	:broadcast	66
2025-06-27 19:30:49,502{GMT}	INFO	[jepsen worker 4] jepsen.util: 4	:invoke	:broadcast	67
2025-06-27 19:30:49,502{GMT}	INFO	[jepsen worker 4] jepsen.util: 4	:ok	:broadcast	67
2025-06-27 19:30:49,543{GMT}	INFO	[jepsen worker 0] jepsen.util: 0	:invoke	:read	nil
2025-06-27 19:30:49,544{GMT}	INFO	[jepsen worker 0] jepsen.util: 0	:ok	:read	[0 1 2 3 4 5 6 7 8 9 10 11 12 13 14 15 16 17 18 19 20 21 22 23 24 25 26 27 28 29 30 31 32 33 34 35 36 37 38 39 40 41 42 43 44 45 46 47 48 49 50 51 52 53 54 55 56 57 58 59 60 61 62 63 64 65 66 67]
2025-06-27 19:30:49,647{GMT}	INFO	[jepsen worker 0] jepsen.util: 0	:invoke	:read	nil
2025-06-27 19:30:49,648{GMT}	INFO	[jepsen worker 0] jepsen.util: 0	:ok	:read	[0 1 2 3 4 5 6 7 8 9 10 11 12 13 14 15 16 17 18 19 20 21 22 23 24 25 26 27 28 29 30 31 32 33 34 35 36 37 38 39 40 41 42 43 44 45 46 47 48 49 50 51 52 53 54 55 56 57 58 59 60 61 62 63 64 65 66 67]
2025-06-27 19:30:49,660{GMT}	INFO	[jepsen worker 1] jepsen.util: 1	:invoke	:broadcast	68
2025-06-27 19:30:49,661{GMT}	INFO	[jepsen worker 1] jepsen.util: 1	:ok	:broadcast	68
2025-06-27 19:30:49,706{GMT}	INFO	[jepsen worker 2] jepsen.util: 2	:invoke	:read	nil
2025-06-27 19:30:49,706{GMT}	INFO	[jepsen worker 2] jepsen.util: 2	:ok	:read	[0 1 2 3 4 5 6 7 8 9 10 11 12 13 14 15 16 17 18 19 20 21 22 23 24 25 26 27 28 29 30 31 32 33 34 35 36 37 38 39 40 41 42 43 44 45 46 47 48 49 50 51 52 53 54 55 56 57 58 59 60 61 62 63 64 65 66 67 68]
2025-06-27 19:30:49,711{GMT}	INFO	[jepsen worker 3] jepsen.util: 3	:invoke	:read	nil
2025-06-27 19:30:49,711{GMT}	INFO	[jepsen worker 3] jepsen.util: 3	:ok	:read	[0 1 2 3 4 5 6 7 8 9 10 11 12 13 14 15 16 17 18 19 20 21 22 23 24 25 26 27 28 29 30 31 32 33 34 35 36 37 38 39 40 41 42 43 44 45 46 47 48 49 50 51 52 53 54 55 56 57 58 59 60 61 62 63 64 65 66 67 68]
2025-06-27 19:30:49,886{GMT}	INFO	[jepsen worker 4] jepsen.util: 4	:invoke	:read	nil
2025-06-27 19:30:49,888{GMT}	INFO	[jepsen worker 4] jepsen.util: 4	:ok	:read	[0 1 2 3 4 5 6 7 8 9 10 11 12 13 14 15 16 17 18 19 20 21 22 23 24 25 26 27 28 29 30 31 32 33 34 35 36 37 38 39 40 41 42 43 44 45 46 47 48 49 50 51 52 53 54 55 56 57 58 59 60 61 62 63 64 65 66 67 68]
2025-06-27 19:30:50,077{GMT}	INFO	[jepsen worker 0] jepsen.util: 0	:invoke	:broadcast	69
2025-06-27 19:30:50,079{GMT}	INFO	[jepsen worker 0] jepsen.util: 0	:ok	:broadcast	69
2025-06-27 19:30:50,191{GMT}	INFO	[jepsen worker 0] jepsen.util: 0	:invoke	:broadcast	70
2025-06-27 19:30:50,193{GMT}	INFO	[jepsen worker 0] jepsen.util: 0	:ok	:broadcast	70
2025-06-27 19:30:50,369{GMT}	INFO	[jepsen worker 1] jepsen.util: 1	:invoke	:read	nil
2025-06-27 19:30:50,371{GMT}	INFO	[jepsen worker 1] jepsen.util: 1	:ok	:read	[0 1 2 3 4 5 6 7 8 9 10 11 12 13 14 15 16 17 18 19 20 21 22 23 24 25 26 27 28 29 30 31 32 33 34 35 36 37 38 39 40 41 42 43 44 45 46 47 48 49 50 51 52 53 54 55 56 57 58 59 60 61 62 63 64 65 66 67 68 69 70]
2025-06-27 19:30:50,462{GMT}	INFO	[jepsen worker 2] jepsen.util: 2	:invoke	:read	nil
2025-06-27 19:30:50,464{GMT}	INFO	[jepsen worker 2] jepsen.util: 2	:ok	:read	[0 1 2 3 4 5 6 7 8 9 10 11 12 13 14 15 16 17 18 19 20 21 22 23 24 25 26 27 28 29 30 31 32 33 34 35 36 37 38 39 40 41 42 43 44 45 46 47 48 49 50 51 52 53 54 55 56 57 58 59 60 61 62 63 64 65 66 67 68 69 70]
2025-06-27 19:30:50,591{GMT}	INFO	[jepsen worker 3] jepsen.util: 3	:invoke	:read	nil
2025-06-27 19:30:50,594{GMT}	INFO	[jepsen worker 3] jepsen.util: 3	:ok	:read	[0 1 2 3 4 5 6 7 8 9 10 11 12 13 14 15 16 17 18 19 20 21 22 23 24 25 26 27 28 29 30 31 32 33 34 35 36 37 38 39 40 41 42 43 44 45 46 47 48 49 50 51 52 53 54 55 56 57 58 59 60 61 62 63 64 65 66 67 68 69 70]
2025-06-27 19:30:50,659{GMT}	INFO	[jepsen worker 4] jepsen.util: 4	:invoke	:broadcast	71
2025-06-27 19:30:50,660{GMT}	INFO	[jepsen worker 4] jepsen.util: 4	:ok	:broadcast	71
2025-06-27 19:30:50,773{GMT}	INFO	[jepsen worker 0] jepsen.util: 0	:invoke	:read	nil
2025-06-27 19:30:50,775{GMT}	INFO	[jepsen worker 0] jepsen.util: 0	:ok	:read	[0 1 2 3 4 5 6 7 8 9 10 11 12 13 14 15 16 17 18 19 20 21 22 23 24 25 26 27 28 29 30 31 32 33 34 35 36 37 38 39 40 41 42 43 44 45 46 47 48 49 50 51 52 53 54 55 56 57 58 59 60 61 62 63 64 65 66 67 68 69 70 71]
2025-06-27 19:30:50,880{GMT}	INFO	[jepsen worker 0] jepsen.util: 0	:invoke	:broadcast	72
2025-06-27 19:30:50,882{GMT}	INFO	[jepsen worker 0] jepsen.util: 0	:ok	:broadcast	72
2025-06-27 19:30:51,021{GMT}	INFO	[jepsen worker 1] jepsen.util: 1	:invoke	:read	nil
2025-06-27 19:30:51,023{GMT}	INFO	[jepsen worker 1] jepsen.util: 1	:ok	:read	[0 1 2 3 4 5 6 7 8 9 10 11 12 13 14 15 16 17 18 19 20 21 22 23 24 25 26 27 28 29 30 31 32 33 34 35 36 37 38 39 40 41 42 43 44 45 46 47 48 49 50 51 52 53 54 55 56 57 58 59 60 61 62 63 64 65 66 67 68 69 70 71 72]
2025-06-27 19:30:51,162{GMT}	INFO	[jepsen worker 2] jepsen.util: 2	:invoke	:read	nil
2025-06-27 19:30:51,165{GMT}	INFO	[jepsen worker 2] jepsen.util: 2	:ok	:read	[0 1 2 3 4 5 6 7 8 9 10 11 12 13 14 15 16 17 18 19 20 21 22 23 24 25 26 27 28 29 30 31 32 33 34 35 36 37 38 39 40 41 42 43 44 45 46 47 48 49 50 51 52 53 54 55 56 57 58 59 60 61 62 63 64 65 66 67 68 69 70 71 72]
2025-06-27 19:30:51,291{GMT}	INFO	[jepsen worker 3] jepsen.util: 3	:invoke	:read	nil
2025-06-27 19:30:51,293{GMT}	INFO	[jepsen worker 3] jepsen.util: 3	:ok	:read	[0 1 2 3 4 5 6 7 8 9 10 11 12 13 14 15 16 17 18 19 20 21 22 23 24 25 26 27 28 29 30 31 32 33 34 35 36 37 38 39 40 41 42 43 44 45 46 47 48 49 50 51 52 53 54 55 56 57 58 59 60 61 62 63 64 65 66 67 68 69 70 71 72]
2025-06-27 19:30:51,447{GMT}	INFO	[jepsen worker 4] jepsen.util: 4	:invoke	:read	nil
2025-06-27 19:30:51,450{GMT}	INFO	[jepsen worker 4] jepsen.util: 4	:ok	:read	[0 1 2 3 4 5 6 7 8 9 10 11 12 13 14 15 16 17 18 19 20 21 22 23 24 25 26 27 28 29 30 31 32 33 34 35 36 37 38 39 40 41 42 43 44 45 46 47 48 49 50 51 52 53 54 55 56 57 58 59 60 61 62 63 64 65 66 67 68 69 70 71 72]
2025-06-27 19:30:51,630{GMT}	INFO	[jepsen worker 0] jepsen.util: 0	:invoke	:read	nil
2025-06-27 19:30:51,632{GMT}	INFO	[jepsen worker 0] jepsen.util: 0	:ok	:read	[0 1 2 3 4 5 6 7 8 9 10 11 12 13 14 15 16 17 18 19 20 21 22 23 24 25 26 27 28 29 30 31 32 33 34 35 36 37 38 39 40 41 42 43 44 45 46 47 48 49 50 51 52 53 54 55 56 57 58 59 60 61 62 63 64 65 66 67 68 69 70 71 72]
2025-06-27 19:30:51,700{GMT}	INFO	[jepsen worker 0] jepsen.util: 0	:invoke	:broadcast	73
2025-06-27 19:30:51,702{GMT}	INFO	[jepsen worker 0] jepsen.util: 0	:ok	:broadcast	73
2025-06-27 19:30:51,904{GMT}	INFO	[jepsen worker 1] jepsen.util: 1	:invoke	:read	nil
2025-06-27 19:30:51,906{GMT}	INFO	[jepsen worker 1] jepsen.util: 1	:ok	:read	[0 1 2 3 4 5 6 7 8 9 10 11 12 13 14 15 16 17 18 19 20 21 22 23 24 25 26 27 28 29 30 31 32 33 34 35 36 37 38 39 40 41 42 43 44 45 46 47 48 49 50 51 52 53 54 55 56 57 58 59 60 61 62 63 64 65 66 67 68 69 70 71 72 73]
2025-06-27 19:30:51,949{GMT}	INFO	[jepsen worker 2] jepsen.util: 2	:invoke	:broadcast	74
2025-06-27 19:30:51,950{GMT}	INFO	[jepsen worker 2] jepsen.util: 2	:ok	:broadcast	74
2025-06-27 19:30:52,025{GMT}	INFO	[jepsen worker 3] jepsen.util: 3	:invoke	:read	nil
2025-06-27 19:30:52,027{GMT}	INFO	[jepsen worker 3] jepsen.util: 3	:ok	:read	[0 1 2 3 4 5 6 7 8 9 10 11 12 13 14 15 16 17 18 19 20 21 22 23 24 25 26 27 28 29 30 31 32 33 34 35 36 37 38 39 40 41 42 43 44 45 46 47 48 49 50 51 52 53 54 55 56 57 58 59 60 61 62 63 64 65 66 67 68 69 70 71 72 73 74]
2025-06-27 19:30:52,064{GMT}	INFO	[jepsen worker 4] jepsen.util: 4	:invoke	:broadcast	75
2025-06-27 19:30:52,065{GMT}	INFO	[jepsen worker 4] jepsen.util: 4	:ok	:broadcast	75
2025-06-27 19:30:52,254{GMT}	INFO	[jepsen worker 0] jepsen.util: 0	:invoke	:read	nil
2025-06-27 19:30:52,255{GMT}	INFO	[jepsen worker 0] jepsen.util: 0	:ok	:read	[0 1 2 3 4 5 6 7 8 9 10 11 12 13 14 15 16 17 18 19 20 21 22 23 24 25 26 27 28 29 30 31 32 33 34 35 36 37 38 39 40 41 42 43 44 45 46 47 48 49 50 51 52 53 54 55 56 57 58 59 60 61 62 63 64 65 66 67 68 69 70 71 72 73 74 75]
2025-06-27 19:30:52,259{GMT}	INFO	[jepsen worker 0] jepsen.util: 0	:invoke	:broadcast	76
2025-06-27 19:30:52,260{GMT}	INFO	[jepsen worker 0] jepsen.util: 0	:ok	:broadcast	76
2025-06-27 19:30:52,396{GMT}	INFO	[jepsen worker 1] jepsen.util: 1	:invoke	:read	nil
2025-06-27 19:30:52,397{GMT}	INFO	[jepsen worker 1] jepsen.util: 1	:ok	:read	[0 1 2 3 4 5 6 7 8 9 10 11 12 13 14 15 16 17 18 19 20 21 22 23 24 25 26 27 28 29 30 31 32 33 34 35 36 37 38 39 40 41 42 43 44 45 46 47 48 49 50 51 52 53 54 55 56 57 58 59 60 61 62 63 64 65 66 67 68 69 70 71 72 73 74 75 76]
2025-06-27 19:30:52,524{GMT}	INFO	[jepsen worker 2] jepsen.util: 2	:invoke	:broadcast	77
2025-06-27 19:30:52,525{GMT}	INFO	[jepsen worker 2] jepsen.util: 2	:ok	:broadcast	77
2025-06-27 19:30:52,580{GMT}	INFO	[jepsen worker 3] jepsen.util: 3	:invoke	:read	nil
2025-06-27 19:30:52,583{GMT}	INFO	[jepsen worker 3] jepsen.util: 3	:ok	:read	[0 1 2 3 4 5 6 7 8 9 10 11 12 13 14 15 16 17 18 19 20 21 22 23 24 25 26 27 28 29 30 31 32 33 34 35 36 37 38 39 40 41 42 43 44 45 46 47 48 49 50 51 52 53 54 55 56 57 58 59 60 61 62 63 64 65 66 67 68 69 70 71 72 73 74 75 76 77]
2025-06-27 19:30:52,734{GMT}	INFO	[jepsen worker 4] jepsen.util: 4	:invoke	:read	nil
2025-06-27 19:30:52,737{GMT}	INFO	[jepsen worker 4] jepsen.util: 4	:ok	:read	[0 1 2 3 4 5 6 7 8 9 10 11 12 13 14 15 16 17 18 19 20 21 22 23 24 25 26 27 28 29 30 31 32 33 34 35 36 37 38 39 40 41 42 43 44 45 46 47 48 49 50 51 52 53 54 55 56 57 58 59 60 61 62 63 64 65 66 67 68 69 70 71 72 73 74 75 76 77]
2025-06-27 19:30:52,790{GMT}	INFO	[jepsen worker 0] jepsen.util: 0	:invoke	:read	nil
2025-06-27 19:30:52,792{GMT}	INFO	[jepsen worker 0] jepsen.util: 0	:ok	:read	[0 1 2 3 4 5 6 7 8 9 10 11 12 13 14 15 16 17 18 19 20 21 22 23 24 25 26 27 28 29 30 31 32 33 34 35 36 37 38 39 40 41 42 43 44 45 46 47 48 49 50 51 52 53 54 55 56 57 58 59 60 61 62 63 64 65 66 67 68 69 70 71 72 73 74 75 76 77]
2025-06-27 19:30:52,950{GMT}	INFO	[jepsen worker 0] jepsen.util: 0	:invoke	:broadcast	78
2025-06-27 19:30:52,951{GMT}	INFO	[jepsen worker 0] jepsen.util: 0	:ok	:broadcast	78
2025-06-27 19:30:53,151{GMT}	INFO	[jepsen worker 1] jepsen.util: 1	:invoke	:read	nil
2025-06-27 19:30:53,155{GMT}	INFO	[jepsen worker 1] jepsen.util: 1	:ok	:read	[0 1 2 3 4 5 6 7 8 9 10 11 12 13 14 15 16 17 18 19 20 21 22 23 24 25 26 27 28 29 30 31 32 33 34 35 36 37 38 39 40 41 42 43 44 45 46 47 48 49 50 51 52 53 54 55 56 57 58 59 60 61 62 63 64 65 66 67 68 69 70 71 72 73 74 75 76 77 78]
2025-06-27 19:30:53,229{GMT}	INFO	[jepsen worker 2] jepsen.util: 2	:invoke	:read	nil
2025-06-27 19:30:53,232{GMT}	INFO	[jepsen worker 2] jepsen.util: 2	:ok	:read	[0 1 2 3 4 5 6 7 8 9 10 11 12 13 14 15 16 17 18 19 20 21 22 23 24 25 26 27 28 29 30 31 32 33 34 35 36 37 38 39 40 41 42 43 44 45 46 47 48 49 50 51 52 53 54 55 56 57 58 59 60 61 62 63 64 65 66 67 68 69 70 71 72 73 74 75 76 77 78]
2025-06-27 19:30:53,340{GMT}	INFO	[jepsen worker 3] jepsen.util: 3	:invoke	:read	nil
2025-06-27 19:30:53,342{GMT}	INFO	[jepsen worker 3] jepsen.util: 3	:ok	:read	[0 1 2 3 4 5 6 7 8 9 10 11 12 13 14 15 16 17 18 19 20 21 22 23 24 25 26 27 28 29 30 31 32 33 34 35 36 37 38 39 40 41 42 43 44 45 46 47 48 49 50 51 52 53 54 55 56 57 58 59 60 61 62 63 64 65 66 67 68 69 70 71 72 73 74 75 76 77 78]
2025-06-27 19:30:53,541{GMT}	INFO	[jepsen worker 4] jepsen.util: 4	:invoke	:read	nil
2025-06-27 19:30:53,543{GMT}	INFO	[jepsen worker 4] jepsen.util: 4	:ok	:read	[0 1 2 3 4 5 6 7 8 9 10 11 12 13 14 15 16 17 18 19 20 21 22 23 24 25 26 27 28 29 30 31 32 33 34 35 36 37 38 39 40 41 42 43 44 45 46 47 48 49 50 51 52 53 54 55 56 57 58 59 60 61 62 63 64 65 66 67 68 69 70 71 72 73 74 75 76 77 78]
2025-06-27 19:30:53,721{GMT}	INFO	[jepsen worker 0] jepsen.util: 0	:invoke	:read	nil
2025-06-27 19:30:53,723{GMT}	INFO	[jepsen worker 0] jepsen.util: 0	:ok	:read	[0 1 2 3 4 5 6 7 8 9 10 11 12 13 14 15 16 17 18 19 20 21 22 23 24 25 26 27 28 29 30 31 32 33 34 35 36 37 38 39 40 41 42 43 44 45 46 47 48 49 50 51 52 53 54 55 56 57 58 59 60 61 62 63 64 65 66 67 68 69 70 71 72 73 74 75 76 77 78]
2025-06-27 19:30:53,770{GMT}	INFO	[jepsen worker 0] jepsen.util: 0	:invoke	:read	nil
2025-06-27 19:30:53,771{GMT}	INFO	[jepsen worker 0] jepsen.util: 0	:ok	:read	[0 1 2 3 4 5 6 7 8 9 10 11 12 13 14 15 16 17 18 19 20 21 22 23 24 25 26 27 28 29 30 31 32 33 34 35 36 37 38 39 40 41 42 43 44 45 46 47 48 49 50 51 52 53 54 55 56 57 58 59 60 61 62 63 64 65 66 67 68 69 70 71 72 73 74 75 76 77 78]
2025-06-27 19:30:53,891{GMT}	INFO	[jepsen worker 1] jepsen.util: 1	:invoke	:read	nil
2025-06-27 19:30:53,893{GMT}	INFO	[jepsen worker 1] jepsen.util: 1	:ok	:read	[0 1 2 3 4 5 6 7 8 9 10 11 12 13 14 15 16 17 18 19 20 21 22 23 24 25 26 27 28 29 30 31 32 33 34 35 36 37 38 39 40 41 42 43 44 45 46 47 48 49 50 51 52 53 54 55 56 57 58 59 60 61 62 63 64 65 66 67 68 69 70 71 72 73 74 75 76 77 78]
2025-06-27 19:30:54,037{GMT}	INFO	[jepsen worker 2] jepsen.util: 2	:invoke	:read	nil
2025-06-27 19:30:54,039{GMT}	INFO	[jepsen worker 2] jepsen.util: 2	:ok	:read	[0 1 2 3 4 5 6 7 8 9 10 11 12 13 14 15 16 17 18 19 20 21 22 23 24 25 26 27 28 29 30 31 32 33 34 35 36 37 38 39 40 41 42 43 44 45 46 47 48 49 50 51 52 53 54 55 56 57 58 59 60 61 62 63 64 65 66 67 68 69 70 71 72 73 74 75 76 77 78]
2025-06-27 19:30:54,200{GMT}	INFO	[jepsen worker 3] jepsen.util: 3	:invoke	:read	nil
2025-06-27 19:30:54,202{GMT}	INFO	[jepsen worker 3] jepsen.util: 3	:ok	:read	[0 1 2 3 4 5 6 7 8 9 10 11 12 13 14 15 16 17 18 19 20 21 22 23 24 25 26 27 28 29 30 31 32 33 34 35 36 37 38 39 40 41 42 43 44 45 46 47 48 49 50 51 52 53 54 55 56 57 58 59 60 61 62 63 64 65 66 67 68 69 70 71 72 73 74 75 76 77 78]
2025-06-27 19:30:54,259{GMT}	INFO	[jepsen worker 4] jepsen.util: 4	:invoke	:read	nil
2025-06-27 19:30:54,261{GMT}	INFO	[jepsen worker 4] jepsen.util: 4	:ok	:read	[0 1 2 3 4 5 6 7 8 9 10 11 12 13 14 15 16 17 18 19 20 21 22 23 24 25 26 27 28 29 30 31 32 33 34 35 36 37 38 39 40 41 42 43 44 45 46 47 48 49 50 51 52 53 54 55 56 57 58 59 60 61 62 63 64 65 66 67 68 69 70 71 72 73 74 75 76 77 78]
2025-06-27 19:30:54,314{GMT}	INFO	[jepsen worker 0] jepsen.util: 0	:invoke	:broadcast	79
2025-06-27 19:30:54,316{GMT}	INFO	[jepsen worker 0] jepsen.util: 0	:ok	:broadcast	79
2025-06-27 19:30:54,411{GMT}	INFO	[jepsen worker 0] jepsen.util: 0	:invoke	:read	nil
2025-06-27 19:30:54,413{GMT}	INFO	[jepsen worker 0] jepsen.util: 0	:ok	:read	[0 1 2 3 4 5 6 7 8 9 10 11 12 13 14 15 16 17 18 19 20 21 22 23 24 25 26 27 28 29 30 31 32 33 34 35 36 37 38 39 40 41 42 43 44 45 46 47 48 49 50 51 52 53 54 55 56 57 58 59 60 61 62 63 64 65 66 67 68 69 70 71 72 73 74 75 76 77 78 79]
2025-06-27 19:30:54,611{GMT}	INFO	[jepsen worker 1] jepsen.util: 1	:invoke	:broadcast	80
2025-06-27 19:30:54,613{GMT}	INFO	[jepsen worker 1] jepsen.util: 1	:ok	:broadcast	80
2025-06-27 19:30:54,724{GMT}	INFO	[jepsen worker 2] jepsen.util: 2	:invoke	:broadcast	81
2025-06-27 19:30:54,726{GMT}	INFO	[jepsen worker 2] jepsen.util: 2	:ok	:broadcast	81
2025-06-27 19:30:54,863{GMT}	INFO	[jepsen worker 3] jepsen.util: 3	:invoke	:broadcast	82
2025-06-27 19:30:54,864{GMT}	INFO	[jepsen worker 3] jepsen.util: 3	:ok	:broadcast	82
2025-06-27 19:30:55,010{GMT}	INFO	[jepsen worker 4] jepsen.util: 4	:invoke	:broadcast	83
2025-06-27 19:30:55,013{GMT}	INFO	[jepsen worker 4] jepsen.util: 4	:ok	:broadcast	83
2025-06-27 19:30:55,030{GMT}	INFO	[jepsen worker 0] jepsen.util: 0	:invoke	:broadcast	84
2025-06-27 19:30:55,030{GMT}	INFO	[jepsen worker 0] jepsen.util: 0	:ok	:broadcast	84
2025-06-27 19:30:55,058{GMT}	INFO	[jepsen worker 0] jepsen.util: 0	:invoke	:broadcast	85
2025-06-27 19:30:55,058{GMT}	INFO	[jepsen worker 0] jepsen.util: 0	:ok	:broadcast	85
2025-06-27 19:30:55,147{GMT}	INFO	[jepsen worker 1] jepsen.util: 1	:invoke	:broadcast	86
2025-06-27 19:30:55,148{GMT}	INFO	[jepsen worker 1] jepsen.util: 1	:ok	:broadcast	86
2025-06-27 19:30:55,149{GMT}	INFO	[jepsen worker nemesis] jepsen.util: :nemesis	:info	:stop-partition	nil
2025-06-27 19:30:55,149{GMT}	INFO	[jepsen worker nemesis] jepsen.util: :nemesis	:info	:stop-partition	:network-healed
2025-06-27 19:30:55,150{GMT}	INFO	[jepsen worker 3] jepsen.generator.interpreter: Waiting for recovery...
2025-06-27 19:31:05,162{GMT}	INFO	[jepsen worker 3] jepsen.util: 3	:invoke	:read	nil
2025-06-27 19:31:05,162{GMT}	INFO	[jepsen worker 4] jepsen.util: 4	:invoke	:read	nil
2025-06-27 19:31:05,162{GMT}	INFO	[jepsen worker 2] jepsen.util: 2	:invoke	:read	nil
2025-06-27 19:31:05,162{GMT}	INFO	[jepsen worker 0] jepsen.util: 0	:invoke	:read	nil
2025-06-27 19:31:05,162{GMT}	INFO	[jepsen worker 1] jepsen.util: 1	:invoke	:read	nil
2025-06-27 19:31:05,166{GMT}	INFO	[jepsen worker 1] jepsen.util: 1	:ok	:read	[0 1 2 3 4 5 6 7 8 9 10 11 12 13 14 15 16 17 18 19 20 21 22 23 24 25 26 27 28 29 30 31 32 33 34 35 36 37 38 39 40 41 42 43 44 45 46 47 48 49 50 51 52 53 54 55 56 57 58 59 60 61 62 63 64 65 66 67 68 69 70 71 72 73 74 75 76 77 78 79 80 81 82 83 84 85 86]
2025-06-27 19:31:05,166{GMT}	INFO	[jepsen worker 2] jepsen.util: 2	:ok	:read	[0 1 2 3 4 5 6 7 8 9 10 11 12 13 14 15 16 17 18 19 20 21 22 23 24 25 26 27 28 29 30 31 32 33 34 35 36 37 38 39 40 41 42 43 44 45 46 47 48 49 50 51 52 53 54 55 56 57 58 59 60 61 62 63 64 65 66 67 68 69 70 71 72 73 74 75 76 77 78 79 80 81 82 83 84 85 86]
2025-06-27 19:31:05,166{GMT}	INFO	[jepsen worker 3] jepsen.util: 3	:ok	:read	[0 1 2 3 4 5 6 7 8 9 10 11 12 13 14 15 16 17 18 19 20 21 22 23 24 25 26 27 28 29 30 31 32 33 34 35 36 37 38 39 40 41 42 43 44 45 46 47 48 49 50 51 52 53 54 55 56 57 58 59 60 61 62 63 64 65 66 67 68 69 70 71 72 73 74 75 76 77 78 79 80 81 82 83 84 85 86]
2025-06-27 19:31:05,166{GMT}	INFO	[jepsen worker 0] jepsen.util: 0	:ok	:read	[0 1 2 3 4 5 6 7 8 9 10 11 12 13 14 15 16 17 18 19 20 21 22 23 24 25 26 27 28 29 30 31 32 33 34 35 36 37 38 39 40 41 42 43 44 45 46 47 48 49 50 51 52 53 54 55 56 57 58 59 60 61 62 63 64 65 66 67 68 69 70 71 72 73 74 75 76 77 78 79 80 81 82 83 84 85 86]
2025-06-27 19:31:05,166{GMT}	INFO	[jepsen worker 4] jepsen.util: 4	:ok	:read	[0 1 2 3 4 5 6 7 8 9 10 11 12 13 14 15 16 17 18 19 20 21 22 23 24 25 26 27 28 29 30 31 32 33 34 35 36 37 38 39 40 41 42 43 44 45 46 47 48 49 50 51 52 53 54 55 56 57 58 59 60 61 62 63 64 65 66 67 68 69 70 71 72 73 74 75 76 77 78 79 80 81 82 83 84 85 86]
2025-06-27 19:31:05,200{GMT}	INFO	[jepsen test runner] jepsen.core: Run complete, writing
2025-06-27 19:31:05,235{GMT}	INFO	[jepsen node n2] maelstrom.db: Tearing down n2
2025-06-27 19:31:05,235{GMT}	INFO	[jepsen node n3] maelstrom.db: Tearing down n3
2025-06-27 19:31:05,235{GMT}	INFO	[jepsen node n0] maelstrom.db: Tearing down n0
2025-06-27 19:31:05,235{GMT}	INFO	[jepsen node n1] maelstrom.db: Tearing down n1
2025-06-27 19:31:05,235{GMT}	INFO	[jepsen node n4] maelstrom.db: Tearing down n4
2025-06-27 19:31:06,982{GMT}	INFO	[jepsen node n0] maelstrom.net: Shutting down Maelstrom network
2025-06-27 19:31:06,987{GMT}	INFO	[jepsen test runner] jepsen.core: Analyzing...
2025-06-27 19:31:07,482{GMT}	INFO	[jepsen test runner] jepsen.core: Analysis complete
2025-06-27 19:31:07,491{GMT}	INFO	[jepsen results] jepsen.store: Wrote /Users/anandtrehan/flyio_challenges/maelstrom/store/broadcast/20250627T193033.563-0400/results.edn
2025-06-27 19:31:07,504{GMT}	INFO	[jepsen test runner] jepsen.core: {:perf {:latency-graph {:valid? true},
        :rate-graph {:valid? true},
        :valid? true},
 :timeline {:valid? true},
 :exceptions {:valid? true},
 :stats {:valid? true,
         :count 197,
         :ok-count 197,
         :fail-count 0,
         :info-count 0,
         :by-f {:broadcast {:valid? true,
                            :count 87,
                            :ok-count 87,
                            :fail-count 0,
                            :info-count 0},
                :read {:valid? true,
                       :count 110,
                       :ok-count 110,
                       :fail-count 0,
                       :info-count 0}}},
 :availability {:valid? true, :ok-fraction 1.0},
 :net {:all {:send-count 2058,
             :recv-count 1962,
             :msg-count 2058,
             :msgs-per-op 10.4467},
       :clients {:send-count 414, :recv-count 414, :msg-count 414},
       :servers {:send-count 1644,
                 :recv-count 1548,
                 :msg-count 1644,
                 :msgs-per-op 8.345178},
       :valid? true},
 :workload {:worst-stale (),
            :duplicated-count 0,
            :valid? true,
            :lost-count 0,
            :lost (),
            :stable-count 87,
            :stale-count 0,
            :stale (),
            :never-read-count 0,
            :stable-latencies {0 0, 0.5 0, 0.95 0, 0.99 0, 1 0},
            :attempt-count 87,
            :never-read (),
            :duplicated {}},
 :valid? true}


Everything looks good! (`)
