2025-06-27 21:07:17,409{GMT}	INFO	[jepsen test runner] jepsen.core: Command line:
lein run test -w broadcast --bin /Users/anandtrehan/go/bin/maelstrom-broadcast --node-count 5 --time-limit 20 --rate 10 --nemesis partition
2025-06-27 21:07:17,478{GMT}	INFO	[jepsen test runner] jepsen.core: Running test:
{:args []
 :remote
 #jepsen.control.retry.Remote{:remote #jepsen.control.scp.Remote{:cmd-remote #jepsen.control.sshj.SSHJRemote{:concurrency-limit 6,
                                                                                                             :conn-spec nil,
                                                                                                             :client nil,
                                                                                                             :semaphore nil},
                                                                 :conn-spec nil},
                              :conn nil}
 :log-net-send false
 :node-count 5
 :availability nil
 :max-txn-length 4
 :concurrency 5
 :db
 #object[maelstrom.db$db$reify__16142
         "0x33e09baf"
         "maelstrom.db$db$reify__16142@33e09baf"]
 :max-writes-per-key 16
 :leave-db-running? false
 :name "broadcast"
 :logging-json? false
 :start-time
 #object[org.joda.time.DateTime "0x105c253a" "2025-06-27T21:07:17.382-04:00"]
 :nemesis-interval 10
 :net
 #object[maelstrom.net$jepsen_net$reify__15251
         "0x156322ce"
         "maelstrom.net$jepsen_net$reify__15251@156322ce"]
 :client
 #object[maelstrom.workload.broadcast$client$reify__16644
         "0x546f0f36"
         "maelstrom.workload.broadcast$client$reify__16644@546f0f36"]
 :barrier
 #object[java.util.concurrent.CyclicBarrier
         "0x44d5a0a8"
         "java.util.concurrent.CyclicBarrier@44d5a0a8"]
 :log-stderr false
 :pure-generators true
 :ssh {:dummy? true}
 :rate 10.0
 :checker
 #object[jepsen.checker$compose$reify__11881
         "0x35d128fd"
         "jepsen.checker$compose$reify__11881@35d128fd"]
 :argv
 ("test"
  "-w"
  "broadcast"
  "--bin"
  "/Users/anandtrehan/go/bin/maelstrom-broadcast"
  "--node-count"
  "5"
  "--time-limit"
  "20"
  "--rate"
  "10"
  "--nemesis"
  "partition")
 :nemesis
 (jepsen.nemesis.ReflCompose
  {:fm {:start-partition 0,
        :stop-partition 0,
        :kill 1,
        :start 1,
        :pause 1,
        :resume 1},
   :nemeses [#unprintable "jepsen.nemesis.combined$partition_nemesis$reify__16416@39a809db"
             #unprintable "jepsen.nemesis.combined$db_nemesis$reify__16397@1512a767"]})
 :nodes ["n0" "n1" "n2" "n3" "n4"]
 :test-count 1
 :latency {:mean 0, :dist :constant}
 :bin "/Users/anandtrehan/go/bin/maelstrom-broadcast"
 :generator
 ((jepsen.generator.Synchronize
   {:gen (jepsen.generator.TimeLimit
          {:limit 20000000000,
           :cutoff nil,
           :gen (jepsen.generator.Any
                 {:gens [(jepsen.generator.OnThreads
                          {:f #{:nemesis},
                           :context-filter #object[jepsen.generator.context$make_thread_filter$lazy_filter__9167
                                                   "0x5cdb7b"
                                                   "jepsen.generator.context$make_thread_filter$lazy_filter__9167@5cdb7b"],
                           :gen (jepsen.generator.Stagger
                                 {:dt 20000000000,
                                  :next-time nil,
                                  :gen (jepsen.generator.FlipFlop
                                        {:gens [#object[jepsen.nemesis.combined$partition_package$start__16420
                                                        "0x3dcc59f5"
                                                        "jepsen.nemesis.combined$partition_package$start__16420@3dcc59f5"]
                                                ({:type :info,
                                                  :f :stop-partition,
                                                  :value nil}
                                                 {:type :info,
                                                  :f :stop-partition,
                                                  :value nil}
                                                 {:type :info,
                                                  :f :stop-partition,
                                                  :value nil}
                                                 {:type :info,
                                                  :f :stop-partition,
                                                  :value nil}
                                                 {:type :info,
                                                  :f :stop-partition,
                                                  :value nil}
                                                 {:type :info,
                                                  :f :stop-partition,
                                                  :value nil}
                                                 {:type :info,
                                                  :f :stop-partition,
                                                  :value nil}
                                                 {:type :info,
                                                  :f :stop-partition,
                                                  :value nil}
                                                 ...)],
                                         :i 0})})})
                         (jepsen.generator.OnThreads
                          {:f #jepsen.generator.context.AllBut{:element :nemesis},
                           :context-filter #object[jepsen.generator.context$make_thread_filter$lazy_filter__9167
                                                   "0x690337df"
                                                   "jepsen.generator.context$make_thread_filter$lazy_filter__9167@690337df"],
                           :gen (jepsen.generator.Stagger
                                 {:dt 200000000,
                                  :next-time nil,
                                  :gen (jepsen.generator.Mix
                                        {:i 1,
                                         :gens [({:f :broadcast, :value 0}
                                                 {:f :broadcast, :value 1}
                                                 {:f :broadcast, :value 2}
                                                 {:f :broadcast, :value 3}
                                                 {:f :broadcast, :value 4}
                                                 {:f :broadcast, :value 5}
                                                 {:f :broadcast, :value 6}
                                                 {:f :broadcast, :value 7}
                                                 ...)
                                                ({:f :read}
                                                 {:f :read}
                                                 {:f :read}
                                                 {:f :read}
                                                 {:f :read}
                                                 {:f :read}
                                                 {:f :read}
                                                 {:f :read}
                                                 ...)]})})})]})})})
  (jepsen.generator.Synchronize
   {:gen (jepsen.generator.OnThreads
          {:f #{:nemesis},
           :context-filter #object[jepsen.generator.context$make_thread_filter$lazy_filter__9167
                                   "0xf62ae87"
                                   "jepsen.generator.context$make_thread_filter$lazy_filter__9167@f62ae87"],
           :gen ({:type :info, :f :stop-partition, :value nil})})})
  (jepsen.generator.Synchronize
   {:gen {:type :log, :value "Waiting for recovery..."}})
  (jepsen.generator.Synchronize {:gen {:type :sleep, :value 10}})
  (jepsen.generator.Synchronize
   {:gen (jepsen.generator.OnThreads
          {:f #jepsen.generator.context.AllBut{:element :nemesis},
           :context-filter #object[jepsen.generator.context$make_thread_filter$lazy_filter__9167
                                   "0x50be5d6f"
                                   "jepsen.generator.context$make_thread_filter$lazy_filter__9167@50be5d6f"],
           :gen (jepsen.generator.EachThread
                 {:fresh-gen {:f :read, :final? true},
                  :context-filters #object[clojure.core$promise$reify__8591
                                           "0x48e0e779"
                                           {:status :pending, :val nil}],
                  :gens {}})})}))
 :log-net-recv false
 :os
 #object[maelstrom.net$jepsen_os$reify__15254
         "0x38ad8c75"
         "maelstrom.net$jepsen_os$reify__15254@38ad8c75"]
 :time-limit 20
 :workload :broadcast
 :consistency-models [:strict-serializable]
 :topology :grid}

2025-06-27 21:07:18,676{GMT}	INFO	[jepsen node n0] maelstrom.net: Starting Maelstrom network
2025-06-27 21:07:18,676{GMT}	INFO	[jepsen test runner] jepsen.db: Tearing down DB
2025-06-27 21:07:18,678{GMT}	INFO	[jepsen test runner] jepsen.db: Setting up DB
2025-06-27 21:07:18,678{GMT}	INFO	[jepsen node n1] maelstrom.db: Setting up n1
2025-06-27 21:07:18,678{GMT}	INFO	[jepsen node n2] maelstrom.db: Setting up n2
2025-06-27 21:07:18,678{GMT}	INFO	[jepsen node n4] maelstrom.db: Setting up n4
2025-06-27 21:07:18,678{GMT}	INFO	[jepsen node n3] maelstrom.db: Setting up n3
2025-06-27 21:07:18,678{GMT}	INFO	[jepsen node n1] maelstrom.process: launching /Users/anandtrehan/go/bin/maelstrom-broadcast []
2025-06-27 21:07:18,679{GMT}	INFO	[jepsen node n3] maelstrom.process: launching /Users/anandtrehan/go/bin/maelstrom-broadcast []
2025-06-27 21:07:18,679{GMT}	INFO	[jepsen node n2] maelstrom.process: launching /Users/anandtrehan/go/bin/maelstrom-broadcast []
2025-06-27 21:07:18,679{GMT}	INFO	[jepsen node n4] maelstrom.process: launching /Users/anandtrehan/go/bin/maelstrom-broadcast []
2025-06-27 21:07:18,680{GMT}	INFO	[jepsen node n0] maelstrom.service: Starting services: (lin-kv lin-tso lww-kv seq-kv)
2025-06-27 21:07:18,680{GMT}	INFO	[jepsen node n0] maelstrom.db: Setting up n0
2025-06-27 21:07:18,681{GMT}	INFO	[jepsen node n0] maelstrom.process: launching /Users/anandtrehan/go/bin/maelstrom-broadcast []
2025-06-27 21:07:18,977{GMT}	INFO	[jepsen test runner] jepsen.core: Relative time begins now
2025-06-27 21:07:18,994{GMT}	INFO	[jepsen worker nemesis] jepsen.util: :nemesis	:info	:start-partition	:one
2025-06-27 21:07:18,994{GMT}	INFO	[jepsen worker 0] jepsen.util: 0	:invoke	:read	nil
2025-06-27 21:07:18,996{GMT}	INFO	[jepsen worker 0] jepsen.util: 0	:ok	:read	[]
2025-06-27 21:07:18,996{GMT}	INFO	[jepsen worker 2] jepsen.util: 2	:invoke	:broadcast	0
2025-06-27 21:07:18,997{GMT}	INFO	[jepsen worker nemesis] jepsen.util: :nemesis	:info	:start-partition	[:isolated {"n1" #{"n2" "n4" "n0" "n3"}, "n2" #{"n1"}, "n4" #{"n1"}, "n0" #{"n1"}, "n3" #{"n1"}}]
2025-06-27 21:07:18,998{GMT}	INFO	[jepsen worker 2] jepsen.util: 2	:ok	:broadcast	0
2025-06-27 21:07:19,145{GMT}	INFO	[jepsen worker 3] jepsen.util: 3	:invoke	:read	nil
2025-06-27 21:07:19,147{GMT}	INFO	[jepsen worker 3] jepsen.util: 3	:ok	:read	[]
2025-06-27 21:07:19,171{GMT}	INFO	[jepsen worker 4] jepsen.util: 4	:invoke	:broadcast	1
2025-06-27 21:07:19,172{GMT}	INFO	[jepsen worker 4] jepsen.util: 4	:ok	:broadcast	1
2025-06-27 21:07:19,253{GMT}	INFO	[jepsen worker 0] jepsen.util: 0	:invoke	:read	nil
2025-06-27 21:07:19,254{GMT}	INFO	[jepsen worker 0] jepsen.util: 0	:ok	:read	[1]
2025-06-27 21:07:19,280{GMT}	INFO	[jepsen worker 0] jepsen.util: 0	:invoke	:read	nil
2025-06-27 21:07:19,281{GMT}	INFO	[jepsen worker 0] jepsen.util: 0	:ok	:read	[1]
2025-06-27 21:07:19,405{GMT}	INFO	[jepsen worker 1] jepsen.util: 1	:invoke	:broadcast	2
2025-06-27 21:07:19,409{GMT}	INFO	[jepsen worker 1] jepsen.util: 1	:ok	:broadcast	2
2025-06-27 21:07:19,596{GMT}	INFO	[jepsen worker 2] jepsen.util: 2	:invoke	:broadcast	3
2025-06-27 21:07:19,600{GMT}	INFO	[jepsen worker 2] jepsen.util: 2	:ok	:broadcast	3
2025-06-27 21:07:19,639{GMT}	INFO	[jepsen worker 3] jepsen.util: 3	:invoke	:broadcast	4
2025-06-27 21:07:19,642{GMT}	INFO	[jepsen worker 3] jepsen.util: 3	:ok	:broadcast	4
2025-06-27 21:07:19,788{GMT}	INFO	[jepsen worker 4] jepsen.util: 4	:invoke	:read	nil
2025-06-27 21:07:19,790{GMT}	INFO	[jepsen worker 4] jepsen.util: 4	:ok	:read	[1 4]
2025-06-27 21:07:19,929{GMT}	INFO	[jepsen worker 0] jepsen.util: 0	:invoke	:broadcast	5
2025-06-27 21:07:19,931{GMT}	INFO	[jepsen worker 0] jepsen.util: 0	:ok	:broadcast	5
2025-06-27 21:07:19,995{GMT}	INFO	[jepsen worker 0] jepsen.util: 0	:invoke	:read	nil
2025-06-27 21:07:19,997{GMT}	INFO	[jepsen worker 0] jepsen.util: 0	:ok	:read	[1 4 5]
2025-06-27 21:07:20,189{GMT}	INFO	[jepsen worker 1] jepsen.util: 1	:invoke	:broadcast	6
2025-06-27 21:07:20,192{GMT}	INFO	[jepsen worker 1] jepsen.util: 1	:ok	:broadcast	6
2025-06-27 21:07:20,255{GMT}	INFO	[jepsen worker 2] jepsen.util: 2	:invoke	:broadcast	7
2025-06-27 21:07:20,258{GMT}	INFO	[jepsen worker 2] jepsen.util: 2	:ok	:broadcast	7
2025-06-27 21:07:20,319{GMT}	INFO	[jepsen worker 3] jepsen.util: 3	:invoke	:read	nil
2025-06-27 21:07:20,321{GMT}	INFO	[jepsen worker 3] jepsen.util: 3	:ok	:read	[1 4 5]
2025-06-27 21:07:20,429{GMT}	INFO	[jepsen worker 4] jepsen.util: 4	:invoke	:broadcast	8
2025-06-27 21:07:20,432{GMT}	INFO	[jepsen worker 4] jepsen.util: 4	:ok	:broadcast	8
2025-06-27 21:07:20,577{GMT}	INFO	[jepsen worker 0] jepsen.util: 0	:invoke	:read	nil
2025-06-27 21:07:20,579{GMT}	INFO	[jepsen worker 0] jepsen.util: 0	:ok	:read	[1 4 5 8]
2025-06-27 21:07:20,688{GMT}	INFO	[jepsen worker 0] jepsen.util: 0	:invoke	:read	nil
2025-06-27 21:07:20,690{GMT}	INFO	[jepsen worker 0] jepsen.util: 0	:ok	:read	[1 4 5 8]
2025-06-27 21:07:20,887{GMT}	INFO	[jepsen worker 1] jepsen.util: 1	:invoke	:read	nil
2025-06-27 21:07:20,889{GMT}	INFO	[jepsen worker 1] jepsen.util: 1	:ok	:read	[2 6]
2025-06-27 21:07:21,016{GMT}	INFO	[jepsen worker 2] jepsen.util: 2	:invoke	:broadcast	9
2025-06-27 21:07:21,018{GMT}	INFO	[jepsen worker 2] jepsen.util: 2	:ok	:broadcast	9
2025-06-27 21:07:21,147{GMT}	INFO	[jepsen worker 3] jepsen.util: 3	:invoke	:broadcast	10
2025-06-27 21:07:21,150{GMT}	INFO	[jepsen worker 3] jepsen.util: 3	:ok	:broadcast	10
2025-06-27 21:07:21,299{GMT}	INFO	[jepsen worker 4] jepsen.util: 4	:invoke	:broadcast	11
2025-06-27 21:07:21,301{GMT}	INFO	[jepsen worker 4] jepsen.util: 4	:ok	:broadcast	11
2025-06-27 21:07:21,329{GMT}	INFO	[jepsen worker 0] jepsen.util: 0	:invoke	:broadcast	12
2025-06-27 21:07:21,331{GMT}	INFO	[jepsen worker 0] jepsen.util: 0	:ok	:broadcast	12
2025-06-27 21:07:21,371{GMT}	INFO	[jepsen worker 0] jepsen.util: 0	:invoke	:read	nil
2025-06-27 21:07:21,374{GMT}	INFO	[jepsen worker 0] jepsen.util: 0	:ok	:read	[1 4 5 8 10 11 12]
2025-06-27 21:07:21,563{GMT}	INFO	[jepsen worker 1] jepsen.util: 1	:invoke	:read	nil
2025-06-27 21:07:21,566{GMT}	INFO	[jepsen worker 1] jepsen.util: 1	:ok	:read	[2 6]
2025-06-27 21:07:21,715{GMT}	INFO	[jepsen worker 2] jepsen.util: 2	:invoke	:read	nil
2025-06-27 21:07:21,718{GMT}	INFO	[jepsen worker 2] jepsen.util: 2	:ok	:read	[0 3 7 9]
2025-06-27 21:07:21,749{GMT}	INFO	[jepsen worker 3] jepsen.util: 3	:invoke	:read	nil
2025-06-27 21:07:21,752{GMT}	INFO	[jepsen worker 3] jepsen.util: 3	:ok	:read	[1 4 5 8 10 11 12]
2025-06-27 21:07:21,767{GMT}	INFO	[jepsen worker 4] jepsen.util: 4	:invoke	:broadcast	13
2025-06-27 21:07:21,768{GMT}	INFO	[jepsen worker 4] jepsen.util: 4	:ok	:broadcast	13
2025-06-27 21:07:21,855{GMT}	INFO	[jepsen worker 0] jepsen.util: 0	:invoke	:read	nil
2025-06-27 21:07:21,859{GMT}	INFO	[jepsen worker 0] jepsen.util: 0	:ok	:read	[1 4 5 8 10 11 12 13]
2025-06-27 21:07:21,865{GMT}	INFO	[jepsen worker 0] jepsen.util: 0	:invoke	:read	nil
2025-06-27 21:07:21,867{GMT}	INFO	[jepsen worker 0] jepsen.util: 0	:ok	:read	[1 4 5 8 10 11 12 13]
2025-06-27 21:07:21,979{GMT}	INFO	[jepsen worker 1] jepsen.util: 1	:invoke	:broadcast	14
2025-06-27 21:07:21,982{GMT}	INFO	[jepsen worker 1] jepsen.util: 1	:ok	:broadcast	14
2025-06-27 21:07:21,991{GMT}	INFO	[jepsen worker 2] jepsen.util: 2	:invoke	:read	nil
2025-06-27 21:07:21,992{GMT}	INFO	[jepsen worker 2] jepsen.util: 2	:ok	:read	[0 3 7 9]
2025-06-27 21:07:22,191{GMT}	INFO	[jepsen worker 3] jepsen.util: 3	:invoke	:broadcast	15
2025-06-27 21:07:22,193{GMT}	INFO	[jepsen worker 3] jepsen.util: 3	:ok	:broadcast	15
2025-06-27 21:07:22,343{GMT}	INFO	[jepsen worker 4] jepsen.util: 4	:invoke	:broadcast	16
2025-06-27 21:07:22,345{GMT}	INFO	[jepsen worker 4] jepsen.util: 4	:ok	:broadcast	16
2025-06-27 21:07:22,462{GMT}	INFO	[jepsen worker 0] jepsen.util: 0	:invoke	:broadcast	17
2025-06-27 21:07:22,463{GMT}	INFO	[jepsen worker 0] jepsen.util: 0	:ok	:broadcast	17
2025-06-27 21:07:22,541{GMT}	INFO	[jepsen worker 0] jepsen.util: 0	:invoke	:read	nil
2025-06-27 21:07:22,543{GMT}	INFO	[jepsen worker 0] jepsen.util: 0	:ok	:read	[1 4 5 8 10 11 12 13 15 16 17]
2025-06-27 21:07:22,738{GMT}	INFO	[jepsen worker 1] jepsen.util: 1	:invoke	:read	nil
2025-06-27 21:07:22,740{GMT}	INFO	[jepsen worker 1] jepsen.util: 1	:ok	:read	[2 6 14]
2025-06-27 21:07:22,799{GMT}	INFO	[jepsen worker 2] jepsen.util: 2	:invoke	:read	nil
2025-06-27 21:07:22,801{GMT}	INFO	[jepsen worker 2] jepsen.util: 2	:ok	:read	[0 3 7 9]
2025-06-27 21:07:22,888{GMT}	INFO	[jepsen worker 3] jepsen.util: 3	:invoke	:read	nil
2025-06-27 21:07:22,889{GMT}	INFO	[jepsen worker 3] jepsen.util: 3	:ok	:read	[1 4 5 8 10 11 12 13 15 16 17]
2025-06-27 21:07:22,961{GMT}	INFO	[jepsen worker 4] jepsen.util: 4	:invoke	:broadcast	18
2025-06-27 21:07:22,962{GMT}	INFO	[jepsen worker 4] jepsen.util: 4	:ok	:broadcast	18
2025-06-27 21:07:23,021{GMT}	INFO	[jepsen worker 0] jepsen.util: 0	:invoke	:broadcast	19
2025-06-27 21:07:23,023{GMT}	INFO	[jepsen worker 0] jepsen.util: 0	:ok	:broadcast	19
2025-06-27 21:07:23,061{GMT}	INFO	[jepsen worker 0] jepsen.util: 0	:invoke	:read	nil
2025-06-27 21:07:23,062{GMT}	INFO	[jepsen worker 0] jepsen.util: 0	:ok	:read	[1 4 5 8 10 11 12 13 15 16 17 18 19]
2025-06-27 21:07:23,139{GMT}	INFO	[jepsen worker 1] jepsen.util: 1	:invoke	:read	nil
2025-06-27 21:07:23,140{GMT}	INFO	[jepsen worker 1] jepsen.util: 1	:ok	:read	[2 6 14]
2025-06-27 21:07:23,249{GMT}	INFO	[jepsen worker 2] jepsen.util: 2	:invoke	:read	nil
2025-06-27 21:07:23,251{GMT}	INFO	[jepsen worker 2] jepsen.util: 2	:ok	:read	[0 3 7 9]
2025-06-27 21:07:23,395{GMT}	INFO	[jepsen worker 3] jepsen.util: 3	:invoke	:read	nil
2025-06-27 21:07:23,397{GMT}	INFO	[jepsen worker 3] jepsen.util: 3	:ok	:read	[1 4 5 8 10 11 12 13 15 16 17 18 19]
2025-06-27 21:07:23,539{GMT}	INFO	[jepsen worker 4] jepsen.util: 4	:invoke	:broadcast	20
2025-06-27 21:07:23,541{GMT}	INFO	[jepsen worker 4] jepsen.util: 4	:ok	:broadcast	20
2025-06-27 21:07:23,692{GMT}	INFO	[jepsen worker 0] jepsen.util: 0	:invoke	:read	nil
2025-06-27 21:07:23,696{GMT}	INFO	[jepsen worker 0] jepsen.util: 0	:ok	:read	[1 4 5 8 10 11 12 13 15 16 17 18 19 20]
2025-06-27 21:07:23,780{GMT}	INFO	[jepsen worker 0] jepsen.util: 0	:invoke	:read	nil
2025-06-27 21:07:23,782{GMT}	INFO	[jepsen worker 0] jepsen.util: 0	:ok	:read	[1 4 5 8 10 11 12 13 15 16 17 18 19 20]
2025-06-27 21:07:23,893{GMT}	INFO	[jepsen worker 1] jepsen.util: 1	:invoke	:broadcast	21
2025-06-27 21:07:23,894{GMT}	INFO	[jepsen worker 1] jepsen.util: 1	:ok	:broadcast	21
2025-06-27 21:07:23,953{GMT}	INFO	[jepsen worker 2] jepsen.util: 2	:invoke	:read	nil
2025-06-27 21:07:23,955{GMT}	INFO	[jepsen worker 2] jepsen.util: 2	:ok	:read	[0 3 7 9]
2025-06-27 21:07:23,986{GMT}	INFO	[jepsen worker 3] jepsen.util: 3	:invoke	:broadcast	22
2025-06-27 21:07:23,989{GMT}	INFO	[jepsen worker 3] jepsen.util: 3	:ok	:broadcast	22
2025-06-27 21:07:24,060{GMT}	INFO	[jepsen worker 4] jepsen.util: 4	:invoke	:read	nil
2025-06-27 21:07:24,063{GMT}	INFO	[jepsen worker 4] jepsen.util: 4	:ok	:read	[1 4 5 8 10 11 12 13 15 16 17 18 19 20 22]
2025-06-27 21:07:24,205{GMT}	INFO	[jepsen worker 0] jepsen.util: 0	:invoke	:read	nil
2025-06-27 21:07:24,207{GMT}	INFO	[jepsen worker 0] jepsen.util: 0	:ok	:read	[1 4 5 8 10 11 12 13 15 16 17 18 19 20 22]
2025-06-27 21:07:24,322{GMT}	INFO	[jepsen worker 0] jepsen.util: 0	:invoke	:broadcast	23
2025-06-27 21:07:24,323{GMT}	INFO	[jepsen worker 0] jepsen.util: 0	:ok	:broadcast	23
2025-06-27 21:07:24,471{GMT}	INFO	[jepsen worker 1] jepsen.util: 1	:invoke	:broadcast	24
2025-06-27 21:07:24,474{GMT}	INFO	[jepsen worker 1] jepsen.util: 1	:ok	:broadcast	24
2025-06-27 21:07:24,567{GMT}	INFO	[jepsen worker 2] jepsen.util: 2	:invoke	:read	nil
2025-06-27 21:07:24,570{GMT}	INFO	[jepsen worker 2] jepsen.util: 2	:ok	:read	[0 3 7 9]
2025-06-27 21:07:24,747{GMT}	INFO	[jepsen worker 3] jepsen.util: 3	:invoke	:broadcast	25
2025-06-27 21:07:24,749{GMT}	INFO	[jepsen worker 3] jepsen.util: 3	:ok	:broadcast	25
2025-06-27 21:07:24,846{GMT}	INFO	[jepsen worker 4] jepsen.util: 4	:invoke	:read	nil
2025-06-27 21:07:24,848{GMT}	INFO	[jepsen worker 4] jepsen.util: 4	:ok	:read	[1 4 5 8 10 11 12 13 15 16 17 18 19 20 22 23 25]
2025-06-27 21:07:25,005{GMT}	INFO	[jepsen worker 0] jepsen.util: 0	:invoke	:broadcast	26
2025-06-27 21:07:25,007{GMT}	INFO	[jepsen worker 0] jepsen.util: 0	:ok	:broadcast	26
2025-06-27 21:07:25,040{GMT}	INFO	[jepsen worker 0] jepsen.util: 0	:invoke	:broadcast	27
2025-06-27 21:07:25,042{GMT}	INFO	[jepsen worker 0] jepsen.util: 0	:ok	:broadcast	27
2025-06-27 21:07:25,233{GMT}	INFO	[jepsen worker 1] jepsen.util: 1	:invoke	:broadcast	28
2025-06-27 21:07:25,235{GMT}	INFO	[jepsen worker 1] jepsen.util: 1	:ok	:broadcast	28
2025-06-27 21:07:25,316{GMT}	INFO	[jepsen worker 2] jepsen.util: 2	:invoke	:read	nil
2025-06-27 21:07:25,319{GMT}	INFO	[jepsen worker 2] jepsen.util: 2	:ok	:read	[0 3 7 9]
2025-06-27 21:07:25,427{GMT}	INFO	[jepsen worker 3] jepsen.util: 3	:invoke	:broadcast	29
2025-06-27 21:07:25,428{GMT}	INFO	[jepsen worker 3] jepsen.util: 3	:ok	:broadcast	29
2025-06-27 21:07:25,551{GMT}	INFO	[jepsen worker 4] jepsen.util: 4	:invoke	:read	nil
2025-06-27 21:07:25,551{GMT}	INFO	[jepsen worker 4] jepsen.util: 4	:ok	:read	[1 4 5 8 10 11 12 13 15 16 17 18 19 20 22 23 25 26 27 29]
2025-06-27 21:07:25,673{GMT}	INFO	[jepsen worker 0] jepsen.util: 0	:invoke	:broadcast	30
2025-06-27 21:07:25,675{GMT}	INFO	[jepsen worker 0] jepsen.util: 0	:ok	:broadcast	30
2025-06-27 21:07:25,711{GMT}	INFO	[jepsen worker 0] jepsen.util: 0	:invoke	:broadcast	31
2025-06-27 21:07:25,713{GMT}	INFO	[jepsen worker 0] jepsen.util: 0	:ok	:broadcast	31
2025-06-27 21:07:25,821{GMT}	INFO	[jepsen worker 1] jepsen.util: 1	:invoke	:read	nil
2025-06-27 21:07:25,824{GMT}	INFO	[jepsen worker 1] jepsen.util: 1	:ok	:read	[2 6 14 21 24 28]
2025-06-27 21:07:25,955{GMT}	INFO	[jepsen worker 2] jepsen.util: 2	:invoke	:read	nil
2025-06-27 21:07:25,957{GMT}	INFO	[jepsen worker 2] jepsen.util: 2	:ok	:read	[0 3 7 9]
2025-06-27 21:07:25,971{GMT}	INFO	[jepsen worker 3] jepsen.util: 3	:invoke	:read	nil
2025-06-27 21:07:25,973{GMT}	INFO	[jepsen worker 3] jepsen.util: 3	:ok	:read	[1 4 5 8 10 11 12 13 15 16 17 18 19 20 22 23 25 26 27 29 30 31]
2025-06-27 21:07:26,037{GMT}	INFO	[jepsen worker 4] jepsen.util: 4	:invoke	:broadcast	32
2025-06-27 21:07:26,039{GMT}	INFO	[jepsen worker 4] jepsen.util: 4	:ok	:broadcast	32
2025-06-27 21:07:26,223{GMT}	INFO	[jepsen worker 0] jepsen.util: 0	:invoke	:broadcast	33
2025-06-27 21:07:26,225{GMT}	INFO	[jepsen worker 0] jepsen.util: 0	:ok	:broadcast	33
2025-06-27 21:07:26,329{GMT}	INFO	[jepsen worker 0] jepsen.util: 0	:invoke	:broadcast	34
2025-06-27 21:07:26,331{GMT}	INFO	[jepsen worker 0] jepsen.util: 0	:ok	:broadcast	34
2025-06-27 21:07:26,529{GMT}	INFO	[jepsen worker 1] jepsen.util: 1	:invoke	:read	nil
2025-06-27 21:07:26,531{GMT}	INFO	[jepsen worker 1] jepsen.util: 1	:ok	:read	[2 6 14 21 24 28]
2025-06-27 21:07:26,588{GMT}	INFO	[jepsen worker 2] jepsen.util: 2	:invoke	:read	nil
2025-06-27 21:07:26,589{GMT}	INFO	[jepsen worker 3] jepsen.util: 3	:invoke	:broadcast	35
2025-06-27 21:07:26,590{GMT}	INFO	[jepsen worker 3] jepsen.util: 3	:ok	:broadcast	35
2025-06-27 21:07:26,590{GMT}	INFO	[jepsen worker 2] jepsen.util: 2	:ok	:read	[0 3 7 9]
2025-06-27 21:07:26,720{GMT}	INFO	[jepsen worker 4] jepsen.util: 4	:invoke	:broadcast	36
2025-06-27 21:07:26,723{GMT}	INFO	[jepsen worker 4] jepsen.util: 4	:ok	:broadcast	36
2025-06-27 21:07:26,749{GMT}	INFO	[jepsen worker 0] jepsen.util: 0	:invoke	:read	nil
2025-06-27 21:07:26,751{GMT}	INFO	[jepsen worker 0] jepsen.util: 0	:ok	:read	[1 4 5 8 10 11 12 13 15 16 17 18 19 20 22 23 25 26 27 29 30 31 32 33 34 35 36]
2025-06-27 21:07:26,857{GMT}	INFO	[jepsen worker 0] jepsen.util: 0	:invoke	:read	nil
2025-06-27 21:07:26,859{GMT}	INFO	[jepsen worker 0] jepsen.util: 0	:ok	:read	[1 4 5 8 10 11 12 13 15 16 17 18 19 20 22 23 25 26 27 29 30 31 32 33 34 35 36]
2025-06-27 21:07:27,042{GMT}	INFO	[jepsen worker 1] jepsen.util: 1	:invoke	:broadcast	37
2025-06-27 21:07:27,044{GMT}	INFO	[jepsen worker 1] jepsen.util: 1	:ok	:broadcast	37
2025-06-27 21:07:27,212{GMT}	INFO	[jepsen worker 2] jepsen.util: 2	:invoke	:broadcast	38
2025-06-27 21:07:27,215{GMT}	INFO	[jepsen worker 2] jepsen.util: 2	:ok	:broadcast	38
2025-06-27 21:07:27,294{GMT}	INFO	[jepsen worker 3] jepsen.util: 3	:invoke	:broadcast	39
2025-06-27 21:07:27,296{GMT}	INFO	[jepsen worker 3] jepsen.util: 3	:ok	:broadcast	39
2025-06-27 21:07:27,345{GMT}	INFO	[jepsen worker 4] jepsen.util: 4	:invoke	:broadcast	40
2025-06-27 21:07:27,346{GMT}	INFO	[jepsen worker 4] jepsen.util: 4	:ok	:broadcast	40
2025-06-27 21:07:27,531{GMT}	INFO	[jepsen worker 0] jepsen.util: 0	:invoke	:broadcast	41
2025-06-27 21:07:27,533{GMT}	INFO	[jepsen worker 0] jepsen.util: 0	:ok	:broadcast	41
2025-06-27 21:07:27,638{GMT}	INFO	[jepsen worker 0] jepsen.util: 0	:invoke	:broadcast	42
2025-06-27 21:07:27,640{GMT}	INFO	[jepsen worker 0] jepsen.util: 0	:ok	:broadcast	42
2025-06-27 21:07:27,835{GMT}	INFO	[jepsen worker 1] jepsen.util: 1	:invoke	:broadcast	43
2025-06-27 21:07:27,837{GMT}	INFO	[jepsen worker 1] jepsen.util: 1	:ok	:broadcast	43
2025-06-27 21:07:27,952{GMT}	INFO	[jepsen worker 2] jepsen.util: 2	:invoke	:broadcast	44
2025-06-27 21:07:27,954{GMT}	INFO	[jepsen worker 2] jepsen.util: 2	:ok	:broadcast	44
2025-06-27 21:07:28,010{GMT}	INFO	[jepsen worker 3] jepsen.util: 3	:invoke	:read	nil
2025-06-27 21:07:28,011{GMT}	INFO	[jepsen worker 3] jepsen.util: 3	:ok	:read	[1 4 5 8 10 11 12 13 15 16 17 18 19 20 22 23 25 26 27 29 30 31 32 33 34 35 36 39 40 41 42]
2025-06-27 21:07:28,170{GMT}	INFO	[jepsen worker 4] jepsen.util: 4	:invoke	:read	nil
2025-06-27 21:07:28,172{GMT}	INFO	[jepsen worker 4] jepsen.util: 4	:ok	:read	[1 4 5 8 10 11 12 13 15 16 17 18 19 20 22 23 25 26 27 29 30 31 32 33 34 35 36 39 40 41 42]
2025-06-27 21:07:28,271{GMT}	INFO	[jepsen worker 0] jepsen.util: 0	:invoke	:read	nil
2025-06-27 21:07:28,272{GMT}	INFO	[jepsen worker 0] jepsen.util: 0	:ok	:read	[1 4 5 8 10 11 12 13 15 16 17 18 19 20 22 23 25 26 27 29 30 31 32 33 34 35 36 39 40 41 42]
2025-06-27 21:07:28,356{GMT}	INFO	[jepsen worker 0] jepsen.util: 0	:invoke	:broadcast	45
2025-06-27 21:07:28,358{GMT}	INFO	[jepsen worker 0] jepsen.util: 0	:ok	:broadcast	45
2025-06-27 21:07:28,557{GMT}	INFO	[jepsen worker 1] jepsen.util: 1	:invoke	:broadcast	46
2025-06-27 21:07:28,559{GMT}	INFO	[jepsen worker 1] jepsen.util: 1	:ok	:broadcast	46
2025-06-27 21:07:28,717{GMT}	INFO	[jepsen worker 2] jepsen.util: 2	:invoke	:read	nil
2025-06-27 21:07:28,719{GMT}	INFO	[jepsen worker 2] jepsen.util: 2	:ok	:read	[0 3 7 9 38 44]
2025-06-27 21:07:28,812{GMT}	INFO	[jepsen worker 3] jepsen.util: 3	:invoke	:broadcast	47
2025-06-27 21:07:28,814{GMT}	INFO	[jepsen worker 3] jepsen.util: 3	:ok	:broadcast	47
2025-06-27 21:07:28,867{GMT}	INFO	[jepsen worker 4] jepsen.util: 4	:invoke	:broadcast	48
2025-06-27 21:07:28,868{GMT}	INFO	[jepsen worker 4] jepsen.util: 4	:ok	:broadcast	48
2025-06-27 21:07:29,064{GMT}	INFO	[jepsen worker 0] jepsen.util: 0	:invoke	:read	nil
2025-06-27 21:07:29,066{GMT}	INFO	[jepsen worker 0] jepsen.util: 0	:ok	:read	[1 4 5 8 10 11 12 13 15 16 17 18 19 20 22 23 25 26 27 29 30 31 32 33 34 35 36 39 40 41 42 45 47 48]
2025-06-27 21:07:29,265{GMT}	INFO	[jepsen worker 0] jepsen.util: 0	:invoke	:broadcast	49
2025-06-27 21:07:29,266{GMT}	INFO	[jepsen worker 0] jepsen.util: 0	:ok	:broadcast	49
2025-06-27 21:07:29,421{GMT}	INFO	[jepsen worker 1] jepsen.util: 1	:invoke	:read	nil
2025-06-27 21:07:29,423{GMT}	INFO	[jepsen worker 1] jepsen.util: 1	:ok	:read	[2 6 14 21 24 28 37 43 46]
2025-06-27 21:07:29,599{GMT}	INFO	[jepsen worker 2] jepsen.util: 2	:invoke	:broadcast	50
2025-06-27 21:07:29,602{GMT}	INFO	[jepsen worker 2] jepsen.util: 2	:ok	:broadcast	50
2025-06-27 21:07:29,788{GMT}	INFO	[jepsen worker 3] jepsen.util: 3	:invoke	:broadcast	51
2025-06-27 21:07:29,789{GMT}	INFO	[jepsen worker 3] jepsen.util: 3	:ok	:broadcast	51
2025-06-27 21:07:29,833{GMT}	INFO	[jepsen worker 4] jepsen.util: 4	:invoke	:read	nil
2025-06-27 21:07:29,834{GMT}	INFO	[jepsen worker 4] jepsen.util: 4	:ok	:read	[1 4 5 8 10 11 12 13 15 16 17 18 19 20 22 23 25 26 27 29 30 31 32 33 34 35 36 39 40 41 42 45 47 48 49 51]
2025-06-27 21:07:29,978{GMT}	INFO	[jepsen worker 0] jepsen.util: 0	:invoke	:read	nil
2025-06-27 21:07:29,980{GMT}	INFO	[jepsen worker 0] jepsen.util: 0	:ok	:read	[1 4 5 8 10 11 12 13 15 16 17 18 19 20 22 23 25 26 27 29 30 31 32 33 34 35 36 39 40 41 42 45 47 48 49 51]
2025-06-27 21:07:30,050{GMT}	INFO	[jepsen worker 0] jepsen.util: 0	:invoke	:broadcast	52
2025-06-27 21:07:30,051{GMT}	INFO	[jepsen worker 0] jepsen.util: 0	:ok	:broadcast	52
2025-06-27 21:07:30,105{GMT}	INFO	[jepsen worker 1] jepsen.util: 1	:invoke	:broadcast	53
2025-06-27 21:07:30,107{GMT}	INFO	[jepsen worker 1] jepsen.util: 1	:ok	:broadcast	53
2025-06-27 21:07:30,189{GMT}	INFO	[jepsen worker 2] jepsen.util: 2	:invoke	:read	nil
2025-06-27 21:07:30,191{GMT}	INFO	[jepsen worker 2] jepsen.util: 2	:ok	:read	[0 3 7 9 38 44 50]
2025-06-27 21:07:30,252{GMT}	INFO	[jepsen worker nemesis] jepsen.util: :nemesis	:info	:stop-partition	nil
2025-06-27 21:07:30,258{GMT}	INFO	[jepsen worker nemesis] jepsen.util: :nemesis	:info	:stop-partition	:network-healed
2025-06-27 21:07:30,360{GMT}	INFO	[jepsen worker 4] jepsen.util: 4	:invoke	:read	nil
2025-06-27 21:07:30,361{GMT}	INFO	[jepsen worker 4] jepsen.util: 4	:ok	:read	[1 4 5 8 10 11 12 13 15 16 17 18 19 20 22 23 25 26 27 29 30 31 32 33 34 35 36 39 40 41 42 45 47 48 49 51 52]
2025-06-27 21:07:30,526{GMT}	INFO	[jepsen worker 0] jepsen.util: 0	:invoke	:broadcast	54
2025-06-27 21:07:30,528{GMT}	INFO	[jepsen worker 0] jepsen.util: 0	:ok	:broadcast	54
2025-06-27 21:07:30,724{GMT}	INFO	[jepsen worker 0] jepsen.util: 0	:invoke	:read	nil
2025-06-27 21:07:30,726{GMT}	INFO	[jepsen worker 0] jepsen.util: 0	:ok	:read	[1 4 5 8 10 11 12 13 15 16 17 18 19 20 22 23 25 26 27 29 30 31 32 33 34 35 36 39 40 41 42 45 47 48 49 51 52 54]
2025-06-27 21:07:30,765{GMT}	INFO	[jepsen worker 1] jepsen.util: 1	:invoke	:broadcast	55
2025-06-27 21:07:30,767{GMT}	INFO	[jepsen worker 1] jepsen.util: 1	:ok	:broadcast	55
2025-06-27 21:07:30,941{GMT}	INFO	[jepsen worker 2] jepsen.util: 2	:invoke	:broadcast	56
2025-06-27 21:07:30,943{GMT}	INFO	[jepsen worker 2] jepsen.util: 2	:ok	:broadcast	56
2025-06-27 21:07:31,055{GMT}	INFO	[jepsen worker 3] jepsen.util: 3	:invoke	:read	nil
2025-06-27 21:07:31,057{GMT}	INFO	[jepsen worker 3] jepsen.util: 3	:ok	:read	[1 4 5 8 10 11 12 13 15 16 17 18 19 20 22 23 25 26 27 29 30 31 32 33 34 35 36 39 40 41 42 45 47 48 49 51 52 54 55 56]
2025-06-27 21:07:31,128{GMT}	INFO	[jepsen worker 4] jepsen.util: 4	:invoke	:broadcast	57
2025-06-27 21:07:31,130{GMT}	INFO	[jepsen worker 4] jepsen.util: 4	:ok	:broadcast	57
2025-06-27 21:07:31,171{GMT}	INFO	[jepsen worker 0] jepsen.util: 0	:invoke	:read	nil
2025-06-27 21:07:31,173{GMT}	INFO	[jepsen worker 0] jepsen.util: 0	:ok	:read	[1 4 5 8 10 11 12 13 15 16 17 18 19 20 22 23 25 26 27 29 30 31 32 33 34 35 36 39 40 41 42 45 47 48 49 51 52 54 55 56 57]
2025-06-27 21:07:31,369{GMT}	INFO	[jepsen worker 0] jepsen.util: 0	:invoke	:read	nil
2025-06-27 21:07:31,371{GMT}	INFO	[jepsen worker 0] jepsen.util: 0	:ok	:read	[1 4 5 8 10 11 12 13 15 16 17 18 19 20 22 23 25 26 27 29 30 31 32 33 34 35 36 39 40 41 42 45 47 48 49 51 52 54 55 56 57]
2025-06-27 21:07:31,399{GMT}	INFO	[jepsen worker 1] jepsen.util: 1	:invoke	:read	nil
2025-06-27 21:07:31,401{GMT}	INFO	[jepsen worker 1] jepsen.util: 1	:ok	:read	[2 6 14 21 24 28 37 43 46 53 54 55 56 57]
2025-06-27 21:07:31,421{GMT}	INFO	[jepsen worker 2] jepsen.util: 2	:invoke	:read	nil
2025-06-27 21:07:31,423{GMT}	INFO	[jepsen worker 2] jepsen.util: 2	:ok	:read	[0 3 7 9 38 44 50 54 55 56 57]
2025-06-27 21:07:31,427{GMT}	INFO	[jepsen worker nemesis] jepsen.util: :nemesis	:info	:start-partition	:minority-third
2025-06-27 21:07:31,430{GMT}	INFO	[jepsen worker nemesis] jepsen.util: :nemesis	:info	:start-partition	[:isolated {"n0" #{"n2" "n1" "n4" "n3"}, "n2" #{"n0"}, "n1" #{"n0"}, "n4" #{"n0"}, "n3" #{"n0"}}]
2025-06-27 21:07:31,620{GMT}	INFO	[jepsen worker 4] jepsen.util: 4	:invoke	:broadcast	58
2025-06-27 21:07:31,622{GMT}	INFO	[jepsen worker 4] jepsen.util: 4	:ok	:broadcast	58
2025-06-27 21:07:31,800{GMT}	INFO	[jepsen worker 0] jepsen.util: 0	:invoke	:broadcast	59
2025-06-27 21:07:31,802{GMT}	INFO	[jepsen worker 0] jepsen.util: 0	:ok	:broadcast	59
2025-06-27 21:07:31,993{GMT}	INFO	[jepsen worker 0] jepsen.util: 0	:invoke	:read	nil
2025-06-27 21:07:31,996{GMT}	INFO	[jepsen worker 0] jepsen.util: 0	:ok	:read	[1 4 5 8 10 11 12 13 15 16 17 18 19 20 22 23 25 26 27 29 30 31 32 33 34 35 36 39 40 41 42 45 47 48 49 51 52 54 55 56 57 59]
2025-06-27 21:07:32,137{GMT}	INFO	[jepsen worker 1] jepsen.util: 1	:invoke	:read	nil
2025-06-27 21:07:32,139{GMT}	INFO	[jepsen worker 1] jepsen.util: 1	:ok	:read	[2 6 14 21 24 28 37 43 46 53 54 55 56 57 58]
2025-06-27 21:07:32,231{GMT}	INFO	[jepsen worker 2] jepsen.util: 2	:invoke	:read	nil
2025-06-27 21:07:32,233{GMT}	INFO	[jepsen worker 2] jepsen.util: 2	:ok	:read	[0 3 7 9 38 44 50 54 55 56 57 58]
2025-06-27 21:07:32,304{GMT}	INFO	[jepsen worker 3] jepsen.util: 3	:invoke	:broadcast	60
2025-06-27 21:07:32,305{GMT}	INFO	[jepsen worker 3] jepsen.util: 3	:ok	:broadcast	60
2025-06-27 21:07:32,420{GMT}	INFO	[jepsen worker 4] jepsen.util: 4	:invoke	:broadcast	61
2025-06-27 21:07:32,421{GMT}	INFO	[jepsen worker 4] jepsen.util: 4	:ok	:broadcast	61
2025-06-27 21:07:32,465{GMT}	INFO	[jepsen worker 0] jepsen.util: 0	:invoke	:read	nil
2025-06-27 21:07:32,466{GMT}	INFO	[jepsen worker 0] jepsen.util: 0	:ok	:read	[1 4 5 8 10 11 12 13 15 16 17 18 19 20 22 23 25 26 27 29 30 31 32 33 34 35 36 39 40 41 42 45 47 48 49 51 52 54 55 56 57 59]
2025-06-27 21:07:32,493{GMT}	INFO	[jepsen worker 0] jepsen.util: 0	:invoke	:broadcast	62
2025-06-27 21:07:32,493{GMT}	INFO	[jepsen worker 0] jepsen.util: 0	:ok	:broadcast	62
2025-06-27 21:07:32,562{GMT}	INFO	[jepsen worker 1] jepsen.util: 1	:invoke	:read	nil
2025-06-27 21:07:32,563{GMT}	INFO	[jepsen worker 1] jepsen.util: 1	:ok	:read	[2 6 14 21 24 28 37 43 46 53 54 55 56 57 58 60 61]
2025-06-27 21:07:32,711{GMT}	INFO	[jepsen worker 2] jepsen.util: 2	:invoke	:broadcast	63
2025-06-27 21:07:32,713{GMT}	INFO	[jepsen worker 2] jepsen.util: 2	:ok	:broadcast	63
2025-06-27 21:07:32,852{GMT}	INFO	[jepsen worker 3] jepsen.util: 3	:invoke	:broadcast	64
2025-06-27 21:07:32,853{GMT}	INFO	[jepsen worker 3] jepsen.util: 3	:ok	:broadcast	64
2025-06-27 21:07:33,041{GMT}	INFO	[jepsen worker 4] jepsen.util: 4	:invoke	:read	nil
2025-06-27 21:07:33,043{GMT}	INFO	[jepsen worker 4] jepsen.util: 4	:ok	:read	[1 4 5 8 10 11 12 13 15 16 17 18 19 20 22 23 25 26 27 29 30 31 32 33 34 35 36 39 40 41 42 45 47 48 49 51 52 54 55 56 57 58 60 61 63 64]
2025-06-27 21:07:33,138{GMT}	INFO	[jepsen worker 0] jepsen.util: 0	:invoke	:read	nil
2025-06-27 21:07:33,140{GMT}	INFO	[jepsen worker 0] jepsen.util: 0	:ok	:read	[1 4 5 8 10 11 12 13 15 16 17 18 19 20 22 23 25 26 27 29 30 31 32 33 34 35 36 39 40 41 42 45 47 48 49 51 52 54 55 56 57 59 62]
2025-06-27 21:07:33,287{GMT}	INFO	[jepsen worker 0] jepsen.util: 0	:invoke	:broadcast	65
2025-06-27 21:07:33,288{GMT}	INFO	[jepsen worker 0] jepsen.util: 0	:ok	:broadcast	65
2025-06-27 21:07:33,355{GMT}	INFO	[jepsen worker 1] jepsen.util: 1	:invoke	:read	nil
2025-06-27 21:07:33,357{GMT}	INFO	[jepsen worker 1] jepsen.util: 1	:ok	:read	[2 6 14 21 24 28 37 43 46 53 54 55 56 57 58 60 61 63 64]
2025-06-27 21:07:33,501{GMT}	INFO	[jepsen worker 2] jepsen.util: 2	:invoke	:broadcast	66
2025-06-27 21:07:33,503{GMT}	INFO	[jepsen worker 2] jepsen.util: 2	:ok	:broadcast	66
2025-06-27 21:07:33,555{GMT}	INFO	[jepsen worker 3] jepsen.util: 3	:invoke	:read	nil
2025-06-27 21:07:33,557{GMT}	INFO	[jepsen worker 3] jepsen.util: 3	:ok	:read	[1 4 5 8 10 11 12 13 15 16 17 18 19 20 22 23 25 26 27 29 30 31 32 33 34 35 36 39 40 41 42 45 47 48 49 51 52 54 55 56 57 58 60 61 63 64 66]
2025-06-27 21:07:33,654{GMT}	INFO	[jepsen worker 4] jepsen.util: 4	:invoke	:broadcast	67
2025-06-27 21:07:33,655{GMT}	INFO	[jepsen worker 4] jepsen.util: 4	:ok	:broadcast	67
2025-06-27 21:07:33,692{GMT}	INFO	[jepsen worker 0] jepsen.util: 0	:invoke	:read	nil
2025-06-27 21:07:33,694{GMT}	INFO	[jepsen worker 0] jepsen.util: 0	:ok	:read	[1 4 5 8 10 11 12 13 15 16 17 18 19 20 22 23 25 26 27 29 30 31 32 33 34 35 36 39 40 41 42 45 47 48 49 51 52 54 55 56 57 59 62 65]
2025-06-27 21:07:33,700{GMT}	INFO	[jepsen worker 0] jepsen.util: 0	:invoke	:broadcast	68
2025-06-27 21:07:33,701{GMT}	INFO	[jepsen worker 0] jepsen.util: 0	:ok	:broadcast	68
2025-06-27 21:07:33,847{GMT}	INFO	[jepsen worker 1] jepsen.util: 1	:invoke	:read	nil
2025-06-27 21:07:33,849{GMT}	INFO	[jepsen worker 1] jepsen.util: 1	:ok	:read	[2 6 14 21 24 28 37 43 46 53 54 55 56 57 58 60 61 63 64 66 67]
2025-06-27 21:07:33,938{GMT}	INFO	[jepsen worker 2] jepsen.util: 2	:invoke	:broadcast	69
2025-06-27 21:07:33,939{GMT}	INFO	[jepsen worker 2] jepsen.util: 2	:ok	:broadcast	69
2025-06-27 21:07:34,042{GMT}	INFO	[jepsen worker 3] jepsen.util: 3	:invoke	:read	nil
2025-06-27 21:07:34,043{GMT}	INFO	[jepsen worker 3] jepsen.util: 3	:ok	:read	[1 4 5 8 10 11 12 13 15 16 17 18 19 20 22 23 25 26 27 29 30 31 32 33 34 35 36 39 40 41 42 45 47 48 49 51 52 54 55 56 57 58 60 61 63 64 66 67 69]
2025-06-27 21:07:34,051{GMT}	INFO	[jepsen worker 4] jepsen.util: 4	:invoke	:broadcast	70
2025-06-27 21:07:34,051{GMT}	INFO	[jepsen worker 4] jepsen.util: 4	:ok	:broadcast	70
2025-06-27 21:07:34,234{GMT}	INFO	[jepsen worker 0] jepsen.util: 0	:invoke	:broadcast	71
2025-06-27 21:07:34,236{GMT}	INFO	[jepsen worker 0] jepsen.util: 0	:ok	:broadcast	71
2025-06-27 21:07:34,413{GMT}	INFO	[jepsen worker 0] jepsen.util: 0	:invoke	:read	nil
2025-06-27 21:07:34,415{GMT}	INFO	[jepsen worker 0] jepsen.util: 0	:ok	:read	[1 4 5 8 10 11 12 13 15 16 17 18 19 20 22 23 25 26 27 29 30 31 32 33 34 35 36 39 40 41 42 45 47 48 49 51 52 54 55 56 57 59 62 65 68 71]
2025-06-27 21:07:34,524{GMT}	INFO	[jepsen worker 1] jepsen.util: 1	:invoke	:read	nil
2025-06-27 21:07:34,526{GMT}	INFO	[jepsen worker 1] jepsen.util: 1	:ok	:read	[2 6 14 21 24 28 37 43 46 53 54 55 56 57 58 60 61 63 64 66 67 69 70]
2025-06-27 21:07:34,721{GMT}	INFO	[jepsen worker 2] jepsen.util: 2	:invoke	:broadcast	72
2025-06-27 21:07:34,723{GMT}	INFO	[jepsen worker 2] jepsen.util: 2	:ok	:broadcast	72
2025-06-27 21:07:34,884{GMT}	INFO	[jepsen worker 3] jepsen.util: 3	:invoke	:read	nil
2025-06-27 21:07:34,885{GMT}	INFO	[jepsen worker 3] jepsen.util: 3	:ok	:read	[1 4 5 8 10 11 12 13 15 16 17 18 19 20 22 23 25 26 27 29 30 31 32 33 34 35 36 39 40 41 42 45 47 48 49 51 52 54 55 56 57 58 60 61 63 64 66 67 69 70 72]
2025-06-27 21:07:35,071{GMT}	INFO	[jepsen worker 4] jepsen.util: 4	:invoke	:read	nil
2025-06-27 21:07:35,073{GMT}	INFO	[jepsen worker 4] jepsen.util: 4	:ok	:read	[1 4 5 8 10 11 12 13 15 16 17 18 19 20 22 23 25 26 27 29 30 31 32 33 34 35 36 39 40 41 42 45 47 48 49 51 52 54 55 56 57 58 60 61 63 64 66 67 69 70 72]
2025-06-27 21:07:35,263{GMT}	INFO	[jepsen worker 0] jepsen.util: 0	:invoke	:read	nil
2025-06-27 21:07:35,265{GMT}	INFO	[jepsen worker 0] jepsen.util: 0	:ok	:read	[1 4 5 8 10 11 12 13 15 16 17 18 19 20 22 23 25 26 27 29 30 31 32 33 34 35 36 39 40 41 42 45 47 48 49 51 52 54 55 56 57 59 62 65 68 71]
2025-06-27 21:07:35,295{GMT}	INFO	[jepsen worker 0] jepsen.util: 0	:invoke	:broadcast	73
2025-06-27 21:07:35,296{GMT}	INFO	[jepsen worker 0] jepsen.util: 0	:ok	:broadcast	73
2025-06-27 21:07:35,354{GMT}	INFO	[jepsen worker 1] jepsen.util: 1	:invoke	:read	nil
2025-06-27 21:07:35,356{GMT}	INFO	[jepsen worker 1] jepsen.util: 1	:ok	:read	[2 6 14 21 24 28 37 43 46 53 54 55 56 57 58 60 61 63 64 66 67 69 70 72]
2025-06-27 21:07:35,410{GMT}	INFO	[jepsen worker 2] jepsen.util: 2	:invoke	:broadcast	74
2025-06-27 21:07:35,412{GMT}	INFO	[jepsen worker 2] jepsen.util: 2	:ok	:broadcast	74
2025-06-27 21:07:35,604{GMT}	INFO	[jepsen worker 3] jepsen.util: 3	:invoke	:read	nil
2025-06-27 21:07:35,606{GMT}	INFO	[jepsen worker 3] jepsen.util: 3	:ok	:read	[1 4 5 8 10 11 12 13 15 16 17 18 19 20 22 23 25 26 27 29 30 31 32 33 34 35 36 39 40 41 42 45 47 48 49 51 52 54 55 56 57 58 60 61 63 64 66 67 69 70 72 74]
2025-06-27 21:07:35,734{GMT}	INFO	[jepsen worker 4] jepsen.util: 4	:invoke	:broadcast	75
2025-06-27 21:07:35,735{GMT}	INFO	[jepsen worker 4] jepsen.util: 4	:ok	:broadcast	75
2025-06-27 21:07:35,899{GMT}	INFO	[jepsen worker 0] jepsen.util: 0	:invoke	:read	nil
2025-06-27 21:07:35,901{GMT}	INFO	[jepsen worker 0] jepsen.util: 0	:ok	:read	[1 4 5 8 10 11 12 13 15 16 17 18 19 20 22 23 25 26 27 29 30 31 32 33 34 35 36 39 40 41 42 45 47 48 49 51 52 54 55 56 57 59 62 65 68 71 73]
2025-06-27 21:07:35,937{GMT}	INFO	[jepsen worker 0] jepsen.util: 0	:invoke	:read	nil
2025-06-27 21:07:35,939{GMT}	INFO	[jepsen worker 0] jepsen.util: 0	:ok	:read	[1 4 5 8 10 11 12 13 15 16 17 18 19 20 22 23 25 26 27 29 30 31 32 33 34 35 36 39 40 41 42 45 47 48 49 51 52 54 55 56 57 59 62 65 68 71 73]
2025-06-27 21:07:36,071{GMT}	INFO	[jepsen worker 1] jepsen.util: 1	:invoke	:broadcast	76
2025-06-27 21:07:36,073{GMT}	INFO	[jepsen worker 1] jepsen.util: 1	:ok	:broadcast	76
2025-06-27 21:07:36,238{GMT}	INFO	[jepsen worker 2] jepsen.util: 2	:invoke	:broadcast	77
2025-06-27 21:07:36,239{GMT}	INFO	[jepsen worker 2] jepsen.util: 2	:ok	:broadcast	77
2025-06-27 21:07:36,434{GMT}	INFO	[jepsen worker 3] jepsen.util: 3	:invoke	:read	nil
2025-06-27 21:07:36,437{GMT}	INFO	[jepsen worker 3] jepsen.util: 3	:ok	:read	[1 4 5 8 10 11 12 13 15 16 17 18 19 20 22 23 25 26 27 29 30 31 32 33 34 35 36 39 40 41 42 45 47 48 49 51 52 54 55 56 57 58 60 61 63 64 66 67 69 70 72 74 75 76 77]
2025-06-27 21:07:36,589{GMT}	INFO	[jepsen worker 4] jepsen.util: 4	:invoke	:read	nil
2025-06-27 21:07:36,591{GMT}	INFO	[jepsen worker 4] jepsen.util: 4	:ok	:read	[1 4 5 8 10 11 12 13 15 16 17 18 19 20 22 23 25 26 27 29 30 31 32 33 34 35 36 39 40 41 42 45 47 48 49 51 52 54 55 56 57 58 60 61 63 64 66 67 69 70 72 74 75 76 77]
2025-06-27 21:07:36,778{GMT}	INFO	[jepsen worker 0] jepsen.util: 0	:invoke	:broadcast	78
2025-06-27 21:07:36,778{GMT}	INFO	[jepsen worker 1] jepsen.util: 1	:invoke	:read	nil
2025-06-27 21:07:36,780{GMT}	INFO	[jepsen worker 0] jepsen.util: 0	:ok	:broadcast	78
2025-06-27 21:07:36,780{GMT}	INFO	[jepsen worker 1] jepsen.util: 1	:ok	:read	[2 6 14 21 24 28 37 43 46 53 54 55 56 57 58 60 61 63 64 66 67 69 70 72 74 75 76 77]
2025-06-27 21:07:36,927{GMT}	INFO	[jepsen worker 1] jepsen.util: 1	:invoke	:broadcast	79
2025-06-27 21:07:36,929{GMT}	INFO	[jepsen worker 1] jepsen.util: 1	:ok	:broadcast	79
2025-06-27 21:07:37,082{GMT}	INFO	[jepsen worker 2] jepsen.util: 2	:invoke	:read	nil
2025-06-27 21:07:37,083{GMT}	INFO	[jepsen worker 2] jepsen.util: 2	:ok	:read	[0 3 7 9 38 44 50 54 55 56 57 58 60 61 63 64 66 67 69 70 72 74 75 76 77 79]
2025-06-27 21:07:37,270{GMT}	INFO	[jepsen worker 3] jepsen.util: 3	:invoke	:read	nil
2025-06-27 21:07:37,272{GMT}	INFO	[jepsen worker 3] jepsen.util: 3	:ok	:read	[1 4 5 8 10 11 12 13 15 16 17 18 19 20 22 23 25 26 27 29 30 31 32 33 34 35 36 39 40 41 42 45 47 48 49 51 52 54 55 56 57 58 60 61 63 64 66 67 69 70 72 74 75 76 77 79]
2025-06-27 21:07:37,287{GMT}	INFO	[jepsen worker 4] jepsen.util: 4	:invoke	:read	nil
2025-06-27 21:07:37,288{GMT}	INFO	[jepsen worker 4] jepsen.util: 4	:ok	:read	[1 4 5 8 10 11 12 13 15 16 17 18 19 20 22 23 25 26 27 29 30 31 32 33 34 35 36 39 40 41 42 45 47 48 49 51 52 54 55 56 57 58 60 61 63 64 66 67 69 70 72 74 75 76 77 79]
2025-06-27 21:07:37,437{GMT}	INFO	[jepsen worker 0] jepsen.util: 0	:invoke	:broadcast	80
2025-06-27 21:07:37,438{GMT}	INFO	[jepsen worker 0] jepsen.util: 0	:ok	:broadcast	80
2025-06-27 21:07:37,605{GMT}	INFO	[jepsen worker 0] jepsen.util: 0	:invoke	:broadcast	81
2025-06-27 21:07:37,607{GMT}	INFO	[jepsen worker 0] jepsen.util: 0	:ok	:broadcast	81
2025-06-27 21:07:37,692{GMT}	INFO	[jepsen worker 1] jepsen.util: 1	:invoke	:read	nil
2025-06-27 21:07:37,694{GMT}	INFO	[jepsen worker 1] jepsen.util: 1	:ok	:read	[2 6 14 21 24 28 37 43 46 53 54 55 56 57 58 60 61 63 64 66 67 69 70 72 74 75 76 77 79]
2025-06-27 21:07:37,738{GMT}	INFO	[jepsen worker 2] jepsen.util: 2	:invoke	:read	nil
2025-06-27 21:07:37,740{GMT}	INFO	[jepsen worker 2] jepsen.util: 2	:ok	:read	[0 3 7 9 38 44 50 54 55 56 57 58 60 61 63 64 66 67 69 70 72 74 75 76 77 79]
2025-06-27 21:07:37,818{GMT}	INFO	[jepsen worker 3] jepsen.util: 3	:invoke	:read	nil
2025-06-27 21:07:37,820{GMT}	INFO	[jepsen worker 3] jepsen.util: 3	:ok	:read	[1 4 5 8 10 11 12 13 15 16 17 18 19 20 22 23 25 26 27 29 30 31 32 33 34 35 36 39 40 41 42 45 47 48 49 51 52 54 55 56 57 58 60 61 63 64 66 67 69 70 72 74 75 76 77 79]
2025-06-27 21:07:37,820{GMT}	INFO	[jepsen worker 4] jepsen.util: 4	:invoke	:broadcast	82
2025-06-27 21:07:37,821{GMT}	INFO	[jepsen worker 4] jepsen.util: 4	:ok	:broadcast	82
2025-06-27 21:07:37,944{GMT}	INFO	[jepsen worker 0] jepsen.util: 0	:invoke	:broadcast	83
2025-06-27 21:07:37,945{GMT}	INFO	[jepsen worker 0] jepsen.util: 0	:ok	:broadcast	83
2025-06-27 21:07:38,138{GMT}	INFO	[jepsen worker 0] jepsen.util: 0	:invoke	:broadcast	84
2025-06-27 21:07:38,139{GMT}	INFO	[jepsen worker 0] jepsen.util: 0	:ok	:broadcast	84
2025-06-27 21:07:38,140{GMT}	INFO	[jepsen worker 1] jepsen.util: 1	:invoke	:broadcast	85
2025-06-27 21:07:38,141{GMT}	INFO	[jepsen worker 1] jepsen.util: 1	:ok	:broadcast	85
2025-06-27 21:07:38,240{GMT}	INFO	[jepsen worker 2] jepsen.util: 2	:invoke	:broadcast	86
2025-06-27 21:07:38,241{GMT}	INFO	[jepsen worker 2] jepsen.util: 2	:ok	:broadcast	86
2025-06-27 21:07:38,431{GMT}	INFO	[jepsen worker 3] jepsen.util: 3	:invoke	:read	nil
2025-06-27 21:07:38,433{GMT}	INFO	[jepsen worker 3] jepsen.util: 3	:ok	:read	[1 4 5 8 10 11 12 13 15 16 17 18 19 20 22 23 25 26 27 29 30 31 32 33 34 35 36 39 40 41 42 45 47 48 49 51 52 54 55 56 57 58 60 61 63 64 66 67 69 70 72 74 75 76 77 79 82 85 86]
2025-06-27 21:07:38,628{GMT}	INFO	[jepsen worker 4] jepsen.util: 4	:invoke	:broadcast	87
2025-06-27 21:07:38,629{GMT}	INFO	[jepsen worker 4] jepsen.util: 4	:ok	:broadcast	87
2025-06-27 21:07:38,721{GMT}	INFO	[jepsen worker 0] jepsen.util: 0	:invoke	:read	nil
2025-06-27 21:07:38,723{GMT}	INFO	[jepsen worker 0] jepsen.util: 0	:ok	:read	[1 4 5 8 10 11 12 13 15 16 17 18 19 20 22 23 25 26 27 29 30 31 32 33 34 35 36 39 40 41 42 45 47 48 49 51 52 54 55 56 57 59 62 65 68 71 73 78 80 81 83 84]
2025-06-27 21:07:38,728{GMT}	INFO	[jepsen worker 0] jepsen.util: 0	:invoke	:read	nil
2025-06-27 21:07:38,729{GMT}	INFO	[jepsen worker 0] jepsen.util: 0	:ok	:read	[1 4 5 8 10 11 12 13 15 16 17 18 19 20 22 23 25 26 27 29 30 31 32 33 34 35 36 39 40 41 42 45 47 48 49 51 52 54 55 56 57 59 62 65 68 71 73 78 80 81 83 84]
2025-06-27 21:07:38,732{GMT}	INFO	[jepsen worker 1] jepsen.util: 1	:invoke	:broadcast	88
2025-06-27 21:07:38,732{GMT}	INFO	[jepsen worker 1] jepsen.util: 1	:ok	:broadcast	88
2025-06-27 21:07:38,885{GMT}	INFO	[jepsen worker 2] jepsen.util: 2	:invoke	:read	nil
2025-06-27 21:07:38,887{GMT}	INFO	[jepsen worker 2] jepsen.util: 2	:ok	:read	[0 3 7 9 38 44 50 54 55 56 57 58 60 61 63 64 66 67 69 70 72 74 75 76 77 79 82 85 86 87 88]
2025-06-27 21:07:38,968{GMT}	INFO	[jepsen worker 3] jepsen.util: 3	:invoke	:read	nil
2025-06-27 21:07:38,970{GMT}	INFO	[jepsen worker nemesis] jepsen.util: :nemesis	:info	:stop-partition	nil
2025-06-27 21:07:38,970{GMT}	INFO	[jepsen worker 3] jepsen.util: 3	:ok	:read	[1 4 5 8 10 11 12 13 15 16 17 18 19 20 22 23 25 26 27 29 30 31 32 33 34 35 36 39 40 41 42 45 47 48 49 51 52 54 55 56 57 58 60 61 63 64 66 67 69 70 72 74 75 76 77 79 82 85 86 87 88]
2025-06-27 21:07:38,971{GMT}	INFO	[jepsen worker nemesis] jepsen.util: :nemesis	:info	:stop-partition	:network-healed
2025-06-27 21:07:38,971{GMT}	INFO	[jepsen worker nemesis] jepsen.generator.interpreter: Waiting for recovery...
2025-06-27 21:07:48,982{GMT}	INFO	[jepsen worker 0] jepsen.util: 0	:invoke	:read	nil
2025-06-27 21:07:48,982{GMT}	INFO	[jepsen worker 1] jepsen.util: 1	:invoke	:read	nil
2025-06-27 21:07:48,982{GMT}	INFO	[jepsen worker 3] jepsen.util: 3	:invoke	:read	nil
2025-06-27 21:07:48,982{GMT}	INFO	[jepsen worker 2] jepsen.util: 2	:invoke	:read	nil
2025-06-27 21:07:48,982{GMT}	INFO	[jepsen worker 4] jepsen.util: 4	:invoke	:read	nil
2025-06-27 21:07:48,984{GMT}	INFO	[jepsen worker 2] jepsen.util: 2	:ok	:read	[0 3 7 9 38 44 50 54 55 56 57 58 60 61 63 64 66 67 69 70 72 74 75 76 77 79 82 85 86 87 88]
2025-06-27 21:07:48,984{GMT}	INFO	[jepsen worker 1] jepsen.util: 1	:ok	:read	[2 6 14 21 24 28 37 43 46 53 54 55 56 57 58 60 61 63 64 66 67 69 70 72 74 75 76 77 79 82 85 86 87 88]
2025-06-27 21:07:48,984{GMT}	INFO	[jepsen worker 0] jepsen.util: 0	:ok	:read	[1 4 5 8 10 11 12 13 15 16 17 18 19 20 22 23 25 26 27 29 30 31 32 33 34 35 36 39 40 41 42 45 47 48 49 51 52 54 55 56 57 59 62 65 68 71 73 78 80 81 83 84]
2025-06-27 21:07:48,984{GMT}	INFO	[jepsen worker 4] jepsen.util: 4	:ok	:read	[1 4 5 8 10 11 12 13 15 16 17 18 19 20 22 23 25 26 27 29 30 31 32 33 34 35 36 39 40 41 42 45 47 48 49 51 52 54 55 56 57 58 60 61 63 64 66 67 69 70 72 74 75 76 77 79 82 85 86 87 88]
2025-06-27 21:07:48,985{GMT}	INFO	[jepsen worker 3] jepsen.util: 3	:ok	:read	[1 4 5 8 10 11 12 13 15 16 17 18 19 20 22 23 25 26 27 29 30 31 32 33 34 35 36 39 40 41 42 45 47 48 49 51 52 54 55 56 57 58 60 61 63 64 66 67 69 70 72 74 75 76 77 79 82 85 86 87 88]
2025-06-27 21:07:48,999{GMT}	INFO	[jepsen test runner] jepsen.core: Run complete, writing
2025-06-27 21:07:49,046{GMT}	INFO	[jepsen node n0] maelstrom.db: Tearing down n0
2025-06-27 21:07:49,046{GMT}	INFO	[jepsen node n1] maelstrom.db: Tearing down n1
2025-06-27 21:07:49,046{GMT}	INFO	[jepsen node n2] maelstrom.db: Tearing down n2
2025-06-27 21:07:49,046{GMT}	INFO	[jepsen node n3] maelstrom.db: Tearing down n3
2025-06-27 21:07:49,060{GMT}	INFO	[jepsen node n4] maelstrom.db: Tearing down n4
2025-06-27 21:07:50,801{GMT}	INFO	[jepsen node n0] maelstrom.net: Shutting down Maelstrom network
2025-06-27 21:07:50,803{GMT}	INFO	[jepsen test runner] jepsen.core: Analyzing...
2025-06-27 21:07:51,313{GMT}	INFO	[jepsen test runner] jepsen.core: Analysis complete
2025-06-27 21:07:51,341{GMT}	INFO	[jepsen results] jepsen.store: Wrote /Users/anandtrehan/flyio_challenges/maelstrom/store/broadcast/20250627T210717.382-0400/results.edn
2025-06-27 21:07:51,363{GMT}	INFO	[jepsen test runner] jepsen.core: {:perf {:latency-graph {:valid? true},
        :rate-graph {:valid? true},
        :valid? true},
 :timeline {:valid? true},
 :exceptions {:valid? true},
 :stats {:valid? true,
         :count 186,
         :ok-count 186,
         :fail-count 0,
         :info-count 0,
         :by-f {:broadcast {:valid? true,
                            :count 89,
                            :ok-count 89,
                            :fail-count 0,
                            :info-count 0},
                :read {:valid? true,
                       :count 97,
                       :ok-count 97,
                       :fail-count 0,
                       :info-count 0}}},
 :availability {:valid? true, :ok-fraction 1.0},
 :net {:all {:send-count 1181,
             :recv-count 1008,
             :msg-count 1181,
             :msgs-per-op 6.3494625},
       :clients {:send-count 392, :recv-count 392, :msg-count 392},
       :servers {:send-count 789,
                 :recv-count 616,
                 :msg-count 789,
                 :msgs-per-op 4.2419353},
       :valid? true},
 :workload {:worst-stale ({:element 0,
                           :outcome :stable,
                           :stable-latency 29984,
                           :lost-latency nil,
                           :known #jepsen.history.Op{:index 5,
                                                     :time 20726125,
                                                     :type :ok,
                                                     :process 2,
                                                     :f :add,
                                                     :value 0},
                           :last-absent #jepsen.history.Op{:index 373,
                                                           :time 30004921334,
                                                           :type :invoke,
                                                           :process 4,
                                                           :f :read,
                                                           :value nil,
                                                           :final? true}}
                          {:element 3,
                           :outcome :stable,
                           :stable-latency 29382,
                           :lost-latency nil,
                           :known #jepsen.history.Op{:index 17,
                                                     :time 622896167,
                                                     :type :ok,
                                                     :process 2,
                                                     :f :add,
                                                     :value 3},
                           :last-absent #jepsen.history.Op{:index 373,
                                                           :time 30004921334,
                                                           :type :invoke,
                                                           :process 4,
                                                           :f :read,
                                                           :value nil,
                                                           :final? true}}
                          {:element 7,
                           :outcome :stable,
                           :stable-latency 28723,
                           :lost-latency nil,
                           :known #jepsen.history.Op{:index 29,
                                                     :time 1280940542,
                                                     :type :ok,
                                                     :process 2,
                                                     :f :add,
                                                     :value 7},
                           :last-absent #jepsen.history.Op{:index 373,
                                                           :time 30004921334,
                                                           :type :invoke,
                                                           :process 4,
                                                           :f :read,
                                                           :value nil,
                                                           :final? true}}
                          {:element 9,
                           :outcome :stable,
                           :stable-latency 27963,
                           :lost-latency nil,
                           :known #jepsen.history.Op{:index 41,
                                                     :time 2041339875,
                                                     :type :ok,
                                                     :process 2,
                                                     :f :add,
                                                     :value 9},
                           :last-absent #jepsen.history.Op{:index 373,
                                                           :time 30004921334,
                                                           :type :invoke,
                                                           :process 4,
                                                           :f :read,
                                                           :value nil,
                                                           :final? true}}
                          {:element 38,
                           :outcome :stable,
                           :stable-latency 21767,
                           :lost-latency nil,
                           :known #jepsen.history.Op{:index 161,
                                                     :time 8237665375,
                                                     :type :ok,
                                                     :process 2,
                                                     :f :add,
                                                     :value 38},
                           :last-absent #jepsen.history.Op{:index 373,
                                                           :time 30004921334,
                                                           :type :invoke,
                                                           :process 4,
                                                           :f :read,
                                                           :value nil,
                                                           :final? true}}
                          {:element 44,
                           :outcome :stable,
                           :stable-latency 21028,
                           :lost-latency nil,
                           :known #jepsen.history.Op{:index 173,
                                                     :time 8976643167,
                                                     :type :ok,
                                                     :process 2,
                                                     :f :add,
                                                     :value 44},
                           :last-absent #jepsen.history.Op{:index 373,
                                                           :time 30004921334,
                                                           :type :invoke,
                                                           :process 4,
                                                           :f :read,
                                                           :value nil,
                                                           :final? true}}
                          {:element 50,
                           :outcome :stable,
                           :stable-latency 19379,
                           :lost-latency nil,
                           :known #jepsen.history.Op{:index 197,
                                                     :time 10624960167,
                                                     :type :ok,
                                                     :process 2,
                                                     :f :add,
                                                     :value 50},
                           :last-absent #jepsen.history.Op{:index 373,
                                                           :time 30004921334,
                                                           :type :invoke,
                                                           :process 4,
                                                           :f :read,
                                                           :value nil,
                                                           :final? true}}
                          {:element 58,
                           :outcome :stable,
                           :stable-latency 17354,
                           :lost-latency nil,
                           :known #jepsen.history.Op{:index 237,
                                                     :time 12645377667,
                                                     :type :ok,
                                                     :process 4,
                                                     :f :add,
                                                     :value 58},
                           :last-absent #jepsen.history.Op{:index 370,
                                                           :time 29999950042,
                                                           :type :invoke,
                                                           :process 0,
                                                           :f :read,
                                                           :value nil,
                                                           :final? true}}),
            :duplicated-count 0,
            :valid? false,
            :lost-count 58,
            :lost (1
                   2
                   4
                   5
                   6
                   8
                   10
                   11
                   12
                   13
                   14
                   15
                   16
                   17
                   18
                   19
                   20
                   21
                   22
                   23
                   24
                   25
                   26
                   27
                   28
                   29
                   30
                   31
                   32
                   33
                   34
                   35
                   36
                   37
                   39
                   40
                   41
                   42
                   43
                   45
                   46
                   47
                   48
                   49
                   51
                   52
                   53
                   59
                   62
                   65
                   68
                   71
                   73
                   78
                   80
                   81
                   83
                   84),
            :stable-count 31,
            :stale-count 27,
            :stale (0
                    3
                    7
                    9
                    38
                    44
                    50
                    58
                    60
                    61
                    63
                    64
                    66
                    67
                    69
                    70
                    72
                    74
                    75
                    76
                    77
                    79
                    82
                    85
                    86
                    87
                    88),
            :never-read-count 0,
            :stable-latencies {0 0,
                               0.5 14925,
                               0.95 29382,
                               0.99 29984,
                               1 29984},
            :attempt-count 89,
            :lost-latencies {0 10837,
                             0.5 22942,
                             0.95 29339,
                             0.99 29809,
                             1 29809},
            :never-read (),
            :duplicated {}},
 :valid? false}


Analysis invalid! ( 
