2025/06/29 18:30:30 Received {c4 n0 {"type":"init","node_id":"n0","node_ids":["n0","n1","n2","n3","n4"],"msg_id":1}}
2025/06/29 18:30:30 Node n0 initialized
2025/06/29 18:30:30 Sent {"src":"n0","dest":"c4","body":{"in_reply_to":1,"type":"init_ok"}}
2025/06/29 18:30:30 Received {c5 n0 {"type":"topology","topology":{"n0":["n3","n1"],"n1":["n4","n2","n0"],"n2":["n1"],"n3":["n0","n4"],"n4":["n1","n3"]},"msg_id":1}}
2025/06/29 18:30:30 Sent {"src":"n0","dest":"c5","body":{"in_reply_to":1,"type":"topology_ok"}}
2025/06/29 18:30:30 Received {c10 n0 {"type":"broadcast","message":0,"msg_id":1}}
2025/06/29 18:30:30 Sent {"src":"n0","dest":"c10","body":{"in_reply_to":1,"type":"broadcast_ok"}}
2025/06/29 18:30:30 Received {c10 n0 {"type":"broadcast","message":2,"msg_id":2}}
2025/06/29 18:30:30 Sent {"src":"n0","dest":"c10","body":{"in_reply_to":2,"type":"broadcast_ok"}}
2025/06/29 18:30:30 Received {c10 n0 {"type":"broadcast","message":3,"msg_id":3}}
2025/06/29 18:30:30 Sent {"src":"n0","dest":"c10","body":{"in_reply_to":3,"type":"broadcast_ok"}}
2025/06/29 18:30:30 Sent {"src":"n0","dest":"n3","body":{"messages":[0,2,3],"msg_id":2,"type":"broadcast"}}
2025/06/29 18:30:30 Sent {"src":"n0","dest":"n1","body":{"messages":[0,2,3],"msg_id":1,"type":"broadcast"}}
2025/06/29 18:30:30 Received {n1 n0 {"in_reply_to":1,"type":"broadcast_ok"}}
2025/06/29 18:30:30 Received {n3 n0 {"in_reply_to":2,"type":"broadcast_ok"}}
2025/06/29 18:30:31 Received {c10 n0 {"type":"read","msg_id":4}}
2025/06/29 18:30:31 Sent {"src":"n0","dest":"c10","body":{"in_reply_to":4,"messages":[0,2,3],"type":"read_ok"}}
2025/06/29 18:30:31 Received {c10 n0 {"type":"read","msg_id":5}}
2025/06/29 18:30:31 Sent {"src":"n0","dest":"c10","body":{"in_reply_to":5,"messages":[0,2,3],"type":"read_ok"}}
2025/06/29 18:30:32 Received {c10 n0 {"type":"read","msg_id":6}}
2025/06/29 18:30:32 Sent {"src":"n0","dest":"c10","body":{"in_reply_to":6,"messages":[0,2,3],"type":"read_ok"}}
2025/06/29 18:30:32 Received {c10 n0 {"type":"broadcast","message":7,"msg_id":7}}
2025/06/29 18:30:32 Sent {"src":"n0","dest":"c10","body":{"in_reply_to":7,"type":"broadcast_ok"}}
2025/06/29 18:30:32 Received {c10 n0 {"type":"broadcast","message":11,"msg_id":8}}
2025/06/29 18:30:32 Sent {"src":"n0","dest":"c10","body":{"in_reply_to":8,"type":"broadcast_ok"}}
2025/06/29 18:30:32 Received {c10 n0 {"type":"broadcast","message":12,"msg_id":9}}
2025/06/29 18:30:32 Sent {"src":"n0","dest":"c10","body":{"in_reply_to":9,"type":"broadcast_ok"}}
2025/06/29 18:30:33 Received {c10 n0 {"type":"broadcast","message":16,"msg_id":10}}
2025/06/29 18:30:33 Sent {"src":"n0","dest":"c10","body":{"in_reply_to":10,"type":"broadcast_ok"}}
2025/06/29 18:30:33 Received {c10 n0 {"type":"read","msg_id":11}}
2025/06/29 18:30:33 Sent {"src":"n0","dest":"c10","body":{"in_reply_to":11,"messages":[0,2,3,7,11,12,16],"type":"read_ok"}}
2025/06/29 18:30:33 Received {c10 n0 {"type":"read","msg_id":12}}
2025/06/29 18:30:33 Sent {"src":"n0","dest":"c10","body":{"in_reply_to":12,"messages":[0,2,3,7,11,12,16],"type":"read_ok"}}
2025/06/29 18:30:33 Received {c10 n0 {"type":"broadcast","message":19,"msg_id":13}}
2025/06/29 18:30:33 Sent {"src":"n0","dest":"c10","body":{"in_reply_to":13,"type":"broadcast_ok"}}
2025/06/29 18:30:34 Received {c10 n0 {"type":"broadcast","message":23,"msg_id":14}}
2025/06/29 18:30:34 Sent {"src":"n0","dest":"c10","body":{"in_reply_to":14,"type":"broadcast_ok"}}
2025/06/29 18:30:34 Received {c10 n0 {"type":"broadcast","message":24,"msg_id":15}}
2025/06/29 18:30:34 Sent {"src":"n0","dest":"c10","body":{"in_reply_to":15,"type":"broadcast_ok"}}
2025/06/29 18:30:34 Received {c10 n0 {"type":"read","msg_id":16}}
2025/06/29 18:30:34 Sent {"src":"n0","dest":"c10","body":{"in_reply_to":16,"messages":[0,2,3,7,11,12,16,19,23,24],"type":"read_ok"}}
2025/06/29 18:30:35 Received {c10 n0 {"type":"read","msg_id":17}}
2025/06/29 18:30:35 Sent {"src":"n0","dest":"c10","body":{"in_reply_to":17,"messages":[0,2,3,7,11,12,16,19,23,24],"type":"read_ok"}}
2025/06/29 18:30:35 Received {c10 n0 {"type":"read","msg_id":18}}
2025/06/29 18:30:35 Sent {"src":"n0","dest":"c10","body":{"in_reply_to":18,"messages":[0,2,3,7,11,12,16,19,23,24],"type":"read_ok"}}
2025/06/29 18:30:35 Received {c10 n0 {"type":"read","msg_id":19}}
2025/06/29 18:30:35 Sent {"src":"n0","dest":"c10","body":{"in_reply_to":19,"messages":[0,2,3,7,11,12,16,19,23,24],"type":"read_ok"}}
2025/06/29 18:30:36 Received {c10 n0 {"type":"read","msg_id":20}}
2025/06/29 18:30:36 Sent {"src":"n0","dest":"c10","body":{"in_reply_to":20,"messages":[0,2,3,7,11,12,16,19,23,24],"type":"read_ok"}}
2025/06/29 18:30:36 Received {c10 n0 {"type":"broadcast","message":31,"msg_id":21}}
2025/06/29 18:30:36 Sent {"src":"n0","dest":"c10","body":{"in_reply_to":21,"type":"broadcast_ok"}}
2025/06/29 18:30:36 Received {c10 n0 {"type":"read","msg_id":22}}
2025/06/29 18:30:36 Sent {"src":"n0","dest":"c10","body":{"in_reply_to":22,"messages":[0,2,3,7,11,12,16,19,23,24,31],"type":"read_ok"}}
2025/06/29 18:30:36 Received {c10 n0 {"type":"read","msg_id":23}}
2025/06/29 18:30:36 Sent {"src":"n0","dest":"c10","body":{"in_reply_to":23,"messages":[0,2,3,7,11,12,16,19,23,24,31],"type":"read_ok"}}
2025/06/29 18:30:36 Received {c10 n0 {"type":"read","msg_id":24}}
2025/06/29 18:30:36 Sent {"src":"n0","dest":"c10","body":{"in_reply_to":24,"messages":[0,2,3,7,11,12,16,19,23,24,31],"type":"read_ok"}}
2025/06/29 18:30:37 Received {c10 n0 {"type":"broadcast","message":36,"msg_id":25}}
2025/06/29 18:30:37 Sent {"src":"n0","dest":"c10","body":{"in_reply_to":25,"type":"broadcast_ok"}}
2025/06/29 18:30:37 Received {c10 n0 {"type":"broadcast","message":40,"msg_id":26}}
2025/06/29 18:30:37 Sent {"src":"n0","dest":"c10","body":{"in_reply_to":26,"type":"broadcast_ok"}}
2025/06/29 18:30:37 Received {c10 n0 {"type":"broadcast","message":41,"msg_id":27}}
2025/06/29 18:30:37 Sent {"src":"n0","dest":"c10","body":{"in_reply_to":27,"type":"broadcast_ok"}}
2025/06/29 18:30:38 Received {c10 n0 {"type":"broadcast","message":45,"msg_id":28}}
2025/06/29 18:30:38 Sent {"src":"n0","dest":"c10","body":{"in_reply_to":28,"type":"broadcast_ok"}}
2025/06/29 18:30:38 Received {c10 n0 {"type":"read","msg_id":29}}
2025/06/29 18:30:38 Sent {"src":"n0","dest":"c10","body":{"in_reply_to":29,"messages":[0,2,3,7,11,12,16,19,23,24,31,36,40,41,45],"type":"read_ok"}}
2025/06/29 18:30:38 Received {c10 n0 {"type":"broadcast","message":47,"msg_id":30}}
2025/06/29 18:30:38 Sent {"src":"n0","dest":"c10","body":{"in_reply_to":30,"type":"broadcast_ok"}}
2025/06/29 18:30:38 Received {c10 n0 {"type":"broadcast","message":48,"msg_id":31}}
2025/06/29 18:30:38 Sent {"src":"n0","dest":"c10","body":{"in_reply_to":31,"type":"broadcast_ok"}}
2025/06/29 18:30:39 Received {c10 n0 {"type":"read","msg_id":32}}
2025/06/29 18:30:39 Sent {"src":"n0","dest":"c10","body":{"in_reply_to":32,"messages":[0,2,3,7,11,12,16,19,23,24,31,36,40,41,45,47,48],"type":"read_ok"}}
2025/06/29 18:30:39 Received {c10 n0 {"type":"read","msg_id":33}}
2025/06/29 18:30:39 Sent {"src":"n0","dest":"c10","body":{"in_reply_to":33,"messages":[0,2,3,7,11,12,16,19,23,24,31,36,40,41,45,47,48],"type":"read_ok"}}
2025/06/29 18:30:39 Received {c10 n0 {"type":"broadcast","message":56,"msg_id":34}}
2025/06/29 18:30:39 Sent {"src":"n0","dest":"c10","body":{"in_reply_to":34,"type":"broadcast_ok"}}
2025/06/29 18:30:39 Received {c10 n0 {"type":"broadcast","message":57,"msg_id":35}}
2025/06/29 18:30:39 Sent {"src":"n0","dest":"c10","body":{"in_reply_to":35,"type":"broadcast_ok"}}
2025/06/29 18:30:40 Received {c10 n0 {"type":"read","msg_id":36}}
2025/06/29 18:30:40 Sent {"src":"n0","dest":"c10","body":{"in_reply_to":36,"messages":[0,2,3,7,11,12,16,19,23,24,31,36,40,41,45,47,48,56,57],"type":"read_ok"}}
2025/06/29 18:30:40 Received {c10 n0 {"type":"read","msg_id":37}}
2025/06/29 18:30:40 Sent {"src":"n0","dest":"c10","body":{"in_reply_to":37,"messages":[0,2,3,7,11,12,16,19,23,24,31,36,40,41,45,47,48,56,57],"type":"read_ok"}}
2025/06/29 18:30:40 Received {c10 n0 {"type":"broadcast","message":62,"msg_id":38}}
2025/06/29 18:30:40 Sent {"src":"n0","dest":"c10","body":{"in_reply_to":38,"type":"broadcast_ok"}}
2025/06/29 18:30:41 Received {c10 n0 {"type":"read","msg_id":39}}
2025/06/29 18:30:41 Sent {"src":"n0","dest":"c10","body":{"in_reply_to":39,"messages":[0,2,3,7,11,12,16,19,23,24,31,36,40,41,45,47,48,56,57,62],"type":"read_ok"}}
2025/06/29 18:30:41 Received {c10 n0 {"type":"read","msg_id":40}}
2025/06/29 18:30:41 Sent {"src":"n0","dest":"c10","body":{"in_reply_to":40,"messages":[0,2,3,7,11,12,16,19,23,24,31,36,40,41,45,47,48,56,57,62],"type":"read_ok"}}
2025/06/29 18:30:41 Received {c10 n0 {"type":"read","msg_id":41}}
2025/06/29 18:30:41 Sent {"src":"n0","dest":"c10","body":{"in_reply_to":41,"messages":[0,2,3,7,11,12,16,19,23,24,31,36,40,41,45,47,48,56,57,62],"type":"read_ok"}}
2025/06/29 18:30:42 Received {c10 n0 {"type":"read","msg_id":42}}
2025/06/29 18:30:42 Sent {"src":"n0","dest":"c10","body":{"in_reply_to":42,"messages":[0,2,3,7,11,12,16,19,23,24,31,36,40,41,45,47,48,56,57,62],"type":"read_ok"}}
2025/06/29 18:30:42 Received {c10 n0 {"type":"broadcast","message":64,"msg_id":43}}
2025/06/29 18:30:42 Sent {"src":"n0","dest":"c10","body":{"in_reply_to":43,"type":"broadcast_ok"}}
2025/06/29 18:30:42 Received {c10 n0 {"type":"read","msg_id":44}}
2025/06/29 18:30:42 Sent {"src":"n0","dest":"c10","body":{"in_reply_to":44,"messages":[0,2,3,7,11,12,16,19,23,24,31,36,40,41,45,47,48,56,57,62,64],"type":"read_ok"}}
2025/06/29 18:30:42 Received {c10 n0 {"type":"read","msg_id":45}}
2025/06/29 18:30:42 Sent {"src":"n0","dest":"c10","body":{"in_reply_to":45,"messages":[0,2,3,7,11,12,16,19,23,24,31,36,40,41,45,47,48,56,57,62,64],"type":"read_ok"}}
2025/06/29 18:30:43 Received {c10 n0 {"type":"broadcast","message":70,"msg_id":46}}
2025/06/29 18:30:43 Sent {"src":"n0","dest":"c10","body":{"in_reply_to":46,"type":"broadcast_ok"}}
2025/06/29 18:30:43 Received {c10 n0 {"type":"read","msg_id":47}}
2025/06/29 18:30:43 Sent {"src":"n0","dest":"c10","body":{"in_reply_to":47,"messages":[0,2,3,7,11,12,16,19,23,24,31,36,40,41,45,47,48,56,57,62,64,70],"type":"read_ok"}}
2025/06/29 18:30:43 Received {c10 n0 {"type":"read","msg_id":48}}
2025/06/29 18:30:43 Sent {"src":"n0","dest":"c10","body":{"in_reply_to":48,"messages":[0,2,3,7,11,12,16,19,23,24,31,36,40,41,45,47,48,56,57,62,64,70],"type":"read_ok"}}
2025/06/29 18:30:43 Received {c10 n0 {"type":"read","msg_id":49}}
2025/06/29 18:30:43 Sent {"src":"n0","dest":"c10","body":{"in_reply_to":49,"messages":[0,2,3,7,11,12,16,19,23,24,31,36,40,41,45,47,48,56,57,62,64,70],"type":"read_ok"}}
2025/06/29 18:30:44 Received {c10 n0 {"type":"broadcast","message":74,"msg_id":50}}
2025/06/29 18:30:44 Sent {"src":"n0","dest":"c10","body":{"in_reply_to":50,"type":"broadcast_ok"}}
2025/06/29 18:30:44 Received {c10 n0 {"type":"broadcast","message":75,"msg_id":51}}
2025/06/29 18:30:44 Sent {"src":"n0","dest":"c10","body":{"in_reply_to":51,"type":"broadcast_ok"}}
2025/06/29 18:30:44 Received {c10 n0 {"type":"broadcast","message":78,"msg_id":52}}
2025/06/29 18:30:44 Sent {"src":"n0","dest":"c10","body":{"in_reply_to":52,"type":"broadcast_ok"}}
2025/06/29 18:30:44 Received {c10 n0 {"type":"read","msg_id":53}}
2025/06/29 18:30:44 Sent {"src":"n0","dest":"c10","body":{"in_reply_to":53,"messages":[0,2,3,7,11,12,16,19,23,24,31,36,40,41,45,47,48,56,57,62,64,70,74,75,78],"type":"read_ok"}}
2025/06/29 18:30:45 Received {c10 n0 {"type":"read","msg_id":54}}
2025/06/29 18:30:45 Sent {"src":"n0","dest":"c10","body":{"in_reply_to":54,"messages":[0,2,3,7,11,12,16,19,23,24,31,36,40,41,45,47,48,56,57,62,64,70,74,75,78],"type":"read_ok"}}
2025/06/29 18:30:45 Received {c10 n0 {"type":"read","msg_id":55}}
2025/06/29 18:30:45 Sent {"src":"n0","dest":"c10","body":{"in_reply_to":55,"messages":[0,2,3,7,11,12,16,19,23,24,31,36,40,41,45,47,48,56,57,62,64,70,74,75,78],"type":"read_ok"}}
2025/06/29 18:30:45 Received {c10 n0 {"type":"read","msg_id":56}}
2025/06/29 18:30:45 Sent {"src":"n0","dest":"c10","body":{"in_reply_to":56,"messages":[0,2,3,7,11,12,16,19,23,24,31,36,40,41,45,47,48,56,57,62,64,70,74,75,78],"type":"read_ok"}}
2025/06/29 18:30:45 Received {c10 n0 {"type":"read","msg_id":57}}
2025/06/29 18:30:45 Sent {"src":"n0","dest":"c10","body":{"in_reply_to":57,"messages":[0,2,3,7,11,12,16,19,23,24,31,36,40,41,45,47,48,56,57,62,64,70,74,75,78],"type":"read_ok"}}
2025/06/29 18:30:46 Received {c10 n0 {"type":"broadcast","message":84,"msg_id":58}}
2025/06/29 18:30:46 Sent {"src":"n0","dest":"c10","body":{"in_reply_to":58,"type":"broadcast_ok"}}
2025/06/29 18:30:46 Received {c10 n0 {"type":"broadcast","message":85,"msg_id":59}}
2025/06/29 18:30:46 Sent {"src":"n0","dest":"c10","body":{"in_reply_to":59,"type":"broadcast_ok"}}
2025/06/29 18:30:47 Received {c10 n0 {"type":"read","msg_id":60}}
2025/06/29 18:30:47 Sent {"src":"n0","dest":"c10","body":{"in_reply_to":60,"messages":[0,2,3,7,11,12,16,19,23,24,31,36,40,41,45,47,48,56,57,62,64,70,74,75,78,84,85],"type":"read_ok"}}
2025/06/29 18:30:47 Received {c10 n0 {"type":"read","msg_id":61}}
2025/06/29 18:30:47 Sent {"src":"n0","dest":"c10","body":{"in_reply_to":61,"messages":[0,2,3,7,11,12,16,19,23,24,31,36,40,41,45,47,48,56,57,62,64,70,74,75,78,84,85],"type":"read_ok"}}
2025/06/29 18:30:47 Received {c10 n0 {"type":"broadcast","message":90,"msg_id":62}}
2025/06/29 18:30:47 Sent {"src":"n0","dest":"c10","body":{"in_reply_to":62,"type":"broadcast_ok"}}
2025/06/29 18:30:48 Received {c10 n0 {"type":"read","msg_id":63}}
2025/06/29 18:30:48 Sent {"src":"n0","dest":"c10","body":{"in_reply_to":63,"messages":[0,2,3,7,11,12,16,19,23,24,31,36,40,41,45,47,48,56,57,62,64,70,74,75,78,84,85,90],"type":"read_ok"}}
2025/06/29 18:30:48 Received {c10 n0 {"type":"read","msg_id":64}}
2025/06/29 18:30:48 Sent {"src":"n0","dest":"c10","body":{"in_reply_to":64,"messages":[0,2,3,7,11,12,16,19,23,24,31,36,40,41,45,47,48,56,57,62,64,70,74,75,78,84,85,90],"type":"read_ok"}}
2025/06/29 18:30:48 Received {c10 n0 {"type":"broadcast","message":94,"msg_id":65}}
2025/06/29 18:30:48 Sent {"src":"n0","dest":"c10","body":{"in_reply_to":65,"type":"broadcast_ok"}}
2025/06/29 18:30:49 Received {c10 n0 {"type":"broadcast","message":97,"msg_id":66}}
2025/06/29 18:30:49 Sent {"src":"n0","dest":"c10","body":{"in_reply_to":66,"type":"broadcast_ok"}}
2025/06/29 18:30:49 Received {c10 n0 {"type":"broadcast","message":98,"msg_id":67}}
2025/06/29 18:30:49 Sent {"src":"n0","dest":"c10","body":{"in_reply_to":67,"type":"broadcast_ok"}}
2025/06/29 18:30:49 Received {c10 n0 {"type":"broadcast","message":100,"msg_id":68}}
2025/06/29 18:30:49 Sent {"src":"n0","dest":"c10","body":{"in_reply_to":68,"type":"broadcast_ok"}}
2025/06/29 18:30:50 Received {c10 n0 {"type":"read","msg_id":69}}
2025/06/29 18:30:50 Sent {"src":"n0","dest":"c10","body":{"in_reply_to":69,"messages":[0,2,3,7,11,12,16,19,23,24,31,36,40,41,45,47,48,56,57,62,64,70,74,75,78,84,85,90,94,97,98,100],"type":"read_ok"}}
2025/06/29 18:31:00 Received {c10 n0 {"type":"read","msg_id":70}}
2025/06/29 18:31:00 Sent {"src":"n0","dest":"c10","body":{"in_reply_to":70,"messages":[0,2,3,7,11,12,16,19,23,24,31,36,40,41,45,47,48,56,57,62,64,70,74,75,78,84,85,90,94,97,98,100],"type":"read_ok"}}
