2025/06/29 18:30:30 Received {c3 n2 {"type":"init","node_id":"n2","node_ids":["n0","n1","n2","n3","n4"],"msg_id":1}}
2025/06/29 18:30:30 Node n2 initialized
2025/06/29 18:30:30 Sent {"src":"n2","dest":"c3","body":{"in_reply_to":1,"type":"init_ok"}}
2025/06/29 18:30:30 Received {c7 n2 {"type":"topology","topology":{"n0":["n3","n1"],"n1":["n4","n2","n0"],"n2":["n1"],"n3":["n0","n4"],"n4":["n1","n3"]},"msg_id":1}}
2025/06/29 18:30:30 Sent {"src":"n2","dest":"c7","body":{"in_reply_to":1,"type":"topology_ok"}}
2025/06/29 18:30:30 Received {c11 n2 {"type":"read","msg_id":1}}
2025/06/29 18:30:30 Sent {"src":"n2","dest":"c11","body":{"in_reply_to":1,"messages":[],"type":"read_ok"}}
2025/06/29 18:30:30 Received {c11 n2 {"type":"broadcast","message":5,"msg_id":2}}
2025/06/29 18:30:30 Sent {"src":"n2","dest":"c11","body":{"in_reply_to":2,"type":"broadcast_ok"}}
2025/06/29 18:30:31 Received {c11 n2 {"type":"read","msg_id":3}}
2025/06/29 18:30:31 Sent {"src":"n2","dest":"c11","body":{"in_reply_to":3,"messages":[5],"type":"read_ok"}}
2025/06/29 18:30:32 Received {c11 n2 {"type":"broadcast","message":9,"msg_id":4}}
2025/06/29 18:30:32 Sent {"src":"n2","dest":"c11","body":{"in_reply_to":4,"type":"broadcast_ok"}}
2025/06/29 18:30:33 Received {c11 n2 {"type":"broadcast","message":13,"msg_id":5}}
2025/06/29 18:30:33 Sent {"src":"n2","dest":"c11","body":{"in_reply_to":5,"type":"broadcast_ok"}}
2025/06/29 18:30:33 Received {c11 n2 {"type":"broadcast","message":17,"msg_id":6}}
2025/06/29 18:30:33 Sent {"src":"n2","dest":"c11","body":{"in_reply_to":6,"type":"broadcast_ok"}}
2025/06/29 18:30:34 Received {c11 n2 {"type":"broadcast","message":20,"msg_id":7}}
2025/06/29 18:30:34 Sent {"src":"n2","dest":"c11","body":{"in_reply_to":7,"type":"broadcast_ok"}}
2025/06/29 18:30:34 Received {c11 n2 {"type":"read","msg_id":8}}
2025/06/29 18:30:34 Sent {"src":"n2","dest":"c11","body":{"in_reply_to":8,"messages":[5,9,13,17,20],"type":"read_ok"}}
2025/06/29 18:30:35 Received {c11 n2 {"type":"broadcast","message":27,"msg_id":9}}
2025/06/29 18:30:35 Sent {"src":"n2","dest":"c11","body":{"in_reply_to":9,"type":"broadcast_ok"}}
2025/06/29 18:30:35 Received {c11 n2 {"type":"read","msg_id":10}}
2025/06/29 18:30:35 Sent {"src":"n2","dest":"c11","body":{"in_reply_to":10,"messages":[5,9,13,17,20,27],"type":"read_ok"}}
2025/06/29 18:30:36 Received {c11 n2 {"type":"read","msg_id":11}}
2025/06/29 18:30:36 Sent {"src":"n2","dest":"c11","body":{"in_reply_to":11,"messages":[5,9,13,17,20,27],"type":"read_ok"}}
2025/06/29 18:30:36 Received {c11 n2 {"type":"read","msg_id":12}}
2025/06/29 18:30:36 Sent {"src":"n2","dest":"c11","body":{"in_reply_to":12,"messages":[5,9,13,17,20,27],"type":"read_ok"}}
2025/06/29 18:30:37 Received {c11 n2 {"type":"read","msg_id":13}}
2025/06/29 18:30:37 Sent {"src":"n2","dest":"c11","body":{"in_reply_to":13,"messages":[5,9,13,17,20,27],"type":"read_ok"}}
2025/06/29 18:30:38 Received {c11 n2 {"type":"read","msg_id":14}}
2025/06/29 18:30:38 Sent {"src":"n2","dest":"c11","body":{"in_reply_to":14,"messages":[5,9,13,17,20,27],"type":"read_ok"}}
2025/06/29 18:30:38 Received {c11 n2 {"type":"read","msg_id":15}}
2025/06/29 18:30:38 Sent {"src":"n2","dest":"c11","body":{"in_reply_to":15,"messages":[5,9,13,17,20,27],"type":"read_ok"}}
2025/06/29 18:30:39 Received {c11 n2 {"type":"broadcast","message":49,"msg_id":16}}
2025/06/29 18:30:39 Sent {"src":"n2","dest":"c11","body":{"in_reply_to":16,"type":"broadcast_ok"}}
2025/06/29 18:30:39 Received {c11 n2 {"type":"broadcast","message":53,"msg_id":17}}
2025/06/29 18:30:39 Sent {"src":"n2","dest":"c11","body":{"in_reply_to":17,"type":"broadcast_ok"}}
2025/06/29 18:30:39 Received {c11 n2 {"type":"broadcast","message":58,"msg_id":18}}
2025/06/29 18:30:39 Sent {"src":"n2","dest":"c11","body":{"in_reply_to":18,"type":"broadcast_ok"}}
2025/06/29 18:30:40 Received {c11 n2 {"type":"broadcast","message":60,"msg_id":19}}
2025/06/29 18:30:40 Sent {"src":"n2","dest":"c11","body":{"in_reply_to":19,"type":"broadcast_ok"}}
2025/06/29 18:30:41 Received {c11 n2 {"type":"read","msg_id":20}}
2025/06/29 18:30:41 Sent {"src":"n2","dest":"c11","body":{"in_reply_to":20,"messages":[5,9,13,17,20,27,49,53,58,60],"type":"read_ok"}}
2025/06/29 18:30:41 Received {c11 n2 {"type":"read","msg_id":21}}
2025/06/29 18:30:41 Sent {"src":"n2","dest":"c11","body":{"in_reply_to":21,"messages":[5,9,13,17,20,27,49,53,58,60],"type":"read_ok"}}
2025/06/29 18:30:42 Received {c11 n2 {"type":"broadcast","message":65,"msg_id":22}}
2025/06/29 18:30:42 Sent {"src":"n2","dest":"c11","body":{"in_reply_to":22,"type":"broadcast_ok"}}
2025/06/29 18:30:42 Received {c11 n2 {"type":"broadcast","message":67,"msg_id":23}}
2025/06/29 18:30:42 Sent {"src":"n2","dest":"c11","body":{"in_reply_to":23,"type":"broadcast_ok"}}
2025/06/29 18:30:43 Received {c11 n2 {"type":"read","msg_id":24}}
2025/06/29 18:30:43 Sent {"src":"n2","dest":"c11","body":{"in_reply_to":24,"messages":[5,9,13,17,20,27,49,53,58,60,65,67],"type":"read_ok"}}
2025/06/29 18:30:43 Received {c11 n2 {"type":"broadcast","message":71,"msg_id":25}}
2025/06/29 18:30:43 Sent {"src":"n2","dest":"c11","body":{"in_reply_to":25,"type":"broadcast_ok"}}
2025/06/29 18:30:44 Received {c11 n2 {"type":"read","msg_id":26}}
2025/06/29 18:30:44 Sent {"src":"n2","dest":"c11","body":{"in_reply_to":26,"messages":[5,9,13,17,20,27,49,53,58,60,65,67,71],"type":"read_ok"}}
2025/06/29 18:30:45 Received {c11 n2 {"type":"read","msg_id":27}}
2025/06/29 18:30:45 Sent {"src":"n2","dest":"c11","body":{"in_reply_to":27,"messages":[5,9,13,17,20,27,49,53,58,60,65,67,71],"type":"read_ok"}}
2025/06/29 18:30:45 Received {c11 n2 {"type":"read","msg_id":28}}
2025/06/29 18:30:45 Sent {"src":"n2","dest":"c11","body":{"in_reply_to":28,"messages":[5,9,13,17,20,27,49,53,58,60,65,67,71],"type":"read_ok"}}
2025/06/29 18:30:46 Received {c11 n2 {"type":"broadcast","message":83,"msg_id":29}}
2025/06/29 18:30:46 Sent {"src":"n2","dest":"c11","body":{"in_reply_to":29,"type":"broadcast_ok"}}
2025/06/29 18:30:46 Received {c11 n2 {"type":"broadcast","message":87,"msg_id":30}}
2025/06/29 18:30:46 Sent {"src":"n2","dest":"c11","body":{"in_reply_to":30,"type":"broadcast_ok"}}
2025/06/29 18:30:47 Received {c11 n2 {"type":"read","msg_id":31}}
2025/06/29 18:30:47 Sent {"src":"n2","dest":"c11","body":{"in_reply_to":31,"messages":[5,9,13,17,20,27,49,53,58,60,65,67,71,83,87],"type":"read_ok"}}
2025/06/29 18:30:48 Received {c11 n2 {"type":"read","msg_id":32}}
2025/06/29 18:30:48 Sent {"src":"n2","dest":"c11","body":{"in_reply_to":32,"messages":[5,9,13,17,20,27,49,53,58,60,65,67,71,83,87],"type":"read_ok"}}
2025/06/29 18:30:48 Received {c11 n2 {"type":"read","msg_id":33}}
2025/06/29 18:30:48 Sent {"src":"n2","dest":"c11","body":{"in_reply_to":33,"messages":[5,9,13,17,20,27,49,53,58,60,65,67,71,83,87],"type":"read_ok"}}
2025/06/29 18:30:49 Received {c11 n2 {"type":"read","msg_id":34}}
2025/06/29 18:30:49 Sent {"src":"n2","dest":"c11","body":{"in_reply_to":34,"messages":[5,9,13,17,20,27,49,53,58,60,65,67,71,83,87],"type":"read_ok"}}
2025/06/29 18:30:50 Received {c11 n2 {"type":"read","msg_id":35}}
2025/06/29 18:30:50 Sent {"src":"n2","dest":"c11","body":{"in_reply_to":35,"messages":[5,9,13,17,20,27,49,53,58,60,65,67,71,83,87],"type":"read_ok"}}
2025/06/29 18:31:00 Received {c11 n2 {"type":"read","msg_id":36}}
2025/06/29 18:31:00 Sent {"src":"n2","dest":"c11","body":{"in_reply_to":36,"messages":[5,9,13,17,20,27,49,53,58,60,65,67,71,83,87],"type":"read_ok"}}
