2025/06/29 18:30:30 Received {c0 n4 {"type":"init","node_id":"n4","node_ids":["n0","n1","n2","n3","n4"],"msg_id":1}}
2025/06/29 18:30:30 Node n4 initialized
2025/06/29 18:30:30 Sent {"src":"n4","dest":"c0","body":{"in_reply_to":1,"type":"init_ok"}}
2025/06/29 18:30:30 Received {c9 n4 {"type":"topology","topology":{"n0":["n3","n1"],"n1":["n4","n2","n0"],"n2":["n1"],"n3":["n0","n4"],"n4":["n1","n3"]},"msg_id":1}}
2025/06/29 18:30:30 Sent {"src":"n4","dest":"c9","body":{"in_reply_to":1,"type":"topology_ok"}}
2025/06/29 18:30:30 Received {c13 n4 {"type":"broadcast","message":1,"msg_id":1}}
2025/06/29 18:30:30 Sent {"src":"n4","dest":"c13","body":{"in_reply_to":1,"type":"broadcast_ok"}}
2025/06/29 18:30:30 Sent {"src":"n4","dest":"n1","body":{"messages":[1],"msg_id":2,"type":"broadcast"}}
2025/06/29 18:30:30 Sent {"src":"n4","dest":"n3","body":{"messages":[1],"msg_id":1,"type":"broadcast"}}
2025/06/29 18:30:31 Received {c13 n4 {"type":"read","msg_id":2}}
2025/06/29 18:30:31 Sent {"src":"n4","dest":"c13","body":{"in_reply_to":2,"messages":[1],"type":"read_ok"}}
2025/06/29 18:30:32 Received {c13 n4 {"type":"broadcast","message":6,"msg_id":3}}
2025/06/29 18:30:32 Sent {"src":"n4","dest":"c13","body":{"in_reply_to":3,"type":"broadcast_ok"}}
2025/06/29 18:30:32 Received {c13 n4 {"type":"broadcast","message":10,"msg_id":4}}
2025/06/29 18:30:32 Sent {"src":"n4","dest":"c13","body":{"in_reply_to":4,"type":"broadcast_ok"}}
2025/06/29 18:30:33 Received {c13 n4 {"type":"broadcast","message":15,"msg_id":5}}
2025/06/29 18:30:33 Sent {"src":"n4","dest":"c13","body":{"in_reply_to":5,"type":"broadcast_ok"}}
2025/06/29 18:30:33 Received {c13 n4 {"type":"broadcast","message":18,"msg_id":6}}
2025/06/29 18:30:33 Sent {"src":"n4","dest":"c13","body":{"in_reply_to":6,"type":"broadcast_ok"}}
2025/06/29 18:30:34 Received {c13 n4 {"type":"broadcast","message":22,"msg_id":7}}
2025/06/29 18:30:34 Sent {"src":"n4","dest":"c13","body":{"in_reply_to":7,"type":"broadcast_ok"}}
2025/06/29 18:30:34 Received {c13 n4 {"type":"broadcast","message":26,"msg_id":8}}
2025/06/29 18:30:34 Sent {"src":"n4","dest":"c13","body":{"in_reply_to":8,"type":"broadcast_ok"}}
2025/06/29 18:30:35 Received {c13 n4 {"type":"broadcast","message":28,"msg_id":9}}
2025/06/29 18:30:35 Sent {"src":"n4","dest":"c13","body":{"in_reply_to":9,"type":"broadcast_ok"}}
2025/06/29 18:30:36 Received {c13 n4 {"type":"broadcast","message":30,"msg_id":10}}
2025/06/29 18:30:36 Sent {"src":"n4","dest":"c13","body":{"in_reply_to":10,"type":"broadcast_ok"}}
2025/06/29 18:30:36 Received {c13 n4 {"type":"broadcast","message":32,"msg_id":11}}
2025/06/29 18:30:36 Sent {"src":"n4","dest":"c13","body":{"in_reply_to":11,"type":"broadcast_ok"}}
2025/06/29 18:30:36 Received {c13 n4 {"type":"broadcast","message":35,"msg_id":12}}
2025/06/29 18:30:36 Sent {"src":"n4","dest":"c13","body":{"in_reply_to":12,"type":"broadcast_ok"}}
2025/06/29 18:30:37 Received {c13 n4 {"type":"broadcast","message":39,"msg_id":13}}
2025/06/29 18:30:37 Sent {"src":"n4","dest":"c13","body":{"in_reply_to":13,"type":"broadcast_ok"}}
2025/06/29 18:30:38 Received {c13 n4 {"type":"broadcast","message":44,"msg_id":14}}
2025/06/29 18:30:38 Sent {"src":"n4","dest":"c13","body":{"in_reply_to":14,"type":"broadcast_ok"}}
2025/06/29 18:30:38 Received {c13 n4 {"type":"read","msg_id":15}}
2025/06/29 18:30:38 Sent {"src":"n4","dest":"c13","body":{"in_reply_to":15,"messages":[1,6,10,15,18,22,26,28,30,32,35,39,44],"type":"read_ok"}}
2025/06/29 18:30:39 Received {c13 n4 {"type":"broadcast","message":51,"msg_id":16}}
2025/06/29 18:30:39 Sent {"src":"n4","dest":"c13","body":{"in_reply_to":16,"type":"broadcast_ok"}}
2025/06/29 18:30:39 Received {c13 n4 {"type":"broadcast","message":55,"msg_id":17}}
2025/06/29 18:30:39 Sent {"src":"n4","dest":"c13","body":{"in_reply_to":17,"type":"broadcast_ok"}}
2025/06/29 18:30:40 Received {c13 n4 {"type":"read","msg_id":18}}
2025/06/29 18:30:40 Sent {"src":"n4","dest":"c13","body":{"in_reply_to":18,"messages":[1,6,10,15,18,22,26,28,30,32,35,39,44,51,55],"type":"read_ok"}}
2025/06/29 18:30:40 Received {c13 n4 {"type":"broadcast","message":61,"msg_id":19}}
2025/06/29 18:30:40 Sent {"src":"n4","dest":"c13","body":{"in_reply_to":19,"type":"broadcast_ok"}}
2025/06/29 18:30:41 Received {c13 n4 {"type":"read","msg_id":20}}
2025/06/29 18:30:41 Sent {"src":"n4","dest":"c13","body":{"in_reply_to":20,"messages":[1,6,10,15,18,22,26,28,30,32,35,39,44,51,55,61],"type":"read_ok"}}
2025/06/29 18:30:42 Received {c13 n4 {"type":"read","msg_id":21}}
2025/06/29 18:30:42 Sent {"src":"n4","dest":"c13","body":{"in_reply_to":21,"messages":[1,6,10,15,18,22,26,28,30,32,35,39,44,51,55,61],"type":"read_ok"}}
2025/06/29 18:30:42 Received {c13 n4 {"type":"read","msg_id":22}}
2025/06/29 18:30:42 Sent {"src":"n4","dest":"c13","body":{"in_reply_to":22,"messages":[1,6,10,15,18,22,26,28,30,32,35,39,44,51,55,61],"type":"read_ok"}}
2025/06/29 18:30:43 Received {c13 n4 {"type":"broadcast","message":69,"msg_id":23}}
2025/06/29 18:30:43 Sent {"src":"n4","dest":"c13","body":{"in_reply_to":23,"type":"broadcast_ok"}}
2025/06/29 18:30:43 Received {c13 n4 {"type":"read","msg_id":24}}
2025/06/29 18:30:43 Sent {"src":"n4","dest":"c13","body":{"in_reply_to":24,"messages":[1,6,10,15,18,22,26,28,30,32,35,39,44,51,55,61,69],"type":"read_ok"}}
2025/06/29 18:30:44 Received {c13 n4 {"type":"broadcast","message":73,"msg_id":25}}
2025/06/29 18:30:44 Sent {"src":"n4","dest":"c13","body":{"in_reply_to":25,"type":"broadcast_ok"}}
2025/06/29 18:30:44 Received {c13 n4 {"type":"broadcast","message":77,"msg_id":26}}
2025/06/29 18:30:44 Sent {"src":"n4","dest":"c13","body":{"in_reply_to":26,"type":"broadcast_ok"}}
2025/06/29 18:30:45 Received {c13 n4 {"type":"read","msg_id":27}}
2025/06/29 18:30:45 Sent {"src":"n4","dest":"c13","body":{"in_reply_to":27,"messages":[1,6,10,15,18,22,26,28,30,32,35,39,44,51,55,61,69,73,77],"type":"read_ok"}}
2025/06/29 18:30:45 Received {c13 n4 {"type":"broadcast","message":82,"msg_id":28}}
2025/06/29 18:30:45 Sent {"src":"n4","dest":"c13","body":{"in_reply_to":28,"type":"broadcast_ok"}}
2025/06/29 18:30:46 Received {c13 n4 {"type":"read","msg_id":29}}
2025/06/29 18:30:46 Sent {"src":"n4","dest":"c13","body":{"in_reply_to":29,"messages":[1,6,10,15,18,22,26,28,30,32,35,39,44,51,55,61,69,73,77,82],"type":"read_ok"}}
2025/06/29 18:30:47 Received {c13 n4 {"type":"broadcast","message":88,"msg_id":30}}
2025/06/29 18:30:47 Sent {"src":"n4","dest":"c13","body":{"in_reply_to":30,"type":"broadcast_ok"}}
2025/06/29 18:30:47 Received {c13 n4 {"type":"read","msg_id":31}}
2025/06/29 18:30:47 Sent {"src":"n4","dest":"c13","body":{"in_reply_to":31,"messages":[1,6,10,15,18,22,26,28,30,32,35,39,44,51,55,61,69,73,77,82,88],"type":"read_ok"}}
2025/06/29 18:30:48 Received {c13 n4 {"type":"broadcast","message":93,"msg_id":32}}
2025/06/29 18:30:48 Sent {"src":"n4","dest":"c13","body":{"in_reply_to":32,"type":"broadcast_ok"}}
2025/06/29 18:30:49 Received {c13 n4 {"type":"broadcast","message":96,"msg_id":33}}
2025/06/29 18:30:49 Sent {"src":"n4","dest":"c13","body":{"in_reply_to":33,"type":"broadcast_ok"}}
2025/06/29 18:30:49 Received {c13 n4 {"type":"read","msg_id":34}}
2025/06/29 18:30:49 Sent {"src":"n4","dest":"c13","body":{"in_reply_to":34,"messages":[1,6,10,15,18,22,26,28,30,32,35,39,44,51,55,61,69,73,77,82,88,93,96],"type":"read_ok"}}
2025/06/29 18:31:00 Received {c13 n4 {"type":"read","msg_id":35}}
2025/06/29 18:31:00 Sent {"src":"n4","dest":"c13","body":{"in_reply_to":35,"messages":[1,6,10,15,18,22,26,28,30,32,35,39,44,51,55,61,69,73,77,82,88,93,96],"type":"read_ok"}}
