2025-06-27 19:22:16,128{GMT}	INFO	[jepsen test runner] jepsen.core: Command line:
lein run test -w broadcast --bin /Users/anandtrehan/go/bin/maelstrom-broadcast --node-count 5 --time-limit 20 --rate 10 --nemesis partition
2025-06-27 19:22:16,174{GMT}	INFO	[jepsen test runner] jepsen.core: Running test:
{:args []
 :remote
 #jepsen.control.retry.Remote{:remote #jepsen.control.scp.Remote{:cmd-remote #jepsen.control.sshj.SSHJRemote{:concurrency-limit 6,
                                                                                                             :conn-spec nil,
                                                                                                             :client nil,
                                                                                                             :semaphore nil},
                                                                 :conn-spec nil},
                              :conn nil}
 :log-net-send false
 :node-count 5
 :availability nil
 :max-txn-length 4
 :concurrency 5
 :db
 #object[maelstrom.db$db$reify__16142
         "0x33e09baf"
         "maelstrom.db$db$reify__16142@33e09baf"]
 :max-writes-per-key 16
 :leave-db-running? false
 :name "broadcast"
 :logging-json? false
 :start-time
 #object[org.joda.time.DateTime "0x105c253a" "2025-06-27T19:22:16.098-04:00"]
 :nemesis-interval 10
 :net
 #object[maelstrom.net$jepsen_net$reify__15251
         "0x156322ce"
         "maelstrom.net$jepsen_net$reify__15251@156322ce"]
 :client
 #object[maelstrom.workload.broadcast$client$reify__16644
         "0x546f0f36"
         "maelstrom.workload.broadcast$client$reify__16644@546f0f36"]
 :barrier
 #object[java.util.concurrent.CyclicBarrier
         "0x44d5a0a8"
         "java.util.concurrent.CyclicBarrier@44d5a0a8"]
 :log-stderr false
 :pure-generators true
 :ssh {:dummy? true}
 :rate 10.0
 :checker
 #object[jepsen.checker$compose$reify__11881
         "0x35d128fd"
         "jepsen.checker$compose$reify__11881@35d128fd"]
 :argv
 ("test"
  "-w"
  "broadcast"
  "--bin"
  "/Users/anandtrehan/go/bin/maelstrom-broadcast"
  "--node-count"
  "5"
  "--time-limit"
  "20"
  "--rate"
  "10"
  "--nemesis"
  "partition")
 :nemesis
 (jepsen.nemesis.ReflCompose
  {:fm {:start-partition 0,
        :stop-partition 0,
        :kill 1,
        :start 1,
        :pause 1,
        :resume 1},
   :nemeses [#unprintable "jepsen.nemesis.combined$partition_nemesis$reify__16416@39a809db"
             #unprintable "jepsen.nemesis.combined$db_nemesis$reify__16397@1512a767"]})
 :nodes ["n0" "n1" "n2" "n3" "n4"]
 :test-count 1
 :latency {:mean 0, :dist :constant}
 :bin "/Users/anandtrehan/go/bin/maelstrom-broadcast"
 :generator
 ((jepsen.generator.Synchronize
   {:gen (jepsen.generator.TimeLimit
          {:limit 20000000000,
           :cutoff nil,
           :gen (jepsen.generator.Any
                 {:gens [(jepsen.generator.OnThreads
                          {:f #{:nemesis},
                           :context-filter #object[jepsen.generator.context$make_thread_filter$lazy_filter__9167
                                                   "0x5cdb7b"
                                                   "jepsen.generator.context$make_thread_filter$lazy_filter__9167@5cdb7b"],
                           :gen (jepsen.generator.Stagger
                                 {:dt 20000000000,
                                  :next-time nil,
                                  :gen (jepsen.generator.FlipFlop
                                        {:gens [#object[jepsen.nemesis.combined$partition_package$start__16420
                                                        "0x3dcc59f5"
                                                        "jepsen.nemesis.combined$partition_package$start__16420@3dcc59f5"]
                                                ({:type :info,
                                                  :f :stop-partition,
                                                  :value nil}
                                                 {:type :info,
                                                  :f :stop-partition,
                                                  :value nil}
                                                 {:type :info,
                                                  :f :stop-partition,
                                                  :value nil}
                                                 {:type :info,
                                                  :f :stop-partition,
                                                  :value nil}
                                                 {:type :info,
                                                  :f :stop-partition,
                                                  :value nil}
                                                 {:type :info,
                                                  :f :stop-partition,
                                                  :value nil}
                                                 {:type :info,
                                                  :f :stop-partition,
                                                  :value nil}
                                                 {:type :info,
                                                  :f :stop-partition,
                                                  :value nil}
                                                 ...)],
                                         :i 0})})})
                         (jepsen.generator.OnThreads
                          {:f #jepsen.generator.context.AllBut{:element :nemesis},
                           :context-filter #object[jepsen.generator.context$make_thread_filter$lazy_filter__9167
                                                   "0x690337df"
                                                   "jepsen.generator.context$make_thread_filter$lazy_filter__9167@690337df"],
                           :gen (jepsen.generator.Stagger
                                 {:dt 200000000,
                                  :next-time nil,
                                  :gen (jepsen.generator.Mix
                                        {:i 0,
                                         :gens [({:f :broadcast, :value 0}
                                                 {:f :broadcast, :value 1}
                                                 {:f :broadcast, :value 2}
                                                 {:f :broadcast, :value 3}
                                                 {:f :broadcast, :value 4}
                                                 {:f :broadcast, :value 5}
                                                 {:f :broadcast, :value 6}
                                                 {:f :broadcast, :value 7}
                                                 ...)
                                                ({:f :read}
                                                 {:f :read}
                                                 {:f :read}
                                                 {:f :read}
                                                 {:f :read}
                                                 {:f :read}
                                                 {:f :read}
                                                 {:f :read}
                                                 ...)]})})})]})})})
  (jepsen.generator.Synchronize
   {:gen (jepsen.generator.OnThreads
          {:f #{:nemesis},
           :context-filter #object[jepsen.generator.context$make_thread_filter$lazy_filter__9167
                                   "0xf62ae87"
                                   "jepsen.generator.context$make_thread_filter$lazy_filter__9167@f62ae87"],
           :gen ({:type :info, :f :stop-partition, :value nil})})})
  (jepsen.generator.Synchronize
   {:gen {:type :log, :value "Waiting for recovery..."}})
  (jepsen.generator.Synchronize {:gen {:type :sleep, :value 10}})
  (jepsen.generator.Synchronize
   {:gen (jepsen.generator.OnThreads
          {:f #jepsen.generator.context.AllBut{:element :nemesis},
           :context-filter #object[jepsen.generator.context$make_thread_filter$lazy_filter__9167
                                   "0x50be5d6f"
                                   "jepsen.generator.context$make_thread_filter$lazy_filter__9167@50be5d6f"],
           :gen (jepsen.generator.EachThread
                 {:fresh-gen {:f :read, :final? true},
                  :context-filters #object[clojure.core$promise$reify__8591
                                           "0x48e0e779"
                                           {:status :pending, :val nil}],
                  :gens {}})})}))
 :log-net-recv false
 :os
 #object[maelstrom.net$jepsen_os$reify__15254
         "0x38ad8c75"
         "maelstrom.net$jepsen_os$reify__15254@38ad8c75"]
 :time-limit 20
 :workload :broadcast
 :consistency-models [:strict-serializable]
 :topology :grid}

2025-06-27 19:22:16,859{GMT}	INFO	[jepsen node n0] maelstrom.net: Starting Maelstrom network
2025-06-27 19:22:16,860{GMT}	INFO	[jepsen test runner] jepsen.db: Tearing down DB
2025-06-27 19:22:16,861{GMT}	INFO	[jepsen test runner] jepsen.db: Setting up DB
2025-06-27 19:22:16,861{GMT}	INFO	[jepsen node n2] maelstrom.db: Setting up n2
2025-06-27 19:22:16,861{GMT}	INFO	[jepsen node n1] maelstrom.db: Setting up n1
2025-06-27 19:22:16,861{GMT}	INFO	[jepsen node n3] maelstrom.db: Setting up n3
2025-06-27 19:22:16,861{GMT}	INFO	[jepsen node n4] maelstrom.db: Setting up n4
2025-06-27 19:22:16,861{GMT}	INFO	[jepsen node n1] maelstrom.process: launching /Users/anandtrehan/go/bin/maelstrom-broadcast []
2025-06-27 19:22:16,861{GMT}	INFO	[jepsen node n2] maelstrom.process: launching /Users/anandtrehan/go/bin/maelstrom-broadcast []
2025-06-27 19:22:16,861{GMT}	INFO	[jepsen node n4] maelstrom.process: launching /Users/anandtrehan/go/bin/maelstrom-broadcast []
2025-06-27 19:22:16,861{GMT}	INFO	[jepsen node n3] maelstrom.process: launching /Users/anandtrehan/go/bin/maelstrom-broadcast []
2025-06-27 19:22:16,862{GMT}	INFO	[jepsen node n0] maelstrom.service: Starting services: (lin-kv lin-tso lww-kv seq-kv)
2025-06-27 19:22:16,863{GMT}	INFO	[jepsen node n0] maelstrom.db: Setting up n0
2025-06-27 19:22:16,863{GMT}	INFO	[jepsen node n0] maelstrom.process: launching /Users/anandtrehan/go/bin/maelstrom-broadcast []
2025-06-27 19:22:17,046{GMT}	INFO	[jepsen test runner] jepsen.core: Relative time begins now
2025-06-27 19:22:17,060{GMT}	INFO	[jepsen worker nemesis] jepsen.util: :nemesis	:info	:start-partition	:one
2025-06-27 19:22:17,060{GMT}	INFO	[jepsen worker 0] jepsen.util: 0	:invoke	:broadcast	0
2025-06-27 19:22:17,062{GMT}	INFO	[jepsen worker 0] jepsen.util: 0	:ok	:broadcast	0
2025-06-27 19:22:17,063{GMT}	INFO	[jepsen worker nemesis] jepsen.util: :nemesis	:info	:start-partition	[:isolated {"n2" #{"n1" "n4" "n0" "n3"}, "n1" #{"n2"}, "n4" #{"n2"}, "n0" #{"n2"}, "n3" #{"n2"}}]
2025-06-27 19:22:17,144{GMT}	INFO	[jepsen worker 2] jepsen.util: 2	:invoke	:read	nil
2025-06-27 19:22:17,146{GMT}	INFO	[jepsen worker 2] jepsen.util: 2	:ok	:read	[]
2025-06-27 19:22:17,195{GMT}	INFO	[jepsen worker 3] jepsen.util: 3	:invoke	:broadcast	1
2025-06-27 19:22:17,196{GMT}	INFO	[jepsen worker 3] jepsen.util: 3	:ok	:broadcast	1
2025-06-27 19:22:17,235{GMT}	INFO	[jepsen worker 4] jepsen.util: 4	:invoke	:broadcast	2
2025-06-27 19:22:17,237{GMT}	INFO	[jepsen worker 4] jepsen.util: 4	:ok	:broadcast	2
2025-06-27 19:22:17,358{GMT}	INFO	[jepsen worker 0] jepsen.util: 0	:invoke	:broadcast	3
2025-06-27 19:22:17,360{GMT}	INFO	[jepsen worker 0] jepsen.util: 0	:ok	:broadcast	3
2025-06-27 19:22:17,484{GMT}	INFO	[jepsen worker 0] jepsen.util: 0	:invoke	:broadcast	4
2025-06-27 19:22:17,486{GMT}	INFO	[jepsen worker 0] jepsen.util: 0	:ok	:broadcast	4
2025-06-27 19:22:17,645{GMT}	INFO	[jepsen worker 1] jepsen.util: 1	:invoke	:broadcast	5
2025-06-27 19:22:17,650{GMT}	INFO	[jepsen worker 1] jepsen.util: 1	:ok	:broadcast	5
2025-06-27 19:22:17,796{GMT}	INFO	[jepsen worker 2] jepsen.util: 2	:invoke	:broadcast	6
2025-06-27 19:22:17,799{GMT}	INFO	[jepsen worker 2] jepsen.util: 2	:ok	:broadcast	6
2025-06-27 19:22:17,881{GMT}	INFO	[jepsen worker 3] jepsen.util: 3	:invoke	:read	nil
2025-06-27 19:22:17,884{GMT}	INFO	[jepsen worker 3] jepsen.util: 3	:ok	:read	[0 1 2 3 4 5]
2025-06-27 19:22:18,069{GMT}	INFO	[jepsen worker 4] jepsen.util: 4	:invoke	:broadcast	7
2025-06-27 19:22:18,071{GMT}	INFO	[jepsen worker 4] jepsen.util: 4	:ok	:broadcast	7
2025-06-27 19:22:18,238{GMT}	INFO	[jepsen worker 0] jepsen.util: 0	:invoke	:broadcast	8
2025-06-27 19:22:18,241{GMT}	INFO	[jepsen worker 0] jepsen.util: 0	:ok	:broadcast	8
2025-06-27 19:22:18,388{GMT}	INFO	[jepsen worker 0] jepsen.util: 0	:invoke	:broadcast	9
2025-06-27 19:22:18,392{GMT}	INFO	[jepsen worker 0] jepsen.util: 0	:ok	:broadcast	9
2025-06-27 19:22:18,554{GMT}	INFO	[jepsen worker 1] jepsen.util: 1	:invoke	:broadcast	10
2025-06-27 19:22:18,556{GMT}	INFO	[jepsen worker 1] jepsen.util: 1	:ok	:broadcast	10
2025-06-27 19:22:18,752{GMT}	INFO	[jepsen worker 2] jepsen.util: 2	:invoke	:read	nil
2025-06-27 19:22:18,756{GMT}	INFO	[jepsen worker 2] jepsen.util: 2	:ok	:read	[6]
2025-06-27 19:22:18,792{GMT}	INFO	[jepsen worker 3] jepsen.util: 3	:invoke	:broadcast	11
2025-06-27 19:22:18,795{GMT}	INFO	[jepsen worker 3] jepsen.util: 3	:ok	:broadcast	11
2025-06-27 19:22:18,884{GMT}	INFO	[jepsen worker 4] jepsen.util: 4	:invoke	:broadcast	12
2025-06-27 19:22:18,887{GMT}	INFO	[jepsen worker 4] jepsen.util: 4	:ok	:broadcast	12
2025-06-27 19:22:18,933{GMT}	INFO	[jepsen worker 0] jepsen.util: 0	:invoke	:broadcast	13
2025-06-27 19:22:18,934{GMT}	INFO	[jepsen worker 0] jepsen.util: 0	:ok	:broadcast	13
2025-06-27 19:22:18,969{GMT}	INFO	[jepsen worker 0] jepsen.util: 0	:invoke	:read	nil
2025-06-27 19:22:18,970{GMT}	INFO	[jepsen worker 0] jepsen.util: 0	:ok	:read	[0 1 2 3 4 5 7 8 9 10 11 12 13]
2025-06-27 19:22:19,160{GMT}	INFO	[jepsen worker 1] jepsen.util: 1	:invoke	:read	nil
2025-06-27 19:22:19,163{GMT}	INFO	[jepsen worker 1] jepsen.util: 1	:ok	:read	[0 1 2 3 4 5 7 8 9 10 11 12 13]
2025-06-27 19:22:19,291{GMT}	INFO	[jepsen worker 2] jepsen.util: 2	:invoke	:broadcast	14
2025-06-27 19:22:19,293{GMT}	INFO	[jepsen worker 2] jepsen.util: 2	:ok	:broadcast	14
2025-06-27 19:22:19,438{GMT}	INFO	[jepsen worker 3] jepsen.util: 3	:invoke	:broadcast	15
2025-06-27 19:22:19,441{GMT}	INFO	[jepsen worker 3] jepsen.util: 3	:ok	:broadcast	15
2025-06-27 19:22:19,574{GMT}	INFO	[jepsen worker 4] jepsen.util: 4	:invoke	:broadcast	16
2025-06-27 19:22:19,577{GMT}	INFO	[jepsen worker 4] jepsen.util: 4	:ok	:broadcast	16
2025-06-27 19:22:19,718{GMT}	INFO	[jepsen worker 0] jepsen.util: 0	:invoke	:broadcast	17
2025-06-27 19:22:19,721{GMT}	INFO	[jepsen worker 0] jepsen.util: 0	:ok	:broadcast	17
2025-06-27 19:22:19,917{GMT}	INFO	[jepsen worker 0] jepsen.util: 0	:invoke	:broadcast	18
2025-06-27 19:22:19,918{GMT}	INFO	[jepsen worker 0] jepsen.util: 0	:ok	:broadcast	18
2025-06-27 19:22:20,002{GMT}	INFO	[jepsen worker 1] jepsen.util: 1	:invoke	:read	nil
2025-06-27 19:22:20,004{GMT}	INFO	[jepsen worker 1] jepsen.util: 1	:ok	:read	[0 1 2 3 4 5 7 8 9 10 11 12 13 15 16 17 18]
2025-06-27 19:22:20,048{GMT}	INFO	[jepsen worker 2] jepsen.util: 2	:invoke	:read	nil
2025-06-27 19:22:20,088{GMT}	INFO	[jepsen worker 2] jepsen.util: 2	:ok	:read	[6 14]
2025-06-27 19:22:20,204{GMT}	INFO	[jepsen worker 3] jepsen.util: 3	:invoke	:broadcast	19
2025-06-27 19:22:20,205{GMT}	INFO	[jepsen worker 3] jepsen.util: 3	:ok	:broadcast	19
2025-06-27 19:22:20,376{GMT}	INFO	[jepsen worker 4] jepsen.util: 4	:invoke	:read	nil
2025-06-27 19:22:20,379{GMT}	INFO	[jepsen worker 4] jepsen.util: 4	:ok	:read	[0 1 2 3 4 5 7 8 9 10 11 12 13 15 16 17 18 19]
2025-06-27 19:22:20,519{GMT}	INFO	[jepsen worker 0] jepsen.util: 0	:invoke	:read	nil
2025-06-27 19:22:20,521{GMT}	INFO	[jepsen worker 0] jepsen.util: 0	:ok	:read	[0 1 2 3 4 5 7 8 9 10 11 12 13 15 16 17 18 19]
2025-06-27 19:22:20,709{GMT}	INFO	[jepsen worker 0] jepsen.util: 0	:invoke	:broadcast	20
2025-06-27 19:22:20,712{GMT}	INFO	[jepsen worker 0] jepsen.util: 0	:ok	:broadcast	20
2025-06-27 19:22:20,784{GMT}	INFO	[jepsen worker 1] jepsen.util: 1	:invoke	:broadcast	21
2025-06-27 19:22:20,786{GMT}	INFO	[jepsen worker 1] jepsen.util: 1	:ok	:broadcast	21
2025-06-27 19:22:20,815{GMT}	INFO	[jepsen worker 2] jepsen.util: 2	:invoke	:read	nil
2025-06-27 19:22:20,817{GMT}	INFO	[jepsen worker 2] jepsen.util: 2	:ok	:read	[6 14]
2025-06-27 19:22:20,915{GMT}	INFO	[jepsen worker 3] jepsen.util: 3	:invoke	:read	nil
2025-06-27 19:22:20,917{GMT}	INFO	[jepsen worker 3] jepsen.util: 3	:ok	:read	[0 1 2 3 4 5 7 8 9 10 11 12 13 15 16 17 18 19 20 21]
2025-06-27 19:22:21,109{GMT}	INFO	[jepsen worker 4] jepsen.util: 4	:invoke	:read	nil
2025-06-27 19:22:21,112{GMT}	INFO	[jepsen worker 4] jepsen.util: 4	:ok	:read	[0 1 2 3 4 5 7 8 9 10 11 12 13 15 16 17 18 19 20 21]
2025-06-27 19:22:21,185{GMT}	INFO	[jepsen worker 0] jepsen.util: 0	:invoke	:read	nil
2025-06-27 19:22:21,188{GMT}	INFO	[jepsen worker 0] jepsen.util: 0	:ok	:read	[0 1 2 3 4 5 7 8 9 10 11 12 13 15 16 17 18 19 20 21]
2025-06-27 19:22:21,302{GMT}	INFO	[jepsen worker 0] jepsen.util: 0	:invoke	:read	nil
2025-06-27 19:22:21,305{GMT}	INFO	[jepsen worker 0] jepsen.util: 0	:ok	:read	[0 1 2 3 4 5 7 8 9 10 11 12 13 15 16 17 18 19 20 21]
2025-06-27 19:22:21,349{GMT}	INFO	[jepsen worker 1] jepsen.util: 1	:invoke	:broadcast	22
2025-06-27 19:22:21,352{GMT}	INFO	[jepsen worker 1] jepsen.util: 1	:ok	:broadcast	22
2025-06-27 19:22:21,530{GMT}	INFO	[jepsen worker 2] jepsen.util: 2	:invoke	:read	nil
2025-06-27 19:22:21,532{GMT}	INFO	[jepsen worker 2] jepsen.util: 2	:ok	:read	[6 14]
2025-06-27 19:22:21,621{GMT}	INFO	[jepsen worker 3] jepsen.util: 3	:invoke	:broadcast	23
2025-06-27 19:22:21,623{GMT}	INFO	[jepsen worker 3] jepsen.util: 3	:ok	:broadcast	23
2025-06-27 19:22:21,825{GMT}	INFO	[jepsen worker 4] jepsen.util: 4	:invoke	:broadcast	24
2025-06-27 19:22:21,828{GMT}	INFO	[jepsen worker 4] jepsen.util: 4	:ok	:broadcast	24
2025-06-27 19:22:21,901{GMT}	INFO	[jepsen worker 0] jepsen.util: 0	:invoke	:broadcast	25
2025-06-27 19:22:21,903{GMT}	INFO	[jepsen worker 0] jepsen.util: 0	:ok	:broadcast	25
2025-06-27 19:22:22,102{GMT}	INFO	[jepsen worker 0] jepsen.util: 0	:invoke	:broadcast	26
2025-06-27 19:22:22,105{GMT}	INFO	[jepsen worker 0] jepsen.util: 0	:ok	:broadcast	26
2025-06-27 19:22:22,293{GMT}	INFO	[jepsen worker 1] jepsen.util: 1	:invoke	:read	nil
2025-06-27 19:22:22,296{GMT}	INFO	[jepsen worker 1] jepsen.util: 1	:ok	:read	[0 1 2 3 4 5 7 8 9 10 11 12 13 15 16 17 18 19 20 21 22 23 24 25 26]
2025-06-27 19:22:22,495{GMT}	INFO	[jepsen worker 2] jepsen.util: 2	:invoke	:read	nil
2025-06-27 19:22:22,498{GMT}	INFO	[jepsen worker 2] jepsen.util: 2	:ok	:read	[6 14]
2025-06-27 19:22:22,579{GMT}	INFO	[jepsen worker 3] jepsen.util: 3	:invoke	:read	nil
2025-06-27 19:22:22,582{GMT}	INFO	[jepsen worker 3] jepsen.util: 3	:ok	:read	[0 1 2 3 4 5 7 8 9 10 11 12 13 15 16 17 18 19 20 21 22 23 24 25 26]
2025-06-27 19:22:22,629{GMT}	INFO	[jepsen worker 4] jepsen.util: 4	:invoke	:read	nil
2025-06-27 19:22:22,632{GMT}	INFO	[jepsen worker 4] jepsen.util: 4	:ok	:read	[0 1 2 3 4 5 7 8 9 10 11 12 13 15 16 17 18 19 20 21 22 23 24 25 26]
2025-06-27 19:22:22,779{GMT}	INFO	[jepsen worker 0] jepsen.util: 0	:invoke	:read	nil
2025-06-27 19:22:22,782{GMT}	INFO	[jepsen worker 0] jepsen.util: 0	:ok	:read	[0 1 2 3 4 5 7 8 9 10 11 12 13 15 16 17 18 19 20 21 22 23 24 25 26]
2025-06-27 19:22:22,973{GMT}	INFO	[jepsen worker 0] jepsen.util: 0	:invoke	:broadcast	27
2025-06-27 19:22:22,975{GMT}	INFO	[jepsen worker 0] jepsen.util: 0	:ok	:broadcast	27
2025-06-27 19:22:23,021{GMT}	INFO	[jepsen worker 1] jepsen.util: 1	:invoke	:broadcast	28
2025-06-27 19:22:23,022{GMT}	INFO	[jepsen worker 1] jepsen.util: 1	:ok	:broadcast	28
2025-06-27 19:22:23,100{GMT}	INFO	[jepsen worker 2] jepsen.util: 2	:invoke	:read	nil
2025-06-27 19:22:23,101{GMT}	INFO	[jepsen worker 2] jepsen.util: 2	:ok	:read	[6 14]
2025-06-27 19:22:23,274{GMT}	INFO	[jepsen worker 3] jepsen.util: 3	:invoke	:broadcast	29
2025-06-27 19:22:23,276{GMT}	INFO	[jepsen worker 3] jepsen.util: 3	:ok	:broadcast	29
2025-06-27 19:22:23,468{GMT}	INFO	[jepsen worker 4] jepsen.util: 4	:invoke	:read	nil
2025-06-27 19:22:23,470{GMT}	INFO	[jepsen worker 4] jepsen.util: 4	:ok	:read	[0 1 2 3 4 5 7 8 9 10 11 12 13 15 16 17 18 19 20 21 22 23 24 25 26 27 28 29]
2025-06-27 19:22:23,501{GMT}	INFO	[jepsen worker 0] jepsen.util: 0	:invoke	:broadcast	30
2025-06-27 19:22:23,503{GMT}	INFO	[jepsen worker 0] jepsen.util: 0	:ok	:broadcast	30
2025-06-27 19:22:23,669{GMT}	INFO	[jepsen worker 0] jepsen.util: 0	:invoke	:read	nil
2025-06-27 19:22:23,671{GMT}	INFO	[jepsen worker 0] jepsen.util: 0	:ok	:read	[0 1 2 3 4 5 7 8 9 10 11 12 13 15 16 17 18 19 20 21 22 23 24 25 26 27 28 29 30]
2025-06-27 19:22:23,754{GMT}	INFO	[jepsen worker 1] jepsen.util: 1	:invoke	:broadcast	31
2025-06-27 19:22:23,756{GMT}	INFO	[jepsen worker 1] jepsen.util: 1	:ok	:broadcast	31
2025-06-27 19:22:23,948{GMT}	INFO	[jepsen worker 2] jepsen.util: 2	:invoke	:broadcast	32
2025-06-27 19:22:23,949{GMT}	INFO	[jepsen worker 2] jepsen.util: 2	:ok	:broadcast	32
2025-06-27 19:22:23,949{GMT}	INFO	[jepsen worker 3] jepsen.util: 3	:invoke	:broadcast	33
2025-06-27 19:22:23,949{GMT}	INFO	[jepsen worker 3] jepsen.util: 3	:ok	:broadcast	33
2025-06-27 19:22:24,011{GMT}	INFO	[jepsen worker 4] jepsen.util: 4	:invoke	:broadcast	34
2025-06-27 19:22:24,011{GMT}	INFO	[jepsen worker 4] jepsen.util: 4	:ok	:broadcast	34
2025-06-27 19:22:24,213{GMT}	INFO	[jepsen worker 0] jepsen.util: 0	:invoke	:broadcast	35
2025-06-27 19:22:24,215{GMT}	INFO	[jepsen worker 0] jepsen.util: 0	:ok	:broadcast	35
2025-06-27 19:22:24,385{GMT}	INFO	[jepsen worker 0] jepsen.util: 0	:invoke	:read	nil
2025-06-27 19:22:24,388{GMT}	INFO	[jepsen worker 0] jepsen.util: 0	:ok	:read	[0 1 2 3 4 5 7 8 9 10 11 12 13 15 16 17 18 19 20 21 22 23 24 25 26 27 28 29 30 31 33 34 35]
2025-06-27 19:22:24,518{GMT}	INFO	[jepsen worker 1] jepsen.util: 1	:invoke	:broadcast	36
2025-06-27 19:22:24,520{GMT}	INFO	[jepsen worker 1] jepsen.util: 1	:ok	:broadcast	36
2025-06-27 19:22:24,594{GMT}	INFO	[jepsen worker 2] jepsen.util: 2	:invoke	:read	nil
2025-06-27 19:22:24,595{GMT}	INFO	[jepsen worker 2] jepsen.util: 2	:ok	:read	[6 14 32]
2025-06-27 19:22:24,742{GMT}	INFO	[jepsen worker 3] jepsen.util: 3	:invoke	:broadcast	37
2025-06-27 19:22:24,744{GMT}	INFO	[jepsen worker 3] jepsen.util: 3	:ok	:broadcast	37
2025-06-27 19:22:24,848{GMT}	INFO	[jepsen worker 4] jepsen.util: 4	:invoke	:broadcast	38
2025-06-27 19:22:24,849{GMT}	INFO	[jepsen worker 4] jepsen.util: 4	:ok	:broadcast	38
2025-06-27 19:22:25,016{GMT}	INFO	[jepsen worker 0] jepsen.util: 0	:invoke	:read	nil
2025-06-27 19:22:25,018{GMT}	INFO	[jepsen worker 0] jepsen.util: 0	:ok	:read	[0 1 2 3 4 5 7 8 9 10 11 12 13 15 16 17 18 19 20 21 22 23 24 25 26 27 28 29 30 31 33 34 35 36 37 38]
2025-06-27 19:22:25,039{GMT}	INFO	[jepsen worker 0] jepsen.util: 0	:invoke	:read	nil
2025-06-27 19:22:25,041{GMT}	INFO	[jepsen worker 0] jepsen.util: 0	:ok	:read	[0 1 2 3 4 5 7 8 9 10 11 12 13 15 16 17 18 19 20 21 22 23 24 25 26 27 28 29 30 31 33 34 35 36 37 38]
2025-06-27 19:22:25,168{GMT}	INFO	[jepsen worker 1] jepsen.util: 1	:invoke	:broadcast	39
2025-06-27 19:22:25,170{GMT}	INFO	[jepsen worker 1] jepsen.util: 1	:ok	:broadcast	39
2025-06-27 19:22:25,307{GMT}	INFO	[jepsen worker 2] jepsen.util: 2	:invoke	:broadcast	40
2025-06-27 19:22:25,309{GMT}	INFO	[jepsen worker 2] jepsen.util: 2	:ok	:broadcast	40
2025-06-27 19:22:25,465{GMT}	INFO	[jepsen worker 3] jepsen.util: 3	:invoke	:broadcast	41
2025-06-27 19:22:25,467{GMT}	INFO	[jepsen worker 3] jepsen.util: 3	:ok	:broadcast	41
2025-06-27 19:22:25,653{GMT}	INFO	[jepsen worker 4] jepsen.util: 4	:invoke	:broadcast	42
2025-06-27 19:22:25,655{GMT}	INFO	[jepsen worker 4] jepsen.util: 4	:ok	:broadcast	42
2025-06-27 19:22:25,735{GMT}	INFO	[jepsen worker 0] jepsen.util: 0	:invoke	:read	nil
2025-06-27 19:22:25,738{GMT}	INFO	[jepsen worker 0] jepsen.util: 0	:ok	:read	[0 1 2 3 4 5 7 8 9 10 11 12 13 15 16 17 18 19 20 21 22 23 24 25 26 27 28 29 30 31 33 34 35 36 37 38 39 41 42]
2025-06-27 19:22:25,883{GMT}	INFO	[jepsen worker 0] jepsen.util: 0	:invoke	:read	nil
2025-06-27 19:22:25,886{GMT}	INFO	[jepsen worker 0] jepsen.util: 0	:ok	:read	[0 1 2 3 4 5 7 8 9 10 11 12 13 15 16 17 18 19 20 21 22 23 24 25 26 27 28 29 30 31 33 34 35 36 37 38 39 41 42]
2025-06-27 19:22:26,022{GMT}	INFO	[jepsen worker 1] jepsen.util: 1	:invoke	:broadcast	43
2025-06-27 19:22:26,023{GMT}	INFO	[jepsen worker 1] jepsen.util: 1	:ok	:broadcast	43
2025-06-27 19:22:26,223{GMT}	INFO	[jepsen worker 2] jepsen.util: 2	:invoke	:read	nil
2025-06-27 19:22:26,225{GMT}	INFO	[jepsen worker 2] jepsen.util: 2	:ok	:read	[6 14 32 40]
2025-06-27 19:22:26,254{GMT}	INFO	[jepsen worker 3] jepsen.util: 3	:invoke	:read	nil
2025-06-27 19:22:26,255{GMT}	INFO	[jepsen worker 3] jepsen.util: 3	:ok	:read	[0 1 2 3 4 5 7 8 9 10 11 12 13 15 16 17 18 19 20 21 22 23 24 25 26 27 28 29 30 31 33 34 35 36 37 38 39 41 42 43]
2025-06-27 19:22:26,442{GMT}	INFO	[jepsen worker 4] jepsen.util: 4	:invoke	:broadcast	44
2025-06-27 19:22:26,444{GMT}	INFO	[jepsen worker 4] jepsen.util: 4	:ok	:broadcast	44
2025-06-27 19:22:26,621{GMT}	INFO	[jepsen worker 0] jepsen.util: 0	:invoke	:broadcast	45
2025-06-27 19:22:26,622{GMT}	INFO	[jepsen worker 0] jepsen.util: 0	:ok	:broadcast	45
2025-06-27 19:22:26,752{GMT}	INFO	[jepsen worker 0] jepsen.util: 0	:invoke	:broadcast	46
2025-06-27 19:22:26,753{GMT}	INFO	[jepsen worker 0] jepsen.util: 0	:ok	:broadcast	46
2025-06-27 19:22:26,930{GMT}	INFO	[jepsen worker 1] jepsen.util: 1	:invoke	:broadcast	47
2025-06-27 19:22:26,932{GMT}	INFO	[jepsen worker 1] jepsen.util: 1	:ok	:broadcast	47
2025-06-27 19:22:26,975{GMT}	INFO	[jepsen worker 2] jepsen.util: 2	:invoke	:read	nil
2025-06-27 19:22:26,977{GMT}	INFO	[jepsen worker 2] jepsen.util: 2	:ok	:read	[6 14 32 40]
2025-06-27 19:22:27,056{GMT}	INFO	[jepsen worker 3] jepsen.util: 3	:invoke	:read	nil
2025-06-27 19:22:27,057{GMT}	INFO	[jepsen worker 3] jepsen.util: 3	:ok	:read	[0 1 2 3 4 5 7 8 9 10 11 12 13 15 16 17 18 19 20 21 22 23 24 25 26 27 28 29 30 31 33 34 35 36 37 38 39 41 42 43 44 45 46 47]
2025-06-27 19:22:27,129{GMT}	INFO	[jepsen worker 4] jepsen.util: 4	:invoke	:read	nil
2025-06-27 19:22:27,130{GMT}	INFO	[jepsen worker 4] jepsen.util: 4	:ok	:read	[0 1 2 3 4 5 7 8 9 10 11 12 13 15 16 17 18 19 20 21 22 23 24 25 26 27 28 29 30 31 33 34 35 36 37 38 39 41 42 43 44 45 46 47]
2025-06-27 19:22:27,281{GMT}	INFO	[jepsen worker 0] jepsen.util: 0	:invoke	:broadcast	48
2025-06-27 19:22:27,281{GMT}	INFO	[jepsen worker 0] jepsen.util: 0	:ok	:broadcast	48
2025-06-27 19:22:27,332{GMT}	INFO	[jepsen worker 0] jepsen.util: 0	:invoke	:read	nil
2025-06-27 19:22:27,334{GMT}	INFO	[jepsen worker 0] jepsen.util: 0	:ok	:read	[0 1 2 3 4 5 7 8 9 10 11 12 13 15 16 17 18 19 20 21 22 23 24 25 26 27 28 29 30 31 33 34 35 36 37 38 39 41 42 43 44 45 46 47 48]
2025-06-27 19:22:27,352{GMT}	INFO	[jepsen worker 1] jepsen.util: 1	:invoke	:broadcast	49
2025-06-27 19:22:27,353{GMT}	INFO	[jepsen worker 1] jepsen.util: 1	:ok	:broadcast	49
2025-06-27 19:22:27,535{GMT}	INFO	[jepsen worker 2] jepsen.util: 2	:invoke	:broadcast	50
2025-06-27 19:22:27,536{GMT}	INFO	[jepsen worker 2] jepsen.util: 2	:ok	:broadcast	50
2025-06-27 19:22:27,590{GMT}	INFO	[jepsen worker 3] jepsen.util: 3	:invoke	:broadcast	51
2025-06-27 19:22:27,591{GMT}	INFO	[jepsen worker 3] jepsen.util: 3	:ok	:broadcast	51
2025-06-27 19:22:27,675{GMT}	INFO	[jepsen worker 4] jepsen.util: 4	:invoke	:read	nil
2025-06-27 19:22:27,676{GMT}	INFO	[jepsen worker 4] jepsen.util: 4	:ok	:read	[0 1 2 3 4 5 7 8 9 10 11 12 13 15 16 17 18 19 20 21 22 23 24 25 26 27 28 29 30 31 33 34 35 36 37 38 39 41 42 43 44 45 46 47 48 49 51]
2025-06-27 19:22:27,830{GMT}	INFO	[jepsen worker 0] jepsen.util: 0	:invoke	:broadcast	52
2025-06-27 19:22:27,831{GMT}	INFO	[jepsen worker 0] jepsen.util: 0	:ok	:broadcast	52
2025-06-27 19:22:27,939{GMT}	INFO	[jepsen worker 0] jepsen.util: 0	:invoke	:read	nil
2025-06-27 19:22:27,942{GMT}	INFO	[jepsen worker 0] jepsen.util: 0	:ok	:read	[0 1 2 3 4 5 7 8 9 10 11 12 13 15 16 17 18 19 20 21 22 23 24 25 26 27 28 29 30 31 33 34 35 36 37 38 39 41 42 43 44 45 46 47 48 49 51 52]
2025-06-27 19:22:28,137{GMT}	INFO	[jepsen worker 1] jepsen.util: 1	:invoke	:read	nil
2025-06-27 19:22:28,140{GMT}	INFO	[jepsen worker 1] jepsen.util: 1	:ok	:read	[0 1 2 3 4 5 7 8 9 10 11 12 13 15 16 17 18 19 20 21 22 23 24 25 26 27 28 29 30 31 33 34 35 36 37 38 39 41 42 43 44 45 46 47 48 49 51 52]
2025-06-27 19:22:28,228{GMT}	INFO	[jepsen worker 2] jepsen.util: 2	:invoke	:broadcast	53
2025-06-27 19:22:28,230{GMT}	INFO	[jepsen worker 2] jepsen.util: 2	:ok	:broadcast	53
2025-06-27 19:22:28,231{GMT}	INFO	[jepsen worker 3] jepsen.util: 3	:invoke	:read	nil
2025-06-27 19:22:28,233{GMT}	INFO	[jepsen worker 3] jepsen.util: 3	:ok	:read	[0 1 2 3 4 5 7 8 9 10 11 12 13 15 16 17 18 19 20 21 22 23 24 25 26 27 28 29 30 31 33 34 35 36 37 38 39 41 42 43 44 45 46 47 48 49 51 52]
2025-06-27 19:22:28,248{GMT}	INFO	[jepsen worker 4] jepsen.util: 4	:invoke	:broadcast	54
2025-06-27 19:22:28,249{GMT}	INFO	[jepsen worker 4] jepsen.util: 4	:ok	:broadcast	54
2025-06-27 19:22:28,318{GMT}	INFO	[jepsen worker 0] jepsen.util: 0	:invoke	:read	nil
2025-06-27 19:22:28,321{GMT}	INFO	[jepsen worker 0] jepsen.util: 0	:ok	:read	[0 1 2 3 4 5 7 8 9 10 11 12 13 15 16 17 18 19 20 21 22 23 24 25 26 27 28 29 30 31 33 34 35 36 37 38 39 41 42 43 44 45 46 47 48 49 51 52 54]
2025-06-27 19:22:28,382{GMT}	INFO	[jepsen worker 0] jepsen.util: 0	:invoke	:read	nil
2025-06-27 19:22:28,384{GMT}	INFO	[jepsen worker 0] jepsen.util: 0	:ok	:read	[0 1 2 3 4 5 7 8 9 10 11 12 13 15 16 17 18 19 20 21 22 23 24 25 26 27 28 29 30 31 33 34 35 36 37 38 39 41 42 43 44 45 46 47 48 49 51 52 54]
2025-06-27 19:22:28,535{GMT}	INFO	[jepsen worker 1] jepsen.util: 1	:invoke	:read	nil
2025-06-27 19:22:28,537{GMT}	INFO	[jepsen worker 1] jepsen.util: 1	:ok	:read	[0 1 2 3 4 5 7 8 9 10 11 12 13 15 16 17 18 19 20 21 22 23 24 25 26 27 28 29 30 31 33 34 35 36 37 38 39 41 42 43 44 45 46 47 48 49 51 52 54]
2025-06-27 19:22:28,734{GMT}	INFO	[jepsen worker 2] jepsen.util: 2	:invoke	:read	nil
2025-06-27 19:22:28,735{GMT}	INFO	[jepsen worker 2] jepsen.util: 2	:ok	:read	[6 14 32 40 50 53]
2025-06-27 19:22:28,913{GMT}	INFO	[jepsen worker 3] jepsen.util: 3	:invoke	:broadcast	55
2025-06-27 19:22:28,914{GMT}	INFO	[jepsen worker 3] jepsen.util: 3	:ok	:broadcast	55
2025-06-27 19:22:29,007{GMT}	INFO	[jepsen worker 4] jepsen.util: 4	:invoke	:broadcast	56
2025-06-27 19:22:29,007{GMT}	INFO	[jepsen worker 4] jepsen.util: 4	:ok	:broadcast	56
2025-06-27 19:22:29,125{GMT}	INFO	[jepsen worker 0] jepsen.util: 0	:invoke	:broadcast	57
2025-06-27 19:22:29,126{GMT}	INFO	[jepsen worker 0] jepsen.util: 0	:ok	:broadcast	57
2025-06-27 19:22:29,285{GMT}	INFO	[jepsen worker 0] jepsen.util: 0	:invoke	:read	nil
2025-06-27 19:22:29,293{GMT}	INFO	[jepsen worker 0] jepsen.util: 0	:ok	:read	[0 1 2 3 4 5 7 8 9 10 11 12 13 15 16 17 18 19 20 21 22 23 24 25 26 27 28 29 30 31 33 34 35 36 37 38 39 41 42 43 44 45 46 47 48 49 51 52 54 55 56 57]
2025-06-27 19:22:29,354{GMT}	INFO	[jepsen worker 1] jepsen.util: 1	:invoke	:broadcast	58
2025-06-27 19:22:29,356{GMT}	INFO	[jepsen worker 1] jepsen.util: 1	:ok	:broadcast	58
2025-06-27 19:22:29,476{GMT}	INFO	[jepsen worker 2] jepsen.util: 2	:invoke	:read	nil
2025-06-27 19:22:29,478{GMT}	INFO	[jepsen worker 2] jepsen.util: 2	:ok	:read	[6 14 32 40 50 53]
2025-06-27 19:22:29,522{GMT}	INFO	[jepsen worker 3] jepsen.util: 3	:invoke	:broadcast	59
2025-06-27 19:22:29,524{GMT}	INFO	[jepsen worker 3] jepsen.util: 3	:ok	:broadcast	59
2025-06-27 19:22:29,677{GMT}	INFO	[jepsen worker 4] jepsen.util: 4	:invoke	:broadcast	60
2025-06-27 19:22:29,679{GMT}	INFO	[jepsen worker 4] jepsen.util: 4	:ok	:broadcast	60
2025-06-27 19:22:29,785{GMT}	INFO	[jepsen worker 0] jepsen.util: 0	:invoke	:read	nil
2025-06-27 19:22:29,788{GMT}	INFO	[jepsen worker 0] jepsen.util: 0	:ok	:read	[0 1 2 3 4 5 7 8 9 10 11 12 13 15 16 17 18 19 20 21 22 23 24 25 26 27 28 29 30 31 33 34 35 36 37 38 39 41 42 43 44 45 46 47 48 49 51 52 54 55 56 57 58 59 60]
2025-06-27 19:22:29,909{GMT}	INFO	[jepsen worker 0] jepsen.util: 0	:invoke	:broadcast	61
2025-06-27 19:22:29,912{GMT}	INFO	[jepsen worker 0] jepsen.util: 0	:ok	:broadcast	61
2025-06-27 19:22:30,058{GMT}	INFO	[jepsen worker 1] jepsen.util: 1	:invoke	:read	nil
2025-06-27 19:22:30,060{GMT}	INFO	[jepsen worker 1] jepsen.util: 1	:ok	:read	[0 1 2 3 4 5 7 8 9 10 11 12 13 15 16 17 18 19 20 21 22 23 24 25 26 27 28 29 30 31 33 34 35 36 37 38 39 41 42 43 44 45 46 47 48 49 51 52 54 55 56 57 58 59 60 61]
2025-06-27 19:22:30,085{GMT}	INFO	[jepsen worker 2] jepsen.util: 2	:invoke	:read	nil
2025-06-27 19:22:30,087{GMT}	INFO	[jepsen worker 2] jepsen.util: 2	:ok	:read	[6 14 32 40 50 53]
2025-06-27 19:22:30,089{GMT}	INFO	[jepsen worker 3] jepsen.util: 3	:invoke	:broadcast	62
2025-06-27 19:22:30,090{GMT}	INFO	[jepsen worker 3] jepsen.util: 3	:ok	:broadcast	62
2025-06-27 19:22:30,242{GMT}	INFO	[jepsen worker 4] jepsen.util: 4	:invoke	:broadcast	63
2025-06-27 19:22:30,244{GMT}	INFO	[jepsen worker 4] jepsen.util: 4	:ok	:broadcast	63
2025-06-27 19:22:30,338{GMT}	INFO	[jepsen worker 0] jepsen.util: 0	:invoke	:broadcast	64
2025-06-27 19:22:30,339{GMT}	INFO	[jepsen worker 0] jepsen.util: 0	:ok	:broadcast	64
2025-06-27 19:22:30,463{GMT}	INFO	[jepsen worker 0] jepsen.util: 0	:invoke	:read	nil
2025-06-27 19:22:30,465{GMT}	INFO	[jepsen worker 0] jepsen.util: 0	:ok	:read	[0 1 2 3 4 5 7 8 9 10 11 12 13 15 16 17 18 19 20 21 22 23 24 25 26 27 28 29 30 31 33 34 35 36 37 38 39 41 42 43 44 45 46 47 48 49 51 52 54 55 56 57 58 59 60 61 62 63 64]
2025-06-27 19:22:30,467{GMT}	INFO	[jepsen worker 1] jepsen.util: 1	:invoke	:read	nil
2025-06-27 19:22:30,468{GMT}	INFO	[jepsen worker 1] jepsen.util: 1	:ok	:read	[0 1 2 3 4 5 7 8 9 10 11 12 13 15 16 17 18 19 20 21 22 23 24 25 26 27 28 29 30 31 33 34 35 36 37 38 39 41 42 43 44 45 46 47 48 49 51 52 54 55 56 57 58 59 60 61 62 63 64]
2025-06-27 19:22:30,581{GMT}	INFO	[jepsen worker 2] jepsen.util: 2	:invoke	:broadcast	65
2025-06-27 19:22:30,583{GMT}	INFO	[jepsen worker 2] jepsen.util: 2	:ok	:broadcast	65
2025-06-27 19:22:30,701{GMT}	INFO	[jepsen worker 3] jepsen.util: 3	:invoke	:read	nil
2025-06-27 19:22:30,704{GMT}	INFO	[jepsen worker 3] jepsen.util: 3	:ok	:read	[0 1 2 3 4 5 7 8 9 10 11 12 13 15 16 17 18 19 20 21 22 23 24 25 26 27 28 29 30 31 33 34 35 36 37 38 39 41 42 43 44 45 46 47 48 49 51 52 54 55 56 57 58 59 60 61 62 63 64]
2025-06-27 19:22:30,867{GMT}	INFO	[jepsen worker 4] jepsen.util: 4	:invoke	:read	nil
2025-06-27 19:22:30,869{GMT}	INFO	[jepsen worker 4] jepsen.util: 4	:ok	:read	[0 1 2 3 4 5 7 8 9 10 11 12 13 15 16 17 18 19 20 21 22 23 24 25 26 27 28 29 30 31 33 34 35 36 37 38 39 41 42 43 44 45 46 47 48 49 51 52 54 55 56 57 58 59 60 61 62 63 64]
2025-06-27 19:22:31,005{GMT}	INFO	[jepsen worker 0] jepsen.util: 0	:invoke	:read	nil
2025-06-27 19:22:31,007{GMT}	INFO	[jepsen worker 0] jepsen.util: 0	:ok	:read	[0 1 2 3 4 5 7 8 9 10 11 12 13 15 16 17 18 19 20 21 22 23 24 25 26 27 28 29 30 31 33 34 35 36 37 38 39 41 42 43 44 45 46 47 48 49 51 52 54 55 56 57 58 59 60 61 62 63 64]
2025-06-27 19:22:31,209{GMT}	INFO	[jepsen worker 0] jepsen.util: 0	:invoke	:read	nil
2025-06-27 19:22:31,211{GMT}	INFO	[jepsen worker 0] jepsen.util: 0	:ok	:read	[0 1 2 3 4 5 7 8 9 10 11 12 13 15 16 17 18 19 20 21 22 23 24 25 26 27 28 29 30 31 33 34 35 36 37 38 39 41 42 43 44 45 46 47 48 49 51 52 54 55 56 57 58 59 60 61 62 63 64]
2025-06-27 19:22:31,239{GMT}	INFO	[jepsen worker 1] jepsen.util: 1	:invoke	:broadcast	66
2025-06-27 19:22:31,241{GMT}	INFO	[jepsen worker 1] jepsen.util: 1	:ok	:broadcast	66
2025-06-27 19:22:31,429{GMT}	INFO	[jepsen worker 2] jepsen.util: 2	:invoke	:broadcast	67
2025-06-27 19:22:31,431{GMT}	INFO	[jepsen worker 2] jepsen.util: 2	:ok	:broadcast	67
2025-06-27 19:22:31,533{GMT}	INFO	[jepsen worker 3] jepsen.util: 3	:invoke	:broadcast	68
2025-06-27 19:22:31,534{GMT}	INFO	[jepsen worker 3] jepsen.util: 3	:ok	:broadcast	68
2025-06-27 19:22:31,559{GMT}	INFO	[jepsen worker 4] jepsen.util: 4	:invoke	:broadcast	69
2025-06-27 19:22:31,561{GMT}	INFO	[jepsen worker 4] jepsen.util: 4	:ok	:broadcast	69
2025-06-27 19:22:31,734{GMT}	INFO	[jepsen worker 0] jepsen.util: 0	:invoke	:read	nil
2025-06-27 19:22:31,737{GMT}	INFO	[jepsen worker 0] jepsen.util: 0	:ok	:read	[0 1 2 3 4 5 7 8 9 10 11 12 13 15 16 17 18 19 20 21 22 23 24 25 26 27 28 29 30 31 33 34 35 36 37 38 39 41 42 43 44 45 46 47 48 49 51 52 54 55 56 57 58 59 60 61 62 63 64 66 68 69]
2025-06-27 19:22:31,901{GMT}	INFO	[jepsen worker 0] jepsen.util: 0	:invoke	:read	nil
2025-06-27 19:22:31,904{GMT}	INFO	[jepsen worker 0] jepsen.util: 0	:ok	:read	[0 1 2 3 4 5 7 8 9 10 11 12 13 15 16 17 18 19 20 21 22 23 24 25 26 27 28 29 30 31 33 34 35 36 37 38 39 41 42 43 44 45 46 47 48 49 51 52 54 55 56 57 58 59 60 61 62 63 64 66 68 69]
2025-06-27 19:22:31,976{GMT}	INFO	[jepsen worker 1] jepsen.util: 1	:invoke	:broadcast	70
2025-06-27 19:22:31,979{GMT}	INFO	[jepsen worker 1] jepsen.util: 1	:ok	:broadcast	70
2025-06-27 19:22:32,164{GMT}	INFO	[jepsen worker 2] jepsen.util: 2	:invoke	:broadcast	71
2025-06-27 19:22:32,165{GMT}	INFO	[jepsen worker 2] jepsen.util: 2	:ok	:broadcast	71
2025-06-27 19:22:32,178{GMT}	INFO	[jepsen worker 3] jepsen.util: 3	:invoke	:broadcast	72
2025-06-27 19:22:32,179{GMT}	INFO	[jepsen worker 3] jepsen.util: 3	:ok	:broadcast	72
2025-06-27 19:22:32,347{GMT}	INFO	[jepsen worker 4] jepsen.util: 4	:invoke	:broadcast	73
2025-06-27 19:22:32,349{GMT}	INFO	[jepsen worker 4] jepsen.util: 4	:ok	:broadcast	73
2025-06-27 19:22:32,445{GMT}	INFO	[jepsen worker 0] jepsen.util: 0	:invoke	:read	nil
2025-06-27 19:22:32,447{GMT}	INFO	[jepsen worker 0] jepsen.util: 0	:ok	:read	[0 1 2 3 4 5 7 8 9 10 11 12 13 15 16 17 18 19 20 21 22 23 24 25 26 27 28 29 30 31 33 34 35 36 37 38 39 41 42 43 44 45 46 47 48 49 51 52 54 55 56 57 58 59 60 61 62 63 64 66 68 69 70 72 73]
2025-06-27 19:22:32,647{GMT}	INFO	[jepsen worker 0] jepsen.util: 0	:invoke	:broadcast	74
2025-06-27 19:22:32,649{GMT}	INFO	[jepsen worker 0] jepsen.util: 0	:ok	:broadcast	74
2025-06-27 19:22:32,672{GMT}	INFO	[jepsen worker 1] jepsen.util: 1	:invoke	:broadcast	75
2025-06-27 19:22:32,673{GMT}	INFO	[jepsen worker 1] jepsen.util: 1	:ok	:broadcast	75
2025-06-27 19:22:32,742{GMT}	INFO	[jepsen worker 2] jepsen.util: 2	:invoke	:broadcast	76
2025-06-27 19:22:32,744{GMT}	INFO	[jepsen worker 2] jepsen.util: 2	:ok	:broadcast	76
2025-06-27 19:22:32,872{GMT}	INFO	[jepsen worker 3] jepsen.util: 3	:invoke	:read	nil
2025-06-27 19:22:32,875{GMT}	INFO	[jepsen worker 3] jepsen.util: 3	:ok	:read	[0 1 2 3 4 5 7 8 9 10 11 12 13 15 16 17 18 19 20 21 22 23 24 25 26 27 28 29 30 31 33 34 35 36 37 38 39 41 42 43 44 45 46 47 48 49 51 52 54 55 56 57 58 59 60 61 62 63 64 66 68 69 70 72 73 74 75]
2025-06-27 19:22:32,876{GMT}	INFO	[jepsen worker 4] jepsen.util: 4	:invoke	:broadcast	77
2025-06-27 19:22:32,876{GMT}	INFO	[jepsen worker 4] jepsen.util: 4	:ok	:broadcast	77
2025-06-27 19:22:32,961{GMT}	INFO	[jepsen worker 0] jepsen.util: 0	:invoke	:broadcast	78
2025-06-27 19:22:32,963{GMT}	INFO	[jepsen worker 0] jepsen.util: 0	:ok	:broadcast	78
2025-06-27 19:22:33,151{GMT}	INFO	[jepsen worker 0] jepsen.util: 0	:invoke	:broadcast	79
2025-06-27 19:22:33,153{GMT}	INFO	[jepsen worker 0] jepsen.util: 0	:ok	:broadcast	79
2025-06-27 19:22:33,291{GMT}	INFO	[jepsen worker 1] jepsen.util: 1	:invoke	:read	nil
2025-06-27 19:22:33,294{GMT}	INFO	[jepsen worker 1] jepsen.util: 1	:ok	:read	[0 1 2 3 4 5 7 8 9 10 11 12 13 15 16 17 18 19 20 21 22 23 24 25 26 27 28 29 30 31 33 34 35 36 37 38 39 41 42 43 44 45 46 47 48 49 51 52 54 55 56 57 58 59 60 61 62 63 64 66 68 69 70 72 73 74 75 77 78 79]
2025-06-27 19:22:33,461{GMT}	INFO	[jepsen worker 2] jepsen.util: 2	:invoke	:read	nil
2025-06-27 19:22:33,463{GMT}	INFO	[jepsen worker 2] jepsen.util: 2	:ok	:read	[6 14 32 40 50 53 65 67 71 76]
2025-06-27 19:22:33,519{GMT}	INFO	[jepsen worker 3] jepsen.util: 3	:invoke	:broadcast	80
2025-06-27 19:22:33,521{GMT}	INFO	[jepsen worker 3] jepsen.util: 3	:ok	:broadcast	80
2025-06-27 19:22:33,531{GMT}	INFO	[jepsen worker 4] jepsen.util: 4	:invoke	:read	nil
2025-06-27 19:22:33,533{GMT}	INFO	[jepsen worker 4] jepsen.util: 4	:ok	:read	[0 1 2 3 4 5 7 8 9 10 11 12 13 15 16 17 18 19 20 21 22 23 24 25 26 27 28 29 30 31 33 34 35 36 37 38 39 41 42 43 44 45 46 47 48 49 51 52 54 55 56 57 58 59 60 61 62 63 64 66 68 69 70 72 73 74 75 77 78 79 80]
2025-06-27 19:22:33,668{GMT}	INFO	[jepsen worker 0] jepsen.util: 0	:invoke	:broadcast	81
2025-06-27 19:22:33,679{GMT}	INFO	[jepsen worker 0] jepsen.util: 0	:ok	:broadcast	81
2025-06-27 19:22:33,812{GMT}	INFO	[jepsen worker 0] jepsen.util: 0	:invoke	:read	nil
2025-06-27 19:22:33,815{GMT}	INFO	[jepsen worker 0] jepsen.util: 0	:ok	:read	[0 1 2 3 4 5 7 8 9 10 11 12 13 15 16 17 18 19 20 21 22 23 24 25 26 27 28 29 30 31 33 34 35 36 37 38 39 41 42 43 44 45 46 47 48 49 51 52 54 55 56 57 58 59 60 61 62 63 64 66 68 69 70 72 73 74 75 77 78 79 80 81]
2025-06-27 19:22:33,900{GMT}	INFO	[jepsen worker 1] jepsen.util: 1	:invoke	:read	nil
2025-06-27 19:22:33,902{GMT}	INFO	[jepsen worker 1] jepsen.util: 1	:ok	:read	[0 1 2 3 4 5 7 8 9 10 11 12 13 15 16 17 18 19 20 21 22 23 24 25 26 27 28 29 30 31 33 34 35 36 37 38 39 41 42 43 44 45 46 47 48 49 51 52 54 55 56 57 58 59 60 61 62 63 64 66 68 69 70 72 73 74 75 77 78 79 80 81]
2025-06-27 19:22:34,044{GMT}	INFO	[jepsen worker 2] jepsen.util: 2	:invoke	:broadcast	82
2025-06-27 19:22:34,045{GMT}	INFO	[jepsen worker 2] jepsen.util: 2	:ok	:broadcast	82
2025-06-27 19:22:34,073{GMT}	INFO	[jepsen worker nemesis] jepsen.util: :nemesis	:info	:stop-partition	nil
2025-06-27 19:22:34,074{GMT}	INFO	[jepsen worker nemesis] jepsen.util: :nemesis	:info	:stop-partition	:network-healed
2025-06-27 19:22:34,142{GMT}	INFO	[jepsen worker 4] jepsen.util: 4	:invoke	:broadcast	83
2025-06-27 19:22:34,143{GMT}	INFO	[jepsen worker 4] jepsen.util: 4	:ok	:broadcast	83
2025-06-27 19:22:34,267{GMT}	INFO	[jepsen worker 0] jepsen.util: 0	:invoke	:broadcast	84
2025-06-27 19:22:34,269{GMT}	INFO	[jepsen worker 0] jepsen.util: 0	:ok	:broadcast	84
2025-06-27 19:22:34,303{GMT}	INFO	[jepsen worker 0] jepsen.util: 0	:invoke	:read	nil
2025-06-27 19:22:34,305{GMT}	INFO	[jepsen worker 0] jepsen.util: 0	:ok	:read	[0 1 2 3 4 5 7 8 9 10 11 12 13 15 16 17 18 19 20 21 22 23 24 25 26 27 28 29 30 31 33 34 35 36 37 38 39 41 42 43 44 45 46 47 48 49 51 52 54 55 56 57 58 59 60 61 62 63 64 66 68 69 70 72 73 74 75 77 78 79 80 81 83 84]
2025-06-27 19:22:34,504{GMT}	INFO	[jepsen worker 1] jepsen.util: 1	:invoke	:broadcast	85
2025-06-27 19:22:34,506{GMT}	INFO	[jepsen worker 1] jepsen.util: 1	:ok	:broadcast	85
2025-06-27 19:22:34,615{GMT}	INFO	[jepsen worker 2] jepsen.util: 2	:invoke	:read	nil
2025-06-27 19:22:34,618{GMT}	INFO	[jepsen worker 2] jepsen.util: 2	:ok	:read	[6 14 32 40 50 53 65 67 71 76 82 83 84 85]
2025-06-27 19:22:34,623{GMT}	INFO	[jepsen worker 3] jepsen.util: 3	:invoke	:read	nil
2025-06-27 19:22:34,625{GMT}	INFO	[jepsen worker 3] jepsen.util: 3	:ok	:read	[0 1 2 3 4 5 7 8 9 10 11 12 13 15 16 17 18 19 20 21 22 23 24 25 26 27 28 29 30 31 33 34 35 36 37 38 39 41 42 43 44 45 46 47 48 49 51 52 54 55 56 57 58 59 60 61 62 63 64 66 68 69 70 72 73 74 75 77 78 79 80 81 83 84 85]
2025-06-27 19:22:34,768{GMT}	INFO	[jepsen worker 4] jepsen.util: 4	:invoke	:broadcast	86
2025-06-27 19:22:34,770{GMT}	INFO	[jepsen worker 4] jepsen.util: 4	:ok	:broadcast	86
2025-06-27 19:22:34,913{GMT}	INFO	[jepsen worker 0] jepsen.util: 0	:invoke	:read	nil
2025-06-27 19:22:34,916{GMT}	INFO	[jepsen worker 0] jepsen.util: 0	:ok	:read	[0 1 2 3 4 5 7 8 9 10 11 12 13 15 16 17 18 19 20 21 22 23 24 25 26 27 28 29 30 31 33 34 35 36 37 38 39 41 42 43 44 45 46 47 48 49 51 52 54 55 56 57 58 59 60 61 62 63 64 66 68 69 70 72 73 74 75 77 78 79 80 81 83 84 85 86]
2025-06-27 19:22:35,028{GMT}	INFO	[jepsen worker 0] jepsen.util: 0	:invoke	:broadcast	87
2025-06-27 19:22:35,030{GMT}	INFO	[jepsen worker 0] jepsen.util: 0	:ok	:broadcast	87
2025-06-27 19:22:35,088{GMT}	INFO	[jepsen worker 1] jepsen.util: 1	:invoke	:read	nil
2025-06-27 19:22:35,090{GMT}	INFO	[jepsen worker 1] jepsen.util: 1	:ok	:read	[0 1 2 3 4 5 7 8 9 10 11 12 13 15 16 17 18 19 20 21 22 23 24 25 26 27 28 29 30 31 33 34 35 36 37 38 39 41 42 43 44 45 46 47 48 49 51 52 54 55 56 57 58 59 60 61 62 63 64 66 68 69 70 72 73 74 75 77 78 79 80 81 83 84 85 86 87]
2025-06-27 19:22:35,232{GMT}	INFO	[jepsen worker 2] jepsen.util: 2	:invoke	:read	nil
2025-06-27 19:22:35,234{GMT}	INFO	[jepsen worker 2] jepsen.util: 2	:ok	:read	[6 14 32 40 50 53 65 67 71 76 82 83 84 85 86 87]
2025-06-27 19:22:35,287{GMT}	INFO	[jepsen worker 3] jepsen.util: 3	:invoke	:read	nil
2025-06-27 19:22:35,289{GMT}	INFO	[jepsen worker 3] jepsen.util: 3	:ok	:read	[0 1 2 3 4 5 7 8 9 10 11 12 13 15 16 17 18 19 20 21 22 23 24 25 26 27 28 29 30 31 33 34 35 36 37 38 39 41 42 43 44 45 46 47 48 49 51 52 54 55 56 57 58 59 60 61 62 63 64 66 68 69 70 72 73 74 75 77 78 79 80 81 83 84 85 86 87]
2025-06-27 19:22:35,404{GMT}	INFO	[jepsen worker 4] jepsen.util: 4	:invoke	:broadcast	88
2025-06-27 19:22:35,405{GMT}	INFO	[jepsen worker 4] jepsen.util: 4	:ok	:broadcast	88
2025-06-27 19:22:35,406{GMT}	INFO	[jepsen worker 0] jepsen.util: 0	:invoke	:read	nil
2025-06-27 19:22:35,408{GMT}	INFO	[jepsen worker 0] jepsen.util: 0	:ok	:read	[0 1 2 3 4 5 7 8 9 10 11 12 13 15 16 17 18 19 20 21 22 23 24 25 26 27 28 29 30 31 33 34 35 36 37 38 39 41 42 43 44 45 46 47 48 49 51 52 54 55 56 57 58 59 60 61 62 63 64 66 68 69 70 72 73 74 75 77 78 79 80 81 83 84 85 86 87]
2025-06-27 19:22:35,520{GMT}	INFO	[jepsen worker 0] jepsen.util: 0	:invoke	:broadcast	89
2025-06-27 19:22:35,521{GMT}	INFO	[jepsen worker 0] jepsen.util: 0	:ok	:broadcast	89
2025-06-27 19:22:35,609{GMT}	INFO	[jepsen worker 1] jepsen.util: 1	:invoke	:broadcast	90
2025-06-27 19:22:35,611{GMT}	INFO	[jepsen worker 1] jepsen.util: 1	:ok	:broadcast	90
2025-06-27 19:22:35,716{GMT}	INFO	[jepsen worker 2] jepsen.util: 2	:invoke	:read	nil
2025-06-27 19:22:35,717{GMT}	INFO	[jepsen worker 2] jepsen.util: 2	:ok	:read	[6 14 32 40 50 53 65 67 71 76 82 83 84 85 86 87 88 89 90]
2025-06-27 19:22:35,842{GMT}	INFO	[jepsen worker 3] jepsen.util: 3	:invoke	:broadcast	91
2025-06-27 19:22:35,844{GMT}	INFO	[jepsen worker 3] jepsen.util: 3	:ok	:broadcast	91
2025-06-27 19:22:36,014{GMT}	INFO	[jepsen worker 4] jepsen.util: 4	:invoke	:broadcast	92
2025-06-27 19:22:36,016{GMT}	INFO	[jepsen worker 4] jepsen.util: 4	:ok	:broadcast	92
2025-06-27 19:22:36,196{GMT}	INFO	[jepsen worker 0] jepsen.util: 0	:invoke	:broadcast	93
2025-06-27 19:22:36,200{GMT}	INFO	[jepsen worker 0] jepsen.util: 0	:ok	:broadcast	93
2025-06-27 19:22:36,373{GMT}	INFO	[jepsen worker 0] jepsen.util: 0	:invoke	:broadcast	94
2025-06-27 19:22:36,375{GMT}	INFO	[jepsen worker 0] jepsen.util: 0	:ok	:broadcast	94
2025-06-27 19:22:36,526{GMT}	INFO	[jepsen worker 1] jepsen.util: 1	:invoke	:broadcast	95
2025-06-27 19:22:36,528{GMT}	INFO	[jepsen worker 1] jepsen.util: 1	:ok	:broadcast	95
2025-06-27 19:22:36,621{GMT}	INFO	[jepsen worker nemesis] jepsen.util: :nemesis	:info	:start-partition	:majorities-ring
2025-06-27 19:22:36,637{GMT}	INFO	[jepsen worker nemesis] jepsen.util: :nemesis	:info	:start-partition	[:isolated {"n0" #{"n2" "n3"}, "n4" #{"n1" "n3"}, "n2" #{"n1" "n0"}, "n3" #{"n4" "n0"}, "n1" #{"n2" "n4"}}]
2025-06-27 19:22:36,711{GMT}	INFO	[jepsen worker 3] jepsen.util: 3	:invoke	:read	nil
2025-06-27 19:22:36,712{GMT}	INFO	[jepsen worker 3] jepsen.util: 3	:ok	:read	[0 1 2 3 4 5 7 8 9 10 11 12 13 15 16 17 18 19 20 21 22 23 24 25 26 27 28 29 30 31 33 34 35 36 37 38 39 41 42 43 44 45 46 47 48 49 51 52 54 55 56 57 58 59 60 61 62 63 64 66 68 69 70 72 73 74 75 77 78 79 80 81 83 84 85 86 87 88 89 90 91 92 93 94 95]
2025-06-27 19:22:36,739{GMT}	INFO	[jepsen worker 4] jepsen.util: 4	:invoke	:read	nil
2025-06-27 19:22:36,740{GMT}	INFO	[jepsen worker 4] jepsen.util: 4	:ok	:read	[0 1 2 3 4 5 7 8 9 10 11 12 13 15 16 17 18 19 20 21 22 23 24 25 26 27 28 29 30 31 33 34 35 36 37 38 39 41 42 43 44 45 46 47 48 49 51 52 54 55 56 57 58 59 60 61 62 63 64 66 68 69 70 72 73 74 75 77 78 79 80 81 83 84 85 86 87 88 89 90 91 92 93 94 95]
2025-06-27 19:22:36,840{GMT}	INFO	[jepsen worker 0] jepsen.util: 0	:invoke	:broadcast	96
2025-06-27 19:22:36,842{GMT}	INFO	[jepsen worker 0] jepsen.util: 0	:ok	:broadcast	96
2025-06-27 19:22:36,926{GMT}	INFO	[jepsen worker 0] jepsen.util: 0	:invoke	:broadcast	97
2025-06-27 19:22:36,928{GMT}	INFO	[jepsen worker 0] jepsen.util: 0	:ok	:broadcast	97
2025-06-27 19:22:36,956{GMT}	INFO	[jepsen worker 1] jepsen.util: 1	:invoke	:read	nil
2025-06-27 19:22:36,958{GMT}	INFO	[jepsen worker 1] jepsen.util: 1	:ok	:read	[0 1 2 3 4 5 7 8 9 10 11 12 13 15 16 17 18 19 20 21 22 23 24 25 26 27 28 29 30 31 33 34 35 36 37 38 39 41 42 43 44 45 46 47 48 49 51 52 54 55 56 57 58 59 60 61 62 63 64 66 68 69 70 72 73 74 75 77 78 79 80 81 83 84 85 86 87 88 89 90 91 92 93 94 95 96 97]
2025-06-27 19:22:36,959{GMT}	INFO	[jepsen worker nemesis] jepsen.util: :nemesis	:info	:stop-partition	nil
2025-06-27 19:22:36,959{GMT}	INFO	[jepsen worker nemesis] jepsen.util: :nemesis	:info	:stop-partition	:network-healed
2025-06-27 19:22:36,959{GMT}	INFO	[jepsen worker 3] jepsen.generator.interpreter: Waiting for recovery...
2025-06-27 19:22:46,967{GMT}	INFO	[jepsen worker 2] jepsen.util: 2	:invoke	:read	nil
2025-06-27 19:22:46,967{GMT}	INFO	[jepsen worker 0] jepsen.util: 0	:invoke	:read	nil
2025-06-27 19:22:46,968{GMT}	INFO	[jepsen worker 4] jepsen.util: 4	:invoke	:read	nil
2025-06-27 19:22:46,968{GMT}	INFO	[jepsen worker 3] jepsen.util: 3	:invoke	:read	nil
2025-06-27 19:22:46,968{GMT}	INFO	[jepsen worker 1] jepsen.util: 1	:invoke	:read	nil
2025-06-27 19:22:46,971{GMT}	INFO	[jepsen worker 2] jepsen.util: 2	:ok	:read	[6 14 32 40 50 53 65 67 71 76 82 83 84 85 86 87 88 89 90 91 92 93 94 95]
2025-06-27 19:22:46,971{GMT}	INFO	[jepsen worker 1] jepsen.util: 1	:ok	:read	[0 1 2 3 4 5 7 8 9 10 11 12 13 15 16 17 18 19 20 21 22 23 24 25 26 27 28 29 30 31 33 34 35 36 37 38 39 41 42 43 44 45 46 47 48 49 51 52 54 55 56 57 58 59 60 61 62 63 64 66 68 69 70 72 73 74 75 77 78 79 80 81 83 84 85 86 87 88 89 90 91 92 93 94 95 96 97]
2025-06-27 19:22:46,971{GMT}	INFO	[jepsen worker 0] jepsen.util: 0	:ok	:read	[0 1 2 3 4 5 7 8 9 10 11 12 13 15 16 17 18 19 20 21 22 23 24 25 26 27 28 29 30 31 33 34 35 36 37 38 39 41 42 43 44 45 46 47 48 49 51 52 54 55 56 57 58 59 60 61 62 63 64 66 68 69 70 72 73 74 75 77 78 79 80 81 83 84 85 86 87 88 89 90 91 92 93 94 95 96 97]
2025-06-27 19:22:46,971{GMT}	INFO	[jepsen worker 4] jepsen.util: 4	:ok	:read	[0 1 2 3 4 5 7 8 9 10 11 12 13 15 16 17 18 19 20 21 22 23 24 25 26 27 28 29 30 31 33 34 35 36 37 38 39 41 42 43 44 45 46 47 48 49 51 52 54 55 56 57 58 59 60 61 62 63 64 66 68 69 70 72 73 74 75 77 78 79 80 81 83 84 85 86 87 88 89 90 91 92 93 94 95]
2025-06-27 19:22:46,971{GMT}	INFO	[jepsen worker 3] jepsen.util: 3	:ok	:read	[0 1 2 3 4 5 7 8 9 10 11 12 13 15 16 17 18 19 20 21 22 23 24 25 26 27 28 29 30 31 33 34 35 36 37 38 39 41 42 43 44 45 46 47 48 49 51 52 54 55 56 57 58 59 60 61 62 63 64 66 68 69 70 72 73 74 75 77 78 79 80 81 83 84 85 86 87 88 89 90 91 92 93 94 95]
2025-06-27 19:22:46,988{GMT}	INFO	[jepsen test runner] jepsen.core: Run complete, writing
2025-06-27 19:22:47,017{GMT}	INFO	[jepsen node n0] maelstrom.db: Tearing down n0
2025-06-27 19:22:47,017{GMT}	INFO	[jepsen node n1] maelstrom.db: Tearing down n1
2025-06-27 19:22:47,017{GMT}	INFO	[jepsen node n3] maelstrom.db: Tearing down n3
2025-06-27 19:22:47,017{GMT}	INFO	[jepsen node n2] maelstrom.db: Tearing down n2
2025-06-27 19:22:47,018{GMT}	INFO	[jepsen node n4] maelstrom.db: Tearing down n4
2025-06-27 19:22:48,979{GMT}	INFO	[jepsen node n0] maelstrom.net: Shutting down Maelstrom network
2025-06-27 19:22:48,984{GMT}	INFO	[jepsen test runner] jepsen.core: Analyzing...
2025-06-27 19:22:49,372{GMT}	INFO	[jepsen test runner] jepsen.core: Analysis complete
2025-06-27 19:22:49,390{GMT}	INFO	[jepsen results] jepsen.store: Wrote /Users/anandtrehan/flyio_challenges/maelstrom/store/broadcast/20250627T192216.098-0400/results.edn
2025-06-27 19:22:49,415{GMT}	INFO	[jepsen test runner] jepsen.core: {:perf {:latency-graph {:valid? true},
        :rate-graph {:valid? true},
        :valid? true},
 :timeline {:valid? true},
 :exceptions {:valid? true},
 :stats {:valid? true,
         :count 178,
         :ok-count 178,
         :fail-count 0,
         :info-count 0,
         :by-f {:broadcast {:valid? true,
                            :count 98,
                            :ok-count 98,
                            :fail-count 0,
                            :info-count 0},
                :read {:valid? true,
                       :count 80,
                       :ok-count 80,
                       :fail-count 0,
                       :info-count 0}}},
 :availability {:valid? true, :ok-fraction 1.0},
 :net {:all {:send-count 1445,
             :recv-count 1356,
             :msg-count 1445,
             :msgs-per-op 8.117977},
       :clients {:send-count 376, :recv-count 376, :msg-count 376},
       :servers {:send-count 1069,
                 :recv-count 980,
                 :msg-count 1069,
                 :msgs-per-op 6.005618},
       :valid? true},
 :workload {:worst-stale ({:element 0,
                           :outcome :stable,
                           :stable-latency 29899,
                           :lost-latency nil,
                           :known #jepsen.history.Op{:index 2,
                                                     :time 16048000,
                                                     :type :ok,
                                                     :process 0,
                                                     :f :add,
                                                     :value 0},
                           :last-absent #jepsen.history.Op{:index 354,
                                                           :time 29915690625,
                                                           :type :invoke,
                                                           :process 2,
                                                           :f :read,
                                                           :value nil,
                                                           :final? true}}
                          {:element 1,
                           :outcome :stable,
                           :stable-latency 29765,
                           :lost-latency nil,
                           :known #jepsen.history.Op{:index 7,
                                                     :time 150458125,
                                                     :type :ok,
                                                     :process 3,
                                                     :f :add,
                                                     :value 1},
                           :last-absent #jepsen.history.Op{:index 354,
                                                           :time 29915690625,
                                                           :type :invoke,
                                                           :process 2,
                                                           :f :read,
                                                           :value nil,
                                                           :final? true}}
                          {:element 2,
                           :outcome :stable,
                           :stable-latency 29724,
                           :lost-latency nil,
                           :known #jepsen.history.Op{:index 9,
                                                     :time 190979167,
                                                     :type :ok,
                                                     :process 4,
                                                     :f :add,
                                                     :value 2},
                           :last-absent #jepsen.history.Op{:index 354,
                                                           :time 29915690625,
                                                           :type :invoke,
                                                           :process 2,
                                                           :f :read,
                                                           :value nil,
                                                           :final? true}}
                          {:element 3,
                           :outcome :stable,
                           :stable-latency 29601,
                           :lost-latency nil,
                           :known #jepsen.history.Op{:index 11,
                                                     :time 314350000,
                                                     :type :ok,
                                                     :process 0,
                                                     :f :add,
                                                     :value 3},
                           :last-absent #jepsen.history.Op{:index 354,
                                                           :time 29915690625,
                                                           :type :invoke,
                                                           :process 2,
                                                           :f :read,
                                                           :value nil,
                                                           :final? true}}
                          {:element 4,
                           :outcome :stable,
                           :stable-latency 29476,
                           :lost-latency nil,
                           :known #jepsen.history.Op{:index 13,
                                                     :time 439592167,
                                                     :type :ok,
                                                     :process 0,
                                                     :f :add,
                                                     :value 4},
                           :last-absent #jepsen.history.Op{:index 354,
                                                           :time 29915690625,
                                                           :type :invoke,
                                                           :process 2,
                                                           :f :read,
                                                           :value nil,
                                                           :final? true}}
                          {:element 5,
                           :outcome :stable,
                           :stable-latency 29311,
                           :lost-latency nil,
                           :known #jepsen.history.Op{:index 15,
                                                     :time 604265250,
                                                     :type :ok,
                                                     :process 1,
                                                     :f :add,
                                                     :value 5},
                           :last-absent #jepsen.history.Op{:index 354,
                                                           :time 29915690625,
                                                           :type :invoke,
                                                           :process 2,
                                                           :f :read,
                                                           :value nil,
                                                           :final? true}}
                          {:element 7,
                           :outcome :stable,
                           :stable-latency 28890,
                           :lost-latency nil,
                           :known #jepsen.history.Op{:index 21,
                                                     :time 1024977250,
                                                     :type :ok,
                                                     :process 4,
                                                     :f :add,
                                                     :value 7},
                           :last-absent #jepsen.history.Op{:index 354,
                                                           :time 29915690625,
                                                           :type :invoke,
                                                           :process 2,
                                                           :f :read,
                                                           :value nil,
                                                           :final? true}}
                          {:element 8,
                           :outcome :stable,
                           :stable-latency 28721,
                           :lost-latency nil,
                           :known #jepsen.history.Op{:index 23,
                                                     :time 1194669834,
                                                     :type :ok,
                                                     :process 0,
                                                     :f :add,
                                                     :value 8},
                           :last-absent #jepsen.history.Op{:index 354,
                                                           :time 29915690625,
                                                           :type :invoke,
                                                           :process 2,
                                                           :f :read,
                                                           :value nil,
                                                           :final? true}}),
            :duplicated-count 0,
            :valid? false,
            :lost-count 11,
            :lost (6 14 32 40 50 53 65 67 71 76 82),
            :stable-count 87,
            :stale-count 74,
            :stale (0
                    1
                    2
                    3
                    4
                    5
                    7
                    8
                    9
                    10
                    11
                    12
                    13
                    15
                    16
                    17
                    18
                    19
                    20
                    21
                    22
                    23
                    24
                    25
                    26
                    27
                    28
                    29
                    30
                    31
                    33
                    34
                    35
                    36
                    37
                    38
                    39
                    41
                    42
                    43
                    44
                    45
                    46
                    47
                    48
                    49
                    51
                    52
                    54
                    55
                    56
                    57
                    58
                    59
                    60
                    61
                    62
                    63
                    64
                    66
                    68
                    69
                    70
                    72
                    73
                    74
                    75
                    77
                    78
                    79
                    80
                    81
                    96
                    97),
            :never-read-count 0,
            :stable-latencies {0 0,
                               0.5 20029,
                               0.95 29476,
                               0.99 29899,
                               1 29899},
            :attempt-count 98,
            :lost-latencies {0 12916,
                             0.5 18731,
                             0.95 29162,
                             0.99 29162,
                             1 29162},
            :never-read (),
            :duplicated {}},
 :valid? false}


Analysis invalid! ( 
