2025/06/27 20:52:22 Received {c0 n4 {"type":"init","node_id":"n4","node_ids":["n0","n1","n2","n3","n4"],"msg_id":1}}
2025/06/27 20:52:22 Node n4 initialized
2025/06/27 20:52:22 Sent {"src":"n4","dest":"c0","body":{"in_reply_to":1,"type":"init_ok"}}
2025/06/27 20:52:22 Received {c9 n4 {"type":"topology","topology":{"n0":["n3","n1"],"n1":["n4","n2","n0"],"n2":["n1"],"n3":["n0","n4"],"n4":["n1","n3"]},"msg_id":1}}
2025/06/27 20:52:22 Sent {"src":"n4","dest":"c9","body":{"in_reply_to":1,"type":"topology_ok"}}
2025/06/27 20:52:22 Received {c13 n4 {"type":"read","msg_id":1}}
2025/06/27 20:52:22 Sent {"src":"n4","dest":"c13","body":{"in_reply_to":1,"messages":[],"type":"read_ok"}}
2025/06/27 20:52:23 Received {c13 n4 {"type":"read","msg_id":2}}
2025/06/27 20:52:23 Sent {"src":"n4","dest":"c13","body":{"in_reply_to":2,"messages":[],"type":"read_ok"}}
2025/06/27 20:52:23 Received {c13 n4 {"type":"read","msg_id":3}}
2025/06/27 20:52:23 Sent {"src":"n4","dest":"c13","body":{"in_reply_to":3,"messages":[],"type":"read_ok"}}
2025/06/27 20:52:23 Received {c13 n4 {"type":"broadcast","message":4,"msg_id":4}}
2025/06/27 20:52:28 Received {c19 n4 {"type":"broadcast","message":9,"msg_id":1}}
2025/06/27 20:52:33 Received {c24 n4 {"type":"read","msg_id":1}}
2025/06/27 20:52:33 Sent {"src":"n4","dest":"c24","body":{"in_reply_to":1,"messages":[],"type":"read_ok"}}
2025/06/27 20:52:33 Received {c24 n4 {"type":"broadcast","message":14,"msg_id":2}}
2025/06/27 20:52:38 Received {c29 n4 {"type":"read","msg_id":1}}
2025/06/27 20:52:38 Sent {"src":"n4","dest":"c29","body":{"in_reply_to":1,"messages":[],"type":"read_ok"}}
2025/06/27 20:52:39 Received {c29 n4 {"type":"broadcast","message":19,"msg_id":2}}
2025/06/27 20:52:54 Received {c32 n4 {"type":"read","msg_id":1}}
2025/06/27 20:52:54 Sent {"src":"n4","dest":"c32","body":{"in_reply_to":1,"messages":[],"type":"read_ok"}}
