2025-06-27 19:03:41,840{GMT}	INFO	[jepsen test runner] jepsen.core: Command line:
lein run test -w broadcast --bin /Users/anandtrehan/go/bin/maelstrom-broadcast --node-count 5 --time-limit 20 --rate 10 --nemesis partition
2025-06-27 19:03:41,885{GMT}	INFO	[jepsen test runner] jepsen.core: Running test:
{:args []
 :remote
 #jepsen.control.retry.Remote{:remote #jepsen.control.scp.Remote{:cmd-remote #jepsen.control.sshj.SSHJRemote{:concurrency-limit 6,
                                                                                                             :conn-spec nil,
                                                                                                             :client nil,
                                                                                                             :semaphore nil},
                                                                 :conn-spec nil},
                              :conn nil}
 :log-net-send false
 :node-count 5
 :availability nil
 :max-txn-length 4
 :concurrency 5
 :db
 #object[maelstrom.db$db$reify__16142
         "0x33e09baf"
         "maelstrom.db$db$reify__16142@33e09baf"]
 :max-writes-per-key 16
 :leave-db-running? false
 :name "broadcast"
 :logging-json? false
 :start-time
 #object[org.joda.time.DateTime "0x105c253a" "2025-06-27T19:03:41.780-04:00"]
 :nemesis-interval 10
 :net
 #object[maelstrom.net$jepsen_net$reify__15251
         "0x156322ce"
         "maelstrom.net$jepsen_net$reify__15251@156322ce"]
 :client
 #object[maelstrom.workload.broadcast$client$reify__16644
         "0x546f0f36"
         "maelstrom.workload.broadcast$client$reify__16644@546f0f36"]
 :barrier
 #object[java.util.concurrent.CyclicBarrier
         "0x44d5a0a8"
         "java.util.concurrent.CyclicBarrier@44d5a0a8"]
 :log-stderr false
 :pure-generators true
 :ssh {:dummy? true}
 :rate 10.0
 :checker
 #object[jepsen.checker$compose$reify__11881
         "0x35d128fd"
         "jepsen.checker$compose$reify__11881@35d128fd"]
 :argv
 ("test"
  "-w"
  "broadcast"
  "--bin"
  "/Users/anandtrehan/go/bin/maelstrom-broadcast"
  "--node-count"
  "5"
  "--time-limit"
  "20"
  "--rate"
  "10"
  "--nemesis"
  "partition")
 :nemesis
 (jepsen.nemesis.ReflCompose
  {:fm {:start-partition 0,
        :stop-partition 0,
        :kill 1,
        :start 1,
        :pause 1,
        :resume 1},
   :nemeses [#unprintable "jepsen.nemesis.combined$partition_nemesis$reify__16416@39a809db"
             #unprintable "jepsen.nemesis.combined$db_nemesis$reify__16397@1512a767"]})
 :nodes ["n0" "n1" "n2" "n3" "n4"]
 :test-count 1
 :latency {:mean 0, :dist :constant}
 :bin "/Users/anandtrehan/go/bin/maelstrom-broadcast"
 :generator
 ((jepsen.generator.Synchronize
   {:gen (jepsen.generator.TimeLimit
          {:limit 20000000000,
           :cutoff nil,
           :gen (jepsen.generator.Any
                 {:gens [(jepsen.generator.OnThreads
                          {:f #{:nemesis},
                           :context-filter #object[jepsen.generator.context$make_thread_filter$lazy_filter__9167
                                                   "0x5cdb7b"
                                                   "jepsen.generator.context$make_thread_filter$lazy_filter__9167@5cdb7b"],
                           :gen (jepsen.generator.Stagger
                                 {:dt 20000000000,
                                  :next-time nil,
                                  :gen (jepsen.generator.FlipFlop
                                        {:gens [#object[jepsen.nemesis.combined$partition_package$start__16420
                                                        "0x3dcc59f5"
                                                        "jepsen.nemesis.combined$partition_package$start__16420@3dcc59f5"]
                                                ({:type :info,
                                                  :f :stop-partition,
                                                  :value nil}
                                                 {:type :info,
                                                  :f :stop-partition,
                                                  :value nil}
                                                 {:type :info,
                                                  :f :stop-partition,
                                                  :value nil}
                                                 {:type :info,
                                                  :f :stop-partition,
                                                  :value nil}
                                                 {:type :info,
                                                  :f :stop-partition,
                                                  :value nil}
                                                 {:type :info,
                                                  :f :stop-partition,
                                                  :value nil}
                                                 {:type :info,
                                                  :f :stop-partition,
                                                  :value nil}
                                                 {:type :info,
                                                  :f :stop-partition,
                                                  :value nil}
                                                 ...)],
                                         :i 0})})})
                         (jepsen.generator.OnThreads
                          {:f #jepsen.generator.context.AllBut{:element :nemesis},
                           :context-filter #object[jepsen.generator.context$make_thread_filter$lazy_filter__9167
                                                   "0x690337df"
                                                   "jepsen.generator.context$make_thread_filter$lazy_filter__9167@690337df"],
                           :gen (jepsen.generator.Stagger
                                 {:dt 200000000,
                                  :next-time nil,
                                  :gen (jepsen.generator.Mix
                                        {:i 1,
                                         :gens [({:f :broadcast, :value 0}
                                                 {:f :broadcast, :value 1}
                                                 {:f :broadcast, :value 2}
                                                 {:f :broadcast, :value 3}
                                                 {:f :broadcast, :value 4}
                                                 {:f :broadcast, :value 5}
                                                 {:f :broadcast, :value 6}
                                                 {:f :broadcast, :value 7}
                                                 ...)
                                                ({:f :read}
                                                 {:f :read}
                                                 {:f :read}
                                                 {:f :read}
                                                 {:f :read}
                                                 {:f :read}
                                                 {:f :read}
                                                 {:f :read}
                                                 ...)]})})})]})})})
  (jepsen.generator.Synchronize
   {:gen (jepsen.generator.OnThreads
          {:f #{:nemesis},
           :context-filter #object[jepsen.generator.context$make_thread_filter$lazy_filter__9167
                                   "0xf62ae87"
                                   "jepsen.generator.context$make_thread_filter$lazy_filter__9167@f62ae87"],
           :gen ({:type :info, :f :stop-partition, :value nil})})})
  (jepsen.generator.Synchronize
   {:gen {:type :log, :value "Waiting for recovery..."}})
  (jepsen.generator.Synchronize {:gen {:type :sleep, :value 10}})
  (jepsen.generator.Synchronize
   {:gen (jepsen.generator.OnThreads
          {:f #jepsen.generator.context.AllBut{:element :nemesis},
           :context-filter #object[jepsen.generator.context$make_thread_filter$lazy_filter__9167
                                   "0x50be5d6f"
                                   "jepsen.generator.context$make_thread_filter$lazy_filter__9167@50be5d6f"],
           :gen (jepsen.generator.EachThread
                 {:fresh-gen {:f :read, :final? true},
                  :context-filters #object[clojure.core$promise$reify__8591
                                           "0x48e0e779"
                                           {:status :pending, :val nil}],
                  :gens {}})})}))
 :log-net-recv false
 :os
 #object[maelstrom.net$jepsen_os$reify__15254
         "0x38ad8c75"
         "maelstrom.net$jepsen_os$reify__15254@38ad8c75"]
 :time-limit 20
 :workload :broadcast
 :consistency-models [:strict-serializable]
 :topology :grid}

2025-06-27 19:03:42,570{GMT}	INFO	[jepsen node n0] maelstrom.net: Starting Maelstrom network
2025-06-27 19:03:42,571{GMT}	INFO	[jepsen test runner] jepsen.db: Tearing down DB
2025-06-27 19:03:42,572{GMT}	INFO	[jepsen test runner] jepsen.db: Setting up DB
2025-06-27 19:03:42,572{GMT}	INFO	[jepsen node n1] maelstrom.db: Setting up n1
2025-06-27 19:03:42,572{GMT}	INFO	[jepsen node n2] maelstrom.db: Setting up n2
2025-06-27 19:03:42,572{GMT}	INFO	[jepsen node n3] maelstrom.db: Setting up n3
2025-06-27 19:03:42,572{GMT}	INFO	[jepsen node n4] maelstrom.db: Setting up n4
2025-06-27 19:03:42,572{GMT}	INFO	[jepsen node n2] maelstrom.process: launching /Users/anandtrehan/go/bin/maelstrom-broadcast []
2025-06-27 19:03:42,572{GMT}	INFO	[jepsen node n1] maelstrom.process: launching /Users/anandtrehan/go/bin/maelstrom-broadcast []
2025-06-27 19:03:42,573{GMT}	INFO	[jepsen node n3] maelstrom.process: launching /Users/anandtrehan/go/bin/maelstrom-broadcast []
2025-06-27 19:03:42,573{GMT}	INFO	[jepsen node n4] maelstrom.process: launching /Users/anandtrehan/go/bin/maelstrom-broadcast []
2025-06-27 19:03:42,573{GMT}	INFO	[jepsen node n0] maelstrom.service: Starting services: (lin-kv lin-tso lww-kv seq-kv)
2025-06-27 19:03:42,574{GMT}	INFO	[jepsen node n0] maelstrom.db: Setting up n0
2025-06-27 19:03:42,574{GMT}	INFO	[jepsen node n0] maelstrom.process: launching /Users/anandtrehan/go/bin/maelstrom-broadcast []
2025-06-27 19:03:42,785{GMT}	INFO	[jepsen test runner] jepsen.core: Relative time begins now
2025-06-27 19:03:42,802{GMT}	INFO	[jepsen worker 1] jepsen.util: 1	:invoke	:read	nil
2025-06-27 19:03:42,802{GMT}	INFO	[jepsen worker nemesis] jepsen.util: :nemesis	:info	:start-partition	:one
2025-06-27 19:03:42,803{GMT}	INFO	[jepsen worker 1] jepsen.util: 1	:ok	:read	[]
2025-06-27 19:03:42,804{GMT}	INFO	[jepsen worker nemesis] jepsen.util: :nemesis	:info	:start-partition	[:isolated {"n1" #{"n2" "n4" "n0" "n3"}, "n2" #{"n1"}, "n4" #{"n1"}, "n0" #{"n1"}, "n3" #{"n1"}}]
2025-06-27 19:03:42,840{GMT}	INFO	[jepsen worker 2] jepsen.util: 2	:invoke	:read	nil
2025-06-27 19:03:42,841{GMT}	INFO	[jepsen worker 2] jepsen.util: 2	:ok	:read	[]
2025-06-27 19:03:42,999{GMT}	INFO	[jepsen worker 3] jepsen.util: 3	:invoke	:read	nil
2025-06-27 19:03:43,002{GMT}	INFO	[jepsen worker 3] jepsen.util: 3	:ok	:read	[]
2025-06-27 19:03:43,093{GMT}	INFO	[jepsen worker 4] jepsen.util: 4	:invoke	:broadcast	0
2025-06-27 19:03:43,097{GMT}	INFO	[jepsen worker 4] jepsen.util: 4	:ok	:broadcast	0
2025-06-27 19:03:43,265{GMT}	INFO	[jepsen worker 0] jepsen.util: 0	:invoke	:broadcast	1
2025-06-27 19:03:43,270{GMT}	INFO	[jepsen worker 0] jepsen.util: 0	:ok	:broadcast	1
2025-06-27 19:03:43,295{GMT}	INFO	[jepsen worker 0] jepsen.util: 0	:invoke	:read	nil
2025-06-27 19:03:43,296{GMT}	INFO	[jepsen worker 0] jepsen.util: 0	:ok	:read	[0 0 1 1]
2025-06-27 19:03:43,486{GMT}	INFO	[jepsen worker 1] jepsen.util: 1	:invoke	:broadcast	2
2025-06-27 19:03:43,490{GMT}	INFO	[jepsen worker 1] jepsen.util: 1	:ok	:broadcast	2
2025-06-27 19:03:43,583{GMT}	INFO	[jepsen worker 2] jepsen.util: 2	:invoke	:broadcast	3
2025-06-27 19:03:43,585{GMT}	INFO	[jepsen worker 2] jepsen.util: 2	:ok	:broadcast	3
2025-06-27 19:03:43,671{GMT}	INFO	[jepsen worker 3] jepsen.util: 3	:invoke	:broadcast	4
2025-06-27 19:03:43,674{GMT}	INFO	[jepsen worker 3] jepsen.util: 3	:ok	:broadcast	4
2025-06-27 19:03:43,827{GMT}	INFO	[jepsen worker 4] jepsen.util: 4	:invoke	:broadcast	5
2025-06-27 19:03:43,830{GMT}	INFO	[jepsen worker 4] jepsen.util: 4	:ok	:broadcast	5
2025-06-27 19:03:43,983{GMT}	INFO	[jepsen worker 0] jepsen.util: 0	:invoke	:read	nil
2025-06-27 19:03:43,987{GMT}	INFO	[jepsen worker 0] jepsen.util: 0	:ok	:read	[0 0 1 1 4 4 5 5]
2025-06-27 19:03:44,015{GMT}	INFO	[jepsen worker 0] jepsen.util: 0	:invoke	:broadcast	6
2025-06-27 19:03:44,018{GMT}	INFO	[jepsen worker 0] jepsen.util: 0	:ok	:broadcast	6
2025-06-27 19:03:44,172{GMT}	INFO	[jepsen worker 1] jepsen.util: 1	:invoke	:broadcast	7
2025-06-27 19:03:44,176{GMT}	INFO	[jepsen worker 1] jepsen.util: 1	:ok	:broadcast	7
2025-06-27 19:03:44,374{GMT}	INFO	[jepsen worker 2] jepsen.util: 2	:invoke	:read	nil
2025-06-27 19:03:44,376{GMT}	INFO	[jepsen worker 2] jepsen.util: 2	:ok	:read	[3 3]
2025-06-27 19:03:44,546{GMT}	INFO	[jepsen worker 3] jepsen.util: 3	:invoke	:read	nil
2025-06-27 19:03:44,549{GMT}	INFO	[jepsen worker 3] jepsen.util: 3	:ok	:read	[0 0 1 1 4 4 5 5 6 6]
2025-06-27 19:03:44,730{GMT}	INFO	[jepsen worker 4] jepsen.util: 4	:invoke	:read	nil
2025-06-27 19:03:44,733{GMT}	INFO	[jepsen worker 4] jepsen.util: 4	:ok	:read	[0 0 1 1 4 4 5 5 6 6]
2025-06-27 19:03:44,736{GMT}	INFO	[jepsen worker 0] jepsen.util: 0	:invoke	:broadcast	8
2025-06-27 19:03:44,739{GMT}	INFO	[jepsen worker 0] jepsen.util: 0	:ok	:broadcast	8
2025-06-27 19:03:44,745{GMT}	INFO	[jepsen worker 0] jepsen.util: 0	:invoke	:read	nil
2025-06-27 19:03:44,747{GMT}	INFO	[jepsen worker 0] jepsen.util: 0	:ok	:read	[0 0 1 1 4 4 5 5 6 6 8 8]
2025-06-27 19:03:44,944{GMT}	INFO	[jepsen worker 1] jepsen.util: 1	:invoke	:read	nil
2025-06-27 19:03:44,947{GMT}	INFO	[jepsen worker 1] jepsen.util: 1	:ok	:read	[2 2 7 7]
2025-06-27 19:03:44,990{GMT}	INFO	[jepsen worker 2] jepsen.util: 2	:invoke	:read	nil
2025-06-27 19:03:44,994{GMT}	INFO	[jepsen worker 2] jepsen.util: 2	:ok	:read	[3 3]
2025-06-27 19:03:45,153{GMT}	INFO	[jepsen worker 3] jepsen.util: 3	:invoke	:read	nil
2025-06-27 19:03:45,157{GMT}	INFO	[jepsen worker 3] jepsen.util: 3	:ok	:read	[0 0 1 1 4 4 5 5 6 6 8 8]
2025-06-27 19:03:45,335{GMT}	INFO	[jepsen worker 4] jepsen.util: 4	:invoke	:read	nil
2025-06-27 19:03:45,339{GMT}	INFO	[jepsen worker 4] jepsen.util: 4	:ok	:read	[0 0 1 1 4 4 5 5 6 6 8 8]
2025-06-27 19:03:45,455{GMT}	INFO	[jepsen worker 0] jepsen.util: 0	:invoke	:read	nil
2025-06-27 19:03:45,456{GMT}	INFO	[jepsen worker 0] jepsen.util: 0	:ok	:read	[0 0 1 1 4 4 5 5 6 6 8 8]
2025-06-27 19:03:45,550{GMT}	INFO	[jepsen worker 0] jepsen.util: 0	:invoke	:read	nil
2025-06-27 19:03:45,552{GMT}	INFO	[jepsen worker 0] jepsen.util: 0	:ok	:read	[0 0 1 1 4 4 5 5 6 6 8 8]
2025-06-27 19:03:45,740{GMT}	INFO	[jepsen worker 1] jepsen.util: 1	:invoke	:broadcast	9
2025-06-27 19:03:45,743{GMT}	INFO	[jepsen worker 1] jepsen.util: 1	:ok	:broadcast	9
2025-06-27 19:03:45,902{GMT}	INFO	[jepsen worker 2] jepsen.util: 2	:invoke	:read	nil
2025-06-27 19:03:45,903{GMT}	INFO	[jepsen worker 2] jepsen.util: 2	:ok	:read	[3 3]
2025-06-27 19:03:46,010{GMT}	INFO	[jepsen worker 3] jepsen.util: 3	:invoke	:read	nil
2025-06-27 19:03:46,011{GMT}	INFO	[jepsen worker 3] jepsen.util: 3	:ok	:read	[0 0 1 1 4 4 5 5 6 6 8 8]
2025-06-27 19:03:46,121{GMT}	INFO	[jepsen worker 4] jepsen.util: 4	:invoke	:broadcast	10
2025-06-27 19:03:46,122{GMT}	INFO	[jepsen worker 4] jepsen.util: 4	:ok	:broadcast	10
2025-06-27 19:03:46,322{GMT}	INFO	[jepsen worker 0] jepsen.util: 0	:invoke	:broadcast	11
2025-06-27 19:03:46,323{GMT}	INFO	[jepsen worker 0] jepsen.util: 0	:ok	:broadcast	11
2025-06-27 19:03:46,368{GMT}	INFO	[jepsen worker 0] jepsen.util: 0	:invoke	:read	nil
2025-06-27 19:03:46,369{GMT}	INFO	[jepsen worker 0] jepsen.util: 0	:ok	:read	[0 0 1 1 4 4 5 5 6 6 8 8 10 10 11 11]
2025-06-27 19:03:46,467{GMT}	INFO	[jepsen worker 1] jepsen.util: 1	:invoke	:broadcast	12
2025-06-27 19:03:46,468{GMT}	INFO	[jepsen worker 1] jepsen.util: 1	:ok	:broadcast	12
2025-06-27 19:03:46,506{GMT}	INFO	[jepsen worker 2] jepsen.util: 2	:invoke	:broadcast	13
2025-06-27 19:03:46,507{GMT}	INFO	[jepsen worker 2] jepsen.util: 2	:ok	:broadcast	13
2025-06-27 19:03:46,605{GMT}	INFO	[jepsen worker 3] jepsen.util: 3	:invoke	:read	nil
2025-06-27 19:03:46,606{GMT}	INFO	[jepsen worker 3] jepsen.util: 3	:ok	:read	[0 0 1 1 4 4 5 5 6 6 8 8 10 10 11 11]
2025-06-27 19:03:46,616{GMT}	INFO	[jepsen worker 4] jepsen.util: 4	:invoke	:read	nil
2025-06-27 19:03:46,616{GMT}	INFO	[jepsen worker 4] jepsen.util: 4	:ok	:read	[0 0 1 1 4 4 5 5 6 6 8 8 10 10 11 11]
2025-06-27 19:03:46,772{GMT}	INFO	[jepsen worker 0] jepsen.util: 0	:invoke	:broadcast	14
2025-06-27 19:03:46,774{GMT}	INFO	[jepsen worker 0] jepsen.util: 0	:ok	:broadcast	14
2025-06-27 19:03:46,850{GMT}	INFO	[jepsen worker 0] jepsen.util: 0	:invoke	:read	nil
2025-06-27 19:03:46,852{GMT}	INFO	[jepsen worker 0] jepsen.util: 0	:ok	:read	[0 0 1 1 4 4 5 5 6 6 8 8 10 10 11 11 14 14]
2025-06-27 19:03:46,876{GMT}	INFO	[jepsen worker 1] jepsen.util: 1	:invoke	:broadcast	15
2025-06-27 19:03:46,878{GMT}	INFO	[jepsen worker 1] jepsen.util: 1	:ok	:broadcast	15
2025-06-27 19:03:46,889{GMT}	INFO	[jepsen worker 2] jepsen.util: 2	:invoke	:read	nil
2025-06-27 19:03:46,890{GMT}	INFO	[jepsen worker 2] jepsen.util: 2	:ok	:read	[3 3 13 13]
2025-06-27 19:03:47,010{GMT}	INFO	[jepsen worker 3] jepsen.util: 3	:invoke	:broadcast	16
2025-06-27 19:03:47,011{GMT}	INFO	[jepsen worker 3] jepsen.util: 3	:ok	:broadcast	16
2025-06-27 19:03:47,101{GMT}	INFO	[jepsen worker 4] jepsen.util: 4	:invoke	:broadcast	17
2025-06-27 19:03:47,102{GMT}	INFO	[jepsen worker 4] jepsen.util: 4	:ok	:broadcast	17
2025-06-27 19:03:47,271{GMT}	INFO	[jepsen worker 0] jepsen.util: 0	:invoke	:read	nil
2025-06-27 19:03:47,272{GMT}	INFO	[jepsen worker 0] jepsen.util: 0	:ok	:read	[0 0 1 1 4 4 5 5 6 6 8 8 10 10 11 11 14 14 16 16 17 17]
2025-06-27 19:03:47,384{GMT}	INFO	[jepsen worker 0] jepsen.util: 0	:invoke	:read	nil
2025-06-27 19:03:47,385{GMT}	INFO	[jepsen worker 0] jepsen.util: 0	:ok	:read	[0 0 1 1 4 4 5 5 6 6 8 8 10 10 11 11 14 14 16 16 17 17]
2025-06-27 19:03:47,526{GMT}	INFO	[jepsen worker 1] jepsen.util: 1	:invoke	:read	nil
2025-06-27 19:03:47,529{GMT}	INFO	[jepsen worker 1] jepsen.util: 1	:ok	:read	[2 2 7 7 9 9 12 12 15 15]
2025-06-27 19:03:47,694{GMT}	INFO	[jepsen worker 2] jepsen.util: 2	:invoke	:read	nil
2025-06-27 19:03:47,697{GMT}	INFO	[jepsen worker 2] jepsen.util: 2	:ok	:read	[3 3 13 13]
2025-06-27 19:03:47,699{GMT}	INFO	[jepsen worker 3] jepsen.util: 3	:invoke	:read	nil
2025-06-27 19:03:47,701{GMT}	INFO	[jepsen worker 3] jepsen.util: 3	:ok	:read	[0 0 1 1 4 4 5 5 6 6 8 8 10 10 11 11 14 14 16 16 17 17]
2025-06-27 19:03:47,877{GMT}	INFO	[jepsen worker 4] jepsen.util: 4	:invoke	:read	nil
2025-06-27 19:03:47,879{GMT}	INFO	[jepsen worker 4] jepsen.util: 4	:ok	:read	[0 0 1 1 4 4 5 5 6 6 8 8 10 10 11 11 14 14 16 16 17 17]
2025-06-27 19:03:47,967{GMT}	INFO	[jepsen worker 0] jepsen.util: 0	:invoke	:broadcast	18
2025-06-27 19:03:47,969{GMT}	INFO	[jepsen worker 0] jepsen.util: 0	:ok	:broadcast	18
2025-06-27 19:03:48,083{GMT}	INFO	[jepsen worker 0] jepsen.util: 0	:invoke	:broadcast	19
2025-06-27 19:03:48,088{GMT}	INFO	[jepsen worker 0] jepsen.util: 0	:ok	:broadcast	19
2025-06-27 19:03:48,144{GMT}	INFO	[jepsen worker 1] jepsen.util: 1	:invoke	:read	nil
2025-06-27 19:03:48,147{GMT}	INFO	[jepsen worker 1] jepsen.util: 1	:ok	:read	[2 2 7 7 9 9 12 12 15 15]
2025-06-27 19:03:48,263{GMT}	INFO	[jepsen worker 2] jepsen.util: 2	:invoke	:read	nil
2025-06-27 19:03:48,265{GMT}	INFO	[jepsen worker 2] jepsen.util: 2	:ok	:read	[3 3 13 13]
2025-06-27 19:03:48,322{GMT}	INFO	[jepsen worker 3] jepsen.util: 3	:invoke	:broadcast	20
2025-06-27 19:03:48,324{GMT}	INFO	[jepsen worker 3] jepsen.util: 3	:ok	:broadcast	20
2025-06-27 19:03:48,491{GMT}	INFO	[jepsen worker 4] jepsen.util: 4	:invoke	:broadcast	21
2025-06-27 19:03:48,493{GMT}	INFO	[jepsen worker 4] jepsen.util: 4	:ok	:broadcast	21
2025-06-27 19:03:48,574{GMT}	INFO	[jepsen worker 0] jepsen.util: 0	:invoke	:broadcast	22
2025-06-27 19:03:48,576{GMT}	INFO	[jepsen worker 0] jepsen.util: 0	:ok	:broadcast	22
2025-06-27 19:03:48,576{GMT}	INFO	[jepsen worker 1] jepsen.util: 1	:invoke	:broadcast	23
2025-06-27 19:03:48,578{GMT}	INFO	[jepsen worker 1] jepsen.util: 1	:ok	:broadcast	23
2025-06-27 19:03:48,759{GMT}	INFO	[jepsen worker 1] jepsen.util: 1	:invoke	:read	nil
2025-06-27 19:03:48,762{GMT}	INFO	[jepsen worker 1] jepsen.util: 1	:ok	:read	[2 2 7 7 9 9 12 12 15 15 23 23]
2025-06-27 19:03:48,821{GMT}	INFO	[jepsen worker 2] jepsen.util: 2	:invoke	:broadcast	24
2025-06-27 19:03:48,823{GMT}	INFO	[jepsen worker 2] jepsen.util: 2	:ok	:broadcast	24
2025-06-27 19:03:48,969{GMT}	INFO	[jepsen worker 3] jepsen.util: 3	:invoke	:broadcast	25
2025-06-27 19:03:48,971{GMT}	INFO	[jepsen worker 3] jepsen.util: 3	:ok	:broadcast	25
2025-06-27 19:03:49,025{GMT}	INFO	[jepsen worker 4] jepsen.util: 4	:invoke	:read	nil
2025-06-27 19:03:49,027{GMT}	INFO	[jepsen worker 4] jepsen.util: 4	:ok	:read	[0 0 1 1 4 4 5 5 6 6 8 8 10 10 11 11 14 14 16 16 17 17 18 18 19 19 20 20 21 21 22 22 25 25]
2025-06-27 19:03:49,160{GMT}	INFO	[jepsen worker 0] jepsen.util: 0	:invoke	:broadcast	26
2025-06-27 19:03:49,162{GMT}	INFO	[jepsen worker 0] jepsen.util: 0	:ok	:broadcast	26
2025-06-27 19:03:49,291{GMT}	INFO	[jepsen worker 0] jepsen.util: 0	:invoke	:broadcast	27
2025-06-27 19:03:49,293{GMT}	INFO	[jepsen worker 0] jepsen.util: 0	:ok	:broadcast	27
2025-06-27 19:03:49,341{GMT}	INFO	[jepsen worker 1] jepsen.util: 1	:invoke	:broadcast	28
2025-06-27 19:03:49,341{GMT}	INFO	[jepsen worker 1] jepsen.util: 1	:ok	:broadcast	28
2025-06-27 19:03:49,370{GMT}	INFO	[jepsen worker 2] jepsen.util: 2	:invoke	:broadcast	29
2025-06-27 19:03:49,371{GMT}	INFO	[jepsen worker 2] jepsen.util: 2	:ok	:broadcast	29
2025-06-27 19:03:49,451{GMT}	INFO	[jepsen worker 3] jepsen.util: 3	:invoke	:read	nil
2025-06-27 19:03:49,451{GMT}	INFO	[jepsen worker 3] jepsen.util: 3	:ok	:read	[0 0 1 1 4 4 5 5 6 6 8 8 10 10 11 11 14 14 16 16 17 17 18 18 19 19 20 20 21 21 22 22 25 25 26 26 27 27]
2025-06-27 19:03:49,626{GMT}	INFO	[jepsen worker 4] jepsen.util: 4	:invoke	:read	nil
2025-06-27 19:03:49,627{GMT}	INFO	[jepsen worker 4] jepsen.util: 4	:ok	:read	[0 0 1 1 4 4 5 5 6 6 8 8 10 10 11 11 14 14 16 16 17 17 18 18 19 19 20 20 21 21 22 22 25 25 26 26 27 27]
2025-06-27 19:03:49,784{GMT}	INFO	[jepsen worker 0] jepsen.util: 0	:invoke	:read	nil
2025-06-27 19:03:49,788{GMT}	INFO	[jepsen worker 0] jepsen.util: 0	:ok	:read	[0 0 1 1 4 4 5 5 6 6 8 8 10 10 11 11 14 14 16 16 17 17 18 18 19 19 20 20 21 21 22 22 25 25 26 26 27 27]
2025-06-27 19:03:49,971{GMT}	INFO	[jepsen worker 0] jepsen.util: 0	:invoke	:read	nil
2025-06-27 19:03:49,973{GMT}	INFO	[jepsen worker 0] jepsen.util: 0	:ok	:read	[0 0 1 1 4 4 5 5 6 6 8 8 10 10 11 11 14 14 16 16 17 17 18 18 19 19 20 20 21 21 22 22 25 25 26 26 27 27]
2025-06-27 19:03:50,070{GMT}	INFO	[jepsen worker 1] jepsen.util: 1	:invoke	:broadcast	30
2025-06-27 19:03:50,073{GMT}	INFO	[jepsen worker 1] jepsen.util: 1	:ok	:broadcast	30
2025-06-27 19:03:50,246{GMT}	INFO	[jepsen worker 2] jepsen.util: 2	:invoke	:broadcast	31
2025-06-27 19:03:50,248{GMT}	INFO	[jepsen worker 2] jepsen.util: 2	:ok	:broadcast	31
2025-06-27 19:03:50,433{GMT}	INFO	[jepsen worker 3] jepsen.util: 3	:invoke	:read	nil
2025-06-27 19:03:50,435{GMT}	INFO	[jepsen worker 3] jepsen.util: 3	:ok	:read	[0 0 1 1 4 4 5 5 6 6 8 8 10 10 11 11 14 14 16 16 17 17 18 18 19 19 20 20 21 21 22 22 25 25 26 26 27 27]
2025-06-27 19:03:50,593{GMT}	INFO	[jepsen worker 4] jepsen.util: 4	:invoke	:read	nil
2025-06-27 19:03:50,596{GMT}	INFO	[jepsen worker 4] jepsen.util: 4	:ok	:read	[0 0 1 1 4 4 5 5 6 6 8 8 10 10 11 11 14 14 16 16 17 17 18 18 19 19 20 20 21 21 22 22 25 25 26 26 27 27]
2025-06-27 19:03:50,628{GMT}	INFO	[jepsen worker 0] jepsen.util: 0	:invoke	:broadcast	32
2025-06-27 19:03:50,630{GMT}	INFO	[jepsen worker 0] jepsen.util: 0	:ok	:broadcast	32
2025-06-27 19:03:50,722{GMT}	INFO	[jepsen worker 0] jepsen.util: 0	:invoke	:read	nil
2025-06-27 19:03:50,724{GMT}	INFO	[jepsen worker 0] jepsen.util: 0	:ok	:read	[0 0 1 1 4 4 5 5 6 6 8 8 10 10 11 11 14 14 16 16 17 17 18 18 19 19 20 20 21 21 22 22 25 25 26 26 27 27 32 32]
2025-06-27 19:03:50,832{GMT}	INFO	[jepsen worker 1] jepsen.util: 1	:invoke	:broadcast	33
2025-06-27 19:03:50,833{GMT}	INFO	[jepsen worker 1] jepsen.util: 1	:ok	:broadcast	33
2025-06-27 19:03:50,960{GMT}	INFO	[jepsen worker 2] jepsen.util: 2	:invoke	:broadcast	34
2025-06-27 19:03:50,961{GMT}	INFO	[jepsen worker 2] jepsen.util: 2	:ok	:broadcast	34
2025-06-27 19:03:51,154{GMT}	INFO	[jepsen worker 3] jepsen.util: 3	:invoke	:read	nil
2025-06-27 19:03:51,156{GMT}	INFO	[jepsen worker 3] jepsen.util: 3	:ok	:read	[0 0 1 1 4 4 5 5 6 6 8 8 10 10 11 11 14 14 16 16 17 17 18 18 19 19 20 20 21 21 22 22 25 25 26 26 27 27 32 32]
2025-06-27 19:03:51,209{GMT}	INFO	[jepsen worker 4] jepsen.util: 4	:invoke	:broadcast	35
2025-06-27 19:03:51,211{GMT}	INFO	[jepsen worker 4] jepsen.util: 4	:ok	:broadcast	35
2025-06-27 19:03:51,359{GMT}	INFO	[jepsen worker 0] jepsen.util: 0	:invoke	:read	nil
2025-06-27 19:03:51,361{GMT}	INFO	[jepsen worker 0] jepsen.util: 0	:ok	:read	[0 0 1 1 4 4 5 5 6 6 8 8 10 10 11 11 14 14 16 16 17 17 18 18 19 19 20 20 21 21 22 22 25 25 26 26 27 27 32 32 35 35]
2025-06-27 19:03:51,396{GMT}	INFO	[jepsen worker 0] jepsen.util: 0	:invoke	:broadcast	36
2025-06-27 19:03:51,397{GMT}	INFO	[jepsen worker 0] jepsen.util: 0	:ok	:broadcast	36
2025-06-27 19:03:51,539{GMT}	INFO	[jepsen worker 1] jepsen.util: 1	:invoke	:read	nil
2025-06-27 19:03:51,541{GMT}	INFO	[jepsen worker 1] jepsen.util: 1	:ok	:read	[2 2 7 7 9 9 12 12 15 15 23 23 28 28 30 30 33 33]
2025-06-27 19:03:51,643{GMT}	INFO	[jepsen worker 2] jepsen.util: 2	:invoke	:read	nil
2025-06-27 19:03:51,644{GMT}	INFO	[jepsen worker 2] jepsen.util: 2	:ok	:read	[3 3 13 13 24 24 29 29 31 31 34 34]
2025-06-27 19:03:51,649{GMT}	INFO	[jepsen worker 3] jepsen.util: 3	:invoke	:read	nil
2025-06-27 19:03:51,650{GMT}	INFO	[jepsen worker 3] jepsen.util: 3	:ok	:read	[0 0 1 1 4 4 5 5 6 6 8 8 10 10 11 11 14 14 16 16 17 17 18 18 19 19 20 20 21 21 22 22 25 25 26 26 27 27 32 32 35 35 36 36]
2025-06-27 19:03:51,848{GMT}	INFO	[jepsen worker 4] jepsen.util: 4	:invoke	:broadcast	37
2025-06-27 19:03:51,851{GMT}	INFO	[jepsen worker 4] jepsen.util: 4	:ok	:broadcast	37
2025-06-27 19:03:51,867{GMT}	INFO	[jepsen worker 0] jepsen.util: 0	:invoke	:broadcast	38
2025-06-27 19:03:51,868{GMT}	INFO	[jepsen worker 0] jepsen.util: 0	:ok	:broadcast	38
2025-06-27 19:03:51,917{GMT}	INFO	[jepsen worker 0] jepsen.util: 0	:invoke	:broadcast	39
2025-06-27 19:03:51,919{GMT}	INFO	[jepsen worker 0] jepsen.util: 0	:ok	:broadcast	39
2025-06-27 19:03:52,078{GMT}	INFO	[jepsen worker 1] jepsen.util: 1	:invoke	:broadcast	40
2025-06-27 19:03:52,081{GMT}	INFO	[jepsen worker 1] jepsen.util: 1	:ok	:broadcast	40
2025-06-27 19:03:52,267{GMT}	INFO	[jepsen worker 2] jepsen.util: 2	:invoke	:read	nil
2025-06-27 19:03:52,269{GMT}	INFO	[jepsen worker 2] jepsen.util: 2	:ok	:read	[3 3 13 13 24 24 29 29 31 31 34 34]
2025-06-27 19:03:52,370{GMT}	INFO	[jepsen worker 3] jepsen.util: 3	:invoke	:read	nil
2025-06-27 19:03:52,379{GMT}	INFO	[jepsen worker 3] jepsen.util: 3	:ok	:read	[0 0 1 1 4 4 5 5 6 6 8 8 10 10 11 11 14 14 16 16 17 17 18 18 19 19 20 20 21 21 22 22 25 25 26 26 27 27 32 32 35 35 36 36 37 37 38 38 39 39]
2025-06-27 19:03:52,520{GMT}	INFO	[jepsen worker 4] jepsen.util: 4	:invoke	:broadcast	41
2025-06-27 19:03:52,523{GMT}	INFO	[jepsen worker 4] jepsen.util: 4	:ok	:broadcast	41
2025-06-27 19:03:52,622{GMT}	INFO	[jepsen worker 0] jepsen.util: 0	:invoke	:broadcast	42
2025-06-27 19:03:52,625{GMT}	INFO	[jepsen worker 0] jepsen.util: 0	:ok	:broadcast	42
2025-06-27 19:03:52,749{GMT}	INFO	[jepsen worker 0] jepsen.util: 0	:invoke	:read	nil
2025-06-27 19:03:52,752{GMT}	INFO	[jepsen worker 0] jepsen.util: 0	:ok	:read	[0 0 1 1 4 4 5 5 6 6 8 8 10 10 11 11 14 14 16 16 17 17 18 18 19 19 20 20 21 21 22 22 25 25 26 26 27 27 32 32 35 35 36 36 37 37 38 38 39 39 41 41 42 42]
2025-06-27 19:03:52,817{GMT}	INFO	[jepsen worker 1] jepsen.util: 1	:invoke	:read	nil
2025-06-27 19:03:52,820{GMT}	INFO	[jepsen worker 1] jepsen.util: 1	:ok	:read	[2 2 7 7 9 9 12 12 15 15 23 23 28 28 30 30 33 33 40 40]
2025-06-27 19:03:52,993{GMT}	INFO	[jepsen worker 2] jepsen.util: 2	:invoke	:read	nil
2025-06-27 19:03:52,995{GMT}	INFO	[jepsen worker 2] jepsen.util: 2	:ok	:read	[3 3 13 13 24 24 29 29 31 31 34 34]
2025-06-27 19:03:53,098{GMT}	INFO	[jepsen worker 3] jepsen.util: 3	:invoke	:read	nil
2025-06-27 19:03:53,100{GMT}	INFO	[jepsen worker 3] jepsen.util: 3	:ok	:read	[0 0 1 1 4 4 5 5 6 6 8 8 10 10 11 11 14 14 16 16 17 17 18 18 19 19 20 20 21 21 22 22 25 25 26 26 27 27 32 32 35 35 36 36 37 37 38 38 39 39 41 41 42 42]
2025-06-27 19:03:53,268{GMT}	INFO	[jepsen worker 4] jepsen.util: 4	:invoke	:broadcast	43
2025-06-27 19:03:53,270{GMT}	INFO	[jepsen worker 4] jepsen.util: 4	:ok	:broadcast	43
2025-06-27 19:03:53,368{GMT}	INFO	[jepsen worker 0] jepsen.util: 0	:invoke	:read	nil
2025-06-27 19:03:53,372{GMT}	INFO	[jepsen worker 0] jepsen.util: 0	:ok	:read	[0 0 1 1 4 4 5 5 6 6 8 8 10 10 11 11 14 14 16 16 17 17 18 18 19 19 20 20 21 21 22 22 25 25 26 26 27 27 32 32 35 35 36 36 37 37 38 38 39 39 41 41 42 42 43 43]
2025-06-27 19:03:53,453{GMT}	INFO	[jepsen worker 0] jepsen.util: 0	:invoke	:read	nil
2025-06-27 19:03:53,455{GMT}	INFO	[jepsen worker 0] jepsen.util: 0	:ok	:read	[0 0 1 1 4 4 5 5 6 6 8 8 10 10 11 11 14 14 16 16 17 17 18 18 19 19 20 20 21 21 22 22 25 25 26 26 27 27 32 32 35 35 36 36 37 37 38 38 39 39 41 41 42 42 43 43]
2025-06-27 19:03:53,564{GMT}	INFO	[jepsen worker 1] jepsen.util: 1	:invoke	:read	nil
2025-06-27 19:03:53,567{GMT}	INFO	[jepsen worker 1] jepsen.util: 1	:ok	:read	[2 2 7 7 9 9 12 12 15 15 23 23 28 28 30 30 33 33 40 40]
2025-06-27 19:03:53,737{GMT}	INFO	[jepsen worker 2] jepsen.util: 2	:invoke	:broadcast	44
2025-06-27 19:03:53,739{GMT}	INFO	[jepsen worker 2] jepsen.util: 2	:ok	:broadcast	44
2025-06-27 19:03:53,787{GMT}	INFO	[jepsen worker 3] jepsen.util: 3	:invoke	:read	nil
2025-06-27 19:03:53,790{GMT}	INFO	[jepsen worker 3] jepsen.util: 3	:ok	:read	[0 0 1 1 4 4 5 5 6 6 8 8 10 10 11 11 14 14 16 16 17 17 18 18 19 19 20 20 21 21 22 22 25 25 26 26 27 27 32 32 35 35 36 36 37 37 38 38 39 39 41 41 42 42 43 43]
2025-06-27 19:03:53,967{GMT}	INFO	[jepsen worker 4] jepsen.util: 4	:invoke	:read	nil
2025-06-27 19:03:53,970{GMT}	INFO	[jepsen worker 4] jepsen.util: 4	:ok	:read	[0 0 1 1 4 4 5 5 6 6 8 8 10 10 11 11 14 14 16 16 17 17 18 18 19 19 20 20 21 21 22 22 25 25 26 26 27 27 32 32 35 35 36 36 37 37 38 38 39 39 41 41 42 42 43 43]
2025-06-27 19:03:54,026{GMT}	INFO	[jepsen worker 0] jepsen.util: 0	:invoke	:read	nil
2025-06-27 19:03:54,027{GMT}	INFO	[jepsen worker 0] jepsen.util: 0	:ok	:read	[0 0 1 1 4 4 5 5 6 6 8 8 10 10 11 11 14 14 16 16 17 17 18 18 19 19 20 20 21 21 22 22 25 25 26 26 27 27 32 32 35 35 36 36 37 37 38 38 39 39 41 41 42 42 43 43]
2025-06-27 19:03:54,204{GMT}	INFO	[jepsen worker 0] jepsen.util: 0	:invoke	:read	nil
2025-06-27 19:03:54,213{GMT}	INFO	[jepsen worker 0] jepsen.util: 0	:ok	:read	[0 0 1 1 4 4 5 5 6 6 8 8 10 10 11 11 14 14 16 16 17 17 18 18 19 19 20 20 21 21 22 22 25 25 26 26 27 27 32 32 35 35 36 36 37 37 38 38 39 39 41 41 42 42 43 43]
2025-06-27 19:03:54,261{GMT}	INFO	[jepsen worker 1] jepsen.util: 1	:invoke	:broadcast	45
2025-06-27 19:03:54,263{GMT}	INFO	[jepsen worker 1] jepsen.util: 1	:ok	:broadcast	45
2025-06-27 19:03:54,319{GMT}	INFO	[jepsen worker 2] jepsen.util: 2	:invoke	:read	nil
2025-06-27 19:03:54,321{GMT}	INFO	[jepsen worker 2] jepsen.util: 2	:ok	:read	[3 3 13 13 24 24 29 29 31 31 34 34 44 44]
2025-06-27 19:03:54,503{GMT}	INFO	[jepsen worker 3] jepsen.util: 3	:invoke	:read	nil
2025-06-27 19:03:54,505{GMT}	INFO	[jepsen worker 3] jepsen.util: 3	:ok	:read	[0 0 1 1 4 4 5 5 6 6 8 8 10 10 11 11 14 14 16 16 17 17 18 18 19 19 20 20 21 21 22 22 25 25 26 26 27 27 32 32 35 35 36 36 37 37 38 38 39 39 41 41 42 42 43 43]
2025-06-27 19:03:54,517{GMT}	INFO	[jepsen worker 4] jepsen.util: 4	:invoke	:broadcast	46
2025-06-27 19:03:54,519{GMT}	INFO	[jepsen worker 4] jepsen.util: 4	:ok	:broadcast	46
2025-06-27 19:03:54,671{GMT}	INFO	[jepsen worker 0] jepsen.util: 0	:invoke	:broadcast	47
2025-06-27 19:03:54,672{GMT}	INFO	[jepsen worker 0] jepsen.util: 0	:ok	:broadcast	47
2025-06-27 19:03:54,681{GMT}	INFO	[jepsen worker 0] jepsen.util: 0	:invoke	:broadcast	48
2025-06-27 19:03:54,681{GMT}	INFO	[jepsen worker 0] jepsen.util: 0	:ok	:broadcast	48
2025-06-27 19:03:54,681{GMT}	INFO	[jepsen worker 1] jepsen.util: 1	:invoke	:broadcast	49
2025-06-27 19:03:54,682{GMT}	INFO	[jepsen worker 1] jepsen.util: 1	:ok	:broadcast	49
2025-06-27 19:03:54,835{GMT}	INFO	[jepsen worker 2] jepsen.util: 2	:invoke	:read	nil
2025-06-27 19:03:54,837{GMT}	INFO	[jepsen worker 2] jepsen.util: 2	:ok	:read	[3 3 13 13 24 24 29 29 31 31 34 34 44 44]
2025-06-27 19:03:54,921{GMT}	INFO	[jepsen worker 3] jepsen.util: 3	:invoke	:broadcast	50
2025-06-27 19:03:54,922{GMT}	INFO	[jepsen worker 3] jepsen.util: 3	:ok	:broadcast	50
2025-06-27 19:03:54,983{GMT}	INFO	[jepsen worker 4] jepsen.util: 4	:invoke	:broadcast	51
2025-06-27 19:03:54,984{GMT}	INFO	[jepsen worker 4] jepsen.util: 4	:ok	:broadcast	51
2025-06-27 19:03:55,020{GMT}	INFO	[jepsen worker 0] jepsen.util: 0	:invoke	:read	nil
2025-06-27 19:03:55,021{GMT}	INFO	[jepsen worker 0] jepsen.util: 0	:ok	:read	[0 0 1 1 4 4 5 5 6 6 8 8 10 10 11 11 14 14 16 16 17 17 18 18 19 19 20 20 21 21 22 22 25 25 26 26 27 27 32 32 35 35 36 36 37 37 38 38 39 39 41 41 42 42 43 43 46 46 47 47 48 48 50 50 51 51]
2025-06-27 19:03:55,104{GMT}	INFO	[jepsen worker 0] jepsen.util: 0	:invoke	:read	nil
2025-06-27 19:03:55,105{GMT}	INFO	[jepsen worker 0] jepsen.util: 0	:ok	:read	[0 0 1 1 4 4 5 5 6 6 8 8 10 10 11 11 14 14 16 16 17 17 18 18 19 19 20 20 21 21 22 22 25 25 26 26 27 27 32 32 35 35 36 36 37 37 38 38 39 39 41 41 42 42 43 43 46 46 47 47 48 48 50 50 51 51]
2025-06-27 19:03:55,239{GMT}	INFO	[jepsen worker 1] jepsen.util: 1	:invoke	:broadcast	52
2025-06-27 19:03:55,241{GMT}	INFO	[jepsen worker 1] jepsen.util: 1	:ok	:broadcast	52
2025-06-27 19:03:55,340{GMT}	INFO	[jepsen worker 2] jepsen.util: 2	:invoke	:broadcast	53
2025-06-27 19:03:55,352{GMT}	INFO	[jepsen worker 2] jepsen.util: 2	:ok	:broadcast	53
2025-06-27 19:03:55,467{GMT}	INFO	[jepsen worker 3] jepsen.util: 3	:invoke	:broadcast	54
2025-06-27 19:03:55,468{GMT}	INFO	[jepsen worker 3] jepsen.util: 3	:ok	:broadcast	54
2025-06-27 19:03:55,483{GMT}	INFO	[jepsen worker 4] jepsen.util: 4	:invoke	:read	nil
2025-06-27 19:03:55,484{GMT}	INFO	[jepsen worker 4] jepsen.util: 4	:ok	:read	[0 0 1 1 4 4 5 5 6 6 8 8 10 10 11 11 14 14 16 16 17 17 18 18 19 19 20 20 21 21 22 22 25 25 26 26 27 27 32 32 35 35 36 36 37 37 38 38 39 39 41 41 42 42 43 43 46 46 47 47 48 48 50 50 51 51 54 54]
2025-06-27 19:03:55,596{GMT}	INFO	[jepsen worker 0] jepsen.util: 0	:invoke	:broadcast	55
2025-06-27 19:03:55,598{GMT}	INFO	[jepsen worker 0] jepsen.util: 0	:ok	:broadcast	55
2025-06-27 19:03:55,743{GMT}	INFO	[jepsen worker 0] jepsen.util: 0	:invoke	:read	nil
2025-06-27 19:03:55,745{GMT}	INFO	[jepsen worker 0] jepsen.util: 0	:ok	:read	[0 0 1 1 4 4 5 5 6 6 8 8 10 10 11 11 14 14 16 16 17 17 18 18 19 19 20 20 21 21 22 22 25 25 26 26 27 27 32 32 35 35 36 36 37 37 38 38 39 39 41 41 42 42 43 43 46 46 47 47 48 48 50 50 51 51 54 54 55 55]
2025-06-27 19:03:55,827{GMT}	INFO	[jepsen worker 1] jepsen.util: 1	:invoke	:read	nil
2025-06-27 19:03:55,827{GMT}	INFO	[jepsen worker 1] jepsen.util: 1	:ok	:read	[2 2 7 7 9 9 12 12 15 15 23 23 28 28 30 30 33 33 40 40 45 45 49 49 52 52]
2025-06-27 19:03:56,014{GMT}	INFO	[jepsen worker 2] jepsen.util: 2	:invoke	:read	nil
2025-06-27 19:03:56,015{GMT}	INFO	[jepsen worker 2] jepsen.util: 2	:ok	:read	[3 3 13 13 24 24 29 29 31 31 34 34 44 44 53 53]
2025-06-27 19:03:56,177{GMT}	INFO	[jepsen worker 3] jepsen.util: 3	:invoke	:broadcast	56
2025-06-27 19:03:56,179{GMT}	INFO	[jepsen worker 3] jepsen.util: 3	:ok	:broadcast	56
2025-06-27 19:03:56,302{GMT}	INFO	[jepsen worker 4] jepsen.util: 4	:invoke	:broadcast	57
2025-06-27 19:03:56,303{GMT}	INFO	[jepsen worker 4] jepsen.util: 4	:ok	:broadcast	57
2025-06-27 19:03:56,353{GMT}	INFO	[jepsen worker 0] jepsen.util: 0	:invoke	:read	nil
2025-06-27 19:03:56,354{GMT}	INFO	[jepsen worker 0] jepsen.util: 0	:ok	:read	[0 0 1 1 4 4 5 5 6 6 8 8 10 10 11 11 14 14 16 16 17 17 18 18 19 19 20 20 21 21 22 22 25 25 26 26 27 27 32 32 35 35 36 36 37 37 38 38 39 39 41 41 42 42 43 43 46 46 47 47 48 48 50 50 51 51 54 54 55 55 56 56 57 57]
2025-06-27 19:03:56,451{GMT}	INFO	[jepsen worker 0] jepsen.util: 0	:invoke	:broadcast	58
2025-06-27 19:03:56,452{GMT}	INFO	[jepsen worker 0] jepsen.util: 0	:ok	:broadcast	58
2025-06-27 19:03:56,489{GMT}	INFO	[jepsen worker 1] jepsen.util: 1	:invoke	:read	nil
2025-06-27 19:03:56,490{GMT}	INFO	[jepsen worker 1] jepsen.util: 1	:ok	:read	[2 2 7 7 9 9 12 12 15 15 23 23 28 28 30 30 33 33 40 40 45 45 49 49 52 52]
2025-06-27 19:03:56,565{GMT}	INFO	[jepsen worker 2] jepsen.util: 2	:invoke	:read	nil
2025-06-27 19:03:56,566{GMT}	INFO	[jepsen worker 2] jepsen.util: 2	:ok	:read	[3 3 13 13 24 24 29 29 31 31 34 34 44 44 53 53]
2025-06-27 19:03:56,656{GMT}	INFO	[jepsen worker 3] jepsen.util: 3	:invoke	:read	nil
2025-06-27 19:03:56,657{GMT}	INFO	[jepsen worker 3] jepsen.util: 3	:ok	:read	[0 0 1 1 4 4 5 5 6 6 8 8 10 10 11 11 14 14 16 16 17 17 18 18 19 19 20 20 21 21 22 22 25 25 26 26 27 27 32 32 35 35 36 36 37 37 38 38 39 39 41 41 42 42 43 43 46 46 47 47 48 48 50 50 51 51 54 54 55 55 56 56 57 57 58 58]
2025-06-27 19:03:56,761{GMT}	INFO	[jepsen worker 4] jepsen.util: 4	:invoke	:broadcast	59
2025-06-27 19:03:56,762{GMT}	INFO	[jepsen worker 4] jepsen.util: 4	:ok	:broadcast	59
2025-06-27 19:03:56,943{GMT}	INFO	[jepsen worker 0] jepsen.util: 0	:invoke	:read	nil
2025-06-27 19:03:56,944{GMT}	INFO	[jepsen worker 0] jepsen.util: 0	:ok	:read	[0 0 1 1 4 4 5 5 6 6 8 8 10 10 11 11 14 14 16 16 17 17 18 18 19 19 20 20 21 21 22 22 25 25 26 26 27 27 32 32 35 35 36 36 37 37 38 38 39 39 41 41 42 42 43 43 46 46 47 47 48 48 50 50 51 51 54 54 55 55 56 56 57 57 58 58 59 59]
2025-06-27 19:03:57,044{GMT}	INFO	[jepsen worker 0] jepsen.util: 0	:invoke	:broadcast	60
2025-06-27 19:03:57,046{GMT}	INFO	[jepsen worker 0] jepsen.util: 0	:ok	:broadcast	60
2025-06-27 19:03:57,059{GMT}	INFO	[jepsen worker 1] jepsen.util: 1	:invoke	:broadcast	61
2025-06-27 19:03:57,061{GMT}	INFO	[jepsen worker 1] jepsen.util: 1	:ok	:broadcast	61
2025-06-27 19:03:57,185{GMT}	INFO	[jepsen worker 2] jepsen.util: 2	:invoke	:read	nil
2025-06-27 19:03:57,187{GMT}	INFO	[jepsen worker 2] jepsen.util: 2	:ok	:read	[3 3 13 13 24 24 29 29 31 31 34 34 44 44 53 53]
2025-06-27 19:03:57,374{GMT}	INFO	[jepsen worker 3] jepsen.util: 3	:invoke	:broadcast	62
2025-06-27 19:03:57,376{GMT}	INFO	[jepsen worker 3] jepsen.util: 3	:ok	:broadcast	62
2025-06-27 19:03:57,568{GMT}	INFO	[jepsen worker 4] jepsen.util: 4	:invoke	:read	nil
2025-06-27 19:03:57,569{GMT}	INFO	[jepsen worker 4] jepsen.util: 4	:ok	:read	[0 0 1 1 4 4 5 5 6 6 8 8 10 10 11 11 14 14 16 16 17 17 18 18 19 19 20 20 21 21 22 22 25 25 26 26 27 27 32 32 35 35 36 36 37 37 38 38 39 39 41 41 42 42 43 43 46 46 47 47 48 48 50 50 51 51 54 54 55 55 56 56 57 57 58 58 59 59 60 60 62 62]
2025-06-27 19:03:57,605{GMT}	INFO	[jepsen worker 0] jepsen.util: 0	:invoke	:read	nil
2025-06-27 19:03:57,606{GMT}	INFO	[jepsen worker 0] jepsen.util: 0	:ok	:read	[0 0 1 1 4 4 5 5 6 6 8 8 10 10 11 11 14 14 16 16 17 17 18 18 19 19 20 20 21 21 22 22 25 25 26 26 27 27 32 32 35 35 36 36 37 37 38 38 39 39 41 41 42 42 43 43 46 46 47 47 48 48 50 50 51 51 54 54 55 55 56 56 57 57 58 58 59 59 60 60 62 62]
2025-06-27 19:03:57,633{GMT}	INFO	[jepsen worker 0] jepsen.util: 0	:invoke	:read	nil
2025-06-27 19:03:57,634{GMT}	INFO	[jepsen worker 0] jepsen.util: 0	:ok	:read	[0 0 1 1 4 4 5 5 6 6 8 8 10 10 11 11 14 14 16 16 17 17 18 18 19 19 20 20 21 21 22 22 25 25 26 26 27 27 32 32 35 35 36 36 37 37 38 38 39 39 41 41 42 42 43 43 46 46 47 47 48 48 50 50 51 51 54 54 55 55 56 56 57 57 58 58 59 59 60 60 62 62]
2025-06-27 19:03:57,769{GMT}	INFO	[jepsen worker 1] jepsen.util: 1	:invoke	:broadcast	63
2025-06-27 19:03:57,770{GMT}	INFO	[jepsen worker 1] jepsen.util: 1	:ok	:broadcast	63
2025-06-27 19:03:57,777{GMT}	INFO	[jepsen worker 2] jepsen.util: 2	:invoke	:read	nil
2025-06-27 19:03:57,777{GMT}	INFO	[jepsen worker 2] jepsen.util: 2	:ok	:read	[3 3 13 13 24 24 29 29 31 31 34 34 44 44 53 53]
2025-06-27 19:03:57,778{GMT}	INFO	[jepsen worker 3] jepsen.util: 3	:invoke	:read	nil
2025-06-27 19:03:57,783{GMT}	INFO	[jepsen worker 3] jepsen.util: 3	:ok	:read	[0 0 1 1 4 4 5 5 6 6 8 8 10 10 11 11 14 14 16 16 17 17 18 18 19 19 20 20 21 21 22 22 25 25 26 26 27 27 32 32 35 35 36 36 37 37 38 38 39 39 41 41 42 42 43 43 46 46 47 47 48 48 50 50 51 51 54 54 55 55 56 56 57 57 58 58 59 59 60 60 62 62]
2025-06-27 19:03:57,843{GMT}	INFO	[jepsen worker 4] jepsen.util: 4	:invoke	:broadcast	64
2025-06-27 19:03:57,844{GMT}	INFO	[jepsen worker 4] jepsen.util: 4	:ok	:broadcast	64
2025-06-27 19:03:57,957{GMT}	INFO	[jepsen worker 0] jepsen.util: 0	:invoke	:broadcast	65
2025-06-27 19:03:57,958{GMT}	INFO	[jepsen worker 0] jepsen.util: 0	:ok	:broadcast	65
2025-06-27 19:03:58,027{GMT}	INFO	[jepsen worker 0] jepsen.util: 0	:invoke	:read	nil
2025-06-27 19:03:58,029{GMT}	INFO	[jepsen worker 0] jepsen.util: 0	:ok	:read	[0 0 1 1 4 4 5 5 6 6 8 8 10 10 11 11 14 14 16 16 17 17 18 18 19 19 20 20 21 21 22 22 25 25 26 26 27 27 32 32 35 35 36 36 37 37 38 38 39 39 41 41 42 42 43 43 46 46 47 47 48 48 50 50 51 51 54 54 55 55 56 56 57 57 58 58 59 59 60 60 62 62 64 64 65 65]
2025-06-27 19:03:58,174{GMT}	INFO	[jepsen worker 1] jepsen.util: 1	:invoke	:read	nil
2025-06-27 19:03:58,175{GMT}	INFO	[jepsen worker 1] jepsen.util: 1	:ok	:read	[2 2 7 7 9 9 12 12 15 15 23 23 28 28 30 30 33 33 40 40 45 45 49 49 52 52 61 61 63 63]
2025-06-27 19:03:58,355{GMT}	INFO	[jepsen worker 2] jepsen.util: 2	:invoke	:broadcast	66
2025-06-27 19:03:58,357{GMT}	INFO	[jepsen worker 2] jepsen.util: 2	:ok	:broadcast	66
2025-06-27 19:03:58,431{GMT}	INFO	[jepsen worker 3] jepsen.util: 3	:invoke	:broadcast	67
2025-06-27 19:03:58,432{GMT}	INFO	[jepsen worker 3] jepsen.util: 3	:ok	:broadcast	67
2025-06-27 19:03:58,479{GMT}	INFO	[jepsen worker 4] jepsen.util: 4	:invoke	:read	nil
2025-06-27 19:03:58,481{GMT}	INFO	[jepsen worker 4] jepsen.util: 4	:ok	:read	[0 0 1 1 4 4 5 5 6 6 8 8 10 10 11 11 14 14 16 16 17 17 18 18 19 19 20 20 21 21 22 22 25 25 26 26 27 27 32 32 35 35 36 36 37 37 38 38 39 39 41 41 42 42 43 43 46 46 47 47 48 48 50 50 51 51 54 54 55 55 56 56 57 57 58 58 59 59 60 60 62 62 64 64 65 65 67 67]
2025-06-27 19:03:58,610{GMT}	INFO	[jepsen worker 0] jepsen.util: 0	:invoke	:read	nil
2025-06-27 19:03:58,613{GMT}	INFO	[jepsen worker 0] jepsen.util: 0	:ok	:read	[0 0 1 1 4 4 5 5 6 6 8 8 10 10 11 11 14 14 16 16 17 17 18 18 19 19 20 20 21 21 22 22 25 25 26 26 27 27 32 32 35 35 36 36 37 37 38 38 39 39 41 41 42 42 43 43 46 46 47 47 48 48 50 50 51 51 54 54 55 55 56 56 57 57 58 58 59 59 60 60 62 62 64 64 65 65 67 67]
2025-06-27 19:03:58,634{GMT}	INFO	[jepsen worker 0] jepsen.util: 0	:invoke	:read	nil
2025-06-27 19:03:58,635{GMT}	INFO	[jepsen worker 0] jepsen.util: 0	:ok	:read	[0 0 1 1 4 4 5 5 6 6 8 8 10 10 11 11 14 14 16 16 17 17 18 18 19 19 20 20 21 21 22 22 25 25 26 26 27 27 32 32 35 35 36 36 37 37 38 38 39 39 41 41 42 42 43 43 46 46 47 47 48 48 50 50 51 51 54 54 55 55 56 56 57 57 58 58 59 59 60 60 62 62 64 64 65 65 67 67]
2025-06-27 19:03:58,709{GMT}	INFO	[jepsen worker 1] jepsen.util: 1	:invoke	:read	nil
2025-06-27 19:03:58,710{GMT}	INFO	[jepsen worker 1] jepsen.util: 1	:ok	:read	[2 2 7 7 9 9 12 12 15 15 23 23 28 28 30 30 33 33 40 40 45 45 49 49 52 52 61 61 63 63]
2025-06-27 19:03:58,856{GMT}	INFO	[jepsen worker 2] jepsen.util: 2	:invoke	:read	nil
2025-06-27 19:03:58,858{GMT}	INFO	[jepsen worker 2] jepsen.util: 2	:ok	:read	[3 3 13 13 24 24 29 29 31 31 34 34 44 44 53 53 66 66]
2025-06-27 19:03:58,865{GMT}	INFO	[jepsen worker 3] jepsen.util: 3	:invoke	:read	nil
2025-06-27 19:03:58,868{GMT}	INFO	[jepsen worker 3] jepsen.util: 3	:ok	:read	[0 0 1 1 4 4 5 5 6 6 8 8 10 10 11 11 14 14 16 16 17 17 18 18 19 19 20 20 21 21 22 22 25 25 26 26 27 27 32 32 35 35 36 36 37 37 38 38 39 39 41 41 42 42 43 43 46 46 47 47 48 48 50 50 51 51 54 54 55 55 56 56 57 57 58 58 59 59 60 60 62 62 64 64 65 65 67 67]
2025-06-27 19:03:59,017{GMT}	INFO	[jepsen worker 4] jepsen.util: 4	:invoke	:broadcast	68
2025-06-27 19:03:59,019{GMT}	INFO	[jepsen worker 4] jepsen.util: 4	:ok	:broadcast	68
2025-06-27 19:03:59,172{GMT}	INFO	[jepsen worker 0] jepsen.util: 0	:invoke	:broadcast	69
2025-06-27 19:03:59,173{GMT}	INFO	[jepsen worker 0] jepsen.util: 0	:ok	:broadcast	69
2025-06-27 19:03:59,358{GMT}	INFO	[jepsen worker 0] jepsen.util: 0	:invoke	:broadcast	70
2025-06-27 19:03:59,360{GMT}	INFO	[jepsen worker 0] jepsen.util: 0	:ok	:broadcast	70
2025-06-27 19:03:59,455{GMT}	INFO	[jepsen worker 1] jepsen.util: 1	:invoke	:broadcast	71
2025-06-27 19:03:59,457{GMT}	INFO	[jepsen worker 1] jepsen.util: 1	:ok	:broadcast	71
2025-06-27 19:03:59,478{GMT}	INFO	[jepsen worker 2] jepsen.util: 2	:invoke	:broadcast	72
2025-06-27 19:03:59,481{GMT}	INFO	[jepsen worker 2] jepsen.util: 2	:ok	:broadcast	72
2025-06-27 19:03:59,635{GMT}	INFO	[jepsen worker 3] jepsen.util: 3	:invoke	:broadcast	73
2025-06-27 19:03:59,637{GMT}	INFO	[jepsen worker 3] jepsen.util: 3	:ok	:broadcast	73
2025-06-27 19:03:59,741{GMT}	INFO	[jepsen worker 4] jepsen.util: 4	:invoke	:read	nil
2025-06-27 19:03:59,744{GMT}	INFO	[jepsen worker 4] jepsen.util: 4	:ok	:read	[0 0 1 1 4 4 5 5 6 6 8 8 10 10 11 11 14 14 16 16 17 17 18 18 19 19 20 20 21 21 22 22 25 25 26 26 27 27 32 32 35 35 36 36 37 37 38 38 39 39 41 41 42 42 43 43 46 46 47 47 48 48 50 50 51 51 54 54 55 55 56 56 57 57 58 58 59 59 60 60 62 62 64 64 65 65 67 67 68 68 69 69 70 70 73 73]
2025-06-27 19:03:59,858{GMT}	INFO	[jepsen worker 0] jepsen.util: 0	:invoke	:read	nil
2025-06-27 19:03:59,860{GMT}	INFO	[jepsen worker 0] jepsen.util: 0	:ok	:read	[0 0 1 1 4 4 5 5 6 6 8 8 10 10 11 11 14 14 16 16 17 17 18 18 19 19 20 20 21 21 22 22 25 25 26 26 27 27 32 32 35 35 36 36 37 37 38 38 39 39 41 41 42 42 43 43 46 46 47 47 48 48 50 50 51 51 54 54 55 55 56 56 57 57 58 58 59 59 60 60 62 62 64 64 65 65 67 67 68 68 69 69 70 70 73 73]
2025-06-27 19:04:00,044{GMT}	INFO	[jepsen worker 0] jepsen.util: 0	:invoke	:read	nil
2025-06-27 19:04:00,047{GMT}	INFO	[jepsen worker 0] jepsen.util: 0	:ok	:read	[0 0 1 1 4 4 5 5 6 6 8 8 10 10 11 11 14 14 16 16 17 17 18 18 19 19 20 20 21 21 22 22 25 25 26 26 27 27 32 32 35 35 36 36 37 37 38 38 39 39 41 41 42 42 43 43 46 46 47 47 48 48 50 50 51 51 54 54 55 55 56 56 57 57 58 58 59 59 60 60 62 62 64 64 65 65 67 67 68 68 69 69 70 70 73 73]
2025-06-27 19:04:00,126{GMT}	INFO	[jepsen worker nemesis] jepsen.util: :nemesis	:info	:stop-partition	nil
2025-06-27 19:04:00,127{GMT}	INFO	[jepsen worker nemesis] jepsen.util: :nemesis	:info	:stop-partition	:network-healed
2025-06-27 19:04:00,210{GMT}	INFO	[jepsen worker 2] jepsen.util: 2	:invoke	:broadcast	74
2025-06-27 19:04:00,212{GMT}	INFO	[jepsen worker 2] jepsen.util: 2	:ok	:broadcast	74
2025-06-27 19:04:00,279{GMT}	INFO	[jepsen worker 3] jepsen.util: 3	:invoke	:read	nil
2025-06-27 19:04:00,282{GMT}	INFO	[jepsen worker 3] jepsen.util: 3	:ok	:read	[0 0 1 1 4 4 5 5 6 6 8 8 10 10 11 11 14 14 16 16 17 17 18 18 19 19 20 20 21 21 22 22 25 25 26 26 27 27 32 32 35 35 36 36 37 37 38 38 39 39 41 41 42 42 43 43 46 46 47 47 48 48 50 50 51 51 54 54 55 55 56 56 57 57 58 58 59 59 60 60 62 62 64 64 65 65 67 67 68 68 69 69 70 70 73 73 74 74]
2025-06-27 19:04:00,291{GMT}	INFO	[jepsen worker 4] jepsen.util: 4	:invoke	:broadcast	75
2025-06-27 19:04:00,293{GMT}	INFO	[jepsen worker 4] jepsen.util: 4	:ok	:broadcast	75
2025-06-27 19:04:00,427{GMT}	INFO	[jepsen worker 0] jepsen.util: 0	:invoke	:read	nil
2025-06-27 19:04:00,429{GMT}	INFO	[jepsen worker 0] jepsen.util: 0	:ok	:read	[0 0 1 1 4 4 5 5 6 6 8 8 10 10 11 11 14 14 16 16 17 17 18 18 19 19 20 20 21 21 22 22 25 25 26 26 27 27 32 32 35 35 36 36 37 37 38 38 39 39 41 41 42 42 43 43 46 46 47 47 48 48 50 50 51 51 54 54 55 55 56 56 57 57 58 58 59 59 60 60 62 62 64 64 65 65 67 67 68 68 69 69 70 70 73 73 74 74 75 75]
2025-06-27 19:04:00,572{GMT}	INFO	[jepsen worker 0] jepsen.util: 0	:invoke	:broadcast	76
2025-06-27 19:04:00,574{GMT}	INFO	[jepsen worker 0] jepsen.util: 0	:ok	:broadcast	76
2025-06-27 19:04:00,630{GMT}	INFO	[jepsen worker 1] jepsen.util: 1	:invoke	:read	nil
2025-06-27 19:04:00,632{GMT}	INFO	[jepsen worker 1] jepsen.util: 1	:ok	:read	[2 2 7 7 9 9 12 12 15 15 23 23 28 28 30 30 33 33 40 40 45 45 49 49 52 52 61 61 63 63 71 71 74 74 75 75 76 76]
2025-06-27 19:04:00,700{GMT}	INFO	[jepsen worker 2] jepsen.util: 2	:invoke	:broadcast	77
2025-06-27 19:04:00,702{GMT}	INFO	[jepsen worker 2] jepsen.util: 2	:ok	:broadcast	77
2025-06-27 19:04:00,890{GMT}	INFO	[jepsen worker 3] jepsen.util: 3	:invoke	:read	nil
2025-06-27 19:04:00,891{GMT}	INFO	[jepsen worker 3] jepsen.util: 3	:ok	:read	[0 0 1 1 4 4 5 5 6 6 8 8 10 10 11 11 14 14 16 16 17 17 18 18 19 19 20 20 21 21 22 22 25 25 26 26 27 27 32 32 35 35 36 36 37 37 38 38 39 39 41 41 42 42 43 43 46 46 47 47 48 48 50 50 51 51 54 54 55 55 56 56 57 57 58 58 59 59 60 60 62 62 64 64 65 65 67 67 68 68 69 69 70 70 73 73 74 74 75 75 76 76 77 77]
2025-06-27 19:04:01,093{GMT}	INFO	[jepsen worker 4] jepsen.util: 4	:invoke	:read	nil
2025-06-27 19:04:01,094{GMT}	INFO	[jepsen worker 4] jepsen.util: 4	:ok	:read	[0 0 1 1 4 4 5 5 6 6 8 8 10 10 11 11 14 14 16 16 17 17 18 18 19 19 20 20 21 21 22 22 25 25 26 26 27 27 32 32 35 35 36 36 37 37 38 38 39 39 41 41 42 42 43 43 46 46 47 47 48 48 50 50 51 51 54 54 55 55 56 56 57 57 58 58 59 59 60 60 62 62 64 64 65 65 67 67 68 68 69 69 70 70 73 73 74 74 75 75 76 76 77 77]
2025-06-27 19:04:01,274{GMT}	INFO	[jepsen worker 0] jepsen.util: 0	:invoke	:broadcast	78
2025-06-27 19:04:01,277{GMT}	INFO	[jepsen worker 0] jepsen.util: 0	:ok	:broadcast	78
2025-06-27 19:04:01,289{GMT}	INFO	[jepsen worker 0] jepsen.util: 0	:invoke	:read	nil
2025-06-27 19:04:01,290{GMT}	INFO	[jepsen worker 0] jepsen.util: 0	:ok	:read	[0 0 1 1 4 4 5 5 6 6 8 8 10 10 11 11 14 14 16 16 17 17 18 18 19 19 20 20 21 21 22 22 25 25 26 26 27 27 32 32 35 35 36 36 37 37 38 38 39 39 41 41 42 42 43 43 46 46 47 47 48 48 50 50 51 51 54 54 55 55 56 56 57 57 58 58 59 59 60 60 62 62 64 64 65 65 67 67 68 68 69 69 70 70 73 73 74 74 75 75 76 76 77 77 78 78]
2025-06-27 19:04:01,382{GMT}	INFO	[jepsen worker 1] jepsen.util: 1	:invoke	:read	nil
2025-06-27 19:04:01,383{GMT}	INFO	[jepsen worker 1] jepsen.util: 1	:ok	:read	[2 2 7 7 9 9 12 12 15 15 23 23 28 28 30 30 33 33 40 40 45 45 49 49 52 52 61 61 63 63 71 71 74 74 75 75 76 76 77 77 78 78]
2025-06-27 19:04:01,499{GMT}	INFO	[jepsen worker 2] jepsen.util: 2	:invoke	:broadcast	79
2025-06-27 19:04:01,499{GMT}	INFO	[jepsen worker 2] jepsen.util: 2	:ok	:broadcast	79
2025-06-27 19:04:01,501{GMT}	INFO	[jepsen worker 3] jepsen.util: 3	:invoke	:broadcast	80
2025-06-27 19:04:01,501{GMT}	INFO	[jepsen worker 3] jepsen.util: 3	:ok	:broadcast	80
2025-06-27 19:04:01,597{GMT}	INFO	[jepsen worker 4] jepsen.util: 4	:invoke	:read	nil
2025-06-27 19:04:01,597{GMT}	INFO	[jepsen worker 4] jepsen.util: 4	:ok	:read	[0 0 1 1 4 4 5 5 6 6 8 8 10 10 11 11 14 14 16 16 17 17 18 18 19 19 20 20 21 21 22 22 25 25 26 26 27 27 32 32 35 35 36 36 37 37 38 38 39 39 41 41 42 42 43 43 46 46 47 47 48 48 50 50 51 51 54 54 55 55 56 56 57 57 58 58 59 59 60 60 62 62 64 64 65 65 67 67 68 68 69 69 70 70 73 73 74 74 75 75 76 76 77 77 78 78 79 79 80 80]
2025-06-27 19:04:01,620{GMT}	INFO	[jepsen worker 0] jepsen.util: 0	:invoke	:broadcast	81
2025-06-27 19:04:01,620{GMT}	INFO	[jepsen worker 0] jepsen.util: 0	:ok	:broadcast	81
2025-06-27 19:04:01,651{GMT}	INFO	[jepsen worker 0] jepsen.util: 0	:invoke	:broadcast	82
2025-06-27 19:04:01,652{GMT}	INFO	[jepsen worker 0] jepsen.util: 0	:ok	:broadcast	82
2025-06-27 19:04:01,682{GMT}	INFO	[jepsen worker 1] jepsen.util: 1	:invoke	:broadcast	83
2025-06-27 19:04:01,683{GMT}	INFO	[jepsen worker 1] jepsen.util: 1	:ok	:broadcast	83
2025-06-27 19:04:01,883{GMT}	INFO	[jepsen worker 2] jepsen.util: 2	:invoke	:broadcast	84
2025-06-27 19:04:01,885{GMT}	INFO	[jepsen worker 2] jepsen.util: 2	:ok	:broadcast	84
2025-06-27 19:04:02,082{GMT}	INFO	[jepsen worker 3] jepsen.util: 3	:invoke	:read	nil
2025-06-27 19:04:02,084{GMT}	INFO	[jepsen worker 3] jepsen.util: 3	:ok	:read	[0 0 1 1 4 4 5 5 6 6 8 8 10 10 11 11 14 14 16 16 17 17 18 18 19 19 20 20 21 21 22 22 25 25 26 26 27 27 32 32 35 35 36 36 37 37 38 38 39 39 41 41 42 42 43 43 46 46 47 47 48 48 50 50 51 51 54 54 55 55 56 56 57 57 58 58 59 59 60 60 62 62 64 64 65 65 67 67 68 68 69 69 70 70 73 73 74 74 75 75 76 76 77 77 78 78 79 79 80 80 81 81 82 82 83 83 84 84]
2025-06-27 19:04:02,259{GMT}	INFO	[jepsen worker 4] jepsen.util: 4	:invoke	:broadcast	85
2025-06-27 19:04:02,261{GMT}	INFO	[jepsen worker 4] jepsen.util: 4	:ok	:broadcast	85
2025-06-27 19:04:02,381{GMT}	INFO	[jepsen worker 0] jepsen.util: 0	:invoke	:broadcast	86
2025-06-27 19:04:02,382{GMT}	INFO	[jepsen worker 0] jepsen.util: 0	:ok	:broadcast	86
2025-06-27 19:04:02,578{GMT}	INFO	[jepsen worker 0] jepsen.util: 0	:invoke	:read	nil
2025-06-27 19:04:02,579{GMT}	INFO	[jepsen worker 0] jepsen.util: 0	:ok	:read	[0 0 1 1 4 4 5 5 6 6 8 8 10 10 11 11 14 14 16 16 17 17 18 18 19 19 20 20 21 21 22 22 25 25 26 26 27 27 32 32 35 35 36 36 37 37 38 38 39 39 41 41 42 42 43 43 46 46 47 47 48 48 50 50 51 51 54 54 55 55 56 56 57 57 58 58 59 59 60 60 62 62 64 64 65 65 67 67 68 68 69 69 70 70 73 73 74 74 75 75 76 76 77 77 78 78 79 79 80 80 81 81 82 82 83 83 84 84 85 85 86 86]
2025-06-27 19:04:02,721{GMT}	INFO	[jepsen worker 1] jepsen.util: 1	:invoke	:broadcast	87
2025-06-27 19:04:02,722{GMT}	INFO	[jepsen worker 1] jepsen.util: 1	:ok	:broadcast	87
2025-06-27 19:04:02,722{GMT}	INFO	[jepsen worker nemesis] jepsen.util: :nemesis	:info	:stop-partition	nil
2025-06-27 19:04:02,723{GMT}	INFO	[jepsen worker nemesis] jepsen.util: :nemesis	:info	:stop-partition	:network-healed
2025-06-27 19:04:02,723{GMT}	INFO	[jepsen worker 3] jepsen.generator.interpreter: Waiting for recovery...
2025-06-27 19:04:12,736{GMT}	INFO	[jepsen worker 3] jepsen.util: 3	:invoke	:read	nil
2025-06-27 19:04:12,737{GMT}	INFO	[jepsen worker 1] jepsen.util: 1	:invoke	:read	nil
2025-06-27 19:04:12,737{GMT}	INFO	[jepsen worker 4] jepsen.util: 4	:invoke	:read	nil
2025-06-27 19:04:12,737{GMT}	INFO	[jepsen worker 0] jepsen.util: 0	:invoke	:read	nil
2025-06-27 19:04:12,736{GMT}	INFO	[jepsen worker 2] jepsen.util: 2	:invoke	:read	nil
2025-06-27 19:04:12,742{GMT}	INFO	[jepsen worker 0] jepsen.util: 0	:ok	:read	[0 0 1 1 4 4 5 5 6 6 8 8 10 10 11 11 14 14 16 16 17 17 18 18 19 19 20 20 21 21 22 22 25 25 26 26 27 27 32 32 35 35 36 36 37 37 38 38 39 39 41 41 42 42 43 43 46 46 47 47 48 48 50 50 51 51 54 54 55 55 56 56 57 57 58 58 59 59 60 60 62 62 64 64 65 65 67 67 68 68 69 69 70 70 73 73 74 74 75 75 76 76 77 77 78 78 79 79 80 80 81 81 82 82 83 83 84 84 85 85 86 86 87 87]
2025-06-27 19:04:12,742{GMT}	INFO	[jepsen worker 2] jepsen.util: 2	:ok	:read	[3 3 13 13 24 24 29 29 31 31 34 34 44 44 53 53 66 66 72 72 74 74 75 75 76 76 77 77 78 78 79 79 80 80 81 81 82 82 83 83 84 84 85 85 86 86 87 87]
2025-06-27 19:04:12,742{GMT}	INFO	[jepsen worker 1] jepsen.util: 1	:ok	:read	[2 2 7 7 9 9 12 12 15 15 23 23 28 28 30 30 33 33 40 40 45 45 49 49 52 52 61 61 63 63 71 71 74 74 75 75 76 76 77 77 78 78 79 79 80 80 81 81 82 82 83 83 84 84 85 85 86 86 87 87]
2025-06-27 19:04:12,742{GMT}	INFO	[jepsen worker 4] jepsen.util: 4	:ok	:read	[0 0 1 1 4 4 5 5 6 6 8 8 10 10 11 11 14 14 16 16 17 17 18 18 19 19 20 20 21 21 22 22 25 25 26 26 27 27 32 32 35 35 36 36 37 37 38 38 39 39 41 41 42 42 43 43 46 46 47 47 48 48 50 50 51 51 54 54 55 55 56 56 57 57 58 58 59 59 60 60 62 62 64 64 65 65 67 67 68 68 69 69 70 70 73 73 74 74 75 75 76 76 77 77 78 78 79 79 80 80 81 81 82 82 83 83 84 84 85 85 86 86 87 87]
2025-06-27 19:04:12,742{GMT}	INFO	[jepsen worker 3] jepsen.util: 3	:ok	:read	[0 0 1 1 4 4 5 5 6 6 8 8 10 10 11 11 14 14 16 16 17 17 18 18 19 19 20 20 21 21 22 22 25 25 26 26 27 27 32 32 35 35 36 36 37 37 38 38 39 39 41 41 42 42 43 43 46 46 47 47 48 48 50 50 51 51 54 54 55 55 56 56 57 57 58 58 59 59 60 60 62 62 64 64 65 65 67 67 68 68 69 69 70 70 73 73 74 74 75 75 76 76 77 77 78 78 79 79 80 80 81 81 82 82 83 83 84 84 85 85 86 86 87 87]
2025-06-27 19:04:12,782{GMT}	INFO	[jepsen test runner] jepsen.core: Run complete, writing
2025-06-27 19:04:12,817{GMT}	INFO	[jepsen node n1] maelstrom.db: Tearing down n1
2025-06-27 19:04:12,817{GMT}	INFO	[jepsen node n0] maelstrom.db: Tearing down n0
2025-06-27 19:04:12,817{GMT}	INFO	[jepsen node n3] maelstrom.db: Tearing down n3
2025-06-27 19:04:12,817{GMT}	INFO	[jepsen node n2] maelstrom.db: Tearing down n2
2025-06-27 19:04:12,817{GMT}	INFO	[jepsen node n4] maelstrom.db: Tearing down n4
2025-06-27 19:04:14,691{GMT}	INFO	[jepsen node n0] maelstrom.net: Shutting down Maelstrom network
2025-06-27 19:04:14,696{GMT}	INFO	[jepsen test runner] jepsen.core: Analyzing...
2025-06-27 19:04:16,575{GMT}	INFO	[jepsen test runner] jepsen.core: Analysis complete
2025-06-27 19:04:16,591{GMT}	INFO	[jepsen results] jepsen.store: Wrote /Users/anandtrehan/flyio_challenges/maelstrom/store/broadcast/20250627T190341.780-0400/results.edn
2025-06-27 19:04:16,619{GMT}	INFO	[jepsen test runner] jepsen.core: {:perf {:latency-graph {:valid? true},
        :rate-graph {:valid? true},
        :valid? true},
 :timeline {:valid? true},
 :exceptions {:valid? true},
 :stats {:valid? true,
         :count 191,
         :ok-count 191,
         :fail-count 0,
         :info-count 0,
         :by-f {:broadcast {:valid? true,
                            :count 88,
                            :ok-count 88,
                            :fail-count 0,
                            :info-count 0},
                :read {:valid? true,
                       :count 103,
                       :ok-count 103,
                       :fail-count 0,
                       :info-count 0}}},
 :availability {:valid? true, :ok-fraction 1.0},
 :net {:all {:send-count 2038,
             :recv-count 1730,
             :msg-count 2038,
             :msgs-per-op 10.670157},
       :clients {:send-count 402, :recv-count 402, :msg-count 402},
       :servers {:send-count 1636,
                 :recv-count 1328,
                 :msg-count 1636,
                 :msgs-per-op 8.565445},
       :valid? true},
 :workload {:worst-stale ({:element 0,
                           :outcome :stable,
                           :stable-latency 29639,
                           :lost-latency nil,
                           :known #jepsen.history.Op{:index 9,
                                                     :time 312487458,
                                                     :type :ok,
                                                     :process 4,
                                                     :f :add,
                                                     :value 0},
                           :last-absent #jepsen.history.Op{:index 381,
                                                           :time 29951549541,
                                                           :type :invoke,
                                                           :process 1,
                                                           :f :read,
                                                           :value nil,
                                                           :final? true}}
                          {:element 1,
                           :outcome :stable,
                           :stable-latency 29466,
                           :lost-latency nil,
                           :known #jepsen.history.Op{:index 11,
                                                     :time 485236458,
                                                     :type :ok,
                                                     :process 0,
                                                     :f :add,
                                                     :value 1},
                           :last-absent #jepsen.history.Op{:index 381,
                                                           :time 29951549541,
                                                           :type :invoke,
                                                           :process 1,
                                                           :f :read,
                                                           :value nil,
                                                           :final? true}}
                          {:element 4,
                           :outcome :stable,
                           :stable-latency 29061,
                           :lost-latency nil,
                           :known #jepsen.history.Op{:index 19,
                                                     :time 890283375,
                                                     :type :ok,
                                                     :process 3,
                                                     :f :add,
                                                     :value 4},
                           :last-absent #jepsen.history.Op{:index 381,
                                                           :time 29951549541,
                                                           :type :invoke,
                                                           :process 1,
                                                           :f :read,
                                                           :value nil,
                                                           :final? true}}
                          {:element 5,
                           :outcome :stable,
                           :stable-latency 28905,
                           :lost-latency nil,
                           :known #jepsen.history.Op{:index 21,
                                                     :time 1045568041,
                                                     :type :ok,
                                                     :process 4,
                                                     :f :add,
                                                     :value 5},
                           :last-absent #jepsen.history.Op{:index 381,
                                                           :time 29951549541,
                                                           :type :invoke,
                                                           :process 1,
                                                           :f :read,
                                                           :value nil,
                                                           :final? true}}
                          {:element 6,
                           :outcome :stable,
                           :stable-latency 28717,
                           :lost-latency nil,
                           :known #jepsen.history.Op{:index 25,
                                                     :time 1234287250,
                                                     :type :ok,
                                                     :process 0,
                                                     :f :add,
                                                     :value 6},
                           :last-absent #jepsen.history.Op{:index 381,
                                                           :time 29951549541,
                                                           :type :invoke,
                                                           :process 1,
                                                           :f :read,
                                                           :value nil,
                                                           :final? true}}
                          {:element 8,
                           :outcome :stable,
                           :stable-latency 27995,
                           :lost-latency nil,
                           :known #jepsen.history.Op{:index 35,
                                                     :time 1955789000,
                                                     :type :ok,
                                                     :process 0,
                                                     :f :add,
                                                     :value 8},
                           :last-absent #jepsen.history.Op{:index 381,
                                                           :time 29951549541,
                                                           :type :invoke,
                                                           :process 1,
                                                           :f :read,
                                                           :value nil,
                                                           :final? true}}
                          {:element 10,
                           :outcome :stable,
                           :stable-latency 26613,
                           :lost-latency nil,
                           :known #jepsen.history.Op{:index 57,
                                                     :time 3337622958,
                                                     :type :ok,
                                                     :process 4,
                                                     :f :add,
                                                     :value 10},
                           :last-absent #jepsen.history.Op{:index 381,
                                                           :time 29951549541,
                                                           :type :invoke,
                                                           :process 1,
                                                           :f :read,
                                                           :value nil,
                                                           :final? true}}
                          {:element 11,
                           :outcome :stable,
                           :stable-latency 26412,
                           :lost-latency nil,
                           :known #jepsen.history.Op{:index 59,
                                                     :time 3538895375,
                                                     :type :ok,
                                                     :process 0,
                                                     :f :add,
                                                     :value 11},
                           :last-absent #jepsen.history.Op{:index 381,
                                                           :time 29951549541,
                                                           :type :invoke,
                                                           :process 1,
                                                           :f :read,
                                                           :value nil,
                                                           :final? true}}),
            :duplicated-count 0,
            :valid? false,
            :lost-count 26,
            :lost (2
                   3
                   7
                   9
                   12
                   13
                   15
                   23
                   24
                   28
                   29
                   30
                   31
                   33
                   34
                   40
                   44
                   45
                   49
                   52
                   53
                   61
                   63
                   66
                   71
                   72),
            :stable-count 62,
            :stale-count 48,
            :stale (0
                    1
                    4
                    5
                    6
                    8
                    10
                    11
                    14
                    16
                    17
                    18
                    19
                    20
                    21
                    22
                    25
                    26
                    27
                    32
                    35
                    36
                    37
                    38
                    39
                    41
                    42
                    43
                    46
                    47
                    48
                    50
                    51
                    54
                    55
                    56
                    57
                    58
                    59
                    60
                    62
                    64
                    65
                    67
                    68
                    69
                    70
                    73),
            :never-read-count 0,
            :stable-latencies {0 0,
                               0.5 18055,
                               0.95 28905,
                               0.99 29639,
                               1 29639},
            :attempt-count 88,
            :lost-latencies {0 13245,
                             0.5 22478,
                             0.95 29141,
                             0.99 29245,
                             1 29245},
            :never-read (),
            :duplicated {}},
 :valid? false}


Analysis invalid! ( 
