2025/06/27 19:55:08 Received {c4 n0 {"type":"init","node_id":"n0","node_ids":["n0","n1","n2","n3","n4"],"msg_id":1}}
2025/06/27 19:55:08 Node n0 initialized
2025/06/27 19:55:08 Sent {"src":"n0","dest":"c4","body":{"in_reply_to":1,"type":"init_ok"}}
2025/06/27 19:55:08 Received {c5 n0 {"type":"topology","topology":{"n0":["n3","n1"],"n1":["n4","n2","n0"],"n2":["n1"],"n3":["n0","n4"],"n4":["n1","n3"]},"msg_id":1}}
2025/06/27 19:55:08 Sent {"src":"n0","dest":"c5","body":{"in_reply_to":1,"type":"topology_ok"}}
2025/06/27 19:55:08 Received {n3 n0 {"message":2,"msg_id":1,"type":"broadcast"}}
2025/06/27 19:55:08 Sent {"src":"n0","dest":"n3","body":{"in_reply_to":1,"type":"broadcast_ok"}}
2025/06/27 19:55:08 Sent {"src":"n0","dest":"n3","body":{"message":2,"msg_id":1,"type":"broadcast"}}
2025/06/27 19:55:08 Sent {"src":"n0","dest":"n1","body":{"message":2,"msg_id":2,"type":"broadcast"}}
2025/06/27 19:55:08 Received {n3 n0 {"in_reply_to":1,"type":"broadcast_ok"}}
2025/06/27 19:55:08 Received {c14 n0 {"type":"broadcast","message":3,"msg_id":1}}
2025/06/27 19:55:08 Sent {"src":"n0","dest":"c14","body":{"in_reply_to":1,"type":"broadcast_ok"}}
2025/06/27 19:55:08 Sent {"src":"n0","dest":"n3","body":{"message":3,"msg_id":3,"type":"broadcast"}}
2025/06/27 19:55:08 Sent {"src":"n0","dest":"n1","body":{"message":3,"msg_id":4,"type":"broadcast"}}
2025/06/27 19:55:08 Received {n3 n0 {"in_reply_to":3,"type":"broadcast_ok"}}
2025/06/27 19:55:08 Received {n3 n0 {"message":3,"msg_id":4,"type":"broadcast"}}
2025/06/27 19:55:08 Sent {"src":"n0","dest":"n3","body":{"in_reply_to":4,"type":"broadcast_ok"}}
2025/06/27 19:55:08 Received {c14 n0 {"type":"broadcast","message":4,"msg_id":2}}
2025/06/27 19:55:08 Sent {"src":"n0","dest":"c14","body":{"in_reply_to":2,"type":"broadcast_ok"}}
2025/06/27 19:55:08 Sent {"src":"n0","dest":"n3","body":{"message":4,"msg_id":5,"type":"broadcast"}}
2025/06/27 19:55:08 Sent {"src":"n0","dest":"n1","body":{"message":4,"msg_id":6,"type":"broadcast"}}
2025/06/27 19:55:08 Received {n3 n0 {"in_reply_to":5,"type":"broadcast_ok"}}
2025/06/27 19:55:08 Received {n3 n0 {"message":4,"msg_id":5,"type":"broadcast"}}
2025/06/27 19:55:08 Sent {"src":"n0","dest":"n3","body":{"in_reply_to":5,"type":"broadcast_ok"}}
2025/06/27 19:55:09 Received {n3 n0 {"message":6,"msg_id":8,"type":"broadcast"}}
2025/06/27 19:55:09 Sent {"src":"n0","dest":"n3","body":{"in_reply_to":8,"type":"broadcast_ok"}}
2025/06/27 19:55:09 Sent {"src":"n0","dest":"n3","body":{"message":6,"msg_id":7,"type":"broadcast"}}
2025/06/27 19:55:09 Sent {"src":"n0","dest":"n1","body":{"message":6,"msg_id":8,"type":"broadcast"}}
2025/06/27 19:55:09 Received {n3 n0 {"in_reply_to":7,"type":"broadcast_ok"}}
2025/06/27 19:55:09 Received {c14 n0 {"type":"broadcast","message":7,"msg_id":3}}
2025/06/27 19:55:09 Sent {"src":"n0","dest":"c14","body":{"in_reply_to":3,"type":"broadcast_ok"}}
2025/06/27 19:55:09 Sent {"src":"n0","dest":"n3","body":{"message":7,"msg_id":9,"type":"broadcast"}}
2025/06/27 19:55:09 Sent {"src":"n0","dest":"n1","body":{"message":7,"msg_id":10,"type":"broadcast"}}
2025/06/27 19:55:09 Received {n3 n0 {"in_reply_to":9,"type":"broadcast_ok"}}
2025/06/27 19:55:09 Received {n3 n0 {"message":7,"msg_id":10,"type":"broadcast"}}
2025/06/27 19:55:09 Sent {"src":"n0","dest":"n3","body":{"in_reply_to":10,"type":"broadcast_ok"}}
2025/06/27 19:55:09 Received {c14 n0 {"type":"read","msg_id":4}}
2025/06/27 19:55:09 Sent {"src":"n0","dest":"c14","body":{"in_reply_to":4,"messages":[2,3,4,6,7],"type":"read_ok"}}
2025/06/27 19:55:09 Received {n3 n0 {"message":9,"msg_id":11,"type":"broadcast"}}
2025/06/27 19:55:09 Sent {"src":"n0","dest":"n3","body":{"in_reply_to":11,"type":"broadcast_ok"}}
2025/06/27 19:55:09 Sent {"src":"n0","dest":"n1","body":{"message":9,"msg_id":11,"type":"broadcast"}}
2025/06/27 19:55:09 Sent {"src":"n0","dest":"n3","body":{"message":9,"msg_id":12,"type":"broadcast"}}
2025/06/27 19:55:09 Received {n3 n0 {"in_reply_to":12,"type":"broadcast_ok"}}
2025/06/27 19:55:09 Received {n3 n0 {"message":10,"msg_id":14,"type":"broadcast"}}
2025/06/27 19:55:09 Sent {"src":"n0","dest":"n3","body":{"in_reply_to":14,"type":"broadcast_ok"}}
2025/06/27 19:55:09 Sent {"src":"n0","dest":"n1","body":{"message":10,"msg_id":13,"type":"broadcast"}}
2025/06/27 19:55:09 Sent {"src":"n0","dest":"n3","body":{"message":10,"msg_id":14,"type":"broadcast"}}
2025/06/27 19:55:09 Received {n3 n0 {"in_reply_to":14,"type":"broadcast_ok"}}
2025/06/27 19:55:09 Received {c14 n0 {"type":"read","msg_id":5}}
2025/06/27 19:55:09 Sent {"src":"n0","dest":"c14","body":{"in_reply_to":5,"messages":[2,3,4,6,7,9,10],"type":"read_ok"}}
2025/06/27 19:55:09 Received {c14 n0 {"type":"read","msg_id":6}}
2025/06/27 19:55:09 Sent {"src":"n0","dest":"c14","body":{"in_reply_to":6,"messages":[2,3,4,6,7,9,10],"type":"read_ok"}}
2025/06/27 19:55:10 Received {c14 n0 {"type":"read","msg_id":7}}
2025/06/27 19:55:10 Sent {"src":"n0","dest":"c14","body":{"in_reply_to":7,"messages":[2,3,4,6,7,9,10],"type":"read_ok"}}
2025/06/27 19:55:10 Received {c14 n0 {"type":"broadcast","message":12,"msg_id":8}}
2025/06/27 19:55:10 Sent {"src":"n0","dest":"c14","body":{"in_reply_to":8,"type":"broadcast_ok"}}
2025/06/27 19:55:10 Sent {"src":"n0","dest":"n3","body":{"message":12,"msg_id":15,"type":"broadcast"}}
2025/06/27 19:55:10 Sent {"src":"n0","dest":"n1","body":{"message":12,"msg_id":16,"type":"broadcast"}}
2025/06/27 19:55:10 Received {n3 n0 {"in_reply_to":15,"type":"broadcast_ok"}}
2025/06/27 19:55:10 Received {n3 n0 {"message":12,"msg_id":16,"type":"broadcast"}}
2025/06/27 19:55:10 Sent {"src":"n0","dest":"n3","body":{"in_reply_to":16,"type":"broadcast_ok"}}
2025/06/27 19:55:10 Received {n3 n0 {"message":13,"msg_id":18,"type":"broadcast"}}
2025/06/27 19:55:10 Sent {"src":"n0","dest":"n3","body":{"in_reply_to":18,"type":"broadcast_ok"}}
2025/06/27 19:55:10 Sent {"src":"n0","dest":"n1","body":{"message":13,"msg_id":17,"type":"broadcast"}}
2025/06/27 19:55:10 Sent {"src":"n0","dest":"n3","body":{"message":13,"msg_id":18,"type":"broadcast"}}
2025/06/27 19:55:10 Received {n3 n0 {"in_reply_to":18,"type":"broadcast_ok"}}
2025/06/27 19:55:10 Received {n3 n0 {"message":14,"msg_id":20,"type":"broadcast"}}
2025/06/27 19:55:10 Sent {"src":"n0","dest":"n3","body":{"in_reply_to":20,"type":"broadcast_ok"}}
2025/06/27 19:55:10 Sent {"src":"n0","dest":"n1","body":{"message":14,"msg_id":19,"type":"broadcast"}}
2025/06/27 19:55:10 Sent {"src":"n0","dest":"n3","body":{"message":14,"msg_id":20,"type":"broadcast"}}
2025/06/27 19:55:10 Received {n3 n0 {"in_reply_to":20,"type":"broadcast_ok"}}
2025/06/27 19:55:10 Received {c14 n0 {"type":"read","msg_id":9}}
2025/06/27 19:55:10 Sent {"src":"n0","dest":"c14","body":{"in_reply_to":9,"messages":[2,3,4,6,7,9,10,12,13,14],"type":"read_ok"}}
2025/06/27 19:55:11 Received {c14 n0 {"type":"broadcast","message":15,"msg_id":10}}
2025/06/27 19:55:11 Sent {"src":"n0","dest":"c14","body":{"in_reply_to":10,"type":"broadcast_ok"}}
2025/06/27 19:55:11 Sent {"src":"n0","dest":"n3","body":{"message":15,"msg_id":21,"type":"broadcast"}}
2025/06/27 19:55:11 Sent {"src":"n0","dest":"n1","body":{"message":15,"msg_id":22,"type":"broadcast"}}
2025/06/27 19:55:11 Received {n3 n0 {"in_reply_to":21,"type":"broadcast_ok"}}
2025/06/27 19:55:11 Received {n3 n0 {"message":15,"msg_id":22,"type":"broadcast"}}
2025/06/27 19:55:11 Sent {"src":"n0","dest":"n3","body":{"in_reply_to":22,"type":"broadcast_ok"}}
2025/06/27 19:55:11 Received {n3 n0 {"message":17,"msg_id":23,"type":"broadcast"}}
2025/06/27 19:55:11 Sent {"src":"n0","dest":"n3","body":{"in_reply_to":23,"type":"broadcast_ok"}}
2025/06/27 19:55:11 Sent {"src":"n0","dest":"n3","body":{"message":17,"msg_id":23,"type":"broadcast"}}
2025/06/27 19:55:11 Sent {"src":"n0","dest":"n1","body":{"message":17,"msg_id":24,"type":"broadcast"}}
2025/06/27 19:55:11 Received {n3 n0 {"in_reply_to":23,"type":"broadcast_ok"}}
2025/06/27 19:55:11 Received {c14 n0 {"type":"read","msg_id":11}}
2025/06/27 19:55:11 Sent {"src":"n0","dest":"c14","body":{"in_reply_to":11,"messages":[2,3,4,6,7,9,10,12,13,14,15,17],"type":"read_ok"}}
2025/06/27 19:55:11 Received {c14 n0 {"type":"read","msg_id":12}}
2025/06/27 19:55:11 Sent {"src":"n0","dest":"c14","body":{"in_reply_to":12,"messages":[2,3,4,6,7,9,10,12,13,14,15,17],"type":"read_ok"}}
2025/06/27 19:55:12 Received {n3 n0 {"message":18,"msg_id":25,"type":"broadcast"}}
2025/06/27 19:55:12 Sent {"src":"n0","dest":"n3","body":{"in_reply_to":25,"type":"broadcast_ok"}}
2025/06/27 19:55:12 Sent {"src":"n0","dest":"n1","body":{"message":18,"msg_id":25,"type":"broadcast"}}
2025/06/27 19:55:12 Sent {"src":"n0","dest":"n3","body":{"message":18,"msg_id":26,"type":"broadcast"}}
2025/06/27 19:55:12 Received {n3 n0 {"in_reply_to":26,"type":"broadcast_ok"}}
2025/06/27 19:55:12 Received {c14 n0 {"type":"broadcast","message":19,"msg_id":13}}
2025/06/27 19:55:12 Sent {"src":"n0","dest":"c14","body":{"in_reply_to":13,"type":"broadcast_ok"}}
2025/06/27 19:55:12 Sent {"src":"n0","dest":"n1","body":{"message":19,"msg_id":28,"type":"broadcast"}}
2025/06/27 19:55:12 Sent {"src":"n0","dest":"n3","body":{"message":19,"msg_id":27,"type":"broadcast"}}
2025/06/27 19:55:12 Received {n3 n0 {"in_reply_to":27,"type":"broadcast_ok"}}
2025/06/27 19:55:12 Received {n3 n0 {"message":19,"msg_id":27,"type":"broadcast"}}
2025/06/27 19:55:12 Sent {"src":"n0","dest":"n3","body":{"in_reply_to":27,"type":"broadcast_ok"}}
2025/06/27 19:55:12 Received {c14 n0 {"type":"read","msg_id":14}}
2025/06/27 19:55:12 Sent {"src":"n0","dest":"c14","body":{"in_reply_to":14,"messages":[2,3,4,6,7,9,10,12,13,14,15,17,18,19],"type":"read_ok"}}
2025/06/27 19:55:13 Received {n3 n0 {"message":20,"msg_id":29,"type":"broadcast"}}
2025/06/27 19:55:13 Sent {"src":"n0","dest":"n3","body":{"in_reply_to":29,"type":"broadcast_ok"}}
2025/06/27 19:55:13 Sent {"src":"n0","dest":"n1","body":{"message":20,"msg_id":29,"type":"broadcast"}}
2025/06/27 19:55:13 Sent {"src":"n0","dest":"n3","body":{"message":20,"msg_id":30,"type":"broadcast"}}
2025/06/27 19:55:13 Received {n3 n0 {"in_reply_to":30,"type":"broadcast_ok"}}
2025/06/27 19:55:13 Received {c14 n0 {"type":"read","msg_id":15}}
2025/06/27 19:55:13 Sent {"src":"n0","dest":"c14","body":{"in_reply_to":15,"messages":[2,3,4,6,7,9,10,12,13,14,15,17,18,19,20],"type":"read_ok"}}
2025/06/27 19:55:13 Received {c14 n0 {"type":"read","msg_id":16}}
2025/06/27 19:55:13 Sent {"src":"n0","dest":"c14","body":{"in_reply_to":16,"messages":[2,3,4,6,7,9,10,12,13,14,15,17,18,19,20],"type":"read_ok"}}
2025/06/27 19:55:13 Received {c14 n0 {"type":"read","msg_id":17}}
2025/06/27 19:55:13 Sent {"src":"n0","dest":"c14","body":{"in_reply_to":17,"messages":[2,3,4,6,7,9,10,12,13,14,15,17,18,19,20],"type":"read_ok"}}
2025/06/27 19:55:14 Received {c14 n0 {"type":"broadcast","message":22,"msg_id":18}}
2025/06/27 19:55:14 Sent {"src":"n0","dest":"c14","body":{"in_reply_to":18,"type":"broadcast_ok"}}
2025/06/27 19:55:14 Sent {"src":"n0","dest":"n3","body":{"message":22,"msg_id":31,"type":"broadcast"}}
2025/06/27 19:55:14 Sent {"src":"n0","dest":"n1","body":{"message":22,"msg_id":32,"type":"broadcast"}}
2025/06/27 19:55:14 Received {n3 n0 {"in_reply_to":31,"type":"broadcast_ok"}}
2025/06/27 19:55:14 Received {n3 n0 {"message":22,"msg_id":31,"type":"broadcast"}}
2025/06/27 19:55:14 Sent {"src":"n0","dest":"n3","body":{"in_reply_to":31,"type":"broadcast_ok"}}
2025/06/27 19:55:14 Received {n1 n0 {"message":23,"msg_id":22,"type":"broadcast"}}
2025/06/27 19:55:14 Sent {"src":"n0","dest":"n1","body":{"in_reply_to":22,"type":"broadcast_ok"}}
2025/06/27 19:55:14 Sent {"src":"n0","dest":"n1","body":{"message":23,"msg_id":33,"type":"broadcast"}}
2025/06/27 19:55:14 Sent {"src":"n0","dest":"n3","body":{"message":23,"msg_id":34,"type":"broadcast"}}
2025/06/27 19:55:14 Received {n1 n0 {"in_reply_to":33,"type":"broadcast_ok"}}
2025/06/27 19:55:14 Received {n3 n0 {"in_reply_to":34,"type":"broadcast_ok"}}
2025/06/27 19:55:14 Received {n3 n0 {"message":23,"msg_id":34,"type":"broadcast"}}
2025/06/27 19:55:14 Sent {"src":"n0","dest":"n3","body":{"in_reply_to":34,"type":"broadcast_ok"}}
2025/06/27 19:55:14 Received {n1 n0 {"message":24,"msg_id":25,"type":"broadcast"}}
2025/06/27 19:55:14 Received {n3 n0 {"message":24,"msg_id":36,"type":"broadcast"}}
2025/06/27 19:55:14 Sent {"src":"n0","dest":"n1","body":{"in_reply_to":25,"type":"broadcast_ok"}}
2025/06/27 19:55:14 Sent {"src":"n0","dest":"n1","body":{"message":24,"msg_id":35,"type":"broadcast"}}
2025/06/27 19:55:14 Sent {"src":"n0","dest":"n3","body":{"message":24,"msg_id":36,"type":"broadcast"}}
2025/06/27 19:55:14 Sent {"src":"n0","dest":"n3","body":{"in_reply_to":36,"type":"broadcast_ok"}}
2025/06/27 19:55:14 Received {n1 n0 {"in_reply_to":35,"type":"broadcast_ok"}}
2025/06/27 19:55:14 Received {n3 n0 {"in_reply_to":36,"type":"broadcast_ok"}}
2025/06/27 19:55:14 Received {c14 n0 {"type":"read","msg_id":19}}
2025/06/27 19:55:14 Sent {"src":"n0","dest":"c14","body":{"in_reply_to":19,"messages":[2,3,4,6,7,9,10,12,13,14,15,17,18,19,20,22,23,24],"type":"read_ok"}}
2025/06/27 19:55:14 Received {c14 n0 {"type":"broadcast","message":25,"msg_id":20}}
2025/06/27 19:55:14 Sent {"src":"n0","dest":"c14","body":{"in_reply_to":20,"type":"broadcast_ok"}}
2025/06/27 19:55:14 Sent {"src":"n0","dest":"n3","body":{"message":25,"msg_id":37,"type":"broadcast"}}
2025/06/27 19:55:14 Sent {"src":"n0","dest":"n1","body":{"message":25,"msg_id":38,"type":"broadcast"}}
2025/06/27 19:55:14 Received {n3 n0 {"in_reply_to":37,"type":"broadcast_ok"}}
2025/06/27 19:55:14 Received {n1 n0 {"message":25,"msg_id":28,"type":"broadcast"}}
2025/06/27 19:55:14 Sent {"src":"n0","dest":"n1","body":{"in_reply_to":28,"type":"broadcast_ok"}}
2025/06/27 19:55:14 Received {n1 n0 {"in_reply_to":38,"type":"broadcast_ok"}}
2025/06/27 19:55:14 Received {n3 n0 {"message":25,"msg_id":37,"type":"broadcast"}}
2025/06/27 19:55:14 Sent {"src":"n0","dest":"n3","body":{"in_reply_to":37,"type":"broadcast_ok"}}
2025/06/27 19:55:15 Received {n1 n0 {"message":26,"msg_id":32,"type":"broadcast"}}
2025/06/27 19:55:15 Sent {"src":"n0","dest":"n3","body":{"message":26,"msg_id":39,"type":"broadcast"}}
2025/06/27 19:55:15 Sent {"src":"n0","dest":"n1","body":{"in_reply_to":32,"type":"broadcast_ok"}}
2025/06/27 19:55:15 Sent {"src":"n0","dest":"n1","body":{"message":26,"msg_id":40,"type":"broadcast"}}
2025/06/27 19:55:15 Received {n3 n0 {"message":26,"msg_id":40,"type":"broadcast"}}
2025/06/27 19:55:15 Sent {"src":"n0","dest":"n3","body":{"in_reply_to":40,"type":"broadcast_ok"}}
2025/06/27 19:55:15 Received {n3 n0 {"in_reply_to":39,"type":"broadcast_ok"}}
2025/06/27 19:55:15 Received {n1 n0 {"in_reply_to":40,"type":"broadcast_ok"}}
2025/06/27 19:55:15 Received {c14 n0 {"type":"broadcast","message":27,"msg_id":21}}
2025/06/27 19:55:15 Sent {"src":"n0","dest":"c14","body":{"in_reply_to":21,"type":"broadcast_ok"}}
2025/06/27 19:55:15 Sent {"src":"n0","dest":"n1","body":{"message":27,"msg_id":42,"type":"broadcast"}}
2025/06/27 19:55:15 Sent {"src":"n0","dest":"n3","body":{"message":27,"msg_id":41,"type":"broadcast"}}
2025/06/27 19:55:15 Received {n1 n0 {"in_reply_to":42,"type":"broadcast_ok"}}
2025/06/27 19:55:15 Received {n3 n0 {"in_reply_to":41,"type":"broadcast_ok"}}
2025/06/27 19:55:15 Received {n1 n0 {"message":27,"msg_id":34,"type":"broadcast"}}
2025/06/27 19:55:15 Received {n3 n0 {"message":27,"msg_id":41,"type":"broadcast"}}
2025/06/27 19:55:15 Sent {"src":"n0","dest":"n1","body":{"in_reply_to":34,"type":"broadcast_ok"}}
2025/06/27 19:55:15 Sent {"src":"n0","dest":"n3","body":{"in_reply_to":41,"type":"broadcast_ok"}}
2025/06/27 19:55:15 Received {c14 n0 {"type":"broadcast","message":28,"msg_id":22}}
2025/06/27 19:55:15 Sent {"src":"n0","dest":"c14","body":{"in_reply_to":22,"type":"broadcast_ok"}}
2025/06/27 19:55:15 Sent {"src":"n0","dest":"n1","body":{"message":28,"msg_id":44,"type":"broadcast"}}
2025/06/27 19:55:15 Sent {"src":"n0","dest":"n3","body":{"message":28,"msg_id":43,"type":"broadcast"}}
2025/06/27 19:55:15 Received {n1 n0 {"in_reply_to":44,"type":"broadcast_ok"}}
2025/06/27 19:55:15 Received {n3 n0 {"in_reply_to":43,"type":"broadcast_ok"}}
2025/06/27 19:55:15 Received {n1 n0 {"message":28,"msg_id":37,"type":"broadcast"}}
2025/06/27 19:55:15 Received {n3 n0 {"message":28,"msg_id":43,"type":"broadcast"}}
2025/06/27 19:55:15 Sent {"src":"n0","dest":"n1","body":{"in_reply_to":37,"type":"broadcast_ok"}}
2025/06/27 19:55:15 Sent {"src":"n0","dest":"n3","body":{"in_reply_to":43,"type":"broadcast_ok"}}
2025/06/27 19:55:15 Received {n1 n0 {"message":29,"msg_id":42,"type":"broadcast"}}
2025/06/27 19:55:15 Sent {"src":"n0","dest":"n1","body":{"in_reply_to":42,"type":"broadcast_ok"}}
2025/06/27 19:55:15 Sent {"src":"n0","dest":"n1","body":{"message":29,"msg_id":45,"type":"broadcast"}}
2025/06/27 19:55:15 Sent {"src":"n0","dest":"n3","body":{"message":29,"msg_id":46,"type":"broadcast"}}
2025/06/27 19:55:15 Received {n1 n0 {"in_reply_to":45,"type":"broadcast_ok"}}
2025/06/27 19:55:15 Received {n3 n0 {"message":29,"msg_id":46,"type":"broadcast"}}
2025/06/27 19:55:15 Received {n3 n0 {"in_reply_to":46,"type":"broadcast_ok"}}
2025/06/27 19:55:15 Sent {"src":"n0","dest":"n3","body":{"in_reply_to":46,"type":"broadcast_ok"}}
2025/06/27 19:55:16 Received {c14 n0 {"type":"broadcast","message":30,"msg_id":23}}
2025/06/27 19:55:16 Sent {"src":"n0","dest":"c14","body":{"in_reply_to":23,"type":"broadcast_ok"}}
2025/06/27 19:55:16 Sent {"src":"n0","dest":"n3","body":{"message":30,"msg_id":47,"type":"broadcast"}}
2025/06/27 19:55:16 Sent {"src":"n0","dest":"n1","body":{"message":30,"msg_id":48,"type":"broadcast"}}
2025/06/27 19:55:16 Received {n1 n0 {"in_reply_to":48,"type":"broadcast_ok"}}
2025/06/27 19:55:16 Received {n1 n0 {"message":30,"msg_id":44,"type":"broadcast"}}
2025/06/27 19:55:16 Sent {"src":"n0","dest":"n1","body":{"in_reply_to":44,"type":"broadcast_ok"}}
2025/06/27 19:55:16 Received {n3 n0 {"in_reply_to":47,"type":"broadcast_ok"}}
2025/06/27 19:55:16 Received {n3 n0 {"message":30,"msg_id":47,"type":"broadcast"}}
2025/06/27 19:55:16 Sent {"src":"n0","dest":"n3","body":{"in_reply_to":47,"type":"broadcast_ok"}}
