2025/06/27 19:55:08 Received {c2 n2 {"type":"init","node_id":"n2","node_ids":["n0","n1","n2","n3","n4"],"msg_id":1}}
2025/06/27 19:55:08 Node n2 initialized
2025/06/27 19:55:08 Sent {"src":"n2","dest":"c2","body":{"in_reply_to":1,"type":"init_ok"}}
2025/06/27 19:55:08 Received {c7 n2 {"type":"topology","topology":{"n0":["n3","n1"],"n1":["n4","n2","n0"],"n2":["n1"],"n3":["n0","n4"],"n4":["n1","n3"]},"msg_id":1}}
2025/06/27 19:55:08 Sent {"src":"n2","dest":"c7","body":{"in_reply_to":1,"type":"topology_ok"}}
2025/06/27 19:55:08 Received {n1 n2 {"message":0,"msg_id":3,"type":"broadcast"}}
2025/06/27 19:55:08 Sent {"src":"n2","dest":"n1","body":{"in_reply_to":3,"type":"broadcast_ok"}}
2025/06/27 19:55:08 Sent {"src":"n2","dest":"n1","body":{"message":0,"msg_id":1,"type":"broadcast"}}
2025/06/27 19:55:08 Received {n1 n2 {"in_reply_to":1,"type":"broadcast_ok"}}
2025/06/27 19:55:08 Received {c11 n2 {"type":"broadcast","message":1,"msg_id":1}}
2025/06/27 19:55:08 Sent {"src":"n2","dest":"c11","body":{"in_reply_to":1,"type":"broadcast_ok"}}
2025/06/27 19:55:08 Sent {"src":"n2","dest":"n1","body":{"message":1,"msg_id":2,"type":"broadcast"}}
2025/06/27 19:55:08 Received {n1 n2 {"in_reply_to":2,"type":"broadcast_ok"}}
2025/06/27 19:55:08 Received {n1 n2 {"message":1,"msg_id":6,"type":"broadcast"}}
2025/06/27 19:55:08 Sent {"src":"n2","dest":"n1","body":{"in_reply_to":6,"type":"broadcast_ok"}}
2025/06/27 19:55:08 Received {n1 n2 {"message":5,"msg_id":9,"type":"broadcast"}}
2025/06/27 19:55:08 Sent {"src":"n2","dest":"n1","body":{"in_reply_to":9,"type":"broadcast_ok"}}
2025/06/27 19:55:08 Sent {"src":"n2","dest":"n1","body":{"message":5,"msg_id":3,"type":"broadcast"}}
2025/06/27 19:55:08 Received {n1 n2 {"in_reply_to":3,"type":"broadcast_ok"}}
2025/06/27 19:55:08 Received {c11 n2 {"type":"read","msg_id":2}}
2025/06/27 19:55:08 Sent {"src":"n2","dest":"c11","body":{"in_reply_to":2,"messages":[0,1,5],"type":"read_ok"}}
2025/06/27 19:55:09 Received {c11 n2 {"type":"broadcast","message":8,"msg_id":3}}
2025/06/27 19:55:09 Sent {"src":"n2","dest":"c11","body":{"in_reply_to":3,"type":"broadcast_ok"}}
2025/06/27 19:55:09 Sent {"src":"n2","dest":"n1","body":{"message":8,"msg_id":4,"type":"broadcast"}}
2025/06/27 19:55:09 Received {n1 n2 {"in_reply_to":4,"type":"broadcast_ok"}}
2025/06/27 19:55:09 Received {n1 n2 {"message":8,"msg_id":12,"type":"broadcast"}}
2025/06/27 19:55:09 Sent {"src":"n2","dest":"n1","body":{"in_reply_to":12,"type":"broadcast_ok"}}
2025/06/27 19:55:10 Received {c11 n2 {"type":"broadcast","message":11,"msg_id":4}}
2025/06/27 19:55:10 Sent {"src":"n2","dest":"c11","body":{"in_reply_to":4,"type":"broadcast_ok"}}
2025/06/27 19:55:10 Sent {"src":"n2","dest":"n1","body":{"message":11,"msg_id":5,"type":"broadcast"}}
2025/06/27 19:55:10 Received {n1 n2 {"in_reply_to":5,"type":"broadcast_ok"}}
2025/06/27 19:55:10 Received {n1 n2 {"message":11,"msg_id":15,"type":"broadcast"}}
2025/06/27 19:55:10 Sent {"src":"n2","dest":"n1","body":{"in_reply_to":15,"type":"broadcast_ok"}}
2025/06/27 19:55:10 Received {c11 n2 {"type":"read","msg_id":5}}
2025/06/27 19:55:10 Sent {"src":"n2","dest":"c11","body":{"in_reply_to":5,"messages":[0,1,5,8,11],"type":"read_ok"}}
2025/06/27 19:55:11 Received {c11 n2 {"type":"broadcast","message":16,"msg_id":6}}
2025/06/27 19:55:11 Sent {"src":"n2","dest":"c11","body":{"in_reply_to":6,"type":"broadcast_ok"}}
2025/06/27 19:55:11 Sent {"src":"n2","dest":"n1","body":{"message":16,"msg_id":6,"type":"broadcast"}}
2025/06/27 19:55:11 Received {n1 n2 {"in_reply_to":6,"type":"broadcast_ok"}}
2025/06/27 19:55:11 Received {n1 n2 {"message":16,"msg_id":18,"type":"broadcast"}}
2025/06/27 19:55:11 Sent {"src":"n2","dest":"n1","body":{"in_reply_to":18,"type":"broadcast_ok"}}
2025/06/27 19:55:12 Received {c11 n2 {"type":"read","msg_id":7}}
2025/06/27 19:55:12 Sent {"src":"n2","dest":"c11","body":{"in_reply_to":7,"messages":[0,1,5,8,11,16],"type":"read_ok"}}
2025/06/27 19:55:13 Received {c11 n2 {"type":"read","msg_id":8}}
2025/06/27 19:55:13 Sent {"src":"n2","dest":"c11","body":{"in_reply_to":8,"messages":[0,1,5,8,11,16],"type":"read_ok"}}
2025/06/27 19:55:13 Received {n1 n2 {"message":21,"msg_id":21,"type":"broadcast"}}
2025/06/27 19:55:13 Sent {"src":"n2","dest":"n1","body":{"in_reply_to":21,"type":"broadcast_ok"}}
2025/06/27 19:55:13 Sent {"src":"n2","dest":"n1","body":{"message":21,"msg_id":7,"type":"broadcast"}}
2025/06/27 19:55:13 Received {n1 n2 {"in_reply_to":7,"type":"broadcast_ok"}}
2025/06/27 19:55:13 Received {c11 n2 {"type":"read","msg_id":9}}
2025/06/27 19:55:13 Sent {"src":"n2","dest":"c11","body":{"in_reply_to":9,"messages":[0,1,5,8,11,16,21],"type":"read_ok"}}
2025/06/27 19:55:14 Received {c11 n2 {"type":"broadcast","message":23,"msg_id":10}}
2025/06/27 19:55:14 Sent {"src":"n2","dest":"c11","body":{"in_reply_to":10,"type":"broadcast_ok"}}
2025/06/27 19:55:14 Sent {"src":"n2","dest":"n1","body":{"message":23,"msg_id":8,"type":"broadcast"}}
2025/06/27 19:55:14 Received {n1 n2 {"in_reply_to":8,"type":"broadcast_ok"}}
2025/06/27 19:55:14 Received {n1 n2 {"message":23,"msg_id":24,"type":"broadcast"}}
2025/06/27 19:55:14 Sent {"src":"n2","dest":"n1","body":{"in_reply_to":24,"type":"broadcast_ok"}}
2025/06/27 19:55:14 Received {n1 n2 {"message":24,"msg_id":27,"type":"broadcast"}}
2025/06/27 19:55:14 Sent {"src":"n2","dest":"n1","body":{"in_reply_to":27,"type":"broadcast_ok"}}
2025/06/27 19:55:14 Sent {"src":"n2","dest":"n1","body":{"message":24,"msg_id":9,"type":"broadcast"}}
2025/06/27 19:55:14 Received {n1 n2 {"in_reply_to":9,"type":"broadcast_ok"}}
2025/06/27 19:55:14 Received {n1 n2 {"message":25,"msg_id":30,"type":"broadcast"}}
2025/06/27 19:55:14 Sent {"src":"n2","dest":"n1","body":{"in_reply_to":30,"type":"broadcast_ok"}}
2025/06/27 19:55:14 Sent {"src":"n2","dest":"n1","body":{"message":25,"msg_id":10,"type":"broadcast"}}
2025/06/27 19:55:14 Received {n1 n2 {"in_reply_to":10,"type":"broadcast_ok"}}
2025/06/27 19:55:15 Received {c11 n2 {"type":"broadcast","message":26,"msg_id":11}}
2025/06/27 19:55:15 Sent {"src":"n2","dest":"c11","body":{"in_reply_to":11,"type":"broadcast_ok"}}
2025/06/27 19:55:15 Sent {"src":"n2","dest":"n1","body":{"message":26,"msg_id":11,"type":"broadcast"}}
2025/06/27 19:55:15 Received {n1 n2 {"in_reply_to":11,"type":"broadcast_ok"}}
2025/06/27 19:55:15 Received {n1 n2 {"message":26,"msg_id":33,"type":"broadcast"}}
2025/06/27 19:55:15 Sent {"src":"n2","dest":"n1","body":{"in_reply_to":33,"type":"broadcast_ok"}}
2025/06/27 19:55:15 Received {n1 n2 {"message":27,"msg_id":36,"type":"broadcast"}}
2025/06/27 19:55:15 Sent {"src":"n2","dest":"n1","body":{"in_reply_to":36,"type":"broadcast_ok"}}
2025/06/27 19:55:15 Sent {"src":"n2","dest":"n1","body":{"message":27,"msg_id":12,"type":"broadcast"}}
2025/06/27 19:55:15 Received {n1 n2 {"in_reply_to":12,"type":"broadcast_ok"}}
2025/06/27 19:55:15 Received {n1 n2 {"message":28,"msg_id":38,"type":"broadcast"}}
2025/06/27 19:55:15 Sent {"src":"n2","dest":"n1","body":{"in_reply_to":38,"type":"broadcast_ok"}}
2025/06/27 19:55:15 Sent {"src":"n2","dest":"n1","body":{"message":28,"msg_id":13,"type":"broadcast"}}
2025/06/27 19:55:15 Received {n1 n2 {"in_reply_to":13,"type":"broadcast_ok"}}
2025/06/27 19:55:15 Received {c11 n2 {"type":"broadcast","message":29,"msg_id":12}}
2025/06/27 19:55:15 Sent {"src":"n2","dest":"c11","body":{"in_reply_to":12,"type":"broadcast_ok"}}
2025/06/27 19:55:15 Sent {"src":"n2","dest":"n1","body":{"message":29,"msg_id":14,"type":"broadcast"}}
2025/06/27 19:55:15 Received {n1 n2 {"in_reply_to":14,"type":"broadcast_ok"}}
2025/06/27 19:55:15 Received {n1 n2 {"message":29,"msg_id":41,"type":"broadcast"}}
2025/06/27 19:55:15 Sent {"src":"n2","dest":"n1","body":{"in_reply_to":41,"type":"broadcast_ok"}}
2025/06/27 19:55:16 Received {n1 n2 {"message":30,"msg_id":45,"type":"broadcast"}}
2025/06/27 19:55:16 Sent {"src":"n2","dest":"n1","body":{"in_reply_to":45,"type":"broadcast_ok"}}
2025/06/27 19:55:16 Sent {"src":"n2","dest":"n1","body":{"message":30,"msg_id":15,"type":"broadcast"}}
2025/06/27 19:55:16 Received {n1 n2 {"in_reply_to":15,"type":"broadcast_ok"}}
