2025-06-27 19:12:06,829{GMT}	INFO	[jepsen test runner] jepsen.core: Command line:
lein run test -w broadcast --bin /Users/anandtrehan/go/bin/maelstrom-broadcast --node-count 5 --time-limit 20 --rate 10 --nemesis partition
2025-06-27 19:12:06,876{GMT}	INFO	[jepsen test runner] jepsen.core: Running test:
{:args []
 :remote
 #jepsen.control.retry.Remote{:remote #jepsen.control.scp.Remote{:cmd-remote #jepsen.control.sshj.SSHJRemote{:concurrency-limit 6,
                                                                                                             :conn-spec nil,
                                                                                                             :client nil,
                                                                                                             :semaphore nil},
                                                                 :conn-spec nil},
                              :conn nil}
 :log-net-send false
 :node-count 5
 :availability nil
 :max-txn-length 4
 :concurrency 5
 :db
 #object[maelstrom.db$db$reify__16142
         "0x33e09baf"
         "maelstrom.db$db$reify__16142@33e09baf"]
 :max-writes-per-key 16
 :leave-db-running? false
 :name "broadcast"
 :logging-json? false
 :start-time
 #object[org.joda.time.DateTime "0x105c253a" "2025-06-27T19:12:06.803-04:00"]
 :nemesis-interval 10
 :net
 #object[maelstrom.net$jepsen_net$reify__15251
         "0x156322ce"
         "maelstrom.net$jepsen_net$reify__15251@156322ce"]
 :client
 #object[maelstrom.workload.broadcast$client$reify__16644
         "0x546f0f36"
         "maelstrom.workload.broadcast$client$reify__16644@546f0f36"]
 :barrier
 #object[java.util.concurrent.CyclicBarrier
         "0x44d5a0a8"
         "java.util.concurrent.CyclicBarrier@44d5a0a8"]
 :log-stderr false
 :pure-generators true
 :ssh {:dummy? true}
 :rate 10.0
 :checker
 #object[jepsen.checker$compose$reify__11881
         "0x35d128fd"
         "jepsen.checker$compose$reify__11881@35d128fd"]
 :argv
 ("test"
  "-w"
  "broadcast"
  "--bin"
  "/Users/anandtrehan/go/bin/maelstrom-broadcast"
  "--node-count"
  "5"
  "--time-limit"
  "20"
  "--rate"
  "10"
  "--nemesis"
  "partition")
 :nemesis
 (jepsen.nemesis.ReflCompose
  {:fm {:start-partition 0,
        :stop-partition 0,
        :kill 1,
        :start 1,
        :pause 1,
        :resume 1},
   :nemeses [#unprintable "jepsen.nemesis.combined$partition_nemesis$reify__16416@39a809db"
             #unprintable "jepsen.nemesis.combined$db_nemesis$reify__16397@1512a767"]})
 :nodes ["n0" "n1" "n2" "n3" "n4"]
 :test-count 1
 :latency {:mean 0, :dist :constant}
 :bin "/Users/anandtrehan/go/bin/maelstrom-broadcast"
 :generator
 ((jepsen.generator.Synchronize
   {:gen (jepsen.generator.TimeLimit
          {:limit 20000000000,
           :cutoff nil,
           :gen (jepsen.generator.Any
                 {:gens [(jepsen.generator.OnThreads
                          {:f #{:nemesis},
                           :context-filter #object[jepsen.generator.context$make_thread_filter$lazy_filter__9167
                                                   "0x5cdb7b"
                                                   "jepsen.generator.context$make_thread_filter$lazy_filter__9167@5cdb7b"],
                           :gen (jepsen.generator.Stagger
                                 {:dt 20000000000,
                                  :next-time nil,
                                  :gen (jepsen.generator.FlipFlop
                                        {:gens [#object[jepsen.nemesis.combined$partition_package$start__16420
                                                        "0x3dcc59f5"
                                                        "jepsen.nemesis.combined$partition_package$start__16420@3dcc59f5"]
                                                ({:type :info,
                                                  :f :stop-partition,
                                                  :value nil}
                                                 {:type :info,
                                                  :f :stop-partition,
                                                  :value nil}
                                                 {:type :info,
                                                  :f :stop-partition,
                                                  :value nil}
                                                 {:type :info,
                                                  :f :stop-partition,
                                                  :value nil}
                                                 {:type :info,
                                                  :f :stop-partition,
                                                  :value nil}
                                                 {:type :info,
                                                  :f :stop-partition,
                                                  :value nil}
                                                 {:type :info,
                                                  :f :stop-partition,
                                                  :value nil}
                                                 {:type :info,
                                                  :f :stop-partition,
                                                  :value nil}
                                                 ...)],
                                         :i 0})})})
                         (jepsen.generator.OnThreads
                          {:f #jepsen.generator.context.AllBut{:element :nemesis},
                           :context-filter #object[jepsen.generator.context$make_thread_filter$lazy_filter__9167
                                                   "0x690337df"
                                                   "jepsen.generator.context$make_thread_filter$lazy_filter__9167@690337df"],
                           :gen (jepsen.generator.Stagger
                                 {:dt 200000000,
                                  :next-time nil,
                                  :gen (jepsen.generator.Mix
                                        {:i 1,
                                         :gens [({:f :broadcast, :value 0}
                                                 {:f :broadcast, :value 1}
                                                 {:f :broadcast, :value 2}
                                                 {:f :broadcast, :value 3}
                                                 {:f :broadcast, :value 4}
                                                 {:f :broadcast, :value 5}
                                                 {:f :broadcast, :value 6}
                                                 {:f :broadcast, :value 7}
                                                 ...)
                                                ({:f :read}
                                                 {:f :read}
                                                 {:f :read}
                                                 {:f :read}
                                                 {:f :read}
                                                 {:f :read}
                                                 {:f :read}
                                                 {:f :read}
                                                 ...)]})})})]})})})
  (jepsen.generator.Synchronize
   {:gen (jepsen.generator.OnThreads
          {:f #{:nemesis},
           :context-filter #object[jepsen.generator.context$make_thread_filter$lazy_filter__9167
                                   "0xf62ae87"
                                   "jepsen.generator.context$make_thread_filter$lazy_filter__9167@f62ae87"],
           :gen ({:type :info, :f :stop-partition, :value nil})})})
  (jepsen.generator.Synchronize
   {:gen {:type :log, :value "Waiting for recovery..."}})
  (jepsen.generator.Synchronize {:gen {:type :sleep, :value 10}})
  (jepsen.generator.Synchronize
   {:gen (jepsen.generator.OnThreads
          {:f #jepsen.generator.context.AllBut{:element :nemesis},
           :context-filter #object[jepsen.generator.context$make_thread_filter$lazy_filter__9167
                                   "0x50be5d6f"
                                   "jepsen.generator.context$make_thread_filter$lazy_filter__9167@50be5d6f"],
           :gen (jepsen.generator.EachThread
                 {:fresh-gen {:f :read, :final? true},
                  :context-filters #object[clojure.core$promise$reify__8591
                                           "0x48e0e779"
                                           {:status :pending, :val nil}],
                  :gens {}})})}))
 :log-net-recv false
 :os
 #object[maelstrom.net$jepsen_os$reify__15254
         "0x38ad8c75"
         "maelstrom.net$jepsen_os$reify__15254@38ad8c75"]
 :time-limit 20
 :workload :broadcast
 :consistency-models [:strict-serializable]
 :topology :grid}

2025-06-27 19:12:07,572{GMT}	INFO	[jepsen node n0] maelstrom.net: Starting Maelstrom network
2025-06-27 19:12:07,572{GMT}	INFO	[jepsen test runner] jepsen.db: Tearing down DB
2025-06-27 19:12:07,573{GMT}	INFO	[jepsen test runner] jepsen.db: Setting up DB
2025-06-27 19:12:07,573{GMT}	INFO	[jepsen node n1] maelstrom.db: Setting up n1
2025-06-27 19:12:07,573{GMT}	INFO	[jepsen node n2] maelstrom.db: Setting up n2
2025-06-27 19:12:07,573{GMT}	INFO	[jepsen node n3] maelstrom.db: Setting up n3
2025-06-27 19:12:07,573{GMT}	INFO	[jepsen node n4] maelstrom.db: Setting up n4
2025-06-27 19:12:07,574{GMT}	INFO	[jepsen node n1] maelstrom.process: launching /Users/anandtrehan/go/bin/maelstrom-broadcast []
2025-06-27 19:12:07,574{GMT}	INFO	[jepsen node n2] maelstrom.process: launching /Users/anandtrehan/go/bin/maelstrom-broadcast []
2025-06-27 19:12:07,574{GMT}	INFO	[jepsen node n3] maelstrom.process: launching /Users/anandtrehan/go/bin/maelstrom-broadcast []
2025-06-27 19:12:07,574{GMT}	INFO	[jepsen node n4] maelstrom.process: launching /Users/anandtrehan/go/bin/maelstrom-broadcast []
2025-06-27 19:12:07,574{GMT}	INFO	[jepsen node n0] maelstrom.service: Starting services: (lin-kv lin-tso lww-kv seq-kv)
2025-06-27 19:12:07,575{GMT}	INFO	[jepsen node n0] maelstrom.db: Setting up n0
2025-06-27 19:12:07,575{GMT}	INFO	[jepsen node n0] maelstrom.process: launching /Users/anandtrehan/go/bin/maelstrom-broadcast []
2025-06-27 19:12:07,764{GMT}	INFO	[jepsen test runner] jepsen.core: Relative time begins now
2025-06-27 19:12:07,774{GMT}	INFO	[jepsen worker nemesis] jepsen.util: :nemesis	:info	:start-partition	:minority-third
2025-06-27 19:12:07,774{GMT}	INFO	[jepsen worker 0] jepsen.util: 0	:invoke	:read	nil
2025-06-27 19:12:07,776{GMT}	INFO	[jepsen worker 0] jepsen.util: 0	:ok	:read	[]
2025-06-27 19:12:07,777{GMT}	INFO	[jepsen worker nemesis] jepsen.util: :nemesis	:info	:start-partition	[:isolated {"n2" #{"n1" "n4" "n0" "n3"}, "n1" #{"n2"}, "n4" #{"n2"}, "n0" #{"n2"}, "n3" #{"n2"}}]
2025-06-27 19:12:07,862{GMT}	INFO	[jepsen worker 2] jepsen.util: 2	:invoke	:read	nil
2025-06-27 19:12:07,863{GMT}	INFO	[jepsen worker 2] jepsen.util: 2	:ok	:read	[]
2025-06-27 19:12:08,022{GMT}	INFO	[jepsen worker 3] jepsen.util: 3	:invoke	:broadcast	0
2025-06-27 19:12:08,025{GMT}	INFO	[jepsen worker 3] jepsen.util: 3	:ok	:broadcast	0
2025-06-27 19:12:08,088{GMT}	INFO	[jepsen worker 4] jepsen.util: 4	:invoke	:broadcast	1
2025-06-27 19:12:08,090{GMT}	INFO	[jepsen worker 4] jepsen.util: 4	:ok	:broadcast	1
2025-06-27 19:12:08,212{GMT}	INFO	[jepsen worker 0] jepsen.util: 0	:invoke	:read	nil
2025-06-27 19:12:08,213{GMT}	INFO	[jepsen worker 0] jepsen.util: 0	:ok	:read	[0 1]
2025-06-27 19:12:08,348{GMT}	INFO	[jepsen worker 0] jepsen.util: 0	:invoke	:broadcast	2
2025-06-27 19:12:08,350{GMT}	INFO	[jepsen worker 0] jepsen.util: 0	:ok	:broadcast	2
2025-06-27 19:12:08,447{GMT}	INFO	[jepsen worker 1] jepsen.util: 1	:invoke	:broadcast	3
2025-06-27 19:12:08,449{GMT}	INFO	[jepsen worker 2] jepsen.util: 2	:invoke	:broadcast	4
2025-06-27 19:12:08,453{GMT}	INFO	[jepsen worker 1] jepsen.util: 1	:ok	:broadcast	3
2025-06-27 19:12:08,454{GMT}	INFO	[jepsen worker 2] jepsen.util: 2	:ok	:broadcast	4
2025-06-27 19:12:08,531{GMT}	INFO	[jepsen worker 3] jepsen.util: 3	:invoke	:broadcast	5
2025-06-27 19:12:08,533{GMT}	INFO	[jepsen worker 3] jepsen.util: 3	:ok	:broadcast	5
2025-06-27 19:12:08,726{GMT}	INFO	[jepsen worker 4] jepsen.util: 4	:invoke	:read	nil
2025-06-27 19:12:08,730{GMT}	INFO	[jepsen worker 4] jepsen.util: 4	:ok	:read	[0 1 2 3 5]
2025-06-27 19:12:08,780{GMT}	INFO	[jepsen worker 0] jepsen.util: 0	:invoke	:broadcast	6
2025-06-27 19:12:08,784{GMT}	INFO	[jepsen worker 0] jepsen.util: 0	:ok	:broadcast	6
2025-06-27 19:12:08,896{GMT}	INFO	[jepsen worker 0] jepsen.util: 0	:invoke	:read	nil
2025-06-27 19:12:08,898{GMT}	INFO	[jepsen worker 0] jepsen.util: 0	:ok	:read	[0 1 2 3 5 6]
2025-06-27 19:12:09,082{GMT}	INFO	[jepsen worker 1] jepsen.util: 1	:invoke	:broadcast	7
2025-06-27 19:12:09,085{GMT}	INFO	[jepsen worker 1] jepsen.util: 1	:ok	:broadcast	7
2025-06-27 19:12:09,275{GMT}	INFO	[jepsen worker 2] jepsen.util: 2	:invoke	:broadcast	8
2025-06-27 19:12:09,277{GMT}	INFO	[jepsen worker 2] jepsen.util: 2	:ok	:broadcast	8
2025-06-27 19:12:09,444{GMT}	INFO	[jepsen worker 3] jepsen.util: 3	:invoke	:broadcast	9
2025-06-27 19:12:09,446{GMT}	INFO	[jepsen worker 3] jepsen.util: 3	:ok	:broadcast	9
2025-06-27 19:12:09,500{GMT}	INFO	[jepsen worker 4] jepsen.util: 4	:invoke	:broadcast	10
2025-06-27 19:12:09,502{GMT}	INFO	[jepsen worker 4] jepsen.util: 4	:ok	:broadcast	10
2025-06-27 19:12:09,502{GMT}	INFO	[jepsen worker 0] jepsen.util: 0	:invoke	:read	nil
2025-06-27 19:12:09,505{GMT}	INFO	[jepsen worker 0] jepsen.util: 0	:ok	:read	[0 1 2 3 5 6 7 9]
2025-06-27 19:12:09,627{GMT}	INFO	[jepsen worker 0] jepsen.util: 0	:invoke	:read	nil
2025-06-27 19:12:09,629{GMT}	INFO	[jepsen worker 0] jepsen.util: 0	:ok	:read	[0 1 2 3 5 6 7 9 10]
2025-06-27 19:12:09,757{GMT}	INFO	[jepsen worker 1] jepsen.util: 1	:invoke	:read	nil
2025-06-27 19:12:09,760{GMT}	INFO	[jepsen worker 1] jepsen.util: 1	:ok	:read	[0 1 2 3 5 6 7 9 10]
2025-06-27 19:12:09,947{GMT}	INFO	[jepsen worker 2] jepsen.util: 2	:invoke	:read	nil
2025-06-27 19:12:09,950{GMT}	INFO	[jepsen worker 2] jepsen.util: 2	:ok	:read	[4 8]
2025-06-27 19:12:09,977{GMT}	INFO	[jepsen worker 3] jepsen.util: 3	:invoke	:read	nil
2025-06-27 19:12:09,980{GMT}	INFO	[jepsen worker 3] jepsen.util: 3	:ok	:read	[0 1 2 3 5 6 7 9 10]
2025-06-27 19:12:10,075{GMT}	INFO	[jepsen worker 4] jepsen.util: 4	:invoke	:read	nil
2025-06-27 19:12:10,077{GMT}	INFO	[jepsen worker 4] jepsen.util: 4	:ok	:read	[0 1 2 3 5 6 7 9 10]
2025-06-27 19:12:10,243{GMT}	INFO	[jepsen worker 0] jepsen.util: 0	:invoke	:read	nil
2025-06-27 19:12:10,246{GMT}	INFO	[jepsen worker 0] jepsen.util: 0	:ok	:read	[0 1 2 3 5 6 7 9 10]
2025-06-27 19:12:10,422{GMT}	INFO	[jepsen worker 0] jepsen.util: 0	:invoke	:read	nil
2025-06-27 19:12:10,425{GMT}	INFO	[jepsen worker 0] jepsen.util: 0	:ok	:read	[0 1 2 3 5 6 7 9 10]
2025-06-27 19:12:10,562{GMT}	INFO	[jepsen worker 1] jepsen.util: 1	:invoke	:broadcast	11
2025-06-27 19:12:10,565{GMT}	INFO	[jepsen worker 1] jepsen.util: 1	:ok	:broadcast	11
2025-06-27 19:12:10,741{GMT}	INFO	[jepsen worker 2] jepsen.util: 2	:invoke	:read	nil
2025-06-27 19:12:10,744{GMT}	INFO	[jepsen worker 2] jepsen.util: 2	:ok	:read	[4 8]
2025-06-27 19:12:10,896{GMT}	INFO	[jepsen worker 3] jepsen.util: 3	:invoke	:broadcast	12
2025-06-27 19:12:10,898{GMT}	INFO	[jepsen worker 3] jepsen.util: 3	:ok	:broadcast	12
2025-06-27 19:12:10,953{GMT}	INFO	[jepsen worker 4] jepsen.util: 4	:invoke	:broadcast	13
2025-06-27 19:12:10,956{GMT}	INFO	[jepsen worker 4] jepsen.util: 4	:ok	:broadcast	13
2025-06-27 19:12:11,022{GMT}	INFO	[jepsen worker 0] jepsen.util: 0	:invoke	:read	nil
2025-06-27 19:12:11,023{GMT}	INFO	[jepsen worker 0] jepsen.util: 0	:ok	:read	[0 1 2 3 5 6 7 9 10 11 12 13]
2025-06-27 19:12:11,175{GMT}	INFO	[jepsen worker 0] jepsen.util: 0	:invoke	:read	nil
2025-06-27 19:12:11,177{GMT}	INFO	[jepsen worker 0] jepsen.util: 0	:ok	:read	[0 1 2 3 5 6 7 9 10 11 12 13]
2025-06-27 19:12:11,279{GMT}	INFO	[jepsen worker 1] jepsen.util: 1	:invoke	:broadcast	14
2025-06-27 19:12:11,281{GMT}	INFO	[jepsen worker 1] jepsen.util: 1	:ok	:broadcast	14
2025-06-27 19:12:11,428{GMT}	INFO	[jepsen worker 2] jepsen.util: 2	:invoke	:read	nil
2025-06-27 19:12:11,430{GMT}	INFO	[jepsen worker 2] jepsen.util: 2	:ok	:read	[4 8]
2025-06-27 19:12:11,530{GMT}	INFO	[jepsen worker 3] jepsen.util: 3	:invoke	:read	nil
2025-06-27 19:12:11,531{GMT}	INFO	[jepsen worker 3] jepsen.util: 3	:ok	:read	[0 1 2 3 5 6 7 9 10 11 12 13 14]
2025-06-27 19:12:11,560{GMT}	INFO	[jepsen worker 4] jepsen.util: 4	:invoke	:read	nil
2025-06-27 19:12:11,560{GMT}	INFO	[jepsen worker 4] jepsen.util: 4	:ok	:read	[0 1 2 3 5 6 7 9 10 11 12 13 14]
2025-06-27 19:12:11,666{GMT}	INFO	[jepsen worker 0] jepsen.util: 0	:invoke	:read	nil
2025-06-27 19:12:11,667{GMT}	INFO	[jepsen worker 0] jepsen.util: 0	:ok	:read	[0 1 2 3 5 6 7 9 10 11 12 13 14]
2025-06-27 19:12:11,716{GMT}	INFO	[jepsen worker 0] jepsen.util: 0	:invoke	:read	nil
2025-06-27 19:12:11,717{GMT}	INFO	[jepsen worker 0] jepsen.util: 0	:ok	:read	[0 1 2 3 5 6 7 9 10 11 12 13 14]
2025-06-27 19:12:11,839{GMT}	INFO	[jepsen worker 1] jepsen.util: 1	:invoke	:read	nil
2025-06-27 19:12:11,841{GMT}	INFO	[jepsen worker 1] jepsen.util: 1	:ok	:read	[0 1 2 3 5 6 7 9 10 11 12 13 14]
2025-06-27 19:12:11,982{GMT}	INFO	[jepsen worker 2] jepsen.util: 2	:invoke	:read	nil
2025-06-27 19:12:11,983{GMT}	INFO	[jepsen worker 2] jepsen.util: 2	:ok	:read	[4 8]
2025-06-27 19:12:12,164{GMT}	INFO	[jepsen worker 3] jepsen.util: 3	:invoke	:read	nil
2025-06-27 19:12:12,166{GMT}	INFO	[jepsen worker 3] jepsen.util: 3	:ok	:read	[0 1 2 3 5 6 7 9 10 11 12 13 14]
2025-06-27 19:12:12,215{GMT}	INFO	[jepsen worker 4] jepsen.util: 4	:invoke	:broadcast	15
2025-06-27 19:12:12,218{GMT}	INFO	[jepsen worker 4] jepsen.util: 4	:ok	:broadcast	15
2025-06-27 19:12:12,303{GMT}	INFO	[jepsen worker 0] jepsen.util: 0	:invoke	:read	nil
2025-06-27 19:12:12,305{GMT}	INFO	[jepsen worker 0] jepsen.util: 0	:ok	:read	[0 1 2 3 5 6 7 9 10 11 12 13 14 15]
2025-06-27 19:12:12,370{GMT}	INFO	[jepsen worker 0] jepsen.util: 0	:invoke	:read	nil
2025-06-27 19:12:12,371{GMT}	INFO	[jepsen worker 0] jepsen.util: 0	:ok	:read	[0 1 2 3 5 6 7 9 10 11 12 13 14 15]
2025-06-27 19:12:12,395{GMT}	INFO	[jepsen worker 1] jepsen.util: 1	:invoke	:broadcast	16
2025-06-27 19:12:12,398{GMT}	INFO	[jepsen worker 1] jepsen.util: 1	:ok	:broadcast	16
2025-06-27 19:12:12,465{GMT}	INFO	[jepsen worker 2] jepsen.util: 2	:invoke	:read	nil
2025-06-27 19:12:12,466{GMT}	INFO	[jepsen worker 2] jepsen.util: 2	:ok	:read	[4 8]
2025-06-27 19:12:12,656{GMT}	INFO	[jepsen worker 3] jepsen.util: 3	:invoke	:read	nil
2025-06-27 19:12:12,658{GMT}	INFO	[jepsen worker 3] jepsen.util: 3	:ok	:read	[0 1 2 3 5 6 7 9 10 11 12 13 14 15 16]
2025-06-27 19:12:12,809{GMT}	INFO	[jepsen worker 4] jepsen.util: 4	:invoke	:broadcast	17
2025-06-27 19:12:12,812{GMT}	INFO	[jepsen worker 4] jepsen.util: 4	:ok	:broadcast	17
2025-06-27 19:12:13,003{GMT}	INFO	[jepsen worker 0] jepsen.util: 0	:invoke	:read	nil
2025-06-27 19:12:13,005{GMT}	INFO	[jepsen worker 0] jepsen.util: 0	:ok	:read	[0 1 2 3 5 6 7 9 10 11 12 13 14 15 16 17]
2025-06-27 19:12:13,103{GMT}	INFO	[jepsen worker 0] jepsen.util: 0	:invoke	:broadcast	18
2025-06-27 19:12:13,106{GMT}	INFO	[jepsen worker 0] jepsen.util: 0	:ok	:broadcast	18
2025-06-27 19:12:13,267{GMT}	INFO	[jepsen worker 1] jepsen.util: 1	:invoke	:read	nil
2025-06-27 19:12:13,273{GMT}	INFO	[jepsen worker 1] jepsen.util: 1	:ok	:read	[0 1 2 3 5 6 7 9 10 11 12 13 14 15 16 17 18]
2025-06-27 19:12:13,292{GMT}	INFO	[jepsen worker 2] jepsen.util: 2	:invoke	:broadcast	19
2025-06-27 19:12:13,294{GMT}	INFO	[jepsen worker 2] jepsen.util: 2	:ok	:broadcast	19
2025-06-27 19:12:13,466{GMT}	INFO	[jepsen worker 3] jepsen.util: 3	:invoke	:broadcast	20
2025-06-27 19:12:13,469{GMT}	INFO	[jepsen worker 3] jepsen.util: 3	:ok	:broadcast	20
2025-06-27 19:12:13,546{GMT}	INFO	[jepsen worker 4] jepsen.util: 4	:invoke	:read	nil
2025-06-27 19:12:13,548{GMT}	INFO	[jepsen worker 4] jepsen.util: 4	:ok	:read	[0 1 2 3 5 6 7 9 10 11 12 13 14 15 16 17 18 20]
2025-06-27 19:12:13,679{GMT}	INFO	[jepsen worker 0] jepsen.util: 0	:invoke	:read	nil
2025-06-27 19:12:13,681{GMT}	INFO	[jepsen worker 0] jepsen.util: 0	:ok	:read	[0 1 2 3 5 6 7 9 10 11 12 13 14 15 16 17 18 20]
2025-06-27 19:12:13,829{GMT}	INFO	[jepsen worker 0] jepsen.util: 0	:invoke	:read	nil
2025-06-27 19:12:13,831{GMT}	INFO	[jepsen worker 0] jepsen.util: 0	:ok	:read	[0 1 2 3 5 6 7 9 10 11 12 13 14 15 16 17 18 20]
2025-06-27 19:12:13,910{GMT}	INFO	[jepsen worker 1] jepsen.util: 1	:invoke	:read	nil
2025-06-27 19:12:13,913{GMT}	INFO	[jepsen worker 1] jepsen.util: 1	:ok	:read	[0 1 2 3 5 6 7 9 10 11 12 13 14 15 16 17 18 20]
2025-06-27 19:12:14,096{GMT}	INFO	[jepsen worker 2] jepsen.util: 2	:invoke	:read	nil
2025-06-27 19:12:14,098{GMT}	INFO	[jepsen worker 2] jepsen.util: 2	:ok	:read	[4 8 19]
2025-06-27 19:12:14,229{GMT}	INFO	[jepsen worker 3] jepsen.util: 3	:invoke	:read	nil
2025-06-27 19:12:14,231{GMT}	INFO	[jepsen worker 3] jepsen.util: 3	:ok	:read	[0 1 2 3 5 6 7 9 10 11 12 13 14 15 16 17 18 20]
2025-06-27 19:12:14,247{GMT}	INFO	[jepsen worker 4] jepsen.util: 4	:invoke	:read	nil
2025-06-27 19:12:14,249{GMT}	INFO	[jepsen worker 4] jepsen.util: 4	:ok	:read	[0 1 2 3 5 6 7 9 10 11 12 13 14 15 16 17 18 20]
2025-06-27 19:12:14,409{GMT}	INFO	[jepsen worker 0] jepsen.util: 0	:invoke	:read	nil
2025-06-27 19:12:14,411{GMT}	INFO	[jepsen worker 0] jepsen.util: 0	:ok	:read	[0 1 2 3 5 6 7 9 10 11 12 13 14 15 16 17 18 20]
2025-06-27 19:12:14,555{GMT}	INFO	[jepsen worker 0] jepsen.util: 0	:invoke	:broadcast	21
2025-06-27 19:12:14,557{GMT}	INFO	[jepsen worker 0] jepsen.util: 0	:ok	:broadcast	21
2025-06-27 19:12:14,720{GMT}	INFO	[jepsen worker 1] jepsen.util: 1	:invoke	:broadcast	22
2025-06-27 19:12:14,722{GMT}	INFO	[jepsen worker 1] jepsen.util: 1	:ok	:broadcast	22
2025-06-27 19:12:14,762{GMT}	INFO	[jepsen worker 2] jepsen.util: 2	:invoke	:read	nil
2025-06-27 19:12:14,763{GMT}	INFO	[jepsen worker 2] jepsen.util: 2	:ok	:read	[4 8 19]
2025-06-27 19:12:14,895{GMT}	INFO	[jepsen worker 3] jepsen.util: 3	:invoke	:broadcast	23
2025-06-27 19:12:14,897{GMT}	INFO	[jepsen worker 4] jepsen.util: 4	:invoke	:broadcast	24
2025-06-27 19:12:14,898{GMT}	INFO	[jepsen worker 3] jepsen.util: 3	:ok	:broadcast	23
2025-06-27 19:12:14,899{GMT}	INFO	[jepsen worker 4] jepsen.util: 4	:ok	:broadcast	24
2025-06-27 19:12:15,096{GMT}	INFO	[jepsen worker 0] jepsen.util: 0	:invoke	:read	nil
2025-06-27 19:12:15,098{GMT}	INFO	[jepsen worker 0] jepsen.util: 0	:ok	:read	[0 1 2 3 5 6 7 9 10 11 12 13 14 15 16 17 18 20 21 22 23 24]
2025-06-27 19:12:15,145{GMT}	INFO	[jepsen worker 0] jepsen.util: 0	:invoke	:read	nil
2025-06-27 19:12:15,147{GMT}	INFO	[jepsen worker 0] jepsen.util: 0	:ok	:read	[0 1 2 3 5 6 7 9 10 11 12 13 14 15 16 17 18 20 21 22 23 24]
2025-06-27 19:12:15,339{GMT}	INFO	[jepsen worker 1] jepsen.util: 1	:invoke	:broadcast	25
2025-06-27 19:12:15,341{GMT}	INFO	[jepsen worker 1] jepsen.util: 1	:ok	:broadcast	25
2025-06-27 19:12:15,372{GMT}	INFO	[jepsen worker 2] jepsen.util: 2	:invoke	:broadcast	26
2025-06-27 19:12:15,372{GMT}	INFO	[jepsen worker 2] jepsen.util: 2	:ok	:broadcast	26
2025-06-27 19:12:15,378{GMT}	INFO	[jepsen worker 3] jepsen.util: 3	:invoke	:broadcast	27
2025-06-27 19:12:15,379{GMT}	INFO	[jepsen worker 3] jepsen.util: 3	:ok	:broadcast	27
2025-06-27 19:12:15,482{GMT}	INFO	[jepsen worker 4] jepsen.util: 4	:invoke	:broadcast	28
2025-06-27 19:12:15,483{GMT}	INFO	[jepsen worker 4] jepsen.util: 4	:ok	:broadcast	28
2025-06-27 19:12:15,588{GMT}	INFO	[jepsen worker 0] jepsen.util: 0	:invoke	:broadcast	29
2025-06-27 19:12:15,590{GMT}	INFO	[jepsen worker 0] jepsen.util: 0	:ok	:broadcast	29
2025-06-27 19:12:15,597{GMT}	INFO	[jepsen worker 0] jepsen.util: 0	:invoke	:read	nil
2025-06-27 19:12:15,598{GMT}	INFO	[jepsen worker 0] jepsen.util: 0	:ok	:read	[0 1 2 3 5 6 7 9 10 11 12 13 14 15 16 17 18 20 21 22 23 24 25 27 28 29]
2025-06-27 19:12:15,625{GMT}	INFO	[jepsen worker 1] jepsen.util: 1	:invoke	:read	nil
2025-06-27 19:12:15,626{GMT}	INFO	[jepsen worker 1] jepsen.util: 1	:ok	:read	[0 1 2 3 5 6 7 9 10 11 12 13 14 15 16 17 18 20 21 22 24 23 25 27 28 29]
2025-06-27 19:12:15,759{GMT}	INFO	[jepsen worker 2] jepsen.util: 2	:invoke	:broadcast	30
2025-06-27 19:12:15,761{GMT}	INFO	[jepsen worker 2] jepsen.util: 2	:ok	:broadcast	30
2025-06-27 19:12:15,766{GMT}	INFO	[jepsen worker 3] jepsen.util: 3	:invoke	:broadcast	31
2025-06-27 19:12:15,767{GMT}	INFO	[jepsen worker 3] jepsen.util: 3	:ok	:broadcast	31
2025-06-27 19:12:15,886{GMT}	INFO	[jepsen worker 4] jepsen.util: 4	:invoke	:broadcast	32
2025-06-27 19:12:15,888{GMT}	INFO	[jepsen worker 4] jepsen.util: 4	:ok	:broadcast	32
2025-06-27 19:12:16,074{GMT}	INFO	[jepsen worker 0] jepsen.util: 0	:invoke	:read	nil
2025-06-27 19:12:16,076{GMT}	INFO	[jepsen worker 0] jepsen.util: 0	:ok	:read	[0 1 2 3 5 6 7 9 10 11 12 13 14 15 16 17 18 20 21 22 23 24 25 27 28 29 31 32]
2025-06-27 19:12:16,102{GMT}	INFO	[jepsen worker 0] jepsen.util: 0	:invoke	:read	nil
2025-06-27 19:12:16,105{GMT}	INFO	[jepsen worker 0] jepsen.util: 0	:ok	:read	[0 1 2 3 5 6 7 9 10 11 12 13 14 15 16 17 18 20 21 22 23 24 25 27 28 29 31 32]
2025-06-27 19:12:16,204{GMT}	INFO	[jepsen worker 1] jepsen.util: 1	:invoke	:read	nil
2025-06-27 19:12:16,207{GMT}	INFO	[jepsen worker 1] jepsen.util: 1	:ok	:read	[0 1 2 3 5 6 7 9 10 11 12 13 14 15 16 17 18 20 21 22 24 23 25 27 28 29 31 32]
2025-06-27 19:12:16,231{GMT}	INFO	[jepsen worker 2] jepsen.util: 2	:invoke	:read	nil
2025-06-27 19:12:16,232{GMT}	INFO	[jepsen worker 2] jepsen.util: 2	:ok	:read	[4 8 19 26 30]
2025-06-27 19:12:16,382{GMT}	INFO	[jepsen worker 3] jepsen.util: 3	:invoke	:read	nil
2025-06-27 19:12:16,383{GMT}	INFO	[jepsen worker 3] jepsen.util: 3	:ok	:read	[0 1 2 3 5 6 7 9 10 11 12 13 14 15 16 17 18 20 21 22 23 24 25 27 28 29 31 32]
2025-06-27 19:12:16,491{GMT}	INFO	[jepsen worker 4] jepsen.util: 4	:invoke	:broadcast	33
2025-06-27 19:12:16,493{GMT}	INFO	[jepsen worker 4] jepsen.util: 4	:ok	:broadcast	33
2025-06-27 19:12:16,532{GMT}	INFO	[jepsen worker 0] jepsen.util: 0	:invoke	:read	nil
2025-06-27 19:12:16,534{GMT}	INFO	[jepsen worker 0] jepsen.util: 0	:ok	:read	[0 1 2 3 5 6 7 9 10 11 12 13 14 15 16 17 18 20 21 22 23 24 25 27 28 29 31 32 33]
2025-06-27 19:12:16,573{GMT}	INFO	[jepsen worker 0] jepsen.util: 0	:invoke	:read	nil
2025-06-27 19:12:16,575{GMT}	INFO	[jepsen worker 0] jepsen.util: 0	:ok	:read	[0 1 2 3 5 6 7 9 10 11 12 13 14 15 16 17 18 20 21 22 23 24 25 27 28 29 31 32 33]
2025-06-27 19:12:16,707{GMT}	INFO	[jepsen worker 1] jepsen.util: 1	:invoke	:read	nil
2025-06-27 19:12:16,709{GMT}	INFO	[jepsen worker 1] jepsen.util: 1	:ok	:read	[0 1 2 3 5 6 7 9 10 11 12 13 14 15 16 17 18 20 21 22 24 23 25 27 28 29 31 32 33]
2025-06-27 19:12:16,829{GMT}	INFO	[jepsen worker 2] jepsen.util: 2	:invoke	:read	nil
2025-06-27 19:12:16,831{GMT}	INFO	[jepsen worker 2] jepsen.util: 2	:ok	:read	[4 8 19 26 30]
2025-06-27 19:12:16,952{GMT}	INFO	[jepsen worker 3] jepsen.util: 3	:invoke	:broadcast	34
2025-06-27 19:12:16,953{GMT}	INFO	[jepsen worker 3] jepsen.util: 3	:ok	:broadcast	34
2025-06-27 19:12:17,028{GMT}	INFO	[jepsen worker 4] jepsen.util: 4	:invoke	:broadcast	35
2025-06-27 19:12:17,029{GMT}	INFO	[jepsen worker 4] jepsen.util: 4	:ok	:broadcast	35
2025-06-27 19:12:17,221{GMT}	INFO	[jepsen worker 0] jepsen.util: 0	:invoke	:broadcast	36
2025-06-27 19:12:17,223{GMT}	INFO	[jepsen worker 0] jepsen.util: 0	:ok	:broadcast	36
2025-06-27 19:12:17,409{GMT}	INFO	[jepsen worker 0] jepsen.util: 0	:invoke	:read	nil
2025-06-27 19:12:17,411{GMT}	INFO	[jepsen worker 0] jepsen.util: 0	:ok	:read	[0 1 2 3 5 6 7 9 10 11 12 13 14 15 16 17 18 20 21 22 23 24 25 27 28 29 31 32 33 34 35 36]
2025-06-27 19:12:17,441{GMT}	INFO	[jepsen worker nemesis] jepsen.util: :nemesis	:info	:stop-partition	nil
2025-06-27 19:12:17,442{GMT}	INFO	[jepsen worker nemesis] jepsen.util: :nemesis	:info	:stop-partition	:network-healed
2025-06-27 19:12:17,531{GMT}	INFO	[jepsen worker 2] jepsen.util: 2	:invoke	:broadcast	37
2025-06-27 19:12:17,532{GMT}	INFO	[jepsen worker 2] jepsen.util: 2	:ok	:broadcast	37
2025-06-27 19:12:17,665{GMT}	INFO	[jepsen worker 3] jepsen.util: 3	:invoke	:broadcast	38
2025-06-27 19:12:17,667{GMT}	INFO	[jepsen worker 3] jepsen.util: 3	:ok	:broadcast	38
2025-06-27 19:12:17,680{GMT}	INFO	[jepsen worker 4] jepsen.util: 4	:invoke	:read	nil
2025-06-27 19:12:17,681{GMT}	INFO	[jepsen worker 4] jepsen.util: 4	:ok	:read	[0 1 2 3 5 6 7 9 10 11 12 13 14 15 16 17 18 20 21 22 24 23 25 27 28 29 31 32 33 34 35 36 37 38]
2025-06-27 19:12:17,692{GMT}	INFO	[jepsen worker 0] jepsen.util: 0	:invoke	:broadcast	39
2025-06-27 19:12:17,693{GMT}	INFO	[jepsen worker 0] jepsen.util: 0	:ok	:broadcast	39
2025-06-27 19:12:17,737{GMT}	INFO	[jepsen worker 0] jepsen.util: 0	:invoke	:read	nil
2025-06-27 19:12:17,738{GMT}	INFO	[jepsen worker 0] jepsen.util: 0	:ok	:read	[0 1 2 3 5 6 7 9 10 11 12 13 14 15 16 17 18 20 21 22 23 24 25 27 28 29 31 32 33 34 35 36 37 38 39]
2025-06-27 19:12:17,912{GMT}	INFO	[jepsen worker 1] jepsen.util: 1	:invoke	:broadcast	40
2025-06-27 19:12:17,914{GMT}	INFO	[jepsen worker 1] jepsen.util: 1	:ok	:broadcast	40
2025-06-27 19:12:18,029{GMT}	INFO	[jepsen worker 2] jepsen.util: 2	:invoke	:read	nil
2025-06-27 19:12:18,031{GMT}	INFO	[jepsen worker 2] jepsen.util: 2	:ok	:read	[4 8 19 26 30 37 38 39 40]
2025-06-27 19:12:18,157{GMT}	INFO	[jepsen worker 3] jepsen.util: 3	:invoke	:read	nil
2025-06-27 19:12:18,159{GMT}	INFO	[jepsen worker 3] jepsen.util: 3	:ok	:read	[0 1 2 3 5 6 7 9 10 11 12 13 14 15 16 17 18 20 21 22 23 24 25 27 28 29 31 32 33 34 35 36 37 38 39 40]
2025-06-27 19:12:18,159{GMT}	INFO	[jepsen worker 4] jepsen.util: 4	:invoke	:broadcast	41
2025-06-27 19:12:18,160{GMT}	INFO	[jepsen worker 4] jepsen.util: 4	:ok	:broadcast	41
2025-06-27 19:12:18,321{GMT}	INFO	[jepsen worker 0] jepsen.util: 0	:invoke	:broadcast	42
2025-06-27 19:12:18,323{GMT}	INFO	[jepsen worker 0] jepsen.util: 0	:ok	:broadcast	42
2025-06-27 19:12:18,344{GMT}	INFO	[jepsen worker 0] jepsen.util: 0	:invoke	:broadcast	43
2025-06-27 19:12:18,346{GMT}	INFO	[jepsen worker 0] jepsen.util: 0	:ok	:broadcast	43
2025-06-27 19:12:18,371{GMT}	INFO	[jepsen worker 1] jepsen.util: 1	:invoke	:read	nil
2025-06-27 19:12:18,373{GMT}	INFO	[jepsen worker 1] jepsen.util: 1	:ok	:read	[0 1 2 3 5 6 7 9 10 11 12 13 14 15 16 17 18 20 21 22 24 23 25 27 28 29 31 32 33 34 35 36 37 38 39 40 41 42 43]
2025-06-27 19:12:18,422{GMT}	INFO	[jepsen worker 2] jepsen.util: 2	:invoke	:broadcast	44
2025-06-27 19:12:18,423{GMT}	INFO	[jepsen worker 2] jepsen.util: 2	:ok	:broadcast	44
2025-06-27 19:12:18,559{GMT}	INFO	[jepsen worker 3] jepsen.util: 3	:invoke	:read	nil
2025-06-27 19:12:18,562{GMT}	INFO	[jepsen worker 3] jepsen.util: 3	:ok	:read	[0 1 2 3 5 6 7 9 10 11 12 13 14 15 16 17 18 20 21 22 23 24 25 27 28 29 31 32 33 34 35 36 37 38 39 40 41 42 43 44]
2025-06-27 19:12:18,633{GMT}	INFO	[jepsen worker 4] jepsen.util: 4	:invoke	:broadcast	45
2025-06-27 19:12:18,635{GMT}	INFO	[jepsen worker 4] jepsen.util: 4	:ok	:broadcast	45
2025-06-27 19:12:18,721{GMT}	INFO	[jepsen worker 0] jepsen.util: 0	:invoke	:read	nil
2025-06-27 19:12:18,723{GMT}	INFO	[jepsen worker 0] jepsen.util: 0	:ok	:read	[0 1 2 3 5 6 7 9 10 11 12 13 14 15 16 17 18 20 21 22 23 24 25 27 28 29 31 32 33 34 35 36 37 38 39 40 41 42 43 44 45]
2025-06-27 19:12:18,829{GMT}	INFO	[jepsen worker 0] jepsen.util: 0	:invoke	:broadcast	46
2025-06-27 19:12:18,831{GMT}	INFO	[jepsen worker 0] jepsen.util: 0	:ok	:broadcast	46
2025-06-27 19:12:19,029{GMT}	INFO	[jepsen worker 1] jepsen.util: 1	:invoke	:read	nil
2025-06-27 19:12:19,031{GMT}	INFO	[jepsen worker 1] jepsen.util: 1	:ok	:read	[0 1 2 3 5 6 7 9 10 11 12 13 14 15 16 17 18 20 21 22 24 23 25 27 28 29 31 32 33 34 35 36 37 38 39 40 41 42 43 44 45 46]
2025-06-27 19:12:19,067{GMT}	INFO	[jepsen worker 2] jepsen.util: 2	:invoke	:broadcast	47
2025-06-27 19:12:19,069{GMT}	INFO	[jepsen worker 2] jepsen.util: 2	:ok	:broadcast	47
2025-06-27 19:12:19,158{GMT}	INFO	[jepsen worker 3] jepsen.util: 3	:invoke	:broadcast	48
2025-06-27 19:12:19,160{GMT}	INFO	[jepsen worker 3] jepsen.util: 3	:ok	:broadcast	48
2025-06-27 19:12:19,165{GMT}	INFO	[jepsen worker 4] jepsen.util: 4	:invoke	:read	nil
2025-06-27 19:12:19,167{GMT}	INFO	[jepsen worker 4] jepsen.util: 4	:ok	:read	[0 1 2 3 5 6 7 9 10 11 12 13 14 15 16 17 18 20 21 22 24 23 25 27 28 29 31 32 33 34 35 36 37 38 39 40 41 42 43 44 45 46 47 48]
2025-06-27 19:12:19,345{GMT}	INFO	[jepsen worker 0] jepsen.util: 0	:invoke	:broadcast	49
2025-06-27 19:12:19,347{GMT}	INFO	[jepsen worker 0] jepsen.util: 0	:ok	:broadcast	49
2025-06-27 19:12:19,419{GMT}	INFO	[jepsen worker 0] jepsen.util: 0	:invoke	:read	nil
2025-06-27 19:12:19,421{GMT}	INFO	[jepsen worker 0] jepsen.util: 0	:ok	:read	[0 1 2 3 5 6 7 9 10 11 12 13 14 15 16 17 18 20 21 22 23 24 25 27 28 29 31 32 33 34 35 36 37 38 39 40 41 42 43 44 45 46 47 48 49]
2025-06-27 19:12:19,555{GMT}	INFO	[jepsen worker 1] jepsen.util: 1	:invoke	:broadcast	50
2025-06-27 19:12:19,557{GMT}	INFO	[jepsen worker 1] jepsen.util: 1	:ok	:broadcast	50
2025-06-27 19:12:19,754{GMT}	INFO	[jepsen worker 2] jepsen.util: 2	:invoke	:read	nil
2025-06-27 19:12:19,757{GMT}	INFO	[jepsen worker 2] jepsen.util: 2	:ok	:read	[4 8 19 26 30 37 38 39 40 41 42 43 44 45 46 47 48 49 50]
2025-06-27 19:12:19,828{GMT}	INFO	[jepsen worker 3] jepsen.util: 3	:invoke	:read	nil
2025-06-27 19:12:19,830{GMT}	INFO	[jepsen worker 3] jepsen.util: 3	:ok	:read	[0 1 2 3 5 6 7 9 10 11 12 13 14 15 16 17 18 20 21 22 23 24 25 27 28 29 31 32 33 34 35 36 37 38 39 40 41 42 43 44 45 46 47 48 49 50]
2025-06-27 19:12:19,921{GMT}	INFO	[jepsen worker 4] jepsen.util: 4	:invoke	:broadcast	51
2025-06-27 19:12:19,923{GMT}	INFO	[jepsen worker 4] jepsen.util: 4	:ok	:broadcast	51
2025-06-27 19:12:20,003{GMT}	INFO	[jepsen worker 0] jepsen.util: 0	:invoke	:broadcast	52
2025-06-27 19:12:20,007{GMT}	INFO	[jepsen worker 0] jepsen.util: 0	:ok	:broadcast	52
2025-06-27 19:12:20,155{GMT}	INFO	[jepsen worker 0] jepsen.util: 0	:invoke	:broadcast	53
2025-06-27 19:12:20,157{GMT}	INFO	[jepsen worker 0] jepsen.util: 0	:ok	:broadcast	53
2025-06-27 19:12:20,166{GMT}	INFO	[jepsen worker 1] jepsen.util: 1	:invoke	:broadcast	54
2025-06-27 19:12:20,166{GMT}	INFO	[jepsen worker 1] jepsen.util: 1	:ok	:broadcast	54
2025-06-27 19:12:20,197{GMT}	INFO	[jepsen worker 2] jepsen.util: 2	:invoke	:broadcast	55
2025-06-27 19:12:20,198{GMT}	INFO	[jepsen worker 2] jepsen.util: 2	:ok	:broadcast	55
2025-06-27 19:12:20,255{GMT}	INFO	[jepsen worker 3] jepsen.util: 3	:invoke	:read	nil
2025-06-27 19:12:20,255{GMT}	INFO	[jepsen worker 3] jepsen.util: 3	:ok	:read	[0 1 2 3 5 6 7 9 10 11 12 13 14 15 16 17 18 20 21 22 23 24 25 27 28 29 31 32 33 34 35 36 37 38 39 40 41 42 43 44 45 46 47 48 49 50 51 52 53 54 55]
2025-06-27 19:12:20,256{GMT}	INFO	[jepsen worker 4] jepsen.util: 4	:invoke	:read	nil
2025-06-27 19:12:20,256{GMT}	INFO	[jepsen worker 4] jepsen.util: 4	:ok	:read	[0 1 2 3 5 6 7 9 10 11 12 13 14 15 16 17 18 20 21 22 24 23 25 27 28 29 31 32 33 34 35 36 37 38 39 40 41 42 43 44 45 46 47 48 49 50 51 52 53 54 55]
2025-06-27 19:12:20,417{GMT}	INFO	[jepsen worker 0] jepsen.util: 0	:invoke	:read	nil
2025-06-27 19:12:20,419{GMT}	INFO	[jepsen worker 0] jepsen.util: 0	:ok	:read	[0 1 2 3 5 6 7 9 10 11 12 13 14 15 16 17 18 20 21 22 23 24 25 27 28 29 31 32 33 34 35 36 37 38 39 40 41 42 43 44 45 46 47 48 49 50 51 52 53 54 55]
2025-06-27 19:12:20,512{GMT}	INFO	[jepsen worker 0] jepsen.util: 0	:invoke	:broadcast	56
2025-06-27 19:12:20,514{GMT}	INFO	[jepsen worker 0] jepsen.util: 0	:ok	:broadcast	56
2025-06-27 19:12:20,549{GMT}	INFO	[jepsen worker 1] jepsen.util: 1	:invoke	:read	nil
2025-06-27 19:12:20,551{GMT}	INFO	[jepsen worker 1] jepsen.util: 1	:ok	:read	[0 1 2 3 5 6 7 9 10 11 12 13 14 15 16 17 18 20 21 22 24 23 25 27 28 29 31 32 33 34 35 36 37 38 39 40 41 42 43 44 45 46 47 48 49 50 51 52 53 54 55 56]
2025-06-27 19:12:20,657{GMT}	INFO	[jepsen worker 2] jepsen.util: 2	:invoke	:broadcast	57
2025-06-27 19:12:20,658{GMT}	INFO	[jepsen worker 2] jepsen.util: 2	:ok	:broadcast	57
2025-06-27 19:12:20,668{GMT}	INFO	[jepsen worker 3] jepsen.util: 3	:invoke	:read	nil
2025-06-27 19:12:20,669{GMT}	INFO	[jepsen worker 3] jepsen.util: 3	:ok	:read	[0 1 2 3 5 6 7 9 10 11 12 13 14 15 16 17 18 20 21 22 23 24 25 27 28 29 31 32 33 34 35 36 37 38 39 40 41 42 43 44 45 46 47 48 49 50 51 52 53 54 55 56 57]
2025-06-27 19:12:20,756{GMT}	INFO	[jepsen worker 4] jepsen.util: 4	:invoke	:broadcast	58
2025-06-27 19:12:20,758{GMT}	INFO	[jepsen worker 4] jepsen.util: 4	:ok	:broadcast	58
2025-06-27 19:12:20,847{GMT}	INFO	[jepsen worker 0] jepsen.util: 0	:invoke	:broadcast	59
2025-06-27 19:12:20,848{GMT}	INFO	[jepsen worker 0] jepsen.util: 0	:ok	:broadcast	59
2025-06-27 19:12:20,969{GMT}	INFO	[jepsen worker 0] jepsen.util: 0	:invoke	:broadcast	60
2025-06-27 19:12:20,971{GMT}	INFO	[jepsen worker 0] jepsen.util: 0	:ok	:broadcast	60
2025-06-27 19:12:21,099{GMT}	INFO	[jepsen worker 1] jepsen.util: 1	:invoke	:broadcast	61
2025-06-27 19:12:21,101{GMT}	INFO	[jepsen worker 1] jepsen.util: 1	:ok	:broadcast	61
2025-06-27 19:12:21,136{GMT}	INFO	[jepsen worker 2] jepsen.util: 2	:invoke	:read	nil
2025-06-27 19:12:21,138{GMT}	INFO	[jepsen worker 2] jepsen.util: 2	:ok	:read	[4 8 19 26 30 37 38 39 40 41 42 43 44 45 46 47 48 49 50 51 52 53 54 55 56 57 58 59 60 61]
2025-06-27 19:12:21,261{GMT}	INFO	[jepsen worker 3] jepsen.util: 3	:invoke	:read	nil
2025-06-27 19:12:21,264{GMT}	INFO	[jepsen worker 3] jepsen.util: 3	:ok	:read	[0 1 2 3 5 6 7 9 10 11 12 13 14 15 16 17 18 20 21 22 23 24 25 27 28 29 31 32 33 34 35 36 37 38 39 40 41 42 43 44 45 46 47 48 49 50 51 52 53 54 55 56 57 58 59 60 61]
2025-06-27 19:12:21,402{GMT}	INFO	[jepsen worker 4] jepsen.util: 4	:invoke	:broadcast	62
2025-06-27 19:12:21,403{GMT}	INFO	[jepsen worker 4] jepsen.util: 4	:ok	:broadcast	62
2025-06-27 19:12:21,437{GMT}	INFO	[jepsen worker 0] jepsen.util: 0	:invoke	:read	nil
2025-06-27 19:12:21,438{GMT}	INFO	[jepsen worker 0] jepsen.util: 0	:ok	:read	[0 1 2 3 5 6 7 9 10 11 12 13 14 15 16 17 18 20 21 22 23 24 25 27 28 29 31 32 33 34 35 36 37 38 39 40 41 42 43 44 45 46 47 48 49 50 51 52 53 54 55 56 57 58 59 60 61 62]
2025-06-27 19:12:21,495{GMT}	INFO	[jepsen worker 0] jepsen.util: 0	:invoke	:broadcast	63
2025-06-27 19:12:21,496{GMT}	INFO	[jepsen worker 0] jepsen.util: 0	:ok	:broadcast	63
2025-06-27 19:12:21,508{GMT}	INFO	[jepsen worker 1] jepsen.util: 1	:invoke	:broadcast	64
2025-06-27 19:12:21,509{GMT}	INFO	[jepsen worker 1] jepsen.util: 1	:ok	:broadcast	64
2025-06-27 19:12:21,528{GMT}	INFO	[jepsen worker 2] jepsen.util: 2	:invoke	:read	nil
2025-06-27 19:12:21,529{GMT}	INFO	[jepsen worker 2] jepsen.util: 2	:ok	:read	[4 8 19 26 30 37 38 39 40 41 42 43 44 45 46 47 48 49 50 51 52 53 54 55 56 57 58 59 60 61 62 63 64]
2025-06-27 19:12:21,632{GMT}	INFO	[jepsen worker 3] jepsen.util: 3	:invoke	:broadcast	65
2025-06-27 19:12:21,633{GMT}	INFO	[jepsen worker 3] jepsen.util: 3	:ok	:broadcast	65
2025-06-27 19:12:21,784{GMT}	INFO	[jepsen worker 4] jepsen.util: 4	:invoke	:read	nil
2025-06-27 19:12:21,785{GMT}	INFO	[jepsen worker 4] jepsen.util: 4	:ok	:read	[0 1 2 3 5 6 7 9 10 11 12 13 14 15 16 17 18 20 21 22 24 23 25 27 28 29 31 32 33 34 35 36 37 38 39 40 41 42 43 44 45 46 47 48 49 50 51 52 53 54 55 56 57 58 59 60 61 62 63 64 65]
2025-06-27 19:12:21,938{GMT}	INFO	[jepsen worker 0] jepsen.util: 0	:invoke	:read	nil
2025-06-27 19:12:21,939{GMT}	INFO	[jepsen worker 0] jepsen.util: 0	:ok	:read	[0 1 2 3 5 6 7 9 10 11 12 13 14 15 16 17 18 20 21 22 23 24 25 27 28 29 31 32 33 34 35 36 37 38 39 40 41 42 43 44 45 46 47 48 49 50 51 52 53 54 55 56 57 58 59 60 61 62 63 64 65]
2025-06-27 19:12:21,962{GMT}	INFO	[jepsen worker 0] jepsen.util: 0	:invoke	:broadcast	66
2025-06-27 19:12:21,963{GMT}	INFO	[jepsen worker 0] jepsen.util: 0	:ok	:broadcast	66
2025-06-27 19:12:22,136{GMT}	INFO	[jepsen worker 1] jepsen.util: 1	:invoke	:read	nil
2025-06-27 19:12:22,138{GMT}	INFO	[jepsen worker 1] jepsen.util: 1	:ok	:read	[0 1 2 3 5 6 7 9 10 11 12 13 14 15 16 17 18 20 21 22 24 23 25 27 28 29 31 32 33 34 35 36 37 38 39 40 41 42 43 44 45 46 47 48 49 50 51 52 53 54 55 56 57 58 59 60 61 62 63 64 65 66]
2025-06-27 19:12:22,328{GMT}	INFO	[jepsen worker 2] jepsen.util: 2	:invoke	:broadcast	67
2025-06-27 19:12:22,330{GMT}	INFO	[jepsen worker 2] jepsen.util: 2	:ok	:broadcast	67
2025-06-27 19:12:22,462{GMT}	INFO	[jepsen worker 3] jepsen.util: 3	:invoke	:read	nil
2025-06-27 19:12:22,464{GMT}	INFO	[jepsen worker 3] jepsen.util: 3	:ok	:read	[0 1 2 3 5 6 7 9 10 11 12 13 14 15 16 17 18 20 21 22 23 24 25 27 28 29 31 32 33 34 35 36 37 38 39 40 41 42 43 44 45 46 47 48 49 50 51 52 53 54 55 56 57 58 59 60 61 62 63 64 65 66 67]
2025-06-27 19:12:22,666{GMT}	INFO	[jepsen worker 4] jepsen.util: 4	:invoke	:read	nil
2025-06-27 19:12:22,668{GMT}	INFO	[jepsen worker 4] jepsen.util: 4	:ok	:read	[0 1 2 3 5 6 7 9 10 11 12 13 14 15 16 17 18 20 21 22 24 23 25 27 28 29 31 32 33 34 35 36 37 38 39 40 41 42 43 44 45 46 47 48 49 50 51 52 53 54 55 56 57 58 59 60 61 62 63 64 65 66 67]
2025-06-27 19:12:22,746{GMT}	INFO	[jepsen worker 0] jepsen.util: 0	:invoke	:read	nil
2025-06-27 19:12:22,749{GMT}	INFO	[jepsen worker 0] jepsen.util: 0	:ok	:read	[0 1 2 3 5 6 7 9 10 11 12 13 14 15 16 17 18 20 21 22 23 24 25 27 28 29 31 32 33 34 35 36 37 38 39 40 41 42 43 44 45 46 47 48 49 50 51 52 53 54 55 56 57 58 59 60 61 62 63 64 65 66 67]
2025-06-27 19:12:22,859{GMT}	INFO	[jepsen worker 0] jepsen.util: 0	:invoke	:read	nil
2025-06-27 19:12:22,861{GMT}	INFO	[jepsen worker 0] jepsen.util: 0	:ok	:read	[0 1 2 3 5 6 7 9 10 11 12 13 14 15 16 17 18 20 21 22 23 24 25 27 28 29 31 32 33 34 35 36 37 38 39 40 41 42 43 44 45 46 47 48 49 50 51 52 53 54 55 56 57 58 59 60 61 62 63 64 65 66 67]
2025-06-27 19:12:22,892{GMT}	INFO	[jepsen worker 1] jepsen.util: 1	:invoke	:broadcast	68
2025-06-27 19:12:22,893{GMT}	INFO	[jepsen worker 1] jepsen.util: 1	:ok	:broadcast	68
2025-06-27 19:12:23,072{GMT}	INFO	[jepsen worker 2] jepsen.util: 2	:invoke	:read	nil
2025-06-27 19:12:23,074{GMT}	INFO	[jepsen worker 2] jepsen.util: 2	:ok	:read	[4 8 19 26 30 37 38 39 40 41 42 43 44 45 46 47 48 49 50 51 52 53 54 55 56 57 58 59 60 61 62 63 64 65 66 67 68]
2025-06-27 19:12:23,128{GMT}	INFO	[jepsen worker 3] jepsen.util: 3	:invoke	:read	nil
2025-06-27 19:12:23,130{GMT}	INFO	[jepsen worker 3] jepsen.util: 3	:ok	:read	[0 1 2 3 5 6 7 9 10 11 12 13 14 15 16 17 18 20 21 22 23 24 25 27 28 29 31 32 33 34 35 36 37 38 39 40 41 42 43 44 45 46 47 48 49 50 51 52 53 54 55 56 57 58 59 60 61 62 63 64 65 66 67 68]
2025-06-27 19:12:23,299{GMT}	INFO	[jepsen worker 4] jepsen.util: 4	:invoke	:read	nil
2025-06-27 19:12:23,302{GMT}	INFO	[jepsen worker 4] jepsen.util: 4	:ok	:read	[0 1 2 3 5 6 7 9 10 11 12 13 14 15 16 17 18 20 21 22 24 23 25 27 28 29 31 32 33 34 35 36 37 38 39 40 41 42 43 44 45 46 47 48 49 50 51 52 53 54 55 56 57 58 59 60 61 62 63 64 65 66 67 68]
2025-06-27 19:12:23,393{GMT}	INFO	[jepsen worker 0] jepsen.util: 0	:invoke	:read	nil
2025-06-27 19:12:23,396{GMT}	INFO	[jepsen worker 0] jepsen.util: 0	:ok	:read	[0 1 2 3 5 6 7 9 10 11 12 13 14 15 16 17 18 20 21 22 23 24 25 27 28 29 31 32 33 34 35 36 37 38 39 40 41 42 43 44 45 46 47 48 49 50 51 52 53 54 55 56 57 58 59 60 61 62 63 64 65 66 67 68]
2025-06-27 19:12:23,553{GMT}	INFO	[jepsen worker 0] jepsen.util: 0	:invoke	:read	nil
2025-06-27 19:12:23,555{GMT}	INFO	[jepsen worker 0] jepsen.util: 0	:ok	:read	[0 1 2 3 5 6 7 9 10 11 12 13 14 15 16 17 18 20 21 22 23 24 25 27 28 29 31 32 33 34 35 36 37 38 39 40 41 42 43 44 45 46 47 48 49 50 51 52 53 54 55 56 57 58 59 60 61 62 63 64 65 66 67 68]
2025-06-27 19:12:23,608{GMT}	INFO	[jepsen worker 1] jepsen.util: 1	:invoke	:read	nil
2025-06-27 19:12:23,610{GMT}	INFO	[jepsen worker 1] jepsen.util: 1	:ok	:read	[0 1 2 3 5 6 7 9 10 11 12 13 14 15 16 17 18 20 21 22 24 23 25 27 28 29 31 32 33 34 35 36 37 38 39 40 41 42 43 44 45 46 47 48 49 50 51 52 53 54 55 56 57 58 59 60 61 62 63 64 65 66 67 68]
2025-06-27 19:12:23,801{GMT}	INFO	[jepsen worker 2] jepsen.util: 2	:invoke	:broadcast	69
2025-06-27 19:12:23,803{GMT}	INFO	[jepsen worker 2] jepsen.util: 2	:ok	:broadcast	69
2025-06-27 19:12:23,978{GMT}	INFO	[jepsen worker 3] jepsen.util: 3	:invoke	:read	nil
2025-06-27 19:12:23,980{GMT}	INFO	[jepsen worker 3] jepsen.util: 3	:ok	:read	[0 1 2 3 5 6 7 9 10 11 12 13 14 15 16 17 18 20 21 22 23 24 25 27 28 29 31 32 33 34 35 36 37 38 39 40 41 42 43 44 45 46 47 48 49 50 51 52 53 54 55 56 57 58 59 60 61 62 63 64 65 66 67 68 69]
2025-06-27 19:12:24,037{GMT}	INFO	[jepsen worker 4] jepsen.util: 4	:invoke	:read	nil
2025-06-27 19:12:24,039{GMT}	INFO	[jepsen worker 4] jepsen.util: 4	:ok	:read	[0 1 2 3 5 6 7 9 10 11 12 13 14 15 16 17 18 20 21 22 24 23 25 27 28 29 31 32 33 34 35 36 37 38 39 40 41 42 43 44 45 46 47 48 49 50 51 52 53 54 55 56 57 58 59 60 61 62 63 64 65 66 67 68 69]
2025-06-27 19:12:24,145{GMT}	INFO	[jepsen worker 0] jepsen.util: 0	:invoke	:broadcast	70
2025-06-27 19:12:24,148{GMT}	INFO	[jepsen worker 0] jepsen.util: 0	:ok	:broadcast	70
2025-06-27 19:12:24,229{GMT}	INFO	[jepsen worker 0] jepsen.util: 0	:invoke	:broadcast	71
2025-06-27 19:12:24,231{GMT}	INFO	[jepsen worker 0] jepsen.util: 0	:ok	:broadcast	71
2025-06-27 19:12:24,432{GMT}	INFO	[jepsen worker 1] jepsen.util: 1	:invoke	:read	nil
2025-06-27 19:12:24,434{GMT}	INFO	[jepsen worker 1] jepsen.util: 1	:ok	:read	[0 1 2 3 5 6 7 9 10 11 12 13 14 15 16 17 18 20 21 22 24 23 25 27 28 29 31 32 33 34 35 36 37 38 39 40 41 42 43 44 45 46 47 48 49 50 51 52 53 54 55 56 57 58 59 60 61 62 63 64 65 66 67 68 69 70 71]
2025-06-27 19:12:24,520{GMT}	INFO	[jepsen worker 2] jepsen.util: 2	:invoke	:read	nil
2025-06-27 19:12:24,522{GMT}	INFO	[jepsen worker 2] jepsen.util: 2	:ok	:read	[4 8 19 26 30 37 38 39 40 41 42 43 44 45 46 47 48 49 50 51 52 53 54 55 56 57 58 59 60 61 62 63 64 65 66 67 68 69 70 71]
2025-06-27 19:12:24,525{GMT}	INFO	[jepsen worker 3] jepsen.util: 3	:invoke	:read	nil
2025-06-27 19:12:24,526{GMT}	INFO	[jepsen worker 3] jepsen.util: 3	:ok	:read	[0 1 2 3 5 6 7 9 10 11 12 13 14 15 16 17 18 20 21 22 23 24 25 27 28 29 31 32 33 34 35 36 37 38 39 40 41 42 43 44 45 46 47 48 49 50 51 52 53 54 55 56 57 58 59 60 61 62 63 64 65 66 67 68 69 70 71]
2025-06-27 19:12:24,553{GMT}	INFO	[jepsen worker 4] jepsen.util: 4	:invoke	:broadcast	72
2025-06-27 19:12:24,555{GMT}	INFO	[jepsen worker 4] jepsen.util: 4	:ok	:broadcast	72
2025-06-27 19:12:24,597{GMT}	INFO	[jepsen worker 0] jepsen.util: 0	:invoke	:broadcast	73
2025-06-27 19:12:24,598{GMT}	INFO	[jepsen worker 0] jepsen.util: 0	:ok	:broadcast	73
2025-06-27 19:12:24,779{GMT}	INFO	[jepsen worker 0] jepsen.util: 0	:invoke	:read	nil
2025-06-27 19:12:24,781{GMT}	INFO	[jepsen worker 0] jepsen.util: 0	:ok	:read	[0 1 2 3 5 6 7 9 10 11 12 13 14 15 16 17 18 20 21 22 23 24 25 27 28 29 31 32 33 34 35 36 37 38 39 40 41 42 43 44 45 46 47 48 49 50 51 52 53 54 55 56 57 58 59 60 61 62 63 64 65 66 67 68 69 70 71 72 73]
2025-06-27 19:12:24,803{GMT}	INFO	[jepsen worker 1] jepsen.util: 1	:invoke	:read	nil
2025-06-27 19:12:24,805{GMT}	INFO	[jepsen worker 1] jepsen.util: 1	:ok	:read	[0 1 2 3 5 6 7 9 10 11 12 13 14 15 16 17 18 20 21 22 24 23 25 27 28 29 31 32 33 34 35 36 37 38 39 40 41 42 43 44 45 46 47 48 49 50 51 52 53 54 55 56 57 58 59 60 61 62 63 64 65 66 67 68 69 70 71 72 73]
2025-06-27 19:12:25,006{GMT}	INFO	[jepsen worker 2] jepsen.util: 2	:invoke	:read	nil
2025-06-27 19:12:25,008{GMT}	INFO	[jepsen worker 2] jepsen.util: 2	:ok	:read	[4 8 19 26 30 37 38 39 40 41 42 43 44 45 46 47 48 49 50 51 52 53 54 55 56 57 58 59 60 61 62 63 64 65 66 67 68 69 70 71 72 73]
2025-06-27 19:12:25,162{GMT}	INFO	[jepsen worker 3] jepsen.util: 3	:invoke	:broadcast	74
2025-06-27 19:12:25,164{GMT}	INFO	[jepsen worker 3] jepsen.util: 3	:ok	:broadcast	74
2025-06-27 19:12:25,192{GMT}	INFO	[jepsen worker 4] jepsen.util: 4	:invoke	:broadcast	75
2025-06-27 19:12:25,193{GMT}	INFO	[jepsen worker 4] jepsen.util: 4	:ok	:broadcast	75
2025-06-27 19:12:25,254{GMT}	INFO	[jepsen worker 0] jepsen.util: 0	:invoke	:read	nil
2025-06-27 19:12:25,256{GMT}	INFO	[jepsen worker 0] jepsen.util: 0	:ok	:read	[0 1 2 3 5 6 7 9 10 11 12 13 14 15 16 17 18 20 21 22 23 24 25 27 28 29 31 32 33 34 35 36 37 38 39 40 41 42 43 44 45 46 47 48 49 50 51 52 53 54 55 56 57 58 59 60 61 62 63 64 65 66 67 68 69 70 71 72 73 74 75]
2025-06-27 19:12:25,286{GMT}	INFO	[jepsen worker 0] jepsen.util: 0	:invoke	:read	nil
2025-06-27 19:12:25,288{GMT}	INFO	[jepsen worker 0] jepsen.util: 0	:ok	:read	[0 1 2 3 5 6 7 9 10 11 12 13 14 15 16 17 18 20 21 22 23 24 25 27 28 29 31 32 33 34 35 36 37 38 39 40 41 42 43 44 45 46 47 48 49 50 51 52 53 54 55 56 57 58 59 60 61 62 63 64 65 66 67 68 69 70 71 72 73 74 75]
2025-06-27 19:12:25,340{GMT}	INFO	[jepsen worker 1] jepsen.util: 1	:invoke	:read	nil
2025-06-27 19:12:25,342{GMT}	INFO	[jepsen worker 1] jepsen.util: 1	:ok	:read	[0 1 2 3 5 6 7 9 10 11 12 13 14 15 16 17 18 20 21 22 24 23 25 27 28 29 31 32 33 34 35 36 37 38 39 40 41 42 43 44 45 46 47 48 49 50 51 52 53 54 55 56 57 58 59 60 61 62 63 64 65 66 67 68 69 70 71 72 73 74 75]
2025-06-27 19:12:25,395{GMT}	INFO	[jepsen worker 2] jepsen.util: 2	:invoke	:broadcast	76
2025-06-27 19:12:25,397{GMT}	INFO	[jepsen worker 2] jepsen.util: 2	:ok	:broadcast	76
2025-06-27 19:12:25,472{GMT}	INFO	[jepsen worker 3] jepsen.util: 3	:invoke	:broadcast	77
2025-06-27 19:12:25,481{GMT}	INFO	[jepsen worker 3] jepsen.util: 3	:ok	:broadcast	77
2025-06-27 19:12:25,657{GMT}	INFO	[jepsen worker 4] jepsen.util: 4	:invoke	:broadcast	78
2025-06-27 19:12:25,658{GMT}	INFO	[jepsen worker 4] jepsen.util: 4	:ok	:broadcast	78
2025-06-27 19:12:25,737{GMT}	INFO	[jepsen worker 0] jepsen.util: 0	:invoke	:broadcast	79
2025-06-27 19:12:25,739{GMT}	INFO	[jepsen worker 0] jepsen.util: 0	:ok	:broadcast	79
2025-06-27 19:12:25,889{GMT}	INFO	[jepsen worker 0] jepsen.util: 0	:invoke	:broadcast	80
2025-06-27 19:12:25,891{GMT}	INFO	[jepsen worker 0] jepsen.util: 0	:ok	:broadcast	80
2025-06-27 19:12:26,078{GMT}	INFO	[jepsen worker 1] jepsen.util: 1	:invoke	:broadcast	81
2025-06-27 19:12:26,080{GMT}	INFO	[jepsen worker 1] jepsen.util: 1	:ok	:broadcast	81
2025-06-27 19:12:26,106{GMT}	INFO	[jepsen worker 2] jepsen.util: 2	:invoke	:broadcast	82
2025-06-27 19:12:26,108{GMT}	INFO	[jepsen worker 2] jepsen.util: 2	:ok	:broadcast	82
2025-06-27 19:12:26,269{GMT}	INFO	[jepsen worker 3] jepsen.util: 3	:invoke	:broadcast	83
2025-06-27 19:12:26,271{GMT}	INFO	[jepsen worker 3] jepsen.util: 3	:ok	:broadcast	83
2025-06-27 19:12:26,345{GMT}	INFO	[jepsen worker 4] jepsen.util: 4	:invoke	:read	nil
2025-06-27 19:12:26,348{GMT}	INFO	[jepsen worker 4] jepsen.util: 4	:ok	:read	[0 1 2 3 5 6 7 9 10 11 12 13 14 15 16 17 18 20 21 22 24 23 25 27 28 29 31 32 33 34 35 36 37 38 39 40 41 42 43 44 45 46 47 48 49 50 51 52 53 54 55 56 57 58 59 60 61 62 63 64 65 66 67 68 69 70 71 72 73 74 75 76 77 78 79 80 81 82 83]
2025-06-27 19:12:26,534{GMT}	INFO	[jepsen worker 0] jepsen.util: 0	:invoke	:read	nil
2025-06-27 19:12:26,536{GMT}	INFO	[jepsen worker 0] jepsen.util: 0	:ok	:read	[0 1 2 3 5 6 7 9 10 11 12 13 14 15 16 17 18 20 21 22 23 24 25 27 28 29 31 32 33 34 35 36 37 38 39 40 41 42 43 44 45 46 47 48 49 50 51 52 53 54 55 56 57 58 59 60 61 62 63 64 65 66 67 68 69 70 71 72 73 74 75 76 77 78 79 80 81 82 83]
2025-06-27 19:12:26,627{GMT}	INFO	[jepsen worker 0] jepsen.util: 0	:invoke	:broadcast	84
2025-06-27 19:12:26,629{GMT}	INFO	[jepsen worker 0] jepsen.util: 0	:ok	:broadcast	84
2025-06-27 19:12:26,636{GMT}	INFO	[jepsen worker 1] jepsen.util: 1	:invoke	:read	nil
2025-06-27 19:12:26,638{GMT}	INFO	[jepsen worker 1] jepsen.util: 1	:ok	:read	[0 1 2 3 5 6 7 9 10 11 12 13 14 15 16 17 18 20 21 22 24 23 25 27 28 29 31 32 33 34 35 36 37 38 39 40 41 42 43 44 45 46 47 48 49 50 51 52 53 54 55 56 57 58 59 60 61 62 63 64 65 66 67 68 69 70 71 72 73 74 75 76 77 78 79 80 81 82 83 84]
2025-06-27 19:12:26,824{GMT}	INFO	[jepsen worker 2] jepsen.util: 2	:invoke	:read	nil
2025-06-27 19:12:26,826{GMT}	INFO	[jepsen worker 2] jepsen.util: 2	:ok	:read	[4 8 19 26 30 37 38 39 40 41 42 43 44 45 46 47 48 49 50 51 52 53 54 55 56 57 58 59 60 61 62 63 64 65 66 67 68 69 70 71 72 73 74 75 76 77 78 79 80 81 82 83 84]
2025-06-27 19:12:26,920{GMT}	INFO	[jepsen worker 3] jepsen.util: 3	:invoke	:broadcast	85
2025-06-27 19:12:26,920{GMT}	INFO	[jepsen worker 3] jepsen.util: 3	:ok	:broadcast	85
2025-06-27 19:12:26,959{GMT}	INFO	[jepsen worker 4] jepsen.util: 4	:invoke	:read	nil
2025-06-27 19:12:26,959{GMT}	INFO	[jepsen worker 4] jepsen.util: 4	:ok	:read	[0 1 2 3 5 6 7 9 10 11 12 13 14 15 16 17 18 20 21 22 24 23 25 27 28 29 31 32 33 34 35 36 37 38 39 40 41 42 43 44 45 46 47 48 49 50 51 52 53 54 55 56 57 58 59 60 61 62 63 64 65 66 67 68 69 70 71 72 73 74 75 76 77 78 79 80 81 82 83 84 85]
2025-06-27 19:12:26,978{GMT}	INFO	[jepsen worker 0] jepsen.util: 0	:invoke	:broadcast	86
2025-06-27 19:12:26,978{GMT}	INFO	[jepsen worker 0] jepsen.util: 0	:ok	:broadcast	86
2025-06-27 19:12:27,019{GMT}	INFO	[jepsen worker 0] jepsen.util: 0	:invoke	:broadcast	87
2025-06-27 19:12:27,038{GMT}	INFO	[jepsen worker 0] jepsen.util: 0	:ok	:broadcast	87
2025-06-27 19:12:27,186{GMT}	INFO	[jepsen worker 1] jepsen.util: 1	:invoke	:read	nil
2025-06-27 19:12:27,187{GMT}	INFO	[jepsen worker 1] jepsen.util: 1	:ok	:read	[0 1 2 3 5 6 7 9 10 11 12 13 14 15 16 17 18 20 21 22 24 23 25 27 28 29 31 32 33 34 35 36 37 38 39 40 41 42 43 44 45 46 47 48 49 50 51 52 53 54 55 56 57 58 59 60 61 62 63 64 65 66 67 68 69 70 71 72 73 74 75 76 77 78 79 80 81 82 83 84 85 86 87]
2025-06-27 19:12:27,293{GMT}	INFO	[jepsen worker 2] jepsen.util: 2	:invoke	:read	nil
2025-06-27 19:12:27,303{GMT}	INFO	[jepsen worker 2] jepsen.util: 2	:ok	:read	[4 8 19 26 30 37 38 39 40 41 42 43 44 45 46 47 48 49 50 51 52 53 54 55 56 57 58 59 60 61 62 63 64 65 66 67 68 69 70 71 72 73 74 75 76 77 78 79 80 81 82 83 84 85 86 87]
2025-06-27 19:12:27,365{GMT}	INFO	[jepsen worker 3] jepsen.util: 3	:invoke	:broadcast	88
2025-06-27 19:12:27,367{GMT}	INFO	[jepsen worker 3] jepsen.util: 3	:ok	:broadcast	88
2025-06-27 19:12:27,541{GMT}	INFO	[jepsen worker 4] jepsen.util: 4	:invoke	:broadcast	89
2025-06-27 19:12:27,543{GMT}	INFO	[jepsen worker 4] jepsen.util: 4	:ok	:broadcast	89
2025-06-27 19:12:27,707{GMT}	INFO	[jepsen worker 0] jepsen.util: 0	:invoke	:read	nil
2025-06-27 19:12:27,709{GMT}	INFO	[jepsen worker 0] jepsen.util: 0	:ok	:read	[0 1 2 3 5 6 7 9 10 11 12 13 14 15 16 17 18 20 21 22 23 24 25 27 28 29 31 32 33 34 35 36 37 38 39 40 41 42 43 44 45 46 47 48 49 50 51 52 53 54 55 56 57 58 59 60 61 62 63 64 65 66 67 68 69 70 71 72 73 74 75 76 77 78 79 80 81 82 83 84 85 86 87 88 89]
2025-06-27 19:12:27,710{GMT}	INFO	[jepsen worker nemesis] jepsen.util: :nemesis	:info	:stop-partition	nil
2025-06-27 19:12:27,710{GMT}	INFO	[jepsen worker nemesis] jepsen.util: :nemesis	:info	:stop-partition	:network-healed
2025-06-27 19:12:27,711{GMT}	INFO	[jepsen worker 1] jepsen.generator.interpreter: Waiting for recovery...
2025-06-27 19:12:37,727{GMT}	INFO	[jepsen worker 3] jepsen.util: 3	:invoke	:read	nil
2025-06-27 19:12:37,727{GMT}	INFO	[jepsen worker 1] jepsen.util: 1	:invoke	:read	nil
2025-06-27 19:12:37,727{GMT}	INFO	[jepsen worker 0] jepsen.util: 0	:invoke	:read	nil
2025-06-27 19:12:37,727{GMT}	INFO	[jepsen worker 4] jepsen.util: 4	:invoke	:read	nil
2025-06-27 19:12:37,727{GMT}	INFO	[jepsen worker 2] jepsen.util: 2	:invoke	:read	nil
2025-06-27 19:12:37,730{GMT}	INFO	[jepsen worker 2] jepsen.util: 2	:ok	:read	[4 8 19 26 30 37 38 39 40 41 42 43 44 45 46 47 48 49 50 51 52 53 54 55 56 57 58 59 60 61 62 63 64 65 66 67 68 69 70 71 72 73 74 75 76 77 78 79 80 81 82 83 84 85 86 87 88 89]
2025-06-27 19:12:37,730{GMT}	INFO	[jepsen worker 4] jepsen.util: 4	:ok	:read	[0 1 2 3 5 6 7 9 10 11 12 13 14 15 16 17 18 20 21 22 24 23 25 27 28 29 31 32 33 34 35 36 37 38 39 40 41 42 43 44 45 46 47 48 49 50 51 52 53 54 55 56 57 58 59 60 61 62 63 64 65 66 67 68 69 70 71 72 73 74 75 76 77 78 79 80 81 82 83 84 85 86 87 88 89]
2025-06-27 19:12:37,730{GMT}	INFO	[jepsen worker 3] jepsen.util: 3	:ok	:read	[0 1 2 3 5 6 7 9 10 11 12 13 14 15 16 17 18 20 21 22 23 24 25 27 28 29 31 32 33 34 35 36 37 38 39 40 41 42 43 44 45 46 47 48 49 50 51 52 53 54 55 56 57 58 59 60 61 62 63 64 65 66 67 68 69 70 71 72 73 74 75 76 77 78 79 80 81 82 83 84 85 86 87 88 89]
2025-06-27 19:12:37,730{GMT}	INFO	[jepsen worker 1] jepsen.util: 1	:ok	:read	[0 1 2 3 5 6 7 9 10 11 12 13 14 15 16 17 18 20 21 22 24 23 25 27 28 29 31 32 33 34 35 36 37 38 39 40 41 42 43 44 45 46 47 48 49 50 51 52 53 54 55 56 57 58 59 60 61 62 63 64 65 66 67 68 69 70 71 72 73 74 75 76 77 78 79 80 81 82 83 84 85 86 87 88 89]
2025-06-27 19:12:37,730{GMT}	INFO	[jepsen worker 0] jepsen.util: 0	:ok	:read	[0 1 2 3 5 6 7 9 10 11 12 13 14 15 16 17 18 20 21 22 23 24 25 27 28 29 31 32 33 34 35 36 37 38 39 40 41 42 43 44 45 46 47 48 49 50 51 52 53 54 55 56 57 58 59 60 61 62 63 64 65 66 67 68 69 70 71 72 73 74 75 76 77 78 79 80 81 82 83 84 85 86 87 88 89]
2025-06-27 19:12:37,747{GMT}	INFO	[jepsen test runner] jepsen.core: Run complete, writing
2025-06-27 19:12:37,799{GMT}	INFO	[jepsen node n1] maelstrom.db: Tearing down n1
2025-06-27 19:12:37,799{GMT}	INFO	[jepsen node n2] maelstrom.db: Tearing down n2
2025-06-27 19:12:37,799{GMT}	INFO	[jepsen node n3] maelstrom.db: Tearing down n3
2025-06-27 19:12:37,799{GMT}	INFO	[jepsen node n0] maelstrom.db: Tearing down n0
2025-06-27 19:12:37,799{GMT}	INFO	[jepsen node n4] maelstrom.db: Tearing down n4
2025-06-27 19:12:39,689{GMT}	INFO	[jepsen node n0] maelstrom.net: Shutting down Maelstrom network
2025-06-27 19:12:39,693{GMT}	INFO	[jepsen test runner] jepsen.core: Analyzing...
2025-06-27 19:12:40,112{GMT}	INFO	[jepsen test runner] jepsen.core: Analysis complete
2025-06-27 19:12:40,128{GMT}	INFO	[jepsen results] jepsen.store: Wrote /Users/anandtrehan/flyio_challenges/maelstrom/store/broadcast/20250627T191206.803-0400/results.edn
2025-06-27 19:12:40,142{GMT}	INFO	[jepsen test runner] jepsen.core: {:perf {:latency-graph {:valid? true},
        :rate-graph {:valid? true},
        :valid? true},
 :timeline {:valid? true},
 :exceptions {:valid? true},
 :stats {:valid? true,
         :count 201,
         :ok-count 201,
         :fail-count 0,
         :info-count 0,
         :by-f {:broadcast {:valid? true,
                            :count 90,
                            :ok-count 90,
                            :fail-count 0,
                            :info-count 0},
                :read {:valid? true,
                       :count 111,
                       :ok-count 111,
                       :fail-count 0,
                       :info-count 0}}},
 :availability {:valid? true, :ok-fraction 1.0},
 :net {:all {:send-count 1553,
             :recv-count 1516,
             :msg-count 1553,
             :msgs-per-op 7.726368},
       :clients {:send-count 422, :recv-count 422, :msg-count 422},
       :servers {:send-count 1131,
                 :recv-count 1094,
                 :msg-count 1131,
                 :msgs-per-op 5.626866},
       :valid? true},
 :workload {:worst-stale ({:element 0,
                           :outcome :stable,
                           :stable-latency 29701,
                           :lost-latency nil,
                           :known #jepsen.history.Op{:index 7,
                                                     :time 260984916,
                                                     :type :ok,
                                                     :process 3,
                                                     :f :add,
                                                     :value 0},
                           :last-absent #jepsen.history.Op{:index 401,
                                                           :time 29962393541,
                                                           :type :invoke,
                                                           :process 2,
                                                           :f :read,
                                                           :value nil,
                                                           :final? true}}
                          {:element 1,
                           :outcome :stable,
                           :stable-latency 29636,
                           :lost-latency nil,
                           :known #jepsen.history.Op{:index 9,
                                                     :time 325419541,
                                                     :type :ok,
                                                     :process 4,
                                                     :f :add,
                                                     :value 1},
                           :last-absent #jepsen.history.Op{:index 401,
                                                           :time 29962393541,
                                                           :type :invoke,
                                                           :process 2,
                                                           :f :read,
                                                           :value nil,
                                                           :final? true}}
                          {:element 2,
                           :outcome :stable,
                           :stable-latency 29376,
                           :lost-latency nil,
                           :known #jepsen.history.Op{:index 13,
                                                     :time 586286416,
                                                     :type :ok,
                                                     :process 0,
                                                     :f :add,
                                                     :value 2},
                           :last-absent #jepsen.history.Op{:index 401,
                                                           :time 29962393541,
                                                           :type :invoke,
                                                           :process 2,
                                                           :f :read,
                                                           :value nil,
                                                           :final? true}}
                          {:element 3,
                           :outcome :stable,
                           :stable-latency 29272,
                           :lost-latency nil,
                           :known #jepsen.history.Op{:index 16,
                                                     :time 690156791,
                                                     :type :ok,
                                                     :process 1,
                                                     :f :add,
                                                     :value 3},
                           :last-absent #jepsen.history.Op{:index 401,
                                                           :time 29962393541,
                                                           :type :invoke,
                                                           :process 2,
                                                           :f :read,
                                                           :value nil,
                                                           :final? true}}
                          {:element 5,
                           :outcome :stable,
                           :stable-latency 29193,
                           :lost-latency nil,
                           :known #jepsen.history.Op{:index 19,
                                                     :time 768888166,
                                                     :type :ok,
                                                     :process 3,
                                                     :f :add,
                                                     :value 5},
                           :last-absent #jepsen.history.Op{:index 401,
                                                           :time 29962393541,
                                                           :type :invoke,
                                                           :process 2,
                                                           :f :read,
                                                           :value nil,
                                                           :final? true}}
                          {:element 6,
                           :outcome :stable,
                           :stable-latency 28942,
                           :lost-latency nil,
                           :known #jepsen.history.Op{:index 23,
                                                     :time 1019854833,
                                                     :type :ok,
                                                     :process 0,
                                                     :f :add,
                                                     :value 6},
                           :last-absent #jepsen.history.Op{:index 401,
                                                           :time 29962393541,
                                                           :type :invoke,
                                                           :process 2,
                                                           :f :read,
                                                           :value nil,
                                                           :final? true}}
                          {:element 7,
                           :outcome :stable,
                           :stable-latency 28641,
                           :lost-latency nil,
                           :known #jepsen.history.Op{:index 27,
                                                     :time 1320880958,
                                                     :type :ok,
                                                     :process 1,
                                                     :f :add,
                                                     :value 7},
                           :last-absent #jepsen.history.Op{:index 401,
                                                           :time 29962393541,
                                                           :type :invoke,
                                                           :process 2,
                                                           :f :read,
                                                           :value nil,
                                                           :final? true}}
                          {:element 9,
                           :outcome :stable,
                           :stable-latency 28280,
                           :lost-latency nil,
                           :known #jepsen.history.Op{:index 31,
                                                     :time 1682337708,
                                                     :type :ok,
                                                     :process 3,
                                                     :f :add,
                                                     :value 9},
                           :last-absent #jepsen.history.Op{:index 401,
                                                           :time 29962393541,
                                                           :type :invoke,
                                                           :process 2,
                                                           :f :read,
                                                           :value nil,
                                                           :final? true}}),
            :duplicated-count 0,
            :valid? false,
            :lost-count 5,
            :lost (4 8 19 26 30),
            :stable-count 85,
            :stale-count 32,
            :stale (0
                    1
                    2
                    3
                    5
                    6
                    7
                    9
                    10
                    11
                    12
                    13
                    14
                    15
                    16
                    17
                    18
                    20
                    21
                    22
                    23
                    24
                    25
                    27
                    28
                    29
                    31
                    32
                    33
                    34
                    35
                    36),
            :never-read-count 0,
            :stable-latencies {0 0,
                               0.5 0,
                               0.95 29193,
                               0.99 29701,
                               1 29701},
            :attempt-count 90,
            :lost-latencies {0 21965,
                             0.5 24432,
                             0.95 29272,
                             0.99 29272,
                             1 29272},
            :never-read (),
            :duplicated {}},
 :valid? false}


Analysis invalid! ( 
