2025/06/27 15:25:18 Received {c4 n0 {"type":"init","node_id":"n0","node_ids":["n0","n1","n2","n3","n4"],"msg_id":1}}
2025/06/27 15:25:18 Node n0 initialized
2025/06/27 15:25:18 Sent {"src":"n0","dest":"c4","body":{"in_reply_to":1,"type":"init_ok"}}
2025/06/27 15:25:18 Received {c5 n0 {"type":"topology","topology":{"n0":["n3","n1"],"n1":["n4","n2","n0"],"n2":["n1"],"n3":["n0","n4"],"n4":["n1","n3"]},"msg_id":1}}
2025/06/27 15:25:18 Sent {"src":"n0","dest":"c5","body":{"in_reply_to":1,"type":"topology_ok"}}
2025/06/27 15:25:18 Received {c10 n0 {"type":"broadcast","message":0,"msg_id":1}}
2025/06/27 15:25:18 Sent {"src":"n0","dest":"n3","body":{"message":0,"type":"broadcast"}}
2025/06/27 15:25:18 Sent {"src":"n0","dest":"n1","body":{"message":0,"type":"broadcast"}}
2025/06/27 15:25:18 Sent {"src":"n0","dest":"c10","body":{"in_reply_to":1,"type":"broadcast_ok"}}
2025/06/27 15:25:18 Received {n1 n0 {"message":1,"type":"broadcast"}}
2025/06/27 15:25:18 Sent {"src":"n0","dest":"n3","body":{"message":1,"type":"broadcast"}}
2025/06/27 15:25:18 Received {c10 n0 {"type":"read","msg_id":2}}
2025/06/27 15:25:18 Sent {"src":"n0","dest":"c10","body":{"in_reply_to":2,"messages":[0,1],"type":"read_ok"}}
2025/06/27 15:25:18 Received {c10 n0 {"type":"broadcast","message":2,"msg_id":3}}
2025/06/27 15:25:18 Sent {"src":"n0","dest":"n3","body":{"message":2,"type":"broadcast"}}
2025/06/27 15:25:18 Sent {"src":"n0","dest":"n1","body":{"message":2,"type":"broadcast"}}
2025/06/27 15:25:18 Sent {"src":"n0","dest":"c10","body":{"in_reply_to":3,"type":"broadcast_ok"}}
2025/06/27 15:25:19 Received {c10 n0 {"type":"broadcast","message":3,"msg_id":4}}
2025/06/27 15:25:19 Sent {"src":"n0","dest":"n3","body":{"message":3,"type":"broadcast"}}
2025/06/27 15:25:19 Sent {"src":"n0","dest":"n1","body":{"message":3,"type":"broadcast"}}
2025/06/27 15:25:19 Sent {"src":"n0","dest":"c10","body":{"in_reply_to":4,"type":"broadcast_ok"}}
2025/06/27 15:25:19 Received {c10 n0 {"type":"broadcast","message":4,"msg_id":5}}
2025/06/27 15:25:19 Sent {"src":"n0","dest":"n3","body":{"message":4,"type":"broadcast"}}
2025/06/27 15:25:19 Sent {"src":"n0","dest":"n1","body":{"message":4,"type":"broadcast"}}
2025/06/27 15:25:19 Sent {"src":"n0","dest":"c10","body":{"in_reply_to":5,"type":"broadcast_ok"}}
2025/06/27 15:25:19 Received {n1 n0 {"message":5,"type":"broadcast"}}
2025/06/27 15:25:19 Sent {"src":"n0","dest":"n3","body":{"message":5,"type":"broadcast"}}
2025/06/27 15:25:19 Received {n1 n0 {"message":6,"type":"broadcast"}}
2025/06/27 15:25:19 Sent {"src":"n0","dest":"n3","body":{"message":6,"type":"broadcast"}}
2025/06/27 15:25:20 Received {c10 n0 {"type":"broadcast","message":7,"msg_id":6}}
2025/06/27 15:25:20 Sent {"src":"n0","dest":"n3","body":{"message":7,"type":"broadcast"}}
2025/06/27 15:25:20 Sent {"src":"n0","dest":"n1","body":{"message":7,"type":"broadcast"}}
2025/06/27 15:25:20 Sent {"src":"n0","dest":"c10","body":{"in_reply_to":6,"type":"broadcast_ok"}}
2025/06/27 15:25:20 Received {c10 n0 {"type":"broadcast","message":8,"msg_id":7}}
2025/06/27 15:25:20 Sent {"src":"n0","dest":"n3","body":{"message":8,"type":"broadcast"}}
2025/06/27 15:25:20 Sent {"src":"n0","dest":"n1","body":{"message":8,"type":"broadcast"}}
2025/06/27 15:25:20 Sent {"src":"n0","dest":"c10","body":{"in_reply_to":7,"type":"broadcast_ok"}}
2025/06/27 15:25:20 Received {n1 n0 {"message":9,"type":"broadcast"}}
2025/06/27 15:25:20 Sent {"src":"n0","dest":"n3","body":{"message":9,"type":"broadcast"}}
2025/06/27 15:25:20 Received {n1 n0 {"message":10,"type":"broadcast"}}
2025/06/27 15:25:20 Sent {"src":"n0","dest":"n3","body":{"message":10,"type":"broadcast"}}
2025/06/27 15:25:20 Received {n1 n0 {"message":12,"type":"broadcast"}}
2025/06/27 15:25:20 Sent {"src":"n0","dest":"n3","body":{"message":12,"type":"broadcast"}}
2025/06/27 15:25:20 Received {c10 n0 {"type":"broadcast","message":13,"msg_id":8}}
2025/06/27 15:25:20 Sent {"src":"n0","dest":"n3","body":{"message":13,"type":"broadcast"}}
2025/06/27 15:25:20 Sent {"src":"n0","dest":"n1","body":{"message":13,"type":"broadcast"}}
2025/06/27 15:25:20 Sent {"src":"n0","dest":"c10","body":{"in_reply_to":8,"type":"broadcast_ok"}}
2025/06/27 15:25:20 Received {c10 n0 {"type":"broadcast","message":14,"msg_id":9}}
2025/06/27 15:25:20 Sent {"src":"n0","dest":"n3","body":{"message":14,"type":"broadcast"}}
2025/06/27 15:25:20 Sent {"src":"n0","dest":"n1","body":{"message":14,"type":"broadcast"}}
2025/06/27 15:25:20 Sent {"src":"n0","dest":"c10","body":{"in_reply_to":9,"type":"broadcast_ok"}}
2025/06/27 15:25:21 Received {n1 n0 {"message":16,"type":"broadcast"}}
2025/06/27 15:25:21 Sent {"src":"n0","dest":"n3","body":{"message":16,"type":"broadcast"}}
2025/06/27 15:25:21 Received {c10 n0 {"type":"read","msg_id":10}}
2025/06/27 15:25:21 Sent {"src":"n0","dest":"c10","body":{"in_reply_to":10,"messages":[0,1,2,3,4,5,6,7,8,9,10,12,13,14,16],"type":"read_ok"}}
2025/06/27 15:25:21 Received {c10 n0 {"type":"read","msg_id":11}}
2025/06/27 15:25:21 Sent {"src":"n0","dest":"c10","body":{"in_reply_to":11,"messages":[0,1,2,3,4,5,6,7,8,9,10,12,13,14,16],"type":"read_ok"}}
2025/06/27 15:25:21 Received {n1 n0 {"message":17,"type":"broadcast"}}
2025/06/27 15:25:21 Sent {"src":"n0","dest":"n3","body":{"message":17,"type":"broadcast"}}
2025/06/27 15:25:21 Received {c10 n0 {"type":"broadcast","message":18,"msg_id":12}}
2025/06/27 15:25:21 Sent {"src":"n0","dest":"n3","body":{"message":18,"type":"broadcast"}}
2025/06/27 15:25:21 Sent {"src":"n0","dest":"n1","body":{"message":18,"type":"broadcast"}}
2025/06/27 15:25:21 Sent {"src":"n0","dest":"c10","body":{"in_reply_to":12,"type":"broadcast_ok"}}
2025/06/27 15:25:21 Received {c10 n0 {"type":"read","msg_id":13}}
2025/06/27 15:25:21 Sent {"src":"n0","dest":"c10","body":{"in_reply_to":13,"messages":[0,1,2,3,4,5,6,7,8,9,10,12,13,14,16,17,18],"type":"read_ok"}}
2025/06/27 15:25:22 Received {n1 n0 {"message":19,"type":"broadcast"}}
2025/06/27 15:25:22 Sent {"src":"n0","dest":"n3","body":{"message":19,"type":"broadcast"}}
2025/06/27 15:25:22 Received {c10 n0 {"type":"read","msg_id":14}}
2025/06/27 15:25:22 Sent {"src":"n0","dest":"c10","body":{"in_reply_to":14,"messages":[0,1,2,3,4,5,6,7,8,9,10,12,13,14,16,17,18,19],"type":"read_ok"}}
