2025/06/27 15:25:18 Received {c0 n3 {"type":"init","node_id":"n3","node_ids":["n0","n1","n2","n3","n4"],"msg_id":1}}
2025/06/27 15:25:18 Node n3 initialized
2025/06/27 15:25:18 Sent {"src":"n3","dest":"c0","body":{"in_reply_to":1,"type":"init_ok"}}
2025/06/27 15:25:18 Received {c8 n3 {"type":"topology","topology":{"n0":["n3","n1"],"n1":["n4","n2","n0"],"n2":["n1"],"n3":["n0","n4"],"n4":["n1","n3"]},"msg_id":1}}
2025/06/27 15:25:18 Sent {"src":"n3","dest":"c8","body":{"in_reply_to":1,"type":"topology_ok"}}
2025/06/27 15:25:18 Received {c12 n3 {"type":"read","msg_id":1}}
2025/06/27 15:25:18 Sent {"src":"n3","dest":"c12","body":{"in_reply_to":1,"messages":[],"type":"read_ok"}}
2025/06/27 15:25:18 Received {c12 n3 {"type":"read","msg_id":2}}
2025/06/27 15:25:18 Sent {"src":"n3","dest":"c12","body":{"in_reply_to":2,"messages":[],"type":"read_ok"}}
2025/06/27 15:25:19 Received {c12 n3 {"type":"read","msg_id":3}}
2025/06/27 15:25:19 Sent {"src":"n3","dest":"c12","body":{"in_reply_to":3,"messages":[],"type":"read_ok"}}
2025/06/27 15:25:20 Received {c12 n3 {"type":"broadcast","message":11,"msg_id":4}}
2025/06/27 15:25:20 Sent {"src":"n3","dest":"n0","body":{"message":11,"type":"broadcast"}}
2025/06/27 15:25:20 Sent {"src":"n3","dest":"n4","body":{"message":11,"type":"broadcast"}}
2025/06/27 15:25:20 Sent {"src":"n3","dest":"c12","body":{"in_reply_to":4,"type":"broadcast_ok"}}
2025/06/27 15:25:21 Received {c12 n3 {"type":"broadcast","message":15,"msg_id":5}}
2025/06/27 15:25:21 Sent {"src":"n3","dest":"n0","body":{"message":15,"type":"broadcast"}}
2025/06/27 15:25:21 Sent {"src":"n3","dest":"n4","body":{"message":15,"type":"broadcast"}}
2025/06/27 15:25:21 Sent {"src":"n3","dest":"c12","body":{"in_reply_to":5,"type":"broadcast_ok"}}
2025/06/27 15:25:21 Received {c12 n3 {"type":"read","msg_id":6}}
2025/06/27 15:25:21 Sent {"src":"n3","dest":"c12","body":{"in_reply_to":6,"messages":[11,15],"type":"read_ok"}}
2025/06/27 15:25:22 Received {c12 n3 {"type":"read","msg_id":7}}
2025/06/27 15:25:22 Sent {"src":"n3","dest":"c12","body":{"in_reply_to":7,"messages":[11,15],"type":"read_ok"}}
