2025/06/29 14:47:56 Received {c4 n0 {"type":"init","node_id":"n0","node_ids":["n0","n1","n2","n3","n4"],"msg_id":1}}
2025/06/29 14:47:56 Node n0 initialized
2025/06/29 14:47:56 Sent {"src":"n0","dest":"c4","body":{"in_reply_to":1,"type":"init_ok"}}
2025/06/29 14:47:56 Received {c5 n0 {"type":"topology","topology":{"n0":["n3","n1"],"n1":["n4","n2","n0"],"n2":["n1"],"n3":["n0","n4"],"n4":["n1","n3"]},"msg_id":1}}
2025/06/29 14:47:56 Sent {"src":"n0","dest":"c5","body":{"in_reply_to":1,"type":"topology_ok"}}
2025/06/29 14:47:57 Received {c14 n0 {"type":"read","msg_id":1}}
2025/06/29 14:47:57 Sent {"src":"n0","dest":"c14","body":{"in_reply_to":1,"messages":[],"type":"read_ok"}}
2025/06/29 14:47:57 Received {c14 n0 {"type":"broadcast","message":1,"msg_id":2}}
2025/06/29 14:47:57 Sent {"src":"n0","dest":"c14","body":{"in_reply_to":2,"type":"broadcast_ok"}}
2025/06/29 14:47:57 Sent {"src":"n0","dest":"n1","body":{"messages":[1],"msg_id":1,"type":"broadcast"}}
2025/06/29 14:47:57 Sent {"src":"n0","dest":"n3","body":{"messages":[1],"msg_id":2,"type":"broadcast"}}
2025/06/29 14:47:58 Received {c14 n0 {"type":"broadcast","message":6,"msg_id":3}}
2025/06/29 14:47:58 Sent {"src":"n0","dest":"c14","body":{"in_reply_to":3,"type":"broadcast_ok"}}
2025/06/29 14:47:58 Received {c14 n0 {"type":"read","msg_id":4}}
2025/06/29 14:47:58 Sent {"src":"n0","dest":"c14","body":{"in_reply_to":4,"messages":[1,6],"type":"read_ok"}}
2025/06/29 14:47:58 Sent {"src":"n0","dest":"n3","body":{"messages":[6],"msg_id":3,"type":"broadcast"}}
2025/06/29 14:47:58 Sent {"src":"n0","dest":"n1","body":{"messages":[6],"msg_id":4,"type":"broadcast"}}
2025/06/29 14:47:58 Received {c14 n0 {"type":"read","msg_id":5}}
2025/06/29 14:47:58 Sent {"src":"n0","dest":"c14","body":{"in_reply_to":5,"messages":[1,6],"type":"read_ok"}}
2025/06/29 14:47:59 Received {c14 n0 {"type":"read","msg_id":6}}
2025/06/29 14:47:59 Sent {"src":"n0","dest":"c14","body":{"in_reply_to":6,"messages":[1,6],"type":"read_ok"}}
2025/06/29 14:47:59 Received {c14 n0 {"type":"read","msg_id":7}}
2025/06/29 14:47:59 Sent {"src":"n0","dest":"c14","body":{"in_reply_to":7,"messages":[1,6],"type":"read_ok"}}
2025/06/29 14:48:00 Received {c14 n0 {"type":"broadcast","message":9,"msg_id":8}}
2025/06/29 14:48:00 Sent {"src":"n0","dest":"c14","body":{"in_reply_to":8,"type":"broadcast_ok"}}
2025/06/29 14:48:00 Sent {"src":"n0","dest":"n3","body":{"messages":[9],"msg_id":5,"type":"broadcast"}}
2025/06/29 14:48:00 Sent {"src":"n0","dest":"n1","body":{"messages":[9],"msg_id":6,"type":"broadcast"}}
2025/06/29 14:48:00 Received {c14 n0 {"type":"broadcast","message":13,"msg_id":9}}
2025/06/29 14:48:00 Sent {"src":"n0","dest":"c14","body":{"in_reply_to":9,"type":"broadcast_ok"}}
2025/06/29 14:48:00 Received {c14 n0 {"type":"broadcast","message":14,"msg_id":10}}
2025/06/29 14:48:00 Sent {"src":"n0","dest":"c14","body":{"in_reply_to":10,"type":"broadcast_ok"}}
2025/06/29 14:48:00 Sent {"src":"n0","dest":"n3","body":{"messages":[13,14],"msg_id":7,"type":"broadcast"}}
2025/06/29 14:48:00 Sent {"src":"n0","dest":"n1","body":{"messages":[13,14],"msg_id":8,"type":"broadcast"}}
2025/06/29 14:48:01 Received {c14 n0 {"type":"read","msg_id":11}}
2025/06/29 14:48:01 Sent {"src":"n0","dest":"c14","body":{"in_reply_to":11,"messages":[1,6,9,13,14],"type":"read_ok"}}
2025/06/29 14:48:01 Received {c14 n0 {"type":"read","msg_id":12}}
2025/06/29 14:48:01 Sent {"src":"n0","dest":"c14","body":{"in_reply_to":12,"messages":[1,6,9,13,14],"type":"read_ok"}}
2025/06/29 14:48:02 Received {c14 n0 {"type":"read","msg_id":13}}
2025/06/29 14:48:02 Sent {"src":"n0","dest":"c14","body":{"in_reply_to":13,"messages":[1,6,9,13,14],"type":"read_ok"}}
2025/06/29 14:48:02 Received {c14 n0 {"type":"read","msg_id":14}}
2025/06/29 14:48:02 Sent {"src":"n0","dest":"c14","body":{"in_reply_to":14,"messages":[1,6,9,13,14],"type":"read_ok"}}
2025/06/29 14:48:02 Received {c14 n0 {"type":"broadcast","message":21,"msg_id":15}}
2025/06/29 14:48:02 Sent {"src":"n0","dest":"c14","body":{"in_reply_to":15,"type":"broadcast_ok"}}
2025/06/29 14:48:02 Received {c14 n0 {"type":"broadcast","message":22,"msg_id":16}}
2025/06/29 14:48:02 Sent {"src":"n0","dest":"c14","body":{"in_reply_to":16,"type":"broadcast_ok"}}
2025/06/29 14:48:02 Sent {"src":"n0","dest":"n1","body":{"messages":[21,22],"msg_id":9,"type":"broadcast"}}
2025/06/29 14:48:02 Sent {"src":"n0","dest":"n3","body":{"messages":[21,22],"msg_id":10,"type":"broadcast"}}
2025/06/29 14:48:03 Received {c14 n0 {"type":"broadcast","message":25,"msg_id":17}}
2025/06/29 14:48:03 Sent {"src":"n0","dest":"c14","body":{"in_reply_to":17,"type":"broadcast_ok"}}
2025/06/29 14:48:03 Received {c14 n0 {"type":"broadcast","message":26,"msg_id":18}}
2025/06/29 14:48:03 Sent {"src":"n0","dest":"c14","body":{"in_reply_to":18,"type":"broadcast_ok"}}
2025/06/29 14:48:03 Sent {"src":"n0","dest":"n1","body":{"messages":[25,26],"msg_id":11,"type":"broadcast"}}
2025/06/29 14:48:03 Sent {"src":"n0","dest":"n3","body":{"messages":[25,26],"msg_id":12,"type":"broadcast"}}
2025/06/29 14:48:03 Received {c14 n0 {"type":"read","msg_id":19}}
2025/06/29 14:48:03 Sent {"src":"n0","dest":"c14","body":{"in_reply_to":19,"messages":[1,6,9,13,14,21,22,25,26],"type":"read_ok"}}
2025/06/29 14:48:04 Received {c14 n0 {"type":"broadcast","message":30,"msg_id":20}}
2025/06/29 14:48:04 Sent {"src":"n0","dest":"c14","body":{"in_reply_to":20,"type":"broadcast_ok"}}
2025/06/29 14:48:04 Received {c14 n0 {"type":"read","msg_id":21}}
2025/06/29 14:48:04 Sent {"src":"n0","dest":"c14","body":{"in_reply_to":21,"messages":[1,6,9,13,14,21,22,25,26,30],"type":"read_ok"}}
2025/06/29 14:48:04 Received {c14 n0 {"type":"broadcast","message":32,"msg_id":22}}
2025/06/29 14:48:04 Sent {"src":"n0","dest":"c14","body":{"in_reply_to":22,"type":"broadcast_ok"}}
2025/06/29 14:48:04 Sent {"src":"n0","dest":"n1","body":{"messages":[30,32],"msg_id":13,"type":"broadcast"}}
2025/06/29 14:48:04 Sent {"src":"n0","dest":"n3","body":{"messages":[30,32],"msg_id":14,"type":"broadcast"}}
2025/06/29 14:48:04 Received {c14 n0 {"type":"read","msg_id":23}}
2025/06/29 14:48:04 Sent {"src":"n0","dest":"c14","body":{"in_reply_to":23,"messages":[1,6,9,13,14,21,22,25,26,30,32],"type":"read_ok"}}
2025/06/29 14:48:04 Received {c14 n0 {"type":"broadcast","message":36,"msg_id":24}}
2025/06/29 14:48:04 Sent {"src":"n0","dest":"c14","body":{"in_reply_to":24,"type":"broadcast_ok"}}
2025/06/29 14:48:04 Sent {"src":"n0","dest":"n1","body":{"messages":[36],"msg_id":15,"type":"broadcast"}}
2025/06/29 14:48:04 Sent {"src":"n0","dest":"n3","body":{"messages":[36],"msg_id":16,"type":"broadcast"}}
2025/06/29 14:48:05 Received {c14 n0 {"type":"broadcast","message":40,"msg_id":25}}
2025/06/29 14:48:05 Sent {"src":"n0","dest":"c14","body":{"in_reply_to":25,"type":"broadcast_ok"}}
2025/06/29 14:48:05 Received {c14 n0 {"type":"read","msg_id":26}}
2025/06/29 14:48:05 Sent {"src":"n0","dest":"c14","body":{"in_reply_to":26,"messages":[1,6,9,13,14,21,22,25,26,30,32,36,40],"type":"read_ok"}}
2025/06/29 14:48:05 Sent {"src":"n0","dest":"n1","body":{"messages":[40],"msg_id":17,"type":"broadcast"}}
2025/06/29 14:48:05 Sent {"src":"n0","dest":"n3","body":{"messages":[40],"msg_id":18,"type":"broadcast"}}
2025/06/29 14:48:05 Received {c14 n0 {"type":"read","msg_id":27}}
2025/06/29 14:48:05 Sent {"src":"n0","dest":"c14","body":{"in_reply_to":27,"messages":[1,6,9,13,14,21,22,25,26,30,32,36,40],"type":"read_ok"}}
2025/06/29 14:48:05 Received {c14 n0 {"type":"broadcast","message":42,"msg_id":28}}
2025/06/29 14:48:05 Sent {"src":"n0","dest":"c14","body":{"in_reply_to":28,"type":"broadcast_ok"}}
2025/06/29 14:48:05 Sent {"src":"n0","dest":"n1","body":{"messages":[42],"msg_id":19,"type":"broadcast"}}
2025/06/29 14:48:05 Sent {"src":"n0","dest":"n3","body":{"messages":[42],"msg_id":20,"type":"broadcast"}}
2025/06/29 14:48:06 Received {c14 n0 {"type":"read","msg_id":29}}
2025/06/29 14:48:06 Sent {"src":"n0","dest":"c14","body":{"in_reply_to":29,"messages":[1,6,9,13,14,21,22,25,26,30,32,36,40,42],"type":"read_ok"}}
2025/06/29 14:48:06 Received {n3 n0 {"messages":[37],"msg_id":34,"type":"broadcast"}}
2025/06/29 14:48:06 Received {n1 n0 {"messages":[44,41,45],"msg_id":49,"type":"broadcast"}}
2025/06/29 14:48:06 Sent {"src":"n0","dest":"n3","body":{"in_reply_to":34,"type":"broadcast_ok"}}
2025/06/29 14:48:06 Sent {"src":"n0","dest":"n1","body":{"in_reply_to":49,"type":"broadcast_ok"}}
2025/06/29 14:48:07 Received {c14 n0 {"type":"read","msg_id":30}}
2025/06/29 14:48:07 Sent {"src":"n0","dest":"c14","body":{"in_reply_to":30,"messages":[1,6,9,13,14,21,22,25,26,30,32,36,40,42,37,44,41,45],"type":"read_ok"}}
2025/06/29 14:48:07 Received {c14 n0 {"type":"read","msg_id":31}}
2025/06/29 14:48:07 Sent {"src":"n0","dest":"c14","body":{"in_reply_to":31,"messages":[1,6,9,13,14,21,22,25,26,30,32,36,40,42,37,44,41,45],"type":"read_ok"}}
2025/06/29 14:48:07 Received {n1 n0 {"messages":[46,47],"msg_id":53,"type":"broadcast"}}
2025/06/29 14:48:07 Sent {"src":"n0","dest":"n3","body":{"messages":[37,44,41,45],"msg_id":21,"type":"broadcast"}}
2025/06/29 14:48:07 Sent {"src":"n0","dest":"n1","body":{"in_reply_to":53,"type":"broadcast_ok"}}
2025/06/29 14:48:07 Sent {"src":"n0","dest":"n1","body":{"messages":[37,44,41,45],"msg_id":22,"type":"broadcast"}}
2025/06/29 14:48:07 Received {n3 n0 {"messages":[43],"msg_id":36,"type":"broadcast"}}
2025/06/29 14:48:07 Sent {"src":"n0","dest":"n3","body":{"in_reply_to":36,"type":"broadcast_ok"}}
2025/06/29 14:48:07 Received {n1 n0 {"in_reply_to":22,"type":"broadcast_ok"}}
2025/06/29 14:48:07 Received {n3 n0 {"in_reply_to":21,"type":"broadcast_ok"}}
2025/06/29 14:48:07 Sent {"src":"n0","dest":"n1","body":{"messages":[46,47,43],"msg_id":23,"type":"broadcast"}}
2025/06/29 14:48:07 Sent {"src":"n0","dest":"n3","body":{"messages":[46,47,43],"msg_id":24,"type":"broadcast"}}
2025/06/29 14:48:07 Received {n3 n0 {"messages":[44,45],"msg_id":38,"type":"broadcast"}}
2025/06/29 14:48:07 Sent {"src":"n0","dest":"n3","body":{"in_reply_to":38,"type":"broadcast_ok"}}
2025/06/29 14:48:07 Received {n3 n0 {"in_reply_to":24,"type":"broadcast_ok"}}
2025/06/29 14:48:07 Received {n1 n0 {"in_reply_to":23,"type":"broadcast_ok"}}
2025/06/29 14:48:08 Received {c14 n0 {"type":"broadcast","message":50,"msg_id":32}}
2025/06/29 14:48:08 Sent {"src":"n0","dest":"c14","body":{"in_reply_to":32,"type":"broadcast_ok"}}
2025/06/29 14:48:08 Received {c14 n0 {"type":"broadcast","message":51,"msg_id":33}}
2025/06/29 14:48:08 Sent {"src":"n0","dest":"c14","body":{"in_reply_to":33,"type":"broadcast_ok"}}
2025/06/29 14:48:08 Sent {"src":"n0","dest":"n1","body":{"messages":[50,51],"msg_id":25,"type":"broadcast"}}
2025/06/29 14:48:08 Sent {"src":"n0","dest":"n3","body":{"messages":[50,51],"msg_id":26,"type":"broadcast"}}
2025/06/29 14:48:08 Received {n3 n0 {"messages":[46,47,49],"msg_id":40,"type":"broadcast"}}
2025/06/29 14:48:08 Received {n1 n0 {"messages":[48,49,52],"msg_id":57,"type":"broadcast"}}
2025/06/29 14:48:08 Sent {"src":"n0","dest":"n3","body":{"in_reply_to":40,"type":"broadcast_ok"}}
2025/06/29 14:48:08 Sent {"src":"n0","dest":"n1","body":{"in_reply_to":57,"type":"broadcast_ok"}}
2025/06/29 14:48:08 Received {n1 n0 {"in_reply_to":25,"type":"broadcast_ok"}}
2025/06/29 14:48:08 Received {n3 n0 {"in_reply_to":26,"type":"broadcast_ok"}}
2025/06/29 14:48:08 Received {c14 n0 {"type":"broadcast","message":55,"msg_id":34}}
2025/06/29 14:48:08 Sent {"src":"n0","dest":"c14","body":{"in_reply_to":34,"type":"broadcast_ok"}}
2025/06/29 14:48:08 Received {c14 n0 {"type":"broadcast","message":56,"msg_id":35}}
2025/06/29 14:48:08 Sent {"src":"n0","dest":"c14","body":{"in_reply_to":35,"type":"broadcast_ok"}}
2025/06/29 14:48:08 Sent {"src":"n0","dest":"n1","body":{"messages":[49,48,52,55,56],"msg_id":27,"type":"broadcast"}}
2025/06/29 14:48:08 Sent {"src":"n0","dest":"n3","body":{"messages":[49,48,52,55,56],"msg_id":28,"type":"broadcast"}}
2025/06/29 14:48:08 Received {n1 n0 {"messages":[50,51],"msg_id":60,"type":"broadcast"}}
2025/06/29 14:48:08 Received {n3 n0 {"messages":[50,51,53,58],"msg_id":42,"type":"broadcast"}}
2025/06/29 14:48:08 Sent {"src":"n0","dest":"n1","body":{"in_reply_to":60,"type":"broadcast_ok"}}
2025/06/29 14:48:08 Sent {"src":"n0","dest":"n3","body":{"in_reply_to":42,"type":"broadcast_ok"}}
2025/06/29 14:48:08 Received {n1 n0 {"in_reply_to":27,"type":"broadcast_ok"}}
2025/06/29 14:48:08 Received {n3 n0 {"in_reply_to":28,"type":"broadcast_ok"}}
2025/06/29 14:48:09 Received {c14 n0 {"type":"broadcast","message":59,"msg_id":36}}
2025/06/29 14:48:09 Sent {"src":"n0","dest":"c14","body":{"in_reply_to":36,"type":"broadcast_ok"}}
2025/06/29 14:48:09 Received {c14 n0 {"type":"read","msg_id":37}}
2025/06/29 14:48:09 Sent {"src":"n0","dest":"c14","body":{"in_reply_to":37,"messages":[1,6,9,13,14,21,22,25,26,30,32,36,40,42,37,44,41,45,46,47,43,50,51,49,48,52,55,56,53,58,59],"type":"read_ok"}}
2025/06/29 14:48:09 Sent {"src":"n0","dest":"n1","body":{"messages":[53,58,59],"msg_id":29,"type":"broadcast"}}
2025/06/29 14:48:09 Sent {"src":"n0","dest":"n3","body":{"messages":[53,58,59],"msg_id":30,"type":"broadcast"}}
2025/06/29 14:48:09 Received {n3 n0 {"messages":[48,52,54,55,56],"msg_id":44,"type":"broadcast"}}
2025/06/29 14:48:09 Received {n1 n0 {"messages":[55,56,57,54],"msg_id":61,"type":"broadcast"}}
2025/06/29 14:48:09 Sent {"src":"n0","dest":"n3","body":{"in_reply_to":44,"type":"broadcast_ok"}}
2025/06/29 14:48:09 Sent {"src":"n0","dest":"n1","body":{"in_reply_to":61,"type":"broadcast_ok"}}
2025/06/29 14:48:09 Received {n3 n0 {"in_reply_to":30,"type":"broadcast_ok"}}
2025/06/29 14:48:09 Received {n1 n0 {"in_reply_to":29,"type":"broadcast_ok"}}
2025/06/29 14:48:09 Received {c14 n0 {"type":"broadcast","message":63,"msg_id":38}}
2025/06/29 14:48:09 Sent {"src":"n0","dest":"c14","body":{"in_reply_to":38,"type":"broadcast_ok"}}
2025/06/29 14:48:09 Received {c14 n0 {"type":"broadcast","message":64,"msg_id":39}}
2025/06/29 14:48:09 Sent {"src":"n0","dest":"c14","body":{"in_reply_to":39,"type":"broadcast_ok"}}
2025/06/29 14:48:09 Sent {"src":"n0","dest":"n3","body":{"messages":[54,57,63,64],"msg_id":31,"type":"broadcast"}}
2025/06/29 14:48:09 Sent {"src":"n0","dest":"n1","body":{"messages":[54,57,63,64],"msg_id":32,"type":"broadcast"}}
2025/06/29 14:48:09 Received {n1 n0 {"messages":[53,58,59,60],"msg_id":64,"type":"broadcast"}}
2025/06/29 14:48:09 Received {n3 n0 {"messages":[59,61],"msg_id":46,"type":"broadcast"}}
2025/06/29 14:48:09 Sent {"src":"n0","dest":"n1","body":{"in_reply_to":64,"type":"broadcast_ok"}}
2025/06/29 14:48:09 Sent {"src":"n0","dest":"n3","body":{"in_reply_to":46,"type":"broadcast_ok"}}
2025/06/29 14:48:09 Received {n1 n0 {"in_reply_to":32,"type":"broadcast_ok"}}
2025/06/29 14:48:09 Received {n3 n0 {"in_reply_to":31,"type":"broadcast_ok"}}
2025/06/29 14:48:10 Received {c14 n0 {"type":"read","msg_id":40}}
2025/06/29 14:48:10 Sent {"src":"n0","dest":"c14","body":{"in_reply_to":40,"messages":[1,6,9,13,14,21,22,25,26,30,32,36,40,42,37,44,41,45,46,47,43,50,51,49,48,52,55,56,53,58,59,54,57,63,64,60,61],"type":"read_ok"}}
2025/06/29 14:48:10 Received {c14 n0 {"type":"read","msg_id":41}}
2025/06/29 14:48:10 Sent {"src":"n0","dest":"c14","body":{"in_reply_to":41,"messages":[1,6,9,13,14,21,22,25,26,30,32,36,40,42,37,44,41,45,46,47,43,50,51,49,48,52,55,56,53,58,59,54,57,63,64,60,61],"type":"read_ok"}}
2025/06/29 14:48:10 Sent {"src":"n0","dest":"n3","body":{"messages":[60,61],"msg_id":33,"type":"broadcast"}}
2025/06/29 14:48:10 Sent {"src":"n0","dest":"n1","body":{"messages":[60,61],"msg_id":34,"type":"broadcast"}}
2025/06/29 14:48:10 Received {n1 n0 {"messages":[63,64,62],"msg_id":69,"type":"broadcast"}}
2025/06/29 14:48:10 Sent {"src":"n0","dest":"n1","body":{"in_reply_to":69,"type":"broadcast_ok"}}
2025/06/29 14:48:10 Received {n3 n0 {"messages":[57,62,63,64],"msg_id":47,"type":"broadcast"}}
2025/06/29 14:48:10 Sent {"src":"n0","dest":"n3","body":{"in_reply_to":47,"type":"broadcast_ok"}}
2025/06/29 14:48:10 Received {n3 n0 {"in_reply_to":33,"type":"broadcast_ok"}}
2025/06/29 14:48:10 Received {n1 n0 {"in_reply_to":34,"type":"broadcast_ok"}}
2025/06/29 14:48:10 Received {c14 n0 {"type":"broadcast","message":66,"msg_id":42}}
2025/06/29 14:48:10 Sent {"src":"n0","dest":"c14","body":{"in_reply_to":42,"type":"broadcast_ok"}}
2025/06/29 14:48:10 Sent {"src":"n0","dest":"n1","body":{"messages":[62,66],"msg_id":35,"type":"broadcast"}}
2025/06/29 14:48:10 Sent {"src":"n0","dest":"n3","body":{"messages":[62,66],"msg_id":36,"type":"broadcast"}}
2025/06/29 14:48:10 Received {n1 n0 {"messages":[61],"msg_id":71,"type":"broadcast"}}
2025/06/29 14:48:10 Received {n3 n0 {"messages":[60,65],"msg_id":50,"type":"broadcast"}}
2025/06/29 14:48:10 Sent {"src":"n0","dest":"n1","body":{"in_reply_to":71,"type":"broadcast_ok"}}
2025/06/29 14:48:10 Sent {"src":"n0","dest":"n3","body":{"in_reply_to":50,"type":"broadcast_ok"}}
2025/06/29 14:48:10 Received {n3 n0 {"in_reply_to":36,"type":"broadcast_ok"}}
2025/06/29 14:48:10 Received {n1 n0 {"in_reply_to":35,"type":"broadcast_ok"}}
2025/06/29 14:48:11 Received {c14 n0 {"type":"broadcast","message":67,"msg_id":43}}
2025/06/29 14:48:11 Sent {"src":"n0","dest":"c14","body":{"in_reply_to":43,"type":"broadcast_ok"}}
2025/06/29 14:48:11 Sent {"src":"n0","dest":"n1","body":{"messages":[65,67],"msg_id":37,"type":"broadcast"}}
2025/06/29 14:48:11 Sent {"src":"n0","dest":"n3","body":{"messages":[65,67],"msg_id":38,"type":"broadcast"}}
2025/06/29 14:48:11 Received {n1 n0 {"messages":[66,68],"msg_id":73,"type":"broadcast"}}
2025/06/29 14:48:11 Received {n3 n0 {"messages":[66,70],"msg_id":52,"type":"broadcast"}}
2025/06/29 14:48:11 Sent {"src":"n0","dest":"n1","body":{"in_reply_to":73,"type":"broadcast_ok"}}
2025/06/29 14:48:11 Sent {"src":"n0","dest":"n3","body":{"in_reply_to":52,"type":"broadcast_ok"}}
2025/06/29 14:48:11 Received {n1 n0 {"in_reply_to":37,"type":"broadcast_ok"}}
2025/06/29 14:48:11 Received {n3 n0 {"in_reply_to":38,"type":"broadcast_ok"}}
2025/06/29 14:48:11 Received {c14 n0 {"type":"broadcast","message":71,"msg_id":44}}
2025/06/29 14:48:11 Sent {"src":"n0","dest":"c14","body":{"in_reply_to":44,"type":"broadcast_ok"}}
2025/06/29 14:48:11 Received {c14 n0 {"type":"read","msg_id":45}}
2025/06/29 14:48:11 Sent {"src":"n0","dest":"c14","body":{"in_reply_to":45,"messages":[1,6,9,13,14,21,22,25,26,30,32,36,40,42,37,44,41,45,46,47,43,50,51,49,48,52,55,56,53,58,59,54,57,63,64,60,61,62,66,65,67,68,70,71],"type":"read_ok"}}
2025/06/29 14:48:11 Sent {"src":"n0","dest":"n1","body":{"messages":[68,70,71],"msg_id":39,"type":"broadcast"}}
2025/06/29 14:48:11 Sent {"src":"n0","dest":"n3","body":{"messages":[68,70,71],"msg_id":40,"type":"broadcast"}}
2025/06/29 14:48:12 Received {n1 n0 {"messages":[65,69,67],"msg_id":77,"type":"broadcast"}}
2025/06/29 14:48:12 Received {n3 n0 {"messages":[67],"msg_id":54,"type":"broadcast"}}
2025/06/29 14:48:12 Sent {"src":"n0","dest":"n1","body":{"in_reply_to":77,"type":"broadcast_ok"}}
2025/06/29 14:48:12 Sent {"src":"n0","dest":"n3","body":{"in_reply_to":54,"type":"broadcast_ok"}}
2025/06/29 14:48:12 Received {n3 n0 {"in_reply_to":40,"type":"broadcast_ok"}}
2025/06/29 14:48:12 Received {n1 n0 {"in_reply_to":39,"type":"broadcast_ok"}}
2025/06/29 14:48:12 Received {c14 n0 {"type":"read","msg_id":46}}
2025/06/29 14:48:12 Sent {"src":"n0","dest":"c14","body":{"in_reply_to":46,"messages":[1,6,9,13,14,21,22,25,26,30,32,36,40,42,37,44,41,45,46,47,43,50,51,49,48,52,55,56,53,58,59,54,57,63,64,60,61,62,66,65,67,68,70,71,69],"type":"read_ok"}}
2025/06/29 14:48:12 Received {c14 n0 {"type":"read","msg_id":47}}
2025/06/29 14:48:12 Sent {"src":"n0","dest":"c14","body":{"in_reply_to":47,"messages":[1,6,9,13,14,21,22,25,26,30,32,36,40,42,37,44,41,45,46,47,43,50,51,49,48,52,55,56,53,58,59,54,57,63,64,60,61,62,66,65,67,68,70,71,69],"type":"read_ok"}}
2025/06/29 14:48:12 Sent {"src":"n0","dest":"n3","body":{"messages":[69],"msg_id":41,"type":"broadcast"}}
2025/06/29 14:48:12 Sent {"src":"n0","dest":"n1","body":{"messages":[69],"msg_id":42,"type":"broadcast"}}
2025/06/29 14:48:12 Received {n1 n0 {"messages":[70,71,74],"msg_id":79,"type":"broadcast"}}
2025/06/29 14:48:12 Received {n3 n0 {"messages":[68,71,73],"msg_id":56,"type":"broadcast"}}
2025/06/29 14:48:12 Sent {"src":"n0","dest":"n1","body":{"in_reply_to":79,"type":"broadcast_ok"}}
2025/06/29 14:48:12 Sent {"src":"n0","dest":"n3","body":{"in_reply_to":56,"type":"broadcast_ok"}}
2025/06/29 14:48:12 Received {n1 n0 {"in_reply_to":42,"type":"broadcast_ok"}}
2025/06/29 14:48:12 Received {n3 n0 {"in_reply_to":41,"type":"broadcast_ok"}}
2025/06/29 14:48:12 Received {c14 n0 {"type":"read","msg_id":48}}
2025/06/29 14:48:12 Sent {"src":"n0","dest":"c14","body":{"in_reply_to":48,"messages":[1,6,9,13,14,21,22,25,26,30,32,36,40,42,37,44,41,45,46,47,43,50,51,49,48,52,55,56,53,58,59,54,57,63,64,60,61,62,66,65,67,68,70,71,69,74,73],"type":"read_ok"}}
2025/06/29 14:48:12 Received {c14 n0 {"type":"broadcast","message":77,"msg_id":49}}
2025/06/29 14:48:12 Sent {"src":"n0","dest":"c14","body":{"in_reply_to":49,"type":"broadcast_ok"}}
2025/06/29 14:48:13 Sent {"src":"n0","dest":"n1","body":{"messages":[74,73,77],"msg_id":44,"type":"broadcast"}}
2025/06/29 14:48:13 Sent {"src":"n0","dest":"n3","body":{"messages":[74,73,77],"msg_id":43,"type":"broadcast"}}
2025/06/29 14:48:13 Received {n1 n0 {"messages":[72],"msg_id":83,"type":"broadcast"}}
2025/06/29 14:48:13 Received {n3 n0 {"messages":[69,75],"msg_id":58,"type":"broadcast"}}
2025/06/29 14:48:13 Sent {"src":"n0","dest":"n1","body":{"in_reply_to":83,"type":"broadcast_ok"}}
2025/06/29 14:48:13 Sent {"src":"n0","dest":"n3","body":{"in_reply_to":58,"type":"broadcast_ok"}}
2025/06/29 14:48:13 Received {n1 n0 {"in_reply_to":44,"type":"broadcast_ok"}}
2025/06/29 14:48:13 Received {n3 n0 {"in_reply_to":43,"type":"broadcast_ok"}}
2025/06/29 14:48:13 Sent {"src":"n0","dest":"n1","body":{"messages":[72,75],"msg_id":45,"type":"broadcast"}}
2025/06/29 14:48:13 Sent {"src":"n0","dest":"n3","body":{"messages":[72,75],"msg_id":46,"type":"broadcast"}}
2025/06/29 14:48:13 Received {n1 n0 {"messages":[73,77,76],"msg_id":85,"type":"broadcast"}}
2025/06/29 14:48:13 Received {n3 n0 {"messages":[74,77,76],"msg_id":60,"type":"broadcast"}}
2025/06/29 14:48:13 Sent {"src":"n0","dest":"n1","body":{"in_reply_to":85,"type":"broadcast_ok"}}
2025/06/29 14:48:13 Sent {"src":"n0","dest":"n3","body":{"in_reply_to":60,"type":"broadcast_ok"}}
2025/06/29 14:48:13 Received {n3 n0 {"in_reply_to":46,"type":"broadcast_ok"}}
2025/06/29 14:48:13 Received {n1 n0 {"in_reply_to":45,"type":"broadcast_ok"}}
2025/06/29 14:48:13 Received {c14 n0 {"type":"read","msg_id":50}}
2025/06/29 14:48:13 Sent {"src":"n0","dest":"c14","body":{"in_reply_to":50,"messages":[1,6,9,13,14,21,22,25,26,30,32,36,40,42,37,44,41,45,46,47,43,50,51,49,48,52,55,56,53,58,59,54,57,63,64,60,61,62,66,65,67,68,70,71,69,74,73,77,72,75,76],"type":"read_ok"}}
2025/06/29 14:48:13 Received {c14 n0 {"type":"broadcast","message":80,"msg_id":51}}
2025/06/29 14:48:13 Sent {"src":"n0","dest":"c14","body":{"in_reply_to":51,"type":"broadcast_ok"}}
2025/06/29 14:48:13 Received {c14 n0 {"type":"broadcast","message":82,"msg_id":52}}
2025/06/29 14:48:13 Sent {"src":"n0","dest":"c14","body":{"in_reply_to":52,"type":"broadcast_ok"}}
2025/06/29 14:48:14 Sent {"src":"n0","dest":"n1","body":{"messages":[76,80,82],"msg_id":47,"type":"broadcast"}}
2025/06/29 14:48:14 Sent {"src":"n0","dest":"n3","body":{"messages":[76,80,82],"msg_id":48,"type":"broadcast"}}
2025/06/29 14:48:14 Received {n1 n0 {"messages":[78,75,79],"msg_id":89,"type":"broadcast"}}
2025/06/29 14:48:14 Sent {"src":"n0","dest":"n1","body":{"in_reply_to":89,"type":"broadcast_ok"}}
2025/06/29 14:48:14 Received {n3 n0 {"messages":[72,79],"msg_id":62,"type":"broadcast"}}
2025/06/29 14:48:14 Sent {"src":"n0","dest":"n3","body":{"in_reply_to":62,"type":"broadcast_ok"}}
2025/06/29 14:48:14 Received {n1 n0 {"in_reply_to":47,"type":"broadcast_ok"}}
2025/06/29 14:48:14 Received {n3 n0 {"in_reply_to":48,"type":"broadcast_ok"}}
2025/06/29 14:48:14 Received {c14 n0 {"type":"read","msg_id":53}}
2025/06/29 14:48:14 Sent {"src":"n0","dest":"c14","body":{"in_reply_to":53,"messages":[1,6,9,13,14,21,22,25,26,30,32,36,40,42,37,44,41,45,46,47,43,50,51,49,48,52,55,56,53,58,59,54,57,63,64,60,61,62,66,65,67,68,70,71,69,74,73,77,72,75,76,80,82,78,79],"type":"read_ok"}}
2025/06/29 14:48:14 Sent {"src":"n0","dest":"n1","body":{"messages":[78,79],"msg_id":49,"type":"broadcast"}}
2025/06/29 14:48:14 Sent {"src":"n0","dest":"n3","body":{"messages":[78,79],"msg_id":50,"type":"broadcast"}}
2025/06/29 14:48:14 Received {n1 n0 {"messages":[80,82,81,83],"msg_id":91,"type":"broadcast"}}
2025/06/29 14:48:14 Received {n3 n0 {"messages":[80,82,85],"msg_id":63,"type":"broadcast"}}
2025/06/29 14:48:14 Sent {"src":"n0","dest":"n1","body":{"in_reply_to":91,"type":"broadcast_ok"}}
2025/06/29 14:48:14 Sent {"src":"n0","dest":"n3","body":{"in_reply_to":63,"type":"broadcast_ok"}}
2025/06/29 14:48:14 Received {n3 n0 {"in_reply_to":50,"type":"broadcast_ok"}}
2025/06/29 14:48:14 Received {n1 n0 {"in_reply_to":49,"type":"broadcast_ok"}}
2025/06/29 14:48:14 Received {c14 n0 {"type":"broadcast","message":87,"msg_id":54}}
2025/06/29 14:48:14 Sent {"src":"n0","dest":"c14","body":{"in_reply_to":54,"type":"broadcast_ok"}}
2025/06/29 14:48:14 Received {c14 n0 {"type":"broadcast","message":88,"msg_id":55}}
2025/06/29 14:48:14 Sent {"src":"n0","dest":"c14","body":{"in_reply_to":55,"type":"broadcast_ok"}}
2025/06/29 14:48:15 Sent {"src":"n0","dest":"n1","body":{"messages":[81,83,85,87,88],"msg_id":51,"type":"broadcast"}}
2025/06/29 14:48:15 Sent {"src":"n0","dest":"n3","body":{"messages":[81,83,85,87,88],"msg_id":52,"type":"broadcast"}}
2025/06/29 14:48:15 Received {n1 n0 {"messages":[84,86,89],"msg_id":95,"type":"broadcast"}}
2025/06/29 14:48:15 Received {n3 n0 {"messages":[78,86],"msg_id":65,"type":"broadcast"}}
2025/06/29 14:48:15 Sent {"src":"n0","dest":"n1","body":{"in_reply_to":95,"type":"broadcast_ok"}}
2025/06/29 14:48:15 Sent {"src":"n0","dest":"n3","body":{"in_reply_to":65,"type":"broadcast_ok"}}
2025/06/29 14:48:15 Received {n1 n0 {"in_reply_to":51,"type":"broadcast_ok"}}
2025/06/29 14:48:15 Received {n3 n0 {"in_reply_to":52,"type":"broadcast_ok"}}
2025/06/29 14:48:15 Received {c14 n0 {"type":"read","msg_id":56}}
2025/06/29 14:48:15 Sent {"src":"n0","dest":"c14","body":{"in_reply_to":56,"messages":[1,6,9,13,14,21,22,25,26,30,32,36,40,42,37,44,41,45,46,47,43,50,51,49,48,52,55,56,53,58,59,54,57,63,64,60,61,62,66,65,67,68,70,71,69,74,73,77,72,75,76,80,82,78,79,81,83,85,87,88,84,86,89],"type":"read_ok"}}
2025/06/29 14:48:15 Received {c14 n0 {"type":"broadcast","message":92,"msg_id":57}}
2025/06/29 14:48:15 Sent {"src":"n0","dest":"c14","body":{"in_reply_to":57,"type":"broadcast_ok"}}
2025/06/29 14:48:15 Sent {"src":"n0","dest":"n1","body":{"messages":[84,86,89,92],"msg_id":53,"type":"broadcast"}}
2025/06/29 14:48:15 Sent {"src":"n0","dest":"n3","body":{"messages":[84,86,89,92],"msg_id":54,"type":"broadcast"}}
2025/06/29 14:48:15 Received {n1 n0 {"messages":[85,87,88,90],"msg_id":98,"type":"broadcast"}}
2025/06/29 14:48:15 Received {n3 n0 {"messages":[81,83,87,88],"msg_id":68,"type":"broadcast"}}
2025/06/29 14:48:15 Sent {"src":"n0","dest":"n1","body":{"in_reply_to":98,"type":"broadcast_ok"}}
2025/06/29 14:48:15 Sent {"src":"n0","dest":"n3","body":{"in_reply_to":68,"type":"broadcast_ok"}}
2025/06/29 14:48:15 Received {n1 n0 {"in_reply_to":53,"type":"broadcast_ok"}}
2025/06/29 14:48:15 Received {n3 n0 {"in_reply_to":54,"type":"broadcast_ok"}}
2025/06/29 14:48:15 Received {c14 n0 {"type":"broadcast","message":95,"msg_id":58}}
2025/06/29 14:48:15 Sent {"src":"n0","dest":"c14","body":{"in_reply_to":58,"type":"broadcast_ok"}}
2025/06/29 14:48:15 Received {c14 n0 {"type":"read","msg_id":59}}
2025/06/29 14:48:15 Sent {"src":"n0","dest":"c14","body":{"in_reply_to":59,"messages":[1,6,9,13,14,21,22,25,26,30,32,36,40,42,37,44,41,45,46,47,43,50,51,49,48,52,55,56,53,58,59,54,57,63,64,60,61,62,66,65,67,68,70,71,69,74,73,77,72,75,76,80,82,78,79,81,83,85,87,88,84,86,89,92,90,95],"type":"read_ok"}}
2025/06/29 14:48:16 Sent {"src":"n0","dest":"n1","body":{"messages":[90,95],"msg_id":55,"type":"broadcast"}}
2025/06/29 14:48:16 Sent {"src":"n0","dest":"n3","body":{"messages":[90,95],"msg_id":56,"type":"broadcast"}}
2025/06/29 14:48:16 Received {n1 n0 {"messages":[92,91,93],"msg_id":100,"type":"broadcast"}}
2025/06/29 14:48:16 Sent {"src":"n0","dest":"n1","body":{"in_reply_to":100,"type":"broadcast_ok"}}
2025/06/29 14:48:16 Received {n3 n0 {"messages":[84,89,91,92],"msg_id":70,"type":"broadcast"}}
2025/06/29 14:48:16 Sent {"src":"n0","dest":"n3","body":{"in_reply_to":70,"type":"broadcast_ok"}}
2025/06/29 14:48:16 Received {n3 n0 {"in_reply_to":56,"type":"broadcast_ok"}}
2025/06/29 14:48:16 Received {n1 n0 {"in_reply_to":55,"type":"broadcast_ok"}}
2025/06/29 14:48:16 Received {c14 n0 {"type":"broadcast","message":97,"msg_id":60}}
2025/06/29 14:48:16 Sent {"src":"n0","dest":"c14","body":{"in_reply_to":60,"type":"broadcast_ok"}}
2025/06/29 14:48:16 Received {c14 n0 {"type":"read","msg_id":61}}
2025/06/29 14:48:16 Sent {"src":"n0","dest":"c14","body":{"in_reply_to":61,"messages":[1,6,9,13,14,21,22,25,26,30,32,36,40,42,37,44,41,45,46,47,43,50,51,49,48,52,55,56,53,58,59,54,57,63,64,60,61,62,66,65,67,68,70,71,69,74,73,77,72,75,76,80,82,78,79,81,83,85,87,88,84,86,89,92,90,95,91,93,97],"type":"read_ok"}}
2025/06/29 14:48:16 Sent {"src":"n0","dest":"n1","body":{"messages":[91,93,97],"msg_id":57,"type":"broadcast"}}
2025/06/29 14:48:16 Sent {"src":"n0","dest":"n3","body":{"messages":[91,93,97],"msg_id":58,"type":"broadcast"}}
2025/06/29 14:48:16 Received {n1 n0 {"messages":[94,95],"msg_id":104,"type":"broadcast"}}
2025/06/29 14:48:16 Received {n3 n0 {"messages":[90,94,95],"msg_id":72,"type":"broadcast"}}
2025/06/29 14:48:16 Sent {"src":"n0","dest":"n1","body":{"in_reply_to":104,"type":"broadcast_ok"}}
2025/06/29 14:48:16 Sent {"src":"n0","dest":"n3","body":{"in_reply_to":72,"type":"broadcast_ok"}}
2025/06/29 14:48:16 Received {n3 n0 {"in_reply_to":58,"type":"broadcast_ok"}}
2025/06/29 14:48:16 Received {n1 n0 {"in_reply_to":57,"type":"broadcast_ok"}}
2025/06/29 14:48:16 Received {c14 n0 {"type":"read","msg_id":62}}
2025/06/29 14:48:16 Sent {"src":"n0","dest":"c14","body":{"in_reply_to":62,"messages":[1,6,9,13,14,21,22,25,26,30,32,36,40,42,37,44,41,45,46,47,43,50,51,49,48,52,55,56,53,58,59,54,57,63,64,60,61,62,66,65,67,68,70,71,69,74,73,77,72,75,76,80,82,78,79,81,83,85,87,88,84,86,89,92,90,95,91,93,97,94],"type":"read_ok"}}
2025/06/29 14:48:16 Received {c14 n0 {"type":"broadcast","message":98,"msg_id":63}}
2025/06/29 14:48:16 Sent {"src":"n0","dest":"c14","body":{"in_reply_to":63,"type":"broadcast_ok"}}
2025/06/29 14:48:17 Sent {"src":"n0","dest":"n1","body":{"messages":[94,98],"msg_id":59,"type":"broadcast"}}
2025/06/29 14:48:17 Sent {"src":"n0","dest":"n3","body":{"messages":[94,98],"msg_id":60,"type":"broadcast"}}
2025/06/29 14:48:17 Received {n3 n0 {"messages":[93,97],"msg_id":73,"type":"broadcast"}}
2025/06/29 14:48:17 Sent {"src":"n0","dest":"n3","body":{"in_reply_to":73,"type":"broadcast_ok"}}
2025/06/29 14:48:17 Received {n1 n0 {"messages":[96,97],"msg_id":108,"type":"broadcast"}}
2025/06/29 14:48:17 Sent {"src":"n0","dest":"n1","body":{"in_reply_to":108,"type":"broadcast_ok"}}
2025/06/29 14:48:17 Received {n3 n0 {"in_reply_to":60,"type":"broadcast_ok"}}
2025/06/29 14:48:17 Received {n1 n0 {"in_reply_to":59,"type":"broadcast_ok"}}
2025/06/29 14:48:17 Sent {"src":"n0","dest":"n1","body":{"messages":[96],"msg_id":61,"type":"broadcast"}}
2025/06/29 14:48:17 Sent {"src":"n0","dest":"n3","body":{"messages":[96],"msg_id":62,"type":"broadcast"}}
2025/06/29 14:48:17 Received {n1 n0 {"messages":[98],"msg_id":109,"type":"broadcast"}}
2025/06/29 14:48:17 Received {n3 n0 {"messages":[98],"msg_id":75,"type":"broadcast"}}
2025/06/29 14:48:17 Sent {"src":"n0","dest":"n1","body":{"in_reply_to":109,"type":"broadcast_ok"}}
2025/06/29 14:48:17 Sent {"src":"n0","dest":"n3","body":{"in_reply_to":75,"type":"broadcast_ok"}}
2025/06/29 14:48:17 Received {n3 n0 {"in_reply_to":62,"type":"broadcast_ok"}}
2025/06/29 14:48:17 Received {n1 n0 {"in_reply_to":61,"type":"broadcast_ok"}}
2025/06/29 14:48:18 Received {n3 n0 {"messages":[96],"msg_id":78,"type":"broadcast"}}
2025/06/29 14:48:18 Sent {"src":"n0","dest":"n3","body":{"in_reply_to":78,"type":"broadcast_ok"}}
2025/06/29 14:48:26 Received {c14 n0 {"type":"read","msg_id":64}}
2025/06/29 14:48:26 Sent {"src":"n0","dest":"c14","body":{"in_reply_to":64,"messages":[1,6,9,13,14,21,22,25,26,30,32,36,40,42,37,44,41,45,46,47,43,50,51,49,48,52,55,56,53,58,59,54,57,63,64,60,61,62,66,65,67,68,70,71,69,74,73,77,72,75,76,80,82,78,79,81,83,85,87,88,84,86,89,92,90,95,91,93,97,94,98,96],"type":"read_ok"}}
