2025/06/29 14:47:56 Received {c3 n1 {"type":"init","node_id":"n1","node_ids":["n0","n1","n2","n3","n4"],"msg_id":1}}
2025/06/29 14:47:56 Node n1 initialized
2025/06/29 14:47:56 Sent {"src":"n1","dest":"c3","body":{"in_reply_to":1,"type":"init_ok"}}
2025/06/29 14:47:56 Received {c6 n1 {"type":"topology","topology":{"n0":["n3","n1"],"n1":["n4","n2","n0"],"n2":["n1"],"n3":["n0","n4"],"n4":["n1","n3"]},"msg_id":1}}
2025/06/29 14:47:56 Sent {"src":"n1","dest":"c6","body":{"in_reply_to":1,"type":"topology_ok"}}
2025/06/29 14:47:57 Received {c10 n1 {"type":"read","msg_id":1}}
2025/06/29 14:47:57 Sent {"src":"n1","dest":"c10","body":{"in_reply_to":1,"messages":[],"type":"read_ok"}}
2025/06/29 14:47:57 Received {n2 n1 {"messages":[0],"msg_id":1,"type":"broadcast"}}
2025/06/29 14:47:57 Sent {"src":"n1","dest":"n2","body":{"in_reply_to":1,"type":"broadcast_ok"}}
2025/06/29 14:47:57 Received {c10 n1 {"type":"broadcast","message":2,"msg_id":2}}
2025/06/29 14:47:57 Sent {"src":"n1","dest":"c10","body":{"in_reply_to":2,"type":"broadcast_ok"}}
2025/06/29 14:47:57 Sent {"src":"n1","dest":"n0","body":{"messages":[0,2],"msg_id":1,"type":"broadcast"}}
2025/06/29 14:47:57 Sent {"src":"n1","dest":"n4","body":{"messages":[0,2],"msg_id":2,"type":"broadcast"}}
2025/06/29 14:47:57 Sent {"src":"n1","dest":"n2","body":{"messages":[0,2],"msg_id":3,"type":"broadcast"}}
2025/06/29 14:47:57 Received {n2 n1 {"messages":[3],"msg_id":2,"type":"broadcast"}}
2025/06/29 14:47:57 Sent {"src":"n1","dest":"n2","body":{"in_reply_to":2,"type":"broadcast_ok"}}
2025/06/29 14:47:57 Received {n4 n1 {"in_reply_to":2,"type":"broadcast_ok"}}
2025/06/29 14:47:57 Received {n2 n1 {"in_reply_to":3,"type":"broadcast_ok"}}
2025/06/29 14:47:58 Sent {"src":"n1","dest":"n0","body":{"messages":[3],"msg_id":4,"type":"broadcast"}}
2025/06/29 14:47:58 Sent {"src":"n1","dest":"n4","body":{"messages":[3],"msg_id":5,"type":"broadcast"}}
2025/06/29 14:47:58 Sent {"src":"n1","dest":"n2","body":{"messages":[3],"msg_id":6,"type":"broadcast"}}
2025/06/29 14:47:58 Received {n2 n1 {"messages":[2],"msg_id":3,"type":"broadcast"}}
2025/06/29 14:47:58 Received {n4 n1 {"messages":[0,2,5],"msg_id":2,"type":"broadcast"}}
2025/06/29 14:47:58 Sent {"src":"n1","dest":"n2","body":{"in_reply_to":3,"type":"broadcast_ok"}}
2025/06/29 14:47:58 Sent {"src":"n1","dest":"n4","body":{"in_reply_to":2,"type":"broadcast_ok"}}
2025/06/29 14:47:58 Received {n2 n1 {"in_reply_to":6,"type":"broadcast_ok"}}
2025/06/29 14:47:58 Received {n4 n1 {"in_reply_to":5,"type":"broadcast_ok"}}
2025/06/29 14:47:58 Received {c10 n1 {"type":"broadcast","message":7,"msg_id":3}}
2025/06/29 14:47:58 Sent {"src":"n1","dest":"c10","body":{"in_reply_to":3,"type":"broadcast_ok"}}
2025/06/29 14:47:58 Sent {"src":"n1","dest":"n0","body":{"messages":[5,7],"msg_id":7,"type":"broadcast"}}
2025/06/29 14:47:58 Sent {"src":"n1","dest":"n4","body":{"messages":[5,7],"msg_id":8,"type":"broadcast"}}
2025/06/29 14:47:58 Sent {"src":"n1","dest":"n2","body":{"messages":[5,7],"msg_id":9,"type":"broadcast"}}
2025/06/29 14:47:58 Received {n4 n1 {"messages":[4,3],"msg_id":3,"type":"broadcast"}}
2025/06/29 14:47:58 Sent {"src":"n1","dest":"n4","body":{"in_reply_to":3,"type":"broadcast_ok"}}
2025/06/29 14:47:58 Received {n2 n1 {"messages":[8],"msg_id":4,"type":"broadcast"}}
2025/06/29 14:47:58 Sent {"src":"n1","dest":"n2","body":{"in_reply_to":4,"type":"broadcast_ok"}}
2025/06/29 14:47:58 Received {n4 n1 {"in_reply_to":8,"type":"broadcast_ok"}}
2025/06/29 14:47:58 Received {n2 n1 {"in_reply_to":9,"type":"broadcast_ok"}}
2025/06/29 14:47:59 Received {c10 n1 {"type":"read","msg_id":4}}
2025/06/29 14:47:59 Sent {"src":"n1","dest":"c10","body":{"in_reply_to":4,"messages":[0,2,3,5,7,4,8],"type":"read_ok"}}
2025/06/29 14:47:59 Sent {"src":"n1","dest":"n0","body":{"messages":[4,8],"msg_id":10,"type":"broadcast"}}
2025/06/29 14:47:59 Sent {"src":"n1","dest":"n4","body":{"messages":[4,8],"msg_id":11,"type":"broadcast"}}
2025/06/29 14:47:59 Sent {"src":"n1","dest":"n2","body":{"messages":[4,8],"msg_id":12,"type":"broadcast"}}
2025/06/29 14:47:59 Received {n2 n1 {"messages":[5,7],"msg_id":5,"type":"broadcast"}}
2025/06/29 14:47:59 Received {n4 n1 {"messages":[7],"msg_id":6,"type":"broadcast"}}
2025/06/29 14:47:59 Sent {"src":"n1","dest":"n2","body":{"in_reply_to":5,"type":"broadcast_ok"}}
2025/06/29 14:47:59 Sent {"src":"n1","dest":"n4","body":{"in_reply_to":6,"type":"broadcast_ok"}}
2025/06/29 14:47:59 Received {n4 n1 {"in_reply_to":11,"type":"broadcast_ok"}}
2025/06/29 14:47:59 Received {n2 n1 {"in_reply_to":12,"type":"broadcast_ok"}}
2025/06/29 14:47:59 Received {n2 n1 {"messages":[4],"msg_id":6,"type":"broadcast"}}
2025/06/29 14:47:59 Received {n4 n1 {"messages":[8],"msg_id":8,"type":"broadcast"}}
2025/06/29 14:47:59 Sent {"src":"n1","dest":"n2","body":{"in_reply_to":6,"type":"broadcast_ok"}}
2025/06/29 14:47:59 Sent {"src":"n1","dest":"n4","body":{"in_reply_to":8,"type":"broadcast_ok"}}
2025/06/29 14:48:00 Received {c10 n1 {"type":"read","msg_id":5}}
2025/06/29 14:48:00 Sent {"src":"n1","dest":"c10","body":{"in_reply_to":5,"messages":[0,2,3,5,7,4,8],"type":"read_ok"}}
2025/06/29 14:48:00 Received {n2 n1 {"messages":[10],"msg_id":7,"type":"broadcast"}}
2025/06/29 14:48:00 Sent {"src":"n1","dest":"n2","body":{"in_reply_to":7,"type":"broadcast_ok"}}
2025/06/29 14:48:00 Sent {"src":"n1","dest":"n2","body":{"messages":[10],"msg_id":13,"type":"broadcast"}}
2025/06/29 14:48:00 Sent {"src":"n1","dest":"n0","body":{"messages":[10],"msg_id":14,"type":"broadcast"}}
2025/06/29 14:48:00 Sent {"src":"n1","dest":"n4","body":{"messages":[10],"msg_id":15,"type":"broadcast"}}
2025/06/29 14:48:00 Received {n4 n1 {"messages":[12],"msg_id":10,"type":"broadcast"}}
2025/06/29 14:48:00 Sent {"src":"n1","dest":"n4","body":{"in_reply_to":10,"type":"broadcast_ok"}}
2025/06/29 14:48:00 Received {n4 n1 {"in_reply_to":15,"type":"broadcast_ok"}}
2025/06/29 14:48:00 Received {n2 n1 {"in_reply_to":13,"type":"broadcast_ok"}}
2025/06/29 14:48:01 Received {c10 n1 {"type":"read","msg_id":6}}
2025/06/29 14:48:01 Sent {"src":"n1","dest":"c10","body":{"in_reply_to":6,"messages":[0,2,3,5,7,4,8,10,12],"type":"read_ok"}}
2025/06/29 14:48:01 Sent {"src":"n1","dest":"n0","body":{"messages":[12],"msg_id":16,"type":"broadcast"}}
2025/06/29 14:48:01 Sent {"src":"n1","dest":"n4","body":{"messages":[12],"msg_id":17,"type":"broadcast"}}
2025/06/29 14:48:01 Sent {"src":"n1","dest":"n2","body":{"messages":[12],"msg_id":18,"type":"broadcast"}}
2025/06/29 14:48:01 Received {n4 n1 {"messages":[11,10,16],"msg_id":12,"type":"broadcast"}}
2025/06/29 14:48:01 Sent {"src":"n1","dest":"n4","body":{"in_reply_to":12,"type":"broadcast_ok"}}
2025/06/29 14:48:01 Received {n4 n1 {"in_reply_to":17,"type":"broadcast_ok"}}
2025/06/29 14:48:01 Received {n2 n1 {"in_reply_to":18,"type":"broadcast_ok"}}
2025/06/29 14:48:01 Received {c10 n1 {"type":"read","msg_id":7}}
2025/06/29 14:48:01 Sent {"src":"n1","dest":"c10","body":{"in_reply_to":7,"messages":[0,2,3,5,7,4,8,10,12,11,16],"type":"read_ok"}}
2025/06/29 14:48:01 Sent {"src":"n1","dest":"n4","body":{"messages":[11,16],"msg_id":19,"type":"broadcast"}}
2025/06/29 14:48:01 Sent {"src":"n1","dest":"n2","body":{"messages":[11,16],"msg_id":20,"type":"broadcast"}}
2025/06/29 14:48:01 Sent {"src":"n1","dest":"n0","body":{"messages":[11,16],"msg_id":21,"type":"broadcast"}}
2025/06/29 14:48:01 Received {n2 n1 {"messages":[12],"msg_id":8,"type":"broadcast"}}
2025/06/29 14:48:01 Sent {"src":"n1","dest":"n2","body":{"in_reply_to":8,"type":"broadcast_ok"}}
2025/06/29 14:48:01 Received {n4 n1 {"messages":[15],"msg_id":13,"type":"broadcast"}}
2025/06/29 14:48:01 Sent {"src":"n1","dest":"n4","body":{"in_reply_to":13,"type":"broadcast_ok"}}
2025/06/29 14:48:01 Received {n4 n1 {"in_reply_to":19,"type":"broadcast_ok"}}
2025/06/29 14:48:01 Received {n2 n1 {"in_reply_to":20,"type":"broadcast_ok"}}
2025/06/29 14:48:02 Sent {"src":"n1","dest":"n0","body":{"messages":[15],"msg_id":22,"type":"broadcast"}}
2025/06/29 14:48:02 Sent {"src":"n1","dest":"n4","body":{"messages":[15],"msg_id":23,"type":"broadcast"}}
2025/06/29 14:48:02 Sent {"src":"n1","dest":"n2","body":{"messages":[15],"msg_id":24,"type":"broadcast"}}
2025/06/29 14:48:02 Received {n2 n1 {"messages":[11,16],"msg_id":9,"type":"broadcast"}}
2025/06/29 14:48:02 Received {n4 n1 {"messages":[17],"msg_id":16,"type":"broadcast"}}
2025/06/29 14:48:02 Sent {"src":"n1","dest":"n2","body":{"in_reply_to":9,"type":"broadcast_ok"}}
2025/06/29 14:48:02 Sent {"src":"n1","dest":"n4","body":{"in_reply_to":16,"type":"broadcast_ok"}}
2025/06/29 14:48:02 Received {n4 n1 {"in_reply_to":23,"type":"broadcast_ok"}}
2025/06/29 14:48:02 Received {n2 n1 {"in_reply_to":24,"type":"broadcast_ok"}}
2025/06/29 14:48:02 Received {c10 n1 {"type":"broadcast","message":18,"msg_id":8}}
2025/06/29 14:48:02 Sent {"src":"n1","dest":"c10","body":{"in_reply_to":8,"type":"broadcast_ok"}}
2025/06/29 14:48:02 Received {c10 n1 {"type":"read","msg_id":9}}
2025/06/29 14:48:02 Sent {"src":"n1","dest":"c10","body":{"in_reply_to":9,"messages":[0,2,3,5,7,4,8,10,12,11,16,15,17,18],"type":"read_ok"}}
2025/06/29 14:48:02 Sent {"src":"n1","dest":"n0","body":{"messages":[17,18],"msg_id":25,"type":"broadcast"}}
2025/06/29 14:48:02 Sent {"src":"n1","dest":"n4","body":{"messages":[17,18],"msg_id":26,"type":"broadcast"}}
2025/06/29 14:48:02 Sent {"src":"n1","dest":"n2","body":{"messages":[17,18],"msg_id":27,"type":"broadcast"}}
2025/06/29 14:48:02 Received {n2 n1 {"messages":[15,19],"msg_id":10,"type":"broadcast"}}
2025/06/29 14:48:02 Sent {"src":"n1","dest":"n2","body":{"in_reply_to":10,"type":"broadcast_ok"}}
2025/06/29 14:48:02 Received {n4 n1 {"in_reply_to":26,"type":"broadcast_ok"}}
2025/06/29 14:48:02 Received {n2 n1 {"in_reply_to":27,"type":"broadcast_ok"}}
2025/06/29 14:48:03 Sent {"src":"n1","dest":"n4","body":{"messages":[19],"msg_id":29,"type":"broadcast"}}
2025/06/29 14:48:03 Sent {"src":"n1","dest":"n2","body":{"messages":[19],"msg_id":30,"type":"broadcast"}}
2025/06/29 14:48:03 Sent {"src":"n1","dest":"n0","body":{"messages":[19],"msg_id":28,"type":"broadcast"}}
2025/06/29 14:48:03 Received {n2 n1 {"messages":[17,18],"msg_id":11,"type":"broadcast"}}
2025/06/29 14:48:03 Received {n4 n1 {"messages":[18,20,24],"msg_id":17,"type":"broadcast"}}
2025/06/29 14:48:03 Sent {"src":"n1","dest":"n2","body":{"in_reply_to":11,"type":"broadcast_ok"}}
2025/06/29 14:48:03 Sent {"src":"n1","dest":"n4","body":{"in_reply_to":17,"type":"broadcast_ok"}}
2025/06/29 14:48:03 Received {n2 n1 {"in_reply_to":30,"type":"broadcast_ok"}}
2025/06/29 14:48:03 Received {n4 n1 {"in_reply_to":29,"type":"broadcast_ok"}}
2025/06/29 14:48:03 Received {c10 n1 {"type":"broadcast","message":27,"msg_id":10}}
2025/06/29 14:48:03 Sent {"src":"n1","dest":"c10","body":{"in_reply_to":10,"type":"broadcast_ok"}}
2025/06/29 14:48:03 Sent {"src":"n1","dest":"n0","body":{"messages":[20,24,27],"msg_id":31,"type":"broadcast"}}
2025/06/29 14:48:03 Sent {"src":"n1","dest":"n4","body":{"messages":[20,24,27],"msg_id":32,"type":"broadcast"}}
2025/06/29 14:48:03 Sent {"src":"n1","dest":"n2","body":{"messages":[20,24,27],"msg_id":33,"type":"broadcast"}}
2025/06/29 14:48:03 Received {n2 n1 {"messages":[28],"msg_id":12,"type":"broadcast"}}
2025/06/29 14:48:03 Received {n4 n1 {"messages":[23,19],"msg_id":19,"type":"broadcast"}}
2025/06/29 14:48:03 Sent {"src":"n1","dest":"n2","body":{"in_reply_to":12,"type":"broadcast_ok"}}
2025/06/29 14:48:03 Sent {"src":"n1","dest":"n4","body":{"in_reply_to":19,"type":"broadcast_ok"}}
2025/06/29 14:48:03 Received {n4 n1 {"in_reply_to":32,"type":"broadcast_ok"}}
2025/06/29 14:48:03 Received {n2 n1 {"in_reply_to":33,"type":"broadcast_ok"}}
2025/06/29 14:48:04 Received {c10 n1 {"type":"read","msg_id":11}}
2025/06/29 14:48:04 Sent {"src":"n1","dest":"c10","body":{"in_reply_to":11,"messages":[0,2,3,5,7,4,8,10,12,11,16,15,17,18,19,20,24,27,28,23],"type":"read_ok"}}
2025/06/29 14:48:04 Sent {"src":"n1","dest":"n0","body":{"messages":[28,23],"msg_id":34,"type":"broadcast"}}
2025/06/29 14:48:04 Sent {"src":"n1","dest":"n4","body":{"messages":[28,23],"msg_id":35,"type":"broadcast"}}
2025/06/29 14:48:04 Sent {"src":"n1","dest":"n2","body":{"messages":[28,23],"msg_id":36,"type":"broadcast"}}
2025/06/29 14:48:04 Received {n2 n1 {"messages":[20,24,27,31],"msg_id":13,"type":"broadcast"}}
2025/06/29 14:48:04 Received {n4 n1 {"messages":[27,29],"msg_id":22,"type":"broadcast"}}
2025/06/29 14:48:04 Sent {"src":"n1","dest":"n2","body":{"in_reply_to":13,"type":"broadcast_ok"}}
2025/06/29 14:48:04 Sent {"src":"n1","dest":"n4","body":{"in_reply_to":22,"type":"broadcast_ok"}}
2025/06/29 14:48:04 Received {n4 n1 {"in_reply_to":35,"type":"broadcast_ok"}}
2025/06/29 14:48:04 Received {n2 n1 {"in_reply_to":36,"type":"broadcast_ok"}}
2025/06/29 14:48:04 Received {c10 n1 {"type":"read","msg_id":12}}
2025/06/29 14:48:04 Sent {"src":"n1","dest":"c10","body":{"in_reply_to":12,"messages":[0,2,3,5,7,4,8,10,12,11,16,15,17,18,19,20,24,27,28,23,31,29],"type":"read_ok"}}
2025/06/29 14:48:04 Sent {"src":"n1","dest":"n4","body":{"messages":[31,29],"msg_id":37,"type":"broadcast"}}
2025/06/29 14:48:04 Sent {"src":"n1","dest":"n2","body":{"messages":[31,29],"msg_id":38,"type":"broadcast"}}
2025/06/29 14:48:04 Sent {"src":"n1","dest":"n0","body":{"messages":[31,29],"msg_id":39,"type":"broadcast"}}
2025/06/29 14:48:04 Received {n2 n1 {"messages":[23,33],"msg_id":14,"type":"broadcast"}}
2025/06/29 14:48:04 Received {n4 n1 {"messages":[28,35],"msg_id":24,"type":"broadcast"}}
2025/06/29 14:48:04 Sent {"src":"n1","dest":"n2","body":{"in_reply_to":14,"type":"broadcast_ok"}}
2025/06/29 14:48:04 Sent {"src":"n1","dest":"n4","body":{"in_reply_to":24,"type":"broadcast_ok"}}
2025/06/29 14:48:04 Received {n2 n1 {"in_reply_to":38,"type":"broadcast_ok"}}
2025/06/29 14:48:04 Received {n4 n1 {"in_reply_to":37,"type":"broadcast_ok"}}
2025/06/29 14:48:05 Received {c10 n1 {"type":"read","msg_id":13}}
2025/06/29 14:48:05 Sent {"src":"n1","dest":"c10","body":{"in_reply_to":13,"messages":[0,2,3,5,7,4,8,10,12,11,16,15,17,18,19,20,24,27,28,23,31,29,33,35],"type":"read_ok"}}
2025/06/29 14:48:05 Sent {"src":"n1","dest":"n0","body":{"messages":[33,35],"msg_id":40,"type":"broadcast"}}
2025/06/29 14:48:05 Sent {"src":"n1","dest":"n4","body":{"messages":[33,35],"msg_id":41,"type":"broadcast"}}
2025/06/29 14:48:05 Sent {"src":"n1","dest":"n2","body":{"messages":[33,35],"msg_id":42,"type":"broadcast"}}
2025/06/29 14:48:05 Received {n2 n1 {"messages":[29,37],"msg_id":15,"type":"broadcast"}}
2025/06/29 14:48:05 Received {n4 n1 {"messages":[34,31,39],"msg_id":26,"type":"broadcast"}}
2025/06/29 14:48:05 Sent {"src":"n1","dest":"n2","body":{"in_reply_to":15,"type":"broadcast_ok"}}
2025/06/29 14:48:05 Sent {"src":"n1","dest":"n4","body":{"in_reply_to":26,"type":"broadcast_ok"}}
2025/06/29 14:48:05 Received {n2 n1 {"in_reply_to":42,"type":"broadcast_ok"}}
2025/06/29 14:48:05 Received {n4 n1 {"in_reply_to":41,"type":"broadcast_ok"}}
2025/06/29 14:48:05 Received {c10 n1 {"type":"read","msg_id":14}}
2025/06/29 14:48:05 Sent {"src":"n1","dest":"c10","body":{"in_reply_to":14,"messages":[0,2,3,5,7,4,8,10,12,11,16,15,17,18,19,20,24,27,28,23,31,29,33,35,37,34,39],"type":"read_ok"}}
2025/06/29 14:48:05 Sent {"src":"n1","dest":"n2","body":{"messages":[37,34,39],"msg_id":43,"type":"broadcast"}}
2025/06/29 14:48:05 Sent {"src":"n1","dest":"n0","body":{"messages":[37,34,39],"msg_id":44,"type":"broadcast"}}
2025/06/29 14:48:05 Sent {"src":"n1","dest":"n4","body":{"messages":[37,34,39],"msg_id":45,"type":"broadcast"}}
2025/06/29 14:48:05 Received {n4 n1 {"messages":[38,33],"msg_id":27,"type":"broadcast"}}
2025/06/29 14:48:05 Received {n2 n1 {"messages":[35],"msg_id":16,"type":"broadcast"}}
2025/06/29 14:48:05 Sent {"src":"n1","dest":"n4","body":{"in_reply_to":27,"type":"broadcast_ok"}}
2025/06/29 14:48:05 Sent {"src":"n1","dest":"n2","body":{"in_reply_to":16,"type":"broadcast_ok"}}
2025/06/29 14:48:05 Received {n2 n1 {"in_reply_to":43,"type":"broadcast_ok"}}
2025/06/29 14:48:05 Received {n4 n1 {"in_reply_to":45,"type":"broadcast_ok"}}
2025/06/29 14:48:06 Received {c10 n1 {"type":"broadcast","message":43,"msg_id":15}}
2025/06/29 14:48:06 Sent {"src":"n1","dest":"c10","body":{"in_reply_to":15,"type":"broadcast_ok"}}
2025/06/29 14:48:06 Sent {"src":"n1","dest":"n2","body":{"messages":[38,43],"msg_id":46,"type":"broadcast"}}
2025/06/29 14:48:06 Sent {"src":"n1","dest":"n0","body":{"messages":[38,43],"msg_id":47,"type":"broadcast"}}
2025/06/29 14:48:06 Sent {"src":"n1","dest":"n4","body":{"messages":[38,43],"msg_id":48,"type":"broadcast"}}
2025/06/29 14:48:06 Received {n2 n1 {"messages":[34,39,44],"msg_id":17,"type":"broadcast"}}
2025/06/29 14:48:06 Sent {"src":"n1","dest":"n2","body":{"in_reply_to":17,"type":"broadcast_ok"}}
2025/06/29 14:48:06 Received {n4 n1 {"messages":[41,37],"msg_id":30,"type":"broadcast"}}
2025/06/29 14:48:06 Sent {"src":"n1","dest":"n4","body":{"in_reply_to":30,"type":"broadcast_ok"}}
2025/06/29 14:48:06 Received {n2 n1 {"in_reply_to":46,"type":"broadcast_ok"}}
2025/06/29 14:48:06 Received {n4 n1 {"in_reply_to":48,"type":"broadcast_ok"}}
2025/06/29 14:48:06 Received {c10 n1 {"type":"broadcast","message":45,"msg_id":16}}
2025/06/29 14:48:06 Sent {"src":"n1","dest":"c10","body":{"in_reply_to":16,"type":"broadcast_ok"}}
2025/06/29 14:48:06 Sent {"src":"n1","dest":"n0","body":{"messages":[44,41,45],"msg_id":49,"type":"broadcast"}}
2025/06/29 14:48:06 Sent {"src":"n1","dest":"n4","body":{"messages":[44,41,45],"msg_id":50,"type":"broadcast"}}
2025/06/29 14:48:06 Sent {"src":"n1","dest":"n2","body":{"messages":[44,41,45],"msg_id":51,"type":"broadcast"}}
2025/06/29 14:48:06 Received {n2 n1 {"in_reply_to":51,"type":"broadcast_ok"}}
2025/06/29 14:48:06 Received {n2 n1 {"messages":[38,43,46],"msg_id":18,"type":"broadcast"}}
2025/06/29 14:48:06 Received {n4 n1 {"messages":[43],"msg_id":32,"type":"broadcast"}}
2025/06/29 14:48:06 Received {n4 n1 {"in_reply_to":50,"type":"broadcast_ok"}}
2025/06/29 14:48:06 Sent {"src":"n1","dest":"n2","body":{"in_reply_to":18,"type":"broadcast_ok"}}
2025/06/29 14:48:06 Received {n0 n1 {"in_reply_to":49,"type":"broadcast_ok"}}
2025/06/29 14:48:06 Sent {"src":"n1","dest":"n4","body":{"in_reply_to":32,"type":"broadcast_ok"}}
2025/06/29 14:48:07 Received {c10 n1 {"type":"broadcast","message":47,"msg_id":17}}
2025/06/29 14:48:07 Sent {"src":"n1","dest":"c10","body":{"in_reply_to":17,"type":"broadcast_ok"}}
2025/06/29 14:48:07 Sent {"src":"n1","dest":"n0","body":{"messages":[46,47],"msg_id":53,"type":"broadcast"}}
2025/06/29 14:48:07 Sent {"src":"n1","dest":"n2","body":{"messages":[46,47],"msg_id":52,"type":"broadcast"}}
2025/06/29 14:48:07 Sent {"src":"n1","dest":"n4","body":{"messages":[46,47],"msg_id":54,"type":"broadcast"}}
2025/06/29 14:48:07 Received {n2 n1 {"messages":[41,45],"msg_id":19,"type":"broadcast"}}
2025/06/29 14:48:07 Sent {"src":"n1","dest":"n2","body":{"in_reply_to":19,"type":"broadcast_ok"}}
2025/06/29 14:48:07 Received {n4 n1 {"messages":[44,45],"msg_id":34,"type":"broadcast"}}
2025/06/29 14:48:07 Sent {"src":"n1","dest":"n4","body":{"in_reply_to":34,"type":"broadcast_ok"}}
2025/06/29 14:48:07 Received {n4 n1 {"in_reply_to":54,"type":"broadcast_ok"}}
2025/06/29 14:48:07 Received {n2 n1 {"in_reply_to":52,"type":"broadcast_ok"}}
2025/06/29 14:48:07 Received {n0 n1 {"in_reply_to":53,"type":"broadcast_ok"}}
2025/06/29 14:48:07 Received {n0 n1 {"messages":[37,44,41,45],"msg_id":22,"type":"broadcast"}}
2025/06/29 14:48:07 Sent {"src":"n1","dest":"n0","body":{"in_reply_to":22,"type":"broadcast_ok"}}
2025/06/29 14:48:07 Received {n2 n1 {"messages":[47,48],"msg_id":20,"type":"broadcast"}}
2025/06/29 14:48:07 Received {n4 n1 {"messages":[46,47,49],"msg_id":36,"type":"broadcast"}}
2025/06/29 14:48:07 Received {n0 n1 {"messages":[46,47,43],"msg_id":23,"type":"broadcast"}}
2025/06/29 14:48:07 Sent {"src":"n1","dest":"n2","body":{"in_reply_to":20,"type":"broadcast_ok"}}
2025/06/29 14:48:07 Sent {"src":"n1","dest":"n4","body":{"in_reply_to":36,"type":"broadcast_ok"}}
2025/06/29 14:48:07 Sent {"src":"n1","dest":"n0","body":{"in_reply_to":23,"type":"broadcast_ok"}}
2025/06/29 14:48:08 Received {c10 n1 {"type":"broadcast","message":52,"msg_id":18}}
2025/06/29 14:48:08 Sent {"src":"n1","dest":"c10","body":{"in_reply_to":18,"type":"broadcast_ok"}}
2025/06/29 14:48:08 Sent {"src":"n1","dest":"n4","body":{"messages":[48,49,52],"msg_id":55,"type":"broadcast"}}
2025/06/29 14:48:08 Sent {"src":"n1","dest":"n2","body":{"messages":[48,49,52],"msg_id":56,"type":"broadcast"}}
2025/06/29 14:48:08 Sent {"src":"n1","dest":"n0","body":{"messages":[48,49,52],"msg_id":57,"type":"broadcast"}}
2025/06/29 14:48:08 Received {n0 n1 {"messages":[50,51],"msg_id":25,"type":"broadcast"}}
2025/06/29 14:48:08 Sent {"src":"n1","dest":"n0","body":{"in_reply_to":25,"type":"broadcast_ok"}}
2025/06/29 14:48:08 Received {n4 n1 {"in_reply_to":55,"type":"broadcast_ok"}}
2025/06/29 14:48:08 Received {n2 n1 {"in_reply_to":56,"type":"broadcast_ok"}}
2025/06/29 14:48:08 Received {n0 n1 {"in_reply_to":57,"type":"broadcast_ok"}}
2025/06/29 14:48:08 Received {c10 n1 {"type":"read","msg_id":19}}
2025/06/29 14:48:08 Sent {"src":"n1","dest":"c10","body":{"in_reply_to":19,"messages":[0,2,3,5,7,4,8,10,12,11,16,15,17,18,19,20,24,27,28,23,31,29,33,35,37,34,39,38,43,44,41,45,46,47,48,49,52,50,51],"type":"read_ok"}}
2025/06/29 14:48:08 Sent {"src":"n1","dest":"n4","body":{"messages":[50,51],"msg_id":58,"type":"broadcast"}}
2025/06/29 14:48:08 Sent {"src":"n1","dest":"n2","body":{"messages":[50,51],"msg_id":59,"type":"broadcast"}}
2025/06/29 14:48:08 Sent {"src":"n1","dest":"n0","body":{"messages":[50,51],"msg_id":60,"type":"broadcast"}}
2025/06/29 14:48:08 Received {n0 n1 {"messages":[49,48,52,55,56],"msg_id":27,"type":"broadcast"}}
2025/06/29 14:48:08 Received {n2 n1 {"messages":[49,52,57],"msg_id":21,"type":"broadcast"}}
2025/06/29 14:48:08 Sent {"src":"n1","dest":"n0","body":{"in_reply_to":27,"type":"broadcast_ok"}}
2025/06/29 14:48:08 Received {n4 n1 {"messages":[48,52,54],"msg_id":38,"type":"broadcast"}}
2025/06/29 14:48:08 Sent {"src":"n1","dest":"n2","body":{"in_reply_to":21,"type":"broadcast_ok"}}
2025/06/29 14:48:08 Sent {"src":"n1","dest":"n4","body":{"in_reply_to":38,"type":"broadcast_ok"}}
2025/06/29 14:48:08 Received {n2 n1 {"in_reply_to":59,"type":"broadcast_ok"}}
2025/06/29 14:48:08 Received {n4 n1 {"in_reply_to":58,"type":"broadcast_ok"}}
2025/06/29 14:48:08 Received {n0 n1 {"in_reply_to":60,"type":"broadcast_ok"}}
2025/06/29 14:48:09 Sent {"src":"n1","dest":"n0","body":{"messages":[55,56,57,54],"msg_id":61,"type":"broadcast"}}
2025/06/29 14:48:09 Sent {"src":"n1","dest":"n4","body":{"messages":[55,56,57,54],"msg_id":62,"type":"broadcast"}}
2025/06/29 14:48:09 Sent {"src":"n1","dest":"n2","body":{"messages":[55,56,57,54],"msg_id":63,"type":"broadcast"}}
2025/06/29 14:48:09 Received {n2 n1 {"messages":[50,51],"msg_id":22,"type":"broadcast"}}
2025/06/29 14:48:09 Received {n0 n1 {"messages":[53,58,59],"msg_id":29,"type":"broadcast"}}
2025/06/29 14:48:09 Sent {"src":"n1","dest":"n2","body":{"in_reply_to":22,"type":"broadcast_ok"}}
2025/06/29 14:48:09 Received {n4 n1 {"messages":[50,51,53,58],"msg_id":40,"type":"broadcast"}}
2025/06/29 14:48:09 Sent {"src":"n1","dest":"n0","body":{"in_reply_to":29,"type":"broadcast_ok"}}
2025/06/29 14:48:09 Sent {"src":"n1","dest":"n4","body":{"in_reply_to":40,"type":"broadcast_ok"}}
2025/06/29 14:48:09 Received {n4 n1 {"in_reply_to":62,"type":"broadcast_ok"}}
2025/06/29 14:48:09 Received {n0 n1 {"in_reply_to":61,"type":"broadcast_ok"}}
2025/06/29 14:48:09 Received {n2 n1 {"in_reply_to":63,"type":"broadcast_ok"}}
2025/06/29 14:48:09 Received {c10 n1 {"type":"broadcast","message":60,"msg_id":20}}
2025/06/29 14:48:09 Sent {"src":"n1","dest":"c10","body":{"in_reply_to":20,"type":"broadcast_ok"}}
2025/06/29 14:48:09 Received {c10 n1 {"type":"read","msg_id":21}}
2025/06/29 14:48:09 Sent {"src":"n1","dest":"c10","body":{"in_reply_to":21,"messages":[0,2,3,5,7,4,8,10,12,11,16,15,17,18,19,20,24,27,28,23,31,29,33,35,37,34,39,38,43,44,41,45,46,47,48,49,52,50,51,55,56,57,54,53,58,59,60],"type":"read_ok"}}
2025/06/29 14:48:09 Sent {"src":"n1","dest":"n0","body":{"messages":[53,58,59,60],"msg_id":64,"type":"broadcast"}}
2025/06/29 14:48:09 Sent {"src":"n1","dest":"n4","body":{"messages":[53,58,59,60],"msg_id":65,"type":"broadcast"}}
2025/06/29 14:48:09 Sent {"src":"n1","dest":"n2","body":{"messages":[53,58,59,60],"msg_id":66,"type":"broadcast"}}
2025/06/29 14:48:09 Received {n2 n1 {"messages":[55,56,54],"msg_id":23,"type":"broadcast"}}
2025/06/29 14:48:09 Received {n0 n1 {"messages":[54,57,63,64],"msg_id":32,"type":"broadcast"}}
2025/06/29 14:48:09 Received {n4 n1 {"messages":[55,56,57,62],"msg_id":42,"type":"broadcast"}}
2025/06/29 14:48:09 Sent {"src":"n1","dest":"n2","body":{"in_reply_to":23,"type":"broadcast_ok"}}
2025/06/29 14:48:09 Sent {"src":"n1","dest":"n0","body":{"in_reply_to":32,"type":"broadcast_ok"}}
2025/06/29 14:48:09 Sent {"src":"n1","dest":"n4","body":{"in_reply_to":42,"type":"broadcast_ok"}}
2025/06/29 14:48:09 Received {n0 n1 {"in_reply_to":64,"type":"broadcast_ok"}}
2025/06/29 14:48:09 Received {n4 n1 {"in_reply_to":65,"type":"broadcast_ok"}}
2025/06/29 14:48:09 Received {n2 n1 {"in_reply_to":66,"type":"broadcast_ok"}}
2025/06/29 14:48:10 Received {c10 n1 {"type":"read","msg_id":22}}
2025/06/29 14:48:10 Sent {"src":"n1","dest":"c10","body":{"in_reply_to":22,"messages":[0,2,3,5,7,4,8,10,12,11,16,15,17,18,19,20,24,27,28,23,31,29,33,35,37,34,39,38,43,44,41,45,46,47,48,49,52,50,51,55,56,57,54,53,58,59,60,63,64,62],"type":"read_ok"}}
2025/06/29 14:48:10 Sent {"src":"n1","dest":"n2","body":{"messages":[63,64,62],"msg_id":67,"type":"broadcast"}}
2025/06/29 14:48:10 Sent {"src":"n1","dest":"n4","body":{"messages":[63,64,62],"msg_id":68,"type":"broadcast"}}
2025/06/29 14:48:10 Sent {"src":"n1","dest":"n0","body":{"messages":[63,64,62],"msg_id":69,"type":"broadcast"}}
2025/06/29 14:48:10 Received {n4 n1 {"messages":[59,61,60],"msg_id":44,"type":"broadcast"}}
2025/06/29 14:48:10 Received {n0 n1 {"messages":[60,61],"msg_id":34,"type":"broadcast"}}
2025/06/29 14:48:10 Received {n2 n1 {"messages":[53,58,59,60],"msg_id":24,"type":"broadcast"}}
2025/06/29 14:48:10 Sent {"src":"n1","dest":"n4","body":{"in_reply_to":44,"type":"broadcast_ok"}}
2025/06/29 14:48:10 Sent {"src":"n1","dest":"n0","body":{"in_reply_to":34,"type":"broadcast_ok"}}
2025/06/29 14:48:10 Sent {"src":"n1","dest":"n2","body":{"in_reply_to":24,"type":"broadcast_ok"}}
2025/06/29 14:48:10 Received {n2 n1 {"in_reply_to":67,"type":"broadcast_ok"}}
2025/06/29 14:48:10 Received {n4 n1 {"in_reply_to":68,"type":"broadcast_ok"}}
2025/06/29 14:48:10 Received {n0 n1 {"in_reply_to":69,"type":"broadcast_ok"}}
2025/06/29 14:48:10 Sent {"src":"n1","dest":"n2","body":{"messages":[61],"msg_id":70,"type":"broadcast"}}
2025/06/29 14:48:10 Sent {"src":"n1","dest":"n0","body":{"messages":[61],"msg_id":71,"type":"broadcast"}}
2025/06/29 14:48:10 Sent {"src":"n1","dest":"n4","body":{"messages":[61],"msg_id":72,"type":"broadcast"}}
2025/06/29 14:48:10 Received {n2 n1 {"messages":[63,64,62],"msg_id":25,"type":"broadcast"}}
2025/06/29 14:48:10 Received {n4 n1 {"messages":[63,64],"msg_id":46,"type":"broadcast"}}
2025/06/29 14:48:10 Received {n0 n1 {"messages":[62,66],"msg_id":35,"type":"broadcast"}}
2025/06/29 14:48:10 Sent {"src":"n1","dest":"n2","body":{"in_reply_to":25,"type":"broadcast_ok"}}
2025/06/29 14:48:10 Sent {"src":"n1","dest":"n4","body":{"in_reply_to":46,"type":"broadcast_ok"}}
2025/06/29 14:48:10 Sent {"src":"n1","dest":"n0","body":{"in_reply_to":35,"type":"broadcast_ok"}}
2025/06/29 14:48:10 Received {n2 n1 {"in_reply_to":70,"type":"broadcast_ok"}}
2025/06/29 14:48:10 Received {n4 n1 {"in_reply_to":72,"type":"broadcast_ok"}}
2025/06/29 14:48:10 Received {n0 n1 {"in_reply_to":71,"type":"broadcast_ok"}}
2025/06/29 14:48:11 Received {c10 n1 {"type":"broadcast","message":68,"msg_id":23}}
2025/06/29 14:48:11 Sent {"src":"n1","dest":"c10","body":{"in_reply_to":23,"type":"broadcast_ok"}}
2025/06/29 14:48:11 Sent {"src":"n1","dest":"n0","body":{"messages":[66,68],"msg_id":73,"type":"broadcast"}}
2025/06/29 14:48:11 Sent {"src":"n1","dest":"n4","body":{"messages":[66,68],"msg_id":74,"type":"broadcast"}}
2025/06/29 14:48:11 Sent {"src":"n1","dest":"n2","body":{"messages":[66,68],"msg_id":75,"type":"broadcast"}}
2025/06/29 14:48:11 Received {n4 n1 {"messages":[65],"msg_id":47,"type":"broadcast"}}
2025/06/29 14:48:11 Received {n2 n1 {"messages":[61,69],"msg_id":26,"type":"broadcast"}}
2025/06/29 14:48:11 Received {n0 n1 {"messages":[65,67],"msg_id":37,"type":"broadcast"}}
2025/06/29 14:48:11 Sent {"src":"n1","dest":"n4","body":{"in_reply_to":47,"type":"broadcast_ok"}}
2025/06/29 14:48:11 Sent {"src":"n1","dest":"n2","body":{"in_reply_to":26,"type":"broadcast_ok"}}
2025/06/29 14:48:11 Sent {"src":"n1","dest":"n0","body":{"in_reply_to":37,"type":"broadcast_ok"}}
2025/06/29 14:48:11 Received {n0 n1 {"in_reply_to":73,"type":"broadcast_ok"}}
2025/06/29 14:48:11 Received {n4 n1 {"in_reply_to":74,"type":"broadcast_ok"}}
2025/06/29 14:48:11 Received {n2 n1 {"in_reply_to":75,"type":"broadcast_ok"}}
2025/06/29 14:48:11 Received {c10 n1 {"type":"read","msg_id":24}}
2025/06/29 14:48:11 Sent {"src":"n1","dest":"c10","body":{"in_reply_to":24,"messages":[0,2,3,5,7,4,8,10,12,11,16,15,17,18,19,20,24,27,28,23,31,29,33,35,37,34,39,38,43,44,41,45,46,47,48,49,52,50,51,55,56,57,54,53,58,59,60,63,64,62,61,66,68,65,69,67],"type":"read_ok"}}
2025/06/29 14:48:11 Sent {"src":"n1","dest":"n2","body":{"messages":[65,69,67],"msg_id":76,"type":"broadcast"}}
2025/06/29 14:48:11 Sent {"src":"n1","dest":"n0","body":{"messages":[65,69,67],"msg_id":77,"type":"broadcast"}}
2025/06/29 14:48:11 Sent {"src":"n1","dest":"n4","body":{"messages":[65,69,67],"msg_id":78,"type":"broadcast"}}
2025/06/29 14:48:12 Received {n2 n1 {"messages":[66,68],"msg_id":27,"type":"broadcast"}}
2025/06/29 14:48:12 Received {n4 n1 {"messages":[66,70,68],"msg_id":50,"type":"broadcast"}}
2025/06/29 14:48:12 Received {n0 n1 {"messages":[68,70,71],"msg_id":39,"type":"broadcast"}}
2025/06/29 14:48:12 Sent {"src":"n1","dest":"n2","body":{"in_reply_to":27,"type":"broadcast_ok"}}
2025/06/29 14:48:12 Sent {"src":"n1","dest":"n4","body":{"in_reply_to":50,"type":"broadcast_ok"}}
2025/06/29 14:48:12 Sent {"src":"n1","dest":"n0","body":{"in_reply_to":39,"type":"broadcast_ok"}}
2025/06/29 14:48:12 Received {n0 n1 {"in_reply_to":77,"type":"broadcast_ok"}}
2025/06/29 14:48:12 Received {n4 n1 {"in_reply_to":78,"type":"broadcast_ok"}}
2025/06/29 14:48:12 Received {n2 n1 {"in_reply_to":76,"type":"broadcast_ok"}}
2025/06/29 14:48:12 Received {c10 n1 {"type":"broadcast","message":74,"msg_id":25}}
2025/06/29 14:48:12 Sent {"src":"n1","dest":"c10","body":{"in_reply_to":25,"type":"broadcast_ok"}}
2025/06/29 14:48:12 Sent {"src":"n1","dest":"n0","body":{"messages":[70,71,74],"msg_id":79,"type":"broadcast"}}
2025/06/29 14:48:12 Sent {"src":"n1","dest":"n4","body":{"messages":[70,71,74],"msg_id":80,"type":"broadcast"}}
2025/06/29 14:48:12 Sent {"src":"n1","dest":"n2","body":{"messages":[70,71,74],"msg_id":81,"type":"broadcast"}}
2025/06/29 14:48:12 Received {n0 n1 {"messages":[69],"msg_id":42,"type":"broadcast"}}
2025/06/29 14:48:12 Received {n2 n1 {"messages":[65,67,72],"msg_id":28,"type":"broadcast"}}
2025/06/29 14:48:12 Sent {"src":"n1","dest":"n0","body":{"in_reply_to":42,"type":"broadcast_ok"}}
2025/06/29 14:48:12 Sent {"src":"n1","dest":"n2","body":{"in_reply_to":28,"type":"broadcast_ok"}}
2025/06/29 14:48:12 Received {n4 n1 {"messages":[69,67],"msg_id":52,"type":"broadcast"}}
2025/06/29 14:48:12 Sent {"src":"n1","dest":"n4","body":{"in_reply_to":52,"type":"broadcast_ok"}}
2025/06/29 14:48:12 Received {n0 n1 {"in_reply_to":79,"type":"broadcast_ok"}}
2025/06/29 14:48:12 Received {n4 n1 {"in_reply_to":80,"type":"broadcast_ok"}}
2025/06/29 14:48:12 Received {n2 n1 {"in_reply_to":81,"type":"broadcast_ok"}}
2025/06/29 14:48:13 Sent {"src":"n1","dest":"n4","body":{"messages":[72],"msg_id":82,"type":"broadcast"}}
2025/06/29 14:48:13 Sent {"src":"n1","dest":"n2","body":{"messages":[72],"msg_id":84,"type":"broadcast"}}
2025/06/29 14:48:13 Sent {"src":"n1","dest":"n0","body":{"messages":[72],"msg_id":83,"type":"broadcast"}}
2025/06/29 14:48:13 Received {n0 n1 {"messages":[74,73,77],"msg_id":44,"type":"broadcast"}}
2025/06/29 14:48:13 Sent {"src":"n1","dest":"n0","body":{"in_reply_to":44,"type":"broadcast_ok"}}
2025/06/29 14:48:13 Received {n2 n1 {"messages":[70,71,74],"msg_id":29,"type":"broadcast"}}
2025/06/29 14:48:13 Received {n4 n1 {"messages":[71,74,73,76],"msg_id":54,"type":"broadcast"}}
2025/06/29 14:48:13 Sent {"src":"n1","dest":"n2","body":{"in_reply_to":29,"type":"broadcast_ok"}}
2025/06/29 14:48:13 Sent {"src":"n1","dest":"n4","body":{"in_reply_to":54,"type":"broadcast_ok"}}
2025/06/29 14:48:13 Received {n4 n1 {"in_reply_to":82,"type":"broadcast_ok"}}
2025/06/29 14:48:13 Received {n2 n1 {"in_reply_to":84,"type":"broadcast_ok"}}
2025/06/29 14:48:13 Received {n0 n1 {"in_reply_to":83,"type":"broadcast_ok"}}
2025/06/29 14:48:13 Received {c10 n1 {"type":"read","msg_id":26}}
2025/06/29 14:48:13 Sent {"src":"n1","dest":"c10","body":{"in_reply_to":26,"messages":[0,2,3,5,7,4,8,10,12,11,16,15,17,18,19,20,24,27,28,23,31,29,33,35,37,34,39,38,43,44,41,45,46,47,48,49,52,50,51,55,56,57,54,53,58,59,60,63,64,62,61,66,68,65,69,67,70,71,74,72,73,77,76],"type":"read_ok"}}
2025/06/29 14:48:13 Sent {"src":"n1","dest":"n0","body":{"messages":[73,77,76],"msg_id":85,"type":"broadcast"}}
2025/06/29 14:48:13 Sent {"src":"n1","dest":"n4","body":{"messages":[73,77,76],"msg_id":86,"type":"broadcast"}}
2025/06/29 14:48:13 Sent {"src":"n1","dest":"n2","body":{"messages":[73,77,76],"msg_id":87,"type":"broadcast"}}
2025/06/29 14:48:13 Received {n2 n1 {"messages":[78],"msg_id":30,"type":"broadcast"}}
2025/06/29 14:48:13 Received {n0 n1 {"messages":[72,75],"msg_id":45,"type":"broadcast"}}
2025/06/29 14:48:13 Received {n4 n1 {"messages":[72,75,79],"msg_id":55,"type":"broadcast"}}
2025/06/29 14:48:13 Sent {"src":"n1","dest":"n2","body":{"in_reply_to":30,"type":"broadcast_ok"}}
2025/06/29 14:48:13 Sent {"src":"n1","dest":"n0","body":{"in_reply_to":45,"type":"broadcast_ok"}}
2025/06/29 14:48:13 Sent {"src":"n1","dest":"n4","body":{"in_reply_to":55,"type":"broadcast_ok"}}
2025/06/29 14:48:13 Received {n0 n1 {"in_reply_to":85,"type":"broadcast_ok"}}
2025/06/29 14:48:13 Received {n4 n1 {"in_reply_to":86,"type":"broadcast_ok"}}
2025/06/29 14:48:13 Received {n2 n1 {"in_reply_to":87,"type":"broadcast_ok"}}
2025/06/29 14:48:13 Received {c10 n1 {"type":"read","msg_id":27}}
2025/06/29 14:48:13 Sent {"src":"n1","dest":"c10","body":{"in_reply_to":27,"messages":[0,2,3,5,7,4,8,10,12,11,16,15,17,18,19,20,24,27,28,23,31,29,33,35,37,34,39,38,43,44,41,45,46,47,48,49,52,50,51,55,56,57,54,53,58,59,60,63,64,62,61,66,68,65,69,67,70,71,74,72,73,77,76,78,75,79],"type":"read_ok"}}
2025/06/29 14:48:14 Sent {"src":"n1","dest":"n2","body":{"messages":[78,75,79],"msg_id":88,"type":"broadcast"}}
2025/06/29 14:48:14 Sent {"src":"n1","dest":"n0","body":{"messages":[78,75,79],"msg_id":89,"type":"broadcast"}}
2025/06/29 14:48:14 Sent {"src":"n1","dest":"n4","body":{"messages":[78,75,79],"msg_id":90,"type":"broadcast"}}
2025/06/29 14:48:14 Received {n0 n1 {"messages":[76,80,82],"msg_id":47,"type":"broadcast"}}
2025/06/29 14:48:14 Received {n2 n1 {"messages":[73,77,76,81],"msg_id":31,"type":"broadcast"}}
2025/06/29 14:48:14 Received {n4 n1 {"messages":[77],"msg_id":58,"type":"broadcast"}}
2025/06/29 14:48:14 Sent {"src":"n1","dest":"n0","body":{"in_reply_to":47,"type":"broadcast_ok"}}
2025/06/29 14:48:14 Sent {"src":"n1","dest":"n2","body":{"in_reply_to":31,"type":"broadcast_ok"}}
2025/06/29 14:48:14 Sent {"src":"n1","dest":"n4","body":{"in_reply_to":58,"type":"broadcast_ok"}}
2025/06/29 14:48:14 Received {n2 n1 {"in_reply_to":88,"type":"broadcast_ok"}}
2025/06/29 14:48:14 Received {n0 n1 {"in_reply_to":89,"type":"broadcast_ok"}}
2025/06/29 14:48:14 Received {n4 n1 {"in_reply_to":90,"type":"broadcast_ok"}}
2025/06/29 14:48:14 Received {c10 n1 {"type":"broadcast","message":83,"msg_id":28}}
2025/06/29 14:48:14 Sent {"src":"n1","dest":"c10","body":{"in_reply_to":28,"type":"broadcast_ok"}}
2025/06/29 14:48:14 Sent {"src":"n1","dest":"n0","body":{"messages":[80,82,81,83],"msg_id":91,"type":"broadcast"}}
2025/06/29 14:48:14 Sent {"src":"n1","dest":"n4","body":{"messages":[80,82,81,83],"msg_id":92,"type":"broadcast"}}
2025/06/29 14:48:14 Sent {"src":"n1","dest":"n2","body":{"messages":[80,82,81,83],"msg_id":93,"type":"broadcast"}}
2025/06/29 14:48:14 Received {n2 n1 {"messages":[75,79,84],"msg_id":32,"type":"broadcast"}}
2025/06/29 14:48:14 Received {n0 n1 {"messages":[78,79],"msg_id":49,"type":"broadcast"}}
2025/06/29 14:48:14 Received {n4 n1 {"messages":[78,86],"msg_id":60,"type":"broadcast"}}
2025/06/29 14:48:14 Sent {"src":"n1","dest":"n2","body":{"in_reply_to":32,"type":"broadcast_ok"}}
2025/06/29 14:48:14 Sent {"src":"n1","dest":"n0","body":{"in_reply_to":49,"type":"broadcast_ok"}}
2025/06/29 14:48:14 Sent {"src":"n1","dest":"n4","body":{"in_reply_to":60,"type":"broadcast_ok"}}
2025/06/29 14:48:14 Received {n4 n1 {"in_reply_to":92,"type":"broadcast_ok"}}
2025/06/29 14:48:14 Received {n0 n1 {"in_reply_to":91,"type":"broadcast_ok"}}
2025/06/29 14:48:14 Received {n2 n1 {"in_reply_to":93,"type":"broadcast_ok"}}
2025/06/29 14:48:14 Received {c10 n1 {"type":"broadcast","message":89,"msg_id":29}}
2025/06/29 14:48:14 Sent {"src":"n1","dest":"c10","body":{"in_reply_to":29,"type":"broadcast_ok"}}
2025/06/29 14:48:15 Sent {"src":"n1","dest":"n0","body":{"messages":[84,86,89],"msg_id":95,"type":"broadcast"}}
2025/06/29 14:48:15 Sent {"src":"n1","dest":"n2","body":{"messages":[84,86,89],"msg_id":94,"type":"broadcast"}}
2025/06/29 14:48:15 Sent {"src":"n1","dest":"n4","body":{"messages":[84,86,89],"msg_id":96,"type":"broadcast"}}
2025/06/29 14:48:15 Received {n0 n1 {"messages":[81,83,85,87,88],"msg_id":51,"type":"broadcast"}}
2025/06/29 14:48:15 Sent {"src":"n1","dest":"n0","body":{"in_reply_to":51,"type":"broadcast_ok"}}
2025/06/29 14:48:15 Received {n2 n1 {"messages":[80,82,83,90],"msg_id":33,"type":"broadcast"}}
2025/06/29 14:48:15 Received {n4 n1 {"messages":[80,82,81,83,85],"msg_id":61,"type":"broadcast"}}
2025/06/29 14:48:15 Sent {"src":"n1","dest":"n2","body":{"in_reply_to":33,"type":"broadcast_ok"}}
2025/06/29 14:48:15 Sent {"src":"n1","dest":"n4","body":{"in_reply_to":61,"type":"broadcast_ok"}}
2025/06/29 14:48:15 Received {n0 n1 {"in_reply_to":95,"type":"broadcast_ok"}}
2025/06/29 14:48:15 Received {n2 n1 {"in_reply_to":94,"type":"broadcast_ok"}}
2025/06/29 14:48:15 Received {n4 n1 {"in_reply_to":96,"type":"broadcast_ok"}}
2025/06/29 14:48:15 Received {c10 n1 {"type":"read","msg_id":30}}
2025/06/29 14:48:15 Sent {"src":"n1","dest":"c10","body":{"in_reply_to":30,"messages":[0,2,3,5,7,4,8,10,12,11,16,15,17,18,19,20,24,27,28,23,31,29,33,35,37,34,39,38,43,44,41,45,46,47,48,49,52,50,51,55,56,57,54,53,58,59,60,63,64,62,61,66,68,65,69,67,70,71,74,72,73,77,76,78,75,79,80,82,81,83,84,86,89,85,87,88,90],"type":"read_ok"}}
2025/06/29 14:48:15 Sent {"src":"n1","dest":"n2","body":{"messages":[85,87,88,90],"msg_id":97,"type":"broadcast"}}
2025/06/29 14:48:15 Sent {"src":"n1","dest":"n0","body":{"messages":[85,87,88,90],"msg_id":98,"type":"broadcast"}}
2025/06/29 14:48:15 Sent {"src":"n1","dest":"n4","body":{"messages":[85,87,88,90],"msg_id":99,"type":"broadcast"}}
2025/06/29 14:48:15 Received {n0 n1 {"messages":[84,86,89,92],"msg_id":53,"type":"broadcast"}}
2025/06/29 14:48:15 Received {n4 n1 {"messages":[84,89,91],"msg_id":64,"type":"broadcast"}}
2025/06/29 14:48:15 Sent {"src":"n1","dest":"n0","body":{"in_reply_to":53,"type":"broadcast_ok"}}
2025/06/29 14:48:15 Sent {"src":"n1","dest":"n4","body":{"in_reply_to":64,"type":"broadcast_ok"}}
2025/06/29 14:48:15 Received {n2 n1 {"messages":[86,89,93],"msg_id":34,"type":"broadcast"}}
2025/06/29 14:48:15 Sent {"src":"n1","dest":"n2","body":{"in_reply_to":34,"type":"broadcast_ok"}}
2025/06/29 14:48:15 Received {n2 n1 {"in_reply_to":97,"type":"broadcast_ok"}}
2025/06/29 14:48:15 Received {n4 n1 {"in_reply_to":99,"type":"broadcast_ok"}}
2025/06/29 14:48:15 Received {n0 n1 {"in_reply_to":98,"type":"broadcast_ok"}}
2025/06/29 14:48:16 Sent {"src":"n1","dest":"n0","body":{"messages":[92,91,93],"msg_id":100,"type":"broadcast"}}
2025/06/29 14:48:16 Sent {"src":"n1","dest":"n4","body":{"messages":[92,91,93],"msg_id":101,"type":"broadcast"}}
2025/06/29 14:48:16 Sent {"src":"n1","dest":"n2","body":{"messages":[92,91,93],"msg_id":102,"type":"broadcast"}}
2025/06/29 14:48:16 Received {n4 n1 {"messages":[87,88,90,94],"msg_id":65,"type":"broadcast"}}
2025/06/29 14:48:16 Sent {"src":"n1","dest":"n4","body":{"in_reply_to":65,"type":"broadcast_ok"}}
2025/06/29 14:48:16 Received {n2 n1 {"messages":[85,87,88],"msg_id":35,"type":"broadcast"}}
2025/06/29 14:48:16 Received {n0 n1 {"messages":[90,95],"msg_id":55,"type":"broadcast"}}
2025/06/29 14:48:16 Sent {"src":"n1","dest":"n2","body":{"in_reply_to":35,"type":"broadcast_ok"}}
2025/06/29 14:48:16 Sent {"src":"n1","dest":"n0","body":{"in_reply_to":55,"type":"broadcast_ok"}}
2025/06/29 14:48:16 Received {n0 n1 {"in_reply_to":100,"type":"broadcast_ok"}}
2025/06/29 14:48:16 Received {n2 n1 {"in_reply_to":102,"type":"broadcast_ok"}}
2025/06/29 14:48:16 Received {n4 n1 {"in_reply_to":101,"type":"broadcast_ok"}}
2025/06/29 14:48:16 Received {c10 n1 {"type":"read","msg_id":31}}
2025/06/29 14:48:16 Sent {"src":"n1","dest":"c10","body":{"in_reply_to":31,"messages":[0,2,3,5,7,4,8,10,12,11,16,15,17,18,19,20,24,27,28,23,31,29,33,35,37,34,39,38,43,44,41,45,46,47,48,49,52,50,51,55,56,57,54,53,58,59,60,63,64,62,61,66,68,65,69,67,70,71,74,72,73,77,76,78,75,79,80,82,81,83,84,86,89,85,87,88,90,92,91,93,94,95],"type":"read_ok"}}
2025/06/29 14:48:16 Received {c10 n1 {"type":"read","msg_id":32}}
2025/06/29 14:48:16 Sent {"src":"n1","dest":"c10","body":{"in_reply_to":32,"messages":[0,2,3,5,7,4,8,10,12,11,16,15,17,18,19,20,24,27,28,23,31,29,33,35,37,34,39,38,43,44,41,45,46,47,48,49,52,50,51,55,56,57,54,53,58,59,60,63,64,62,61,66,68,65,69,67,70,71,74,72,73,77,76,78,75,79,80,82,81,83,84,86,89,85,87,88,90,92,91,93,94,95],"type":"read_ok"}}
2025/06/29 14:48:16 Sent {"src":"n1","dest":"n2","body":{"messages":[94,95],"msg_id":103,"type":"broadcast"}}
2025/06/29 14:48:16 Sent {"src":"n1","dest":"n0","body":{"messages":[94,95],"msg_id":104,"type":"broadcast"}}
2025/06/29 14:48:16 Sent {"src":"n1","dest":"n4","body":{"messages":[94,95],"msg_id":105,"type":"broadcast"}}
2025/06/29 14:48:16 Received {n2 n1 {"messages":[92,91,96],"msg_id":36,"type":"broadcast"}}
2025/06/29 14:48:16 Received {n0 n1 {"messages":[91,93,97],"msg_id":57,"type":"broadcast"}}
2025/06/29 14:48:16 Sent {"src":"n1","dest":"n2","body":{"in_reply_to":36,"type":"broadcast_ok"}}
2025/06/29 14:48:16 Sent {"src":"n1","dest":"n0","body":{"in_reply_to":57,"type":"broadcast_ok"}}
2025/06/29 14:48:16 Received {n2 n1 {"in_reply_to":103,"type":"broadcast_ok"}}
2025/06/29 14:48:16 Received {n0 n1 {"in_reply_to":104,"type":"broadcast_ok"}}
2025/06/29 14:48:17 Sent {"src":"n1","dest":"n4","body":{"messages":[96,97],"msg_id":106,"type":"broadcast"}}
2025/06/29 14:48:17 Sent {"src":"n1","dest":"n2","body":{"messages":[96,97],"msg_id":107,"type":"broadcast"}}
2025/06/29 14:48:17 Sent {"src":"n1","dest":"n0","body":{"messages":[96,97],"msg_id":108,"type":"broadcast"}}
2025/06/29 14:48:17 Received {n2 n1 {"messages":[94,95],"msg_id":37,"type":"broadcast"}}
2025/06/29 14:48:17 Received {n0 n1 {"messages":[94,98],"msg_id":59,"type":"broadcast"}}
2025/06/29 14:48:17 Sent {"src":"n1","dest":"n2","body":{"in_reply_to":37,"type":"broadcast_ok"}}
2025/06/29 14:48:17 Sent {"src":"n1","dest":"n0","body":{"in_reply_to":59,"type":"broadcast_ok"}}
2025/06/29 14:48:17 Received {n4 n1 {"in_reply_to":106,"type":"broadcast_ok"}}
2025/06/29 14:48:17 Received {n0 n1 {"in_reply_to":108,"type":"broadcast_ok"}}
2025/06/29 14:48:17 Received {n2 n1 {"in_reply_to":107,"type":"broadcast_ok"}}
2025/06/29 14:48:17 Sent {"src":"n1","dest":"n0","body":{"messages":[98],"msg_id":109,"type":"broadcast"}}
2025/06/29 14:48:17 Sent {"src":"n1","dest":"n2","body":{"messages":[98],"msg_id":111,"type":"broadcast"}}
2025/06/29 14:48:17 Sent {"src":"n1","dest":"n4","body":{"messages":[98],"msg_id":110,"type":"broadcast"}}
2025/06/29 14:48:17 Received {n4 n1 {"messages":[96,97],"msg_id":69,"type":"broadcast"}}
2025/06/29 14:48:17 Received {n2 n1 {"messages":[97],"msg_id":38,"type":"broadcast"}}
2025/06/29 14:48:17 Received {n0 n1 {"messages":[96],"msg_id":61,"type":"broadcast"}}
2025/06/29 14:48:17 Sent {"src":"n1","dest":"n4","body":{"in_reply_to":69,"type":"broadcast_ok"}}
2025/06/29 14:48:17 Sent {"src":"n1","dest":"n2","body":{"in_reply_to":38,"type":"broadcast_ok"}}
2025/06/29 14:48:17 Sent {"src":"n1","dest":"n0","body":{"in_reply_to":61,"type":"broadcast_ok"}}
2025/06/29 14:48:17 Received {n0 n1 {"in_reply_to":109,"type":"broadcast_ok"}}
2025/06/29 14:48:17 Received {n4 n1 {"in_reply_to":110,"type":"broadcast_ok"}}
2025/06/29 14:48:17 Received {n2 n1 {"in_reply_to":111,"type":"broadcast_ok"}}
2025/06/29 14:48:18 Received {n4 n1 {"messages":[98],"msg_id":71,"type":"broadcast"}}
2025/06/29 14:48:18 Received {n2 n1 {"messages":[98],"msg_id":39,"type":"broadcast"}}
2025/06/29 14:48:18 Sent {"src":"n1","dest":"n4","body":{"in_reply_to":71,"type":"broadcast_ok"}}
2025/06/29 14:48:18 Sent {"src":"n1","dest":"n2","body":{"in_reply_to":39,"type":"broadcast_ok"}}
2025/06/29 14:48:26 Received {c10 n1 {"type":"read","msg_id":33}}
2025/06/29 14:48:26 Sent {"src":"n1","dest":"c10","body":{"in_reply_to":33,"messages":[0,2,3,5,7,4,8,10,12,11,16,15,17,18,19,20,24,27,28,23,31,29,33,35,37,34,39,38,43,44,41,45,46,47,48,49,52,50,51,55,56,57,54,53,58,59,60,63,64,62,61,66,68,65,69,67,70,71,74,72,73,77,76,78,75,79,80,82,81,83,84,86,89,85,87,88,90,92,91,93,94,95,96,97,98],"type":"read_ok"}}
