2025/06/29 14:47:56 Received {c2 n2 {"type":"init","node_id":"n2","node_ids":["n0","n1","n2","n3","n4"],"msg_id":1}}
2025/06/29 14:47:56 Node n2 initialized
2025/06/29 14:47:56 Sent {"src":"n2","dest":"c2","body":{"in_reply_to":1,"type":"init_ok"}}
2025/06/29 14:47:56 Received {c7 n2 {"type":"topology","topology":{"n0":["n3","n1"],"n1":["n4","n2","n0"],"n2":["n1"],"n3":["n0","n4"],"n4":["n1","n3"]},"msg_id":1}}
2025/06/29 14:47:56 Sent {"src":"n2","dest":"c7","body":{"in_reply_to":1,"type":"topology_ok"}}
2025/06/29 14:47:57 Received {c11 n2 {"type":"broadcast","message":0,"msg_id":1}}
2025/06/29 14:47:57 Sent {"src":"n2","dest":"c11","body":{"in_reply_to":1,"type":"broadcast_ok"}}
2025/06/29 14:47:57 Sent {"src":"n2","dest":"n1","body":{"messages":[0],"msg_id":1,"type":"broadcast"}}
2025/06/29 14:47:57 Received {n1 n2 {"in_reply_to":1,"type":"broadcast_ok"}}
2025/06/29 14:47:57 Received {c11 n2 {"type":"broadcast","message":3,"msg_id":2}}
2025/06/29 14:47:57 Sent {"src":"n2","dest":"c11","body":{"in_reply_to":2,"type":"broadcast_ok"}}
2025/06/29 14:47:57 Sent {"src":"n2","dest":"n1","body":{"messages":[3],"msg_id":2,"type":"broadcast"}}
2025/06/29 14:47:57 Received {n1 n2 {"messages":[0,2],"msg_id":3,"type":"broadcast"}}
2025/06/29 14:47:57 Sent {"src":"n2","dest":"n1","body":{"in_reply_to":3,"type":"broadcast_ok"}}
2025/06/29 14:47:57 Received {n1 n2 {"in_reply_to":2,"type":"broadcast_ok"}}
2025/06/29 14:47:58 Sent {"src":"n2","dest":"n1","body":{"messages":[2],"msg_id":3,"type":"broadcast"}}
2025/06/29 14:47:58 Received {n1 n2 {"messages":[3],"msg_id":6,"type":"broadcast"}}
2025/06/29 14:47:58 Sent {"src":"n2","dest":"n1","body":{"in_reply_to":6,"type":"broadcast_ok"}}
2025/06/29 14:47:58 Received {n1 n2 {"in_reply_to":3,"type":"broadcast_ok"}}
2025/06/29 14:47:58 Received {c11 n2 {"type":"broadcast","message":8,"msg_id":3}}
2025/06/29 14:47:58 Sent {"src":"n2","dest":"c11","body":{"in_reply_to":3,"type":"broadcast_ok"}}
2025/06/29 14:47:58 Sent {"src":"n2","dest":"n1","body":{"messages":[8],"msg_id":4,"type":"broadcast"}}
2025/06/29 14:47:58 Received {n1 n2 {"messages":[5,7],"msg_id":9,"type":"broadcast"}}
2025/06/29 14:47:58 Sent {"src":"n2","dest":"n1","body":{"in_reply_to":9,"type":"broadcast_ok"}}
2025/06/29 14:47:58 Received {n1 n2 {"in_reply_to":4,"type":"broadcast_ok"}}
2025/06/29 14:47:59 Received {c11 n2 {"type":"read","msg_id":4}}
2025/06/29 14:47:59 Sent {"src":"n2","dest":"c11","body":{"in_reply_to":4,"messages":[0,3,2,8,5,7],"type":"read_ok"}}
2025/06/29 14:47:59 Sent {"src":"n2","dest":"n1","body":{"messages":[5,7],"msg_id":5,"type":"broadcast"}}
2025/06/29 14:47:59 Received {n1 n2 {"messages":[4,8],"msg_id":12,"type":"broadcast"}}
2025/06/29 14:47:59 Sent {"src":"n2","dest":"n1","body":{"in_reply_to":12,"type":"broadcast_ok"}}
2025/06/29 14:47:59 Received {n1 n2 {"in_reply_to":5,"type":"broadcast_ok"}}
2025/06/29 14:47:59 Sent {"src":"n2","dest":"n1","body":{"messages":[4],"msg_id":6,"type":"broadcast"}}
2025/06/29 14:47:59 Received {n1 n2 {"in_reply_to":6,"type":"broadcast_ok"}}
2025/06/29 14:48:00 Received {c11 n2 {"type":"broadcast","message":10,"msg_id":5}}
2025/06/29 14:48:00 Sent {"src":"n2","dest":"c11","body":{"in_reply_to":5,"type":"broadcast_ok"}}
2025/06/29 14:48:00 Sent {"src":"n2","dest":"n1","body":{"messages":[10],"msg_id":7,"type":"broadcast"}}
2025/06/29 14:48:00 Received {n1 n2 {"in_reply_to":7,"type":"broadcast_ok"}}
2025/06/29 14:48:00 Received {n1 n2 {"messages":[10],"msg_id":13,"type":"broadcast"}}
2025/06/29 14:48:00 Sent {"src":"n2","dest":"n1","body":{"in_reply_to":13,"type":"broadcast_ok"}}
2025/06/29 14:48:01 Received {c11 n2 {"type":"read","msg_id":6}}
2025/06/29 14:48:01 Sent {"src":"n2","dest":"c11","body":{"in_reply_to":6,"messages":[0,3,2,8,5,7,4,10],"type":"read_ok"}}
2025/06/29 14:48:01 Received {n1 n2 {"messages":[12],"msg_id":18,"type":"broadcast"}}
2025/06/29 14:48:01 Sent {"src":"n2","dest":"n1","body":{"in_reply_to":18,"type":"broadcast_ok"}}
2025/06/29 14:48:01 Received {c11 n2 {"type":"read","msg_id":7}}
2025/06/29 14:48:01 Sent {"src":"n2","dest":"c11","body":{"in_reply_to":7,"messages":[0,3,2,8,5,7,4,10,12],"type":"read_ok"}}
2025/06/29 14:48:01 Sent {"src":"n2","dest":"n1","body":{"messages":[12],"msg_id":8,"type":"broadcast"}}
2025/06/29 14:48:01 Received {n1 n2 {"messages":[11,16],"msg_id":20,"type":"broadcast"}}
2025/06/29 14:48:01 Sent {"src":"n2","dest":"n1","body":{"in_reply_to":20,"type":"broadcast_ok"}}
2025/06/29 14:48:01 Received {n1 n2 {"in_reply_to":8,"type":"broadcast_ok"}}
2025/06/29 14:48:02 Sent {"src":"n2","dest":"n1","body":{"messages":[11,16],"msg_id":9,"type":"broadcast"}}
2025/06/29 14:48:02 Received {n1 n2 {"messages":[15],"msg_id":24,"type":"broadcast"}}
2025/06/29 14:48:02 Sent {"src":"n2","dest":"n1","body":{"in_reply_to":24,"type":"broadcast_ok"}}
2025/06/29 14:48:02 Received {n1 n2 {"in_reply_to":9,"type":"broadcast_ok"}}
2025/06/29 14:48:02 Received {c11 n2 {"type":"broadcast","message":19,"msg_id":8}}
2025/06/29 14:48:02 Sent {"src":"n2","dest":"c11","body":{"in_reply_to":8,"type":"broadcast_ok"}}
2025/06/29 14:48:02 Sent {"src":"n2","dest":"n1","body":{"messages":[15,19],"msg_id":10,"type":"broadcast"}}
2025/06/29 14:48:02 Received {n1 n2 {"messages":[17,18],"msg_id":27,"type":"broadcast"}}
2025/06/29 14:48:02 Sent {"src":"n2","dest":"n1","body":{"in_reply_to":27,"type":"broadcast_ok"}}
2025/06/29 14:48:02 Received {n1 n2 {"in_reply_to":10,"type":"broadcast_ok"}}
2025/06/29 14:48:03 Received {c11 n2 {"type":"read","msg_id":9}}
2025/06/29 14:48:03 Sent {"src":"n2","dest":"c11","body":{"in_reply_to":9,"messages":[0,3,2,8,5,7,4,10,12,11,16,15,19,17,18],"type":"read_ok"}}
2025/06/29 14:48:03 Sent {"src":"n2","dest":"n1","body":{"messages":[17,18],"msg_id":11,"type":"broadcast"}}
2025/06/29 14:48:03 Received {n1 n2 {"messages":[19],"msg_id":30,"type":"broadcast"}}
2025/06/29 14:48:03 Sent {"src":"n2","dest":"n1","body":{"in_reply_to":30,"type":"broadcast_ok"}}
2025/06/29 14:48:03 Received {n1 n2 {"in_reply_to":11,"type":"broadcast_ok"}}
2025/06/29 14:48:03 Received {c11 n2 {"type":"broadcast","message":28,"msg_id":10}}
2025/06/29 14:48:03 Sent {"src":"n2","dest":"c11","body":{"in_reply_to":10,"type":"broadcast_ok"}}
2025/06/29 14:48:03 Sent {"src":"n2","dest":"n1","body":{"messages":[28],"msg_id":12,"type":"broadcast"}}
2025/06/29 14:48:03 Received {n1 n2 {"messages":[20,24,27],"msg_id":33,"type":"broadcast"}}
2025/06/29 14:48:03 Sent {"src":"n2","dest":"n1","body":{"in_reply_to":33,"type":"broadcast_ok"}}
2025/06/29 14:48:03 Received {n1 n2 {"in_reply_to":12,"type":"broadcast_ok"}}
2025/06/29 14:48:04 Received {c11 n2 {"type":"broadcast","message":31,"msg_id":11}}
2025/06/29 14:48:04 Sent {"src":"n2","dest":"c11","body":{"in_reply_to":11,"type":"broadcast_ok"}}
2025/06/29 14:48:04 Sent {"src":"n2","dest":"n1","body":{"messages":[20,24,27,31],"msg_id":13,"type":"broadcast"}}
2025/06/29 14:48:04 Received {n1 n2 {"messages":[28,23],"msg_id":36,"type":"broadcast"}}
2025/06/29 14:48:04 Sent {"src":"n2","dest":"n1","body":{"in_reply_to":36,"type":"broadcast_ok"}}
2025/06/29 14:48:04 Received {n1 n2 {"in_reply_to":13,"type":"broadcast_ok"}}
2025/06/29 14:48:04 Received {c11 n2 {"type":"broadcast","message":33,"msg_id":12}}
2025/06/29 14:48:04 Sent {"src":"n2","dest":"c11","body":{"in_reply_to":12,"type":"broadcast_ok"}}
2025/06/29 14:48:04 Sent {"src":"n2","dest":"n1","body":{"messages":[23,33],"msg_id":14,"type":"broadcast"}}
2025/06/29 14:48:04 Received {n1 n2 {"messages":[31,29],"msg_id":38,"type":"broadcast"}}
2025/06/29 14:48:04 Sent {"src":"n2","dest":"n1","body":{"in_reply_to":38,"type":"broadcast_ok"}}
2025/06/29 14:48:04 Received {n1 n2 {"in_reply_to":14,"type":"broadcast_ok"}}
2025/06/29 14:48:05 Received {c11 n2 {"type":"broadcast","message":37,"msg_id":13}}
2025/06/29 14:48:05 Sent {"src":"n2","dest":"c11","body":{"in_reply_to":13,"type":"broadcast_ok"}}
2025/06/29 14:48:05 Sent {"src":"n2","dest":"n1","body":{"messages":[29,37],"msg_id":15,"type":"broadcast"}}
2025/06/29 14:48:05 Received {n1 n2 {"messages":[33,35],"msg_id":42,"type":"broadcast"}}
2025/06/29 14:48:05 Sent {"src":"n2","dest":"n1","body":{"in_reply_to":42,"type":"broadcast_ok"}}
2025/06/29 14:48:05 Received {n1 n2 {"in_reply_to":15,"type":"broadcast_ok"}}
2025/06/29 14:48:05 Received {c11 n2 {"type":"read","msg_id":14}}
2025/06/29 14:48:05 Sent {"src":"n2","dest":"c11","body":{"in_reply_to":14,"messages":[0,3,2,8,5,7,4,10,12,11,16,15,19,17,18,28,20,24,27,31,23,33,29,37,35],"type":"read_ok"}}
2025/06/29 14:48:05 Sent {"src":"n2","dest":"n1","body":{"messages":[35],"msg_id":16,"type":"broadcast"}}
2025/06/29 14:48:05 Received {n1 n2 {"messages":[37,34,39],"msg_id":43,"type":"broadcast"}}
2025/06/29 14:48:05 Sent {"src":"n2","dest":"n1","body":{"in_reply_to":43,"type":"broadcast_ok"}}
2025/06/29 14:48:05 Received {n1 n2 {"in_reply_to":16,"type":"broadcast_ok"}}
2025/06/29 14:48:06 Received {c11 n2 {"type":"broadcast","message":44,"msg_id":15}}
2025/06/29 14:48:06 Sent {"src":"n2","dest":"c11","body":{"in_reply_to":15,"type":"broadcast_ok"}}
2025/06/29 14:48:06 Sent {"src":"n2","dest":"n1","body":{"messages":[34,39,44],"msg_id":17,"type":"broadcast"}}
2025/06/29 14:48:06 Received {n1 n2 {"messages":[38,43],"msg_id":46,"type":"broadcast"}}
2025/06/29 14:48:06 Sent {"src":"n2","dest":"n1","body":{"in_reply_to":46,"type":"broadcast_ok"}}
2025/06/29 14:48:06 Received {n1 n2 {"in_reply_to":17,"type":"broadcast_ok"}}
2025/06/29 14:48:06 Received {c11 n2 {"type":"broadcast","message":46,"msg_id":16}}
2025/06/29 14:48:06 Sent {"src":"n2","dest":"c11","body":{"in_reply_to":16,"type":"broadcast_ok"}}
2025/06/29 14:48:06 Received {n1 n2 {"messages":[44,41,45],"msg_id":51,"type":"broadcast"}}
2025/06/29 14:48:06 Sent {"src":"n2","dest":"n1","body":{"in_reply_to":51,"type":"broadcast_ok"}}
2025/06/29 14:48:06 Sent {"src":"n2","dest":"n1","body":{"messages":[38,43,46],"msg_id":18,"type":"broadcast"}}
2025/06/29 14:48:06 Received {n1 n2 {"in_reply_to":18,"type":"broadcast_ok"}}
2025/06/29 14:48:07 Sent {"src":"n2","dest":"n1","body":{"messages":[41,45],"msg_id":19,"type":"broadcast"}}
2025/06/29 14:48:07 Received {n1 n2 {"messages":[46,47],"msg_id":52,"type":"broadcast"}}
2025/06/29 14:48:07 Sent {"src":"n2","dest":"n1","body":{"in_reply_to":52,"type":"broadcast_ok"}}
2025/06/29 14:48:07 Received {n1 n2 {"in_reply_to":19,"type":"broadcast_ok"}}
2025/06/29 14:48:07 Received {c11 n2 {"type":"broadcast","message":48,"msg_id":17}}
2025/06/29 14:48:07 Sent {"src":"n2","dest":"c11","body":{"in_reply_to":17,"type":"broadcast_ok"}}
2025/06/29 14:48:07 Sent {"src":"n2","dest":"n1","body":{"messages":[47,48],"msg_id":20,"type":"broadcast"}}
2025/06/29 14:48:07 Received {n1 n2 {"in_reply_to":20,"type":"broadcast_ok"}}
2025/06/29 14:48:08 Received {c11 n2 {"type":"read","msg_id":18}}
2025/06/29 14:48:08 Sent {"src":"n2","dest":"c11","body":{"in_reply_to":18,"messages":[0,3,2,8,5,7,4,10,12,11,16,15,19,17,18,28,20,24,27,31,23,33,29,37,35,34,39,44,38,43,46,41,45,47,48],"type":"read_ok"}}
2025/06/29 14:48:08 Received {n1 n2 {"messages":[48,49,52],"msg_id":56,"type":"broadcast"}}
2025/06/29 14:48:08 Sent {"src":"n2","dest":"n1","body":{"in_reply_to":56,"type":"broadcast_ok"}}
2025/06/29 14:48:08 Received {c11 n2 {"type":"broadcast","message":57,"msg_id":19}}
2025/06/29 14:48:08 Sent {"src":"n2","dest":"c11","body":{"in_reply_to":19,"type":"broadcast_ok"}}
2025/06/29 14:48:08 Sent {"src":"n2","dest":"n1","body":{"messages":[49,52,57],"msg_id":21,"type":"broadcast"}}
2025/06/29 14:48:08 Received {n1 n2 {"messages":[50,51],"msg_id":59,"type":"broadcast"}}
2025/06/29 14:48:08 Sent {"src":"n2","dest":"n1","body":{"in_reply_to":59,"type":"broadcast_ok"}}
2025/06/29 14:48:08 Received {n1 n2 {"in_reply_to":21,"type":"broadcast_ok"}}
2025/06/29 14:48:09 Sent {"src":"n2","dest":"n1","body":{"messages":[50,51],"msg_id":22,"type":"broadcast"}}
2025/06/29 14:48:09 Received {n1 n2 {"messages":[55,56,57,54],"msg_id":63,"type":"broadcast"}}
2025/06/29 14:48:09 Sent {"src":"n2","dest":"n1","body":{"in_reply_to":63,"type":"broadcast_ok"}}
2025/06/29 14:48:09 Received {n1 n2 {"in_reply_to":22,"type":"broadcast_ok"}}
2025/06/29 14:48:09 Received {c11 n2 {"type":"read","msg_id":20}}
2025/06/29 14:48:09 Sent {"src":"n2","dest":"c11","body":{"in_reply_to":20,"messages":[0,3,2,8,5,7,4,10,12,11,16,15,19,17,18,28,20,24,27,31,23,33,29,37,35,34,39,44,38,43,46,41,45,47,48,49,52,57,50,51,55,56,54],"type":"read_ok"}}
2025/06/29 14:48:09 Received {c11 n2 {"type":"read","msg_id":21}}
2025/06/29 14:48:09 Sent {"src":"n2","dest":"c11","body":{"in_reply_to":21,"messages":[0,3,2,8,5,7,4,10,12,11,16,15,19,17,18,28,20,24,27,31,23,33,29,37,35,34,39,44,38,43,46,41,45,47,48,49,52,57,50,51,55,56,54],"type":"read_ok"}}
2025/06/29 14:48:09 Sent {"src":"n2","dest":"n1","body":{"messages":[55,56,54],"msg_id":23,"type":"broadcast"}}
2025/06/29 14:48:09 Received {n1 n2 {"messages":[53,58,59,60],"msg_id":66,"type":"broadcast"}}
2025/06/29 14:48:09 Sent {"src":"n2","dest":"n1","body":{"in_reply_to":66,"type":"broadcast_ok"}}
2025/06/29 14:48:09 Received {n1 n2 {"in_reply_to":23,"type":"broadcast_ok"}}
2025/06/29 14:48:10 Sent {"src":"n2","dest":"n1","body":{"messages":[53,58,59,60],"msg_id":24,"type":"broadcast"}}
2025/06/29 14:48:10 Received {n1 n2 {"messages":[63,64,62],"msg_id":67,"type":"broadcast"}}
2025/06/29 14:48:10 Sent {"src":"n2","dest":"n1","body":{"in_reply_to":67,"type":"broadcast_ok"}}
2025/06/29 14:48:10 Received {n1 n2 {"in_reply_to":24,"type":"broadcast_ok"}}
2025/06/29 14:48:10 Received {c11 n2 {"type":"read","msg_id":22}}
2025/06/29 14:48:10 Sent {"src":"n2","dest":"c11","body":{"in_reply_to":22,"messages":[0,3,2,8,5,7,4,10,12,11,16,15,19,17,18,28,20,24,27,31,23,33,29,37,35,34,39,44,38,43,46,41,45,47,48,49,52,57,50,51,55,56,54,53,58,59,60,63,64,62],"type":"read_ok"}}
2025/06/29 14:48:10 Sent {"src":"n2","dest":"n1","body":{"messages":[63,64,62],"msg_id":25,"type":"broadcast"}}
2025/06/29 14:48:10 Received {n1 n2 {"messages":[61],"msg_id":70,"type":"broadcast"}}
2025/06/29 14:48:10 Sent {"src":"n2","dest":"n1","body":{"in_reply_to":70,"type":"broadcast_ok"}}
2025/06/29 14:48:10 Received {n1 n2 {"in_reply_to":25,"type":"broadcast_ok"}}
2025/06/29 14:48:11 Received {c11 n2 {"type":"broadcast","message":69,"msg_id":23}}
2025/06/29 14:48:11 Sent {"src":"n2","dest":"c11","body":{"in_reply_to":23,"type":"broadcast_ok"}}
2025/06/29 14:48:11 Sent {"src":"n2","dest":"n1","body":{"messages":[61,69],"msg_id":26,"type":"broadcast"}}
2025/06/29 14:48:11 Received {n1 n2 {"messages":[66,68],"msg_id":75,"type":"broadcast"}}
2025/06/29 14:48:11 Sent {"src":"n2","dest":"n1","body":{"in_reply_to":75,"type":"broadcast_ok"}}
2025/06/29 14:48:11 Received {n1 n2 {"in_reply_to":26,"type":"broadcast_ok"}}
2025/06/29 14:48:11 Sent {"src":"n2","dest":"n1","body":{"messages":[66,68],"msg_id":27,"type":"broadcast"}}
2025/06/29 14:48:12 Received {n1 n2 {"messages":[65,69,67],"msg_id":76,"type":"broadcast"}}
2025/06/29 14:48:12 Sent {"src":"n2","dest":"n1","body":{"in_reply_to":76,"type":"broadcast_ok"}}
2025/06/29 14:48:12 Received {n1 n2 {"in_reply_to":27,"type":"broadcast_ok"}}
2025/06/29 14:48:12 Received {c11 n2 {"type":"broadcast","message":72,"msg_id":24}}
2025/06/29 14:48:12 Sent {"src":"n2","dest":"c11","body":{"in_reply_to":24,"type":"broadcast_ok"}}
2025/06/29 14:48:12 Sent {"src":"n2","dest":"n1","body":{"messages":[65,67,72],"msg_id":28,"type":"broadcast"}}
2025/06/29 14:48:12 Received {n1 n2 {"messages":[70,71,74],"msg_id":81,"type":"broadcast"}}
2025/06/29 14:48:12 Sent {"src":"n2","dest":"n1","body":{"in_reply_to":81,"type":"broadcast_ok"}}
2025/06/29 14:48:12 Received {n1 n2 {"in_reply_to":28,"type":"broadcast_ok"}}
2025/06/29 14:48:12 Received {c11 n2 {"type":"read","msg_id":25}}
2025/06/29 14:48:12 Sent {"src":"n2","dest":"c11","body":{"in_reply_to":25,"messages":[0,3,2,8,5,7,4,10,12,11,16,15,19,17,18,28,20,24,27,31,23,33,29,37,35,34,39,44,38,43,46,41,45,47,48,49,52,57,50,51,55,56,54,53,58,59,60,63,64,62,61,69,66,68,65,67,72,70,71,74],"type":"read_ok"}}
2025/06/29 14:48:13 Sent {"src":"n2","dest":"n1","body":{"messages":[70,71,74],"msg_id":29,"type":"broadcast"}}
2025/06/29 14:48:13 Received {n1 n2 {"messages":[72],"msg_id":84,"type":"broadcast"}}
2025/06/29 14:48:13 Sent {"src":"n2","dest":"n1","body":{"in_reply_to":84,"type":"broadcast_ok"}}
2025/06/29 14:48:13 Received {n1 n2 {"in_reply_to":29,"type":"broadcast_ok"}}
2025/06/29 14:48:13 Received {c11 n2 {"type":"broadcast","message":78,"msg_id":26}}
2025/06/29 14:48:13 Sent {"src":"n2","dest":"c11","body":{"in_reply_to":26,"type":"broadcast_ok"}}
2025/06/29 14:48:13 Sent {"src":"n2","dest":"n1","body":{"messages":[78],"msg_id":30,"type":"broadcast"}}
2025/06/29 14:48:13 Received {n1 n2 {"messages":[73,77,76],"msg_id":87,"type":"broadcast"}}
2025/06/29 14:48:13 Sent {"src":"n2","dest":"n1","body":{"in_reply_to":87,"type":"broadcast_ok"}}
2025/06/29 14:48:13 Received {n1 n2 {"in_reply_to":30,"type":"broadcast_ok"}}
2025/06/29 14:48:13 Received {c11 n2 {"type":"broadcast","message":81,"msg_id":27}}
2025/06/29 14:48:13 Sent {"src":"n2","dest":"c11","body":{"in_reply_to":27,"type":"broadcast_ok"}}
2025/06/29 14:48:14 Sent {"src":"n2","dest":"n1","body":{"messages":[73,77,76,81],"msg_id":31,"type":"broadcast"}}
2025/06/29 14:48:14 Received {n1 n2 {"messages":[78,75,79],"msg_id":88,"type":"broadcast"}}
2025/06/29 14:48:14 Sent {"src":"n2","dest":"n1","body":{"in_reply_to":88,"type":"broadcast_ok"}}
2025/06/29 14:48:14 Received {n1 n2 {"in_reply_to":31,"type":"broadcast_ok"}}
2025/06/29 14:48:14 Received {c11 n2 {"type":"broadcast","message":84,"msg_id":28}}
2025/06/29 14:48:14 Sent {"src":"n2","dest":"c11","body":{"in_reply_to":28,"type":"broadcast_ok"}}
2025/06/29 14:48:14 Sent {"src":"n2","dest":"n1","body":{"messages":[75,79,84],"msg_id":32,"type":"broadcast"}}
2025/06/29 14:48:14 Received {n1 n2 {"messages":[80,82,81,83],"msg_id":93,"type":"broadcast"}}
2025/06/29 14:48:14 Sent {"src":"n2","dest":"n1","body":{"in_reply_to":93,"type":"broadcast_ok"}}
2025/06/29 14:48:14 Received {n1 n2 {"in_reply_to":32,"type":"broadcast_ok"}}
2025/06/29 14:48:14 Received {c11 n2 {"type":"broadcast","message":90,"msg_id":29}}
2025/06/29 14:48:14 Sent {"src":"n2","dest":"c11","body":{"in_reply_to":29,"type":"broadcast_ok"}}
2025/06/29 14:48:15 Sent {"src":"n2","dest":"n1","body":{"messages":[80,82,83,90],"msg_id":33,"type":"broadcast"}}
2025/06/29 14:48:15 Received {n1 n2 {"messages":[84,86,89],"msg_id":94,"type":"broadcast"}}
2025/06/29 14:48:15 Sent {"src":"n2","dest":"n1","body":{"in_reply_to":94,"type":"broadcast_ok"}}
2025/06/29 14:48:15 Received {n1 n2 {"in_reply_to":33,"type":"broadcast_ok"}}
2025/06/29 14:48:15 Received {c11 n2 {"type":"broadcast","message":93,"msg_id":30}}
2025/06/29 14:48:15 Sent {"src":"n2","dest":"c11","body":{"in_reply_to":30,"type":"broadcast_ok"}}
2025/06/29 14:48:15 Sent {"src":"n2","dest":"n1","body":{"messages":[86,89,93],"msg_id":34,"type":"broadcast"}}
2025/06/29 14:48:15 Received {n1 n2 {"messages":[85,87,88,90],"msg_id":97,"type":"broadcast"}}
2025/06/29 14:48:15 Sent {"src":"n2","dest":"n1","body":{"in_reply_to":97,"type":"broadcast_ok"}}
2025/06/29 14:48:15 Received {n1 n2 {"in_reply_to":34,"type":"broadcast_ok"}}
2025/06/29 14:48:16 Sent {"src":"n2","dest":"n1","body":{"messages":[85,87,88],"msg_id":35,"type":"broadcast"}}
2025/06/29 14:48:16 Received {n1 n2 {"messages":[92,91,93],"msg_id":102,"type":"broadcast"}}
2025/06/29 14:48:16 Sent {"src":"n2","dest":"n1","body":{"in_reply_to":102,"type":"broadcast_ok"}}
2025/06/29 14:48:16 Received {n1 n2 {"in_reply_to":35,"type":"broadcast_ok"}}
2025/06/29 14:48:16 Received {c11 n2 {"type":"broadcast","message":96,"msg_id":31}}
2025/06/29 14:48:16 Sent {"src":"n2","dest":"c11","body":{"in_reply_to":31,"type":"broadcast_ok"}}
2025/06/29 14:48:16 Received {c11 n2 {"type":"read","msg_id":32}}
2025/06/29 14:48:16 Sent {"src":"n2","dest":"c11","body":{"in_reply_to":32,"messages":[0,3,2,8,5,7,4,10,12,11,16,15,19,17,18,28,20,24,27,31,23,33,29,37,35,34,39,44,38,43,46,41,45,47,48,49,52,57,50,51,55,56,54,53,58,59,60,63,64,62,61,69,66,68,65,67,72,70,71,74,78,73,77,76,81,75,79,84,80,82,83,90,86,89,93,85,87,88,92,91,96],"type":"read_ok"}}
2025/06/29 14:48:16 Sent {"src":"n2","dest":"n1","body":{"messages":[92,91,96],"msg_id":36,"type":"broadcast"}}
2025/06/29 14:48:16 Received {n1 n2 {"messages":[94,95],"msg_id":103,"type":"broadcast"}}
2025/06/29 14:48:16 Sent {"src":"n2","dest":"n1","body":{"in_reply_to":103,"type":"broadcast_ok"}}
2025/06/29 14:48:16 Received {n1 n2 {"in_reply_to":36,"type":"broadcast_ok"}}
2025/06/29 14:48:17 Sent {"src":"n2","dest":"n1","body":{"messages":[94,95],"msg_id":37,"type":"broadcast"}}
2025/06/29 14:48:17 Received {n1 n2 {"messages":[96,97],"msg_id":107,"type":"broadcast"}}
2025/06/29 14:48:17 Sent {"src":"n2","dest":"n1","body":{"in_reply_to":107,"type":"broadcast_ok"}}
2025/06/29 14:48:17 Received {n1 n2 {"in_reply_to":37,"type":"broadcast_ok"}}
2025/06/29 14:48:17 Sent {"src":"n2","dest":"n1","body":{"messages":[97],"msg_id":38,"type":"broadcast"}}
2025/06/29 14:48:17 Received {n1 n2 {"messages":[98],"msg_id":111,"type":"broadcast"}}
2025/06/29 14:48:17 Sent {"src":"n2","dest":"n1","body":{"in_reply_to":111,"type":"broadcast_ok"}}
2025/06/29 14:48:17 Received {n1 n2 {"in_reply_to":38,"type":"broadcast_ok"}}
2025/06/29 14:48:18 Sent {"src":"n2","dest":"n1","body":{"messages":[98],"msg_id":39,"type":"broadcast"}}
2025/06/29 14:48:18 Received {n1 n2 {"in_reply_to":39,"type":"broadcast_ok"}}
2025/06/29 14:48:26 Received {c11 n2 {"type":"read","msg_id":33}}
2025/06/29 14:48:26 Sent {"src":"n2","dest":"c11","body":{"in_reply_to":33,"messages":[0,3,2,8,5,7,4,10,12,11,16,15,19,17,18,28,20,24,27,31,23,33,29,37,35,34,39,44,38,43,46,41,45,47,48,49,52,57,50,51,55,56,54,53,58,59,60,63,64,62,61,69,66,68,65,67,72,70,71,74,78,73,77,76,81,75,79,84,80,82,83,90,86,89,93,85,87,88,92,91,96,94,95,97,98],"type":"read_ok"}}
