2025/06/27 20:46:19 Received {c4 n0 {"type":"init","node_id":"n0","node_ids":["n0","n1","n2","n3","n4"],"msg_id":1}}
2025/06/27 20:46:19 Node n0 initialized
2025/06/27 20:46:19 Sent {"src":"n0","dest":"c4","body":{"in_reply_to":1,"type":"init_ok"}}
2025/06/27 20:46:19 Received {c5 n0 {"type":"topology","topology":{"n0":["n3","n1"],"n1":["n4","n2","n0"],"n2":["n1"],"n3":["n0","n4"],"n4":["n1","n3"]},"msg_id":1}}
2025/06/27 20:46:19 Sent {"src":"n0","dest":"c5","body":{"in_reply_to":1,"type":"topology_ok"}}
2025/06/27 20:46:19 Received {c10 n0 {"type":"broadcast","message":0,"msg_id":1}}
2025/06/27 20:46:19 Sent {"src":"n0","dest":"c10","body":{"in_reply_to":1,"type":"broadcast_ok"}}
2025/06/27 20:46:19 Sent {"src":"n0","dest":"n3","body":{"message":0,"msg_id":1,"type":"broadcast"}}
2025/06/27 20:46:19 Sent {"src":"n0","dest":"n1","body":{"message":0,"msg_id":2,"type":"broadcast"}}
2025/06/27 20:46:19 Received {n3 n0 {"in_reply_to":1,"type":"broadcast_ok"}}
2025/06/27 20:46:20 Received {c10 n0 {"type":"read","msg_id":2}}
2025/06/27 20:46:20 Sent {"src":"n0","dest":"c10","body":{"in_reply_to":2,"messages":[0],"type":"read_ok"}}
2025/06/27 20:46:20 Received {c10 n0 {"type":"read","msg_id":3}}
2025/06/27 20:46:20 Sent {"src":"n0","dest":"c10","body":{"in_reply_to":3,"messages":[0],"type":"read_ok"}}
2025/06/27 20:46:20 Received {n3 n0 {"message":4,"msg_id":2,"type":"broadcast"}}
2025/06/27 20:46:20 Sent {"src":"n0","dest":"n3","body":{"in_reply_to":2,"type":"broadcast_ok"}}
2025/06/27 20:46:20 Sent {"src":"n0","dest":"n1","body":{"message":4,"msg_id":3,"type":"broadcast"}}
2025/06/27 20:46:20 Received {n3 n0 {"message":5,"msg_id":4,"type":"broadcast"}}
2025/06/27 20:46:20 Sent {"src":"n0","dest":"n3","body":{"in_reply_to":4,"type":"broadcast_ok"}}
2025/06/27 20:46:20 Sent {"src":"n0","dest":"n1","body":{"message":5,"msg_id":4,"type":"broadcast"}}
2025/06/27 20:46:20 Received {c10 n0 {"type":"broadcast","message":6,"msg_id":4}}
2025/06/27 20:46:20 Sent {"src":"n0","dest":"c10","body":{"in_reply_to":4,"type":"broadcast_ok"}}
2025/06/27 20:46:20 Sent {"src":"n0","dest":"n1","body":{"message":6,"msg_id":5,"type":"broadcast"}}
2025/06/27 20:46:20 Sent {"src":"n0","dest":"n3","body":{"message":6,"msg_id":6,"type":"broadcast"}}
2025/06/27 20:46:20 Received {n3 n0 {"in_reply_to":6,"type":"broadcast_ok"}}
2025/06/27 20:46:20 Received {c10 n0 {"type":"broadcast","message":7,"msg_id":5}}
2025/06/27 20:46:20 Sent {"src":"n0","dest":"c10","body":{"in_reply_to":5,"type":"broadcast_ok"}}
2025/06/27 20:46:20 Sent {"src":"n0","dest":"n3","body":{"message":7,"msg_id":7,"type":"broadcast"}}
2025/06/27 20:46:20 Sent {"src":"n0","dest":"n1","body":{"message":7,"msg_id":8,"type":"broadcast"}}
2025/06/27 20:46:20 Received {n3 n0 {"in_reply_to":7,"type":"broadcast_ok"}}
2025/06/27 20:46:21 Received {n3 n0 {"message":8,"msg_id":7,"type":"broadcast"}}
2025/06/27 20:46:21 Sent {"src":"n0","dest":"n3","body":{"in_reply_to":7,"type":"broadcast_ok"}}
2025/06/27 20:46:21 Sent {"src":"n0","dest":"n1","body":{"message":8,"msg_id":9,"type":"broadcast"}}
2025/06/27 20:46:21 Received {c10 n0 {"type":"read","msg_id":6}}
2025/06/27 20:46:21 Sent {"src":"n0","dest":"c10","body":{"in_reply_to":6,"messages":[0,4,5,6,7,8],"type":"read_ok"}}
2025/06/27 20:46:21 Received {c10 n0 {"type":"read","msg_id":7}}
2025/06/27 20:46:21 Sent {"src":"n0","dest":"c10","body":{"in_reply_to":7,"messages":[0,4,5,6,7,8],"type":"read_ok"}}
2025/06/27 20:46:21 Received {n3 n0 {"message":9,"msg_id":8,"type":"broadcast"}}
2025/06/27 20:46:21 Sent {"src":"n0","dest":"n3","body":{"in_reply_to":8,"type":"broadcast_ok"}}
2025/06/27 20:46:21 Sent {"src":"n0","dest":"n1","body":{"message":9,"msg_id":10,"type":"broadcast"}}
2025/06/27 20:46:21 Received {c10 n0 {"type":"read","msg_id":8}}
2025/06/27 20:46:21 Sent {"src":"n0","dest":"c10","body":{"in_reply_to":8,"messages":[0,4,5,6,7,8,9],"type":"read_ok"}}
2025/06/27 20:46:21 Received {c10 n0 {"type":"broadcast","message":10,"msg_id":9}}
2025/06/27 20:46:21 Sent {"src":"n0","dest":"c10","body":{"in_reply_to":9,"type":"broadcast_ok"}}
2025/06/27 20:46:21 Sent {"src":"n0","dest":"n3","body":{"message":10,"msg_id":11,"type":"broadcast"}}
2025/06/27 20:46:21 Sent {"src":"n0","dest":"n1","body":{"message":10,"msg_id":12,"type":"broadcast"}}
2025/06/27 20:46:21 Received {n3 n0 {"in_reply_to":11,"type":"broadcast_ok"}}
2025/06/27 20:46:22 Received {c10 n0 {"type":"read","msg_id":10}}
2025/06/27 20:46:22 Sent {"src":"n0","dest":"c10","body":{"in_reply_to":10,"messages":[0,4,5,6,7,8,9,10],"type":"read_ok"}}
2025/06/27 20:46:22 Received {c10 n0 {"type":"broadcast","message":12,"msg_id":11}}
2025/06/27 20:46:22 Sent {"src":"n0","dest":"c10","body":{"in_reply_to":11,"type":"broadcast_ok"}}
2025/06/27 20:46:22 Sent {"src":"n0","dest":"n3","body":{"message":12,"msg_id":13,"type":"broadcast"}}
2025/06/27 20:46:22 Sent {"src":"n0","dest":"n1","body":{"message":12,"msg_id":14,"type":"broadcast"}}
2025/06/27 20:46:22 Received {n3 n0 {"in_reply_to":13,"type":"broadcast_ok"}}
2025/06/27 20:46:22 Received {n3 n0 {"message":13,"msg_id":11,"type":"broadcast"}}
2025/06/27 20:46:22 Sent {"src":"n0","dest":"n3","body":{"in_reply_to":11,"type":"broadcast_ok"}}
2025/06/27 20:46:22 Sent {"src":"n0","dest":"n1","body":{"message":13,"msg_id":15,"type":"broadcast"}}
2025/06/27 20:46:23 Received {c10 n0 {"type":"broadcast","message":14,"msg_id":12}}
2025/06/27 20:46:23 Sent {"src":"n0","dest":"c10","body":{"in_reply_to":12,"type":"broadcast_ok"}}
2025/06/27 20:46:23 Sent {"src":"n0","dest":"n3","body":{"message":14,"msg_id":16,"type":"broadcast"}}
2025/06/27 20:46:23 Sent {"src":"n0","dest":"n1","body":{"message":14,"msg_id":17,"type":"broadcast"}}
2025/06/27 20:46:23 Received {n3 n0 {"in_reply_to":16,"type":"broadcast_ok"}}
2025/06/27 20:46:23 Received {c10 n0 {"type":"broadcast","message":15,"msg_id":13}}
2025/06/27 20:46:23 Sent {"src":"n0","dest":"c10","body":{"in_reply_to":13,"type":"broadcast_ok"}}
2025/06/27 20:46:23 Sent {"src":"n0","dest":"n3","body":{"message":15,"msg_id":18,"type":"broadcast"}}
2025/06/27 20:46:23 Sent {"src":"n0","dest":"n1","body":{"message":15,"msg_id":19,"type":"broadcast"}}
2025/06/27 20:46:23 Received {n3 n0 {"in_reply_to":18,"type":"broadcast_ok"}}
2025/06/27 20:46:23 Received {n3 n0 {"message":16,"msg_id":15,"type":"broadcast"}}
2025/06/27 20:46:23 Sent {"src":"n0","dest":"n3","body":{"in_reply_to":15,"type":"broadcast_ok"}}
2025/06/27 20:46:23 Sent {"src":"n0","dest":"n1","body":{"message":16,"msg_id":20,"type":"broadcast"}}
2025/06/27 20:46:23 Received {c10 n0 {"type":"broadcast","message":17,"msg_id":14}}
2025/06/27 20:46:23 Sent {"src":"n0","dest":"c10","body":{"in_reply_to":14,"type":"broadcast_ok"}}
2025/06/27 20:46:23 Sent {"src":"n0","dest":"n3","body":{"message":17,"msg_id":21,"type":"broadcast"}}
2025/06/27 20:46:23 Sent {"src":"n0","dest":"n1","body":{"message":17,"msg_id":22,"type":"broadcast"}}
2025/06/27 20:46:23 Received {n3 n0 {"in_reply_to":21,"type":"broadcast_ok"}}
2025/06/27 20:46:23 Received {c10 n0 {"type":"read","msg_id":15}}
2025/06/27 20:46:23 Sent {"src":"n0","dest":"c10","body":{"in_reply_to":15,"messages":[0,4,5,6,7,8,9,10,12,13,14,15,16,17],"type":"read_ok"}}
2025/06/27 20:46:24 Received {n3 n0 {"message":19,"msg_id":17,"type":"broadcast"}}
2025/06/27 20:46:24 Sent {"src":"n0","dest":"n3","body":{"in_reply_to":17,"type":"broadcast_ok"}}
2025/06/27 20:46:24 Sent {"src":"n0","dest":"n1","body":{"message":19,"msg_id":23,"type":"broadcast"}}
2025/06/27 20:46:24 Received {c10 n0 {"type":"read","msg_id":16}}
2025/06/27 20:46:24 Sent {"src":"n0","dest":"c10","body":{"in_reply_to":16,"messages":[0,4,5,6,7,8,9,10,12,13,14,15,16,17,19],"type":"read_ok"}}
2025/06/27 20:46:24 Received {c10 n0 {"type":"broadcast","message":20,"msg_id":17}}
2025/06/27 20:46:24 Sent {"src":"n0","dest":"c10","body":{"in_reply_to":17,"type":"broadcast_ok"}}
2025/06/27 20:46:24 Sent {"src":"n0","dest":"n1","body":{"message":20,"msg_id":24,"type":"broadcast"}}
2025/06/27 20:46:24 Sent {"src":"n0","dest":"n3","body":{"message":20,"msg_id":25,"type":"broadcast"}}
2025/06/27 20:46:24 Received {n3 n0 {"in_reply_to":25,"type":"broadcast_ok"}}
2025/06/27 20:46:24 Received {n3 n0 {"message":21,"msg_id":19,"type":"broadcast"}}
2025/06/27 20:46:24 Sent {"src":"n0","dest":"n3","body":{"in_reply_to":19,"type":"broadcast_ok"}}
2025/06/27 20:46:24 Sent {"src":"n0","dest":"n1","body":{"message":21,"msg_id":26,"type":"broadcast"}}
2025/06/27 20:46:24 Received {c10 n0 {"type":"read","msg_id":18}}
2025/06/27 20:46:24 Sent {"src":"n0","dest":"c10","body":{"in_reply_to":18,"messages":[0,4,5,6,7,8,9,10,12,13,14,15,16,17,19,20,21],"type":"read_ok"}}
2025/06/27 20:46:24 Received {c10 n0 {"type":"read","msg_id":19}}
2025/06/27 20:46:24 Sent {"src":"n0","dest":"c10","body":{"in_reply_to":19,"messages":[0,4,5,6,7,8,9,10,12,13,14,15,16,17,19,20,21],"type":"read_ok"}}
2025/06/27 20:46:25 Received {n3 n0 {"message":23,"msg_id":22,"type":"broadcast"}}
2025/06/27 20:46:25 Sent {"src":"n0","dest":"n3","body":{"in_reply_to":22,"type":"broadcast_ok"}}
2025/06/27 20:46:25 Sent {"src":"n0","dest":"n1","body":{"message":23,"msg_id":27,"type":"broadcast"}}
2025/06/27 20:46:25 Received {n3 n0 {"message":24,"msg_id":23,"type":"broadcast"}}
2025/06/27 20:46:25 Sent {"src":"n0","dest":"n3","body":{"in_reply_to":23,"type":"broadcast_ok"}}
2025/06/27 20:46:25 Sent {"src":"n0","dest":"n1","body":{"message":24,"msg_id":28,"type":"broadcast"}}
2025/06/27 20:46:25 Received {c10 n0 {"type":"read","msg_id":20}}
2025/06/27 20:46:25 Sent {"src":"n0","dest":"c10","body":{"in_reply_to":20,"messages":[0,4,5,6,7,8,9,10,12,13,14,15,16,17,19,20,21,23,24],"type":"read_ok"}}
2025/06/27 20:46:25 Received {c10 n0 {"type":"read","msg_id":21}}
2025/06/27 20:46:25 Sent {"src":"n0","dest":"c10","body":{"in_reply_to":21,"messages":[0,4,5,6,7,8,9,10,12,13,14,15,16,17,19,20,21,23,24],"type":"read_ok"}}
2025/06/27 20:46:25 Received {n3 n0 {"message":26,"msg_id":24,"type":"broadcast"}}
2025/06/27 20:46:25 Sent {"src":"n0","dest":"n3","body":{"in_reply_to":24,"type":"broadcast_ok"}}
2025/06/27 20:46:25 Sent {"src":"n0","dest":"n1","body":{"message":26,"msg_id":29,"type":"broadcast"}}
2025/06/27 20:46:25 Received {n3 n0 {"message":27,"msg_id":26,"type":"broadcast"}}
2025/06/27 20:46:25 Sent {"src":"n0","dest":"n3","body":{"in_reply_to":26,"type":"broadcast_ok"}}
2025/06/27 20:46:25 Sent {"src":"n0","dest":"n1","body":{"message":27,"msg_id":30,"type":"broadcast"}}
2025/06/27 20:46:25 Received {c10 n0 {"type":"broadcast","message":28,"msg_id":22}}
2025/06/27 20:46:25 Sent {"src":"n0","dest":"c10","body":{"in_reply_to":22,"type":"broadcast_ok"}}
2025/06/27 20:46:25 Sent {"src":"n0","dest":"n1","body":{"message":28,"msg_id":31,"type":"broadcast"}}
2025/06/27 20:46:25 Sent {"src":"n0","dest":"n3","body":{"message":28,"msg_id":32,"type":"broadcast"}}
2025/06/27 20:46:25 Received {n3 n0 {"in_reply_to":32,"type":"broadcast_ok"}}
2025/06/27 20:46:26 Received {c10 n0 {"type":"broadcast","message":29,"msg_id":23}}
2025/06/27 20:46:26 Sent {"src":"n0","dest":"c10","body":{"in_reply_to":23,"type":"broadcast_ok"}}
2025/06/27 20:46:26 Sent {"src":"n0","dest":"n1","body":{"message":29,"msg_id":34,"type":"broadcast"}}
2025/06/27 20:46:26 Sent {"src":"n0","dest":"n3","body":{"message":29,"msg_id":33,"type":"broadcast"}}
2025/06/27 20:46:26 Received {n3 n0 {"in_reply_to":33,"type":"broadcast_ok"}}
2025/06/27 20:46:26 Received {c10 n0 {"type":"read","msg_id":24}}
2025/06/27 20:46:26 Sent {"src":"n0","dest":"c10","body":{"in_reply_to":24,"messages":[0,4,5,6,7,8,9,10,12,13,14,15,16,17,19,20,21,23,24,26,27,28,29],"type":"read_ok"}}
2025/06/27 20:46:26 Received {c10 n0 {"type":"read","msg_id":25}}
2025/06/27 20:46:26 Sent {"src":"n0","dest":"c10","body":{"in_reply_to":25,"messages":[0,4,5,6,7,8,9,10,12,13,14,15,16,17,19,20,21,23,24,26,27,28,29],"type":"read_ok"}}
2025/06/27 20:46:27 Received {n3 n0 {"message":34,"msg_id":29,"type":"broadcast"}}
2025/06/27 20:46:27 Sent {"src":"n0","dest":"n3","body":{"in_reply_to":29,"type":"broadcast_ok"}}
2025/06/27 20:46:27 Sent {"src":"n0","dest":"n1","body":{"message":34,"msg_id":35,"type":"broadcast"}}
2025/06/27 20:46:27 Received {n3 n0 {"message":35,"msg_id":31,"type":"broadcast"}}
2025/06/27 20:46:27 Sent {"src":"n0","dest":"n3","body":{"in_reply_to":31,"type":"broadcast_ok"}}
2025/06/27 20:46:27 Sent {"src":"n0","dest":"n1","body":{"message":35,"msg_id":36,"type":"broadcast"}}
2025/06/27 20:46:27 Received {c10 n0 {"type":"broadcast","message":36,"msg_id":26}}
2025/06/27 20:46:27 Sent {"src":"n0","dest":"c10","body":{"in_reply_to":26,"type":"broadcast_ok"}}
2025/06/27 20:46:27 Sent {"src":"n0","dest":"n3","body":{"message":36,"msg_id":37,"type":"broadcast"}}
2025/06/27 20:46:27 Sent {"src":"n0","dest":"n1","body":{"message":36,"msg_id":38,"type":"broadcast"}}
2025/06/27 20:46:27 Received {n3 n0 {"in_reply_to":37,"type":"broadcast_ok"}}
2025/06/27 20:46:27 Received {c10 n0 {"type":"broadcast","message":37,"msg_id":27}}
2025/06/27 20:46:27 Sent {"src":"n0","dest":"c10","body":{"in_reply_to":27,"type":"broadcast_ok"}}
2025/06/27 20:46:27 Sent {"src":"n0","dest":"n3","body":{"message":37,"msg_id":39,"type":"broadcast"}}
2025/06/27 20:46:27 Sent {"src":"n0","dest":"n1","body":{"message":37,"msg_id":40,"type":"broadcast"}}
2025/06/27 20:46:27 Received {n3 n0 {"in_reply_to":39,"type":"broadcast_ok"}}
2025/06/27 20:46:27 Received {n3 n0 {"message":39,"msg_id":34,"type":"broadcast"}}
2025/06/27 20:46:27 Sent {"src":"n0","dest":"n3","body":{"in_reply_to":34,"type":"broadcast_ok"}}
2025/06/27 20:46:27 Sent {"src":"n0","dest":"n1","body":{"message":39,"msg_id":41,"type":"broadcast"}}
2025/06/27 20:46:27 Received {c10 n0 {"type":"read","msg_id":28}}
2025/06/27 20:46:27 Sent {"src":"n0","dest":"c10","body":{"in_reply_to":28,"messages":[0,4,5,6,7,8,9,10,12,13,14,15,16,17,19,20,21,23,24,26,27,28,29,34,35,36,37,39],"type":"read_ok"}}
2025/06/27 20:46:28 Received {c10 n0 {"type":"broadcast","message":40,"msg_id":29}}
2025/06/27 20:46:28 Sent {"src":"n0","dest":"c10","body":{"in_reply_to":29,"type":"broadcast_ok"}}
2025/06/27 20:46:28 Sent {"src":"n0","dest":"n1","body":{"message":40,"msg_id":42,"type":"broadcast"}}
2025/06/27 20:46:28 Sent {"src":"n0","dest":"n3","body":{"message":40,"msg_id":43,"type":"broadcast"}}
2025/06/27 20:46:28 Received {n3 n0 {"in_reply_to":43,"type":"broadcast_ok"}}
2025/06/27 20:46:28 Received {n3 n0 {"message":43,"msg_id":36,"type":"broadcast"}}
2025/06/27 20:46:28 Sent {"src":"n0","dest":"n3","body":{"in_reply_to":36,"type":"broadcast_ok"}}
2025/06/27 20:46:28 Sent {"src":"n0","dest":"n1","body":{"message":43,"msg_id":44,"type":"broadcast"}}
2025/06/27 20:46:28 Received {c10 n0 {"type":"read","msg_id":30}}
2025/06/27 20:46:28 Sent {"src":"n0","dest":"c10","body":{"in_reply_to":30,"messages":[0,4,5,6,7,8,9,10,12,13,14,15,16,17,19,20,21,23,24,26,27,28,29,34,35,36,37,39,40,43],"type":"read_ok"}}
2025/06/27 20:46:28 Received {c10 n0 {"type":"broadcast","message":44,"msg_id":31}}
2025/06/27 20:46:28 Sent {"src":"n0","dest":"c10","body":{"in_reply_to":31,"type":"broadcast_ok"}}
2025/06/27 20:46:28 Sent {"src":"n0","dest":"n1","body":{"message":44,"msg_id":46,"type":"broadcast"}}
2025/06/27 20:46:28 Sent {"src":"n0","dest":"n3","body":{"message":44,"msg_id":45,"type":"broadcast"}}
2025/06/27 20:46:28 Received {n3 n0 {"in_reply_to":45,"type":"broadcast_ok"}}
2025/06/27 20:46:29 Received {c10 n0 {"type":"read","msg_id":32}}
2025/06/27 20:46:29 Sent {"src":"n0","dest":"c10","body":{"in_reply_to":32,"messages":[0,4,5,6,7,8,9,10,12,13,14,15,16,17,19,20,21,23,24,26,27,28,29,34,35,36,37,39,40,43,44],"type":"read_ok"}}
2025/06/27 20:46:29 Received {c10 n0 {"type":"read","msg_id":33}}
2025/06/27 20:46:29 Sent {"src":"n0","dest":"c10","body":{"in_reply_to":33,"messages":[0,4,5,6,7,8,9,10,12,13,14,15,16,17,19,20,21,23,24,26,27,28,29,34,35,36,37,39,40,43,44],"type":"read_ok"}}
2025/06/27 20:46:29 Received {n3 n0 {"message":48,"msg_id":38,"type":"broadcast"}}
2025/06/27 20:46:29 Sent {"src":"n0","dest":"n3","body":{"in_reply_to":38,"type":"broadcast_ok"}}
2025/06/27 20:46:29 Sent {"src":"n0","dest":"n1","body":{"message":48,"msg_id":47,"type":"broadcast"}}
2025/06/27 20:46:29 Received {c10 n0 {"type":"read","msg_id":34}}
2025/06/27 20:46:29 Sent {"src":"n0","dest":"c10","body":{"in_reply_to":34,"messages":[0,4,5,6,7,8,9,10,12,13,14,15,16,17,19,20,21,23,24,26,27,28,29,34,35,36,37,39,40,43,44,48],"type":"read_ok"}}
2025/06/27 20:46:29 Received {c10 n0 {"type":"read","msg_id":35}}
2025/06/27 20:46:29 Sent {"src":"n0","dest":"c10","body":{"in_reply_to":35,"messages":[0,4,5,6,7,8,9,10,12,13,14,15,16,17,19,20,21,23,24,26,27,28,29,34,35,36,37,39,40,43,44,48],"type":"read_ok"}}
2025/06/27 20:46:30 Received {n3 n0 {"message":51,"msg_id":39,"type":"broadcast"}}
2025/06/27 20:46:30 Sent {"src":"n0","dest":"n3","body":{"in_reply_to":39,"type":"broadcast_ok"}}
2025/06/27 20:46:30 Sent {"src":"n0","dest":"n1","body":{"message":51,"msg_id":48,"type":"broadcast"}}
2025/06/27 20:46:30 Received {c10 n0 {"type":"broadcast","message":52,"msg_id":36}}
2025/06/27 20:46:30 Sent {"src":"n0","dest":"c10","body":{"in_reply_to":36,"type":"broadcast_ok"}}
2025/06/27 20:46:30 Sent {"src":"n0","dest":"n3","body":{"message":52,"msg_id":49,"type":"broadcast"}}
2025/06/27 20:46:30 Sent {"src":"n0","dest":"n1","body":{"message":52,"msg_id":50,"type":"broadcast"}}
2025/06/27 20:46:30 Received {n3 n0 {"in_reply_to":49,"type":"broadcast_ok"}}
2025/06/27 20:46:30 Received {c10 n0 {"type":"broadcast","message":53,"msg_id":37}}
2025/06/27 20:46:30 Sent {"src":"n0","dest":"c10","body":{"in_reply_to":37,"type":"broadcast_ok"}}
2025/06/27 20:46:30 Sent {"src":"n0","dest":"n3","body":{"message":53,"msg_id":51,"type":"broadcast"}}
2025/06/27 20:46:30 Sent {"src":"n0","dest":"n1","body":{"message":53,"msg_id":52,"type":"broadcast"}}
2025/06/27 20:46:30 Received {n3 n0 {"in_reply_to":51,"type":"broadcast_ok"}}
2025/06/27 20:46:31 Received {n3 n0 {"message":56,"msg_id":42,"type":"broadcast"}}
2025/06/27 20:46:31 Sent {"src":"n0","dest":"n3","body":{"in_reply_to":42,"type":"broadcast_ok"}}
2025/06/27 20:46:31 Sent {"src":"n0","dest":"n1","body":{"message":56,"msg_id":53,"type":"broadcast"}}
2025/06/27 20:46:31 Received {c10 n0 {"type":"broadcast","message":57,"msg_id":38}}
2025/06/27 20:46:31 Sent {"src":"n0","dest":"c10","body":{"in_reply_to":38,"type":"broadcast_ok"}}
2025/06/27 20:46:31 Sent {"src":"n0","dest":"n3","body":{"message":57,"msg_id":54,"type":"broadcast"}}
2025/06/27 20:46:31 Sent {"src":"n0","dest":"n1","body":{"message":57,"msg_id":55,"type":"broadcast"}}
2025/06/27 20:46:31 Received {n3 n0 {"in_reply_to":54,"type":"broadcast_ok"}}
2025/06/27 20:46:31 Received {c10 n0 {"type":"broadcast","message":58,"msg_id":39}}
2025/06/27 20:46:31 Sent {"src":"n0","dest":"c10","body":{"in_reply_to":39,"type":"broadcast_ok"}}
2025/06/27 20:46:31 Sent {"src":"n0","dest":"n3","body":{"message":58,"msg_id":56,"type":"broadcast"}}
2025/06/27 20:46:31 Sent {"src":"n0","dest":"n1","body":{"message":58,"msg_id":57,"type":"broadcast"}}
2025/06/27 20:46:31 Received {n3 n0 {"in_reply_to":56,"type":"broadcast_ok"}}
2025/06/27 20:46:31 Received {n3 n0 {"message":61,"msg_id":45,"type":"broadcast"}}
2025/06/27 20:46:31 Sent {"src":"n0","dest":"n3","body":{"in_reply_to":45,"type":"broadcast_ok"}}
2025/06/27 20:46:31 Sent {"src":"n0","dest":"n1","body":{"message":61,"msg_id":58,"type":"broadcast"}}
2025/06/27 20:46:32 Received {c10 n0 {"type":"broadcast","message":62,"msg_id":40}}
2025/06/27 20:46:32 Sent {"src":"n0","dest":"c10","body":{"in_reply_to":40,"type":"broadcast_ok"}}
2025/06/27 20:46:32 Sent {"src":"n0","dest":"n3","body":{"message":62,"msg_id":59,"type":"broadcast"}}
2025/06/27 20:46:32 Sent {"src":"n0","dest":"n1","body":{"message":62,"msg_id":60,"type":"broadcast"}}
2025/06/27 20:46:32 Received {n3 n0 {"in_reply_to":59,"type":"broadcast_ok"}}
2025/06/27 20:46:32 Received {c10 n0 {"type":"read","msg_id":41}}
2025/06/27 20:46:32 Sent {"src":"n0","dest":"c10","body":{"in_reply_to":41,"messages":[0,4,5,6,7,8,9,10,12,13,14,15,16,17,19,20,21,23,24,26,27,28,29,34,35,36,37,39,40,43,44,48,51,52,53,56,57,58,61,62],"type":"read_ok"}}
2025/06/27 20:46:32 Received {n3 n0 {"message":65,"msg_id":47,"type":"broadcast"}}
2025/06/27 20:46:32 Sent {"src":"n0","dest":"n3","body":{"in_reply_to":47,"type":"broadcast_ok"}}
2025/06/27 20:46:32 Sent {"src":"n0","dest":"n1","body":{"message":65,"msg_id":61,"type":"broadcast"}}
2025/06/27 20:46:32 Received {c10 n0 {"type":"broadcast","message":66,"msg_id":42}}
2025/06/27 20:46:32 Sent {"src":"n0","dest":"c10","body":{"in_reply_to":42,"type":"broadcast_ok"}}
2025/06/27 20:46:32 Sent {"src":"n0","dest":"n1","body":{"message":66,"msg_id":63,"type":"broadcast"}}
2025/06/27 20:46:32 Sent {"src":"n0","dest":"n3","body":{"message":66,"msg_id":62,"type":"broadcast"}}
2025/06/27 20:46:32 Received {n3 n0 {"in_reply_to":62,"type":"broadcast_ok"}}
2025/06/27 20:46:32 Received {c10 n0 {"type":"read","msg_id":43}}
2025/06/27 20:46:32 Sent {"src":"n0","dest":"c10","body":{"in_reply_to":43,"messages":[0,4,5,6,7,8,9,10,12,13,14,15,16,17,19,20,21,23,24,26,27,28,29,34,35,36,37,39,40,43,44,48,51,52,53,56,57,58,61,62,65,66],"type":"read_ok"}}
2025/06/27 20:46:32 Received {n3 n0 {"message":69,"msg_id":50,"type":"broadcast"}}
2025/06/27 20:46:32 Sent {"src":"n0","dest":"n3","body":{"in_reply_to":50,"type":"broadcast_ok"}}
2025/06/27 20:46:32 Sent {"src":"n0","dest":"n1","body":{"message":69,"msg_id":64,"type":"broadcast"}}
2025/06/27 20:46:32 Received {c10 n0 {"type":"read","msg_id":44}}
2025/06/27 20:46:32 Sent {"src":"n0","dest":"c10","body":{"in_reply_to":44,"messages":[0,4,5,6,7,8,9,10,12,13,14,15,16,17,19,20,21,23,24,26,27,28,29,34,35,36,37,39,40,43,44,48,51,52,53,56,57,58,61,62,65,66,69],"type":"read_ok"}}
2025/06/27 20:46:33 Received {c10 n0 {"type":"read","msg_id":45}}
2025/06/27 20:46:33 Sent {"src":"n0","dest":"c10","body":{"in_reply_to":45,"messages":[0,4,5,6,7,8,9,10,12,13,14,15,16,17,19,20,21,23,24,26,27,28,29,34,35,36,37,39,40,43,44,48,51,52,53,56,57,58,61,62,65,66,69],"type":"read_ok"}}
2025/06/27 20:46:33 Received {c10 n0 {"type":"broadcast","message":72,"msg_id":46}}
2025/06/27 20:46:33 Sent {"src":"n0","dest":"c10","body":{"in_reply_to":46,"type":"broadcast_ok"}}
2025/06/27 20:46:33 Sent {"src":"n0","dest":"n1","body":{"message":72,"msg_id":65,"type":"broadcast"}}
2025/06/27 20:46:33 Sent {"src":"n0","dest":"n3","body":{"message":72,"msg_id":66,"type":"broadcast"}}
2025/06/27 20:46:33 Received {n3 n0 {"in_reply_to":66,"type":"broadcast_ok"}}
2025/06/27 20:46:33 Received {c10 n0 {"type":"read","msg_id":47}}
2025/06/27 20:46:33 Sent {"src":"n0","dest":"c10","body":{"in_reply_to":47,"messages":[0,4,5,6,7,8,9,10,12,13,14,15,16,17,19,20,21,23,24,26,27,28,29,34,35,36,37,39,40,43,44,48,51,52,53,56,57,58,61,62,65,66,69,72],"type":"read_ok"}}
2025/06/27 20:46:33 Received {n3 n0 {"message":74,"msg_id":52,"type":"broadcast"}}
2025/06/27 20:46:33 Sent {"src":"n0","dest":"n3","body":{"in_reply_to":52,"type":"broadcast_ok"}}
2025/06/27 20:46:33 Sent {"src":"n0","dest":"n1","body":{"message":74,"msg_id":67,"type":"broadcast"}}
2025/06/27 20:46:34 Received {c10 n0 {"type":"read","msg_id":48}}
2025/06/27 20:46:34 Sent {"src":"n0","dest":"c10","body":{"in_reply_to":48,"messages":[0,4,5,6,7,8,9,10,12,13,14,15,16,17,19,20,21,23,24,26,27,28,29,34,35,36,37,39,40,43,44,48,51,52,53,56,57,58,61,62,65,66,69,72,74],"type":"read_ok"}}
2025/06/27 20:46:34 Received {c10 n0 {"type":"broadcast","message":75,"msg_id":49}}
2025/06/27 20:46:34 Sent {"src":"n0","dest":"c10","body":{"in_reply_to":49,"type":"broadcast_ok"}}
2025/06/27 20:46:34 Sent {"src":"n0","dest":"n3","body":{"message":75,"msg_id":68,"type":"broadcast"}}
2025/06/27 20:46:34 Sent {"src":"n0","dest":"n1","body":{"message":75,"msg_id":69,"type":"broadcast"}}
2025/06/27 20:46:34 Received {n3 n0 {"in_reply_to":68,"type":"broadcast_ok"}}
2025/06/27 20:46:34 Received {c10 n0 {"type":"read","msg_id":50}}
2025/06/27 20:46:34 Sent {"src":"n0","dest":"c10","body":{"in_reply_to":50,"messages":[0,4,5,6,7,8,9,10,12,13,14,15,16,17,19,20,21,23,24,26,27,28,29,34,35,36,37,39,40,43,44,48,51,52,53,56,57,58,61,62,65,66,69,72,74,75],"type":"read_ok"}}
2025/06/27 20:46:34 Received {c10 n0 {"type":"read","msg_id":51}}
2025/06/27 20:46:34 Sent {"src":"n0","dest":"c10","body":{"in_reply_to":51,"messages":[0,4,5,6,7,8,9,10,12,13,14,15,16,17,19,20,21,23,24,26,27,28,29,34,35,36,37,39,40,43,44,48,51,52,53,56,57,58,61,62,65,66,69,72,74,75],"type":"read_ok"}}
2025/06/27 20:46:35 Received {n3 n0 {"message":78,"msg_id":54,"type":"broadcast"}}
2025/06/27 20:46:35 Sent {"src":"n0","dest":"n3","body":{"in_reply_to":54,"type":"broadcast_ok"}}
2025/06/27 20:46:35 Sent {"src":"n0","dest":"n1","body":{"message":78,"msg_id":70,"type":"broadcast"}}
2025/06/27 20:46:35 Received {n3 n0 {"message":79,"msg_id":56,"type":"broadcast"}}
2025/06/27 20:46:35 Sent {"src":"n0","dest":"n3","body":{"in_reply_to":56,"type":"broadcast_ok"}}
2025/06/27 20:46:35 Sent {"src":"n0","dest":"n1","body":{"message":79,"msg_id":71,"type":"broadcast"}}
2025/06/27 20:46:35 Received {c10 n0 {"type":"read","msg_id":52}}
2025/06/27 20:46:35 Sent {"src":"n0","dest":"c10","body":{"in_reply_to":52,"messages":[0,4,5,6,7,8,9,10,12,13,14,15,16,17,19,20,21,23,24,26,27,28,29,34,35,36,37,39,40,43,44,48,51,52,53,56,57,58,61,62,65,66,69,72,74,75,78,79],"type":"read_ok"}}
2025/06/27 20:46:35 Received {c10 n0 {"type":"broadcast","message":80,"msg_id":53}}
2025/06/27 20:46:35 Sent {"src":"n0","dest":"c10","body":{"in_reply_to":53,"type":"broadcast_ok"}}
2025/06/27 20:46:35 Sent {"src":"n0","dest":"n3","body":{"message":80,"msg_id":72,"type":"broadcast"}}
2025/06/27 20:46:35 Sent {"src":"n0","dest":"n1","body":{"message":80,"msg_id":73,"type":"broadcast"}}
2025/06/27 20:46:35 Received {n3 n0 {"in_reply_to":72,"type":"broadcast_ok"}}
2025/06/27 20:46:35 Received {n3 n0 {"message":82,"msg_id":58,"type":"broadcast"}}
2025/06/27 20:46:35 Sent {"src":"n0","dest":"n3","body":{"in_reply_to":58,"type":"broadcast_ok"}}
2025/06/27 20:46:35 Sent {"src":"n0","dest":"n1","body":{"message":82,"msg_id":74,"type":"broadcast"}}
2025/06/27 20:46:36 Received {c10 n0 {"type":"read","msg_id":54}}
2025/06/27 20:46:36 Sent {"src":"n0","dest":"c10","body":{"in_reply_to":54,"messages":[0,4,5,6,7,8,9,10,12,13,14,15,16,17,19,20,21,23,24,26,27,28,29,34,35,36,37,39,40,43,44,48,51,52,53,56,57,58,61,62,65,66,69,72,74,75,78,79,80,82],"type":"read_ok"}}
2025/06/27 20:46:36 Received {n1 n0 {"message":83,"msg_id":41,"type":"broadcast"}}
2025/06/27 20:46:36 Sent {"src":"n0","dest":"n1","body":{"in_reply_to":41,"type":"broadcast_ok"}}
2025/06/27 20:46:36 Sent {"src":"n0","dest":"n3","body":{"message":83,"msg_id":75,"type":"broadcast"}}
2025/06/27 20:46:36 Received {n3 n0 {"in_reply_to":75,"type":"broadcast_ok"}}
2025/06/27 20:46:36 Received {n1 n0 {"message":84,"msg_id":44,"type":"broadcast"}}
2025/06/27 20:46:36 Sent {"src":"n0","dest":"n1","body":{"in_reply_to":44,"type":"broadcast_ok"}}
2025/06/27 20:46:36 Sent {"src":"n0","dest":"n3","body":{"message":84,"msg_id":76,"type":"broadcast"}}
2025/06/27 20:46:36 Received {n3 n0 {"message":84,"msg_id":60,"type":"broadcast"}}
2025/06/27 20:46:36 Received {n3 n0 {"in_reply_to":76,"type":"broadcast_ok"}}
2025/06/27 20:46:36 Sent {"src":"n0","dest":"n3","body":{"in_reply_to":60,"type":"broadcast_ok"}}
2025/06/27 20:46:36 Received {n3 n0 {"message":85,"msg_id":61,"type":"broadcast"}}
2025/06/27 20:46:36 Sent {"src":"n0","dest":"n3","body":{"in_reply_to":61,"type":"broadcast_ok"}}
2025/06/27 20:46:36 Sent {"src":"n0","dest":"n1","body":{"message":85,"msg_id":77,"type":"broadcast"}}
2025/06/27 20:46:36 Received {n1 n0 {"in_reply_to":77,"type":"broadcast_ok"}}
2025/06/27 20:46:36 Received {c10 n0 {"type":"broadcast","message":86,"msg_id":55}}
2025/06/27 20:46:36 Sent {"src":"n0","dest":"c10","body":{"in_reply_to":55,"type":"broadcast_ok"}}
2025/06/27 20:46:36 Sent {"src":"n0","dest":"n3","body":{"message":86,"msg_id":78,"type":"broadcast"}}
2025/06/27 20:46:36 Sent {"src":"n0","dest":"n1","body":{"message":86,"msg_id":79,"type":"broadcast"}}
2025/06/27 20:46:36 Received {n1 n0 {"in_reply_to":79,"type":"broadcast_ok"}}
2025/06/27 20:46:36 Received {n3 n0 {"in_reply_to":78,"type":"broadcast_ok"}}
2025/06/27 20:46:36 Received {c10 n0 {"type":"broadcast","message":87,"msg_id":56}}
2025/06/27 20:46:36 Sent {"src":"n0","dest":"c10","body":{"in_reply_to":56,"type":"broadcast_ok"}}
2025/06/27 20:46:36 Sent {"src":"n0","dest":"n1","body":{"message":87,"msg_id":81,"type":"broadcast"}}
2025/06/27 20:46:36 Sent {"src":"n0","dest":"n3","body":{"message":87,"msg_id":80,"type":"broadcast"}}
2025/06/27 20:46:36 Received {n3 n0 {"in_reply_to":80,"type":"broadcast_ok"}}
2025/06/27 20:46:36 Received {n1 n0 {"in_reply_to":81,"type":"broadcast_ok"}}
2025/06/27 20:46:37 Received {n1 n0 {"message":88,"msg_id":51,"type":"broadcast"}}
2025/06/27 20:46:37 Sent {"src":"n0","dest":"n1","body":{"in_reply_to":51,"type":"broadcast_ok"}}
2025/06/27 20:46:37 Sent {"src":"n0","dest":"n3","body":{"message":88,"msg_id":82,"type":"broadcast"}}
2025/06/27 20:46:37 Received {n3 n0 {"in_reply_to":82,"type":"broadcast_ok"}}
2025/06/27 20:46:37 Received {n3 n0 {"message":89,"msg_id":66,"type":"broadcast"}}
2025/06/27 20:46:37 Received {n1 n0 {"message":89,"msg_id":54,"type":"broadcast"}}
2025/06/27 20:46:37 Sent {"src":"n0","dest":"n3","body":{"in_reply_to":66,"type":"broadcast_ok"}}
2025/06/27 20:46:37 Sent {"src":"n0","dest":"n1","body":{"in_reply_to":54,"type":"broadcast_ok"}}
2025/06/27 20:46:37 Sent {"src":"n0","dest":"n1","body":{"message":89,"msg_id":83,"type":"broadcast"}}
2025/06/27 20:46:37 Received {n1 n0 {"in_reply_to":83,"type":"broadcast_ok"}}
2025/06/27 20:46:37 Received {c10 n0 {"type":"read","msg_id":57}}
2025/06/27 20:46:37 Sent {"src":"n0","dest":"c10","body":{"in_reply_to":57,"messages":[0,4,5,6,7,8,9,10,12,13,14,15,16,17,19,20,21,23,24,26,27,28,29,34,35,36,37,39,40,43,44,48,51,52,53,56,57,58,61,62,65,66,69,72,74,75,78,79,80,82,83,84,85,86,87,88,89],"type":"read_ok"}}
2025/06/27 20:46:37 Received {c10 n0 {"type":"broadcast","message":90,"msg_id":58}}
2025/06/27 20:46:37 Sent {"src":"n0","dest":"c10","body":{"in_reply_to":58,"type":"broadcast_ok"}}
2025/06/27 20:46:37 Sent {"src":"n0","dest":"n3","body":{"message":90,"msg_id":84,"type":"broadcast"}}
2025/06/27 20:46:37 Sent {"src":"n0","dest":"n1","body":{"message":90,"msg_id":85,"type":"broadcast"}}
2025/06/27 20:46:37 Received {n3 n0 {"in_reply_to":84,"type":"broadcast_ok"}}
2025/06/27 20:46:37 Received {n1 n0 {"in_reply_to":85,"type":"broadcast_ok"}}
2025/06/27 20:46:38 Received {n1 n0 {"message":91,"msg_id":58,"type":"broadcast"}}
2025/06/27 20:46:38 Sent {"src":"n0","dest":"n1","body":{"in_reply_to":58,"type":"broadcast_ok"}}
2025/06/27 20:46:38 Sent {"src":"n0","dest":"n3","body":{"message":91,"msg_id":86,"type":"broadcast"}}
2025/06/27 20:46:38 Received {n3 n0 {"in_reply_to":86,"type":"broadcast_ok"}}
2025/06/27 20:46:38 Received {n3 n0 {"message":91,"msg_id":68,"type":"broadcast"}}
2025/06/27 20:46:38 Sent {"src":"n0","dest":"n3","body":{"in_reply_to":68,"type":"broadcast_ok"}}
2025/06/27 20:46:38 Received {c10 n0 {"type":"broadcast","message":92,"msg_id":59}}
2025/06/27 20:46:38 Sent {"src":"n0","dest":"c10","body":{"in_reply_to":59,"type":"broadcast_ok"}}
2025/06/27 20:46:38 Sent {"src":"n0","dest":"n1","body":{"message":92,"msg_id":88,"type":"broadcast"}}
2025/06/27 20:46:38 Sent {"src":"n0","dest":"n3","body":{"message":92,"msg_id":87,"type":"broadcast"}}
2025/06/27 20:46:38 Received {n1 n0 {"in_reply_to":88,"type":"broadcast_ok"}}
2025/06/27 20:46:38 Received {n3 n0 {"in_reply_to":87,"type":"broadcast_ok"}}
2025/06/27 20:46:38 Received {c10 n0 {"type":"broadcast","message":93,"msg_id":60}}
2025/06/27 20:46:38 Sent {"src":"n0","dest":"c10","body":{"in_reply_to":60,"type":"broadcast_ok"}}
2025/06/27 20:46:38 Sent {"src":"n0","dest":"n3","body":{"message":93,"msg_id":89,"type":"broadcast"}}
2025/06/27 20:46:38 Sent {"src":"n0","dest":"n1","body":{"message":93,"msg_id":90,"type":"broadcast"}}
2025/06/27 20:46:38 Received {n3 n0 {"in_reply_to":89,"type":"broadcast_ok"}}
2025/06/27 20:46:38 Received {n1 n0 {"in_reply_to":90,"type":"broadcast_ok"}}
2025/06/27 20:46:38 Received {n1 n0 {"message":94,"msg_id":64,"type":"broadcast"}}
2025/06/27 20:46:38 Sent {"src":"n0","dest":"n1","body":{"in_reply_to":64,"type":"broadcast_ok"}}
2025/06/27 20:46:38 Sent {"src":"n0","dest":"n3","body":{"message":94,"msg_id":91,"type":"broadcast"}}
2025/06/27 20:46:38 Received {n3 n0 {"message":94,"msg_id":71,"type":"broadcast"}}
2025/06/27 20:46:38 Received {n3 n0 {"in_reply_to":91,"type":"broadcast_ok"}}
2025/06/27 20:46:38 Sent {"src":"n0","dest":"n3","body":{"in_reply_to":71,"type":"broadcast_ok"}}
2025/06/27 20:46:38 Received {n3 n0 {"message":95,"msg_id":72,"type":"broadcast"}}
2025/06/27 20:46:38 Received {n1 n0 {"message":95,"msg_id":66,"type":"broadcast"}}
2025/06/27 20:46:38 Sent {"src":"n0","dest":"n3","body":{"in_reply_to":72,"type":"broadcast_ok"}}
2025/06/27 20:46:38 Sent {"src":"n0","dest":"n1","body":{"message":95,"msg_id":92,"type":"broadcast"}}
2025/06/27 20:46:38 Sent {"src":"n0","dest":"n1","body":{"in_reply_to":66,"type":"broadcast_ok"}}
2025/06/27 20:46:38 Received {n1 n0 {"in_reply_to":92,"type":"broadcast_ok"}}
2025/06/27 20:46:38 Received {c10 n0 {"type":"read","msg_id":61}}
2025/06/27 20:46:38 Sent {"src":"n0","dest":"c10","body":{"in_reply_to":61,"messages":[0,4,5,6,7,8,9,10,12,13,14,15,16,17,19,20,21,23,24,26,27,28,29,34,35,36,37,39,40,43,44,48,51,52,53,56,57,58,61,62,65,66,69,72,74,75,78,79,80,82,83,84,85,86,87,88,89,90,91,92,93,94,95],"type":"read_ok"}}
2025/06/27 20:46:38 Received {c10 n0 {"type":"read","msg_id":62}}
2025/06/27 20:46:38 Sent {"src":"n0","dest":"c10","body":{"in_reply_to":62,"messages":[0,4,5,6,7,8,9,10,12,13,14,15,16,17,19,20,21,23,24,26,27,28,29,34,35,36,37,39,40,43,44,48,51,52,53,56,57,58,61,62,65,66,69,72,74,75,78,79,80,82,83,84,85,86,87,88,89,90,91,92,93,94,95],"type":"read_ok"}}
2025/06/27 20:46:39 Received {n1 n0 {"message":96,"msg_id":69,"type":"broadcast"}}
2025/06/27 20:46:39 Sent {"src":"n0","dest":"n1","body":{"in_reply_to":69,"type":"broadcast_ok"}}
2025/06/27 20:46:39 Sent {"src":"n0","dest":"n3","body":{"message":96,"msg_id":93,"type":"broadcast"}}
2025/06/27 20:46:39 Received {n3 n0 {"message":96,"msg_id":73,"type":"broadcast"}}
2025/06/27 20:46:39 Received {n3 n0 {"in_reply_to":93,"type":"broadcast_ok"}}
2025/06/27 20:46:39 Sent {"src":"n0","dest":"n3","body":{"in_reply_to":73,"type":"broadcast_ok"}}
2025/06/27 20:46:39 Received {n3 n0 {"message":97,"msg_id":74,"type":"broadcast"}}
2025/06/27 20:46:39 Sent {"src":"n0","dest":"n3","body":{"in_reply_to":74,"type":"broadcast_ok"}}
2025/06/27 20:46:39 Sent {"src":"n0","dest":"n1","body":{"message":97,"msg_id":94,"type":"broadcast"}}
2025/06/27 20:46:39 Received {n1 n0 {"message":97,"msg_id":71,"type":"broadcast"}}
2025/06/27 20:46:39 Received {n1 n0 {"in_reply_to":94,"type":"broadcast_ok"}}
2025/06/27 20:46:39 Sent {"src":"n0","dest":"n1","body":{"in_reply_to":71,"type":"broadcast_ok"}}
2025/06/27 20:46:39 Received {n3 n0 {"message":98,"msg_id":76,"type":"broadcast"}}
2025/06/27 20:46:39 Received {n1 n0 {"message":98,"msg_id":73,"type":"broadcast"}}
2025/06/27 20:46:39 Sent {"src":"n0","dest":"n3","body":{"in_reply_to":76,"type":"broadcast_ok"}}
2025/06/27 20:46:39 Sent {"src":"n0","dest":"n1","body":{"message":98,"msg_id":95,"type":"broadcast"}}
2025/06/27 20:46:39 Sent {"src":"n0","dest":"n1","body":{"in_reply_to":73,"type":"broadcast_ok"}}
2025/06/27 20:46:39 Received {n1 n0 {"in_reply_to":95,"type":"broadcast_ok"}}
2025/06/27 20:46:39 Received {c10 n0 {"type":"broadcast","message":99,"msg_id":63}}
2025/06/27 20:46:39 Sent {"src":"n0","dest":"n3","body":{"message":99,"msg_id":96,"type":"broadcast"}}
2025/06/27 20:46:39 Sent {"src":"n0","dest":"n1","body":{"message":99,"msg_id":97,"type":"broadcast"}}
2025/06/27 20:46:39 Sent {"src":"n0","dest":"c10","body":{"in_reply_to":63,"type":"broadcast_ok"}}
2025/06/27 20:46:39 Received {n1 n0 {"in_reply_to":97,"type":"broadcast_ok"}}
2025/06/27 20:46:39 Received {n3 n0 {"in_reply_to":96,"type":"broadcast_ok"}}
2025/06/27 20:46:39 Received {c10 n0 {"type":"read","msg_id":64}}
2025/06/27 20:46:39 Sent {"src":"n0","dest":"c10","body":{"in_reply_to":64,"messages":[0,4,5,6,7,8,9,10,12,13,14,15,16,17,19,20,21,23,24,26,27,28,29,34,35,36,37,39,40,43,44,48,51,52,53,56,57,58,61,62,65,66,69,72,74,75,78,79,80,82,83,84,85,86,87,88,89,90,91,92,93,94,95,96,97,98,99],"type":"read_ok"}}
2025/06/27 20:46:49 Received {c10 n0 {"type":"read","msg_id":65}}
2025/06/27 20:46:49 Sent {"src":"n0","dest":"c10","body":{"in_reply_to":65,"messages":[0,4,5,6,7,8,9,10,12,13,14,15,16,17,19,20,21,23,24,26,27,28,29,34,35,36,37,39,40,43,44,48,51,52,53,56,57,58,61,62,65,66,69,72,74,75,78,79,80,82,83,84,85,86,87,88,89,90,91,92,93,94,95,96,97,98,99],"type":"read_ok"}}
