2025/06/27 20:46:19 Received {c1 n1 {"type":"init","node_id":"n1","node_ids":["n0","n1","n2","n3","n4"],"msg_id":1}}
2025/06/27 20:46:19 Node n1 initialized
2025/06/27 20:46:19 Sent {"src":"n1","dest":"c1","body":{"in_reply_to":1,"type":"init_ok"}}
2025/06/27 20:46:19 Received {c6 n1 {"type":"topology","topology":{"n0":["n3","n1"],"n1":["n4","n2","n0"],"n2":["n1"],"n3":["n0","n4"],"n4":["n1","n3"]},"msg_id":1}}
2025/06/27 20:46:19 Sent {"src":"n1","dest":"c6","body":{"in_reply_to":1,"type":"topology_ok"}}
2025/06/27 20:46:20 Received {c14 n1 {"type":"broadcast","message":2,"msg_id":1}}
2025/06/27 20:46:20 Sent {"src":"n1","dest":"c14","body":{"in_reply_to":1,"type":"broadcast_ok"}}
2025/06/27 20:46:20 Sent {"src":"n1","dest":"n4","body":{"message":2,"msg_id":1,"type":"broadcast"}}
2025/06/27 20:46:20 Sent {"src":"n1","dest":"n0","body":{"message":2,"msg_id":2,"type":"broadcast"}}
2025/06/27 20:46:20 Sent {"src":"n1","dest":"n2","body":{"message":2,"msg_id":3,"type":"broadcast"}}
2025/06/27 20:46:20 Received {c14 n1 {"type":"read","msg_id":2}}
2025/06/27 20:46:20 Sent {"src":"n1","dest":"c14","body":{"in_reply_to":2,"messages":[2],"type":"read_ok"}}
2025/06/27 20:46:21 Received {c14 n1 {"type":"read","msg_id":3}}
2025/06/27 20:46:21 Sent {"src":"n1","dest":"c14","body":{"in_reply_to":3,"messages":[2],"type":"read_ok"}}
2025/06/27 20:46:21 Received {c14 n1 {"type":"read","msg_id":4}}
2025/06/27 20:46:21 Sent {"src":"n1","dest":"c14","body":{"in_reply_to":4,"messages":[2],"type":"read_ok"}}
2025/06/27 20:46:22 Received {c14 n1 {"type":"read","msg_id":5}}
2025/06/27 20:46:22 Sent {"src":"n1","dest":"c14","body":{"in_reply_to":5,"messages":[2],"type":"read_ok"}}
2025/06/27 20:46:23 Received {c14 n1 {"type":"read","msg_id":6}}
2025/06/27 20:46:23 Sent {"src":"n1","dest":"c14","body":{"in_reply_to":6,"messages":[2],"type":"read_ok"}}
2025/06/27 20:46:23 Received {c14 n1 {"type":"read","msg_id":7}}
2025/06/27 20:46:23 Sent {"src":"n1","dest":"c14","body":{"in_reply_to":7,"messages":[2],"type":"read_ok"}}
2025/06/27 20:46:24 Received {c14 n1 {"type":"read","msg_id":8}}
2025/06/27 20:46:24 Sent {"src":"n1","dest":"c14","body":{"in_reply_to":8,"messages":[2],"type":"read_ok"}}
2025/06/27 20:46:24 Received {c14 n1 {"type":"read","msg_id":9}}
2025/06/27 20:46:24 Sent {"src":"n1","dest":"c14","body":{"in_reply_to":9,"messages":[2],"type":"read_ok"}}
2025/06/27 20:46:25 Received {c14 n1 {"type":"broadcast","message":25,"msg_id":10}}
2025/06/27 20:46:25 Sent {"src":"n1","dest":"c14","body":{"in_reply_to":10,"type":"broadcast_ok"}}
2025/06/27 20:46:25 Sent {"src":"n1","dest":"n2","body":{"message":25,"msg_id":5,"type":"broadcast"}}
2025/06/27 20:46:25 Sent {"src":"n1","dest":"n0","body":{"message":25,"msg_id":6,"type":"broadcast"}}
2025/06/27 20:46:25 Sent {"src":"n1","dest":"n4","body":{"message":25,"msg_id":4,"type":"broadcast"}}
2025/06/27 20:46:26 Received {c14 n1 {"type":"broadcast","message":30,"msg_id":11}}
2025/06/27 20:46:26 Sent {"src":"n1","dest":"c14","body":{"in_reply_to":11,"type":"broadcast_ok"}}
2025/06/27 20:46:26 Sent {"src":"n1","dest":"n4","body":{"message":30,"msg_id":7,"type":"broadcast"}}
2025/06/27 20:46:26 Sent {"src":"n1","dest":"n0","body":{"message":30,"msg_id":9,"type":"broadcast"}}
2025/06/27 20:46:26 Sent {"src":"n1","dest":"n2","body":{"message":30,"msg_id":8,"type":"broadcast"}}
2025/06/27 20:46:26 Received {c14 n1 {"type":"broadcast","message":32,"msg_id":12}}
2025/06/27 20:46:26 Sent {"src":"n1","dest":"c14","body":{"in_reply_to":12,"type":"broadcast_ok"}}
2025/06/27 20:46:26 Sent {"src":"n1","dest":"n4","body":{"message":32,"msg_id":10,"type":"broadcast"}}
2025/06/27 20:46:26 Sent {"src":"n1","dest":"n2","body":{"message":32,"msg_id":11,"type":"broadcast"}}
2025/06/27 20:46:26 Sent {"src":"n1","dest":"n0","body":{"message":32,"msg_id":12,"type":"broadcast"}}
2025/06/27 20:46:27 Received {c14 n1 {"type":"read","msg_id":13}}
2025/06/27 20:46:27 Sent {"src":"n1","dest":"c14","body":{"in_reply_to":13,"messages":[2,25,30,32],"type":"read_ok"}}
2025/06/27 20:46:28 Received {c14 n1 {"type":"broadcast","message":41,"msg_id":14}}
2025/06/27 20:46:28 Sent {"src":"n1","dest":"c14","body":{"in_reply_to":14,"type":"broadcast_ok"}}
2025/06/27 20:46:28 Sent {"src":"n1","dest":"n0","body":{"message":41,"msg_id":13,"type":"broadcast"}}
2025/06/27 20:46:28 Sent {"src":"n1","dest":"n4","body":{"message":41,"msg_id":14,"type":"broadcast"}}
2025/06/27 20:46:28 Sent {"src":"n1","dest":"n2","body":{"message":41,"msg_id":15,"type":"broadcast"}}
2025/06/27 20:46:28 Received {c14 n1 {"type":"broadcast","message":45,"msg_id":15}}
2025/06/27 20:46:28 Sent {"src":"n1","dest":"n4","body":{"message":45,"msg_id":16,"type":"broadcast"}}
2025/06/27 20:46:28 Sent {"src":"n1","dest":"c14","body":{"in_reply_to":15,"type":"broadcast_ok"}}
2025/06/27 20:46:28 Sent {"src":"n1","dest":"n0","body":{"message":45,"msg_id":17,"type":"broadcast"}}
2025/06/27 20:46:28 Sent {"src":"n1","dest":"n2","body":{"message":45,"msg_id":18,"type":"broadcast"}}
2025/06/27 20:46:29 Received {c14 n1 {"type":"read","msg_id":16}}
2025/06/27 20:46:29 Sent {"src":"n1","dest":"c14","body":{"in_reply_to":16,"messages":[2,25,30,32,41,45],"type":"read_ok"}}
2025/06/27 20:46:30 Received {c14 n1 {"type":"broadcast","message":49,"msg_id":17}}
2025/06/27 20:46:30 Sent {"src":"n1","dest":"c14","body":{"in_reply_to":17,"type":"broadcast_ok"}}
2025/06/27 20:46:30 Sent {"src":"n1","dest":"n4","body":{"message":49,"msg_id":19,"type":"broadcast"}}
2025/06/27 20:46:30 Sent {"src":"n1","dest":"n0","body":{"message":49,"msg_id":20,"type":"broadcast"}}
2025/06/27 20:46:30 Sent {"src":"n1","dest":"n2","body":{"message":49,"msg_id":21,"type":"broadcast"}}
2025/06/27 20:46:30 Received {c14 n1 {"type":"broadcast","message":54,"msg_id":18}}
2025/06/27 20:46:30 Sent {"src":"n1","dest":"c14","body":{"in_reply_to":18,"type":"broadcast_ok"}}
2025/06/27 20:46:30 Sent {"src":"n1","dest":"n4","body":{"message":54,"msg_id":22,"type":"broadcast"}}
2025/06/27 20:46:30 Sent {"src":"n1","dest":"n2","body":{"message":54,"msg_id":23,"type":"broadcast"}}
2025/06/27 20:46:30 Sent {"src":"n1","dest":"n0","body":{"message":54,"msg_id":24,"type":"broadcast"}}
2025/06/27 20:46:31 Received {c14 n1 {"type":"broadcast","message":59,"msg_id":19}}
2025/06/27 20:46:31 Sent {"src":"n1","dest":"n4","body":{"message":59,"msg_id":25,"type":"broadcast"}}
2025/06/27 20:46:31 Sent {"src":"n1","dest":"n2","body":{"message":59,"msg_id":26,"type":"broadcast"}}
2025/06/27 20:46:31 Sent {"src":"n1","dest":"c14","body":{"in_reply_to":19,"type":"broadcast_ok"}}
2025/06/27 20:46:31 Sent {"src":"n1","dest":"n0","body":{"message":59,"msg_id":27,"type":"broadcast"}}
2025/06/27 20:46:32 Received {c14 n1 {"type":"broadcast","message":63,"msg_id":20}}
2025/06/27 20:46:32 Sent {"src":"n1","dest":"c14","body":{"in_reply_to":20,"type":"broadcast_ok"}}
2025/06/27 20:46:32 Sent {"src":"n1","dest":"n0","body":{"message":63,"msg_id":28,"type":"broadcast"}}
2025/06/27 20:46:32 Sent {"src":"n1","dest":"n2","body":{"message":63,"msg_id":29,"type":"broadcast"}}
2025/06/27 20:46:32 Sent {"src":"n1","dest":"n4","body":{"message":63,"msg_id":30,"type":"broadcast"}}
2025/06/27 20:46:32 Received {c14 n1 {"type":"broadcast","message":67,"msg_id":21}}
2025/06/27 20:46:32 Sent {"src":"n1","dest":"c14","body":{"in_reply_to":21,"type":"broadcast_ok"}}
2025/06/27 20:46:32 Sent {"src":"n1","dest":"n4","body":{"message":67,"msg_id":31,"type":"broadcast"}}
2025/06/27 20:46:32 Sent {"src":"n1","dest":"n0","body":{"message":67,"msg_id":32,"type":"broadcast"}}
2025/06/27 20:46:32 Sent {"src":"n1","dest":"n2","body":{"message":67,"msg_id":33,"type":"broadcast"}}
2025/06/27 20:46:33 Received {c14 n1 {"type":"broadcast","message":70,"msg_id":22}}
2025/06/27 20:46:33 Sent {"src":"n1","dest":"c14","body":{"in_reply_to":22,"type":"broadcast_ok"}}
2025/06/27 20:46:33 Sent {"src":"n1","dest":"n4","body":{"message":70,"msg_id":34,"type":"broadcast"}}
2025/06/27 20:46:33 Sent {"src":"n1","dest":"n2","body":{"message":70,"msg_id":35,"type":"broadcast"}}
2025/06/27 20:46:33 Sent {"src":"n1","dest":"n0","body":{"message":70,"msg_id":36,"type":"broadcast"}}
2025/06/27 20:46:33 Received {c14 n1 {"type":"read","msg_id":23}}
2025/06/27 20:46:33 Sent {"src":"n1","dest":"c14","body":{"in_reply_to":23,"messages":[2,25,30,32,41,45,49,54,59,63,67,70],"type":"read_ok"}}
2025/06/27 20:46:34 Received {c14 n1 {"type":"read","msg_id":24}}
2025/06/27 20:46:34 Sent {"src":"n1","dest":"c14","body":{"in_reply_to":24,"messages":[2,25,30,32,41,45,49,54,59,63,67,70],"type":"read_ok"}}
2025/06/27 20:46:34 Received {c14 n1 {"type":"broadcast","message":77,"msg_id":25}}
2025/06/27 20:46:34 Sent {"src":"n1","dest":"c14","body":{"in_reply_to":25,"type":"broadcast_ok"}}
2025/06/27 20:46:34 Sent {"src":"n1","dest":"n0","body":{"message":77,"msg_id":37,"type":"broadcast"}}
2025/06/27 20:46:34 Sent {"src":"n1","dest":"n4","body":{"message":77,"msg_id":38,"type":"broadcast"}}
2025/06/27 20:46:34 Sent {"src":"n1","dest":"n2","body":{"message":77,"msg_id":39,"type":"broadcast"}}
2025/06/27 20:46:35 Received {c14 n1 {"type":"read","msg_id":26}}
2025/06/27 20:46:35 Sent {"src":"n1","dest":"c14","body":{"in_reply_to":26,"messages":[2,25,30,32,41,45,49,54,59,63,67,70,77],"type":"read_ok"}}
2025/06/27 20:46:36 Received {c14 n1 {"type":"broadcast","message":83,"msg_id":27}}
2025/06/27 20:46:36 Sent {"src":"n1","dest":"c14","body":{"in_reply_to":27,"type":"broadcast_ok"}}
2025/06/27 20:46:36 Sent {"src":"n1","dest":"n4","body":{"message":83,"msg_id":40,"type":"broadcast"}}
2025/06/27 20:46:36 Sent {"src":"n1","dest":"n0","body":{"message":83,"msg_id":41,"type":"broadcast"}}
2025/06/27 20:46:36 Sent {"src":"n1","dest":"n2","body":{"message":83,"msg_id":42,"type":"broadcast"}}
2025/06/27 20:46:36 Received {n0 n1 {"in_reply_to":41,"type":"broadcast_ok"}}
2025/06/27 20:46:36 Received {n4 n1 {"in_reply_to":40,"type":"broadcast_ok"}}
2025/06/27 20:46:36 Received {n2 n1 {"in_reply_to":42,"type":"broadcast_ok"}}
2025/06/27 20:46:36 Received {n2 n1 {"message":84,"msg_id":21,"type":"broadcast"}}
2025/06/27 20:46:36 Sent {"src":"n1","dest":"n2","body":{"in_reply_to":21,"type":"broadcast_ok"}}
2025/06/27 20:46:36 Sent {"src":"n1","dest":"n4","body":{"message":84,"msg_id":43,"type":"broadcast"}}
2025/06/27 20:46:36 Sent {"src":"n1","dest":"n0","body":{"message":84,"msg_id":44,"type":"broadcast"}}
2025/06/27 20:46:36 Received {n4 n1 {"in_reply_to":43,"type":"broadcast_ok"}}
2025/06/27 20:46:36 Received {n0 n1 {"in_reply_to":44,"type":"broadcast_ok"}}
2025/06/27 20:46:36 Received {n0 n1 {"message":85,"msg_id":77,"type":"broadcast"}}
2025/06/27 20:46:36 Received {n4 n1 {"message":85,"msg_id":71,"type":"broadcast"}}
2025/06/27 20:46:36 Sent {"src":"n1","dest":"n0","body":{"in_reply_to":77,"type":"broadcast_ok"}}
2025/06/27 20:46:36 Sent {"src":"n1","dest":"n4","body":{"in_reply_to":71,"type":"broadcast_ok"}}
2025/06/27 20:46:36 Sent {"src":"n1","dest":"n2","body":{"message":85,"msg_id":46,"type":"broadcast"}}
2025/06/27 20:46:36 Sent {"src":"n1","dest":"n4","body":{"message":85,"msg_id":45,"type":"broadcast"}}
2025/06/27 20:46:36 Received {n4 n1 {"in_reply_to":45,"type":"broadcast_ok"}}
2025/06/27 20:46:36 Received {n2 n1 {"in_reply_to":46,"type":"broadcast_ok"}}
2025/06/27 20:46:36 Received {n0 n1 {"message":86,"msg_id":79,"type":"broadcast"}}
2025/06/27 20:46:36 Sent {"src":"n1","dest":"n0","body":{"in_reply_to":79,"type":"broadcast_ok"}}
2025/06/27 20:46:36 Sent {"src":"n1","dest":"n2","body":{"message":86,"msg_id":47,"type":"broadcast"}}
2025/06/27 20:46:36 Sent {"src":"n1","dest":"n4","body":{"message":86,"msg_id":48,"type":"broadcast"}}
2025/06/27 20:46:36 Received {n2 n1 {"in_reply_to":47,"type":"broadcast_ok"}}
2025/06/27 20:46:36 Received {n4 n1 {"in_reply_to":48,"type":"broadcast_ok"}}
2025/06/27 20:46:36 Received {n4 n1 {"message":86,"msg_id":72,"type":"broadcast"}}
2025/06/27 20:46:36 Sent {"src":"n1","dest":"n4","body":{"in_reply_to":72,"type":"broadcast_ok"}}
2025/06/27 20:46:36 Received {n0 n1 {"message":87,"msg_id":81,"type":"broadcast"}}
2025/06/27 20:46:36 Sent {"src":"n1","dest":"n0","body":{"in_reply_to":81,"type":"broadcast_ok"}}
2025/06/27 20:46:36 Sent {"src":"n1","dest":"n2","body":{"message":87,"msg_id":49,"type":"broadcast"}}
2025/06/27 20:46:36 Sent {"src":"n1","dest":"n4","body":{"message":87,"msg_id":50,"type":"broadcast"}}
2025/06/27 20:46:36 Received {n2 n1 {"in_reply_to":49,"type":"broadcast_ok"}}
2025/06/27 20:46:36 Received {n4 n1 {"message":87,"msg_id":73,"type":"broadcast"}}
2025/06/27 20:46:36 Received {n4 n1 {"in_reply_to":50,"type":"broadcast_ok"}}
2025/06/27 20:46:36 Sent {"src":"n1","dest":"n4","body":{"in_reply_to":73,"type":"broadcast_ok"}}
2025/06/27 20:46:36 Received {c14 n1 {"type":"read","msg_id":28}}
2025/06/27 20:46:36 Sent {"src":"n1","dest":"c14","body":{"in_reply_to":28,"messages":[2,25,30,32,41,45,49,54,59,63,67,70,77,83,84,85,86,87],"type":"read_ok"}}
2025/06/27 20:46:37 Received {n2 n1 {"message":88,"msg_id":22,"type":"broadcast"}}
2025/06/27 20:46:37 Sent {"src":"n1","dest":"n2","body":{"in_reply_to":22,"type":"broadcast_ok"}}
2025/06/27 20:46:37 Sent {"src":"n1","dest":"n0","body":{"message":88,"msg_id":51,"type":"broadcast"}}
2025/06/27 20:46:37 Sent {"src":"n1","dest":"n4","body":{"message":88,"msg_id":52,"type":"broadcast"}}
2025/06/27 20:46:37 Received {n0 n1 {"in_reply_to":51,"type":"broadcast_ok"}}
2025/06/27 20:46:37 Received {n4 n1 {"in_reply_to":52,"type":"broadcast_ok"}}
2025/06/27 20:46:37 Received {n4 n1 {"message":89,"msg_id":75,"type":"broadcast"}}
2025/06/27 20:46:37 Sent {"src":"n1","dest":"n4","body":{"in_reply_to":75,"type":"broadcast_ok"}}
2025/06/27 20:46:37 Sent {"src":"n1","dest":"n2","body":{"message":89,"msg_id":53,"type":"broadcast"}}
2025/06/27 20:46:37 Sent {"src":"n1","dest":"n0","body":{"message":89,"msg_id":54,"type":"broadcast"}}
2025/06/27 20:46:37 Received {n2 n1 {"in_reply_to":53,"type":"broadcast_ok"}}
2025/06/27 20:46:37 Received {n0 n1 {"in_reply_to":54,"type":"broadcast_ok"}}
2025/06/27 20:46:37 Received {n0 n1 {"message":89,"msg_id":83,"type":"broadcast"}}
2025/06/27 20:46:37 Sent {"src":"n1","dest":"n0","body":{"in_reply_to":83,"type":"broadcast_ok"}}
2025/06/27 20:46:37 Received {n0 n1 {"message":90,"msg_id":85,"type":"broadcast"}}
2025/06/27 20:46:37 Sent {"src":"n1","dest":"n0","body":{"in_reply_to":85,"type":"broadcast_ok"}}
2025/06/27 20:46:37 Sent {"src":"n1","dest":"n4","body":{"message":90,"msg_id":55,"type":"broadcast"}}
2025/06/27 20:46:37 Sent {"src":"n1","dest":"n2","body":{"message":90,"msg_id":56,"type":"broadcast"}}
2025/06/27 20:46:37 Received {n2 n1 {"in_reply_to":56,"type":"broadcast_ok"}}
2025/06/27 20:46:37 Received {n4 n1 {"message":90,"msg_id":77,"type":"broadcast"}}
2025/06/27 20:46:37 Received {n4 n1 {"in_reply_to":55,"type":"broadcast_ok"}}
2025/06/27 20:46:37 Sent {"src":"n1","dest":"n4","body":{"in_reply_to":77,"type":"broadcast_ok"}}
2025/06/27 20:46:37 Received {c14 n1 {"type":"read","msg_id":29}}
2025/06/27 20:46:37 Sent {"src":"n1","dest":"c14","body":{"in_reply_to":29,"messages":[2,25,30,32,41,45,49,54,59,63,67,70,77,83,84,85,86,87,88,89,90],"type":"read_ok"}}
2025/06/27 20:46:38 Received {n2 n1 {"message":91,"msg_id":23,"type":"broadcast"}}
2025/06/27 20:46:38 Sent {"src":"n1","dest":"n2","body":{"in_reply_to":23,"type":"broadcast_ok"}}
2025/06/27 20:46:38 Sent {"src":"n1","dest":"n4","body":{"message":91,"msg_id":57,"type":"broadcast"}}
2025/06/27 20:46:38 Sent {"src":"n1","dest":"n0","body":{"message":91,"msg_id":58,"type":"broadcast"}}
2025/06/27 20:46:38 Received {n4 n1 {"in_reply_to":57,"type":"broadcast_ok"}}
2025/06/27 20:46:38 Received {n0 n1 {"in_reply_to":58,"type":"broadcast_ok"}}
2025/06/27 20:46:38 Received {n0 n1 {"message":92,"msg_id":88,"type":"broadcast"}}
2025/06/27 20:46:38 Sent {"src":"n1","dest":"n0","body":{"in_reply_to":88,"type":"broadcast_ok"}}
2025/06/27 20:46:38 Sent {"src":"n1","dest":"n2","body":{"message":92,"msg_id":59,"type":"broadcast"}}
2025/06/27 20:46:38 Sent {"src":"n1","dest":"n4","body":{"message":92,"msg_id":60,"type":"broadcast"}}
2025/06/27 20:46:38 Received {n2 n1 {"in_reply_to":59,"type":"broadcast_ok"}}
2025/06/27 20:46:38 Received {n4 n1 {"in_reply_to":60,"type":"broadcast_ok"}}
2025/06/27 20:46:38 Received {n0 n1 {"message":93,"msg_id":90,"type":"broadcast"}}
2025/06/27 20:46:38 Sent {"src":"n1","dest":"n0","body":{"in_reply_to":90,"type":"broadcast_ok"}}
2025/06/27 20:46:38 Sent {"src":"n1","dest":"n4","body":{"message":93,"msg_id":62,"type":"broadcast"}}
2025/06/27 20:46:38 Sent {"src":"n1","dest":"n2","body":{"message":93,"msg_id":61,"type":"broadcast"}}
2025/06/27 20:46:38 Received {n4 n1 {"in_reply_to":62,"type":"broadcast_ok"}}
2025/06/27 20:46:38 Received {n4 n1 {"message":93,"msg_id":80,"type":"broadcast"}}
2025/06/27 20:46:38 Received {n2 n1 {"in_reply_to":61,"type":"broadcast_ok"}}
2025/06/27 20:46:38 Sent {"src":"n1","dest":"n4","body":{"in_reply_to":80,"type":"broadcast_ok"}}
2025/06/27 20:46:38 Received {c14 n1 {"type":"read","msg_id":30}}
2025/06/27 20:46:38 Sent {"src":"n1","dest":"c14","body":{"in_reply_to":30,"messages":[2,25,30,32,41,45,49,54,59,63,67,70,77,83,84,85,86,87,88,89,90,91,92,93],"type":"read_ok"}}
2025/06/27 20:46:38 Received {n2 n1 {"message":94,"msg_id":24,"type":"broadcast"}}
2025/06/27 20:46:38 Sent {"src":"n1","dest":"n2","body":{"in_reply_to":24,"type":"broadcast_ok"}}
2025/06/27 20:46:38 Sent {"src":"n1","dest":"n0","body":{"message":94,"msg_id":64,"type":"broadcast"}}
2025/06/27 20:46:38 Sent {"src":"n1","dest":"n4","body":{"message":94,"msg_id":63,"type":"broadcast"}}
2025/06/27 20:46:38 Received {n4 n1 {"in_reply_to":63,"type":"broadcast_ok"}}
2025/06/27 20:46:38 Received {n0 n1 {"in_reply_to":64,"type":"broadcast_ok"}}
2025/06/27 20:46:38 Received {n4 n1 {"message":95,"msg_id":82,"type":"broadcast"}}
2025/06/27 20:46:38 Sent {"src":"n1","dest":"n2","body":{"message":95,"msg_id":65,"type":"broadcast"}}
2025/06/27 20:46:38 Sent {"src":"n1","dest":"n4","body":{"in_reply_to":82,"type":"broadcast_ok"}}
2025/06/27 20:46:38 Sent {"src":"n1","dest":"n0","body":{"message":95,"msg_id":66,"type":"broadcast"}}
2025/06/27 20:46:38 Received {n2 n1 {"in_reply_to":65,"type":"broadcast_ok"}}
2025/06/27 20:46:38 Received {n0 n1 {"message":95,"msg_id":92,"type":"broadcast"}}
2025/06/27 20:46:38 Received {n0 n1 {"in_reply_to":66,"type":"broadcast_ok"}}
2025/06/27 20:46:38 Sent {"src":"n1","dest":"n0","body":{"in_reply_to":92,"type":"broadcast_ok"}}
2025/06/27 20:46:39 Received {c14 n1 {"type":"broadcast","message":96,"msg_id":31}}
2025/06/27 20:46:39 Sent {"src":"n1","dest":"c14","body":{"in_reply_to":31,"type":"broadcast_ok"}}
2025/06/27 20:46:39 Sent {"src":"n1","dest":"n4","body":{"message":96,"msg_id":67,"type":"broadcast"}}
2025/06/27 20:46:39 Sent {"src":"n1","dest":"n2","body":{"message":96,"msg_id":68,"type":"broadcast"}}
2025/06/27 20:46:39 Sent {"src":"n1","dest":"n0","body":{"message":96,"msg_id":69,"type":"broadcast"}}
2025/06/27 20:46:39 Received {n4 n1 {"in_reply_to":67,"type":"broadcast_ok"}}
2025/06/27 20:46:39 Received {n2 n1 {"in_reply_to":68,"type":"broadcast_ok"}}
2025/06/27 20:46:39 Received {n0 n1 {"in_reply_to":69,"type":"broadcast_ok"}}
2025/06/27 20:46:39 Received {n4 n1 {"message":97,"msg_id":85,"type":"broadcast"}}
2025/06/27 20:46:39 Received {n0 n1 {"message":97,"msg_id":94,"type":"broadcast"}}
2025/06/27 20:46:39 Sent {"src":"n1","dest":"n4","body":{"in_reply_to":85,"type":"broadcast_ok"}}
2025/06/27 20:46:39 Sent {"src":"n1","dest":"n2","body":{"message":97,"msg_id":70,"type":"broadcast"}}
2025/06/27 20:46:39 Sent {"src":"n1","dest":"n0","body":{"message":97,"msg_id":71,"type":"broadcast"}}
2025/06/27 20:46:39 Sent {"src":"n1","dest":"n0","body":{"in_reply_to":94,"type":"broadcast_ok"}}
2025/06/27 20:46:39 Received {n0 n1 {"in_reply_to":71,"type":"broadcast_ok"}}
2025/06/27 20:46:39 Received {n2 n1 {"in_reply_to":70,"type":"broadcast_ok"}}
2025/06/27 20:46:39 Received {n4 n1 {"message":98,"msg_id":86,"type":"broadcast"}}
2025/06/27 20:46:39 Sent {"src":"n1","dest":"n2","body":{"message":98,"msg_id":72,"type":"broadcast"}}
2025/06/27 20:46:39 Sent {"src":"n1","dest":"n4","body":{"in_reply_to":86,"type":"broadcast_ok"}}
2025/06/27 20:46:39 Sent {"src":"n1","dest":"n0","body":{"message":98,"msg_id":73,"type":"broadcast"}}
2025/06/27 20:46:39 Received {n0 n1 {"message":98,"msg_id":95,"type":"broadcast"}}
2025/06/27 20:46:39 Received {n0 n1 {"in_reply_to":73,"type":"broadcast_ok"}}
2025/06/27 20:46:39 Received {n2 n1 {"in_reply_to":72,"type":"broadcast_ok"}}
2025/06/27 20:46:39 Sent {"src":"n1","dest":"n0","body":{"in_reply_to":95,"type":"broadcast_ok"}}
2025/06/27 20:46:39 Received {n0 n1 {"message":99,"msg_id":97,"type":"broadcast"}}
2025/06/27 20:46:39 Sent {"src":"n1","dest":"n0","body":{"in_reply_to":97,"type":"broadcast_ok"}}
2025/06/27 20:46:39 Sent {"src":"n1","dest":"n2","body":{"message":99,"msg_id":74,"type":"broadcast"}}
2025/06/27 20:46:39 Sent {"src":"n1","dest":"n4","body":{"message":99,"msg_id":75,"type":"broadcast"}}
2025/06/27 20:46:39 Received {n2 n1 {"in_reply_to":74,"type":"broadcast_ok"}}
2025/06/27 20:46:39 Received {n4 n1 {"in_reply_to":75,"type":"broadcast_ok"}}
2025/06/27 20:46:39 Received {c14 n1 {"type":"read","msg_id":32}}
2025/06/27 20:46:39 Sent {"src":"n1","dest":"c14","body":{"in_reply_to":32,"messages":[2,25,30,32,41,45,49,54,59,63,67,70,77,83,84,85,86,87,88,89,90,91,92,93,94,95,96,97,98,99],"type":"read_ok"}}
2025/06/27 20:46:49 Received {c14 n1 {"type":"read","msg_id":33}}
2025/06/27 20:46:49 Sent {"src":"n1","dest":"c14","body":{"in_reply_to":33,"messages":[2,25,30,32,41,45,49,54,59,63,67,70,77,83,84,85,86,87,88,89,90,91,92,93,94,95,96,97,98,99],"type":"read_ok"}}
