2025-06-27 20:55:35,090{GMT}	INFO	[jepsen test runner] jepsen.core: Command line:
lein run test -w broadcast --bin /Users/anandtrehan/go/bin/maelstrom-broadcast --node-count 5 --time-limit 20 --rate 10 --nemesis partition
2025-06-27 20:55:35,161{GMT}	INFO	[jepsen test runner] jepsen.core: Running test:
{:args []
 :remote
 #jepsen.control.retry.Remote{:remote #jepsen.control.scp.Remote{:cmd-remote #jepsen.control.sshj.SSHJRemote{:concurrency-limit 6,
                                                                                                             :conn-spec nil,
                                                                                                             :client nil,
                                                                                                             :semaphore nil},
                                                                 :conn-spec nil},
                              :conn nil}
 :log-net-send false
 :node-count 5
 :availability nil
 :max-txn-length 4
 :concurrency 5
 :db
 #object[maelstrom.db$db$reify__16142
         "0x33e09baf"
         "maelstrom.db$db$reify__16142@33e09baf"]
 :max-writes-per-key 16
 :leave-db-running? false
 :name "broadcast"
 :logging-json? false
 :start-time
 #object[org.joda.time.DateTime "0x105c253a" "2025-06-27T20:55:35.061-04:00"]
 :nemesis-interval 10
 :net
 #object[maelstrom.net$jepsen_net$reify__15251
         "0x156322ce"
         "maelstrom.net$jepsen_net$reify__15251@156322ce"]
 :client
 #object[maelstrom.workload.broadcast$client$reify__16644
         "0x546f0f36"
         "maelstrom.workload.broadcast$client$reify__16644@546f0f36"]
 :barrier
 #object[java.util.concurrent.CyclicBarrier
         "0x44d5a0a8"
         "java.util.concurrent.CyclicBarrier@44d5a0a8"]
 :log-stderr false
 :pure-generators true
 :ssh {:dummy? true}
 :rate 10.0
 :checker
 #object[jepsen.checker$compose$reify__11881
         "0x35d128fd"
         "jepsen.checker$compose$reify__11881@35d128fd"]
 :argv
 ("test"
  "-w"
  "broadcast"
  "--bin"
  "/Users/anandtrehan/go/bin/maelstrom-broadcast"
  "--node-count"
  "5"
  "--time-limit"
  "20"
  "--rate"
  "10"
  "--nemesis"
  "partition")
 :nemesis
 (jepsen.nemesis.ReflCompose
  {:fm {:start-partition 0,
        :stop-partition 0,
        :kill 1,
        :start 1,
        :pause 1,
        :resume 1},
   :nemeses [#unprintable "jepsen.nemesis.combined$partition_nemesis$reify__16416@39a809db"
             #unprintable "jepsen.nemesis.combined$db_nemesis$reify__16397@1512a767"]})
 :nodes ["n0" "n1" "n2" "n3" "n4"]
 :test-count 1
 :latency {:mean 0, :dist :constant}
 :bin "/Users/anandtrehan/go/bin/maelstrom-broadcast"
 :generator
 ((jepsen.generator.Synchronize
   {:gen (jepsen.generator.TimeLimit
          {:limit 20000000000,
           :cutoff nil,
           :gen (jepsen.generator.Any
                 {:gens [(jepsen.generator.OnThreads
                          {:f #{:nemesis},
                           :context-filter #object[jepsen.generator.context$make_thread_filter$lazy_filter__9167
                                                   "0x5cdb7b"
                                                   "jepsen.generator.context$make_thread_filter$lazy_filter__9167@5cdb7b"],
                           :gen (jepsen.generator.Stagger
                                 {:dt 20000000000,
                                  :next-time nil,
                                  :gen (jepsen.generator.FlipFlop
                                        {:gens [#object[jepsen.nemesis.combined$partition_package$start__16420
                                                        "0x3dcc59f5"
                                                        "jepsen.nemesis.combined$partition_package$start__16420@3dcc59f5"]
                                                ({:type :info,
                                                  :f :stop-partition,
                                                  :value nil}
                                                 {:type :info,
                                                  :f :stop-partition,
                                                  :value nil}
                                                 {:type :info,
                                                  :f :stop-partition,
                                                  :value nil}
                                                 {:type :info,
                                                  :f :stop-partition,
                                                  :value nil}
                                                 {:type :info,
                                                  :f :stop-partition,
                                                  :value nil}
                                                 {:type :info,
                                                  :f :stop-partition,
                                                  :value nil}
                                                 {:type :info,
                                                  :f :stop-partition,
                                                  :value nil}
                                                 {:type :info,
                                                  :f :stop-partition,
                                                  :value nil}
                                                 ...)],
                                         :i 0})})})
                         (jepsen.generator.OnThreads
                          {:f #jepsen.generator.context.AllBut{:element :nemesis},
                           :context-filter #object[jepsen.generator.context$make_thread_filter$lazy_filter__9167
                                                   "0x690337df"
                                                   "jepsen.generator.context$make_thread_filter$lazy_filter__9167@690337df"],
                           :gen (jepsen.generator.Stagger
                                 {:dt 200000000,
                                  :next-time nil,
                                  :gen (jepsen.generator.Mix
                                        {:i 1,
                                         :gens [({:f :broadcast, :value 0}
                                                 {:f :broadcast, :value 1}
                                                 {:f :broadcast, :value 2}
                                                 {:f :broadcast, :value 3}
                                                 {:f :broadcast, :value 4}
                                                 {:f :broadcast, :value 5}
                                                 {:f :broadcast, :value 6}
                                                 {:f :broadcast, :value 7}
                                                 ...)
                                                ({:f :read}
                                                 {:f :read}
                                                 {:f :read}
                                                 {:f :read}
                                                 {:f :read}
                                                 {:f :read}
                                                 {:f :read}
                                                 {:f :read}
                                                 ...)]})})})]})})})
  (jepsen.generator.Synchronize
   {:gen (jepsen.generator.OnThreads
          {:f #{:nemesis},
           :context-filter #object[jepsen.generator.context$make_thread_filter$lazy_filter__9167
                                   "0xf62ae87"
                                   "jepsen.generator.context$make_thread_filter$lazy_filter__9167@f62ae87"],
           :gen ({:type :info, :f :stop-partition, :value nil})})})
  (jepsen.generator.Synchronize
   {:gen {:type :log, :value "Waiting for recovery..."}})
  (jepsen.generator.Synchronize {:gen {:type :sleep, :value 10}})
  (jepsen.generator.Synchronize
   {:gen (jepsen.generator.OnThreads
          {:f #jepsen.generator.context.AllBut{:element :nemesis},
           :context-filter #object[jepsen.generator.context$make_thread_filter$lazy_filter__9167
                                   "0x50be5d6f"
                                   "jepsen.generator.context$make_thread_filter$lazy_filter__9167@50be5d6f"],
           :gen (jepsen.generator.EachThread
                 {:fresh-gen {:f :read, :final? true},
                  :context-filters #object[clojure.core$promise$reify__8591
                                           "0x48e0e779"
                                           {:status :pending, :val nil}],
                  :gens {}})})}))
 :log-net-recv false
 :os
 #object[maelstrom.net$jepsen_os$reify__15254
         "0x38ad8c75"
         "maelstrom.net$jepsen_os$reify__15254@38ad8c75"]
 :time-limit 20
 :workload :broadcast
 :consistency-models [:strict-serializable]
 :topology :grid}

2025-06-27 20:55:36,324{GMT}	INFO	[jepsen node n0] maelstrom.net: Starting Maelstrom network
2025-06-27 20:55:36,325{GMT}	INFO	[jepsen test runner] jepsen.db: Tearing down DB
2025-06-27 20:55:36,327{GMT}	INFO	[jepsen test runner] jepsen.db: Setting up DB
2025-06-27 20:55:36,327{GMT}	INFO	[jepsen node n1] maelstrom.db: Setting up n1
2025-06-27 20:55:36,327{GMT}	INFO	[jepsen node n2] maelstrom.db: Setting up n2
2025-06-27 20:55:36,327{GMT}	INFO	[jepsen node n3] maelstrom.db: Setting up n3
2025-06-27 20:55:36,327{GMT}	INFO	[jepsen node n4] maelstrom.db: Setting up n4
2025-06-27 20:55:36,327{GMT}	INFO	[jepsen node n4] maelstrom.process: launching /Users/anandtrehan/go/bin/maelstrom-broadcast []
2025-06-27 20:55:36,327{GMT}	INFO	[jepsen node n3] maelstrom.process: launching /Users/anandtrehan/go/bin/maelstrom-broadcast []
2025-06-27 20:55:36,328{GMT}	INFO	[jepsen node n1] maelstrom.process: launching /Users/anandtrehan/go/bin/maelstrom-broadcast []
2025-06-27 20:55:36,328{GMT}	INFO	[jepsen node n2] maelstrom.process: launching /Users/anandtrehan/go/bin/maelstrom-broadcast []
2025-06-27 20:55:36,328{GMT}	INFO	[jepsen node n0] maelstrom.service: Starting services: (lin-kv lin-tso lww-kv seq-kv)
2025-06-27 20:55:36,329{GMT}	INFO	[jepsen node n0] maelstrom.db: Setting up n0
2025-06-27 20:55:36,330{GMT}	INFO	[jepsen node n0] maelstrom.process: launching /Users/anandtrehan/go/bin/maelstrom-broadcast []
2025-06-27 20:55:36,622{GMT}	INFO	[jepsen test runner] jepsen.core: Relative time begins now
2025-06-27 20:55:36,637{GMT}	INFO	[jepsen worker 0] jepsen.util: 0	:invoke	:read	nil
2025-06-27 20:55:36,637{GMT}	INFO	[jepsen worker nemesis] jepsen.util: :nemesis	:info	:start-partition	:minority-third
2025-06-27 20:55:36,639{GMT}	INFO	[jepsen worker 0] jepsen.util: 0	:ok	:read	[]
2025-06-27 20:55:36,641{GMT}	INFO	[jepsen worker nemesis] jepsen.util: :nemesis	:info	:start-partition	[:isolated {"n4" #{"n2" "n1" "n0" "n3"}, "n2" #{"n4"}, "n1" #{"n4"}, "n0" #{"n4"}, "n3" #{"n4"}}]
2025-06-27 20:55:36,747{GMT}	INFO	[jepsen worker 2] jepsen.util: 2	:invoke	:read	nil
2025-06-27 20:55:36,748{GMT}	INFO	[jepsen worker 2] jepsen.util: 2	:ok	:read	[]
2025-06-27 20:55:36,863{GMT}	INFO	[jepsen worker 3] jepsen.util: 3	:invoke	:broadcast	0
2025-06-27 20:55:36,865{GMT}	INFO	[jepsen worker 3] jepsen.util: 3	:ok	:broadcast	0
2025-06-27 20:55:36,884{GMT}	INFO	[jepsen worker 4] jepsen.util: 4	:invoke	:read	nil
2025-06-27 20:55:36,885{GMT}	INFO	[jepsen worker 4] jepsen.util: 4	:ok	:read	[]
2025-06-27 20:55:37,032{GMT}	INFO	[jepsen worker 0] jepsen.util: 0	:invoke	:read	nil
2025-06-27 20:55:37,034{GMT}	INFO	[jepsen worker 0] jepsen.util: 0	:ok	:read	[0]
2025-06-27 20:55:37,190{GMT}	INFO	[jepsen worker 0] jepsen.util: 0	:invoke	:read	nil
2025-06-27 20:55:37,193{GMT}	INFO	[jepsen worker 0] jepsen.util: 0	:ok	:read	[0]
2025-06-27 20:55:37,264{GMT}	INFO	[jepsen worker 1] jepsen.util: 1	:invoke	:broadcast	1
2025-06-27 20:55:37,269{GMT}	INFO	[jepsen worker 1] jepsen.util: 1	:ok	:broadcast	1
2025-06-27 20:55:37,441{GMT}	INFO	[jepsen worker 2] jepsen.util: 2	:invoke	:read	nil
2025-06-27 20:55:37,444{GMT}	INFO	[jepsen worker 2] jepsen.util: 2	:ok	:read	[0 1]
2025-06-27 20:55:37,597{GMT}	INFO	[jepsen worker 3] jepsen.util: 3	:invoke	:broadcast	2
2025-06-27 20:55:37,600{GMT}	INFO	[jepsen worker 3] jepsen.util: 3	:ok	:broadcast	2
2025-06-27 20:55:37,690{GMT}	INFO	[jepsen worker 4] jepsen.util: 4	:invoke	:broadcast	3
2025-06-27 20:55:37,693{GMT}	INFO	[jepsen worker 4] jepsen.util: 4	:ok	:broadcast	3
2025-06-27 20:55:37,747{GMT}	INFO	[jepsen worker 0] jepsen.util: 0	:invoke	:read	nil
2025-06-27 20:55:37,750{GMT}	INFO	[jepsen worker 0] jepsen.util: 0	:ok	:read	[0 1 2]
2025-06-27 20:55:37,789{GMT}	INFO	[jepsen worker 0] jepsen.util: 0	:invoke	:read	nil
2025-06-27 20:55:37,792{GMT}	INFO	[jepsen worker 0] jepsen.util: 0	:ok	:read	[0 1 2]
2025-06-27 20:55:37,909{GMT}	INFO	[jepsen worker 1] jepsen.util: 1	:invoke	:read	nil
2025-06-27 20:55:37,912{GMT}	INFO	[jepsen worker 1] jepsen.util: 1	:ok	:read	[0 1 2]
2025-06-27 20:55:38,013{GMT}	INFO	[jepsen worker 2] jepsen.util: 2	:invoke	:read	nil
2025-06-27 20:55:38,016{GMT}	INFO	[jepsen worker 2] jepsen.util: 2	:ok	:read	[0 1 2]
2025-06-27 20:55:38,154{GMT}	INFO	[jepsen worker 3] jepsen.util: 3	:invoke	:broadcast	4
2025-06-27 20:55:38,157{GMT}	INFO	[jepsen worker 3] jepsen.util: 3	:ok	:broadcast	4
2025-06-27 20:55:38,213{GMT}	INFO	[jepsen worker 4] jepsen.util: 4	:invoke	:read	nil
2025-06-27 20:55:38,216{GMT}	INFO	[jepsen worker 4] jepsen.util: 4	:ok	:read	[3]
2025-06-27 20:55:38,397{GMT}	INFO	[jepsen worker 0] jepsen.util: 0	:invoke	:read	nil
2025-06-27 20:55:38,403{GMT}	INFO	[jepsen worker 0] jepsen.util: 0	:ok	:read	[0 1 2 4]
2025-06-27 20:55:38,477{GMT}	INFO	[jepsen worker 0] jepsen.util: 0	:invoke	:broadcast	5
2025-06-27 20:55:38,481{GMT}	INFO	[jepsen worker 0] jepsen.util: 0	:ok	:broadcast	5
2025-06-27 20:55:38,567{GMT}	INFO	[jepsen worker 1] jepsen.util: 1	:invoke	:broadcast	6
2025-06-27 20:55:38,570{GMT}	INFO	[jepsen worker 1] jepsen.util: 1	:ok	:broadcast	6
2025-06-27 20:55:38,755{GMT}	INFO	[jepsen worker 2] jepsen.util: 2	:invoke	:read	nil
2025-06-27 20:55:38,757{GMT}	INFO	[jepsen worker 2] jepsen.util: 2	:ok	:read	[0 1 2 4 5 6]
2025-06-27 20:55:38,816{GMT}	INFO	[jepsen worker 3] jepsen.util: 3	:invoke	:broadcast	7
2025-06-27 20:55:38,819{GMT}	INFO	[jepsen worker 3] jepsen.util: 3	:ok	:broadcast	7
2025-06-27 20:55:39,001{GMT}	INFO	[jepsen worker 4] jepsen.util: 4	:invoke	:read	nil
2025-06-27 20:55:39,003{GMT}	INFO	[jepsen worker 4] jepsen.util: 4	:ok	:read	[3]
2025-06-27 20:55:39,026{GMT}	INFO	[jepsen worker 0] jepsen.util: 0	:invoke	:read	nil
2025-06-27 20:55:39,028{GMT}	INFO	[jepsen worker 0] jepsen.util: 0	:ok	:read	[0 1 2 4 5 6 7]
2025-06-27 20:55:39,073{GMT}	INFO	[jepsen worker 0] jepsen.util: 0	:invoke	:read	nil
2025-06-27 20:55:39,075{GMT}	INFO	[jepsen worker 0] jepsen.util: 0	:ok	:read	[0 1 2 4 5 6 7]
2025-06-27 20:55:39,083{GMT}	INFO	[jepsen worker 1] jepsen.util: 1	:invoke	:broadcast	8
2025-06-27 20:55:39,085{GMT}	INFO	[jepsen worker 1] jepsen.util: 1	:ok	:broadcast	8
2025-06-27 20:55:39,235{GMT}	INFO	[jepsen worker 2] jepsen.util: 2	:invoke	:broadcast	9
2025-06-27 20:55:39,237{GMT}	INFO	[jepsen worker 2] jepsen.util: 2	:ok	:broadcast	9
2025-06-27 20:55:39,320{GMT}	INFO	[jepsen worker 3] jepsen.util: 3	:invoke	:broadcast	10
2025-06-27 20:55:39,321{GMT}	INFO	[jepsen worker 3] jepsen.util: 3	:ok	:broadcast	10
2025-06-27 20:55:39,355{GMT}	INFO	[jepsen worker 4] jepsen.util: 4	:invoke	:read	nil
2025-06-27 20:55:39,356{GMT}	INFO	[jepsen worker 4] jepsen.util: 4	:ok	:read	[3]
2025-06-27 20:55:39,557{GMT}	INFO	[jepsen worker 0] jepsen.util: 0	:invoke	:broadcast	11
2025-06-27 20:55:39,560{GMT}	INFO	[jepsen worker 0] jepsen.util: 0	:ok	:broadcast	11
2025-06-27 20:55:39,691{GMT}	INFO	[jepsen worker 0] jepsen.util: 0	:invoke	:broadcast	12
2025-06-27 20:55:39,694{GMT}	INFO	[jepsen worker 0] jepsen.util: 0	:ok	:broadcast	12
2025-06-27 20:55:39,869{GMT}	INFO	[jepsen worker 1] jepsen.util: 1	:invoke	:read	nil
2025-06-27 20:55:39,872{GMT}	INFO	[jepsen worker 1] jepsen.util: 1	:ok	:read	[0 1 2 4 5 6 7 8 9 10 11 12]
2025-06-27 20:55:39,889{GMT}	INFO	[jepsen worker 2] jepsen.util: 2	:invoke	:read	nil
2025-06-27 20:55:39,890{GMT}	INFO	[jepsen worker 2] jepsen.util: 2	:ok	:read	[0 1 2 4 5 6 7 8 9 10 11 12]
2025-06-27 20:55:40,044{GMT}	INFO	[jepsen worker 3] jepsen.util: 3	:invoke	:read	nil
2025-06-27 20:55:40,046{GMT}	INFO	[jepsen worker 3] jepsen.util: 3	:ok	:read	[0 1 2 4 5 6 7 8 9 10 11 12]
2025-06-27 20:55:40,123{GMT}	INFO	[jepsen worker 4] jepsen.util: 4	:invoke	:broadcast	13
2025-06-27 20:55:40,125{GMT}	INFO	[jepsen worker 4] jepsen.util: 4	:ok	:broadcast	13
2025-06-27 20:55:40,245{GMT}	INFO	[jepsen worker 0] jepsen.util: 0	:invoke	:broadcast	14
2025-06-27 20:55:40,248{GMT}	INFO	[jepsen worker 0] jepsen.util: 0	:ok	:broadcast	14
2025-06-27 20:55:40,381{GMT}	INFO	[jepsen worker 0] jepsen.util: 0	:invoke	:read	nil
2025-06-27 20:55:40,383{GMT}	INFO	[jepsen worker 0] jepsen.util: 0	:ok	:read	[0 1 2 4 5 6 7 8 9 10 11 12 14]
2025-06-27 20:55:40,518{GMT}	INFO	[jepsen worker 1] jepsen.util: 1	:invoke	:read	nil
2025-06-27 20:55:40,520{GMT}	INFO	[jepsen worker 1] jepsen.util: 1	:ok	:read	[0 1 2 4 5 6 7 8 9 10 11 12 14]
2025-06-27 20:55:40,597{GMT}	INFO	[jepsen worker 2] jepsen.util: 2	:invoke	:read	nil
2025-06-27 20:55:40,599{GMT}	INFO	[jepsen worker 2] jepsen.util: 2	:ok	:read	[0 1 2 4 5 6 7 8 9 10 11 12 14]
2025-06-27 20:55:40,643{GMT}	INFO	[jepsen worker 3] jepsen.util: 3	:invoke	:broadcast	15
2025-06-27 20:55:40,645{GMT}	INFO	[jepsen worker 3] jepsen.util: 3	:ok	:broadcast	15
2025-06-27 20:55:40,806{GMT}	INFO	[jepsen worker 4] jepsen.util: 4	:invoke	:broadcast	16
2025-06-27 20:55:40,808{GMT}	INFO	[jepsen worker 4] jepsen.util: 4	:ok	:broadcast	16
2025-06-27 20:55:40,990{GMT}	INFO	[jepsen worker 0] jepsen.util: 0	:invoke	:read	nil
2025-06-27 20:55:40,992{GMT}	INFO	[jepsen worker 0] jepsen.util: 0	:ok	:read	[0 1 2 4 5 6 7 8 9 10 11 12 14 15]
2025-06-27 20:55:41,158{GMT}	INFO	[jepsen worker 0] jepsen.util: 0	:invoke	:read	nil
2025-06-27 20:55:41,161{GMT}	INFO	[jepsen worker 0] jepsen.util: 0	:ok	:read	[0 1 2 4 5 6 7 8 9 10 11 12 14 15]
2025-06-27 20:55:41,181{GMT}	INFO	[jepsen worker 1] jepsen.util: 1	:invoke	:read	nil
2025-06-27 20:55:41,182{GMT}	INFO	[jepsen worker 1] jepsen.util: 1	:ok	:read	[0 1 2 4 5 6 7 8 9 10 11 12 14 15]
2025-06-27 20:55:41,315{GMT}	INFO	[jepsen worker 2] jepsen.util: 2	:invoke	:read	nil
2025-06-27 20:55:41,318{GMT}	INFO	[jepsen worker 2] jepsen.util: 2	:ok	:read	[0 1 2 4 5 6 7 8 9 10 11 12 14 15]
2025-06-27 20:55:41,518{GMT}	INFO	[jepsen worker 3] jepsen.util: 3	:invoke	:broadcast	17
2025-06-27 20:55:41,520{GMT}	INFO	[jepsen worker 3] jepsen.util: 3	:ok	:broadcast	17
2025-06-27 20:55:41,666{GMT}	INFO	[jepsen worker 4] jepsen.util: 4	:invoke	:broadcast	18
2025-06-27 20:55:41,668{GMT}	INFO	[jepsen worker 4] jepsen.util: 4	:ok	:broadcast	18
2025-06-27 20:55:41,680{GMT}	INFO	[jepsen worker 0] jepsen.util: 0	:invoke	:read	nil
2025-06-27 20:55:41,681{GMT}	INFO	[jepsen worker 0] jepsen.util: 0	:ok	:read	[0 1 2 4 5 6 7 8 9 10 11 12 14 15 17]
2025-06-27 20:55:41,699{GMT}	INFO	[jepsen worker 0] jepsen.util: 0	:invoke	:broadcast	19
2025-06-27 20:55:41,700{GMT}	INFO	[jepsen worker 0] jepsen.util: 0	:ok	:broadcast	19
2025-06-27 20:55:41,840{GMT}	INFO	[jepsen worker 1] jepsen.util: 1	:invoke	:read	nil
2025-06-27 20:55:41,843{GMT}	INFO	[jepsen worker 1] jepsen.util: 1	:ok	:read	[0 1 2 4 5 6 7 8 9 10 11 12 14 15 17 19]
2025-06-27 20:55:42,040{GMT}	INFO	[jepsen worker 2] jepsen.util: 2	:invoke	:read	nil
2025-06-27 20:55:42,042{GMT}	INFO	[jepsen worker 2] jepsen.util: 2	:ok	:read	[0 1 2 4 5 6 7 8 9 10 11 12 14 15 17 19]
2025-06-27 20:55:42,114{GMT}	INFO	[jepsen worker 3] jepsen.util: 3	:invoke	:read	nil
2025-06-27 20:55:42,117{GMT}	INFO	[jepsen worker 3] jepsen.util: 3	:ok	:read	[0 1 2 4 5 6 7 8 9 10 11 12 14 15 17 19]
2025-06-27 20:55:42,245{GMT}	INFO	[jepsen worker 4] jepsen.util: 4	:invoke	:broadcast	20
2025-06-27 20:55:42,247{GMT}	INFO	[jepsen worker 4] jepsen.util: 4	:ok	:broadcast	20
2025-06-27 20:55:42,291{GMT}	INFO	[jepsen worker 0] jepsen.util: 0	:invoke	:read	nil
2025-06-27 20:55:42,292{GMT}	INFO	[jepsen worker 0] jepsen.util: 0	:ok	:read	[0 1 2 4 5 6 7 8 9 10 11 12 14 15 17 19]
2025-06-27 20:55:42,416{GMT}	INFO	[jepsen worker 0] jepsen.util: 0	:invoke	:read	nil
2025-06-27 20:55:42,417{GMT}	INFO	[jepsen worker 0] jepsen.util: 0	:ok	:read	[0 1 2 4 5 6 7 8 9 10 11 12 14 15 17 19]
2025-06-27 20:55:42,495{GMT}	INFO	[jepsen worker 1] jepsen.util: 1	:invoke	:read	nil
2025-06-27 20:55:42,497{GMT}	INFO	[jepsen worker 1] jepsen.util: 1	:ok	:read	[0 1 2 4 5 6 7 8 9 10 11 12 14 15 17 19]
2025-06-27 20:55:42,645{GMT}	INFO	[jepsen worker 2] jepsen.util: 2	:invoke	:broadcast	21
2025-06-27 20:55:42,646{GMT}	INFO	[jepsen worker 2] jepsen.util: 2	:ok	:broadcast	21
2025-06-27 20:55:42,802{GMT}	INFO	[jepsen worker 3] jepsen.util: 3	:invoke	:read	nil
2025-06-27 20:55:42,804{GMT}	INFO	[jepsen worker 3] jepsen.util: 3	:ok	:read	[0 1 2 4 5 6 7 8 9 10 11 12 14 15 17 19 21]
2025-06-27 20:55:42,873{GMT}	INFO	[jepsen worker 4] jepsen.util: 4	:invoke	:broadcast	22
2025-06-27 20:55:42,875{GMT}	INFO	[jepsen worker 4] jepsen.util: 4	:ok	:broadcast	22
2025-06-27 20:55:42,932{GMT}	INFO	[jepsen worker 0] jepsen.util: 0	:invoke	:read	nil
2025-06-27 20:55:42,934{GMT}	INFO	[jepsen worker 0] jepsen.util: 0	:ok	:read	[0 1 2 4 5 6 7 8 9 10 11 12 14 15 17 19 21]
2025-06-27 20:55:43,083{GMT}	INFO	[jepsen worker 0] jepsen.util: 0	:invoke	:broadcast	23
2025-06-27 20:55:43,085{GMT}	INFO	[jepsen worker 0] jepsen.util: 0	:ok	:broadcast	23
2025-06-27 20:55:43,151{GMT}	INFO	[jepsen worker 1] jepsen.util: 1	:invoke	:read	nil
2025-06-27 20:55:43,153{GMT}	INFO	[jepsen worker 1] jepsen.util: 1	:ok	:read	[0 1 2 4 5 6 7 8 9 10 11 12 14 15 17 19 21 23]
2025-06-27 20:55:43,220{GMT}	INFO	[jepsen worker 2] jepsen.util: 2	:invoke	:read	nil
2025-06-27 20:55:43,222{GMT}	INFO	[jepsen worker 2] jepsen.util: 2	:ok	:read	[0 1 2 4 5 6 7 8 9 10 11 12 14 15 17 19 21 23]
2025-06-27 20:55:43,344{GMT}	INFO	[jepsen worker 3] jepsen.util: 3	:invoke	:read	nil
2025-06-27 20:55:43,345{GMT}	INFO	[jepsen worker 3] jepsen.util: 3	:ok	:read	[0 1 2 4 5 6 7 8 9 10 11 12 14 15 17 19 21 23]
2025-06-27 20:55:43,346{GMT}	INFO	[jepsen worker 4] jepsen.util: 4	:invoke	:read	nil
2025-06-27 20:55:43,347{GMT}	INFO	[jepsen worker 4] jepsen.util: 4	:ok	:read	[3 13 16 18 20 22]
2025-06-27 20:55:43,420{GMT}	INFO	[jepsen worker 0] jepsen.util: 0	:invoke	:read	nil
2025-06-27 20:55:43,421{GMT}	INFO	[jepsen worker 0] jepsen.util: 0	:ok	:read	[0 1 2 4 5 6 7 8 9 10 11 12 14 15 17 19 21 23]
2025-06-27 20:55:43,613{GMT}	INFO	[jepsen worker 0] jepsen.util: 0	:invoke	:read	nil
2025-06-27 20:55:43,616{GMT}	INFO	[jepsen worker 0] jepsen.util: 0	:ok	:read	[0 1 2 4 5 6 7 8 9 10 11 12 14 15 17 19 21 23]
2025-06-27 20:55:43,677{GMT}	INFO	[jepsen worker 1] jepsen.util: 1	:invoke	:read	nil
2025-06-27 20:55:43,679{GMT}	INFO	[jepsen worker 1] jepsen.util: 1	:ok	:read	[0 1 2 4 5 6 7 8 9 10 11 12 14 15 17 19 21 23]
2025-06-27 20:55:43,808{GMT}	INFO	[jepsen worker 2] jepsen.util: 2	:invoke	:read	nil
2025-06-27 20:55:43,810{GMT}	INFO	[jepsen worker 2] jepsen.util: 2	:ok	:read	[0 1 2 4 5 6 7 8 9 10 11 12 14 15 17 19 21 23]
2025-06-27 20:55:43,946{GMT}	INFO	[jepsen worker 3] jepsen.util: 3	:invoke	:broadcast	24
2025-06-27 20:55:43,948{GMT}	INFO	[jepsen worker 3] jepsen.util: 3	:ok	:broadcast	24
2025-06-27 20:55:44,031{GMT}	INFO	[jepsen worker 4] jepsen.util: 4	:invoke	:broadcast	25
2025-06-27 20:55:44,032{GMT}	INFO	[jepsen worker 4] jepsen.util: 4	:ok	:broadcast	25
2025-06-27 20:55:44,076{GMT}	INFO	[jepsen worker 0] jepsen.util: 0	:invoke	:broadcast	26
2025-06-27 20:55:44,077{GMT}	INFO	[jepsen worker 0] jepsen.util: 0	:ok	:broadcast	26
2025-06-27 20:55:44,207{GMT}	INFO	[jepsen worker 0] jepsen.util: 0	:invoke	:read	nil
2025-06-27 20:55:44,208{GMT}	INFO	[jepsen worker 0] jepsen.util: 0	:ok	:read	[0 1 2 4 5 6 7 8 9 10 11 12 14 15 17 19 21 23 24 26]
2025-06-27 20:55:44,217{GMT}	INFO	[jepsen worker 1] jepsen.util: 1	:invoke	:broadcast	27
2025-06-27 20:55:44,218{GMT}	INFO	[jepsen worker 1] jepsen.util: 1	:ok	:broadcast	27
2025-06-27 20:55:44,382{GMT}	INFO	[jepsen worker 2] jepsen.util: 2	:invoke	:broadcast	28
2025-06-27 20:55:44,384{GMT}	INFO	[jepsen worker 2] jepsen.util: 2	:ok	:broadcast	28
2025-06-27 20:55:44,429{GMT}	INFO	[jepsen worker 3] jepsen.util: 3	:invoke	:read	nil
2025-06-27 20:55:44,431{GMT}	INFO	[jepsen worker 3] jepsen.util: 3	:ok	:read	[0 1 2 4 5 6 7 8 9 10 11 12 14 15 17 19 21 23 24 26 27 28]
2025-06-27 20:55:44,570{GMT}	INFO	[jepsen worker 4] jepsen.util: 4	:invoke	:read	nil
2025-06-27 20:55:44,572{GMT}	INFO	[jepsen worker 4] jepsen.util: 4	:ok	:read	[3 13 16 18 20 22 25]
2025-06-27 20:55:44,661{GMT}	INFO	[jepsen worker 0] jepsen.util: 0	:invoke	:read	nil
2025-06-27 20:55:44,664{GMT}	INFO	[jepsen worker 0] jepsen.util: 0	:ok	:read	[0 1 2 4 5 6 7 8 9 10 11 12 14 15 17 19 21 23 24 26 27 28]
2025-06-27 20:55:44,685{GMT}	INFO	[jepsen worker 0] jepsen.util: 0	:invoke	:read	nil
2025-06-27 20:55:44,687{GMT}	INFO	[jepsen worker 0] jepsen.util: 0	:ok	:read	[0 1 2 4 5 6 7 8 9 10 11 12 14 15 17 19 21 23 24 26 27 28]
2025-06-27 20:55:44,873{GMT}	INFO	[jepsen worker 1] jepsen.util: 1	:invoke	:read	nil
2025-06-27 20:55:44,875{GMT}	INFO	[jepsen worker 1] jepsen.util: 1	:ok	:read	[0 1 2 4 5 6 7 8 9 10 11 12 14 15 17 19 21 23 24 26 27 28]
2025-06-27 20:55:44,999{GMT}	INFO	[jepsen worker 2] jepsen.util: 2	:invoke	:broadcast	29
2025-06-27 20:55:45,002{GMT}	INFO	[jepsen worker 2] jepsen.util: 2	:ok	:broadcast	29
2025-06-27 20:55:45,035{GMT}	INFO	[jepsen worker 3] jepsen.util: 3	:invoke	:read	nil
2025-06-27 20:55:45,036{GMT}	INFO	[jepsen worker 3] jepsen.util: 3	:ok	:read	[0 1 2 4 5 6 7 8 9 10 11 12 14 15 17 19 21 23 24 26 27 28 29]
2025-06-27 20:55:45,066{GMT}	INFO	[jepsen worker 4] jepsen.util: 4	:invoke	:read	nil
2025-06-27 20:55:45,068{GMT}	INFO	[jepsen worker 4] jepsen.util: 4	:ok	:read	[3 13 16 18 20 22 25]
2025-06-27 20:55:45,073{GMT}	INFO	[jepsen worker 0] jepsen.util: 0	:invoke	:read	nil
2025-06-27 20:55:45,074{GMT}	INFO	[jepsen worker 0] jepsen.util: 0	:ok	:read	[0 1 2 4 5 6 7 8 9 10 11 12 14 15 17 19 21 23 24 26 27 28 29]
2025-06-27 20:55:45,132{GMT}	INFO	[jepsen worker 0] jepsen.util: 0	:invoke	:read	nil
2025-06-27 20:55:45,133{GMT}	INFO	[jepsen worker 0] jepsen.util: 0	:ok	:read	[0 1 2 4 5 6 7 8 9 10 11 12 14 15 17 19 21 23 24 26 27 28 29]
2025-06-27 20:55:45,196{GMT}	INFO	[jepsen worker 1] jepsen.util: 1	:invoke	:read	nil
2025-06-27 20:55:45,198{GMT}	INFO	[jepsen worker 1] jepsen.util: 1	:ok	:read	[0 1 2 4 5 6 7 8 9 10 11 12 14 15 17 19 21 23 24 26 27 28 29]
2025-06-27 20:55:45,309{GMT}	INFO	[jepsen worker 2] jepsen.util: 2	:invoke	:read	nil
2025-06-27 20:55:45,312{GMT}	INFO	[jepsen worker 2] jepsen.util: 2	:ok	:read	[0 1 2 4 5 6 7 8 9 10 11 12 14 15 17 19 21 23 24 26 27 28 29]
2025-06-27 20:55:45,325{GMT}	INFO	[jepsen worker 3] jepsen.util: 3	:invoke	:read	nil
2025-06-27 20:55:45,326{GMT}	INFO	[jepsen worker 3] jepsen.util: 3	:ok	:read	[0 1 2 4 5 6 7 8 9 10 11 12 14 15 17 19 21 23 24 26 27 28 29]
2025-06-27 20:55:45,516{GMT}	INFO	[jepsen worker 4] jepsen.util: 4	:invoke	:read	nil
2025-06-27 20:55:45,518{GMT}	INFO	[jepsen worker 4] jepsen.util: 4	:ok	:read	[3 13 16 18 20 22 25]
2025-06-27 20:55:45,671{GMT}	INFO	[jepsen worker 0] jepsen.util: 0	:invoke	:read	nil
2025-06-27 20:55:45,673{GMT}	INFO	[jepsen worker 0] jepsen.util: 0	:ok	:read	[0 1 2 4 5 6 7 8 9 10 11 12 14 15 17 19 21 23 24 26 27 28 29]
2025-06-27 20:55:45,755{GMT}	INFO	[jepsen worker 0] jepsen.util: 0	:invoke	:broadcast	30
2025-06-27 20:55:45,757{GMT}	INFO	[jepsen worker 0] jepsen.util: 0	:ok	:broadcast	30
2025-06-27 20:55:45,822{GMT}	INFO	[jepsen worker 1] jepsen.util: 1	:invoke	:read	nil
2025-06-27 20:55:45,824{GMT}	INFO	[jepsen worker 1] jepsen.util: 1	:ok	:read	[0 1 2 4 5 6 7 8 9 10 11 12 14 15 17 19 21 23 24 26 27 28 29 30]
2025-06-27 20:55:45,883{GMT}	INFO	[jepsen worker 2] jepsen.util: 2	:invoke	:read	nil
2025-06-27 20:55:45,884{GMT}	INFO	[jepsen worker 2] jepsen.util: 2	:ok	:read	[0 1 2 4 5 6 7 8 9 10 11 12 14 15 17 19 21 23 24 26 27 28 29 30]
2025-06-27 20:55:46,083{GMT}	INFO	[jepsen worker 3] jepsen.util: 3	:invoke	:broadcast	31
2025-06-27 20:55:46,085{GMT}	INFO	[jepsen worker 3] jepsen.util: 3	:ok	:broadcast	31
2025-06-27 20:55:46,148{GMT}	INFO	[jepsen worker 4] jepsen.util: 4	:invoke	:read	nil
2025-06-27 20:55:46,150{GMT}	INFO	[jepsen worker 4] jepsen.util: 4	:ok	:read	[3 13 16 18 20 22 25]
2025-06-27 20:55:46,168{GMT}	INFO	[jepsen worker 0] jepsen.util: 0	:invoke	:broadcast	32
2025-06-27 20:55:46,170{GMT}	INFO	[jepsen worker 0] jepsen.util: 0	:ok	:broadcast	32
2025-06-27 20:55:46,281{GMT}	INFO	[jepsen worker 0] jepsen.util: 0	:invoke	:broadcast	33
2025-06-27 20:55:46,281{GMT}	INFO	[jepsen worker 0] jepsen.util: 0	:ok	:broadcast	33
2025-06-27 20:55:46,473{GMT}	INFO	[jepsen worker 1] jepsen.util: 1	:invoke	:read	nil
2025-06-27 20:55:46,475{GMT}	INFO	[jepsen worker 1] jepsen.util: 1	:ok	:read	[0 1 2 4 5 6 7 8 9 10 11 12 14 15 17 19 21 23 24 26 27 28 29 30 31 32 33]
2025-06-27 20:55:46,493{GMT}	INFO	[jepsen worker 2] jepsen.util: 2	:invoke	:read	nil
2025-06-27 20:55:46,494{GMT}	INFO	[jepsen worker 2] jepsen.util: 2	:ok	:read	[0 1 2 4 5 6 7 8 9 10 11 12 14 15 17 19 21 23 24 26 27 28 29 30 31 32 33]
2025-06-27 20:55:46,622{GMT}	INFO	[jepsen worker 3] jepsen.util: 3	:invoke	:read	nil
2025-06-27 20:55:46,624{GMT}	INFO	[jepsen worker 3] jepsen.util: 3	:ok	:read	[0 1 2 4 5 6 7 8 9 10 11 12 14 15 17 19 21 23 24 26 27 28 29 30 31 32 33]
2025-06-27 20:55:46,812{GMT}	INFO	[jepsen worker 4] jepsen.util: 4	:invoke	:read	nil
2025-06-27 20:55:46,814{GMT}	INFO	[jepsen worker 4] jepsen.util: 4	:ok	:read	[3 13 16 18 20 22 25]
2025-06-27 20:55:46,977{GMT}	INFO	[jepsen worker 0] jepsen.util: 0	:invoke	:read	nil
2025-06-27 20:55:46,979{GMT}	INFO	[jepsen worker 0] jepsen.util: 0	:ok	:read	[0 1 2 4 5 6 7 8 9 10 11 12 14 15 17 19 21 23 24 26 27 28 29 30 31 32 33]
2025-06-27 20:55:47,071{GMT}	INFO	[jepsen worker 0] jepsen.util: 0	:invoke	:broadcast	34
2025-06-27 20:55:47,072{GMT}	INFO	[jepsen worker 0] jepsen.util: 0	:ok	:broadcast	34
2025-06-27 20:55:47,264{GMT}	INFO	[jepsen worker 1] jepsen.util: 1	:invoke	:broadcast	35
2025-06-27 20:55:47,267{GMT}	INFO	[jepsen worker 1] jepsen.util: 1	:ok	:broadcast	35
2025-06-27 20:55:47,439{GMT}	INFO	[jepsen worker 2] jepsen.util: 2	:invoke	:broadcast	36
2025-06-27 20:55:47,441{GMT}	INFO	[jepsen worker 2] jepsen.util: 2	:ok	:broadcast	36
2025-06-27 20:55:47,618{GMT}	INFO	[jepsen worker 3] jepsen.util: 3	:invoke	:read	nil
2025-06-27 20:55:47,619{GMT}	INFO	[jepsen worker 3] jepsen.util: 3	:ok	:read	[0 1 2 4 5 6 7 8 9 10 11 12 14 15 17 19 21 23 24 26 27 28 29 30 31 32 33 34 35 36]
2025-06-27 20:55:47,673{GMT}	INFO	[jepsen worker 4] jepsen.util: 4	:invoke	:broadcast	37
2025-06-27 20:55:47,675{GMT}	INFO	[jepsen worker 4] jepsen.util: 4	:ok	:broadcast	37
2025-06-27 20:55:47,686{GMT}	INFO	[jepsen worker 0] jepsen.util: 0	:invoke	:read	nil
2025-06-27 20:55:47,688{GMT}	INFO	[jepsen worker 0] jepsen.util: 0	:ok	:read	[0 1 2 4 5 6 7 8 9 10 11 12 14 15 17 19 21 23 24 26 27 28 29 30 31 32 33 34 35 36]
2025-06-27 20:55:47,749{GMT}	INFO	[jepsen worker 0] jepsen.util: 0	:invoke	:broadcast	38
2025-06-27 20:55:47,750{GMT}	INFO	[jepsen worker 0] jepsen.util: 0	:ok	:broadcast	38
2025-06-27 20:55:47,789{GMT}	INFO	[jepsen worker 1] jepsen.util: 1	:invoke	:read	nil
2025-06-27 20:55:47,791{GMT}	INFO	[jepsen worker 1] jepsen.util: 1	:ok	:read	[0 1 2 4 5 6 7 8 9 10 11 12 14 15 17 19 21 23 24 26 27 28 29 30 31 32 33 34 35 36 38]
2025-06-27 20:55:47,816{GMT}	INFO	[jepsen worker 2] jepsen.util: 2	:invoke	:broadcast	39
2025-06-27 20:55:47,817{GMT}	INFO	[jepsen worker 2] jepsen.util: 2	:ok	:broadcast	39
2025-06-27 20:55:47,856{GMT}	INFO	[jepsen worker 3] jepsen.util: 3	:invoke	:read	nil
2025-06-27 20:55:47,858{GMT}	INFO	[jepsen worker 3] jepsen.util: 3	:ok	:read	[0 1 2 4 5 6 7 8 9 10 11 12 14 15 17 19 21 23 24 26 27 28 29 30 31 32 33 34 35 36 38 39]
2025-06-27 20:55:47,929{GMT}	INFO	[jepsen worker 4] jepsen.util: 4	:invoke	:read	nil
2025-06-27 20:55:47,931{GMT}	INFO	[jepsen worker 4] jepsen.util: 4	:ok	:read	[3 13 16 18 20 22 25 37]
2025-06-27 20:55:48,081{GMT}	INFO	[jepsen worker 0] jepsen.util: 0	:invoke	:broadcast	40
2025-06-27 20:55:48,083{GMT}	INFO	[jepsen worker 0] jepsen.util: 0	:ok	:broadcast	40
2025-06-27 20:55:48,273{GMT}	INFO	[jepsen worker 0] jepsen.util: 0	:invoke	:read	nil
2025-06-27 20:55:48,276{GMT}	INFO	[jepsen worker 0] jepsen.util: 0	:ok	:read	[0 1 2 4 5 6 7 8 9 10 11 12 14 15 17 19 21 23 24 26 27 28 29 30 31 32 33 34 35 36 38 39 40]
2025-06-27 20:55:48,407{GMT}	INFO	[jepsen worker 1] jepsen.util: 1	:invoke	:broadcast	41
2025-06-27 20:55:48,409{GMT}	INFO	[jepsen worker 1] jepsen.util: 1	:ok	:broadcast	41
2025-06-27 20:55:48,445{GMT}	INFO	[jepsen worker 2] jepsen.util: 2	:invoke	:read	nil
2025-06-27 20:55:48,447{GMT}	INFO	[jepsen worker 2] jepsen.util: 2	:ok	:read	[0 1 2 4 5 6 7 8 9 10 11 12 14 15 17 19 21 23 24 26 27 28 29 30 31 32 33 34 35 36 38 39 40 41]
2025-06-27 20:55:48,565{GMT}	INFO	[jepsen worker 3] jepsen.util: 3	:invoke	:read	nil
2025-06-27 20:55:48,567{GMT}	INFO	[jepsen worker 3] jepsen.util: 3	:ok	:read	[0 1 2 4 5 6 7 8 9 10 11 12 14 15 17 19 21 23 24 26 27 28 29 30 31 32 33 34 35 36 38 39 40 41]
2025-06-27 20:55:48,668{GMT}	INFO	[jepsen worker 4] jepsen.util: 4	:invoke	:broadcast	42
2025-06-27 20:55:48,670{GMT}	INFO	[jepsen worker 4] jepsen.util: 4	:ok	:broadcast	42
2025-06-27 20:55:48,750{GMT}	INFO	[jepsen worker 0] jepsen.util: 0	:invoke	:broadcast	43
2025-06-27 20:55:48,752{GMT}	INFO	[jepsen worker 0] jepsen.util: 0	:ok	:broadcast	43
2025-06-27 20:55:48,855{GMT}	INFO	[jepsen worker 0] jepsen.util: 0	:invoke	:read	nil
2025-06-27 20:55:48,857{GMT}	INFO	[jepsen worker 0] jepsen.util: 0	:ok	:read	[0 1 2 4 5 6 7 8 9 10 11 12 14 15 17 19 21 23 24 26 27 28 29 30 31 32 33 34 35 36 38 39 40 41 43]
2025-06-27 20:55:48,970{GMT}	INFO	[jepsen worker 1] jepsen.util: 1	:invoke	:broadcast	44
2025-06-27 20:55:48,972{GMT}	INFO	[jepsen worker 1] jepsen.util: 1	:ok	:broadcast	44
2025-06-27 20:55:49,084{GMT}	INFO	[jepsen worker 2] jepsen.util: 2	:invoke	:read	nil
2025-06-27 20:55:49,085{GMT}	INFO	[jepsen worker 2] jepsen.util: 2	:ok	:read	[0 1 2 4 5 6 7 8 9 10 11 12 14 15 17 19 21 23 24 26 27 28 29 30 31 32 33 34 35 36 38 39 40 41 43 44]
2025-06-27 20:55:49,272{GMT}	INFO	[jepsen worker 3] jepsen.util: 3	:invoke	:broadcast	45
2025-06-27 20:55:49,273{GMT}	INFO	[jepsen worker 3] jepsen.util: 3	:ok	:broadcast	45
2025-06-27 20:55:49,311{GMT}	INFO	[jepsen worker 4] jepsen.util: 4	:invoke	:broadcast	46
2025-06-27 20:55:49,311{GMT}	INFO	[jepsen worker 4] jepsen.util: 4	:ok	:broadcast	46
2025-06-27 20:55:49,506{GMT}	INFO	[jepsen worker 0] jepsen.util: 0	:invoke	:read	nil
2025-06-27 20:55:49,508{GMT}	INFO	[jepsen worker 0] jepsen.util: 0	:ok	:read	[0 1 2 4 5 6 7 8 9 10 11 12 14 15 17 19 21 23 24 26 27 28 29 30 31 32 33 34 35 36 38 39 40 41 43 44 45]
2025-06-27 20:55:49,550{GMT}	INFO	[jepsen worker 0] jepsen.util: 0	:invoke	:broadcast	47
2025-06-27 20:55:49,552{GMT}	INFO	[jepsen worker 0] jepsen.util: 0	:ok	:broadcast	47
2025-06-27 20:55:49,570{GMT}	INFO	[jepsen worker 1] jepsen.util: 1	:invoke	:read	nil
2025-06-27 20:55:49,571{GMT}	INFO	[jepsen worker 1] jepsen.util: 1	:ok	:read	[0 1 2 4 5 6 7 8 9 10 11 12 14 15 17 19 21 23 24 26 27 28 29 30 31 32 33 34 35 36 38 39 40 41 43 44 45 47]
2025-06-27 20:55:49,622{GMT}	INFO	[jepsen worker 2] jepsen.util: 2	:invoke	:broadcast	48
2025-06-27 20:55:49,624{GMT}	INFO	[jepsen worker 2] jepsen.util: 2	:ok	:broadcast	48
2025-06-27 20:55:49,807{GMT}	INFO	[jepsen worker 3] jepsen.util: 3	:invoke	:broadcast	49
2025-06-27 20:55:49,809{GMT}	INFO	[jepsen worker 3] jepsen.util: 3	:ok	:broadcast	49
2025-06-27 20:55:50,006{GMT}	INFO	[jepsen worker 4] jepsen.util: 4	:invoke	:broadcast	50
2025-06-27 20:55:50,007{GMT}	INFO	[jepsen worker 4] jepsen.util: 4	:ok	:broadcast	50
2025-06-27 20:55:50,031{GMT}	INFO	[jepsen worker 0] jepsen.util: 0	:invoke	:read	nil
2025-06-27 20:55:50,032{GMT}	INFO	[jepsen worker 0] jepsen.util: 0	:ok	:read	[0 1 2 4 5 6 7 8 9 10 11 12 14 15 17 19 21 23 24 26 27 28 29 30 31 32 33 34 35 36 38 39 40 41 43 44 45 47 48 49]
2025-06-27 20:55:50,096{GMT}	INFO	[jepsen worker 0] jepsen.util: 0	:invoke	:read	nil
2025-06-27 20:55:50,097{GMT}	INFO	[jepsen worker 0] jepsen.util: 0	:ok	:read	[0 1 2 4 5 6 7 8 9 10 11 12 14 15 17 19 21 23 24 26 27 28 29 30 31 32 33 34 35 36 38 39 40 41 43 44 45 47 48 49]
2025-06-27 20:55:50,205{GMT}	INFO	[jepsen worker 1] jepsen.util: 1	:invoke	:broadcast	51
2025-06-27 20:55:50,206{GMT}	INFO	[jepsen worker 1] jepsen.util: 1	:ok	:broadcast	51
2025-06-27 20:55:50,347{GMT}	INFO	[jepsen worker 2] jepsen.util: 2	:invoke	:broadcast	52
2025-06-27 20:55:50,347{GMT}	INFO	[jepsen worker 2] jepsen.util: 2	:ok	:broadcast	52
2025-06-27 20:55:50,367{GMT}	INFO	[jepsen worker 3] jepsen.util: 3	:invoke	:broadcast	53
2025-06-27 20:55:50,368{GMT}	INFO	[jepsen worker 3] jepsen.util: 3	:ok	:broadcast	53
2025-06-27 20:55:50,417{GMT}	INFO	[jepsen worker 4] jepsen.util: 4	:invoke	:read	nil
2025-06-27 20:55:50,417{GMT}	INFO	[jepsen worker 4] jepsen.util: 4	:ok	:read	[3 13 16 18 20 22 25 37 42 46 50]
2025-06-27 20:55:50,586{GMT}	INFO	[jepsen worker 0] jepsen.util: 0	:invoke	:broadcast	54
2025-06-27 20:55:50,586{GMT}	INFO	[jepsen worker 0] jepsen.util: 0	:ok	:broadcast	54
2025-06-27 20:55:50,702{GMT}	INFO	[jepsen worker 0] jepsen.util: 0	:invoke	:broadcast	55
2025-06-27 20:55:50,702{GMT}	INFO	[jepsen worker 0] jepsen.util: 0	:ok	:broadcast	55
2025-06-27 20:55:50,739{GMT}	INFO	[jepsen worker 1] jepsen.util: 1	:invoke	:read	nil
2025-06-27 20:55:50,739{GMT}	INFO	[jepsen worker 1] jepsen.util: 1	:ok	:read	[0 1 2 4 5 6 7 8 9 10 11 12 14 15 17 19 21 23 24 26 27 28 29 30 31 32 33 34 35 36 38 39 40 41 43 44 45 47 48 49 51 52 53 54 55]
2025-06-27 20:55:50,932{GMT}	INFO	[jepsen worker 2] jepsen.util: 2	:invoke	:read	nil
2025-06-27 20:55:50,933{GMT}	INFO	[jepsen worker 2] jepsen.util: 2	:ok	:read	[0 1 2 4 5 6 7 8 9 10 11 12 14 15 17 19 21 23 24 26 27 28 29 30 31 32 33 34 35 36 38 39 40 41 43 44 45 47 48 49 51 52 53 54 55]
2025-06-27 20:55:51,124{GMT}	INFO	[jepsen worker 3] jepsen.util: 3	:invoke	:broadcast	56
2025-06-27 20:55:51,125{GMT}	INFO	[jepsen worker 3] jepsen.util: 3	:ok	:broadcast	56
2025-06-27 20:55:51,281{GMT}	INFO	[jepsen worker 4] jepsen.util: 4	:invoke	:broadcast	57
2025-06-27 20:55:51,282{GMT}	INFO	[jepsen worker 4] jepsen.util: 4	:ok	:broadcast	57
2025-06-27 20:55:51,297{GMT}	INFO	[jepsen worker 0] jepsen.util: 0	:invoke	:broadcast	58
2025-06-27 20:55:51,297{GMT}	INFO	[jepsen worker 0] jepsen.util: 0	:ok	:broadcast	58
2025-06-27 20:55:51,321{GMT}	INFO	[jepsen worker 0] jepsen.util: 0	:invoke	:broadcast	59
2025-06-27 20:55:51,322{GMT}	INFO	[jepsen worker 0] jepsen.util: 0	:ok	:broadcast	59
2025-06-27 20:55:51,472{GMT}	INFO	[jepsen worker 1] jepsen.util: 1	:invoke	:broadcast	60
2025-06-27 20:55:51,473{GMT}	INFO	[jepsen worker 1] jepsen.util: 1	:ok	:broadcast	60
2025-06-27 20:55:51,567{GMT}	INFO	[jepsen worker 2] jepsen.util: 2	:invoke	:broadcast	61
2025-06-27 20:55:51,568{GMT}	INFO	[jepsen worker 2] jepsen.util: 2	:ok	:broadcast	61
2025-06-27 20:55:51,655{GMT}	INFO	[jepsen worker 3] jepsen.util: 3	:invoke	:read	nil
2025-06-27 20:55:51,657{GMT}	INFO	[jepsen worker 3] jepsen.util: 3	:ok	:read	[0 1 2 4 5 6 7 8 9 10 11 12 14 15 17 19 21 23 24 26 27 28 29 30 31 32 33 34 35 36 38 39 40 41 43 44 45 47 48 49 51 52 53 54 55 56 58 59 60 61]
2025-06-27 20:55:51,829{GMT}	INFO	[jepsen worker 4] jepsen.util: 4	:invoke	:read	nil
2025-06-27 20:55:51,830{GMT}	INFO	[jepsen worker 4] jepsen.util: 4	:ok	:read	[3 13 16 18 20 22 25 37 42 46 50 57]
2025-06-27 20:55:51,954{GMT}	INFO	[jepsen worker 0] jepsen.util: 0	:invoke	:broadcast	62
2025-06-27 20:55:51,954{GMT}	INFO	[jepsen worker 0] jepsen.util: 0	:ok	:broadcast	62
2025-06-27 20:55:52,004{GMT}	INFO	[jepsen worker 0] jepsen.util: 0	:invoke	:read	nil
2025-06-27 20:55:52,004{GMT}	INFO	[jepsen worker 0] jepsen.util: 0	:ok	:read	[0 1 2 4 5 6 7 8 9 10 11 12 14 15 17 19 21 23 24 26 27 28 29 30 31 32 33 34 35 36 38 39 40 41 43 44 45 47 48 49 51 52 53 54 55 56 58 59 60 61 62]
2025-06-27 20:55:52,181{GMT}	INFO	[jepsen worker 1] jepsen.util: 1	:invoke	:broadcast	63
2025-06-27 20:55:52,183{GMT}	INFO	[jepsen worker 1] jepsen.util: 1	:ok	:broadcast	63
2025-06-27 20:55:52,206{GMT}	INFO	[jepsen worker 2] jepsen.util: 2	:invoke	:read	nil
2025-06-27 20:55:52,208{GMT}	INFO	[jepsen worker 2] jepsen.util: 2	:ok	:read	[0 1 2 4 5 6 7 8 9 10 11 12 14 15 17 19 21 23 24 26 27 28 29 30 31 32 33 34 35 36 38 39 40 41 43 44 45 47 48 49 51 52 53 54 55 56 58 59 60 61 62 63]
2025-06-27 20:55:52,267{GMT}	INFO	[jepsen worker 3] jepsen.util: 3	:invoke	:broadcast	64
2025-06-27 20:55:52,269{GMT}	INFO	[jepsen worker 3] jepsen.util: 3	:ok	:broadcast	64
2025-06-27 20:55:52,439{GMT}	INFO	[jepsen worker 4] jepsen.util: 4	:invoke	:read	nil
2025-06-27 20:55:52,440{GMT}	INFO	[jepsen worker 4] jepsen.util: 4	:ok	:read	[3 13 16 18 20 22 25 37 42 46 50 57]
2025-06-27 20:55:52,513{GMT}	INFO	[jepsen worker 0] jepsen.util: 0	:invoke	:broadcast	65
2025-06-27 20:55:52,514{GMT}	INFO	[jepsen worker 0] jepsen.util: 0	:ok	:broadcast	65
2025-06-27 20:55:52,598{GMT}	INFO	[jepsen worker 0] jepsen.util: 0	:invoke	:broadcast	66
2025-06-27 20:55:52,600{GMT}	INFO	[jepsen worker 0] jepsen.util: 0	:ok	:broadcast	66
2025-06-27 20:55:52,689{GMT}	INFO	[jepsen worker 1] jepsen.util: 1	:invoke	:broadcast	67
2025-06-27 20:55:52,691{GMT}	INFO	[jepsen worker 1] jepsen.util: 1	:ok	:broadcast	67
2025-06-27 20:55:52,770{GMT}	INFO	[jepsen worker 2] jepsen.util: 2	:invoke	:broadcast	68
2025-06-27 20:55:52,771{GMT}	INFO	[jepsen worker 2] jepsen.util: 2	:ok	:broadcast	68
2025-06-27 20:55:52,846{GMT}	INFO	[jepsen worker 3] jepsen.util: 3	:invoke	:broadcast	69
2025-06-27 20:55:52,847{GMT}	INFO	[jepsen worker 3] jepsen.util: 3	:ok	:broadcast	69
2025-06-27 20:55:52,989{GMT}	INFO	[jepsen worker 4] jepsen.util: 4	:invoke	:broadcast	70
2025-06-27 20:55:52,990{GMT}	INFO	[jepsen worker 4] jepsen.util: 4	:ok	:broadcast	70
2025-06-27 20:55:53,096{GMT}	INFO	[jepsen worker 0] jepsen.util: 0	:invoke	:broadcast	71
2025-06-27 20:55:53,096{GMT}	INFO	[jepsen worker 0] jepsen.util: 0	:ok	:broadcast	71
2025-06-27 20:55:53,184{GMT}	INFO	[jepsen worker 0] jepsen.util: 0	:invoke	:read	nil
2025-06-27 20:55:53,185{GMT}	INFO	[jepsen worker 0] jepsen.util: 0	:ok	:read	[0 1 2 4 5 6 7 8 9 10 11 12 14 15 17 19 21 23 24 26 27 28 29 30 31 32 33 34 35 36 38 39 40 41 43 44 45 47 48 49 51 52 53 54 55 56 58 59 60 61 62 63 64 65 66 67 68 69 71]
2025-06-27 20:55:53,379{GMT}	INFO	[jepsen worker 1] jepsen.util: 1	:invoke	:read	nil
2025-06-27 20:55:53,382{GMT}	INFO	[jepsen worker 1] jepsen.util: 1	:ok	:read	[0 1 2 4 5 6 7 8 9 10 11 12 14 15 17 19 21 23 24 26 27 28 29 30 31 32 33 34 35 36 38 39 40 41 43 44 45 47 48 49 51 52 53 54 55 56 58 59 60 61 62 63 64 65 66 67 68 69 71]
2025-06-27 20:55:53,469{GMT}	INFO	[jepsen worker 2] jepsen.util: 2	:invoke	:read	nil
2025-06-27 20:55:53,471{GMT}	INFO	[jepsen worker 2] jepsen.util: 2	:ok	:read	[0 1 2 4 5 6 7 8 9 10 11 12 14 15 17 19 21 23 24 26 27 28 29 30 31 32 33 34 35 36 38 39 40 41 43 44 45 47 48 49 51 52 53 54 55 56 58 59 60 61 62 63 64 65 66 67 68 69 71]
2025-06-27 20:55:53,546{GMT}	INFO	[jepsen worker 3] jepsen.util: 3	:invoke	:broadcast	72
2025-06-27 20:55:53,547{GMT}	INFO	[jepsen worker 3] jepsen.util: 3	:ok	:broadcast	72
2025-06-27 20:55:53,558{GMT}	INFO	[jepsen worker 4] jepsen.util: 4	:invoke	:read	nil
2025-06-27 20:55:53,559{GMT}	INFO	[jepsen worker 4] jepsen.util: 4	:ok	:read	[3 13 16 18 20 22 25 37 42 46 50 57 70]
2025-06-27 20:55:53,639{GMT}	INFO	[jepsen worker 0] jepsen.util: 0	:invoke	:read	nil
2025-06-27 20:55:53,641{GMT}	INFO	[jepsen worker 0] jepsen.util: 0	:ok	:read	[0 1 2 4 5 6 7 8 9 10 11 12 14 15 17 19 21 23 24 26 27 28 29 30 31 32 33 34 35 36 38 39 40 41 43 44 45 47 48 49 51 52 53 54 55 56 58 59 60 61 62 63 64 65 66 67 68 69 71 72]
2025-06-27 20:55:53,667{GMT}	INFO	[jepsen worker 0] jepsen.util: 0	:invoke	:broadcast	73
2025-06-27 20:55:53,668{GMT}	INFO	[jepsen worker 0] jepsen.util: 0	:ok	:broadcast	73
2025-06-27 20:55:53,869{GMT}	INFO	[jepsen worker 1] jepsen.util: 1	:invoke	:broadcast	74
2025-06-27 20:55:53,871{GMT}	INFO	[jepsen worker 1] jepsen.util: 1	:ok	:broadcast	74
2025-06-27 20:55:54,022{GMT}	INFO	[jepsen worker 2] jepsen.util: 2	:invoke	:read	nil
2025-06-27 20:55:54,024{GMT}	INFO	[jepsen worker 2] jepsen.util: 2	:ok	:read	[0 1 2 4 5 6 7 8 9 10 11 12 14 15 17 19 21 23 24 26 27 28 29 30 31 32 33 34 35 36 38 39 40 41 43 44 45 47 48 49 51 52 53 54 55 56 58 59 60 61 62 63 64 65 66 67 68 69 71 72 73 74]
2025-06-27 20:55:54,071{GMT}	INFO	[jepsen worker 3] jepsen.util: 3	:invoke	:read	nil
2025-06-27 20:55:54,077{GMT}	INFO	[jepsen worker 3] jepsen.util: 3	:ok	:read	[0 1 2 4 5 6 7 8 9 10 11 12 14 15 17 19 21 23 24 26 27 28 29 30 31 32 33 34 35 36 38 39 40 41 43 44 45 47 48 49 51 52 53 54 55 56 58 59 60 61 62 63 64 65 66 67 68 69 71 72 73 74]
2025-06-27 20:55:54,208{GMT}	INFO	[jepsen worker 4] jepsen.util: 4	:invoke	:read	nil
2025-06-27 20:55:54,209{GMT}	INFO	[jepsen worker 4] jepsen.util: 4	:ok	:read	[3 13 16 18 20 22 25 37 42 46 50 57 70]
2025-06-27 20:55:54,385{GMT}	INFO	[jepsen worker 0] jepsen.util: 0	:invoke	:broadcast	75
2025-06-27 20:55:54,385{GMT}	INFO	[jepsen worker 0] jepsen.util: 0	:ok	:broadcast	75
2025-06-27 20:55:54,559{GMT}	INFO	[jepsen worker 0] jepsen.util: 0	:invoke	:broadcast	76
2025-06-27 20:55:54,560{GMT}	INFO	[jepsen worker 0] jepsen.util: 0	:ok	:broadcast	76
2025-06-27 20:55:54,616{GMT}	INFO	[jepsen worker 1] jepsen.util: 1	:invoke	:broadcast	77
2025-06-27 20:55:54,616{GMT}	INFO	[jepsen worker 1] jepsen.util: 1	:ok	:broadcast	77
2025-06-27 20:55:54,623{GMT}	INFO	[jepsen worker 2] jepsen.util: 2	:invoke	:broadcast	78
2025-06-27 20:55:54,624{GMT}	INFO	[jepsen worker 2] jepsen.util: 2	:ok	:broadcast	78
2025-06-27 20:55:54,759{GMT}	INFO	[jepsen worker 3] jepsen.util: 3	:invoke	:read	nil
2025-06-27 20:55:54,761{GMT}	INFO	[jepsen worker 3] jepsen.util: 3	:ok	:read	[0 1 2 4 5 6 7 8 9 10 11 12 14 15 17 19 21 23 24 26 27 28 29 30 31 32 33 34 35 36 38 39 40 41 43 44 45 47 48 49 51 52 53 54 55 56 58 59 60 61 62 63 64 65 66 67 68 69 71 72 73 74 75 76 77 78]
2025-06-27 20:55:54,809{GMT}	INFO	[jepsen worker 4] jepsen.util: 4	:invoke	:read	nil
2025-06-27 20:55:54,809{GMT}	INFO	[jepsen worker 4] jepsen.util: 4	:ok	:read	[3 13 16 18 20 22 25 37 42 46 50 57 70]
2025-06-27 20:55:54,940{GMT}	INFO	[jepsen worker 0] jepsen.util: 0	:invoke	:read	nil
2025-06-27 20:55:54,941{GMT}	INFO	[jepsen worker 0] jepsen.util: 0	:ok	:read	[0 1 2 4 5 6 7 8 9 10 11 12 14 15 17 19 21 23 24 26 27 28 29 30 31 32 33 34 35 36 38 39 40 41 43 44 45 47 48 49 51 52 53 54 55 56 58 59 60 61 62 63 64 65 66 67 68 69 71 72 73 74 75 76 77 78]
2025-06-27 20:55:55,068{GMT}	INFO	[jepsen worker 0] jepsen.util: 0	:invoke	:read	nil
2025-06-27 20:55:55,069{GMT}	INFO	[jepsen worker 0] jepsen.util: 0	:ok	:read	[0 1 2 4 5 6 7 8 9 10 11 12 14 15 17 19 21 23 24 26 27 28 29 30 31 32 33 34 35 36 38 39 40 41 43 44 45 47 48 49 51 52 53 54 55 56 58 59 60 61 62 63 64 65 66 67 68 69 71 72 73 74 75 76 77 78]
2025-06-27 20:55:55,111{GMT}	INFO	[jepsen worker 1] jepsen.util: 1	:invoke	:broadcast	79
2025-06-27 20:55:55,111{GMT}	INFO	[jepsen worker 1] jepsen.util: 1	:ok	:broadcast	79
2025-06-27 20:55:55,222{GMT}	INFO	[jepsen worker 2] jepsen.util: 2	:invoke	:broadcast	80
2025-06-27 20:55:55,223{GMT}	INFO	[jepsen worker 2] jepsen.util: 2	:ok	:broadcast	80
2025-06-27 20:55:55,290{GMT}	INFO	[jepsen worker 3] jepsen.util: 3	:invoke	:read	nil
2025-06-27 20:55:55,291{GMT}	INFO	[jepsen worker 3] jepsen.util: 3	:ok	:read	[0 1 2 4 5 6 7 8 9 10 11 12 14 15 17 19 21 23 24 26 27 28 29 30 31 32 33 34 35 36 38 39 40 41 43 44 45 47 48 49 51 52 53 54 55 56 58 59 60 61 62 63 64 65 66 67 68 69 71 72 73 74 75 76 77 78 79 80]
2025-06-27 20:55:55,301{GMT}	INFO	[jepsen worker 4] jepsen.util: 4	:invoke	:read	nil
2025-06-27 20:55:55,301{GMT}	INFO	[jepsen worker 4] jepsen.util: 4	:ok	:read	[3 13 16 18 20 22 25 37 42 46 50 57 70]
2025-06-27 20:55:55,502{GMT}	INFO	[jepsen worker 0] jepsen.util: 0	:invoke	:broadcast	81
2025-06-27 20:55:55,504{GMT}	INFO	[jepsen worker 0] jepsen.util: 0	:ok	:broadcast	81
2025-06-27 20:55:55,699{GMT}	INFO	[jepsen worker 0] jepsen.util: 0	:invoke	:read	nil
2025-06-27 20:55:55,700{GMT}	INFO	[jepsen worker 0] jepsen.util: 0	:ok	:read	[0 1 2 4 5 6 7 8 9 10 11 12 14 15 17 19 21 23 24 26 27 28 29 30 31 32 33 34 35 36 38 39 40 41 43 44 45 47 48 49 51 52 53 54 55 56 58 59 60 61 62 63 64 65 66 67 68 69 71 72 73 74 75 76 77 78 79 80 81]
2025-06-27 20:55:55,890{GMT}	INFO	[jepsen worker 1] jepsen.util: 1	:invoke	:read	nil
2025-06-27 20:55:55,892{GMT}	INFO	[jepsen worker 1] jepsen.util: 1	:ok	:read	[0 1 2 4 5 6 7 8 9 10 11 12 14 15 17 19 21 23 24 26 27 28 29 30 31 32 33 34 35 36 38 39 40 41 43 44 45 47 48 49 51 52 53 54 55 56 58 59 60 61 62 63 64 65 66 67 68 69 71 72 73 74 75 76 77 78 79 80 81]
2025-06-27 20:55:55,948{GMT}	INFO	[jepsen worker 2] jepsen.util: 2	:invoke	:broadcast	82
2025-06-27 20:55:55,948{GMT}	INFO	[jepsen worker nemesis] jepsen.util: :nemesis	:info	:stop-partition	nil
2025-06-27 20:55:55,950{GMT}	INFO	[jepsen worker nemesis] jepsen.util: :nemesis	:info	:stop-partition	:network-healed
2025-06-27 20:55:55,950{GMT}	INFO	[jepsen worker 2] jepsen.util: 2	:ok	:broadcast	82
2025-06-27 20:55:56,092{GMT}	INFO	[jepsen worker 4] jepsen.util: 4	:invoke	:broadcast	83
2025-06-27 20:55:56,093{GMT}	INFO	[jepsen worker 4] jepsen.util: 4	:ok	:broadcast	83
2025-06-27 20:55:56,264{GMT}	INFO	[jepsen worker 0] jepsen.util: 0	:invoke	:read	nil
2025-06-27 20:55:56,266{GMT}	INFO	[jepsen worker 0] jepsen.util: 0	:ok	:read	[0 1 2 4 5 6 7 8 9 10 11 12 14 15 17 19 21 23 24 26 27 28 29 30 31 32 33 34 35 36 38 39 40 41 43 44 45 47 48 49 51 52 53 54 55 56 58 59 60 61 62 63 64 65 66 67 68 69 71 72 73 74 75 76 77 78 79 80 81 82 83]
2025-06-27 20:55:56,433{GMT}	INFO	[jepsen worker 0] jepsen.util: 0	:invoke	:read	nil
2025-06-27 20:55:56,436{GMT}	INFO	[jepsen worker 0] jepsen.util: 0	:ok	:read	[0 1 2 4 5 6 7 8 9 10 11 12 14 15 17 19 21 23 24 26 27 28 29 30 31 32 33 34 35 36 38 39 40 41 43 44 45 47 48 49 51 52 53 54 55 56 58 59 60 61 62 63 64 65 66 67 68 69 71 72 73 74 75 76 77 78 79 80 81 82 83]
2025-06-27 20:55:56,439{GMT}	INFO	[jepsen worker 1] jepsen.util: 1	:invoke	:read	nil
2025-06-27 20:55:56,441{GMT}	INFO	[jepsen worker 1] jepsen.util: 1	:ok	:read	[0 1 2 4 5 6 7 8 9 10 11 12 14 15 17 19 21 23 24 26 27 28 29 30 31 32 33 34 35 36 38 39 40 41 43 44 45 47 48 49 51 52 53 54 55 56 58 59 60 61 62 63 64 65 66 67 68 69 71 72 73 74 75 76 77 78 79 80 81 82 83]
2025-06-27 20:55:56,605{GMT}	INFO	[jepsen worker 2] jepsen.util: 2	:invoke	:broadcast	84
2025-06-27 20:55:56,606{GMT}	INFO	[jepsen worker 2] jepsen.util: 2	:ok	:broadcast	84
2025-06-27 20:55:56,607{GMT}	INFO	[jepsen worker nemesis] jepsen.util: :nemesis	:info	:stop-partition	nil
2025-06-27 20:55:56,607{GMT}	INFO	[jepsen worker nemesis] jepsen.util: :nemesis	:info	:stop-partition	:network-healed
2025-06-27 20:55:56,611{GMT}	INFO	[jepsen worker 4] jepsen.generator.interpreter: Waiting for recovery...
2025-06-27 20:56:06,620{GMT}	INFO	[jepsen worker 1] jepsen.util: 1	:invoke	:read	nil
2025-06-27 20:56:06,620{GMT}	INFO	[jepsen worker 3] jepsen.util: 3	:invoke	:read	nil
2025-06-27 20:56:06,620{GMT}	INFO	[jepsen worker 2] jepsen.util: 2	:invoke	:read	nil
2025-06-27 20:56:06,620{GMT}	INFO	[jepsen worker 0] jepsen.util: 0	:invoke	:read	nil
2025-06-27 20:56:06,620{GMT}	INFO	[jepsen worker 4] jepsen.util: 4	:invoke	:read	nil
2025-06-27 20:56:06,621{GMT}	INFO	[jepsen worker 4] jepsen.util: 4	:ok	:read	[3 13 16 18 20 22 25 37 42 46 50 57 70 82 83 84]
2025-06-27 20:56:06,621{GMT}	INFO	[jepsen worker 3] jepsen.util: 3	:ok	:read	[0 1 2 4 5 6 7 8 9 10 11 12 14 15 17 19 21 23 24 26 27 28 29 30 31 32 33 34 35 36 38 39 40 41 43 44 45 47 48 49 51 52 53 54 55 56 58 59 60 61 62 63 64 65 66 67 68 69 71 72 73 74 75 76 77 78 79 80 81 82 83 84]
2025-06-27 20:56:06,621{GMT}	INFO	[jepsen worker 1] jepsen.util: 1	:ok	:read	[0 1 2 4 5 6 7 8 9 10 11 12 14 15 17 19 21 23 24 26 27 28 29 30 31 32 33 34 35 36 38 39 40 41 43 44 45 47 48 49 51 52 53 54 55 56 58 59 60 61 62 63 64 65 66 67 68 69 71 72 73 74 75 76 77 78 79 80 81 82 83 84]
2025-06-27 20:56:06,621{GMT}	INFO	[jepsen worker 0] jepsen.util: 0	:ok	:read	[0 1 2 4 5 6 7 8 9 10 11 12 14 15 17 19 21 23 24 26 27 28 29 30 31 32 33 34 35 36 38 39 40 41 43 44 45 47 48 49 51 52 53 54 55 56 58 59 60 61 62 63 64 65 66 67 68 69 71 72 73 74 75 76 77 78 79 80 81 82 83 84]
2025-06-27 20:56:06,621{GMT}	INFO	[jepsen worker 2] jepsen.util: 2	:ok	:read	[0 1 2 4 5 6 7 8 9 10 11 12 14 15 17 19 21 23 24 26 27 28 29 30 31 32 33 34 35 36 38 39 40 41 43 44 45 47 48 49 51 52 53 54 55 56 58 59 60 61 62 63 64 65 66 67 68 69 71 72 73 74 75 76 77 78 79 80 81 82 83 84]
2025-06-27 20:56:06,633{GMT}	INFO	[jepsen test runner] jepsen.core: Run complete, writing
2025-06-27 20:56:06,681{GMT}	INFO	[jepsen node n4] maelstrom.db: Tearing down n4
2025-06-27 20:56:06,681{GMT}	INFO	[jepsen node n0] maelstrom.db: Tearing down n0
2025-06-27 20:56:06,681{GMT}	INFO	[jepsen node n2] maelstrom.db: Tearing down n2
2025-06-27 20:56:06,681{GMT}	INFO	[jepsen node n1] maelstrom.db: Tearing down n1
2025-06-27 20:56:06,681{GMT}	INFO	[jepsen node n3] maelstrom.db: Tearing down n3
2025-06-27 20:56:08,458{GMT}	INFO	[jepsen node n0] maelstrom.net: Shutting down Maelstrom network
2025-06-27 20:56:08,462{GMT}	INFO	[jepsen test runner] jepsen.core: Analyzing...
2025-06-27 20:56:08,923{GMT}	INFO	[jepsen test runner] jepsen.core: Analysis complete
2025-06-27 20:56:08,948{GMT}	INFO	[jepsen results] jepsen.store: Wrote /Users/anandtrehan/flyio_challenges/maelstrom/store/broadcast/20250627T205535.061-0400/results.edn
2025-06-27 20:56:09,018{GMT}	INFO	[jepsen test runner] jepsen.core: {:perf {:latency-graph {:valid? true},
        :rate-graph {:valid? true},
        :valid? true},
 :timeline {:valid? true},
 :exceptions {:valid? true},
 :stats {:valid? true,
         :count 198,
         :ok-count 198,
         :fail-count 0,
         :info-count 0,
         :by-f {:broadcast {:valid? true,
                            :count 85,
                            :ok-count 85,
                            :fail-count 0,
                            :info-count 0},
                :read {:valid? true,
                       :count 113,
                       :ok-count 113,
                       :fail-count 0,
                       :info-count 0}}},
 :availability {:valid? true, :ok-fraction 1.0},
 :net {:all {:send-count 1468,
             :recv-count 1304,
             :msg-count 1468,
             :msgs-per-op 7.414141},
       :clients {:send-count 416, :recv-count 416, :msg-count 416},
       :servers {:send-count 1052,
                 :recv-count 888,
                 :msg-count 1052,
                 :msgs-per-op 5.3131313},
       :valid? true},
 :workload {:worst-stale ({:element 3,
                           :outcome :stable,
                           :stable-latency 28927,
                           :lost-latency nil,
                           :known #jepsen.history.Op{:index 21,
                                                     :time 1071796292,
                                                     :type :ok,
                                                     :process 4,
                                                     :f :add,
                                                     :value 3},
                           :last-absent #jepsen.history.Op{:index 395,
                                                           :time 29998839125,
                                                           :type :invoke,
                                                           :process 0,
                                                           :f :read,
                                                           :value nil,
                                                           :final? true}}
                          {:element 13,
                           :outcome :stable,
                           :stable-latency 26494,
                           :lost-latency nil,
                           :known #jepsen.history.Op{:index 69,
                                                     :time 3504252708,
                                                     :type :ok,
                                                     :process 4,
                                                     :f :add,
                                                     :value 13},
                           :last-absent #jepsen.history.Op{:index 395,
                                                           :time 29998839125,
                                                           :type :invoke,
                                                           :process 0,
                                                           :f :read,
                                                           :value nil,
                                                           :final? true}}
                          {:element 16,
                           :outcome :stable,
                           :stable-latency 25811,
                           :lost-latency nil,
                           :known #jepsen.history.Op{:index 81,
                                                     :time 4187446125,
                                                     :type :ok,
                                                     :process 4,
                                                     :f :add,
                                                     :value 16},
                           :last-absent #jepsen.history.Op{:index 395,
                                                           :time 29998839125,
                                                           :type :invoke,
                                                           :process 0,
                                                           :f :read,
                                                           :value nil,
                                                           :final? true}}
                          {:element 18,
                           :outcome :stable,
                           :stable-latency 24951,
                           :lost-latency nil,
                           :known #jepsen.history.Op{:index 93,
                                                     :time 5046950917,
                                                     :type :ok,
                                                     :process 4,
                                                     :f :add,
                                                     :value 18},
                           :last-absent #jepsen.history.Op{:index 395,
                                                           :time 29998839125,
                                                           :type :invoke,
                                                           :process 0,
                                                           :f :read,
                                                           :value nil,
                                                           :final? true}}
                          {:element 20,
                           :outcome :stable,
                           :stable-latency 24373,
                           :lost-latency nil,
                           :known #jepsen.history.Op{:index 105,
                                                     :time 5625644000,
                                                     :type :ok,
                                                     :process 4,
                                                     :f :add,
                                                     :value 20},
                           :last-absent #jepsen.history.Op{:index 395,
                                                           :time 29998839125,
                                                           :type :invoke,
                                                           :process 0,
                                                           :f :read,
                                                           :value nil,
                                                           :final? true}}
                          {:element 22,
                           :outcome :stable,
                           :stable-latency 23744,
                           :lost-latency nil,
                           :known #jepsen.history.Op{:index 117,
                                                     :time 6254124208,
                                                     :type :ok,
                                                     :process 4,
                                                     :f :add,
                                                     :value 22},
                           :last-absent #jepsen.history.Op{:index 395,
                                                           :time 29998839125,
                                                           :type :invoke,
                                                           :process 0,
                                                           :f :read,
                                                           :value nil,
                                                           :final? true}}
                          {:element 25,
                           :outcome :stable,
                           :stable-latency 22587,
                           :lost-latency nil,
                           :known #jepsen.history.Op{:index 141,
                                                     :time 7410965208,
                                                     :type :ok,
                                                     :process 4,
                                                     :f :add,
                                                     :value 25},
                           :last-absent #jepsen.history.Op{:index 395,
                                                           :time 29998839125,
                                                           :type :invoke,
                                                           :process 0,
                                                           :f :read,
                                                           :value nil,
                                                           :final? true}}
                          {:element 37,
                           :outcome :stable,
                           :stable-latency 18945,
                           :lost-latency nil,
                           :known #jepsen.history.Op{:index 213,
                                                     :time 11053465792,
                                                     :type :ok,
                                                     :process 4,
                                                     :f :add,
                                                     :value 37},
                           :last-absent #jepsen.history.Op{:index 395,
                                                           :time 29998839125,
                                                           :type :invoke,
                                                           :process 0,
                                                           :f :read,
                                                           :value nil,
                                                           :final? true}}),
            :duplicated-count 0,
            :valid? false,
            :lost-count 69,
            :lost (0
                   1
                   2
                   4
                   5
                   6
                   7
                   8
                   9
                   10
                   11
                   12
                   14
                   15
                   17
                   19
                   21
                   23
                   24
                   26
                   27
                   28
                   29
                   30
                   31
                   32
                   33
                   34
                   35
                   36
                   38
                   39
                   40
                   41
                   43
                   44
                   45
                   47
                   48
                   49
                   51
                   52
                   53
                   54
                   55
                   56
                   58
                   59
                   60
                   61
                   62
                   63
                   64
                   65
                   66
                   67
                   68
                   69
                   71
                   72
                   73
                   74
                   75
                   76
                   77
                   78
                   79
                   80
                   81),
            :stable-count 16,
            :stale-count 13,
            :stale (3 13 16 18 20 22 25 37 42 46 50 57 70),
            :never-read-count 0,
            :stable-latencies {0 0,
                               0.5 18945,
                               0.95 28927,
                               0.99 28927,
                               1 28927},
            :attempt-count 85,
            :lost-latencies {0 11115,
                             0.5 17867,
                             0.95 28463,
                             0.99 29754,
                             1 29754},
            :never-read (),
            :duplicated {}},
 :valid? false}


Analysis invalid! ( 
