2025/07/05 17:50:13 Received {c1 n2 {"type":"init","node_id":"n2","node_ids":["n0","n1","n2"],"msg_id":1}}
2025/07/05 17:50:13 Node n2 initialized
2025/07/05 17:50:13 Sent {"src":"n2","dest":"c1","body":{"in_reply_to":1,"type":"init_ok"}}
2025/07/05 17:50:13 Received {c7 n2 {"type":"read","msg_id":1}}
2025/07/05 17:50:13 Sent {"src":"n2","dest":"seq-kv","body":{"key":"n2","msg_id":1,"type":"read"}}
2025/07/05 17:50:13 Received {seq-kv n2 {"type":"error","code":20,"text":"key does not exist","in_reply_to":1}}
2025/07/05 17:50:13 Exception handling maelstrom.Message{Src:"c7", Dest:"n2", Body:json.RawMessage{0x7b, 0x22, 0x74, 0x79, 0x70, 0x65, 0x22, 0x3a, 0x22, 0x72, 0x65, 0x61, 0x64, 0x22, 0x2c, 0x22, 0x6d, 0x73, 0x67, 0x5f, 0x69, 0x64, 0x22, 0x3a, 0x31, 0x7d}}:
failed to write session: RPCError(KeyDoesNotExist, "key does not exist")
2025/07/05 17:50:13 Sent {"src":"n2","dest":"c7","body":{"code":13,"in_reply_to":1,"text":"failed to write session: RPCError(KeyDoesNotExist, \"key does not exist\")","type":"error"}}
2025/07/05 17:50:13 Received {c11 n2 {"delta":4,"type":"add","msg_id":1}}
2025/07/05 17:50:13 Sent {"src":"n2","dest":"seq-kv","body":{"key":"n2","msg_id":2,"type":"read"}}
2025/07/05 17:50:13 Received {seq-kv n2 {"type":"error","code":20,"text":"key does not exist","in_reply_to":2}}
2025/07/05 17:50:13 Exception handling maelstrom.Message{Src:"c11", Dest:"n2", Body:json.RawMessage{0x7b, 0x22, 0x64, 0x65, 0x6c, 0x74, 0x61, 0x22, 0x3a, 0x34, 0x2c, 0x22, 0x74, 0x79, 0x70, 0x65, 0x22, 0x3a, 0x22, 0x61, 0x64, 0x64, 0x22, 0x2c, 0x22, 0x6d, 0x73, 0x67, 0x5f, 0x69, 0x64, 0x22, 0x3a, 0x31, 0x7d}}:
failed to write session: RPCError(KeyDoesNotExist, "key does not exist")
2025/07/05 17:50:13 Sent {"src":"n2","dest":"c11","body":{"code":13,"in_reply_to":1,"text":"failed to write session: RPCError(KeyDoesNotExist, \"key does not exist\")","type":"error"}}
2025/07/05 17:50:13 Received {c15 n2 {"type":"read","msg_id":1}}
2025/07/05 17:50:13 Sent {"src":"n2","dest":"seq-kv","body":{"key":"n2","msg_id":3,"type":"read"}}
2025/07/05 17:50:13 Received {seq-kv n2 {"type":"error","code":20,"text":"key does not exist","in_reply_to":3}}
2025/07/05 17:50:13 Exception handling maelstrom.Message{Src:"c15", Dest:"n2", Body:json.RawMessage{0x7b, 0x22, 0x74, 0x79, 0x70, 0x65, 0x22, 0x3a, 0x22, 0x72, 0x65, 0x61, 0x64, 0x22, 0x2c, 0x22, 0x6d, 0x73, 0x67, 0x5f, 0x69, 0x64, 0x22, 0x3a, 0x31, 0x7d}}:
failed to write session: RPCError(KeyDoesNotExist, "key does not exist")
2025/07/05 17:50:13 Sent {"src":"n2","dest":"c15","body":{"code":13,"in_reply_to":1,"text":"failed to write session: RPCError(KeyDoesNotExist, \"key does not exist\")","type":"error"}}
2025/07/05 17:50:13 Received {c19 n2 {"type":"read","msg_id":1}}
2025/07/05 17:50:13 Sent {"src":"n2","dest":"seq-kv","body":{"key":"n2","msg_id":4,"type":"read"}}
2025/07/05 17:50:13 Received {seq-kv n2 {"type":"error","code":20,"text":"key does not exist","in_reply_to":4}}
2025/07/05 17:50:13 Exception handling maelstrom.Message{Src:"c19", Dest:"n2", Body:json.RawMessage{0x7b, 0x22, 0x74, 0x79, 0x70, 0x65, 0x22, 0x3a, 0x22, 0x72, 0x65, 0x61, 0x64, 0x22, 0x2c, 0x22, 0x6d, 0x73, 0x67, 0x5f, 0x69, 0x64, 0x22, 0x3a, 0x31, 0x7d}}:
failed to write session: RPCError(KeyDoesNotExist, "key does not exist")
2025/07/05 17:50:13 Sent {"src":"n2","dest":"c19","body":{"code":13,"in_reply_to":1,"text":"failed to write session: RPCError(KeyDoesNotExist, \"key does not exist\")","type":"error"}}
2025/07/05 17:50:13 Received {c23 n2 {"delta":4,"type":"add","msg_id":1}}
2025/07/05 17:50:13 Sent {"src":"n2","dest":"seq-kv","body":{"key":"n2","msg_id":5,"type":"read"}}
2025/07/05 17:50:13 Received {seq-kv n2 {"type":"error","code":20,"text":"key does not exist","in_reply_to":5}}
2025/07/05 17:50:13 Exception handling maelstrom.Message{Src:"c23", Dest:"n2", Body:json.RawMessage{0x7b, 0x22, 0x64, 0x65, 0x6c, 0x74, 0x61, 0x22, 0x3a, 0x34, 0x2c, 0x22, 0x74, 0x79, 0x70, 0x65, 0x22, 0x3a, 0x22, 0x61, 0x64, 0x64, 0x22, 0x2c, 0x22, 0x6d, 0x73, 0x67, 0x5f, 0x69, 0x64, 0x22, 0x3a, 0x31, 0x7d}}:
failed to write session: RPCError(KeyDoesNotExist, "key does not exist")
2025/07/05 17:50:13 Sent {"src":"n2","dest":"c23","body":{"code":13,"in_reply_to":1,"text":"failed to write session: RPCError(KeyDoesNotExist, \"key does not exist\")","type":"error"}}
2025/07/05 17:50:13 Received {c27 n2 {"delta":3,"type":"add","msg_id":1}}
2025/07/05 17:50:13 Sent {"src":"n2","dest":"seq-kv","body":{"key":"n2","msg_id":6,"type":"read"}}
2025/07/05 17:50:13 Received {seq-kv n2 {"type":"error","code":20,"text":"key does not exist","in_reply_to":6}}
2025/07/05 17:50:13 Exception handling maelstrom.Message{Src:"c27", Dest:"n2", Body:json.RawMessage{0x7b, 0x22, 0x64, 0x65, 0x6c, 0x74, 0x61, 0x22, 0x3a, 0x33, 0x2c, 0x22, 0x74, 0x79, 0x70, 0x65, 0x22, 0x3a, 0x22, 0x61, 0x64, 0x64, 0x22, 0x2c, 0x22, 0x6d, 0x73, 0x67, 0x5f, 0x69, 0x64, 0x22, 0x3a, 0x31, 0x7d}}:
failed to write session: RPCError(KeyDoesNotExist, "key does not exist")
2025/07/05 17:50:13 Sent {"src":"n2","dest":"c27","body":{"code":13,"in_reply_to":1,"text":"failed to write session: RPCError(KeyDoesNotExist, \"key does not exist\")","type":"error"}}
2025/07/05 17:50:13 Received {c31 n2 {"type":"read","msg_id":1}}
2025/07/05 17:50:13 Sent {"src":"n2","dest":"seq-kv","body":{"key":"n2","msg_id":7,"type":"read"}}
2025/07/05 17:50:13 Received {seq-kv n2 {"type":"error","code":20,"text":"key does not exist","in_reply_to":7}}
2025/07/05 17:50:13 Exception handling maelstrom.Message{Src:"c31", Dest:"n2", Body:json.RawMessage{0x7b, 0x22, 0x74, 0x79, 0x70, 0x65, 0x22, 0x3a, 0x22, 0x72, 0x65, 0x61, 0x64, 0x22, 0x2c, 0x22, 0x6d, 0x73, 0x67, 0x5f, 0x69, 0x64, 0x22, 0x3a, 0x31, 0x7d}}:
failed to write session: RPCError(KeyDoesNotExist, "key does not exist")
2025/07/05 17:50:13 Sent {"src":"n2","dest":"c31","body":{"code":13,"in_reply_to":1,"text":"failed to write session: RPCError(KeyDoesNotExist, \"key does not exist\")","type":"error"}}
2025/07/05 17:50:13 Received {c35 n2 {"type":"read","msg_id":1}}
2025/07/05 17:50:13 Sent {"src":"n2","dest":"seq-kv","body":{"key":"n2","msg_id":8,"type":"read"}}
2025/07/05 17:50:13 Received {seq-kv n2 {"type":"error","code":20,"text":"key does not exist","in_reply_to":8}}
2025/07/05 17:50:13 Exception handling maelstrom.Message{Src:"c35", Dest:"n2", Body:json.RawMessage{0x7b, 0x22, 0x74, 0x79, 0x70, 0x65, 0x22, 0x3a, 0x22, 0x72, 0x65, 0x61, 0x64, 0x22, 0x2c, 0x22, 0x6d, 0x73, 0x67, 0x5f, 0x69, 0x64, 0x22, 0x3a, 0x31, 0x7d}}:
failed to write session: RPCError(KeyDoesNotExist, "key does not exist")
2025/07/05 17:50:13 Sent {"src":"n2","dest":"c35","body":{"code":13,"in_reply_to":1,"text":"failed to write session: RPCError(KeyDoesNotExist, \"key does not exist\")","type":"error"}}
2025/07/05 17:50:13 Received {c39 n2 {"type":"read","msg_id":1}}
2025/07/05 17:50:13 Sent {"src":"n2","dest":"seq-kv","body":{"key":"n2","msg_id":9,"type":"read"}}
2025/07/05 17:50:13 Received {seq-kv n2 {"type":"error","code":20,"text":"key does not exist","in_reply_to":9}}
2025/07/05 17:50:13 Exception handling maelstrom.Message{Src:"c39", Dest:"n2", Body:json.RawMessage{0x7b, 0x22, 0x74, 0x79, 0x70, 0x65, 0x22, 0x3a, 0x22, 0x72, 0x65, 0x61, 0x64, 0x22, 0x2c, 0x22, 0x6d, 0x73, 0x67, 0x5f, 0x69, 0x64, 0x22, 0x3a, 0x31, 0x7d}}:
failed to write session: RPCError(KeyDoesNotExist, "key does not exist")
2025/07/05 17:50:13 Sent {"src":"n2","dest":"c39","body":{"code":13,"in_reply_to":1,"text":"failed to write session: RPCError(KeyDoesNotExist, \"key does not exist\")","type":"error"}}
2025/07/05 17:50:13 Received {c43 n2 {"type":"read","msg_id":1}}
2025/07/05 17:50:13 Sent {"src":"n2","dest":"seq-kv","body":{"key":"n2","msg_id":10,"type":"read"}}
2025/07/05 17:50:13 Received {seq-kv n2 {"type":"error","code":20,"text":"key does not exist","in_reply_to":10}}
2025/07/05 17:50:13 Exception handling maelstrom.Message{Src:"c43", Dest:"n2", Body:json.RawMessage{0x7b, 0x22, 0x74, 0x79, 0x70, 0x65, 0x22, 0x3a, 0x22, 0x72, 0x65, 0x61, 0x64, 0x22, 0x2c, 0x22, 0x6d, 0x73, 0x67, 0x5f, 0x69, 0x64, 0x22, 0x3a, 0x31, 0x7d}}:
failed to write session: RPCError(KeyDoesNotExist, "key does not exist")
2025/07/05 17:50:13 Sent {"src":"n2","dest":"c43","body":{"code":13,"in_reply_to":1,"text":"failed to write session: RPCError(KeyDoesNotExist, \"key does not exist\")","type":"error"}}
2025/07/05 17:50:13 Received {c47 n2 {"type":"read","msg_id":1}}
2025/07/05 17:50:13 Sent {"src":"n2","dest":"seq-kv","body":{"key":"n2","msg_id":11,"type":"read"}}
2025/07/05 17:50:13 Received {seq-kv n2 {"type":"error","code":20,"text":"key does not exist","in_reply_to":11}}
2025/07/05 17:50:13 Exception handling maelstrom.Message{Src:"c47", Dest:"n2", Body:json.RawMessage{0x7b, 0x22, 0x74, 0x79, 0x70, 0x65, 0x22, 0x3a, 0x22, 0x72, 0x65, 0x61, 0x64, 0x22, 0x2c, 0x22, 0x6d, 0x73, 0x67, 0x5f, 0x69, 0x64, 0x22, 0x3a, 0x31, 0x7d}}:
failed to write session: RPCError(KeyDoesNotExist, "key does not exist")
2025/07/05 17:50:13 Sent {"src":"n2","dest":"c47","body":{"code":13,"in_reply_to":1,"text":"failed to write session: RPCError(KeyDoesNotExist, \"key does not exist\")","type":"error"}}
2025/07/05 17:50:13 Received {c51 n2 {"type":"read","msg_id":1}}
2025/07/05 17:50:13 Sent {"src":"n2","dest":"seq-kv","body":{"key":"n2","msg_id":12,"type":"read"}}
2025/07/05 17:50:13 Received {seq-kv n2 {"type":"error","code":20,"text":"key does not exist","in_reply_to":12}}
2025/07/05 17:50:13 Exception handling maelstrom.Message{Src:"c51", Dest:"n2", Body:json.RawMessage{0x7b, 0x22, 0x74, 0x79, 0x70, 0x65, 0x22, 0x3a, 0x22, 0x72, 0x65, 0x61, 0x64, 0x22, 0x2c, 0x22, 0x6d, 0x73, 0x67, 0x5f, 0x69, 0x64, 0x22, 0x3a, 0x31, 0x7d}}:
failed to write session: RPCError(KeyDoesNotExist, "key does not exist")
2025/07/05 17:50:13 Sent {"src":"n2","dest":"c51","body":{"code":13,"in_reply_to":1,"text":"failed to write session: RPCError(KeyDoesNotExist, \"key does not exist\")","type":"error"}}
2025/07/05 17:50:13 Received {c55 n2 {"type":"read","msg_id":1}}
2025/07/05 17:50:13 Sent {"src":"n2","dest":"seq-kv","body":{"key":"n2","msg_id":13,"type":"read"}}
2025/07/05 17:50:13 Received {seq-kv n2 {"type":"error","code":20,"text":"key does not exist","in_reply_to":13}}
2025/07/05 17:50:13 Exception handling maelstrom.Message{Src:"c55", Dest:"n2", Body:json.RawMessage{0x7b, 0x22, 0x74, 0x79, 0x70, 0x65, 0x22, 0x3a, 0x22, 0x72, 0x65, 0x61, 0x64, 0x22, 0x2c, 0x22, 0x6d, 0x73, 0x67, 0x5f, 0x69, 0x64, 0x22, 0x3a, 0x31, 0x7d}}:
failed to write session: RPCError(KeyDoesNotExist, "key does not exist")
2025/07/05 17:50:13 Sent {"src":"n2","dest":"c55","body":{"code":13,"in_reply_to":1,"text":"failed to write session: RPCError(KeyDoesNotExist, \"key does not exist\")","type":"error"}}
2025/07/05 17:50:13 Received {c59 n2 {"type":"read","msg_id":1}}
2025/07/05 17:50:13 Sent {"src":"n2","dest":"seq-kv","body":{"key":"n2","msg_id":14,"type":"read"}}
2025/07/05 17:50:13 Received {seq-kv n2 {"type":"error","code":20,"text":"key does not exist","in_reply_to":14}}
2025/07/05 17:50:13 Exception handling maelstrom.Message{Src:"c59", Dest:"n2", Body:json.RawMessage{0x7b, 0x22, 0x74, 0x79, 0x70, 0x65, 0x22, 0x3a, 0x22, 0x72, 0x65, 0x61, 0x64, 0x22, 0x2c, 0x22, 0x6d, 0x73, 0x67, 0x5f, 0x69, 0x64, 0x22, 0x3a, 0x31, 0x7d}}:
failed to write session: RPCError(KeyDoesNotExist, "key does not exist")
2025/07/05 17:50:13 Sent {"src":"n2","dest":"c59","body":{"code":13,"in_reply_to":1,"text":"failed to write session: RPCError(KeyDoesNotExist, \"key does not exist\")","type":"error"}}
2025/07/05 17:50:13 Received {c63 n2 {"delta":0,"type":"add","msg_id":1}}
2025/07/05 17:50:13 Sent {"src":"n2","dest":"seq-kv","body":{"key":"n2","msg_id":15,"type":"read"}}
2025/07/05 17:50:13 Received {seq-kv n2 {"type":"error","code":20,"text":"key does not exist","in_reply_to":15}}
2025/07/05 17:50:13 Exception handling maelstrom.Message{Src:"c63", Dest:"n2", Body:json.RawMessage{0x7b, 0x22, 0x64, 0x65, 0x6c, 0x74, 0x61, 0x22, 0x3a, 0x30, 0x2c, 0x22, 0x74, 0x79, 0x70, 0x65, 0x22, 0x3a, 0x22, 0x61, 0x64, 0x64, 0x22, 0x2c, 0x22, 0x6d, 0x73, 0x67, 0x5f, 0x69, 0x64, 0x22, 0x3a, 0x31, 0x7d}}:
failed to write session: RPCError(KeyDoesNotExist, "key does not exist")
2025/07/05 17:50:13 Sent {"src":"n2","dest":"c63","body":{"code":13,"in_reply_to":1,"text":"failed to write session: RPCError(KeyDoesNotExist, \"key does not exist\")","type":"error"}}
2025/07/05 17:50:14 Received {c67 n2 {"type":"read","msg_id":1}}
2025/07/05 17:50:14 Sent {"src":"n2","dest":"seq-kv","body":{"key":"n2","msg_id":16,"type":"read"}}
2025/07/05 17:50:14 Received {seq-kv n2 {"type":"error","code":20,"text":"key does not exist","in_reply_to":16}}
2025/07/05 17:50:14 Exception handling maelstrom.Message{Src:"c67", Dest:"n2", Body:json.RawMessage{0x7b, 0x22, 0x74, 0x79, 0x70, 0x65, 0x22, 0x3a, 0x22, 0x72, 0x65, 0x61, 0x64, 0x22, 0x2c, 0x22, 0x6d, 0x73, 0x67, 0x5f, 0x69, 0x64, 0x22, 0x3a, 0x31, 0x7d}}:
failed to write session: RPCError(KeyDoesNotExist, "key does not exist")
2025/07/05 17:50:14 Sent {"src":"n2","dest":"c67","body":{"code":13,"in_reply_to":1,"text":"failed to write session: RPCError(KeyDoesNotExist, \"key does not exist\")","type":"error"}}
2025/07/05 17:50:14 Received {c71 n2 {"delta":3,"type":"add","msg_id":1}}
2025/07/05 17:50:14 Sent {"src":"n2","dest":"seq-kv","body":{"key":"n2","msg_id":17,"type":"read"}}
2025/07/05 17:50:14 Received {seq-kv n2 {"type":"error","code":20,"text":"key does not exist","in_reply_to":17}}
2025/07/05 17:50:14 Exception handling maelstrom.Message{Src:"c71", Dest:"n2", Body:json.RawMessage{0x7b, 0x22, 0x64, 0x65, 0x6c, 0x74, 0x61, 0x22, 0x3a, 0x33, 0x2c, 0x22, 0x74, 0x79, 0x70, 0x65, 0x22, 0x3a, 0x22, 0x61, 0x64, 0x64, 0x22, 0x2c, 0x22, 0x6d, 0x73, 0x67, 0x5f, 0x69, 0x64, 0x22, 0x3a, 0x31, 0x7d}}:
failed to write session: RPCError(KeyDoesNotExist, "key does not exist")
2025/07/05 17:50:14 Sent {"src":"n2","dest":"c71","body":{"code":13,"in_reply_to":1,"text":"failed to write session: RPCError(KeyDoesNotExist, \"key does not exist\")","type":"error"}}
2025/07/05 17:50:14 Received {c75 n2 {"type":"read","msg_id":1}}
2025/07/05 17:50:14 Sent {"src":"n2","dest":"seq-kv","body":{"key":"n2","msg_id":18,"type":"read"}}
2025/07/05 17:50:14 Received {seq-kv n2 {"type":"error","code":20,"text":"key does not exist","in_reply_to":18}}
2025/07/05 17:50:14 Exception handling maelstrom.Message{Src:"c75", Dest:"n2", Body:json.RawMessage{0x7b, 0x22, 0x74, 0x79, 0x70, 0x65, 0x22, 0x3a, 0x22, 0x72, 0x65, 0x61, 0x64, 0x22, 0x2c, 0x22, 0x6d, 0x73, 0x67, 0x5f, 0x69, 0x64, 0x22, 0x3a, 0x31, 0x7d}}:
failed to write session: RPCError(KeyDoesNotExist, "key does not exist")
2025/07/05 17:50:14 Sent {"src":"n2","dest":"c75","body":{"code":13,"in_reply_to":1,"text":"failed to write session: RPCError(KeyDoesNotExist, \"key does not exist\")","type":"error"}}
2025/07/05 17:50:14 Received {c79 n2 {"delta":0,"type":"add","msg_id":1}}
2025/07/05 17:50:14 Sent {"src":"n2","dest":"seq-kv","body":{"key":"n2","msg_id":19,"type":"read"}}
2025/07/05 17:50:14 Received {seq-kv n2 {"type":"error","code":20,"text":"key does not exist","in_reply_to":19}}
2025/07/05 17:50:14 Exception handling maelstrom.Message{Src:"c79", Dest:"n2", Body:json.RawMessage{0x7b, 0x22, 0x64, 0x65, 0x6c, 0x74, 0x61, 0x22, 0x3a, 0x30, 0x2c, 0x22, 0x74, 0x79, 0x70, 0x65, 0x22, 0x3a, 0x22, 0x61, 0x64, 0x64, 0x22, 0x2c, 0x22, 0x6d, 0x73, 0x67, 0x5f, 0x69, 0x64, 0x22, 0x3a, 0x31, 0x7d}}:
failed to write session: RPCError(KeyDoesNotExist, "key does not exist")
2025/07/05 17:50:14 Sent {"src":"n2","dest":"c79","body":{"code":13,"in_reply_to":1,"text":"failed to write session: RPCError(KeyDoesNotExist, \"key does not exist\")","type":"error"}}
2025/07/05 17:50:14 Received {c83 n2 {"type":"read","msg_id":1}}
2025/07/05 17:50:14 Sent {"src":"n2","dest":"seq-kv","body":{"key":"n2","msg_id":20,"type":"read"}}
2025/07/05 17:50:14 Received {seq-kv n2 {"type":"error","code":20,"text":"key does not exist","in_reply_to":20}}
2025/07/05 17:50:14 Exception handling maelstrom.Message{Src:"c83", Dest:"n2", Body:json.RawMessage{0x7b, 0x22, 0x74, 0x79, 0x70, 0x65, 0x22, 0x3a, 0x22, 0x72, 0x65, 0x61, 0x64, 0x22, 0x2c, 0x22, 0x6d, 0x73, 0x67, 0x5f, 0x69, 0x64, 0x22, 0x3a, 0x31, 0x7d}}:
failed to write session: RPCError(KeyDoesNotExist, "key does not exist")
2025/07/05 17:50:14 Sent {"src":"n2","dest":"c83","body":{"code":13,"in_reply_to":1,"text":"failed to write session: RPCError(KeyDoesNotExist, \"key does not exist\")","type":"error"}}
2025/07/05 17:50:14 Received {c87 n2 {"delta":1,"type":"add","msg_id":1}}
2025/07/05 17:50:14 Sent {"src":"n2","dest":"seq-kv","body":{"key":"n2","msg_id":21,"type":"read"}}
2025/07/05 17:50:14 Received {seq-kv n2 {"type":"error","code":20,"text":"key does not exist","in_reply_to":21}}
2025/07/05 17:50:14 Exception handling maelstrom.Message{Src:"c87", Dest:"n2", Body:json.RawMessage{0x7b, 0x22, 0x64, 0x65, 0x6c, 0x74, 0x61, 0x22, 0x3a, 0x31, 0x2c, 0x22, 0x74, 0x79, 0x70, 0x65, 0x22, 0x3a, 0x22, 0x61, 0x64, 0x64, 0x22, 0x2c, 0x22, 0x6d, 0x73, 0x67, 0x5f, 0x69, 0x64, 0x22, 0x3a, 0x31, 0x7d}}:
failed to write session: RPCError(KeyDoesNotExist, "key does not exist")
2025/07/05 17:50:14 Sent {"src":"n2","dest":"c87","body":{"code":13,"in_reply_to":1,"text":"failed to write session: RPCError(KeyDoesNotExist, \"key does not exist\")","type":"error"}}
2025/07/05 17:50:14 Received {c91 n2 {"type":"read","msg_id":1}}
2025/07/05 17:50:14 Sent {"src":"n2","dest":"seq-kv","body":{"key":"n2","msg_id":22,"type":"read"}}
2025/07/05 17:50:14 Received {seq-kv n2 {"type":"error","code":20,"text":"key does not exist","in_reply_to":22}}
2025/07/05 17:50:14 Exception handling maelstrom.Message{Src:"c91", Dest:"n2", Body:json.RawMessage{0x7b, 0x22, 0x74, 0x79, 0x70, 0x65, 0x22, 0x3a, 0x22, 0x72, 0x65, 0x61, 0x64, 0x22, 0x2c, 0x22, 0x6d, 0x73, 0x67, 0x5f, 0x69, 0x64, 0x22, 0x3a, 0x31, 0x7d}}:
failed to write session: RPCError(KeyDoesNotExist, "key does not exist")
2025/07/05 17:50:14 Sent {"src":"n2","dest":"c91","body":{"code":13,"in_reply_to":1,"text":"failed to write session: RPCError(KeyDoesNotExist, \"key does not exist\")","type":"error"}}
2025/07/05 17:50:14 Received {c95 n2 {"type":"read","msg_id":1}}
2025/07/05 17:50:14 Sent {"src":"n2","dest":"seq-kv","body":{"key":"n2","msg_id":23,"type":"read"}}
2025/07/05 17:50:14 Received {seq-kv n2 {"type":"error","code":20,"text":"key does not exist","in_reply_to":23}}
2025/07/05 17:50:14 Exception handling maelstrom.Message{Src:"c95", Dest:"n2", Body:json.RawMessage{0x7b, 0x22, 0x74, 0x79, 0x70, 0x65, 0x22, 0x3a, 0x22, 0x72, 0x65, 0x61, 0x64, 0x22, 0x2c, 0x22, 0x6d, 0x73, 0x67, 0x5f, 0x69, 0x64, 0x22, 0x3a, 0x31, 0x7d}}:
failed to write session: RPCError(KeyDoesNotExist, "key does not exist")
2025/07/05 17:50:14 Sent {"src":"n2","dest":"c95","body":{"code":13,"in_reply_to":1,"text":"failed to write session: RPCError(KeyDoesNotExist, \"key does not exist\")","type":"error"}}
2025/07/05 17:50:14 Received {c99 n2 {"type":"read","msg_id":1}}
2025/07/05 17:50:14 Sent {"src":"n2","dest":"seq-kv","body":{"key":"n2","msg_id":24,"type":"read"}}
2025/07/05 17:50:14 Received {seq-kv n2 {"type":"error","code":20,"text":"key does not exist","in_reply_to":24}}
2025/07/05 17:50:14 Exception handling maelstrom.Message{Src:"c99", Dest:"n2", Body:json.RawMessage{0x7b, 0x22, 0x74, 0x79, 0x70, 0x65, 0x22, 0x3a, 0x22, 0x72, 0x65, 0x61, 0x64, 0x22, 0x2c, 0x22, 0x6d, 0x73, 0x67, 0x5f, 0x69, 0x64, 0x22, 0x3a, 0x31, 0x7d}}:
failed to write session: RPCError(KeyDoesNotExist, "key does not exist")
2025/07/05 17:50:14 Sent {"src":"n2","dest":"c99","body":{"code":13,"in_reply_to":1,"text":"failed to write session: RPCError(KeyDoesNotExist, \"key does not exist\")","type":"error"}}
2025/07/05 17:50:14 Received {c103 n2 {"type":"read","msg_id":1}}
2025/07/05 17:50:14 Sent {"src":"n2","dest":"seq-kv","body":{"key":"n2","msg_id":25,"type":"read"}}
2025/07/05 17:50:14 Received {seq-kv n2 {"type":"error","code":20,"text":"key does not exist","in_reply_to":25}}
2025/07/05 17:50:14 Exception handling maelstrom.Message{Src:"c103", Dest:"n2", Body:json.RawMessage{0x7b, 0x22, 0x74, 0x79, 0x70, 0x65, 0x22, 0x3a, 0x22, 0x72, 0x65, 0x61, 0x64, 0x22, 0x2c, 0x22, 0x6d, 0x73, 0x67, 0x5f, 0x69, 0x64, 0x22, 0x3a, 0x31, 0x7d}}:
failed to write session: RPCError(KeyDoesNotExist, "key does not exist")
2025/07/05 17:50:14 Sent {"src":"n2","dest":"c103","body":{"code":13,"in_reply_to":1,"text":"failed to write session: RPCError(KeyDoesNotExist, \"key does not exist\")","type":"error"}}
2025/07/05 17:50:14 Received {c107 n2 {"type":"read","msg_id":1}}
2025/07/05 17:50:14 Sent {"src":"n2","dest":"seq-kv","body":{"key":"n2","msg_id":26,"type":"read"}}
2025/07/05 17:50:14 Received {seq-kv n2 {"type":"error","code":20,"text":"key does not exist","in_reply_to":26}}
2025/07/05 17:50:14 Exception handling maelstrom.Message{Src:"c107", Dest:"n2", Body:json.RawMessage{0x7b, 0x22, 0x74, 0x79, 0x70, 0x65, 0x22, 0x3a, 0x22, 0x72, 0x65, 0x61, 0x64, 0x22, 0x2c, 0x22, 0x6d, 0x73, 0x67, 0x5f, 0x69, 0x64, 0x22, 0x3a, 0x31, 0x7d}}:
failed to write session: RPCError(KeyDoesNotExist, "key does not exist")
2025/07/05 17:50:14 Sent {"src":"n2","dest":"c107","body":{"code":13,"in_reply_to":1,"text":"failed to write session: RPCError(KeyDoesNotExist, \"key does not exist\")","type":"error"}}
2025/07/05 17:50:14 Received {c111 n2 {"delta":2,"type":"add","msg_id":1}}
2025/07/05 17:50:14 Sent {"src":"n2","dest":"seq-kv","body":{"key":"n2","msg_id":27,"type":"read"}}
2025/07/05 17:50:14 Received {seq-kv n2 {"type":"error","code":20,"text":"key does not exist","in_reply_to":27}}
2025/07/05 17:50:14 Exception handling maelstrom.Message{Src:"c111", Dest:"n2", Body:json.RawMessage{0x7b, 0x22, 0x64, 0x65, 0x6c, 0x74, 0x61, 0x22, 0x3a, 0x32, 0x2c, 0x22, 0x74, 0x79, 0x70, 0x65, 0x22, 0x3a, 0x22, 0x61, 0x64, 0x64, 0x22, 0x2c, 0x22, 0x6d, 0x73, 0x67, 0x5f, 0x69, 0x64, 0x22, 0x3a, 0x31, 0x7d}}:
failed to write session: RPCError(KeyDoesNotExist, "key does not exist")
2025/07/05 17:50:14 Sent {"src":"n2","dest":"c111","body":{"code":13,"in_reply_to":1,"text":"failed to write session: RPCError(KeyDoesNotExist, \"key does not exist\")","type":"error"}}
2025/07/05 17:50:14 Received {c115 n2 {"type":"read","msg_id":1}}
2025/07/05 17:50:14 Sent {"src":"n2","dest":"seq-kv","body":{"key":"n2","msg_id":28,"type":"read"}}
2025/07/05 17:50:14 Received {seq-kv n2 {"type":"error","code":20,"text":"key does not exist","in_reply_to":28}}
2025/07/05 17:50:14 Exception handling maelstrom.Message{Src:"c115", Dest:"n2", Body:json.RawMessage{0x7b, 0x22, 0x74, 0x79, 0x70, 0x65, 0x22, 0x3a, 0x22, 0x72, 0x65, 0x61, 0x64, 0x22, 0x2c, 0x22, 0x6d, 0x73, 0x67, 0x5f, 0x69, 0x64, 0x22, 0x3a, 0x31, 0x7d}}:
failed to write session: RPCError(KeyDoesNotExist, "key does not exist")
2025/07/05 17:50:14 Sent {"src":"n2","dest":"c115","body":{"code":13,"in_reply_to":1,"text":"failed to write session: RPCError(KeyDoesNotExist, \"key does not exist\")","type":"error"}}
2025/07/05 17:50:14 Received {c119 n2 {"delta":0,"type":"add","msg_id":1}}
2025/07/05 17:50:14 Sent {"src":"n2","dest":"seq-kv","body":{"key":"n2","msg_id":29,"type":"read"}}
2025/07/05 17:50:14 Received {seq-kv n2 {"type":"error","code":20,"text":"key does not exist","in_reply_to":29}}
2025/07/05 17:50:14 Exception handling maelstrom.Message{Src:"c119", Dest:"n2", Body:json.RawMessage{0x7b, 0x22, 0x64, 0x65, 0x6c, 0x74, 0x61, 0x22, 0x3a, 0x30, 0x2c, 0x22, 0x74, 0x79, 0x70, 0x65, 0x22, 0x3a, 0x22, 0x61, 0x64, 0x64, 0x22, 0x2c, 0x22, 0x6d, 0x73, 0x67, 0x5f, 0x69, 0x64, 0x22, 0x3a, 0x31, 0x7d}}:
failed to write session: RPCError(KeyDoesNotExist, "key does not exist")
2025/07/05 17:50:14 Sent {"src":"n2","dest":"c119","body":{"code":13,"in_reply_to":1,"text":"failed to write session: RPCError(KeyDoesNotExist, \"key does not exist\")","type":"error"}}
2025/07/05 17:50:14 Received {c123 n2 {"type":"read","msg_id":1}}
2025/07/05 17:50:14 Sent {"src":"n2","dest":"seq-kv","body":{"key":"n2","msg_id":30,"type":"read"}}
2025/07/05 17:50:14 Received {seq-kv n2 {"type":"error","code":20,"text":"key does not exist","in_reply_to":30}}
2025/07/05 17:50:14 Exception handling maelstrom.Message{Src:"c123", Dest:"n2", Body:json.RawMessage{0x7b, 0x22, 0x74, 0x79, 0x70, 0x65, 0x22, 0x3a, 0x22, 0x72, 0x65, 0x61, 0x64, 0x22, 0x2c, 0x22, 0x6d, 0x73, 0x67, 0x5f, 0x69, 0x64, 0x22, 0x3a, 0x31, 0x7d}}:
failed to write session: RPCError(KeyDoesNotExist, "key does not exist")
2025/07/05 17:50:14 Sent {"src":"n2","dest":"c123","body":{"code":13,"in_reply_to":1,"text":"failed to write session: RPCError(KeyDoesNotExist, \"key does not exist\")","type":"error"}}
2025/07/05 17:50:14 Received {c127 n2 {"type":"read","msg_id":1}}
2025/07/05 17:50:14 Sent {"src":"n2","dest":"seq-kv","body":{"key":"n2","msg_id":31,"type":"read"}}
2025/07/05 17:50:14 Received {seq-kv n2 {"type":"error","code":20,"text":"key does not exist","in_reply_to":31}}
2025/07/05 17:50:14 Exception handling maelstrom.Message{Src:"c127", Dest:"n2", Body:json.RawMessage{0x7b, 0x22, 0x74, 0x79, 0x70, 0x65, 0x22, 0x3a, 0x22, 0x72, 0x65, 0x61, 0x64, 0x22, 0x2c, 0x22, 0x6d, 0x73, 0x67, 0x5f, 0x69, 0x64, 0x22, 0x3a, 0x31, 0x7d}}:
failed to write session: RPCError(KeyDoesNotExist, "key does not exist")
2025/07/05 17:50:14 Sent {"src":"n2","dest":"c127","body":{"code":13,"in_reply_to":1,"text":"failed to write session: RPCError(KeyDoesNotExist, \"key does not exist\")","type":"error"}}
2025/07/05 17:50:14 Received {c131 n2 {"type":"read","msg_id":1}}
2025/07/05 17:50:14 Sent {"src":"n2","dest":"seq-kv","body":{"key":"n2","msg_id":32,"type":"read"}}
2025/07/05 17:50:14 Received {seq-kv n2 {"type":"error","code":20,"text":"key does not exist","in_reply_to":32}}
2025/07/05 17:50:14 Exception handling maelstrom.Message{Src:"c131", Dest:"n2", Body:json.RawMessage{0x7b, 0x22, 0x74, 0x79, 0x70, 0x65, 0x22, 0x3a, 0x22, 0x72, 0x65, 0x61, 0x64, 0x22, 0x2c, 0x22, 0x6d, 0x73, 0x67, 0x5f, 0x69, 0x64, 0x22, 0x3a, 0x31, 0x7d}}:
failed to write session: RPCError(KeyDoesNotExist, "key does not exist")
2025/07/05 17:50:14 Sent {"src":"n2","dest":"c131","body":{"code":13,"in_reply_to":1,"text":"failed to write session: RPCError(KeyDoesNotExist, \"key does not exist\")","type":"error"}}
2025/07/05 17:50:14 Received {c135 n2 {"delta":0,"type":"add","msg_id":1}}
2025/07/05 17:50:14 Sent {"src":"n2","dest":"seq-kv","body":{"key":"n2","msg_id":33,"type":"read"}}
2025/07/05 17:50:14 Received {seq-kv n2 {"type":"error","code":20,"text":"key does not exist","in_reply_to":33}}
2025/07/05 17:50:14 Exception handling maelstrom.Message{Src:"c135", Dest:"n2", Body:json.RawMessage{0x7b, 0x22, 0x64, 0x65, 0x6c, 0x74, 0x61, 0x22, 0x3a, 0x30, 0x2c, 0x22, 0x74, 0x79, 0x70, 0x65, 0x22, 0x3a, 0x22, 0x61, 0x64, 0x64, 0x22, 0x2c, 0x22, 0x6d, 0x73, 0x67, 0x5f, 0x69, 0x64, 0x22, 0x3a, 0x31, 0x7d}}:
failed to write session: RPCError(KeyDoesNotExist, "key does not exist")
2025/07/05 17:50:14 Sent {"src":"n2","dest":"c135","body":{"code":13,"in_reply_to":1,"text":"failed to write session: RPCError(KeyDoesNotExist, \"key does not exist\")","type":"error"}}
2025/07/05 17:50:14 Received {c139 n2 {"delta":1,"type":"add","msg_id":1}}
2025/07/05 17:50:14 Sent {"src":"n2","dest":"seq-kv","body":{"key":"n2","msg_id":34,"type":"read"}}
2025/07/05 17:50:14 Received {seq-kv n2 {"type":"error","code":20,"text":"key does not exist","in_reply_to":34}}
2025/07/05 17:50:14 Exception handling maelstrom.Message{Src:"c139", Dest:"n2", Body:json.RawMessage{0x7b, 0x22, 0x64, 0x65, 0x6c, 0x74, 0x61, 0x22, 0x3a, 0x31, 0x2c, 0x22, 0x74, 0x79, 0x70, 0x65, 0x22, 0x3a, 0x22, 0x61, 0x64, 0x64, 0x22, 0x2c, 0x22, 0x6d, 0x73, 0x67, 0x5f, 0x69, 0x64, 0x22, 0x3a, 0x31, 0x7d}}:
failed to write session: RPCError(KeyDoesNotExist, "key does not exist")
2025/07/05 17:50:14 Sent {"src":"n2","dest":"c139","body":{"code":13,"in_reply_to":1,"text":"failed to write session: RPCError(KeyDoesNotExist, \"key does not exist\")","type":"error"}}
2025/07/05 17:50:14 Received {c143 n2 {"delta":3,"type":"add","msg_id":1}}
2025/07/05 17:50:14 Sent {"src":"n2","dest":"seq-kv","body":{"key":"n2","msg_id":35,"type":"read"}}
2025/07/05 17:50:14 Received {seq-kv n2 {"type":"error","code":20,"text":"key does not exist","in_reply_to":35}}
2025/07/05 17:50:14 Exception handling maelstrom.Message{Src:"c143", Dest:"n2", Body:json.RawMessage{0x7b, 0x22, 0x64, 0x65, 0x6c, 0x74, 0x61, 0x22, 0x3a, 0x33, 0x2c, 0x22, 0x74, 0x79, 0x70, 0x65, 0x22, 0x3a, 0x22, 0x61, 0x64, 0x64, 0x22, 0x2c, 0x22, 0x6d, 0x73, 0x67, 0x5f, 0x69, 0x64, 0x22, 0x3a, 0x31, 0x7d}}:
failed to write session: RPCError(KeyDoesNotExist, "key does not exist")
2025/07/05 17:50:14 Sent {"src":"n2","dest":"c143","body":{"code":13,"in_reply_to":1,"text":"failed to write session: RPCError(KeyDoesNotExist, \"key does not exist\")","type":"error"}}
2025/07/05 17:50:14 Received {c147 n2 {"type":"read","msg_id":1}}
2025/07/05 17:50:14 Sent {"src":"n2","dest":"seq-kv","body":{"key":"n2","msg_id":36,"type":"read"}}
2025/07/05 17:50:14 Received {seq-kv n2 {"type":"error","code":20,"text":"key does not exist","in_reply_to":36}}
2025/07/05 17:50:14 Exception handling maelstrom.Message{Src:"c147", Dest:"n2", Body:json.RawMessage{0x7b, 0x22, 0x74, 0x79, 0x70, 0x65, 0x22, 0x3a, 0x22, 0x72, 0x65, 0x61, 0x64, 0x22, 0x2c, 0x22, 0x6d, 0x73, 0x67, 0x5f, 0x69, 0x64, 0x22, 0x3a, 0x31, 0x7d}}:
failed to write session: RPCError(KeyDoesNotExist, "key does not exist")
2025/07/05 17:50:14 Sent {"src":"n2","dest":"c147","body":{"code":13,"in_reply_to":1,"text":"failed to write session: RPCError(KeyDoesNotExist, \"key does not exist\")","type":"error"}}
2025/07/05 17:50:14 Received {c151 n2 {"type":"read","msg_id":1}}
2025/07/05 17:50:14 Sent {"src":"n2","dest":"seq-kv","body":{"key":"n2","msg_id":37,"type":"read"}}
2025/07/05 17:50:14 Received {seq-kv n2 {"type":"error","code":20,"text":"key does not exist","in_reply_to":37}}
2025/07/05 17:50:14 Exception handling maelstrom.Message{Src:"c151", Dest:"n2", Body:json.RawMessage{0x7b, 0x22, 0x74, 0x79, 0x70, 0x65, 0x22, 0x3a, 0x22, 0x72, 0x65, 0x61, 0x64, 0x22, 0x2c, 0x22, 0x6d, 0x73, 0x67, 0x5f, 0x69, 0x64, 0x22, 0x3a, 0x31, 0x7d}}:
failed to write session: RPCError(KeyDoesNotExist, "key does not exist")
2025/07/05 17:50:14 Sent {"src":"n2","dest":"c151","body":{"code":13,"in_reply_to":1,"text":"failed to write session: RPCError(KeyDoesNotExist, \"key does not exist\")","type":"error"}}
2025/07/05 17:50:15 Received {c155 n2 {"type":"read","msg_id":1}}
2025/07/05 17:50:15 Sent {"src":"n2","dest":"seq-kv","body":{"key":"n2","msg_id":38,"type":"read"}}
2025/07/05 17:50:15 Received {seq-kv n2 {"type":"error","code":20,"text":"key does not exist","in_reply_to":38}}
2025/07/05 17:50:15 Exception handling maelstrom.Message{Src:"c155", Dest:"n2", Body:json.RawMessage{0x7b, 0x22, 0x74, 0x79, 0x70, 0x65, 0x22, 0x3a, 0x22, 0x72, 0x65, 0x61, 0x64, 0x22, 0x2c, 0x22, 0x6d, 0x73, 0x67, 0x5f, 0x69, 0x64, 0x22, 0x3a, 0x31, 0x7d}}:
failed to write session: RPCError(KeyDoesNotExist, "key does not exist")
2025/07/05 17:50:15 Sent {"src":"n2","dest":"c155","body":{"code":13,"in_reply_to":1,"text":"failed to write session: RPCError(KeyDoesNotExist, \"key does not exist\")","type":"error"}}
2025/07/05 17:50:15 Received {c159 n2 {"delta":1,"type":"add","msg_id":1}}
2025/07/05 17:50:15 Sent {"src":"n2","dest":"seq-kv","body":{"key":"n2","msg_id":39,"type":"read"}}
2025/07/05 17:50:15 Received {seq-kv n2 {"type":"error","code":20,"text":"key does not exist","in_reply_to":39}}
2025/07/05 17:50:15 Exception handling maelstrom.Message{Src:"c159", Dest:"n2", Body:json.RawMessage{0x7b, 0x22, 0x64, 0x65, 0x6c, 0x74, 0x61, 0x22, 0x3a, 0x31, 0x2c, 0x22, 0x74, 0x79, 0x70, 0x65, 0x22, 0x3a, 0x22, 0x61, 0x64, 0x64, 0x22, 0x2c, 0x22, 0x6d, 0x73, 0x67, 0x5f, 0x69, 0x64, 0x22, 0x3a, 0x31, 0x7d}}:
failed to write session: RPCError(KeyDoesNotExist, "key does not exist")
2025/07/05 17:50:15 Sent {"src":"n2","dest":"c159","body":{"code":13,"in_reply_to":1,"text":"failed to write session: RPCError(KeyDoesNotExist, \"key does not exist\")","type":"error"}}
2025/07/05 17:50:15 Received {c163 n2 {"type":"read","msg_id":1}}
2025/07/05 17:50:15 Sent {"src":"n2","dest":"seq-kv","body":{"key":"n2","msg_id":40,"type":"read"}}
2025/07/05 17:50:15 Received {seq-kv n2 {"type":"error","code":20,"text":"key does not exist","in_reply_to":40}}
2025/07/05 17:50:15 Exception handling maelstrom.Message{Src:"c163", Dest:"n2", Body:json.RawMessage{0x7b, 0x22, 0x74, 0x79, 0x70, 0x65, 0x22, 0x3a, 0x22, 0x72, 0x65, 0x61, 0x64, 0x22, 0x2c, 0x22, 0x6d, 0x73, 0x67, 0x5f, 0x69, 0x64, 0x22, 0x3a, 0x31, 0x7d}}:
failed to write session: RPCError(KeyDoesNotExist, "key does not exist")
2025/07/05 17:50:15 Sent {"src":"n2","dest":"c163","body":{"code":13,"in_reply_to":1,"text":"failed to write session: RPCError(KeyDoesNotExist, \"key does not exist\")","type":"error"}}
2025/07/05 17:50:15 Received {c167 n2 {"delta":2,"type":"add","msg_id":1}}
2025/07/05 17:50:15 Sent {"src":"n2","dest":"seq-kv","body":{"key":"n2","msg_id":41,"type":"read"}}
2025/07/05 17:50:15 Received {seq-kv n2 {"type":"error","code":20,"text":"key does not exist","in_reply_to":41}}
2025/07/05 17:50:15 Exception handling maelstrom.Message{Src:"c167", Dest:"n2", Body:json.RawMessage{0x7b, 0x22, 0x64, 0x65, 0x6c, 0x74, 0x61, 0x22, 0x3a, 0x32, 0x2c, 0x22, 0x74, 0x79, 0x70, 0x65, 0x22, 0x3a, 0x22, 0x61, 0x64, 0x64, 0x22, 0x2c, 0x22, 0x6d, 0x73, 0x67, 0x5f, 0x69, 0x64, 0x22, 0x3a, 0x31, 0x7d}}:
failed to write session: RPCError(KeyDoesNotExist, "key does not exist")
2025/07/05 17:50:15 Sent {"src":"n2","dest":"c167","body":{"code":13,"in_reply_to":1,"text":"failed to write session: RPCError(KeyDoesNotExist, \"key does not exist\")","type":"error"}}
2025/07/05 17:50:15 Received {c171 n2 {"type":"read","msg_id":1}}
2025/07/05 17:50:15 Sent {"src":"n2","dest":"seq-kv","body":{"key":"n2","msg_id":42,"type":"read"}}
2025/07/05 17:50:15 Received {seq-kv n2 {"type":"error","code":20,"text":"key does not exist","in_reply_to":42}}
2025/07/05 17:50:15 Exception handling maelstrom.Message{Src:"c171", Dest:"n2", Body:json.RawMessage{0x7b, 0x22, 0x74, 0x79, 0x70, 0x65, 0x22, 0x3a, 0x22, 0x72, 0x65, 0x61, 0x64, 0x22, 0x2c, 0x22, 0x6d, 0x73, 0x67, 0x5f, 0x69, 0x64, 0x22, 0x3a, 0x31, 0x7d}}:
failed to write session: RPCError(KeyDoesNotExist, "key does not exist")
2025/07/05 17:50:15 Sent {"src":"n2","dest":"c171","body":{"code":13,"in_reply_to":1,"text":"failed to write session: RPCError(KeyDoesNotExist, \"key does not exist\")","type":"error"}}
2025/07/05 17:50:15 Received {c175 n2 {"delta":3,"type":"add","msg_id":1}}
2025/07/05 17:50:15 Sent {"src":"n2","dest":"seq-kv","body":{"key":"n2","msg_id":43,"type":"read"}}
2025/07/05 17:50:15 Received {seq-kv n2 {"type":"error","code":20,"text":"key does not exist","in_reply_to":43}}
2025/07/05 17:50:15 Exception handling maelstrom.Message{Src:"c175", Dest:"n2", Body:json.RawMessage{0x7b, 0x22, 0x64, 0x65, 0x6c, 0x74, 0x61, 0x22, 0x3a, 0x33, 0x2c, 0x22, 0x74, 0x79, 0x70, 0x65, 0x22, 0x3a, 0x22, 0x61, 0x64, 0x64, 0x22, 0x2c, 0x22, 0x6d, 0x73, 0x67, 0x5f, 0x69, 0x64, 0x22, 0x3a, 0x31, 0x7d}}:
failed to write session: RPCError(KeyDoesNotExist, "key does not exist")
2025/07/05 17:50:15 Sent {"src":"n2","dest":"c175","body":{"code":13,"in_reply_to":1,"text":"failed to write session: RPCError(KeyDoesNotExist, \"key does not exist\")","type":"error"}}
2025/07/05 17:50:15 Received {c179 n2 {"type":"read","msg_id":1}}
2025/07/05 17:50:15 Sent {"src":"n2","dest":"seq-kv","body":{"key":"n2","msg_id":44,"type":"read"}}
2025/07/05 17:50:15 Received {seq-kv n2 {"type":"error","code":20,"text":"key does not exist","in_reply_to":44}}
2025/07/05 17:50:15 Exception handling maelstrom.Message{Src:"c179", Dest:"n2", Body:json.RawMessage{0x7b, 0x22, 0x74, 0x79, 0x70, 0x65, 0x22, 0x3a, 0x22, 0x72, 0x65, 0x61, 0x64, 0x22, 0x2c, 0x22, 0x6d, 0x73, 0x67, 0x5f, 0x69, 0x64, 0x22, 0x3a, 0x31, 0x7d}}:
failed to write session: RPCError(KeyDoesNotExist, "key does not exist")
2025/07/05 17:50:15 Sent {"src":"n2","dest":"c179","body":{"code":13,"in_reply_to":1,"text":"failed to write session: RPCError(KeyDoesNotExist, \"key does not exist\")","type":"error"}}
2025/07/05 17:50:15 Received {c183 n2 {"type":"read","msg_id":1}}
2025/07/05 17:50:15 Sent {"src":"n2","dest":"seq-kv","body":{"key":"n2","msg_id":45,"type":"read"}}
2025/07/05 17:50:15 Received {seq-kv n2 {"type":"error","code":20,"text":"key does not exist","in_reply_to":45}}
2025/07/05 17:50:15 Exception handling maelstrom.Message{Src:"c183", Dest:"n2", Body:json.RawMessage{0x7b, 0x22, 0x74, 0x79, 0x70, 0x65, 0x22, 0x3a, 0x22, 0x72, 0x65, 0x61, 0x64, 0x22, 0x2c, 0x22, 0x6d, 0x73, 0x67, 0x5f, 0x69, 0x64, 0x22, 0x3a, 0x31, 0x7d}}:
failed to write session: RPCError(KeyDoesNotExist, "key does not exist")
2025/07/05 17:50:15 Sent {"src":"n2","dest":"c183","body":{"code":13,"in_reply_to":1,"text":"failed to write session: RPCError(KeyDoesNotExist, \"key does not exist\")","type":"error"}}
2025/07/05 17:50:15 Received {c187 n2 {"type":"read","msg_id":1}}
2025/07/05 17:50:15 Sent {"src":"n2","dest":"seq-kv","body":{"key":"n2","msg_id":46,"type":"read"}}
2025/07/05 17:50:15 Received {seq-kv n2 {"type":"error","code":20,"text":"key does not exist","in_reply_to":46}}
2025/07/05 17:50:15 Exception handling maelstrom.Message{Src:"c187", Dest:"n2", Body:json.RawMessage{0x7b, 0x22, 0x74, 0x79, 0x70, 0x65, 0x22, 0x3a, 0x22, 0x72, 0x65, 0x61, 0x64, 0x22, 0x2c, 0x22, 0x6d, 0x73, 0x67, 0x5f, 0x69, 0x64, 0x22, 0x3a, 0x31, 0x7d}}:
failed to write session: RPCError(KeyDoesNotExist, "key does not exist")
2025/07/05 17:50:15 Sent {"src":"n2","dest":"c187","body":{"code":13,"in_reply_to":1,"text":"failed to write session: RPCError(KeyDoesNotExist, \"key does not exist\")","type":"error"}}
2025/07/05 17:50:15 Received {c191 n2 {"type":"read","msg_id":1}}
2025/07/05 17:50:15 Sent {"src":"n2","dest":"seq-kv","body":{"key":"n2","msg_id":47,"type":"read"}}
2025/07/05 17:50:15 Received {seq-kv n2 {"type":"error","code":20,"text":"key does not exist","in_reply_to":47}}
2025/07/05 17:50:15 Exception handling maelstrom.Message{Src:"c191", Dest:"n2", Body:json.RawMessage{0x7b, 0x22, 0x74, 0x79, 0x70, 0x65, 0x22, 0x3a, 0x22, 0x72, 0x65, 0x61, 0x64, 0x22, 0x2c, 0x22, 0x6d, 0x73, 0x67, 0x5f, 0x69, 0x64, 0x22, 0x3a, 0x31, 0x7d}}:
failed to write session: RPCError(KeyDoesNotExist, "key does not exist")
2025/07/05 17:50:15 Sent {"src":"n2","dest":"c191","body":{"code":13,"in_reply_to":1,"text":"failed to write session: RPCError(KeyDoesNotExist, \"key does not exist\")","type":"error"}}
2025/07/05 17:50:15 Received {c195 n2 {"type":"read","msg_id":1}}
2025/07/05 17:50:15 Sent {"src":"n2","dest":"seq-kv","body":{"key":"n2","msg_id":48,"type":"read"}}
2025/07/05 17:50:15 Received {seq-kv n2 {"type":"error","code":20,"text":"key does not exist","in_reply_to":48}}
2025/07/05 17:50:15 Exception handling maelstrom.Message{Src:"c195", Dest:"n2", Body:json.RawMessage{0x7b, 0x22, 0x74, 0x79, 0x70, 0x65, 0x22, 0x3a, 0x22, 0x72, 0x65, 0x61, 0x64, 0x22, 0x2c, 0x22, 0x6d, 0x73, 0x67, 0x5f, 0x69, 0x64, 0x22, 0x3a, 0x31, 0x7d}}:
failed to write session: RPCError(KeyDoesNotExist, "key does not exist")
2025/07/05 17:50:15 Sent {"src":"n2","dest":"c195","body":{"code":13,"in_reply_to":1,"text":"failed to write session: RPCError(KeyDoesNotExist, \"key does not exist\")","type":"error"}}
2025/07/05 17:50:15 Received {c199 n2 {"type":"read","msg_id":1}}
2025/07/05 17:50:15 Sent {"src":"n2","dest":"seq-kv","body":{"key":"n2","msg_id":49,"type":"read"}}
2025/07/05 17:50:15 Received {seq-kv n2 {"type":"error","code":20,"text":"key does not exist","in_reply_to":49}}
2025/07/05 17:50:15 Exception handling maelstrom.Message{Src:"c199", Dest:"n2", Body:json.RawMessage{0x7b, 0x22, 0x74, 0x79, 0x70, 0x65, 0x22, 0x3a, 0x22, 0x72, 0x65, 0x61, 0x64, 0x22, 0x2c, 0x22, 0x6d, 0x73, 0x67, 0x5f, 0x69, 0x64, 0x22, 0x3a, 0x31, 0x7d}}:
failed to write session: RPCError(KeyDoesNotExist, "key does not exist")
2025/07/05 17:50:15 Sent {"src":"n2","dest":"c199","body":{"code":13,"in_reply_to":1,"text":"failed to write session: RPCError(KeyDoesNotExist, \"key does not exist\")","type":"error"}}
2025/07/05 17:50:15 Received {c203 n2 {"type":"read","msg_id":1}}
2025/07/05 17:50:15 Sent {"src":"n2","dest":"seq-kv","body":{"key":"n2","msg_id":50,"type":"read"}}
2025/07/05 17:50:15 Received {seq-kv n2 {"type":"error","code":20,"text":"key does not exist","in_reply_to":50}}
2025/07/05 17:50:15 Exception handling maelstrom.Message{Src:"c203", Dest:"n2", Body:json.RawMessage{0x7b, 0x22, 0x74, 0x79, 0x70, 0x65, 0x22, 0x3a, 0x22, 0x72, 0x65, 0x61, 0x64, 0x22, 0x2c, 0x22, 0x6d, 0x73, 0x67, 0x5f, 0x69, 0x64, 0x22, 0x3a, 0x31, 0x7d}}:
failed to write session: RPCError(KeyDoesNotExist, "key does not exist")
2025/07/05 17:50:15 Sent {"src":"n2","dest":"c203","body":{"code":13,"in_reply_to":1,"text":"failed to write session: RPCError(KeyDoesNotExist, \"key does not exist\")","type":"error"}}
2025/07/05 17:50:15 Received {c207 n2 {"type":"read","msg_id":1}}
2025/07/05 17:50:15 Sent {"src":"n2","dest":"seq-kv","body":{"key":"n2","msg_id":51,"type":"read"}}
2025/07/05 17:50:15 Received {seq-kv n2 {"type":"error","code":20,"text":"key does not exist","in_reply_to":51}}
2025/07/05 17:50:15 Exception handling maelstrom.Message{Src:"c207", Dest:"n2", Body:json.RawMessage{0x7b, 0x22, 0x74, 0x79, 0x70, 0x65, 0x22, 0x3a, 0x22, 0x72, 0x65, 0x61, 0x64, 0x22, 0x2c, 0x22, 0x6d, 0x73, 0x67, 0x5f, 0x69, 0x64, 0x22, 0x3a, 0x31, 0x7d}}:
failed to write session: RPCError(KeyDoesNotExist, "key does not exist")
2025/07/05 17:50:15 Sent {"src":"n2","dest":"c207","body":{"code":13,"in_reply_to":1,"text":"failed to write session: RPCError(KeyDoesNotExist, \"key does not exist\")","type":"error"}}
2025/07/05 17:50:15 Received {c211 n2 {"type":"read","msg_id":1}}
2025/07/05 17:50:15 Sent {"src":"n2","dest":"seq-kv","body":{"key":"n2","msg_id":52,"type":"read"}}
2025/07/05 17:50:15 Received {seq-kv n2 {"type":"error","code":20,"text":"key does not exist","in_reply_to":52}}
2025/07/05 17:50:15 Exception handling maelstrom.Message{Src:"c211", Dest:"n2", Body:json.RawMessage{0x7b, 0x22, 0x74, 0x79, 0x70, 0x65, 0x22, 0x3a, 0x22, 0x72, 0x65, 0x61, 0x64, 0x22, 0x2c, 0x22, 0x6d, 0x73, 0x67, 0x5f, 0x69, 0x64, 0x22, 0x3a, 0x31, 0x7d}}:
failed to write session: RPCError(KeyDoesNotExist, "key does not exist")
2025/07/05 17:50:15 Sent {"src":"n2","dest":"c211","body":{"code":13,"in_reply_to":1,"text":"failed to write session: RPCError(KeyDoesNotExist, \"key does not exist\")","type":"error"}}
2025/07/05 17:50:15 Received {c215 n2 {"type":"read","msg_id":1}}
2025/07/05 17:50:15 Sent {"src":"n2","dest":"seq-kv","body":{"key":"n2","msg_id":53,"type":"read"}}
2025/07/05 17:50:15 Received {seq-kv n2 {"type":"error","code":20,"text":"key does not exist","in_reply_to":53}}
2025/07/05 17:50:15 Exception handling maelstrom.Message{Src:"c215", Dest:"n2", Body:json.RawMessage{0x7b, 0x22, 0x74, 0x79, 0x70, 0x65, 0x22, 0x3a, 0x22, 0x72, 0x65, 0x61, 0x64, 0x22, 0x2c, 0x22, 0x6d, 0x73, 0x67, 0x5f, 0x69, 0x64, 0x22, 0x3a, 0x31, 0x7d}}:
failed to write session: RPCError(KeyDoesNotExist, "key does not exist")
2025/07/05 17:50:15 Sent {"src":"n2","dest":"c215","body":{"code":13,"in_reply_to":1,"text":"failed to write session: RPCError(KeyDoesNotExist, \"key does not exist\")","type":"error"}}
2025/07/05 17:50:15 Received {c219 n2 {"type":"read","msg_id":1}}
2025/07/05 17:50:15 Sent {"src":"n2","dest":"seq-kv","body":{"key":"n2","msg_id":54,"type":"read"}}
2025/07/05 17:50:15 Received {seq-kv n2 {"type":"error","code":20,"text":"key does not exist","in_reply_to":54}}
2025/07/05 17:50:15 Exception handling maelstrom.Message{Src:"c219", Dest:"n2", Body:json.RawMessage{0x7b, 0x22, 0x74, 0x79, 0x70, 0x65, 0x22, 0x3a, 0x22, 0x72, 0x65, 0x61, 0x64, 0x22, 0x2c, 0x22, 0x6d, 0x73, 0x67, 0x5f, 0x69, 0x64, 0x22, 0x3a, 0x31, 0x7d}}:
failed to write session: RPCError(KeyDoesNotExist, "key does not exist")
2025/07/05 17:50:15 Sent {"src":"n2","dest":"c219","body":{"code":13,"in_reply_to":1,"text":"failed to write session: RPCError(KeyDoesNotExist, \"key does not exist\")","type":"error"}}
2025/07/05 17:50:15 Received {c223 n2 {"type":"read","msg_id":1}}
2025/07/05 17:50:15 Sent {"src":"n2","dest":"seq-kv","body":{"key":"n2","msg_id":55,"type":"read"}}
2025/07/05 17:50:15 Received {seq-kv n2 {"type":"error","code":20,"text":"key does not exist","in_reply_to":55}}
2025/07/05 17:50:15 Exception handling maelstrom.Message{Src:"c223", Dest:"n2", Body:json.RawMessage{0x7b, 0x22, 0x74, 0x79, 0x70, 0x65, 0x22, 0x3a, 0x22, 0x72, 0x65, 0x61, 0x64, 0x22, 0x2c, 0x22, 0x6d, 0x73, 0x67, 0x5f, 0x69, 0x64, 0x22, 0x3a, 0x31, 0x7d}}:
failed to write session: RPCError(KeyDoesNotExist, "key does not exist")
2025/07/05 17:50:15 Sent {"src":"n2","dest":"c223","body":{"code":13,"in_reply_to":1,"text":"failed to write session: RPCError(KeyDoesNotExist, \"key does not exist\")","type":"error"}}
2025/07/05 17:50:15 Received {c227 n2 {"type":"read","msg_id":1}}
2025/07/05 17:50:15 Sent {"src":"n2","dest":"seq-kv","body":{"key":"n2","msg_id":56,"type":"read"}}
2025/07/05 17:50:15 Received {seq-kv n2 {"type":"error","code":20,"text":"key does not exist","in_reply_to":56}}
2025/07/05 17:50:15 Exception handling maelstrom.Message{Src:"c227", Dest:"n2", Body:json.RawMessage{0x7b, 0x22, 0x74, 0x79, 0x70, 0x65, 0x22, 0x3a, 0x22, 0x72, 0x65, 0x61, 0x64, 0x22, 0x2c, 0x22, 0x6d, 0x73, 0x67, 0x5f, 0x69, 0x64, 0x22, 0x3a, 0x31, 0x7d}}:
failed to write session: RPCError(KeyDoesNotExist, "key does not exist")
2025/07/05 17:50:15 Sent {"src":"n2","dest":"c227","body":{"code":13,"in_reply_to":1,"text":"failed to write session: RPCError(KeyDoesNotExist, \"key does not exist\")","type":"error"}}
2025/07/05 17:50:15 Received {c231 n2 {"type":"read","msg_id":1}}
2025/07/05 17:50:15 Sent {"src":"n2","dest":"seq-kv","body":{"key":"n2","msg_id":57,"type":"read"}}
2025/07/05 17:50:15 Received {seq-kv n2 {"type":"error","code":20,"text":"key does not exist","in_reply_to":57}}
2025/07/05 17:50:15 Exception handling maelstrom.Message{Src:"c231", Dest:"n2", Body:json.RawMessage{0x7b, 0x22, 0x74, 0x79, 0x70, 0x65, 0x22, 0x3a, 0x22, 0x72, 0x65, 0x61, 0x64, 0x22, 0x2c, 0x22, 0x6d, 0x73, 0x67, 0x5f, 0x69, 0x64, 0x22, 0x3a, 0x31, 0x7d}}:
failed to write session: RPCError(KeyDoesNotExist, "key does not exist")
2025/07/05 17:50:15 Sent {"src":"n2","dest":"c231","body":{"code":13,"in_reply_to":1,"text":"failed to write session: RPCError(KeyDoesNotExist, \"key does not exist\")","type":"error"}}
2025/07/05 17:50:15 Received {c235 n2 {"type":"read","msg_id":1}}
2025/07/05 17:50:15 Sent {"src":"n2","dest":"seq-kv","body":{"key":"n2","msg_id":58,"type":"read"}}
2025/07/05 17:50:15 Received {seq-kv n2 {"type":"error","code":20,"text":"key does not exist","in_reply_to":58}}
2025/07/05 17:50:15 Exception handling maelstrom.Message{Src:"c235", Dest:"n2", Body:json.RawMessage{0x7b, 0x22, 0x74, 0x79, 0x70, 0x65, 0x22, 0x3a, 0x22, 0x72, 0x65, 0x61, 0x64, 0x22, 0x2c, 0x22, 0x6d, 0x73, 0x67, 0x5f, 0x69, 0x64, 0x22, 0x3a, 0x31, 0x7d}}:
failed to write session: RPCError(KeyDoesNotExist, "key does not exist")
2025/07/05 17:50:15 Sent {"src":"n2","dest":"c235","body":{"code":13,"in_reply_to":1,"text":"failed to write session: RPCError(KeyDoesNotExist, \"key does not exist\")","type":"error"}}
2025/07/05 17:50:15 Received {c239 n2 {"delta":2,"type":"add","msg_id":1}}
2025/07/05 17:50:15 Sent {"src":"n2","dest":"seq-kv","body":{"key":"n2","msg_id":59,"type":"read"}}
2025/07/05 17:50:15 Received {seq-kv n2 {"type":"error","code":20,"text":"key does not exist","in_reply_to":59}}
2025/07/05 17:50:15 Exception handling maelstrom.Message{Src:"c239", Dest:"n2", Body:json.RawMessage{0x7b, 0x22, 0x64, 0x65, 0x6c, 0x74, 0x61, 0x22, 0x3a, 0x32, 0x2c, 0x22, 0x74, 0x79, 0x70, 0x65, 0x22, 0x3a, 0x22, 0x61, 0x64, 0x64, 0x22, 0x2c, 0x22, 0x6d, 0x73, 0x67, 0x5f, 0x69, 0x64, 0x22, 0x3a, 0x31, 0x7d}}:
failed to write session: RPCError(KeyDoesNotExist, "key does not exist")
2025/07/05 17:50:15 Sent {"src":"n2","dest":"c239","body":{"code":13,"in_reply_to":1,"text":"failed to write session: RPCError(KeyDoesNotExist, \"key does not exist\")","type":"error"}}
2025/07/05 17:50:16 Received {c243 n2 {"delta":0,"type":"add","msg_id":1}}
2025/07/05 17:50:16 Sent {"src":"n2","dest":"seq-kv","body":{"key":"n2","msg_id":60,"type":"read"}}
2025/07/05 17:50:16 Received {seq-kv n2 {"type":"error","code":20,"text":"key does not exist","in_reply_to":60}}
2025/07/05 17:50:16 Exception handling maelstrom.Message{Src:"c243", Dest:"n2", Body:json.RawMessage{0x7b, 0x22, 0x64, 0x65, 0x6c, 0x74, 0x61, 0x22, 0x3a, 0x30, 0x2c, 0x22, 0x74, 0x79, 0x70, 0x65, 0x22, 0x3a, 0x22, 0x61, 0x64, 0x64, 0x22, 0x2c, 0x22, 0x6d, 0x73, 0x67, 0x5f, 0x69, 0x64, 0x22, 0x3a, 0x31, 0x7d}}:
failed to write session: RPCError(KeyDoesNotExist, "key does not exist")
2025/07/05 17:50:16 Sent {"src":"n2","dest":"c243","body":{"code":13,"in_reply_to":1,"text":"failed to write session: RPCError(KeyDoesNotExist, \"key does not exist\")","type":"error"}}
2025/07/05 17:50:16 Received {c247 n2 {"delta":2,"type":"add","msg_id":1}}
2025/07/05 17:50:16 Sent {"src":"n2","dest":"seq-kv","body":{"key":"n2","msg_id":61,"type":"read"}}
2025/07/05 17:50:16 Received {seq-kv n2 {"type":"error","code":20,"text":"key does not exist","in_reply_to":61}}
2025/07/05 17:50:16 Exception handling maelstrom.Message{Src:"c247", Dest:"n2", Body:json.RawMessage{0x7b, 0x22, 0x64, 0x65, 0x6c, 0x74, 0x61, 0x22, 0x3a, 0x32, 0x2c, 0x22, 0x74, 0x79, 0x70, 0x65, 0x22, 0x3a, 0x22, 0x61, 0x64, 0x64, 0x22, 0x2c, 0x22, 0x6d, 0x73, 0x67, 0x5f, 0x69, 0x64, 0x22, 0x3a, 0x31, 0x7d}}:
failed to write session: RPCError(KeyDoesNotExist, "key does not exist")
2025/07/05 17:50:16 Sent {"src":"n2","dest":"c247","body":{"code":13,"in_reply_to":1,"text":"failed to write session: RPCError(KeyDoesNotExist, \"key does not exist\")","type":"error"}}
2025/07/05 17:50:16 Received {c251 n2 {"type":"read","msg_id":1}}
2025/07/05 17:50:16 Sent {"src":"n2","dest":"seq-kv","body":{"key":"n2","msg_id":62,"type":"read"}}
2025/07/05 17:50:16 Received {seq-kv n2 {"type":"error","code":20,"text":"key does not exist","in_reply_to":62}}
2025/07/05 17:50:16 Exception handling maelstrom.Message{Src:"c251", Dest:"n2", Body:json.RawMessage{0x7b, 0x22, 0x74, 0x79, 0x70, 0x65, 0x22, 0x3a, 0x22, 0x72, 0x65, 0x61, 0x64, 0x22, 0x2c, 0x22, 0x6d, 0x73, 0x67, 0x5f, 0x69, 0x64, 0x22, 0x3a, 0x31, 0x7d}}:
failed to write session: RPCError(KeyDoesNotExist, "key does not exist")
2025/07/05 17:50:16 Sent {"src":"n2","dest":"c251","body":{"code":13,"in_reply_to":1,"text":"failed to write session: RPCError(KeyDoesNotExist, \"key does not exist\")","type":"error"}}
2025/07/05 17:50:16 Received {c255 n2 {"delta":0,"type":"add","msg_id":1}}
2025/07/05 17:50:16 Sent {"src":"n2","dest":"seq-kv","body":{"key":"n2","msg_id":63,"type":"read"}}
2025/07/05 17:50:16 Received {seq-kv n2 {"type":"error","code":20,"text":"key does not exist","in_reply_to":63}}
2025/07/05 17:50:16 Exception handling maelstrom.Message{Src:"c255", Dest:"n2", Body:json.RawMessage{0x7b, 0x22, 0x64, 0x65, 0x6c, 0x74, 0x61, 0x22, 0x3a, 0x30, 0x2c, 0x22, 0x74, 0x79, 0x70, 0x65, 0x22, 0x3a, 0x22, 0x61, 0x64, 0x64, 0x22, 0x2c, 0x22, 0x6d, 0x73, 0x67, 0x5f, 0x69, 0x64, 0x22, 0x3a, 0x31, 0x7d}}:
failed to write session: RPCError(KeyDoesNotExist, "key does not exist")
2025/07/05 17:50:16 Sent {"src":"n2","dest":"c255","body":{"code":13,"in_reply_to":1,"text":"failed to write session: RPCError(KeyDoesNotExist, \"key does not exist\")","type":"error"}}
2025/07/05 17:50:16 Received {c259 n2 {"delta":3,"type":"add","msg_id":1}}
2025/07/05 17:50:16 Sent {"src":"n2","dest":"seq-kv","body":{"key":"n2","msg_id":64,"type":"read"}}
2025/07/05 17:50:16 Received {seq-kv n2 {"type":"error","code":20,"text":"key does not exist","in_reply_to":64}}
2025/07/05 17:50:16 Exception handling maelstrom.Message{Src:"c259", Dest:"n2", Body:json.RawMessage{0x7b, 0x22, 0x64, 0x65, 0x6c, 0x74, 0x61, 0x22, 0x3a, 0x33, 0x2c, 0x22, 0x74, 0x79, 0x70, 0x65, 0x22, 0x3a, 0x22, 0x61, 0x64, 0x64, 0x22, 0x2c, 0x22, 0x6d, 0x73, 0x67, 0x5f, 0x69, 0x64, 0x22, 0x3a, 0x31, 0x7d}}:
failed to write session: RPCError(KeyDoesNotExist, "key does not exist")
2025/07/05 17:50:16 Sent {"src":"n2","dest":"c259","body":{"code":13,"in_reply_to":1,"text":"failed to write session: RPCError(KeyDoesNotExist, \"key does not exist\")","type":"error"}}
2025/07/05 17:50:16 Received {c263 n2 {"delta":0,"type":"add","msg_id":1}}
2025/07/05 17:50:16 Sent {"src":"n2","dest":"seq-kv","body":{"key":"n2","msg_id":65,"type":"read"}}
2025/07/05 17:50:16 Received {seq-kv n2 {"type":"error","code":20,"text":"key does not exist","in_reply_to":65}}
2025/07/05 17:50:16 Exception handling maelstrom.Message{Src:"c263", Dest:"n2", Body:json.RawMessage{0x7b, 0x22, 0x64, 0x65, 0x6c, 0x74, 0x61, 0x22, 0x3a, 0x30, 0x2c, 0x22, 0x74, 0x79, 0x70, 0x65, 0x22, 0x3a, 0x22, 0x61, 0x64, 0x64, 0x22, 0x2c, 0x22, 0x6d, 0x73, 0x67, 0x5f, 0x69, 0x64, 0x22, 0x3a, 0x31, 0x7d}}:
failed to write session: RPCError(KeyDoesNotExist, "key does not exist")
2025/07/05 17:50:16 Sent {"src":"n2","dest":"c263","body":{"code":13,"in_reply_to":1,"text":"failed to write session: RPCError(KeyDoesNotExist, \"key does not exist\")","type":"error"}}
2025/07/05 17:50:16 Received {c267 n2 {"delta":1,"type":"add","msg_id":1}}
2025/07/05 17:50:16 Sent {"src":"n2","dest":"seq-kv","body":{"key":"n2","msg_id":66,"type":"read"}}
2025/07/05 17:50:16 Received {seq-kv n2 {"type":"error","code":20,"text":"key does not exist","in_reply_to":66}}
2025/07/05 17:50:16 Exception handling maelstrom.Message{Src:"c267", Dest:"n2", Body:json.RawMessage{0x7b, 0x22, 0x64, 0x65, 0x6c, 0x74, 0x61, 0x22, 0x3a, 0x31, 0x2c, 0x22, 0x74, 0x79, 0x70, 0x65, 0x22, 0x3a, 0x22, 0x61, 0x64, 0x64, 0x22, 0x2c, 0x22, 0x6d, 0x73, 0x67, 0x5f, 0x69, 0x64, 0x22, 0x3a, 0x31, 0x7d}}:
failed to write session: RPCError(KeyDoesNotExist, "key does not exist")
2025/07/05 17:50:16 Sent {"src":"n2","dest":"c267","body":{"code":13,"in_reply_to":1,"text":"failed to write session: RPCError(KeyDoesNotExist, \"key does not exist\")","type":"error"}}
2025/07/05 17:50:16 Received {c271 n2 {"delta":0,"type":"add","msg_id":1}}
2025/07/05 17:50:16 Sent {"src":"n2","dest":"seq-kv","body":{"key":"n2","msg_id":67,"type":"read"}}
2025/07/05 17:50:16 Received {seq-kv n2 {"type":"error","code":20,"text":"key does not exist","in_reply_to":67}}
2025/07/05 17:50:16 Exception handling maelstrom.Message{Src:"c271", Dest:"n2", Body:json.RawMessage{0x7b, 0x22, 0x64, 0x65, 0x6c, 0x74, 0x61, 0x22, 0x3a, 0x30, 0x2c, 0x22, 0x74, 0x79, 0x70, 0x65, 0x22, 0x3a, 0x22, 0x61, 0x64, 0x64, 0x22, 0x2c, 0x22, 0x6d, 0x73, 0x67, 0x5f, 0x69, 0x64, 0x22, 0x3a, 0x31, 0x7d}}:
failed to write session: RPCError(KeyDoesNotExist, "key does not exist")
2025/07/05 17:50:16 Sent {"src":"n2","dest":"c271","body":{"code":13,"in_reply_to":1,"text":"failed to write session: RPCError(KeyDoesNotExist, \"key does not exist\")","type":"error"}}
2025/07/05 17:50:16 Received {c275 n2 {"type":"read","msg_id":1}}
2025/07/05 17:50:16 Sent {"src":"n2","dest":"seq-kv","body":{"key":"n2","msg_id":68,"type":"read"}}
2025/07/05 17:50:16 Received {seq-kv n2 {"type":"error","code":20,"text":"key does not exist","in_reply_to":68}}
2025/07/05 17:50:16 Exception handling maelstrom.Message{Src:"c275", Dest:"n2", Body:json.RawMessage{0x7b, 0x22, 0x74, 0x79, 0x70, 0x65, 0x22, 0x3a, 0x22, 0x72, 0x65, 0x61, 0x64, 0x22, 0x2c, 0x22, 0x6d, 0x73, 0x67, 0x5f, 0x69, 0x64, 0x22, 0x3a, 0x31, 0x7d}}:
failed to write session: RPCError(KeyDoesNotExist, "key does not exist")
2025/07/05 17:50:16 Sent {"src":"n2","dest":"c275","body":{"code":13,"in_reply_to":1,"text":"failed to write session: RPCError(KeyDoesNotExist, \"key does not exist\")","type":"error"}}
2025/07/05 17:50:16 Received {c279 n2 {"type":"read","msg_id":1}}
2025/07/05 17:50:16 Sent {"src":"n2","dest":"seq-kv","body":{"key":"n2","msg_id":69,"type":"read"}}
2025/07/05 17:50:16 Received {seq-kv n2 {"type":"error","code":20,"text":"key does not exist","in_reply_to":69}}
2025/07/05 17:50:16 Exception handling maelstrom.Message{Src:"c279", Dest:"n2", Body:json.RawMessage{0x7b, 0x22, 0x74, 0x79, 0x70, 0x65, 0x22, 0x3a, 0x22, 0x72, 0x65, 0x61, 0x64, 0x22, 0x2c, 0x22, 0x6d, 0x73, 0x67, 0x5f, 0x69, 0x64, 0x22, 0x3a, 0x31, 0x7d}}:
failed to write session: RPCError(KeyDoesNotExist, "key does not exist")
2025/07/05 17:50:16 Sent {"src":"n2","dest":"c279","body":{"code":13,"in_reply_to":1,"text":"failed to write session: RPCError(KeyDoesNotExist, \"key does not exist\")","type":"error"}}
2025/07/05 17:50:16 Received {c283 n2 {"delta":0,"type":"add","msg_id":1}}
2025/07/05 17:50:16 Sent {"src":"n2","dest":"seq-kv","body":{"key":"n2","msg_id":70,"type":"read"}}
2025/07/05 17:50:16 Received {seq-kv n2 {"type":"error","code":20,"text":"key does not exist","in_reply_to":70}}
2025/07/05 17:50:16 Exception handling maelstrom.Message{Src:"c283", Dest:"n2", Body:json.RawMessage{0x7b, 0x22, 0x64, 0x65, 0x6c, 0x74, 0x61, 0x22, 0x3a, 0x30, 0x2c, 0x22, 0x74, 0x79, 0x70, 0x65, 0x22, 0x3a, 0x22, 0x61, 0x64, 0x64, 0x22, 0x2c, 0x22, 0x6d, 0x73, 0x67, 0x5f, 0x69, 0x64, 0x22, 0x3a, 0x31, 0x7d}}:
failed to write session: RPCError(KeyDoesNotExist, "key does not exist")
2025/07/05 17:50:16 Sent {"src":"n2","dest":"c283","body":{"code":13,"in_reply_to":1,"text":"failed to write session: RPCError(KeyDoesNotExist, \"key does not exist\")","type":"error"}}
2025/07/05 17:50:16 Received {c287 n2 {"type":"read","msg_id":1}}
2025/07/05 17:50:16 Sent {"src":"n2","dest":"seq-kv","body":{"key":"n2","msg_id":71,"type":"read"}}
2025/07/05 17:50:16 Received {seq-kv n2 {"type":"error","code":20,"text":"key does not exist","in_reply_to":71}}
2025/07/05 17:50:16 Exception handling maelstrom.Message{Src:"c287", Dest:"n2", Body:json.RawMessage{0x7b, 0x22, 0x74, 0x79, 0x70, 0x65, 0x22, 0x3a, 0x22, 0x72, 0x65, 0x61, 0x64, 0x22, 0x2c, 0x22, 0x6d, 0x73, 0x67, 0x5f, 0x69, 0x64, 0x22, 0x3a, 0x31, 0x7d}}:
failed to write session: RPCError(KeyDoesNotExist, "key does not exist")
2025/07/05 17:50:16 Sent {"src":"n2","dest":"c287","body":{"code":13,"in_reply_to":1,"text":"failed to write session: RPCError(KeyDoesNotExist, \"key does not exist\")","type":"error"}}
2025/07/05 17:50:16 Received {c291 n2 {"type":"read","msg_id":1}}
2025/07/05 17:50:16 Sent {"src":"n2","dest":"seq-kv","body":{"key":"n2","msg_id":72,"type":"read"}}
2025/07/05 17:50:16 Received {seq-kv n2 {"type":"error","code":20,"text":"key does not exist","in_reply_to":72}}
2025/07/05 17:50:16 Exception handling maelstrom.Message{Src:"c291", Dest:"n2", Body:json.RawMessage{0x7b, 0x22, 0x74, 0x79, 0x70, 0x65, 0x22, 0x3a, 0x22, 0x72, 0x65, 0x61, 0x64, 0x22, 0x2c, 0x22, 0x6d, 0x73, 0x67, 0x5f, 0x69, 0x64, 0x22, 0x3a, 0x31, 0x7d}}:
failed to write session: RPCError(KeyDoesNotExist, "key does not exist")
2025/07/05 17:50:16 Sent {"src":"n2","dest":"c291","body":{"code":13,"in_reply_to":1,"text":"failed to write session: RPCError(KeyDoesNotExist, \"key does not exist\")","type":"error"}}
2025/07/05 17:50:16 Received {c295 n2 {"type":"read","msg_id":1}}
2025/07/05 17:50:16 Sent {"src":"n2","dest":"seq-kv","body":{"key":"n2","msg_id":73,"type":"read"}}
2025/07/05 17:50:16 Received {seq-kv n2 {"type":"error","code":20,"text":"key does not exist","in_reply_to":73}}
2025/07/05 17:50:16 Exception handling maelstrom.Message{Src:"c295", Dest:"n2", Body:json.RawMessage{0x7b, 0x22, 0x74, 0x79, 0x70, 0x65, 0x22, 0x3a, 0x22, 0x72, 0x65, 0x61, 0x64, 0x22, 0x2c, 0x22, 0x6d, 0x73, 0x67, 0x5f, 0x69, 0x64, 0x22, 0x3a, 0x31, 0x7d}}:
failed to write session: RPCError(KeyDoesNotExist, "key does not exist")
2025/07/05 17:50:16 Sent {"src":"n2","dest":"c295","body":{"code":13,"in_reply_to":1,"text":"failed to write session: RPCError(KeyDoesNotExist, \"key does not exist\")","type":"error"}}
2025/07/05 17:50:16 Received {c299 n2 {"delta":0,"type":"add","msg_id":1}}
2025/07/05 17:50:16 Sent {"src":"n2","dest":"seq-kv","body":{"key":"n2","msg_id":74,"type":"read"}}
2025/07/05 17:50:16 Received {seq-kv n2 {"type":"error","code":20,"text":"key does not exist","in_reply_to":74}}
2025/07/05 17:50:16 Exception handling maelstrom.Message{Src:"c299", Dest:"n2", Body:json.RawMessage{0x7b, 0x22, 0x64, 0x65, 0x6c, 0x74, 0x61, 0x22, 0x3a, 0x30, 0x2c, 0x22, 0x74, 0x79, 0x70, 0x65, 0x22, 0x3a, 0x22, 0x61, 0x64, 0x64, 0x22, 0x2c, 0x22, 0x6d, 0x73, 0x67, 0x5f, 0x69, 0x64, 0x22, 0x3a, 0x31, 0x7d}}:
failed to write session: RPCError(KeyDoesNotExist, "key does not exist")
2025/07/05 17:50:16 Sent {"src":"n2","dest":"c299","body":{"code":13,"in_reply_to":1,"text":"failed to write session: RPCError(KeyDoesNotExist, \"key does not exist\")","type":"error"}}
2025/07/05 17:50:16 Received {c303 n2 {"delta":2,"type":"add","msg_id":1}}
2025/07/05 17:50:16 Sent {"src":"n2","dest":"seq-kv","body":{"key":"n2","msg_id":75,"type":"read"}}
2025/07/05 17:50:16 Received {seq-kv n2 {"type":"error","code":20,"text":"key does not exist","in_reply_to":75}}
2025/07/05 17:50:16 Exception handling maelstrom.Message{Src:"c303", Dest:"n2", Body:json.RawMessage{0x7b, 0x22, 0x64, 0x65, 0x6c, 0x74, 0x61, 0x22, 0x3a, 0x32, 0x2c, 0x22, 0x74, 0x79, 0x70, 0x65, 0x22, 0x3a, 0x22, 0x61, 0x64, 0x64, 0x22, 0x2c, 0x22, 0x6d, 0x73, 0x67, 0x5f, 0x69, 0x64, 0x22, 0x3a, 0x31, 0x7d}}:
failed to write session: RPCError(KeyDoesNotExist, "key does not exist")
2025/07/05 17:50:16 Sent {"src":"n2","dest":"c303","body":{"code":13,"in_reply_to":1,"text":"failed to write session: RPCError(KeyDoesNotExist, \"key does not exist\")","type":"error"}}
2025/07/05 17:50:16 Received {c307 n2 {"type":"read","msg_id":1}}
2025/07/05 17:50:16 Sent {"src":"n2","dest":"seq-kv","body":{"key":"n2","msg_id":76,"type":"read"}}
2025/07/05 17:50:16 Received {seq-kv n2 {"type":"error","code":20,"text":"key does not exist","in_reply_to":76}}
2025/07/05 17:50:16 Exception handling maelstrom.Message{Src:"c307", Dest:"n2", Body:json.RawMessage{0x7b, 0x22, 0x74, 0x79, 0x70, 0x65, 0x22, 0x3a, 0x22, 0x72, 0x65, 0x61, 0x64, 0x22, 0x2c, 0x22, 0x6d, 0x73, 0x67, 0x5f, 0x69, 0x64, 0x22, 0x3a, 0x31, 0x7d}}:
failed to write session: RPCError(KeyDoesNotExist, "key does not exist")
2025/07/05 17:50:16 Sent {"src":"n2","dest":"c307","body":{"code":13,"in_reply_to":1,"text":"failed to write session: RPCError(KeyDoesNotExist, \"key does not exist\")","type":"error"}}
2025/07/05 17:50:16 Received {c311 n2 {"delta":2,"type":"add","msg_id":1}}
2025/07/05 17:50:16 Sent {"src":"n2","dest":"seq-kv","body":{"key":"n2","msg_id":77,"type":"read"}}
2025/07/05 17:50:16 Received {seq-kv n2 {"type":"error","code":20,"text":"key does not exist","in_reply_to":77}}
2025/07/05 17:50:16 Exception handling maelstrom.Message{Src:"c311", Dest:"n2", Body:json.RawMessage{0x7b, 0x22, 0x64, 0x65, 0x6c, 0x74, 0x61, 0x22, 0x3a, 0x32, 0x2c, 0x22, 0x74, 0x79, 0x70, 0x65, 0x22, 0x3a, 0x22, 0x61, 0x64, 0x64, 0x22, 0x2c, 0x22, 0x6d, 0x73, 0x67, 0x5f, 0x69, 0x64, 0x22, 0x3a, 0x31, 0x7d}}:
failed to write session: RPCError(KeyDoesNotExist, "key does not exist")
2025/07/05 17:50:16 Sent {"src":"n2","dest":"c311","body":{"code":13,"in_reply_to":1,"text":"failed to write session: RPCError(KeyDoesNotExist, \"key does not exist\")","type":"error"}}
2025/07/05 17:50:16 Received {c315 n2 {"delta":0,"type":"add","msg_id":1}}
2025/07/05 17:50:16 Sent {"src":"n2","dest":"seq-kv","body":{"key":"n2","msg_id":78,"type":"read"}}
2025/07/05 17:50:16 Received {seq-kv n2 {"type":"error","code":20,"text":"key does not exist","in_reply_to":78}}
2025/07/05 17:50:16 Exception handling maelstrom.Message{Src:"c315", Dest:"n2", Body:json.RawMessage{0x7b, 0x22, 0x64, 0x65, 0x6c, 0x74, 0x61, 0x22, 0x3a, 0x30, 0x2c, 0x22, 0x74, 0x79, 0x70, 0x65, 0x22, 0x3a, 0x22, 0x61, 0x64, 0x64, 0x22, 0x2c, 0x22, 0x6d, 0x73, 0x67, 0x5f, 0x69, 0x64, 0x22, 0x3a, 0x31, 0x7d}}:
failed to write session: RPCError(KeyDoesNotExist, "key does not exist")
2025/07/05 17:50:16 Sent {"src":"n2","dest":"c315","body":{"code":13,"in_reply_to":1,"text":"failed to write session: RPCError(KeyDoesNotExist, \"key does not exist\")","type":"error"}}
2025/07/05 17:50:16 Received {c319 n2 {"delta":2,"type":"add","msg_id":1}}
2025/07/05 17:50:16 Sent {"src":"n2","dest":"seq-kv","body":{"key":"n2","msg_id":79,"type":"read"}}
2025/07/05 17:50:16 Received {seq-kv n2 {"type":"error","code":20,"text":"key does not exist","in_reply_to":79}}
2025/07/05 17:50:16 Exception handling maelstrom.Message{Src:"c319", Dest:"n2", Body:json.RawMessage{0x7b, 0x22, 0x64, 0x65, 0x6c, 0x74, 0x61, 0x22, 0x3a, 0x32, 0x2c, 0x22, 0x74, 0x79, 0x70, 0x65, 0x22, 0x3a, 0x22, 0x61, 0x64, 0x64, 0x22, 0x2c, 0x22, 0x6d, 0x73, 0x67, 0x5f, 0x69, 0x64, 0x22, 0x3a, 0x31, 0x7d}}:
failed to write session: RPCError(KeyDoesNotExist, "key does not exist")
2025/07/05 17:50:16 Sent {"src":"n2","dest":"c319","body":{"code":13,"in_reply_to":1,"text":"failed to write session: RPCError(KeyDoesNotExist, \"key does not exist\")","type":"error"}}
2025/07/05 17:50:16 Received {c323 n2 {"type":"read","msg_id":1}}
2025/07/05 17:50:16 Sent {"src":"n2","dest":"seq-kv","body":{"key":"n2","msg_id":80,"type":"read"}}
2025/07/05 17:50:16 Received {seq-kv n2 {"type":"error","code":20,"text":"key does not exist","in_reply_to":80}}
2025/07/05 17:50:16 Exception handling maelstrom.Message{Src:"c323", Dest:"n2", Body:json.RawMessage{0x7b, 0x22, 0x74, 0x79, 0x70, 0x65, 0x22, 0x3a, 0x22, 0x72, 0x65, 0x61, 0x64, 0x22, 0x2c, 0x22, 0x6d, 0x73, 0x67, 0x5f, 0x69, 0x64, 0x22, 0x3a, 0x31, 0x7d}}:
failed to write session: RPCError(KeyDoesNotExist, "key does not exist")
2025/07/05 17:50:16 Sent {"src":"n2","dest":"c323","body":{"code":13,"in_reply_to":1,"text":"failed to write session: RPCError(KeyDoesNotExist, \"key does not exist\")","type":"error"}}
2025/07/05 17:50:16 Received {c327 n2 {"type":"read","msg_id":1}}
2025/07/05 17:50:16 Sent {"src":"n2","dest":"seq-kv","body":{"key":"n2","msg_id":81,"type":"read"}}
2025/07/05 17:50:16 Received {seq-kv n2 {"type":"error","code":20,"text":"key does not exist","in_reply_to":81}}
2025/07/05 17:50:16 Exception handling maelstrom.Message{Src:"c327", Dest:"n2", Body:json.RawMessage{0x7b, 0x22, 0x74, 0x79, 0x70, 0x65, 0x22, 0x3a, 0x22, 0x72, 0x65, 0x61, 0x64, 0x22, 0x2c, 0x22, 0x6d, 0x73, 0x67, 0x5f, 0x69, 0x64, 0x22, 0x3a, 0x31, 0x7d}}:
failed to write session: RPCError(KeyDoesNotExist, "key does not exist")
2025/07/05 17:50:16 Sent {"src":"n2","dest":"c327","body":{"code":13,"in_reply_to":1,"text":"failed to write session: RPCError(KeyDoesNotExist, \"key does not exist\")","type":"error"}}
2025/07/05 17:50:17 Received {c331 n2 {"type":"read","msg_id":1}}
2025/07/05 17:50:17 Sent {"src":"n2","dest":"seq-kv","body":{"key":"n2","msg_id":82,"type":"read"}}
2025/07/05 17:50:17 Received {seq-kv n2 {"type":"error","code":20,"text":"key does not exist","in_reply_to":82}}
2025/07/05 17:50:17 Exception handling maelstrom.Message{Src:"c331", Dest:"n2", Body:json.RawMessage{0x7b, 0x22, 0x74, 0x79, 0x70, 0x65, 0x22, 0x3a, 0x22, 0x72, 0x65, 0x61, 0x64, 0x22, 0x2c, 0x22, 0x6d, 0x73, 0x67, 0x5f, 0x69, 0x64, 0x22, 0x3a, 0x31, 0x7d}}:
failed to write session: RPCError(KeyDoesNotExist, "key does not exist")
2025/07/05 17:50:17 Sent {"src":"n2","dest":"c331","body":{"code":13,"in_reply_to":1,"text":"failed to write session: RPCError(KeyDoesNotExist, \"key does not exist\")","type":"error"}}
2025/07/05 17:50:17 Received {c335 n2 {"type":"read","msg_id":1}}
2025/07/05 17:50:17 Sent {"src":"n2","dest":"seq-kv","body":{"key":"n2","msg_id":83,"type":"read"}}
2025/07/05 17:50:17 Received {seq-kv n2 {"type":"error","code":20,"text":"key does not exist","in_reply_to":83}}
2025/07/05 17:50:17 Exception handling maelstrom.Message{Src:"c335", Dest:"n2", Body:json.RawMessage{0x7b, 0x22, 0x74, 0x79, 0x70, 0x65, 0x22, 0x3a, 0x22, 0x72, 0x65, 0x61, 0x64, 0x22, 0x2c, 0x22, 0x6d, 0x73, 0x67, 0x5f, 0x69, 0x64, 0x22, 0x3a, 0x31, 0x7d}}:
failed to write session: RPCError(KeyDoesNotExist, "key does not exist")
2025/07/05 17:50:17 Sent {"src":"n2","dest":"c335","body":{"code":13,"in_reply_to":1,"text":"failed to write session: RPCError(KeyDoesNotExist, \"key does not exist\")","type":"error"}}
2025/07/05 17:50:17 Received {c339 n2 {"delta":1,"type":"add","msg_id":1}}
2025/07/05 17:50:17 Sent {"src":"n2","dest":"seq-kv","body":{"key":"n2","msg_id":84,"type":"read"}}
2025/07/05 17:50:17 Received {seq-kv n2 {"type":"error","code":20,"text":"key does not exist","in_reply_to":84}}
2025/07/05 17:50:17 Exception handling maelstrom.Message{Src:"c339", Dest:"n2", Body:json.RawMessage{0x7b, 0x22, 0x64, 0x65, 0x6c, 0x74, 0x61, 0x22, 0x3a, 0x31, 0x2c, 0x22, 0x74, 0x79, 0x70, 0x65, 0x22, 0x3a, 0x22, 0x61, 0x64, 0x64, 0x22, 0x2c, 0x22, 0x6d, 0x73, 0x67, 0x5f, 0x69, 0x64, 0x22, 0x3a, 0x31, 0x7d}}:
failed to write session: RPCError(KeyDoesNotExist, "key does not exist")
2025/07/05 17:50:17 Sent {"src":"n2","dest":"c339","body":{"code":13,"in_reply_to":1,"text":"failed to write session: RPCError(KeyDoesNotExist, \"key does not exist\")","type":"error"}}
2025/07/05 17:50:17 Received {c343 n2 {"type":"read","msg_id":1}}
2025/07/05 17:50:17 Sent {"src":"n2","dest":"seq-kv","body":{"key":"n2","msg_id":85,"type":"read"}}
2025/07/05 17:50:17 Received {seq-kv n2 {"type":"error","code":20,"text":"key does not exist","in_reply_to":85}}
2025/07/05 17:50:17 Exception handling maelstrom.Message{Src:"c343", Dest:"n2", Body:json.RawMessage{0x7b, 0x22, 0x74, 0x79, 0x70, 0x65, 0x22, 0x3a, 0x22, 0x72, 0x65, 0x61, 0x64, 0x22, 0x2c, 0x22, 0x6d, 0x73, 0x67, 0x5f, 0x69, 0x64, 0x22, 0x3a, 0x31, 0x7d}}:
failed to write session: RPCError(KeyDoesNotExist, "key does not exist")
2025/07/05 17:50:17 Sent {"src":"n2","dest":"c343","body":{"code":13,"in_reply_to":1,"text":"failed to write session: RPCError(KeyDoesNotExist, \"key does not exist\")","type":"error"}}
2025/07/05 17:50:17 Received {c347 n2 {"delta":2,"type":"add","msg_id":1}}
2025/07/05 17:50:17 Sent {"src":"n2","dest":"seq-kv","body":{"key":"n2","msg_id":86,"type":"read"}}
2025/07/05 17:50:17 Received {seq-kv n2 {"type":"error","code":20,"text":"key does not exist","in_reply_to":86}}
2025/07/05 17:50:17 Exception handling maelstrom.Message{Src:"c347", Dest:"n2", Body:json.RawMessage{0x7b, 0x22, 0x64, 0x65, 0x6c, 0x74, 0x61, 0x22, 0x3a, 0x32, 0x2c, 0x22, 0x74, 0x79, 0x70, 0x65, 0x22, 0x3a, 0x22, 0x61, 0x64, 0x64, 0x22, 0x2c, 0x22, 0x6d, 0x73, 0x67, 0x5f, 0x69, 0x64, 0x22, 0x3a, 0x31, 0x7d}}:
failed to write session: RPCError(KeyDoesNotExist, "key does not exist")
2025/07/05 17:50:17 Sent {"src":"n2","dest":"c347","body":{"code":13,"in_reply_to":1,"text":"failed to write session: RPCError(KeyDoesNotExist, \"key does not exist\")","type":"error"}}
2025/07/05 17:50:17 Received {c351 n2 {"type":"read","msg_id":1}}
2025/07/05 17:50:17 Sent {"src":"n2","dest":"seq-kv","body":{"key":"n2","msg_id":87,"type":"read"}}
2025/07/05 17:50:17 Received {seq-kv n2 {"type":"error","code":20,"text":"key does not exist","in_reply_to":87}}
2025/07/05 17:50:17 Exception handling maelstrom.Message{Src:"c351", Dest:"n2", Body:json.RawMessage{0x7b, 0x22, 0x74, 0x79, 0x70, 0x65, 0x22, 0x3a, 0x22, 0x72, 0x65, 0x61, 0x64, 0x22, 0x2c, 0x22, 0x6d, 0x73, 0x67, 0x5f, 0x69, 0x64, 0x22, 0x3a, 0x31, 0x7d}}:
failed to write session: RPCError(KeyDoesNotExist, "key does not exist")
2025/07/05 17:50:17 Sent {"src":"n2","dest":"c351","body":{"code":13,"in_reply_to":1,"text":"failed to write session: RPCError(KeyDoesNotExist, \"key does not exist\")","type":"error"}}
2025/07/05 17:50:17 Received {c355 n2 {"delta":3,"type":"add","msg_id":1}}
2025/07/05 17:50:17 Sent {"src":"n2","dest":"seq-kv","body":{"key":"n2","msg_id":88,"type":"read"}}
2025/07/05 17:50:17 Received {seq-kv n2 {"type":"error","code":20,"text":"key does not exist","in_reply_to":88}}
2025/07/05 17:50:17 Exception handling maelstrom.Message{Src:"c355", Dest:"n2", Body:json.RawMessage{0x7b, 0x22, 0x64, 0x65, 0x6c, 0x74, 0x61, 0x22, 0x3a, 0x33, 0x2c, 0x22, 0x74, 0x79, 0x70, 0x65, 0x22, 0x3a, 0x22, 0x61, 0x64, 0x64, 0x22, 0x2c, 0x22, 0x6d, 0x73, 0x67, 0x5f, 0x69, 0x64, 0x22, 0x3a, 0x31, 0x7d}}:
failed to write session: RPCError(KeyDoesNotExist, "key does not exist")
2025/07/05 17:50:17 Sent {"src":"n2","dest":"c355","body":{"code":13,"in_reply_to":1,"text":"failed to write session: RPCError(KeyDoesNotExist, \"key does not exist\")","type":"error"}}
2025/07/05 17:50:17 Received {c359 n2 {"type":"read","msg_id":1}}
2025/07/05 17:50:17 Sent {"src":"n2","dest":"seq-kv","body":{"key":"n2","msg_id":89,"type":"read"}}
2025/07/05 17:50:17 Received {seq-kv n2 {"type":"error","code":20,"text":"key does not exist","in_reply_to":89}}
2025/07/05 17:50:17 Exception handling maelstrom.Message{Src:"c359", Dest:"n2", Body:json.RawMessage{0x7b, 0x22, 0x74, 0x79, 0x70, 0x65, 0x22, 0x3a, 0x22, 0x72, 0x65, 0x61, 0x64, 0x22, 0x2c, 0x22, 0x6d, 0x73, 0x67, 0x5f, 0x69, 0x64, 0x22, 0x3a, 0x31, 0x7d}}:
failed to write session: RPCError(KeyDoesNotExist, "key does not exist")
2025/07/05 17:50:17 Sent {"src":"n2","dest":"c359","body":{"code":13,"in_reply_to":1,"text":"failed to write session: RPCError(KeyDoesNotExist, \"key does not exist\")","type":"error"}}
2025/07/05 17:50:17 Received {c363 n2 {"delta":4,"type":"add","msg_id":1}}
2025/07/05 17:50:17 Sent {"src":"n2","dest":"seq-kv","body":{"key":"n2","msg_id":90,"type":"read"}}
2025/07/05 17:50:17 Received {seq-kv n2 {"type":"error","code":20,"text":"key does not exist","in_reply_to":90}}
2025/07/05 17:50:17 Exception handling maelstrom.Message{Src:"c363", Dest:"n2", Body:json.RawMessage{0x7b, 0x22, 0x64, 0x65, 0x6c, 0x74, 0x61, 0x22, 0x3a, 0x34, 0x2c, 0x22, 0x74, 0x79, 0x70, 0x65, 0x22, 0x3a, 0x22, 0x61, 0x64, 0x64, 0x22, 0x2c, 0x22, 0x6d, 0x73, 0x67, 0x5f, 0x69, 0x64, 0x22, 0x3a, 0x31, 0x7d}}:
failed to write session: RPCError(KeyDoesNotExist, "key does not exist")
2025/07/05 17:50:17 Sent {"src":"n2","dest":"c363","body":{"code":13,"in_reply_to":1,"text":"failed to write session: RPCError(KeyDoesNotExist, \"key does not exist\")","type":"error"}}
2025/07/05 17:50:17 Received {c367 n2 {"type":"read","msg_id":1}}
2025/07/05 17:50:17 Sent {"src":"n2","dest":"seq-kv","body":{"key":"n2","msg_id":91,"type":"read"}}
2025/07/05 17:50:17 Received {seq-kv n2 {"type":"error","code":20,"text":"key does not exist","in_reply_to":91}}
2025/07/05 17:50:17 Exception handling maelstrom.Message{Src:"c367", Dest:"n2", Body:json.RawMessage{0x7b, 0x22, 0x74, 0x79, 0x70, 0x65, 0x22, 0x3a, 0x22, 0x72, 0x65, 0x61, 0x64, 0x22, 0x2c, 0x22, 0x6d, 0x73, 0x67, 0x5f, 0x69, 0x64, 0x22, 0x3a, 0x31, 0x7d}}:
failed to write session: RPCError(KeyDoesNotExist, "key does not exist")
2025/07/05 17:50:17 Sent {"src":"n2","dest":"c367","body":{"code":13,"in_reply_to":1,"text":"failed to write session: RPCError(KeyDoesNotExist, \"key does not exist\")","type":"error"}}
2025/07/05 17:50:17 Received {c371 n2 {"type":"read","msg_id":1}}
2025/07/05 17:50:17 Sent {"src":"n2","dest":"seq-kv","body":{"key":"n2","msg_id":92,"type":"read"}}
2025/07/05 17:50:17 Received {seq-kv n2 {"type":"error","code":20,"text":"key does not exist","in_reply_to":92}}
2025/07/05 17:50:17 Exception handling maelstrom.Message{Src:"c371", Dest:"n2", Body:json.RawMessage{0x7b, 0x22, 0x74, 0x79, 0x70, 0x65, 0x22, 0x3a, 0x22, 0x72, 0x65, 0x61, 0x64, 0x22, 0x2c, 0x22, 0x6d, 0x73, 0x67, 0x5f, 0x69, 0x64, 0x22, 0x3a, 0x31, 0x7d}}:
failed to write session: RPCError(KeyDoesNotExist, "key does not exist")
2025/07/05 17:50:17 Sent {"src":"n2","dest":"c371","body":{"code":13,"in_reply_to":1,"text":"failed to write session: RPCError(KeyDoesNotExist, \"key does not exist\")","type":"error"}}
2025/07/05 17:50:17 Received {c375 n2 {"delta":4,"type":"add","msg_id":1}}
2025/07/05 17:50:17 Sent {"src":"n2","dest":"seq-kv","body":{"key":"n2","msg_id":93,"type":"read"}}
2025/07/05 17:50:17 Received {seq-kv n2 {"type":"error","code":20,"text":"key does not exist","in_reply_to":93}}
2025/07/05 17:50:17 Exception handling maelstrom.Message{Src:"c375", Dest:"n2", Body:json.RawMessage{0x7b, 0x22, 0x64, 0x65, 0x6c, 0x74, 0x61, 0x22, 0x3a, 0x34, 0x2c, 0x22, 0x74, 0x79, 0x70, 0x65, 0x22, 0x3a, 0x22, 0x61, 0x64, 0x64, 0x22, 0x2c, 0x22, 0x6d, 0x73, 0x67, 0x5f, 0x69, 0x64, 0x22, 0x3a, 0x31, 0x7d}}:
failed to write session: RPCError(KeyDoesNotExist, "key does not exist")
2025/07/05 17:50:17 Sent {"src":"n2","dest":"c375","body":{"code":13,"in_reply_to":1,"text":"failed to write session: RPCError(KeyDoesNotExist, \"key does not exist\")","type":"error"}}
2025/07/05 17:50:17 Received {c379 n2 {"type":"read","msg_id":1}}
2025/07/05 17:50:17 Sent {"src":"n2","dest":"seq-kv","body":{"key":"n2","msg_id":94,"type":"read"}}
2025/07/05 17:50:17 Received {seq-kv n2 {"type":"error","code":20,"text":"key does not exist","in_reply_to":94}}
2025/07/05 17:50:17 Exception handling maelstrom.Message{Src:"c379", Dest:"n2", Body:json.RawMessage{0x7b, 0x22, 0x74, 0x79, 0x70, 0x65, 0x22, 0x3a, 0x22, 0x72, 0x65, 0x61, 0x64, 0x22, 0x2c, 0x22, 0x6d, 0x73, 0x67, 0x5f, 0x69, 0x64, 0x22, 0x3a, 0x31, 0x7d}}:
failed to write session: RPCError(KeyDoesNotExist, "key does not exist")
2025/07/05 17:50:17 Sent {"src":"n2","dest":"c379","body":{"code":13,"in_reply_to":1,"text":"failed to write session: RPCError(KeyDoesNotExist, \"key does not exist\")","type":"error"}}
2025/07/05 17:50:17 Received {c383 n2 {"type":"read","msg_id":1}}
2025/07/05 17:50:17 Sent {"src":"n2","dest":"seq-kv","body":{"key":"n2","msg_id":95,"type":"read"}}
2025/07/05 17:50:17 Received {seq-kv n2 {"type":"error","code":20,"text":"key does not exist","in_reply_to":95}}
2025/07/05 17:50:17 Exception handling maelstrom.Message{Src:"c383", Dest:"n2", Body:json.RawMessage{0x7b, 0x22, 0x74, 0x79, 0x70, 0x65, 0x22, 0x3a, 0x22, 0x72, 0x65, 0x61, 0x64, 0x22, 0x2c, 0x22, 0x6d, 0x73, 0x67, 0x5f, 0x69, 0x64, 0x22, 0x3a, 0x31, 0x7d}}:
failed to write session: RPCError(KeyDoesNotExist, "key does not exist")
2025/07/05 17:50:17 Sent {"src":"n2","dest":"c383","body":{"code":13,"in_reply_to":1,"text":"failed to write session: RPCError(KeyDoesNotExist, \"key does not exist\")","type":"error"}}
2025/07/05 17:50:17 Received {c387 n2 {"delta":2,"type":"add","msg_id":1}}
2025/07/05 17:50:17 Sent {"src":"n2","dest":"seq-kv","body":{"key":"n2","msg_id":96,"type":"read"}}
2025/07/05 17:50:17 Received {seq-kv n2 {"type":"error","code":20,"text":"key does not exist","in_reply_to":96}}
2025/07/05 17:50:17 Exception handling maelstrom.Message{Src:"c387", Dest:"n2", Body:json.RawMessage{0x7b, 0x22, 0x64, 0x65, 0x6c, 0x74, 0x61, 0x22, 0x3a, 0x32, 0x2c, 0x22, 0x74, 0x79, 0x70, 0x65, 0x22, 0x3a, 0x22, 0x61, 0x64, 0x64, 0x22, 0x2c, 0x22, 0x6d, 0x73, 0x67, 0x5f, 0x69, 0x64, 0x22, 0x3a, 0x31, 0x7d}}:
failed to write session: RPCError(KeyDoesNotExist, "key does not exist")
2025/07/05 17:50:17 Sent {"src":"n2","dest":"c387","body":{"code":13,"in_reply_to":1,"text":"failed to write session: RPCError(KeyDoesNotExist, \"key does not exist\")","type":"error"}}
2025/07/05 17:50:17 Received {c391 n2 {"type":"read","msg_id":1}}
2025/07/05 17:50:17 Sent {"src":"n2","dest":"seq-kv","body":{"key":"n2","msg_id":97,"type":"read"}}
2025/07/05 17:50:17 Received {seq-kv n2 {"type":"error","code":20,"text":"key does not exist","in_reply_to":97}}
2025/07/05 17:50:17 Exception handling maelstrom.Message{Src:"c391", Dest:"n2", Body:json.RawMessage{0x7b, 0x22, 0x74, 0x79, 0x70, 0x65, 0x22, 0x3a, 0x22, 0x72, 0x65, 0x61, 0x64, 0x22, 0x2c, 0x22, 0x6d, 0x73, 0x67, 0x5f, 0x69, 0x64, 0x22, 0x3a, 0x31, 0x7d}}:
failed to write session: RPCError(KeyDoesNotExist, "key does not exist")
2025/07/05 17:50:17 Sent {"src":"n2","dest":"c391","body":{"code":13,"in_reply_to":1,"text":"failed to write session: RPCError(KeyDoesNotExist, \"key does not exist\")","type":"error"}}
2025/07/05 17:50:17 Received {c395 n2 {"type":"read","msg_id":1}}
2025/07/05 17:50:17 Sent {"src":"n2","dest":"seq-kv","body":{"key":"n2","msg_id":98,"type":"read"}}
2025/07/05 17:50:17 Received {seq-kv n2 {"type":"error","code":20,"text":"key does not exist","in_reply_to":98}}
2025/07/05 17:50:17 Exception handling maelstrom.Message{Src:"c395", Dest:"n2", Body:json.RawMessage{0x7b, 0x22, 0x74, 0x79, 0x70, 0x65, 0x22, 0x3a, 0x22, 0x72, 0x65, 0x61, 0x64, 0x22, 0x2c, 0x22, 0x6d, 0x73, 0x67, 0x5f, 0x69, 0x64, 0x22, 0x3a, 0x31, 0x7d}}:
failed to write session: RPCError(KeyDoesNotExist, "key does not exist")
2025/07/05 17:50:17 Sent {"src":"n2","dest":"c395","body":{"code":13,"in_reply_to":1,"text":"failed to write session: RPCError(KeyDoesNotExist, \"key does not exist\")","type":"error"}}
2025/07/05 17:50:17 Received {c399 n2 {"type":"read","msg_id":1}}
2025/07/05 17:50:17 Sent {"src":"n2","dest":"seq-kv","body":{"key":"n2","msg_id":99,"type":"read"}}
2025/07/05 17:50:17 Received {seq-kv n2 {"type":"error","code":20,"text":"key does not exist","in_reply_to":99}}
2025/07/05 17:50:17 Exception handling maelstrom.Message{Src:"c399", Dest:"n2", Body:json.RawMessage{0x7b, 0x22, 0x74, 0x79, 0x70, 0x65, 0x22, 0x3a, 0x22, 0x72, 0x65, 0x61, 0x64, 0x22, 0x2c, 0x22, 0x6d, 0x73, 0x67, 0x5f, 0x69, 0x64, 0x22, 0x3a, 0x31, 0x7d}}:
failed to write session: RPCError(KeyDoesNotExist, "key does not exist")
2025/07/05 17:50:17 Sent {"src":"n2","dest":"c399","body":{"code":13,"in_reply_to":1,"text":"failed to write session: RPCError(KeyDoesNotExist, \"key does not exist\")","type":"error"}}
2025/07/05 17:50:17 Received {c403 n2 {"type":"read","msg_id":1}}
2025/07/05 17:50:17 Sent {"src":"n2","dest":"seq-kv","body":{"key":"n2","msg_id":100,"type":"read"}}
2025/07/05 17:50:17 Received {seq-kv n2 {"type":"error","code":20,"text":"key does not exist","in_reply_to":100}}
2025/07/05 17:50:17 Exception handling maelstrom.Message{Src:"c403", Dest:"n2", Body:json.RawMessage{0x7b, 0x22, 0x74, 0x79, 0x70, 0x65, 0x22, 0x3a, 0x22, 0x72, 0x65, 0x61, 0x64, 0x22, 0x2c, 0x22, 0x6d, 0x73, 0x67, 0x5f, 0x69, 0x64, 0x22, 0x3a, 0x31, 0x7d}}:
failed to write session: RPCError(KeyDoesNotExist, "key does not exist")
2025/07/05 17:50:17 Sent {"src":"n2","dest":"c403","body":{"code":13,"in_reply_to":1,"text":"failed to write session: RPCError(KeyDoesNotExist, \"key does not exist\")","type":"error"}}
2025/07/05 17:50:17 Received {c407 n2 {"delta":4,"type":"add","msg_id":1}}
2025/07/05 17:50:17 Sent {"src":"n2","dest":"seq-kv","body":{"key":"n2","msg_id":101,"type":"read"}}
2025/07/05 17:50:17 Received {seq-kv n2 {"type":"error","code":20,"text":"key does not exist","in_reply_to":101}}
2025/07/05 17:50:17 Exception handling maelstrom.Message{Src:"c407", Dest:"n2", Body:json.RawMessage{0x7b, 0x22, 0x64, 0x65, 0x6c, 0x74, 0x61, 0x22, 0x3a, 0x34, 0x2c, 0x22, 0x74, 0x79, 0x70, 0x65, 0x22, 0x3a, 0x22, 0x61, 0x64, 0x64, 0x22, 0x2c, 0x22, 0x6d, 0x73, 0x67, 0x5f, 0x69, 0x64, 0x22, 0x3a, 0x31, 0x7d}}:
failed to write session: RPCError(KeyDoesNotExist, "key does not exist")
2025/07/05 17:50:17 Sent {"src":"n2","dest":"c407","body":{"code":13,"in_reply_to":1,"text":"failed to write session: RPCError(KeyDoesNotExist, \"key does not exist\")","type":"error"}}
2025/07/05 17:50:17 Received {c411 n2 {"type":"read","msg_id":1}}
2025/07/05 17:50:17 Sent {"src":"n2","dest":"seq-kv","body":{"key":"n2","msg_id":102,"type":"read"}}
2025/07/05 17:50:17 Received {seq-kv n2 {"type":"error","code":20,"text":"key does not exist","in_reply_to":102}}
2025/07/05 17:50:17 Exception handling maelstrom.Message{Src:"c411", Dest:"n2", Body:json.RawMessage{0x7b, 0x22, 0x74, 0x79, 0x70, 0x65, 0x22, 0x3a, 0x22, 0x72, 0x65, 0x61, 0x64, 0x22, 0x2c, 0x22, 0x6d, 0x73, 0x67, 0x5f, 0x69, 0x64, 0x22, 0x3a, 0x31, 0x7d}}:
failed to write session: RPCError(KeyDoesNotExist, "key does not exist")
2025/07/05 17:50:17 Sent {"src":"n2","dest":"c411","body":{"code":13,"in_reply_to":1,"text":"failed to write session: RPCError(KeyDoesNotExist, \"key does not exist\")","type":"error"}}
2025/07/05 17:50:18 Received {c415 n2 {"type":"read","msg_id":1}}
2025/07/05 17:50:18 Sent {"src":"n2","dest":"seq-kv","body":{"key":"n2","msg_id":103,"type":"read"}}
2025/07/05 17:50:18 Received {seq-kv n2 {"type":"error","code":20,"text":"key does not exist","in_reply_to":103}}
2025/07/05 17:50:18 Exception handling maelstrom.Message{Src:"c415", Dest:"n2", Body:json.RawMessage{0x7b, 0x22, 0x74, 0x79, 0x70, 0x65, 0x22, 0x3a, 0x22, 0x72, 0x65, 0x61, 0x64, 0x22, 0x2c, 0x22, 0x6d, 0x73, 0x67, 0x5f, 0x69, 0x64, 0x22, 0x3a, 0x31, 0x7d}}:
failed to write session: RPCError(KeyDoesNotExist, "key does not exist")
2025/07/05 17:50:18 Sent {"src":"n2","dest":"c415","body":{"code":13,"in_reply_to":1,"text":"failed to write session: RPCError(KeyDoesNotExist, \"key does not exist\")","type":"error"}}
2025/07/05 17:50:18 Received {c419 n2 {"type":"read","msg_id":1}}
2025/07/05 17:50:18 Sent {"src":"n2","dest":"seq-kv","body":{"key":"n2","msg_id":104,"type":"read"}}
2025/07/05 17:50:18 Received {seq-kv n2 {"type":"error","code":20,"text":"key does not exist","in_reply_to":104}}
2025/07/05 17:50:18 Exception handling maelstrom.Message{Src:"c419", Dest:"n2", Body:json.RawMessage{0x7b, 0x22, 0x74, 0x79, 0x70, 0x65, 0x22, 0x3a, 0x22, 0x72, 0x65, 0x61, 0x64, 0x22, 0x2c, 0x22, 0x6d, 0x73, 0x67, 0x5f, 0x69, 0x64, 0x22, 0x3a, 0x31, 0x7d}}:
failed to write session: RPCError(KeyDoesNotExist, "key does not exist")
2025/07/05 17:50:18 Sent {"src":"n2","dest":"c419","body":{"code":13,"in_reply_to":1,"text":"failed to write session: RPCError(KeyDoesNotExist, \"key does not exist\")","type":"error"}}
2025/07/05 17:50:18 Received {c423 n2 {"delta":2,"type":"add","msg_id":1}}
2025/07/05 17:50:18 Sent {"src":"n2","dest":"seq-kv","body":{"key":"n2","msg_id":105,"type":"read"}}
2025/07/05 17:50:18 Received {seq-kv n2 {"type":"error","code":20,"text":"key does not exist","in_reply_to":105}}
2025/07/05 17:50:18 Exception handling maelstrom.Message{Src:"c423", Dest:"n2", Body:json.RawMessage{0x7b, 0x22, 0x64, 0x65, 0x6c, 0x74, 0x61, 0x22, 0x3a, 0x32, 0x2c, 0x22, 0x74, 0x79, 0x70, 0x65, 0x22, 0x3a, 0x22, 0x61, 0x64, 0x64, 0x22, 0x2c, 0x22, 0x6d, 0x73, 0x67, 0x5f, 0x69, 0x64, 0x22, 0x3a, 0x31, 0x7d}}:
failed to write session: RPCError(KeyDoesNotExist, "key does not exist")
2025/07/05 17:50:18 Sent {"src":"n2","dest":"c423","body":{"code":13,"in_reply_to":1,"text":"failed to write session: RPCError(KeyDoesNotExist, \"key does not exist\")","type":"error"}}
2025/07/05 17:50:18 Received {c426 n2 {"type":"read","msg_id":1}}
2025/07/05 17:50:18 Sent {"src":"n2","dest":"seq-kv","body":{"key":"n2","msg_id":106,"type":"read"}}
2025/07/05 17:50:18 Received {seq-kv n2 {"type":"error","code":20,"text":"key does not exist","in_reply_to":106}}
2025/07/05 17:50:18 Exception handling maelstrom.Message{Src:"c426", Dest:"n2", Body:json.RawMessage{0x7b, 0x22, 0x74, 0x79, 0x70, 0x65, 0x22, 0x3a, 0x22, 0x72, 0x65, 0x61, 0x64, 0x22, 0x2c, 0x22, 0x6d, 0x73, 0x67, 0x5f, 0x69, 0x64, 0x22, 0x3a, 0x31, 0x7d}}:
failed to write session: RPCError(KeyDoesNotExist, "key does not exist")
2025/07/05 17:50:18 Sent {"src":"n2","dest":"c426","body":{"code":13,"in_reply_to":1,"text":"failed to write session: RPCError(KeyDoesNotExist, \"key does not exist\")","type":"error"}}
2025/07/05 17:50:18 Received {c430 n2 {"type":"read","msg_id":1}}
2025/07/05 17:50:18 Sent {"src":"n2","dest":"seq-kv","body":{"key":"n2","msg_id":107,"type":"read"}}
2025/07/05 17:50:18 Received {seq-kv n2 {"type":"error","code":20,"text":"key does not exist","in_reply_to":107}}
2025/07/05 17:50:18 Exception handling maelstrom.Message{Src:"c430", Dest:"n2", Body:json.RawMessage{0x7b, 0x22, 0x74, 0x79, 0x70, 0x65, 0x22, 0x3a, 0x22, 0x72, 0x65, 0x61, 0x64, 0x22, 0x2c, 0x22, 0x6d, 0x73, 0x67, 0x5f, 0x69, 0x64, 0x22, 0x3a, 0x31, 0x7d}}:
failed to write session: RPCError(KeyDoesNotExist, "key does not exist")
2025/07/05 17:50:18 Sent {"src":"n2","dest":"c430","body":{"code":13,"in_reply_to":1,"text":"failed to write session: RPCError(KeyDoesNotExist, \"key does not exist\")","type":"error"}}
2025/07/05 17:50:18 Received {c434 n2 {"delta":0,"type":"add","msg_id":1}}
2025/07/05 17:50:18 Sent {"src":"n2","dest":"seq-kv","body":{"key":"n2","msg_id":108,"type":"read"}}
2025/07/05 17:50:18 Received {seq-kv n2 {"type":"error","code":20,"text":"key does not exist","in_reply_to":108}}
2025/07/05 17:50:18 Exception handling maelstrom.Message{Src:"c434", Dest:"n2", Body:json.RawMessage{0x7b, 0x22, 0x64, 0x65, 0x6c, 0x74, 0x61, 0x22, 0x3a, 0x30, 0x2c, 0x22, 0x74, 0x79, 0x70, 0x65, 0x22, 0x3a, 0x22, 0x61, 0x64, 0x64, 0x22, 0x2c, 0x22, 0x6d, 0x73, 0x67, 0x5f, 0x69, 0x64, 0x22, 0x3a, 0x31, 0x7d}}:
failed to write session: RPCError(KeyDoesNotExist, "key does not exist")
2025/07/05 17:50:18 Sent {"src":"n2","dest":"c434","body":{"code":13,"in_reply_to":1,"text":"failed to write session: RPCError(KeyDoesNotExist, \"key does not exist\")","type":"error"}}
2025/07/05 17:50:18 Received {c438 n2 {"type":"read","msg_id":1}}
2025/07/05 17:50:18 Sent {"src":"n2","dest":"seq-kv","body":{"key":"n2","msg_id":109,"type":"read"}}
2025/07/05 17:50:18 Received {seq-kv n2 {"type":"error","code":20,"text":"key does not exist","in_reply_to":109}}
2025/07/05 17:50:18 Exception handling maelstrom.Message{Src:"c438", Dest:"n2", Body:json.RawMessage{0x7b, 0x22, 0x74, 0x79, 0x70, 0x65, 0x22, 0x3a, 0x22, 0x72, 0x65, 0x61, 0x64, 0x22, 0x2c, 0x22, 0x6d, 0x73, 0x67, 0x5f, 0x69, 0x64, 0x22, 0x3a, 0x31, 0x7d}}:
failed to write session: RPCError(KeyDoesNotExist, "key does not exist")
2025/07/05 17:50:18 Sent {"src":"n2","dest":"c438","body":{"code":13,"in_reply_to":1,"text":"failed to write session: RPCError(KeyDoesNotExist, \"key does not exist\")","type":"error"}}
2025/07/05 17:50:18 Received {c442 n2 {"delta":2,"type":"add","msg_id":1}}
2025/07/05 17:50:18 Sent {"src":"n2","dest":"seq-kv","body":{"key":"n2","msg_id":110,"type":"read"}}
2025/07/05 17:50:18 Received {seq-kv n2 {"type":"error","code":20,"text":"key does not exist","in_reply_to":110}}
2025/07/05 17:50:18 Exception handling maelstrom.Message{Src:"c442", Dest:"n2", Body:json.RawMessage{0x7b, 0x22, 0x64, 0x65, 0x6c, 0x74, 0x61, 0x22, 0x3a, 0x32, 0x2c, 0x22, 0x74, 0x79, 0x70, 0x65, 0x22, 0x3a, 0x22, 0x61, 0x64, 0x64, 0x22, 0x2c, 0x22, 0x6d, 0x73, 0x67, 0x5f, 0x69, 0x64, 0x22, 0x3a, 0x31, 0x7d}}:
failed to write session: RPCError(KeyDoesNotExist, "key does not exist")
2025/07/05 17:50:18 Sent {"src":"n2","dest":"c442","body":{"code":13,"in_reply_to":1,"text":"failed to write session: RPCError(KeyDoesNotExist, \"key does not exist\")","type":"error"}}
