2025-06-29 19:06:18,150{GMT}	INFO	[jepsen test runner] jepsen.core: Command line:
lein run test -w broadcast --bin /Users/anandtrehan/go/bin/maelstrom-broadcast --node-count 5 --time-limit 20 --rate 10 --nemesis partition
2025-06-29 19:06:18,224{GMT}	INFO	[jepsen test runner] jepsen.core: Running test:
{:args []
 :remote
 #jepsen.control.retry.Remote{:remote #jepsen.control.scp.Remote{:cmd-remote #jepsen.control.sshj.SSHJRemote{:concurrency-limit 6,
                                                                                                             :conn-spec nil,
                                                                                                             :client nil,
                                                                                                             :semaphore nil},
                                                                 :conn-spec nil},
                              :conn nil}
 :log-net-send false
 :node-count 5
 :availability nil
 :max-txn-length 4
 :concurrency 5
 :db
 #object[maelstrom.db$db$reify__16142
         "0x33e09baf"
         "maelstrom.db$db$reify__16142@33e09baf"]
 :max-writes-per-key 16
 :leave-db-running? false
 :name "broadcast"
 :logging-json? false
 :start-time
 #object[org.joda.time.DateTime "0x105c253a" "2025-06-29T19:06:18.107-04:00"]
 :nemesis-interval 10
 :net
 #object[maelstrom.net$jepsen_net$reify__15251
         "0x156322ce"
         "maelstrom.net$jepsen_net$reify__15251@156322ce"]
 :client
 #object[maelstrom.workload.broadcast$client$reify__16644
         "0x546f0f36"
         "maelstrom.workload.broadcast$client$reify__16644@546f0f36"]
 :barrier
 #object[java.util.concurrent.CyclicBarrier
         "0x44d5a0a8"
         "java.util.concurrent.CyclicBarrier@44d5a0a8"]
 :log-stderr false
 :pure-generators true
 :ssh {:dummy? true}
 :rate 10.0
 :checker
 #object[jepsen.checker$compose$reify__11881
         "0x35d128fd"
         "jepsen.checker$compose$reify__11881@35d128fd"]
 :argv
 ("test"
  "-w"
  "broadcast"
  "--bin"
  "/Users/anandtrehan/go/bin/maelstrom-broadcast"
  "--node-count"
  "5"
  "--time-limit"
  "20"
  "--rate"
  "10"
  "--nemesis"
  "partition")
 :nemesis
 (jepsen.nemesis.ReflCompose
  {:fm {:start-partition 0,
        :stop-partition 0,
        :kill 1,
        :start 1,
        :pause 1,
        :resume 1},
   :nemeses [#unprintable "jepsen.nemesis.combined$partition_nemesis$reify__16416@39a809db"
             #unprintable "jepsen.nemesis.combined$db_nemesis$reify__16397@1512a767"]})
 :nodes ["n0" "n1" "n2" "n3" "n4"]
 :test-count 1
 :latency {:mean 0, :dist :constant}
 :bin "/Users/anandtrehan/go/bin/maelstrom-broadcast"
 :generator
 ((jepsen.generator.Synchronize
   {:gen (jepsen.generator.TimeLimit
          {:limit 20000000000,
           :cutoff nil,
           :gen (jepsen.generator.Any
                 {:gens [(jepsen.generator.OnThreads
                          {:f #{:nemesis},
                           :context-filter #object[jepsen.generator.context$make_thread_filter$lazy_filter__9167
                                                   "0x5cdb7b"
                                                   "jepsen.generator.context$make_thread_filter$lazy_filter__9167@5cdb7b"],
                           :gen (jepsen.generator.Stagger
                                 {:dt 20000000000,
                                  :next-time nil,
                                  :gen (jepsen.generator.FlipFlop
                                        {:gens [#object[jepsen.nemesis.combined$partition_package$start__16420
                                                        "0x3dcc59f5"
                                                        "jepsen.nemesis.combined$partition_package$start__16420@3dcc59f5"]
                                                ({:type :info,
                                                  :f :stop-partition,
                                                  :value nil}
                                                 {:type :info,
                                                  :f :stop-partition,
                                                  :value nil}
                                                 {:type :info,
                                                  :f :stop-partition,
                                                  :value nil}
                                                 {:type :info,
                                                  :f :stop-partition,
                                                  :value nil}
                                                 {:type :info,
                                                  :f :stop-partition,
                                                  :value nil}
                                                 {:type :info,
                                                  :f :stop-partition,
                                                  :value nil}
                                                 {:type :info,
                                                  :f :stop-partition,
                                                  :value nil}
                                                 {:type :info,
                                                  :f :stop-partition,
                                                  :value nil}
                                                 ...)],
                                         :i 0})})})
                         (jepsen.generator.OnThreads
                          {:f #jepsen.generator.context.AllBut{:element :nemesis},
                           :context-filter #object[jepsen.generator.context$make_thread_filter$lazy_filter__9167
                                                   "0x690337df"
                                                   "jepsen.generator.context$make_thread_filter$lazy_filter__9167@690337df"],
                           :gen (jepsen.generator.Stagger
                                 {:dt 200000000,
                                  :next-time nil,
                                  :gen (jepsen.generator.Mix
                                        {:i 0,
                                         :gens [({:f :broadcast, :value 0}
                                                 {:f :broadcast, :value 1}
                                                 {:f :broadcast, :value 2}
                                                 {:f :broadcast, :value 3}
                                                 {:f :broadcast, :value 4}
                                                 {:f :broadcast, :value 5}
                                                 {:f :broadcast, :value 6}
                                                 {:f :broadcast, :value 7}
                                                 ...)
                                                ({:f :read}
                                                 {:f :read}
                                                 {:f :read}
                                                 {:f :read}
                                                 {:f :read}
                                                 {:f :read}
                                                 {:f :read}
                                                 {:f :read}
                                                 ...)]})})})]})})})
  (jepsen.generator.Synchronize
   {:gen (jepsen.generator.OnThreads
          {:f #{:nemesis},
           :context-filter #object[jepsen.generator.context$make_thread_filter$lazy_filter__9167
                                   "0xf62ae87"
                                   "jepsen.generator.context$make_thread_filter$lazy_filter__9167@f62ae87"],
           :gen ({:type :info, :f :stop-partition, :value nil})})})
  (jepsen.generator.Synchronize
   {:gen {:type :log, :value "Waiting for recovery..."}})
  (jepsen.generator.Synchronize {:gen {:type :sleep, :value 10}})
  (jepsen.generator.Synchronize
   {:gen (jepsen.generator.OnThreads
          {:f #jepsen.generator.context.AllBut{:element :nemesis},
           :context-filter #object[jepsen.generator.context$make_thread_filter$lazy_filter__9167
                                   "0x50be5d6f"
                                   "jepsen.generator.context$make_thread_filter$lazy_filter__9167@50be5d6f"],
           :gen (jepsen.generator.EachThread
                 {:fresh-gen {:f :read, :final? true},
                  :context-filters #object[clojure.core$promise$reify__8591
                                           "0x48e0e779"
                                           {:status :pending, :val nil}],
                  :gens {}})})}))
 :log-net-recv false
 :os
 #object[maelstrom.net$jepsen_os$reify__15254
         "0x38ad8c75"
         "maelstrom.net$jepsen_os$reify__15254@38ad8c75"]
 :time-limit 20
 :workload :broadcast
 :consistency-models [:strict-serializable]
 :topology :grid}

2025-06-29 19:06:19,400{GMT}	INFO	[jepsen node n0] maelstrom.net: Starting Maelstrom network
2025-06-29 19:06:19,401{GMT}	INFO	[jepsen test runner] jepsen.db: Tearing down DB
2025-06-29 19:06:19,402{GMT}	INFO	[jepsen test runner] jepsen.db: Setting up DB
2025-06-29 19:06:19,403{GMT}	INFO	[jepsen node n1] maelstrom.db: Setting up n1
2025-06-29 19:06:19,403{GMT}	INFO	[jepsen node n4] maelstrom.db: Setting up n4
2025-06-29 19:06:19,403{GMT}	INFO	[jepsen node n2] maelstrom.db: Setting up n2
2025-06-29 19:06:19,403{GMT}	INFO	[jepsen node n3] maelstrom.db: Setting up n3
2025-06-29 19:06:19,403{GMT}	INFO	[jepsen node n4] maelstrom.process: launching /Users/anandtrehan/go/bin/maelstrom-broadcast []
2025-06-29 19:06:19,403{GMT}	INFO	[jepsen node n2] maelstrom.process: launching /Users/anandtrehan/go/bin/maelstrom-broadcast []
2025-06-29 19:06:19,403{GMT}	INFO	[jepsen node n1] maelstrom.process: launching /Users/anandtrehan/go/bin/maelstrom-broadcast []
2025-06-29 19:06:19,403{GMT}	INFO	[jepsen node n3] maelstrom.process: launching /Users/anandtrehan/go/bin/maelstrom-broadcast []
2025-06-29 19:06:19,404{GMT}	INFO	[jepsen node n0] maelstrom.service: Starting services: (lin-kv lin-tso lww-kv seq-kv)
2025-06-29 19:06:19,405{GMT}	INFO	[jepsen node n0] maelstrom.db: Setting up n0
2025-06-29 19:06:19,406{GMT}	INFO	[jepsen node n0] maelstrom.process: launching /Users/anandtrehan/go/bin/maelstrom-broadcast []
2025-06-29 19:06:19,955{GMT}	INFO	[jepsen test runner] jepsen.core: Relative time begins now
2025-06-29 19:06:19,970{GMT}	INFO	[jepsen worker nemesis] jepsen.util: :nemesis	:info	:start-partition	:majority
2025-06-29 19:06:19,970{GMT}	INFO	[jepsen worker 0] jepsen.util: 0	:invoke	:broadcast	0
2025-06-29 19:06:19,973{GMT}	INFO	[jepsen worker 0] jepsen.util: 0	:ok	:broadcast	0
2025-06-29 19:06:19,974{GMT}	INFO	[jepsen worker nemesis] jepsen.util: :nemesis	:info	:start-partition	[:isolated {"n2" #{"n1" "n4" "n3"}, "n0" #{"n1" "n4" "n3"}, "n1" #{"n2" "n0"}, "n4" #{"n2" "n0"}, "n3" #{"n2" "n0"}}]
2025-06-29 19:06:20,128{GMT}	INFO	[jepsen worker 2] jepsen.util: 2	:invoke	:broadcast	1
2025-06-29 19:06:20,130{GMT}	INFO	[jepsen worker 2] jepsen.util: 2	:ok	:broadcast	1
2025-06-29 19:06:20,316{GMT}	INFO	[jepsen worker 3] jepsen.util: 3	:invoke	:broadcast	2
2025-06-29 19:06:20,320{GMT}	INFO	[jepsen worker 3] jepsen.util: 3	:ok	:broadcast	2
2025-06-29 19:06:20,474{GMT}	INFO	[jepsen worker 4] jepsen.util: 4	:invoke	:broadcast	3
2025-06-29 19:06:20,482{GMT}	INFO	[jepsen worker 4] jepsen.util: 4	:ok	:broadcast	3
2025-06-29 19:06:20,639{GMT}	INFO	[jepsen worker 0] jepsen.util: 0	:invoke	:read	nil
2025-06-29 19:06:20,641{GMT}	INFO	[jepsen worker 0] jepsen.util: 0	:ok	:read	[0]
2025-06-29 19:06:20,698{GMT}	INFO	[jepsen worker 0] jepsen.util: 0	:invoke	:read	nil
2025-06-29 19:06:20,699{GMT}	INFO	[jepsen worker 0] jepsen.util: 0	:ok	:read	[0]
2025-06-29 19:06:20,805{GMT}	INFO	[jepsen worker 1] jepsen.util: 1	:invoke	:broadcast	4
2025-06-29 19:06:20,807{GMT}	INFO	[jepsen worker 1] jepsen.util: 1	:ok	:broadcast	4
2025-06-29 19:06:20,948{GMT}	INFO	[jepsen worker 2] jepsen.util: 2	:invoke	:read	nil
2025-06-29 19:06:20,950{GMT}	INFO	[jepsen worker 2] jepsen.util: 2	:ok	:read	[1]
2025-06-29 19:06:21,025{GMT}	INFO	[jepsen worker 3] jepsen.util: 3	:invoke	:broadcast	5
2025-06-29 19:06:21,027{GMT}	INFO	[jepsen worker 3] jepsen.util: 3	:ok	:broadcast	5
2025-06-29 19:06:21,067{GMT}	INFO	[jepsen worker 4] jepsen.util: 4	:invoke	:read	nil
2025-06-29 19:06:21,068{GMT}	INFO	[jepsen worker 4] jepsen.util: 4	:ok	:read	[2 3]
2025-06-29 19:06:21,159{GMT}	INFO	[jepsen worker 0] jepsen.util: 0	:invoke	:read	nil
2025-06-29 19:06:21,161{GMT}	INFO	[jepsen worker 0] jepsen.util: 0	:ok	:read	[0]
2025-06-29 19:06:21,348{GMT}	INFO	[jepsen worker 0] jepsen.util: 0	:invoke	:broadcast	6
2025-06-29 19:06:21,351{GMT}	INFO	[jepsen worker 0] jepsen.util: 0	:ok	:broadcast	6
2025-06-29 19:06:21,384{GMT}	INFO	[jepsen worker 1] jepsen.util: 1	:invoke	:read	nil
2025-06-29 19:06:21,387{GMT}	INFO	[jepsen worker 1] jepsen.util: 1	:ok	:read	[2 3 4]
2025-06-29 19:06:21,584{GMT}	INFO	[jepsen worker 2] jepsen.util: 2	:invoke	:broadcast	7
2025-06-29 19:06:21,586{GMT}	INFO	[jepsen worker 2] jepsen.util: 2	:ok	:broadcast	7
2025-06-29 19:06:21,668{GMT}	INFO	[jepsen worker 3] jepsen.util: 3	:invoke	:broadcast	8
2025-06-29 19:06:21,671{GMT}	INFO	[jepsen worker 3] jepsen.util: 3	:ok	:broadcast	8
2025-06-29 19:06:21,750{GMT}	INFO	[jepsen worker 4] jepsen.util: 4	:invoke	:read	nil
2025-06-29 19:06:21,752{GMT}	INFO	[jepsen worker 4] jepsen.util: 4	:ok	:read	[2 3 5 4]
2025-06-29 19:06:21,814{GMT}	INFO	[jepsen worker 0] jepsen.util: 0	:invoke	:read	nil
2025-06-29 19:06:21,816{GMT}	INFO	[jepsen worker 0] jepsen.util: 0	:ok	:read	[0 6]
2025-06-29 19:06:21,930{GMT}	INFO	[jepsen worker 0] jepsen.util: 0	:invoke	:read	nil
2025-06-29 19:06:21,932{GMT}	INFO	[jepsen worker 0] jepsen.util: 0	:ok	:read	[0 6]
2025-06-29 19:06:21,959{GMT}	INFO	[jepsen worker 1] jepsen.util: 1	:invoke	:broadcast	9
2025-06-29 19:06:21,961{GMT}	INFO	[jepsen worker 1] jepsen.util: 1	:ok	:broadcast	9
2025-06-29 19:06:22,034{GMT}	INFO	[jepsen worker 2] jepsen.util: 2	:invoke	:broadcast	10
2025-06-29 19:06:22,036{GMT}	INFO	[jepsen worker 2] jepsen.util: 2	:ok	:broadcast	10
2025-06-29 19:06:22,044{GMT}	INFO	[jepsen worker 3] jepsen.util: 3	:invoke	:read	nil
2025-06-29 19:06:22,046{GMT}	INFO	[jepsen worker 3] jepsen.util: 3	:ok	:read	[2 3 5 4 8]
2025-06-29 19:06:22,177{GMT}	INFO	[jepsen worker 4] jepsen.util: 4	:invoke	:read	nil
2025-06-29 19:06:22,179{GMT}	INFO	[jepsen worker 4] jepsen.util: 4	:ok	:read	[2 3 5 4 8]
2025-06-29 19:06:22,180{GMT}	INFO	[jepsen worker 0] jepsen.util: 0	:invoke	:read	nil
2025-06-29 19:06:22,181{GMT}	INFO	[jepsen worker 0] jepsen.util: 0	:ok	:read	[0 6]
2025-06-29 19:06:22,268{GMT}	INFO	[jepsen worker 0] jepsen.util: 0	:invoke	:broadcast	11
2025-06-29 19:06:22,270{GMT}	INFO	[jepsen worker 0] jepsen.util: 0	:ok	:broadcast	11
2025-06-29 19:06:22,345{GMT}	INFO	[jepsen worker 1] jepsen.util: 1	:invoke	:read	nil
2025-06-29 19:06:22,347{GMT}	INFO	[jepsen worker 1] jepsen.util: 1	:ok	:read	[2 3 4 5 9]
2025-06-29 19:06:22,351{GMT}	INFO	[jepsen worker 2] jepsen.util: 2	:invoke	:read	nil
2025-06-29 19:06:22,353{GMT}	INFO	[jepsen worker 2] jepsen.util: 2	:ok	:read	[1 7 10]
2025-06-29 19:06:22,551{GMT}	INFO	[jepsen worker 3] jepsen.util: 3	:invoke	:read	nil
2025-06-29 19:06:22,554{GMT}	INFO	[jepsen worker 3] jepsen.util: 3	:ok	:read	[2 3 5 4 8]
2025-06-29 19:06:22,588{GMT}	INFO	[jepsen worker 4] jepsen.util: 4	:invoke	:read	nil
2025-06-29 19:06:22,590{GMT}	INFO	[jepsen worker 4] jepsen.util: 4	:ok	:read	[2 3 5 4 8 9]
2025-06-29 19:06:22,617{GMT}	INFO	[jepsen worker 0] jepsen.util: 0	:invoke	:broadcast	12
2025-06-29 19:06:22,619{GMT}	INFO	[jepsen worker 0] jepsen.util: 0	:ok	:broadcast	12
2025-06-29 19:06:22,721{GMT}	INFO	[jepsen worker 0] jepsen.util: 0	:invoke	:read	nil
2025-06-29 19:06:22,724{GMT}	INFO	[jepsen worker 0] jepsen.util: 0	:ok	:read	[0 6 11 12]
2025-06-29 19:06:22,852{GMT}	INFO	[jepsen worker 1] jepsen.util: 1	:invoke	:broadcast	13
2025-06-29 19:06:22,855{GMT}	INFO	[jepsen worker 1] jepsen.util: 1	:ok	:broadcast	13
2025-06-29 19:06:22,984{GMT}	INFO	[jepsen worker 2] jepsen.util: 2	:invoke	:broadcast	14
2025-06-29 19:06:22,987{GMT}	INFO	[jepsen worker 2] jepsen.util: 2	:ok	:broadcast	14
2025-06-29 19:06:23,112{GMT}	INFO	[jepsen worker 3] jepsen.util: 3	:invoke	:broadcast	15
2025-06-29 19:06:23,114{GMT}	INFO	[jepsen worker 3] jepsen.util: 3	:ok	:broadcast	15
2025-06-29 19:06:23,176{GMT}	INFO	[jepsen worker 4] jepsen.util: 4	:invoke	:read	nil
2025-06-29 19:06:23,177{GMT}	INFO	[jepsen worker 4] jepsen.util: 4	:ok	:read	[2 3 5 4 8 9 13 15]
2025-06-29 19:06:23,315{GMT}	INFO	[jepsen worker 0] jepsen.util: 0	:invoke	:read	nil
2025-06-29 19:06:23,318{GMT}	INFO	[jepsen worker 0] jepsen.util: 0	:ok	:read	[0 6 11 12]
2025-06-29 19:06:23,384{GMT}	INFO	[jepsen worker 0] jepsen.util: 0	:invoke	:read	nil
2025-06-29 19:06:23,387{GMT}	INFO	[jepsen worker 0] jepsen.util: 0	:ok	:read	[0 6 11 12]
2025-06-29 19:06:23,554{GMT}	INFO	[jepsen worker 1] jepsen.util: 1	:invoke	:broadcast	16
2025-06-29 19:06:23,557{GMT}	INFO	[jepsen worker 1] jepsen.util: 1	:ok	:broadcast	16
2025-06-29 19:06:23,642{GMT}	INFO	[jepsen worker 2] jepsen.util: 2	:invoke	:broadcast	17
2025-06-29 19:06:23,645{GMT}	INFO	[jepsen worker 2] jepsen.util: 2	:ok	:broadcast	17
2025-06-29 19:06:23,709{GMT}	INFO	[jepsen worker 3] jepsen.util: 3	:invoke	:broadcast	18
2025-06-29 19:06:23,710{GMT}	INFO	[jepsen worker 3] jepsen.util: 3	:ok	:broadcast	18
2025-06-29 19:06:23,833{GMT}	INFO	[jepsen worker 4] jepsen.util: 4	:invoke	:broadcast	19
2025-06-29 19:06:23,834{GMT}	INFO	[jepsen worker 4] jepsen.util: 4	:ok	:broadcast	19
2025-06-29 19:06:23,838{GMT}	INFO	[jepsen worker 0] jepsen.util: 0	:invoke	:broadcast	20
2025-06-29 19:06:23,839{GMT}	INFO	[jepsen worker 0] jepsen.util: 0	:ok	:broadcast	20
2025-06-29 19:06:23,866{GMT}	INFO	[jepsen worker 0] jepsen.util: 0	:invoke	:read	nil
2025-06-29 19:06:23,867{GMT}	INFO	[jepsen worker 0] jepsen.util: 0	:ok	:read	[0 6 11 12 20]
2025-06-29 19:06:23,930{GMT}	INFO	[jepsen worker 1] jepsen.util: 1	:invoke	:read	nil
2025-06-29 19:06:23,931{GMT}	INFO	[jepsen worker 1] jepsen.util: 1	:ok	:read	[2 3 4 5 9 8 13 16 15]
2025-06-29 19:06:24,075{GMT}	INFO	[jepsen worker 2] jepsen.util: 2	:invoke	:broadcast	21
2025-06-29 19:06:24,077{GMT}	INFO	[jepsen worker 2] jepsen.util: 2	:ok	:broadcast	21
2025-06-29 19:06:24,190{GMT}	INFO	[jepsen worker 3] jepsen.util: 3	:invoke	:read	nil
2025-06-29 19:06:24,192{GMT}	INFO	[jepsen worker 3] jepsen.util: 3	:ok	:read	[2 3 5 4 8 9 15 13 18 19 16]
2025-06-29 19:06:24,317{GMT}	INFO	[jepsen worker 4] jepsen.util: 4	:invoke	:read	nil
2025-06-29 19:06:24,319{GMT}	INFO	[jepsen worker 4] jepsen.util: 4	:ok	:read	[2 3 5 4 8 9 13 15 19 18 16]
2025-06-29 19:06:24,374{GMT}	INFO	[jepsen worker 0] jepsen.util: 0	:invoke	:read	nil
2025-06-29 19:06:24,376{GMT}	INFO	[jepsen worker 0] jepsen.util: 0	:ok	:read	[0 6 11 12 20]
2025-06-29 19:06:24,534{GMT}	INFO	[jepsen worker 0] jepsen.util: 0	:invoke	:read	nil
2025-06-29 19:06:24,536{GMT}	INFO	[jepsen worker 0] jepsen.util: 0	:ok	:read	[0 6 11 12 20]
2025-06-29 19:06:24,558{GMT}	INFO	[jepsen worker 1] jepsen.util: 1	:invoke	:broadcast	22
2025-06-29 19:06:24,559{GMT}	INFO	[jepsen worker 1] jepsen.util: 1	:ok	:broadcast	22
2025-06-29 19:06:24,651{GMT}	INFO	[jepsen worker 2] jepsen.util: 2	:invoke	:read	nil
2025-06-29 19:06:24,653{GMT}	INFO	[jepsen worker 2] jepsen.util: 2	:ok	:read	[1 7 10 14 17 21]
2025-06-29 19:06:24,698{GMT}	INFO	[jepsen worker 3] jepsen.util: 3	:invoke	:broadcast	23
2025-06-29 19:06:24,701{GMT}	INFO	[jepsen worker 3] jepsen.util: 3	:ok	:broadcast	23
2025-06-29 19:06:24,834{GMT}	INFO	[jepsen worker 4] jepsen.util: 4	:invoke	:read	nil
2025-06-29 19:06:24,836{GMT}	INFO	[jepsen worker 4] jepsen.util: 4	:ok	:read	[2 3 5 4 8 9 13 15 19 18 16 23 22]
2025-06-29 19:06:24,883{GMT}	INFO	[jepsen worker 0] jepsen.util: 0	:invoke	:broadcast	24
2025-06-29 19:06:24,885{GMT}	INFO	[jepsen worker 0] jepsen.util: 0	:ok	:broadcast	24
2025-06-29 19:06:24,890{GMT}	INFO	[jepsen worker 0] jepsen.util: 0	:invoke	:read	nil
2025-06-29 19:06:24,891{GMT}	INFO	[jepsen worker 0] jepsen.util: 0	:ok	:read	[0 6 11 12 20 24]
2025-06-29 19:06:25,050{GMT}	INFO	[jepsen worker 1] jepsen.util: 1	:invoke	:read	nil
2025-06-29 19:06:25,053{GMT}	INFO	[jepsen worker 1] jepsen.util: 1	:ok	:read	[2 3 4 5 9 8 13 16 15 19 18 22]
2025-06-29 19:06:25,121{GMT}	INFO	[jepsen worker 2] jepsen.util: 2	:invoke	:read	nil
2025-06-29 19:06:25,124{GMT}	INFO	[jepsen worker 2] jepsen.util: 2	:ok	:read	[1 7 10 14 17 21]
2025-06-29 19:06:25,151{GMT}	INFO	[jepsen worker 3] jepsen.util: 3	:invoke	:read	nil
2025-06-29 19:06:25,153{GMT}	INFO	[jepsen worker 3] jepsen.util: 3	:ok	:read	[2 3 5 4 8 9 15 13 18 19 16 23]
2025-06-29 19:06:25,201{GMT}	INFO	[jepsen worker 4] jepsen.util: 4	:invoke	:broadcast	25
2025-06-29 19:06:25,203{GMT}	INFO	[jepsen worker 4] jepsen.util: 4	:ok	:broadcast	25
2025-06-29 19:06:25,276{GMT}	INFO	[jepsen worker 0] jepsen.util: 0	:invoke	:broadcast	26
2025-06-29 19:06:25,278{GMT}	INFO	[jepsen worker 0] jepsen.util: 0	:ok	:broadcast	26
2025-06-29 19:06:25,405{GMT}	INFO	[jepsen worker 0] jepsen.util: 0	:invoke	:broadcast	27
2025-06-29 19:06:25,408{GMT}	INFO	[jepsen worker 0] jepsen.util: 0	:ok	:broadcast	27
2025-06-29 19:06:25,519{GMT}	INFO	[jepsen worker 1] jepsen.util: 1	:invoke	:broadcast	28
2025-06-29 19:06:25,521{GMT}	INFO	[jepsen worker 1] jepsen.util: 1	:ok	:broadcast	28
2025-06-29 19:06:25,590{GMT}	INFO	[jepsen worker 2] jepsen.util: 2	:invoke	:read	nil
2025-06-29 19:06:25,592{GMT}	INFO	[jepsen worker 2] jepsen.util: 2	:ok	:read	[1 7 10 14 17 21]
2025-06-29 19:06:25,650{GMT}	INFO	[jepsen worker 3] jepsen.util: 3	:invoke	:broadcast	29
2025-06-29 19:06:25,652{GMT}	INFO	[jepsen worker 3] jepsen.util: 3	:ok	:broadcast	29
2025-06-29 19:06:25,753{GMT}	INFO	[jepsen worker 4] jepsen.util: 4	:invoke	:broadcast	30
2025-06-29 19:06:25,755{GMT}	INFO	[jepsen worker 4] jepsen.util: 4	:ok	:broadcast	30
2025-06-29 19:06:25,804{GMT}	INFO	[jepsen worker 0] jepsen.util: 0	:invoke	:read	nil
2025-06-29 19:06:25,805{GMT}	INFO	[jepsen worker 0] jepsen.util: 0	:ok	:read	[0 6 11 12 20 24 26 27]
2025-06-29 19:06:25,834{GMT}	INFO	[jepsen worker 0] jepsen.util: 0	:invoke	:read	nil
2025-06-29 19:06:25,837{GMT}	INFO	[jepsen worker 0] jepsen.util: 0	:ok	:read	[0 6 11 12 20 24 26 27]
2025-06-29 19:06:25,894{GMT}	INFO	[jepsen worker 1] jepsen.util: 1	:invoke	:read	nil
2025-06-29 19:06:25,896{GMT}	INFO	[jepsen worker 1] jepsen.util: 1	:ok	:read	[2 3 4 5 9 8 13 16 15 19 18 22 23 28 25]
2025-06-29 19:06:25,898{GMT}	INFO	[jepsen worker 2] jepsen.util: 2	:invoke	:broadcast	31
2025-06-29 19:06:25,899{GMT}	INFO	[jepsen worker 2] jepsen.util: 2	:ok	:broadcast	31
2025-06-29 19:06:25,927{GMT}	INFO	[jepsen worker 3] jepsen.util: 3	:invoke	:broadcast	32
2025-06-29 19:06:25,929{GMT}	INFO	[jepsen worker 3] jepsen.util: 3	:ok	:broadcast	32
2025-06-29 19:06:26,030{GMT}	INFO	[jepsen worker nemesis] jepsen.util: :nemesis	:info	:stop-partition	nil
2025-06-29 19:06:26,031{GMT}	INFO	[jepsen worker nemesis] jepsen.util: :nemesis	:info	:stop-partition	:network-healed
2025-06-29 19:06:26,049{GMT}	INFO	[jepsen worker 0] jepsen.util: 0	:invoke	:broadcast	33
2025-06-29 19:06:26,051{GMT}	INFO	[jepsen worker 0] jepsen.util: 0	:ok	:broadcast	33
2025-06-29 19:06:26,080{GMT}	INFO	[jepsen worker 0] jepsen.util: 0	:invoke	:read	nil
2025-06-29 19:06:26,081{GMT}	INFO	[jepsen worker 0] jepsen.util: 0	:ok	:read	[0 6 11 12 20 24 26 27 33]
2025-06-29 19:06:26,243{GMT}	INFO	[jepsen worker 1] jepsen.util: 1	:invoke	:broadcast	34
2025-06-29 19:06:26,245{GMT}	INFO	[jepsen worker 1] jepsen.util: 1	:ok	:broadcast	34
2025-06-29 19:06:26,348{GMT}	INFO	[jepsen worker 2] jepsen.util: 2	:invoke	:read	nil
2025-06-29 19:06:26,350{GMT}	INFO	[jepsen worker 2] jepsen.util: 2	:ok	:read	[1 7 10 14 17 21 31]
2025-06-29 19:06:26,391{GMT}	INFO	[jepsen worker 3] jepsen.util: 3	:invoke	:broadcast	35
2025-06-29 19:06:26,392{GMT}	INFO	[jepsen worker 3] jepsen.util: 3	:ok	:broadcast	35
2025-06-29 19:06:26,490{GMT}	INFO	[jepsen worker 4] jepsen.util: 4	:invoke	:read	nil
2025-06-29 19:06:26,492{GMT}	INFO	[jepsen worker 4] jepsen.util: 4	:ok	:read	[2 3 5 4 8 9 13 15 19 18 16 23 22 25 28 30 29 32 34]
2025-06-29 19:06:26,551{GMT}	INFO	[jepsen worker 0] jepsen.util: 0	:invoke	:read	nil
2025-06-29 19:06:26,552{GMT}	INFO	[jepsen worker 0] jepsen.util: 0	:ok	:read	[0 6 11 12 20 24 26 27 33 2 3 4 5 9 8 13 16 15 19 18 22 23 28 25 30 29 32 34]
2025-06-29 19:06:26,681{GMT}	INFO	[jepsen worker 0] jepsen.util: 0	:invoke	:read	nil
2025-06-29 19:06:26,683{GMT}	INFO	[jepsen worker 0] jepsen.util: 0	:ok	:read	[0 6 11 12 20 24 26 27 33 2 3 4 5 9 8 13 16 15 19 18 22 23 28 25 30 29 32 34]
2025-06-29 19:06:26,808{GMT}	INFO	[jepsen worker 1] jepsen.util: 1	:invoke	:read	nil
2025-06-29 19:06:26,809{GMT}	INFO	[jepsen worker 1] jepsen.util: 1	:ok	:read	[2 3 4 5 9 8 13 16 15 19 18 22 23 28 25 30 29 32 34 0 6 11 12 20 24 26 27 33 1 7 10 14 17 21 31 35]
2025-06-29 19:06:26,986{GMT}	INFO	[jepsen worker 2] jepsen.util: 2	:invoke	:read	nil
2025-06-29 19:06:26,986{GMT}	INFO	[jepsen worker 2] jepsen.util: 2	:ok	:read	[1 7 10 14 17 21 31 2 3 4 5 9 8 13 16 15 19 18 22 23 28 25 30 29 32 34 0 6 11 12 20 24 26 27 33]
2025-06-29 19:06:26,995{GMT}	INFO	[jepsen worker 3] jepsen.util: 3	:invoke	:read	nil
2025-06-29 19:06:26,996{GMT}	INFO	[jepsen worker 3] jepsen.util: 3	:ok	:read	[2 3 5 4 8 9 15 13 18 19 16 23 22 25 29 32 28 30 0 6 11 12 20 24 26 27 33 35 34 1 7 10 14 17 21 31]
2025-06-29 19:06:27,040{GMT}	INFO	[jepsen worker 4] jepsen.util: 4	:invoke	:read	nil
2025-06-29 19:06:27,040{GMT}	INFO	[jepsen worker 4] jepsen.util: 4	:ok	:read	[2 3 5 4 8 9 13 15 19 18 16 23 22 25 28 30 29 32 34 0 6 11 12 20 24 26 27 33 1 7 10 14 17 21 31 35]
2025-06-29 19:06:27,043{GMT}	INFO	[jepsen worker 0] jepsen.util: 0	:invoke	:broadcast	36
2025-06-29 19:06:27,043{GMT}	INFO	[jepsen worker 0] jepsen.util: 0	:ok	:broadcast	36
2025-06-29 19:06:27,223{GMT}	INFO	[jepsen worker 0] jepsen.util: 0	:invoke	:broadcast	37
2025-06-29 19:06:27,225{GMT}	INFO	[jepsen worker 0] jepsen.util: 0	:ok	:broadcast	37
2025-06-29 19:06:27,367{GMT}	INFO	[jepsen worker 1] jepsen.util: 1	:invoke	:read	nil
2025-06-29 19:06:27,369{GMT}	INFO	[jepsen worker 1] jepsen.util: 1	:ok	:read	[2 3 4 5 9 8 13 16 15 19 18 22 23 28 25 30 29 32 34 0 6 11 12 20 24 26 27 33 1 7 10 14 17 21 31 35 36]
2025-06-29 19:06:27,493{GMT}	INFO	[jepsen worker 2] jepsen.util: 2	:invoke	:broadcast	38
2025-06-29 19:06:27,495{GMT}	INFO	[jepsen worker 2] jepsen.util: 2	:ok	:broadcast	38
2025-06-29 19:06:27,648{GMT}	INFO	[jepsen worker 3] jepsen.util: 3	:invoke	:broadcast	39
2025-06-29 19:06:27,650{GMT}	INFO	[jepsen worker 3] jepsen.util: 3	:ok	:broadcast	39
2025-06-29 19:06:27,851{GMT}	INFO	[jepsen worker 4] jepsen.util: 4	:invoke	:broadcast	40
2025-06-29 19:06:27,852{GMT}	INFO	[jepsen worker 4] jepsen.util: 4	:ok	:broadcast	40
2025-06-29 19:06:27,968{GMT}	INFO	[jepsen worker 0] jepsen.util: 0	:invoke	:read	nil
2025-06-29 19:06:27,970{GMT}	INFO	[jepsen worker 0] jepsen.util: 0	:ok	:read	[0 6 11 12 20 24 26 27 33 2 3 4 5 9 8 13 16 15 19 18 22 23 28 25 30 29 32 34 1 7 10 14 17 21 31 35 36 37 38 39]
2025-06-29 19:06:28,143{GMT}	INFO	[jepsen worker 0] jepsen.util: 0	:invoke	:broadcast	41
2025-06-29 19:06:28,145{GMT}	INFO	[jepsen worker 0] jepsen.util: 0	:ok	:broadcast	41
2025-06-29 19:06:28,292{GMT}	INFO	[jepsen worker 1] jepsen.util: 1	:invoke	:read	nil
2025-06-29 19:06:28,295{GMT}	INFO	[jepsen worker 1] jepsen.util: 1	:ok	:read	[2 3 4 5 9 8 13 16 15 19 18 22 23 28 25 30 29 32 34 0 6 11 12 20 24 26 27 33 1 7 10 14 17 21 31 35 36 37 38 40 39]
2025-06-29 19:06:28,326{GMT}	INFO	[jepsen worker 2] jepsen.util: 2	:invoke	:read	nil
2025-06-29 19:06:28,328{GMT}	INFO	[jepsen worker 2] jepsen.util: 2	:ok	:read	[1 7 10 14 17 21 31 2 3 4 5 9 8 13 16 15 19 18 22 23 28 25 30 29 32 34 0 6 11 12 20 24 26 27 33 35 38 36 37]
2025-06-29 19:06:28,494{GMT}	INFO	[jepsen worker 3] jepsen.util: 3	:invoke	:read	nil
2025-06-29 19:06:28,496{GMT}	INFO	[jepsen worker 3] jepsen.util: 3	:ok	:read	[2 3 5 4 8 9 15 13 18 19 16 23 22 25 29 32 28 30 0 6 11 12 20 24 26 27 33 35 34 1 7 10 14 17 21 31 36 37 39 40 38 41]
2025-06-29 19:06:28,662{GMT}	INFO	[jepsen worker 4] jepsen.util: 4	:invoke	:read	nil
2025-06-29 19:06:28,665{GMT}	INFO	[jepsen worker 4] jepsen.util: 4	:ok	:read	[2 3 5 4 8 9 13 15 19 18 16 23 22 25 28 30 29 32 34 0 6 11 12 20 24 26 27 33 1 7 10 14 17 21 31 35 36 40 37 39 38]
2025-06-29 19:06:28,767{GMT}	INFO	[jepsen worker 0] jepsen.util: 0	:invoke	:broadcast	42
2025-06-29 19:06:28,768{GMT}	INFO	[jepsen worker 0] jepsen.util: 0	:ok	:broadcast	42
2025-06-29 19:06:28,887{GMT}	INFO	[jepsen worker 0] jepsen.util: 0	:invoke	:broadcast	43
2025-06-29 19:06:28,888{GMT}	INFO	[jepsen worker 0] jepsen.util: 0	:ok	:broadcast	43
2025-06-29 19:06:29,048{GMT}	INFO	[jepsen worker 1] jepsen.util: 1	:invoke	:broadcast	44
2025-06-29 19:06:29,050{GMT}	INFO	[jepsen worker 1] jepsen.util: 1	:ok	:broadcast	44
2025-06-29 19:06:29,237{GMT}	INFO	[jepsen worker 2] jepsen.util: 2	:invoke	:read	nil
2025-06-29 19:06:29,239{GMT}	INFO	[jepsen worker 2] jepsen.util: 2	:ok	:read	[1 7 10 14 17 21 31 2 3 4 5 9 8 13 16 15 19 18 22 23 28 25 30 29 32 34 0 6 11 12 20 24 26 27 33 35 38 36 37 40 39 41 44]
2025-06-29 19:06:29,316{GMT}	INFO	[jepsen worker 3] jepsen.util: 3	:invoke	:read	nil
2025-06-29 19:06:29,318{GMT}	INFO	[jepsen worker 3] jepsen.util: 3	:ok	:read	[2 3 5 4 8 9 15 13 18 19 16 23 22 25 29 32 28 30 0 6 11 12 20 24 26 27 33 35 34 1 7 10 14 17 21 31 36 37 39 40 38 41 42 43 44]
2025-06-29 19:06:29,457{GMT}	INFO	[jepsen worker 4] jepsen.util: 4	:invoke	:broadcast	45
2025-06-29 19:06:29,459{GMT}	INFO	[jepsen worker 4] jepsen.util: 4	:ok	:broadcast	45
2025-06-29 19:06:29,629{GMT}	INFO	[jepsen worker 0] jepsen.util: 0	:invoke	:broadcast	46
2025-06-29 19:06:29,630{GMT}	INFO	[jepsen worker 0] jepsen.util: 0	:ok	:broadcast	46
2025-06-29 19:06:29,804{GMT}	INFO	[jepsen worker 0] jepsen.util: 0	:invoke	:read	nil
2025-06-29 19:06:29,806{GMT}	INFO	[jepsen worker 0] jepsen.util: 0	:ok	:read	[0 6 11 12 20 24 26 27 33 2 3 4 5 9 8 13 16 15 19 18 22 23 28 25 30 29 32 34 1 7 10 14 17 21 31 35 36 37 38 39 41 40 42 43 44 46]
2025-06-29 19:06:29,859{GMT}	INFO	[jepsen worker 1] jepsen.util: 1	:invoke	:read	nil
2025-06-29 19:06:29,861{GMT}	INFO	[jepsen worker 1] jepsen.util: 1	:ok	:read	[2 3 4 5 9 8 13 16 15 19 18 22 23 28 25 30 29 32 34 0 6 11 12 20 24 26 27 33 1 7 10 14 17 21 31 35 36 37 38 40 39 41 44 42 43 45]
2025-06-29 19:06:29,896{GMT}	INFO	[jepsen worker 2] jepsen.util: 2	:invoke	:read	nil
2025-06-29 19:06:29,897{GMT}	INFO	[jepsen worker 2] jepsen.util: 2	:ok	:read	[1 7 10 14 17 21 31 2 3 4 5 9 8 13 16 15 19 18 22 23 28 25 30 29 32 34 0 6 11 12 20 24 26 27 33 35 38 36 37 40 39 41 44 42 43]
2025-06-29 19:06:30,001{GMT}	INFO	[jepsen worker 3] jepsen.util: 3	:invoke	:read	nil
2025-06-29 19:06:30,002{GMT}	INFO	[jepsen worker 3] jepsen.util: 3	:ok	:read	[2 3 5 4 8 9 15 13 18 19 16 23 22 25 29 32 28 30 0 6 11 12 20 24 26 27 33 35 34 1 7 10 14 17 21 31 36 37 39 40 38 41 42 43 44 45 46]
2025-06-29 19:06:30,075{GMT}	INFO	[jepsen worker 4] jepsen.util: 4	:invoke	:broadcast	47
2025-06-29 19:06:30,076{GMT}	INFO	[jepsen worker 4] jepsen.util: 4	:ok	:broadcast	47
2025-06-29 19:06:30,195{GMT}	INFO	[jepsen worker 0] jepsen.util: 0	:invoke	:read	nil
2025-06-29 19:06:30,197{GMT}	INFO	[jepsen worker 0] jepsen.util: 0	:ok	:read	[0 6 11 12 20 24 26 27 33 2 3 4 5 9 8 13 16 15 19 18 22 23 28 25 30 29 32 34 1 7 10 14 17 21 31 35 36 37 38 39 41 40 42 43 44 46 45]
2025-06-29 19:06:30,396{GMT}	INFO	[jepsen worker 0] jepsen.util: 0	:invoke	:broadcast	48
2025-06-29 19:06:30,397{GMT}	INFO	[jepsen worker 0] jepsen.util: 0	:ok	:broadcast	48
2025-06-29 19:06:30,512{GMT}	INFO	[jepsen worker 1] jepsen.util: 1	:invoke	:read	nil
2025-06-29 19:06:30,514{GMT}	INFO	[jepsen worker 1] jepsen.util: 1	:ok	:read	[2 3 4 5 9 8 13 16 15 19 18 22 23 28 25 30 29 32 34 0 6 11 12 20 24 26 27 33 1 7 10 14 17 21 31 35 36 37 38 40 39 41 44 42 43 45 46 47]
2025-06-29 19:06:30,605{GMT}	INFO	[jepsen worker 2] jepsen.util: 2	:invoke	:broadcast	49
2025-06-29 19:06:30,607{GMT}	INFO	[jepsen worker 2] jepsen.util: 2	:ok	:broadcast	49
2025-06-29 19:06:30,716{GMT}	INFO	[jepsen worker 3] jepsen.util: 3	:invoke	:read	nil
2025-06-29 19:06:30,717{GMT}	INFO	[jepsen worker 3] jepsen.util: 3	:ok	:read	[2 3 5 4 8 9 15 13 18 19 16 23 22 25 29 32 28 30 0 6 11 12 20 24 26 27 33 35 34 1 7 10 14 17 21 31 36 37 39 40 38 41 42 43 44 45 46 47]
2025-06-29 19:06:30,758{GMT}	INFO	[jepsen worker 4] jepsen.util: 4	:invoke	:read	nil
2025-06-29 19:06:30,759{GMT}	INFO	[jepsen worker 4] jepsen.util: 4	:ok	:read	[2 3 5 4 8 9 13 15 19 18 16 23 22 25 28 30 29 32 34 0 6 11 12 20 24 26 27 33 1 7 10 14 17 21 31 35 36 40 37 39 38 41 44 45 42 43 47 46]
2025-06-29 19:06:30,884{GMT}	INFO	[jepsen worker 0] jepsen.util: 0	:invoke	:broadcast	50
2025-06-29 19:06:30,886{GMT}	INFO	[jepsen worker 0] jepsen.util: 0	:ok	:broadcast	50
2025-06-29 19:06:30,943{GMT}	INFO	[jepsen worker 0] jepsen.util: 0	:invoke	:broadcast	51
2025-06-29 19:06:30,945{GMT}	INFO	[jepsen worker 0] jepsen.util: 0	:ok	:broadcast	51
2025-06-29 19:06:31,092{GMT}	INFO	[jepsen worker 1] jepsen.util: 1	:invoke	:read	nil
2025-06-29 19:06:31,094{GMT}	INFO	[jepsen worker 1] jepsen.util: 1	:ok	:read	[2 3 4 5 9 8 13 16 15 19 18 22 23 28 25 30 29 32 34 0 6 11 12 20 24 26 27 33 1 7 10 14 17 21 31 35 36 37 38 40 39 41 44 42 43 45 46 47 48 49]
2025-06-29 19:06:31,250{GMT}	INFO	[jepsen worker 2] jepsen.util: 2	:invoke	:broadcast	52
2025-06-29 19:06:31,252{GMT}	INFO	[jepsen worker 2] jepsen.util: 2	:ok	:broadcast	52
2025-06-29 19:06:31,281{GMT}	INFO	[jepsen worker 3] jepsen.util: 3	:invoke	:broadcast	53
2025-06-29 19:06:31,283{GMT}	INFO	[jepsen worker 3] jepsen.util: 3	:ok	:broadcast	53
2025-06-29 19:06:31,449{GMT}	INFO	[jepsen worker 4] jepsen.util: 4	:invoke	:read	nil
2025-06-29 19:06:31,451{GMT}	INFO	[jepsen worker 4] jepsen.util: 4	:ok	:read	[2 3 5 4 8 9 13 15 19 18 16 23 22 25 28 30 29 32 34 0 6 11 12 20 24 26 27 33 1 7 10 14 17 21 31 35 36 40 37 39 38 41 44 45 42 43 47 46 48 49]
2025-06-29 19:06:31,621{GMT}	INFO	[jepsen worker 0] jepsen.util: 0	:invoke	:read	nil
2025-06-29 19:06:31,624{GMT}	INFO	[jepsen worker 0] jepsen.util: 0	:ok	:read	[0 6 11 12 20 24 26 27 33 2 3 4 5 9 8 13 16 15 19 18 22 23 28 25 30 29 32 34 1 7 10 14 17 21 31 35 36 37 38 39 41 40 42 43 44 46 45 48 47 50 51 49 53]
2025-06-29 19:06:31,762{GMT}	INFO	[jepsen worker 0] jepsen.util: 0	:invoke	:read	nil
2025-06-29 19:06:31,765{GMT}	INFO	[jepsen worker 0] jepsen.util: 0	:ok	:read	[0 6 11 12 20 24 26 27 33 2 3 4 5 9 8 13 16 15 19 18 22 23 28 25 30 29 32 34 1 7 10 14 17 21 31 35 36 37 38 39 41 40 42 43 44 46 45 48 47 50 51 49 53]
2025-06-29 19:06:31,886{GMT}	INFO	[jepsen worker 1] jepsen.util: 1	:invoke	:broadcast	54
2025-06-29 19:06:31,888{GMT}	INFO	[jepsen worker 1] jepsen.util: 1	:ok	:broadcast	54
2025-06-29 19:06:31,973{GMT}	INFO	[jepsen worker 2] jepsen.util: 2	:invoke	:read	nil
2025-06-29 19:06:31,975{GMT}	INFO	[jepsen worker 2] jepsen.util: 2	:ok	:read	[1 7 10 14 17 21 31 2 3 4 5 9 8 13 16 15 19 18 22 23 28 25 30 29 32 34 0 6 11 12 20 24 26 27 33 35 38 36 37 40 39 41 44 42 43 45 46 49 47 48 52 50 51 54]
2025-06-29 19:06:32,123{GMT}	INFO	[jepsen worker 3] jepsen.util: 3	:invoke	:broadcast	55
2025-06-29 19:06:32,125{GMT}	INFO	[jepsen worker 3] jepsen.util: 3	:ok	:broadcast	55
2025-06-29 19:06:32,225{GMT}	INFO	[jepsen worker 4] jepsen.util: 4	:invoke	:read	nil
2025-06-29 19:06:32,227{GMT}	INFO	[jepsen worker 4] jepsen.util: 4	:ok	:read	[2 3 5 4 8 9 13 15 19 18 16 23 22 25 28 30 29 32 34 0 6 11 12 20 24 26 27 33 1 7 10 14 17 21 31 35 36 40 37 39 38 41 44 45 42 43 47 46 48 49 50 51 53 52 54]
2025-06-29 19:06:32,290{GMT}	INFO	[jepsen worker 0] jepsen.util: 0	:invoke	:broadcast	56
2025-06-29 19:06:32,292{GMT}	INFO	[jepsen worker 0] jepsen.util: 0	:ok	:broadcast	56
2025-06-29 19:06:32,478{GMT}	INFO	[jepsen worker 0] jepsen.util: 0	:invoke	:read	nil
2025-06-29 19:06:32,480{GMT}	INFO	[jepsen worker 0] jepsen.util: 0	:ok	:read	[0 6 11 12 20 24 26 27 33 2 3 4 5 9 8 13 16 15 19 18 22 23 28 25 30 29 32 34 1 7 10 14 17 21 31 35 36 37 38 39 41 40 42 43 44 46 45 48 47 50 51 49 53 52 54 56 55]
2025-06-29 19:06:32,534{GMT}	INFO	[jepsen worker 1] jepsen.util: 1	:invoke	:broadcast	57
2025-06-29 19:06:32,536{GMT}	INFO	[jepsen worker 1] jepsen.util: 1	:ok	:broadcast	57
2025-06-29 19:06:32,699{GMT}	INFO	[jepsen worker 2] jepsen.util: 2	:invoke	:read	nil
2025-06-29 19:06:32,701{GMT}	INFO	[jepsen worker 2] jepsen.util: 2	:ok	:read	[1 7 10 14 17 21 31 2 3 4 5 9 8 13 16 15 19 18 22 23 28 25 30 29 32 34 0 6 11 12 20 24 26 27 33 35 38 36 37 40 39 41 44 42 43 45 46 49 47 48 52 50 51 54 53]
2025-06-29 19:06:32,777{GMT}	INFO	[jepsen worker 3] jepsen.util: 3	:invoke	:broadcast	58
2025-06-29 19:06:32,778{GMT}	INFO	[jepsen worker 3] jepsen.util: 3	:ok	:broadcast	58
2025-06-29 19:06:32,891{GMT}	INFO	[jepsen worker 4] jepsen.util: 4	:invoke	:broadcast	59
2025-06-29 19:06:32,892{GMT}	INFO	[jepsen worker 4] jepsen.util: 4	:ok	:broadcast	59
2025-06-29 19:06:33,043{GMT}	INFO	[jepsen worker 0] jepsen.util: 0	:invoke	:broadcast	60
2025-06-29 19:06:33,045{GMT}	INFO	[jepsen worker 0] jepsen.util: 0	:ok	:broadcast	60
2025-06-29 19:06:33,206{GMT}	INFO	[jepsen worker 0] jepsen.util: 0	:invoke	:read	nil
2025-06-29 19:06:33,208{GMT}	INFO	[jepsen worker 0] jepsen.util: 0	:ok	:read	[0 6 11 12 20 24 26 27 33 2 3 4 5 9 8 13 16 15 19 18 22 23 28 25 30 29 32 34 1 7 10 14 17 21 31 35 36 37 38 39 41 40 42 43 44 46 45 48 47 50 51 49 53 52 54 56 55 57 60 58]
2025-06-29 19:06:33,350{GMT}	INFO	[jepsen worker 1] jepsen.util: 1	:invoke	:read	nil
2025-06-29 19:06:33,353{GMT}	INFO	[jepsen worker 1] jepsen.util: 1	:ok	:read	[2 3 4 5 9 8 13 16 15 19 18 22 23 28 25 30 29 32 34 0 6 11 12 20 24 26 27 33 1 7 10 14 17 21 31 35 36 37 38 40 39 41 44 42 43 45 46 47 48 49 50 51 52 54 53 56 57 55 60 59]
2025-06-29 19:06:33,399{GMT}	INFO	[jepsen worker 2] jepsen.util: 2	:invoke	:broadcast	61
2025-06-29 19:06:33,401{GMT}	INFO	[jepsen worker 2] jepsen.util: 2	:ok	:broadcast	61
2025-06-29 19:06:33,458{GMT}	INFO	[jepsen worker 3] jepsen.util: 3	:invoke	:broadcast	62
2025-06-29 19:06:33,460{GMT}	INFO	[jepsen worker 3] jepsen.util: 3	:ok	:broadcast	62
2025-06-29 19:06:33,548{GMT}	INFO	[jepsen worker 4] jepsen.util: 4	:invoke	:broadcast	63
2025-06-29 19:06:33,550{GMT}	INFO	[jepsen worker 4] jepsen.util: 4	:ok	:broadcast	63
2025-06-29 19:06:33,625{GMT}	INFO	[jepsen worker 0] jepsen.util: 0	:invoke	:broadcast	64
2025-06-29 19:06:33,626{GMT}	INFO	[jepsen worker 0] jepsen.util: 0	:ok	:broadcast	64
2025-06-29 19:06:33,636{GMT}	INFO	[jepsen worker 0] jepsen.util: 0	:invoke	:broadcast	65
2025-06-29 19:06:33,637{GMT}	INFO	[jepsen worker 0] jepsen.util: 0	:ok	:broadcast	65
2025-06-29 19:06:33,777{GMT}	INFO	[jepsen worker 1] jepsen.util: 1	:invoke	:broadcast	66
2025-06-29 19:06:33,779{GMT}	INFO	[jepsen worker 1] jepsen.util: 1	:ok	:broadcast	66
2025-06-29 19:06:33,827{GMT}	INFO	[jepsen worker 2] jepsen.util: 2	:invoke	:broadcast	67
2025-06-29 19:06:33,828{GMT}	INFO	[jepsen worker 2] jepsen.util: 2	:ok	:broadcast	67
2025-06-29 19:06:33,901{GMT}	INFO	[jepsen worker 3] jepsen.util: 3	:invoke	:read	nil
2025-06-29 19:06:33,902{GMT}	INFO	[jepsen worker 3] jepsen.util: 3	:ok	:read	[2 3 5 4 8 9 15 13 18 19 16 23 22 25 29 32 28 30 0 6 11 12 20 24 26 27 33 35 34 1 7 10 14 17 21 31 36 37 39 40 38 41 42 43 44 45 46 47 48 50 51 53 49 55 52 54 56 57 58 60 59 62 63]
2025-06-29 19:06:34,038{GMT}	INFO	[jepsen worker 4] jepsen.util: 4	:invoke	:broadcast	68
2025-06-29 19:06:34,039{GMT}	INFO	[jepsen worker 4] jepsen.util: 4	:ok	:broadcast	68
2025-06-29 19:06:34,139{GMT}	INFO	[jepsen worker 0] jepsen.util: 0	:invoke	:read	nil
2025-06-29 19:06:34,141{GMT}	INFO	[jepsen worker 0] jepsen.util: 0	:ok	:read	[0 6 11 12 20 24 26 27 33 2 3 4 5 9 8 13 16 15 19 18 22 23 28 25 30 29 32 34 1 7 10 14 17 21 31 35 36 37 38 39 41 40 42 43 44 46 45 48 47 50 51 49 53 52 54 56 55 57 60 58 59 62 64 65 61 63 66]
2025-06-29 19:06:34,292{GMT}	INFO	[jepsen worker 0] jepsen.util: 0	:invoke	:read	nil
2025-06-29 19:06:34,294{GMT}	INFO	[jepsen worker 0] jepsen.util: 0	:ok	:read	[0 6 11 12 20 24 26 27 33 2 3 4 5 9 8 13 16 15 19 18 22 23 28 25 30 29 32 34 1 7 10 14 17 21 31 35 36 37 38 39 41 40 42 43 44 46 45 48 47 50 51 49 53 52 54 56 55 57 60 58 59 62 64 65 61 63 66]
2025-06-29 19:06:34,479{GMT}	INFO	[jepsen worker 1] jepsen.util: 1	:invoke	:read	nil
2025-06-29 19:06:34,482{GMT}	INFO	[jepsen worker 1] jepsen.util: 1	:ok	:read	[2 3 4 5 9 8 13 16 15 19 18 22 23 28 25 30 29 32 34 0 6 11 12 20 24 26 27 33 1 7 10 14 17 21 31 35 36 37 38 40 39 41 44 42 43 45 46 47 48 49 50 51 52 54 53 56 57 55 60 59 58 61 63 66 62 64 65 67 68]
2025-06-29 19:06:34,655{GMT}	INFO	[jepsen worker 2] jepsen.util: 2	:invoke	:read	nil
2025-06-29 19:06:34,657{GMT}	INFO	[jepsen worker 2] jepsen.util: 2	:ok	:read	[1 7 10 14 17 21 31 2 3 4 5 9 8 13 16 15 19 18 22 23 28 25 30 29 32 34 0 6 11 12 20 24 26 27 33 35 38 36 37 40 39 41 44 42 43 45 46 49 47 48 52 50 51 54 53 56 57 55 61 60 59 67 58 63 66 62 64 65]
2025-06-29 19:06:34,793{GMT}	INFO	[jepsen worker 3] jepsen.util: 3	:invoke	:read	nil
2025-06-29 19:06:34,794{GMT}	INFO	[jepsen worker 3] jepsen.util: 3	:ok	:read	[2 3 5 4 8 9 15 13 18 19 16 23 22 25 29 32 28 30 0 6 11 12 20 24 26 27 33 35 34 1 7 10 14 17 21 31 36 37 39 40 38 41 42 43 44 45 46 47 48 50 51 53 49 55 52 54 56 57 58 60 59 62 63 64 65 61 66 68 67]
2025-06-29 19:06:34,876{GMT}	INFO	[jepsen worker 4] jepsen.util: 4	:invoke	:read	nil
2025-06-29 19:06:34,877{GMT}	INFO	[jepsen worker 4] jepsen.util: 4	:ok	:read	[2 3 5 4 8 9 13 15 19 18 16 23 22 25 28 30 29 32 34 0 6 11 12 20 24 26 27 33 1 7 10 14 17 21 31 35 36 40 37 39 38 41 44 45 42 43 47 46 48 49 50 51 53 52 54 55 56 57 59 58 63 60 62 61 66 68 64 65 67]
2025-06-29 19:06:34,966{GMT}	INFO	[jepsen worker 0] jepsen.util: 0	:invoke	:broadcast	69
2025-06-29 19:06:34,967{GMT}	INFO	[jepsen worker 0] jepsen.util: 0	:ok	:broadcast	69
2025-06-29 19:06:35,127{GMT}	INFO	[jepsen worker 0] jepsen.util: 0	:invoke	:read	nil
2025-06-29 19:06:35,129{GMT}	INFO	[jepsen worker 0] jepsen.util: 0	:ok	:read	[0 6 11 12 20 24 26 27 33 2 3 4 5 9 8 13 16 15 19 18 22 23 28 25 30 29 32 34 1 7 10 14 17 21 31 35 36 37 38 39 41 40 42 43 44 46 45 48 47 50 51 49 53 52 54 56 55 57 60 58 59 62 64 65 61 63 66 67 68 69]
2025-06-29 19:06:35,310{GMT}	INFO	[jepsen worker 1] jepsen.util: 1	:invoke	:broadcast	70
2025-06-29 19:06:35,312{GMT}	INFO	[jepsen worker 1] jepsen.util: 1	:ok	:broadcast	70
2025-06-29 19:06:35,400{GMT}	INFO	[jepsen worker 2] jepsen.util: 2	:invoke	:read	nil
2025-06-29 19:06:35,402{GMT}	INFO	[jepsen worker 2] jepsen.util: 2	:ok	:read	[1 7 10 14 17 21 31 2 3 4 5 9 8 13 16 15 19 18 22 23 28 25 30 29 32 34 0 6 11 12 20 24 26 27 33 35 38 36 37 40 39 41 44 42 43 45 46 49 47 48 52 50 51 54 53 56 57 55 61 60 59 67 58 63 66 62 64 65 68]
2025-06-29 19:06:35,441{GMT}	INFO	[jepsen worker 3] jepsen.util: 3	:invoke	:read	nil
2025-06-29 19:06:35,443{GMT}	INFO	[jepsen worker 3] jepsen.util: 3	:ok	:read	[2 3 5 4 8 9 15 13 18 19 16 23 22 25 29 32 28 30 0 6 11 12 20 24 26 27 33 35 34 1 7 10 14 17 21 31 36 37 39 40 38 41 42 43 44 45 46 47 48 50 51 53 49 55 52 54 56 57 58 60 59 62 63 64 65 61 66 68 67 69]
2025-06-29 19:06:35,558{GMT}	INFO	[jepsen worker 4] jepsen.util: 4	:invoke	:broadcast	71
2025-06-29 19:06:35,559{GMT}	INFO	[jepsen worker 4] jepsen.util: 4	:ok	:broadcast	71
2025-06-29 19:06:35,723{GMT}	INFO	[jepsen worker 0] jepsen.util: 0	:invoke	:read	nil
2025-06-29 19:06:35,725{GMT}	INFO	[jepsen worker 0] jepsen.util: 0	:ok	:read	[0 6 11 12 20 24 26 27 33 2 3 4 5 9 8 13 16 15 19 18 22 23 28 25 30 29 32 34 1 7 10 14 17 21 31 35 36 37 38 39 41 40 42 43 44 46 45 48 47 50 51 49 53 52 54 56 55 57 60 58 59 62 64 65 61 63 66 67 68 69 70]
2025-06-29 19:06:35,787{GMT}	INFO	[jepsen worker 0] jepsen.util: 0	:invoke	:broadcast	72
2025-06-29 19:06:35,789{GMT}	INFO	[jepsen worker 0] jepsen.util: 0	:ok	:broadcast	72
2025-06-29 19:06:35,976{GMT}	INFO	[jepsen worker 1] jepsen.util: 1	:invoke	:broadcast	73
2025-06-29 19:06:35,978{GMT}	INFO	[jepsen worker 1] jepsen.util: 1	:ok	:broadcast	73
2025-06-29 19:06:36,166{GMT}	INFO	[jepsen worker 2] jepsen.util: 2	:invoke	:read	nil
2025-06-29 19:06:36,168{GMT}	INFO	[jepsen worker 2] jepsen.util: 2	:ok	:read	[1 7 10 14 17 21 31 2 3 4 5 9 8 13 16 15 19 18 22 23 28 25 30 29 32 34 0 6 11 12 20 24 26 27 33 35 38 36 37 40 39 41 44 42 43 45 46 49 47 48 52 50 51 54 53 56 57 55 61 60 59 67 58 63 66 62 64 65 68 69 70 71 73]
2025-06-29 19:06:36,179{GMT}	INFO	[jepsen worker 3] jepsen.util: 3	:invoke	:read	nil
2025-06-29 19:06:36,181{GMT}	INFO	[jepsen worker 3] jepsen.util: 3	:ok	:read	[2 3 5 4 8 9 15 13 18 19 16 23 22 25 29 32 28 30 0 6 11 12 20 24 26 27 33 35 34 1 7 10 14 17 21 31 36 37 39 40 38 41 42 43 44 45 46 47 48 50 51 53 49 55 52 54 56 57 58 60 59 62 63 64 65 61 66 68 67 69 71 70 72]
2025-06-29 19:06:36,312{GMT}	INFO	[jepsen worker 4] jepsen.util: 4	:invoke	:read	nil
2025-06-29 19:06:36,314{GMT}	INFO	[jepsen worker 4] jepsen.util: 4	:ok	:read	[2 3 5 4 8 9 13 15 19 18 16 23 22 25 28 30 29 32 34 0 6 11 12 20 24 26 27 33 1 7 10 14 17 21 31 35 36 40 37 39 38 41 44 45 42 43 47 46 48 49 50 51 53 52 54 55 56 57 59 58 63 60 62 61 66 68 64 65 67 71 69 70 73]
2025-06-29 19:06:36,458{GMT}	INFO	[jepsen worker 0] jepsen.util: 0	:invoke	:broadcast	74
2025-06-29 19:06:36,459{GMT}	INFO	[jepsen worker 0] jepsen.util: 0	:ok	:broadcast	74
2025-06-29 19:06:36,466{GMT}	INFO	[jepsen worker 0] jepsen.util: 0	:invoke	:broadcast	75
2025-06-29 19:06:36,467{GMT}	INFO	[jepsen worker 0] jepsen.util: 0	:ok	:broadcast	75
2025-06-29 19:06:36,513{GMT}	INFO	[jepsen worker 1] jepsen.util: 1	:invoke	:broadcast	76
2025-06-29 19:06:36,514{GMT}	INFO	[jepsen worker 1] jepsen.util: 1	:ok	:broadcast	76
2025-06-29 19:06:36,659{GMT}	INFO	[jepsen worker 2] jepsen.util: 2	:invoke	:read	nil
2025-06-29 19:06:36,661{GMT}	INFO	[jepsen worker 2] jepsen.util: 2	:ok	:read	[1 7 10 14 17 21 31 2 3 4 5 9 8 13 16 15 19 18 22 23 28 25 30 29 32 34 0 6 11 12 20 24 26 27 33 35 38 36 37 40 39 41 44 42 43 45 46 49 47 48 52 50 51 54 53 56 57 55 61 60 59 67 58 63 66 62 64 65 68 69 70 71 73 72]
2025-06-29 19:06:36,784{GMT}	INFO	[jepsen worker 3] jepsen.util: 3	:invoke	:broadcast	77
2025-06-29 19:06:36,786{GMT}	INFO	[jepsen worker 3] jepsen.util: 3	:ok	:broadcast	77
2025-06-29 19:06:36,949{GMT}	INFO	[jepsen worker 4] jepsen.util: 4	:invoke	:read	nil
2025-06-29 19:06:36,951{GMT}	INFO	[jepsen worker 4] jepsen.util: 4	:ok	:read	[2 3 5 4 8 9 13 15 19 18 16 23 22 25 28 30 29 32 34 0 6 11 12 20 24 26 27 33 1 7 10 14 17 21 31 35 36 40 37 39 38 41 44 45 42 43 47 46 48 49 50 51 53 52 54 55 56 57 59 58 63 60 62 61 66 68 64 65 67 71 69 70 73 72 76]
2025-06-29 19:06:36,995{GMT}	INFO	[jepsen worker 0] jepsen.util: 0	:invoke	:broadcast	78
2025-06-29 19:06:36,997{GMT}	INFO	[jepsen worker 0] jepsen.util: 0	:ok	:broadcast	78
2025-06-29 19:06:37,180{GMT}	INFO	[jepsen worker 0] jepsen.util: 0	:invoke	:read	nil
2025-06-29 19:06:37,195{GMT}	INFO	[jepsen worker 0] jepsen.util: 0	:ok	:read	[0 6 11 12 20 24 26 27 33 2 3 4 5 9 8 13 16 15 19 18 22 23 28 25 30 29 32 34 1 7 10 14 17 21 31 35 36 37 38 39 41 40 42 43 44 46 45 48 47 50 51 49 53 52 54 56 55 57 60 58 59 62 64 65 61 63 66 67 68 69 70 72 71 73 74 75 76 78]
2025-06-29 19:06:37,200{GMT}	INFO	[jepsen worker 1] jepsen.util: 1	:invoke	:broadcast	79
2025-06-29 19:06:37,201{GMT}	INFO	[jepsen worker 1] jepsen.util: 1	:ok	:broadcast	79
2025-06-29 19:06:37,316{GMT}	INFO	[jepsen worker 2] jepsen.util: 2	:invoke	:broadcast	80
2025-06-29 19:06:37,316{GMT}	INFO	[jepsen worker 2] jepsen.util: 2	:ok	:broadcast	80
2025-06-29 19:06:37,490{GMT}	INFO	[jepsen worker 3] jepsen.util: 3	:invoke	:broadcast	81
2025-06-29 19:06:37,492{GMT}	INFO	[jepsen worker 3] jepsen.util: 3	:ok	:broadcast	81
2025-06-29 19:06:37,606{GMT}	INFO	[jepsen worker 4] jepsen.util: 4	:invoke	:read	nil
2025-06-29 19:06:37,608{GMT}	INFO	[jepsen worker 4] jepsen.util: 4	:ok	:read	[2 3 5 4 8 9 13 15 19 18 16 23 22 25 28 30 29 32 34 0 6 11 12 20 24 26 27 33 1 7 10 14 17 21 31 35 36 40 37 39 38 41 44 45 42 43 47 46 48 49 50 51 53 52 54 55 56 57 59 58 63 60 62 61 66 68 64 65 67 71 69 70 73 72 76 77 74 75 78 81 79 80]
2025-06-29 19:06:37,653{GMT}	INFO	[jepsen worker 0] jepsen.util: 0	:invoke	:read	nil
2025-06-29 19:06:37,654{GMT}	INFO	[jepsen worker 0] jepsen.util: 0	:ok	:read	[0 6 11 12 20 24 26 27 33 2 3 4 5 9 8 13 16 15 19 18 22 23 28 25 30 29 32 34 1 7 10 14 17 21 31 35 36 37 38 39 41 40 42 43 44 46 45 48 47 50 51 49 53 52 54 56 55 57 60 58 59 62 64 65 61 63 66 67 68 69 70 72 71 73 74 75 76 78 77 81 79 80]
2025-06-29 19:06:37,773{GMT}	INFO	[jepsen worker 0] jepsen.util: 0	:invoke	:broadcast	82
2025-06-29 19:06:37,775{GMT}	INFO	[jepsen worker 0] jepsen.util: 0	:ok	:broadcast	82
2025-06-29 19:06:37,817{GMT}	INFO	[jepsen worker 1] jepsen.util: 1	:invoke	:read	nil
2025-06-29 19:06:37,819{GMT}	INFO	[jepsen worker 1] jepsen.util: 1	:ok	:read	[2 3 4 5 9 8 13 16 15 19 18 22 23 28 25 30 29 32 34 0 6 11 12 20 24 26 27 33 1 7 10 14 17 21 31 35 36 37 38 40 39 41 44 42 43 45 46 47 48 49 50 51 52 54 53 56 57 55 60 59 58 61 63 66 62 64 65 67 68 69 70 71 73 72 76 74 75 78 79 80 77]
2025-06-29 19:06:37,903{GMT}	INFO	[jepsen worker 2] jepsen.util: 2	:invoke	:read	nil
2025-06-29 19:06:37,905{GMT}	INFO	[jepsen worker 2] jepsen.util: 2	:ok	:read	[1 7 10 14 17 21 31 2 3 4 5 9 8 13 16 15 19 18 22 23 28 25 30 29 32 34 0 6 11 12 20 24 26 27 33 35 38 36 37 40 39 41 44 42 43 45 46 49 47 48 52 50 51 54 53 56 57 55 61 60 59 67 58 63 66 62 64 65 68 69 70 71 73 72 76 74 75 80 78 79 77]
2025-06-29 19:06:38,071{GMT}	INFO	[jepsen worker 3] jepsen.util: 3	:invoke	:read	nil
2025-06-29 19:06:38,073{GMT}	INFO	[jepsen worker 3] jepsen.util: 3	:ok	:read	[2 3 5 4 8 9 15 13 18 19 16 23 22 25 29 32 28 30 0 6 11 12 20 24 26 27 33 35 34 1 7 10 14 17 21 31 36 37 39 40 38 41 42 43 44 45 46 47 48 50 51 53 49 55 52 54 56 57 58 60 59 62 63 64 65 61 66 68 67 69 71 70 72 73 77 74 75 76 78 81 79 80 82]
2025-06-29 19:06:38,217{GMT}	INFO	[jepsen worker 4] jepsen.util: 4	:invoke	:read	nil
2025-06-29 19:06:38,219{GMT}	INFO	[jepsen worker 4] jepsen.util: 4	:ok	:read	[2 3 5 4 8 9 13 15 19 18 16 23 22 25 28 30 29 32 34 0 6 11 12 20 24 26 27 33 1 7 10 14 17 21 31 35 36 40 37 39 38 41 44 45 42 43 47 46 48 49 50 51 53 52 54 55 56 57 59 58 63 60 62 61 66 68 64 65 67 71 69 70 73 72 76 77 74 75 78 81 79 80]
2025-06-29 19:06:38,389{GMT}	INFO	[jepsen worker 0] jepsen.util: 0	:invoke	:read	nil
2025-06-29 19:06:38,391{GMT}	INFO	[jepsen worker 0] jepsen.util: 0	:ok	:read	[0 6 11 12 20 24 26 27 33 2 3 4 5 9 8 13 16 15 19 18 22 23 28 25 30 29 32 34 1 7 10 14 17 21 31 35 36 37 38 39 41 40 42 43 44 46 45 48 47 50 51 49 53 52 54 56 55 57 60 58 59 62 64 65 61 63 66 67 68 69 70 72 71 73 74 75 76 78 77 81 79 80 82]
2025-06-29 19:06:38,393{GMT}	INFO	[jepsen worker 0] jepsen.util: 0	:invoke	:read	nil
2025-06-29 19:06:38,394{GMT}	INFO	[jepsen worker 0] jepsen.util: 0	:ok	:read	[0 6 11 12 20 24 26 27 33 2 3 4 5 9 8 13 16 15 19 18 22 23 28 25 30 29 32 34 1 7 10 14 17 21 31 35 36 37 38 39 41 40 42 43 44 46 45 48 47 50 51 49 53 52 54 56 55 57 60 58 59 62 64 65 61 63 66 67 68 69 70 72 71 73 74 75 76 78 77 81 79 80 82]
2025-06-29 19:06:38,471{GMT}	INFO	[jepsen worker 1] jepsen.util: 1	:invoke	:read	nil
2025-06-29 19:06:38,472{GMT}	INFO	[jepsen worker 1] jepsen.util: 1	:ok	:read	[2 3 4 5 9 8 13 16 15 19 18 22 23 28 25 30 29 32 34 0 6 11 12 20 24 26 27 33 1 7 10 14 17 21 31 35 36 37 38 40 39 41 44 42 43 45 46 47 48 49 50 51 52 54 53 56 57 55 60 59 58 61 63 66 62 64 65 67 68 69 70 71 73 72 76 74 75 78 79 80 77 81 82]
2025-06-29 19:06:38,534{GMT}	INFO	[jepsen worker 2] jepsen.util: 2	:invoke	:broadcast	83
2025-06-29 19:06:38,535{GMT}	INFO	[jepsen worker 2] jepsen.util: 2	:ok	:broadcast	83
2025-06-29 19:06:38,604{GMT}	INFO	[jepsen worker 3] jepsen.util: 3	:invoke	:read	nil
2025-06-29 19:06:38,607{GMT}	INFO	[jepsen worker 3] jepsen.util: 3	:ok	:read	[2 3 5 4 8 9 15 13 18 19 16 23 22 25 29 32 28 30 0 6 11 12 20 24 26 27 33 35 34 1 7 10 14 17 21 31 36 37 39 40 38 41 42 43 44 45 46 47 48 50 51 53 49 55 52 54 56 57 58 60 59 62 63 64 65 61 66 68 67 69 71 70 72 73 77 74 75 76 78 81 79 80 82]
2025-06-29 19:06:38,634{GMT}	INFO	[jepsen worker 4] jepsen.util: 4	:invoke	:broadcast	84
2025-06-29 19:06:38,636{GMT}	INFO	[jepsen worker 4] jepsen.util: 4	:ok	:broadcast	84
2025-06-29 19:06:38,821{GMT}	INFO	[jepsen worker 0] jepsen.util: 0	:invoke	:read	nil
2025-06-29 19:06:38,823{GMT}	INFO	[jepsen worker 0] jepsen.util: 0	:ok	:read	[0 6 11 12 20 24 26 27 33 2 3 4 5 9 8 13 16 15 19 18 22 23 28 25 30 29 32 34 1 7 10 14 17 21 31 35 36 37 38 39 41 40 42 43 44 46 45 48 47 50 51 49 53 52 54 56 55 57 60 58 59 62 64 65 61 63 66 67 68 69 70 72 71 73 74 75 76 78 77 81 79 80 82]
2025-06-29 19:06:38,873{GMT}	INFO	[jepsen worker 0] jepsen.util: 0	:invoke	:read	nil
2025-06-29 19:06:38,874{GMT}	INFO	[jepsen worker 0] jepsen.util: 0	:ok	:read	[0 6 11 12 20 24 26 27 33 2 3 4 5 9 8 13 16 15 19 18 22 23 28 25 30 29 32 34 1 7 10 14 17 21 31 35 36 37 38 39 41 40 42 43 44 46 45 48 47 50 51 49 53 52 54 56 55 57 60 58 59 62 64 65 61 63 66 67 68 69 70 72 71 73 74 75 76 78 77 81 79 80 82]
2025-06-29 19:06:39,009{GMT}	INFO	[jepsen worker 1] jepsen.util: 1	:invoke	:broadcast	85
2025-06-29 19:06:39,010{GMT}	INFO	[jepsen worker 1] jepsen.util: 1	:ok	:broadcast	85
2025-06-29 19:06:39,172{GMT}	INFO	[jepsen worker 2] jepsen.util: 2	:invoke	:read	nil
2025-06-29 19:06:39,174{GMT}	INFO	[jepsen worker 2] jepsen.util: 2	:ok	:read	[1 7 10 14 17 21 31 2 3 4 5 9 8 13 16 15 19 18 22 23 28 25 30 29 32 34 0 6 11 12 20 24 26 27 33 35 38 36 37 40 39 41 44 42 43 45 46 49 47 48 52 50 51 54 53 56 57 55 61 60 59 67 58 63 66 62 64 65 68 69 70 71 73 72 76 74 75 80 78 79 77 81 82 83]
2025-06-29 19:06:39,337{GMT}	INFO	[jepsen worker 3] jepsen.util: 3	:invoke	:read	nil
2025-06-29 19:06:39,339{GMT}	INFO	[jepsen worker 3] jepsen.util: 3	:ok	:read	[2 3 5 4 8 9 15 13 18 19 16 23 22 25 29 32 28 30 0 6 11 12 20 24 26 27 33 35 34 1 7 10 14 17 21 31 36 37 39 40 38 41 42 43 44 45 46 47 48 50 51 53 49 55 52 54 56 57 58 60 59 62 63 64 65 61 66 68 67 69 71 70 72 73 77 74 75 76 78 81 79 80 82 84]
2025-06-29 19:06:39,382{GMT}	INFO	[jepsen worker 4] jepsen.util: 4	:invoke	:broadcast	86
2025-06-29 19:06:39,383{GMT}	INFO	[jepsen worker 4] jepsen.util: 4	:ok	:broadcast	86
2025-06-29 19:06:39,400{GMT}	INFO	[jepsen worker 0] jepsen.util: 0	:invoke	:read	nil
2025-06-29 19:06:39,400{GMT}	INFO	[jepsen worker 0] jepsen.util: 0	:ok	:read	[0 6 11 12 20 24 26 27 33 2 3 4 5 9 8 13 16 15 19 18 22 23 28 25 30 29 32 34 1 7 10 14 17 21 31 35 36 37 38 39 41 40 42 43 44 46 45 48 47 50 51 49 53 52 54 56 55 57 60 58 59 62 64 65 61 63 66 67 68 69 70 72 71 73 74 75 76 78 77 81 79 80 82 84 83 85]
2025-06-29 19:06:39,470{GMT}	INFO	[jepsen worker 0] jepsen.util: 0	:invoke	:broadcast	87
2025-06-29 19:06:39,470{GMT}	INFO	[jepsen worker 0] jepsen.util: 0	:ok	:broadcast	87
2025-06-29 19:06:39,520{GMT}	INFO	[jepsen worker 1] jepsen.util: 1	:invoke	:broadcast	88
2025-06-29 19:06:39,521{GMT}	INFO	[jepsen worker 1] jepsen.util: 1	:ok	:broadcast	88
2025-06-29 19:06:39,533{GMT}	INFO	[jepsen worker 2] jepsen.util: 2	:invoke	:broadcast	89
2025-06-29 19:06:39,535{GMT}	INFO	[jepsen worker 2] jepsen.util: 2	:ok	:broadcast	89
2025-06-29 19:06:39,615{GMT}	INFO	[jepsen worker 3] jepsen.util: 3	:invoke	:read	nil
2025-06-29 19:06:39,616{GMT}	INFO	[jepsen worker 3] jepsen.util: 3	:ok	:read	[2 3 5 4 8 9 15 13 18 19 16 23 22 25 29 32 28 30 0 6 11 12 20 24 26 27 33 35 34 1 7 10 14 17 21 31 36 37 39 40 38 41 42 43 44 45 46 47 48 50 51 53 49 55 52 54 56 57 58 60 59 62 63 64 65 61 66 68 67 69 71 70 72 73 77 74 75 76 78 81 79 80 82 84 83 85 87 86]
2025-06-29 19:06:39,775{GMT}	INFO	[jepsen worker 4] jepsen.util: 4	:invoke	:read	nil
2025-06-29 19:06:39,776{GMT}	INFO	[jepsen worker 4] jepsen.util: 4	:ok	:read	[2 3 5 4 8 9 13 15 19 18 16 23 22 25 28 30 29 32 34 0 6 11 12 20 24 26 27 33 1 7 10 14 17 21 31 35 36 40 37 39 38 41 44 45 42 43 47 46 48 49 50 51 53 52 54 55 56 57 59 58 63 60 62 61 66 68 64 65 67 71 69 70 73 72 76 77 74 75 78 81 79 80 82 84 83 85 86 88 87]
2025-06-29 19:06:39,966{GMT}	INFO	[jepsen worker 0] jepsen.util: 0	:invoke	:broadcast	90
2025-06-29 19:06:39,968{GMT}	INFO	[jepsen worker 0] jepsen.util: 0	:ok	:broadcast	90
2025-06-29 19:06:39,968{GMT}	INFO	[jepsen worker nemesis] jepsen.util: :nemesis	:info	:stop-partition	nil
2025-06-29 19:06:39,969{GMT}	INFO	[jepsen worker nemesis] jepsen.util: :nemesis	:info	:stop-partition	:network-healed
2025-06-29 19:06:39,970{GMT}	INFO	[jepsen worker 1] jepsen.generator.interpreter: Waiting for recovery...
2025-06-29 19:06:49,983{GMT}	INFO	[jepsen worker 2] jepsen.util: 2	:invoke	:read	nil
2025-06-29 19:06:49,983{GMT}	INFO	[jepsen worker 3] jepsen.util: 3	:invoke	:read	nil
2025-06-29 19:06:49,983{GMT}	INFO	[jepsen worker 0] jepsen.util: 0	:invoke	:read	nil
2025-06-29 19:06:49,983{GMT}	INFO	[jepsen worker 1] jepsen.util: 1	:invoke	:read	nil
2025-06-29 19:06:49,983{GMT}	INFO	[jepsen worker 4] jepsen.util: 4	:invoke	:read	nil
2025-06-29 19:06:49,985{GMT}	INFO	[jepsen worker 4] jepsen.util: 4	:ok	:read	[2 3 5 4 8 9 13 15 19 18 16 23 22 25 28 30 29 32 34 0 6 11 12 20 24 26 27 33 1 7 10 14 17 21 31 35 36 40 37 39 38 41 44 45 42 43 47 46 48 49 50 51 53 52 54 55 56 57 59 58 63 60 62 61 66 68 64 65 67 71 69 70 73 72 76 77 74 75 78 81 79 80 82 84 83 85 86 88 87 89 90]
2025-06-29 19:06:49,985{GMT}	INFO	[jepsen worker 0] jepsen.util: 0	:ok	:read	[0 6 11 12 20 24 26 27 33 2 3 4 5 9 8 13 16 15 19 18 22 23 28 25 30 29 32 34 1 7 10 14 17 21 31 35 36 37 38 39 41 40 42 43 44 46 45 48 47 50 51 49 53 52 54 56 55 57 60 58 59 62 64 65 61 63 66 67 68 69 70 72 71 73 74 75 76 78 77 81 79 80 82 84 83 85 87 88 90 86 89]
2025-06-29 19:06:49,985{GMT}	INFO	[jepsen worker 1] jepsen.util: 1	:ok	:read	[2 3 4 5 9 8 13 16 15 19 18 22 23 28 25 30 29 32 34 0 6 11 12 20 24 26 27 33 1 7 10 14 17 21 31 35 36 37 38 40 39 41 44 42 43 45 46 47 48 49 50 51 52 54 53 56 57 55 60 59 58 61 63 66 62 64 65 67 68 69 70 71 73 72 76 74 75 78 79 80 77 81 82 83 84 85 88 87 89 86 90]
2025-06-29 19:06:49,985{GMT}	INFO	[jepsen worker 3] jepsen.util: 3	:ok	:read	[2 3 5 4 8 9 15 13 18 19 16 23 22 25 29 32 28 30 0 6 11 12 20 24 26 27 33 35 34 1 7 10 14 17 21 31 36 37 39 40 38 41 42 43 44 45 46 47 48 50 51 53 49 55 52 54 56 57 58 60 59 62 63 64 65 61 66 68 67 69 71 70 72 73 77 74 75 76 78 81 79 80 82 84 83 85 87 86 88 90 89]
2025-06-29 19:06:49,985{GMT}	INFO	[jepsen worker 2] jepsen.util: 2	:ok	:read	[1 7 10 14 17 21 31 2 3 4 5 9 8 13 16 15 19 18 22 23 28 25 30 29 32 34 0 6 11 12 20 24 26 27 33 35 38 36 37 40 39 41 44 42 43 45 46 49 47 48 52 50 51 54 53 56 57 55 61 60 59 67 58 63 66 62 64 65 68 69 70 71 73 72 76 74 75 80 78 79 77 81 82 83 84 85 89 88 87 86 90]
2025-06-29 19:06:50,004{GMT}	INFO	[jepsen test runner] jepsen.core: Run complete, writing
2025-06-29 19:06:50,064{GMT}	INFO	[jepsen node n0] maelstrom.db: Tearing down n0
2025-06-29 19:06:50,065{GMT}	INFO	[jepsen node n1] maelstrom.db: Tearing down n1
2025-06-29 19:06:50,065{GMT}	INFO	[jepsen node n3] maelstrom.db: Tearing down n3
2025-06-29 19:06:50,065{GMT}	INFO	[jepsen node n4] maelstrom.db: Tearing down n4
2025-06-29 19:06:50,065{GMT}	INFO	[jepsen node n2] maelstrom.db: Tearing down n2
2025-06-29 19:06:51,538{GMT}	INFO	[jepsen node n0] maelstrom.net: Shutting down Maelstrom network
2025-06-29 19:06:51,542{GMT}	INFO	[jepsen test runner] jepsen.core: Analyzing...
2025-06-29 19:06:52,035{GMT}	INFO	[jepsen test runner] jepsen.core: Analysis complete
2025-06-29 19:06:52,058{GMT}	INFO	[jepsen results] jepsen.store: Wrote /Users/anandtrehan/flyio_challenges/maelstrom/store/broadcast/20250629T190618.107-0400/results.edn
2025-06-29 19:06:52,079{GMT}	INFO	[jepsen test runner] jepsen.core: {:perf {:latency-graph {:valid? true},
        :rate-graph {:valid? true},
        :valid? true},
 :timeline {:valid? true},
 :exceptions {:valid? true},
 :stats {:valid? true,
         :count 201,
         :ok-count 201,
         :fail-count 0,
         :info-count 0,
         :by-f {:broadcast {:valid? true,
                            :count 91,
                            :ok-count 91,
                            :fail-count 0,
                            :info-count 0},
                :read {:valid? true,
                       :count 110,
                       :ok-count 110,
                       :fail-count 0,
                       :info-count 0}}},
 :availability {:valid? true, :ok-fraction 1.0},
 :net {:all {:send-count 1820,
             :recv-count 1734,
             :msg-count 1820,
             :msgs-per-op 9.054727},
       :clients {:send-count 422, :recv-count 422, :msg-count 422},
       :servers {:send-count 1398,
                 :recv-count 1312,
                 :msg-count 1398,
                 :msgs-per-op 6.955224},
       :valid? true},
 :workload {:worst-stale ({:element 1,
                           :outcome :stable,
                           :stable-latency 6550,
                           :lost-latency nil,
                           :known #jepsen.history.Op{:index 5,
                                                     :time 175864584,
                                                     :type :ok,
                                                     :process 2,
                                                     :f :add,
                                                     :value 1},
                           :last-absent #jepsen.history.Op{:index 156,
                                                           :time 6726357709,
                                                           :type :invoke,
                                                           :process 0,
                                                           :f :read,
                                                           :value nil}}
                          {:element 0,
                           :outcome :stable,
                           :stable-latency 6516,
                           :lost-latency nil,
                           :known #jepsen.history.Op{:index 3,
                                                     :time 19061959,
                                                     :type :ok,
                                                     :process 0,
                                                     :f :add,
                                                     :value 0},
                           :last-absent #jepsen.history.Op{:index 152,
                                                           :time 6535742209,
                                                           :type :invoke,
                                                           :process 4,
                                                           :f :read,
                                                           :value nil}}
                          {:element 2,
                           :outcome :stable,
                           :stable-latency 6026,
                           :lost-latency nil,
                           :known #jepsen.history.Op{:index 7,
                                                     :time 366407459,
                                                     :type :ok,
                                                     :process 3,
                                                     :f :add,
                                                     :value 2},
                           :last-absent #jepsen.history.Op{:index 148,
                                                           :time 6392663834,
                                                           :type :invoke,
                                                           :process 2,
                                                           :f :read,
                                                           :value nil}}
                          {:element 3,
                           :outcome :stable,
                           :stable-latency 5865,
                           :lost-latency nil,
                           :known #jepsen.history.Op{:index 9,
                                                     :time 527333584,
                                                     :type :ok,
                                                     :process 4,
                                                     :f :add,
                                                     :value 3},
                           :last-absent #jepsen.history.Op{:index 148,
                                                           :time 6392663834,
                                                           :type :invoke,
                                                           :process 2,
                                                           :f :read,
                                                           :value nil}}
                          {:element 4,
                           :outcome :stable,
                           :stable-latency 5539,
                           :lost-latency nil,
                           :known #jepsen.history.Op{:index 15,
                                                     :time 853544042,
                                                     :type :ok,
                                                     :process 1,
                                                     :f :add,
                                                     :value 4},
                           :last-absent #jepsen.history.Op{:index 148,
                                                           :time 6392663834,
                                                           :type :invoke,
                                                           :process 2,
                                                           :f :read,
                                                           :value nil}}
                          {:element 5,
                           :outcome :stable,
                           :stable-latency 5319,
                           :lost-latency nil,
                           :known #jepsen.history.Op{:index 19,
                                                     :time 1072967625,
                                                     :type :ok,
                                                     :process 3,
                                                     :f :add,
                                                     :value 5},
                           :last-absent #jepsen.history.Op{:index 148,
                                                           :time 6392663834,
                                                           :type :invoke,
                                                           :process 2,
                                                           :f :read,
                                                           :value nil}}
                          {:element 6,
                           :outcome :stable,
                           :stable-latency 5138,
                           :lost-latency nil,
                           :known #jepsen.history.Op{:index 25,
                                                     :time 1397071625,
                                                     :type :ok,
                                                     :process 0,
                                                     :f :add,
                                                     :value 6},
                           :last-absent #jepsen.history.Op{:index 152,
                                                           :time 6535742209,
                                                           :type :invoke,
                                                           :process 4,
                                                           :f :read,
                                                           :value nil}}
                          {:element 7,
                           :outcome :stable,
                           :stable-latency 5093,
                           :lost-latency nil,
                           :known #jepsen.history.Op{:index 29,
                                                     :time 1632391625,
                                                     :type :ok,
                                                     :process 2,
                                                     :f :add,
                                                     :value 7},
                           :last-absent #jepsen.history.Op{:index 156,
                                                           :time 6726357709,
                                                           :type :invoke,
                                                           :process 0,
                                                           :f :read,
                                                           :value nil}}),
            :duplicated-count 0,
            :valid? true,
            :lost-count 0,
            :lost (),
            :stable-count 91,
            :stale-count 79,
            :stale (0
                    1
                    2
                    3
                    4
                    5
                    6
                    7
                    8
                    9
                    10
                    11
                    12
                    13
                    14
                    15
                    16
                    17
                    18
                    19
                    20
                    21
                    22
                    23
                    24
                    25
                    26
                    27
                    28
                    29
                    30
                    31
                    32
                    33
                    34
                    35
                    37
                    39
                    40
                    41
                    42
                    43
                    45
                    46
                    47
                    48
                    49
                    50
                    51
                    52
                    53
                    55
                    56
                    57
                    58
                    59
                    61
                    64
                    65
                    66
                    67
                    68
                    69
                    70
                    71
                    72
                    73
                    74
                    75
                    76
                    77
                    81
                    82
                    83
                    84
                    85
                    86
                    88
                    89),
            :never-read-count 0,
            :stable-latencies {0 0,
                               0.5 499,
                               0.95 5539,
                               0.99 6550,
                               1 6550},
            :attempt-count 91,
            :never-read (),
            :duplicated {}},
 :valid? true}


Everything looks good! (`)
