2025/06/29 23:40:31 Received {c4 n0 {"type":"init","node_id":"n0","node_ids":["n0","n1","n2","n3","n4"],"msg_id":1}}
2025/06/29 23:40:31 Node n0 initialized
2025/06/29 23:40:31 Sent {"src":"n0","dest":"c4","body":{"in_reply_to":1,"type":"init_ok"}}
2025/06/29 23:40:31 Received {c5 n0 {"type":"topology","topology":{"n0":["n3","n1"],"n1":["n4","n2","n0"],"n2":["n1"],"n3":["n0","n4"],"n4":["n1","n3"]},"msg_id":1}}
2025/06/29 23:40:31 Sent {"src":"n0","dest":"c5","body":{"in_reply_to":1,"type":"topology_ok"}}
2025/06/29 23:40:31 Received {c10 n0 {"type":"broadcast","message":0,"msg_id":1}}
2025/06/29 23:40:31 Sent {"src":"n0","dest":"c10","body":{"in_reply_to":1,"type":"broadcast_ok"}}
2025/06/29 23:40:31 Sent {"src":"n0","dest":"n1","body":{"messages":[0],"msg_id":1,"type":"broadcast"}}
2025/06/29 23:40:31 Sent {"src":"n0","dest":"n3","body":{"messages":[0],"msg_id":2,"type":"broadcast"}}
2025/06/29 23:40:31 Received {n3 n0 {"messages":[1],"msg_id":2,"type":"broadcast"}}
2025/06/29 23:40:31 Sent {"src":"n0","dest":"n3","body":{"in_reply_to":2,"type":"broadcast_ok"}}
2025/06/29 23:40:31 Received {n3 n0 {"in_reply_to":2,"type":"broadcast_ok"}}
2025/06/29 23:40:32 Received {c10 n0 {"type":"broadcast","message":3,"msg_id":2}}
2025/06/29 23:40:32 Sent {"src":"n0","dest":"c10","body":{"in_reply_to":2,"type":"broadcast_ok"}}
2025/06/29 23:40:32 Sent {"src":"n0","dest":"n3","body":{"messages":[1,3],"msg_id":4,"type":"broadcast"}}
2025/06/29 23:40:32 Sent {"src":"n0","dest":"n1","body":{"messages":[1,3],"msg_id":3,"type":"broadcast"}}
2025/06/29 23:40:32 Received {n3 n0 {"messages":[0],"msg_id":4,"type":"broadcast"}}
2025/06/29 23:40:32 Sent {"src":"n0","dest":"n3","body":{"in_reply_to":4,"type":"broadcast_ok"}}
2025/06/29 23:40:32 Received {n3 n0 {"in_reply_to":4,"type":"broadcast_ok"}}
2025/06/29 23:40:32 Received {c10 n0 {"type":"read","msg_id":3}}
2025/06/29 23:40:32 Sent {"src":"n0","dest":"c10","body":{"in_reply_to":3,"messages":[0,1,3],"type":"read_ok"}}
2025/06/29 23:40:32 Received {n3 n0 {"messages":[3,2],"msg_id":6,"type":"broadcast"}}
2025/06/29 23:40:32 Sent {"src":"n0","dest":"n3","body":{"in_reply_to":6,"type":"broadcast_ok"}}
2025/06/29 23:40:32 Sent {"src":"n0","dest":"n1","body":{"messages":[2],"msg_id":5,"type":"broadcast"}}
2025/06/29 23:40:32 Sent {"src":"n0","dest":"n3","body":{"messages":[2],"msg_id":6,"type":"broadcast"}}
2025/06/29 23:40:32 Received {n3 n0 {"in_reply_to":6,"type":"broadcast_ok"}}
2025/06/29 23:40:32 Received {n3 n0 {"messages":[4],"msg_id":8,"type":"broadcast"}}
2025/06/29 23:40:32 Sent {"src":"n0","dest":"n3","body":{"in_reply_to":8,"type":"broadcast_ok"}}
2025/06/29 23:40:32 Received {c10 n0 {"type":"read","msg_id":4}}
2025/06/29 23:40:32 Sent {"src":"n0","dest":"c10","body":{"in_reply_to":4,"messages":[0,1,3,2,4],"type":"read_ok"}}
2025/06/29 23:40:32 Sent {"src":"n0","dest":"n1","body":{"messages":[4],"msg_id":7,"type":"broadcast"}}
2025/06/29 23:40:32 Sent {"src":"n0","dest":"n3","body":{"messages":[4],"msg_id":8,"type":"broadcast"}}
2025/06/29 23:40:32 Received {n3 n0 {"messages":[5],"msg_id":10,"type":"broadcast"}}
2025/06/29 23:40:32 Sent {"src":"n0","dest":"n3","body":{"in_reply_to":10,"type":"broadcast_ok"}}
2025/06/29 23:40:32 Received {n3 n0 {"in_reply_to":8,"type":"broadcast_ok"}}
2025/06/29 23:40:32 Received {c10 n0 {"type":"read","msg_id":5}}
2025/06/29 23:40:32 Sent {"src":"n0","dest":"c10","body":{"in_reply_to":5,"messages":[0,1,3,2,4,5],"type":"read_ok"}}
2025/06/29 23:40:33 Sent {"src":"n0","dest":"n1","body":{"messages":[5],"msg_id":9,"type":"broadcast"}}
2025/06/29 23:40:33 Sent {"src":"n0","dest":"n3","body":{"messages":[5],"msg_id":10,"type":"broadcast"}}
2025/06/29 23:40:33 Received {n3 n0 {"in_reply_to":10,"type":"broadcast_ok"}}
2025/06/29 23:40:33 Received {n3 n0 {"messages":[7],"msg_id":12,"type":"broadcast"}}
2025/06/29 23:40:33 Sent {"src":"n0","dest":"n3","body":{"in_reply_to":12,"type":"broadcast_ok"}}
2025/06/29 23:40:33 Received {c10 n0 {"type":"read","msg_id":6}}
2025/06/29 23:40:33 Sent {"src":"n0","dest":"c10","body":{"in_reply_to":6,"messages":[0,1,3,2,4,5,7],"type":"read_ok"}}
2025/06/29 23:40:33 Received {c10 n0 {"type":"broadcast","message":8,"msg_id":7}}
2025/06/29 23:40:33 Sent {"src":"n0","dest":"c10","body":{"in_reply_to":7,"type":"broadcast_ok"}}
2025/06/29 23:40:33 Sent {"src":"n0","dest":"n1","body":{"messages":[7,8],"msg_id":12,"type":"broadcast"}}
2025/06/29 23:40:33 Sent {"src":"n0","dest":"n3","body":{"messages":[7,8],"msg_id":11,"type":"broadcast"}}
2025/06/29 23:40:33 Received {n3 n0 {"messages":[6],"msg_id":14,"type":"broadcast"}}
2025/06/29 23:40:33 Sent {"src":"n0","dest":"n3","body":{"in_reply_to":14,"type":"broadcast_ok"}}
2025/06/29 23:40:33 Received {n3 n0 {"in_reply_to":11,"type":"broadcast_ok"}}
2025/06/29 23:40:33 Sent {"src":"n0","dest":"n1","body":{"messages":[6],"msg_id":13,"type":"broadcast"}}
2025/06/29 23:40:33 Sent {"src":"n0","dest":"n3","body":{"messages":[6],"msg_id":14,"type":"broadcast"}}
2025/06/29 23:40:33 Received {n3 n0 {"messages":[8],"msg_id":15,"type":"broadcast"}}
2025/06/29 23:40:33 Sent {"src":"n0","dest":"n3","body":{"in_reply_to":15,"type":"broadcast_ok"}}
2025/06/29 23:40:33 Received {n3 n0 {"in_reply_to":14,"type":"broadcast_ok"}}
2025/06/29 23:40:34 Received {c10 n0 {"type":"broadcast","message":11,"msg_id":8}}
2025/06/29 23:40:34 Sent {"src":"n0","dest":"c10","body":{"in_reply_to":8,"type":"broadcast_ok"}}
2025/06/29 23:40:34 Sent {"src":"n0","dest":"n3","body":{"messages":[11],"msg_id":15,"type":"broadcast"}}
2025/06/29 23:40:34 Sent {"src":"n0","dest":"n1","body":{"messages":[11],"msg_id":16,"type":"broadcast"}}
2025/06/29 23:40:34 Received {n3 n0 {"messages":[9],"msg_id":18,"type":"broadcast"}}
2025/06/29 23:40:34 Received {n3 n0 {"in_reply_to":15,"type":"broadcast_ok"}}
2025/06/29 23:40:34 Sent {"src":"n0","dest":"n3","body":{"in_reply_to":18,"type":"broadcast_ok"}}
2025/06/29 23:40:34 Received {c10 n0 {"type":"broadcast","message":12,"msg_id":9}}
2025/06/29 23:40:34 Sent {"src":"n0","dest":"c10","body":{"in_reply_to":9,"type":"broadcast_ok"}}
2025/06/29 23:40:34 Sent {"src":"n0","dest":"n1","body":{"messages":[9,12],"msg_id":17,"type":"broadcast"}}
2025/06/29 23:40:34 Sent {"src":"n0","dest":"n3","body":{"messages":[9,12],"msg_id":18,"type":"broadcast"}}
2025/06/29 23:40:34 Received {n3 n0 {"messages":[11,10],"msg_id":20,"type":"broadcast"}}
2025/06/29 23:40:34 Sent {"src":"n0","dest":"n3","body":{"in_reply_to":20,"type":"broadcast_ok"}}
2025/06/29 23:40:34 Received {n3 n0 {"in_reply_to":18,"type":"broadcast_ok"}}
2025/06/29 23:40:34 Sent {"src":"n0","dest":"n1","body":{"messages":[10],"msg_id":19,"type":"broadcast"}}
2025/06/29 23:40:34 Sent {"src":"n0","dest":"n3","body":{"messages":[10],"msg_id":20,"type":"broadcast"}}
2025/06/29 23:40:34 Received {n3 n0 {"messages":[12],"msg_id":22,"type":"broadcast"}}
2025/06/29 23:40:34 Sent {"src":"n0","dest":"n3","body":{"in_reply_to":22,"type":"broadcast_ok"}}
2025/06/29 23:40:34 Received {n3 n0 {"in_reply_to":20,"type":"broadcast_ok"}}
2025/06/29 23:40:34 Received {c10 n0 {"type":"broadcast","message":15,"msg_id":10}}
2025/06/29 23:40:34 Sent {"src":"n0","dest":"c10","body":{"in_reply_to":10,"type":"broadcast_ok"}}
2025/06/29 23:40:34 Sent {"src":"n0","dest":"n1","body":{"messages":[15],"msg_id":21,"type":"broadcast"}}
2025/06/29 23:40:34 Sent {"src":"n0","dest":"n3","body":{"messages":[15],"msg_id":22,"type":"broadcast"}}
2025/06/29 23:40:34 Received {n3 n0 {"in_reply_to":22,"type":"broadcast_ok"}}
2025/06/29 23:40:34 Received {c10 n0 {"type":"broadcast","message":16,"msg_id":11}}
2025/06/29 23:40:34 Sent {"src":"n0","dest":"c10","body":{"in_reply_to":11,"type":"broadcast_ok"}}
2025/06/29 23:40:34 Sent {"src":"n0","dest":"n1","body":{"messages":[16],"msg_id":23,"type":"broadcast"}}
2025/06/29 23:40:34 Sent {"src":"n0","dest":"n3","body":{"messages":[16],"msg_id":24,"type":"broadcast"}}
2025/06/29 23:40:34 Received {n3 n0 {"messages":[14,15],"msg_id":24,"type":"broadcast"}}
2025/06/29 23:40:34 Sent {"src":"n0","dest":"n3","body":{"in_reply_to":24,"type":"broadcast_ok"}}
2025/06/29 23:40:34 Received {n3 n0 {"in_reply_to":24,"type":"broadcast_ok"}}
2025/06/29 23:40:35 Sent {"src":"n0","dest":"n1","body":{"messages":[14],"msg_id":25,"type":"broadcast"}}
2025/06/29 23:40:35 Sent {"src":"n0","dest":"n3","body":{"messages":[14],"msg_id":26,"type":"broadcast"}}
2025/06/29 23:40:35 Received {n3 n0 {"messages":[13,16],"msg_id":26,"type":"broadcast"}}
2025/06/29 23:40:35 Sent {"src":"n0","dest":"n3","body":{"in_reply_to":26,"type":"broadcast_ok"}}
2025/06/29 23:40:35 Received {n3 n0 {"in_reply_to":26,"type":"broadcast_ok"}}
2025/06/29 23:40:35 Sent {"src":"n0","dest":"n1","body":{"messages":[13],"msg_id":27,"type":"broadcast"}}
2025/06/29 23:40:35 Sent {"src":"n0","dest":"n3","body":{"messages":[13],"msg_id":28,"type":"broadcast"}}
2025/06/29 23:40:35 Received {n3 n0 {"in_reply_to":28,"type":"broadcast_ok"}}
2025/06/29 23:40:35 Received {c10 n0 {"type":"broadcast","message":18,"msg_id":12}}
2025/06/29 23:40:35 Sent {"src":"n0","dest":"c10","body":{"in_reply_to":12,"type":"broadcast_ok"}}
2025/06/29 23:40:35 Sent {"src":"n0","dest":"n3","body":{"messages":[18],"msg_id":29,"type":"broadcast"}}
2025/06/29 23:40:35 Sent {"src":"n0","dest":"n1","body":{"messages":[18],"msg_id":30,"type":"broadcast"}}
2025/06/29 23:40:35 Received {n3 n0 {"in_reply_to":29,"type":"broadcast_ok"}}
2025/06/29 23:40:35 Received {c10 n0 {"type":"broadcast","message":19,"msg_id":13}}
2025/06/29 23:40:35 Sent {"src":"n0","dest":"c10","body":{"in_reply_to":13,"type":"broadcast_ok"}}
2025/06/29 23:40:35 Sent {"src":"n0","dest":"n1","body":{"messages":[19],"msg_id":31,"type":"broadcast"}}
2025/06/29 23:40:35 Sent {"src":"n0","dest":"n3","body":{"messages":[19],"msg_id":32,"type":"broadcast"}}
2025/06/29 23:40:35 Received {n3 n0 {"messages":[18,17],"msg_id":28,"type":"broadcast"}}
2025/06/29 23:40:35 Sent {"src":"n0","dest":"n3","body":{"in_reply_to":28,"type":"broadcast_ok"}}
2025/06/29 23:40:35 Received {n3 n0 {"in_reply_to":32,"type":"broadcast_ok"}}
2025/06/29 23:40:35 Sent {"src":"n0","dest":"n1","body":{"messages":[17],"msg_id":33,"type":"broadcast"}}
2025/06/29 23:40:35 Sent {"src":"n0","dest":"n3","body":{"messages":[17],"msg_id":34,"type":"broadcast"}}
2025/06/29 23:40:35 Received {n3 n0 {"messages":[19,21],"msg_id":30,"type":"broadcast"}}
2025/06/29 23:40:35 Sent {"src":"n0","dest":"n3","body":{"in_reply_to":30,"type":"broadcast_ok"}}
2025/06/29 23:40:35 Received {n3 n0 {"in_reply_to":34,"type":"broadcast_ok"}}
2025/06/29 23:40:36 Sent {"src":"n0","dest":"n1","body":{"messages":[21],"msg_id":35,"type":"broadcast"}}
2025/06/29 23:40:36 Sent {"src":"n0","dest":"n3","body":{"messages":[21],"msg_id":36,"type":"broadcast"}}
2025/06/29 23:40:36 Received {n3 n0 {"messages":[20],"msg_id":32,"type":"broadcast"}}
2025/06/29 23:40:36 Sent {"src":"n0","dest":"n3","body":{"in_reply_to":32,"type":"broadcast_ok"}}
2025/06/29 23:40:36 Received {n3 n0 {"in_reply_to":36,"type":"broadcast_ok"}}
2025/06/29 23:40:36 Received {c10 n0 {"type":"broadcast","message":22,"msg_id":14}}
2025/06/29 23:40:36 Sent {"src":"n0","dest":"c10","body":{"in_reply_to":14,"type":"broadcast_ok"}}
2025/06/29 23:40:36 Received {c10 n0 {"type":"broadcast","message":23,"msg_id":15}}
2025/06/29 23:40:36 Sent {"src":"n0","dest":"c10","body":{"in_reply_to":15,"type":"broadcast_ok"}}
2025/06/29 23:40:36 Sent {"src":"n0","dest":"n1","body":{"messages":[20,22,23],"msg_id":37,"type":"broadcast"}}
2025/06/29 23:40:36 Sent {"src":"n0","dest":"n3","body":{"messages":[20,22,23],"msg_id":38,"type":"broadcast"}}
2025/06/29 23:40:36 Received {n3 n0 {"in_reply_to":38,"type":"broadcast_ok"}}
2025/06/29 23:40:36 Received {n3 n0 {"messages":[22,23],"msg_id":33,"type":"broadcast"}}
2025/06/29 23:40:36 Sent {"src":"n0","dest":"n3","body":{"in_reply_to":33,"type":"broadcast_ok"}}
2025/06/29 23:40:36 Received {c10 n0 {"type":"read","msg_id":16}}
2025/06/29 23:40:36 Sent {"src":"n0","dest":"c10","body":{"in_reply_to":16,"messages":[0,1,3,2,4,5,7,8,6,11,9,12,10,15,16,14,13,18,19,17,21,20,22,23],"type":"read_ok"}}
2025/06/29 23:40:36 Received {c10 n0 {"type":"read","msg_id":17}}
2025/06/29 23:40:36 Sent {"src":"n0","dest":"c10","body":{"in_reply_to":17,"messages":[0,1,3,2,4,5,7,8,6,11,9,12,10,15,16,14,13,18,19,17,21,20,22,23],"type":"read_ok"}}
2025/06/29 23:40:36 Received {n3 n0 {"messages":[25],"msg_id":36,"type":"broadcast"}}
2025/06/29 23:40:36 Sent {"src":"n0","dest":"n3","body":{"in_reply_to":36,"type":"broadcast_ok"}}
2025/06/29 23:40:36 Sent {"src":"n0","dest":"n1","body":{"messages":[25],"msg_id":39,"type":"broadcast"}}
2025/06/29 23:40:36 Sent {"src":"n0","dest":"n3","body":{"messages":[25],"msg_id":40,"type":"broadcast"}}
2025/06/29 23:40:36 Received {n3 n0 {"in_reply_to":40,"type":"broadcast_ok"}}
2025/06/29 23:40:37 Received {c10 n0 {"type":"read","msg_id":18}}
2025/06/29 23:40:37 Sent {"src":"n0","dest":"c10","body":{"in_reply_to":18,"messages":[0,1,3,2,4,5,7,8,6,11,9,12,10,15,16,14,13,18,19,17,21,20,22,23,25],"type":"read_ok"}}
2025/06/29 23:40:37 Received {c10 n0 {"type":"broadcast","message":28,"msg_id":19}}
2025/06/29 23:40:37 Sent {"src":"n0","dest":"c10","body":{"in_reply_to":19,"type":"broadcast_ok"}}
2025/06/29 23:40:37 Sent {"src":"n0","dest":"n1","body":{"messages":[28],"msg_id":41,"type":"broadcast"}}
2025/06/29 23:40:37 Sent {"src":"n0","dest":"n3","body":{"messages":[28],"msg_id":42,"type":"broadcast"}}
2025/06/29 23:40:37 Received {n3 n0 {"messages":[24,26],"msg_id":38,"type":"broadcast"}}
2025/06/29 23:40:37 Sent {"src":"n0","dest":"n3","body":{"in_reply_to":38,"type":"broadcast_ok"}}
2025/06/29 23:40:37 Received {n3 n0 {"in_reply_to":42,"type":"broadcast_ok"}}
2025/06/29 23:40:37 Sent {"src":"n0","dest":"n1","body":{"messages":[24,26],"msg_id":43,"type":"broadcast"}}
2025/06/29 23:40:37 Sent {"src":"n0","dest":"n3","body":{"messages":[24,26],"msg_id":44,"type":"broadcast"}}
2025/06/29 23:40:37 Received {n3 n0 {"messages":[27,28],"msg_id":40,"type":"broadcast"}}
2025/06/29 23:40:37 Received {n3 n0 {"in_reply_to":44,"type":"broadcast_ok"}}
2025/06/29 23:40:37 Sent {"src":"n0","dest":"n3","body":{"in_reply_to":40,"type":"broadcast_ok"}}
2025/06/29 23:40:37 Sent {"src":"n0","dest":"n1","body":{"messages":[27],"msg_id":45,"type":"broadcast"}}
2025/06/29 23:40:37 Sent {"src":"n0","dest":"n3","body":{"messages":[27],"msg_id":46,"type":"broadcast"}}
2025/06/29 23:40:37 Received {n3 n0 {"in_reply_to":46,"type":"broadcast_ok"}}
2025/06/29 23:40:37 Received {c10 n0 {"type":"broadcast","message":31,"msg_id":20}}
2025/06/29 23:40:37 Sent {"src":"n0","dest":"c10","body":{"in_reply_to":20,"type":"broadcast_ok"}}
2025/06/29 23:40:37 Received {c10 n0 {"type":"read","msg_id":21}}
2025/06/29 23:40:37 Sent {"src":"n0","dest":"c10","body":{"in_reply_to":21,"messages":[0,1,3,2,4,5,7,8,6,11,9,12,10,15,16,14,13,18,19,17,21,20,22,23,25,28,24,26,27,31],"type":"read_ok"}}
2025/06/29 23:40:37 Sent {"src":"n0","dest":"n1","body":{"messages":[31],"msg_id":47,"type":"broadcast"}}
2025/06/29 23:40:37 Sent {"src":"n0","dest":"n3","body":{"messages":[31],"msg_id":48,"type":"broadcast"}}
2025/06/29 23:40:37 Received {n3 n0 {"messages":[30],"msg_id":42,"type":"broadcast"}}
2025/06/29 23:40:37 Sent {"src":"n0","dest":"n3","body":{"in_reply_to":42,"type":"broadcast_ok"}}
2025/06/29 23:40:37 Received {n3 n0 {"in_reply_to":48,"type":"broadcast_ok"}}
2025/06/29 23:40:37 Sent {"src":"n0","dest":"n1","body":{"messages":[30],"msg_id":49,"type":"broadcast"}}
2025/06/29 23:40:37 Sent {"src":"n0","dest":"n3","body":{"messages":[30],"msg_id":50,"type":"broadcast"}}
2025/06/29 23:40:37 Received {n3 n0 {"messages":[29,31],"msg_id":44,"type":"broadcast"}}
2025/06/29 23:40:37 Sent {"src":"n0","dest":"n3","body":{"in_reply_to":44,"type":"broadcast_ok"}}
2025/06/29 23:40:37 Received {n3 n0 {"in_reply_to":50,"type":"broadcast_ok"}}
2025/06/29 23:40:38 Received {c10 n0 {"type":"read","msg_id":22}}
2025/06/29 23:40:38 Sent {"src":"n0","dest":"c10","body":{"in_reply_to":22,"messages":[0,1,3,2,4,5,7,8,6,11,9,12,10,15,16,14,13,18,19,17,21,20,22,23,25,28,24,26,27,31,30,29],"type":"read_ok"}}
2025/06/29 23:40:38 Sent {"src":"n0","dest":"n1","body":{"messages":[29],"msg_id":51,"type":"broadcast"}}
2025/06/29 23:40:38 Sent {"src":"n0","dest":"n3","body":{"messages":[29],"msg_id":52,"type":"broadcast"}}
2025/06/29 23:40:38 Received {n3 n0 {"messages":[32],"msg_id":46,"type":"broadcast"}}
2025/06/29 23:40:38 Sent {"src":"n0","dest":"n3","body":{"in_reply_to":46,"type":"broadcast_ok"}}
2025/06/29 23:40:38 Received {n3 n0 {"in_reply_to":52,"type":"broadcast_ok"}}
2025/06/29 23:40:38 Received {c10 n0 {"type":"broadcast","message":34,"msg_id":23}}
2025/06/29 23:40:38 Sent {"src":"n0","dest":"c10","body":{"in_reply_to":23,"type":"broadcast_ok"}}
2025/06/29 23:40:38 Sent {"src":"n0","dest":"n1","body":{"messages":[32,34],"msg_id":53,"type":"broadcast"}}
2025/06/29 23:40:38 Sent {"src":"n0","dest":"n3","body":{"messages":[32,34],"msg_id":54,"type":"broadcast"}}
2025/06/29 23:40:38 Received {n3 n0 {"messages":[33],"msg_id":48,"type":"broadcast"}}
2025/06/29 23:40:38 Sent {"src":"n0","dest":"n3","body":{"in_reply_to":48,"type":"broadcast_ok"}}
2025/06/29 23:40:38 Received {n3 n0 {"in_reply_to":54,"type":"broadcast_ok"}}
2025/06/29 23:40:38 Sent {"src":"n0","dest":"n1","body":{"messages":[33],"msg_id":55,"type":"broadcast"}}
2025/06/29 23:40:38 Sent {"src":"n0","dest":"n3","body":{"messages":[33],"msg_id":56,"type":"broadcast"}}
2025/06/29 23:40:38 Received {n3 n0 {"messages":[34],"msg_id":50,"type":"broadcast"}}
2025/06/29 23:40:38 Sent {"src":"n0","dest":"n3","body":{"in_reply_to":50,"type":"broadcast_ok"}}
2025/06/29 23:40:38 Received {n3 n0 {"in_reply_to":56,"type":"broadcast_ok"}}
2025/06/29 23:40:38 Received {c10 n0 {"type":"read","msg_id":24}}
2025/06/29 23:40:38 Sent {"src":"n0","dest":"c10","body":{"in_reply_to":24,"messages":[0,1,3,2,4,5,7,8,6,11,9,12,10,15,16,14,13,18,19,17,21,20,22,23,25,28,24,26,27,31,30,29,32,34,33],"type":"read_ok"}}
2025/06/29 23:40:38 Received {c10 n0 {"type":"read","msg_id":25}}
2025/06/29 23:40:38 Sent {"src":"n0","dest":"c10","body":{"in_reply_to":25,"messages":[0,1,3,2,4,5,7,8,6,11,9,12,10,15,16,14,13,18,19,17,21,20,22,23,25,28,24,26,27,31,30,29,32,34,33],"type":"read_ok"}}
2025/06/29 23:40:38 Received {n3 n0 {"messages":[35],"msg_id":52,"type":"broadcast"}}
2025/06/29 23:40:38 Sent {"src":"n0","dest":"n3","body":{"in_reply_to":52,"type":"broadcast_ok"}}
2025/06/29 23:40:39 Sent {"src":"n0","dest":"n3","body":{"messages":[35],"msg_id":58,"type":"broadcast"}}
2025/06/29 23:40:39 Sent {"src":"n0","dest":"n1","body":{"messages":[35],"msg_id":57,"type":"broadcast"}}
2025/06/29 23:40:39 Received {n3 n0 {"in_reply_to":58,"type":"broadcast_ok"}}
2025/06/29 23:40:39 Received {c10 n0 {"type":"broadcast","message":37,"msg_id":26}}
2025/06/29 23:40:39 Sent {"src":"n0","dest":"c10","body":{"in_reply_to":26,"type":"broadcast_ok"}}
2025/06/29 23:40:39 Received {c10 n0 {"type":"read","msg_id":27}}
2025/06/29 23:40:39 Sent {"src":"n0","dest":"c10","body":{"in_reply_to":27,"messages":[0,1,3,2,4,5,7,8,6,11,9,12,10,15,16,14,13,18,19,17,21,20,22,23,25,28,24,26,27,31,30,29,32,34,33,35,37],"type":"read_ok"}}
2025/06/29 23:40:39 Sent {"src":"n0","dest":"n1","body":{"messages":[37],"msg_id":59,"type":"broadcast"}}
2025/06/29 23:40:39 Sent {"src":"n0","dest":"n3","body":{"messages":[37],"msg_id":60,"type":"broadcast"}}
2025/06/29 23:40:39 Received {n3 n0 {"messages":[36],"msg_id":54,"type":"broadcast"}}
2025/06/29 23:40:39 Sent {"src":"n0","dest":"n3","body":{"in_reply_to":54,"type":"broadcast_ok"}}
2025/06/29 23:40:39 Received {n3 n0 {"in_reply_to":60,"type":"broadcast_ok"}}
2025/06/29 23:40:39 Sent {"src":"n0","dest":"n1","body":{"messages":[36],"msg_id":61,"type":"broadcast"}}
2025/06/29 23:40:39 Sent {"src":"n0","dest":"n3","body":{"messages":[36],"msg_id":62,"type":"broadcast"}}
2025/06/29 23:40:39 Received {n3 n0 {"messages":[37,39],"msg_id":56,"type":"broadcast"}}
2025/06/29 23:40:39 Sent {"src":"n0","dest":"n3","body":{"in_reply_to":56,"type":"broadcast_ok"}}
2025/06/29 23:40:39 Received {n3 n0 {"in_reply_to":62,"type":"broadcast_ok"}}
2025/06/29 23:40:39 Sent {"src":"n0","dest":"n1","body":{"messages":[39],"msg_id":63,"type":"broadcast"}}
2025/06/29 23:40:39 Sent {"src":"n0","dest":"n3","body":{"messages":[39],"msg_id":64,"type":"broadcast"}}
2025/06/29 23:40:39 Received {n3 n0 {"in_reply_to":64,"type":"broadcast_ok"}}
2025/06/29 23:40:39 Received {c10 n0 {"type":"read","msg_id":28}}
2025/06/29 23:40:39 Sent {"src":"n0","dest":"c10","body":{"in_reply_to":28,"messages":[0,1,3,2,4,5,7,8,6,11,9,12,10,15,16,14,13,18,19,17,21,20,22,23,25,28,24,26,27,31,30,29,32,34,33,35,37,36,39],"type":"read_ok"}}
2025/06/29 23:40:39 Received {n3 n0 {"messages":[40],"msg_id":58,"type":"broadcast"}}
2025/06/29 23:40:39 Sent {"src":"n0","dest":"n3","body":{"in_reply_to":58,"type":"broadcast_ok"}}
2025/06/29 23:40:39 Received {c10 n0 {"type":"broadcast","message":41,"msg_id":29}}
2025/06/29 23:40:39 Sent {"src":"n0","dest":"c10","body":{"in_reply_to":29,"type":"broadcast_ok"}}
2025/06/29 23:40:40 Sent {"src":"n0","dest":"n3","body":{"messages":[40,41],"msg_id":66,"type":"broadcast"}}
2025/06/29 23:40:40 Sent {"src":"n0","dest":"n1","body":{"messages":[40,41],"msg_id":65,"type":"broadcast"}}
2025/06/29 23:40:40 Received {n3 n0 {"messages":[38],"msg_id":60,"type":"broadcast"}}
2025/06/29 23:40:40 Sent {"src":"n0","dest":"n3","body":{"in_reply_to":60,"type":"broadcast_ok"}}
2025/06/29 23:40:40 Received {n3 n0 {"in_reply_to":66,"type":"broadcast_ok"}}
2025/06/29 23:40:40 Sent {"src":"n0","dest":"n1","body":{"messages":[38],"msg_id":67,"type":"broadcast"}}
2025/06/29 23:40:40 Sent {"src":"n0","dest":"n3","body":{"messages":[38],"msg_id":68,"type":"broadcast"}}
2025/06/29 23:40:40 Received {n3 n0 {"messages":[41,42],"msg_id":62,"type":"broadcast"}}
2025/06/29 23:40:40 Sent {"src":"n0","dest":"n3","body":{"in_reply_to":62,"type":"broadcast_ok"}}
2025/06/29 23:40:40 Received {n3 n0 {"in_reply_to":68,"type":"broadcast_ok"}}
2025/06/29 23:40:40 Received {c10 n0 {"type":"broadcast","message":43,"msg_id":30}}
2025/06/29 23:40:40 Sent {"src":"n0","dest":"c10","body":{"in_reply_to":30,"type":"broadcast_ok"}}
2025/06/29 23:40:40 Received {c10 n0 {"type":"read","msg_id":31}}
2025/06/29 23:40:40 Sent {"src":"n0","dest":"c10","body":{"in_reply_to":31,"messages":[0,1,3,2,4,5,7,8,6,11,9,12,10,15,16,14,13,18,19,17,21,20,22,23,25,28,24,26,27,31,30,29,32,34,33,35,37,36,39,40,41,38,42,43],"type":"read_ok"}}
2025/06/29 23:40:40 Sent {"src":"n0","dest":"n1","body":{"messages":[42,43],"msg_id":69,"type":"broadcast"}}
2025/06/29 23:40:40 Sent {"src":"n0","dest":"n3","body":{"messages":[42,43],"msg_id":70,"type":"broadcast"}}
2025/06/29 23:40:40 Received {n3 n0 {"in_reply_to":70,"type":"broadcast_ok"}}
2025/06/29 23:40:40 Received {n3 n0 {"messages":[43],"msg_id":64,"type":"broadcast"}}
2025/06/29 23:40:40 Sent {"src":"n0","dest":"n3","body":{"in_reply_to":64,"type":"broadcast_ok"}}
2025/06/29 23:40:41 Received {n3 n0 {"messages":[44],"msg_id":66,"type":"broadcast"}}
2025/06/29 23:40:41 Sent {"src":"n0","dest":"n3","body":{"in_reply_to":66,"type":"broadcast_ok"}}
2025/06/29 23:40:41 Received {c10 n0 {"type":"read","msg_id":32}}
2025/06/29 23:40:41 Sent {"src":"n0","dest":"c10","body":{"in_reply_to":32,"messages":[0,1,3,2,4,5,7,8,6,11,9,12,10,15,16,14,13,18,19,17,21,20,22,23,25,28,24,26,27,31,30,29,32,34,33,35,37,36,39,40,41,38,42,43,44],"type":"read_ok"}}
2025/06/29 23:40:41 Received {c10 n0 {"type":"read","msg_id":33}}
2025/06/29 23:40:41 Sent {"src":"n0","dest":"c10","body":{"in_reply_to":33,"messages":[0,1,3,2,4,5,7,8,6,11,9,12,10,15,16,14,13,18,19,17,21,20,22,23,25,28,24,26,27,31,30,29,32,34,33,35,37,36,39,40,41,38,42,43,44],"type":"read_ok"}}
2025/06/29 23:40:41 Sent {"src":"n0","dest":"n1","body":{"messages":[44],"msg_id":71,"type":"broadcast"}}
2025/06/29 23:40:41 Sent {"src":"n0","dest":"n3","body":{"messages":[44],"msg_id":72,"type":"broadcast"}}
2025/06/29 23:40:41 Received {n3 n0 {"messages":[46],"msg_id":68,"type":"broadcast"}}
2025/06/29 23:40:41 Sent {"src":"n0","dest":"n3","body":{"in_reply_to":68,"type":"broadcast_ok"}}
2025/06/29 23:40:41 Received {n3 n0 {"in_reply_to":72,"type":"broadcast_ok"}}
2025/06/29 23:40:41 Sent {"src":"n0","dest":"n1","body":{"messages":[46],"msg_id":73,"type":"broadcast"}}
2025/06/29 23:40:41 Sent {"src":"n0","dest":"n3","body":{"messages":[46],"msg_id":74,"type":"broadcast"}}
2025/06/29 23:40:41 Received {n3 n0 {"messages":[45],"msg_id":70,"type":"broadcast"}}
2025/06/29 23:40:41 Received {n3 n0 {"in_reply_to":74,"type":"broadcast_ok"}}
2025/06/29 23:40:41 Sent {"src":"n0","dest":"n3","body":{"in_reply_to":70,"type":"broadcast_ok"}}
2025/06/29 23:40:41 Sent {"src":"n0","dest":"n1","body":{"messages":[45],"msg_id":75,"type":"broadcast"}}
2025/06/29 23:40:41 Sent {"src":"n0","dest":"n3","body":{"messages":[45],"msg_id":76,"type":"broadcast"}}
2025/06/29 23:40:41 Received {n3 n0 {"in_reply_to":76,"type":"broadcast_ok"}}
2025/06/29 23:40:41 Received {c10 n0 {"type":"read","msg_id":34}}
2025/06/29 23:40:41 Sent {"src":"n0","dest":"c10","body":{"in_reply_to":34,"messages":[0,1,3,2,4,5,7,8,6,11,9,12,10,15,16,14,13,18,19,17,21,20,22,23,25,28,24,26,27,31,30,29,32,34,33,35,37,36,39,40,41,38,42,43,44,46,45],"type":"read_ok"}}
2025/06/29 23:40:42 Received {c10 n0 {"type":"broadcast","message":48,"msg_id":35}}
2025/06/29 23:40:42 Sent {"src":"n0","dest":"c10","body":{"in_reply_to":35,"type":"broadcast_ok"}}
2025/06/29 23:40:42 Sent {"src":"n0","dest":"n1","body":{"messages":[48],"msg_id":77,"type":"broadcast"}}
2025/06/29 23:40:42 Sent {"src":"n0","dest":"n3","body":{"messages":[48],"msg_id":78,"type":"broadcast"}}
2025/06/29 23:40:42 Received {n3 n0 {"messages":[47],"msg_id":72,"type":"broadcast"}}
2025/06/29 23:40:42 Sent {"src":"n0","dest":"n3","body":{"in_reply_to":72,"type":"broadcast_ok"}}
2025/06/29 23:40:42 Received {n3 n0 {"in_reply_to":78,"type":"broadcast_ok"}}
2025/06/29 23:40:42 Sent {"src":"n0","dest":"n1","body":{"messages":[47],"msg_id":79,"type":"broadcast"}}
2025/06/29 23:40:42 Sent {"src":"n0","dest":"n3","body":{"messages":[47],"msg_id":80,"type":"broadcast"}}
2025/06/29 23:40:42 Received {n3 n0 {"messages":[48],"msg_id":74,"type":"broadcast"}}
2025/06/29 23:40:42 Sent {"src":"n0","dest":"n3","body":{"in_reply_to":74,"type":"broadcast_ok"}}
2025/06/29 23:40:42 Received {n3 n0 {"in_reply_to":80,"type":"broadcast_ok"}}
2025/06/29 23:40:42 Received {c10 n0 {"type":"read","msg_id":36}}
2025/06/29 23:40:42 Sent {"src":"n0","dest":"c10","body":{"in_reply_to":36,"messages":[0,1,3,2,4,5,7,8,6,11,9,12,10,15,16,14,13,18,19,17,21,20,22,23,25,28,24,26,27,31,30,29,32,34,33,35,37,36,39,40,41,38,42,43,44,46,45,48,47],"type":"read_ok"}}
2025/06/29 23:40:42 Received {c10 n0 {"type":"broadcast","message":52,"msg_id":37}}
2025/06/29 23:40:42 Sent {"src":"n0","dest":"c10","body":{"in_reply_to":37,"type":"broadcast_ok"}}
2025/06/29 23:40:42 Sent {"src":"n0","dest":"n3","body":{"messages":[52],"msg_id":82,"type":"broadcast"}}
2025/06/29 23:40:42 Sent {"src":"n0","dest":"n1","body":{"messages":[52],"msg_id":81,"type":"broadcast"}}
2025/06/29 23:40:42 Received {n3 n0 {"messages":[49,51],"msg_id":75,"type":"broadcast"}}
2025/06/29 23:40:42 Sent {"src":"n0","dest":"n3","body":{"in_reply_to":75,"type":"broadcast_ok"}}
2025/06/29 23:40:42 Received {n3 n0 {"in_reply_to":82,"type":"broadcast_ok"}}
2025/06/29 23:40:42 Sent {"src":"n0","dest":"n1","body":{"messages":[49,51],"msg_id":83,"type":"broadcast"}}
2025/06/29 23:40:42 Sent {"src":"n0","dest":"n3","body":{"messages":[49,51],"msg_id":84,"type":"broadcast"}}
2025/06/29 23:40:42 Received {n3 n0 {"messages":[52,53],"msg_id":78,"type":"broadcast"}}
2025/06/29 23:40:42 Sent {"src":"n0","dest":"n3","body":{"in_reply_to":78,"type":"broadcast_ok"}}
2025/06/29 23:40:42 Received {n3 n0 {"in_reply_to":84,"type":"broadcast_ok"}}
2025/06/29 23:40:43 Received {c10 n0 {"type":"read","msg_id":38}}
2025/06/29 23:40:43 Sent {"src":"n0","dest":"c10","body":{"in_reply_to":38,"messages":[0,1,3,2,4,5,7,8,6,11,9,12,10,15,16,14,13,18,19,17,21,20,22,23,25,28,24,26,27,31,30,29,32,34,33,35,37,36,39,40,41,38,42,43,44,46,45,48,47,52,49,51,53],"type":"read_ok"}}
2025/06/29 23:40:43 Sent {"src":"n0","dest":"n1","body":{"messages":[53],"msg_id":85,"type":"broadcast"}}
2025/06/29 23:40:43 Sent {"src":"n0","dest":"n3","body":{"messages":[53],"msg_id":86,"type":"broadcast"}}
2025/06/29 23:40:43 Received {n3 n0 {"messages":[50],"msg_id":80,"type":"broadcast"}}
2025/06/29 23:40:43 Sent {"src":"n0","dest":"n3","body":{"in_reply_to":80,"type":"broadcast_ok"}}
2025/06/29 23:40:43 Received {n3 n0 {"in_reply_to":86,"type":"broadcast_ok"}}
2025/06/29 23:40:43 Received {c10 n0 {"type":"read","msg_id":39}}
2025/06/29 23:40:43 Sent {"src":"n0","dest":"c10","body":{"in_reply_to":39,"messages":[0,1,3,2,4,5,7,8,6,11,9,12,10,15,16,14,13,18,19,17,21,20,22,23,25,28,24,26,27,31,30,29,32,34,33,35,37,36,39,40,41,38,42,43,44,46,45,48,47,52,49,51,53,50],"type":"read_ok"}}
2025/06/29 23:40:43 Sent {"src":"n0","dest":"n1","body":{"messages":[50],"msg_id":87,"type":"broadcast"}}
2025/06/29 23:40:43 Sent {"src":"n0","dest":"n3","body":{"messages":[50],"msg_id":88,"type":"broadcast"}}
2025/06/29 23:40:43 Received {n3 n0 {"messages":[54],"msg_id":82,"type":"broadcast"}}
2025/06/29 23:40:43 Sent {"src":"n0","dest":"n3","body":{"in_reply_to":82,"type":"broadcast_ok"}}
2025/06/29 23:40:43 Received {n3 n0 {"in_reply_to":88,"type":"broadcast_ok"}}
2025/06/29 23:40:43 Sent {"src":"n0","dest":"n3","body":{"messages":[54],"msg_id":90,"type":"broadcast"}}
2025/06/29 23:40:43 Sent {"src":"n0","dest":"n1","body":{"messages":[54],"msg_id":89,"type":"broadcast"}}
2025/06/29 23:40:43 Received {n3 n0 {"in_reply_to":90,"type":"broadcast_ok"}}
2025/06/29 23:40:43 Received {c10 n0 {"type":"broadcast","message":57,"msg_id":40}}
2025/06/29 23:40:43 Sent {"src":"n0","dest":"c10","body":{"in_reply_to":40,"type":"broadcast_ok"}}
2025/06/29 23:40:43 Sent {"src":"n0","dest":"n1","body":{"messages":[57],"msg_id":91,"type":"broadcast"}}
2025/06/29 23:40:43 Sent {"src":"n0","dest":"n3","body":{"messages":[57],"msg_id":92,"type":"broadcast"}}
2025/06/29 23:40:43 Received {n3 n0 {"messages":[55],"msg_id":84,"type":"broadcast"}}
2025/06/29 23:40:43 Sent {"src":"n0","dest":"n3","body":{"in_reply_to":84,"type":"broadcast_ok"}}
2025/06/29 23:40:43 Received {n3 n0 {"in_reply_to":92,"type":"broadcast_ok"}}
2025/06/29 23:40:43 Received {c10 n0 {"type":"read","msg_id":41}}
2025/06/29 23:40:43 Sent {"src":"n0","dest":"c10","body":{"in_reply_to":41,"messages":[0,1,3,2,4,5,7,8,6,11,9,12,10,15,16,14,13,18,19,17,21,20,22,23,25,28,24,26,27,31,30,29,32,34,33,35,37,36,39,40,41,38,42,43,44,46,45,48,47,52,49,51,53,50,54,57,55],"type":"read_ok"}}
2025/06/29 23:40:43 Sent {"src":"n0","dest":"n1","body":{"messages":[55],"msg_id":93,"type":"broadcast"}}
2025/06/29 23:40:43 Sent {"src":"n0","dest":"n3","body":{"messages":[55],"msg_id":94,"type":"broadcast"}}
2025/06/29 23:40:43 Received {n3 n0 {"messages":[57],"msg_id":86,"type":"broadcast"}}
2025/06/29 23:40:43 Sent {"src":"n0","dest":"n3","body":{"in_reply_to":86,"type":"broadcast_ok"}}
2025/06/29 23:40:43 Received {n3 n0 {"in_reply_to":94,"type":"broadcast_ok"}}
2025/06/29 23:40:44 Received {n3 n0 {"messages":[56],"msg_id":88,"type":"broadcast"}}
2025/06/29 23:40:44 Sent {"src":"n0","dest":"n3","body":{"in_reply_to":88,"type":"broadcast_ok"}}
2025/06/29 23:40:44 Sent {"src":"n0","dest":"n1","body":{"messages":[56],"msg_id":95,"type":"broadcast"}}
2025/06/29 23:40:44 Sent {"src":"n0","dest":"n3","body":{"messages":[56],"msg_id":96,"type":"broadcast"}}
2025/06/29 23:40:44 Received {n3 n0 {"messages":[59],"msg_id":90,"type":"broadcast"}}
2025/06/29 23:40:44 Sent {"src":"n0","dest":"n3","body":{"in_reply_to":90,"type":"broadcast_ok"}}
2025/06/29 23:40:44 Received {n3 n0 {"in_reply_to":96,"type":"broadcast_ok"}}
2025/06/29 23:40:44 Received {c10 n0 {"type":"broadcast","message":60,"msg_id":42}}
2025/06/29 23:40:44 Sent {"src":"n0","dest":"c10","body":{"in_reply_to":42,"type":"broadcast_ok"}}
2025/06/29 23:40:44 Received {c10 n0 {"type":"read","msg_id":43}}
2025/06/29 23:40:44 Sent {"src":"n0","dest":"c10","body":{"in_reply_to":43,"messages":[0,1,3,2,4,5,7,8,6,11,9,12,10,15,16,14,13,18,19,17,21,20,22,23,25,28,24,26,27,31,30,29,32,34,33,35,37,36,39,40,41,38,42,43,44,46,45,48,47,52,49,51,53,50,54,57,55,56,59,60],"type":"read_ok"}}
2025/06/29 23:40:44 Sent {"src":"n0","dest":"n1","body":{"messages":[59,60],"msg_id":97,"type":"broadcast"}}
2025/06/29 23:40:44 Sent {"src":"n0","dest":"n3","body":{"messages":[59,60],"msg_id":98,"type":"broadcast"}}
2025/06/29 23:40:44 Received {n3 n0 {"in_reply_to":98,"type":"broadcast_ok"}}
2025/06/29 23:40:44 Received {n3 n0 {"messages":[58,60],"msg_id":92,"type":"broadcast"}}
2025/06/29 23:40:44 Sent {"src":"n0","dest":"n3","body":{"in_reply_to":92,"type":"broadcast_ok"}}
2025/06/29 23:40:44 Sent {"src":"n0","dest":"n1","body":{"messages":[58],"msg_id":99,"type":"broadcast"}}
2025/06/29 23:40:44 Sent {"src":"n0","dest":"n3","body":{"messages":[58],"msg_id":100,"type":"broadcast"}}
2025/06/29 23:40:44 Received {n3 n0 {"in_reply_to":100,"type":"broadcast_ok"}}
2025/06/29 23:40:45 Received {n3 n0 {"messages":[61],"msg_id":94,"type":"broadcast"}}
2025/06/29 23:40:45 Sent {"src":"n0","dest":"n3","body":{"in_reply_to":94,"type":"broadcast_ok"}}
2025/06/29 23:40:45 Received {c10 n0 {"type":"read","msg_id":44}}
2025/06/29 23:40:45 Sent {"src":"n0","dest":"c10","body":{"in_reply_to":44,"messages":[0,1,3,2,4,5,7,8,6,11,9,12,10,15,16,14,13,18,19,17,21,20,22,23,25,28,24,26,27,31,30,29,32,34,33,35,37,36,39,40,41,38,42,43,44,46,45,48,47,52,49,51,53,50,54,57,55,56,59,60,58,61],"type":"read_ok"}}
2025/06/29 23:40:45 Received {c10 n0 {"type":"read","msg_id":45}}
2025/06/29 23:40:45 Sent {"src":"n0","dest":"c10","body":{"in_reply_to":45,"messages":[0,1,3,2,4,5,7,8,6,11,9,12,10,15,16,14,13,18,19,17,21,20,22,23,25,28,24,26,27,31,30,29,32,34,33,35,37,36,39,40,41,38,42,43,44,46,45,48,47,52,49,51,53,50,54,57,55,56,59,60,58,61],"type":"read_ok"}}
2025/06/29 23:40:45 Sent {"src":"n0","dest":"n1","body":{"messages":[61],"msg_id":101,"type":"broadcast"}}
2025/06/29 23:40:45 Sent {"src":"n0","dest":"n3","body":{"messages":[61],"msg_id":102,"type":"broadcast"}}
2025/06/29 23:40:45 Received {n3 n0 {"messages":[62],"msg_id":96,"type":"broadcast"}}
2025/06/29 23:40:45 Sent {"src":"n0","dest":"n3","body":{"in_reply_to":96,"type":"broadcast_ok"}}
2025/06/29 23:40:45 Received {n3 n0 {"in_reply_to":102,"type":"broadcast_ok"}}
2025/06/29 23:40:45 Sent {"src":"n0","dest":"n1","body":{"messages":[62],"msg_id":103,"type":"broadcast"}}
2025/06/29 23:40:45 Sent {"src":"n0","dest":"n3","body":{"messages":[62],"msg_id":104,"type":"broadcast"}}
2025/06/29 23:40:45 Received {n3 n0 {"in_reply_to":104,"type":"broadcast_ok"}}
2025/06/29 23:40:45 Received {c10 n0 {"type":"read","msg_id":46}}
2025/06/29 23:40:45 Sent {"src":"n0","dest":"c10","body":{"in_reply_to":46,"messages":[0,1,3,2,4,5,7,8,6,11,9,12,10,15,16,14,13,18,19,17,21,20,22,23,25,28,24,26,27,31,30,29,32,34,33,35,37,36,39,40,41,38,42,43,44,46,45,48,47,52,49,51,53,50,54,57,55,56,59,60,58,61,62],"type":"read_ok"}}
2025/06/29 23:40:45 Received {c10 n0 {"type":"read","msg_id":47}}
2025/06/29 23:40:45 Sent {"src":"n0","dest":"c10","body":{"in_reply_to":47,"messages":[0,1,3,2,4,5,7,8,6,11,9,12,10,15,16,14,13,18,19,17,21,20,22,23,25,28,24,26,27,31,30,29,32,34,33,35,37,36,39,40,41,38,42,43,44,46,45,48,47,52,49,51,53,50,54,57,55,56,59,60,58,61,62],"type":"read_ok"}}
2025/06/29 23:40:45 Received {n3 n0 {"messages":[63,64],"msg_id":98,"type":"broadcast"}}
2025/06/29 23:40:45 Sent {"src":"n0","dest":"n3","body":{"in_reply_to":98,"type":"broadcast_ok"}}
2025/06/29 23:40:46 Sent {"src":"n0","dest":"n3","body":{"messages":[63,64],"msg_id":106,"type":"broadcast"}}
2025/06/29 23:40:46 Sent {"src":"n0","dest":"n1","body":{"messages":[63,64],"msg_id":105,"type":"broadcast"}}
2025/06/29 23:40:46 Received {n3 n0 {"in_reply_to":106,"type":"broadcast_ok"}}
2025/06/29 23:40:46 Received {c10 n0 {"type":"broadcast","message":66,"msg_id":48}}
2025/06/29 23:40:46 Sent {"src":"n0","dest":"c10","body":{"in_reply_to":48,"type":"broadcast_ok"}}
2025/06/29 23:40:46 Sent {"src":"n0","dest":"n1","body":{"messages":[66],"msg_id":107,"type":"broadcast"}}
2025/06/29 23:40:46 Sent {"src":"n0","dest":"n3","body":{"messages":[66],"msg_id":108,"type":"broadcast"}}
2025/06/29 23:40:46 Received {n3 n0 {"messages":[65],"msg_id":100,"type":"broadcast"}}
2025/06/29 23:40:46 Sent {"src":"n0","dest":"n3","body":{"in_reply_to":100,"type":"broadcast_ok"}}
2025/06/29 23:40:46 Received {n3 n0 {"in_reply_to":108,"type":"broadcast_ok"}}
2025/06/29 23:40:46 Received {c10 n0 {"type":"read","msg_id":49}}
2025/06/29 23:40:46 Sent {"src":"n0","dest":"c10","body":{"in_reply_to":49,"messages":[0,1,3,2,4,5,7,8,6,11,9,12,10,15,16,14,13,18,19,17,21,20,22,23,25,28,24,26,27,31,30,29,32,34,33,35,37,36,39,40,41,38,42,43,44,46,45,48,47,52,49,51,53,50,54,57,55,56,59,60,58,61,62,63,64,66,65],"type":"read_ok"}}
2025/06/29 23:40:46 Sent {"src":"n0","dest":"n1","body":{"messages":[65],"msg_id":109,"type":"broadcast"}}
2025/06/29 23:40:46 Sent {"src":"n0","dest":"n3","body":{"messages":[65],"msg_id":110,"type":"broadcast"}}
2025/06/29 23:40:46 Received {n3 n0 {"messages":[66],"msg_id":101,"type":"broadcast"}}
2025/06/29 23:40:46 Sent {"src":"n0","dest":"n3","body":{"in_reply_to":101,"type":"broadcast_ok"}}
2025/06/29 23:40:46 Received {n3 n0 {"in_reply_to":110,"type":"broadcast_ok"}}
2025/06/29 23:40:46 Received {c10 n0 {"type":"broadcast","message":69,"msg_id":50}}
2025/06/29 23:40:46 Sent {"src":"n0","dest":"c10","body":{"in_reply_to":50,"type":"broadcast_ok"}}
2025/06/29 23:40:46 Sent {"src":"n0","dest":"n1","body":{"messages":[69],"msg_id":111,"type":"broadcast"}}
2025/06/29 23:40:46 Sent {"src":"n0","dest":"n3","body":{"messages":[69],"msg_id":112,"type":"broadcast"}}
2025/06/29 23:40:46 Received {n3 n0 {"in_reply_to":112,"type":"broadcast_ok"}}
2025/06/29 23:40:46 Received {c10 n0 {"type":"broadcast","message":70,"msg_id":51}}
2025/06/29 23:40:46 Sent {"src":"n0","dest":"c10","body":{"in_reply_to":51,"type":"broadcast_ok"}}
2025/06/29 23:40:47 Sent {"src":"n0","dest":"n3","body":{"messages":[70],"msg_id":114,"type":"broadcast"}}
2025/06/29 23:40:47 Sent {"src":"n0","dest":"n1","body":{"messages":[70],"msg_id":113,"type":"broadcast"}}
2025/06/29 23:40:47 Received {n3 n0 {"messages":[69,68],"msg_id":104,"type":"broadcast"}}
2025/06/29 23:40:47 Sent {"src":"n0","dest":"n3","body":{"in_reply_to":104,"type":"broadcast_ok"}}
2025/06/29 23:40:47 Received {n3 n0 {"in_reply_to":114,"type":"broadcast_ok"}}
2025/06/29 23:40:47 Sent {"src":"n0","dest":"n1","body":{"messages":[68],"msg_id":115,"type":"broadcast"}}
2025/06/29 23:40:47 Sent {"src":"n0","dest":"n3","body":{"messages":[68],"msg_id":116,"type":"broadcast"}}
2025/06/29 23:40:47 Received {n3 n0 {"messages":[67,70],"msg_id":106,"type":"broadcast"}}
2025/06/29 23:40:47 Sent {"src":"n0","dest":"n3","body":{"in_reply_to":106,"type":"broadcast_ok"}}
2025/06/29 23:40:47 Received {n3 n0 {"in_reply_to":116,"type":"broadcast_ok"}}
2025/06/29 23:40:47 Sent {"src":"n0","dest":"n3","body":{"messages":[67],"msg_id":118,"type":"broadcast"}}
2025/06/29 23:40:47 Sent {"src":"n0","dest":"n1","body":{"messages":[67],"msg_id":117,"type":"broadcast"}}
2025/06/29 23:40:47 Received {n3 n0 {"messages":[71],"msg_id":108,"type":"broadcast"}}
2025/06/29 23:40:47 Sent {"src":"n0","dest":"n3","body":{"in_reply_to":108,"type":"broadcast_ok"}}
2025/06/29 23:40:47 Received {n3 n0 {"in_reply_to":118,"type":"broadcast_ok"}}
2025/06/29 23:40:47 Received {c10 n0 {"type":"broadcast","message":73,"msg_id":52}}
2025/06/29 23:40:47 Sent {"src":"n0","dest":"c10","body":{"in_reply_to":52,"type":"broadcast_ok"}}
2025/06/29 23:40:47 Received {c10 n0 {"type":"broadcast","message":74,"msg_id":53}}
2025/06/29 23:40:47 Sent {"src":"n0","dest":"c10","body":{"in_reply_to":53,"type":"broadcast_ok"}}
2025/06/29 23:40:47 Sent {"src":"n0","dest":"n1","body":{"messages":[71,73,74],"msg_id":119,"type":"broadcast"}}
2025/06/29 23:40:47 Sent {"src":"n0","dest":"n3","body":{"messages":[71,73,74],"msg_id":120,"type":"broadcast"}}
2025/06/29 23:40:47 Received {n3 n0 {"messages":[72],"msg_id":110,"type":"broadcast"}}
2025/06/29 23:40:47 Sent {"src":"n0","dest":"n3","body":{"in_reply_to":110,"type":"broadcast_ok"}}
2025/06/29 23:40:47 Received {n3 n0 {"in_reply_to":120,"type":"broadcast_ok"}}
2025/06/29 23:40:47 Sent {"src":"n0","dest":"n1","body":{"messages":[72],"msg_id":121,"type":"broadcast"}}
2025/06/29 23:40:47 Sent {"src":"n0","dest":"n3","body":{"messages":[72],"msg_id":122,"type":"broadcast"}}
2025/06/29 23:40:47 Received {n3 n0 {"messages":[73,74],"msg_id":112,"type":"broadcast"}}
2025/06/29 23:40:47 Sent {"src":"n0","dest":"n3","body":{"in_reply_to":112,"type":"broadcast_ok"}}
2025/06/29 23:40:47 Received {n3 n0 {"in_reply_to":122,"type":"broadcast_ok"}}
2025/06/29 23:40:48 Received {n3 n0 {"messages":[75,77],"msg_id":114,"type":"broadcast"}}
2025/06/29 23:40:48 Sent {"src":"n0","dest":"n3","body":{"in_reply_to":114,"type":"broadcast_ok"}}
2025/06/29 23:40:48 Received {c10 n0 {"type":"read","msg_id":54}}
2025/06/29 23:40:48 Sent {"src":"n0","dest":"c10","body":{"in_reply_to":54,"messages":[0,1,3,2,4,5,7,8,6,11,9,12,10,15,16,14,13,18,19,17,21,20,22,23,25,28,24,26,27,31,30,29,32,34,33,35,37,36,39,40,41,38,42,43,44,46,45,48,47,52,49,51,53,50,54,57,55,56,59,60,58,61,62,63,64,66,65,69,70,68,67,71,73,74,72,75,77],"type":"read_ok"}}
2025/06/29 23:40:48 Received {c10 n0 {"type":"broadcast","message":79,"msg_id":55}}
2025/06/29 23:40:48 Sent {"src":"n0","dest":"c10","body":{"in_reply_to":55,"type":"broadcast_ok"}}
2025/06/29 23:40:48 Sent {"src":"n0","dest":"n3","body":{"messages":[75,77,79],"msg_id":124,"type":"broadcast"}}
2025/06/29 23:40:48 Sent {"src":"n0","dest":"n1","body":{"messages":[75,77,79],"msg_id":123,"type":"broadcast"}}
2025/06/29 23:40:48 Received {n3 n0 {"messages":[78],"msg_id":115,"type":"broadcast"}}
2025/06/29 23:40:48 Sent {"src":"n0","dest":"n3","body":{"in_reply_to":115,"type":"broadcast_ok"}}
2025/06/29 23:40:48 Received {n3 n0 {"in_reply_to":124,"type":"broadcast_ok"}}
2025/06/29 23:40:48 Sent {"src":"n0","dest":"n1","body":{"messages":[78],"msg_id":125,"type":"broadcast"}}
2025/06/29 23:40:48 Sent {"src":"n0","dest":"n3","body":{"messages":[78],"msg_id":126,"type":"broadcast"}}
2025/06/29 23:40:48 Received {n3 n0 {"messages":[79,76,81],"msg_id":118,"type":"broadcast"}}
2025/06/29 23:40:48 Sent {"src":"n0","dest":"n3","body":{"in_reply_to":118,"type":"broadcast_ok"}}
2025/06/29 23:40:48 Received {n3 n0 {"in_reply_to":126,"type":"broadcast_ok"}}
2025/06/29 23:40:48 Received {c10 n0 {"type":"read","msg_id":56}}
2025/06/29 23:40:48 Sent {"src":"n0","dest":"c10","body":{"in_reply_to":56,"messages":[0,1,3,2,4,5,7,8,6,11,9,12,10,15,16,14,13,18,19,17,21,20,22,23,25,28,24,26,27,31,30,29,32,34,33,35,37,36,39,40,41,38,42,43,44,46,45,48,47,52,49,51,53,50,54,57,55,56,59,60,58,61,62,63,64,66,65,69,70,68,67,71,73,74,72,75,77,79,78,76,81],"type":"read_ok"}}
2025/06/29 23:40:48 Received {c10 n0 {"type":"broadcast","message":82,"msg_id":57}}
2025/06/29 23:40:48 Sent {"src":"n0","dest":"c10","body":{"in_reply_to":57,"type":"broadcast_ok"}}
2025/06/29 23:40:48 Sent {"src":"n0","dest":"n1","body":{"messages":[76,81,82],"msg_id":127,"type":"broadcast"}}
2025/06/29 23:40:48 Sent {"src":"n0","dest":"n3","body":{"messages":[76,81,82],"msg_id":128,"type":"broadcast"}}
2025/06/29 23:40:48 Received {n3 n0 {"in_reply_to":128,"type":"broadcast_ok"}}
2025/06/29 23:40:49 Received {n3 n0 {"messages":[80,82],"msg_id":120,"type":"broadcast"}}
2025/06/29 23:40:49 Sent {"src":"n0","dest":"n3","body":{"in_reply_to":120,"type":"broadcast_ok"}}
2025/06/29 23:40:49 Sent {"src":"n0","dest":"n1","body":{"messages":[80],"msg_id":129,"type":"broadcast"}}
2025/06/29 23:40:49 Sent {"src":"n0","dest":"n3","body":{"messages":[80],"msg_id":130,"type":"broadcast"}}
2025/06/29 23:40:49 Received {n3 n0 {"in_reply_to":130,"type":"broadcast_ok"}}
2025/06/29 23:40:49 Received {n3 n0 {"messages":[83],"msg_id":122,"type":"broadcast"}}
2025/06/29 23:40:49 Sent {"src":"n0","dest":"n3","body":{"in_reply_to":122,"type":"broadcast_ok"}}
2025/06/29 23:40:49 Received {c10 n0 {"type":"read","msg_id":58}}
2025/06/29 23:40:49 Sent {"src":"n0","dest":"c10","body":{"in_reply_to":58,"messages":[0,1,3,2,4,5,7,8,6,11,9,12,10,15,16,14,13,18,19,17,21,20,22,23,25,28,24,26,27,31,30,29,32,34,33,35,37,36,39,40,41,38,42,43,44,46,45,48,47,52,49,51,53,50,54,57,55,56,59,60,58,61,62,63,64,66,65,69,70,68,67,71,73,74,72,75,77,79,78,76,81,82,80,83],"type":"read_ok"}}
2025/06/29 23:40:49 Received {c10 n0 {"type":"broadcast","message":84,"msg_id":59}}
2025/06/29 23:40:49 Sent {"src":"n0","dest":"c10","body":{"in_reply_to":59,"type":"broadcast_ok"}}
2025/06/29 23:40:49 Sent {"src":"n0","dest":"n1","body":{"messages":[83,84],"msg_id":131,"type":"broadcast"}}
2025/06/29 23:40:49 Sent {"src":"n0","dest":"n3","body":{"messages":[83,84],"msg_id":132,"type":"broadcast"}}
2025/06/29 23:40:49 Received {n3 n0 {"in_reply_to":132,"type":"broadcast_ok"}}
2025/06/29 23:40:49 Received {n3 n0 {"messages":[84],"msg_id":124,"type":"broadcast"}}
2025/06/29 23:40:49 Sent {"src":"n0","dest":"n3","body":{"in_reply_to":124,"type":"broadcast_ok"}}
2025/06/29 23:40:50 Received {n3 n0 {"messages":[87],"msg_id":126,"type":"broadcast"}}
2025/06/29 23:40:50 Sent {"src":"n0","dest":"n3","body":{"in_reply_to":126,"type":"broadcast_ok"}}
2025/06/29 23:40:50 Received {c10 n0 {"type":"read","msg_id":60}}
2025/06/29 23:40:50 Sent {"src":"n0","dest":"c10","body":{"in_reply_to":60,"messages":[0,1,3,2,4,5,7,8,6,11,9,12,10,15,16,14,13,18,19,17,21,20,22,23,25,28,24,26,27,31,30,29,32,34,33,35,37,36,39,40,41,38,42,43,44,46,45,48,47,52,49,51,53,50,54,57,55,56,59,60,58,61,62,63,64,66,65,69,70,68,67,71,73,74,72,75,77,79,78,76,81,82,80,83,84,87],"type":"read_ok"}}
2025/06/29 23:40:50 Sent {"src":"n0","dest":"n1","body":{"messages":[87],"msg_id":133,"type":"broadcast"}}
2025/06/29 23:40:50 Sent {"src":"n0","dest":"n3","body":{"messages":[87],"msg_id":134,"type":"broadcast"}}
2025/06/29 23:40:50 Received {n1 n0 {"messages":[84],"msg_id":157,"type":"broadcast"}}
2025/06/29 23:40:50 Received {n3 n0 {"messages":[85],"msg_id":128,"type":"broadcast"}}
2025/06/29 23:40:50 Sent {"src":"n0","dest":"n1","body":{"in_reply_to":157,"type":"broadcast_ok"}}
2025/06/29 23:40:50 Sent {"src":"n0","dest":"n3","body":{"in_reply_to":128,"type":"broadcast_ok"}}
2025/06/29 23:40:50 Received {n3 n0 {"in_reply_to":134,"type":"broadcast_ok"}}
2025/06/29 23:40:50 Received {n1 n0 {"in_reply_to":133,"type":"broadcast_ok"}}
2025/06/29 23:40:50 Sent {"src":"n0","dest":"n1","body":{"messages":[85],"msg_id":135,"type":"broadcast"}}
2025/06/29 23:40:50 Sent {"src":"n0","dest":"n3","body":{"messages":[85],"msg_id":136,"type":"broadcast"}}
2025/06/29 23:40:50 Received {n1 n0 {"messages":[87],"msg_id":160,"type":"broadcast"}}
2025/06/29 23:40:50 Received {n3 n0 {"messages":[86],"msg_id":130,"type":"broadcast"}}
2025/06/29 23:40:50 Sent {"src":"n0","dest":"n1","body":{"in_reply_to":160,"type":"broadcast_ok"}}
2025/06/29 23:40:50 Sent {"src":"n0","dest":"n3","body":{"in_reply_to":130,"type":"broadcast_ok"}}
2025/06/29 23:40:50 Received {n3 n0 {"in_reply_to":136,"type":"broadcast_ok"}}
2025/06/29 23:40:50 Received {n1 n0 {"in_reply_to":135,"type":"broadcast_ok"}}
2025/06/29 23:40:50 Received {c10 n0 {"type":"broadcast","message":88,"msg_id":61}}
2025/06/29 23:40:50 Sent {"src":"n0","dest":"c10","body":{"in_reply_to":61,"type":"broadcast_ok"}}
2025/06/29 23:40:50 Received {c10 n0 {"type":"broadcast","message":89,"msg_id":62}}
2025/06/29 23:40:50 Sent {"src":"n0","dest":"c10","body":{"in_reply_to":62,"type":"broadcast_ok"}}
2025/06/29 23:40:50 Sent {"src":"n0","dest":"n1","body":{"messages":[86,88,89],"msg_id":137,"type":"broadcast"}}
2025/06/29 23:40:50 Sent {"src":"n0","dest":"n3","body":{"messages":[86,88,89],"msg_id":138,"type":"broadcast"}}
2025/06/29 23:40:50 Received {n1 n0 {"messages":[90],"msg_id":163,"type":"broadcast"}}
2025/06/29 23:40:50 Sent {"src":"n0","dest":"n1","body":{"in_reply_to":163,"type":"broadcast_ok"}}
2025/06/29 23:40:50 Received {n1 n0 {"in_reply_to":137,"type":"broadcast_ok"}}
2025/06/29 23:40:50 Received {n3 n0 {"in_reply_to":138,"type":"broadcast_ok"}}
2025/06/29 23:40:50 Sent {"src":"n0","dest":"n1","body":{"messages":[90],"msg_id":139,"type":"broadcast"}}
2025/06/29 23:40:50 Sent {"src":"n0","dest":"n3","body":{"messages":[90],"msg_id":140,"type":"broadcast"}}
2025/06/29 23:40:50 Received {n1 n0 {"messages":[88,89],"msg_id":166,"type":"broadcast"}}
2025/06/29 23:40:50 Received {n3 n0 {"messages":[88,89],"msg_id":132,"type":"broadcast"}}
2025/06/29 23:40:50 Sent {"src":"n0","dest":"n1","body":{"in_reply_to":166,"type":"broadcast_ok"}}
2025/06/29 23:40:50 Sent {"src":"n0","dest":"n3","body":{"in_reply_to":132,"type":"broadcast_ok"}}
2025/06/29 23:40:50 Received {n3 n0 {"in_reply_to":140,"type":"broadcast_ok"}}
2025/06/29 23:40:50 Received {n1 n0 {"in_reply_to":139,"type":"broadcast_ok"}}
2025/06/29 23:40:51 Received {n3 n0 {"messages":[90],"msg_id":134,"type":"broadcast"}}
2025/06/29 23:40:51 Sent {"src":"n0","dest":"n3","body":{"in_reply_to":134,"type":"broadcast_ok"}}
2025/06/29 23:40:51 Received {c10 n0 {"type":"broadcast","message":91,"msg_id":63}}
2025/06/29 23:40:51 Sent {"src":"n0","dest":"c10","body":{"in_reply_to":63,"type":"broadcast_ok"}}
2025/06/29 23:40:51 Received {c10 n0 {"type":"read","msg_id":64}}
2025/06/29 23:40:51 Sent {"src":"n0","dest":"c10","body":{"in_reply_to":64,"messages":[0,1,3,2,4,5,7,8,6,11,9,12,10,15,16,14,13,18,19,17,21,20,22,23,25,28,24,26,27,31,30,29,32,34,33,35,37,36,39,40,41,38,42,43,44,46,45,48,47,52,49,51,53,50,54,57,55,56,59,60,58,61,62,63,64,66,65,69,70,68,67,71,73,74,72,75,77,79,78,76,81,82,80,83,84,87,85,86,88,89,90,91],"type":"read_ok"}}
2025/06/29 23:40:51 Sent {"src":"n0","dest":"n3","body":{"messages":[91],"msg_id":142,"type":"broadcast"}}
2025/06/29 23:40:51 Sent {"src":"n0","dest":"n1","body":{"messages":[91],"msg_id":141,"type":"broadcast"}}
2025/06/29 23:40:51 Received {n3 n0 {"in_reply_to":142,"type":"broadcast_ok"}}
2025/06/29 23:40:51 Received {n1 n0 {"in_reply_to":141,"type":"broadcast_ok"}}
2025/06/29 23:40:51 Received {n1 n0 {"messages":[91],"msg_id":169,"type":"broadcast"}}
2025/06/29 23:40:51 Received {n3 n0 {"messages":[91],"msg_id":136,"type":"broadcast"}}
2025/06/29 23:40:51 Sent {"src":"n0","dest":"n3","body":{"in_reply_to":136,"type":"broadcast_ok"}}
2025/06/29 23:40:51 Sent {"src":"n0","dest":"n1","body":{"in_reply_to":169,"type":"broadcast_ok"}}
2025/06/29 23:40:51 Received {n1 n0 {"messages":[92],"msg_id":172,"type":"broadcast"}}
2025/06/29 23:40:51 Sent {"src":"n0","dest":"n1","body":{"in_reply_to":172,"type":"broadcast_ok"}}
2025/06/29 23:40:51 Sent {"src":"n0","dest":"n1","body":{"messages":[92],"msg_id":143,"type":"broadcast"}}
2025/06/29 23:40:51 Sent {"src":"n0","dest":"n3","body":{"messages":[92],"msg_id":144,"type":"broadcast"}}
2025/06/29 23:40:51 Received {n1 n0 {"messages":[93],"msg_id":175,"type":"broadcast"}}
2025/06/29 23:40:51 Received {n3 n0 {"messages":[93],"msg_id":138,"type":"broadcast"}}
2025/06/29 23:40:51 Sent {"src":"n0","dest":"n1","body":{"in_reply_to":175,"type":"broadcast_ok"}}
2025/06/29 23:40:51 Sent {"src":"n0","dest":"n3","body":{"in_reply_to":138,"type":"broadcast_ok"}}
2025/06/29 23:40:51 Received {n3 n0 {"in_reply_to":144,"type":"broadcast_ok"}}
2025/06/29 23:40:51 Received {n1 n0 {"in_reply_to":143,"type":"broadcast_ok"}}
2025/06/29 23:40:52 Sent {"src":"n0","dest":"n3","body":{"messages":[93],"msg_id":146,"type":"broadcast"}}
2025/06/29 23:40:52 Sent {"src":"n0","dest":"n1","body":{"messages":[93],"msg_id":145,"type":"broadcast"}}
2025/06/29 23:40:52 Received {n3 n0 {"messages":[92],"msg_id":140,"type":"broadcast"}}
2025/06/29 23:40:52 Sent {"src":"n0","dest":"n3","body":{"in_reply_to":140,"type":"broadcast_ok"}}
2025/06/29 23:40:52 Received {n3 n0 {"in_reply_to":146,"type":"broadcast_ok"}}
2025/06/29 23:40:52 Received {n1 n0 {"in_reply_to":145,"type":"broadcast_ok"}}
2025/06/29 23:41:01 Received {c10 n0 {"type":"read","msg_id":65}}
2025/06/29 23:41:01 Sent {"src":"n0","dest":"c10","body":{"in_reply_to":65,"messages":[0,1,3,2,4,5,7,8,6,11,9,12,10,15,16,14,13,18,19,17,21,20,22,23,25,28,24,26,27,31,30,29,32,34,33,35,37,36,39,40,41,38,42,43,44,46,45,48,47,52,49,51,53,50,54,57,55,56,59,60,58,61,62,63,64,66,65,69,70,68,67,71,73,74,72,75,77,79,78,76,81,82,80,83,84,87,85,86,88,89,90,91,92,93],"type":"read_ok"}}
