2025/06/29 23:40:31 Received {c0 n2 {"type":"init","node_id":"n2","node_ids":["n0","n1","n2","n3","n4"],"msg_id":1}}
2025/06/29 23:40:31 Node n2 initialized
2025/06/29 23:40:31 Sent {"src":"n2","dest":"c0","body":{"in_reply_to":1,"type":"init_ok"}}
2025/06/29 23:40:31 Received {c7 n2 {"type":"topology","topology":{"n0":["n3","n1"],"n1":["n4","n2","n0"],"n2":["n1"],"n3":["n0","n4"],"n4":["n1","n3"]},"msg_id":1}}
2025/06/29 23:40:31 Sent {"src":"n2","dest":"c7","body":{"in_reply_to":1,"type":"topology_ok"}}
2025/06/29 23:40:31 Received {c11 n2 {"type":"read","msg_id":1}}
2025/06/29 23:40:31 Sent {"src":"n2","dest":"c11","body":{"in_reply_to":1,"messages":[],"type":"read_ok"}}
2025/06/29 23:40:32 Received {n1 n2 {"messages":[1,2,4],"msg_id":3,"type":"broadcast"}}
2025/06/29 23:40:32 Sent {"src":"n2","dest":"n1","body":{"in_reply_to":3,"type":"broadcast_ok"}}
2025/06/29 23:40:32 Received {c11 n2 {"type":"read","msg_id":2}}
2025/06/29 23:40:32 Sent {"src":"n2","dest":"c11","body":{"in_reply_to":2,"messages":[1,2,4],"type":"read_ok"}}
2025/06/29 23:40:32 Sent {"src":"n2","dest":"n1","body":{"messages":[1,2,4],"msg_id":1,"type":"broadcast"}}
2025/06/29 23:40:32 Received {n1 n2 {"messages":[0],"msg_id":6,"type":"broadcast"}}
2025/06/29 23:40:32 Sent {"src":"n2","dest":"n1","body":{"in_reply_to":6,"type":"broadcast_ok"}}
2025/06/29 23:40:32 Received {n1 n2 {"in_reply_to":1,"type":"broadcast_ok"}}
2025/06/29 23:40:32 Sent {"src":"n2","dest":"n1","body":{"messages":[0],"msg_id":2,"type":"broadcast"}}
2025/06/29 23:40:32 Received {n1 n2 {"messages":[3],"msg_id":9,"type":"broadcast"}}
2025/06/29 23:40:32 Sent {"src":"n2","dest":"n1","body":{"in_reply_to":9,"type":"broadcast_ok"}}
2025/06/29 23:40:32 Received {n1 n2 {"in_reply_to":2,"type":"broadcast_ok"}}
2025/06/29 23:40:32 Sent {"src":"n2","dest":"n1","body":{"messages":[3],"msg_id":3,"type":"broadcast"}}
2025/06/29 23:40:32 Received {n1 n2 {"messages":[5],"msg_id":12,"type":"broadcast"}}
2025/06/29 23:40:32 Sent {"src":"n2","dest":"n1","body":{"in_reply_to":12,"type":"broadcast_ok"}}
2025/06/29 23:40:32 Received {n1 n2 {"in_reply_to":3,"type":"broadcast_ok"}}
2025/06/29 23:40:33 Sent {"src":"n2","dest":"n1","body":{"messages":[5],"msg_id":4,"type":"broadcast"}}
2025/06/29 23:40:33 Received {n1 n2 {"messages":[6],"msg_id":15,"type":"broadcast"}}
2025/06/29 23:40:33 Sent {"src":"n2","dest":"n1","body":{"in_reply_to":15,"type":"broadcast_ok"}}
2025/06/29 23:40:33 Received {n1 n2 {"in_reply_to":4,"type":"broadcast_ok"}}
2025/06/29 23:40:33 Received {c11 n2 {"type":"read","msg_id":3}}
2025/06/29 23:40:33 Sent {"src":"n2","dest":"c11","body":{"in_reply_to":3,"messages":[1,2,4,0,3,5,6],"type":"read_ok"}}
2025/06/29 23:40:33 Sent {"src":"n2","dest":"n1","body":{"messages":[6],"msg_id":5,"type":"broadcast"}}
2025/06/29 23:40:33 Received {n1 n2 {"in_reply_to":5,"type":"broadcast_ok"}}
2025/06/29 23:40:33 Received {c11 n2 {"type":"broadcast","message":10,"msg_id":4}}
2025/06/29 23:40:33 Sent {"src":"n2","dest":"c11","body":{"in_reply_to":4,"type":"broadcast_ok"}}
2025/06/29 23:40:33 Sent {"src":"n2","dest":"n1","body":{"messages":[10],"msg_id":6,"type":"broadcast"}}
2025/06/29 23:40:33 Received {n1 n2 {"messages":[7,9],"msg_id":18,"type":"broadcast"}}
2025/06/29 23:40:33 Sent {"src":"n2","dest":"n1","body":{"in_reply_to":18,"type":"broadcast_ok"}}
2025/06/29 23:40:33 Received {n1 n2 {"in_reply_to":6,"type":"broadcast_ok"}}
2025/06/29 23:40:33 Sent {"src":"n2","dest":"n1","body":{"messages":[7,9],"msg_id":7,"type":"broadcast"}}
2025/06/29 23:40:33 Received {n1 n2 {"messages":[10],"msg_id":21,"type":"broadcast"}}
2025/06/29 23:40:33 Sent {"src":"n2","dest":"n1","body":{"in_reply_to":21,"type":"broadcast_ok"}}
2025/06/29 23:40:33 Received {n1 n2 {"in_reply_to":7,"type":"broadcast_ok"}}
2025/06/29 23:40:34 Received {n1 n2 {"messages":[8],"msg_id":24,"type":"broadcast"}}
2025/06/29 23:40:34 Sent {"src":"n2","dest":"n1","body":{"in_reply_to":24,"type":"broadcast_ok"}}
2025/06/29 23:40:34 Sent {"src":"n2","dest":"n1","body":{"messages":[8],"msg_id":8,"type":"broadcast"}}
2025/06/29 23:40:34 Received {n1 n2 {"in_reply_to":8,"type":"broadcast_ok"}}
2025/06/29 23:40:34 Received {c11 n2 {"type":"broadcast","message":13,"msg_id":5}}
2025/06/29 23:40:34 Sent {"src":"n2","dest":"c11","body":{"in_reply_to":5,"type":"broadcast_ok"}}
2025/06/29 23:40:34 Sent {"src":"n2","dest":"n1","body":{"messages":[13],"msg_id":9,"type":"broadcast"}}
2025/06/29 23:40:34 Received {n1 n2 {"in_reply_to":9,"type":"broadcast_ok"}}
2025/06/29 23:40:34 Received {n1 n2 {"messages":[13,11],"msg_id":27,"type":"broadcast"}}
2025/06/29 23:40:34 Sent {"src":"n2","dest":"n1","body":{"in_reply_to":27,"type":"broadcast_ok"}}
2025/06/29 23:40:34 Sent {"src":"n2","dest":"n1","body":{"messages":[11],"msg_id":10,"type":"broadcast"}}
2025/06/29 23:40:34 Received {n1 n2 {"messages":[12,14],"msg_id":30,"type":"broadcast"}}
2025/06/29 23:40:34 Sent {"src":"n2","dest":"n1","body":{"in_reply_to":30,"type":"broadcast_ok"}}
2025/06/29 23:40:34 Received {n1 n2 {"in_reply_to":10,"type":"broadcast_ok"}}
2025/06/29 23:40:35 Received {c11 n2 {"type":"broadcast","message":17,"msg_id":6}}
2025/06/29 23:40:35 Sent {"src":"n2","dest":"c11","body":{"in_reply_to":6,"type":"broadcast_ok"}}
2025/06/29 23:40:35 Sent {"src":"n2","dest":"n1","body":{"messages":[12,14,17],"msg_id":11,"type":"broadcast"}}
2025/06/29 23:40:35 Received {n1 n2 {"in_reply_to":11,"type":"broadcast_ok"}}
2025/06/29 23:40:35 Received {n1 n2 {"messages":[17,15],"msg_id":33,"type":"broadcast"}}
2025/06/29 23:40:35 Sent {"src":"n2","dest":"n1","body":{"in_reply_to":33,"type":"broadcast_ok"}}
2025/06/29 23:40:35 Sent {"src":"n2","dest":"n1","body":{"messages":[15],"msg_id":12,"type":"broadcast"}}
2025/06/29 23:40:35 Received {n1 n2 {"messages":[16],"msg_id":35,"type":"broadcast"}}
2025/06/29 23:40:35 Sent {"src":"n2","dest":"n1","body":{"in_reply_to":35,"type":"broadcast_ok"}}
2025/06/29 23:40:35 Received {n1 n2 {"in_reply_to":12,"type":"broadcast_ok"}}
2025/06/29 23:40:35 Sent {"src":"n2","dest":"n1","body":{"messages":[16],"msg_id":13,"type":"broadcast"}}
2025/06/29 23:40:35 Received {n1 n2 {"messages":[20],"msg_id":39,"type":"broadcast"}}
2025/06/29 23:40:35 Sent {"src":"n2","dest":"n1","body":{"in_reply_to":39,"type":"broadcast_ok"}}
2025/06/29 23:40:35 Received {n1 n2 {"in_reply_to":13,"type":"broadcast_ok"}}
2025/06/29 23:40:35 Received {c11 n2 {"type":"read","msg_id":7}}
2025/06/29 23:40:35 Sent {"src":"n2","dest":"c11","body":{"in_reply_to":7,"messages":[1,2,4,0,3,5,6,10,7,9,8,13,11,12,14,17,15,16,20],"type":"read_ok"}}
2025/06/29 23:40:35 Sent {"src":"n2","dest":"n1","body":{"messages":[20],"msg_id":14,"type":"broadcast"}}
2025/06/29 23:40:35 Received {n1 n2 {"in_reply_to":14,"type":"broadcast_ok"}}
2025/06/29 23:40:36 Received {n1 n2 {"messages":[18],"msg_id":42,"type":"broadcast"}}
2025/06/29 23:40:36 Sent {"src":"n2","dest":"n1","body":{"in_reply_to":42,"type":"broadcast_ok"}}
2025/06/29 23:40:36 Sent {"src":"n2","dest":"n1","body":{"messages":[18],"msg_id":15,"type":"broadcast"}}
2025/06/29 23:40:36 Received {n1 n2 {"messages":[19,21],"msg_id":45,"type":"broadcast"}}
2025/06/29 23:40:36 Sent {"src":"n2","dest":"n1","body":{"in_reply_to":45,"type":"broadcast_ok"}}
2025/06/29 23:40:36 Received {n1 n2 {"in_reply_to":15,"type":"broadcast_ok"}}
2025/06/29 23:40:36 Received {c11 n2 {"type":"broadcast","message":24,"msg_id":8}}
2025/06/29 23:40:36 Sent {"src":"n2","dest":"c11","body":{"in_reply_to":8,"type":"broadcast_ok"}}
2025/06/29 23:40:36 Sent {"src":"n2","dest":"n1","body":{"messages":[19,21,24],"msg_id":16,"type":"broadcast"}}
2025/06/29 23:40:36 Received {n1 n2 {"in_reply_to":16,"type":"broadcast_ok"}}
2025/06/29 23:40:36 Received {n1 n2 {"messages":[24,25,26],"msg_id":48,"type":"broadcast"}}
2025/06/29 23:40:36 Sent {"src":"n2","dest":"n1","body":{"in_reply_to":48,"type":"broadcast_ok"}}
2025/06/29 23:40:36 Received {c11 n2 {"type":"read","msg_id":9}}
2025/06/29 23:40:36 Sent {"src":"n2","dest":"c11","body":{"in_reply_to":9,"messages":[1,2,4,0,3,5,6,10,7,9,8,13,11,12,14,17,15,16,20,18,19,21,24,25,26],"type":"read_ok"}}
2025/06/29 23:40:36 Sent {"src":"n2","dest":"n1","body":{"messages":[25,26],"msg_id":17,"type":"broadcast"}}
2025/06/29 23:40:36 Received {n1 n2 {"messages":[22,23],"msg_id":51,"type":"broadcast"}}
2025/06/29 23:40:36 Sent {"src":"n2","dest":"n1","body":{"in_reply_to":51,"type":"broadcast_ok"}}
2025/06/29 23:40:36 Received {n1 n2 {"in_reply_to":17,"type":"broadcast_ok"}}
2025/06/29 23:40:37 Sent {"src":"n2","dest":"n1","body":{"messages":[22,23],"msg_id":18,"type":"broadcast"}}
2025/06/29 23:40:37 Received {n1 n2 {"in_reply_to":18,"type":"broadcast_ok"}}
2025/06/29 23:40:37 Received {c11 n2 {"type":"broadcast","message":29,"msg_id":10}}
2025/06/29 23:40:37 Sent {"src":"n2","dest":"c11","body":{"in_reply_to":10,"type":"broadcast_ok"}}
2025/06/29 23:40:37 Sent {"src":"n2","dest":"n1","body":{"messages":[29],"msg_id":19,"type":"broadcast"}}
2025/06/29 23:40:37 Received {n1 n2 {"messages":[27],"msg_id":53,"type":"broadcast"}}
2025/06/29 23:40:37 Sent {"src":"n2","dest":"n1","body":{"in_reply_to":53,"type":"broadcast_ok"}}
2025/06/29 23:40:37 Received {n1 n2 {"in_reply_to":19,"type":"broadcast_ok"}}
2025/06/29 23:40:37 Sent {"src":"n2","dest":"n1","body":{"messages":[27],"msg_id":20,"type":"broadcast"}}
2025/06/29 23:40:37 Received {n1 n2 {"messages":[29],"msg_id":57,"type":"broadcast"}}
2025/06/29 23:40:37 Sent {"src":"n2","dest":"n1","body":{"in_reply_to":57,"type":"broadcast_ok"}}
2025/06/29 23:40:37 Received {n1 n2 {"in_reply_to":20,"type":"broadcast_ok"}}
2025/06/29 23:40:37 Received {n1 n2 {"messages":[28,30],"msg_id":60,"type":"broadcast"}}
2025/06/29 23:40:37 Sent {"src":"n2","dest":"n1","body":{"in_reply_to":60,"type":"broadcast_ok"}}
2025/06/29 23:40:37 Received {c11 n2 {"type":"read","msg_id":11}}
2025/06/29 23:40:37 Sent {"src":"n2","dest":"c11","body":{"in_reply_to":11,"messages":[1,2,4,0,3,5,6,10,7,9,8,13,11,12,14,17,15,16,20,18,19,21,24,25,26,22,23,29,27,28,30],"type":"read_ok"}}
2025/06/29 23:40:37 Sent {"src":"n2","dest":"n1","body":{"messages":[28,30],"msg_id":21,"type":"broadcast"}}
2025/06/29 23:40:37 Received {n1 n2 {"in_reply_to":21,"type":"broadcast_ok"}}
2025/06/29 23:40:38 Received {n1 n2 {"messages":[31,33],"msg_id":63,"type":"broadcast"}}
2025/06/29 23:40:38 Sent {"src":"n2","dest":"n1","body":{"in_reply_to":63,"type":"broadcast_ok"}}
2025/06/29 23:40:38 Received {c11 n2 {"type":"read","msg_id":12}}
2025/06/29 23:40:38 Sent {"src":"n2","dest":"c11","body":{"in_reply_to":12,"messages":[1,2,4,0,3,5,6,10,7,9,8,13,11,12,14,17,15,16,20,18,19,21,24,25,26,22,23,29,27,28,30,31,33],"type":"read_ok"}}
2025/06/29 23:40:38 Sent {"src":"n2","dest":"n1","body":{"messages":[31,33],"msg_id":22,"type":"broadcast"}}
2025/06/29 23:40:38 Received {n1 n2 {"messages":[32],"msg_id":66,"type":"broadcast"}}
2025/06/29 23:40:38 Sent {"src":"n2","dest":"n1","body":{"in_reply_to":66,"type":"broadcast_ok"}}
2025/06/29 23:40:38 Received {n1 n2 {"in_reply_to":22,"type":"broadcast_ok"}}
2025/06/29 23:40:38 Sent {"src":"n2","dest":"n1","body":{"messages":[32],"msg_id":23,"type":"broadcast"}}
2025/06/29 23:40:38 Received {n1 n2 {"in_reply_to":23,"type":"broadcast_ok"}}
2025/06/29 23:40:38 Received {c11 n2 {"type":"read","msg_id":13}}
2025/06/29 23:40:38 Sent {"src":"n2","dest":"c11","body":{"in_reply_to":13,"messages":[1,2,4,0,3,5,6,10,7,9,8,13,11,12,14,17,15,16,20,18,19,21,24,25,26,22,23,29,27,28,30,31,33,32],"type":"read_ok"}}
2025/06/29 23:40:38 Received {n1 n2 {"messages":[34,35,36],"msg_id":69,"type":"broadcast"}}
2025/06/29 23:40:38 Sent {"src":"n2","dest":"n1","body":{"in_reply_to":69,"type":"broadcast_ok"}}
2025/06/29 23:40:39 Sent {"src":"n2","dest":"n1","body":{"messages":[34,35,36],"msg_id":24,"type":"broadcast"}}
2025/06/29 23:40:39 Received {n1 n2 {"in_reply_to":24,"type":"broadcast_ok"}}
2025/06/29 23:40:39 Received {c11 n2 {"type":"broadcast","message":38,"msg_id":14}}
2025/06/29 23:40:39 Sent {"src":"n2","dest":"c11","body":{"in_reply_to":14,"type":"broadcast_ok"}}
2025/06/29 23:40:39 Sent {"src":"n2","dest":"n1","body":{"messages":[38],"msg_id":25,"type":"broadcast"}}
2025/06/29 23:40:39 Received {n1 n2 {"in_reply_to":25,"type":"broadcast_ok"}}
2025/06/29 23:40:39 Received {n1 n2 {"messages":[38],"msg_id":71,"type":"broadcast"}}
2025/06/29 23:40:39 Sent {"src":"n2","dest":"n1","body":{"in_reply_to":71,"type":"broadcast_ok"}}
2025/06/29 23:40:39 Received {n1 n2 {"messages":[37,39,40],"msg_id":73,"type":"broadcast"}}
2025/06/29 23:40:39 Sent {"src":"n2","dest":"n1","body":{"in_reply_to":73,"type":"broadcast_ok"}}
2025/06/29 23:40:40 Received {c11 n2 {"type":"read","msg_id":15}}
2025/06/29 23:40:40 Sent {"src":"n2","dest":"c11","body":{"in_reply_to":15,"messages":[1,2,4,0,3,5,6,10,7,9,8,13,11,12,14,17,15,16,20,18,19,21,24,25,26,22,23,29,27,28,30,31,33,32,34,35,36,38,37,39,40],"type":"read_ok"}}
2025/06/29 23:40:40 Sent {"src":"n2","dest":"n1","body":{"messages":[37,39,40],"msg_id":26,"type":"broadcast"}}
2025/06/29 23:40:40 Received {n1 n2 {"in_reply_to":26,"type":"broadcast_ok"}}
2025/06/29 23:40:40 Received {n1 n2 {"messages":[41,42,44],"msg_id":78,"type":"broadcast"}}
2025/06/29 23:40:40 Sent {"src":"n2","dest":"n1","body":{"in_reply_to":78,"type":"broadcast_ok"}}
2025/06/29 23:40:40 Received {c11 n2 {"type":"broadcast","message":45,"msg_id":16}}
2025/06/29 23:40:40 Sent {"src":"n2","dest":"c11","body":{"in_reply_to":16,"type":"broadcast_ok"}}
2025/06/29 23:40:40 Sent {"src":"n2","dest":"n1","body":{"messages":[41,42,44,45],"msg_id":27,"type":"broadcast"}}
2025/06/29 23:40:40 Received {n1 n2 {"in_reply_to":27,"type":"broadcast_ok"}}
2025/06/29 23:40:41 Received {n1 n2 {"messages":[43,45],"msg_id":81,"type":"broadcast"}}
2025/06/29 23:40:41 Sent {"src":"n2","dest":"n1","body":{"in_reply_to":81,"type":"broadcast_ok"}}
2025/06/29 23:40:41 Sent {"src":"n2","dest":"n1","body":{"messages":[43],"msg_id":28,"type":"broadcast"}}
2025/06/29 23:40:41 Received {n1 n2 {"messages":[46],"msg_id":84,"type":"broadcast"}}
2025/06/29 23:40:41 Sent {"src":"n2","dest":"n1","body":{"in_reply_to":84,"type":"broadcast_ok"}}
2025/06/29 23:40:41 Received {n1 n2 {"in_reply_to":28,"type":"broadcast_ok"}}
2025/06/29 23:40:41 Received {c11 n2 {"type":"broadcast","message":47,"msg_id":17}}
2025/06/29 23:40:41 Sent {"src":"n2","dest":"c11","body":{"in_reply_to":17,"type":"broadcast_ok"}}
2025/06/29 23:40:41 Sent {"src":"n2","dest":"n1","body":{"messages":[46,47],"msg_id":29,"type":"broadcast"}}
2025/06/29 23:40:41 Received {n1 n2 {"in_reply_to":29,"type":"broadcast_ok"}}
2025/06/29 23:40:41 Received {n1 n2 {"messages":[47],"msg_id":86,"type":"broadcast"}}
2025/06/29 23:40:41 Sent {"src":"n2","dest":"n1","body":{"in_reply_to":86,"type":"broadcast_ok"}}
2025/06/29 23:40:42 Received {n1 n2 {"messages":[49],"msg_id":89,"type":"broadcast"}}
2025/06/29 23:40:42 Sent {"src":"n2","dest":"n1","body":{"in_reply_to":89,"type":"broadcast_ok"}}
2025/06/29 23:40:42 Received {c11 n2 {"type":"broadcast","message":50,"msg_id":18}}
2025/06/29 23:40:42 Sent {"src":"n2","dest":"c11","body":{"in_reply_to":18,"type":"broadcast_ok"}}
2025/06/29 23:40:42 Sent {"src":"n2","dest":"n1","body":{"messages":[49,50],"msg_id":30,"type":"broadcast"}}
2025/06/29 23:40:42 Received {n1 n2 {"in_reply_to":30,"type":"broadcast_ok"}}
2025/06/29 23:40:42 Received {n1 n2 {"messages":[48,50,51],"msg_id":93,"type":"broadcast"}}
2025/06/29 23:40:42 Sent {"src":"n2","dest":"n1","body":{"in_reply_to":93,"type":"broadcast_ok"}}
2025/06/29 23:40:42 Received {c11 n2 {"type":"read","msg_id":19}}
2025/06/29 23:40:42 Sent {"src":"n2","dest":"c11","body":{"in_reply_to":19,"messages":[1,2,4,0,3,5,6,10,7,9,8,13,11,12,14,17,15,16,20,18,19,21,24,25,26,22,23,29,27,28,30,31,33,32,34,35,36,38,37,39,40,41,42,44,45,43,46,47,49,50,48,51],"type":"read_ok"}}
2025/06/29 23:40:42 Sent {"src":"n2","dest":"n1","body":{"messages":[48,51],"msg_id":31,"type":"broadcast"}}
2025/06/29 23:40:42 Received {n1 n2 {"in_reply_to":31,"type":"broadcast_ok"}}
2025/06/29 23:40:43 Received {n1 n2 {"messages":[52,53,54,55],"msg_id":96,"type":"broadcast"}}
2025/06/29 23:40:43 Sent {"src":"n2","dest":"n1","body":{"in_reply_to":96,"type":"broadcast_ok"}}
2025/06/29 23:40:43 Received {c11 n2 {"type":"broadcast","message":56,"msg_id":20}}
2025/06/29 23:40:43 Sent {"src":"n2","dest":"c11","body":{"in_reply_to":20,"type":"broadcast_ok"}}
2025/06/29 23:40:43 Sent {"src":"n2","dest":"n1","body":{"messages":[52,53,54,55,56],"msg_id":32,"type":"broadcast"}}
2025/06/29 23:40:43 Received {n1 n2 {"in_reply_to":32,"type":"broadcast_ok"}}
2025/06/29 23:40:43 Received {n1 n2 {"messages":[56],"msg_id":98,"type":"broadcast"}}
2025/06/29 23:40:43 Sent {"src":"n2","dest":"n1","body":{"in_reply_to":98,"type":"broadcast_ok"}}
2025/06/29 23:40:44 Received {c11 n2 {"type":"broadcast","message":58,"msg_id":21}}
2025/06/29 23:40:44 Sent {"src":"n2","dest":"c11","body":{"in_reply_to":21,"type":"broadcast_ok"}}
2025/06/29 23:40:44 Sent {"src":"n2","dest":"n1","body":{"messages":[58],"msg_id":33,"type":"broadcast"}}
2025/06/29 23:40:44 Received {n1 n2 {"in_reply_to":33,"type":"broadcast_ok"}}
2025/06/29 23:40:44 Received {n1 n2 {"messages":[58,57],"msg_id":102,"type":"broadcast"}}
2025/06/29 23:40:44 Sent {"src":"n2","dest":"n1","body":{"in_reply_to":102,"type":"broadcast_ok"}}
2025/06/29 23:40:44 Sent {"src":"n2","dest":"n1","body":{"messages":[57],"msg_id":34,"type":"broadcast"}}
2025/06/29 23:40:44 Received {n1 n2 {"in_reply_to":34,"type":"broadcast_ok"}}
2025/06/29 23:40:44 Received {n1 n2 {"messages":[59,61],"msg_id":105,"type":"broadcast"}}
2025/06/29 23:40:44 Sent {"src":"n2","dest":"n1","body":{"in_reply_to":105,"type":"broadcast_ok"}}
2025/06/29 23:40:44 Received {c11 n2 {"type":"read","msg_id":22}}
2025/06/29 23:40:44 Sent {"src":"n2","dest":"c11","body":{"in_reply_to":22,"messages":[1,2,4,0,3,5,6,10,7,9,8,13,11,12,14,17,15,16,20,18,19,21,24,25,26,22,23,29,27,28,30,31,33,32,34,35,36,38,37,39,40,41,42,44,45,43,46,47,49,50,48,51,52,53,54,55,56,58,57,59,61],"type":"read_ok"}}
2025/06/29 23:40:44 Sent {"src":"n2","dest":"n1","body":{"messages":[59,61],"msg_id":35,"type":"broadcast"}}
2025/06/29 23:40:44 Received {n1 n2 {"in_reply_to":35,"type":"broadcast_ok"}}
2025/06/29 23:40:45 Received {n1 n2 {"messages":[60],"msg_id":108,"type":"broadcast"}}
2025/06/29 23:40:45 Sent {"src":"n2","dest":"n1","body":{"in_reply_to":108,"type":"broadcast_ok"}}
2025/06/29 23:40:45 Sent {"src":"n2","dest":"n1","body":{"messages":[60],"msg_id":36,"type":"broadcast"}}
2025/06/29 23:40:45 Received {n1 n2 {"messages":[62],"msg_id":111,"type":"broadcast"}}
2025/06/29 23:40:45 Sent {"src":"n2","dest":"n1","body":{"in_reply_to":111,"type":"broadcast_ok"}}
2025/06/29 23:40:45 Received {n1 n2 {"in_reply_to":36,"type":"broadcast_ok"}}
2025/06/29 23:40:45 Received {c11 n2 {"type":"read","msg_id":23}}
2025/06/29 23:40:45 Sent {"src":"n2","dest":"c11","body":{"in_reply_to":23,"messages":[1,2,4,0,3,5,6,10,7,9,8,13,11,12,14,17,15,16,20,18,19,21,24,25,26,22,23,29,27,28,30,31,33,32,34,35,36,38,37,39,40,41,42,44,45,43,46,47,49,50,48,51,52,53,54,55,56,58,57,59,61,60,62],"type":"read_ok"}}
2025/06/29 23:40:45 Sent {"src":"n2","dest":"n1","body":{"messages":[62],"msg_id":37,"type":"broadcast"}}
2025/06/29 23:40:45 Received {n1 n2 {"messages":[63],"msg_id":112,"type":"broadcast"}}
2025/06/29 23:40:45 Sent {"src":"n2","dest":"n1","body":{"in_reply_to":112,"type":"broadcast_ok"}}
2025/06/29 23:40:45 Received {n1 n2 {"in_reply_to":37,"type":"broadcast_ok"}}
2025/06/29 23:40:45 Sent {"src":"n2","dest":"n1","body":{"messages":[63],"msg_id":38,"type":"broadcast"}}
2025/06/29 23:40:45 Received {n1 n2 {"in_reply_to":38,"type":"broadcast_ok"}}
2025/06/29 23:40:45 Received {n1 n2 {"messages":[64],"msg_id":117,"type":"broadcast"}}
2025/06/29 23:40:45 Sent {"src":"n2","dest":"n1","body":{"in_reply_to":117,"type":"broadcast_ok"}}
2025/06/29 23:40:46 Sent {"src":"n2","dest":"n1","body":{"messages":[64],"msg_id":39,"type":"broadcast"}}
2025/06/29 23:40:46 Received {n1 n2 {"messages":[65],"msg_id":120,"type":"broadcast"}}
2025/06/29 23:40:46 Sent {"src":"n2","dest":"n1","body":{"in_reply_to":120,"type":"broadcast_ok"}}
2025/06/29 23:40:46 Received {n1 n2 {"in_reply_to":39,"type":"broadcast_ok"}}
2025/06/29 23:40:46 Received {c11 n2 {"type":"read","msg_id":24}}
2025/06/29 23:40:46 Sent {"src":"n2","dest":"c11","body":{"in_reply_to":24,"messages":[1,2,4,0,3,5,6,10,7,9,8,13,11,12,14,17,15,16,20,18,19,21,24,25,26,22,23,29,27,28,30,31,33,32,34,35,36,38,37,39,40,41,42,44,45,43,46,47,49,50,48,51,52,53,54,55,56,58,57,59,61,60,62,63,64,65],"type":"read_ok"}}
2025/06/29 23:40:46 Sent {"src":"n2","dest":"n1","body":{"messages":[65],"msg_id":40,"type":"broadcast"}}
2025/06/29 23:40:46 Received {n1 n2 {"in_reply_to":40,"type":"broadcast_ok"}}
2025/06/29 23:40:46 Received {c11 n2 {"type":"broadcast","message":67,"msg_id":25}}
2025/06/29 23:40:46 Sent {"src":"n2","dest":"c11","body":{"in_reply_to":25,"type":"broadcast_ok"}}
2025/06/29 23:40:46 Sent {"src":"n2","dest":"n1","body":{"messages":[67],"msg_id":41,"type":"broadcast"}}
2025/06/29 23:40:46 Received {n1 n2 {"in_reply_to":41,"type":"broadcast_ok"}}
2025/06/29 23:40:46 Received {n1 n2 {"messages":[67],"msg_id":123,"type":"broadcast"}}
2025/06/29 23:40:46 Sent {"src":"n2","dest":"n1","body":{"in_reply_to":123,"type":"broadcast_ok"}}
2025/06/29 23:40:47 Received {c11 n2 {"type":"read","msg_id":26}}
2025/06/29 23:40:47 Sent {"src":"n2","dest":"c11","body":{"in_reply_to":26,"messages":[1,2,4,0,3,5,6,10,7,9,8,13,11,12,14,17,15,16,20,18,19,21,24,25,26,22,23,29,27,28,30,31,33,32,34,35,36,38,37,39,40,41,42,44,45,43,46,47,49,50,48,51,52,53,54,55,56,58,57,59,61,60,62,63,64,65,67],"type":"read_ok"}}
2025/06/29 23:40:47 Received {n1 n2 {"messages":[66,68,71],"msg_id":126,"type":"broadcast"}}
2025/06/29 23:40:47 Sent {"src":"n2","dest":"n1","body":{"in_reply_to":126,"type":"broadcast_ok"}}
2025/06/29 23:40:47 Sent {"src":"n2","dest":"n1","body":{"messages":[66,68,71],"msg_id":42,"type":"broadcast"}}
2025/06/29 23:40:47 Received {n1 n2 {"in_reply_to":42,"type":"broadcast_ok"}}
2025/06/29 23:40:47 Received {n1 n2 {"messages":[69],"msg_id":129,"type":"broadcast"}}
2025/06/29 23:40:47 Sent {"src":"n2","dest":"n1","body":{"in_reply_to":129,"type":"broadcast_ok"}}
2025/06/29 23:40:47 Sent {"src":"n2","dest":"n1","body":{"messages":[69],"msg_id":43,"type":"broadcast"}}
2025/06/29 23:40:47 Received {n1 n2 {"messages":[70,72],"msg_id":132,"type":"broadcast"}}
2025/06/29 23:40:47 Sent {"src":"n2","dest":"n1","body":{"in_reply_to":132,"type":"broadcast_ok"}}
2025/06/29 23:40:47 Received {n1 n2 {"in_reply_to":43,"type":"broadcast_ok"}}
2025/06/29 23:40:47 Sent {"src":"n2","dest":"n1","body":{"messages":[70,72],"msg_id":44,"type":"broadcast"}}
2025/06/29 23:40:47 Received {n1 n2 {"messages":[75],"msg_id":135,"type":"broadcast"}}
2025/06/29 23:40:47 Sent {"src":"n2","dest":"n1","body":{"in_reply_to":135,"type":"broadcast_ok"}}
2025/06/29 23:40:47 Received {n1 n2 {"in_reply_to":44,"type":"broadcast_ok"}}
2025/06/29 23:40:48 Received {c11 n2 {"type":"broadcast","message":76,"msg_id":27}}
2025/06/29 23:40:48 Sent {"src":"n2","dest":"c11","body":{"in_reply_to":27,"type":"broadcast_ok"}}
2025/06/29 23:40:48 Sent {"src":"n2","dest":"n1","body":{"messages":[75,76],"msg_id":45,"type":"broadcast"}}
2025/06/29 23:40:48 Received {n1 n2 {"in_reply_to":45,"type":"broadcast_ok"}}
2025/06/29 23:40:48 Received {n1 n2 {"messages":[76,73,74],"msg_id":138,"type":"broadcast"}}
2025/06/29 23:40:48 Sent {"src":"n2","dest":"n1","body":{"in_reply_to":138,"type":"broadcast_ok"}}
2025/06/29 23:40:48 Received {c11 n2 {"type":"broadcast","message":80,"msg_id":28}}
2025/06/29 23:40:48 Sent {"src":"n2","dest":"c11","body":{"in_reply_to":28,"type":"broadcast_ok"}}
2025/06/29 23:40:48 Sent {"src":"n2","dest":"n1","body":{"messages":[73,74,80],"msg_id":46,"type":"broadcast"}}
2025/06/29 23:40:48 Received {n1 n2 {"messages":[78],"msg_id":141,"type":"broadcast"}}
2025/06/29 23:40:48 Sent {"src":"n2","dest":"n1","body":{"in_reply_to":141,"type":"broadcast_ok"}}
2025/06/29 23:40:48 Received {n1 n2 {"in_reply_to":46,"type":"broadcast_ok"}}
2025/06/29 23:40:48 Sent {"src":"n2","dest":"n1","body":{"messages":[78],"msg_id":47,"type":"broadcast"}}
2025/06/29 23:40:48 Received {n1 n2 {"messages":[77,80],"msg_id":144,"type":"broadcast"}}
2025/06/29 23:40:48 Sent {"src":"n2","dest":"n1","body":{"in_reply_to":144,"type":"broadcast_ok"}}
2025/06/29 23:40:48 Received {n1 n2 {"in_reply_to":47,"type":"broadcast_ok"}}
2025/06/29 23:40:48 Sent {"src":"n2","dest":"n1","body":{"messages":[77],"msg_id":48,"type":"broadcast"}}
2025/06/29 23:40:48 Received {n1 n2 {"in_reply_to":48,"type":"broadcast_ok"}}
2025/06/29 23:40:49 Received {n1 n2 {"messages":[79,81,83],"msg_id":147,"type":"broadcast"}}
2025/06/29 23:40:49 Sent {"src":"n2","dest":"n1","body":{"in_reply_to":147,"type":"broadcast_ok"}}
2025/06/29 23:40:49 Received {c11 n2 {"type":"read","msg_id":29}}
2025/06/29 23:40:49 Sent {"src":"n2","dest":"c11","body":{"in_reply_to":29,"messages":[1,2,4,0,3,5,6,10,7,9,8,13,11,12,14,17,15,16,20,18,19,21,24,25,26,22,23,29,27,28,30,31,33,32,34,35,36,38,37,39,40,41,42,44,45,43,46,47,49,50,48,51,52,53,54,55,56,58,57,59,61,60,62,63,64,65,67,66,68,71,69,70,72,75,76,73,74,80,78,77,79,81,83],"type":"read_ok"}}
2025/06/29 23:40:49 Sent {"src":"n2","dest":"n1","body":{"messages":[79,81,83],"msg_id":49,"type":"broadcast"}}
2025/06/29 23:40:49 Received {n1 n2 {"in_reply_to":49,"type":"broadcast_ok"}}
2025/06/29 23:40:49 Received {n1 n2 {"messages":[82],"msg_id":150,"type":"broadcast"}}
2025/06/29 23:40:49 Sent {"src":"n2","dest":"n1","body":{"in_reply_to":150,"type":"broadcast_ok"}}
2025/06/29 23:40:49 Sent {"src":"n2","dest":"n1","body":{"messages":[82],"msg_id":50,"type":"broadcast"}}
2025/06/29 23:40:49 Received {n1 n2 {"in_reply_to":50,"type":"broadcast_ok"}}
2025/06/29 23:40:49 Received {c11 n2 {"type":"broadcast","message":86,"msg_id":30}}
2025/06/29 23:40:49 Sent {"src":"n2","dest":"c11","body":{"in_reply_to":30,"type":"broadcast_ok"}}
2025/06/29 23:40:49 Sent {"src":"n2","dest":"n1","body":{"messages":[86],"msg_id":51,"type":"broadcast"}}
2025/06/29 23:40:49 Received {n1 n2 {"messages":[85],"msg_id":153,"type":"broadcast"}}
2025/06/29 23:40:49 Sent {"src":"n2","dest":"n1","body":{"in_reply_to":153,"type":"broadcast_ok"}}
2025/06/29 23:40:49 Received {n1 n2 {"in_reply_to":51,"type":"broadcast_ok"}}
2025/06/29 23:40:50 Sent {"src":"n2","dest":"n1","body":{"messages":[85],"msg_id":52,"type":"broadcast"}}
2025/06/29 23:40:50 Received {n1 n2 {"messages":[86],"msg_id":155,"type":"broadcast"}}
2025/06/29 23:40:50 Sent {"src":"n2","dest":"n1","body":{"in_reply_to":155,"type":"broadcast_ok"}}
2025/06/29 23:40:50 Received {n1 n2 {"in_reply_to":52,"type":"broadcast_ok"}}
2025/06/29 23:40:50 Received {n1 n2 {"messages":[84],"msg_id":159,"type":"broadcast"}}
2025/06/29 23:40:50 Sent {"src":"n2","dest":"n1","body":{"in_reply_to":159,"type":"broadcast_ok"}}
2025/06/29 23:40:50 Received {c11 n2 {"type":"read","msg_id":31}}
2025/06/29 23:40:50 Sent {"src":"n2","dest":"c11","body":{"in_reply_to":31,"messages":[1,2,4,0,3,5,6,10,7,9,8,13,11,12,14,17,15,16,20,18,19,21,24,25,26,22,23,29,27,28,30,31,33,32,34,35,36,38,37,39,40,41,42,44,45,43,46,47,49,50,48,51,52,53,54,55,56,58,57,59,61,60,62,63,64,65,67,66,68,71,69,70,72,75,76,73,74,80,78,77,79,81,83,82,86,85,84],"type":"read_ok"}}
2025/06/29 23:40:50 Sent {"src":"n2","dest":"n1","body":{"messages":[84],"msg_id":53,"type":"broadcast"}}
2025/06/29 23:40:50 Received {n1 n2 {"messages":[87],"msg_id":162,"type":"broadcast"}}
2025/06/29 23:40:50 Sent {"src":"n2","dest":"n1","body":{"in_reply_to":162,"type":"broadcast_ok"}}
2025/06/29 23:40:50 Received {n1 n2 {"in_reply_to":53,"type":"broadcast_ok"}}
2025/06/29 23:40:50 Sent {"src":"n2","dest":"n1","body":{"messages":[87],"msg_id":54,"type":"broadcast"}}
2025/06/29 23:40:50 Received {n1 n2 {"messages":[90],"msg_id":164,"type":"broadcast"}}
2025/06/29 23:40:50 Sent {"src":"n2","dest":"n1","body":{"in_reply_to":164,"type":"broadcast_ok"}}
2025/06/29 23:40:50 Received {n1 n2 {"in_reply_to":54,"type":"broadcast_ok"}}
2025/06/29 23:40:50 Received {c11 n2 {"type":"read","msg_id":32}}
2025/06/29 23:40:50 Sent {"src":"n2","dest":"c11","body":{"in_reply_to":32,"messages":[1,2,4,0,3,5,6,10,7,9,8,13,11,12,14,17,15,16,20,18,19,21,24,25,26,22,23,29,27,28,30,31,33,32,34,35,36,38,37,39,40,41,42,44,45,43,46,47,49,50,48,51,52,53,54,55,56,58,57,59,61,60,62,63,64,65,67,66,68,71,69,70,72,75,76,73,74,80,78,77,79,81,83,82,86,85,84,87,90],"type":"read_ok"}}
2025/06/29 23:40:50 Sent {"src":"n2","dest":"n1","body":{"messages":[90],"msg_id":55,"type":"broadcast"}}
2025/06/29 23:40:50 Received {n1 n2 {"messages":[88,89],"msg_id":168,"type":"broadcast"}}
2025/06/29 23:40:50 Sent {"src":"n2","dest":"n1","body":{"in_reply_to":168,"type":"broadcast_ok"}}
2025/06/29 23:40:50 Received {n1 n2 {"in_reply_to":55,"type":"broadcast_ok"}}
2025/06/29 23:40:51 Sent {"src":"n2","dest":"n1","body":{"messages":[88,89],"msg_id":56,"type":"broadcast"}}
2025/06/29 23:40:51 Received {n1 n2 {"in_reply_to":56,"type":"broadcast_ok"}}
2025/06/29 23:40:51 Received {c11 n2 {"type":"broadcast","message":92,"msg_id":33}}
2025/06/29 23:40:51 Sent {"src":"n2","dest":"c11","body":{"in_reply_to":33,"type":"broadcast_ok"}}
2025/06/29 23:40:51 Sent {"src":"n2","dest":"n1","body":{"messages":[92],"msg_id":57,"type":"broadcast"}}
2025/06/29 23:40:51 Received {n1 n2 {"messages":[91],"msg_id":171,"type":"broadcast"}}
2025/06/29 23:40:51 Sent {"src":"n2","dest":"n1","body":{"in_reply_to":171,"type":"broadcast_ok"}}
2025/06/29 23:40:51 Received {n1 n2 {"in_reply_to":57,"type":"broadcast_ok"}}
2025/06/29 23:40:51 Sent {"src":"n2","dest":"n1","body":{"messages":[91],"msg_id":58,"type":"broadcast"}}
2025/06/29 23:40:51 Received {n1 n2 {"messages":[92],"msg_id":174,"type":"broadcast"}}
2025/06/29 23:40:51 Sent {"src":"n2","dest":"n1","body":{"in_reply_to":174,"type":"broadcast_ok"}}
2025/06/29 23:40:51 Received {n1 n2 {"in_reply_to":58,"type":"broadcast_ok"}}
2025/06/29 23:40:51 Received {n1 n2 {"messages":[93],"msg_id":177,"type":"broadcast"}}
2025/06/29 23:40:51 Sent {"src":"n2","dest":"n1","body":{"in_reply_to":177,"type":"broadcast_ok"}}
2025/06/29 23:40:52 Sent {"src":"n2","dest":"n1","body":{"messages":[93],"msg_id":59,"type":"broadcast"}}
2025/06/29 23:40:52 Received {n1 n2 {"in_reply_to":59,"type":"broadcast_ok"}}
2025/06/29 23:41:01 Received {c11 n2 {"type":"read","msg_id":34}}
2025/06/29 23:41:01 Sent {"src":"n2","dest":"c11","body":{"in_reply_to":34,"messages":[1,2,4,0,3,5,6,10,7,9,8,13,11,12,14,17,15,16,20,18,19,21,24,25,26,22,23,29,27,28,30,31,33,32,34,35,36,38,37,39,40,41,42,44,45,43,46,47,49,50,48,51,52,53,54,55,56,58,57,59,61,60,62,63,64,65,67,66,68,71,69,70,72,75,76,73,74,80,78,77,79,81,83,82,86,85,84,87,90,88,89,92,91,93],"type":"read_ok"}}
