2025/06/29 23:40:31 Received {c2 n4 {"type":"init","node_id":"n4","node_ids":["n0","n1","n2","n3","n4"],"msg_id":1}}
2025/06/29 23:40:31 Node n4 initialized
2025/06/29 23:40:31 Sent {"src":"n4","dest":"c2","body":{"in_reply_to":1,"type":"init_ok"}}
2025/06/29 23:40:31 Received {c9 n4 {"type":"topology","topology":{"n0":["n3","n1"],"n1":["n4","n2","n0"],"n2":["n1"],"n3":["n0","n4"],"n4":["n1","n3"]},"msg_id":1}}
2025/06/29 23:40:31 Sent {"src":"n4","dest":"c9","body":{"in_reply_to":1,"type":"topology_ok"}}
2025/06/29 23:40:31 Received {n3 n4 {"messages":[1],"msg_id":1,"type":"broadcast"}}
2025/06/29 23:40:31 Sent {"src":"n4","dest":"n3","body":{"in_reply_to":1,"type":"broadcast_ok"}}
2025/06/29 23:40:31 Received {c13 n4 {"type":"broadcast","message":2,"msg_id":1}}
2025/06/29 23:40:31 Sent {"src":"n4","dest":"c13","body":{"in_reply_to":1,"type":"broadcast_ok"}}
2025/06/29 23:40:32 Sent {"src":"n4","dest":"n3","body":{"messages":[1,2],"msg_id":1,"type":"broadcast"}}
2025/06/29 23:40:32 Sent {"src":"n4","dest":"n1","body":{"messages":[1,2],"msg_id":2,"type":"broadcast"}}
2025/06/29 23:40:32 Received {n3 n4 {"messages":[0],"msg_id":3,"type":"broadcast"}}
2025/06/29 23:40:32 Sent {"src":"n4","dest":"n3","body":{"in_reply_to":3,"type":"broadcast_ok"}}
2025/06/29 23:40:32 Received {n3 n4 {"in_reply_to":1,"type":"broadcast_ok"}}
2025/06/29 23:40:32 Received {n1 n4 {"in_reply_to":2,"type":"broadcast_ok"}}
2025/06/29 23:40:32 Sent {"src":"n4","dest":"n1","body":{"messages":[0],"msg_id":4,"type":"broadcast"}}
2025/06/29 23:40:32 Sent {"src":"n4","dest":"n3","body":{"messages":[0],"msg_id":3,"type":"broadcast"}}
2025/06/29 23:40:32 Received {n3 n4 {"messages":[3,2],"msg_id":5,"type":"broadcast"}}
2025/06/29 23:40:32 Received {n1 n4 {"messages":[1,2,4],"msg_id":2,"type":"broadcast"}}
2025/06/29 23:40:32 Sent {"src":"n4","dest":"n3","body":{"in_reply_to":5,"type":"broadcast_ok"}}
2025/06/29 23:40:32 Sent {"src":"n4","dest":"n1","body":{"in_reply_to":2,"type":"broadcast_ok"}}
2025/06/29 23:40:32 Received {n1 n4 {"in_reply_to":4,"type":"broadcast_ok"}}
2025/06/29 23:40:32 Received {n3 n4 {"in_reply_to":3,"type":"broadcast_ok"}}
2025/06/29 23:40:32 Sent {"src":"n4","dest":"n3","body":{"messages":[3,4],"msg_id":5,"type":"broadcast"}}
2025/06/29 23:40:32 Sent {"src":"n4","dest":"n1","body":{"messages":[3,4],"msg_id":6,"type":"broadcast"}}
2025/06/29 23:40:32 Received {n1 n4 {"messages":[0],"msg_id":5,"type":"broadcast"}}
2025/06/29 23:40:32 Sent {"src":"n4","dest":"n1","body":{"in_reply_to":5,"type":"broadcast_ok"}}
2025/06/29 23:40:32 Received {n3 n4 {"in_reply_to":5,"type":"broadcast_ok"}}
2025/06/29 23:40:32 Received {n1 n4 {"in_reply_to":6,"type":"broadcast_ok"}}
2025/06/29 23:40:32 Received {c13 n4 {"type":"broadcast","message":5,"msg_id":2}}
2025/06/29 23:40:32 Sent {"src":"n4","dest":"c13","body":{"in_reply_to":2,"type":"broadcast_ok"}}
2025/06/29 23:40:32 Sent {"src":"n4","dest":"n3","body":{"messages":[5],"msg_id":7,"type":"broadcast"}}
2025/06/29 23:40:32 Sent {"src":"n4","dest":"n1","body":{"messages":[5],"msg_id":8,"type":"broadcast"}}
2025/06/29 23:40:32 Received {n1 n4 {"messages":[3],"msg_id":8,"type":"broadcast"}}
2025/06/29 23:40:32 Received {n3 n4 {"messages":[4],"msg_id":7,"type":"broadcast"}}
2025/06/29 23:40:32 Sent {"src":"n4","dest":"n1","body":{"in_reply_to":8,"type":"broadcast_ok"}}
2025/06/29 23:40:32 Sent {"src":"n4","dest":"n3","body":{"in_reply_to":7,"type":"broadcast_ok"}}
2025/06/29 23:40:32 Received {n3 n4 {"in_reply_to":7,"type":"broadcast_ok"}}
2025/06/29 23:40:32 Received {n1 n4 {"in_reply_to":8,"type":"broadcast_ok"}}
2025/06/29 23:40:32 Received {n1 n4 {"messages":[5],"msg_id":11,"type":"broadcast"}}
2025/06/29 23:40:32 Sent {"src":"n4","dest":"n1","body":{"in_reply_to":11,"type":"broadcast_ok"}}
2025/06/29 23:40:32 Received {n3 n4 {"messages":[5],"msg_id":9,"type":"broadcast"}}
2025/06/29 23:40:32 Sent {"src":"n4","dest":"n3","body":{"in_reply_to":9,"type":"broadcast_ok"}}
2025/06/29 23:40:33 Received {n1 n4 {"messages":[6],"msg_id":14,"type":"broadcast"}}
2025/06/29 23:40:33 Sent {"src":"n4","dest":"n1","body":{"in_reply_to":14,"type":"broadcast_ok"}}
2025/06/29 23:40:33 Received {c13 n4 {"type":"read","msg_id":3}}
2025/06/29 23:40:33 Sent {"src":"n4","dest":"c13","body":{"in_reply_to":3,"messages":[1,2,0,3,4,5,6],"type":"read_ok"}}
2025/06/29 23:40:33 Sent {"src":"n4","dest":"n3","body":{"messages":[6],"msg_id":9,"type":"broadcast"}}
2025/06/29 23:40:33 Sent {"src":"n4","dest":"n1","body":{"messages":[6],"msg_id":10,"type":"broadcast"}}
2025/06/29 23:40:33 Received {n3 n4 {"messages":[7],"msg_id":11,"type":"broadcast"}}
2025/06/29 23:40:33 Sent {"src":"n4","dest":"n3","body":{"in_reply_to":11,"type":"broadcast_ok"}}
2025/06/29 23:40:33 Received {n3 n4 {"in_reply_to":9,"type":"broadcast_ok"}}
2025/06/29 23:40:33 Received {n1 n4 {"in_reply_to":10,"type":"broadcast_ok"}}
2025/06/29 23:40:33 Sent {"src":"n4","dest":"n3","body":{"messages":[7],"msg_id":11,"type":"broadcast"}}
2025/06/29 23:40:33 Sent {"src":"n4","dest":"n1","body":{"messages":[7],"msg_id":12,"type":"broadcast"}}
2025/06/29 23:40:33 Received {n3 n4 {"messages":[6],"msg_id":13,"type":"broadcast"}}
2025/06/29 23:40:33 Sent {"src":"n4","dest":"n3","body":{"in_reply_to":13,"type":"broadcast_ok"}}
2025/06/29 23:40:33 Received {n3 n4 {"in_reply_to":11,"type":"broadcast_ok"}}
2025/06/29 23:40:33 Received {n1 n4 {"in_reply_to":12,"type":"broadcast_ok"}}
2025/06/29 23:40:33 Received {n3 n4 {"messages":[8],"msg_id":16,"type":"broadcast"}}
2025/06/29 23:40:33 Received {n1 n4 {"messages":[7,9],"msg_id":17,"type":"broadcast"}}
2025/06/29 23:40:33 Sent {"src":"n4","dest":"n3","body":{"in_reply_to":16,"type":"broadcast_ok"}}
2025/06/29 23:40:33 Sent {"src":"n4","dest":"n1","body":{"in_reply_to":17,"type":"broadcast_ok"}}
2025/06/29 23:40:33 Sent {"src":"n4","dest":"n3","body":{"messages":[8,9],"msg_id":13,"type":"broadcast"}}
2025/06/29 23:40:33 Sent {"src":"n4","dest":"n1","body":{"messages":[8,9],"msg_id":14,"type":"broadcast"}}
2025/06/29 23:40:33 Received {n1 n4 {"messages":[10],"msg_id":20,"type":"broadcast"}}
2025/06/29 23:40:33 Sent {"src":"n4","dest":"n1","body":{"in_reply_to":20,"type":"broadcast_ok"}}
2025/06/29 23:40:33 Received {n1 n4 {"in_reply_to":14,"type":"broadcast_ok"}}
2025/06/29 23:40:33 Received {n3 n4 {"in_reply_to":13,"type":"broadcast_ok"}}
2025/06/29 23:40:33 Received {c13 n4 {"type":"read","msg_id":4}}
2025/06/29 23:40:33 Sent {"src":"n4","dest":"c13","body":{"in_reply_to":4,"messages":[1,2,0,3,4,5,6,7,8,9,10],"type":"read_ok"}}
2025/06/29 23:40:34 Sent {"src":"n4","dest":"n3","body":{"messages":[10],"msg_id":15,"type":"broadcast"}}
2025/06/29 23:40:34 Sent {"src":"n4","dest":"n1","body":{"messages":[10],"msg_id":16,"type":"broadcast"}}
2025/06/29 23:40:34 Received {n1 n4 {"messages":[8],"msg_id":23,"type":"broadcast"}}
2025/06/29 23:40:34 Sent {"src":"n4","dest":"n1","body":{"in_reply_to":23,"type":"broadcast_ok"}}
2025/06/29 23:40:34 Received {n3 n4 {"messages":[9],"msg_id":17,"type":"broadcast"}}
2025/06/29 23:40:34 Sent {"src":"n4","dest":"n3","body":{"in_reply_to":17,"type":"broadcast_ok"}}
2025/06/29 23:40:34 Received {n3 n4 {"in_reply_to":15,"type":"broadcast_ok"}}
2025/06/29 23:40:34 Received {n1 n4 {"in_reply_to":16,"type":"broadcast_ok"}}
2025/06/29 23:40:34 Received {n3 n4 {"messages":[11,10],"msg_id":19,"type":"broadcast"}}
2025/06/29 23:40:34 Sent {"src":"n4","dest":"n3","body":{"in_reply_to":19,"type":"broadcast_ok"}}
2025/06/29 23:40:34 Sent {"src":"n4","dest":"n3","body":{"messages":[11],"msg_id":17,"type":"broadcast"}}
2025/06/29 23:40:34 Sent {"src":"n4","dest":"n1","body":{"messages":[11],"msg_id":18,"type":"broadcast"}}
2025/06/29 23:40:34 Received {n3 n4 {"messages":[12],"msg_id":21,"type":"broadcast"}}
2025/06/29 23:40:34 Sent {"src":"n4","dest":"n3","body":{"in_reply_to":21,"type":"broadcast_ok"}}
2025/06/29 23:40:34 Received {n1 n4 {"in_reply_to":18,"type":"broadcast_ok"}}
2025/06/29 23:40:34 Received {n3 n4 {"in_reply_to":17,"type":"broadcast_ok"}}
2025/06/29 23:40:34 Received {c13 n4 {"type":"broadcast","message":14,"msg_id":5}}
2025/06/29 23:40:34 Sent {"src":"n4","dest":"c13","body":{"in_reply_to":5,"type":"broadcast_ok"}}
2025/06/29 23:40:34 Sent {"src":"n4","dest":"n3","body":{"messages":[12,14],"msg_id":19,"type":"broadcast"}}
2025/06/29 23:40:34 Sent {"src":"n4","dest":"n1","body":{"messages":[12,14],"msg_id":20,"type":"broadcast"}}
2025/06/29 23:40:34 Received {n1 n4 {"messages":[13,11],"msg_id":25,"type":"broadcast"}}
2025/06/29 23:40:34 Sent {"src":"n4","dest":"n1","body":{"in_reply_to":25,"type":"broadcast_ok"}}
2025/06/29 23:40:34 Received {n3 n4 {"in_reply_to":19,"type":"broadcast_ok"}}
2025/06/29 23:40:34 Received {n1 n4 {"in_reply_to":20,"type":"broadcast_ok"}}
2025/06/29 23:40:34 Sent {"src":"n4","dest":"n3","body":{"messages":[13],"msg_id":21,"type":"broadcast"}}
2025/06/29 23:40:34 Sent {"src":"n4","dest":"n1","body":{"messages":[13],"msg_id":22,"type":"broadcast"}}
2025/06/29 23:40:34 Received {n3 n4 {"messages":[14,15],"msg_id":23,"type":"broadcast"}}
2025/06/29 23:40:34 Received {n1 n4 {"messages":[12,14],"msg_id":29,"type":"broadcast"}}
2025/06/29 23:40:34 Sent {"src":"n4","dest":"n3","body":{"in_reply_to":23,"type":"broadcast_ok"}}
2025/06/29 23:40:34 Sent {"src":"n4","dest":"n1","body":{"in_reply_to":29,"type":"broadcast_ok"}}
2025/06/29 23:40:34 Received {n3 n4 {"in_reply_to":21,"type":"broadcast_ok"}}
2025/06/29 23:40:34 Received {n1 n4 {"in_reply_to":22,"type":"broadcast_ok"}}
2025/06/29 23:40:35 Sent {"src":"n4","dest":"n3","body":{"messages":[15],"msg_id":23,"type":"broadcast"}}
2025/06/29 23:40:35 Sent {"src":"n4","dest":"n1","body":{"messages":[15],"msg_id":24,"type":"broadcast"}}
2025/06/29 23:40:35 Received {n3 n4 {"messages":[13,16],"msg_id":25,"type":"broadcast"}}
2025/06/29 23:40:35 Sent {"src":"n4","dest":"n3","body":{"in_reply_to":25,"type":"broadcast_ok"}}
2025/06/29 23:40:35 Received {n1 n4 {"in_reply_to":24,"type":"broadcast_ok"}}
2025/06/29 23:40:35 Received {n3 n4 {"in_reply_to":23,"type":"broadcast_ok"}}
2025/06/29 23:40:35 Sent {"src":"n4","dest":"n3","body":{"messages":[16],"msg_id":25,"type":"broadcast"}}
2025/06/29 23:40:35 Sent {"src":"n4","dest":"n1","body":{"messages":[16],"msg_id":26,"type":"broadcast"}}
2025/06/29 23:40:35 Received {n1 n4 {"messages":[17,15],"msg_id":32,"type":"broadcast"}}
2025/06/29 23:40:35 Sent {"src":"n4","dest":"n1","body":{"in_reply_to":32,"type":"broadcast_ok"}}
2025/06/29 23:40:35 Received {n3 n4 {"in_reply_to":25,"type":"broadcast_ok"}}
2025/06/29 23:40:35 Received {n1 n4 {"in_reply_to":26,"type":"broadcast_ok"}}
2025/06/29 23:40:35 Received {c13 n4 {"type":"read","msg_id":6}}
2025/06/29 23:40:35 Sent {"src":"n4","dest":"c13","body":{"in_reply_to":6,"messages":[1,2,0,3,4,5,6,7,8,9,10,11,12,14,13,15,16,17],"type":"read_ok"}}
2025/06/29 23:40:35 Sent {"src":"n4","dest":"n3","body":{"messages":[17],"msg_id":27,"type":"broadcast"}}
2025/06/29 23:40:35 Sent {"src":"n4","dest":"n1","body":{"messages":[17],"msg_id":28,"type":"broadcast"}}
2025/06/29 23:40:35 Received {n1 n4 {"messages":[16],"msg_id":36,"type":"broadcast"}}
2025/06/29 23:40:35 Sent {"src":"n4","dest":"n1","body":{"in_reply_to":36,"type":"broadcast_ok"}}
2025/06/29 23:40:35 Received {n1 n4 {"in_reply_to":28,"type":"broadcast_ok"}}
2025/06/29 23:40:35 Received {n3 n4 {"in_reply_to":27,"type":"broadcast_ok"}}
2025/06/29 23:40:35 Received {n3 n4 {"messages":[18,17],"msg_id":27,"type":"broadcast"}}
2025/06/29 23:40:35 Received {n1 n4 {"messages":[20],"msg_id":38,"type":"broadcast"}}
2025/06/29 23:40:35 Sent {"src":"n4","dest":"n3","body":{"in_reply_to":27,"type":"broadcast_ok"}}
2025/06/29 23:40:35 Sent {"src":"n4","dest":"n1","body":{"in_reply_to":38,"type":"broadcast_ok"}}
2025/06/29 23:40:35 Sent {"src":"n4","dest":"n3","body":{"messages":[18,20],"msg_id":29,"type":"broadcast"}}
2025/06/29 23:40:35 Sent {"src":"n4","dest":"n1","body":{"messages":[18,20],"msg_id":30,"type":"broadcast"}}
2025/06/29 23:40:35 Received {n3 n4 {"messages":[19,21],"msg_id":29,"type":"broadcast"}}
2025/06/29 23:40:35 Sent {"src":"n4","dest":"n3","body":{"in_reply_to":29,"type":"broadcast_ok"}}
2025/06/29 23:40:35 Received {n3 n4 {"in_reply_to":29,"type":"broadcast_ok"}}
2025/06/29 23:40:35 Received {n1 n4 {"in_reply_to":30,"type":"broadcast_ok"}}
2025/06/29 23:40:36 Received {c13 n4 {"type":"read","msg_id":7}}
2025/06/29 23:40:36 Sent {"src":"n4","dest":"c13","body":{"in_reply_to":7,"messages":[1,2,0,3,4,5,6,7,8,9,10,11,12,14,13,15,16,17,18,20,19,21],"type":"read_ok"}}
2025/06/29 23:40:36 Sent {"src":"n4","dest":"n3","body":{"messages":[19,21],"msg_id":32,"type":"broadcast"}}
2025/06/29 23:40:36 Sent {"src":"n4","dest":"n1","body":{"messages":[19,21],"msg_id":31,"type":"broadcast"}}
2025/06/29 23:40:36 Received {n1 n4 {"messages":[18],"msg_id":41,"type":"broadcast"}}
2025/06/29 23:40:36 Sent {"src":"n4","dest":"n1","body":{"in_reply_to":41,"type":"broadcast_ok"}}
2025/06/29 23:40:36 Received {n3 n4 {"messages":[20],"msg_id":31,"type":"broadcast"}}
2025/06/29 23:40:36 Received {n3 n4 {"in_reply_to":32,"type":"broadcast_ok"}}
2025/06/29 23:40:36 Sent {"src":"n4","dest":"n3","body":{"in_reply_to":31,"type":"broadcast_ok"}}
2025/06/29 23:40:36 Received {n1 n4 {"in_reply_to":31,"type":"broadcast_ok"}}
2025/06/29 23:40:36 Received {n1 n4 {"messages":[19,21],"msg_id":44,"type":"broadcast"}}
2025/06/29 23:40:36 Sent {"src":"n4","dest":"n1","body":{"in_reply_to":44,"type":"broadcast_ok"}}
2025/06/29 23:40:36 Received {c13 n4 {"type":"broadcast","message":25,"msg_id":8}}
2025/06/29 23:40:36 Sent {"src":"n4","dest":"c13","body":{"in_reply_to":8,"type":"broadcast_ok"}}
2025/06/29 23:40:36 Sent {"src":"n4","dest":"n3","body":{"messages":[25],"msg_id":33,"type":"broadcast"}}
2025/06/29 23:40:36 Sent {"src":"n4","dest":"n1","body":{"messages":[25],"msg_id":34,"type":"broadcast"}}
2025/06/29 23:40:36 Received {n1 n4 {"in_reply_to":34,"type":"broadcast_ok"}}
2025/06/29 23:40:36 Received {n3 n4 {"in_reply_to":33,"type":"broadcast_ok"}}
2025/06/29 23:40:36 Received {n3 n4 {"messages":[22,23],"msg_id":34,"type":"broadcast"}}
2025/06/29 23:40:36 Sent {"src":"n4","dest":"n3","body":{"in_reply_to":34,"type":"broadcast_ok"}}
2025/06/29 23:40:36 Sent {"src":"n4","dest":"n3","body":{"messages":[22,23],"msg_id":35,"type":"broadcast"}}
2025/06/29 23:40:36 Sent {"src":"n4","dest":"n1","body":{"messages":[22,23],"msg_id":36,"type":"broadcast"}}
2025/06/29 23:40:36 Received {n3 n4 {"messages":[25],"msg_id":35,"type":"broadcast"}}
2025/06/29 23:40:36 Received {n1 n4 {"messages":[24,25,26],"msg_id":47,"type":"broadcast"}}
2025/06/29 23:40:36 Sent {"src":"n4","dest":"n3","body":{"in_reply_to":35,"type":"broadcast_ok"}}
2025/06/29 23:40:36 Sent {"src":"n4","dest":"n1","body":{"in_reply_to":47,"type":"broadcast_ok"}}
2025/06/29 23:40:36 Received {n3 n4 {"in_reply_to":35,"type":"broadcast_ok"}}
2025/06/29 23:40:36 Received {n1 n4 {"in_reply_to":36,"type":"broadcast_ok"}}
2025/06/29 23:40:36 Sent {"src":"n4","dest":"n3","body":{"messages":[24,26],"msg_id":37,"type":"broadcast"}}
2025/06/29 23:40:36 Sent {"src":"n4","dest":"n1","body":{"messages":[24,26],"msg_id":38,"type":"broadcast"}}
2025/06/29 23:40:36 Received {n1 n4 {"messages":[22,23],"msg_id":50,"type":"broadcast"}}
2025/06/29 23:40:36 Sent {"src":"n4","dest":"n1","body":{"in_reply_to":50,"type":"broadcast_ok"}}
2025/06/29 23:40:36 Received {n3 n4 {"in_reply_to":37,"type":"broadcast_ok"}}
2025/06/29 23:40:36 Received {n1 n4 {"in_reply_to":38,"type":"broadcast_ok"}}
2025/06/29 23:40:36 Received {c13 n4 {"type":"broadcast","message":27,"msg_id":9}}
2025/06/29 23:40:36 Sent {"src":"n4","dest":"c13","body":{"in_reply_to":9,"type":"broadcast_ok"}}
2025/06/29 23:40:37 Sent {"src":"n4","dest":"n3","body":{"messages":[27],"msg_id":39,"type":"broadcast"}}
2025/06/29 23:40:37 Sent {"src":"n4","dest":"n1","body":{"messages":[27],"msg_id":40,"type":"broadcast"}}
2025/06/29 23:40:37 Received {n3 n4 {"messages":[24,26],"msg_id":37,"type":"broadcast"}}
2025/06/29 23:40:37 Sent {"src":"n4","dest":"n3","body":{"in_reply_to":37,"type":"broadcast_ok"}}
2025/06/29 23:40:37 Received {n3 n4 {"in_reply_to":39,"type":"broadcast_ok"}}
2025/06/29 23:40:37 Received {n1 n4 {"in_reply_to":40,"type":"broadcast_ok"}}
2025/06/29 23:40:37 Received {n1 n4 {"messages":[27],"msg_id":54,"type":"broadcast"}}
2025/06/29 23:40:37 Sent {"src":"n4","dest":"n1","body":{"in_reply_to":54,"type":"broadcast_ok"}}
2025/06/29 23:40:37 Received {n3 n4 {"messages":[27,28],"msg_id":39,"type":"broadcast"}}
2025/06/29 23:40:37 Sent {"src":"n4","dest":"n3","body":{"in_reply_to":39,"type":"broadcast_ok"}}
2025/06/29 23:40:37 Received {c13 n4 {"type":"broadcast","message":30,"msg_id":10}}
2025/06/29 23:40:37 Sent {"src":"n4","dest":"c13","body":{"in_reply_to":10,"type":"broadcast_ok"}}
2025/06/29 23:40:37 Sent {"src":"n4","dest":"n3","body":{"messages":[28,30],"msg_id":41,"type":"broadcast"}}
2025/06/29 23:40:37 Sent {"src":"n4","dest":"n1","body":{"messages":[28,30],"msg_id":42,"type":"broadcast"}}
2025/06/29 23:40:37 Received {n1 n4 {"messages":[29],"msg_id":56,"type":"broadcast"}}
2025/06/29 23:40:37 Sent {"src":"n4","dest":"n1","body":{"in_reply_to":56,"type":"broadcast_ok"}}
2025/06/29 23:40:37 Received {n1 n4 {"in_reply_to":42,"type":"broadcast_ok"}}
2025/06/29 23:40:37 Received {n3 n4 {"in_reply_to":41,"type":"broadcast_ok"}}
2025/06/29 23:40:37 Sent {"src":"n4","dest":"n3","body":{"messages":[29],"msg_id":43,"type":"broadcast"}}
2025/06/29 23:40:37 Sent {"src":"n4","dest":"n1","body":{"messages":[29],"msg_id":44,"type":"broadcast"}}
2025/06/29 23:40:37 Received {n3 n4 {"messages":[30],"msg_id":41,"type":"broadcast"}}
2025/06/29 23:40:37 Received {n1 n4 {"messages":[28,30],"msg_id":59,"type":"broadcast"}}
2025/06/29 23:40:37 Sent {"src":"n4","dest":"n3","body":{"in_reply_to":41,"type":"broadcast_ok"}}
2025/06/29 23:40:37 Sent {"src":"n4","dest":"n1","body":{"in_reply_to":59,"type":"broadcast_ok"}}
2025/06/29 23:40:37 Received {n3 n4 {"in_reply_to":43,"type":"broadcast_ok"}}
2025/06/29 23:40:37 Received {n1 n4 {"in_reply_to":44,"type":"broadcast_ok"}}
2025/06/29 23:40:37 Received {n3 n4 {"messages":[29,31],"msg_id":43,"type":"broadcast"}}
2025/06/29 23:40:37 Sent {"src":"n4","dest":"n3","body":{"in_reply_to":43,"type":"broadcast_ok"}}
2025/06/29 23:40:38 Received {c13 n4 {"type":"broadcast","message":33,"msg_id":11}}
2025/06/29 23:40:38 Sent {"src":"n4","dest":"c13","body":{"in_reply_to":11,"type":"broadcast_ok"}}
2025/06/29 23:40:38 Sent {"src":"n4","dest":"n3","body":{"messages":[31,33],"msg_id":46,"type":"broadcast"}}
2025/06/29 23:40:38 Sent {"src":"n4","dest":"n1","body":{"messages":[31,33],"msg_id":45,"type":"broadcast"}}
2025/06/29 23:40:38 Received {n3 n4 {"messages":[32],"msg_id":45,"type":"broadcast"}}
2025/06/29 23:40:38 Received {n1 n4 {"in_reply_to":45,"type":"broadcast_ok"}}
2025/06/29 23:40:38 Sent {"src":"n4","dest":"n3","body":{"in_reply_to":45,"type":"broadcast_ok"}}
2025/06/29 23:40:38 Received {n3 n4 {"in_reply_to":46,"type":"broadcast_ok"}}
2025/06/29 23:40:38 Sent {"src":"n4","dest":"n3","body":{"messages":[32],"msg_id":47,"type":"broadcast"}}
2025/06/29 23:40:38 Sent {"src":"n4","dest":"n1","body":{"messages":[32],"msg_id":48,"type":"broadcast"}}
2025/06/29 23:40:38 Received {n3 n4 {"messages":[33],"msg_id":47,"type":"broadcast"}}
2025/06/29 23:40:38 Received {n1 n4 {"messages":[31,33],"msg_id":62,"type":"broadcast"}}
2025/06/29 23:40:38 Sent {"src":"n4","dest":"n3","body":{"in_reply_to":47,"type":"broadcast_ok"}}
2025/06/29 23:40:38 Sent {"src":"n4","dest":"n1","body":{"in_reply_to":62,"type":"broadcast_ok"}}
2025/06/29 23:40:38 Received {n1 n4 {"in_reply_to":48,"type":"broadcast_ok"}}
2025/06/29 23:40:38 Received {n3 n4 {"in_reply_to":47,"type":"broadcast_ok"}}
2025/06/29 23:40:38 Received {n3 n4 {"messages":[34],"msg_id":49,"type":"broadcast"}}
2025/06/29 23:40:38 Received {n1 n4 {"messages":[32],"msg_id":65,"type":"broadcast"}}
2025/06/29 23:40:38 Sent {"src":"n4","dest":"n3","body":{"in_reply_to":49,"type":"broadcast_ok"}}
2025/06/29 23:40:38 Sent {"src":"n4","dest":"n1","body":{"in_reply_to":65,"type":"broadcast_ok"}}
2025/06/29 23:40:38 Received {c13 n4 {"type":"broadcast","message":35,"msg_id":12}}
2025/06/29 23:40:38 Sent {"src":"n4","dest":"c13","body":{"in_reply_to":12,"type":"broadcast_ok"}}
2025/06/29 23:40:38 Sent {"src":"n4","dest":"n1","body":{"messages":[34,35],"msg_id":50,"type":"broadcast"}}
2025/06/29 23:40:38 Sent {"src":"n4","dest":"n3","body":{"messages":[34,35],"msg_id":49,"type":"broadcast"}}
2025/06/29 23:40:38 Received {n1 n4 {"in_reply_to":50,"type":"broadcast_ok"}}
2025/06/29 23:40:38 Received {n3 n4 {"in_reply_to":49,"type":"broadcast_ok"}}
2025/06/29 23:40:38 Received {n3 n4 {"messages":[35],"msg_id":51,"type":"broadcast"}}
2025/06/29 23:40:38 Received {n1 n4 {"messages":[34,35,36],"msg_id":68,"type":"broadcast"}}
2025/06/29 23:40:38 Sent {"src":"n4","dest":"n3","body":{"in_reply_to":51,"type":"broadcast_ok"}}
2025/06/29 23:40:38 Sent {"src":"n4","dest":"n1","body":{"in_reply_to":68,"type":"broadcast_ok"}}
2025/06/29 23:40:39 Received {c13 n4 {"type":"read","msg_id":13}}
2025/06/29 23:40:39 Sent {"src":"n4","dest":"c13","body":{"in_reply_to":13,"messages":[1,2,0,3,4,5,6,7,8,9,10,11,12,14,13,15,16,17,18,20,19,21,25,22,23,24,26,27,28,30,29,31,33,32,34,35,36],"type":"read_ok"}}
2025/06/29 23:40:39 Sent {"src":"n4","dest":"n3","body":{"messages":[36],"msg_id":51,"type":"broadcast"}}
2025/06/29 23:40:39 Sent {"src":"n4","dest":"n1","body":{"messages":[36],"msg_id":52,"type":"broadcast"}}
2025/06/29 23:40:39 Received {n3 n4 {"in_reply_to":51,"type":"broadcast_ok"}}
2025/06/29 23:40:39 Received {n1 n4 {"in_reply_to":52,"type":"broadcast_ok"}}
2025/06/29 23:40:39 Received {n3 n4 {"messages":[36],"msg_id":53,"type":"broadcast"}}
2025/06/29 23:40:39 Sent {"src":"n4","dest":"n3","body":{"in_reply_to":53,"type":"broadcast_ok"}}
2025/06/29 23:40:39 Received {n3 n4 {"messages":[37,39],"msg_id":55,"type":"broadcast"}}
2025/06/29 23:40:39 Sent {"src":"n4","dest":"n3","body":{"in_reply_to":55,"type":"broadcast_ok"}}
2025/06/29 23:40:39 Received {c13 n4 {"type":"broadcast","message":40,"msg_id":14}}
2025/06/29 23:40:39 Sent {"src":"n4","dest":"c13","body":{"in_reply_to":14,"type":"broadcast_ok"}}
2025/06/29 23:40:39 Sent {"src":"n4","dest":"n3","body":{"messages":[37,39,40],"msg_id":53,"type":"broadcast"}}
2025/06/29 23:40:39 Sent {"src":"n4","dest":"n1","body":{"messages":[37,39,40],"msg_id":54,"type":"broadcast"}}
2025/06/29 23:40:39 Received {n1 n4 {"messages":[38],"msg_id":70,"type":"broadcast"}}
2025/06/29 23:40:39 Sent {"src":"n4","dest":"n1","body":{"in_reply_to":70,"type":"broadcast_ok"}}
2025/06/29 23:40:39 Received {n3 n4 {"in_reply_to":53,"type":"broadcast_ok"}}
2025/06/29 23:40:39 Received {n1 n4 {"in_reply_to":54,"type":"broadcast_ok"}}
2025/06/29 23:40:39 Sent {"src":"n4","dest":"n3","body":{"messages":[38],"msg_id":55,"type":"broadcast"}}
2025/06/29 23:40:39 Sent {"src":"n4","dest":"n1","body":{"messages":[38],"msg_id":56,"type":"broadcast"}}
2025/06/29 23:40:39 Received {n3 n4 {"messages":[40],"msg_id":57,"type":"broadcast"}}
2025/06/29 23:40:39 Received {n1 n4 {"messages":[37,39,40],"msg_id":75,"type":"broadcast"}}
2025/06/29 23:40:39 Sent {"src":"n4","dest":"n3","body":{"in_reply_to":57,"type":"broadcast_ok"}}
2025/06/29 23:40:39 Sent {"src":"n4","dest":"n1","body":{"in_reply_to":75,"type":"broadcast_ok"}}
2025/06/29 23:40:39 Received {n3 n4 {"in_reply_to":55,"type":"broadcast_ok"}}
2025/06/29 23:40:39 Received {n1 n4 {"in_reply_to":56,"type":"broadcast_ok"}}
2025/06/29 23:40:40 Received {n3 n4 {"messages":[38],"msg_id":59,"type":"broadcast"}}
2025/06/29 23:40:40 Sent {"src":"n4","dest":"n3","body":{"in_reply_to":59,"type":"broadcast_ok"}}
2025/06/29 23:40:40 Received {c13 n4 {"type":"read","msg_id":15}}
2025/06/29 23:40:40 Sent {"src":"n4","dest":"c13","body":{"in_reply_to":15,"messages":[1,2,0,3,4,5,6,7,8,9,10,11,12,14,13,15,16,17,18,20,19,21,25,22,23,24,26,27,28,30,29,31,33,32,34,35,36,37,39,40,38],"type":"read_ok"}}
2025/06/29 23:40:40 Received {n3 n4 {"messages":[41,42],"msg_id":61,"type":"broadcast"}}
2025/06/29 23:40:40 Sent {"src":"n4","dest":"n3","body":{"in_reply_to":61,"type":"broadcast_ok"}}
2025/06/29 23:40:40 Sent {"src":"n4","dest":"n3","body":{"messages":[41,42],"msg_id":57,"type":"broadcast"}}
2025/06/29 23:40:40 Sent {"src":"n4","dest":"n1","body":{"messages":[41,42],"msg_id":58,"type":"broadcast"}}
2025/06/29 23:40:40 Received {n3 n4 {"in_reply_to":57,"type":"broadcast_ok"}}
2025/06/29 23:40:40 Received {n1 n4 {"in_reply_to":58,"type":"broadcast_ok"}}
2025/06/29 23:40:40 Received {n3 n4 {"messages":[43],"msg_id":63,"type":"broadcast"}}
2025/06/29 23:40:40 Received {n1 n4 {"messages":[41,42,44],"msg_id":77,"type":"broadcast"}}
2025/06/29 23:40:40 Sent {"src":"n4","dest":"n3","body":{"in_reply_to":63,"type":"broadcast_ok"}}
2025/06/29 23:40:40 Sent {"src":"n4","dest":"n1","body":{"in_reply_to":77,"type":"broadcast_ok"}}
2025/06/29 23:40:40 Sent {"src":"n4","dest":"n1","body":{"messages":[43,44],"msg_id":59,"type":"broadcast"}}
2025/06/29 23:40:40 Sent {"src":"n4","dest":"n3","body":{"messages":[43,44],"msg_id":60,"type":"broadcast"}}
2025/06/29 23:40:40 Received {n1 n4 {"in_reply_to":59,"type":"broadcast_ok"}}
2025/06/29 23:40:40 Received {n3 n4 {"in_reply_to":60,"type":"broadcast_ok"}}
2025/06/29 23:40:41 Received {c13 n4 {"type":"broadcast","message":46,"msg_id":16}}
2025/06/29 23:40:41 Sent {"src":"n4","dest":"c13","body":{"in_reply_to":16,"type":"broadcast_ok"}}
2025/06/29 23:40:41 Sent {"src":"n4","dest":"n3","body":{"messages":[46],"msg_id":61,"type":"broadcast"}}
2025/06/29 23:40:41 Sent {"src":"n4","dest":"n1","body":{"messages":[46],"msg_id":62,"type":"broadcast"}}
2025/06/29 23:40:41 Received {n3 n4 {"messages":[44],"msg_id":65,"type":"broadcast"}}
2025/06/29 23:40:41 Received {n1 n4 {"messages":[43,45],"msg_id":80,"type":"broadcast"}}
2025/06/29 23:40:41 Sent {"src":"n4","dest":"n3","body":{"in_reply_to":65,"type":"broadcast_ok"}}
2025/06/29 23:40:41 Sent {"src":"n4","dest":"n1","body":{"in_reply_to":80,"type":"broadcast_ok"}}
2025/06/29 23:40:41 Received {n1 n4 {"in_reply_to":62,"type":"broadcast_ok"}}
2025/06/29 23:40:41 Received {n3 n4 {"in_reply_to":61,"type":"broadcast_ok"}}
2025/06/29 23:40:41 Sent {"src":"n4","dest":"n3","body":{"messages":[45],"msg_id":63,"type":"broadcast"}}
2025/06/29 23:40:41 Sent {"src":"n4","dest":"n1","body":{"messages":[45],"msg_id":64,"type":"broadcast"}}
2025/06/29 23:40:41 Received {n1 n4 {"messages":[46],"msg_id":83,"type":"broadcast"}}
2025/06/29 23:40:41 Received {n3 n4 {"messages":[46],"msg_id":67,"type":"broadcast"}}
2025/06/29 23:40:41 Sent {"src":"n4","dest":"n1","body":{"in_reply_to":83,"type":"broadcast_ok"}}
2025/06/29 23:40:41 Sent {"src":"n4","dest":"n3","body":{"in_reply_to":67,"type":"broadcast_ok"}}
2025/06/29 23:40:41 Received {n1 n4 {"in_reply_to":64,"type":"broadcast_ok"}}
2025/06/29 23:40:41 Received {n3 n4 {"in_reply_to":63,"type":"broadcast_ok"}}
2025/06/29 23:40:41 Received {n3 n4 {"messages":[45],"msg_id":69,"type":"broadcast"}}
2025/06/29 23:40:41 Sent {"src":"n4","dest":"n3","body":{"in_reply_to":69,"type":"broadcast_ok"}}
2025/06/29 23:40:41 Received {c13 n4 {"type":"read","msg_id":17}}
2025/06/29 23:40:41 Sent {"src":"n4","dest":"c13","body":{"in_reply_to":17,"messages":[1,2,0,3,4,5,6,7,8,9,10,11,12,14,13,15,16,17,18,20,19,21,25,22,23,24,26,27,28,30,29,31,33,32,34,35,36,37,39,40,38,41,42,43,44,46,45],"type":"read_ok"}}
2025/06/29 23:40:41 Received {n1 n4 {"messages":[47],"msg_id":87,"type":"broadcast"}}
2025/06/29 23:40:41 Sent {"src":"n4","dest":"n1","body":{"in_reply_to":87,"type":"broadcast_ok"}}
2025/06/29 23:40:41 Sent {"src":"n4","dest":"n1","body":{"messages":[47],"msg_id":66,"type":"broadcast"}}
2025/06/29 23:40:41 Sent {"src":"n4","dest":"n3","body":{"messages":[47],"msg_id":65,"type":"broadcast"}}
2025/06/29 23:40:41 Received {n3 n4 {"in_reply_to":65,"type":"broadcast_ok"}}
2025/06/29 23:40:41 Received {n1 n4 {"in_reply_to":66,"type":"broadcast_ok"}}
2025/06/29 23:40:42 Received {n3 n4 {"messages":[47],"msg_id":71,"type":"broadcast"}}
2025/06/29 23:40:42 Sent {"src":"n4","dest":"n3","body":{"in_reply_to":71,"type":"broadcast_ok"}}
2025/06/29 23:40:42 Received {n1 n4 {"messages":[49],"msg_id":90,"type":"broadcast"}}
2025/06/29 23:40:42 Received {n3 n4 {"messages":[48],"msg_id":73,"type":"broadcast"}}
2025/06/29 23:40:42 Sent {"src":"n4","dest":"n1","body":{"in_reply_to":90,"type":"broadcast_ok"}}
2025/06/29 23:40:42 Sent {"src":"n4","dest":"n3","body":{"in_reply_to":73,"type":"broadcast_ok"}}
2025/06/29 23:40:42 Received {c13 n4 {"type":"broadcast","message":51,"msg_id":18}}
2025/06/29 23:40:42 Sent {"src":"n4","dest":"c13","body":{"in_reply_to":18,"type":"broadcast_ok"}}
2025/06/29 23:40:42 Sent {"src":"n4","dest":"n3","body":{"messages":[49,48,51],"msg_id":67,"type":"broadcast"}}
2025/06/29 23:40:42 Sent {"src":"n4","dest":"n1","body":{"messages":[49,48,51],"msg_id":68,"type":"broadcast"}}
2025/06/29 23:40:42 Received {n3 n4 {"in_reply_to":67,"type":"broadcast_ok"}}
2025/06/29 23:40:42 Received {n1 n4 {"in_reply_to":68,"type":"broadcast_ok"}}
2025/06/29 23:40:42 Received {n1 n4 {"messages":[48,50,51],"msg_id":92,"type":"broadcast"}}
2025/06/29 23:40:42 Sent {"src":"n4","dest":"n1","body":{"in_reply_to":92,"type":"broadcast_ok"}}
2025/06/29 23:40:42 Received {n3 n4 {"messages":[49,51],"msg_id":76,"type":"broadcast"}}
2025/06/29 23:40:42 Sent {"src":"n4","dest":"n3","body":{"in_reply_to":76,"type":"broadcast_ok"}}
2025/06/29 23:40:42 Sent {"src":"n4","dest":"n3","body":{"messages":[50],"msg_id":69,"type":"broadcast"}}
2025/06/29 23:40:42 Sent {"src":"n4","dest":"n1","body":{"messages":[50],"msg_id":70,"type":"broadcast"}}
2025/06/29 23:40:42 Received {n3 n4 {"messages":[52,53],"msg_id":77,"type":"broadcast"}}
2025/06/29 23:40:42 Sent {"src":"n4","dest":"n3","body":{"in_reply_to":77,"type":"broadcast_ok"}}
2025/06/29 23:40:42 Received {n3 n4 {"in_reply_to":69,"type":"broadcast_ok"}}
2025/06/29 23:40:42 Received {n1 n4 {"in_reply_to":70,"type":"broadcast_ok"}}
2025/06/29 23:40:43 Received {c13 n4 {"type":"broadcast","message":54,"msg_id":19}}
2025/06/29 23:40:43 Sent {"src":"n4","dest":"c13","body":{"in_reply_to":19,"type":"broadcast_ok"}}
2025/06/29 23:40:43 Sent {"src":"n4","dest":"n1","body":{"messages":[52,53,54],"msg_id":72,"type":"broadcast"}}
2025/06/29 23:40:43 Sent {"src":"n4","dest":"n3","body":{"messages":[52,53,54],"msg_id":71,"type":"broadcast"}}
2025/06/29 23:40:43 Received {n3 n4 {"messages":[50],"msg_id":79,"type":"broadcast"}}
2025/06/29 23:40:43 Sent {"src":"n4","dest":"n3","body":{"in_reply_to":79,"type":"broadcast_ok"}}
2025/06/29 23:40:43 Received {n3 n4 {"in_reply_to":71,"type":"broadcast_ok"}}
2025/06/29 23:40:43 Received {n1 n4 {"in_reply_to":72,"type":"broadcast_ok"}}
2025/06/29 23:40:43 Received {n1 n4 {"messages":[52,53,54,55],"msg_id":95,"type":"broadcast"}}
2025/06/29 23:40:43 Sent {"src":"n4","dest":"n1","body":{"in_reply_to":95,"type":"broadcast_ok"}}
2025/06/29 23:40:43 Received {n3 n4 {"messages":[54],"msg_id":81,"type":"broadcast"}}
2025/06/29 23:40:43 Sent {"src":"n4","dest":"n3","body":{"in_reply_to":81,"type":"broadcast_ok"}}
2025/06/29 23:40:43 Sent {"src":"n4","dest":"n3","body":{"messages":[55],"msg_id":73,"type":"broadcast"}}
2025/06/29 23:40:43 Sent {"src":"n4","dest":"n1","body":{"messages":[55],"msg_id":74,"type":"broadcast"}}
2025/06/29 23:40:43 Received {n1 n4 {"in_reply_to":74,"type":"broadcast_ok"}}
2025/06/29 23:40:43 Received {n3 n4 {"in_reply_to":73,"type":"broadcast_ok"}}
2025/06/29 23:40:43 Received {c13 n4 {"type":"read","msg_id":20}}
2025/06/29 23:40:43 Sent {"src":"n4","dest":"c13","body":{"in_reply_to":20,"messages":[1,2,0,3,4,5,6,7,8,9,10,11,12,14,13,15,16,17,18,20,19,21,25,22,23,24,26,27,28,30,29,31,33,32,34,35,36,37,39,40,38,41,42,43,44,46,45,47,49,48,51,50,52,53,54,55],"type":"read_ok"}}
2025/06/29 23:40:43 Received {n3 n4 {"messages":[55],"msg_id":83,"type":"broadcast"}}
2025/06/29 23:40:43 Sent {"src":"n4","dest":"n3","body":{"in_reply_to":83,"type":"broadcast_ok"}}
2025/06/29 23:40:43 Received {n1 n4 {"messages":[56],"msg_id":99,"type":"broadcast"}}
2025/06/29 23:40:43 Sent {"src":"n4","dest":"n1","body":{"in_reply_to":99,"type":"broadcast_ok"}}
2025/06/29 23:40:43 Sent {"src":"n4","dest":"n3","body":{"messages":[56],"msg_id":75,"type":"broadcast"}}
2025/06/29 23:40:43 Sent {"src":"n4","dest":"n1","body":{"messages":[56],"msg_id":76,"type":"broadcast"}}
2025/06/29 23:40:43 Received {n3 n4 {"messages":[57],"msg_id":85,"type":"broadcast"}}
2025/06/29 23:40:43 Sent {"src":"n4","dest":"n3","body":{"in_reply_to":85,"type":"broadcast_ok"}}
2025/06/29 23:40:43 Received {n3 n4 {"in_reply_to":75,"type":"broadcast_ok"}}
2025/06/29 23:40:43 Received {n1 n4 {"in_reply_to":76,"type":"broadcast_ok"}}
2025/06/29 23:40:44 Sent {"src":"n4","dest":"n3","body":{"messages":[57],"msg_id":77,"type":"broadcast"}}
2025/06/29 23:40:44 Sent {"src":"n4","dest":"n1","body":{"messages":[57],"msg_id":78,"type":"broadcast"}}
2025/06/29 23:40:44 Received {n3 n4 {"messages":[56],"msg_id":87,"type":"broadcast"}}
2025/06/29 23:40:44 Sent {"src":"n4","dest":"n3","body":{"in_reply_to":87,"type":"broadcast_ok"}}
2025/06/29 23:40:44 Received {n1 n4 {"in_reply_to":78,"type":"broadcast_ok"}}
2025/06/29 23:40:44 Received {n3 n4 {"in_reply_to":77,"type":"broadcast_ok"}}
2025/06/29 23:40:44 Received {c13 n4 {"type":"read","msg_id":21}}
2025/06/29 23:40:44 Sent {"src":"n4","dest":"c13","body":{"in_reply_to":21,"messages":[1,2,0,3,4,5,6,7,8,9,10,11,12,14,13,15,16,17,18,20,19,21,25,22,23,24,26,27,28,30,29,31,33,32,34,35,36,37,39,40,38,41,42,43,44,46,45,47,49,48,51,50,52,53,54,55,56,57],"type":"read_ok"}}
2025/06/29 23:40:44 Received {n3 n4 {"messages":[59],"msg_id":89,"type":"broadcast"}}
2025/06/29 23:40:44 Received {n1 n4 {"messages":[58,57],"msg_id":100,"type":"broadcast"}}
2025/06/29 23:40:44 Sent {"src":"n4","dest":"n3","body":{"in_reply_to":89,"type":"broadcast_ok"}}
2025/06/29 23:40:44 Sent {"src":"n4","dest":"n1","body":{"in_reply_to":100,"type":"broadcast_ok"}}
2025/06/29 23:40:44 Sent {"src":"n4","dest":"n3","body":{"messages":[59,58],"msg_id":79,"type":"broadcast"}}
2025/06/29 23:40:44 Sent {"src":"n4","dest":"n1","body":{"messages":[59,58],"msg_id":80,"type":"broadcast"}}
2025/06/29 23:40:44 Received {n3 n4 {"in_reply_to":79,"type":"broadcast_ok"}}
2025/06/29 23:40:44 Received {n1 n4 {"in_reply_to":80,"type":"broadcast_ok"}}
2025/06/29 23:40:44 Received {n3 n4 {"messages":[58,60],"msg_id":91,"type":"broadcast"}}
2025/06/29 23:40:44 Received {n1 n4 {"messages":[59,61],"msg_id":104,"type":"broadcast"}}
2025/06/29 23:40:44 Sent {"src":"n4","dest":"n3","body":{"in_reply_to":91,"type":"broadcast_ok"}}
2025/06/29 23:40:44 Sent {"src":"n4","dest":"n1","body":{"in_reply_to":104,"type":"broadcast_ok"}}
2025/06/29 23:40:44 Sent {"src":"n4","dest":"n3","body":{"messages":[60,61],"msg_id":81,"type":"broadcast"}}
2025/06/29 23:40:44 Sent {"src":"n4","dest":"n1","body":{"messages":[60,61],"msg_id":82,"type":"broadcast"}}
2025/06/29 23:40:44 Received {n3 n4 {"in_reply_to":81,"type":"broadcast_ok"}}
2025/06/29 23:40:44 Received {n1 n4 {"in_reply_to":82,"type":"broadcast_ok"}}
2025/06/29 23:40:45 Received {c13 n4 {"type":"broadcast","message":62,"msg_id":22}}
2025/06/29 23:40:45 Sent {"src":"n4","dest":"c13","body":{"in_reply_to":22,"type":"broadcast_ok"}}
2025/06/29 23:40:45 Sent {"src":"n4","dest":"n3","body":{"messages":[62],"msg_id":83,"type":"broadcast"}}
2025/06/29 23:40:45 Sent {"src":"n4","dest":"n1","body":{"messages":[62],"msg_id":84,"type":"broadcast"}}
2025/06/29 23:40:45 Received {n3 n4 {"messages":[61],"msg_id":93,"type":"broadcast"}}
2025/06/29 23:40:45 Received {n1 n4 {"messages":[60],"msg_id":107,"type":"broadcast"}}
2025/06/29 23:40:45 Sent {"src":"n4","dest":"n3","body":{"in_reply_to":93,"type":"broadcast_ok"}}
2025/06/29 23:40:45 Sent {"src":"n4","dest":"n1","body":{"in_reply_to":107,"type":"broadcast_ok"}}
2025/06/29 23:40:45 Received {n3 n4 {"in_reply_to":83,"type":"broadcast_ok"}}
2025/06/29 23:40:45 Received {n1 n4 {"in_reply_to":84,"type":"broadcast_ok"}}
2025/06/29 23:40:45 Received {n3 n4 {"messages":[62],"msg_id":95,"type":"broadcast"}}
2025/06/29 23:40:45 Received {n1 n4 {"messages":[62],"msg_id":110,"type":"broadcast"}}
2025/06/29 23:40:45 Sent {"src":"n4","dest":"n3","body":{"in_reply_to":95,"type":"broadcast_ok"}}
2025/06/29 23:40:45 Sent {"src":"n4","dest":"n1","body":{"in_reply_to":110,"type":"broadcast_ok"}}
2025/06/29 23:40:45 Received {n1 n4 {"messages":[63],"msg_id":114,"type":"broadcast"}}
2025/06/29 23:40:45 Sent {"src":"n4","dest":"n1","body":{"in_reply_to":114,"type":"broadcast_ok"}}
2025/06/29 23:40:45 Received {c13 n4 {"type":"broadcast","message":64,"msg_id":23}}
2025/06/29 23:40:45 Sent {"src":"n4","dest":"c13","body":{"in_reply_to":23,"type":"broadcast_ok"}}
2025/06/29 23:40:45 Sent {"src":"n4","dest":"n3","body":{"messages":[63,64],"msg_id":85,"type":"broadcast"}}
2025/06/29 23:40:45 Sent {"src":"n4","dest":"n1","body":{"messages":[63,64],"msg_id":86,"type":"broadcast"}}
2025/06/29 23:40:45 Received {n3 n4 {"in_reply_to":85,"type":"broadcast_ok"}}
2025/06/29 23:40:45 Received {n1 n4 {"in_reply_to":86,"type":"broadcast_ok"}}
2025/06/29 23:40:45 Received {n3 n4 {"messages":[63,64],"msg_id":97,"type":"broadcast"}}
2025/06/29 23:40:45 Sent {"src":"n4","dest":"n3","body":{"in_reply_to":97,"type":"broadcast_ok"}}
2025/06/29 23:40:45 Received {n1 n4 {"messages":[64],"msg_id":116,"type":"broadcast"}}
2025/06/29 23:40:45 Sent {"src":"n4","dest":"n1","body":{"in_reply_to":116,"type":"broadcast_ok"}}
2025/06/29 23:40:46 Received {n1 n4 {"messages":[65],"msg_id":119,"type":"broadcast"}}
2025/06/29 23:40:46 Sent {"src":"n4","dest":"n1","body":{"in_reply_to":119,"type":"broadcast_ok"}}
2025/06/29 23:40:46 Sent {"src":"n4","dest":"n1","body":{"messages":[65],"msg_id":87,"type":"broadcast"}}
2025/06/29 23:40:46 Sent {"src":"n4","dest":"n3","body":{"messages":[65],"msg_id":88,"type":"broadcast"}}
2025/06/29 23:40:46 Received {n3 n4 {"in_reply_to":88,"type":"broadcast_ok"}}
2025/06/29 23:40:46 Received {n1 n4 {"in_reply_to":87,"type":"broadcast_ok"}}
2025/06/29 23:40:46 Received {c13 n4 {"type":"read","msg_id":24}}
2025/06/29 23:40:46 Sent {"src":"n4","dest":"c13","body":{"in_reply_to":24,"messages":[1,2,0,3,4,5,6,7,8,9,10,11,12,14,13,15,16,17,18,20,19,21,25,22,23,24,26,27,28,30,29,31,33,32,34,35,36,37,39,40,38,41,42,43,44,46,45,47,49,48,51,50,52,53,54,55,56,57,59,58,60,61,62,63,64,65],"type":"read_ok"}}
2025/06/29 23:40:46 Received {n3 n4 {"messages":[65],"msg_id":99,"type":"broadcast"}}
2025/06/29 23:40:46 Sent {"src":"n4","dest":"n3","body":{"in_reply_to":99,"type":"broadcast_ok"}}
2025/06/29 23:40:46 Received {n3 n4 {"messages":[66],"msg_id":102,"type":"broadcast"}}
2025/06/29 23:40:46 Sent {"src":"n4","dest":"n3","body":{"in_reply_to":102,"type":"broadcast_ok"}}
2025/06/29 23:40:46 Received {c13 n4 {"type":"broadcast","message":68,"msg_id":25}}
2025/06/29 23:40:46 Sent {"src":"n4","dest":"c13","body":{"in_reply_to":25,"type":"broadcast_ok"}}
2025/06/29 23:40:46 Sent {"src":"n4","dest":"n3","body":{"messages":[66,68],"msg_id":89,"type":"broadcast"}}
2025/06/29 23:40:46 Sent {"src":"n4","dest":"n1","body":{"messages":[66,68],"msg_id":90,"type":"broadcast"}}
2025/06/29 23:40:46 Received {n1 n4 {"messages":[67],"msg_id":121,"type":"broadcast"}}
2025/06/29 23:40:46 Sent {"src":"n4","dest":"n1","body":{"in_reply_to":121,"type":"broadcast_ok"}}
2025/06/29 23:40:46 Received {n3 n4 {"in_reply_to":89,"type":"broadcast_ok"}}
2025/06/29 23:40:46 Received {n1 n4 {"in_reply_to":90,"type":"broadcast_ok"}}
2025/06/29 23:40:47 Sent {"src":"n4","dest":"n3","body":{"messages":[67],"msg_id":91,"type":"broadcast"}}
2025/06/29 23:40:47 Sent {"src":"n4","dest":"n1","body":{"messages":[67],"msg_id":92,"type":"broadcast"}}
2025/06/29 23:40:47 Received {n3 n4 {"messages":[69,68],"msg_id":103,"type":"broadcast"}}
2025/06/29 23:40:47 Received {n1 n4 {"messages":[66,68,71],"msg_id":125,"type":"broadcast"}}
2025/06/29 23:40:47 Sent {"src":"n4","dest":"n3","body":{"in_reply_to":103,"type":"broadcast_ok"}}
2025/06/29 23:40:47 Sent {"src":"n4","dest":"n1","body":{"in_reply_to":125,"type":"broadcast_ok"}}
2025/06/29 23:40:47 Received {n1 n4 {"in_reply_to":92,"type":"broadcast_ok"}}
2025/06/29 23:40:47 Received {n3 n4 {"in_reply_to":91,"type":"broadcast_ok"}}
2025/06/29 23:40:47 Sent {"src":"n4","dest":"n1","body":{"messages":[69,71],"msg_id":94,"type":"broadcast"}}
2025/06/29 23:40:47 Sent {"src":"n4","dest":"n3","body":{"messages":[69,71],"msg_id":93,"type":"broadcast"}}
2025/06/29 23:40:47 Received {n3 n4 {"messages":[67,70],"msg_id":105,"type":"broadcast"}}
2025/06/29 23:40:47 Sent {"src":"n4","dest":"n3","body":{"in_reply_to":105,"type":"broadcast_ok"}}
2025/06/29 23:40:47 Received {n3 n4 {"in_reply_to":93,"type":"broadcast_ok"}}
2025/06/29 23:40:47 Received {n1 n4 {"in_reply_to":94,"type":"broadcast_ok"}}
2025/06/29 23:40:47 Received {c13 n4 {"type":"broadcast","message":72,"msg_id":26}}
2025/06/29 23:40:47 Sent {"src":"n4","dest":"c13","body":{"in_reply_to":26,"type":"broadcast_ok"}}
2025/06/29 23:40:47 Sent {"src":"n4","dest":"n3","body":{"messages":[70,72],"msg_id":95,"type":"broadcast"}}
2025/06/29 23:40:47 Sent {"src":"n4","dest":"n1","body":{"messages":[70,72],"msg_id":96,"type":"broadcast"}}
2025/06/29 23:40:47 Received {n1 n4 {"messages":[69],"msg_id":128,"type":"broadcast"}}
2025/06/29 23:40:47 Received {n3 n4 {"messages":[71],"msg_id":107,"type":"broadcast"}}
2025/06/29 23:40:47 Sent {"src":"n4","dest":"n1","body":{"in_reply_to":128,"type":"broadcast_ok"}}
2025/06/29 23:40:47 Sent {"src":"n4","dest":"n3","body":{"in_reply_to":107,"type":"broadcast_ok"}}
2025/06/29 23:40:47 Received {n1 n4 {"in_reply_to":96,"type":"broadcast_ok"}}
2025/06/29 23:40:47 Received {n3 n4 {"in_reply_to":95,"type":"broadcast_ok"}}
2025/06/29 23:40:47 Received {n1 n4 {"messages":[70,72],"msg_id":131,"type":"broadcast"}}
2025/06/29 23:40:47 Sent {"src":"n4","dest":"n1","body":{"in_reply_to":131,"type":"broadcast_ok"}}
2025/06/29 23:40:47 Received {n3 n4 {"messages":[72],"msg_id":109,"type":"broadcast"}}
2025/06/29 23:40:47 Sent {"src":"n4","dest":"n3","body":{"in_reply_to":109,"type":"broadcast_ok"}}
2025/06/29 23:40:47 Received {n3 n4 {"messages":[73,74],"msg_id":111,"type":"broadcast"}}
2025/06/29 23:40:47 Sent {"src":"n4","dest":"n3","body":{"in_reply_to":111,"type":"broadcast_ok"}}
2025/06/29 23:40:47 Received {n1 n4 {"messages":[75],"msg_id":134,"type":"broadcast"}}
2025/06/29 23:40:47 Sent {"src":"n4","dest":"n1","body":{"in_reply_to":134,"type":"broadcast_ok"}}
2025/06/29 23:40:48 Sent {"src":"n4","dest":"n1","body":{"messages":[73,74,75],"msg_id":98,"type":"broadcast"}}
2025/06/29 23:40:48 Sent {"src":"n4","dest":"n3","body":{"messages":[73,74,75],"msg_id":97,"type":"broadcast"}}
2025/06/29 23:40:48 Received {n1 n4 {"in_reply_to":98,"type":"broadcast_ok"}}
2025/06/29 23:40:48 Received {n3 n4 {"in_reply_to":97,"type":"broadcast_ok"}}
2025/06/29 23:40:48 Received {c13 n4 {"type":"broadcast","message":78,"msg_id":27}}
2025/06/29 23:40:48 Sent {"src":"n4","dest":"c13","body":{"in_reply_to":27,"type":"broadcast_ok"}}
2025/06/29 23:40:48 Sent {"src":"n4","dest":"n1","body":{"messages":[78],"msg_id":100,"type":"broadcast"}}
2025/06/29 23:40:48 Sent {"src":"n4","dest":"n3","body":{"messages":[78],"msg_id":99,"type":"broadcast"}}
2025/06/29 23:40:48 Received {n1 n4 {"messages":[76,73,74],"msg_id":137,"type":"broadcast"}}
2025/06/29 23:40:48 Received {n3 n4 {"messages":[75,77],"msg_id":113,"type":"broadcast"}}
2025/06/29 23:40:48 Sent {"src":"n4","dest":"n1","body":{"in_reply_to":137,"type":"broadcast_ok"}}
2025/06/29 23:40:48 Sent {"src":"n4","dest":"n3","body":{"in_reply_to":113,"type":"broadcast_ok"}}
2025/06/29 23:40:48 Received {n1 n4 {"in_reply_to":100,"type":"broadcast_ok"}}
2025/06/29 23:40:48 Received {n3 n4 {"in_reply_to":99,"type":"broadcast_ok"}}
2025/06/29 23:40:48 Sent {"src":"n4","dest":"n3","body":{"messages":[76,77],"msg_id":101,"type":"broadcast"}}
2025/06/29 23:40:48 Sent {"src":"n4","dest":"n1","body":{"messages":[76,77],"msg_id":102,"type":"broadcast"}}
2025/06/29 23:40:48 Received {n3 n4 {"messages":[78],"msg_id":116,"type":"broadcast"}}
2025/06/29 23:40:48 Received {n1 n4 {"messages":[78],"msg_id":140,"type":"broadcast"}}
2025/06/29 23:40:48 Sent {"src":"n4","dest":"n3","body":{"in_reply_to":116,"type":"broadcast_ok"}}
2025/06/29 23:40:48 Sent {"src":"n4","dest":"n1","body":{"in_reply_to":140,"type":"broadcast_ok"}}
2025/06/29 23:40:48 Received {n1 n4 {"in_reply_to":102,"type":"broadcast_ok"}}
2025/06/29 23:40:48 Received {n3 n4 {"in_reply_to":101,"type":"broadcast_ok"}}
2025/06/29 23:40:48 Received {c13 n4 {"type":"read","msg_id":28}}
2025/06/29 23:40:48 Sent {"src":"n4","dest":"c13","body":{"in_reply_to":28,"messages":[1,2,0,3,4,5,6,7,8,9,10,11,12,14,13,15,16,17,18,20,19,21,25,22,23,24,26,27,28,30,29,31,33,32,34,35,36,37,39,40,38,41,42,43,44,46,45,47,49,48,51,50,52,53,54,55,56,57,59,58,60,61,62,63,64,65,66,68,67,69,71,70,72,73,74,75,78,76,77],"type":"read_ok"}}
2025/06/29 23:40:48 Received {n3 n4 {"messages":[79,76,81],"msg_id":117,"type":"broadcast"}}
2025/06/29 23:40:48 Sent {"src":"n4","dest":"n3","body":{"in_reply_to":117,"type":"broadcast_ok"}}
2025/06/29 23:40:48 Received {n1 n4 {"messages":[77,80],"msg_id":143,"type":"broadcast"}}
2025/06/29 23:40:48 Sent {"src":"n4","dest":"n1","body":{"in_reply_to":143,"type":"broadcast_ok"}}
2025/06/29 23:40:48 Sent {"src":"n4","dest":"n3","body":{"messages":[79,81,80],"msg_id":103,"type":"broadcast"}}
2025/06/29 23:40:48 Sent {"src":"n4","dest":"n1","body":{"messages":[79,81,80],"msg_id":104,"type":"broadcast"}}
2025/06/29 23:40:48 Received {n3 n4 {"in_reply_to":103,"type":"broadcast_ok"}}
2025/06/29 23:40:48 Received {n1 n4 {"in_reply_to":104,"type":"broadcast_ok"}}
2025/06/29 23:40:49 Received {n3 n4 {"messages":[80,82],"msg_id":119,"type":"broadcast"}}
2025/06/29 23:40:49 Received {n1 n4 {"messages":[79,81,83],"msg_id":146,"type":"broadcast"}}
2025/06/29 23:40:49 Sent {"src":"n4","dest":"n3","body":{"in_reply_to":119,"type":"broadcast_ok"}}
2025/06/29 23:40:49 Sent {"src":"n4","dest":"n1","body":{"in_reply_to":146,"type":"broadcast_ok"}}
2025/06/29 23:40:49 Sent {"src":"n4","dest":"n3","body":{"messages":[82,83],"msg_id":105,"type":"broadcast"}}
2025/06/29 23:40:49 Sent {"src":"n4","dest":"n1","body":{"messages":[82,83],"msg_id":106,"type":"broadcast"}}
2025/06/29 23:40:49 Received {n3 n4 {"in_reply_to":105,"type":"broadcast_ok"}}
2025/06/29 23:40:49 Received {n1 n4 {"in_reply_to":106,"type":"broadcast_ok"}}
2025/06/29 23:40:49 Received {c13 n4 {"type":"read","msg_id":29}}
2025/06/29 23:40:49 Sent {"src":"n4","dest":"c13","body":{"in_reply_to":29,"messages":[1,2,0,3,4,5,6,7,8,9,10,11,12,14,13,15,16,17,18,20,19,21,25,22,23,24,26,27,28,30,29,31,33,32,34,35,36,37,39,40,38,41,42,43,44,46,45,47,49,48,51,50,52,53,54,55,56,57,59,58,60,61,62,63,64,65,66,68,67,69,71,70,72,73,74,75,78,76,77,79,81,80,82,83],"type":"read_ok"}}
2025/06/29 23:40:49 Received {n1 n4 {"messages":[82],"msg_id":149,"type":"broadcast"}}
2025/06/29 23:40:49 Sent {"src":"n4","dest":"n1","body":{"in_reply_to":149,"type":"broadcast_ok"}}
2025/06/29 23:40:49 Received {n3 n4 {"messages":[83],"msg_id":121,"type":"broadcast"}}
2025/06/29 23:40:49 Sent {"src":"n4","dest":"n3","body":{"in_reply_to":121,"type":"broadcast_ok"}}
2025/06/29 23:40:49 Received {n1 n4 {"messages":[85],"msg_id":152,"type":"broadcast"}}
2025/06/29 23:40:49 Received {n3 n4 {"messages":[84],"msg_id":123,"type":"broadcast"}}
2025/06/29 23:40:49 Sent {"src":"n4","dest":"n1","body":{"in_reply_to":152,"type":"broadcast_ok"}}
2025/06/29 23:40:49 Sent {"src":"n4","dest":"n3","body":{"in_reply_to":123,"type":"broadcast_ok"}}
2025/06/29 23:40:50 Sent {"src":"n4","dest":"n3","body":{"messages":[85,84],"msg_id":107,"type":"broadcast"}}
2025/06/29 23:40:50 Sent {"src":"n4","dest":"n1","body":{"messages":[85,84],"msg_id":108,"type":"broadcast"}}
2025/06/29 23:40:50 Received {n3 n4 {"messages":[87],"msg_id":125,"type":"broadcast"}}
2025/06/29 23:40:50 Received {n1 n4 {"messages":[86],"msg_id":156,"type":"broadcast"}}
2025/06/29 23:40:50 Sent {"src":"n4","dest":"n3","body":{"in_reply_to":125,"type":"broadcast_ok"}}
2025/06/29 23:40:50 Sent {"src":"n4","dest":"n1","body":{"in_reply_to":156,"type":"broadcast_ok"}}
2025/06/29 23:40:50 Received {c13 n4 {"type":"read","msg_id":30}}
2025/06/29 23:40:50 Received {n1 n4 {"in_reply_to":108,"type":"broadcast_ok"}}
2025/06/29 23:40:50 Received {n3 n4 {"in_reply_to":107,"type":"broadcast_ok"}}
2025/06/29 23:40:50 Sent {"src":"n4","dest":"c13","body":{"in_reply_to":30,"messages":[1,2,0,3,4,5,6,7,8,9,10,11,12,14,13,15,16,17,18,20,19,21,25,22,23,24,26,27,28,30,29,31,33,32,34,35,36,37,39,40,38,41,42,43,44,46,45,47,49,48,51,50,52,53,54,55,56,57,59,58,60,61,62,63,64,65,66,68,67,69,71,70,72,73,74,75,78,76,77,79,81,80,82,83,85,84,87,86],"type":"read_ok"}}
2025/06/29 23:40:50 Sent {"src":"n4","dest":"n3","body":{"messages":[87,86],"msg_id":109,"type":"broadcast"}}
2025/06/29 23:40:50 Sent {"src":"n4","dest":"n1","body":{"messages":[87,86],"msg_id":110,"type":"broadcast"}}
2025/06/29 23:40:50 Received {n3 n4 {"messages":[85],"msg_id":127,"type":"broadcast"}}
2025/06/29 23:40:50 Received {n1 n4 {"messages":[84],"msg_id":158,"type":"broadcast"}}
2025/06/29 23:40:50 Sent {"src":"n4","dest":"n3","body":{"in_reply_to":127,"type":"broadcast_ok"}}
2025/06/29 23:40:50 Sent {"src":"n4","dest":"n1","body":{"in_reply_to":158,"type":"broadcast_ok"}}
2025/06/29 23:40:50 Received {n3 n4 {"in_reply_to":109,"type":"broadcast_ok"}}
2025/06/29 23:40:50 Received {n1 n4 {"in_reply_to":110,"type":"broadcast_ok"}}
2025/06/29 23:40:50 Received {n3 n4 {"messages":[86],"msg_id":129,"type":"broadcast"}}
2025/06/29 23:40:50 Received {n1 n4 {"messages":[87],"msg_id":161,"type":"broadcast"}}
2025/06/29 23:40:50 Sent {"src":"n4","dest":"n3","body":{"in_reply_to":129,"type":"broadcast_ok"}}
2025/06/29 23:40:50 Sent {"src":"n4","dest":"n1","body":{"in_reply_to":161,"type":"broadcast_ok"}}
2025/06/29 23:40:50 Received {c13 n4 {"type":"read","msg_id":31}}
2025/06/29 23:40:50 Sent {"src":"n4","dest":"c13","body":{"in_reply_to":31,"messages":[1,2,0,3,4,5,6,7,8,9,10,11,12,14,13,15,16,17,18,20,19,21,25,22,23,24,26,27,28,30,29,31,33,32,34,35,36,37,39,40,38,41,42,43,44,46,45,47,49,48,51,50,52,53,54,55,56,57,59,58,60,61,62,63,64,65,66,68,67,69,71,70,72,73,74,75,78,76,77,79,81,80,82,83,85,84,87,86],"type":"read_ok"}}
2025/06/29 23:40:50 Received {n1 n4 {"messages":[90],"msg_id":165,"type":"broadcast"}}
2025/06/29 23:40:50 Sent {"src":"n4","dest":"n1","body":{"in_reply_to":165,"type":"broadcast_ok"}}
2025/06/29 23:40:50 Sent {"src":"n4","dest":"n3","body":{"messages":[90],"msg_id":111,"type":"broadcast"}}
2025/06/29 23:40:50 Sent {"src":"n4","dest":"n1","body":{"messages":[90],"msg_id":112,"type":"broadcast"}}
2025/06/29 23:40:50 Received {n3 n4 {"messages":[88,89],"msg_id":131,"type":"broadcast"}}
2025/06/29 23:40:50 Received {n1 n4 {"messages":[88,89],"msg_id":167,"type":"broadcast"}}
2025/06/29 23:40:50 Sent {"src":"n4","dest":"n3","body":{"in_reply_to":131,"type":"broadcast_ok"}}
2025/06/29 23:40:50 Sent {"src":"n4","dest":"n1","body":{"in_reply_to":167,"type":"broadcast_ok"}}
2025/06/29 23:40:50 Received {n3 n4 {"in_reply_to":111,"type":"broadcast_ok"}}
2025/06/29 23:40:50 Received {n1 n4 {"in_reply_to":112,"type":"broadcast_ok"}}
2025/06/29 23:40:51 Received {c13 n4 {"type":"read","msg_id":32}}
2025/06/29 23:40:51 Sent {"src":"n4","dest":"c13","body":{"in_reply_to":32,"messages":[1,2,0,3,4,5,6,7,8,9,10,11,12,14,13,15,16,17,18,20,19,21,25,22,23,24,26,27,28,30,29,31,33,32,34,35,36,37,39,40,38,41,42,43,44,46,45,47,49,48,51,50,52,53,54,55,56,57,59,58,60,61,62,63,64,65,66,68,67,69,71,70,72,73,74,75,78,76,77,79,81,80,82,83,85,84,87,86,90,88,89],"type":"read_ok"}}
2025/06/29 23:40:51 Sent {"src":"n4","dest":"n3","body":{"messages":[88,89],"msg_id":113,"type":"broadcast"}}
2025/06/29 23:40:51 Sent {"src":"n4","dest":"n1","body":{"messages":[88,89],"msg_id":114,"type":"broadcast"}}
2025/06/29 23:40:51 Received {n3 n4 {"messages":[90],"msg_id":133,"type":"broadcast"}}
2025/06/29 23:40:51 Sent {"src":"n4","dest":"n3","body":{"in_reply_to":133,"type":"broadcast_ok"}}
2025/06/29 23:40:51 Received {n3 n4 {"in_reply_to":113,"type":"broadcast_ok"}}
2025/06/29 23:40:51 Received {n1 n4 {"in_reply_to":114,"type":"broadcast_ok"}}
2025/06/29 23:40:51 Received {n3 n4 {"messages":[91],"msg_id":135,"type":"broadcast"}}
2025/06/29 23:40:51 Received {n1 n4 {"messages":[91],"msg_id":170,"type":"broadcast"}}
2025/06/29 23:40:51 Sent {"src":"n4","dest":"n3","body":{"in_reply_to":135,"type":"broadcast_ok"}}
2025/06/29 23:40:51 Sent {"src":"n4","dest":"n1","body":{"in_reply_to":170,"type":"broadcast_ok"}}
2025/06/29 23:40:51 Received {c13 n4 {"type":"broadcast","message":93,"msg_id":33}}
2025/06/29 23:40:51 Sent {"src":"n4","dest":"c13","body":{"in_reply_to":33,"type":"broadcast_ok"}}
2025/06/29 23:40:51 Sent {"src":"n4","dest":"n3","body":{"messages":[91,93],"msg_id":115,"type":"broadcast"}}
2025/06/29 23:40:51 Sent {"src":"n4","dest":"n1","body":{"messages":[91,93],"msg_id":116,"type":"broadcast"}}
2025/06/29 23:40:51 Received {n1 n4 {"messages":[92],"msg_id":173,"type":"broadcast"}}
2025/06/29 23:40:51 Sent {"src":"n4","dest":"n1","body":{"in_reply_to":173,"type":"broadcast_ok"}}
2025/06/29 23:40:51 Received {n1 n4 {"in_reply_to":116,"type":"broadcast_ok"}}
2025/06/29 23:40:51 Received {n3 n4 {"in_reply_to":115,"type":"broadcast_ok"}}
2025/06/29 23:40:51 Sent {"src":"n4","dest":"n3","body":{"messages":[92],"msg_id":117,"type":"broadcast"}}
2025/06/29 23:40:51 Sent {"src":"n4","dest":"n1","body":{"messages":[92],"msg_id":118,"type":"broadcast"}}
2025/06/29 23:40:51 Received {n3 n4 {"messages":[93],"msg_id":137,"type":"broadcast"}}
2025/06/29 23:40:51 Sent {"src":"n4","dest":"n3","body":{"in_reply_to":137,"type":"broadcast_ok"}}
2025/06/29 23:40:51 Received {n1 n4 {"messages":[93],"msg_id":176,"type":"broadcast"}}
2025/06/29 23:40:51 Sent {"src":"n4","dest":"n1","body":{"in_reply_to":176,"type":"broadcast_ok"}}
2025/06/29 23:40:51 Received {n3 n4 {"in_reply_to":117,"type":"broadcast_ok"}}
2025/06/29 23:40:51 Received {n1 n4 {"in_reply_to":118,"type":"broadcast_ok"}}
2025/06/29 23:40:52 Received {n3 n4 {"messages":[92],"msg_id":139,"type":"broadcast"}}
2025/06/29 23:40:52 Sent {"src":"n4","dest":"n3","body":{"in_reply_to":139,"type":"broadcast_ok"}}
2025/06/29 23:41:01 Received {c13 n4 {"type":"read","msg_id":34}}
2025/06/29 23:41:01 Sent {"src":"n4","dest":"c13","body":{"in_reply_to":34,"messages":[1,2,0,3,4,5,6,7,8,9,10,11,12,14,13,15,16,17,18,20,19,21,25,22,23,24,26,27,28,30,29,31,33,32,34,35,36,37,39,40,38,41,42,43,44,46,45,47,49,48,51,50,52,53,54,55,56,57,59,58,60,61,62,63,64,65,66,68,67,69,71,70,72,73,74,75,78,76,77,79,81,80,82,83,85,84,87,86,90,88,89,91,93,92],"type":"read_ok"}}
