2025/06/29 18:40:50 Received {c3 n2 {"type":"init","node_id":"n2","node_ids":["n0","n1","n2","n3","n4"],"msg_id":1}}
2025/06/29 18:40:50 Node n2 initialized
2025/06/29 18:40:50 Sent {"src":"n2","dest":"c3","body":{"in_reply_to":1,"type":"init_ok"}}
2025/06/29 18:40:50 Received {c7 n2 {"type":"topology","topology":{"n0":["n3","n1"],"n1":["n4","n2","n0"],"n2":["n1"],"n3":["n0","n4"],"n4":["n1","n3"]},"msg_id":1}}
2025/06/29 18:40:50 Sent {"src":"n2","dest":"c7","body":{"in_reply_to":1,"type":"topology_ok"}}
2025/06/29 18:40:50 Received {c11 n2 {"type":"read","msg_id":1}}
2025/06/29 18:40:50 Sent {"src":"n2","dest":"c11","body":{"in_reply_to":1,"messages":[],"type":"read_ok"}}
2025/06/29 18:40:50 Received {c11 n2 {"type":"read","msg_id":2}}
2025/06/29 18:40:50 Sent {"src":"n2","dest":"c11","body":{"in_reply_to":2,"messages":[],"type":"read_ok"}}
2025/06/29 18:40:51 Received {n1 n2 {"messages":[0],"msg_id":2,"type":"broadcast"}}
2025/06/29 18:40:51 Sent {"src":"n2","dest":"n1","body":{"in_reply_to":2,"type":"broadcast_ok"}}
2025/06/29 18:40:51 Received {c11 n2 {"type":"read","msg_id":3}}
2025/06/29 18:40:51 Sent {"src":"n2","dest":"c11","body":{"in_reply_to":3,"messages":[0],"type":"read_ok"}}
2025/06/29 18:40:51 Sent {"src":"n2","dest":"n1","body":{"messages":[0],"msg_id":1,"type":"broadcast"}}
2025/06/29 18:40:51 Received {n1 n2 {"messages":[0,2,3],"msg_id":4,"type":"broadcast"}}
2025/06/29 18:40:51 Received {n1 n2 {"in_reply_to":1,"type":"broadcast_ok"}}
2025/06/29 18:40:51 Sent {"src":"n2","dest":"n1","body":{"in_reply_to":4,"type":"broadcast_ok"}}
2025/06/29 18:40:51 Received {c11 n2 {"type":"read","msg_id":4}}
2025/06/29 18:40:51 Sent {"src":"n2","dest":"c11","body":{"in_reply_to":4,"messages":[0,2,3],"type":"read_ok"}}
2025/06/29 18:40:52 Sent {"src":"n2","dest":"n1","body":{"messages":[0,2,3],"msg_id":2,"type":"broadcast"}}
2025/06/29 18:40:52 Received {n1 n2 {"messages":[0,2,3,1,5],"msg_id":9,"type":"broadcast"}}
2025/06/29 18:40:52 Received {n1 n2 {"in_reply_to":2,"type":"broadcast_ok"}}
2025/06/29 18:40:52 Sent {"src":"n2","dest":"n1","body":{"in_reply_to":9,"type":"broadcast_ok"}}
2025/06/29 18:40:52 Sent {"src":"n2","dest":"n1","body":{"messages":[0,2,3,1,5],"msg_id":3,"type":"broadcast"}}
2025/06/29 18:40:52 Received {n1 n2 {"in_reply_to":3,"type":"broadcast_ok"}}
2025/06/29 18:40:52 Received {n1 n2 {"messages":[0,2,3,1,5,9],"msg_id":12,"type":"broadcast"}}
2025/06/29 18:40:52 Sent {"src":"n2","dest":"n1","body":{"in_reply_to":12,"type":"broadcast_ok"}}
2025/06/29 18:40:52 Received {c11 n2 {"type":"broadcast","message":10,"msg_id":5}}
2025/06/29 18:40:52 Sent {"src":"n2","dest":"c11","body":{"in_reply_to":5,"type":"broadcast_ok"}}
2025/06/29 18:40:52 Sent {"src":"n2","dest":"n1","body":{"messages":[0,2,3,1,5,9,10],"msg_id":4,"type":"broadcast"}}
2025/06/29 18:40:52 Received {n1 n2 {"in_reply_to":4,"type":"broadcast_ok"}}
2025/06/29 18:40:52 Received {n1 n2 {"messages":[0,2,3,1,5,9,4,6,7,10],"msg_id":15,"type":"broadcast"}}
2025/06/29 18:40:52 Sent {"src":"n2","dest":"n1","body":{"in_reply_to":15,"type":"broadcast_ok"}}
2025/06/29 18:40:53 Received {c11 n2 {"type":"broadcast","message":15,"msg_id":6}}
2025/06/29 18:40:53 Sent {"src":"n2","dest":"c11","body":{"in_reply_to":6,"type":"broadcast_ok"}}
2025/06/29 18:40:53 Sent {"src":"n2","dest":"n1","body":{"messages":[0,2,3,1,5,9,10,4,6,7,15],"msg_id":5,"type":"broadcast"}}
2025/06/29 18:40:53 Received {n1 n2 {"messages":[0,2,3,1,5,9,4,6,7,10,12,8,11,14],"msg_id":18,"type":"broadcast"}}
2025/06/29 18:40:53 Sent {"src":"n2","dest":"n1","body":{"in_reply_to":18,"type":"broadcast_ok"}}
2025/06/29 18:40:53 Received {n1 n2 {"in_reply_to":5,"type":"broadcast_ok"}}
2025/06/29 18:40:53 Sent {"src":"n2","dest":"n1","body":{"messages":[0,2,3,1,5,9,10,4,6,7,15,12,8,11,14],"msg_id":6,"type":"broadcast"}}
2025/06/29 18:40:53 Received {n1 n2 {"in_reply_to":6,"type":"broadcast_ok"}}
2025/06/29 18:40:53 Received {n1 n2 {"messages":[0,2,3,1,5,9,4,6,7,10,12,8,11,14,15],"msg_id":21,"type":"broadcast"}}
2025/06/29 18:40:53 Sent {"src":"n2","dest":"n1","body":{"in_reply_to":21,"type":"broadcast_ok"}}
2025/06/29 18:40:53 Received {c11 n2 {"type":"broadcast","message":19,"msg_id":7}}
2025/06/29 18:40:53 Sent {"src":"n2","dest":"c11","body":{"in_reply_to":7,"type":"broadcast_ok"}}
2025/06/29 18:40:54 Sent {"src":"n2","dest":"n1","body":{"messages":[0,2,3,1,5,9,10,4,6,7,15,12,8,11,14,19],"msg_id":7,"type":"broadcast"}}
2025/06/29 18:40:54 Received {n1 n2 {"in_reply_to":7,"type":"broadcast_ok"}}
2025/06/29 18:40:54 Received {n1 n2 {"messages":[0,2,3,1,5,9,4,6,7,10,12,8,11,14,15,17,13,16,19],"msg_id":23,"type":"broadcast"}}
2025/06/29 18:40:54 Sent {"src":"n2","dest":"n1","body":{"in_reply_to":23,"type":"broadcast_ok"}}
2025/06/29 18:40:54 Sent {"src":"n2","dest":"n1","body":{"messages":[0,2,3,1,5,9,10,4,6,7,15,12,8,11,14,19,17,13,16],"msg_id":8,"type":"broadcast"}}
2025/06/29 18:40:54 Received {n1 n2 {"messages":[0,2,3,1,5,9,4,6,7,10,12,8,11,14,15,17,13,16,19,20,18,22],"msg_id":25,"type":"broadcast"}}
2025/06/29 18:40:54 Received {c11 n2 {"type":"broadcast","message":23,"msg_id":8}}
2025/06/29 18:40:54 Sent {"src":"n2","dest":"n1","body":{"in_reply_to":25,"type":"broadcast_ok"}}
2025/06/29 18:40:54 Sent {"src":"n2","dest":"c11","body":{"in_reply_to":8,"type":"broadcast_ok"}}
2025/06/29 18:40:54 Received {n1 n2 {"in_reply_to":8,"type":"broadcast_ok"}}
2025/06/29 18:40:54 Sent {"src":"n2","dest":"n1","body":{"messages":[0,2,3,1,5,9,10,4,6,7,15,12,8,11,14,19,17,13,16,20,18,22,23],"msg_id":9,"type":"broadcast"}}
2025/06/29 18:40:54 Received {n1 n2 {"messages":[0,2,3,1,5,9,4,6,7,10,12,8,11,14,15,17,13,16,19,20,18,22],"msg_id":30,"type":"broadcast"}}
2025/06/29 18:40:54 Sent {"src":"n2","dest":"n1","body":{"in_reply_to":30,"type":"broadcast_ok"}}
2025/06/29 18:40:54 Received {n1 n2 {"in_reply_to":9,"type":"broadcast_ok"}}
2025/06/29 18:40:55 Received {c11 n2 {"type":"read","msg_id":9}}
2025/06/29 18:40:55 Sent {"src":"n2","dest":"c11","body":{"in_reply_to":9,"messages":[0,2,3,1,5,9,10,4,6,7,15,12,8,11,14,19,17,13,16,20,18,22,23],"type":"read_ok"}}
2025/06/29 18:40:55 Sent {"src":"n2","dest":"n1","body":{"messages":[0,2,3,1,5,9,10,4,6,7,15,12,8,11,14,19,17,13,16,20,18,22,23],"msg_id":10,"type":"broadcast"}}
2025/06/29 18:40:55 Received {n1 n2 {"messages":[0,2,3,1,5,9,4,6,7,10,12,8,11,14,15,17,13,16,19,20,18,22,21,24,23,25],"msg_id":33,"type":"broadcast"}}
2025/06/29 18:40:55 Received {n1 n2 {"in_reply_to":10,"type":"broadcast_ok"}}
2025/06/29 18:40:55 Sent {"src":"n2","dest":"n1","body":{"in_reply_to":33,"type":"broadcast_ok"}}
2025/06/29 18:40:55 Sent {"src":"n2","dest":"n1","body":{"messages":[0,2,3,1,5,9,10,4,6,7,15,12,8,11,14,19,17,13,16,20,18,22,23,21,24,25],"msg_id":11,"type":"broadcast"}}
2025/06/29 18:40:55 Received {n1 n2 {"messages":[0,2,3,1,5,9,4,6,7,10,12,8,11,14,15,17,13,16,19,20,18,22,21,24,23,25],"msg_id":34,"type":"broadcast"}}
2025/06/29 18:40:55 Received {n1 n2 {"in_reply_to":11,"type":"broadcast_ok"}}
2025/06/29 18:40:55 Sent {"src":"n2","dest":"n1","body":{"in_reply_to":34,"type":"broadcast_ok"}}
2025/06/29 18:40:55 Received {c11 n2 {"type":"read","msg_id":10}}
2025/06/29 18:40:55 Sent {"src":"n2","dest":"c11","body":{"in_reply_to":10,"messages":[0,2,3,1,5,9,10,4,6,7,15,12,8,11,14,19,17,13,16,20,18,22,23,21,24,25],"type":"read_ok"}}
2025/06/29 18:40:56 Sent {"src":"n2","dest":"n1","body":{"messages":[0,2,3,1,5,9,10,4,6,7,15,12,8,11,14,19,17,13,16,20,18,22,23,21,24,25],"msg_id":12,"type":"broadcast"}}
2025/06/29 18:40:56 Received {n1 n2 {"messages":[0,2,3,1,5,9,4,6,7,10,12,8,11,14,15,17,13,16,19,20,18,22,21,24,23,25],"msg_id":39,"type":"broadcast"}}
2025/06/29 18:40:56 Sent {"src":"n2","dest":"n1","body":{"in_reply_to":39,"type":"broadcast_ok"}}
2025/06/29 18:40:56 Received {n1 n2 {"in_reply_to":12,"type":"broadcast_ok"}}
2025/06/29 18:40:56 Sent {"src":"n2","dest":"n1","body":{"messages":[0,2,3,1,5,9,10,4,6,7,15,12,8,11,14,19,17,13,16,20,18,22,23,21,24,25],"msg_id":13,"type":"broadcast"}}
2025/06/29 18:40:56 Received {n1 n2 {"messages":[0,2,3,1,5,9,4,6,7,10,12,8,11,14,15,17,13,16,19,20,18,22,21,24,23,25,26],"msg_id":42,"type":"broadcast"}}
2025/06/29 18:40:56 Sent {"src":"n2","dest":"n1","body":{"in_reply_to":42,"type":"broadcast_ok"}}
2025/06/29 18:40:56 Received {n1 n2 {"in_reply_to":13,"type":"broadcast_ok"}}
2025/06/29 18:40:56 Received {c11 n2 {"type":"broadcast","message":28,"msg_id":11}}
2025/06/29 18:40:56 Sent {"src":"n2","dest":"c11","body":{"in_reply_to":11,"type":"broadcast_ok"}}
2025/06/29 18:40:56 Sent {"src":"n2","dest":"n1","body":{"messages":[0,2,3,1,5,9,10,4,6,7,15,12,8,11,14,19,17,13,16,20,18,22,23,21,24,25,26,28],"msg_id":14,"type":"broadcast"}}
2025/06/29 18:40:56 Received {n1 n2 {"messages":[0,2,3,1,5,9,4,6,7,10,12,8,11,14,15,17,13,16,19,20,18,22,21,24,23,25,26],"msg_id":43,"type":"broadcast"}}
2025/06/29 18:40:56 Sent {"src":"n2","dest":"n1","body":{"in_reply_to":43,"type":"broadcast_ok"}}
2025/06/29 18:40:56 Received {n1 n2 {"in_reply_to":14,"type":"broadcast_ok"}}
2025/06/29 18:40:57 Received {c11 n2 {"type":"broadcast","message":32,"msg_id":12}}
2025/06/29 18:40:57 Sent {"src":"n2","dest":"c11","body":{"in_reply_to":12,"type":"broadcast_ok"}}
2025/06/29 18:40:57 Received {n1 n2 {"messages":[0,2,3,1,5,9,4,6,7,10,12,8,11,14,15,17,13,16,19,20,18,22,21,24,23,25,26,29,28,31],"msg_id":48,"type":"broadcast"}}
2025/06/29 18:40:57 Sent {"src":"n2","dest":"n1","body":{"messages":[0,2,3,1,5,9,10,4,6,7,15,12,8,11,14,19,17,13,16,20,18,22,23,21,24,25,26,28,32],"msg_id":15,"type":"broadcast"}}
2025/06/29 18:40:57 Sent {"src":"n2","dest":"n1","body":{"in_reply_to":48,"type":"broadcast_ok"}}
2025/06/29 18:40:57 Received {n1 n2 {"in_reply_to":15,"type":"broadcast_ok"}}
2025/06/29 18:40:57 Received {c11 n2 {"type":"broadcast","message":35,"msg_id":13}}
2025/06/29 18:40:57 Sent {"src":"n2","dest":"c11","body":{"in_reply_to":13,"type":"broadcast_ok"}}
2025/06/29 18:40:57 Sent {"src":"n2","dest":"n1","body":{"messages":[0,2,3,1,5,9,10,4,6,7,15,12,8,11,14,19,17,13,16,20,18,22,23,21,24,25,26,28,32,29,31,35],"msg_id":16,"type":"broadcast"}}
2025/06/29 18:40:57 Received {n1 n2 {"messages":[0,2,3,1,5,9,4,6,7,10,12,8,11,14,15,17,13,16,19,20,18,22,21,24,23,25,26,29,28,31,27,33,32],"msg_id":50,"type":"broadcast"}}
2025/06/29 18:40:57 Sent {"src":"n2","dest":"n1","body":{"in_reply_to":50,"type":"broadcast_ok"}}
2025/06/29 18:40:57 Received {n1 n2 {"in_reply_to":16,"type":"broadcast_ok"}}
2025/06/29 18:40:58 Received {n1 n2 {"messages":[0,2,3,1,5,9,4,6,7,10,12,8,11,14,15,17,13,16,19,20,18,22,21,24,23,25,26,29,28,31,27,33,32,35],"msg_id":52,"type":"broadcast"}}
2025/06/29 18:40:58 Sent {"src":"n2","dest":"n1","body":{"messages":[0,2,3,1,5,9,10,4,6,7,15,12,8,11,14,19,17,13,16,20,18,22,23,21,24,25,26,28,32,29,31,35,27,33],"msg_id":17,"type":"broadcast"}}
2025/06/29 18:40:58 Sent {"src":"n2","dest":"n1","body":{"in_reply_to":52,"type":"broadcast_ok"}}
2025/06/29 18:40:58 Received {n1 n2 {"in_reply_to":17,"type":"broadcast_ok"}}
2025/06/29 18:40:58 Received {c11 n2 {"type":"read","msg_id":14}}
2025/06/29 18:40:58 Sent {"src":"n2","dest":"c11","body":{"in_reply_to":14,"messages":[0,2,3,1,5,9,10,4,6,7,15,12,8,11,14,19,17,13,16,20,18,22,23,21,24,25,26,28,32,29,31,35,27,33],"type":"read_ok"}}
2025/06/29 18:40:58 Received {n1 n2 {"messages":[0,2,3,1,5,9,4,6,7,10,12,8,11,14,15,17,13,16,19,20,18,22,21,24,23,25,26,29,28,31,27,33,32,35,30,36,38],"msg_id":56,"type":"broadcast"}}
2025/06/29 18:40:58 Sent {"src":"n2","dest":"n1","body":{"messages":[0,2,3,1,5,9,10,4,6,7,15,12,8,11,14,19,17,13,16,20,18,22,23,21,24,25,26,28,32,29,31,35,27,33],"msg_id":18,"type":"broadcast"}}
2025/06/29 18:40:58 Sent {"src":"n2","dest":"n1","body":{"in_reply_to":56,"type":"broadcast_ok"}}
2025/06/29 18:40:58 Received {n1 n2 {"in_reply_to":18,"type":"broadcast_ok"}}
2025/06/29 18:40:58 Received {n1 n2 {"messages":[0,2,3,1,5,9,4,6,7,10,12,8,11,14,15,17,13,16,19,20,18,22,21,24,23,25,26,29,28,31,27,33,32,35,30,36,38,34,40],"msg_id":58,"type":"broadcast"}}
2025/06/29 18:40:58 Sent {"src":"n2","dest":"n1","body":{"messages":[0,2,3,1,5,9,10,4,6,7,15,12,8,11,14,19,17,13,16,20,18,22,23,21,24,25,26,28,32,29,31,35,27,33,30,36,38],"msg_id":19,"type":"broadcast"}}
2025/06/29 18:40:58 Sent {"src":"n2","dest":"n1","body":{"in_reply_to":58,"type":"broadcast_ok"}}
2025/06/29 18:40:58 Received {n1 n2 {"in_reply_to":19,"type":"broadcast_ok"}}
2025/06/29 18:40:59 Received {c11 n2 {"type":"read","msg_id":15}}
2025/06/29 18:40:59 Sent {"src":"n2","dest":"c11","body":{"in_reply_to":15,"messages":[0,2,3,1,5,9,10,4,6,7,15,12,8,11,14,19,17,13,16,20,18,22,23,21,24,25,26,28,32,29,31,35,27,33,30,36,38,34,40],"type":"read_ok"}}
2025/06/29 18:40:59 Sent {"src":"n2","dest":"n1","body":{"messages":[0,2,3,1,5,9,10,4,6,7,15,12,8,11,14,19,17,13,16,20,18,22,23,21,24,25,26,28,32,29,31,35,27,33,30,36,38,34,40],"msg_id":20,"type":"broadcast"}}
2025/06/29 18:40:59 Received {n1 n2 {"messages":[0,2,3,1,5,9,4,6,7,10,12,8,11,14,15,17,13,16,19,20,18,22,21,24,23,25,26,29,28,31,27,33,32,35,30,36,38,34,40],"msg_id":62,"type":"broadcast"}}
2025/06/29 18:40:59 Sent {"src":"n2","dest":"n1","body":{"in_reply_to":62,"type":"broadcast_ok"}}
2025/06/29 18:40:59 Received {n1 n2 {"in_reply_to":20,"type":"broadcast_ok"}}
2025/06/29 18:40:59 Received {n1 n2 {"messages":[0,2,3,1,5,9,4,6,7,10,12,8,11,14,15,17,13,16,19,20,18,22,21,24,23,25,26,29,28,31,27,33,32,35,30,36,38,34,40,37,41,39,44],"msg_id":65,"type":"broadcast"}}
2025/06/29 18:40:59 Sent {"src":"n2","dest":"n1","body":{"messages":[0,2,3,1,5,9,10,4,6,7,15,12,8,11,14,19,17,13,16,20,18,22,23,21,24,25,26,28,32,29,31,35,27,33,30,36,38,34,40],"msg_id":21,"type":"broadcast"}}
2025/06/29 18:40:59 Sent {"src":"n2","dest":"n1","body":{"in_reply_to":65,"type":"broadcast_ok"}}
2025/06/29 18:40:59 Received {n1 n2 {"in_reply_to":21,"type":"broadcast_ok"}}
2025/06/29 18:40:59 Received {c11 n2 {"type":"read","msg_id":16}}
2025/06/29 18:40:59 Sent {"src":"n2","dest":"c11","body":{"in_reply_to":16,"messages":[0,2,3,1,5,9,10,4,6,7,15,12,8,11,14,19,17,13,16,20,18,22,23,21,24,25,26,28,32,29,31,35,27,33,30,36,38,34,40,37,41,39,44],"type":"read_ok"}}
2025/06/29 18:41:00 Sent {"src":"n2","dest":"n1","body":{"messages":[0,2,3,1,5,9,10,4,6,7,15,12,8,11,14,19,17,13,16,20,18,22,23,21,24,25,26,28,32,29,31,35,27,33,30,36,38,34,40,37,41,39,44],"msg_id":22,"type":"broadcast"}}
2025/06/29 18:41:00 Received {n1 n2 {"messages":[0,2,3,1,5,9,4,6,7,10,12,8,11,14,15,17,13,16,19,20,18,22,21,24,23,25,26,29,28,31,27,33,32,35,30,36,38,34,40,37,41,39,44],"msg_id":69,"type":"broadcast"}}
2025/06/29 18:41:00 Sent {"src":"n2","dest":"n1","body":{"in_reply_to":69,"type":"broadcast_ok"}}
2025/06/29 18:41:00 Received {n1 n2 {"in_reply_to":22,"type":"broadcast_ok"}}
2025/06/29 18:41:00 Sent {"src":"n2","dest":"n1","body":{"messages":[0,2,3,1,5,9,10,4,6,7,15,12,8,11,14,19,17,13,16,20,18,22,23,21,24,25,26,28,32,29,31,35,27,33,30,36,38,34,40,37,41,39,44],"msg_id":23,"type":"broadcast"}}
2025/06/29 18:41:00 Received {n1 n2 {"messages":[0,2,3,1,5,9,4,6,7,10,12,8,11,14,15,17,13,16,19,20,18,22,21,24,23,25,26,29,28,31,27,33,32,35,30,36,38,34,40,37,41,39,44],"msg_id":72,"type":"broadcast"}}
2025/06/29 18:41:00 Sent {"src":"n2","dest":"n1","body":{"in_reply_to":72,"type":"broadcast_ok"}}
2025/06/29 18:41:00 Received {n1 n2 {"in_reply_to":23,"type":"broadcast_ok"}}
2025/06/29 18:41:00 Received {c11 n2 {"type":"broadcast","message":45,"msg_id":17}}
2025/06/29 18:41:00 Sent {"src":"n2","dest":"c11","body":{"in_reply_to":17,"type":"broadcast_ok"}}
2025/06/29 18:41:00 Received {n1 n2 {"messages":[0,2,3,1,5,9,4,6,7,10,12,8,11,14,15,17,13,16,19,20,18,22,21,24,23,25,26,29,28,31,27,33,32,35,30,36,38,34,40,37,41,39,44,42,43],"msg_id":74,"type":"broadcast"}}
2025/06/29 18:41:00 Sent {"src":"n2","dest":"n1","body":{"messages":[0,2,3,1,5,9,10,4,6,7,15,12,8,11,14,19,17,13,16,20,18,22,23,21,24,25,26,28,32,29,31,35,27,33,30,36,38,34,40,37,41,39,44,45],"msg_id":24,"type":"broadcast"}}
2025/06/29 18:41:00 Sent {"src":"n2","dest":"n1","body":{"in_reply_to":74,"type":"broadcast_ok"}}
2025/06/29 18:41:00 Received {n1 n2 {"in_reply_to":24,"type":"broadcast_ok"}}
2025/06/29 18:41:01 Received {c11 n2 {"type":"read","msg_id":18}}
2025/06/29 18:41:01 Sent {"src":"n2","dest":"c11","body":{"in_reply_to":18,"messages":[0,2,3,1,5,9,10,4,6,7,15,12,8,11,14,19,17,13,16,20,18,22,23,21,24,25,26,28,32,29,31,35,27,33,30,36,38,34,40,37,41,39,44,45,42,43],"type":"read_ok"}}
2025/06/29 18:41:01 Sent {"src":"n2","dest":"n1","body":{"messages":[0,2,3,1,5,9,10,4,6,7,15,12,8,11,14,19,17,13,16,20,18,22,23,21,24,25,26,28,32,29,31,35,27,33,30,36,38,34,40,37,41,39,44,45,42,43],"msg_id":25,"type":"broadcast"}}
2025/06/29 18:41:01 Received {n1 n2 {"messages":[0,2,3,1,5,9,4,6,7,10,12,8,11,14,15,17,13,16,19,20,18,22,21,24,23,25,26,29,28,31,27,33,32,35,30,36,38,34,40,37,41,39,44,42,43,45,46,48],"msg_id":78,"type":"broadcast"}}
2025/06/29 18:41:01 Sent {"src":"n2","dest":"n1","body":{"in_reply_to":78,"type":"broadcast_ok"}}
2025/06/29 18:41:01 Received {n1 n2 {"in_reply_to":25,"type":"broadcast_ok"}}
2025/06/29 18:41:01 Sent {"src":"n2","dest":"n1","body":{"messages":[0,2,3,1,5,9,10,4,6,7,15,12,8,11,14,19,17,13,16,20,18,22,23,21,24,25,26,28,32,29,31,35,27,33,30,36,38,34,40,37,41,39,44,45,42,43,46,48],"msg_id":26,"type":"broadcast"}}
2025/06/29 18:41:01 Received {n1 n2 {"messages":[0,2,3,1,5,9,4,6,7,10,12,8,11,14,15,17,13,16,19,20,18,22,21,24,23,25,26,29,28,31,27,33,32,35,30,36,38,34,40,37,41,39,44,42,43,45,46,48],"msg_id":81,"type":"broadcast"}}
2025/06/29 18:41:01 Sent {"src":"n2","dest":"n1","body":{"in_reply_to":81,"type":"broadcast_ok"}}
2025/06/29 18:41:01 Received {n1 n2 {"in_reply_to":26,"type":"broadcast_ok"}}
2025/06/29 18:41:01 Received {c11 n2 {"type":"read","msg_id":19}}
2025/06/29 18:41:01 Sent {"src":"n2","dest":"c11","body":{"in_reply_to":19,"messages":[0,2,3,1,5,9,10,4,6,7,15,12,8,11,14,19,17,13,16,20,18,22,23,21,24,25,26,28,32,29,31,35,27,33,30,36,38,34,40,37,41,39,44,45,42,43,46,48],"type":"read_ok"}}
2025/06/29 18:41:02 Sent {"src":"n2","dest":"n1","body":{"messages":[0,2,3,1,5,9,10,4,6,7,15,12,8,11,14,19,17,13,16,20,18,22,23,21,24,25,26,28,32,29,31,35,27,33,30,36,38,34,40,37,41,39,44,45,42,43,46,48],"msg_id":27,"type":"broadcast"}}
2025/06/29 18:41:02 Received {n1 n2 {"messages":[0,2,3,1,5,9,4,6,7,10,12,8,11,14,15,17,13,16,19,20,18,22,21,24,23,25,26,29,28,31,27,33,32,35,30,36,38,34,40,37,41,39,44,42,43,45,46,48,47,49,51],"msg_id":83,"type":"broadcast"}}
2025/06/29 18:41:02 Sent {"src":"n2","dest":"n1","body":{"in_reply_to":83,"type":"broadcast_ok"}}
2025/06/29 18:41:02 Received {n1 n2 {"in_reply_to":27,"type":"broadcast_ok"}}
2025/06/29 18:41:02 Received {c11 n2 {"type":"read","msg_id":20}}
2025/06/29 18:41:02 Sent {"src":"n2","dest":"c11","body":{"in_reply_to":20,"messages":[0,2,3,1,5,9,10,4,6,7,15,12,8,11,14,19,17,13,16,20,18,22,23,21,24,25,26,28,32,29,31,35,27,33,30,36,38,34,40,37,41,39,44,45,42,43,46,48,47,49,51],"type":"read_ok"}}
2025/06/29 18:41:02 Sent {"src":"n2","dest":"n1","body":{"messages":[0,2,3,1,5,9,10,4,6,7,15,12,8,11,14,19,17,13,16,20,18,22,23,21,24,25,26,28,32,29,31,35,27,33,30,36,38,34,40,37,41,39,44,45,42,43,46,48,47,49,51],"msg_id":28,"type":"broadcast"}}
2025/06/29 18:41:02 Received {n1 n2 {"messages":[0,2,3,1,5,9,4,6,7,10,12,8,11,14,15,17,13,16,19,20,18,22,21,24,23,25,26,29,28,31,27,33,32,35,30,36,38,34,40,37,41,39,44,42,43,45,46,48,47,49,51,54],"msg_id":85,"type":"broadcast"}}
2025/06/29 18:41:02 Sent {"src":"n2","dest":"n1","body":{"in_reply_to":85,"type":"broadcast_ok"}}
2025/06/29 18:41:02 Received {n1 n2 {"in_reply_to":28,"type":"broadcast_ok"}}
2025/06/29 18:41:02 Sent {"src":"n2","dest":"n1","body":{"messages":[0,2,3,1,5,9,10,4,6,7,15,12,8,11,14,19,17,13,16,20,18,22,23,21,24,25,26,28,32,29,31,35,27,33,30,36,38,34,40,37,41,39,44,45,42,43,46,48,47,49,51,54],"msg_id":29,"type":"broadcast"}}
2025/06/29 18:41:02 Received {n1 n2 {"messages":[0,2,3,1,5,9,4,6,7,10,12,8,11,14,15,17,13,16,19,20,18,22,21,24,23,25,26,29,28,31,27,33,32,35,30,36,38,34,40,37,41,39,44,42,43,45,46,48,47,49,51,54,50,52],"msg_id":90,"type":"broadcast"}}
2025/06/29 18:41:02 Sent {"src":"n2","dest":"n1","body":{"in_reply_to":90,"type":"broadcast_ok"}}
2025/06/29 18:41:02 Received {n1 n2 {"in_reply_to":29,"type":"broadcast_ok"}}
2025/06/29 18:41:02 Received {c11 n2 {"type":"broadcast","message":60,"msg_id":21}}
2025/06/29 18:41:02 Sent {"src":"n2","dest":"c11","body":{"in_reply_to":21,"type":"broadcast_ok"}}
2025/06/29 18:41:03 Sent {"src":"n2","dest":"n1","body":{"messages":[0,2,3,1,5,9,10,4,6,7,15,12,8,11,14,19,17,13,16,20,18,22,23,21,24,25,26,28,32,29,31,35,27,33,30,36,38,34,40,37,41,39,44,45,42,43,46,48,47,49,51,54,50,52,60],"msg_id":30,"type":"broadcast"}}
2025/06/29 18:41:03 Received {n1 n2 {"messages":[0,2,3,1,5,9,4,6,7,10,12,8,11,14,15,17,13,16,19,20,18,22,21,24,23,25,26,29,28,31,27,33,32,35,30,36,38,34,40,37,41,39,44,42,43,45,46,48,47,49,51,54,50,52,56,59],"msg_id":93,"type":"broadcast"}}
2025/06/29 18:41:03 Sent {"src":"n2","dest":"n1","body":{"in_reply_to":93,"type":"broadcast_ok"}}
2025/06/29 18:41:03 Received {n1 n2 {"in_reply_to":30,"type":"broadcast_ok"}}
2025/06/29 18:41:03 Received {c11 n2 {"type":"read","msg_id":22}}
2025/06/29 18:41:03 Sent {"src":"n2","dest":"c11","body":{"in_reply_to":22,"messages":[0,2,3,1,5,9,10,4,6,7,15,12,8,11,14,19,17,13,16,20,18,22,23,21,24,25,26,28,32,29,31,35,27,33,30,36,38,34,40,37,41,39,44,45,42,43,46,48,47,49,51,54,50,52,60,56,59],"type":"read_ok"}}
2025/06/29 18:41:03 Sent {"src":"n2","dest":"n1","body":{"messages":[0,2,3,1,5,9,10,4,6,7,15,12,8,11,14,19,17,13,16,20,18,22,23,21,24,25,26,28,32,29,31,35,27,33,30,36,38,34,40,37,41,39,44,45,42,43,46,48,47,49,51,54,50,52,60,56,59],"msg_id":31,"type":"broadcast"}}
2025/06/29 18:41:03 Received {n1 n2 {"messages":[0,2,3,1,5,9,4,6,7,10,12,8,11,14,15,17,13,16,19,20,18,22,21,24,23,25,26,29,28,31,27,33,32,35,30,36,38,34,40,37,41,39,44,42,43,45,46,48,47,49,51,54,50,52,56,59,53,55,62,60],"msg_id":96,"type":"broadcast"}}
2025/06/29 18:41:03 Received {n1 n2 {"in_reply_to":31,"type":"broadcast_ok"}}
2025/06/29 18:41:03 Sent {"src":"n2","dest":"n1","body":{"in_reply_to":96,"type":"broadcast_ok"}}
2025/06/29 18:41:04 Sent {"src":"n2","dest":"n1","body":{"messages":[0,2,3,1,5,9,10,4,6,7,15,12,8,11,14,19,17,13,16,20,18,22,23,21,24,25,26,28,32,29,31,35,27,33,30,36,38,34,40,37,41,39,44,45,42,43,46,48,47,49,51,54,50,52,60,56,59,53,55,62],"msg_id":32,"type":"broadcast"}}
2025/06/29 18:41:04 Received {n1 n2 {"messages":[0,2,3,1,5,9,4,6,7,10,12,8,11,14,15,17,13,16,19,20,18,22,21,24,23,25,26,29,28,31,27,33,32,35,30,36,38,34,40,37,41,39,44,42,43,45,46,48,47,49,51,54,50,52,56,59,53,55,62,60,57,58,61],"msg_id":99,"type":"broadcast"}}
2025/06/29 18:41:04 Received {n1 n2 {"in_reply_to":32,"type":"broadcast_ok"}}
2025/06/29 18:41:04 Sent {"src":"n2","dest":"n1","body":{"in_reply_to":99,"type":"broadcast_ok"}}
2025/06/29 18:41:04 Received {c11 n2 {"type":"broadcast","message":69,"msg_id":23}}
2025/06/29 18:41:04 Sent {"src":"n2","dest":"c11","body":{"in_reply_to":23,"type":"broadcast_ok"}}
2025/06/29 18:41:04 Sent {"src":"n2","dest":"n1","body":{"messages":[0,2,3,1,5,9,10,4,6,7,15,12,8,11,14,19,17,13,16,20,18,22,23,21,24,25,26,28,32,29,31,35,27,33,30,36,38,34,40,37,41,39,44,45,42,43,46,48,47,49,51,54,50,52,60,56,59,53,55,62,57,58,61,69],"msg_id":33,"type":"broadcast"}}
2025/06/29 18:41:04 Received {n1 n2 {"messages":[0,2,3,1,5,9,4,6,7,10,12,8,11,14,15,17,13,16,19,20,18,22,21,24,23,25,26,29,28,31,27,33,32,35,30,36,38,34,40,37,41,39,44,42,43,45,46,48,47,49,51,54,50,52,56,59,53,55,62,60,57,58,61,64,65,68],"msg_id":102,"type":"broadcast"}}
2025/06/29 18:41:04 Received {n1 n2 {"in_reply_to":33,"type":"broadcast_ok"}}
2025/06/29 18:41:04 Sent {"src":"n2","dest":"n1","body":{"in_reply_to":102,"type":"broadcast_ok"}}
2025/06/29 18:41:04 Sent {"src":"n2","dest":"n1","body":{"messages":[0,2,3,1,5,9,10,4,6,7,15,12,8,11,14,19,17,13,16,20,18,22,23,21,24,25,26,28,32,29,31,35,27,33,30,36,38,34,40,37,41,39,44,45,42,43,46,48,47,49,51,54,50,52,60,56,59,53,55,62,57,58,61,69,64,65,68],"msg_id":34,"type":"broadcast"}}
2025/06/29 18:41:04 Received {n1 n2 {"messages":[0,2,3,1,5,9,4,6,7,10,12,8,11,14,15,17,13,16,19,20,18,22,21,24,23,25,26,29,28,31,27,33,32,35,30,36,38,34,40,37,41,39,44,42,43,45,46,48,47,49,51,54,50,52,56,59,53,55,62,60,57,58,61,64,65,68,63,69],"msg_id":104,"type":"broadcast"}}
2025/06/29 18:41:04 Received {n1 n2 {"in_reply_to":34,"type":"broadcast_ok"}}
2025/06/29 18:41:04 Sent {"src":"n2","dest":"n1","body":{"in_reply_to":104,"type":"broadcast_ok"}}
2025/06/29 18:41:05 Received {c11 n2 {"type":"read","msg_id":24}}
2025/06/29 18:41:05 Sent {"src":"n2","dest":"c11","body":{"in_reply_to":24,"messages":[0,2,3,1,5,9,10,4,6,7,15,12,8,11,14,19,17,13,16,20,18,22,23,21,24,25,26,28,32,29,31,35,27,33,30,36,38,34,40,37,41,39,44,45,42,43,46,48,47,49,51,54,50,52,60,56,59,53,55,62,57,58,61,69,64,65,68,63],"type":"read_ok"}}
2025/06/29 18:41:05 Sent {"src":"n2","dest":"n1","body":{"messages":[0,2,3,1,5,9,10,4,6,7,15,12,8,11,14,19,17,13,16,20,18,22,23,21,24,25,26,28,32,29,31,35,27,33,30,36,38,34,40,37,41,39,44,45,42,43,46,48,47,49,51,54,50,52,60,56,59,53,55,62,57,58,61,69,64,65,68,63],"msg_id":35,"type":"broadcast"}}
2025/06/29 18:41:05 Received {n1 n2 {"in_reply_to":35,"type":"broadcast_ok"}}
2025/06/29 18:41:05 Received {n1 n2 {"messages":[0,2,3,1,5,9,4,6,7,10,12,8,11,14,15,17,13,16,19,20,18,22,21,24,23,25,26,29,28,31,27,33,32,35,30,36,38,34,40,37,41,39,44,42,43,45,46,48,47,49,51,54,50,52,56,59,53,55,62,60,57,58,61,64,65,68,63,69,66,67,70,71],"msg_id":108,"type":"broadcast"}}
2025/06/29 18:41:05 Sent {"src":"n2","dest":"n1","body":{"in_reply_to":108,"type":"broadcast_ok"}}
2025/06/29 18:41:05 Sent {"src":"n2","dest":"n1","body":{"messages":[0,2,3,1,5,9,10,4,6,7,15,12,8,11,14,19,17,13,16,20,18,22,23,21,24,25,26,28,32,29,31,35,27,33,30,36,38,34,40,37,41,39,44,45,42,43,46,48,47,49,51,54,50,52,60,56,59,53,55,62,57,58,61,69,64,65,68,63,66,67,70,71],"msg_id":36,"type":"broadcast"}}
2025/06/29 18:41:05 Received {n1 n2 {"in_reply_to":36,"type":"broadcast_ok"}}
2025/06/29 18:41:05 Received {n1 n2 {"messages":[0,2,3,1,5,9,4,6,7,10,12,8,11,14,15,17,13,16,19,20,18,22,21,24,23,25,26,29,28,31,27,33,32,35,30,36,38,34,40,37,41,39,44,42,43,45,46,48,47,49,51,54,50,52,56,59,53,55,62,60,57,58,61,64,65,68,63,69,66,67,70,71,73,76,72,74,75],"msg_id":110,"type":"broadcast"}}
2025/06/29 18:41:05 Sent {"src":"n2","dest":"n1","body":{"in_reply_to":110,"type":"broadcast_ok"}}
2025/06/29 18:41:05 Received {c11 n2 {"type":"read","msg_id":25}}
2025/06/29 18:41:05 Sent {"src":"n2","dest":"c11","body":{"in_reply_to":25,"messages":[0,2,3,1,5,9,10,4,6,7,15,12,8,11,14,19,17,13,16,20,18,22,23,21,24,25,26,28,32,29,31,35,27,33,30,36,38,34,40,37,41,39,44,45,42,43,46,48,47,49,51,54,50,52,60,56,59,53,55,62,57,58,61,69,64,65,68,63,66,67,70,71,73,76,72,74,75],"type":"read_ok"}}
2025/06/29 18:41:06 Sent {"src":"n2","dest":"n1","body":{"messages":[0,2,3,1,5,9,10,4,6,7,15,12,8,11,14,19,17,13,16,20,18,22,23,21,24,25,26,28,32,29,31,35,27,33,30,36,38,34,40,37,41,39,44,45,42,43,46,48,47,49,51,54,50,52,60,56,59,53,55,62,57,58,61,69,64,65,68,63,66,67,70,71,73,76,72,74,75],"msg_id":37,"type":"broadcast"}}
2025/06/29 18:41:06 Received {n1 n2 {"in_reply_to":37,"type":"broadcast_ok"}}
2025/06/29 18:41:06 Received {n1 n2 {"messages":[0,2,3,1,5,9,4,6,7,10,12,8,11,14,15,17,13,16,19,20,18,22,21,24,23,25,26,29,28,31,27,33,32,35,30,36,38,34,40,37,41,39,44,42,43,45,46,48,47,49,51,54,50,52,56,59,53,55,62,60,57,58,61,64,65,68,63,69,66,67,70,71,73,76,72,74,75],"msg_id":114,"type":"broadcast"}}
2025/06/29 18:41:06 Sent {"src":"n2","dest":"n1","body":{"in_reply_to":114,"type":"broadcast_ok"}}
2025/06/29 18:41:06 Received {c11 n2 {"type":"broadcast","message":80,"msg_id":26}}
2025/06/29 18:41:06 Sent {"src":"n2","dest":"c11","body":{"in_reply_to":26,"type":"broadcast_ok"}}
2025/06/29 18:41:06 Sent {"src":"n2","dest":"n1","body":{"messages":[0,2,3,1,5,9,10,4,6,7,15,12,8,11,14,19,17,13,16,20,18,22,23,21,24,25,26,28,32,29,31,35,27,33,30,36,38,34,40,37,41,39,44,45,42,43,46,48,47,49,51,54,50,52,60,56,59,53,55,62,57,58,61,69,64,65,68,63,66,67,70,71,73,76,72,74,75,80],"msg_id":38,"type":"broadcast"}}
2025/06/29 18:41:06 Received {n1 n2 {"messages":[0,2,3,1,5,9,4,6,7,10,12,8,11,14,15,17,13,16,19,20,18,22,21,24,23,25,26,29,28,31,27,33,32,35,30,36,38,34,40,37,41,39,44,42,43,45,46,48,47,49,51,54,50,52,56,59,53,55,62,60,57,58,61,64,65,68,63,69,66,67,70,71,73,76,72,74,75,79],"msg_id":117,"type":"broadcast"}}
2025/06/29 18:41:06 Received {n1 n2 {"in_reply_to":38,"type":"broadcast_ok"}}
2025/06/29 18:41:06 Sent {"src":"n2","dest":"n1","body":{"in_reply_to":117,"type":"broadcast_ok"}}
2025/06/29 18:41:06 Received {c11 n2 {"type":"broadcast","message":83,"msg_id":27}}
2025/06/29 18:41:06 Sent {"src":"n2","dest":"c11","body":{"in_reply_to":27,"type":"broadcast_ok"}}
2025/06/29 18:41:06 Sent {"src":"n2","dest":"n1","body":{"messages":[0,2,3,1,5,9,10,4,6,7,15,12,8,11,14,19,17,13,16,20,18,22,23,21,24,25,26,28,32,29,31,35,27,33,30,36,38,34,40,37,41,39,44,45,42,43,46,48,47,49,51,54,50,52,60,56,59,53,55,62,57,58,61,69,64,65,68,63,66,67,70,71,73,76,72,74,75,80,79,83],"msg_id":39,"type":"broadcast"}}
2025/06/29 18:41:06 Received {n1 n2 {"messages":[0,2,3,1,5,9,4,6,7,10,12,8,11,14,15,17,13,16,19,20,18,22,21,24,23,25,26,29,28,31,27,33,32,35,30,36,38,34,40,37,41,39,44,42,43,45,46,48,47,49,51,54,50,52,56,59,53,55,62,60,57,58,61,64,65,68,63,69,66,67,70,71,73,76,72,74,75,79,80],"msg_id":118,"type":"broadcast"}}
2025/06/29 18:41:06 Sent {"src":"n2","dest":"n1","body":{"in_reply_to":118,"type":"broadcast_ok"}}
2025/06/29 18:41:06 Received {n1 n2 {"in_reply_to":39,"type":"broadcast_ok"}}
2025/06/29 18:41:07 Sent {"src":"n2","dest":"n1","body":{"messages":[0,2,3,1,5,9,10,4,6,7,15,12,8,11,14,19,17,13,16,20,18,22,23,21,24,25,26,28,32,29,31,35,27,33,30,36,38,34,40,37,41,39,44,45,42,43,46,48,47,49,51,54,50,52,60,56,59,53,55,62,57,58,61,69,64,65,68,63,66,67,70,71,73,76,72,74,75,80,79,83],"msg_id":40,"type":"broadcast"}}
2025/06/29 18:41:07 Received {n1 n2 {"in_reply_to":40,"type":"broadcast_ok"}}
2025/06/29 18:41:07 Received {n1 n2 {"messages":[0,2,3,1,5,9,4,6,7,10,12,8,11,14,15,17,13,16,19,20,18,22,21,24,23,25,26,29,28,31,27,33,32,35,30,36,38,34,40,37,41,39,44,42,43,45,46,48,47,49,51,54,50,52,56,59,53,55,62,60,57,58,61,64,65,68,63,69,66,67,70,71,73,76,72,74,75,79,80,83],"msg_id":123,"type":"broadcast"}}
2025/06/29 18:41:07 Sent {"src":"n2","dest":"n1","body":{"in_reply_to":123,"type":"broadcast_ok"}}
2025/06/29 18:41:07 Received {c11 n2 {"type":"broadcast","message":85,"msg_id":28}}
2025/06/29 18:41:07 Sent {"src":"n2","dest":"c11","body":{"in_reply_to":28,"type":"broadcast_ok"}}
2025/06/29 18:41:07 Sent {"src":"n2","dest":"n1","body":{"messages":[0,2,3,1,5,9,10,4,6,7,15,12,8,11,14,19,17,13,16,20,18,22,23,21,24,25,26,28,32,29,31,35,27,33,30,36,38,34,40,37,41,39,44,45,42,43,46,48,47,49,51,54,50,52,60,56,59,53,55,62,57,58,61,69,64,65,68,63,66,67,70,71,73,76,72,74,75,80,79,83,85],"msg_id":41,"type":"broadcast"}}
2025/06/29 18:41:07 Received {n1 n2 {"messages":[0,2,3,1,5,9,4,6,7,10,12,8,11,14,15,17,13,16,19,20,18,22,21,24,23,25,26,29,28,31,27,33,32,35,30,36,38,34,40,37,41,39,44,42,43,45,46,48,47,49,51,54,50,52,56,59,53,55,62,60,57,58,61,64,65,68,63,69,66,67,70,71,73,76,72,74,75,79,80,83],"msg_id":125,"type":"broadcast"}}
2025/06/29 18:41:07 Sent {"src":"n2","dest":"n1","body":{"in_reply_to":125,"type":"broadcast_ok"}}
2025/06/29 18:41:07 Received {n1 n2 {"in_reply_to":41,"type":"broadcast_ok"}}
2025/06/29 18:41:08 Sent {"src":"n2","dest":"n1","body":{"messages":[0,2,3,1,5,9,10,4,6,7,15,12,8,11,14,19,17,13,16,20,18,22,23,21,24,25,26,28,32,29,31,35,27,33,30,36,38,34,40,37,41,39,44,45,42,43,46,48,47,49,51,54,50,52,60,56,59,53,55,62,57,58,61,69,64,65,68,63,66,67,70,71,73,76,72,74,75,80,79,83,85],"msg_id":42,"type":"broadcast"}}
2025/06/29 18:41:08 Received {n1 n2 {"messages":[0,2,3,1,5,9,4,6,7,10,12,8,11,14,15,17,13,16,19,20,18,22,21,24,23,25,26,29,28,31,27,33,32,35,30,36,38,34,40,37,41,39,44,42,43,45,46,48,47,49,51,54,50,52,56,59,53,55,62,60,57,58,61,64,65,68,63,69,66,67,70,71,73,76,72,74,75,79,80,83,85],"msg_id":129,"type":"broadcast"}}
2025/06/29 18:41:08 Received {n1 n2 {"in_reply_to":42,"type":"broadcast_ok"}}
2025/06/29 18:41:08 Sent {"src":"n2","dest":"n1","body":{"in_reply_to":129,"type":"broadcast_ok"}}
2025/06/29 18:41:08 Received {c11 n2 {"type":"read","msg_id":29}}
2025/06/29 18:41:08 Sent {"src":"n2","dest":"c11","body":{"in_reply_to":29,"messages":[0,2,3,1,5,9,10,4,6,7,15,12,8,11,14,19,17,13,16,20,18,22,23,21,24,25,26,28,32,29,31,35,27,33,30,36,38,34,40,37,41,39,44,45,42,43,46,48,47,49,51,54,50,52,60,56,59,53,55,62,57,58,61,69,64,65,68,63,66,67,70,71,73,76,72,74,75,80,79,83,85],"type":"read_ok"}}
2025/06/29 18:41:08 Sent {"src":"n2","dest":"n1","body":{"messages":[0,2,3,1,5,9,10,4,6,7,15,12,8,11,14,19,17,13,16,20,18,22,23,21,24,25,26,28,32,29,31,35,27,33,30,36,38,34,40,37,41,39,44,45,42,43,46,48,47,49,51,54,50,52,60,56,59,53,55,62,57,58,61,69,64,65,68,63,66,67,70,71,73,76,72,74,75,80,79,83,85],"msg_id":43,"type":"broadcast"}}
2025/06/29 18:41:08 Received {n1 n2 {"messages":[0,2,3,1,5,9,4,6,7,10,12,8,11,14,15,17,13,16,19,20,18,22,21,24,23,25,26,29,28,31,27,33,32,35,30,36,38,34,40,37,41,39,44,42,43,45,46,48,47,49,51,54,50,52,56,59,53,55,62,60,57,58,61,64,65,68,63,69,66,67,70,71,73,76,72,74,75,79,80,83,85],"msg_id":132,"type":"broadcast"}}
2025/06/29 18:41:08 Received {n1 n2 {"in_reply_to":43,"type":"broadcast_ok"}}
2025/06/29 18:41:08 Sent {"src":"n2","dest":"n1","body":{"in_reply_to":132,"type":"broadcast_ok"}}
2025/06/29 18:41:08 Sent {"src":"n2","dest":"n1","body":{"messages":[0,2,3,1,5,9,10,4,6,7,15,12,8,11,14,19,17,13,16,20,18,22,23,21,24,25,26,28,32,29,31,35,27,33,30,36,38,34,40,37,41,39,44,45,42,43,46,48,47,49,51,54,50,52,60,56,59,53,55,62,57,58,61,69,64,65,68,63,66,67,70,71,73,76,72,74,75,80,79,83,85],"msg_id":44,"type":"broadcast"}}
2025/06/29 18:41:08 Received {n1 n2 {"messages":[0,2,3,1,5,9,4,6,7,10,12,8,11,14,15,17,13,16,19,20,18,22,21,24,23,25,26,29,28,31,27,33,32,35,30,36,38,34,40,37,41,39,44,42,43,45,46,48,47,49,51,54,50,52,56,59,53,55,62,60,57,58,61,64,65,68,63,69,66,67,70,71,73,76,72,74,75,79,80,83,85,91],"msg_id":135,"type":"broadcast"}}
2025/06/29 18:41:08 Received {n1 n2 {"in_reply_to":44,"type":"broadcast_ok"}}
2025/06/29 18:41:08 Sent {"src":"n2","dest":"n1","body":{"in_reply_to":135,"type":"broadcast_ok"}}
2025/06/29 18:41:08 Received {c11 n2 {"type":"read","msg_id":30}}
2025/06/29 18:41:08 Sent {"src":"n2","dest":"c11","body":{"in_reply_to":30,"messages":[0,2,3,1,5,9,10,4,6,7,15,12,8,11,14,19,17,13,16,20,18,22,23,21,24,25,26,28,32,29,31,35,27,33,30,36,38,34,40,37,41,39,44,45,42,43,46,48,47,49,51,54,50,52,60,56,59,53,55,62,57,58,61,69,64,65,68,63,66,67,70,71,73,76,72,74,75,80,79,83,85,91],"type":"read_ok"}}
2025/06/29 18:41:09 Sent {"src":"n2","dest":"n1","body":{"messages":[0,2,3,1,5,9,10,4,6,7,15,12,8,11,14,19,17,13,16,20,18,22,23,21,24,25,26,28,32,29,31,35,27,33,30,36,38,34,40,37,41,39,44,45,42,43,46,48,47,49,51,54,50,52,60,56,59,53,55,62,57,58,61,69,64,65,68,63,66,67,70,71,73,76,72,74,75,80,79,83,85,91],"msg_id":45,"type":"broadcast"}}
2025/06/29 18:41:09 Received {n1 n2 {"messages":[0,2,3,1,5,9,4,6,7,10,12,8,11,14,15,17,13,16,19,20,18,22,21,24,23,25,26,29,28,31,27,33,32,35,30,36,38,34,40,37,41,39,44,42,43,45,46,48,47,49,51,54,50,52,56,59,53,55,62,60,57,58,61,64,65,68,63,69,66,67,70,71,73,76,72,74,75,79,80,83,85,91],"msg_id":137,"type":"broadcast"}}
2025/06/29 18:41:09 Received {n1 n2 {"in_reply_to":45,"type":"broadcast_ok"}}
2025/06/29 18:41:09 Sent {"src":"n2","dest":"n1","body":{"in_reply_to":137,"type":"broadcast_ok"}}
2025/06/29 18:41:09 Received {c11 n2 {"type":"read","msg_id":31}}
2025/06/29 18:41:09 Sent {"src":"n2","dest":"c11","body":{"in_reply_to":31,"messages":[0,2,3,1,5,9,10,4,6,7,15,12,8,11,14,19,17,13,16,20,18,22,23,21,24,25,26,28,32,29,31,35,27,33,30,36,38,34,40,37,41,39,44,45,42,43,46,48,47,49,51,54,50,52,60,56,59,53,55,62,57,58,61,69,64,65,68,63,66,67,70,71,73,76,72,74,75,80,79,83,85,91],"type":"read_ok"}}
2025/06/29 18:41:09 Sent {"src":"n2","dest":"n1","body":{"messages":[0,2,3,1,5,9,10,4,6,7,15,12,8,11,14,19,17,13,16,20,18,22,23,21,24,25,26,28,32,29,31,35,27,33,30,36,38,34,40,37,41,39,44,45,42,43,46,48,47,49,51,54,50,52,60,56,59,53,55,62,57,58,61,69,64,65,68,63,66,67,70,71,73,76,72,74,75,80,79,83,85,91],"msg_id":46,"type":"broadcast"}}
2025/06/29 18:41:09 Received {n1 n2 {"messages":[0,2,3,1,5,9,4,6,7,10,12,8,11,14,15,17,13,16,19,20,18,22,21,24,23,25,26,29,28,31,27,33,32,35,30,36,38,34,40,37,41,39,44,42,43,45,46,48,47,49,51,54,50,52,56,59,53,55,62,60,57,58,61,64,65,68,63,69,66,67,70,71,73,76,72,74,75,79,80,83,85,91],"msg_id":139,"type":"broadcast"}}
2025/06/29 18:41:09 Received {n1 n2 {"in_reply_to":46,"type":"broadcast_ok"}}
2025/06/29 18:41:09 Sent {"src":"n2","dest":"n1","body":{"in_reply_to":139,"type":"broadcast_ok"}}
2025/06/29 18:41:10 Sent {"src":"n2","dest":"n1","body":{"messages":[0,2,3,1,5,9,10,4,6,7,15,12,8,11,14,19,17,13,16,20,18,22,23,21,24,25,26,28,32,29,31,35,27,33,30,36,38,34,40,37,41,39,44,45,42,43,46,48,47,49,51,54,50,52,60,56,59,53,55,62,57,58,61,69,64,65,68,63,66,67,70,71,73,76,72,74,75,80,79,83,85,91],"msg_id":47,"type":"broadcast"}}
2025/06/29 18:41:10 Received {n1 n2 {"messages":[0,2,3,1,5,9,4,6,7,10,12,8,11,14,15,17,13,16,19,20,18,22,21,24,23,25,26,29,28,31,27,33,32,35,30,36,38,34,40,37,41,39,44,42,43,45,46,48,47,49,51,54,50,52,56,59,53,55,62,60,57,58,61,64,65,68,63,69,66,67,70,71,73,76,72,74,75,79,80,83,85,91],"msg_id":142,"type":"broadcast"}}
2025/06/29 18:41:10 Sent {"src":"n2","dest":"n1","body":{"in_reply_to":142,"type":"broadcast_ok"}}
2025/06/29 18:41:10 Received {n1 n2 {"in_reply_to":47,"type":"broadcast_ok"}}
2025/06/29 18:41:10 Sent {"src":"n2","dest":"n1","body":{"messages":[0,2,3,1,5,9,10,4,6,7,15,12,8,11,14,19,17,13,16,20,18,22,23,21,24,25,26,28,32,29,31,35,27,33,30,36,38,34,40,37,41,39,44,45,42,43,46,48,47,49,51,54,50,52,60,56,59,53,55,62,57,58,61,69,64,65,68,63,66,67,70,71,73,76,72,74,75,80,79,83,85,91],"msg_id":48,"type":"broadcast"}}
2025/06/29 18:41:10 Received {n1 n2 {"messages":[0,2,3,1,5,9,4,6,7,10,12,8,11,14,15,17,13,16,19,20,18,22,21,24,23,25,26,29,28,31,27,33,32,35,30,36,38,34,40,37,41,39,44,42,43,45,46,48,47,49,51,54,50,52,56,59,53,55,62,60,57,58,61,64,65,68,63,69,66,67,70,71,73,76,72,74,75,79,80,83,85,91,78,82,84,87,88,89,90,94,77,86,93],"msg_id":146,"type":"broadcast"}}
2025/06/29 18:41:10 Sent {"src":"n2","dest":"n1","body":{"in_reply_to":146,"type":"broadcast_ok"}}
2025/06/29 18:41:10 Received {n1 n2 {"in_reply_to":48,"type":"broadcast_ok"}}
2025/06/29 18:41:10 Sent {"src":"n2","dest":"n1","body":{"messages":[0,2,3,1,5,9,10,4,6,7,15,12,8,11,14,19,17,13,16,20,18,22,23,21,24,25,26,28,32,29,31,35,27,33,30,36,38,34,40,37,41,39,44,45,42,43,46,48,47,49,51,54,50,52,60,56,59,53,55,62,57,58,61,69,64,65,68,63,66,67,70,71,73,76,72,74,75,80,79,83,85,91,78,82,84,87,88,89,90,94,77,86,93],"msg_id":49,"type":"broadcast"}}
2025/06/29 18:41:10 Received {n1 n2 {"messages":[0,2,3,1,5,9,4,6,7,10,12,8,11,14,15,17,13,16,19,20,18,22,21,24,23,25,26,29,28,31,27,33,32,35,30,36,38,34,40,37,41,39,44,42,43,45,46,48,47,49,51,54,50,52,56,59,53,55,62,60,57,58,61,64,65,68,63,69,66,67,70,71,73,76,72,74,75,79,80,83,85,91,78,82,84,87,88,89,90,94,77,86,93,81,92,95],"msg_id":149,"type":"broadcast"}}
2025/06/29 18:41:10 Sent {"src":"n2","dest":"n1","body":{"in_reply_to":149,"type":"broadcast_ok"}}
2025/06/29 18:41:10 Received {n1 n2 {"in_reply_to":49,"type":"broadcast_ok"}}
2025/06/29 18:41:11 Sent {"src":"n2","dest":"n1","body":{"messages":[0,2,3,1,5,9,10,4,6,7,15,12,8,11,14,19,17,13,16,20,18,22,23,21,24,25,26,28,32,29,31,35,27,33,30,36,38,34,40,37,41,39,44,45,42,43,46,48,47,49,51,54,50,52,60,56,59,53,55,62,57,58,61,69,64,65,68,63,66,67,70,71,73,76,72,74,75,80,79,83,85,91,78,82,84,87,88,89,90,94,77,86,93,81,92,95],"msg_id":50,"type":"broadcast"}}
2025/06/29 18:41:11 Received {n1 n2 {"messages":[0,2,3,1,5,9,4,6,7,10,12,8,11,14,15,17,13,16,19,20,18,22,21,24,23,25,26,29,28,31,27,33,32,35,30,36,38,34,40,37,41,39,44,42,43,45,46,48,47,49,51,54,50,52,56,59,53,55,62,60,57,58,61,64,65,68,63,69,66,67,70,71,73,76,72,74,75,79,80,83,85,91,78,82,84,87,88,89,90,94,77,86,93,81,92,95],"msg_id":153,"type":"broadcast"}}
2025/06/29 18:41:11 Sent {"src":"n2","dest":"n1","body":{"in_reply_to":153,"type":"broadcast_ok"}}
2025/06/29 18:41:11 Received {n1 n2 {"in_reply_to":50,"type":"broadcast_ok"}}
2025/06/29 18:41:11 Sent {"src":"n2","dest":"n1","body":{"messages":[0,2,3,1,5,9,10,4,6,7,15,12,8,11,14,19,17,13,16,20,18,22,23,21,24,25,26,28,32,29,31,35,27,33,30,36,38,34,40,37,41,39,44,45,42,43,46,48,47,49,51,54,50,52,60,56,59,53,55,62,57,58,61,69,64,65,68,63,66,67,70,71,73,76,72,74,75,80,79,83,85,91,78,82,84,87,88,89,90,94,77,86,93,81,92,95],"msg_id":51,"type":"broadcast"}}
2025/06/29 18:41:11 Received {n1 n2 {"messages":[0,2,3,1,5,9,4,6,7,10,12,8,11,14,15,17,13,16,19,20,18,22,21,24,23,25,26,29,28,31,27,33,32,35,30,36,38,34,40,37,41,39,44,42,43,45,46,48,47,49,51,54,50,52,56,59,53,55,62,60,57,58,61,64,65,68,63,69,66,67,70,71,73,76,72,74,75,79,80,83,85,91,78,82,84,87,88,89,90,94,77,86,93,81,92,95],"msg_id":154,"type":"broadcast"}}
2025/06/29 18:41:11 Sent {"src":"n2","dest":"n1","body":{"in_reply_to":154,"type":"broadcast_ok"}}
2025/06/29 18:41:11 Received {n1 n2 {"in_reply_to":51,"type":"broadcast_ok"}}
2025/06/29 18:41:12 Sent {"src":"n2","dest":"n1","body":{"messages":[0,2,3,1,5,9,10,4,6,7,15,12,8,11,14,19,17,13,16,20,18,22,23,21,24,25,26,28,32,29,31,35,27,33,30,36,38,34,40,37,41,39,44,45,42,43,46,48,47,49,51,54,50,52,60,56,59,53,55,62,57,58,61,69,64,65,68,63,66,67,70,71,73,76,72,74,75,80,79,83,85,91,78,82,84,87,88,89,90,94,77,86,93,81,92,95],"msg_id":52,"type":"broadcast"}}
2025/06/29 18:41:12 Received {n1 n2 {"messages":[0,2,3,1,5,9,4,6,7,10,12,8,11,14,15,17,13,16,19,20,18,22,21,24,23,25,26,29,28,31,27,33,32,35,30,36,38,34,40,37,41,39,44,42,43,45,46,48,47,49,51,54,50,52,56,59,53,55,62,60,57,58,61,64,65,68,63,69,66,67,70,71,73,76,72,74,75,79,80,83,85,91,78,82,84,87,88,89,90,94,77,86,93,81,92,95],"msg_id":159,"type":"broadcast"}}
2025/06/29 18:41:12 Sent {"src":"n2","dest":"n1","body":{"in_reply_to":159,"type":"broadcast_ok"}}
2025/06/29 18:41:12 Received {n1 n2 {"in_reply_to":52,"type":"broadcast_ok"}}
2025/06/29 18:41:12 Sent {"src":"n2","dest":"n1","body":{"messages":[0,2,3,1,5,9,10,4,6,7,15,12,8,11,14,19,17,13,16,20,18,22,23,21,24,25,26,28,32,29,31,35,27,33,30,36,38,34,40,37,41,39,44,45,42,43,46,48,47,49,51,54,50,52,60,56,59,53,55,62,57,58,61,69,64,65,68,63,66,67,70,71,73,76,72,74,75,80,79,83,85,91,78,82,84,87,88,89,90,94,77,86,93,81,92,95],"msg_id":53,"type":"broadcast"}}
2025/06/29 18:41:12 Received {n1 n2 {"messages":[0,2,3,1,5,9,4,6,7,10,12,8,11,14,15,17,13,16,19,20,18,22,21,24,23,25,26,29,28,31,27,33,32,35,30,36,38,34,40,37,41,39,44,42,43,45,46,48,47,49,51,54,50,52,56,59,53,55,62,60,57,58,61,64,65,68,63,69,66,67,70,71,73,76,72,74,75,79,80,83,85,91,78,82,84,87,88,89,90,94,77,86,93,81,92,95],"msg_id":161,"type":"broadcast"}}
2025/06/29 18:41:12 Sent {"src":"n2","dest":"n1","body":{"in_reply_to":161,"type":"broadcast_ok"}}
2025/06/29 18:41:12 Received {n1 n2 {"in_reply_to":53,"type":"broadcast_ok"}}
2025/06/29 18:41:12 Sent {"src":"n2","dest":"n1","body":{"messages":[0,2,3,1,5,9,10,4,6,7,15,12,8,11,14,19,17,13,16,20,18,22,23,21,24,25,26,28,32,29,31,35,27,33,30,36,38,34,40,37,41,39,44,45,42,43,46,48,47,49,51,54,50,52,60,56,59,53,55,62,57,58,61,69,64,65,68,63,66,67,70,71,73,76,72,74,75,80,79,83,85,91,78,82,84,87,88,89,90,94,77,86,93,81,92,95],"msg_id":54,"type":"broadcast"}}
2025/06/29 18:41:12 Received {n1 n2 {"messages":[0,2,3,1,5,9,4,6,7,10,12,8,11,14,15,17,13,16,19,20,18,22,21,24,23,25,26,29,28,31,27,33,32,35,30,36,38,34,40,37,41,39,44,42,43,45,46,48,47,49,51,54,50,52,56,59,53,55,62,60,57,58,61,64,65,68,63,69,66,67,70,71,73,76,72,74,75,79,80,83,85,91,78,82,84,87,88,89,90,94,77,86,93,81,92,95],"msg_id":165,"type":"broadcast"}}
2025/06/29 18:41:12 Sent {"src":"n2","dest":"n1","body":{"in_reply_to":165,"type":"broadcast_ok"}}
2025/06/29 18:41:12 Received {n1 n2 {"in_reply_to":54,"type":"broadcast_ok"}}
2025/06/29 18:41:13 Received {n1 n2 {"messages":[0,2,3,1,5,9,4,6,7,10,12,8,11,14,15,17,13,16,19,20,18,22,21,24,23,25,26,29,28,31,27,33,32,35,30,36,38,34,40,37,41,39,44,42,43,45,46,48,47,49,51,54,50,52,56,59,53,55,62,60,57,58,61,64,65,68,63,69,66,67,70,71,73,76,72,74,75,79,80,83,85,91,78,82,84,87,88,89,90,94,77,86,93,81,92,95],"msg_id":168,"type":"broadcast"}}
2025/06/29 18:41:13 Sent {"src":"n2","dest":"n1","body":{"messages":[0,2,3,1,5,9,10,4,6,7,15,12,8,11,14,19,17,13,16,20,18,22,23,21,24,25,26,28,32,29,31,35,27,33,30,36,38,34,40,37,41,39,44,45,42,43,46,48,47,49,51,54,50,52,60,56,59,53,55,62,57,58,61,69,64,65,68,63,66,67,70,71,73,76,72,74,75,80,79,83,85,91,78,82,84,87,88,89,90,94,77,86,93,81,92,95],"msg_id":55,"type":"broadcast"}}
2025/06/29 18:41:13 Sent {"src":"n2","dest":"n1","body":{"in_reply_to":168,"type":"broadcast_ok"}}
2025/06/29 18:41:13 Received {n1 n2 {"in_reply_to":55,"type":"broadcast_ok"}}
2025/06/29 18:41:13 Sent {"src":"n2","dest":"n1","body":{"messages":[0,2,3,1,5,9,10,4,6,7,15,12,8,11,14,19,17,13,16,20,18,22,23,21,24,25,26,28,32,29,31,35,27,33,30,36,38,34,40,37,41,39,44,45,42,43,46,48,47,49,51,54,50,52,60,56,59,53,55,62,57,58,61,69,64,65,68,63,66,67,70,71,73,76,72,74,75,80,79,83,85,91,78,82,84,87,88,89,90,94,77,86,93,81,92,95],"msg_id":56,"type":"broadcast"}}
2025/06/29 18:41:13 Received {n1 n2 {"messages":[0,2,3,1,5,9,4,6,7,10,12,8,11,14,15,17,13,16,19,20,18,22,21,24,23,25,26,29,28,31,27,33,32,35,30,36,38,34,40,37,41,39,44,42,43,45,46,48,47,49,51,54,50,52,56,59,53,55,62,60,57,58,61,64,65,68,63,69,66,67,70,71,73,76,72,74,75,79,80,83,85,91,78,82,84,87,88,89,90,94,77,86,93,81,92,95],"msg_id":171,"type":"broadcast"}}
2025/06/29 18:41:13 Sent {"src":"n2","dest":"n1","body":{"in_reply_to":171,"type":"broadcast_ok"}}
2025/06/29 18:41:13 Received {n1 n2 {"in_reply_to":56,"type":"broadcast_ok"}}
2025/06/29 18:41:14 Sent {"src":"n2","dest":"n1","body":{"messages":[0,2,3,1,5,9,10,4,6,7,15,12,8,11,14,19,17,13,16,20,18,22,23,21,24,25,26,28,32,29,31,35,27,33,30,36,38,34,40,37,41,39,44,45,42,43,46,48,47,49,51,54,50,52,60,56,59,53,55,62,57,58,61,69,64,65,68,63,66,67,70,71,73,76,72,74,75,80,79,83,85,91,78,82,84,87,88,89,90,94,77,86,93,81,92,95],"msg_id":57,"type":"broadcast"}}
2025/06/29 18:41:14 Received {n1 n2 {"messages":[0,2,3,1,5,9,4,6,7,10,12,8,11,14,15,17,13,16,19,20,18,22,21,24,23,25,26,29,28,31,27,33,32,35,30,36,38,34,40,37,41,39,44,42,43,45,46,48,47,49,51,54,50,52,56,59,53,55,62,60,57,58,61,64,65,68,63,69,66,67,70,71,73,76,72,74,75,79,80,83,85,91,78,82,84,87,88,89,90,94,77,86,93,81,92,95],"msg_id":174,"type":"broadcast"}}
2025/06/29 18:41:14 Sent {"src":"n2","dest":"n1","body":{"in_reply_to":174,"type":"broadcast_ok"}}
2025/06/29 18:41:14 Received {n1 n2 {"in_reply_to":57,"type":"broadcast_ok"}}
2025/06/29 18:41:14 Sent {"src":"n2","dest":"n1","body":{"messages":[0,2,3,1,5,9,10,4,6,7,15,12,8,11,14,19,17,13,16,20,18,22,23,21,24,25,26,28,32,29,31,35,27,33,30,36,38,34,40,37,41,39,44,45,42,43,46,48,47,49,51,54,50,52,60,56,59,53,55,62,57,58,61,69,64,65,68,63,66,67,70,71,73,76,72,74,75,80,79,83,85,91,78,82,84,87,88,89,90,94,77,86,93,81,92,95],"msg_id":58,"type":"broadcast"}}
2025/06/29 18:41:14 Received {n1 n2 {"messages":[0,2,3,1,5,9,4,6,7,10,12,8,11,14,15,17,13,16,19,20,18,22,21,24,23,25,26,29,28,31,27,33,32,35,30,36,38,34,40,37,41,39,44,42,43,45,46,48,47,49,51,54,50,52,56,59,53,55,62,60,57,58,61,64,65,68,63,69,66,67,70,71,73,76,72,74,75,79,80,83,85,91,78,82,84,87,88,89,90,94,77,86,93,81,92,95],"msg_id":177,"type":"broadcast"}}
2025/06/29 18:41:14 Sent {"src":"n2","dest":"n1","body":{"in_reply_to":177,"type":"broadcast_ok"}}
2025/06/29 18:41:14 Received {n1 n2 {"in_reply_to":58,"type":"broadcast_ok"}}
2025/06/29 18:41:14 Sent {"src":"n2","dest":"n1","body":{"messages":[0,2,3,1,5,9,10,4,6,7,15,12,8,11,14,19,17,13,16,20,18,22,23,21,24,25,26,28,32,29,31,35,27,33,30,36,38,34,40,37,41,39,44,45,42,43,46,48,47,49,51,54,50,52,60,56,59,53,55,62,57,58,61,69,64,65,68,63,66,67,70,71,73,76,72,74,75,80,79,83,85,91,78,82,84,87,88,89,90,94,77,86,93,81,92,95],"msg_id":59,"type":"broadcast"}}
2025/06/29 18:41:14 Received {n1 n2 {"messages":[0,2,3,1,5,9,4,6,7,10,12,8,11,14,15,17,13,16,19,20,18,22,21,24,23,25,26,29,28,31,27,33,32,35,30,36,38,34,40,37,41,39,44,42,43,45,46,48,47,49,51,54,50,52,56,59,53,55,62,60,57,58,61,64,65,68,63,69,66,67,70,71,73,76,72,74,75,79,80,83,85,91,78,82,84,87,88,89,90,94,77,86,93,81,92,95],"msg_id":178,"type":"broadcast"}}
2025/06/29 18:41:14 Sent {"src":"n2","dest":"n1","body":{"in_reply_to":178,"type":"broadcast_ok"}}
2025/06/29 18:41:14 Received {n1 n2 {"in_reply_to":59,"type":"broadcast_ok"}}
2025/06/29 18:41:15 Sent {"src":"n2","dest":"n1","body":{"messages":[0,2,3,1,5,9,10,4,6,7,15,12,8,11,14,19,17,13,16,20,18,22,23,21,24,25,26,28,32,29,31,35,27,33,30,36,38,34,40,37,41,39,44,45,42,43,46,48,47,49,51,54,50,52,60,56,59,53,55,62,57,58,61,69,64,65,68,63,66,67,70,71,73,76,72,74,75,80,79,83,85,91,78,82,84,87,88,89,90,94,77,86,93,81,92,95],"msg_id":60,"type":"broadcast"}}
2025/06/29 18:41:15 Received {n1 n2 {"messages":[0,2,3,1,5,9,4,6,7,10,12,8,11,14,15,17,13,16,19,20,18,22,21,24,23,25,26,29,28,31,27,33,32,35,30,36,38,34,40,37,41,39,44,42,43,45,46,48,47,49,51,54,50,52,56,59,53,55,62,60,57,58,61,64,65,68,63,69,66,67,70,71,73,76,72,74,75,79,80,83,85,91,78,82,84,87,88,89,90,94,77,86,93,81,92,95],"msg_id":182,"type":"broadcast"}}
2025/06/29 18:41:15 Sent {"src":"n2","dest":"n1","body":{"in_reply_to":182,"type":"broadcast_ok"}}
2025/06/29 18:41:15 Received {n1 n2 {"in_reply_to":60,"type":"broadcast_ok"}}
2025/06/29 18:41:15 Sent {"src":"n2","dest":"n1","body":{"messages":[0,2,3,1,5,9,10,4,6,7,15,12,8,11,14,19,17,13,16,20,18,22,23,21,24,25,26,28,32,29,31,35,27,33,30,36,38,34,40,37,41,39,44,45,42,43,46,48,47,49,51,54,50,52,60,56,59,53,55,62,57,58,61,69,64,65,68,63,66,67,70,71,73,76,72,74,75,80,79,83,85,91,78,82,84,87,88,89,90,94,77,86,93,81,92,95],"msg_id":61,"type":"broadcast"}}
2025/06/29 18:41:15 Received {n1 n2 {"messages":[0,2,3,1,5,9,4,6,7,10,12,8,11,14,15,17,13,16,19,20,18,22,21,24,23,25,26,29,28,31,27,33,32,35,30,36,38,34,40,37,41,39,44,42,43,45,46,48,47,49,51,54,50,52,56,59,53,55,62,60,57,58,61,64,65,68,63,69,66,67,70,71,73,76,72,74,75,79,80,83,85,91,78,82,84,87,88,89,90,94,77,86,93,81,92,95],"msg_id":184,"type":"broadcast"}}
2025/06/29 18:41:15 Sent {"src":"n2","dest":"n1","body":{"in_reply_to":184,"type":"broadcast_ok"}}
2025/06/29 18:41:15 Received {n1 n2 {"in_reply_to":61,"type":"broadcast_ok"}}
2025/06/29 18:41:16 Sent {"src":"n2","dest":"n1","body":{"messages":[0,2,3,1,5,9,10,4,6,7,15,12,8,11,14,19,17,13,16,20,18,22,23,21,24,25,26,28,32,29,31,35,27,33,30,36,38,34,40,37,41,39,44,45,42,43,46,48,47,49,51,54,50,52,60,56,59,53,55,62,57,58,61,69,64,65,68,63,66,67,70,71,73,76,72,74,75,80,79,83,85,91,78,82,84,87,88,89,90,94,77,86,93,81,92,95],"msg_id":62,"type":"broadcast"}}
2025/06/29 18:41:16 Received {n1 n2 {"messages":[0,2,3,1,5,9,4,6,7,10,12,8,11,14,15,17,13,16,19,20,18,22,21,24,23,25,26,29,28,31,27,33,32,35,30,36,38,34,40,37,41,39,44,42,43,45,46,48,47,49,51,54,50,52,56,59,53,55,62,60,57,58,61,64,65,68,63,69,66,67,70,71,73,76,72,74,75,79,80,83,85,91,78,82,84,87,88,89,90,94,77,86,93,81,92,95],"msg_id":189,"type":"broadcast"}}
2025/06/29 18:41:16 Sent {"src":"n2","dest":"n1","body":{"in_reply_to":189,"type":"broadcast_ok"}}
2025/06/29 18:41:16 Received {n1 n2 {"in_reply_to":62,"type":"broadcast_ok"}}
2025/06/29 18:41:16 Sent {"src":"n2","dest":"n1","body":{"messages":[0,2,3,1,5,9,10,4,6,7,15,12,8,11,14,19,17,13,16,20,18,22,23,21,24,25,26,28,32,29,31,35,27,33,30,36,38,34,40,37,41,39,44,45,42,43,46,48,47,49,51,54,50,52,60,56,59,53,55,62,57,58,61,69,64,65,68,63,66,67,70,71,73,76,72,74,75,80,79,83,85,91,78,82,84,87,88,89,90,94,77,86,93,81,92,95],"msg_id":63,"type":"broadcast"}}
2025/06/29 18:41:16 Received {n1 n2 {"messages":[0,2,3,1,5,9,4,6,7,10,12,8,11,14,15,17,13,16,19,20,18,22,21,24,23,25,26,29,28,31,27,33,32,35,30,36,38,34,40,37,41,39,44,42,43,45,46,48,47,49,51,54,50,52,56,59,53,55,62,60,57,58,61,64,65,68,63,69,66,67,70,71,73,76,72,74,75,79,80,83,85,91,78,82,84,87,88,89,90,94,77,86,93,81,92,95],"msg_id":190,"type":"broadcast"}}
2025/06/29 18:41:16 Sent {"src":"n2","dest":"n1","body":{"in_reply_to":190,"type":"broadcast_ok"}}
2025/06/29 18:41:16 Received {n1 n2 {"in_reply_to":63,"type":"broadcast_ok"}}
2025/06/29 18:41:16 Received {n1 n2 {"messages":[0,2,3,1,5,9,4,6,7,10,12,8,11,14,15,17,13,16,19,20,18,22,21,24,23,25,26,29,28,31,27,33,32,35,30,36,38,34,40,37,41,39,44,42,43,45,46,48,47,49,51,54,50,52,56,59,53,55,62,60,57,58,61,64,65,68,63,69,66,67,70,71,73,76,72,74,75,79,80,83,85,91,78,82,84,87,88,89,90,94,77,86,93,81,92,95],"msg_id":195,"type":"broadcast"}}
2025/06/29 18:41:16 Sent {"src":"n2","dest":"n1","body":{"messages":[0,2,3,1,5,9,10,4,6,7,15,12,8,11,14,19,17,13,16,20,18,22,23,21,24,25,26,28,32,29,31,35,27,33,30,36,38,34,40,37,41,39,44,45,42,43,46,48,47,49,51,54,50,52,60,56,59,53,55,62,57,58,61,69,64,65,68,63,66,67,70,71,73,76,72,74,75,80,79,83,85,91,78,82,84,87,88,89,90,94,77,86,93,81,92,95],"msg_id":64,"type":"broadcast"}}
2025/06/29 18:41:16 Sent {"src":"n2","dest":"n1","body":{"in_reply_to":195,"type":"broadcast_ok"}}
2025/06/29 18:41:16 Received {n1 n2 {"in_reply_to":64,"type":"broadcast_ok"}}
2025/06/29 18:41:17 Sent {"src":"n2","dest":"n1","body":{"messages":[0,2,3,1,5,9,10,4,6,7,15,12,8,11,14,19,17,13,16,20,18,22,23,21,24,25,26,28,32,29,31,35,27,33,30,36,38,34,40,37,41,39,44,45,42,43,46,48,47,49,51,54,50,52,60,56,59,53,55,62,57,58,61,69,64,65,68,63,66,67,70,71,73,76,72,74,75,80,79,83,85,91,78,82,84,87,88,89,90,94,77,86,93,81,92,95],"msg_id":65,"type":"broadcast"}}
2025/06/29 18:41:17 Received {n1 n2 {"messages":[0,2,3,1,5,9,4,6,7,10,12,8,11,14,15,17,13,16,19,20,18,22,21,24,23,25,26,29,28,31,27,33,32,35,30,36,38,34,40,37,41,39,44,42,43,45,46,48,47,49,51,54,50,52,56,59,53,55,62,60,57,58,61,64,65,68,63,69,66,67,70,71,73,76,72,74,75,79,80,83,85,91,78,82,84,87,88,89,90,94,77,86,93,81,92,95],"msg_id":197,"type":"broadcast"}}
2025/06/29 18:41:17 Sent {"src":"n2","dest":"n1","body":{"in_reply_to":197,"type":"broadcast_ok"}}
2025/06/29 18:41:17 Received {n1 n2 {"in_reply_to":65,"type":"broadcast_ok"}}
2025/06/29 18:41:17 Received {n1 n2 {"messages":[0,2,3,1,5,9,4,6,7,10,12,8,11,14,15,17,13,16,19,20,18,22,21,24,23,25,26,29,28,31,27,33,32,35,30,36,38,34,40,37,41,39,44,42,43,45,46,48,47,49,51,54,50,52,56,59,53,55,62,60,57,58,61,64,65,68,63,69,66,67,70,71,73,76,72,74,75,79,80,83,85,91,78,82,84,87,88,89,90,94,77,86,93,81,92,95],"msg_id":200,"type":"broadcast"}}
2025/06/29 18:41:17 Sent {"src":"n2","dest":"n1","body":{"in_reply_to":200,"type":"broadcast_ok"}}
2025/06/29 18:41:17 Sent {"src":"n2","dest":"n1","body":{"messages":[0,2,3,1,5,9,10,4,6,7,15,12,8,11,14,19,17,13,16,20,18,22,23,21,24,25,26,28,32,29,31,35,27,33,30,36,38,34,40,37,41,39,44,45,42,43,46,48,47,49,51,54,50,52,60,56,59,53,55,62,57,58,61,69,64,65,68,63,66,67,70,71,73,76,72,74,75,80,79,83,85,91,78,82,84,87,88,89,90,94,77,86,93,81,92,95],"msg_id":66,"type":"broadcast"}}
2025/06/29 18:41:17 Received {n1 n2 {"in_reply_to":66,"type":"broadcast_ok"}}
2025/06/29 18:41:18 Received {n1 n2 {"messages":[0,2,3,1,5,9,4,6,7,10,12,8,11,14,15,17,13,16,19,20,18,22,21,24,23,25,26,29,28,31,27,33,32,35,30,36,38,34,40,37,41,39,44,42,43,45,46,48,47,49,51,54,50,52,56,59,53,55,62,60,57,58,61,64,65,68,63,69,66,67,70,71,73,76,72,74,75,79,80,83,85,91,78,82,84,87,88,89,90,94,77,86,93,81,92,95],"msg_id":204,"type":"broadcast"}}
2025/06/29 18:41:18 Sent {"src":"n2","dest":"n1","body":{"in_reply_to":204,"type":"broadcast_ok"}}
2025/06/29 18:41:18 Sent {"src":"n2","dest":"n1","body":{"messages":[0,2,3,1,5,9,10,4,6,7,15,12,8,11,14,19,17,13,16,20,18,22,23,21,24,25,26,28,32,29,31,35,27,33,30,36,38,34,40,37,41,39,44,45,42,43,46,48,47,49,51,54,50,52,60,56,59,53,55,62,57,58,61,69,64,65,68,63,66,67,70,71,73,76,72,74,75,80,79,83,85,91,78,82,84,87,88,89,90,94,77,86,93,81,92,95],"msg_id":67,"type":"broadcast"}}
2025/06/29 18:41:18 Received {n1 n2 {"in_reply_to":67,"type":"broadcast_ok"}}
2025/06/29 18:41:18 Received {n1 n2 {"messages":[0,2,3,1,5,9,4,6,7,10,12,8,11,14,15,17,13,16,19,20,18,22,21,24,23,25,26,29,28,31,27,33,32,35,30,36,38,34,40,37,41,39,44,42,43,45,46,48,47,49,51,54,50,52,56,59,53,55,62,60,57,58,61,64,65,68,63,69,66,67,70,71,73,76,72,74,75,79,80,83,85,91,78,82,84,87,88,89,90,94,77,86,93,81,92,95],"msg_id":207,"type":"broadcast"}}
2025/06/29 18:41:18 Sent {"src":"n2","dest":"n1","body":{"messages":[0,2,3,1,5,9,10,4,6,7,15,12,8,11,14,19,17,13,16,20,18,22,23,21,24,25,26,28,32,29,31,35,27,33,30,36,38,34,40,37,41,39,44,45,42,43,46,48,47,49,51,54,50,52,60,56,59,53,55,62,57,58,61,69,64,65,68,63,66,67,70,71,73,76,72,74,75,80,79,83,85,91,78,82,84,87,88,89,90,94,77,86,93,81,92,95],"msg_id":68,"type":"broadcast"}}
2025/06/29 18:41:18 Sent {"src":"n2","dest":"n1","body":{"in_reply_to":207,"type":"broadcast_ok"}}
2025/06/29 18:41:18 Received {n1 n2 {"in_reply_to":68,"type":"broadcast_ok"}}
2025/06/29 18:41:18 Sent {"src":"n2","dest":"n1","body":{"messages":[0,2,3,1,5,9,10,4,6,7,15,12,8,11,14,19,17,13,16,20,18,22,23,21,24,25,26,28,32,29,31,35,27,33,30,36,38,34,40,37,41,39,44,45,42,43,46,48,47,49,51,54,50,52,60,56,59,53,55,62,57,58,61,69,64,65,68,63,66,67,70,71,73,76,72,74,75,80,79,83,85,91,78,82,84,87,88,89,90,94,77,86,93,81,92,95],"msg_id":69,"type":"broadcast"}}
2025/06/29 18:41:18 Received {n1 n2 {"messages":[0,2,3,1,5,9,4,6,7,10,12,8,11,14,15,17,13,16,19,20,18,22,21,24,23,25,26,29,28,31,27,33,32,35,30,36,38,34,40,37,41,39,44,42,43,45,46,48,47,49,51,54,50,52,56,59,53,55,62,60,57,58,61,64,65,68,63,69,66,67,70,71,73,76,72,74,75,79,80,83,85,91,78,82,84,87,88,89,90,94,77,86,93,81,92,95],"msg_id":209,"type":"broadcast"}}
2025/06/29 18:41:18 Sent {"src":"n2","dest":"n1","body":{"in_reply_to":209,"type":"broadcast_ok"}}
2025/06/29 18:41:18 Received {n1 n2 {"in_reply_to":69,"type":"broadcast_ok"}}
2025/06/29 18:41:19 Received {n1 n2 {"messages":[0,2,3,1,5,9,4,6,7,10,12,8,11,14,15,17,13,16,19,20,18,22,21,24,23,25,26,29,28,31,27,33,32,35,30,36,38,34,40,37,41,39,44,42,43,45,46,48,47,49,51,54,50,52,56,59,53,55,62,60,57,58,61,64,65,68,63,69,66,67,70,71,73,76,72,74,75,79,80,83,85,91,78,82,84,87,88,89,90,94,77,86,93,81,92,95],"msg_id":213,"type":"broadcast"}}
2025/06/29 18:41:19 Sent {"src":"n2","dest":"n1","body":{"messages":[0,2,3,1,5,9,10,4,6,7,15,12,8,11,14,19,17,13,16,20,18,22,23,21,24,25,26,28,32,29,31,35,27,33,30,36,38,34,40,37,41,39,44,45,42,43,46,48,47,49,51,54,50,52,60,56,59,53,55,62,57,58,61,69,64,65,68,63,66,67,70,71,73,76,72,74,75,80,79,83,85,91,78,82,84,87,88,89,90,94,77,86,93,81,92,95],"msg_id":70,"type":"broadcast"}}
2025/06/29 18:41:19 Sent {"src":"n2","dest":"n1","body":{"in_reply_to":213,"type":"broadcast_ok"}}
2025/06/29 18:41:19 Received {n1 n2 {"in_reply_to":70,"type":"broadcast_ok"}}
2025/06/29 18:41:19 Received {n1 n2 {"messages":[0,2,3,1,5,9,4,6,7,10,12,8,11,14,15,17,13,16,19,20,18,22,21,24,23,25,26,29,28,31,27,33,32,35,30,36,38,34,40,37,41,39,44,42,43,45,46,48,47,49,51,54,50,52,56,59,53,55,62,60,57,58,61,64,65,68,63,69,66,67,70,71,73,76,72,74,75,79,80,83,85,91,78,82,84,87,88,89,90,94,77,86,93,81,92,95],"msg_id":215,"type":"broadcast"}}
2025/06/29 18:41:19 Sent {"src":"n2","dest":"n1","body":{"messages":[0,2,3,1,5,9,10,4,6,7,15,12,8,11,14,19,17,13,16,20,18,22,23,21,24,25,26,28,32,29,31,35,27,33,30,36,38,34,40,37,41,39,44,45,42,43,46,48,47,49,51,54,50,52,60,56,59,53,55,62,57,58,61,69,64,65,68,63,66,67,70,71,73,76,72,74,75,80,79,83,85,91,78,82,84,87,88,89,90,94,77,86,93,81,92,95],"msg_id":71,"type":"broadcast"}}
2025/06/29 18:41:19 Sent {"src":"n2","dest":"n1","body":{"in_reply_to":215,"type":"broadcast_ok"}}
2025/06/29 18:41:19 Received {n1 n2 {"in_reply_to":71,"type":"broadcast_ok"}}
2025/06/29 18:41:20 Received {c11 n2 {"type":"read","msg_id":32}}
2025/06/29 18:41:20 Sent {"src":"n2","dest":"c11","body":{"in_reply_to":32,"messages":[0,2,3,1,5,9,10,4,6,7,15,12,8,11,14,19,17,13,16,20,18,22,23,21,24,25,26,28,32,29,31,35,27,33,30,36,38,34,40,37,41,39,44,45,42,43,46,48,47,49,51,54,50,52,60,56,59,53,55,62,57,58,61,69,64,65,68,63,66,67,70,71,73,76,72,74,75,80,79,83,85,91,78,82,84,87,88,89,90,94,77,86,93,81,92,95],"type":"read_ok"}}
