2025-07-16 22:08:12,426{GMT}	INFO	[jepsen test runner] jepsen.core: Command line:
lein run test -w kafka --bin /Users/anandtrehan/go/bin/maelstrom-kafka --node-count 1 --concurrency 2n --time-limit 20 --rate 1000
2025-07-16 22:08:12,530{GMT}	INFO	[jepsen test runner] jepsen.core: Running test:
{:args []
 :remote
 #jepsen.control.retry.Remote{:remote #jepsen.control.scp.Remote{:cmd-remote #jepsen.control.sshj.SSHJRemote{:concurrency-limit 6,
                                                                                                             :conn-spec nil,
                                                                                                             :client nil,
                                                                                                             :semaphore nil},
                                                                 :conn-spec nil},
                              :conn nil}
 :log-net-send false
 :node-count 1
 :availability nil
 :max-txn-length 4
 :concurrency 2
 :db
 #object[maelstrom.db$db$reify__16142
         "0x7c2b858d"
         "maelstrom.db$db$reify__16142@7c2b858d"]
 :max-writes-per-key 16
 :leave-db-running? false
 :sub-via #{:assign}
 :name "kafka"
 :logging-json? false
 :start-time
 #object[org.joda.time.DateTime "0x1990afa2" "2025-07-16T22:08:12.379-04:00"]
 :nemesis-interval 10
 :net
 #object[maelstrom.net$jepsen_net$reify__15251
         "0x57be28d1"
         "maelstrom.net$jepsen_net$reify__15251@57be28d1"]
 :client
 #maelstrom.workload.kafka.Client{:net #object[clojure.lang.Atom
                                               "0x207bf6d8"
                                               {:status :ready,
                                                :val {:p-loss 0,
                                                      :latency-dist #maelstrom.net.ConstantDistribution{:x 0},
                                                      :journal nil,
                                                      :log-recv? false,
                                                      :partitions {},
                                                      :log-send? false,
                                                      :next-client-id -1,
                                                      :next-message-id #object[clojure.lang.Atom
                                                                               "0x5cdb7b"
                                                                               {:status :ready,
                                                                                :val -1}],
                                                      :queues {}}}],
                                  :conn nil,
                                  :node nil,
                                  :offsets nil}
 :barrier
 #object[java.util.concurrent.CyclicBarrier
         "0x3dcc59f5"
         "java.util.concurrent.CyclicBarrier@3dcc59f5"]
 :log-stderr false
 :pure-generators true
 :ssh {:dummy? true}
 :rate 1000.0
 :txn? false
 :checker
 #object[jepsen.checker$compose$reify__11881
         "0x16b1dee7"
         "jepsen.checker$compose$reify__11881@16b1dee7"]
 :argv
 ("test"
  "-w"
  "kafka"
  "--bin"
  "/Users/anandtrehan/go/bin/maelstrom-kafka"
  "--node-count"
  "1"
  "--concurrency"
  "2n"
  "--time-limit"
  "20"
  "--rate"
  "1000")
 :nemesis
 (jepsen.nemesis.ReflCompose
  {:fm {:start-partition 0,
        :stop-partition 0,
        :kill 1,
        :start 1,
        :pause 1,
        :resume 1},
   :nemeses [#unprintable "jepsen.nemesis.combined$partition_nemesis$reify__16416@690337df"
             #unprintable "jepsen.nemesis.combined$db_nemesis$reify__16397@f62ae87"]})
 :nodes ["n0"]
 :test-count 1
 :crash-clients? true
 :latency {:mean 0, :dist :constant}
 :bin "/Users/anandtrehan/go/bin/maelstrom-kafka"
 :generator
 ((jepsen.generator.Synchronize
   {:gen (jepsen.generator.TimeLimit
          {:limit 20000000000,
           :cutoff nil,
           :gen (jepsen.generator.Any
                 {:gens [(jepsen.generator.OnThreads
                          {:f #{:nemesis},
                           :context-filter #object[jepsen.generator.context$make_thread_filter$lazy_filter__9167
                                                   "0x1928930"
                                                   "jepsen.generator.context$make_thread_filter$lazy_filter__9167@1928930"],
                           :gen nil})
                         (jepsen.generator.OnThreads
                          {:f #jepsen.generator.context.AllBut{:element :nemesis},
                           :context-filter #object[jepsen.generator.context$make_thread_filter$lazy_filter__9167
                                                   "0x707b0b9b"
                                                   "jepsen.generator.context$make_thread_filter$lazy_filter__9167@707b0b9b"],
                           :gen (jepsen.generator.Stagger
                                 {:dt 2000000,
                                  :next-time nil,
                                  :gen (maelstrom.workload.kafka.StringKeys
                                        {:gen (jepsen.generator.Any
                                               {:gens [(jepsen.generator.Stagger
                                                        {:dt 30000000000,
                                                         :next-time nil,
                                                         :gen ({:f :crash}
                                                               {:f :crash}
                                                               {:f :crash}
                                                               {:f :crash}
                                                               {:f :crash}
                                                               {:f :crash}
                                                               {:f :crash}
                                                               {:f :crash}
                                                               ...)})
                                                       (jepsen.tests.kafka.PollUnseen
                                                        {:gen (jepsen.tests.kafka.InterleaveSubscribes
                                                               {:gen (jepsen.tests.kafka.TrackKeyOffsets
                                                                      {:gen (jepsen.generator.Map
                                                                             {:f #object[jepsen.tests.kafka$tag_rw$tag_rw__18063
                                                                                         "0x3e6945c6"
                                                                                         "jepsen.tests.kafka$tag_rw$tag_rw__18063@3e6945c6"],
                                                                              :gen (jepsen.generator.Map
                                                                                    {:f #object[jepsen.tests.kafka$txn_generator$rewrite_op__18027
                                                                                                "0x16e6a643"
                                                                                                "jepsen.tests.kafka$txn_generator$rewrite_op__18027@16e6a643"],
                                                                                     :gen ({:type :invoke,
                                                                                            :f :txn,
                                                                                            :value [[:append
                                                                                                     9
                                                                                                     1]]}
                                                                                           {:type :invoke,
                                                                                            :f :txn,
                                                                                            :value [[:r
                                                                                                     9
                                                                                                     nil]]}
                                                                                           {:type :invoke,
                                                                                            :f :txn,
                                                                                            :value [[:append
                                                                                                     8
                                                                                                     1]]}
                                                                                           {:type :invoke,
                                                                                            :f :txn,
                                                                                            :value [[:r
                                                                                                     7
                                                                                                     nil]]}
                                                                                           {:type :invoke,
                                                                                            :f :txn,
                                                                                            :value [[:append
                                                                                                     9
                                                                                                     2]]}
                                                                                           {:type :invoke,
                                                                                            :f :txn,
                                                                                            :value [[:r
                                                                                                     8
                                                                                                     nil]]}
                                                                                           {:type :invoke,
                                                                                            :f :txn,
                                                                                            :value [[:append
                                                                                                     9
                                                                                                     3]]}
                                                                                           {:type :invoke,
                                                                                            :f :txn,
                                                                                            :value [[:r
                                                                                                     9
                                                                                                     nil]]}
                                                                                           ...)})}),
                                                                       :offsets #object[clojure.lang.Atom
                                                                                        "0x2ba7828b"
                                                                                        {:status :ready,
                                                                                         :val {}}]})}),
                                                         :sent {},
                                                         :polled {}})]})})})})]})})})
  (jepsen.generator.Synchronize
   {:gen (jepsen.generator.OnThreads
          {:f #{:nemesis},
           :context-filter #object[jepsen.generator.context$make_thread_filter$lazy_filter__9167
                                   "0x6723626f"
                                   "jepsen.generator.context$make_thread_filter$lazy_filter__9167@6723626f"],
           :gen ()})})
  (jepsen.generator.Synchronize
   {:gen {:type :log, :value "Waiting for recovery..."}})
  (jepsen.generator.Synchronize {:gen {:type :sleep, :value 10}})
  (jepsen.generator.Synchronize
   {:gen (jepsen.generator.OnThreads
          {:f #jepsen.generator.context.AllBut{:element :nemesis},
           :context-filter #object[jepsen.generator.context$make_thread_filter$lazy_filter__9167
                                   "0x411bed55"
                                   "jepsen.generator.context$make_thread_filter$lazy_filter__9167@411bed55"],
           :gen (jepsen.generator.TimeLimit
                 {:limit 10000000000,
                  :cutoff nil,
                  :gen (maelstrom.workload.kafka.StringKeys
                        {:gen (jepsen.generator.Filter
                               {:f #object[clojure.core$comp$fn__5876
                                           "0xa4aecc3"
                                           "clojure.core$comp$fn__5876@a4aecc3"],
                                :gen (jepsen.generator.EachThread
                                      {:fresh-gen #object[clojure.lang.Delay
                                                          "0x59f59a0a"
                                                          {:status :pending,
                                                           :val nil}],
                                       :context-filters #object[clojure.core$promise$reify__8591
                                                                "0x2539ab41"
                                                                {:status :pending,
                                                                 :val nil}],
                                       :gens {}})})})})})}))
 :log-net-recv false
 :os
 #object[maelstrom.net$jepsen_os$reify__15254
         "0x32fa7ff0"
         "maelstrom.net$jepsen_os$reify__15254@32fa7ff0"]
 :time-limit 20
 :workload :kafka
 :consistency-models [:strict-serializable]
 :topology :grid}

2025-07-16 22:08:13,667{GMT}	INFO	[jepsen node n0] maelstrom.net: Starting Maelstrom network
2025-07-16 22:08:13,668{GMT}	INFO	[jepsen test runner] jepsen.db: Tearing down DB
2025-07-16 22:08:13,669{GMT}	INFO	[jepsen test runner] jepsen.db: Setting up DB
2025-07-16 22:08:13,670{GMT}	INFO	[jepsen node n0] maelstrom.service: Starting services: (lin-kv lin-tso lww-kv seq-kv)
2025-07-16 22:08:13,671{GMT}	INFO	[jepsen node n0] maelstrom.db: Setting up n0
2025-07-16 22:08:13,671{GMT}	INFO	[jepsen node n0] maelstrom.process: launching /Users/anandtrehan/go/bin/maelstrom-kafka []
2025-07-16 22:08:14,204{GMT}	INFO	[jepsen test runner] jepsen.core: Relative time begins now
2025-07-16 22:08:14,220{GMT}	INFO	[jepsen worker 0] jepsen.util: 0	:invoke	:send	[[:send "9" 1]]
2025-07-16 22:08:14,220{GMT}	INFO	[jepsen worker 1] jepsen.util: 1	:invoke	:crash	nil
2025-07-16 22:08:14,221{GMT}	INFO	[jepsen worker 1] jepsen.util: 1	:info	:crash	nil
2025-07-16 22:08:14,222{GMT}	INFO	[jepsen worker 1] jepsen.util: 3	:invoke	:poll	[[:poll]]
2025-07-16 22:08:14,225{GMT}	INFO	[jepsen worker 1] jepsen.util: 3	:ok	:poll	[[:poll {}]]
2025-07-16 22:08:14,226{GMT}	INFO	[jepsen worker 1] jepsen.util: 3	:invoke	:send	[[:send "8" 1]]
2025-07-16 22:08:19,225{GMT}	INFO	[jepsen worker 0] jepsen.util: 0	:info	:send	[[:send "9" 1]]	:net-timeout
2025-07-16 22:08:19,226{GMT}	INFO	[jepsen worker 0] jepsen.util: 2	:invoke	:poll	[[:poll]]
2025-07-16 22:08:19,228{GMT}	INFO	[jepsen worker 1] jepsen.util: 3	:info	:send	[[:send "8" 1]]	:net-timeout
2025-07-16 22:08:19,229{GMT}	INFO	[jepsen worker 1] jepsen.util: 5	:invoke	:send	[[:send "9" 2]]
2025-07-16 22:08:24,226{GMT}	INFO	[jepsen worker 0] jepsen.util: 2	:info	:poll	[[:poll]]	:net-timeout
2025-07-16 22:08:24,228{GMT}	INFO	[jepsen worker 0] jepsen.util: 4	:invoke	:poll	[[:poll]]
2025-07-16 22:08:24,232{GMT}	INFO	[jepsen worker 1] jepsen.util: 5	:info	:send	[[:send "9" 2]]	:net-timeout
2025-07-16 22:08:24,232{GMT}	INFO	[jepsen worker 1] jepsen.util: 7	:invoke	:assign	["9"]
2025-07-16 22:08:29,271{GMT}	INFO	[jepsen worker 1] jepsen.util: 7	:fail	:assign	["9"]	:net-timeout
2025-07-16 22:08:29,273{GMT}	INFO	[jepsen worker 0] jepsen.util: 4	:info	:poll	[[:poll]]	:net-timeout
2025-07-16 22:08:29,276{GMT}	INFO	[jepsen worker 0] jepsen.util: 6	:invoke	:send	[[:send "9" 3]]
2025-07-16 22:08:29,277{GMT}	INFO	[jepsen worker 1] jepsen.util: 7	:invoke	:assign	["9"]
2025-07-16 22:08:34,281{GMT}	INFO	[jepsen worker 1] jepsen.util: 7	:fail	:assign	["9"]	:net-timeout
2025-07-16 22:08:34,281{GMT}	INFO	[jepsen worker 0] jepsen.util: 6	:info	:send	[[:send "9" 3]]	:net-timeout
2025-07-16 22:08:34,282{GMT}	INFO	[jepsen worker 1] jepsen.generator.interpreter: Waiting for recovery...
2025-07-16 22:08:44,296{GMT}	INFO	[jepsen test runner] jepsen.tests.kafka: Polling up to offsets {}
2025-07-16 22:08:44,335{GMT}	INFO	[jepsen test runner] jepsen.core: Run complete, writing
2025-07-16 22:08:44,395{GMT}	INFO	[jepsen node n0] maelstrom.db: Tearing down n0
2025-07-16 22:08:45,336{GMT}	INFO	[jepsen node n0] maelstrom.net: Shutting down Maelstrom network
2025-07-16 22:08:45,338{GMT}	WARN	[jepsen test runner] jepsen.core: Test crashed!
clojure.lang.ExceptionInfo: Node n0 crashed with exit status 2. Before crashing, it wrote to STDOUT:

{"src":"n0","dest":"c0","body":{"in_reply_to":1,"type":"init_ok"}}
{"src":"n0","dest":"seq-kv","body":{"key":"9","msg_id":1,"type":"read"}}
{"src":"n0","dest":"c4","body":{"in_reply_to":1,"msgs":{},"type":"poll_ok"}}

And to STDERR:

2025/07/16 22:08:14 Received {c0 n0 {"type":"init","node_id":"n0","node_ids":["n0"],"msg_id":1}}
2025/07/16 22:08:14 Node n0 initialized
2025/07/16 22:08:14 Sent {"src":"n0","dest":"c0","body":{"in_reply_to":1,"type":"init_ok"}}
2025/07/16 22:08:14 Received {c2 n0 {"key":"9","msg":1,"type":"send","msg_id":1}}
2025/07/16 22:08:14 Sent {"src":"n0","dest":"seq-kv","body":{"key":"9","msg_id":1,"type":"read"}}
2025/07/16 22:08:14 Received {c4 n0 {"offsets":{},"type":"poll","msg_id":1}}
2025/07/16 22:08:14 Sent {"src":"n0","dest":"c4","body":{"in_reply_to":1,"msgs":{},"type":"poll_ok"}}
2025/07/16 22:08:14 Received {seq-kv n0 {"type":"error","code":20,"text":"key does not exist","in_reply_to":1}}
panic: runtime error: index out of range [-1]

goroutine 20 [running]:
main.handleSend({{0x1400009828a, 0x2}, {0x1400009828c, 0x2}, {0x140000b8030, 0x2c, 0x30}})
	/Users/anandtrehan/flyio_challenges/maelstrom-kafka/main.go:52 +0x3ac
github.com/jepsen-io/maelstrom/demo/go.(*Node).handleMessage(0x10230a1c0, 0x0?, {{0x1400009828a, 0x2}, {0x1400009828c, 0x2}, {0x140000b8030, 0x2c, 0x30}})
	/Users/anandtrehan/go/pkg/mod/github.com/jepsen-io/maelstrom/demo/go@v0.0.0-20250204203845-8263d1dd2b7a/node.go:151 +0x68
github.com/jepsen-io/maelstrom/demo/go.(*Node).Run.func2()
	/Users/anandtrehan/go/pkg/mod/github.com/jepsen-io/maelstrom/demo/go@v0.0.0-20250204203845-8263d1dd2b7a/node.go:129 +0x74
created by github.com/jepsen-io/maelstrom/demo/go.(*Node).Run in goroutine 1
	/Users/anandtrehan/go/pkg/mod/github.com/jepsen-io/maelstrom/demo/go@v0.0.0-20250204203845-8263d1dd2b7a/node.go:127 +0x460

Full STDERR logs are available in /Users/anandtrehan/flyio_challenges/maelstrom/store/kafka/20250716T220812.379-0400/node-logs/n0.log
	at slingshot.support$stack_trace.invoke(support.clj:201)
	at maelstrom.process$stop_node_BANG_.invokeStatic(process.clj:239)
	at maelstrom.process$stop_node_BANG_.invoke(process.clj:217)
	at maelstrom.db$db$reify__16142.teardown_BANG_(db.clj:75)
	at jepsen.db$fn__8744$G__8725__8748.invoke(db.clj:12)
	at jepsen.db$fn__8744$G__8724__8753.invoke(db.clj:12)
	at clojure.core$partial$fn__5908.invoke(core.clj:2642)
	at jepsen.control$on_nodes$fn__8599.invoke(control.clj:314)
	at clojure.lang.AFn.applyToHelper(AFn.java:154)
	at clojure.lang.AFn.applyTo(AFn.java:144)
	at clojure.core$apply.invokeStatic(core.clj:667)
	at clojure.core$with_bindings_STAR_.invokeStatic(core.clj:1990)
	at clojure.core$with_bindings_STAR_.doInvoke(core.clj:1990)
	at clojure.lang.RestFn.applyTo(RestFn.java:142)
	at clojure.core$apply.invokeStatic(core.clj:671)
	at clojure.core$bound_fn_STAR_$fn__5818.doInvoke(core.clj:2020)
	at clojure.lang.RestFn.invoke(RestFn.java:408)
	at dom_top.core$real_pmap_helper$build_thread__211$fn__212.invoke(core.clj:163)
	at clojure.lang.AFn.applyToHelper(AFn.java:152)
	at clojure.lang.AFn.applyTo(AFn.java:144)
	at clojure.core$apply.invokeStatic(core.clj:667)
	at clojure.core$with_bindings_STAR_.invokeStatic(core.clj:1990)
	at clojure.core$with_bindings_STAR_.doInvoke(core.clj:1990)
	at clojure.lang.RestFn.invoke(RestFn.java:425)
	at clojure.lang.AFn.applyToHelper(AFn.java:156)
	at clojure.lang.RestFn.applyTo(RestFn.java:132)
	at clojure.core$apply.invokeStatic(core.clj:671)
	at clojure.core$bound_fn_STAR_$fn__5818.doInvoke(core.clj:2020)
	at clojure.lang.RestFn.invoke(RestFn.java:397)
	at clojure.lang.AFn.run(AFn.java:22)
	at java.base/java.lang.Thread.run(Thread.java:1575)
