2025/06/29 16:05:34 Received {c1 n2 {"type":"init","node_id":"n2","node_ids":["n0","n1","n2","n3","n4"],"msg_id":1}}
2025/06/29 16:05:34 Node n2 initialized
2025/06/29 16:05:34 Sent {"src":"n2","dest":"c1","body":{"in_reply_to":1,"type":"init_ok"}}
2025/06/29 16:05:34 Received {c7 n2 {"type":"topology","topology":{"n0":["n3","n1"],"n1":["n4","n2","n0"],"n2":["n1"],"n3":["n0","n4"],"n4":["n1","n3"]},"msg_id":1}}
2025/06/29 16:05:34 Sent {"src":"n2","dest":"c7","body":{"in_reply_to":1,"type":"topology_ok"}}
2025/06/29 16:05:34 Received {c11 n2 {"type":"read","msg_id":1}}
2025/06/29 16:05:34 Sent {"src":"n2","dest":"c11","body":{"in_reply_to":1,"messages":[],"type":"read_ok"}}
2025/06/29 16:05:35 Received {c11 n2 {"type":"read","msg_id":2}}
2025/06/29 16:05:35 Sent {"src":"n2","dest":"c11","body":{"in_reply_to":2,"messages":[],"type":"read_ok"}}
2025/06/29 16:05:35 Received {n1 n2 {"messages":[3],"msg_id":2,"type":"broadcast"}}
2025/06/29 16:05:35 Sent {"src":"n2","dest":"n1","body":{"in_reply_to":2,"type":"broadcast_ok"}}
2025/06/29 16:05:36 Received {c11 n2 {"type":"broadcast","message":5,"msg_id":3}}
2025/06/29 16:05:36 Sent {"src":"n2","dest":"c11","body":{"in_reply_to":3,"type":"broadcast_ok"}}
2025/06/29 16:05:36 Sent {"src":"n2","dest":"n1","body":{"messages":[3,5],"msg_id":1,"type":"broadcast"}}
2025/06/29 16:05:36 Received {n1 n2 {"messages":[3],"msg_id":6,"type":"broadcast"}}
2025/06/29 16:05:36 Sent {"src":"n2","dest":"n1","body":{"in_reply_to":6,"type":"broadcast_ok"}}
2025/06/29 16:05:36 Received {n1 n2 {"in_reply_to":1,"type":"broadcast_ok"}}
2025/06/29 16:05:36 Received {c11 n2 {"type":"read","msg_id":4}}
2025/06/29 16:05:36 Sent {"src":"n2","dest":"c11","body":{"in_reply_to":4,"messages":[3,5],"type":"read_ok"}}
2025/06/29 16:05:36 Received {n1 n2 {"messages":[3,5],"msg_id":9,"type":"broadcast"}}
2025/06/29 16:05:36 Sent {"src":"n2","dest":"n1","body":{"in_reply_to":9,"type":"broadcast_ok"}}
2025/06/29 16:05:36 Sent {"src":"n2","dest":"n1","body":{"messages":[3,5],"msg_id":2,"type":"broadcast"}}
2025/06/29 16:05:36 Received {n1 n2 {"in_reply_to":2,"type":"broadcast_ok"}}
2025/06/29 16:05:37 Received {c11 n2 {"type":"read","msg_id":5}}
2025/06/29 16:05:37 Sent {"src":"n2","dest":"c11","body":{"in_reply_to":5,"messages":[3,5],"type":"read_ok"}}
2025/06/29 16:05:37 Received {n1 n2 {"messages":[3,5,11],"msg_id":12,"type":"broadcast"}}
2025/06/29 16:05:37 Sent {"src":"n2","dest":"n1","body":{"in_reply_to":12,"type":"broadcast_ok"}}
2025/06/29 16:05:37 Sent {"src":"n2","dest":"n1","body":{"messages":[3,5,11],"msg_id":3,"type":"broadcast"}}
2025/06/29 16:05:37 Received {n1 n2 {"in_reply_to":3,"type":"broadcast_ok"}}
2025/06/29 16:05:37 Received {n1 n2 {"messages":[3,5,11],"msg_id":15,"type":"broadcast"}}
2025/06/29 16:05:37 Sent {"src":"n2","dest":"n1","body":{"in_reply_to":15,"type":"broadcast_ok"}}
2025/06/29 16:05:37 Sent {"src":"n2","dest":"n1","body":{"messages":[3,5,11],"msg_id":4,"type":"broadcast"}}
2025/06/29 16:05:37 Received {n1 n2 {"in_reply_to":4,"type":"broadcast_ok"}}
2025/06/29 16:05:37 Received {c11 n2 {"type":"read","msg_id":6}}
2025/06/29 16:05:37 Sent {"src":"n2","dest":"c11","body":{"in_reply_to":6,"messages":[3,5,11],"type":"read_ok"}}
2025/06/29 16:05:38 Received {n1 n2 {"messages":[3,5,11],"msg_id":17,"type":"broadcast"}}
2025/06/29 16:05:38 Sent {"src":"n2","dest":"n1","body":{"in_reply_to":17,"type":"broadcast_ok"}}
2025/06/29 16:05:38 Sent {"src":"n2","dest":"n1","body":{"messages":[3,5,11],"msg_id":5,"type":"broadcast"}}
2025/06/29 16:05:38 Received {n1 n2 {"in_reply_to":5,"type":"broadcast_ok"}}
2025/06/29 16:05:38 Received {n1 n2 {"messages":[3,5,11,18],"msg_id":21,"type":"broadcast"}}
2025/06/29 16:05:38 Sent {"src":"n2","dest":"n1","body":{"in_reply_to":21,"type":"broadcast_ok"}}
2025/06/29 16:05:38 Sent {"src":"n2","dest":"n1","body":{"messages":[3,5,11,18],"msg_id":6,"type":"broadcast"}}
2025/06/29 16:05:38 Received {n1 n2 {"in_reply_to":6,"type":"broadcast_ok"}}
2025/06/29 16:05:38 Received {c11 n2 {"type":"read","msg_id":7}}
2025/06/29 16:05:38 Sent {"src":"n2","dest":"c11","body":{"in_reply_to":7,"messages":[3,5,11,18],"type":"read_ok"}}
2025/06/29 16:05:39 Received {n1 n2 {"messages":[3,5,11,18],"msg_id":24,"type":"broadcast"}}
2025/06/29 16:05:39 Sent {"src":"n2","dest":"n1","body":{"in_reply_to":24,"type":"broadcast_ok"}}
2025/06/29 16:05:39 Sent {"src":"n2","dest":"n1","body":{"messages":[3,5,11,18],"msg_id":7,"type":"broadcast"}}
2025/06/29 16:05:39 Received {n1 n2 {"in_reply_to":7,"type":"broadcast_ok"}}
2025/06/29 16:05:39 Received {c11 n2 {"type":"broadcast","message":21,"msg_id":8}}
2025/06/29 16:05:39 Sent {"src":"n2","dest":"c11","body":{"in_reply_to":8,"type":"broadcast_ok"}}
2025/06/29 16:05:39 Received {n1 n2 {"messages":[3,5,11,18],"msg_id":27,"type":"broadcast"}}
2025/06/29 16:05:39 Sent {"src":"n2","dest":"n1","body":{"in_reply_to":27,"type":"broadcast_ok"}}
2025/06/29 16:05:39 Sent {"src":"n2","dest":"n1","body":{"messages":[3,5,11,18,21],"msg_id":8,"type":"broadcast"}}
2025/06/29 16:05:39 Received {n1 n2 {"in_reply_to":8,"type":"broadcast_ok"}}
2025/06/29 16:05:39 Received {c11 n2 {"type":"read","msg_id":9}}
2025/06/29 16:05:39 Sent {"src":"n2","dest":"c11","body":{"in_reply_to":9,"messages":[3,5,11,18,21],"type":"read_ok"}}
2025/06/29 16:05:40 Received {n1 n2 {"messages":[3,5,11,18,21,24],"msg_id":30,"type":"broadcast"}}
2025/06/29 16:05:40 Sent {"src":"n2","dest":"n1","body":{"in_reply_to":30,"type":"broadcast_ok"}}
2025/06/29 16:05:40 Sent {"src":"n2","dest":"n1","body":{"messages":[3,5,11,18,21,24],"msg_id":9,"type":"broadcast"}}
2025/06/29 16:05:40 Received {n1 n2 {"in_reply_to":9,"type":"broadcast_ok"}}
2025/06/29 16:05:40 Received {c11 n2 {"type":"read","msg_id":10}}
2025/06/29 16:05:40 Sent {"src":"n2","dest":"c11","body":{"in_reply_to":10,"messages":[3,5,11,18,21,24],"type":"read_ok"}}
2025/06/29 16:05:40 Received {n1 n2 {"messages":[3,5,11,18,21,24,28],"msg_id":31,"type":"broadcast"}}
2025/06/29 16:05:40 Sent {"src":"n2","dest":"n1","body":{"in_reply_to":31,"type":"broadcast_ok"}}
2025/06/29 16:05:40 Sent {"src":"n2","dest":"n1","body":{"messages":[3,5,11,18,21,24,28],"msg_id":10,"type":"broadcast"}}
2025/06/29 16:05:40 Received {n1 n2 {"in_reply_to":10,"type":"broadcast_ok"}}
2025/06/29 16:05:41 Received {c11 n2 {"type":"broadcast","message":32,"msg_id":11}}
2025/06/29 16:05:41 Sent {"src":"n2","dest":"c11","body":{"in_reply_to":11,"type":"broadcast_ok"}}
2025/06/29 16:05:41 Received {n1 n2 {"messages":[3,5,11,18,21,24,28,31],"msg_id":36,"type":"broadcast"}}
2025/06/29 16:05:41 Sent {"src":"n2","dest":"n1","body":{"in_reply_to":36,"type":"broadcast_ok"}}
2025/06/29 16:05:41 Sent {"src":"n2","dest":"n1","body":{"messages":[3,5,11,18,21,24,28,32,31],"msg_id":11,"type":"broadcast"}}
2025/06/29 16:05:41 Received {n1 n2 {"in_reply_to":11,"type":"broadcast_ok"}}
2025/06/29 16:05:41 Received {c11 n2 {"type":"broadcast","message":35,"msg_id":12}}
2025/06/29 16:05:41 Sent {"src":"n2","dest":"c11","body":{"in_reply_to":12,"type":"broadcast_ok"}}
2025/06/29 16:05:41 Received {n1 n2 {"messages":[3,5,11,18,21,24,28,31,32,34],"msg_id":39,"type":"broadcast"}}
2025/06/29 16:05:41 Sent {"src":"n2","dest":"n1","body":{"in_reply_to":39,"type":"broadcast_ok"}}
2025/06/29 16:05:41 Sent {"src":"n2","dest":"n1","body":{"messages":[3,5,11,18,21,24,28,32,31,35,34],"msg_id":12,"type":"broadcast"}}
2025/06/29 16:05:41 Received {n1 n2 {"in_reply_to":12,"type":"broadcast_ok"}}
2025/06/29 16:05:42 Received {n1 n2 {"messages":[3,5,11,18,21,24,28,31,32,34,35],"msg_id":42,"type":"broadcast"}}
2025/06/29 16:05:42 Sent {"src":"n2","dest":"n1","body":{"in_reply_to":42,"type":"broadcast_ok"}}
2025/06/29 16:05:42 Sent {"src":"n2","dest":"n1","body":{"messages":[3,5,11,18,21,24,28,32,31,35,34],"msg_id":13,"type":"broadcast"}}
2025/06/29 16:05:42 Received {n1 n2 {"in_reply_to":13,"type":"broadcast_ok"}}
2025/06/29 16:05:42 Received {c11 n2 {"type":"read","msg_id":13}}
2025/06/29 16:05:42 Sent {"src":"n2","dest":"c11","body":{"in_reply_to":13,"messages":[3,5,11,18,21,24,28,32,31,35,34],"type":"read_ok"}}
2025/06/29 16:05:42 Received {n1 n2 {"messages":[3,5,11,18,21,24,28,31,32,34,35],"msg_id":45,"type":"broadcast"}}
2025/06/29 16:05:42 Sent {"src":"n2","dest":"n1","body":{"in_reply_to":45,"type":"broadcast_ok"}}
2025/06/29 16:05:42 Sent {"src":"n2","dest":"n1","body":{"messages":[3,5,11,18,21,24,28,32,31,35,34],"msg_id":14,"type":"broadcast"}}
2025/06/29 16:05:42 Received {n1 n2 {"in_reply_to":14,"type":"broadcast_ok"}}
2025/06/29 16:05:42 Received {c11 n2 {"type":"read","msg_id":14}}
2025/06/29 16:05:42 Sent {"src":"n2","dest":"c11","body":{"in_reply_to":14,"messages":[3,5,11,18,21,24,28,32,31,35,34],"type":"read_ok"}}
2025/06/29 16:05:43 Received {n1 n2 {"messages":[3,5,11,18,21,24,28,31,32,34,35,39],"msg_id":48,"type":"broadcast"}}
2025/06/29 16:05:43 Sent {"src":"n2","dest":"n1","body":{"in_reply_to":48,"type":"broadcast_ok"}}
2025/06/29 16:05:43 Sent {"src":"n2","dest":"n1","body":{"messages":[3,5,11,18,21,24,28,32,31,35,34,39],"msg_id":15,"type":"broadcast"}}
2025/06/29 16:05:43 Received {n1 n2 {"in_reply_to":15,"type":"broadcast_ok"}}
2025/06/29 16:05:43 Received {n1 n2 {"messages":[3,5,11,18,21,24,28,31,32,34,35,39],"msg_id":49,"type":"broadcast"}}
2025/06/29 16:05:43 Sent {"src":"n2","dest":"n1","body":{"in_reply_to":49,"type":"broadcast_ok"}}
2025/06/29 16:05:43 Sent {"src":"n2","dest":"n1","body":{"messages":[3,5,11,18,21,24,28,32,31,35,34,39],"msg_id":16,"type":"broadcast"}}
2025/06/29 16:05:43 Received {n1 n2 {"in_reply_to":16,"type":"broadcast_ok"}}
2025/06/29 16:05:43 Received {c11 n2 {"type":"broadcast","message":41,"msg_id":15}}
2025/06/29 16:05:43 Sent {"src":"n2","dest":"c11","body":{"in_reply_to":15,"type":"broadcast_ok"}}
2025/06/29 16:05:44 Received {c11 n2 {"type":"broadcast","message":45,"msg_id":16}}
2025/06/29 16:05:44 Sent {"src":"n2","dest":"c11","body":{"in_reply_to":16,"type":"broadcast_ok"}}
2025/06/29 16:05:44 Received {n1 n2 {"messages":[3,5,11,18,21,24,28,31,32,34,35,39],"msg_id":54,"type":"broadcast"}}
2025/06/29 16:05:44 Sent {"src":"n2","dest":"n1","body":{"in_reply_to":54,"type":"broadcast_ok"}}
2025/06/29 16:05:44 Sent {"src":"n2","dest":"n1","body":{"messages":[3,5,11,18,21,24,28,32,31,35,34,39,41,45],"msg_id":17,"type":"broadcast"}}
2025/06/29 16:05:44 Received {n1 n2 {"in_reply_to":17,"type":"broadcast_ok"}}
2025/06/29 16:05:44 Received {n1 n2 {"messages":[3,5,11,18,21,24,28,31,32,34,35,39,41,45],"msg_id":57,"type":"broadcast"}}
2025/06/29 16:05:44 Sent {"src":"n2","dest":"n1","body":{"in_reply_to":57,"type":"broadcast_ok"}}
2025/06/29 16:05:44 Sent {"src":"n2","dest":"n1","body":{"messages":[3,5,11,18,21,24,28,32,31,35,34,39,41,45],"msg_id":18,"type":"broadcast"}}
2025/06/29 16:05:44 Received {n1 n2 {"in_reply_to":18,"type":"broadcast_ok"}}
2025/06/29 16:05:44 Received {c11 n2 {"type":"broadcast","message":48,"msg_id":17}}
2025/06/29 16:05:44 Sent {"src":"n2","dest":"c11","body":{"in_reply_to":17,"type":"broadcast_ok"}}
2025/06/29 16:05:45 Received {n1 n2 {"messages":[3,5,11,18,21,24,28,31,32,34,35,39,41,45,2,0,4,6,8,9,10,13,12,14,16,17,19,23,25,27,29,30,38,37,40,43,44,42,46,1,7,15,20,22,26,33,36,47],"msg_id":60,"type":"broadcast"}}
2025/06/29 16:05:45 Sent {"src":"n2","dest":"n1","body":{"in_reply_to":60,"type":"broadcast_ok"}}
2025/06/29 16:05:45 Sent {"src":"n2","dest":"n1","body":{"messages":[3,5,11,18,21,24,28,32,31,35,34,39,41,45,48,2,0,4,6,8,9,10,13,12,14,16,17,19,23,25,27,29,30,38,37,40,43,44,42,46,1,7,15,20,22,26,33,36,47],"msg_id":19,"type":"broadcast"}}
2025/06/29 16:05:45 Received {n1 n2 {"in_reply_to":19,"type":"broadcast_ok"}}
2025/06/29 16:05:45 Received {c11 n2 {"type":"read","msg_id":18}}
2025/06/29 16:05:45 Sent {"src":"n2","dest":"c11","body":{"in_reply_to":18,"messages":[3,5,11,18,21,24,28,32,31,35,34,39,41,45,48,2,0,4,6,8,9,10,13,12,14,16,17,19,23,25,27,29,30,38,37,40,43,44,42,46,1,7,15,20,22,26,33,36,47],"type":"read_ok"}}
2025/06/29 16:05:45 Received {n1 n2 {"messages":[3,5,11,18,21,24,28,31,32,34,35,39,41,45,2,0,4,6,8,9,10,13,12,14,16,17,19,23,25,27,29,30,38,37,40,43,44,42,46,1,7,15,20,22,26,33,36,47,51,50,49,48],"msg_id":61,"type":"broadcast"}}
2025/06/29 16:05:45 Sent {"src":"n2","dest":"n1","body":{"in_reply_to":61,"type":"broadcast_ok"}}
2025/06/29 16:05:45 Sent {"src":"n2","dest":"n1","body":{"messages":[3,5,11,18,21,24,28,32,31,35,34,39,41,45,48,2,0,4,6,8,9,10,13,12,14,16,17,19,23,25,27,29,30,38,37,40,43,44,42,46,1,7,15,20,22,26,33,36,47,51,50,49],"msg_id":20,"type":"broadcast"}}
2025/06/29 16:05:45 Received {n1 n2 {"in_reply_to":20,"type":"broadcast_ok"}}
2025/06/29 16:05:46 Received {c11 n2 {"type":"broadcast","message":56,"msg_id":19}}
2025/06/29 16:05:46 Sent {"src":"n2","dest":"c11","body":{"in_reply_to":19,"type":"broadcast_ok"}}
2025/06/29 16:05:46 Received {n1 n2 {"messages":[3,5,11,18,21,24,28,31,32,34,35,39,41,45,2,0,4,6,8,9,10,13,12,14,16,17,19,23,25,27,29,30,38,37,40,43,44,42,46,1,7,15,20,22,26,33,36,47,51,50,49,48,52,55],"msg_id":66,"type":"broadcast"}}
2025/06/29 16:05:46 Sent {"src":"n2","dest":"n1","body":{"in_reply_to":66,"type":"broadcast_ok"}}
2025/06/29 16:05:46 Sent {"src":"n2","dest":"n1","body":{"messages":[3,5,11,18,21,24,28,32,31,35,34,39,41,45,48,2,0,4,6,8,9,10,13,12,14,16,17,19,23,25,27,29,30,38,37,40,43,44,42,46,1,7,15,20,22,26,33,36,47,51,50,49,56,52,55],"msg_id":21,"type":"broadcast"}}
2025/06/29 16:05:46 Received {n1 n2 {"in_reply_to":21,"type":"broadcast_ok"}}
2025/06/29 16:05:46 Received {c11 n2 {"type":"read","msg_id":20}}
2025/06/29 16:05:46 Sent {"src":"n2","dest":"c11","body":{"in_reply_to":20,"messages":[3,5,11,18,21,24,28,32,31,35,34,39,41,45,48,2,0,4,6,8,9,10,13,12,14,16,17,19,23,25,27,29,30,38,37,40,43,44,42,46,1,7,15,20,22,26,33,36,47,51,50,49,56,52,55],"type":"read_ok"}}
2025/06/29 16:05:46 Received {n1 n2 {"messages":[3,5,11,18,21,24,28,31,32,34,35,39,41,45,2,0,4,6,8,9,10,13,12,14,16,17,19,23,25,27,29,30,38,37,40,43,44,42,46,1,7,15,20,22,26,33,36,47,51,50,49,48,52,55,53,54,56,59],"msg_id":69,"type":"broadcast"}}
2025/06/29 16:05:46 Sent {"src":"n2","dest":"n1","body":{"in_reply_to":69,"type":"broadcast_ok"}}
2025/06/29 16:05:46 Sent {"src":"n2","dest":"n1","body":{"messages":[3,5,11,18,21,24,28,32,31,35,34,39,41,45,48,2,0,4,6,8,9,10,13,12,14,16,17,19,23,25,27,29,30,38,37,40,43,44,42,46,1,7,15,20,22,26,33,36,47,51,50,49,56,52,55,53,54,59],"msg_id":22,"type":"broadcast"}}
2025/06/29 16:05:46 Received {n1 n2 {"in_reply_to":22,"type":"broadcast_ok"}}
2025/06/29 16:05:47 Received {n1 n2 {"messages":[3,5,11,18,21,24,28,31,32,34,35,39,41,45,2,0,4,6,8,9,10,13,12,14,16,17,19,23,25,27,29,30,38,37,40,43,44,42,46,1,7,15,20,22,26,33,36,47,51,50,49,48,52,55,53,54,56,59,58,57],"msg_id":72,"type":"broadcast"}}
2025/06/29 16:05:47 Sent {"src":"n2","dest":"n1","body":{"in_reply_to":72,"type":"broadcast_ok"}}
2025/06/29 16:05:47 Sent {"src":"n2","dest":"n1","body":{"messages":[3,5,11,18,21,24,28,32,31,35,34,39,41,45,48,2,0,4,6,8,9,10,13,12,14,16,17,19,23,25,27,29,30,38,37,40,43,44,42,46,1,7,15,20,22,26,33,36,47,51,50,49,56,52,55,53,54,59,58,57],"msg_id":23,"type":"broadcast"}}
2025/06/29 16:05:47 Received {n1 n2 {"in_reply_to":23,"type":"broadcast_ok"}}
2025/06/29 16:05:47 Received {c11 n2 {"type":"broadcast","message":61,"msg_id":21}}
2025/06/29 16:05:47 Sent {"src":"n2","dest":"c11","body":{"in_reply_to":21,"type":"broadcast_ok"}}
2025/06/29 16:05:47 Received {n1 n2 {"messages":[3,5,11,18,21,24,28,31,32,34,35,39,41,45,2,0,4,6,8,9,10,13,12,14,16,17,19,23,25,27,29,30,38,37,40,43,44,42,46,1,7,15,20,22,26,33,36,47,51,50,49,48,52,55,53,54,56,59,58,57,60],"msg_id":74,"type":"broadcast"}}
2025/06/29 16:05:47 Sent {"src":"n2","dest":"n1","body":{"in_reply_to":74,"type":"broadcast_ok"}}
2025/06/29 16:05:47 Sent {"src":"n2","dest":"n1","body":{"messages":[3,5,11,18,21,24,28,32,31,35,34,39,41,45,48,2,0,4,6,8,9,10,13,12,14,16,17,19,23,25,27,29,30,38,37,40,43,44,42,46,1,7,15,20,22,26,33,36,47,51,50,49,56,52,55,53,54,59,58,57,61,60],"msg_id":24,"type":"broadcast"}}
2025/06/29 16:05:47 Received {n1 n2 {"in_reply_to":24,"type":"broadcast_ok"}}
2025/06/29 16:05:48 Received {c11 n2 {"type":"broadcast","message":65,"msg_id":22}}
2025/06/29 16:05:48 Sent {"src":"n2","dest":"c11","body":{"in_reply_to":22,"type":"broadcast_ok"}}
2025/06/29 16:05:48 Received {n1 n2 {"messages":[3,5,11,18,21,24,28,31,32,34,35,39,41,45,2,0,4,6,8,9,10,13,12,14,16,17,19,23,25,27,29,30,38,37,40,43,44,42,46,1,7,15,20,22,26,33,36,47,51,50,49,48,52,55,53,54,56,59,58,57,60,62,61,64],"msg_id":78,"type":"broadcast"}}
2025/06/29 16:05:48 Sent {"src":"n2","dest":"n1","body":{"in_reply_to":78,"type":"broadcast_ok"}}
2025/06/29 16:05:48 Sent {"src":"n2","dest":"n1","body":{"messages":[3,5,11,18,21,24,28,32,31,35,34,39,41,45,48,2,0,4,6,8,9,10,13,12,14,16,17,19,23,25,27,29,30,38,37,40,43,44,42,46,1,7,15,20,22,26,33,36,47,51,50,49,56,52,55,53,54,59,58,57,61,60,65,62,64],"msg_id":25,"type":"broadcast"}}
2025/06/29 16:05:48 Received {n1 n2 {"in_reply_to":25,"type":"broadcast_ok"}}
2025/06/29 16:05:48 Received {c11 n2 {"type":"read","msg_id":23}}
2025/06/29 16:05:48 Sent {"src":"n2","dest":"c11","body":{"in_reply_to":23,"messages":[3,5,11,18,21,24,28,32,31,35,34,39,41,45,48,2,0,4,6,8,9,10,13,12,14,16,17,19,23,25,27,29,30,38,37,40,43,44,42,46,1,7,15,20,22,26,33,36,47,51,50,49,56,52,55,53,54,59,58,57,61,60,65,62,64],"type":"read_ok"}}
2025/06/29 16:05:48 Received {n1 n2 {"messages":[3,5,11,18,21,24,28,31,32,34,35,39,41,45,2,0,4,6,8,9,10,13,12,14,16,17,19,23,25,27,29,30,38,37,40,43,44,42,46,1,7,15,20,22,26,33,36,47,51,50,49,48,52,55,53,54,56,59,58,57,60,62,61,64,63,65,68,69],"msg_id":80,"type":"broadcast"}}
2025/06/29 16:05:48 Sent {"src":"n2","dest":"n1","body":{"in_reply_to":80,"type":"broadcast_ok"}}
2025/06/29 16:05:48 Sent {"src":"n2","dest":"n1","body":{"messages":[3,5,11,18,21,24,28,32,31,35,34,39,41,45,48,2,0,4,6,8,9,10,13,12,14,16,17,19,23,25,27,29,30,38,37,40,43,44,42,46,1,7,15,20,22,26,33,36,47,51,50,49,56,52,55,53,54,59,58,57,61,60,65,62,64,63,68,69],"msg_id":26,"type":"broadcast"}}
2025/06/29 16:05:48 Received {n1 n2 {"in_reply_to":26,"type":"broadcast_ok"}}
2025/06/29 16:05:49 Received {c11 n2 {"type":"read","msg_id":24}}
2025/06/29 16:05:49 Sent {"src":"n2","dest":"c11","body":{"in_reply_to":24,"messages":[3,5,11,18,21,24,28,32,31,35,34,39,41,45,48,2,0,4,6,8,9,10,13,12,14,16,17,19,23,25,27,29,30,38,37,40,43,44,42,46,1,7,15,20,22,26,33,36,47,51,50,49,56,52,55,53,54,59,58,57,61,60,65,62,64,63,68,69],"type":"read_ok"}}
2025/06/29 16:05:49 Received {n1 n2 {"messages":[3,5,11,18,21,24,28,31,32,34,35,39,41,45,2,0,4,6,8,9,10,13,12,14,16,17,19,23,25,27,29,30,38,37,40,43,44,42,46,1,7,15,20,22,26,33,36,47,51,50,49,48,52,55,53,54,56,59,58,57,60,62,61,64,63,65,68,69,66,67,73],"msg_id":82,"type":"broadcast"}}
2025/06/29 16:05:49 Sent {"src":"n2","dest":"n1","body":{"in_reply_to":82,"type":"broadcast_ok"}}
2025/06/29 16:05:49 Sent {"src":"n2","dest":"n1","body":{"messages":[3,5,11,18,21,24,28,32,31,35,34,39,41,45,48,2,0,4,6,8,9,10,13,12,14,16,17,19,23,25,27,29,30,38,37,40,43,44,42,46,1,7,15,20,22,26,33,36,47,51,50,49,56,52,55,53,54,59,58,57,61,60,65,62,64,63,68,69,66,67,73],"msg_id":27,"type":"broadcast"}}
2025/06/29 16:05:49 Received {n1 n2 {"in_reply_to":27,"type":"broadcast_ok"}}
2025/06/29 16:05:49 Received {n1 n2 {"messages":[3,5,11,18,21,24,28,31,32,34,35,39,41,45,2,0,4,6,8,9,10,13,12,14,16,17,19,23,25,27,29,30,38,37,40,43,44,42,46,1,7,15,20,22,26,33,36,47,51,50,49,48,52,55,53,54,56,59,58,57,60,62,61,64,63,65,68,69,66,67,73,72,71],"msg_id":86,"type":"broadcast"}}
2025/06/29 16:05:49 Sent {"src":"n2","dest":"n1","body":{"in_reply_to":86,"type":"broadcast_ok"}}
2025/06/29 16:05:49 Sent {"src":"n2","dest":"n1","body":{"messages":[3,5,11,18,21,24,28,32,31,35,34,39,41,45,48,2,0,4,6,8,9,10,13,12,14,16,17,19,23,25,27,29,30,38,37,40,43,44,42,46,1,7,15,20,22,26,33,36,47,51,50,49,56,52,55,53,54,59,58,57,61,60,65,62,64,63,68,69,66,67,73,72,71],"msg_id":28,"type":"broadcast"}}
2025/06/29 16:05:49 Received {n1 n2 {"in_reply_to":28,"type":"broadcast_ok"}}
2025/06/29 16:05:49 Received {c11 n2 {"type":"broadcast","message":77,"msg_id":25}}
2025/06/29 16:05:49 Sent {"src":"n2","dest":"c11","body":{"in_reply_to":25,"type":"broadcast_ok"}}
2025/06/29 16:05:50 Received {n1 n2 {"messages":[3,5,11,18,21,24,28,31,32,34,35,39,41,45,2,0,4,6,8,9,10,13,12,14,16,17,19,23,25,27,29,30,38,37,40,43,44,42,46,1,7,15,20,22,26,33,36,47,51,50,49,48,52,55,53,54,56,59,58,57,60,62,61,64,63,65,68,69,66,67,73,72,71,70,76,75,79],"msg_id":90,"type":"broadcast"}}
2025/06/29 16:05:50 Sent {"src":"n2","dest":"n1","body":{"in_reply_to":90,"type":"broadcast_ok"}}
2025/06/29 16:05:50 Sent {"src":"n2","dest":"n1","body":{"messages":[3,5,11,18,21,24,28,32,31,35,34,39,41,45,48,2,0,4,6,8,9,10,13,12,14,16,17,19,23,25,27,29,30,38,37,40,43,44,42,46,1,7,15,20,22,26,33,36,47,51,50,49,56,52,55,53,54,59,58,57,61,60,65,62,64,63,68,69,66,67,73,72,71,77,70,76,75,79],"msg_id":29,"type":"broadcast"}}
2025/06/29 16:05:50 Received {n1 n2 {"in_reply_to":29,"type":"broadcast_ok"}}
2025/06/29 16:05:50 Received {c11 n2 {"type":"broadcast","message":80,"msg_id":26}}
2025/06/29 16:05:50 Sent {"src":"n2","dest":"c11","body":{"in_reply_to":26,"type":"broadcast_ok"}}
2025/06/29 16:05:50 Received {n1 n2 {"messages":[3,5,11,18,21,24,28,31,32,34,35,39,41,45,2,0,4,6,8,9,10,13,12,14,16,17,19,23,25,27,29,30,38,37,40,43,44,42,46,1,7,15,20,22,26,33,36,47,51,50,49,48,52,55,53,54,56,59,58,57,60,62,61,64,63,65,68,69,66,67,73,72,71,70,76,75,79,74,78,77],"msg_id":93,"type":"broadcast"}}
2025/06/29 16:05:50 Sent {"src":"n2","dest":"n1","body":{"in_reply_to":93,"type":"broadcast_ok"}}
2025/06/29 16:05:50 Sent {"src":"n2","dest":"n1","body":{"messages":[3,5,11,18,21,24,28,32,31,35,34,39,41,45,48,2,0,4,6,8,9,10,13,12,14,16,17,19,23,25,27,29,30,38,37,40,43,44,42,46,1,7,15,20,22,26,33,36,47,51,50,49,56,52,55,53,54,59,58,57,61,60,65,62,64,63,68,69,66,67,73,72,71,77,70,76,75,79,80,74,78],"msg_id":30,"type":"broadcast"}}
2025/06/29 16:05:50 Received {n1 n2 {"in_reply_to":30,"type":"broadcast_ok"}}
2025/06/29 16:05:50 Received {c11 n2 {"type":"read","msg_id":27}}
2025/06/29 16:05:50 Sent {"src":"n2","dest":"c11","body":{"in_reply_to":27,"messages":[3,5,11,18,21,24,28,32,31,35,34,39,41,45,48,2,0,4,6,8,9,10,13,12,14,16,17,19,23,25,27,29,30,38,37,40,43,44,42,46,1,7,15,20,22,26,33,36,47,51,50,49,56,52,55,53,54,59,58,57,61,60,65,62,64,63,68,69,66,67,73,72,71,77,70,76,75,79,80,74,78],"type":"read_ok"}}
2025/06/29 16:05:51 Received {n1 n2 {"messages":[3,5,11,18,21,24,28,31,32,34,35,39,41,45,2,0,4,6,8,9,10,13,12,14,16,17,19,23,25,27,29,30,38,37,40,43,44,42,46,1,7,15,20,22,26,33,36,47,51,50,49,48,52,55,53,54,56,59,58,57,60,62,61,64,63,65,68,69,66,67,73,72,71,70,76,75,79,74,78,77,83,82,80],"msg_id":96,"type":"broadcast"}}
2025/06/29 16:05:51 Sent {"src":"n2","dest":"n1","body":{"in_reply_to":96,"type":"broadcast_ok"}}
2025/06/29 16:05:51 Sent {"src":"n2","dest":"n1","body":{"messages":[3,5,11,18,21,24,28,32,31,35,34,39,41,45,48,2,0,4,6,8,9,10,13,12,14,16,17,19,23,25,27,29,30,38,37,40,43,44,42,46,1,7,15,20,22,26,33,36,47,51,50,49,56,52,55,53,54,59,58,57,61,60,65,62,64,63,68,69,66,67,73,72,71,77,70,76,75,79,80,74,78,83,82],"msg_id":31,"type":"broadcast"}}
2025/06/29 16:05:51 Received {n1 n2 {"in_reply_to":31,"type":"broadcast_ok"}}
2025/06/29 16:05:51 Received {c11 n2 {"type":"read","msg_id":28}}
2025/06/29 16:05:51 Sent {"src":"n2","dest":"c11","body":{"in_reply_to":28,"messages":[3,5,11,18,21,24,28,32,31,35,34,39,41,45,48,2,0,4,6,8,9,10,13,12,14,16,17,19,23,25,27,29,30,38,37,40,43,44,42,46,1,7,15,20,22,26,33,36,47,51,50,49,56,52,55,53,54,59,58,57,61,60,65,62,64,63,68,69,66,67,73,72,71,77,70,76,75,79,80,74,78,83,82],"type":"read_ok"}}
2025/06/29 16:05:51 Received {n1 n2 {"messages":[3,5,11,18,21,24,28,31,32,34,35,39,41,45,2,0,4,6,8,9,10,13,12,14,16,17,19,23,25,27,29,30,38,37,40,43,44,42,46,1,7,15,20,22,26,33,36,47,51,50,49,48,52,55,53,54,56,59,58,57,60,62,61,64,63,65,68,69,66,67,73,72,71,70,76,75,79,74,78,77,83,82,80,81,85,86],"msg_id":98,"type":"broadcast"}}
2025/06/29 16:05:51 Sent {"src":"n2","dest":"n1","body":{"in_reply_to":98,"type":"broadcast_ok"}}
2025/06/29 16:05:51 Sent {"src":"n2","dest":"n1","body":{"messages":[3,5,11,18,21,24,28,32,31,35,34,39,41,45,48,2,0,4,6,8,9,10,13,12,14,16,17,19,23,25,27,29,30,38,37,40,43,44,42,46,1,7,15,20,22,26,33,36,47,51,50,49,56,52,55,53,54,59,58,57,61,60,65,62,64,63,68,69,66,67,73,72,71,77,70,76,75,79,80,74,78,83,82,81,85,86],"msg_id":32,"type":"broadcast"}}
2025/06/29 16:05:51 Received {n1 n2 {"in_reply_to":32,"type":"broadcast_ok"}}
2025/06/29 16:05:52 Received {c11 n2 {"type":"broadcast","message":90,"msg_id":29}}
2025/06/29 16:05:52 Sent {"src":"n2","dest":"c11","body":{"in_reply_to":29,"type":"broadcast_ok"}}
2025/06/29 16:05:52 Received {n1 n2 {"messages":[3,5,11,18,21,24,28,31,32,34,35,39,41,45,2,0,4,6,8,9,10,13,12,14,16,17,19,23,25,27,29,30,38,37,40,43,44,42,46,1,7,15,20,22,26,33,36,47,51,50,49,48,52,55,53,54,56,59,58,57,60,62,61,64,63,65,68,69,66,67,73,72,71,70,76,75,79,74,78,77,83,82,80,81,85,86,84,87],"msg_id":102,"type":"broadcast"}}
2025/06/29 16:05:52 Sent {"src":"n2","dest":"n1","body":{"in_reply_to":102,"type":"broadcast_ok"}}
2025/06/29 16:05:52 Sent {"src":"n2","dest":"n1","body":{"messages":[3,5,11,18,21,24,28,32,31,35,34,39,41,45,48,2,0,4,6,8,9,10,13,12,14,16,17,19,23,25,27,29,30,38,37,40,43,44,42,46,1,7,15,20,22,26,33,36,47,51,50,49,56,52,55,53,54,59,58,57,61,60,65,62,64,63,68,69,66,67,73,72,71,77,70,76,75,79,80,74,78,83,82,81,85,86,90,84,87],"msg_id":33,"type":"broadcast"}}
2025/06/29 16:05:52 Received {n1 n2 {"in_reply_to":33,"type":"broadcast_ok"}}
2025/06/29 16:05:52 Received {c11 n2 {"type":"broadcast","message":94,"msg_id":30}}
2025/06/29 16:05:52 Sent {"src":"n2","dest":"c11","body":{"in_reply_to":30,"type":"broadcast_ok"}}
2025/06/29 16:05:52 Received {n1 n2 {"messages":[3,5,11,18,21,24,28,31,32,34,35,39,41,45,2,0,4,6,8,9,10,13,12,14,16,17,19,23,25,27,29,30,38,37,40,43,44,42,46,1,7,15,20,22,26,33,36,47,51,50,49,48,52,55,53,54,56,59,58,57,60,62,61,64,63,65,68,69,66,67,73,72,71,70,76,75,79,74,78,77,83,82,80,81,85,86,84,87,88,89,90,93],"msg_id":105,"type":"broadcast"}}
2025/06/29 16:05:52 Sent {"src":"n2","dest":"n1","body":{"in_reply_to":105,"type":"broadcast_ok"}}
2025/06/29 16:05:52 Sent {"src":"n2","dest":"n1","body":{"messages":[3,5,11,18,21,24,28,32,31,35,34,39,41,45,48,2,0,4,6,8,9,10,13,12,14,16,17,19,23,25,27,29,30,38,37,40,43,44,42,46,1,7,15,20,22,26,33,36,47,51,50,49,56,52,55,53,54,59,58,57,61,60,65,62,64,63,68,69,66,67,73,72,71,77,70,76,75,79,80,74,78,83,82,81,85,86,90,84,87,94,88,89,93],"msg_id":34,"type":"broadcast"}}
2025/06/29 16:05:52 Received {n1 n2 {"in_reply_to":34,"type":"broadcast_ok"}}
2025/06/29 16:05:53 Received {c11 n2 {"type":"broadcast","message":99,"msg_id":31}}
2025/06/29 16:05:53 Sent {"src":"n2","dest":"c11","body":{"in_reply_to":31,"type":"broadcast_ok"}}
2025/06/29 16:05:53 Received {n1 n2 {"messages":[3,5,11,18,21,24,28,31,32,34,35,39,41,45,2,0,4,6,8,9,10,13,12,14,16,17,19,23,25,27,29,30,38,37,40,43,44,42,46,1,7,15,20,22,26,33,36,47,51,50,49,48,52,55,53,54,56,59,58,57,60,62,61,64,63,65,68,69,66,67,73,72,71,70,76,75,79,74,78,77,83,82,80,81,85,86,84,87,88,89,90,93,91,92,94],"msg_id":108,"type":"broadcast"}}
2025/06/29 16:05:53 Sent {"src":"n2","dest":"n1","body":{"in_reply_to":108,"type":"broadcast_ok"}}
2025/06/29 16:05:53 Sent {"src":"n2","dest":"n1","body":{"messages":[3,5,11,18,21,24,28,32,31,35,34,39,41,45,48,2,0,4,6,8,9,10,13,12,14,16,17,19,23,25,27,29,30,38,37,40,43,44,42,46,1,7,15,20,22,26,33,36,47,51,50,49,56,52,55,53,54,59,58,57,61,60,65,62,64,63,68,69,66,67,73,72,71,77,70,76,75,79,80,74,78,83,82,81,85,86,90,84,87,94,88,89,93,99,91,92],"msg_id":35,"type":"broadcast"}}
2025/06/29 16:05:53 Received {n1 n2 {"in_reply_to":35,"type":"broadcast_ok"}}
2025/06/29 16:05:53 Received {n1 n2 {"messages":[3,5,11,18,21,24,28,31,32,34,35,39,41,45,2,0,4,6,8,9,10,13,12,14,16,17,19,23,25,27,29,30,38,37,40,43,44,42,46,1,7,15,20,22,26,33,36,47,51,50,49,48,52,55,53,54,56,59,58,57,60,62,61,64,63,65,68,69,66,67,73,72,71,70,76,75,79,74,78,77,83,82,80,81,85,86,84,87,88,89,90,93,91,92,94,96,97,98,99],"msg_id":109,"type":"broadcast"}}
2025/06/29 16:05:53 Sent {"src":"n2","dest":"n1","body":{"in_reply_to":109,"type":"broadcast_ok"}}
2025/06/29 16:05:53 Sent {"src":"n2","dest":"n1","body":{"messages":[3,5,11,18,21,24,28,32,31,35,34,39,41,45,48,2,0,4,6,8,9,10,13,12,14,16,17,19,23,25,27,29,30,38,37,40,43,44,42,46,1,7,15,20,22,26,33,36,47,51,50,49,56,52,55,53,54,59,58,57,61,60,65,62,64,63,68,69,66,67,73,72,71,77,70,76,75,79,80,74,78,83,82,81,85,86,90,84,87,94,88,89,93,99,91,92,96,97,98],"msg_id":36,"type":"broadcast"}}
2025/06/29 16:05:53 Received {n1 n2 {"in_reply_to":36,"type":"broadcast_ok"}}
2025/06/29 16:05:53 Received {c11 n2 {"type":"broadcast","message":103,"msg_id":32}}
2025/06/29 16:05:53 Sent {"src":"n2","dest":"c11","body":{"in_reply_to":32,"type":"broadcast_ok"}}
2025/06/29 16:05:54 Received {n1 n2 {"messages":[3,5,11,18,21,24,28,31,32,34,35,39,41,45,2,0,4,6,8,9,10,13,12,14,16,17,19,23,25,27,29,30,38,37,40,43,44,42,46,1,7,15,20,22,26,33,36,47,51,50,49,48,52,55,53,54,56,59,58,57,60,62,61,64,63,65,68,69,66,67,73,72,71,70,76,75,79,74,78,77,83,82,80,81,85,86,84,87,88,89,90,93,91,92,94,96,97,98,99,95,101,100,102],"msg_id":114,"type":"broadcast"}}
2025/06/29 16:05:54 Sent {"src":"n2","dest":"n1","body":{"in_reply_to":114,"type":"broadcast_ok"}}
2025/06/29 16:05:54 Sent {"src":"n2","dest":"n1","body":{"messages":[3,5,11,18,21,24,28,32,31,35,34,39,41,45,48,2,0,4,6,8,9,10,13,12,14,16,17,19,23,25,27,29,30,38,37,40,43,44,42,46,1,7,15,20,22,26,33,36,47,51,50,49,56,52,55,53,54,59,58,57,61,60,65,62,64,63,68,69,66,67,73,72,71,77,70,76,75,79,80,74,78,83,82,81,85,86,90,84,87,94,88,89,93,99,91,92,96,97,98,103,95,101,100,102],"msg_id":37,"type":"broadcast"}}
2025/06/29 16:05:54 Received {n1 n2 {"in_reply_to":37,"type":"broadcast_ok"}}
2025/06/29 16:05:54 Received {c11 n2 {"type":"read","msg_id":33}}
2025/06/29 16:05:54 Sent {"src":"n2","dest":"c11","body":{"in_reply_to":33,"messages":[3,5,11,18,21,24,28,32,31,35,34,39,41,45,48,2,0,4,6,8,9,10,13,12,14,16,17,19,23,25,27,29,30,38,37,40,43,44,42,46,1,7,15,20,22,26,33,36,47,51,50,49,56,52,55,53,54,59,58,57,61,60,65,62,64,63,68,69,66,67,73,72,71,77,70,76,75,79,80,74,78,83,82,81,85,86,90,84,87,94,88,89,93,99,91,92,96,97,98,103,95,101,100,102],"type":"read_ok"}}
2025/06/29 16:05:54 Received {n1 n2 {"messages":[3,5,11,18,21,24,28,31,32,34,35,39,41,45,2,0,4,6,8,9,10,13,12,14,16,17,19,23,25,27,29,30,38,37,40,43,44,42,46,1,7,15,20,22,26,33,36,47,51,50,49,48,52,55,53,54,56,59,58,57,60,62,61,64,63,65,68,69,66,67,73,72,71,70,76,75,79,74,78,77,83,82,80,81,85,86,84,87,88,89,90,93,91,92,94,96,97,98,99,95,101,100,102,104,103],"msg_id":116,"type":"broadcast"}}
2025/06/29 16:05:54 Sent {"src":"n2","dest":"n1","body":{"in_reply_to":116,"type":"broadcast_ok"}}
2025/06/29 16:05:54 Sent {"src":"n2","dest":"n1","body":{"messages":[3,5,11,18,21,24,28,32,31,35,34,39,41,45,48,2,0,4,6,8,9,10,13,12,14,16,17,19,23,25,27,29,30,38,37,40,43,44,42,46,1,7,15,20,22,26,33,36,47,51,50,49,56,52,55,53,54,59,58,57,61,60,65,62,64,63,68,69,66,67,73,72,71,77,70,76,75,79,80,74,78,83,82,81,85,86,90,84,87,94,88,89,93,99,91,92,96,97,98,103,95,101,100,102,104],"msg_id":38,"type":"broadcast"}}
2025/06/29 16:05:54 Received {n1 n2 {"in_reply_to":38,"type":"broadcast_ok"}}
2025/06/29 16:05:55 Received {n1 n2 {"messages":[3,5,11,18,21,24,28,31,32,34,35,39,41,45,2,0,4,6,8,9,10,13,12,14,16,17,19,23,25,27,29,30,38,37,40,43,44,42,46,1,7,15,20,22,26,33,36,47,51,50,49,48,52,55,53,54,56,59,58,57,60,62,61,64,63,65,68,69,66,67,73,72,71,70,76,75,79,74,78,77,83,82,80,81,85,86,84,87,88,89,90,93,91,92,94,96,97,98,99,95,101,100,102,104,103,105],"msg_id":118,"type":"broadcast"}}
2025/06/29 16:05:55 Sent {"src":"n2","dest":"n1","body":{"in_reply_to":118,"type":"broadcast_ok"}}
2025/06/29 16:05:55 Sent {"src":"n2","dest":"n1","body":{"messages":[3,5,11,18,21,24,28,32,31,35,34,39,41,45,48,2,0,4,6,8,9,10,13,12,14,16,17,19,23,25,27,29,30,38,37,40,43,44,42,46,1,7,15,20,22,26,33,36,47,51,50,49,56,52,55,53,54,59,58,57,61,60,65,62,64,63,68,69,66,67,73,72,71,77,70,76,75,79,80,74,78,83,82,81,85,86,90,84,87,94,88,89,93,99,91,92,96,97,98,103,95,101,100,102,104,105],"msg_id":39,"type":"broadcast"}}
2025/06/29 16:05:55 Received {n1 n2 {"in_reply_to":39,"type":"broadcast_ok"}}
2025/06/29 16:05:55 Received {n1 n2 {"messages":[3,5,11,18,21,24,28,31,32,34,35,39,41,45,2,0,4,6,8,9,10,13,12,14,16,17,19,23,25,27,29,30,38,37,40,43,44,42,46,1,7,15,20,22,26,33,36,47,51,50,49,48,52,55,53,54,56,59,58,57,60,62,61,64,63,65,68,69,66,67,73,72,71,70,76,75,79,74,78,77,83,82,80,81,85,86,84,87,88,89,90,93,91,92,94,96,97,98,99,95,101,100,102,104,103,105],"msg_id":123,"type":"broadcast"}}
2025/06/29 16:05:55 Sent {"src":"n2","dest":"n1","body":{"in_reply_to":123,"type":"broadcast_ok"}}
2025/06/29 16:05:55 Sent {"src":"n2","dest":"n1","body":{"messages":[3,5,11,18,21,24,28,32,31,35,34,39,41,45,48,2,0,4,6,8,9,10,13,12,14,16,17,19,23,25,27,29,30,38,37,40,43,44,42,46,1,7,15,20,22,26,33,36,47,51,50,49,56,52,55,53,54,59,58,57,61,60,65,62,64,63,68,69,66,67,73,72,71,77,70,76,75,79,80,74,78,83,82,81,85,86,90,84,87,94,88,89,93,99,91,92,96,97,98,103,95,101,100,102,104,105],"msg_id":40,"type":"broadcast"}}
2025/06/29 16:05:55 Received {n1 n2 {"in_reply_to":40,"type":"broadcast_ok"}}
2025/06/29 16:05:56 Received {n1 n2 {"messages":[3,5,11,18,21,24,28,31,32,34,35,39,41,45,2,0,4,6,8,9,10,13,12,14,16,17,19,23,25,27,29,30,38,37,40,43,44,42,46,1,7,15,20,22,26,33,36,47,51,50,49,48,52,55,53,54,56,59,58,57,60,62,61,64,63,65,68,69,66,67,73,72,71,70,76,75,79,74,78,77,83,82,80,81,85,86,84,87,88,89,90,93,91,92,94,96,97,98,99,95,101,100,102,104,103,105],"msg_id":126,"type":"broadcast"}}
2025/06/29 16:05:56 Sent {"src":"n2","dest":"n1","body":{"in_reply_to":126,"type":"broadcast_ok"}}
2025/06/29 16:05:56 Sent {"src":"n2","dest":"n1","body":{"messages":[3,5,11,18,21,24,28,32,31,35,34,39,41,45,48,2,0,4,6,8,9,10,13,12,14,16,17,19,23,25,27,29,30,38,37,40,43,44,42,46,1,7,15,20,22,26,33,36,47,51,50,49,56,52,55,53,54,59,58,57,61,60,65,62,64,63,68,69,66,67,73,72,71,77,70,76,75,79,80,74,78,83,82,81,85,86,90,84,87,94,88,89,93,99,91,92,96,97,98,103,95,101,100,102,104,105],"msg_id":41,"type":"broadcast"}}
2025/06/29 16:05:56 Received {n1 n2 {"in_reply_to":41,"type":"broadcast_ok"}}
2025/06/29 16:05:56 Received {n1 n2 {"messages":[3,5,11,18,21,24,28,31,32,34,35,39,41,45,2,0,4,6,8,9,10,13,12,14,16,17,19,23,25,27,29,30,38,37,40,43,44,42,46,1,7,15,20,22,26,33,36,47,51,50,49,48,52,55,53,54,56,59,58,57,60,62,61,64,63,65,68,69,66,67,73,72,71,70,76,75,79,74,78,77,83,82,80,81,85,86,84,87,88,89,90,93,91,92,94,96,97,98,99,95,101,100,102,104,103,105],"msg_id":127,"type":"broadcast"}}
2025/06/29 16:05:56 Sent {"src":"n2","dest":"n1","body":{"in_reply_to":127,"type":"broadcast_ok"}}
2025/06/29 16:05:56 Sent {"src":"n2","dest":"n1","body":{"messages":[3,5,11,18,21,24,28,32,31,35,34,39,41,45,48,2,0,4,6,8,9,10,13,12,14,16,17,19,23,25,27,29,30,38,37,40,43,44,42,46,1,7,15,20,22,26,33,36,47,51,50,49,56,52,55,53,54,59,58,57,61,60,65,62,64,63,68,69,66,67,73,72,71,77,70,76,75,79,80,74,78,83,82,81,85,86,90,84,87,94,88,89,93,99,91,92,96,97,98,103,95,101,100,102,104,105],"msg_id":42,"type":"broadcast"}}
2025/06/29 16:05:56 Received {n1 n2 {"in_reply_to":42,"type":"broadcast_ok"}}
2025/06/29 16:05:57 Received {n1 n2 {"messages":[3,5,11,18,21,24,28,31,32,34,35,39,41,45,2,0,4,6,8,9,10,13,12,14,16,17,19,23,25,27,29,30,38,37,40,43,44,42,46,1,7,15,20,22,26,33,36,47,51,50,49,48,52,55,53,54,56,59,58,57,60,62,61,64,63,65,68,69,66,67,73,72,71,70,76,75,79,74,78,77,83,82,80,81,85,86,84,87,88,89,90,93,91,92,94,96,97,98,99,95,101,100,102,104,103,105],"msg_id":132,"type":"broadcast"}}
2025/06/29 16:05:57 Sent {"src":"n2","dest":"n1","body":{"in_reply_to":132,"type":"broadcast_ok"}}
2025/06/29 16:05:57 Sent {"src":"n2","dest":"n1","body":{"messages":[3,5,11,18,21,24,28,32,31,35,34,39,41,45,48,2,0,4,6,8,9,10,13,12,14,16,17,19,23,25,27,29,30,38,37,40,43,44,42,46,1,7,15,20,22,26,33,36,47,51,50,49,56,52,55,53,54,59,58,57,61,60,65,62,64,63,68,69,66,67,73,72,71,77,70,76,75,79,80,74,78,83,82,81,85,86,90,84,87,94,88,89,93,99,91,92,96,97,98,103,95,101,100,102,104,105],"msg_id":43,"type":"broadcast"}}
2025/06/29 16:05:57 Received {n1 n2 {"in_reply_to":43,"type":"broadcast_ok"}}
2025/06/29 16:05:57 Received {n1 n2 {"messages":[3,5,11,18,21,24,28,31,32,34,35,39,41,45,2,0,4,6,8,9,10,13,12,14,16,17,19,23,25,27,29,30,38,37,40,43,44,42,46,1,7,15,20,22,26,33,36,47,51,50,49,48,52,55,53,54,56,59,58,57,60,62,61,64,63,65,68,69,66,67,73,72,71,70,76,75,79,74,78,77,83,82,80,81,85,86,84,87,88,89,90,93,91,92,94,96,97,98,99,95,101,100,102,104,103,105],"msg_id":133,"type":"broadcast"}}
2025/06/29 16:05:57 Sent {"src":"n2","dest":"n1","body":{"in_reply_to":133,"type":"broadcast_ok"}}
2025/06/29 16:05:57 Sent {"src":"n2","dest":"n1","body":{"messages":[3,5,11,18,21,24,28,32,31,35,34,39,41,45,48,2,0,4,6,8,9,10,13,12,14,16,17,19,23,25,27,29,30,38,37,40,43,44,42,46,1,7,15,20,22,26,33,36,47,51,50,49,56,52,55,53,54,59,58,57,61,60,65,62,64,63,68,69,66,67,73,72,71,77,70,76,75,79,80,74,78,83,82,81,85,86,90,84,87,94,88,89,93,99,91,92,96,97,98,103,95,101,100,102,104,105],"msg_id":44,"type":"broadcast"}}
2025/06/29 16:05:57 Received {n1 n2 {"in_reply_to":44,"type":"broadcast_ok"}}
2025/06/29 16:05:58 Received {n1 n2 {"messages":[3,5,11,18,21,24,28,31,32,34,35,39,41,45,2,0,4,6,8,9,10,13,12,14,16,17,19,23,25,27,29,30,38,37,40,43,44,42,46,1,7,15,20,22,26,33,36,47,51,50,49,48,52,55,53,54,56,59,58,57,60,62,61,64,63,65,68,69,66,67,73,72,71,70,76,75,79,74,78,77,83,82,80,81,85,86,84,87,88,89,90,93,91,92,94,96,97,98,99,95,101,100,102,104,103,105],"msg_id":138,"type":"broadcast"}}
2025/06/29 16:05:58 Sent {"src":"n2","dest":"n1","body":{"in_reply_to":138,"type":"broadcast_ok"}}
2025/06/29 16:05:58 Sent {"src":"n2","dest":"n1","body":{"messages":[3,5,11,18,21,24,28,32,31,35,34,39,41,45,48,2,0,4,6,8,9,10,13,12,14,16,17,19,23,25,27,29,30,38,37,40,43,44,42,46,1,7,15,20,22,26,33,36,47,51,50,49,56,52,55,53,54,59,58,57,61,60,65,62,64,63,68,69,66,67,73,72,71,77,70,76,75,79,80,74,78,83,82,81,85,86,90,84,87,94,88,89,93,99,91,92,96,97,98,103,95,101,100,102,104,105],"msg_id":45,"type":"broadcast"}}
2025/06/29 16:05:58 Received {n1 n2 {"in_reply_to":45,"type":"broadcast_ok"}}
2025/06/29 16:05:58 Received {n1 n2 {"messages":[3,5,11,18,21,24,28,31,32,34,35,39,41,45,2,0,4,6,8,9,10,13,12,14,16,17,19,23,25,27,29,30,38,37,40,43,44,42,46,1,7,15,20,22,26,33,36,47,51,50,49,48,52,55,53,54,56,59,58,57,60,62,61,64,63,65,68,69,66,67,73,72,71,70,76,75,79,74,78,77,83,82,80,81,85,86,84,87,88,89,90,93,91,92,94,96,97,98,99,95,101,100,102,104,103,105],"msg_id":140,"type":"broadcast"}}
2025/06/29 16:05:58 Sent {"src":"n2","dest":"n1","body":{"in_reply_to":140,"type":"broadcast_ok"}}
2025/06/29 16:05:58 Sent {"src":"n2","dest":"n1","body":{"messages":[3,5,11,18,21,24,28,32,31,35,34,39,41,45,48,2,0,4,6,8,9,10,13,12,14,16,17,19,23,25,27,29,30,38,37,40,43,44,42,46,1,7,15,20,22,26,33,36,47,51,50,49,56,52,55,53,54,59,58,57,61,60,65,62,64,63,68,69,66,67,73,72,71,77,70,76,75,79,80,74,78,83,82,81,85,86,90,84,87,94,88,89,93,99,91,92,96,97,98,103,95,101,100,102,104,105],"msg_id":46,"type":"broadcast"}}
2025/06/29 16:05:58 Received {n1 n2 {"in_reply_to":46,"type":"broadcast_ok"}}
2025/06/29 16:05:59 Received {n1 n2 {"messages":[3,5,11,18,21,24,28,31,32,34,35,39,41,45,2,0,4,6,8,9,10,13,12,14,16,17,19,23,25,27,29,30,38,37,40,43,44,42,46,1,7,15,20,22,26,33,36,47,51,50,49,48,52,55,53,54,56,59,58,57,60,62,61,64,63,65,68,69,66,67,73,72,71,70,76,75,79,74,78,77,83,82,80,81,85,86,84,87,88,89,90,93,91,92,94,96,97,98,99,95,101,100,102,104,103,105],"msg_id":143,"type":"broadcast"}}
2025/06/29 16:05:59 Sent {"src":"n2","dest":"n1","body":{"in_reply_to":143,"type":"broadcast_ok"}}
2025/06/29 16:05:59 Sent {"src":"n2","dest":"n1","body":{"messages":[3,5,11,18,21,24,28,32,31,35,34,39,41,45,48,2,0,4,6,8,9,10,13,12,14,16,17,19,23,25,27,29,30,38,37,40,43,44,42,46,1,7,15,20,22,26,33,36,47,51,50,49,56,52,55,53,54,59,58,57,61,60,65,62,64,63,68,69,66,67,73,72,71,77,70,76,75,79,80,74,78,83,82,81,85,86,90,84,87,94,88,89,93,99,91,92,96,97,98,103,95,101,100,102,104,105],"msg_id":47,"type":"broadcast"}}
2025/06/29 16:05:59 Received {n1 n2 {"in_reply_to":47,"type":"broadcast_ok"}}
2025/06/29 16:05:59 Received {n1 n2 {"messages":[3,5,11,18,21,24,28,31,32,34,35,39,41,45,2,0,4,6,8,9,10,13,12,14,16,17,19,23,25,27,29,30,38,37,40,43,44,42,46,1,7,15,20,22,26,33,36,47,51,50,49,48,52,55,53,54,56,59,58,57,60,62,61,64,63,65,68,69,66,67,73,72,71,70,76,75,79,74,78,77,83,82,80,81,85,86,84,87,88,89,90,93,91,92,94,96,97,98,99,95,101,100,102,104,103,105],"msg_id":147,"type":"broadcast"}}
2025/06/29 16:05:59 Sent {"src":"n2","dest":"n1","body":{"in_reply_to":147,"type":"broadcast_ok"}}
2025/06/29 16:05:59 Sent {"src":"n2","dest":"n1","body":{"messages":[3,5,11,18,21,24,28,32,31,35,34,39,41,45,48,2,0,4,6,8,9,10,13,12,14,16,17,19,23,25,27,29,30,38,37,40,43,44,42,46,1,7,15,20,22,26,33,36,47,51,50,49,56,52,55,53,54,59,58,57,61,60,65,62,64,63,68,69,66,67,73,72,71,77,70,76,75,79,80,74,78,83,82,81,85,86,90,84,87,94,88,89,93,99,91,92,96,97,98,103,95,101,100,102,104,105],"msg_id":48,"type":"broadcast"}}
2025/06/29 16:05:59 Received {n1 n2 {"in_reply_to":48,"type":"broadcast_ok"}}
2025/06/29 16:06:00 Received {n1 n2 {"messages":[3,5,11,18,21,24,28,31,32,34,35,39,41,45,2,0,4,6,8,9,10,13,12,14,16,17,19,23,25,27,29,30,38,37,40,43,44,42,46,1,7,15,20,22,26,33,36,47,51,50,49,48,52,55,53,54,56,59,58,57,60,62,61,64,63,65,68,69,66,67,73,72,71,70,76,75,79,74,78,77,83,82,80,81,85,86,84,87,88,89,90,93,91,92,94,96,97,98,99,95,101,100,102,104,103,105],"msg_id":148,"type":"broadcast"}}
2025/06/29 16:06:00 Sent {"src":"n2","dest":"n1","body":{"in_reply_to":148,"type":"broadcast_ok"}}
2025/06/29 16:06:00 Sent {"src":"n2","dest":"n1","body":{"messages":[3,5,11,18,21,24,28,32,31,35,34,39,41,45,48,2,0,4,6,8,9,10,13,12,14,16,17,19,23,25,27,29,30,38,37,40,43,44,42,46,1,7,15,20,22,26,33,36,47,51,50,49,56,52,55,53,54,59,58,57,61,60,65,62,64,63,68,69,66,67,73,72,71,77,70,76,75,79,80,74,78,83,82,81,85,86,90,84,87,94,88,89,93,99,91,92,96,97,98,103,95,101,100,102,104,105],"msg_id":49,"type":"broadcast"}}
2025/06/29 16:06:00 Received {n1 n2 {"in_reply_to":49,"type":"broadcast_ok"}}
2025/06/29 16:06:00 Received {n1 n2 {"messages":[3,5,11,18,21,24,28,31,32,34,35,39,41,45,2,0,4,6,8,9,10,13,12,14,16,17,19,23,25,27,29,30,38,37,40,43,44,42,46,1,7,15,20,22,26,33,36,47,51,50,49,48,52,55,53,54,56,59,58,57,60,62,61,64,63,65,68,69,66,67,73,72,71,70,76,75,79,74,78,77,83,82,80,81,85,86,84,87,88,89,90,93,91,92,94,96,97,98,99,95,101,100,102,104,103,105],"msg_id":152,"type":"broadcast"}}
2025/06/29 16:06:00 Sent {"src":"n2","dest":"n1","body":{"in_reply_to":152,"type":"broadcast_ok"}}
2025/06/29 16:06:00 Sent {"src":"n2","dest":"n1","body":{"messages":[3,5,11,18,21,24,28,32,31,35,34,39,41,45,48,2,0,4,6,8,9,10,13,12,14,16,17,19,23,25,27,29,30,38,37,40,43,44,42,46,1,7,15,20,22,26,33,36,47,51,50,49,56,52,55,53,54,59,58,57,61,60,65,62,64,63,68,69,66,67,73,72,71,77,70,76,75,79,80,74,78,83,82,81,85,86,90,84,87,94,88,89,93,99,91,92,96,97,98,103,95,101,100,102,104,105],"msg_id":50,"type":"broadcast"}}
2025/06/29 16:06:00 Received {n1 n2 {"in_reply_to":50,"type":"broadcast_ok"}}
2025/06/29 16:06:01 Received {n1 n2 {"messages":[3,5,11,18,21,24,28,31,32,34,35,39,41,45,2,0,4,6,8,9,10,13,12,14,16,17,19,23,25,27,29,30,38,37,40,43,44,42,46,1,7,15,20,22,26,33,36,47,51,50,49,48,52,55,53,54,56,59,58,57,60,62,61,64,63,65,68,69,66,67,73,72,71,70,76,75,79,74,78,77,83,82,80,81,85,86,84,87,88,89,90,93,91,92,94,96,97,98,99,95,101,100,102,104,103,105],"msg_id":156,"type":"broadcast"}}
2025/06/29 16:06:01 Sent {"src":"n2","dest":"n1","body":{"in_reply_to":156,"type":"broadcast_ok"}}
2025/06/29 16:06:01 Sent {"src":"n2","dest":"n1","body":{"messages":[3,5,11,18,21,24,28,32,31,35,34,39,41,45,48,2,0,4,6,8,9,10,13,12,14,16,17,19,23,25,27,29,30,38,37,40,43,44,42,46,1,7,15,20,22,26,33,36,47,51,50,49,56,52,55,53,54,59,58,57,61,60,65,62,64,63,68,69,66,67,73,72,71,77,70,76,75,79,80,74,78,83,82,81,85,86,90,84,87,94,88,89,93,99,91,92,96,97,98,103,95,101,100,102,104,105],"msg_id":51,"type":"broadcast"}}
2025/06/29 16:06:01 Received {n1 n2 {"in_reply_to":51,"type":"broadcast_ok"}}
2025/06/29 16:06:01 Received {n1 n2 {"messages":[3,5,11,18,21,24,28,31,32,34,35,39,41,45,2,0,4,6,8,9,10,13,12,14,16,17,19,23,25,27,29,30,38,37,40,43,44,42,46,1,7,15,20,22,26,33,36,47,51,50,49,48,52,55,53,54,56,59,58,57,60,62,61,64,63,65,68,69,66,67,73,72,71,70,76,75,79,74,78,77,83,82,80,81,85,86,84,87,88,89,90,93,91,92,94,96,97,98,99,95,101,100,102,104,103,105],"msg_id":158,"type":"broadcast"}}
2025/06/29 16:06:01 Sent {"src":"n2","dest":"n1","body":{"in_reply_to":158,"type":"broadcast_ok"}}
2025/06/29 16:06:01 Sent {"src":"n2","dest":"n1","body":{"messages":[3,5,11,18,21,24,28,32,31,35,34,39,41,45,48,2,0,4,6,8,9,10,13,12,14,16,17,19,23,25,27,29,30,38,37,40,43,44,42,46,1,7,15,20,22,26,33,36,47,51,50,49,56,52,55,53,54,59,58,57,61,60,65,62,64,63,68,69,66,67,73,72,71,77,70,76,75,79,80,74,78,83,82,81,85,86,90,84,87,94,88,89,93,99,91,92,96,97,98,103,95,101,100,102,104,105],"msg_id":52,"type":"broadcast"}}
2025/06/29 16:06:01 Received {n1 n2 {"in_reply_to":52,"type":"broadcast_ok"}}
2025/06/29 16:06:02 Received {n1 n2 {"messages":[3,5,11,18,21,24,28,31,32,34,35,39,41,45,2,0,4,6,8,9,10,13,12,14,16,17,19,23,25,27,29,30,38,37,40,43,44,42,46,1,7,15,20,22,26,33,36,47,51,50,49,48,52,55,53,54,56,59,58,57,60,62,61,64,63,65,68,69,66,67,73,72,71,70,76,75,79,74,78,77,83,82,80,81,85,86,84,87,88,89,90,93,91,92,94,96,97,98,99,95,101,100,102,104,103,105],"msg_id":162,"type":"broadcast"}}
2025/06/29 16:06:02 Sent {"src":"n2","dest":"n1","body":{"in_reply_to":162,"type":"broadcast_ok"}}
2025/06/29 16:06:02 Sent {"src":"n2","dest":"n1","body":{"messages":[3,5,11,18,21,24,28,32,31,35,34,39,41,45,48,2,0,4,6,8,9,10,13,12,14,16,17,19,23,25,27,29,30,38,37,40,43,44,42,46,1,7,15,20,22,26,33,36,47,51,50,49,56,52,55,53,54,59,58,57,61,60,65,62,64,63,68,69,66,67,73,72,71,77,70,76,75,79,80,74,78,83,82,81,85,86,90,84,87,94,88,89,93,99,91,92,96,97,98,103,95,101,100,102,104,105],"msg_id":53,"type":"broadcast"}}
2025/06/29 16:06:02 Received {n1 n2 {"in_reply_to":53,"type":"broadcast_ok"}}
2025/06/29 16:06:02 Received {n1 n2 {"messages":[3,5,11,18,21,24,28,31,32,34,35,39,41,45,2,0,4,6,8,9,10,13,12,14,16,17,19,23,25,27,29,30,38,37,40,43,44,42,46,1,7,15,20,22,26,33,36,47,51,50,49,48,52,55,53,54,56,59,58,57,60,62,61,64,63,65,68,69,66,67,73,72,71,70,76,75,79,74,78,77,83,82,80,81,85,86,84,87,88,89,90,93,91,92,94,96,97,98,99,95,101,100,102,104,103,105],"msg_id":163,"type":"broadcast"}}
2025/06/29 16:06:02 Sent {"src":"n2","dest":"n1","body":{"in_reply_to":163,"type":"broadcast_ok"}}
2025/06/29 16:06:02 Sent {"src":"n2","dest":"n1","body":{"messages":[3,5,11,18,21,24,28,32,31,35,34,39,41,45,48,2,0,4,6,8,9,10,13,12,14,16,17,19,23,25,27,29,30,38,37,40,43,44,42,46,1,7,15,20,22,26,33,36,47,51,50,49,56,52,55,53,54,59,58,57,61,60,65,62,64,63,68,69,66,67,73,72,71,77,70,76,75,79,80,74,78,83,82,81,85,86,90,84,87,94,88,89,93,99,91,92,96,97,98,103,95,101,100,102,104,105],"msg_id":54,"type":"broadcast"}}
2025/06/29 16:06:02 Received {n1 n2 {"in_reply_to":54,"type":"broadcast_ok"}}
2025/06/29 16:06:03 Received {n1 n2 {"messages":[3,5,11,18,21,24,28,31,32,34,35,39,41,45,2,0,4,6,8,9,10,13,12,14,16,17,19,23,25,27,29,30,38,37,40,43,44,42,46,1,7,15,20,22,26,33,36,47,51,50,49,48,52,55,53,54,56,59,58,57,60,62,61,64,63,65,68,69,66,67,73,72,71,70,76,75,79,74,78,77,83,82,80,81,85,86,84,87,88,89,90,93,91,92,94,96,97,98,99,95,101,100,102,104,103,105],"msg_id":168,"type":"broadcast"}}
2025/06/29 16:06:03 Sent {"src":"n2","dest":"n1","body":{"in_reply_to":168,"type":"broadcast_ok"}}
2025/06/29 16:06:03 Sent {"src":"n2","dest":"n1","body":{"messages":[3,5,11,18,21,24,28,32,31,35,34,39,41,45,48,2,0,4,6,8,9,10,13,12,14,16,17,19,23,25,27,29,30,38,37,40,43,44,42,46,1,7,15,20,22,26,33,36,47,51,50,49,56,52,55,53,54,59,58,57,61,60,65,62,64,63,68,69,66,67,73,72,71,77,70,76,75,79,80,74,78,83,82,81,85,86,90,84,87,94,88,89,93,99,91,92,96,97,98,103,95,101,100,102,104,105],"msg_id":55,"type":"broadcast"}}
2025/06/29 16:06:03 Received {n1 n2 {"in_reply_to":55,"type":"broadcast_ok"}}
2025/06/29 16:06:03 Received {n1 n2 {"messages":[3,5,11,18,21,24,28,31,32,34,35,39,41,45,2,0,4,6,8,9,10,13,12,14,16,17,19,23,25,27,29,30,38,37,40,43,44,42,46,1,7,15,20,22,26,33,36,47,51,50,49,48,52,55,53,54,56,59,58,57,60,62,61,64,63,65,68,69,66,67,73,72,71,70,76,75,79,74,78,77,83,82,80,81,85,86,84,87,88,89,90,93,91,92,94,96,97,98,99,95,101,100,102,104,103,105],"msg_id":169,"type":"broadcast"}}
2025/06/29 16:06:03 Sent {"src":"n2","dest":"n1","body":{"in_reply_to":169,"type":"broadcast_ok"}}
2025/06/29 16:06:03 Sent {"src":"n2","dest":"n1","body":{"messages":[3,5,11,18,21,24,28,32,31,35,34,39,41,45,48,2,0,4,6,8,9,10,13,12,14,16,17,19,23,25,27,29,30,38,37,40,43,44,42,46,1,7,15,20,22,26,33,36,47,51,50,49,56,52,55,53,54,59,58,57,61,60,65,62,64,63,68,69,66,67,73,72,71,77,70,76,75,79,80,74,78,83,82,81,85,86,90,84,87,94,88,89,93,99,91,92,96,97,98,103,95,101,100,102,104,105],"msg_id":56,"type":"broadcast"}}
2025/06/29 16:06:03 Received {n1 n2 {"in_reply_to":56,"type":"broadcast_ok"}}
2025/06/29 16:06:04 Received {n1 n2 {"messages":[3,5,11,18,21,24,28,31,32,34,35,39,41,45,2,0,4,6,8,9,10,13,12,14,16,17,19,23,25,27,29,30,38,37,40,43,44,42,46,1,7,15,20,22,26,33,36,47,51,50,49,48,52,55,53,54,56,59,58,57,60,62,61,64,63,65,68,69,66,67,73,72,71,70,76,75,79,74,78,77,83,82,80,81,85,86,84,87,88,89,90,93,91,92,94,96,97,98,99,95,101,100,102,104,103,105],"msg_id":174,"type":"broadcast"}}
2025/06/29 16:06:04 Sent {"src":"n2","dest":"n1","body":{"in_reply_to":174,"type":"broadcast_ok"}}
2025/06/29 16:06:04 Sent {"src":"n2","dest":"n1","body":{"messages":[3,5,11,18,21,24,28,32,31,35,34,39,41,45,48,2,0,4,6,8,9,10,13,12,14,16,17,19,23,25,27,29,30,38,37,40,43,44,42,46,1,7,15,20,22,26,33,36,47,51,50,49,56,52,55,53,54,59,58,57,61,60,65,62,64,63,68,69,66,67,73,72,71,77,70,76,75,79,80,74,78,83,82,81,85,86,90,84,87,94,88,89,93,99,91,92,96,97,98,103,95,101,100,102,104,105],"msg_id":57,"type":"broadcast"}}
2025/06/29 16:06:04 Received {n1 n2 {"in_reply_to":57,"type":"broadcast_ok"}}
2025/06/29 16:06:04 Received {c11 n2 {"type":"read","msg_id":34}}
2025/06/29 16:06:04 Sent {"src":"n2","dest":"c11","body":{"in_reply_to":34,"messages":[3,5,11,18,21,24,28,32,31,35,34,39,41,45,48,2,0,4,6,8,9,10,13,12,14,16,17,19,23,25,27,29,30,38,37,40,43,44,42,46,1,7,15,20,22,26,33,36,47,51,50,49,56,52,55,53,54,59,58,57,61,60,65,62,64,63,68,69,66,67,73,72,71,77,70,76,75,79,80,74,78,83,82,81,85,86,90,84,87,94,88,89,93,99,91,92,96,97,98,103,95,101,100,102,104,105],"type":"read_ok"}}
