2025/06/29 16:05:34 Received {c2 n3 {"type":"init","node_id":"n3","node_ids":["n0","n1","n2","n3","n4"],"msg_id":1}}
2025/06/29 16:05:34 Node n3 initialized
2025/06/29 16:05:34 Sent {"src":"n3","dest":"c2","body":{"in_reply_to":1,"type":"init_ok"}}
2025/06/29 16:05:34 Received {c8 n3 {"type":"topology","topology":{"n0":["n3","n1"],"n1":["n4","n2","n0"],"n2":["n1"],"n3":["n0","n4"],"n4":["n1","n3"]},"msg_id":1}}
2025/06/29 16:05:34 Sent {"src":"n3","dest":"c8","body":{"in_reply_to":1,"type":"topology_ok"}}
2025/06/29 16:05:34 Received {c12 n3 {"type":"broadcast","message":0,"msg_id":1}}
2025/06/29 16:05:34 Sent {"src":"n3","dest":"c12","body":{"in_reply_to":1,"type":"broadcast_ok"}}
2025/06/29 16:05:35 Sent {"src":"n3","dest":"n4","body":{"messages":[0],"msg_id":1,"type":"broadcast"}}
2025/06/29 16:05:35 Sent {"src":"n3","dest":"n0","body":{"messages":[0],"msg_id":2,"type":"broadcast"}}
2025/06/29 16:05:35 Received {n0 n3 {"messages":[2],"msg_id":2,"type":"broadcast"}}
2025/06/29 16:05:35 Sent {"src":"n3","dest":"n0","body":{"in_reply_to":2,"type":"broadcast_ok"}}
2025/06/29 16:05:35 Received {n0 n3 {"in_reply_to":2,"type":"broadcast_ok"}}
2025/06/29 16:05:35 Received {c12 n3 {"type":"read","msg_id":2}}
2025/06/29 16:05:35 Sent {"src":"n3","dest":"c12","body":{"in_reply_to":2,"messages":[0,2],"type":"read_ok"}}
2025/06/29 16:05:35 Sent {"src":"n3","dest":"n0","body":{"messages":[0,2],"msg_id":4,"type":"broadcast"}}
2025/06/29 16:05:35 Sent {"src":"n3","dest":"n4","body":{"messages":[0,2],"msg_id":3,"type":"broadcast"}}
2025/06/29 16:05:35 Received {n0 n3 {"messages":[2,0,4],"msg_id":3,"type":"broadcast"}}
2025/06/29 16:05:35 Sent {"src":"n3","dest":"n0","body":{"in_reply_to":3,"type":"broadcast_ok"}}
2025/06/29 16:05:35 Received {n0 n3 {"in_reply_to":4,"type":"broadcast_ok"}}
2025/06/29 16:05:36 Received {c12 n3 {"type":"broadcast","message":6,"msg_id":3}}
2025/06/29 16:05:36 Sent {"src":"n3","dest":"c12","body":{"in_reply_to":3,"type":"broadcast_ok"}}
2025/06/29 16:05:36 Sent {"src":"n3","dest":"n0","body":{"messages":[0,2,4,6],"msg_id":6,"type":"broadcast"}}
2025/06/29 16:05:36 Sent {"src":"n3","dest":"n4","body":{"messages":[0,2,4,6],"msg_id":5,"type":"broadcast"}}
2025/06/29 16:05:36 Received {n0 n3 {"messages":[2,0,4],"msg_id":6,"type":"broadcast"}}
2025/06/29 16:05:36 Sent {"src":"n3","dest":"n0","body":{"in_reply_to":6,"type":"broadcast_ok"}}
2025/06/29 16:05:36 Received {n0 n3 {"in_reply_to":6,"type":"broadcast_ok"}}
2025/06/29 16:05:36 Sent {"src":"n3","dest":"n4","body":{"messages":[0,2,4,6],"msg_id":7,"type":"broadcast"}}
2025/06/29 16:05:36 Sent {"src":"n3","dest":"n0","body":{"messages":[0,2,4,6],"msg_id":8,"type":"broadcast"}}
2025/06/29 16:05:36 Received {n0 n3 {"messages":[2,0,4,6,8,9],"msg_id":8,"type":"broadcast"}}
2025/06/29 16:05:36 Sent {"src":"n3","dest":"n0","body":{"in_reply_to":8,"type":"broadcast_ok"}}
2025/06/29 16:05:36 Received {n0 n3 {"in_reply_to":8,"type":"broadcast_ok"}}
2025/06/29 16:05:36 Received {c12 n3 {"type":"read","msg_id":4}}
2025/06/29 16:05:36 Sent {"src":"n3","dest":"c12","body":{"in_reply_to":4,"messages":[0,2,4,6,8,9],"type":"read_ok"}}
2025/06/29 16:05:37 Sent {"src":"n3","dest":"n4","body":{"messages":[0,2,4,6,8,9],"msg_id":9,"type":"broadcast"}}
2025/06/29 16:05:37 Sent {"src":"n3","dest":"n0","body":{"messages":[0,2,4,6,8,9],"msg_id":10,"type":"broadcast"}}
2025/06/29 16:05:37 Received {n0 n3 {"messages":[2,0,4,6,8,9,10],"msg_id":10,"type":"broadcast"}}
2025/06/29 16:05:37 Sent {"src":"n3","dest":"n0","body":{"in_reply_to":10,"type":"broadcast_ok"}}
2025/06/29 16:05:37 Received {n0 n3 {"in_reply_to":10,"type":"broadcast_ok"}}
2025/06/29 16:05:37 Received {c12 n3 {"type":"broadcast","message":12,"msg_id":5}}
2025/06/29 16:05:37 Sent {"src":"n3","dest":"c12","body":{"in_reply_to":5,"type":"broadcast_ok"}}
2025/06/29 16:05:37 Sent {"src":"n3","dest":"n0","body":{"messages":[0,2,4,6,8,9,10,12],"msg_id":12,"type":"broadcast"}}
2025/06/29 16:05:37 Sent {"src":"n3","dest":"n4","body":{"messages":[0,2,4,6,8,9,10,12],"msg_id":11,"type":"broadcast"}}
2025/06/29 16:05:37 Received {n0 n3 {"messages":[2,0,4,6,8,9,10,13],"msg_id":12,"type":"broadcast"}}
2025/06/29 16:05:37 Sent {"src":"n3","dest":"n0","body":{"in_reply_to":12,"type":"broadcast_ok"}}
2025/06/29 16:05:37 Received {n0 n3 {"in_reply_to":12,"type":"broadcast_ok"}}
2025/06/29 16:05:38 Received {c12 n3 {"type":"broadcast","message":14,"msg_id":6}}
2025/06/29 16:05:38 Sent {"src":"n3","dest":"c12","body":{"in_reply_to":6,"type":"broadcast_ok"}}
2025/06/29 16:05:38 Sent {"src":"n3","dest":"n4","body":{"messages":[0,2,4,6,8,9,10,12,13,14],"msg_id":13,"type":"broadcast"}}
2025/06/29 16:05:38 Sent {"src":"n3","dest":"n0","body":{"messages":[0,2,4,6,8,9,10,12,13,14],"msg_id":14,"type":"broadcast"}}
2025/06/29 16:05:38 Received {n0 n3 {"messages":[2,0,4,6,8,9,10,13,12],"msg_id":13,"type":"broadcast"}}
2025/06/29 16:05:38 Sent {"src":"n3","dest":"n0","body":{"in_reply_to":13,"type":"broadcast_ok"}}
2025/06/29 16:05:38 Received {n0 n3 {"in_reply_to":14,"type":"broadcast_ok"}}
2025/06/29 16:05:38 Received {n0 n3 {"messages":[2,0,4,6,8,9,10,13,12,14,16,17],"msg_id":16,"type":"broadcast"}}
2025/06/29 16:05:38 Sent {"src":"n3","dest":"n4","body":{"messages":[0,2,4,6,8,9,10,12,13,14],"msg_id":15,"type":"broadcast"}}
2025/06/29 16:05:38 Sent {"src":"n3","dest":"n0","body":{"messages":[0,2,4,6,8,9,10,12,13,14],"msg_id":16,"type":"broadcast"}}
2025/06/29 16:05:38 Sent {"src":"n3","dest":"n0","body":{"in_reply_to":16,"type":"broadcast_ok"}}
2025/06/29 16:05:38 Received {n0 n3 {"in_reply_to":16,"type":"broadcast_ok"}}
2025/06/29 16:05:38 Received {c12 n3 {"type":"broadcast","message":19,"msg_id":7}}
2025/06/29 16:05:38 Sent {"src":"n3","dest":"c12","body":{"in_reply_to":7,"type":"broadcast_ok"}}
2025/06/29 16:05:39 Sent {"src":"n3","dest":"n0","body":{"messages":[0,2,4,6,8,9,10,12,13,14,16,17,19],"msg_id":17,"type":"broadcast"}}
2025/06/29 16:05:39 Sent {"src":"n3","dest":"n4","body":{"messages":[0,2,4,6,8,9,10,12,13,14,16,17,19],"msg_id":18,"type":"broadcast"}}
2025/06/29 16:05:39 Received {n0 n3 {"messages":[2,0,4,6,8,9,10,13,12,14,16,17],"msg_id":18,"type":"broadcast"}}
2025/06/29 16:05:39 Sent {"src":"n3","dest":"n0","body":{"in_reply_to":18,"type":"broadcast_ok"}}
2025/06/29 16:05:39 Received {n0 n3 {"in_reply_to":17,"type":"broadcast_ok"}}
2025/06/29 16:05:39 Received {c12 n3 {"type":"read","msg_id":8}}
2025/06/29 16:05:39 Sent {"src":"n3","dest":"c12","body":{"in_reply_to":8,"messages":[0,2,4,6,8,9,10,12,13,14,16,17,19],"type":"read_ok"}}
2025/06/29 16:05:39 Sent {"src":"n3","dest":"n4","body":{"messages":[0,2,4,6,8,9,10,12,13,14,16,17,19],"msg_id":19,"type":"broadcast"}}
2025/06/29 16:05:39 Sent {"src":"n3","dest":"n0","body":{"messages":[0,2,4,6,8,9,10,12,13,14,16,17,19],"msg_id":20,"type":"broadcast"}}
2025/06/29 16:05:39 Received {n0 n3 {"messages":[2,0,4,6,8,9,10,13,12,14,16,17,19,23],"msg_id":20,"type":"broadcast"}}
2025/06/29 16:05:39 Sent {"src":"n3","dest":"n0","body":{"in_reply_to":20,"type":"broadcast_ok"}}
2025/06/29 16:05:39 Received {n0 n3 {"in_reply_to":20,"type":"broadcast_ok"}}
2025/06/29 16:05:39 Received {c12 n3 {"type":"broadcast","message":25,"msg_id":9}}
2025/06/29 16:05:39 Sent {"src":"n3","dest":"c12","body":{"in_reply_to":9,"type":"broadcast_ok"}}
2025/06/29 16:05:40 Sent {"src":"n3","dest":"n4","body":{"messages":[0,2,4,6,8,9,10,12,13,14,16,17,19,23,25],"msg_id":21,"type":"broadcast"}}
2025/06/29 16:05:40 Sent {"src":"n3","dest":"n0","body":{"messages":[0,2,4,6,8,9,10,12,13,14,16,17,19,23,25],"msg_id":22,"type":"broadcast"}}
2025/06/29 16:05:40 Received {n0 n3 {"messages":[2,0,4,6,8,9,10,13,12,14,16,17,19,23],"msg_id":22,"type":"broadcast"}}
2025/06/29 16:05:40 Sent {"src":"n3","dest":"n0","body":{"in_reply_to":22,"type":"broadcast_ok"}}
2025/06/29 16:05:40 Received {n0 n3 {"in_reply_to":22,"type":"broadcast_ok"}}
2025/06/29 16:05:40 Received {c12 n3 {"type":"read","msg_id":10}}
2025/06/29 16:05:40 Sent {"src":"n3","dest":"c12","body":{"in_reply_to":10,"messages":[0,2,4,6,8,9,10,12,13,14,16,17,19,23,25],"type":"read_ok"}}
2025/06/29 16:05:40 Sent {"src":"n3","dest":"n4","body":{"messages":[0,2,4,6,8,9,10,12,13,14,16,17,19,23,25],"msg_id":23,"type":"broadcast"}}
2025/06/29 16:05:40 Sent {"src":"n3","dest":"n0","body":{"messages":[0,2,4,6,8,9,10,12,13,14,16,17,19,23,25],"msg_id":24,"type":"broadcast"}}
2025/06/29 16:05:40 Received {n0 n3 {"messages":[2,0,4,6,8,9,10,13,12,14,16,17,19,23,25,27],"msg_id":23,"type":"broadcast"}}
2025/06/29 16:05:40 Sent {"src":"n3","dest":"n0","body":{"in_reply_to":23,"type":"broadcast_ok"}}
2025/06/29 16:05:40 Received {n0 n3 {"in_reply_to":24,"type":"broadcast_ok"}}
2025/06/29 16:05:41 Sent {"src":"n3","dest":"n4","body":{"messages":[0,2,4,6,8,9,10,12,13,14,16,17,19,23,25,27],"msg_id":25,"type":"broadcast"}}
2025/06/29 16:05:41 Sent {"src":"n3","dest":"n0","body":{"messages":[0,2,4,6,8,9,10,12,13,14,16,17,19,23,25,27],"msg_id":26,"type":"broadcast"}}
2025/06/29 16:05:41 Received {n0 n3 {"messages":[2,0,4,6,8,9,10,13,12,14,16,17,19,23,25,27,29,30],"msg_id":26,"type":"broadcast"}}
2025/06/29 16:05:41 Sent {"src":"n3","dest":"n0","body":{"in_reply_to":26,"type":"broadcast_ok"}}
2025/06/29 16:05:41 Received {n0 n3 {"in_reply_to":26,"type":"broadcast_ok"}}
2025/06/29 16:05:41 Received {c12 n3 {"type":"read","msg_id":11}}
2025/06/29 16:05:41 Sent {"src":"n3","dest":"c12","body":{"in_reply_to":11,"messages":[0,2,4,6,8,9,10,12,13,14,16,17,19,23,25,27,29,30],"type":"read_ok"}}
2025/06/29 16:05:41 Sent {"src":"n3","dest":"n4","body":{"messages":[0,2,4,6,8,9,10,12,13,14,16,17,19,23,25,27,29,30],"msg_id":27,"type":"broadcast"}}
2025/06/29 16:05:41 Sent {"src":"n3","dest":"n0","body":{"messages":[0,2,4,6,8,9,10,12,13,14,16,17,19,23,25,27,29,30],"msg_id":28,"type":"broadcast"}}
2025/06/29 16:05:41 Received {n0 n3 {"messages":[2,0,4,6,8,9,10,13,12,14,16,17,19,23,25,27,29,30],"msg_id":28,"type":"broadcast"}}
2025/06/29 16:05:41 Sent {"src":"n3","dest":"n0","body":{"in_reply_to":28,"type":"broadcast_ok"}}
2025/06/29 16:05:41 Received {n0 n3 {"in_reply_to":28,"type":"broadcast_ok"}}
2025/06/29 16:05:41 Received {c12 n3 {"type":"read","msg_id":12}}
2025/06/29 16:05:41 Sent {"src":"n3","dest":"c12","body":{"in_reply_to":12,"messages":[0,2,4,6,8,9,10,12,13,14,16,17,19,23,25,27,29,30],"type":"read_ok"}}
2025/06/29 16:05:42 Sent {"src":"n3","dest":"n4","body":{"messages":[0,2,4,6,8,9,10,12,13,14,16,17,19,23,25,27,29,30],"msg_id":29,"type":"broadcast"}}
2025/06/29 16:05:42 Sent {"src":"n3","dest":"n0","body":{"messages":[0,2,4,6,8,9,10,12,13,14,16,17,19,23,25,27,29,30],"msg_id":30,"type":"broadcast"}}
2025/06/29 16:05:42 Received {n0 n3 {"messages":[2,0,4,6,8,9,10,13,12,14,16,17,19,23,25,27,29,30],"msg_id":29,"type":"broadcast"}}
2025/06/29 16:05:42 Sent {"src":"n3","dest":"n0","body":{"in_reply_to":29,"type":"broadcast_ok"}}
2025/06/29 16:05:42 Received {n0 n3 {"in_reply_to":30,"type":"broadcast_ok"}}
2025/06/29 16:05:42 Received {c12 n3 {"type":"broadcast","message":37,"msg_id":13}}
2025/06/29 16:05:42 Sent {"src":"n3","dest":"c12","body":{"in_reply_to":13,"type":"broadcast_ok"}}
2025/06/29 16:05:42 Sent {"src":"n3","dest":"n4","body":{"messages":[0,2,4,6,8,9,10,12,13,14,16,17,19,23,25,27,29,30,37],"msg_id":32,"type":"broadcast"}}
2025/06/29 16:05:42 Sent {"src":"n3","dest":"n0","body":{"messages":[0,2,4,6,8,9,10,12,13,14,16,17,19,23,25,27,29,30,37],"msg_id":31,"type":"broadcast"}}
2025/06/29 16:05:42 Received {n0 n3 {"messages":[2,0,4,6,8,9,10,13,12,14,16,17,19,23,25,27,29,30,38],"msg_id":32,"type":"broadcast"}}
2025/06/29 16:05:42 Received {n0 n3 {"in_reply_to":31,"type":"broadcast_ok"}}
2025/06/29 16:05:42 Sent {"src":"n3","dest":"n0","body":{"in_reply_to":32,"type":"broadcast_ok"}}
2025/06/29 16:05:43 Received {c12 n3 {"type":"broadcast","message":40,"msg_id":14}}
2025/06/29 16:05:43 Sent {"src":"n3","dest":"c12","body":{"in_reply_to":14,"type":"broadcast_ok"}}
2025/06/29 16:05:43 Sent {"src":"n3","dest":"n4","body":{"messages":[0,2,4,6,8,9,10,12,13,14,16,17,19,23,25,27,29,30,37,38,40],"msg_id":33,"type":"broadcast"}}
2025/06/29 16:05:43 Sent {"src":"n3","dest":"n0","body":{"messages":[0,2,4,6,8,9,10,12,13,14,16,17,19,23,25,27,29,30,37,38,40],"msg_id":34,"type":"broadcast"}}
2025/06/29 16:05:43 Received {n0 n3 {"messages":[2,0,4,6,8,9,10,13,12,14,16,17,19,23,25,27,29,30,38,37],"msg_id":33,"type":"broadcast"}}
2025/06/29 16:05:43 Sent {"src":"n3","dest":"n0","body":{"in_reply_to":33,"type":"broadcast_ok"}}
2025/06/29 16:05:43 Received {n0 n3 {"in_reply_to":34,"type":"broadcast_ok"}}
2025/06/29 16:05:43 Sent {"src":"n3","dest":"n4","body":{"messages":[0,2,4,6,8,9,10,12,13,14,16,17,19,23,25,27,29,30,37,38,40],"msg_id":36,"type":"broadcast"}}
2025/06/29 16:05:43 Sent {"src":"n3","dest":"n0","body":{"messages":[0,2,4,6,8,9,10,12,13,14,16,17,19,23,25,27,29,30,37,38,40],"msg_id":35,"type":"broadcast"}}
2025/06/29 16:05:43 Received {n0 n3 {"messages":[2,0,4,6,8,9,10,13,12,14,16,17,19,23,25,27,29,30,38,37,40],"msg_id":36,"type":"broadcast"}}
2025/06/29 16:05:43 Received {n0 n3 {"in_reply_to":35,"type":"broadcast_ok"}}
2025/06/29 16:05:43 Sent {"src":"n3","dest":"n0","body":{"in_reply_to":36,"type":"broadcast_ok"}}
2025/06/29 16:05:43 Received {c12 n3 {"type":"broadcast","message":42,"msg_id":15}}
2025/06/29 16:05:43 Sent {"src":"n3","dest":"c12","body":{"in_reply_to":15,"type":"broadcast_ok"}}
2025/06/29 16:05:44 Sent {"src":"n3","dest":"n4","body":{"messages":[0,2,4,6,8,9,10,12,13,14,16,17,19,23,25,27,29,30,37,38,40,42],"msg_id":37,"type":"broadcast"}}
2025/06/29 16:05:44 Sent {"src":"n3","dest":"n0","body":{"messages":[0,2,4,6,8,9,10,12,13,14,16,17,19,23,25,27,29,30,37,38,40,42],"msg_id":38,"type":"broadcast"}}
2025/06/29 16:05:44 Received {n0 n3 {"messages":[2,0,4,6,8,9,10,13,12,14,16,17,19,23,25,27,29,30,38,37,40,43,44],"msg_id":38,"type":"broadcast"}}
2025/06/29 16:05:44 Received {n0 n3 {"in_reply_to":38,"type":"broadcast_ok"}}
2025/06/29 16:05:44 Sent {"src":"n3","dest":"n0","body":{"in_reply_to":38,"type":"broadcast_ok"}}
2025/06/29 16:05:44 Sent {"src":"n3","dest":"n0","body":{"messages":[0,2,4,6,8,9,10,12,13,14,16,17,19,23,25,27,29,30,37,38,40,42,43,44],"msg_id":40,"type":"broadcast"}}
2025/06/29 16:05:44 Sent {"src":"n3","dest":"n4","body":{"messages":[0,2,4,6,8,9,10,12,13,14,16,17,19,23,25,27,29,30,37,38,40,42,43,44],"msg_id":39,"type":"broadcast"}}
2025/06/29 16:05:44 Received {n0 n3 {"in_reply_to":40,"type":"broadcast_ok"}}
2025/06/29 16:05:44 Received {n0 n3 {"messages":[2,0,4,6,8,9,10,13,12,14,16,17,19,23,25,27,29,30,38,37,40,43,44,42,46],"msg_id":40,"type":"broadcast"}}
2025/06/29 16:05:44 Received {n4 n3 {"messages":[1,7,15,20,22,26,33,36],"msg_id":39,"type":"broadcast"}}
2025/06/29 16:05:44 Received {n4 n3 {"in_reply_to":39,"type":"broadcast_ok"}}
2025/06/29 16:05:44 Sent {"src":"n3","dest":"n0","body":{"in_reply_to":40,"type":"broadcast_ok"}}
2025/06/29 16:05:44 Sent {"src":"n3","dest":"n4","body":{"in_reply_to":39,"type":"broadcast_ok"}}
2025/06/29 16:05:44 Received {c12 n3 {"type":"broadcast","message":49,"msg_id":16}}
2025/06/29 16:05:44 Sent {"src":"n3","dest":"c12","body":{"in_reply_to":16,"type":"broadcast_ok"}}
2025/06/29 16:05:45 Sent {"src":"n3","dest":"n4","body":{"messages":[0,2,4,6,8,9,10,12,13,14,16,17,19,23,25,27,29,30,37,38,40,42,43,44,46,1,7,15,20,22,26,33,36,49],"msg_id":41,"type":"broadcast"}}
2025/06/29 16:05:45 Sent {"src":"n3","dest":"n0","body":{"messages":[0,2,4,6,8,9,10,12,13,14,16,17,19,23,25,27,29,30,37,38,40,42,43,44,46,1,7,15,20,22,26,33,36,49],"msg_id":42,"type":"broadcast"}}
2025/06/29 16:05:45 Received {n4 n3 {"in_reply_to":41,"type":"broadcast_ok"}}
2025/06/29 16:05:45 Received {n0 n3 {"messages":[2,0,4,6,8,9,10,13,12,14,16,17,19,23,25,27,29,30,38,37,40,43,44,42,46,3,5,11,18,21,24,28,31,32,34,35,39,41,45,51,1,7,15,20,22,26,33,36,47],"msg_id":42,"type":"broadcast"}}
2025/06/29 16:05:45 Received {n4 n3 {"messages":[1,7,15,20,22,26,33,36,3,5,11,18,21,24,28,31,32,34,35,39,41,45,0,2,4,6,8,9,10,12,13,14,16,17,19,23,25,27,29,30,37,38,40,42,43,44,50,46,49,47],"msg_id":41,"type":"broadcast"}}
2025/06/29 16:05:45 Received {n0 n3 {"in_reply_to":42,"type":"broadcast_ok"}}
2025/06/29 16:05:45 Sent {"src":"n3","dest":"n0","body":{"in_reply_to":42,"type":"broadcast_ok"}}
2025/06/29 16:05:45 Sent {"src":"n3","dest":"n4","body":{"in_reply_to":41,"type":"broadcast_ok"}}
2025/06/29 16:05:45 Received {c12 n3 {"type":"broadcast","message":52,"msg_id":17}}
2025/06/29 16:05:45 Sent {"src":"n3","dest":"c12","body":{"in_reply_to":17,"type":"broadcast_ok"}}
2025/06/29 16:05:45 Sent {"src":"n3","dest":"n4","body":{"messages":[0,2,4,6,8,9,10,12,13,14,16,17,19,23,25,27,29,30,37,38,40,42,43,44,46,1,7,15,20,22,26,33,36,49,3,5,11,18,21,24,28,31,32,34,35,39,41,45,51,47,50,52],"msg_id":44,"type":"broadcast"}}
2025/06/29 16:05:45 Sent {"src":"n3","dest":"n0","body":{"messages":[0,2,4,6,8,9,10,12,13,14,16,17,19,23,25,27,29,30,37,38,40,42,43,44,46,1,7,15,20,22,26,33,36,49,3,5,11,18,21,24,28,31,32,34,35,39,41,45,51,47,50,52],"msg_id":43,"type":"broadcast"}}
2025/06/29 16:05:45 Received {n4 n3 {"in_reply_to":44,"type":"broadcast_ok"}}
2025/06/29 16:05:45 Received {n0 n3 {"in_reply_to":43,"type":"broadcast_ok"}}
2025/06/29 16:05:45 Received {n0 n3 {"messages":[2,0,4,6,8,9,10,13,12,14,16,17,19,23,25,27,29,30,38,37,40,43,44,42,46,3,5,11,18,21,24,28,31,32,34,35,39,41,45,51,1,7,15,20,22,26,33,36,47,49,50,52],"msg_id":44,"type":"broadcast"}}
2025/06/29 16:05:45 Received {n4 n3 {"messages":[1,7,15,20,22,26,33,36,3,5,11,18,21,24,28,31,32,34,35,39,41,45,0,2,4,6,8,9,10,12,13,14,16,17,19,23,25,27,29,30,37,38,40,42,43,44,50,46,49,47,51,52,48],"msg_id":43,"type":"broadcast"}}
2025/06/29 16:05:45 Sent {"src":"n3","dest":"n0","body":{"in_reply_to":44,"type":"broadcast_ok"}}
2025/06/29 16:05:45 Sent {"src":"n3","dest":"n4","body":{"in_reply_to":43,"type":"broadcast_ok"}}
2025/06/29 16:05:46 Received {c12 n3 {"type":"read","msg_id":18}}
2025/06/29 16:05:46 Sent {"src":"n3","dest":"c12","body":{"in_reply_to":18,"messages":[0,2,4,6,8,9,10,12,13,14,16,17,19,23,25,27,29,30,37,38,40,42,43,44,46,1,7,15,20,22,26,33,36,49,3,5,11,18,21,24,28,31,32,34,35,39,41,45,51,47,50,52,48],"type":"read_ok"}}
2025/06/29 16:05:46 Sent {"src":"n3","dest":"n0","body":{"messages":[0,2,4,6,8,9,10,12,13,14,16,17,19,23,25,27,29,30,37,38,40,42,43,44,46,1,7,15,20,22,26,33,36,49,3,5,11,18,21,24,28,31,32,34,35,39,41,45,51,47,50,52,48],"msg_id":45,"type":"broadcast"}}
2025/06/29 16:05:46 Sent {"src":"n3","dest":"n4","body":{"messages":[0,2,4,6,8,9,10,12,13,14,16,17,19,23,25,27,29,30,37,38,40,42,43,44,46,1,7,15,20,22,26,33,36,49,3,5,11,18,21,24,28,31,32,34,35,39,41,45,51,47,50,52,48],"msg_id":46,"type":"broadcast"}}
2025/06/29 16:05:46 Received {n0 n3 {"messages":[2,0,4,6,8,9,10,13,12,14,16,17,19,23,25,27,29,30,38,37,40,43,44,42,46,3,5,11,18,21,24,28,31,32,34,35,39,41,45,51,1,7,15,20,22,26,33,36,47,49,50,52,48,53,54],"msg_id":46,"type":"broadcast"}}
2025/06/29 16:05:46 Sent {"src":"n3","dest":"n0","body":{"in_reply_to":46,"type":"broadcast_ok"}}
2025/06/29 16:05:46 Received {n4 n3 {"messages":[1,7,15,20,22,26,33,36,3,5,11,18,21,24,28,31,32,34,35,39,41,45,0,2,4,6,8,9,10,12,13,14,16,17,19,23,25,27,29,30,37,38,40,42,43,44,50,46,49,47,51,52,48],"msg_id":45,"type":"broadcast"}}
2025/06/29 16:05:46 Sent {"src":"n3","dest":"n4","body":{"in_reply_to":45,"type":"broadcast_ok"}}
2025/06/29 16:05:46 Received {n0 n3 {"in_reply_to":45,"type":"broadcast_ok"}}
2025/06/29 16:05:46 Received {n4 n3 {"in_reply_to":46,"type":"broadcast_ok"}}
2025/06/29 16:05:46 Sent {"src":"n3","dest":"n0","body":{"messages":[0,2,4,6,8,9,10,12,13,14,16,17,19,23,25,27,29,30,37,38,40,42,43,44,46,1,7,15,20,22,26,33,36,49,3,5,11,18,21,24,28,31,32,34,35,39,41,45,51,47,50,52,48,53,54],"msg_id":48,"type":"broadcast"}}
2025/06/29 16:05:46 Sent {"src":"n3","dest":"n4","body":{"messages":[0,2,4,6,8,9,10,12,13,14,16,17,19,23,25,27,29,30,37,38,40,42,43,44,46,1,7,15,20,22,26,33,36,49,3,5,11,18,21,24,28,31,32,34,35,39,41,45,51,47,50,52,48,53,54],"msg_id":47,"type":"broadcast"}}
2025/06/29 16:05:46 Received {n0 n3 {"messages":[2,0,4,6,8,9,10,13,12,14,16,17,19,23,25,27,29,30,38,37,40,43,44,42,46,3,5,11,18,21,24,28,31,32,34,35,39,41,45,51,1,7,15,20,22,26,33,36,47,49,50,52,48,53,54,55,58],"msg_id":48,"type":"broadcast"}}
2025/06/29 16:05:46 Sent {"src":"n3","dest":"n0","body":{"in_reply_to":48,"type":"broadcast_ok"}}
2025/06/29 16:05:46 Received {n0 n3 {"in_reply_to":48,"type":"broadcast_ok"}}
2025/06/29 16:05:46 Received {n4 n3 {"in_reply_to":47,"type":"broadcast_ok"}}
2025/06/29 16:05:46 Received {n4 n3 {"messages":[1,7,15,20,22,26,33,36,3,5,11,18,21,24,28,31,32,34,35,39,41,45,0,2,4,6,8,9,10,12,13,14,16,17,19,23,25,27,29,30,37,38,40,42,43,44,50,46,49,47,51,52,48,55,57,53,54],"msg_id":47,"type":"broadcast"}}
2025/06/29 16:05:46 Sent {"src":"n3","dest":"n4","body":{"in_reply_to":47,"type":"broadcast_ok"}}
2025/06/29 16:05:46 Received {c12 n3 {"type":"read","msg_id":19}}
2025/06/29 16:05:46 Sent {"src":"n3","dest":"c12","body":{"in_reply_to":19,"messages":[0,2,4,6,8,9,10,12,13,14,16,17,19,23,25,27,29,30,37,38,40,42,43,44,46,1,7,15,20,22,26,33,36,49,3,5,11,18,21,24,28,31,32,34,35,39,41,45,51,47,50,52,48,53,54,55,58,57],"type":"read_ok"}}
2025/06/29 16:05:47 Sent {"src":"n3","dest":"n4","body":{"messages":[0,2,4,6,8,9,10,12,13,14,16,17,19,23,25,27,29,30,37,38,40,42,43,44,46,1,7,15,20,22,26,33,36,49,3,5,11,18,21,24,28,31,32,34,35,39,41,45,51,47,50,52,48,53,54,55,58,57],"msg_id":49,"type":"broadcast"}}
2025/06/29 16:05:47 Sent {"src":"n3","dest":"n0","body":{"messages":[0,2,4,6,8,9,10,12,13,14,16,17,19,23,25,27,29,30,37,38,40,42,43,44,46,1,7,15,20,22,26,33,36,49,3,5,11,18,21,24,28,31,32,34,35,39,41,45,51,47,50,52,48,53,54,55,58,57],"msg_id":50,"type":"broadcast"}}
2025/06/29 16:05:47 Received {n0 n3 {"messages":[2,0,4,6,8,9,10,13,12,14,16,17,19,23,25,27,29,30,38,37,40,43,44,42,46,3,5,11,18,21,24,28,31,32,34,35,39,41,45,51,1,7,15,20,22,26,33,36,47,49,50,52,48,53,54,55,58,56,59],"msg_id":49,"type":"broadcast"}}
2025/06/29 16:05:47 Sent {"src":"n3","dest":"n0","body":{"in_reply_to":49,"type":"broadcast_ok"}}
2025/06/29 16:05:47 Received {n4 n3 {"messages":[1,7,15,20,22,26,33,36,3,5,11,18,21,24,28,31,32,34,35,39,41,45,0,2,4,6,8,9,10,12,13,14,16,17,19,23,25,27,29,30,37,38,40,42,43,44,50,46,49,47,51,52,48,55,57,53,54,56,59,60],"msg_id":49,"type":"broadcast"}}
2025/06/29 16:05:47 Sent {"src":"n3","dest":"n4","body":{"in_reply_to":49,"type":"broadcast_ok"}}
2025/06/29 16:05:47 Received {n4 n3 {"in_reply_to":49,"type":"broadcast_ok"}}
2025/06/29 16:05:47 Received {n0 n3 {"in_reply_to":50,"type":"broadcast_ok"}}
2025/06/29 16:05:47 Received {c12 n3 {"type":"read","msg_id":20}}
2025/06/29 16:05:47 Sent {"src":"n3","dest":"c12","body":{"in_reply_to":20,"messages":[0,2,4,6,8,9,10,12,13,14,16,17,19,23,25,27,29,30,37,38,40,42,43,44,46,1,7,15,20,22,26,33,36,49,3,5,11,18,21,24,28,31,32,34,35,39,41,45,51,47,50,52,48,53,54,55,58,57,56,59,60],"type":"read_ok"}}
2025/06/29 16:05:47 Sent {"src":"n3","dest":"n0","body":{"messages":[0,2,4,6,8,9,10,12,13,14,16,17,19,23,25,27,29,30,37,38,40,42,43,44,46,1,7,15,20,22,26,33,36,49,3,5,11,18,21,24,28,31,32,34,35,39,41,45,51,47,50,52,48,53,54,55,58,57,56,59,60],"msg_id":51,"type":"broadcast"}}
2025/06/29 16:05:47 Sent {"src":"n3","dest":"n4","body":{"messages":[0,2,4,6,8,9,10,12,13,14,16,17,19,23,25,27,29,30,37,38,40,42,43,44,46,1,7,15,20,22,26,33,36,49,3,5,11,18,21,24,28,31,32,34,35,39,41,45,51,47,50,52,48,53,54,55,58,57,56,59,60],"msg_id":52,"type":"broadcast"}}
2025/06/29 16:05:47 Received {n0 n3 {"messages":[2,0,4,6,8,9,10,13,12,14,16,17,19,23,25,27,29,30,38,37,40,43,44,42,46,3,5,11,18,21,24,28,31,32,34,35,39,41,45,51,1,7,15,20,22,26,33,36,47,49,50,52,48,53,54,55,58,56,59,57,62],"msg_id":52,"type":"broadcast"}}
2025/06/29 16:05:47 Sent {"src":"n3","dest":"n0","body":{"in_reply_to":52,"type":"broadcast_ok"}}
2025/06/29 16:05:47 Received {n4 n3 {"messages":[1,7,15,20,22,26,33,36,3,5,11,18,21,24,28,31,32,34,35,39,41,45,0,2,4,6,8,9,10,12,13,14,16,17,19,23,25,27,29,30,37,38,40,42,43,44,50,46,49,47,51,52,48,55,57,53,54,56,59,60,58],"msg_id":52,"type":"broadcast"}}
2025/06/29 16:05:47 Sent {"src":"n3","dest":"n4","body":{"in_reply_to":52,"type":"broadcast_ok"}}
2025/06/29 16:05:47 Received {n0 n3 {"in_reply_to":51,"type":"broadcast_ok"}}
2025/06/29 16:05:47 Received {n4 n3 {"in_reply_to":52,"type":"broadcast_ok"}}
2025/06/29 16:05:48 Received {c12 n3 {"type":"broadcast","message":66,"msg_id":21}}
2025/06/29 16:05:48 Sent {"src":"n3","dest":"c12","body":{"in_reply_to":21,"type":"broadcast_ok"}}
2025/06/29 16:05:48 Sent {"src":"n3","dest":"n4","body":{"messages":[0,2,4,6,8,9,10,12,13,14,16,17,19,23,25,27,29,30,37,38,40,42,43,44,46,1,7,15,20,22,26,33,36,49,3,5,11,18,21,24,28,31,32,34,35,39,41,45,51,47,50,52,48,53,54,55,58,57,56,59,60,62,66],"msg_id":53,"type":"broadcast"}}
2025/06/29 16:05:48 Sent {"src":"n3","dest":"n0","body":{"messages":[0,2,4,6,8,9,10,12,13,14,16,17,19,23,25,27,29,30,37,38,40,42,43,44,46,1,7,15,20,22,26,33,36,49,3,5,11,18,21,24,28,31,32,34,35,39,41,45,51,47,50,52,48,53,54,55,58,57,56,59,60,62,66],"msg_id":54,"type":"broadcast"}}
2025/06/29 16:05:48 Received {n0 n3 {"messages":[2,0,4,6,8,9,10,13,12,14,16,17,19,23,25,27,29,30,38,37,40,43,44,42,46,3,5,11,18,21,24,28,31,32,34,35,39,41,45,51,1,7,15,20,22,26,33,36,47,49,50,52,48,53,54,55,58,56,59,57,62,60,63],"msg_id":54,"type":"broadcast"}}
2025/06/29 16:05:48 Sent {"src":"n3","dest":"n0","body":{"in_reply_to":54,"type":"broadcast_ok"}}
2025/06/29 16:05:48 Received {n0 n3 {"in_reply_to":54,"type":"broadcast_ok"}}
2025/06/29 16:05:48 Received {n4 n3 {"messages":[1,7,15,20,22,26,33,36,3,5,11,18,21,24,28,31,32,34,35,39,41,45,0,2,4,6,8,9,10,12,13,14,16,17,19,23,25,27,29,30,37,38,40,42,43,44,50,46,49,47,51,52,48,55,57,53,54,56,59,60,58],"msg_id":53,"type":"broadcast"}}
2025/06/29 16:05:48 Received {n4 n3 {"in_reply_to":53,"type":"broadcast_ok"}}
2025/06/29 16:05:48 Sent {"src":"n3","dest":"n4","body":{"in_reply_to":53,"type":"broadcast_ok"}}
2025/06/29 16:05:48 Sent {"src":"n3","dest":"n4","body":{"messages":[0,2,4,6,8,9,10,12,13,14,16,17,19,23,25,27,29,30,37,38,40,42,43,44,46,1,7,15,20,22,26,33,36,49,3,5,11,18,21,24,28,31,32,34,35,39,41,45,51,47,50,52,48,53,54,55,58,57,56,59,60,62,66,63],"msg_id":55,"type":"broadcast"}}
2025/06/29 16:05:48 Sent {"src":"n3","dest":"n0","body":{"messages":[0,2,4,6,8,9,10,12,13,14,16,17,19,23,25,27,29,30,37,38,40,42,43,44,46,1,7,15,20,22,26,33,36,49,3,5,11,18,21,24,28,31,32,34,35,39,41,45,51,47,50,52,48,53,54,55,58,57,56,59,60,62,66,63],"msg_id":56,"type":"broadcast"}}
2025/06/29 16:05:48 Received {n0 n3 {"messages":[2,0,4,6,8,9,10,13,12,14,16,17,19,23,25,27,29,30,38,37,40,43,44,42,46,3,5,11,18,21,24,28,31,32,34,35,39,41,45,51,1,7,15,20,22,26,33,36,47,49,50,52,48,53,54,55,58,56,59,57,62,60,63,66,61,64,67],"msg_id":56,"type":"broadcast"}}
2025/06/29 16:05:48 Sent {"src":"n3","dest":"n0","body":{"in_reply_to":56,"type":"broadcast_ok"}}
2025/06/29 16:05:48 Received {n4 n3 {"messages":[1,7,15,20,22,26,33,36,3,5,11,18,21,24,28,31,32,34,35,39,41,45,0,2,4,6,8,9,10,12,13,14,16,17,19,23,25,27,29,30,37,38,40,42,43,44,50,46,49,47,51,52,48,55,57,53,54,56,59,60,58,62,66,61,64],"msg_id":55,"type":"broadcast"}}
2025/06/29 16:05:48 Received {n4 n3 {"in_reply_to":55,"type":"broadcast_ok"}}
2025/06/29 16:05:48 Sent {"src":"n3","dest":"n4","body":{"in_reply_to":55,"type":"broadcast_ok"}}
2025/06/29 16:05:48 Received {n0 n3 {"in_reply_to":56,"type":"broadcast_ok"}}
2025/06/29 16:05:48 Received {c12 n3 {"type":"broadcast","message":70,"msg_id":22}}
2025/06/29 16:05:48 Sent {"src":"n3","dest":"c12","body":{"in_reply_to":22,"type":"broadcast_ok"}}
2025/06/29 16:05:49 Sent {"src":"n3","dest":"n4","body":{"messages":[0,2,4,6,8,9,10,12,13,14,16,17,19,23,25,27,29,30,37,38,40,42,43,44,46,1,7,15,20,22,26,33,36,49,3,5,11,18,21,24,28,31,32,34,35,39,41,45,51,47,50,52,48,53,54,55,58,57,56,59,60,62,66,63,61,64,67,70],"msg_id":57,"type":"broadcast"}}
2025/06/29 16:05:49 Sent {"src":"n3","dest":"n0","body":{"messages":[0,2,4,6,8,9,10,12,13,14,16,17,19,23,25,27,29,30,37,38,40,42,43,44,46,1,7,15,20,22,26,33,36,49,3,5,11,18,21,24,28,31,32,34,35,39,41,45,51,47,50,52,48,53,54,55,58,57,56,59,60,62,66,63,61,64,67,70],"msg_id":58,"type":"broadcast"}}
2025/06/29 16:05:49 Received {n0 n3 {"messages":[2,0,4,6,8,9,10,13,12,14,16,17,19,23,25,27,29,30,38,37,40,43,44,42,46,3,5,11,18,21,24,28,31,32,34,35,39,41,45,51,1,7,15,20,22,26,33,36,47,49,50,52,48,53,54,55,58,56,59,57,62,60,63,66,61,64,67,65,68,69,72],"msg_id":57,"type":"broadcast"}}
2025/06/29 16:05:49 Sent {"src":"n3","dest":"n0","body":{"in_reply_to":57,"type":"broadcast_ok"}}
2025/06/29 16:05:49 Received {n0 n3 {"in_reply_to":58,"type":"broadcast_ok"}}
2025/06/29 16:05:49 Received {n4 n3 {"in_reply_to":57,"type":"broadcast_ok"}}
2025/06/29 16:05:49 Received {n4 n3 {"messages":[1,7,15,20,22,26,33,36,3,5,11,18,21,24,28,31,32,34,35,39,41,45,0,2,4,6,8,9,10,12,13,14,16,17,19,23,25,27,29,30,37,38,40,42,43,44,50,46,49,47,51,52,48,55,57,53,54,56,59,60,58,62,66,61,64,63,65,68,69,71],"msg_id":57,"type":"broadcast"}}
2025/06/29 16:05:49 Sent {"src":"n3","dest":"n4","body":{"in_reply_to":57,"type":"broadcast_ok"}}
2025/06/29 16:05:49 Received {c12 n3 {"type":"broadcast","message":74,"msg_id":23}}
2025/06/29 16:05:49 Sent {"src":"n3","dest":"c12","body":{"in_reply_to":23,"type":"broadcast_ok"}}
2025/06/29 16:05:49 Sent {"src":"n3","dest":"n0","body":{"messages":[0,2,4,6,8,9,10,12,13,14,16,17,19,23,25,27,29,30,37,38,40,42,43,44,46,1,7,15,20,22,26,33,36,49,3,5,11,18,21,24,28,31,32,34,35,39,41,45,51,47,50,52,48,53,54,55,58,57,56,59,60,62,66,63,61,64,67,70,65,68,69,72,71,74],"msg_id":60,"type":"broadcast"}}
2025/06/29 16:05:49 Sent {"src":"n3","dest":"n4","body":{"messages":[0,2,4,6,8,9,10,12,13,14,16,17,19,23,25,27,29,30,37,38,40,42,43,44,46,1,7,15,20,22,26,33,36,49,3,5,11,18,21,24,28,31,32,34,35,39,41,45,51,47,50,52,48,53,54,55,58,57,56,59,60,62,66,63,61,64,67,70,65,68,69,72,71,74],"msg_id":59,"type":"broadcast"}}
2025/06/29 16:05:49 Received {n0 n3 {"messages":[2,0,4,6,8,9,10,13,12,14,16,17,19,23,25,27,29,30,38,37,40,43,44,42,46,3,5,11,18,21,24,28,31,32,34,35,39,41,45,51,1,7,15,20,22,26,33,36,47,49,50,52,48,53,54,55,58,56,59,57,62,60,63,66,61,64,67,65,68,69,72,70,73,76],"msg_id":60,"type":"broadcast"}}
2025/06/29 16:05:49 Sent {"src":"n3","dest":"n0","body":{"in_reply_to":60,"type":"broadcast_ok"}}
2025/06/29 16:05:49 Received {n0 n3 {"in_reply_to":60,"type":"broadcast_ok"}}
2025/06/29 16:05:49 Received {n4 n3 {"in_reply_to":59,"type":"broadcast_ok"}}
2025/06/29 16:05:49 Received {n4 n3 {"messages":[1,7,15,20,22,26,33,36,3,5,11,18,21,24,28,31,32,34,35,39,41,45,0,2,4,6,8,9,10,12,13,14,16,17,19,23,25,27,29,30,37,38,40,42,43,44,50,46,49,47,51,52,48,55,57,53,54,56,59,60,58,62,66,61,64,63,65,68,69,71,67,70,73,75],"msg_id":59,"type":"broadcast"}}
2025/06/29 16:05:49 Sent {"src":"n3","dest":"n4","body":{"in_reply_to":59,"type":"broadcast_ok"}}
2025/06/29 16:05:49 Received {c12 n3 {"type":"read","msg_id":24}}
2025/06/29 16:05:49 Sent {"src":"n3","dest":"c12","body":{"in_reply_to":24,"messages":[0,2,4,6,8,9,10,12,13,14,16,17,19,23,25,27,29,30,37,38,40,42,43,44,46,1,7,15,20,22,26,33,36,49,3,5,11,18,21,24,28,31,32,34,35,39,41,45,51,47,50,52,48,53,54,55,58,57,56,59,60,62,66,63,61,64,67,70,65,68,69,72,71,74,73,76,75],"type":"read_ok"}}
2025/06/29 16:05:50 Sent {"src":"n3","dest":"n0","body":{"messages":[0,2,4,6,8,9,10,12,13,14,16,17,19,23,25,27,29,30,37,38,40,42,43,44,46,1,7,15,20,22,26,33,36,49,3,5,11,18,21,24,28,31,32,34,35,39,41,45,51,47,50,52,48,53,54,55,58,57,56,59,60,62,66,63,61,64,67,70,65,68,69,72,71,74,73,76,75],"msg_id":62,"type":"broadcast"}}
2025/06/29 16:05:50 Sent {"src":"n3","dest":"n4","body":{"messages":[0,2,4,6,8,9,10,12,13,14,16,17,19,23,25,27,29,30,37,38,40,42,43,44,46,1,7,15,20,22,26,33,36,49,3,5,11,18,21,24,28,31,32,34,35,39,41,45,51,47,50,52,48,53,54,55,58,57,56,59,60,62,66,63,61,64,67,70,65,68,69,72,71,74,73,76,75],"msg_id":61,"type":"broadcast"}}
2025/06/29 16:05:50 Received {n0 n3 {"messages":[2,0,4,6,8,9,10,13,12,14,16,17,19,23,25,27,29,30,38,37,40,43,44,42,46,3,5,11,18,21,24,28,31,32,34,35,39,41,45,51,1,7,15,20,22,26,33,36,47,49,50,52,48,53,54,55,58,56,59,57,62,60,63,66,61,64,67,65,68,69,72,70,73,76,71,74,78],"msg_id":62,"type":"broadcast"}}
2025/06/29 16:05:50 Sent {"src":"n3","dest":"n0","body":{"in_reply_to":62,"type":"broadcast_ok"}}
2025/06/29 16:05:50 Received {n0 n3 {"in_reply_to":62,"type":"broadcast_ok"}}
2025/06/29 16:05:50 Received {n4 n3 {"messages":[1,7,15,20,22,26,33,36,3,5,11,18,21,24,28,31,32,34,35,39,41,45,0,2,4,6,8,9,10,12,13,14,16,17,19,23,25,27,29,30,37,38,40,42,43,44,50,46,49,47,51,52,48,55,57,53,54,56,59,60,58,62,66,61,64,63,65,68,69,71,67,70,73,75,72,74],"msg_id":61,"type":"broadcast"}}
2025/06/29 16:05:50 Received {n4 n3 {"in_reply_to":61,"type":"broadcast_ok"}}
2025/06/29 16:05:50 Sent {"src":"n3","dest":"n4","body":{"in_reply_to":61,"type":"broadcast_ok"}}
2025/06/29 16:05:50 Received {c12 n3 {"type":"broadcast","message":81,"msg_id":25}}
2025/06/29 16:05:50 Sent {"src":"n3","dest":"c12","body":{"in_reply_to":25,"type":"broadcast_ok"}}
2025/06/29 16:05:50 Sent {"src":"n3","dest":"n4","body":{"messages":[0,2,4,6,8,9,10,12,13,14,16,17,19,23,25,27,29,30,37,38,40,42,43,44,46,1,7,15,20,22,26,33,36,49,3,5,11,18,21,24,28,31,32,34,35,39,41,45,51,47,50,52,48,53,54,55,58,57,56,59,60,62,66,63,61,64,67,70,65,68,69,72,71,74,73,76,75,78,81],"msg_id":63,"type":"broadcast"}}
2025/06/29 16:05:50 Sent {"src":"n3","dest":"n0","body":{"messages":[0,2,4,6,8,9,10,12,13,14,16,17,19,23,25,27,29,30,37,38,40,42,43,44,46,1,7,15,20,22,26,33,36,49,3,5,11,18,21,24,28,31,32,34,35,39,41,45,51,47,50,52,48,53,54,55,58,57,56,59,60,62,66,63,61,64,67,70,65,68,69,72,71,74,73,76,75,78,81],"msg_id":64,"type":"broadcast"}}
2025/06/29 16:05:50 Received {n0 n3 {"messages":[2,0,4,6,8,9,10,13,12,14,16,17,19,23,25,27,29,30,38,37,40,43,44,42,46,3,5,11,18,21,24,28,31,32,34,35,39,41,45,51,1,7,15,20,22,26,33,36,47,49,50,52,48,53,54,55,58,56,59,57,62,60,63,66,61,64,67,65,68,69,72,70,73,76,71,74,78,75,79,83],"msg_id":64,"type":"broadcast"}}
2025/06/29 16:05:50 Sent {"src":"n3","dest":"n0","body":{"in_reply_to":64,"type":"broadcast_ok"}}
2025/06/29 16:05:50 Received {n0 n3 {"in_reply_to":64,"type":"broadcast_ok"}}
2025/06/29 16:05:50 Received {n4 n3 {"messages":[1,7,15,20,22,26,33,36,3,5,11,18,21,24,28,31,32,34,35,39,41,45,0,2,4,6,8,9,10,12,13,14,16,17,19,23,25,27,29,30,37,38,40,42,43,44,50,46,49,47,51,52,48,55,57,53,54,56,59,60,58,62,66,61,64,63,65,68,69,71,67,70,73,75,72,74,76,79,82],"msg_id":63,"type":"broadcast"}}
2025/06/29 16:05:50 Received {n4 n3 {"in_reply_to":63,"type":"broadcast_ok"}}
2025/06/29 16:05:50 Sent {"src":"n3","dest":"n4","body":{"in_reply_to":63,"type":"broadcast_ok"}}
2025/06/29 16:05:50 Received {c12 n3 {"type":"broadcast","message":84,"msg_id":26}}
2025/06/29 16:05:50 Sent {"src":"n3","dest":"c12","body":{"in_reply_to":26,"type":"broadcast_ok"}}
2025/06/29 16:05:51 Sent {"src":"n3","dest":"n4","body":{"messages":[0,2,4,6,8,9,10,12,13,14,16,17,19,23,25,27,29,30,37,38,40,42,43,44,46,1,7,15,20,22,26,33,36,49,3,5,11,18,21,24,28,31,32,34,35,39,41,45,51,47,50,52,48,53,54,55,58,57,56,59,60,62,66,63,61,64,67,70,65,68,69,72,71,74,73,76,75,78,81,79,83,82,84],"msg_id":65,"type":"broadcast"}}
2025/06/29 16:05:51 Sent {"src":"n3","dest":"n0","body":{"messages":[0,2,4,6,8,9,10,12,13,14,16,17,19,23,25,27,29,30,37,38,40,42,43,44,46,1,7,15,20,22,26,33,36,49,3,5,11,18,21,24,28,31,32,34,35,39,41,45,51,47,50,52,48,53,54,55,58,57,56,59,60,62,66,63,61,64,67,70,65,68,69,72,71,74,73,76,75,78,81,79,83,82,84],"msg_id":66,"type":"broadcast"}}
2025/06/29 16:05:51 Received {n0 n3 {"messages":[2,0,4,6,8,9,10,13,12,14,16,17,19,23,25,27,29,30,38,37,40,43,44,42,46,3,5,11,18,21,24,28,31,32,34,35,39,41,45,51,1,7,15,20,22,26,33,36,47,49,50,52,48,53,54,55,58,56,59,57,62,60,63,66,61,64,67,65,68,69,72,70,73,76,71,74,78,75,79,83,77,81,85],"msg_id":66,"type":"broadcast"}}
2025/06/29 16:05:51 Sent {"src":"n3","dest":"n0","body":{"in_reply_to":66,"type":"broadcast_ok"}}
2025/06/29 16:05:51 Received {n4 n3 {"messages":[1,7,15,20,22,26,33,36,3,5,11,18,21,24,28,31,32,34,35,39,41,45,0,2,4,6,8,9,10,12,13,14,16,17,19,23,25,27,29,30,37,38,40,42,43,44,50,46,49,47,51,52,48,55,57,53,54,56,59,60,58,62,66,61,64,63,65,68,69,71,67,70,73,75,72,74,76,79,82,78,81,77],"msg_id":66,"type":"broadcast"}}
2025/06/29 16:05:51 Received {n4 n3 {"in_reply_to":65,"type":"broadcast_ok"}}
2025/06/29 16:05:51 Received {n0 n3 {"in_reply_to":66,"type":"broadcast_ok"}}
2025/06/29 16:05:51 Sent {"src":"n3","dest":"n4","body":{"in_reply_to":66,"type":"broadcast_ok"}}
2025/06/29 16:05:51 Received {c12 n3 {"type":"read","msg_id":27}}
2025/06/29 16:05:51 Sent {"src":"n3","dest":"c12","body":{"in_reply_to":27,"messages":[0,2,4,6,8,9,10,12,13,14,16,17,19,23,25,27,29,30,37,38,40,42,43,44,46,1,7,15,20,22,26,33,36,49,3,5,11,18,21,24,28,31,32,34,35,39,41,45,51,47,50,52,48,53,54,55,58,57,56,59,60,62,66,63,61,64,67,70,65,68,69,72,71,74,73,76,75,78,81,79,83,82,84,77,85],"type":"read_ok"}}
2025/06/29 16:05:51 Sent {"src":"n3","dest":"n4","body":{"messages":[0,2,4,6,8,9,10,12,13,14,16,17,19,23,25,27,29,30,37,38,40,42,43,44,46,1,7,15,20,22,26,33,36,49,3,5,11,18,21,24,28,31,32,34,35,39,41,45,51,47,50,52,48,53,54,55,58,57,56,59,60,62,66,63,61,64,67,70,65,68,69,72,71,74,73,76,75,78,81,79,83,82,84,77,85],"msg_id":67,"type":"broadcast"}}
2025/06/29 16:05:51 Sent {"src":"n3","dest":"n0","body":{"messages":[0,2,4,6,8,9,10,12,13,14,16,17,19,23,25,27,29,30,37,38,40,42,43,44,46,1,7,15,20,22,26,33,36,49,3,5,11,18,21,24,28,31,32,34,35,39,41,45,51,47,50,52,48,53,54,55,58,57,56,59,60,62,66,63,61,64,67,70,65,68,69,72,71,74,73,76,75,78,81,79,83,82,84,77,85],"msg_id":68,"type":"broadcast"}}
2025/06/29 16:05:51 Received {n0 n3 {"messages":[2,0,4,6,8,9,10,13,12,14,16,17,19,23,25,27,29,30,38,37,40,43,44,42,46,3,5,11,18,21,24,28,31,32,34,35,39,41,45,51,1,7,15,20,22,26,33,36,47,49,50,52,48,53,54,55,58,56,59,57,62,60,63,66,61,64,67,65,68,69,72,70,73,76,71,74,78,75,79,83,77,81,85,82,84,80],"msg_id":68,"type":"broadcast"}}
2025/06/29 16:05:51 Received {n4 n3 {"messages":[1,7,15,20,22,26,33,36,3,5,11,18,21,24,28,31,32,34,35,39,41,45,0,2,4,6,8,9,10,12,13,14,16,17,19,23,25,27,29,30,37,38,40,42,43,44,50,46,49,47,51,52,48,55,57,53,54,56,59,60,58,62,66,61,64,63,65,68,69,71,67,70,73,75,72,74,76,79,82,78,81,77,83,84,80,87],"msg_id":67,"type":"broadcast"}}
2025/06/29 16:05:51 Sent {"src":"n3","dest":"n0","body":{"in_reply_to":68,"type":"broadcast_ok"}}
2025/06/29 16:05:51 Sent {"src":"n3","dest":"n4","body":{"in_reply_to":67,"type":"broadcast_ok"}}
2025/06/29 16:05:51 Received {n4 n3 {"in_reply_to":67,"type":"broadcast_ok"}}
2025/06/29 16:05:51 Received {n0 n3 {"in_reply_to":68,"type":"broadcast_ok"}}
2025/06/29 16:05:52 Received {c12 n3 {"type":"broadcast","message":91,"msg_id":28}}
2025/06/29 16:05:52 Sent {"src":"n3","dest":"c12","body":{"in_reply_to":28,"type":"broadcast_ok"}}
2025/06/29 16:05:52 Sent {"src":"n3","dest":"n0","body":{"messages":[0,2,4,6,8,9,10,12,13,14,16,17,19,23,25,27,29,30,37,38,40,42,43,44,46,1,7,15,20,22,26,33,36,49,3,5,11,18,21,24,28,31,32,34,35,39,41,45,51,47,50,52,48,53,54,55,58,57,56,59,60,62,66,63,61,64,67,70,65,68,69,72,71,74,73,76,75,78,81,79,83,82,84,77,85,80,87,91],"msg_id":69,"type":"broadcast"}}
2025/06/29 16:05:52 Sent {"src":"n3","dest":"n4","body":{"messages":[0,2,4,6,8,9,10,12,13,14,16,17,19,23,25,27,29,30,37,38,40,42,43,44,46,1,7,15,20,22,26,33,36,49,3,5,11,18,21,24,28,31,32,34,35,39,41,45,51,47,50,52,48,53,54,55,58,57,56,59,60,62,66,63,61,64,67,70,65,68,69,72,71,74,73,76,75,78,81,79,83,82,84,77,85,80,87,91],"msg_id":70,"type":"broadcast"}}
2025/06/29 16:05:52 Received {n0 n3 {"messages":[2,0,4,6,8,9,10,13,12,14,16,17,19,23,25,27,29,30,38,37,40,43,44,42,46,3,5,11,18,21,24,28,31,32,34,35,39,41,45,51,1,7,15,20,22,26,33,36,47,49,50,52,48,53,54,55,58,56,59,57,62,60,63,66,61,64,67,65,68,69,72,70,73,76,71,74,78,75,79,83,77,81,85,82,84,80,86,88,89],"msg_id":69,"type":"broadcast"}}
2025/06/29 16:05:52 Received {n4 n3 {"messages":[1,7,15,20,22,26,33,36,3,5,11,18,21,24,28,31,32,34,35,39,41,45,0,2,4,6,8,9,10,12,13,14,16,17,19,23,25,27,29,30,37,38,40,42,43,44,50,46,49,47,51,52,48,55,57,53,54,56,59,60,58,62,66,61,64,63,65,68,69,71,67,70,73,75,72,74,76,79,82,78,81,77,83,84,80,87,85,86],"msg_id":70,"type":"broadcast"}}
2025/06/29 16:05:52 Sent {"src":"n3","dest":"n0","body":{"in_reply_to":69,"type":"broadcast_ok"}}
2025/06/29 16:05:52 Sent {"src":"n3","dest":"n4","body":{"in_reply_to":70,"type":"broadcast_ok"}}
2025/06/29 16:05:52 Received {n0 n3 {"in_reply_to":69,"type":"broadcast_ok"}}
2025/06/29 16:05:52 Received {n4 n3 {"in_reply_to":70,"type":"broadcast_ok"}}
2025/06/29 16:05:52 Sent {"src":"n3","dest":"n4","body":{"messages":[0,2,4,6,8,9,10,12,13,14,16,17,19,23,25,27,29,30,37,38,40,42,43,44,46,1,7,15,20,22,26,33,36,49,3,5,11,18,21,24,28,31,32,34,35,39,41,45,51,47,50,52,48,53,54,55,58,57,56,59,60,62,66,63,61,64,67,70,65,68,69,72,71,74,73,76,75,78,81,79,83,82,84,77,85,80,87,91,86,88,89],"msg_id":71,"type":"broadcast"}}
2025/06/29 16:05:52 Sent {"src":"n3","dest":"n0","body":{"messages":[0,2,4,6,8,9,10,12,13,14,16,17,19,23,25,27,29,30,37,38,40,42,43,44,46,1,7,15,20,22,26,33,36,49,3,5,11,18,21,24,28,31,32,34,35,39,41,45,51,47,50,52,48,53,54,55,58,57,56,59,60,62,66,63,61,64,67,70,65,68,69,72,71,74,73,76,75,78,81,79,83,82,84,77,85,80,87,91,86,88,89],"msg_id":72,"type":"broadcast"}}
2025/06/29 16:05:52 Received {n4 n3 {"messages":[1,7,15,20,22,26,33,36,3,5,11,18,21,24,28,31,32,34,35,39,41,45,0,2,4,6,8,9,10,12,13,14,16,17,19,23,25,27,29,30,37,38,40,42,43,44,50,46,49,47,51,52,48,55,57,53,54,56,59,60,58,62,66,61,64,63,65,68,69,71,67,70,73,75,72,74,76,79,82,78,81,77,83,84,80,87,85,86,91],"msg_id":71,"type":"broadcast"}}
2025/06/29 16:05:52 Received {n0 n3 {"messages":[2,0,4,6,8,9,10,13,12,14,16,17,19,23,25,27,29,30,38,37,40,43,44,42,46,3,5,11,18,21,24,28,31,32,34,35,39,41,45,51,1,7,15,20,22,26,33,36,47,49,50,52,48,53,54,55,58,56,59,57,62,60,63,66,61,64,67,65,68,69,72,70,73,76,71,74,78,75,79,83,77,81,85,82,84,80,86,88,89,87,91,92],"msg_id":72,"type":"broadcast"}}
2025/06/29 16:05:52 Sent {"src":"n3","dest":"n4","body":{"in_reply_to":71,"type":"broadcast_ok"}}
2025/06/29 16:05:52 Sent {"src":"n3","dest":"n0","body":{"in_reply_to":72,"type":"broadcast_ok"}}
2025/06/29 16:05:52 Received {n4 n3 {"in_reply_to":71,"type":"broadcast_ok"}}
2025/06/29 16:05:52 Received {n0 n3 {"in_reply_to":72,"type":"broadcast_ok"}}
2025/06/29 16:05:52 Received {c12 n3 {"type":"broadcast","message":95,"msg_id":29}}
2025/06/29 16:05:52 Sent {"src":"n3","dest":"c12","body":{"in_reply_to":29,"type":"broadcast_ok"}}
2025/06/29 16:05:53 Sent {"src":"n3","dest":"n4","body":{"messages":[0,2,4,6,8,9,10,12,13,14,16,17,19,23,25,27,29,30,37,38,40,42,43,44,46,1,7,15,20,22,26,33,36,49,3,5,11,18,21,24,28,31,32,34,35,39,41,45,51,47,50,52,48,53,54,55,58,57,56,59,60,62,66,63,61,64,67,70,65,68,69,72,71,74,73,76,75,78,81,79,83,82,84,77,85,80,87,91,86,88,89,92,95],"msg_id":73,"type":"broadcast"}}
2025/06/29 16:05:53 Sent {"src":"n3","dest":"n0","body":{"messages":[0,2,4,6,8,9,10,12,13,14,16,17,19,23,25,27,29,30,37,38,40,42,43,44,46,1,7,15,20,22,26,33,36,49,3,5,11,18,21,24,28,31,32,34,35,39,41,45,51,47,50,52,48,53,54,55,58,57,56,59,60,62,66,63,61,64,67,70,65,68,69,72,71,74,73,76,75,78,81,79,83,82,84,77,85,80,87,91,86,88,89,92,95],"msg_id":74,"type":"broadcast"}}
2025/06/29 16:05:53 Received {n0 n3 {"messages":[2,0,4,6,8,9,10,13,12,14,16,17,19,23,25,27,29,30,38,37,40,43,44,42,46,3,5,11,18,21,24,28,31,32,34,35,39,41,45,51,1,7,15,20,22,26,33,36,47,49,50,52,48,53,54,55,58,56,59,57,62,60,63,66,61,64,67,65,68,69,72,70,73,76,71,74,78,75,79,83,77,81,85,82,84,80,86,88,89,87,91,92,90,93,97,98],"msg_id":73,"type":"broadcast"}}
2025/06/29 16:05:53 Received {n4 n3 {"messages":[1,7,15,20,22,26,33,36,3,5,11,18,21,24,28,31,32,34,35,39,41,45,0,2,4,6,8,9,10,12,13,14,16,17,19,23,25,27,29,30,37,38,40,42,43,44,50,46,49,47,51,52,48,55,57,53,54,56,59,60,58,62,66,61,64,63,65,68,69,71,67,70,73,75,72,74,76,79,82,78,81,77,83,84,80,87,85,86,91,88,89,90,93,96],"msg_id":73,"type":"broadcast"}}
2025/06/29 16:05:53 Sent {"src":"n3","dest":"n0","body":{"in_reply_to":73,"type":"broadcast_ok"}}
2025/06/29 16:05:53 Sent {"src":"n3","dest":"n4","body":{"in_reply_to":73,"type":"broadcast_ok"}}
2025/06/29 16:05:53 Received {n0 n3 {"in_reply_to":74,"type":"broadcast_ok"}}
2025/06/29 16:05:53 Received {n4 n3 {"in_reply_to":73,"type":"broadcast_ok"}}
2025/06/29 16:05:53 Received {c12 n3 {"type":"read","msg_id":30}}
2025/06/29 16:05:53 Sent {"src":"n3","dest":"c12","body":{"in_reply_to":30,"messages":[0,2,4,6,8,9,10,12,13,14,16,17,19,23,25,27,29,30,37,38,40,42,43,44,46,1,7,15,20,22,26,33,36,49,3,5,11,18,21,24,28,31,32,34,35,39,41,45,51,47,50,52,48,53,54,55,58,57,56,59,60,62,66,63,61,64,67,70,65,68,69,72,71,74,73,76,75,78,81,79,83,82,84,77,85,80,87,91,86,88,89,92,95,90,93,97,98,96],"type":"read_ok"}}
2025/06/29 16:05:53 Sent {"src":"n3","dest":"n4","body":{"messages":[0,2,4,6,8,9,10,12,13,14,16,17,19,23,25,27,29,30,37,38,40,42,43,44,46,1,7,15,20,22,26,33,36,49,3,5,11,18,21,24,28,31,32,34,35,39,41,45,51,47,50,52,48,53,54,55,58,57,56,59,60,62,66,63,61,64,67,70,65,68,69,72,71,74,73,76,75,78,81,79,83,82,84,77,85,80,87,91,86,88,89,92,95,90,93,97,98,96],"msg_id":76,"type":"broadcast"}}
2025/06/29 16:05:53 Sent {"src":"n3","dest":"n0","body":{"messages":[0,2,4,6,8,9,10,12,13,14,16,17,19,23,25,27,29,30,37,38,40,42,43,44,46,1,7,15,20,22,26,33,36,49,3,5,11,18,21,24,28,31,32,34,35,39,41,45,51,47,50,52,48,53,54,55,58,57,56,59,60,62,66,63,61,64,67,70,65,68,69,72,71,74,73,76,75,78,81,79,83,82,84,77,85,80,87,91,86,88,89,92,95,90,93,97,98,96],"msg_id":75,"type":"broadcast"}}
2025/06/29 16:05:53 Received {n0 n3 {"messages":[2,0,4,6,8,9,10,13,12,14,16,17,19,23,25,27,29,30,38,37,40,43,44,42,46,3,5,11,18,21,24,28,31,32,34,35,39,41,45,51,1,7,15,20,22,26,33,36,47,49,50,52,48,53,54,55,58,56,59,57,62,60,63,66,61,64,67,65,68,69,72,70,73,76,71,74,78,75,79,83,77,81,85,82,84,80,86,88,89,87,91,92,90,93,97,98,94,95,101],"msg_id":76,"type":"broadcast"}}
2025/06/29 16:05:53 Sent {"src":"n3","dest":"n0","body":{"in_reply_to":76,"type":"broadcast_ok"}}
2025/06/29 16:05:53 Received {n4 n3 {"messages":[1,7,15,20,22,26,33,36,3,5,11,18,21,24,28,31,32,34,35,39,41,45,0,2,4,6,8,9,10,12,13,14,16,17,19,23,25,27,29,30,37,38,40,42,43,44,50,46,49,47,51,52,48,55,57,53,54,56,59,60,58,62,66,61,64,63,65,68,69,71,67,70,73,75,72,74,76,79,82,78,81,77,83,84,80,87,85,86,91,88,89,90,93,96,92,95,94,100],"msg_id":75,"type":"broadcast"}}
2025/06/29 16:05:53 Sent {"src":"n3","dest":"n4","body":{"in_reply_to":75,"type":"broadcast_ok"}}
2025/06/29 16:05:53 Received {n0 n3 {"in_reply_to":75,"type":"broadcast_ok"}}
2025/06/29 16:05:53 Received {n4 n3 {"in_reply_to":76,"type":"broadcast_ok"}}
2025/06/29 16:05:53 Received {c12 n3 {"type":"read","msg_id":31}}
2025/06/29 16:05:53 Sent {"src":"n3","dest":"c12","body":{"in_reply_to":31,"messages":[0,2,4,6,8,9,10,12,13,14,16,17,19,23,25,27,29,30,37,38,40,42,43,44,46,1,7,15,20,22,26,33,36,49,3,5,11,18,21,24,28,31,32,34,35,39,41,45,51,47,50,52,48,53,54,55,58,57,56,59,60,62,66,63,61,64,67,70,65,68,69,72,71,74,73,76,75,78,81,79,83,82,84,77,85,80,87,91,86,88,89,92,95,90,93,97,98,96,94,101,100],"type":"read_ok"}}
2025/06/29 16:05:54 Sent {"src":"n3","dest":"n0","body":{"messages":[0,2,4,6,8,9,10,12,13,14,16,17,19,23,25,27,29,30,37,38,40,42,43,44,46,1,7,15,20,22,26,33,36,49,3,5,11,18,21,24,28,31,32,34,35,39,41,45,51,47,50,52,48,53,54,55,58,57,56,59,60,62,66,63,61,64,67,70,65,68,69,72,71,74,73,76,75,78,81,79,83,82,84,77,85,80,87,91,86,88,89,92,95,90,93,97,98,96,94,101,100],"msg_id":77,"type":"broadcast"}}
2025/06/29 16:05:54 Sent {"src":"n3","dest":"n4","body":{"messages":[0,2,4,6,8,9,10,12,13,14,16,17,19,23,25,27,29,30,37,38,40,42,43,44,46,1,7,15,20,22,26,33,36,49,3,5,11,18,21,24,28,31,32,34,35,39,41,45,51,47,50,52,48,53,54,55,58,57,56,59,60,62,66,63,61,64,67,70,65,68,69,72,71,74,73,76,75,78,81,79,83,82,84,77,85,80,87,91,86,88,89,92,95,90,93,97,98,96,94,101,100],"msg_id":78,"type":"broadcast"}}
2025/06/29 16:05:54 Received {n0 n3 {"messages":[2,0,4,6,8,9,10,13,12,14,16,17,19,23,25,27,29,30,38,37,40,43,44,42,46,3,5,11,18,21,24,28,31,32,34,35,39,41,45,51,1,7,15,20,22,26,33,36,47,49,50,52,48,53,54,55,58,56,59,57,62,60,63,66,61,64,67,65,68,69,72,70,73,76,71,74,78,75,79,83,77,81,85,82,84,80,86,88,89,87,91,92,90,93,97,98,94,95,101,96,99,104],"msg_id":78,"type":"broadcast"}}
2025/06/29 16:05:54 Sent {"src":"n3","dest":"n0","body":{"in_reply_to":78,"type":"broadcast_ok"}}
2025/06/29 16:05:54 Received {n0 n3 {"in_reply_to":77,"type":"broadcast_ok"}}
2025/06/29 16:05:54 Received {n4 n3 {"in_reply_to":78,"type":"broadcast_ok"}}
2025/06/29 16:05:54 Received {n4 n3 {"messages":[1,7,15,20,22,26,33,36,3,5,11,18,21,24,28,31,32,34,35,39,41,45,0,2,4,6,8,9,10,12,13,14,16,17,19,23,25,27,29,30,37,38,40,42,43,44,50,46,49,47,51,52,48,55,57,53,54,56,59,60,58,62,66,61,64,63,65,68,69,71,67,70,73,75,72,74,76,79,82,78,81,77,83,84,80,87,85,86,91,88,89,90,93,96,92,95,94,100,97,98,99,101],"msg_id":77,"type":"broadcast"}}
2025/06/29 16:05:54 Sent {"src":"n3","dest":"n4","body":{"in_reply_to":77,"type":"broadcast_ok"}}
2025/06/29 16:05:54 Received {c12 n3 {"type":"read","msg_id":32}}
2025/06/29 16:05:54 Sent {"src":"n3","dest":"c12","body":{"in_reply_to":32,"messages":[0,2,4,6,8,9,10,12,13,14,16,17,19,23,25,27,29,30,37,38,40,42,43,44,46,1,7,15,20,22,26,33,36,49,3,5,11,18,21,24,28,31,32,34,35,39,41,45,51,47,50,52,48,53,54,55,58,57,56,59,60,62,66,63,61,64,67,70,65,68,69,72,71,74,73,76,75,78,81,79,83,82,84,77,85,80,87,91,86,88,89,92,95,90,93,97,98,96,94,101,100,99,104],"type":"read_ok"}}
2025/06/29 16:05:54 Sent {"src":"n3","dest":"n4","body":{"messages":[0,2,4,6,8,9,10,12,13,14,16,17,19,23,25,27,29,30,37,38,40,42,43,44,46,1,7,15,20,22,26,33,36,49,3,5,11,18,21,24,28,31,32,34,35,39,41,45,51,47,50,52,48,53,54,55,58,57,56,59,60,62,66,63,61,64,67,70,65,68,69,72,71,74,73,76,75,78,81,79,83,82,84,77,85,80,87,91,86,88,89,92,95,90,93,97,98,96,94,101,100,99,104],"msg_id":79,"type":"broadcast"}}
2025/06/29 16:05:54 Sent {"src":"n3","dest":"n0","body":{"messages":[0,2,4,6,8,9,10,12,13,14,16,17,19,23,25,27,29,30,37,38,40,42,43,44,46,1,7,15,20,22,26,33,36,49,3,5,11,18,21,24,28,31,32,34,35,39,41,45,51,47,50,52,48,53,54,55,58,57,56,59,60,62,66,63,61,64,67,70,65,68,69,72,71,74,73,76,75,78,81,79,83,82,84,77,85,80,87,91,86,88,89,92,95,90,93,97,98,96,94,101,100,99,104],"msg_id":80,"type":"broadcast"}}
2025/06/29 16:05:54 Received {n0 n3 {"messages":[2,0,4,6,8,9,10,13,12,14,16,17,19,23,25,27,29,30,38,37,40,43,44,42,46,3,5,11,18,21,24,28,31,32,34,35,39,41,45,51,1,7,15,20,22,26,33,36,47,49,50,52,48,53,54,55,58,56,59,57,62,60,63,66,61,64,67,65,68,69,72,70,73,76,71,74,78,75,79,83,77,81,85,82,84,80,86,88,89,87,91,92,90,93,97,98,94,95,101,96,99,104,100,102,105],"msg_id":80,"type":"broadcast"}}
2025/06/29 16:05:54 Sent {"src":"n3","dest":"n0","body":{"in_reply_to":80,"type":"broadcast_ok"}}
2025/06/29 16:05:54 Received {n4 n3 {"messages":[1,7,15,20,22,26,33,36,3,5,11,18,21,24,28,31,32,34,35,39,41,45,0,2,4,6,8,9,10,12,13,14,16,17,19,23,25,27,29,30,37,38,40,42,43,44,50,46,49,47,51,52,48,55,57,53,54,56,59,60,58,62,66,61,64,63,65,68,69,71,67,70,73,75,72,74,76,79,82,78,81,77,83,84,80,87,85,86,91,88,89,90,93,96,92,95,94,100,97,98,99,101,102],"msg_id":79,"type":"broadcast"}}
2025/06/29 16:05:54 Received {n0 n3 {"in_reply_to":80,"type":"broadcast_ok"}}
2025/06/29 16:05:54 Received {n4 n3 {"in_reply_to":79,"type":"broadcast_ok"}}
2025/06/29 16:05:54 Sent {"src":"n3","dest":"n4","body":{"in_reply_to":79,"type":"broadcast_ok"}}
2025/06/29 16:05:55 Sent {"src":"n3","dest":"n4","body":{"messages":[0,2,4,6,8,9,10,12,13,14,16,17,19,23,25,27,29,30,37,38,40,42,43,44,46,1,7,15,20,22,26,33,36,49,3,5,11,18,21,24,28,31,32,34,35,39,41,45,51,47,50,52,48,53,54,55,58,57,56,59,60,62,66,63,61,64,67,70,65,68,69,72,71,74,73,76,75,78,81,79,83,82,84,77,85,80,87,91,86,88,89,92,95,90,93,97,98,96,94,101,100,99,104,102,105],"msg_id":81,"type":"broadcast"}}
2025/06/29 16:05:55 Sent {"src":"n3","dest":"n0","body":{"messages":[0,2,4,6,8,9,10,12,13,14,16,17,19,23,25,27,29,30,37,38,40,42,43,44,46,1,7,15,20,22,26,33,36,49,3,5,11,18,21,24,28,31,32,34,35,39,41,45,51,47,50,52,48,53,54,55,58,57,56,59,60,62,66,63,61,64,67,70,65,68,69,72,71,74,73,76,75,78,81,79,83,82,84,77,85,80,87,91,86,88,89,92,95,90,93,97,98,96,94,101,100,99,104,102,105],"msg_id":82,"type":"broadcast"}}
2025/06/29 16:05:55 Received {n0 n3 {"messages":[2,0,4,6,8,9,10,13,12,14,16,17,19,23,25,27,29,30,38,37,40,43,44,42,46,3,5,11,18,21,24,28,31,32,34,35,39,41,45,51,1,7,15,20,22,26,33,36,47,49,50,52,48,53,54,55,58,56,59,57,62,60,63,66,61,64,67,65,68,69,72,70,73,76,71,74,78,75,79,83,77,81,85,82,84,80,86,88,89,87,91,92,90,93,97,98,94,95,101,96,99,104,100,102,105,103],"msg_id":82,"type":"broadcast"}}
2025/06/29 16:05:55 Sent {"src":"n3","dest":"n0","body":{"in_reply_to":82,"type":"broadcast_ok"}}
2025/06/29 16:05:55 Received {n0 n3 {"in_reply_to":82,"type":"broadcast_ok"}}
2025/06/29 16:05:55 Received {n4 n3 {"in_reply_to":81,"type":"broadcast_ok"}}
2025/06/29 16:05:55 Received {n4 n3 {"messages":[1,7,15,20,22,26,33,36,3,5,11,18,21,24,28,31,32,34,35,39,41,45,0,2,4,6,8,9,10,12,13,14,16,17,19,23,25,27,29,30,37,38,40,42,43,44,50,46,49,47,51,52,48,55,57,53,54,56,59,60,58,62,66,61,64,63,65,68,69,71,67,70,73,75,72,74,76,79,82,78,81,77,83,84,80,87,85,86,91,88,89,90,93,96,92,95,94,100,97,98,99,101,102,104,103,105],"msg_id":81,"type":"broadcast"}}
2025/06/29 16:05:55 Sent {"src":"n3","dest":"n4","body":{"in_reply_to":81,"type":"broadcast_ok"}}
2025/06/29 16:05:55 Sent {"src":"n3","dest":"n4","body":{"messages":[0,2,4,6,8,9,10,12,13,14,16,17,19,23,25,27,29,30,37,38,40,42,43,44,46,1,7,15,20,22,26,33,36,49,3,5,11,18,21,24,28,31,32,34,35,39,41,45,51,47,50,52,48,53,54,55,58,57,56,59,60,62,66,63,61,64,67,70,65,68,69,72,71,74,73,76,75,78,81,79,83,82,84,77,85,80,87,91,86,88,89,92,95,90,93,97,98,96,94,101,100,99,104,102,105,103],"msg_id":83,"type":"broadcast"}}
2025/06/29 16:05:55 Sent {"src":"n3","dest":"n0","body":{"messages":[0,2,4,6,8,9,10,12,13,14,16,17,19,23,25,27,29,30,37,38,40,42,43,44,46,1,7,15,20,22,26,33,36,49,3,5,11,18,21,24,28,31,32,34,35,39,41,45,51,47,50,52,48,53,54,55,58,57,56,59,60,62,66,63,61,64,67,70,65,68,69,72,71,74,73,76,75,78,81,79,83,82,84,77,85,80,87,91,86,88,89,92,95,90,93,97,98,96,94,101,100,99,104,102,105,103],"msg_id":84,"type":"broadcast"}}
2025/06/29 16:05:55 Received {n0 n3 {"messages":[2,0,4,6,8,9,10,13,12,14,16,17,19,23,25,27,29,30,38,37,40,43,44,42,46,3,5,11,18,21,24,28,31,32,34,35,39,41,45,51,1,7,15,20,22,26,33,36,47,49,50,52,48,53,54,55,58,56,59,57,62,60,63,66,61,64,67,65,68,69,72,70,73,76,71,74,78,75,79,83,77,81,85,82,84,80,86,88,89,87,91,92,90,93,97,98,94,95,101,96,99,104,100,102,105,103],"msg_id":84,"type":"broadcast"}}
2025/06/29 16:05:55 Sent {"src":"n3","dest":"n0","body":{"in_reply_to":84,"type":"broadcast_ok"}}
2025/06/29 16:05:55 Received {n4 n3 {"messages":[1,7,15,20,22,26,33,36,3,5,11,18,21,24,28,31,32,34,35,39,41,45,0,2,4,6,8,9,10,12,13,14,16,17,19,23,25,27,29,30,37,38,40,42,43,44,50,46,49,47,51,52,48,55,57,53,54,56,59,60,58,62,66,61,64,63,65,68,69,71,67,70,73,75,72,74,76,79,82,78,81,77,83,84,80,87,85,86,91,88,89,90,93,96,92,95,94,100,97,98,99,101,102,104,103,105],"msg_id":83,"type":"broadcast"}}
2025/06/29 16:05:55 Received {n0 n3 {"in_reply_to":84,"type":"broadcast_ok"}}
2025/06/29 16:05:55 Received {n4 n3 {"in_reply_to":83,"type":"broadcast_ok"}}
2025/06/29 16:05:55 Sent {"src":"n3","dest":"n4","body":{"in_reply_to":83,"type":"broadcast_ok"}}
2025/06/29 16:05:56 Sent {"src":"n3","dest":"n4","body":{"messages":[0,2,4,6,8,9,10,12,13,14,16,17,19,23,25,27,29,30,37,38,40,42,43,44,46,1,7,15,20,22,26,33,36,49,3,5,11,18,21,24,28,31,32,34,35,39,41,45,51,47,50,52,48,53,54,55,58,57,56,59,60,62,66,63,61,64,67,70,65,68,69,72,71,74,73,76,75,78,81,79,83,82,84,77,85,80,87,91,86,88,89,92,95,90,93,97,98,96,94,101,100,99,104,102,105,103],"msg_id":85,"type":"broadcast"}}
2025/06/29 16:05:56 Sent {"src":"n3","dest":"n0","body":{"messages":[0,2,4,6,8,9,10,12,13,14,16,17,19,23,25,27,29,30,37,38,40,42,43,44,46,1,7,15,20,22,26,33,36,49,3,5,11,18,21,24,28,31,32,34,35,39,41,45,51,47,50,52,48,53,54,55,58,57,56,59,60,62,66,63,61,64,67,70,65,68,69,72,71,74,73,76,75,78,81,79,83,82,84,77,85,80,87,91,86,88,89,92,95,90,93,97,98,96,94,101,100,99,104,102,105,103],"msg_id":86,"type":"broadcast"}}
2025/06/29 16:05:56 Received {n0 n3 {"messages":[2,0,4,6,8,9,10,13,12,14,16,17,19,23,25,27,29,30,38,37,40,43,44,42,46,3,5,11,18,21,24,28,31,32,34,35,39,41,45,51,1,7,15,20,22,26,33,36,47,49,50,52,48,53,54,55,58,56,59,57,62,60,63,66,61,64,67,65,68,69,72,70,73,76,71,74,78,75,79,83,77,81,85,82,84,80,86,88,89,87,91,92,90,93,97,98,94,95,101,96,99,104,100,102,105,103],"msg_id":86,"type":"broadcast"}}
2025/06/29 16:05:56 Received {n4 n3 {"messages":[1,7,15,20,22,26,33,36,3,5,11,18,21,24,28,31,32,34,35,39,41,45,0,2,4,6,8,9,10,12,13,14,16,17,19,23,25,27,29,30,37,38,40,42,43,44,50,46,49,47,51,52,48,55,57,53,54,56,59,60,58,62,66,61,64,63,65,68,69,71,67,70,73,75,72,74,76,79,82,78,81,77,83,84,80,87,85,86,91,88,89,90,93,96,92,95,94,100,97,98,99,101,102,104,103,105],"msg_id":86,"type":"broadcast"}}
2025/06/29 16:05:56 Sent {"src":"n3","dest":"n0","body":{"in_reply_to":86,"type":"broadcast_ok"}}
2025/06/29 16:05:56 Sent {"src":"n3","dest":"n4","body":{"in_reply_to":86,"type":"broadcast_ok"}}
2025/06/29 16:05:56 Received {n0 n3 {"in_reply_to":86,"type":"broadcast_ok"}}
2025/06/29 16:05:56 Received {n4 n3 {"in_reply_to":85,"type":"broadcast_ok"}}
2025/06/29 16:05:56 Sent {"src":"n3","dest":"n4","body":{"messages":[0,2,4,6,8,9,10,12,13,14,16,17,19,23,25,27,29,30,37,38,40,42,43,44,46,1,7,15,20,22,26,33,36,49,3,5,11,18,21,24,28,31,32,34,35,39,41,45,51,47,50,52,48,53,54,55,58,57,56,59,60,62,66,63,61,64,67,70,65,68,69,72,71,74,73,76,75,78,81,79,83,82,84,77,85,80,87,91,86,88,89,92,95,90,93,97,98,96,94,101,100,99,104,102,105,103],"msg_id":87,"type":"broadcast"}}
2025/06/29 16:05:56 Sent {"src":"n3","dest":"n0","body":{"messages":[0,2,4,6,8,9,10,12,13,14,16,17,19,23,25,27,29,30,37,38,40,42,43,44,46,1,7,15,20,22,26,33,36,49,3,5,11,18,21,24,28,31,32,34,35,39,41,45,51,47,50,52,48,53,54,55,58,57,56,59,60,62,66,63,61,64,67,70,65,68,69,72,71,74,73,76,75,78,81,79,83,82,84,77,85,80,87,91,86,88,89,92,95,90,93,97,98,96,94,101,100,99,104,102,105,103],"msg_id":88,"type":"broadcast"}}
2025/06/29 16:05:56 Received {n0 n3 {"messages":[2,0,4,6,8,9,10,13,12,14,16,17,19,23,25,27,29,30,38,37,40,43,44,42,46,3,5,11,18,21,24,28,31,32,34,35,39,41,45,51,1,7,15,20,22,26,33,36,47,49,50,52,48,53,54,55,58,56,59,57,62,60,63,66,61,64,67,65,68,69,72,70,73,76,71,74,78,75,79,83,77,81,85,82,84,80,86,88,89,87,91,92,90,93,97,98,94,95,101,96,99,104,100,102,105,103],"msg_id":88,"type":"broadcast"}}
2025/06/29 16:05:56 Received {n4 n3 {"messages":[1,7,15,20,22,26,33,36,3,5,11,18,21,24,28,31,32,34,35,39,41,45,0,2,4,6,8,9,10,12,13,14,16,17,19,23,25,27,29,30,37,38,40,42,43,44,50,46,49,47,51,52,48,55,57,53,54,56,59,60,58,62,66,61,64,63,65,68,69,71,67,70,73,75,72,74,76,79,82,78,81,77,83,84,80,87,85,86,91,88,89,90,93,96,92,95,94,100,97,98,99,101,102,104,103,105],"msg_id":88,"type":"broadcast"}}
2025/06/29 16:05:56 Sent {"src":"n3","dest":"n0","body":{"in_reply_to":88,"type":"broadcast_ok"}}
2025/06/29 16:05:56 Sent {"src":"n3","dest":"n4","body":{"in_reply_to":88,"type":"broadcast_ok"}}
2025/06/29 16:05:56 Received {n0 n3 {"in_reply_to":88,"type":"broadcast_ok"}}
2025/06/29 16:05:56 Received {n4 n3 {"in_reply_to":87,"type":"broadcast_ok"}}
2025/06/29 16:05:57 Sent {"src":"n3","dest":"n0","body":{"messages":[0,2,4,6,8,9,10,12,13,14,16,17,19,23,25,27,29,30,37,38,40,42,43,44,46,1,7,15,20,22,26,33,36,49,3,5,11,18,21,24,28,31,32,34,35,39,41,45,51,47,50,52,48,53,54,55,58,57,56,59,60,62,66,63,61,64,67,70,65,68,69,72,71,74,73,76,75,78,81,79,83,82,84,77,85,80,87,91,86,88,89,92,95,90,93,97,98,96,94,101,100,99,104,102,105,103],"msg_id":89,"type":"broadcast"}}
2025/06/29 16:05:57 Sent {"src":"n3","dest":"n4","body":{"messages":[0,2,4,6,8,9,10,12,13,14,16,17,19,23,25,27,29,30,37,38,40,42,43,44,46,1,7,15,20,22,26,33,36,49,3,5,11,18,21,24,28,31,32,34,35,39,41,45,51,47,50,52,48,53,54,55,58,57,56,59,60,62,66,63,61,64,67,70,65,68,69,72,71,74,73,76,75,78,81,79,83,82,84,77,85,80,87,91,86,88,89,92,95,90,93,97,98,96,94,101,100,99,104,102,105,103],"msg_id":90,"type":"broadcast"}}
2025/06/29 16:05:57 Received {n0 n3 {"messages":[2,0,4,6,8,9,10,13,12,14,16,17,19,23,25,27,29,30,38,37,40,43,44,42,46,3,5,11,18,21,24,28,31,32,34,35,39,41,45,51,1,7,15,20,22,26,33,36,47,49,50,52,48,53,54,55,58,56,59,57,62,60,63,66,61,64,67,65,68,69,72,70,73,76,71,74,78,75,79,83,77,81,85,82,84,80,86,88,89,87,91,92,90,93,97,98,94,95,101,96,99,104,100,102,105,103],"msg_id":90,"type":"broadcast"}}
2025/06/29 16:05:57 Received {n4 n3 {"messages":[1,7,15,20,22,26,33,36,3,5,11,18,21,24,28,31,32,34,35,39,41,45,0,2,4,6,8,9,10,12,13,14,16,17,19,23,25,27,29,30,37,38,40,42,43,44,50,46,49,47,51,52,48,55,57,53,54,56,59,60,58,62,66,61,64,63,65,68,69,71,67,70,73,75,72,74,76,79,82,78,81,77,83,84,80,87,85,86,91,88,89,90,93,96,92,95,94,100,97,98,99,101,102,104,103,105],"msg_id":89,"type":"broadcast"}}
2025/06/29 16:05:57 Sent {"src":"n3","dest":"n0","body":{"in_reply_to":90,"type":"broadcast_ok"}}
2025/06/29 16:05:57 Sent {"src":"n3","dest":"n4","body":{"in_reply_to":89,"type":"broadcast_ok"}}
2025/06/29 16:05:57 Received {n4 n3 {"in_reply_to":90,"type":"broadcast_ok"}}
2025/06/29 16:05:57 Received {n0 n3 {"in_reply_to":89,"type":"broadcast_ok"}}
2025/06/29 16:05:57 Sent {"src":"n3","dest":"n0","body":{"messages":[0,2,4,6,8,9,10,12,13,14,16,17,19,23,25,27,29,30,37,38,40,42,43,44,46,1,7,15,20,22,26,33,36,49,3,5,11,18,21,24,28,31,32,34,35,39,41,45,51,47,50,52,48,53,54,55,58,57,56,59,60,62,66,63,61,64,67,70,65,68,69,72,71,74,73,76,75,78,81,79,83,82,84,77,85,80,87,91,86,88,89,92,95,90,93,97,98,96,94,101,100,99,104,102,105,103],"msg_id":91,"type":"broadcast"}}
2025/06/29 16:05:57 Sent {"src":"n3","dest":"n4","body":{"messages":[0,2,4,6,8,9,10,12,13,14,16,17,19,23,25,27,29,30,37,38,40,42,43,44,46,1,7,15,20,22,26,33,36,49,3,5,11,18,21,24,28,31,32,34,35,39,41,45,51,47,50,52,48,53,54,55,58,57,56,59,60,62,66,63,61,64,67,70,65,68,69,72,71,74,73,76,75,78,81,79,83,82,84,77,85,80,87,91,86,88,89,92,95,90,93,97,98,96,94,101,100,99,104,102,105,103],"msg_id":92,"type":"broadcast"}}
2025/06/29 16:05:57 Received {n0 n3 {"messages":[2,0,4,6,8,9,10,13,12,14,16,17,19,23,25,27,29,30,38,37,40,43,44,42,46,3,5,11,18,21,24,28,31,32,34,35,39,41,45,51,1,7,15,20,22,26,33,36,47,49,50,52,48,53,54,55,58,56,59,57,62,60,63,66,61,64,67,65,68,69,72,70,73,76,71,74,78,75,79,83,77,81,85,82,84,80,86,88,89,87,91,92,90,93,97,98,94,95,101,96,99,104,100,102,105,103],"msg_id":92,"type":"broadcast"}}
2025/06/29 16:05:57 Sent {"src":"n3","dest":"n0","body":{"in_reply_to":92,"type":"broadcast_ok"}}
2025/06/29 16:05:57 Received {n0 n3 {"in_reply_to":91,"type":"broadcast_ok"}}
2025/06/29 16:05:57 Received {n4 n3 {"in_reply_to":92,"type":"broadcast_ok"}}
2025/06/29 16:05:57 Received {n4 n3 {"messages":[1,7,15,20,22,26,33,36,3,5,11,18,21,24,28,31,32,34,35,39,41,45,0,2,4,6,8,9,10,12,13,14,16,17,19,23,25,27,29,30,37,38,40,42,43,44,50,46,49,47,51,52,48,55,57,53,54,56,59,60,58,62,66,61,64,63,65,68,69,71,67,70,73,75,72,74,76,79,82,78,81,77,83,84,80,87,85,86,91,88,89,90,93,96,92,95,94,100,97,98,99,101,102,104,103,105],"msg_id":91,"type":"broadcast"}}
2025/06/29 16:05:57 Sent {"src":"n3","dest":"n4","body":{"in_reply_to":91,"type":"broadcast_ok"}}
2025/06/29 16:05:58 Sent {"src":"n3","dest":"n0","body":{"messages":[0,2,4,6,8,9,10,12,13,14,16,17,19,23,25,27,29,30,37,38,40,42,43,44,46,1,7,15,20,22,26,33,36,49,3,5,11,18,21,24,28,31,32,34,35,39,41,45,51,47,50,52,48,53,54,55,58,57,56,59,60,62,66,63,61,64,67,70,65,68,69,72,71,74,73,76,75,78,81,79,83,82,84,77,85,80,87,91,86,88,89,92,95,90,93,97,98,96,94,101,100,99,104,102,105,103],"msg_id":93,"type":"broadcast"}}
2025/06/29 16:05:58 Sent {"src":"n3","dest":"n4","body":{"messages":[0,2,4,6,8,9,10,12,13,14,16,17,19,23,25,27,29,30,37,38,40,42,43,44,46,1,7,15,20,22,26,33,36,49,3,5,11,18,21,24,28,31,32,34,35,39,41,45,51,47,50,52,48,53,54,55,58,57,56,59,60,62,66,63,61,64,67,70,65,68,69,72,71,74,73,76,75,78,81,79,83,82,84,77,85,80,87,91,86,88,89,92,95,90,93,97,98,96,94,101,100,99,104,102,105,103],"msg_id":94,"type":"broadcast"}}
2025/06/29 16:05:58 Received {n0 n3 {"messages":[2,0,4,6,8,9,10,13,12,14,16,17,19,23,25,27,29,30,38,37,40,43,44,42,46,3,5,11,18,21,24,28,31,32,34,35,39,41,45,51,1,7,15,20,22,26,33,36,47,49,50,52,48,53,54,55,58,56,59,57,62,60,63,66,61,64,67,65,68,69,72,70,73,76,71,74,78,75,79,83,77,81,85,82,84,80,86,88,89,87,91,92,90,93,97,98,94,95,101,96,99,104,100,102,105,103],"msg_id":94,"type":"broadcast"}}
2025/06/29 16:05:58 Received {n0 n3 {"in_reply_to":93,"type":"broadcast_ok"}}
2025/06/29 16:05:58 Received {n4 n3 {"in_reply_to":94,"type":"broadcast_ok"}}
2025/06/29 16:05:58 Sent {"src":"n3","dest":"n0","body":{"in_reply_to":94,"type":"broadcast_ok"}}
2025/06/29 16:05:58 Received {n4 n3 {"messages":[1,7,15,20,22,26,33,36,3,5,11,18,21,24,28,31,32,34,35,39,41,45,0,2,4,6,8,9,10,12,13,14,16,17,19,23,25,27,29,30,37,38,40,42,43,44,50,46,49,47,51,52,48,55,57,53,54,56,59,60,58,62,66,61,64,63,65,68,69,71,67,70,73,75,72,74,76,79,82,78,81,77,83,84,80,87,85,86,91,88,89,90,93,96,92,95,94,100,97,98,99,101,102,104,103,105],"msg_id":93,"type":"broadcast"}}
2025/06/29 16:05:58 Sent {"src":"n3","dest":"n4","body":{"in_reply_to":93,"type":"broadcast_ok"}}
2025/06/29 16:05:58 Sent {"src":"n3","dest":"n4","body":{"messages":[0,2,4,6,8,9,10,12,13,14,16,17,19,23,25,27,29,30,37,38,40,42,43,44,46,1,7,15,20,22,26,33,36,49,3,5,11,18,21,24,28,31,32,34,35,39,41,45,51,47,50,52,48,53,54,55,58,57,56,59,60,62,66,63,61,64,67,70,65,68,69,72,71,74,73,76,75,78,81,79,83,82,84,77,85,80,87,91,86,88,89,92,95,90,93,97,98,96,94,101,100,99,104,102,105,103],"msg_id":95,"type":"broadcast"}}
2025/06/29 16:05:58 Sent {"src":"n3","dest":"n0","body":{"messages":[0,2,4,6,8,9,10,12,13,14,16,17,19,23,25,27,29,30,37,38,40,42,43,44,46,1,7,15,20,22,26,33,36,49,3,5,11,18,21,24,28,31,32,34,35,39,41,45,51,47,50,52,48,53,54,55,58,57,56,59,60,62,66,63,61,64,67,70,65,68,69,72,71,74,73,76,75,78,81,79,83,82,84,77,85,80,87,91,86,88,89,92,95,90,93,97,98,96,94,101,100,99,104,102,105,103],"msg_id":96,"type":"broadcast"}}
2025/06/29 16:05:58 Received {n0 n3 {"messages":[2,0,4,6,8,9,10,13,12,14,16,17,19,23,25,27,29,30,38,37,40,43,44,42,46,3,5,11,18,21,24,28,31,32,34,35,39,41,45,51,1,7,15,20,22,26,33,36,47,49,50,52,48,53,54,55,58,56,59,57,62,60,63,66,61,64,67,65,68,69,72,70,73,76,71,74,78,75,79,83,77,81,85,82,84,80,86,88,89,87,91,92,90,93,97,98,94,95,101,96,99,104,100,102,105,103],"msg_id":95,"type":"broadcast"}}
2025/06/29 16:05:58 Received {n4 n3 {"messages":[1,7,15,20,22,26,33,36,3,5,11,18,21,24,28,31,32,34,35,39,41,45,0,2,4,6,8,9,10,12,13,14,16,17,19,23,25,27,29,30,37,38,40,42,43,44,50,46,49,47,51,52,48,55,57,53,54,56,59,60,58,62,66,61,64,63,65,68,69,71,67,70,73,75,72,74,76,79,82,78,81,77,83,84,80,87,85,86,91,88,89,90,93,96,92,95,94,100,97,98,99,101,102,104,103,105],"msg_id":95,"type":"broadcast"}}
2025/06/29 16:05:58 Sent {"src":"n3","dest":"n0","body":{"in_reply_to":95,"type":"broadcast_ok"}}
2025/06/29 16:05:58 Sent {"src":"n3","dest":"n4","body":{"in_reply_to":95,"type":"broadcast_ok"}}
2025/06/29 16:05:58 Received {n4 n3 {"in_reply_to":95,"type":"broadcast_ok"}}
2025/06/29 16:05:58 Received {n0 n3 {"in_reply_to":96,"type":"broadcast_ok"}}
2025/06/29 16:05:59 Sent {"src":"n3","dest":"n0","body":{"messages":[0,2,4,6,8,9,10,12,13,14,16,17,19,23,25,27,29,30,37,38,40,42,43,44,46,1,7,15,20,22,26,33,36,49,3,5,11,18,21,24,28,31,32,34,35,39,41,45,51,47,50,52,48,53,54,55,58,57,56,59,60,62,66,63,61,64,67,70,65,68,69,72,71,74,73,76,75,78,81,79,83,82,84,77,85,80,87,91,86,88,89,92,95,90,93,97,98,96,94,101,100,99,104,102,105,103],"msg_id":97,"type":"broadcast"}}
2025/06/29 16:05:59 Sent {"src":"n3","dest":"n4","body":{"messages":[0,2,4,6,8,9,10,12,13,14,16,17,19,23,25,27,29,30,37,38,40,42,43,44,46,1,7,15,20,22,26,33,36,49,3,5,11,18,21,24,28,31,32,34,35,39,41,45,51,47,50,52,48,53,54,55,58,57,56,59,60,62,66,63,61,64,67,70,65,68,69,72,71,74,73,76,75,78,81,79,83,82,84,77,85,80,87,91,86,88,89,92,95,90,93,97,98,96,94,101,100,99,104,102,105,103],"msg_id":98,"type":"broadcast"}}
2025/06/29 16:05:59 Received {n4 n3 {"messages":[1,7,15,20,22,26,33,36,3,5,11,18,21,24,28,31,32,34,35,39,41,45,0,2,4,6,8,9,10,12,13,14,16,17,19,23,25,27,29,30,37,38,40,42,43,44,50,46,49,47,51,52,48,55,57,53,54,56,59,60,58,62,66,61,64,63,65,68,69,71,67,70,73,75,72,74,76,79,82,78,81,77,83,84,80,87,85,86,91,88,89,90,93,96,92,95,94,100,97,98,99,101,102,104,103,105],"msg_id":97,"type":"broadcast"}}
2025/06/29 16:05:59 Received {n0 n3 {"messages":[2,0,4,6,8,9,10,13,12,14,16,17,19,23,25,27,29,30,38,37,40,43,44,42,46,3,5,11,18,21,24,28,31,32,34,35,39,41,45,51,1,7,15,20,22,26,33,36,47,49,50,52,48,53,54,55,58,56,59,57,62,60,63,66,61,64,67,65,68,69,72,70,73,76,71,74,78,75,79,83,77,81,85,82,84,80,86,88,89,87,91,92,90,93,97,98,94,95,101,96,99,104,100,102,105,103],"msg_id":98,"type":"broadcast"}}
2025/06/29 16:05:59 Sent {"src":"n3","dest":"n4","body":{"in_reply_to":97,"type":"broadcast_ok"}}
2025/06/29 16:05:59 Sent {"src":"n3","dest":"n0","body":{"in_reply_to":98,"type":"broadcast_ok"}}
2025/06/29 16:05:59 Received {n0 n3 {"in_reply_to":97,"type":"broadcast_ok"}}
2025/06/29 16:05:59 Received {n4 n3 {"in_reply_to":98,"type":"broadcast_ok"}}
2025/06/29 16:05:59 Sent {"src":"n3","dest":"n0","body":{"messages":[0,2,4,6,8,9,10,12,13,14,16,17,19,23,25,27,29,30,37,38,40,42,43,44,46,1,7,15,20,22,26,33,36,49,3,5,11,18,21,24,28,31,32,34,35,39,41,45,51,47,50,52,48,53,54,55,58,57,56,59,60,62,66,63,61,64,67,70,65,68,69,72,71,74,73,76,75,78,81,79,83,82,84,77,85,80,87,91,86,88,89,92,95,90,93,97,98,96,94,101,100,99,104,102,105,103],"msg_id":100,"type":"broadcast"}}
2025/06/29 16:05:59 Sent {"src":"n3","dest":"n4","body":{"messages":[0,2,4,6,8,9,10,12,13,14,16,17,19,23,25,27,29,30,37,38,40,42,43,44,46,1,7,15,20,22,26,33,36,49,3,5,11,18,21,24,28,31,32,34,35,39,41,45,51,47,50,52,48,53,54,55,58,57,56,59,60,62,66,63,61,64,67,70,65,68,69,72,71,74,73,76,75,78,81,79,83,82,84,77,85,80,87,91,86,88,89,92,95,90,93,97,98,96,94,101,100,99,104,102,105,103],"msg_id":99,"type":"broadcast"}}
2025/06/29 16:05:59 Received {n0 n3 {"messages":[2,0,4,6,8,9,10,13,12,14,16,17,19,23,25,27,29,30,38,37,40,43,44,42,46,3,5,11,18,21,24,28,31,32,34,35,39,41,45,51,1,7,15,20,22,26,33,36,47,49,50,52,48,53,54,55,58,56,59,57,62,60,63,66,61,64,67,65,68,69,72,70,73,76,71,74,78,75,79,83,77,81,85,82,84,80,86,88,89,87,91,92,90,93,97,98,94,95,101,96,99,104,100,102,105,103],"msg_id":99,"type":"broadcast"}}
2025/06/29 16:05:59 Received {n4 n3 {"messages":[1,7,15,20,22,26,33,36,3,5,11,18,21,24,28,31,32,34,35,39,41,45,0,2,4,6,8,9,10,12,13,14,16,17,19,23,25,27,29,30,37,38,40,42,43,44,50,46,49,47,51,52,48,55,57,53,54,56,59,60,58,62,66,61,64,63,65,68,69,71,67,70,73,75,72,74,76,79,82,78,81,77,83,84,80,87,85,86,91,88,89,90,93,96,92,95,94,100,97,98,99,101,102,104,103,105],"msg_id":99,"type":"broadcast"}}
2025/06/29 16:05:59 Sent {"src":"n3","dest":"n0","body":{"in_reply_to":99,"type":"broadcast_ok"}}
2025/06/29 16:05:59 Sent {"src":"n3","dest":"n4","body":{"in_reply_to":99,"type":"broadcast_ok"}}
2025/06/29 16:05:59 Received {n4 n3 {"in_reply_to":99,"type":"broadcast_ok"}}
2025/06/29 16:05:59 Received {n0 n3 {"in_reply_to":100,"type":"broadcast_ok"}}
2025/06/29 16:06:00 Sent {"src":"n3","dest":"n0","body":{"messages":[0,2,4,6,8,9,10,12,13,14,16,17,19,23,25,27,29,30,37,38,40,42,43,44,46,1,7,15,20,22,26,33,36,49,3,5,11,18,21,24,28,31,32,34,35,39,41,45,51,47,50,52,48,53,54,55,58,57,56,59,60,62,66,63,61,64,67,70,65,68,69,72,71,74,73,76,75,78,81,79,83,82,84,77,85,80,87,91,86,88,89,92,95,90,93,97,98,96,94,101,100,99,104,102,105,103],"msg_id":101,"type":"broadcast"}}
2025/06/29 16:06:00 Sent {"src":"n3","dest":"n4","body":{"messages":[0,2,4,6,8,9,10,12,13,14,16,17,19,23,25,27,29,30,37,38,40,42,43,44,46,1,7,15,20,22,26,33,36,49,3,5,11,18,21,24,28,31,32,34,35,39,41,45,51,47,50,52,48,53,54,55,58,57,56,59,60,62,66,63,61,64,67,70,65,68,69,72,71,74,73,76,75,78,81,79,83,82,84,77,85,80,87,91,86,88,89,92,95,90,93,97,98,96,94,101,100,99,104,102,105,103],"msg_id":102,"type":"broadcast"}}
2025/06/29 16:06:00 Received {n4 n3 {"messages":[1,7,15,20,22,26,33,36,3,5,11,18,21,24,28,31,32,34,35,39,41,45,0,2,4,6,8,9,10,12,13,14,16,17,19,23,25,27,29,30,37,38,40,42,43,44,50,46,49,47,51,52,48,55,57,53,54,56,59,60,58,62,66,61,64,63,65,68,69,71,67,70,73,75,72,74,76,79,82,78,81,77,83,84,80,87,85,86,91,88,89,90,93,96,92,95,94,100,97,98,99,101,102,104,103,105],"msg_id":102,"type":"broadcast"}}
2025/06/29 16:06:00 Received {n0 n3 {"messages":[2,0,4,6,8,9,10,13,12,14,16,17,19,23,25,27,29,30,38,37,40,43,44,42,46,3,5,11,18,21,24,28,31,32,34,35,39,41,45,51,1,7,15,20,22,26,33,36,47,49,50,52,48,53,54,55,58,56,59,57,62,60,63,66,61,64,67,65,68,69,72,70,73,76,71,74,78,75,79,83,77,81,85,82,84,80,86,88,89,87,91,92,90,93,97,98,94,95,101,96,99,104,100,102,105,103],"msg_id":101,"type":"broadcast"}}
2025/06/29 16:06:00 Sent {"src":"n3","dest":"n4","body":{"in_reply_to":102,"type":"broadcast_ok"}}
2025/06/29 16:06:00 Sent {"src":"n3","dest":"n0","body":{"in_reply_to":101,"type":"broadcast_ok"}}
2025/06/29 16:06:00 Received {n0 n3 {"in_reply_to":101,"type":"broadcast_ok"}}
2025/06/29 16:06:00 Received {n4 n3 {"in_reply_to":102,"type":"broadcast_ok"}}
2025/06/29 16:06:00 Sent {"src":"n3","dest":"n4","body":{"messages":[0,2,4,6,8,9,10,12,13,14,16,17,19,23,25,27,29,30,37,38,40,42,43,44,46,1,7,15,20,22,26,33,36,49,3,5,11,18,21,24,28,31,32,34,35,39,41,45,51,47,50,52,48,53,54,55,58,57,56,59,60,62,66,63,61,64,67,70,65,68,69,72,71,74,73,76,75,78,81,79,83,82,84,77,85,80,87,91,86,88,89,92,95,90,93,97,98,96,94,101,100,99,104,102,105,103],"msg_id":103,"type":"broadcast"}}
2025/06/29 16:06:00 Sent {"src":"n3","dest":"n0","body":{"messages":[0,2,4,6,8,9,10,12,13,14,16,17,19,23,25,27,29,30,37,38,40,42,43,44,46,1,7,15,20,22,26,33,36,49,3,5,11,18,21,24,28,31,32,34,35,39,41,45,51,47,50,52,48,53,54,55,58,57,56,59,60,62,66,63,61,64,67,70,65,68,69,72,71,74,73,76,75,78,81,79,83,82,84,77,85,80,87,91,86,88,89,92,95,90,93,97,98,96,94,101,100,99,104,102,105,103],"msg_id":104,"type":"broadcast"}}
2025/06/29 16:06:00 Received {n4 n3 {"in_reply_to":103,"type":"broadcast_ok"}}
2025/06/29 16:06:00 Received {n0 n3 {"in_reply_to":104,"type":"broadcast_ok"}}
2025/06/29 16:06:00 Received {n4 n3 {"messages":[1,7,15,20,22,26,33,36,3,5,11,18,21,24,28,31,32,34,35,39,41,45,0,2,4,6,8,9,10,12,13,14,16,17,19,23,25,27,29,30,37,38,40,42,43,44,50,46,49,47,51,52,48,55,57,53,54,56,59,60,58,62,66,61,64,63,65,68,69,71,67,70,73,75,72,74,76,79,82,78,81,77,83,84,80,87,85,86,91,88,89,90,93,96,92,95,94,100,97,98,99,101,102,104,103,105],"msg_id":103,"type":"broadcast"}}
2025/06/29 16:06:00 Sent {"src":"n3","dest":"n4","body":{"in_reply_to":103,"type":"broadcast_ok"}}
2025/06/29 16:06:00 Received {n0 n3 {"messages":[2,0,4,6,8,9,10,13,12,14,16,17,19,23,25,27,29,30,38,37,40,43,44,42,46,3,5,11,18,21,24,28,31,32,34,35,39,41,45,51,1,7,15,20,22,26,33,36,47,49,50,52,48,53,54,55,58,56,59,57,62,60,63,66,61,64,67,65,68,69,72,70,73,76,71,74,78,75,79,83,77,81,85,82,84,80,86,88,89,87,91,92,90,93,97,98,94,95,101,96,99,104,100,102,105,103],"msg_id":103,"type":"broadcast"}}
2025/06/29 16:06:00 Sent {"src":"n3","dest":"n0","body":{"in_reply_to":103,"type":"broadcast_ok"}}
2025/06/29 16:06:01 Sent {"src":"n3","dest":"n4","body":{"messages":[0,2,4,6,8,9,10,12,13,14,16,17,19,23,25,27,29,30,37,38,40,42,43,44,46,1,7,15,20,22,26,33,36,49,3,5,11,18,21,24,28,31,32,34,35,39,41,45,51,47,50,52,48,53,54,55,58,57,56,59,60,62,66,63,61,64,67,70,65,68,69,72,71,74,73,76,75,78,81,79,83,82,84,77,85,80,87,91,86,88,89,92,95,90,93,97,98,96,94,101,100,99,104,102,105,103],"msg_id":105,"type":"broadcast"}}
2025/06/29 16:06:01 Sent {"src":"n3","dest":"n0","body":{"messages":[0,2,4,6,8,9,10,12,13,14,16,17,19,23,25,27,29,30,37,38,40,42,43,44,46,1,7,15,20,22,26,33,36,49,3,5,11,18,21,24,28,31,32,34,35,39,41,45,51,47,50,52,48,53,54,55,58,57,56,59,60,62,66,63,61,64,67,70,65,68,69,72,71,74,73,76,75,78,81,79,83,82,84,77,85,80,87,91,86,88,89,92,95,90,93,97,98,96,94,101,100,99,104,102,105,103],"msg_id":106,"type":"broadcast"}}
2025/06/29 16:06:01 Received {n4 n3 {"messages":[1,7,15,20,22,26,33,36,3,5,11,18,21,24,28,31,32,34,35,39,41,45,0,2,4,6,8,9,10,12,13,14,16,17,19,23,25,27,29,30,37,38,40,42,43,44,50,46,49,47,51,52,48,55,57,53,54,56,59,60,58,62,66,61,64,63,65,68,69,71,67,70,73,75,72,74,76,79,82,78,81,77,83,84,80,87,85,86,91,88,89,90,93,96,92,95,94,100,97,98,99,101,102,104,103,105],"msg_id":106,"type":"broadcast"}}
2025/06/29 16:06:01 Received {n4 n3 {"in_reply_to":105,"type":"broadcast_ok"}}
2025/06/29 16:06:01 Received {n0 n3 {"messages":[2,0,4,6,8,9,10,13,12,14,16,17,19,23,25,27,29,30,38,37,40,43,44,42,46,3,5,11,18,21,24,28,31,32,34,35,39,41,45,51,1,7,15,20,22,26,33,36,47,49,50,52,48,53,54,55,58,56,59,57,62,60,63,66,61,64,67,65,68,69,72,70,73,76,71,74,78,75,79,83,77,81,85,82,84,80,86,88,89,87,91,92,90,93,97,98,94,95,101,96,99,104,100,102,105,103],"msg_id":106,"type":"broadcast"}}
2025/06/29 16:06:01 Received {n0 n3 {"in_reply_to":106,"type":"broadcast_ok"}}
2025/06/29 16:06:01 Sent {"src":"n3","dest":"n4","body":{"in_reply_to":106,"type":"broadcast_ok"}}
2025/06/29 16:06:01 Sent {"src":"n3","dest":"n0","body":{"in_reply_to":106,"type":"broadcast_ok"}}
2025/06/29 16:06:01 Sent {"src":"n3","dest":"n0","body":{"messages":[0,2,4,6,8,9,10,12,13,14,16,17,19,23,25,27,29,30,37,38,40,42,43,44,46,1,7,15,20,22,26,33,36,49,3,5,11,18,21,24,28,31,32,34,35,39,41,45,51,47,50,52,48,53,54,55,58,57,56,59,60,62,66,63,61,64,67,70,65,68,69,72,71,74,73,76,75,78,81,79,83,82,84,77,85,80,87,91,86,88,89,92,95,90,93,97,98,96,94,101,100,99,104,102,105,103],"msg_id":107,"type":"broadcast"}}
2025/06/29 16:06:01 Sent {"src":"n3","dest":"n4","body":{"messages":[0,2,4,6,8,9,10,12,13,14,16,17,19,23,25,27,29,30,37,38,40,42,43,44,46,1,7,15,20,22,26,33,36,49,3,5,11,18,21,24,28,31,32,34,35,39,41,45,51,47,50,52,48,53,54,55,58,57,56,59,60,62,66,63,61,64,67,70,65,68,69,72,71,74,73,76,75,78,81,79,83,82,84,77,85,80,87,91,86,88,89,92,95,90,93,97,98,96,94,101,100,99,104,102,105,103],"msg_id":108,"type":"broadcast"}}
2025/06/29 16:06:01 Received {n4 n3 {"messages":[1,7,15,20,22,26,33,36,3,5,11,18,21,24,28,31,32,34,35,39,41,45,0,2,4,6,8,9,10,12,13,14,16,17,19,23,25,27,29,30,37,38,40,42,43,44,50,46,49,47,51,52,48,55,57,53,54,56,59,60,58,62,66,61,64,63,65,68,69,71,67,70,73,75,72,74,76,79,82,78,81,77,83,84,80,87,85,86,91,88,89,90,93,96,92,95,94,100,97,98,99,101,102,104,103,105],"msg_id":107,"type":"broadcast"}}
2025/06/29 16:06:01 Received {n4 n3 {"in_reply_to":108,"type":"broadcast_ok"}}
2025/06/29 16:06:01 Sent {"src":"n3","dest":"n4","body":{"in_reply_to":107,"type":"broadcast_ok"}}
2025/06/29 16:06:01 Received {n0 n3 {"messages":[2,0,4,6,8,9,10,13,12,14,16,17,19,23,25,27,29,30,38,37,40,43,44,42,46,3,5,11,18,21,24,28,31,32,34,35,39,41,45,51,1,7,15,20,22,26,33,36,47,49,50,52,48,53,54,55,58,56,59,57,62,60,63,66,61,64,67,65,68,69,72,70,73,76,71,74,78,75,79,83,77,81,85,82,84,80,86,88,89,87,91,92,90,93,97,98,94,95,101,96,99,104,100,102,105,103],"msg_id":108,"type":"broadcast"}}
2025/06/29 16:06:01 Received {n0 n3 {"in_reply_to":107,"type":"broadcast_ok"}}
2025/06/29 16:06:01 Sent {"src":"n3","dest":"n0","body":{"in_reply_to":108,"type":"broadcast_ok"}}
2025/06/29 16:06:02 Sent {"src":"n3","dest":"n0","body":{"messages":[0,2,4,6,8,9,10,12,13,14,16,17,19,23,25,27,29,30,37,38,40,42,43,44,46,1,7,15,20,22,26,33,36,49,3,5,11,18,21,24,28,31,32,34,35,39,41,45,51,47,50,52,48,53,54,55,58,57,56,59,60,62,66,63,61,64,67,70,65,68,69,72,71,74,73,76,75,78,81,79,83,82,84,77,85,80,87,91,86,88,89,92,95,90,93,97,98,96,94,101,100,99,104,102,105,103],"msg_id":110,"type":"broadcast"}}
2025/06/29 16:06:02 Sent {"src":"n3","dest":"n4","body":{"messages":[0,2,4,6,8,9,10,12,13,14,16,17,19,23,25,27,29,30,37,38,40,42,43,44,46,1,7,15,20,22,26,33,36,49,3,5,11,18,21,24,28,31,32,34,35,39,41,45,51,47,50,52,48,53,54,55,58,57,56,59,60,62,66,63,61,64,67,70,65,68,69,72,71,74,73,76,75,78,81,79,83,82,84,77,85,80,87,91,86,88,89,92,95,90,93,97,98,96,94,101,100,99,104,102,105,103],"msg_id":109,"type":"broadcast"}}
2025/06/29 16:06:02 Received {n4 n3 {"messages":[1,7,15,20,22,26,33,36,3,5,11,18,21,24,28,31,32,34,35,39,41,45,0,2,4,6,8,9,10,12,13,14,16,17,19,23,25,27,29,30,37,38,40,42,43,44,50,46,49,47,51,52,48,55,57,53,54,56,59,60,58,62,66,61,64,63,65,68,69,71,67,70,73,75,72,74,76,79,82,78,81,77,83,84,80,87,85,86,91,88,89,90,93,96,92,95,94,100,97,98,99,101,102,104,103,105],"msg_id":109,"type":"broadcast"}}
2025/06/29 16:06:02 Received {n0 n3 {"in_reply_to":110,"type":"broadcast_ok"}}
2025/06/29 16:06:02 Received {n0 n3 {"messages":[2,0,4,6,8,9,10,13,12,14,16,17,19,23,25,27,29,30,38,37,40,43,44,42,46,3,5,11,18,21,24,28,31,32,34,35,39,41,45,51,1,7,15,20,22,26,33,36,47,49,50,52,48,53,54,55,58,56,59,57,62,60,63,66,61,64,67,65,68,69,72,70,73,76,71,74,78,75,79,83,77,81,85,82,84,80,86,88,89,87,91,92,90,93,97,98,94,95,101,96,99,104,100,102,105,103],"msg_id":110,"type":"broadcast"}}
2025/06/29 16:06:02 Received {n4 n3 {"in_reply_to":109,"type":"broadcast_ok"}}
2025/06/29 16:06:02 Sent {"src":"n3","dest":"n4","body":{"in_reply_to":109,"type":"broadcast_ok"}}
2025/06/29 16:06:02 Sent {"src":"n3","dest":"n0","body":{"in_reply_to":110,"type":"broadcast_ok"}}
2025/06/29 16:06:02 Sent {"src":"n3","dest":"n0","body":{"messages":[0,2,4,6,8,9,10,12,13,14,16,17,19,23,25,27,29,30,37,38,40,42,43,44,46,1,7,15,20,22,26,33,36,49,3,5,11,18,21,24,28,31,32,34,35,39,41,45,51,47,50,52,48,53,54,55,58,57,56,59,60,62,66,63,61,64,67,70,65,68,69,72,71,74,73,76,75,78,81,79,83,82,84,77,85,80,87,91,86,88,89,92,95,90,93,97,98,96,94,101,100,99,104,102,105,103],"msg_id":112,"type":"broadcast"}}
2025/06/29 16:06:02 Sent {"src":"n3","dest":"n4","body":{"messages":[0,2,4,6,8,9,10,12,13,14,16,17,19,23,25,27,29,30,37,38,40,42,43,44,46,1,7,15,20,22,26,33,36,49,3,5,11,18,21,24,28,31,32,34,35,39,41,45,51,47,50,52,48,53,54,55,58,57,56,59,60,62,66,63,61,64,67,70,65,68,69,72,71,74,73,76,75,78,81,79,83,82,84,77,85,80,87,91,86,88,89,92,95,90,93,97,98,96,94,101,100,99,104,102,105,103],"msg_id":111,"type":"broadcast"}}
2025/06/29 16:06:02 Received {n0 n3 {"in_reply_to":112,"type":"broadcast_ok"}}
2025/06/29 16:06:02 Received {n0 n3 {"messages":[2,0,4,6,8,9,10,13,12,14,16,17,19,23,25,27,29,30,38,37,40,43,44,42,46,3,5,11,18,21,24,28,31,32,34,35,39,41,45,51,1,7,15,20,22,26,33,36,47,49,50,52,48,53,54,55,58,56,59,57,62,60,63,66,61,64,67,65,68,69,72,70,73,76,71,74,78,75,79,83,77,81,85,82,84,80,86,88,89,87,91,92,90,93,97,98,94,95,101,96,99,104,100,102,105,103],"msg_id":112,"type":"broadcast"}}
2025/06/29 16:06:02 Received {n4 n3 {"messages":[1,7,15,20,22,26,33,36,3,5,11,18,21,24,28,31,32,34,35,39,41,45,0,2,4,6,8,9,10,12,13,14,16,17,19,23,25,27,29,30,37,38,40,42,43,44,50,46,49,47,51,52,48,55,57,53,54,56,59,60,58,62,66,61,64,63,65,68,69,71,67,70,73,75,72,74,76,79,82,78,81,77,83,84,80,87,85,86,91,88,89,90,93,96,92,95,94,100,97,98,99,101,102,104,103,105],"msg_id":111,"type":"broadcast"}}
2025/06/29 16:06:02 Sent {"src":"n3","dest":"n0","body":{"in_reply_to":112,"type":"broadcast_ok"}}
2025/06/29 16:06:02 Sent {"src":"n3","dest":"n4","body":{"in_reply_to":111,"type":"broadcast_ok"}}
2025/06/29 16:06:02 Received {n4 n3 {"in_reply_to":111,"type":"broadcast_ok"}}
2025/06/29 16:06:03 Sent {"src":"n3","dest":"n4","body":{"messages":[0,2,4,6,8,9,10,12,13,14,16,17,19,23,25,27,29,30,37,38,40,42,43,44,46,1,7,15,20,22,26,33,36,49,3,5,11,18,21,24,28,31,32,34,35,39,41,45,51,47,50,52,48,53,54,55,58,57,56,59,60,62,66,63,61,64,67,70,65,68,69,72,71,74,73,76,75,78,81,79,83,82,84,77,85,80,87,91,86,88,89,92,95,90,93,97,98,96,94,101,100,99,104,102,105,103],"msg_id":113,"type":"broadcast"}}
2025/06/29 16:06:03 Sent {"src":"n3","dest":"n0","body":{"messages":[0,2,4,6,8,9,10,12,13,14,16,17,19,23,25,27,29,30,37,38,40,42,43,44,46,1,7,15,20,22,26,33,36,49,3,5,11,18,21,24,28,31,32,34,35,39,41,45,51,47,50,52,48,53,54,55,58,57,56,59,60,62,66,63,61,64,67,70,65,68,69,72,71,74,73,76,75,78,81,79,83,82,84,77,85,80,87,91,86,88,89,92,95,90,93,97,98,96,94,101,100,99,104,102,105,103],"msg_id":114,"type":"broadcast"}}
2025/06/29 16:06:03 Received {n0 n3 {"messages":[2,0,4,6,8,9,10,13,12,14,16,17,19,23,25,27,29,30,38,37,40,43,44,42,46,3,5,11,18,21,24,28,31,32,34,35,39,41,45,51,1,7,15,20,22,26,33,36,47,49,50,52,48,53,54,55,58,56,59,57,62,60,63,66,61,64,67,65,68,69,72,70,73,76,71,74,78,75,79,83,77,81,85,82,84,80,86,88,89,87,91,92,90,93,97,98,94,95,101,96,99,104,100,102,105,103],"msg_id":113,"type":"broadcast"}}
2025/06/29 16:06:03 Received {n4 n3 {"messages":[1,7,15,20,22,26,33,36,3,5,11,18,21,24,28,31,32,34,35,39,41,45,0,2,4,6,8,9,10,12,13,14,16,17,19,23,25,27,29,30,37,38,40,42,43,44,50,46,49,47,51,52,48,55,57,53,54,56,59,60,58,62,66,61,64,63,65,68,69,71,67,70,73,75,72,74,76,79,82,78,81,77,83,84,80,87,85,86,91,88,89,90,93,96,92,95,94,100,97,98,99,101,102,104,103,105],"msg_id":113,"type":"broadcast"}}
2025/06/29 16:06:03 Sent {"src":"n3","dest":"n0","body":{"in_reply_to":113,"type":"broadcast_ok"}}
2025/06/29 16:06:03 Sent {"src":"n3","dest":"n4","body":{"in_reply_to":113,"type":"broadcast_ok"}}
2025/06/29 16:06:03 Received {n4 n3 {"in_reply_to":113,"type":"broadcast_ok"}}
2025/06/29 16:06:03 Received {n0 n3 {"in_reply_to":114,"type":"broadcast_ok"}}
2025/06/29 16:06:03 Sent {"src":"n3","dest":"n4","body":{"messages":[0,2,4,6,8,9,10,12,13,14,16,17,19,23,25,27,29,30,37,38,40,42,43,44,46,1,7,15,20,22,26,33,36,49,3,5,11,18,21,24,28,31,32,34,35,39,41,45,51,47,50,52,48,53,54,55,58,57,56,59,60,62,66,63,61,64,67,70,65,68,69,72,71,74,73,76,75,78,81,79,83,82,84,77,85,80,87,91,86,88,89,92,95,90,93,97,98,96,94,101,100,99,104,102,105,103],"msg_id":115,"type":"broadcast"}}
2025/06/29 16:06:03 Sent {"src":"n3","dest":"n0","body":{"messages":[0,2,4,6,8,9,10,12,13,14,16,17,19,23,25,27,29,30,37,38,40,42,43,44,46,1,7,15,20,22,26,33,36,49,3,5,11,18,21,24,28,31,32,34,35,39,41,45,51,47,50,52,48,53,54,55,58,57,56,59,60,62,66,63,61,64,67,70,65,68,69,72,71,74,73,76,75,78,81,79,83,82,84,77,85,80,87,91,86,88,89,92,95,90,93,97,98,96,94,101,100,99,104,102,105,103],"msg_id":116,"type":"broadcast"}}
2025/06/29 16:06:03 Received {n4 n3 {"messages":[1,7,15,20,22,26,33,36,3,5,11,18,21,24,28,31,32,34,35,39,41,45,0,2,4,6,8,9,10,12,13,14,16,17,19,23,25,27,29,30,37,38,40,42,43,44,50,46,49,47,51,52,48,55,57,53,54,56,59,60,58,62,66,61,64,63,65,68,69,71,67,70,73,75,72,74,76,79,82,78,81,77,83,84,80,87,85,86,91,88,89,90,93,96,92,95,94,100,97,98,99,101,102,104,103,105],"msg_id":115,"type":"broadcast"}}
2025/06/29 16:06:03 Sent {"src":"n3","dest":"n4","body":{"in_reply_to":115,"type":"broadcast_ok"}}
2025/06/29 16:06:03 Received {n0 n3 {"messages":[2,0,4,6,8,9,10,13,12,14,16,17,19,23,25,27,29,30,38,37,40,43,44,42,46,3,5,11,18,21,24,28,31,32,34,35,39,41,45,51,1,7,15,20,22,26,33,36,47,49,50,52,48,53,54,55,58,56,59,57,62,60,63,66,61,64,67,65,68,69,72,70,73,76,71,74,78,75,79,83,77,81,85,82,84,80,86,88,89,87,91,92,90,93,97,98,94,95,101,96,99,104,100,102,105,103],"msg_id":115,"type":"broadcast"}}
2025/06/29 16:06:03 Received {n4 n3 {"in_reply_to":115,"type":"broadcast_ok"}}
2025/06/29 16:06:03 Received {n0 n3 {"in_reply_to":116,"type":"broadcast_ok"}}
2025/06/29 16:06:03 Sent {"src":"n3","dest":"n0","body":{"in_reply_to":115,"type":"broadcast_ok"}}
2025/06/29 16:06:04 Sent {"src":"n3","dest":"n0","body":{"messages":[0,2,4,6,8,9,10,12,13,14,16,17,19,23,25,27,29,30,37,38,40,42,43,44,46,1,7,15,20,22,26,33,36,49,3,5,11,18,21,24,28,31,32,34,35,39,41,45,51,47,50,52,48,53,54,55,58,57,56,59,60,62,66,63,61,64,67,70,65,68,69,72,71,74,73,76,75,78,81,79,83,82,84,77,85,80,87,91,86,88,89,92,95,90,93,97,98,96,94,101,100,99,104,102,105,103],"msg_id":118,"type":"broadcast"}}
2025/06/29 16:06:04 Sent {"src":"n3","dest":"n4","body":{"messages":[0,2,4,6,8,9,10,12,13,14,16,17,19,23,25,27,29,30,37,38,40,42,43,44,46,1,7,15,20,22,26,33,36,49,3,5,11,18,21,24,28,31,32,34,35,39,41,45,51,47,50,52,48,53,54,55,58,57,56,59,60,62,66,63,61,64,67,70,65,68,69,72,71,74,73,76,75,78,81,79,83,82,84,77,85,80,87,91,86,88,89,92,95,90,93,97,98,96,94,101,100,99,104,102,105,103],"msg_id":117,"type":"broadcast"}}
2025/06/29 16:06:04 Received {n4 n3 {"messages":[1,7,15,20,22,26,33,36,3,5,11,18,21,24,28,31,32,34,35,39,41,45,0,2,4,6,8,9,10,12,13,14,16,17,19,23,25,27,29,30,37,38,40,42,43,44,50,46,49,47,51,52,48,55,57,53,54,56,59,60,58,62,66,61,64,63,65,68,69,71,67,70,73,75,72,74,76,79,82,78,81,77,83,84,80,87,85,86,91,88,89,90,93,96,92,95,94,100,97,98,99,101,102,104,103,105],"msg_id":117,"type":"broadcast"}}
2025/06/29 16:06:04 Received {n0 n3 {"messages":[2,0,4,6,8,9,10,13,12,14,16,17,19,23,25,27,29,30,38,37,40,43,44,42,46,3,5,11,18,21,24,28,31,32,34,35,39,41,45,51,1,7,15,20,22,26,33,36,47,49,50,52,48,53,54,55,58,56,59,57,62,60,63,66,61,64,67,65,68,69,72,70,73,76,71,74,78,75,79,83,77,81,85,82,84,80,86,88,89,87,91,92,90,93,97,98,94,95,101,96,99,104,100,102,105,103],"msg_id":117,"type":"broadcast"}}
2025/06/29 16:06:04 Sent {"src":"n3","dest":"n4","body":{"in_reply_to":117,"type":"broadcast_ok"}}
2025/06/29 16:06:04 Sent {"src":"n3","dest":"n0","body":{"in_reply_to":117,"type":"broadcast_ok"}}
2025/06/29 16:06:04 Received {n4 n3 {"in_reply_to":117,"type":"broadcast_ok"}}
2025/06/29 16:06:04 Received {n0 n3 {"in_reply_to":118,"type":"broadcast_ok"}}
2025/06/29 16:06:04 Received {c12 n3 {"type":"read","msg_id":33}}
2025/06/29 16:06:04 Sent {"src":"n3","dest":"c12","body":{"in_reply_to":33,"messages":[0,2,4,6,8,9,10,12,13,14,16,17,19,23,25,27,29,30,37,38,40,42,43,44,46,1,7,15,20,22,26,33,36,49,3,5,11,18,21,24,28,31,32,34,35,39,41,45,51,47,50,52,48,53,54,55,58,57,56,59,60,62,66,63,61,64,67,70,65,68,69,72,71,74,73,76,75,78,81,79,83,82,84,77,85,80,87,91,86,88,89,92,95,90,93,97,98,96,94,101,100,99,104,102,105,103],"type":"read_ok"}}
