2025/06/29 16:05:34 Received {c3 n4 {"type":"init","node_id":"n4","node_ids":["n0","n1","n2","n3","n4"],"msg_id":1}}
2025/06/29 16:05:34 Node n4 initialized
2025/06/29 16:05:34 Sent {"src":"n4","dest":"c3","body":{"in_reply_to":1,"type":"init_ok"}}
2025/06/29 16:05:34 Received {c9 n4 {"type":"topology","topology":{"n0":["n3","n1"],"n1":["n4","n2","n0"],"n2":["n1"],"n3":["n0","n4"],"n4":["n1","n3"]},"msg_id":1}}
2025/06/29 16:05:34 Sent {"src":"n4","dest":"c9","body":{"in_reply_to":1,"type":"topology_ok"}}
2025/06/29 16:05:35 Received {c13 n4 {"type":"broadcast","message":1,"msg_id":1}}
2025/06/29 16:05:35 Sent {"src":"n4","dest":"c13","body":{"in_reply_to":1,"type":"broadcast_ok"}}
2025/06/29 16:05:35 Sent {"src":"n4","dest":"n1","body":{"messages":[1],"msg_id":1,"type":"broadcast"}}
2025/06/29 16:05:35 Sent {"src":"n4","dest":"n3","body":{"messages":[1],"msg_id":2,"type":"broadcast"}}
2025/06/29 16:05:35 Received {c13 n4 {"type":"read","msg_id":2}}
2025/06/29 16:05:35 Sent {"src":"n4","dest":"c13","body":{"in_reply_to":2,"messages":[1],"type":"read_ok"}}
2025/06/29 16:05:35 Sent {"src":"n4","dest":"n3","body":{"messages":[1],"msg_id":3,"type":"broadcast"}}
2025/06/29 16:05:35 Sent {"src":"n4","dest":"n1","body":{"messages":[1],"msg_id":4,"type":"broadcast"}}
2025/06/29 16:05:36 Sent {"src":"n4","dest":"n3","body":{"messages":[1],"msg_id":5,"type":"broadcast"}}
2025/06/29 16:05:36 Sent {"src":"n4","dest":"n1","body":{"messages":[1],"msg_id":6,"type":"broadcast"}}
2025/06/29 16:05:36 Received {c13 n4 {"type":"broadcast","message":7,"msg_id":3}}
2025/06/29 16:05:36 Sent {"src":"n4","dest":"c13","body":{"in_reply_to":3,"type":"broadcast_ok"}}
2025/06/29 16:05:36 Sent {"src":"n4","dest":"n3","body":{"messages":[1,7],"msg_id":7,"type":"broadcast"}}
2025/06/29 16:05:36 Sent {"src":"n4","dest":"n1","body":{"messages":[1,7],"msg_id":8,"type":"broadcast"}}
2025/06/29 16:05:36 Received {c13 n4 {"type":"read","msg_id":4}}
2025/06/29 16:05:36 Sent {"src":"n4","dest":"c13","body":{"in_reply_to":4,"messages":[1,7],"type":"read_ok"}}
2025/06/29 16:05:37 Sent {"src":"n4","dest":"n3","body":{"messages":[1,7],"msg_id":9,"type":"broadcast"}}
2025/06/29 16:05:37 Sent {"src":"n4","dest":"n1","body":{"messages":[1,7],"msg_id":10,"type":"broadcast"}}
2025/06/29 16:05:37 Received {c13 n4 {"type":"read","msg_id":5}}
2025/06/29 16:05:37 Sent {"src":"n4","dest":"c13","body":{"in_reply_to":5,"messages":[1,7],"type":"read_ok"}}
2025/06/29 16:05:37 Sent {"src":"n4","dest":"n3","body":{"messages":[1,7],"msg_id":11,"type":"broadcast"}}
2025/06/29 16:05:37 Sent {"src":"n4","dest":"n1","body":{"messages":[1,7],"msg_id":12,"type":"broadcast"}}
2025/06/29 16:05:38 Sent {"src":"n4","dest":"n1","body":{"messages":[1,7],"msg_id":13,"type":"broadcast"}}
2025/06/29 16:05:38 Sent {"src":"n4","dest":"n3","body":{"messages":[1,7],"msg_id":14,"type":"broadcast"}}
2025/06/29 16:05:38 Received {c13 n4 {"type":"broadcast","message":15,"msg_id":6}}
2025/06/29 16:05:38 Sent {"src":"n4","dest":"c13","body":{"in_reply_to":6,"type":"broadcast_ok"}}
2025/06/29 16:05:38 Sent {"src":"n4","dest":"n3","body":{"messages":[1,7,15],"msg_id":15,"type":"broadcast"}}
2025/06/29 16:05:38 Sent {"src":"n4","dest":"n1","body":{"messages":[1,7,15],"msg_id":16,"type":"broadcast"}}
2025/06/29 16:05:39 Received {c13 n4 {"type":"broadcast","message":20,"msg_id":7}}
2025/06/29 16:05:39 Sent {"src":"n4","dest":"c13","body":{"in_reply_to":7,"type":"broadcast_ok"}}
2025/06/29 16:05:39 Sent {"src":"n4","dest":"n1","body":{"messages":[1,7,15,20],"msg_id":17,"type":"broadcast"}}
2025/06/29 16:05:39 Sent {"src":"n4","dest":"n3","body":{"messages":[1,7,15,20],"msg_id":18,"type":"broadcast"}}
2025/06/29 16:05:39 Received {c13 n4 {"type":"broadcast","message":22,"msg_id":8}}
2025/06/29 16:05:39 Sent {"src":"n4","dest":"c13","body":{"in_reply_to":8,"type":"broadcast_ok"}}
2025/06/29 16:05:39 Sent {"src":"n4","dest":"n3","body":{"messages":[1,7,15,20,22],"msg_id":19,"type":"broadcast"}}
2025/06/29 16:05:39 Sent {"src":"n4","dest":"n1","body":{"messages":[1,7,15,20,22],"msg_id":20,"type":"broadcast"}}
2025/06/29 16:05:40 Received {c13 n4 {"type":"broadcast","message":26,"msg_id":9}}
2025/06/29 16:05:40 Sent {"src":"n4","dest":"c13","body":{"in_reply_to":9,"type":"broadcast_ok"}}
2025/06/29 16:05:40 Sent {"src":"n4","dest":"n3","body":{"messages":[1,7,15,20,22,26],"msg_id":21,"type":"broadcast"}}
2025/06/29 16:05:40 Sent {"src":"n4","dest":"n1","body":{"messages":[1,7,15,20,22,26],"msg_id":22,"type":"broadcast"}}
2025/06/29 16:05:40 Sent {"src":"n4","dest":"n3","body":{"messages":[1,7,15,20,22,26],"msg_id":23,"type":"broadcast"}}
2025/06/29 16:05:40 Sent {"src":"n4","dest":"n1","body":{"messages":[1,7,15,20,22,26],"msg_id":24,"type":"broadcast"}}
2025/06/29 16:05:40 Received {c13 n4 {"type":"read","msg_id":10}}
2025/06/29 16:05:40 Sent {"src":"n4","dest":"c13","body":{"in_reply_to":10,"messages":[1,7,15,20,22,26],"type":"read_ok"}}
2025/06/29 16:05:41 Sent {"src":"n4","dest":"n3","body":{"messages":[1,7,15,20,22,26],"msg_id":25,"type":"broadcast"}}
2025/06/29 16:05:41 Sent {"src":"n4","dest":"n1","body":{"messages":[1,7,15,20,22,26],"msg_id":26,"type":"broadcast"}}
2025/06/29 16:05:41 Received {c13 n4 {"type":"broadcast","message":33,"msg_id":11}}
2025/06/29 16:05:41 Sent {"src":"n4","dest":"c13","body":{"in_reply_to":11,"type":"broadcast_ok"}}
2025/06/29 16:05:41 Sent {"src":"n4","dest":"n3","body":{"messages":[1,7,15,20,22,26,33],"msg_id":27,"type":"broadcast"}}
2025/06/29 16:05:41 Sent {"src":"n4","dest":"n1","body":{"messages":[1,7,15,20,22,26,33],"msg_id":28,"type":"broadcast"}}
2025/06/29 16:05:41 Received {c13 n4 {"type":"broadcast","message":36,"msg_id":12}}
2025/06/29 16:05:41 Sent {"src":"n4","dest":"c13","body":{"in_reply_to":12,"type":"broadcast_ok"}}
2025/06/29 16:05:42 Sent {"src":"n4","dest":"n3","body":{"messages":[1,7,15,20,22,26,33,36],"msg_id":29,"type":"broadcast"}}
2025/06/29 16:05:42 Sent {"src":"n4","dest":"n1","body":{"messages":[1,7,15,20,22,26,33,36],"msg_id":30,"type":"broadcast"}}
2025/06/29 16:05:42 Received {c13 n4 {"type":"read","msg_id":13}}
2025/06/29 16:05:42 Sent {"src":"n4","dest":"c13","body":{"in_reply_to":13,"messages":[1,7,15,20,22,26,33,36],"type":"read_ok"}}
2025/06/29 16:05:42 Sent {"src":"n4","dest":"n1","body":{"messages":[1,7,15,20,22,26,33,36],"msg_id":32,"type":"broadcast"}}
2025/06/29 16:05:42 Sent {"src":"n4","dest":"n3","body":{"messages":[1,7,15,20,22,26,33,36],"msg_id":31,"type":"broadcast"}}
2025/06/29 16:05:43 Received {c13 n4 {"type":"read","msg_id":14}}
2025/06/29 16:05:43 Sent {"src":"n4","dest":"c13","body":{"in_reply_to":14,"messages":[1,7,15,20,22,26,33,36],"type":"read_ok"}}
2025/06/29 16:05:43 Sent {"src":"n4","dest":"n3","body":{"messages":[1,7,15,20,22,26,33,36],"msg_id":33,"type":"broadcast"}}
2025/06/29 16:05:43 Sent {"src":"n4","dest":"n1","body":{"messages":[1,7,15,20,22,26,33,36],"msg_id":34,"type":"broadcast"}}
2025/06/29 16:05:43 Sent {"src":"n4","dest":"n3","body":{"messages":[1,7,15,20,22,26,33,36],"msg_id":35,"type":"broadcast"}}
2025/06/29 16:05:43 Sent {"src":"n4","dest":"n1","body":{"messages":[1,7,15,20,22,26,33,36],"msg_id":36,"type":"broadcast"}}
2025/06/29 16:05:44 Received {c13 n4 {"type":"read","msg_id":15}}
2025/06/29 16:05:44 Sent {"src":"n4","dest":"c13","body":{"in_reply_to":15,"messages":[1,7,15,20,22,26,33,36],"type":"read_ok"}}
2025/06/29 16:05:44 Sent {"src":"n4","dest":"n3","body":{"messages":[1,7,15,20,22,26,33,36],"msg_id":37,"type":"broadcast"}}
2025/06/29 16:05:44 Sent {"src":"n4","dest":"n1","body":{"messages":[1,7,15,20,22,26,33,36],"msg_id":38,"type":"broadcast"}}
2025/06/29 16:05:44 Received {c13 n4 {"type":"read","msg_id":16}}
2025/06/29 16:05:44 Sent {"src":"n4","dest":"c13","body":{"in_reply_to":16,"messages":[1,7,15,20,22,26,33,36],"type":"read_ok"}}
2025/06/29 16:05:44 Received {n1 n4 {"messages":[3,5,11,18,21,24,28,31,32,34,35,39,41,45],"msg_id":55,"type":"broadcast"}}
2025/06/29 16:05:44 Received {n3 n4 {"messages":[0,2,4,6,8,9,10,12,13,14,16,17,19,23,25,27,29,30,37,38,40,42,43,44],"msg_id":39,"type":"broadcast"}}
2025/06/29 16:05:44 Sent {"src":"n4","dest":"n3","body":{"messages":[1,7,15,20,22,26,33,36],"msg_id":39,"type":"broadcast"}}
2025/06/29 16:05:44 Sent {"src":"n4","dest":"n1","body":{"messages":[1,7,15,20,22,26,33,36],"msg_id":40,"type":"broadcast"}}
2025/06/29 16:05:44 Sent {"src":"n4","dest":"n1","body":{"in_reply_to":55,"type":"broadcast_ok"}}
2025/06/29 16:05:44 Sent {"src":"n4","dest":"n3","body":{"in_reply_to":39,"type":"broadcast_ok"}}
2025/06/29 16:05:44 Received {n3 n4 {"in_reply_to":39,"type":"broadcast_ok"}}
2025/06/29 16:05:44 Received {n1 n4 {"in_reply_to":40,"type":"broadcast_ok"}}
2025/06/29 16:05:45 Received {c13 n4 {"type":"broadcast","message":50,"msg_id":17}}
2025/06/29 16:05:45 Sent {"src":"n4","dest":"c13","body":{"in_reply_to":17,"type":"broadcast_ok"}}
2025/06/29 16:05:45 Received {n3 n4 {"messages":[0,2,4,6,8,9,10,12,13,14,16,17,19,23,25,27,29,30,37,38,40,42,43,44,46,1,7,15,20,22,26,33,36,49],"msg_id":41,"type":"broadcast"}}
2025/06/29 16:05:45 Received {n1 n4 {"messages":[3,5,11,18,21,24,28,31,32,34,35,39,41,45,2,0,4,6,8,9,10,13,12,14,16,17,19,23,25,27,29,30,38,37,40,43,44,42,46,1,7,15,20,22,26,33,36,47],"msg_id":59,"type":"broadcast"}}
2025/06/29 16:05:45 Sent {"src":"n4","dest":"n3","body":{"in_reply_to":41,"type":"broadcast_ok"}}
2025/06/29 16:05:45 Sent {"src":"n4","dest":"n1","body":{"in_reply_to":59,"type":"broadcast_ok"}}
2025/06/29 16:05:45 Sent {"src":"n4","dest":"n3","body":{"messages":[1,7,15,20,22,26,33,36,3,5,11,18,21,24,28,31,32,34,35,39,41,45,0,2,4,6,8,9,10,12,13,14,16,17,19,23,25,27,29,30,37,38,40,42,43,44,50,46,49,47],"msg_id":41,"type":"broadcast"}}
2025/06/29 16:05:45 Sent {"src":"n4","dest":"n1","body":{"messages":[1,7,15,20,22,26,33,36,3,5,11,18,21,24,28,31,32,34,35,39,41,45,0,2,4,6,8,9,10,12,13,14,16,17,19,23,25,27,29,30,37,38,40,42,43,44,50,46,49,47],"msg_id":42,"type":"broadcast"}}
2025/06/29 16:05:45 Received {n1 n4 {"in_reply_to":42,"type":"broadcast_ok"}}
2025/06/29 16:05:45 Received {n3 n4 {"in_reply_to":41,"type":"broadcast_ok"}}
2025/06/29 16:05:45 Received {c13 n4 {"type":"read","msg_id":18}}
2025/06/29 16:05:45 Sent {"src":"n4","dest":"c13","body":{"in_reply_to":18,"messages":[1,7,15,20,22,26,33,36,3,5,11,18,21,24,28,31,32,34,35,39,41,45,0,2,4,6,8,9,10,12,13,14,16,17,19,23,25,27,29,30,37,38,40,42,43,44,50,46,49,47],"type":"read_ok"}}
2025/06/29 16:05:45 Received {n3 n4 {"messages":[0,2,4,6,8,9,10,12,13,14,16,17,19,23,25,27,29,30,37,38,40,42,43,44,46,1,7,15,20,22,26,33,36,49,3,5,11,18,21,24,28,31,32,34,35,39,41,45,51,47,50,52],"msg_id":44,"type":"broadcast"}}
2025/06/29 16:05:45 Sent {"src":"n4","dest":"n3","body":{"in_reply_to":44,"type":"broadcast_ok"}}
2025/06/29 16:05:45 Received {n1 n4 {"messages":[3,5,11,18,21,24,28,31,32,34,35,39,41,45,2,0,4,6,8,9,10,13,12,14,16,17,19,23,25,27,29,30,38,37,40,43,44,42,46,1,7,15,20,22,26,33,36,47,51,50,49,48],"msg_id":63,"type":"broadcast"}}
2025/06/29 16:05:45 Sent {"src":"n4","dest":"n1","body":{"in_reply_to":63,"type":"broadcast_ok"}}
2025/06/29 16:05:45 Sent {"src":"n4","dest":"n3","body":{"messages":[1,7,15,20,22,26,33,36,3,5,11,18,21,24,28,31,32,34,35,39,41,45,0,2,4,6,8,9,10,12,13,14,16,17,19,23,25,27,29,30,37,38,40,42,43,44,50,46,49,47,51,52,48],"msg_id":43,"type":"broadcast"}}
2025/06/29 16:05:45 Sent {"src":"n4","dest":"n1","body":{"messages":[1,7,15,20,22,26,33,36,3,5,11,18,21,24,28,31,32,34,35,39,41,45,0,2,4,6,8,9,10,12,13,14,16,17,19,23,25,27,29,30,37,38,40,42,43,44,50,46,49,47,51,52,48],"msg_id":44,"type":"broadcast"}}
2025/06/29 16:05:45 Received {n3 n4 {"in_reply_to":43,"type":"broadcast_ok"}}
2025/06/29 16:05:45 Received {n1 n4 {"in_reply_to":44,"type":"broadcast_ok"}}
2025/06/29 16:05:46 Sent {"src":"n4","dest":"n3","body":{"messages":[1,7,15,20,22,26,33,36,3,5,11,18,21,24,28,31,32,34,35,39,41,45,0,2,4,6,8,9,10,12,13,14,16,17,19,23,25,27,29,30,37,38,40,42,43,44,50,46,49,47,51,52,48],"msg_id":45,"type":"broadcast"}}
2025/06/29 16:05:46 Sent {"src":"n4","dest":"n1","body":{"messages":[1,7,15,20,22,26,33,36,3,5,11,18,21,24,28,31,32,34,35,39,41,45,0,2,4,6,8,9,10,12,13,14,16,17,19,23,25,27,29,30,37,38,40,42,43,44,50,46,49,47,51,52,48],"msg_id":46,"type":"broadcast"}}
2025/06/29 16:05:46 Received {n3 n4 {"messages":[0,2,4,6,8,9,10,12,13,14,16,17,19,23,25,27,29,30,37,38,40,42,43,44,46,1,7,15,20,22,26,33,36,49,3,5,11,18,21,24,28,31,32,34,35,39,41,45,51,47,50,52,48],"msg_id":46,"type":"broadcast"}}
2025/06/29 16:05:46 Received {n1 n4 {"messages":[3,5,11,18,21,24,28,31,32,34,35,39,41,45,2,0,4,6,8,9,10,13,12,14,16,17,19,23,25,27,29,30,38,37,40,43,44,42,46,1,7,15,20,22,26,33,36,47,51,50,49,48,52,55],"msg_id":65,"type":"broadcast"}}
2025/06/29 16:05:46 Sent {"src":"n4","dest":"n3","body":{"in_reply_to":46,"type":"broadcast_ok"}}
2025/06/29 16:05:46 Sent {"src":"n4","dest":"n1","body":{"in_reply_to":65,"type":"broadcast_ok"}}
2025/06/29 16:05:46 Received {n1 n4 {"in_reply_to":46,"type":"broadcast_ok"}}
2025/06/29 16:05:46 Received {n3 n4 {"in_reply_to":45,"type":"broadcast_ok"}}
2025/06/29 16:05:46 Received {c13 n4 {"type":"broadcast","message":57,"msg_id":19}}
2025/06/29 16:05:46 Sent {"src":"n4","dest":"c13","body":{"in_reply_to":19,"type":"broadcast_ok"}}
2025/06/29 16:05:46 Received {n3 n4 {"messages":[0,2,4,6,8,9,10,12,13,14,16,17,19,23,25,27,29,30,37,38,40,42,43,44,46,1,7,15,20,22,26,33,36,49,3,5,11,18,21,24,28,31,32,34,35,39,41,45,51,47,50,52,48,53,54],"msg_id":47,"type":"broadcast"}}
2025/06/29 16:05:46 Sent {"src":"n4","dest":"n3","body":{"in_reply_to":47,"type":"broadcast_ok"}}
2025/06/29 16:05:46 Sent {"src":"n4","dest":"n3","body":{"messages":[1,7,15,20,22,26,33,36,3,5,11,18,21,24,28,31,32,34,35,39,41,45,0,2,4,6,8,9,10,12,13,14,16,17,19,23,25,27,29,30,37,38,40,42,43,44,50,46,49,47,51,52,48,55,57,53,54],"msg_id":47,"type":"broadcast"}}
2025/06/29 16:05:46 Sent {"src":"n4","dest":"n1","body":{"messages":[1,7,15,20,22,26,33,36,3,5,11,18,21,24,28,31,32,34,35,39,41,45,0,2,4,6,8,9,10,12,13,14,16,17,19,23,25,27,29,30,37,38,40,42,43,44,50,46,49,47,51,52,48,55,57,53,54],"msg_id":48,"type":"broadcast"}}
2025/06/29 16:05:46 Received {n1 n4 {"messages":[3,5,11,18,21,24,28,31,32,34,35,39,41,45,2,0,4,6,8,9,10,13,12,14,16,17,19,23,25,27,29,30,38,37,40,43,44,42,46,1,7,15,20,22,26,33,36,47,51,50,49,48,52,55,53,54,56,59],"msg_id":68,"type":"broadcast"}}
2025/06/29 16:05:46 Sent {"src":"n4","dest":"n1","body":{"in_reply_to":68,"type":"broadcast_ok"}}
2025/06/29 16:05:46 Received {n3 n4 {"in_reply_to":47,"type":"broadcast_ok"}}
2025/06/29 16:05:46 Received {n1 n4 {"in_reply_to":48,"type":"broadcast_ok"}}
2025/06/29 16:05:46 Received {c13 n4 {"type":"broadcast","message":60,"msg_id":20}}
2025/06/29 16:05:46 Sent {"src":"n4","dest":"c13","body":{"in_reply_to":20,"type":"broadcast_ok"}}
2025/06/29 16:05:47 Sent {"src":"n4","dest":"n3","body":{"messages":[1,7,15,20,22,26,33,36,3,5,11,18,21,24,28,31,32,34,35,39,41,45,0,2,4,6,8,9,10,12,13,14,16,17,19,23,25,27,29,30,37,38,40,42,43,44,50,46,49,47,51,52,48,55,57,53,54,56,59,60],"msg_id":49,"type":"broadcast"}}
2025/06/29 16:05:47 Sent {"src":"n4","dest":"n1","body":{"messages":[1,7,15,20,22,26,33,36,3,5,11,18,21,24,28,31,32,34,35,39,41,45,0,2,4,6,8,9,10,12,13,14,16,17,19,23,25,27,29,30,37,38,40,42,43,44,50,46,49,47,51,52,48,55,57,53,54,56,59,60],"msg_id":50,"type":"broadcast"}}
2025/06/29 16:05:47 Received {n3 n4 {"messages":[0,2,4,6,8,9,10,12,13,14,16,17,19,23,25,27,29,30,37,38,40,42,43,44,46,1,7,15,20,22,26,33,36,49,3,5,11,18,21,24,28,31,32,34,35,39,41,45,51,47,50,52,48,53,54,55,58,57],"msg_id":49,"type":"broadcast"}}
2025/06/29 16:05:47 Sent {"src":"n4","dest":"n3","body":{"in_reply_to":49,"type":"broadcast_ok"}}
2025/06/29 16:05:47 Received {n1 n4 {"messages":[3,5,11,18,21,24,28,31,32,34,35,39,41,45,2,0,4,6,8,9,10,13,12,14,16,17,19,23,25,27,29,30,38,37,40,43,44,42,46,1,7,15,20,22,26,33,36,47,51,50,49,48,52,55,53,54,56,59,58,57],"msg_id":71,"type":"broadcast"}}
2025/06/29 16:05:47 Sent {"src":"n4","dest":"n1","body":{"in_reply_to":71,"type":"broadcast_ok"}}
2025/06/29 16:05:47 Received {n3 n4 {"in_reply_to":49,"type":"broadcast_ok"}}
2025/06/29 16:05:47 Received {n1 n4 {"in_reply_to":50,"type":"broadcast_ok"}}
2025/06/29 16:05:47 Received {c13 n4 {"type":"read","msg_id":21}}
2025/06/29 16:05:47 Sent {"src":"n4","dest":"c13","body":{"in_reply_to":21,"messages":[1,7,15,20,22,26,33,36,3,5,11,18,21,24,28,31,32,34,35,39,41,45,0,2,4,6,8,9,10,12,13,14,16,17,19,23,25,27,29,30,37,38,40,42,43,44,50,46,49,47,51,52,48,55,57,53,54,56,59,60,58],"type":"read_ok"}}
2025/06/29 16:05:47 Sent {"src":"n4","dest":"n1","body":{"messages":[1,7,15,20,22,26,33,36,3,5,11,18,21,24,28,31,32,34,35,39,41,45,0,2,4,6,8,9,10,12,13,14,16,17,19,23,25,27,29,30,37,38,40,42,43,44,50,46,49,47,51,52,48,55,57,53,54,56,59,60,58],"msg_id":51,"type":"broadcast"}}
2025/06/29 16:05:47 Sent {"src":"n4","dest":"n3","body":{"messages":[1,7,15,20,22,26,33,36,3,5,11,18,21,24,28,31,32,34,35,39,41,45,0,2,4,6,8,9,10,12,13,14,16,17,19,23,25,27,29,30,37,38,40,42,43,44,50,46,49,47,51,52,48,55,57,53,54,56,59,60,58],"msg_id":52,"type":"broadcast"}}
2025/06/29 16:05:47 Received {n3 n4 {"messages":[0,2,4,6,8,9,10,12,13,14,16,17,19,23,25,27,29,30,37,38,40,42,43,44,46,1,7,15,20,22,26,33,36,49,3,5,11,18,21,24,28,31,32,34,35,39,41,45,51,47,50,52,48,53,54,55,58,57,56,59,60],"msg_id":52,"type":"broadcast"}}
2025/06/29 16:05:47 Sent {"src":"n4","dest":"n3","body":{"in_reply_to":52,"type":"broadcast_ok"}}
2025/06/29 16:05:47 Received {n1 n4 {"messages":[3,5,11,18,21,24,28,31,32,34,35,39,41,45,2,0,4,6,8,9,10,13,12,14,16,17,19,23,25,27,29,30,38,37,40,43,44,42,46,1,7,15,20,22,26,33,36,47,51,50,49,48,52,55,53,54,56,59,58,57,60],"msg_id":73,"type":"broadcast"}}
2025/06/29 16:05:47 Sent {"src":"n4","dest":"n1","body":{"in_reply_to":73,"type":"broadcast_ok"}}
2025/06/29 16:05:47 Received {n1 n4 {"in_reply_to":51,"type":"broadcast_ok"}}
2025/06/29 16:05:47 Received {n3 n4 {"in_reply_to":52,"type":"broadcast_ok"}}
2025/06/29 16:05:48 Received {c13 n4 {"type":"read","msg_id":22}}
2025/06/29 16:05:48 Sent {"src":"n4","dest":"c13","body":{"in_reply_to":22,"messages":[1,7,15,20,22,26,33,36,3,5,11,18,21,24,28,31,32,34,35,39,41,45,0,2,4,6,8,9,10,12,13,14,16,17,19,23,25,27,29,30,37,38,40,42,43,44,50,46,49,47,51,52,48,55,57,53,54,56,59,60,58],"type":"read_ok"}}
2025/06/29 16:05:48 Received {n3 n4 {"messages":[0,2,4,6,8,9,10,12,13,14,16,17,19,23,25,27,29,30,37,38,40,42,43,44,46,1,7,15,20,22,26,33,36,49,3,5,11,18,21,24,28,31,32,34,35,39,41,45,51,47,50,52,48,53,54,55,58,57,56,59,60,62,66],"msg_id":53,"type":"broadcast"}}
2025/06/29 16:05:48 Sent {"src":"n4","dest":"n3","body":{"messages":[1,7,15,20,22,26,33,36,3,5,11,18,21,24,28,31,32,34,35,39,41,45,0,2,4,6,8,9,10,12,13,14,16,17,19,23,25,27,29,30,37,38,40,42,43,44,50,46,49,47,51,52,48,55,57,53,54,56,59,60,58],"msg_id":53,"type":"broadcast"}}
2025/06/29 16:05:48 Sent {"src":"n4","dest":"n1","body":{"messages":[1,7,15,20,22,26,33,36,3,5,11,18,21,24,28,31,32,34,35,39,41,45,0,2,4,6,8,9,10,12,13,14,16,17,19,23,25,27,29,30,37,38,40,42,43,44,50,46,49,47,51,52,48,55,57,53,54,56,59,60,58],"msg_id":54,"type":"broadcast"}}
2025/06/29 16:05:48 Sent {"src":"n4","dest":"n3","body":{"in_reply_to":53,"type":"broadcast_ok"}}
2025/06/29 16:05:48 Received {n1 n4 {"messages":[3,5,11,18,21,24,28,31,32,34,35,39,41,45,2,0,4,6,8,9,10,13,12,14,16,17,19,23,25,27,29,30,38,37,40,43,44,42,46,1,7,15,20,22,26,33,36,47,51,50,49,48,52,55,53,54,56,59,58,57,60,62,61,64],"msg_id":77,"type":"broadcast"}}
2025/06/29 16:05:48 Sent {"src":"n4","dest":"n1","body":{"in_reply_to":77,"type":"broadcast_ok"}}
2025/06/29 16:05:48 Received {n3 n4 {"in_reply_to":53,"type":"broadcast_ok"}}
2025/06/29 16:05:48 Received {n1 n4 {"in_reply_to":54,"type":"broadcast_ok"}}
2025/06/29 16:05:48 Sent {"src":"n4","dest":"n3","body":{"messages":[1,7,15,20,22,26,33,36,3,5,11,18,21,24,28,31,32,34,35,39,41,45,0,2,4,6,8,9,10,12,13,14,16,17,19,23,25,27,29,30,37,38,40,42,43,44,50,46,49,47,51,52,48,55,57,53,54,56,59,60,58,62,66,61,64],"msg_id":55,"type":"broadcast"}}
2025/06/29 16:05:48 Received {n3 n4 {"messages":[0,2,4,6,8,9,10,12,13,14,16,17,19,23,25,27,29,30,37,38,40,42,43,44,46,1,7,15,20,22,26,33,36,49,3,5,11,18,21,24,28,31,32,34,35,39,41,45,51,47,50,52,48,53,54,55,58,57,56,59,60,62,66,63],"msg_id":55,"type":"broadcast"}}
2025/06/29 16:05:48 Sent {"src":"n4","dest":"n1","body":{"messages":[1,7,15,20,22,26,33,36,3,5,11,18,21,24,28,31,32,34,35,39,41,45,0,2,4,6,8,9,10,12,13,14,16,17,19,23,25,27,29,30,37,38,40,42,43,44,50,46,49,47,51,52,48,55,57,53,54,56,59,60,58,62,66,61,64],"msg_id":56,"type":"broadcast"}}
2025/06/29 16:05:48 Sent {"src":"n4","dest":"n3","body":{"in_reply_to":55,"type":"broadcast_ok"}}
2025/06/29 16:05:48 Received {n1 n4 {"messages":[3,5,11,18,21,24,28,31,32,34,35,39,41,45,2,0,4,6,8,9,10,13,12,14,16,17,19,23,25,27,29,30,38,37,40,43,44,42,46,1,7,15,20,22,26,33,36,47,51,50,49,48,52,55,53,54,56,59,58,57,60,62,61,64,63,65,68,69],"msg_id":79,"type":"broadcast"}}
2025/06/29 16:05:48 Sent {"src":"n4","dest":"n1","body":{"in_reply_to":79,"type":"broadcast_ok"}}
2025/06/29 16:05:48 Received {n3 n4 {"in_reply_to":55,"type":"broadcast_ok"}}
2025/06/29 16:05:48 Received {n1 n4 {"in_reply_to":56,"type":"broadcast_ok"}}
2025/06/29 16:05:48 Received {c13 n4 {"type":"broadcast","message":71,"msg_id":23}}
2025/06/29 16:05:48 Sent {"src":"n4","dest":"c13","body":{"in_reply_to":23,"type":"broadcast_ok"}}
2025/06/29 16:05:49 Received {n3 n4 {"messages":[0,2,4,6,8,9,10,12,13,14,16,17,19,23,25,27,29,30,37,38,40,42,43,44,46,1,7,15,20,22,26,33,36,49,3,5,11,18,21,24,28,31,32,34,35,39,41,45,51,47,50,52,48,53,54,55,58,57,56,59,60,62,66,63,61,64,67,70],"msg_id":57,"type":"broadcast"}}
2025/06/29 16:05:49 Sent {"src":"n4","dest":"n3","body":{"in_reply_to":57,"type":"broadcast_ok"}}
2025/06/29 16:05:49 Sent {"src":"n4","dest":"n3","body":{"messages":[1,7,15,20,22,26,33,36,3,5,11,18,21,24,28,31,32,34,35,39,41,45,0,2,4,6,8,9,10,12,13,14,16,17,19,23,25,27,29,30,37,38,40,42,43,44,50,46,49,47,51,52,48,55,57,53,54,56,59,60,58,62,66,61,64,63,65,68,69,71],"msg_id":57,"type":"broadcast"}}
2025/06/29 16:05:49 Sent {"src":"n4","dest":"n1","body":{"messages":[1,7,15,20,22,26,33,36,3,5,11,18,21,24,28,31,32,34,35,39,41,45,0,2,4,6,8,9,10,12,13,14,16,17,19,23,25,27,29,30,37,38,40,42,43,44,50,46,49,47,51,52,48,55,57,53,54,56,59,60,58,62,66,61,64,63,65,68,69,71],"msg_id":58,"type":"broadcast"}}
2025/06/29 16:05:49 Received {n1 n4 {"messages":[3,5,11,18,21,24,28,31,32,34,35,39,41,45,2,0,4,6,8,9,10,13,12,14,16,17,19,23,25,27,29,30,38,37,40,43,44,42,46,1,7,15,20,22,26,33,36,47,51,50,49,48,52,55,53,54,56,59,58,57,60,62,61,64,63,65,68,69,66,67,73],"msg_id":84,"type":"broadcast"}}
2025/06/29 16:05:49 Sent {"src":"n4","dest":"n1","body":{"in_reply_to":84,"type":"broadcast_ok"}}
2025/06/29 16:05:49 Received {n3 n4 {"in_reply_to":57,"type":"broadcast_ok"}}
2025/06/29 16:05:49 Received {n1 n4 {"in_reply_to":58,"type":"broadcast_ok"}}
2025/06/29 16:05:49 Received {c13 n4 {"type":"broadcast","message":75,"msg_id":24}}
2025/06/29 16:05:49 Sent {"src":"n4","dest":"c13","body":{"in_reply_to":24,"type":"broadcast_ok"}}
2025/06/29 16:05:49 Received {n3 n4 {"messages":[0,2,4,6,8,9,10,12,13,14,16,17,19,23,25,27,29,30,37,38,40,42,43,44,46,1,7,15,20,22,26,33,36,49,3,5,11,18,21,24,28,31,32,34,35,39,41,45,51,47,50,52,48,53,54,55,58,57,56,59,60,62,66,63,61,64,67,70,65,68,69,72,71,74],"msg_id":59,"type":"broadcast"}}
2025/06/29 16:05:49 Received {n1 n4 {"messages":[3,5,11,18,21,24,28,31,32,34,35,39,41,45,2,0,4,6,8,9,10,13,12,14,16,17,19,23,25,27,29,30,38,37,40,43,44,42,46,1,7,15,20,22,26,33,36,47,51,50,49,48,52,55,53,54,56,59,58,57,60,62,61,64,63,65,68,69,66,67,73,72,71],"msg_id":87,"type":"broadcast"}}
2025/06/29 16:05:49 Sent {"src":"n4","dest":"n3","body":{"in_reply_to":59,"type":"broadcast_ok"}}
2025/06/29 16:05:49 Sent {"src":"n4","dest":"n1","body":{"messages":[1,7,15,20,22,26,33,36,3,5,11,18,21,24,28,31,32,34,35,39,41,45,0,2,4,6,8,9,10,12,13,14,16,17,19,23,25,27,29,30,37,38,40,42,43,44,50,46,49,47,51,52,48,55,57,53,54,56,59,60,58,62,66,61,64,63,65,68,69,71,67,70,73,75],"msg_id":60,"type":"broadcast"}}
2025/06/29 16:05:49 Sent {"src":"n4","dest":"n3","body":{"messages":[1,7,15,20,22,26,33,36,3,5,11,18,21,24,28,31,32,34,35,39,41,45,0,2,4,6,8,9,10,12,13,14,16,17,19,23,25,27,29,30,37,38,40,42,43,44,50,46,49,47,51,52,48,55,57,53,54,56,59,60,58,62,66,61,64,63,65,68,69,71,67,70,73,75],"msg_id":59,"type":"broadcast"}}
2025/06/29 16:05:49 Sent {"src":"n4","dest":"n1","body":{"in_reply_to":87,"type":"broadcast_ok"}}
2025/06/29 16:05:49 Received {n1 n4 {"in_reply_to":60,"type":"broadcast_ok"}}
2025/06/29 16:05:49 Received {n3 n4 {"in_reply_to":59,"type":"broadcast_ok"}}
2025/06/29 16:05:49 Received {c13 n4 {"type":"read","msg_id":25}}
2025/06/29 16:05:49 Sent {"src":"n4","dest":"c13","body":{"in_reply_to":25,"messages":[1,7,15,20,22,26,33,36,3,5,11,18,21,24,28,31,32,34,35,39,41,45,0,2,4,6,8,9,10,12,13,14,16,17,19,23,25,27,29,30,37,38,40,42,43,44,50,46,49,47,51,52,48,55,57,53,54,56,59,60,58,62,66,61,64,63,65,68,69,71,67,70,73,75,72,74],"type":"read_ok"}}
2025/06/29 16:05:50 Received {n3 n4 {"messages":[0,2,4,6,8,9,10,12,13,14,16,17,19,23,25,27,29,30,37,38,40,42,43,44,46,1,7,15,20,22,26,33,36,49,3,5,11,18,21,24,28,31,32,34,35,39,41,45,51,47,50,52,48,53,54,55,58,57,56,59,60,62,66,63,61,64,67,70,65,68,69,72,71,74,73,76,75],"msg_id":61,"type":"broadcast"}}
2025/06/29 16:05:50 Sent {"src":"n4","dest":"n3","body":{"messages":[1,7,15,20,22,26,33,36,3,5,11,18,21,24,28,31,32,34,35,39,41,45,0,2,4,6,8,9,10,12,13,14,16,17,19,23,25,27,29,30,37,38,40,42,43,44,50,46,49,47,51,52,48,55,57,53,54,56,59,60,58,62,66,61,64,63,65,68,69,71,67,70,73,75,72,74],"msg_id":61,"type":"broadcast"}}
2025/06/29 16:05:50 Sent {"src":"n4","dest":"n1","body":{"messages":[1,7,15,20,22,26,33,36,3,5,11,18,21,24,28,31,32,34,35,39,41,45,0,2,4,6,8,9,10,12,13,14,16,17,19,23,25,27,29,30,37,38,40,42,43,44,50,46,49,47,51,52,48,55,57,53,54,56,59,60,58,62,66,61,64,63,65,68,69,71,67,70,73,75,72,74],"msg_id":62,"type":"broadcast"}}
2025/06/29 16:05:50 Sent {"src":"n4","dest":"n3","body":{"in_reply_to":61,"type":"broadcast_ok"}}
2025/06/29 16:05:50 Received {n1 n4 {"messages":[3,5,11,18,21,24,28,31,32,34,35,39,41,45,2,0,4,6,8,9,10,13,12,14,16,17,19,23,25,27,29,30,38,37,40,43,44,42,46,1,7,15,20,22,26,33,36,47,51,50,49,48,52,55,53,54,56,59,58,57,60,62,61,64,63,65,68,69,66,67,73,72,71,70,76,75,79],"msg_id":89,"type":"broadcast"}}
2025/06/29 16:05:50 Sent {"src":"n4","dest":"n1","body":{"in_reply_to":89,"type":"broadcast_ok"}}
2025/06/29 16:05:50 Received {n3 n4 {"in_reply_to":61,"type":"broadcast_ok"}}
2025/06/29 16:05:50 Received {n1 n4 {"in_reply_to":62,"type":"broadcast_ok"}}
2025/06/29 16:05:50 Received {c13 n4 {"type":"broadcast","message":82,"msg_id":26}}
2025/06/29 16:05:50 Sent {"src":"n4","dest":"c13","body":{"in_reply_to":26,"type":"broadcast_ok"}}
2025/06/29 16:05:50 Received {n3 n4 {"messages":[0,2,4,6,8,9,10,12,13,14,16,17,19,23,25,27,29,30,37,38,40,42,43,44,46,1,7,15,20,22,26,33,36,49,3,5,11,18,21,24,28,31,32,34,35,39,41,45,51,47,50,52,48,53,54,55,58,57,56,59,60,62,66,63,61,64,67,70,65,68,69,72,71,74,73,76,75,78,81],"msg_id":63,"type":"broadcast"}}
2025/06/29 16:05:50 Sent {"src":"n4","dest":"n1","body":{"messages":[1,7,15,20,22,26,33,36,3,5,11,18,21,24,28,31,32,34,35,39,41,45,0,2,4,6,8,9,10,12,13,14,16,17,19,23,25,27,29,30,37,38,40,42,43,44,50,46,49,47,51,52,48,55,57,53,54,56,59,60,58,62,66,61,64,63,65,68,69,71,67,70,73,75,72,74,76,79,82],"msg_id":64,"type":"broadcast"}}
2025/06/29 16:05:50 Sent {"src":"n4","dest":"n3","body":{"messages":[1,7,15,20,22,26,33,36,3,5,11,18,21,24,28,31,32,34,35,39,41,45,0,2,4,6,8,9,10,12,13,14,16,17,19,23,25,27,29,30,37,38,40,42,43,44,50,46,49,47,51,52,48,55,57,53,54,56,59,60,58,62,66,61,64,63,65,68,69,71,67,70,73,75,72,74,76,79,82],"msg_id":63,"type":"broadcast"}}
2025/06/29 16:05:50 Received {n1 n4 {"messages":[3,5,11,18,21,24,28,31,32,34,35,39,41,45,2,0,4,6,8,9,10,13,12,14,16,17,19,23,25,27,29,30,38,37,40,43,44,42,46,1,7,15,20,22,26,33,36,47,51,50,49,48,52,55,53,54,56,59,58,57,60,62,61,64,63,65,68,69,66,67,73,72,71,70,76,75,79,74,78,77],"msg_id":92,"type":"broadcast"}}
2025/06/29 16:05:50 Sent {"src":"n4","dest":"n3","body":{"in_reply_to":63,"type":"broadcast_ok"}}
2025/06/29 16:05:50 Sent {"src":"n4","dest":"n1","body":{"in_reply_to":92,"type":"broadcast_ok"}}
2025/06/29 16:05:50 Received {n1 n4 {"in_reply_to":64,"type":"broadcast_ok"}}
2025/06/29 16:05:50 Received {n3 n4 {"in_reply_to":63,"type":"broadcast_ok"}}
2025/06/29 16:05:50 Received {c13 n4 {"type":"read","msg_id":27}}
2025/06/29 16:05:50 Sent {"src":"n4","dest":"c13","body":{"in_reply_to":27,"messages":[1,7,15,20,22,26,33,36,3,5,11,18,21,24,28,31,32,34,35,39,41,45,0,2,4,6,8,9,10,12,13,14,16,17,19,23,25,27,29,30,37,38,40,42,43,44,50,46,49,47,51,52,48,55,57,53,54,56,59,60,58,62,66,61,64,63,65,68,69,71,67,70,73,75,72,74,76,79,82,78,81,77],"type":"read_ok"}}
2025/06/29 16:05:51 Sent {"src":"n4","dest":"n1","body":{"messages":[1,7,15,20,22,26,33,36,3,5,11,18,21,24,28,31,32,34,35,39,41,45,0,2,4,6,8,9,10,12,13,14,16,17,19,23,25,27,29,30,37,38,40,42,43,44,50,46,49,47,51,52,48,55,57,53,54,56,59,60,58,62,66,61,64,63,65,68,69,71,67,70,73,75,72,74,76,79,82,78,81,77],"msg_id":65,"type":"broadcast"}}
2025/06/29 16:05:51 Received {n3 n4 {"messages":[0,2,4,6,8,9,10,12,13,14,16,17,19,23,25,27,29,30,37,38,40,42,43,44,46,1,7,15,20,22,26,33,36,49,3,5,11,18,21,24,28,31,32,34,35,39,41,45,51,47,50,52,48,53,54,55,58,57,56,59,60,62,66,63,61,64,67,70,65,68,69,72,71,74,73,76,75,78,81,79,83,82,84],"msg_id":65,"type":"broadcast"}}
2025/06/29 16:05:51 Sent {"src":"n4","dest":"n3","body":{"messages":[1,7,15,20,22,26,33,36,3,5,11,18,21,24,28,31,32,34,35,39,41,45,0,2,4,6,8,9,10,12,13,14,16,17,19,23,25,27,29,30,37,38,40,42,43,44,50,46,49,47,51,52,48,55,57,53,54,56,59,60,58,62,66,61,64,63,65,68,69,71,67,70,73,75,72,74,76,79,82,78,81,77],"msg_id":66,"type":"broadcast"}}
2025/06/29 16:05:51 Sent {"src":"n4","dest":"n3","body":{"in_reply_to":65,"type":"broadcast_ok"}}
2025/06/29 16:05:51 Received {n1 n4 {"messages":[3,5,11,18,21,24,28,31,32,34,35,39,41,45,2,0,4,6,8,9,10,13,12,14,16,17,19,23,25,27,29,30,38,37,40,43,44,42,46,1,7,15,20,22,26,33,36,47,51,50,49,48,52,55,53,54,56,59,58,57,60,62,61,64,63,65,68,69,66,67,73,72,71,70,76,75,79,74,78,77,83,82,80],"msg_id":95,"type":"broadcast"}}
2025/06/29 16:05:51 Sent {"src":"n4","dest":"n1","body":{"in_reply_to":95,"type":"broadcast_ok"}}
2025/06/29 16:05:51 Received {n1 n4 {"in_reply_to":65,"type":"broadcast_ok"}}
2025/06/29 16:05:51 Received {n3 n4 {"in_reply_to":66,"type":"broadcast_ok"}}
2025/06/29 16:05:51 Received {c13 n4 {"type":"broadcast","message":87,"msg_id":28}}
2025/06/29 16:05:51 Sent {"src":"n4","dest":"c13","body":{"in_reply_to":28,"type":"broadcast_ok"}}
2025/06/29 16:05:51 Sent {"src":"n4","dest":"n3","body":{"messages":[1,7,15,20,22,26,33,36,3,5,11,18,21,24,28,31,32,34,35,39,41,45,0,2,4,6,8,9,10,12,13,14,16,17,19,23,25,27,29,30,37,38,40,42,43,44,50,46,49,47,51,52,48,55,57,53,54,56,59,60,58,62,66,61,64,63,65,68,69,71,67,70,73,75,72,74,76,79,82,78,81,77,83,84,80,87],"msg_id":67,"type":"broadcast"}}
2025/06/29 16:05:51 Sent {"src":"n4","dest":"n1","body":{"messages":[1,7,15,20,22,26,33,36,3,5,11,18,21,24,28,31,32,34,35,39,41,45,0,2,4,6,8,9,10,12,13,14,16,17,19,23,25,27,29,30,37,38,40,42,43,44,50,46,49,47,51,52,48,55,57,53,54,56,59,60,58,62,66,61,64,63,65,68,69,71,67,70,73,75,72,74,76,79,82,78,81,77,83,84,80,87],"msg_id":68,"type":"broadcast"}}
2025/06/29 16:05:51 Received {n3 n4 {"messages":[0,2,4,6,8,9,10,12,13,14,16,17,19,23,25,27,29,30,37,38,40,42,43,44,46,1,7,15,20,22,26,33,36,49,3,5,11,18,21,24,28,31,32,34,35,39,41,45,51,47,50,52,48,53,54,55,58,57,56,59,60,62,66,63,61,64,67,70,65,68,69,72,71,74,73,76,75,78,81,79,83,82,84,77,85],"msg_id":67,"type":"broadcast"}}
2025/06/29 16:05:51 Received {n1 n4 {"messages":[3,5,11,18,21,24,28,31,32,34,35,39,41,45,2,0,4,6,8,9,10,13,12,14,16,17,19,23,25,27,29,30,38,37,40,43,44,42,46,1,7,15,20,22,26,33,36,47,51,50,49,48,52,55,53,54,56,59,58,57,60,62,61,64,63,65,68,69,66,67,73,72,71,70,76,75,79,74,78,77,83,82,80,81,85,86],"msg_id":99,"type":"broadcast"}}
2025/06/29 16:05:51 Sent {"src":"n4","dest":"n3","body":{"in_reply_to":67,"type":"broadcast_ok"}}
2025/06/29 16:05:51 Sent {"src":"n4","dest":"n1","body":{"in_reply_to":99,"type":"broadcast_ok"}}
2025/06/29 16:05:51 Received {n1 n4 {"in_reply_to":68,"type":"broadcast_ok"}}
2025/06/29 16:05:51 Received {n3 n4 {"in_reply_to":67,"type":"broadcast_ok"}}
2025/06/29 16:05:52 Sent {"src":"n4","dest":"n1","body":{"messages":[1,7,15,20,22,26,33,36,3,5,11,18,21,24,28,31,32,34,35,39,41,45,0,2,4,6,8,9,10,12,13,14,16,17,19,23,25,27,29,30,37,38,40,42,43,44,50,46,49,47,51,52,48,55,57,53,54,56,59,60,58,62,66,61,64,63,65,68,69,71,67,70,73,75,72,74,76,79,82,78,81,77,83,84,80,87,85,86],"msg_id":69,"type":"broadcast"}}
2025/06/29 16:05:52 Sent {"src":"n4","dest":"n3","body":{"messages":[1,7,15,20,22,26,33,36,3,5,11,18,21,24,28,31,32,34,35,39,41,45,0,2,4,6,8,9,10,12,13,14,16,17,19,23,25,27,29,30,37,38,40,42,43,44,50,46,49,47,51,52,48,55,57,53,54,56,59,60,58,62,66,61,64,63,65,68,69,71,67,70,73,75,72,74,76,79,82,78,81,77,83,84,80,87,85,86],"msg_id":70,"type":"broadcast"}}
2025/06/29 16:05:52 Received {n3 n4 {"messages":[0,2,4,6,8,9,10,12,13,14,16,17,19,23,25,27,29,30,37,38,40,42,43,44,46,1,7,15,20,22,26,33,36,49,3,5,11,18,21,24,28,31,32,34,35,39,41,45,51,47,50,52,48,53,54,55,58,57,56,59,60,62,66,63,61,64,67,70,65,68,69,72,71,74,73,76,75,78,81,79,83,82,84,77,85,80,87,91],"msg_id":70,"type":"broadcast"}}
2025/06/29 16:05:52 Received {n1 n4 {"messages":[3,5,11,18,21,24,28,31,32,34,35,39,41,45,2,0,4,6,8,9,10,13,12,14,16,17,19,23,25,27,29,30,38,37,40,43,44,42,46,1,7,15,20,22,26,33,36,47,51,50,49,48,52,55,53,54,56,59,58,57,60,62,61,64,63,65,68,69,66,67,73,72,71,70,76,75,79,74,78,77,83,82,80,81,85,86,84,87],"msg_id":101,"type":"broadcast"}}
2025/06/29 16:05:52 Sent {"src":"n4","dest":"n3","body":{"in_reply_to":70,"type":"broadcast_ok"}}
2025/06/29 16:05:52 Sent {"src":"n4","dest":"n1","body":{"in_reply_to":101,"type":"broadcast_ok"}}
2025/06/29 16:05:52 Received {n3 n4 {"in_reply_to":70,"type":"broadcast_ok"}}
2025/06/29 16:05:52 Received {n1 n4 {"in_reply_to":69,"type":"broadcast_ok"}}
2025/06/29 16:05:52 Received {c13 n4 {"type":"read","msg_id":29}}
2025/06/29 16:05:52 Sent {"src":"n4","dest":"c13","body":{"in_reply_to":29,"messages":[1,7,15,20,22,26,33,36,3,5,11,18,21,24,28,31,32,34,35,39,41,45,0,2,4,6,8,9,10,12,13,14,16,17,19,23,25,27,29,30,37,38,40,42,43,44,50,46,49,47,51,52,48,55,57,53,54,56,59,60,58,62,66,61,64,63,65,68,69,71,67,70,73,75,72,74,76,79,82,78,81,77,83,84,80,87,85,86,91],"type":"read_ok"}}
2025/06/29 16:05:52 Sent {"src":"n4","dest":"n3","body":{"messages":[1,7,15,20,22,26,33,36,3,5,11,18,21,24,28,31,32,34,35,39,41,45,0,2,4,6,8,9,10,12,13,14,16,17,19,23,25,27,29,30,37,38,40,42,43,44,50,46,49,47,51,52,48,55,57,53,54,56,59,60,58,62,66,61,64,63,65,68,69,71,67,70,73,75,72,74,76,79,82,78,81,77,83,84,80,87,85,86,91],"msg_id":71,"type":"broadcast"}}
2025/06/29 16:05:52 Sent {"src":"n4","dest":"n1","body":{"messages":[1,7,15,20,22,26,33,36,3,5,11,18,21,24,28,31,32,34,35,39,41,45,0,2,4,6,8,9,10,12,13,14,16,17,19,23,25,27,29,30,37,38,40,42,43,44,50,46,49,47,51,52,48,55,57,53,54,56,59,60,58,62,66,61,64,63,65,68,69,71,67,70,73,75,72,74,76,79,82,78,81,77,83,84,80,87,85,86,91],"msg_id":72,"type":"broadcast"}}
2025/06/29 16:05:52 Received {n3 n4 {"messages":[0,2,4,6,8,9,10,12,13,14,16,17,19,23,25,27,29,30,37,38,40,42,43,44,46,1,7,15,20,22,26,33,36,49,3,5,11,18,21,24,28,31,32,34,35,39,41,45,51,47,50,52,48,53,54,55,58,57,56,59,60,62,66,63,61,64,67,70,65,68,69,72,71,74,73,76,75,78,81,79,83,82,84,77,85,80,87,91,86,88,89],"msg_id":71,"type":"broadcast"}}
2025/06/29 16:05:52 Sent {"src":"n4","dest":"n3","body":{"in_reply_to":71,"type":"broadcast_ok"}}
2025/06/29 16:05:52 Received {n1 n4 {"messages":[3,5,11,18,21,24,28,31,32,34,35,39,41,45,2,0,4,6,8,9,10,13,12,14,16,17,19,23,25,27,29,30,38,37,40,43,44,42,46,1,7,15,20,22,26,33,36,47,51,50,49,48,52,55,53,54,56,59,58,57,60,62,61,64,63,65,68,69,66,67,73,72,71,70,76,75,79,74,78,77,83,82,80,81,85,86,84,87,88,89,90,93],"msg_id":104,"type":"broadcast"}}
2025/06/29 16:05:52 Sent {"src":"n4","dest":"n1","body":{"in_reply_to":104,"type":"broadcast_ok"}}
2025/06/29 16:05:52 Received {n3 n4 {"in_reply_to":71,"type":"broadcast_ok"}}
2025/06/29 16:05:52 Received {n1 n4 {"in_reply_to":72,"type":"broadcast_ok"}}
2025/06/29 16:05:52 Received {c13 n4 {"type":"broadcast","message":96,"msg_id":30}}
2025/06/29 16:05:52 Sent {"src":"n4","dest":"c13","body":{"in_reply_to":30,"type":"broadcast_ok"}}
2025/06/29 16:05:53 Sent {"src":"n4","dest":"n3","body":{"messages":[1,7,15,20,22,26,33,36,3,5,11,18,21,24,28,31,32,34,35,39,41,45,0,2,4,6,8,9,10,12,13,14,16,17,19,23,25,27,29,30,37,38,40,42,43,44,50,46,49,47,51,52,48,55,57,53,54,56,59,60,58,62,66,61,64,63,65,68,69,71,67,70,73,75,72,74,76,79,82,78,81,77,83,84,80,87,85,86,91,88,89,90,93,96],"msg_id":73,"type":"broadcast"}}
2025/06/29 16:05:53 Sent {"src":"n4","dest":"n1","body":{"messages":[1,7,15,20,22,26,33,36,3,5,11,18,21,24,28,31,32,34,35,39,41,45,0,2,4,6,8,9,10,12,13,14,16,17,19,23,25,27,29,30,37,38,40,42,43,44,50,46,49,47,51,52,48,55,57,53,54,56,59,60,58,62,66,61,64,63,65,68,69,71,67,70,73,75,72,74,76,79,82,78,81,77,83,84,80,87,85,86,91,88,89,90,93,96],"msg_id":74,"type":"broadcast"}}
2025/06/29 16:05:53 Received {n3 n4 {"messages":[0,2,4,6,8,9,10,12,13,14,16,17,19,23,25,27,29,30,37,38,40,42,43,44,46,1,7,15,20,22,26,33,36,49,3,5,11,18,21,24,28,31,32,34,35,39,41,45,51,47,50,52,48,53,54,55,58,57,56,59,60,62,66,63,61,64,67,70,65,68,69,72,71,74,73,76,75,78,81,79,83,82,84,77,85,80,87,91,86,88,89,92,95],"msg_id":73,"type":"broadcast"}}
2025/06/29 16:05:53 Received {n1 n4 {"messages":[3,5,11,18,21,24,28,31,32,34,35,39,41,45,2,0,4,6,8,9,10,13,12,14,16,17,19,23,25,27,29,30,38,37,40,43,44,42,46,1,7,15,20,22,26,33,36,47,51,50,49,48,52,55,53,54,56,59,58,57,60,62,61,64,63,65,68,69,66,67,73,72,71,70,76,75,79,74,78,77,83,82,80,81,85,86,84,87,88,89,90,93,91,92,94],"msg_id":107,"type":"broadcast"}}
2025/06/29 16:05:53 Sent {"src":"n4","dest":"n3","body":{"in_reply_to":73,"type":"broadcast_ok"}}
2025/06/29 16:05:53 Sent {"src":"n4","dest":"n1","body":{"in_reply_to":107,"type":"broadcast_ok"}}
2025/06/29 16:05:53 Received {n3 n4 {"in_reply_to":73,"type":"broadcast_ok"}}
2025/06/29 16:05:53 Received {n1 n4 {"in_reply_to":74,"type":"broadcast_ok"}}
2025/06/29 16:05:53 Received {c13 n4 {"type":"broadcast","message":100,"msg_id":31}}
2025/06/29 16:05:53 Sent {"src":"n4","dest":"c13","body":{"in_reply_to":31,"type":"broadcast_ok"}}
2025/06/29 16:05:53 Sent {"src":"n4","dest":"n3","body":{"messages":[1,7,15,20,22,26,33,36,3,5,11,18,21,24,28,31,32,34,35,39,41,45,0,2,4,6,8,9,10,12,13,14,16,17,19,23,25,27,29,30,37,38,40,42,43,44,50,46,49,47,51,52,48,55,57,53,54,56,59,60,58,62,66,61,64,63,65,68,69,71,67,70,73,75,72,74,76,79,82,78,81,77,83,84,80,87,85,86,91,88,89,90,93,96,92,95,94,100],"msg_id":75,"type":"broadcast"}}
2025/06/29 16:05:53 Received {n1 n4 {"messages":[3,5,11,18,21,24,28,31,32,34,35,39,41,45,2,0,4,6,8,9,10,13,12,14,16,17,19,23,25,27,29,30,38,37,40,43,44,42,46,1,7,15,20,22,26,33,36,47,51,50,49,48,52,55,53,54,56,59,58,57,60,62,61,64,63,65,68,69,66,67,73,72,71,70,76,75,79,74,78,77,83,82,80,81,85,86,84,87,88,89,90,93,91,92,94,96,97,98,99],"msg_id":111,"type":"broadcast"}}
2025/06/29 16:05:53 Sent {"src":"n4","dest":"n1","body":{"messages":[1,7,15,20,22,26,33,36,3,5,11,18,21,24,28,31,32,34,35,39,41,45,0,2,4,6,8,9,10,12,13,14,16,17,19,23,25,27,29,30,37,38,40,42,43,44,50,46,49,47,51,52,48,55,57,53,54,56,59,60,58,62,66,61,64,63,65,68,69,71,67,70,73,75,72,74,76,79,82,78,81,77,83,84,80,87,85,86,91,88,89,90,93,96,92,95,94,100],"msg_id":76,"type":"broadcast"}}
2025/06/29 16:05:53 Sent {"src":"n4","dest":"n1","body":{"in_reply_to":111,"type":"broadcast_ok"}}
2025/06/29 16:05:53 Received {n3 n4 {"messages":[0,2,4,6,8,9,10,12,13,14,16,17,19,23,25,27,29,30,37,38,40,42,43,44,46,1,7,15,20,22,26,33,36,49,3,5,11,18,21,24,28,31,32,34,35,39,41,45,51,47,50,52,48,53,54,55,58,57,56,59,60,62,66,63,61,64,67,70,65,68,69,72,71,74,73,76,75,78,81,79,83,82,84,77,85,80,87,91,86,88,89,92,95,90,93,97,98,96],"msg_id":76,"type":"broadcast"}}
2025/06/29 16:05:53 Sent {"src":"n4","dest":"n3","body":{"in_reply_to":76,"type":"broadcast_ok"}}
2025/06/29 16:05:53 Received {n3 n4 {"in_reply_to":75,"type":"broadcast_ok"}}
2025/06/29 16:05:53 Received {n1 n4 {"in_reply_to":76,"type":"broadcast_ok"}}
2025/06/29 16:05:53 Received {c13 n4 {"type":"read","msg_id":32}}
2025/06/29 16:05:53 Sent {"src":"n4","dest":"c13","body":{"in_reply_to":32,"messages":[1,7,15,20,22,26,33,36,3,5,11,18,21,24,28,31,32,34,35,39,41,45,0,2,4,6,8,9,10,12,13,14,16,17,19,23,25,27,29,30,37,38,40,42,43,44,50,46,49,47,51,52,48,55,57,53,54,56,59,60,58,62,66,61,64,63,65,68,69,71,67,70,73,75,72,74,76,79,82,78,81,77,83,84,80,87,85,86,91,88,89,90,93,96,92,95,94,100,97,98,99],"type":"read_ok"}}
2025/06/29 16:05:54 Received {n3 n4 {"messages":[0,2,4,6,8,9,10,12,13,14,16,17,19,23,25,27,29,30,37,38,40,42,43,44,46,1,7,15,20,22,26,33,36,49,3,5,11,18,21,24,28,31,32,34,35,39,41,45,51,47,50,52,48,53,54,55,58,57,56,59,60,62,66,63,61,64,67,70,65,68,69,72,71,74,73,76,75,78,81,79,83,82,84,77,85,80,87,91,86,88,89,92,95,90,93,97,98,96,94,101,100],"msg_id":78,"type":"broadcast"}}
2025/06/29 16:05:54 Received {n1 n4 {"messages":[3,5,11,18,21,24,28,31,32,34,35,39,41,45,2,0,4,6,8,9,10,13,12,14,16,17,19,23,25,27,29,30,38,37,40,43,44,42,46,1,7,15,20,22,26,33,36,47,51,50,49,48,52,55,53,54,56,59,58,57,60,62,61,64,63,65,68,69,66,67,73,72,71,70,76,75,79,74,78,77,83,82,80,81,85,86,84,87,88,89,90,93,91,92,94,96,97,98,99,95,101,100,102],"msg_id":113,"type":"broadcast"}}
2025/06/29 16:05:54 Sent {"src":"n4","dest":"n3","body":{"in_reply_to":78,"type":"broadcast_ok"}}
2025/06/29 16:05:54 Sent {"src":"n4","dest":"n3","body":{"messages":[1,7,15,20,22,26,33,36,3,5,11,18,21,24,28,31,32,34,35,39,41,45,0,2,4,6,8,9,10,12,13,14,16,17,19,23,25,27,29,30,37,38,40,42,43,44,50,46,49,47,51,52,48,55,57,53,54,56,59,60,58,62,66,61,64,63,65,68,69,71,67,70,73,75,72,74,76,79,82,78,81,77,83,84,80,87,85,86,91,88,89,90,93,96,92,95,94,100,97,98,99,101],"msg_id":77,"type":"broadcast"}}
2025/06/29 16:05:54 Sent {"src":"n4","dest":"n1","body":{"in_reply_to":113,"type":"broadcast_ok"}}
2025/06/29 16:05:54 Sent {"src":"n4","dest":"n1","body":{"messages":[1,7,15,20,22,26,33,36,3,5,11,18,21,24,28,31,32,34,35,39,41,45,0,2,4,6,8,9,10,12,13,14,16,17,19,23,25,27,29,30,37,38,40,42,43,44,50,46,49,47,51,52,48,55,57,53,54,56,59,60,58,62,66,61,64,63,65,68,69,71,67,70,73,75,72,74,76,79,82,78,81,77,83,84,80,87,85,86,91,88,89,90,93,96,92,95,94,100,97,98,99,101],"msg_id":78,"type":"broadcast"}}
2025/06/29 16:05:54 Received {n3 n4 {"in_reply_to":77,"type":"broadcast_ok"}}
2025/06/29 16:05:54 Received {n1 n4 {"in_reply_to":78,"type":"broadcast_ok"}}
2025/06/29 16:05:54 Received {n1 n4 {"messages":[3,5,11,18,21,24,28,31,32,34,35,39,41,45,2,0,4,6,8,9,10,13,12,14,16,17,19,23,25,27,29,30,38,37,40,43,44,42,46,1,7,15,20,22,26,33,36,47,51,50,49,48,52,55,53,54,56,59,58,57,60,62,61,64,63,65,68,69,66,67,73,72,71,70,76,75,79,74,78,77,83,82,80,81,85,86,84,87,88,89,90,93,91,92,94,96,97,98,99,95,101,100,102,104,103],"msg_id":115,"type":"broadcast"}}
2025/06/29 16:05:54 Received {n3 n4 {"messages":[0,2,4,6,8,9,10,12,13,14,16,17,19,23,25,27,29,30,37,38,40,42,43,44,46,1,7,15,20,22,26,33,36,49,3,5,11,18,21,24,28,31,32,34,35,39,41,45,51,47,50,52,48,53,54,55,58,57,56,59,60,62,66,63,61,64,67,70,65,68,69,72,71,74,73,76,75,78,81,79,83,82,84,77,85,80,87,91,86,88,89,92,95,90,93,97,98,96,94,101,100,99,104],"msg_id":79,"type":"broadcast"}}
2025/06/29 16:05:54 Sent {"src":"n4","dest":"n3","body":{"messages":[1,7,15,20,22,26,33,36,3,5,11,18,21,24,28,31,32,34,35,39,41,45,0,2,4,6,8,9,10,12,13,14,16,17,19,23,25,27,29,30,37,38,40,42,43,44,50,46,49,47,51,52,48,55,57,53,54,56,59,60,58,62,66,61,64,63,65,68,69,71,67,70,73,75,72,74,76,79,82,78,81,77,83,84,80,87,85,86,91,88,89,90,93,96,92,95,94,100,97,98,99,101,102],"msg_id":79,"type":"broadcast"}}
2025/06/29 16:05:54 Sent {"src":"n4","dest":"n1","body":{"in_reply_to":115,"type":"broadcast_ok"}}
2025/06/29 16:05:54 Sent {"src":"n4","dest":"n1","body":{"messages":[1,7,15,20,22,26,33,36,3,5,11,18,21,24,28,31,32,34,35,39,41,45,0,2,4,6,8,9,10,12,13,14,16,17,19,23,25,27,29,30,37,38,40,42,43,44,50,46,49,47,51,52,48,55,57,53,54,56,59,60,58,62,66,61,64,63,65,68,69,71,67,70,73,75,72,74,76,79,82,78,81,77,83,84,80,87,85,86,91,88,89,90,93,96,92,95,94,100,97,98,99,101,102],"msg_id":80,"type":"broadcast"}}
2025/06/29 16:05:54 Sent {"src":"n4","dest":"n3","body":{"in_reply_to":79,"type":"broadcast_ok"}}
2025/06/29 16:05:54 Received {n1 n4 {"in_reply_to":80,"type":"broadcast_ok"}}
2025/06/29 16:05:54 Received {n3 n4 {"in_reply_to":79,"type":"broadcast_ok"}}
2025/06/29 16:05:55 Received {n3 n4 {"messages":[0,2,4,6,8,9,10,12,13,14,16,17,19,23,25,27,29,30,37,38,40,42,43,44,46,1,7,15,20,22,26,33,36,49,3,5,11,18,21,24,28,31,32,34,35,39,41,45,51,47,50,52,48,53,54,55,58,57,56,59,60,62,66,63,61,64,67,70,65,68,69,72,71,74,73,76,75,78,81,79,83,82,84,77,85,80,87,91,86,88,89,92,95,90,93,97,98,96,94,101,100,99,104,102,105],"msg_id":81,"type":"broadcast"}}
2025/06/29 16:05:55 Received {n1 n4 {"messages":[3,5,11,18,21,24,28,31,32,34,35,39,41,45,2,0,4,6,8,9,10,13,12,14,16,17,19,23,25,27,29,30,38,37,40,43,44,42,46,1,7,15,20,22,26,33,36,47,51,50,49,48,52,55,53,54,56,59,58,57,60,62,61,64,63,65,68,69,66,67,73,72,71,70,76,75,79,74,78,77,83,82,80,81,85,86,84,87,88,89,90,93,91,92,94,96,97,98,99,95,101,100,102,104,103,105],"msg_id":120,"type":"broadcast"}}
2025/06/29 16:05:55 Sent {"src":"n4","dest":"n3","body":{"in_reply_to":81,"type":"broadcast_ok"}}
2025/06/29 16:05:55 Sent {"src":"n4","dest":"n1","body":{"in_reply_to":120,"type":"broadcast_ok"}}
2025/06/29 16:05:55 Sent {"src":"n4","dest":"n3","body":{"messages":[1,7,15,20,22,26,33,36,3,5,11,18,21,24,28,31,32,34,35,39,41,45,0,2,4,6,8,9,10,12,13,14,16,17,19,23,25,27,29,30,37,38,40,42,43,44,50,46,49,47,51,52,48,55,57,53,54,56,59,60,58,62,66,61,64,63,65,68,69,71,67,70,73,75,72,74,76,79,82,78,81,77,83,84,80,87,85,86,91,88,89,90,93,96,92,95,94,100,97,98,99,101,102,104,103,105],"msg_id":81,"type":"broadcast"}}
2025/06/29 16:05:55 Sent {"src":"n4","dest":"n1","body":{"messages":[1,7,15,20,22,26,33,36,3,5,11,18,21,24,28,31,32,34,35,39,41,45,0,2,4,6,8,9,10,12,13,14,16,17,19,23,25,27,29,30,37,38,40,42,43,44,50,46,49,47,51,52,48,55,57,53,54,56,59,60,58,62,66,61,64,63,65,68,69,71,67,70,73,75,72,74,76,79,82,78,81,77,83,84,80,87,85,86,91,88,89,90,93,96,92,95,94,100,97,98,99,101,102,104,103,105],"msg_id":82,"type":"broadcast"}}
2025/06/29 16:05:55 Received {n3 n4 {"in_reply_to":81,"type":"broadcast_ok"}}
2025/06/29 16:05:55 Received {n1 n4 {"in_reply_to":82,"type":"broadcast_ok"}}
2025/06/29 16:05:55 Received {n3 n4 {"messages":[0,2,4,6,8,9,10,12,13,14,16,17,19,23,25,27,29,30,37,38,40,42,43,44,46,1,7,15,20,22,26,33,36,49,3,5,11,18,21,24,28,31,32,34,35,39,41,45,51,47,50,52,48,53,54,55,58,57,56,59,60,62,66,63,61,64,67,70,65,68,69,72,71,74,73,76,75,78,81,79,83,82,84,77,85,80,87,91,86,88,89,92,95,90,93,97,98,96,94,101,100,99,104,102,105,103],"msg_id":83,"type":"broadcast"}}
2025/06/29 16:05:55 Received {n1 n4 {"messages":[3,5,11,18,21,24,28,31,32,34,35,39,41,45,2,0,4,6,8,9,10,13,12,14,16,17,19,23,25,27,29,30,38,37,40,43,44,42,46,1,7,15,20,22,26,33,36,47,51,50,49,48,52,55,53,54,56,59,58,57,60,62,61,64,63,65,68,69,66,67,73,72,71,70,76,75,79,74,78,77,83,82,80,81,85,86,84,87,88,89,90,93,91,92,94,96,97,98,99,95,101,100,102,104,103,105],"msg_id":122,"type":"broadcast"}}
2025/06/29 16:05:55 Sent {"src":"n4","dest":"n3","body":{"messages":[1,7,15,20,22,26,33,36,3,5,11,18,21,24,28,31,32,34,35,39,41,45,0,2,4,6,8,9,10,12,13,14,16,17,19,23,25,27,29,30,37,38,40,42,43,44,50,46,49,47,51,52,48,55,57,53,54,56,59,60,58,62,66,61,64,63,65,68,69,71,67,70,73,75,72,74,76,79,82,78,81,77,83,84,80,87,85,86,91,88,89,90,93,96,92,95,94,100,97,98,99,101,102,104,103,105],"msg_id":83,"type":"broadcast"}}
2025/06/29 16:05:55 Sent {"src":"n4","dest":"n1","body":{"messages":[1,7,15,20,22,26,33,36,3,5,11,18,21,24,28,31,32,34,35,39,41,45,0,2,4,6,8,9,10,12,13,14,16,17,19,23,25,27,29,30,37,38,40,42,43,44,50,46,49,47,51,52,48,55,57,53,54,56,59,60,58,62,66,61,64,63,65,68,69,71,67,70,73,75,72,74,76,79,82,78,81,77,83,84,80,87,85,86,91,88,89,90,93,96,92,95,94,100,97,98,99,101,102,104,103,105],"msg_id":84,"type":"broadcast"}}
2025/06/29 16:05:55 Sent {"src":"n4","dest":"n3","body":{"in_reply_to":83,"type":"broadcast_ok"}}
2025/06/29 16:05:55 Sent {"src":"n4","dest":"n1","body":{"in_reply_to":122,"type":"broadcast_ok"}}
2025/06/29 16:05:55 Received {n3 n4 {"in_reply_to":83,"type":"broadcast_ok"}}
2025/06/29 16:05:55 Received {n1 n4 {"in_reply_to":84,"type":"broadcast_ok"}}
2025/06/29 16:05:56 Sent {"src":"n4","dest":"n1","body":{"messages":[1,7,15,20,22,26,33,36,3,5,11,18,21,24,28,31,32,34,35,39,41,45,0,2,4,6,8,9,10,12,13,14,16,17,19,23,25,27,29,30,37,38,40,42,43,44,50,46,49,47,51,52,48,55,57,53,54,56,59,60,58,62,66,61,64,63,65,68,69,71,67,70,73,75,72,74,76,79,82,78,81,77,83,84,80,87,85,86,91,88,89,90,93,96,92,95,94,100,97,98,99,101,102,104,103,105],"msg_id":85,"type":"broadcast"}}
2025/06/29 16:05:56 Sent {"src":"n4","dest":"n3","body":{"messages":[1,7,15,20,22,26,33,36,3,5,11,18,21,24,28,31,32,34,35,39,41,45,0,2,4,6,8,9,10,12,13,14,16,17,19,23,25,27,29,30,37,38,40,42,43,44,50,46,49,47,51,52,48,55,57,53,54,56,59,60,58,62,66,61,64,63,65,68,69,71,67,70,73,75,72,74,76,79,82,78,81,77,83,84,80,87,85,86,91,88,89,90,93,96,92,95,94,100,97,98,99,101,102,104,103,105],"msg_id":86,"type":"broadcast"}}
2025/06/29 16:05:56 Received {n1 n4 {"messages":[3,5,11,18,21,24,28,31,32,34,35,39,41,45,2,0,4,6,8,9,10,13,12,14,16,17,19,23,25,27,29,30,38,37,40,43,44,42,46,1,7,15,20,22,26,33,36,47,51,50,49,48,52,55,53,54,56,59,58,57,60,62,61,64,63,65,68,69,66,67,73,72,71,70,76,75,79,74,78,77,83,82,80,81,85,86,84,87,88,89,90,93,91,92,94,96,97,98,99,95,101,100,102,104,103,105],"msg_id":125,"type":"broadcast"}}
2025/06/29 16:05:56 Received {n3 n4 {"messages":[0,2,4,6,8,9,10,12,13,14,16,17,19,23,25,27,29,30,37,38,40,42,43,44,46,1,7,15,20,22,26,33,36,49,3,5,11,18,21,24,28,31,32,34,35,39,41,45,51,47,50,52,48,53,54,55,58,57,56,59,60,62,66,63,61,64,67,70,65,68,69,72,71,74,73,76,75,78,81,79,83,82,84,77,85,80,87,91,86,88,89,92,95,90,93,97,98,96,94,101,100,99,104,102,105,103],"msg_id":85,"type":"broadcast"}}
2025/06/29 16:05:56 Sent {"src":"n4","dest":"n1","body":{"in_reply_to":125,"type":"broadcast_ok"}}
2025/06/29 16:05:56 Sent {"src":"n4","dest":"n3","body":{"in_reply_to":85,"type":"broadcast_ok"}}
2025/06/29 16:05:56 Received {n1 n4 {"in_reply_to":85,"type":"broadcast_ok"}}
2025/06/29 16:05:56 Received {n3 n4 {"in_reply_to":86,"type":"broadcast_ok"}}
2025/06/29 16:05:56 Sent {"src":"n4","dest":"n1","body":{"messages":[1,7,15,20,22,26,33,36,3,5,11,18,21,24,28,31,32,34,35,39,41,45,0,2,4,6,8,9,10,12,13,14,16,17,19,23,25,27,29,30,37,38,40,42,43,44,50,46,49,47,51,52,48,55,57,53,54,56,59,60,58,62,66,61,64,63,65,68,69,71,67,70,73,75,72,74,76,79,82,78,81,77,83,84,80,87,85,86,91,88,89,90,93,96,92,95,94,100,97,98,99,101,102,104,103,105],"msg_id":87,"type":"broadcast"}}
2025/06/29 16:05:56 Sent {"src":"n4","dest":"n3","body":{"messages":[1,7,15,20,22,26,33,36,3,5,11,18,21,24,28,31,32,34,35,39,41,45,0,2,4,6,8,9,10,12,13,14,16,17,19,23,25,27,29,30,37,38,40,42,43,44,50,46,49,47,51,52,48,55,57,53,54,56,59,60,58,62,66,61,64,63,65,68,69,71,67,70,73,75,72,74,76,79,82,78,81,77,83,84,80,87,85,86,91,88,89,90,93,96,92,95,94,100,97,98,99,101,102,104,103,105],"msg_id":88,"type":"broadcast"}}
2025/06/29 16:05:56 Received {n3 n4 {"messages":[0,2,4,6,8,9,10,12,13,14,16,17,19,23,25,27,29,30,37,38,40,42,43,44,46,1,7,15,20,22,26,33,36,49,3,5,11,18,21,24,28,31,32,34,35,39,41,45,51,47,50,52,48,53,54,55,58,57,56,59,60,62,66,63,61,64,67,70,65,68,69,72,71,74,73,76,75,78,81,79,83,82,84,77,85,80,87,91,86,88,89,92,95,90,93,97,98,96,94,101,100,99,104,102,105,103],"msg_id":87,"type":"broadcast"}}
2025/06/29 16:05:56 Received {n1 n4 {"messages":[3,5,11,18,21,24,28,31,32,34,35,39,41,45,2,0,4,6,8,9,10,13,12,14,16,17,19,23,25,27,29,30,38,37,40,43,44,42,46,1,7,15,20,22,26,33,36,47,51,50,49,48,52,55,53,54,56,59,58,57,60,62,61,64,63,65,68,69,66,67,73,72,71,70,76,75,79,74,78,77,83,82,80,81,85,86,84,87,88,89,90,93,91,92,94,96,97,98,99,95,101,100,102,104,103,105],"msg_id":129,"type":"broadcast"}}
2025/06/29 16:05:56 Sent {"src":"n4","dest":"n3","body":{"in_reply_to":87,"type":"broadcast_ok"}}
2025/06/29 16:05:56 Sent {"src":"n4","dest":"n1","body":{"in_reply_to":129,"type":"broadcast_ok"}}
2025/06/29 16:05:56 Received {n1 n4 {"in_reply_to":87,"type":"broadcast_ok"}}
2025/06/29 16:05:56 Received {n3 n4 {"in_reply_to":88,"type":"broadcast_ok"}}
2025/06/29 16:05:57 Sent {"src":"n4","dest":"n3","body":{"messages":[1,7,15,20,22,26,33,36,3,5,11,18,21,24,28,31,32,34,35,39,41,45,0,2,4,6,8,9,10,12,13,14,16,17,19,23,25,27,29,30,37,38,40,42,43,44,50,46,49,47,51,52,48,55,57,53,54,56,59,60,58,62,66,61,64,63,65,68,69,71,67,70,73,75,72,74,76,79,82,78,81,77,83,84,80,87,85,86,91,88,89,90,93,96,92,95,94,100,97,98,99,101,102,104,103,105],"msg_id":89,"type":"broadcast"}}
2025/06/29 16:05:57 Sent {"src":"n4","dest":"n1","body":{"messages":[1,7,15,20,22,26,33,36,3,5,11,18,21,24,28,31,32,34,35,39,41,45,0,2,4,6,8,9,10,12,13,14,16,17,19,23,25,27,29,30,37,38,40,42,43,44,50,46,49,47,51,52,48,55,57,53,54,56,59,60,58,62,66,61,64,63,65,68,69,71,67,70,73,75,72,74,76,79,82,78,81,77,83,84,80,87,85,86,91,88,89,90,93,96,92,95,94,100,97,98,99,101,102,104,103,105],"msg_id":90,"type":"broadcast"}}
2025/06/29 16:05:57 Received {n1 n4 {"messages":[3,5,11,18,21,24,28,31,32,34,35,39,41,45,2,0,4,6,8,9,10,13,12,14,16,17,19,23,25,27,29,30,38,37,40,43,44,42,46,1,7,15,20,22,26,33,36,47,51,50,49,48,52,55,53,54,56,59,58,57,60,62,61,64,63,65,68,69,66,67,73,72,71,70,76,75,79,74,78,77,83,82,80,81,85,86,84,87,88,89,90,93,91,92,94,96,97,98,99,95,101,100,102,104,103,105],"msg_id":131,"type":"broadcast"}}
2025/06/29 16:05:57 Received {n3 n4 {"messages":[0,2,4,6,8,9,10,12,13,14,16,17,19,23,25,27,29,30,37,38,40,42,43,44,46,1,7,15,20,22,26,33,36,49,3,5,11,18,21,24,28,31,32,34,35,39,41,45,51,47,50,52,48,53,54,55,58,57,56,59,60,62,66,63,61,64,67,70,65,68,69,72,71,74,73,76,75,78,81,79,83,82,84,77,85,80,87,91,86,88,89,92,95,90,93,97,98,96,94,101,100,99,104,102,105,103],"msg_id":90,"type":"broadcast"}}
2025/06/29 16:05:57 Sent {"src":"n4","dest":"n1","body":{"in_reply_to":131,"type":"broadcast_ok"}}
2025/06/29 16:05:57 Sent {"src":"n4","dest":"n3","body":{"in_reply_to":90,"type":"broadcast_ok"}}
2025/06/29 16:05:57 Received {n1 n4 {"in_reply_to":90,"type":"broadcast_ok"}}
2025/06/29 16:05:57 Received {n3 n4 {"in_reply_to":89,"type":"broadcast_ok"}}
2025/06/29 16:05:57 Received {n1 n4 {"messages":[3,5,11,18,21,24,28,31,32,34,35,39,41,45,2,0,4,6,8,9,10,13,12,14,16,17,19,23,25,27,29,30,38,37,40,43,44,42,46,1,7,15,20,22,26,33,36,47,51,50,49,48,52,55,53,54,56,59,58,57,60,62,61,64,63,65,68,69,66,67,73,72,71,70,76,75,79,74,78,77,83,82,80,81,85,86,84,87,88,89,90,93,91,92,94,96,97,98,99,95,101,100,102,104,103,105],"msg_id":134,"type":"broadcast"}}
2025/06/29 16:05:57 Sent {"src":"n4","dest":"n1","body":{"in_reply_to":134,"type":"broadcast_ok"}}
2025/06/29 16:05:57 Received {n3 n4 {"messages":[0,2,4,6,8,9,10,12,13,14,16,17,19,23,25,27,29,30,37,38,40,42,43,44,46,1,7,15,20,22,26,33,36,49,3,5,11,18,21,24,28,31,32,34,35,39,41,45,51,47,50,52,48,53,54,55,58,57,56,59,60,62,66,63,61,64,67,70,65,68,69,72,71,74,73,76,75,78,81,79,83,82,84,77,85,80,87,91,86,88,89,92,95,90,93,97,98,96,94,101,100,99,104,102,105,103],"msg_id":92,"type":"broadcast"}}
2025/06/29 16:05:57 Sent {"src":"n4","dest":"n3","body":{"in_reply_to":92,"type":"broadcast_ok"}}
2025/06/29 16:05:57 Sent {"src":"n4","dest":"n3","body":{"messages":[1,7,15,20,22,26,33,36,3,5,11,18,21,24,28,31,32,34,35,39,41,45,0,2,4,6,8,9,10,12,13,14,16,17,19,23,25,27,29,30,37,38,40,42,43,44,50,46,49,47,51,52,48,55,57,53,54,56,59,60,58,62,66,61,64,63,65,68,69,71,67,70,73,75,72,74,76,79,82,78,81,77,83,84,80,87,85,86,91,88,89,90,93,96,92,95,94,100,97,98,99,101,102,104,103,105],"msg_id":91,"type":"broadcast"}}
2025/06/29 16:05:57 Sent {"src":"n4","dest":"n1","body":{"messages":[1,7,15,20,22,26,33,36,3,5,11,18,21,24,28,31,32,34,35,39,41,45,0,2,4,6,8,9,10,12,13,14,16,17,19,23,25,27,29,30,37,38,40,42,43,44,50,46,49,47,51,52,48,55,57,53,54,56,59,60,58,62,66,61,64,63,65,68,69,71,67,70,73,75,72,74,76,79,82,78,81,77,83,84,80,87,85,86,91,88,89,90,93,96,92,95,94,100,97,98,99,101,102,104,103,105],"msg_id":92,"type":"broadcast"}}
2025/06/29 16:05:57 Received {n3 n4 {"in_reply_to":91,"type":"broadcast_ok"}}
2025/06/29 16:05:57 Received {n1 n4 {"in_reply_to":92,"type":"broadcast_ok"}}
2025/06/29 16:05:58 Received {n1 n4 {"messages":[3,5,11,18,21,24,28,31,32,34,35,39,41,45,2,0,4,6,8,9,10,13,12,14,16,17,19,23,25,27,29,30,38,37,40,43,44,42,46,1,7,15,20,22,26,33,36,47,51,50,49,48,52,55,53,54,56,59,58,57,60,62,61,64,63,65,68,69,66,67,73,72,71,70,76,75,79,74,78,77,83,82,80,81,85,86,84,87,88,89,90,93,91,92,94,96,97,98,99,95,101,100,102,104,103,105],"msg_id":137,"type":"broadcast"}}
2025/06/29 16:05:58 Sent {"src":"n4","dest":"n1","body":{"in_reply_to":137,"type":"broadcast_ok"}}
2025/06/29 16:05:58 Received {n3 n4 {"messages":[0,2,4,6,8,9,10,12,13,14,16,17,19,23,25,27,29,30,37,38,40,42,43,44,46,1,7,15,20,22,26,33,36,49,3,5,11,18,21,24,28,31,32,34,35,39,41,45,51,47,50,52,48,53,54,55,58,57,56,59,60,62,66,63,61,64,67,70,65,68,69,72,71,74,73,76,75,78,81,79,83,82,84,77,85,80,87,91,86,88,89,92,95,90,93,97,98,96,94,101,100,99,104,102,105,103],"msg_id":94,"type":"broadcast"}}
2025/06/29 16:05:58 Sent {"src":"n4","dest":"n3","body":{"in_reply_to":94,"type":"broadcast_ok"}}
2025/06/29 16:05:58 Sent {"src":"n4","dest":"n1","body":{"messages":[1,7,15,20,22,26,33,36,3,5,11,18,21,24,28,31,32,34,35,39,41,45,0,2,4,6,8,9,10,12,13,14,16,17,19,23,25,27,29,30,37,38,40,42,43,44,50,46,49,47,51,52,48,55,57,53,54,56,59,60,58,62,66,61,64,63,65,68,69,71,67,70,73,75,72,74,76,79,82,78,81,77,83,84,80,87,85,86,91,88,89,90,93,96,92,95,94,100,97,98,99,101,102,104,103,105],"msg_id":94,"type":"broadcast"}}
2025/06/29 16:05:58 Sent {"src":"n4","dest":"n3","body":{"messages":[1,7,15,20,22,26,33,36,3,5,11,18,21,24,28,31,32,34,35,39,41,45,0,2,4,6,8,9,10,12,13,14,16,17,19,23,25,27,29,30,37,38,40,42,43,44,50,46,49,47,51,52,48,55,57,53,54,56,59,60,58,62,66,61,64,63,65,68,69,71,67,70,73,75,72,74,76,79,82,78,81,77,83,84,80,87,85,86,91,88,89,90,93,96,92,95,94,100,97,98,99,101,102,104,103,105],"msg_id":93,"type":"broadcast"}}
2025/06/29 16:05:58 Received {n1 n4 {"in_reply_to":94,"type":"broadcast_ok"}}
2025/06/29 16:05:58 Received {n3 n4 {"in_reply_to":93,"type":"broadcast_ok"}}
2025/06/29 16:05:58 Received {n1 n4 {"messages":[3,5,11,18,21,24,28,31,32,34,35,39,41,45,2,0,4,6,8,9,10,13,12,14,16,17,19,23,25,27,29,30,38,37,40,43,44,42,46,1,7,15,20,22,26,33,36,47,51,50,49,48,52,55,53,54,56,59,58,57,60,62,61,64,63,65,68,69,66,67,73,72,71,70,76,75,79,74,78,77,83,82,80,81,85,86,84,87,88,89,90,93,91,92,94,96,97,98,99,95,101,100,102,104,103,105],"msg_id":139,"type":"broadcast"}}
2025/06/29 16:05:58 Sent {"src":"n4","dest":"n3","body":{"messages":[1,7,15,20,22,26,33,36,3,5,11,18,21,24,28,31,32,34,35,39,41,45,0,2,4,6,8,9,10,12,13,14,16,17,19,23,25,27,29,30,37,38,40,42,43,44,50,46,49,47,51,52,48,55,57,53,54,56,59,60,58,62,66,61,64,63,65,68,69,71,67,70,73,75,72,74,76,79,82,78,81,77,83,84,80,87,85,86,91,88,89,90,93,96,92,95,94,100,97,98,99,101,102,104,103,105],"msg_id":95,"type":"broadcast"}}
2025/06/29 16:05:58 Sent {"src":"n4","dest":"n1","body":{"in_reply_to":139,"type":"broadcast_ok"}}
2025/06/29 16:05:58 Sent {"src":"n4","dest":"n1","body":{"messages":[1,7,15,20,22,26,33,36,3,5,11,18,21,24,28,31,32,34,35,39,41,45,0,2,4,6,8,9,10,12,13,14,16,17,19,23,25,27,29,30,37,38,40,42,43,44,50,46,49,47,51,52,48,55,57,53,54,56,59,60,58,62,66,61,64,63,65,68,69,71,67,70,73,75,72,74,76,79,82,78,81,77,83,84,80,87,85,86,91,88,89,90,93,96,92,95,94,100,97,98,99,101,102,104,103,105],"msg_id":96,"type":"broadcast"}}
2025/06/29 16:05:58 Received {n3 n4 {"messages":[0,2,4,6,8,9,10,12,13,14,16,17,19,23,25,27,29,30,37,38,40,42,43,44,46,1,7,15,20,22,26,33,36,49,3,5,11,18,21,24,28,31,32,34,35,39,41,45,51,47,50,52,48,53,54,55,58,57,56,59,60,62,66,63,61,64,67,70,65,68,69,72,71,74,73,76,75,78,81,79,83,82,84,77,85,80,87,91,86,88,89,92,95,90,93,97,98,96,94,101,100,99,104,102,105,103],"msg_id":95,"type":"broadcast"}}
2025/06/29 16:05:58 Sent {"src":"n4","dest":"n3","body":{"in_reply_to":95,"type":"broadcast_ok"}}
2025/06/29 16:05:58 Received {n3 n4 {"in_reply_to":95,"type":"broadcast_ok"}}
2025/06/29 16:05:58 Received {n1 n4 {"in_reply_to":96,"type":"broadcast_ok"}}
2025/06/29 16:05:59 Received {n1 n4 {"messages":[3,5,11,18,21,24,28,31,32,34,35,39,41,45,2,0,4,6,8,9,10,13,12,14,16,17,19,23,25,27,29,30,38,37,40,43,44,42,46,1,7,15,20,22,26,33,36,47,51,50,49,48,52,55,53,54,56,59,58,57,60,62,61,64,63,65,68,69,66,67,73,72,71,70,76,75,79,74,78,77,83,82,80,81,85,86,84,87,88,89,90,93,91,92,94,96,97,98,99,95,101,100,102,104,103,105],"msg_id":144,"type":"broadcast"}}
2025/06/29 16:05:59 Sent {"src":"n4","dest":"n3","body":{"messages":[1,7,15,20,22,26,33,36,3,5,11,18,21,24,28,31,32,34,35,39,41,45,0,2,4,6,8,9,10,12,13,14,16,17,19,23,25,27,29,30,37,38,40,42,43,44,50,46,49,47,51,52,48,55,57,53,54,56,59,60,58,62,66,61,64,63,65,68,69,71,67,70,73,75,72,74,76,79,82,78,81,77,83,84,80,87,85,86,91,88,89,90,93,96,92,95,94,100,97,98,99,101,102,104,103,105],"msg_id":97,"type":"broadcast"}}
2025/06/29 16:05:59 Sent {"src":"n4","dest":"n1","body":{"messages":[1,7,15,20,22,26,33,36,3,5,11,18,21,24,28,31,32,34,35,39,41,45,0,2,4,6,8,9,10,12,13,14,16,17,19,23,25,27,29,30,37,38,40,42,43,44,50,46,49,47,51,52,48,55,57,53,54,56,59,60,58,62,66,61,64,63,65,68,69,71,67,70,73,75,72,74,76,79,82,78,81,77,83,84,80,87,85,86,91,88,89,90,93,96,92,95,94,100,97,98,99,101,102,104,103,105],"msg_id":98,"type":"broadcast"}}
2025/06/29 16:05:59 Sent {"src":"n4","dest":"n1","body":{"in_reply_to":144,"type":"broadcast_ok"}}
2025/06/29 16:05:59 Received {n3 n4 {"messages":[0,2,4,6,8,9,10,12,13,14,16,17,19,23,25,27,29,30,37,38,40,42,43,44,46,1,7,15,20,22,26,33,36,49,3,5,11,18,21,24,28,31,32,34,35,39,41,45,51,47,50,52,48,53,54,55,58,57,56,59,60,62,66,63,61,64,67,70,65,68,69,72,71,74,73,76,75,78,81,79,83,82,84,77,85,80,87,91,86,88,89,92,95,90,93,97,98,96,94,101,100,99,104,102,105,103],"msg_id":98,"type":"broadcast"}}
2025/06/29 16:05:59 Sent {"src":"n4","dest":"n3","body":{"in_reply_to":98,"type":"broadcast_ok"}}
2025/06/29 16:05:59 Received {n3 n4 {"in_reply_to":97,"type":"broadcast_ok"}}
2025/06/29 16:05:59 Received {n1 n4 {"in_reply_to":98,"type":"broadcast_ok"}}
2025/06/29 16:05:59 Received {n1 n4 {"messages":[3,5,11,18,21,24,28,31,32,34,35,39,41,45,2,0,4,6,8,9,10,13,12,14,16,17,19,23,25,27,29,30,38,37,40,43,44,42,46,1,7,15,20,22,26,33,36,47,51,50,49,48,52,55,53,54,56,59,58,57,60,62,61,64,63,65,68,69,66,67,73,72,71,70,76,75,79,74,78,77,83,82,80,81,85,86,84,87,88,89,90,93,91,92,94,96,97,98,99,95,101,100,102,104,103,105],"msg_id":146,"type":"broadcast"}}
2025/06/29 16:05:59 Sent {"src":"n4","dest":"n3","body":{"messages":[1,7,15,20,22,26,33,36,3,5,11,18,21,24,28,31,32,34,35,39,41,45,0,2,4,6,8,9,10,12,13,14,16,17,19,23,25,27,29,30,37,38,40,42,43,44,50,46,49,47,51,52,48,55,57,53,54,56,59,60,58,62,66,61,64,63,65,68,69,71,67,70,73,75,72,74,76,79,82,78,81,77,83,84,80,87,85,86,91,88,89,90,93,96,92,95,94,100,97,98,99,101,102,104,103,105],"msg_id":99,"type":"broadcast"}}
2025/06/29 16:05:59 Sent {"src":"n4","dest":"n1","body":{"messages":[1,7,15,20,22,26,33,36,3,5,11,18,21,24,28,31,32,34,35,39,41,45,0,2,4,6,8,9,10,12,13,14,16,17,19,23,25,27,29,30,37,38,40,42,43,44,50,46,49,47,51,52,48,55,57,53,54,56,59,60,58,62,66,61,64,63,65,68,69,71,67,70,73,75,72,74,76,79,82,78,81,77,83,84,80,87,85,86,91,88,89,90,93,96,92,95,94,100,97,98,99,101,102,104,103,105],"msg_id":100,"type":"broadcast"}}
2025/06/29 16:05:59 Sent {"src":"n4","dest":"n1","body":{"in_reply_to":146,"type":"broadcast_ok"}}
2025/06/29 16:05:59 Received {n3 n4 {"messages":[0,2,4,6,8,9,10,12,13,14,16,17,19,23,25,27,29,30,37,38,40,42,43,44,46,1,7,15,20,22,26,33,36,49,3,5,11,18,21,24,28,31,32,34,35,39,41,45,51,47,50,52,48,53,54,55,58,57,56,59,60,62,66,63,61,64,67,70,65,68,69,72,71,74,73,76,75,78,81,79,83,82,84,77,85,80,87,91,86,88,89,92,95,90,93,97,98,96,94,101,100,99,104,102,105,103],"msg_id":99,"type":"broadcast"}}
2025/06/29 16:05:59 Sent {"src":"n4","dest":"n3","body":{"in_reply_to":99,"type":"broadcast_ok"}}
2025/06/29 16:05:59 Received {n3 n4 {"in_reply_to":99,"type":"broadcast_ok"}}
2025/06/29 16:05:59 Received {n1 n4 {"in_reply_to":100,"type":"broadcast_ok"}}
2025/06/29 16:06:00 Received {n1 n4 {"messages":[3,5,11,18,21,24,28,31,32,34,35,39,41,45,2,0,4,6,8,9,10,13,12,14,16,17,19,23,25,27,29,30,38,37,40,43,44,42,46,1,7,15,20,22,26,33,36,47,51,50,49,48,52,55,53,54,56,59,58,57,60,62,61,64,63,65,68,69,66,67,73,72,71,70,76,75,79,74,78,77,83,82,80,81,85,86,84,87,88,89,90,93,91,92,94,96,97,98,99,95,101,100,102,104,103,105],"msg_id":150,"type":"broadcast"}}
2025/06/29 16:06:00 Sent {"src":"n4","dest":"n1","body":{"messages":[1,7,15,20,22,26,33,36,3,5,11,18,21,24,28,31,32,34,35,39,41,45,0,2,4,6,8,9,10,12,13,14,16,17,19,23,25,27,29,30,37,38,40,42,43,44,50,46,49,47,51,52,48,55,57,53,54,56,59,60,58,62,66,61,64,63,65,68,69,71,67,70,73,75,72,74,76,79,82,78,81,77,83,84,80,87,85,86,91,88,89,90,93,96,92,95,94,100,97,98,99,101,102,104,103,105],"msg_id":101,"type":"broadcast"}}
2025/06/29 16:06:00 Sent {"src":"n4","dest":"n3","body":{"messages":[1,7,15,20,22,26,33,36,3,5,11,18,21,24,28,31,32,34,35,39,41,45,0,2,4,6,8,9,10,12,13,14,16,17,19,23,25,27,29,30,37,38,40,42,43,44,50,46,49,47,51,52,48,55,57,53,54,56,59,60,58,62,66,61,64,63,65,68,69,71,67,70,73,75,72,74,76,79,82,78,81,77,83,84,80,87,85,86,91,88,89,90,93,96,92,95,94,100,97,98,99,101,102,104,103,105],"msg_id":102,"type":"broadcast"}}
2025/06/29 16:06:00 Sent {"src":"n4","dest":"n1","body":{"in_reply_to":150,"type":"broadcast_ok"}}
2025/06/29 16:06:00 Received {n3 n4 {"messages":[0,2,4,6,8,9,10,12,13,14,16,17,19,23,25,27,29,30,37,38,40,42,43,44,46,1,7,15,20,22,26,33,36,49,3,5,11,18,21,24,28,31,32,34,35,39,41,45,51,47,50,52,48,53,54,55,58,57,56,59,60,62,66,63,61,64,67,70,65,68,69,72,71,74,73,76,75,78,81,79,83,82,84,77,85,80,87,91,86,88,89,92,95,90,93,97,98,96,94,101,100,99,104,102,105,103],"msg_id":102,"type":"broadcast"}}
2025/06/29 16:06:00 Sent {"src":"n4","dest":"n3","body":{"in_reply_to":102,"type":"broadcast_ok"}}
2025/06/29 16:06:00 Received {n1 n4 {"in_reply_to":101,"type":"broadcast_ok"}}
2025/06/29 16:06:00 Received {n3 n4 {"in_reply_to":102,"type":"broadcast_ok"}}
2025/06/29 16:06:00 Received {n1 n4 {"messages":[3,5,11,18,21,24,28,31,32,34,35,39,41,45,2,0,4,6,8,9,10,13,12,14,16,17,19,23,25,27,29,30,38,37,40,43,44,42,46,1,7,15,20,22,26,33,36,47,51,50,49,48,52,55,53,54,56,59,58,57,60,62,61,64,63,65,68,69,66,67,73,72,71,70,76,75,79,74,78,77,83,82,80,81,85,86,84,87,88,89,90,93,91,92,94,96,97,98,99,95,101,100,102,104,103,105],"msg_id":151,"type":"broadcast"}}
2025/06/29 16:06:00 Sent {"src":"n4","dest":"n1","body":{"in_reply_to":151,"type":"broadcast_ok"}}
2025/06/29 16:06:00 Received {n3 n4 {"messages":[0,2,4,6,8,9,10,12,13,14,16,17,19,23,25,27,29,30,37,38,40,42,43,44,46,1,7,15,20,22,26,33,36,49,3,5,11,18,21,24,28,31,32,34,35,39,41,45,51,47,50,52,48,53,54,55,58,57,56,59,60,62,66,63,61,64,67,70,65,68,69,72,71,74,73,76,75,78,81,79,83,82,84,77,85,80,87,91,86,88,89,92,95,90,93,97,98,96,94,101,100,99,104,102,105,103],"msg_id":103,"type":"broadcast"}}
2025/06/29 16:06:00 Sent {"src":"n4","dest":"n3","body":{"in_reply_to":103,"type":"broadcast_ok"}}
2025/06/29 16:06:00 Sent {"src":"n4","dest":"n1","body":{"messages":[1,7,15,20,22,26,33,36,3,5,11,18,21,24,28,31,32,34,35,39,41,45,0,2,4,6,8,9,10,12,13,14,16,17,19,23,25,27,29,30,37,38,40,42,43,44,50,46,49,47,51,52,48,55,57,53,54,56,59,60,58,62,66,61,64,63,65,68,69,71,67,70,73,75,72,74,76,79,82,78,81,77,83,84,80,87,85,86,91,88,89,90,93,96,92,95,94,100,97,98,99,101,102,104,103,105],"msg_id":104,"type":"broadcast"}}
2025/06/29 16:06:00 Sent {"src":"n4","dest":"n3","body":{"messages":[1,7,15,20,22,26,33,36,3,5,11,18,21,24,28,31,32,34,35,39,41,45,0,2,4,6,8,9,10,12,13,14,16,17,19,23,25,27,29,30,37,38,40,42,43,44,50,46,49,47,51,52,48,55,57,53,54,56,59,60,58,62,66,61,64,63,65,68,69,71,67,70,73,75,72,74,76,79,82,78,81,77,83,84,80,87,85,86,91,88,89,90,93,96,92,95,94,100,97,98,99,101,102,104,103,105],"msg_id":103,"type":"broadcast"}}
2025/06/29 16:06:00 Received {n1 n4 {"in_reply_to":104,"type":"broadcast_ok"}}
2025/06/29 16:06:00 Received {n3 n4 {"in_reply_to":103,"type":"broadcast_ok"}}
2025/06/29 16:06:01 Received {n1 n4 {"messages":[3,5,11,18,21,24,28,31,32,34,35,39,41,45,2,0,4,6,8,9,10,13,12,14,16,17,19,23,25,27,29,30,38,37,40,43,44,42,46,1,7,15,20,22,26,33,36,47,51,50,49,48,52,55,53,54,56,59,58,57,60,62,61,64,63,65,68,69,66,67,73,72,71,70,76,75,79,74,78,77,83,82,80,81,85,86,84,87,88,89,90,93,91,92,94,96,97,98,99,95,101,100,102,104,103,105],"msg_id":154,"type":"broadcast"}}
2025/06/29 16:06:01 Sent {"src":"n4","dest":"n1","body":{"messages":[1,7,15,20,22,26,33,36,3,5,11,18,21,24,28,31,32,34,35,39,41,45,0,2,4,6,8,9,10,12,13,14,16,17,19,23,25,27,29,30,37,38,40,42,43,44,50,46,49,47,51,52,48,55,57,53,54,56,59,60,58,62,66,61,64,63,65,68,69,71,67,70,73,75,72,74,76,79,82,78,81,77,83,84,80,87,85,86,91,88,89,90,93,96,92,95,94,100,97,98,99,101,102,104,103,105],"msg_id":105,"type":"broadcast"}}
2025/06/29 16:06:01 Sent {"src":"n4","dest":"n1","body":{"in_reply_to":154,"type":"broadcast_ok"}}
2025/06/29 16:06:01 Sent {"src":"n4","dest":"n3","body":{"messages":[1,7,15,20,22,26,33,36,3,5,11,18,21,24,28,31,32,34,35,39,41,45,0,2,4,6,8,9,10,12,13,14,16,17,19,23,25,27,29,30,37,38,40,42,43,44,50,46,49,47,51,52,48,55,57,53,54,56,59,60,58,62,66,61,64,63,65,68,69,71,67,70,73,75,72,74,76,79,82,78,81,77,83,84,80,87,85,86,91,88,89,90,93,96,92,95,94,100,97,98,99,101,102,104,103,105],"msg_id":106,"type":"broadcast"}}
2025/06/29 16:06:01 Received {n3 n4 {"messages":[0,2,4,6,8,9,10,12,13,14,16,17,19,23,25,27,29,30,37,38,40,42,43,44,46,1,7,15,20,22,26,33,36,49,3,5,11,18,21,24,28,31,32,34,35,39,41,45,51,47,50,52,48,53,54,55,58,57,56,59,60,62,66,63,61,64,67,70,65,68,69,72,71,74,73,76,75,78,81,79,83,82,84,77,85,80,87,91,86,88,89,92,95,90,93,97,98,96,94,101,100,99,104,102,105,103],"msg_id":105,"type":"broadcast"}}
2025/06/29 16:06:01 Sent {"src":"n4","dest":"n3","body":{"in_reply_to":105,"type":"broadcast_ok"}}
2025/06/29 16:06:01 Received {n1 n4 {"in_reply_to":105,"type":"broadcast_ok"}}
2025/06/29 16:06:01 Received {n3 n4 {"in_reply_to":106,"type":"broadcast_ok"}}
2025/06/29 16:06:01 Received {n1 n4 {"messages":[3,5,11,18,21,24,28,31,32,34,35,39,41,45,2,0,4,6,8,9,10,13,12,14,16,17,19,23,25,27,29,30,38,37,40,43,44,42,46,1,7,15,20,22,26,33,36,47,51,50,49,48,52,55,53,54,56,59,58,57,60,62,61,64,63,65,68,69,66,67,73,72,71,70,76,75,79,74,78,77,83,82,80,81,85,86,84,87,88,89,90,93,91,92,94,96,97,98,99,95,101,100,102,104,103,105],"msg_id":157,"type":"broadcast"}}
2025/06/29 16:06:01 Received {n3 n4 {"messages":[0,2,4,6,8,9,10,12,13,14,16,17,19,23,25,27,29,30,37,38,40,42,43,44,46,1,7,15,20,22,26,33,36,49,3,5,11,18,21,24,28,31,32,34,35,39,41,45,51,47,50,52,48,53,54,55,58,57,56,59,60,62,66,63,61,64,67,70,65,68,69,72,71,74,73,76,75,78,81,79,83,82,84,77,85,80,87,91,86,88,89,92,95,90,93,97,98,96,94,101,100,99,104,102,105,103],"msg_id":108,"type":"broadcast"}}
2025/06/29 16:06:01 Sent {"src":"n4","dest":"n1","body":{"in_reply_to":157,"type":"broadcast_ok"}}
2025/06/29 16:06:01 Sent {"src":"n4","dest":"n1","body":{"messages":[1,7,15,20,22,26,33,36,3,5,11,18,21,24,28,31,32,34,35,39,41,45,0,2,4,6,8,9,10,12,13,14,16,17,19,23,25,27,29,30,37,38,40,42,43,44,50,46,49,47,51,52,48,55,57,53,54,56,59,60,58,62,66,61,64,63,65,68,69,71,67,70,73,75,72,74,76,79,82,78,81,77,83,84,80,87,85,86,91,88,89,90,93,96,92,95,94,100,97,98,99,101,102,104,103,105],"msg_id":108,"type":"broadcast"}}
2025/06/29 16:06:01 Sent {"src":"n4","dest":"n3","body":{"messages":[1,7,15,20,22,26,33,36,3,5,11,18,21,24,28,31,32,34,35,39,41,45,0,2,4,6,8,9,10,12,13,14,16,17,19,23,25,27,29,30,37,38,40,42,43,44,50,46,49,47,51,52,48,55,57,53,54,56,59,60,58,62,66,61,64,63,65,68,69,71,67,70,73,75,72,74,76,79,82,78,81,77,83,84,80,87,85,86,91,88,89,90,93,96,92,95,94,100,97,98,99,101,102,104,103,105],"msg_id":107,"type":"broadcast"}}
2025/06/29 16:06:01 Sent {"src":"n4","dest":"n3","body":{"in_reply_to":108,"type":"broadcast_ok"}}
2025/06/29 16:06:01 Received {n1 n4 {"in_reply_to":108,"type":"broadcast_ok"}}
2025/06/29 16:06:01 Received {n3 n4 {"in_reply_to":107,"type":"broadcast_ok"}}
2025/06/29 16:06:02 Received {n1 n4 {"messages":[3,5,11,18,21,24,28,31,32,34,35,39,41,45,2,0,4,6,8,9,10,13,12,14,16,17,19,23,25,27,29,30,38,37,40,43,44,42,46,1,7,15,20,22,26,33,36,47,51,50,49,48,52,55,53,54,56,59,58,57,60,62,61,64,63,65,68,69,66,67,73,72,71,70,76,75,79,74,78,77,83,82,80,81,85,86,84,87,88,89,90,93,91,92,94,96,97,98,99,95,101,100,102,104,103,105],"msg_id":160,"type":"broadcast"}}
2025/06/29 16:06:02 Received {n3 n4 {"messages":[0,2,4,6,8,9,10,12,13,14,16,17,19,23,25,27,29,30,37,38,40,42,43,44,46,1,7,15,20,22,26,33,36,49,3,5,11,18,21,24,28,31,32,34,35,39,41,45,51,47,50,52,48,53,54,55,58,57,56,59,60,62,66,63,61,64,67,70,65,68,69,72,71,74,73,76,75,78,81,79,83,82,84,77,85,80,87,91,86,88,89,92,95,90,93,97,98,96,94,101,100,99,104,102,105,103],"msg_id":109,"type":"broadcast"}}
2025/06/29 16:06:02 Sent {"src":"n4","dest":"n3","body":{"messages":[1,7,15,20,22,26,33,36,3,5,11,18,21,24,28,31,32,34,35,39,41,45,0,2,4,6,8,9,10,12,13,14,16,17,19,23,25,27,29,30,37,38,40,42,43,44,50,46,49,47,51,52,48,55,57,53,54,56,59,60,58,62,66,61,64,63,65,68,69,71,67,70,73,75,72,74,76,79,82,78,81,77,83,84,80,87,85,86,91,88,89,90,93,96,92,95,94,100,97,98,99,101,102,104,103,105],"msg_id":109,"type":"broadcast"}}
2025/06/29 16:06:02 Sent {"src":"n4","dest":"n1","body":{"messages":[1,7,15,20,22,26,33,36,3,5,11,18,21,24,28,31,32,34,35,39,41,45,0,2,4,6,8,9,10,12,13,14,16,17,19,23,25,27,29,30,37,38,40,42,43,44,50,46,49,47,51,52,48,55,57,53,54,56,59,60,58,62,66,61,64,63,65,68,69,71,67,70,73,75,72,74,76,79,82,78,81,77,83,84,80,87,85,86,91,88,89,90,93,96,92,95,94,100,97,98,99,101,102,104,103,105],"msg_id":110,"type":"broadcast"}}
2025/06/29 16:06:02 Sent {"src":"n4","dest":"n1","body":{"in_reply_to":160,"type":"broadcast_ok"}}
2025/06/29 16:06:02 Sent {"src":"n4","dest":"n3","body":{"in_reply_to":109,"type":"broadcast_ok"}}
2025/06/29 16:06:02 Received {n1 n4 {"in_reply_to":110,"type":"broadcast_ok"}}
2025/06/29 16:06:02 Received {n3 n4 {"in_reply_to":109,"type":"broadcast_ok"}}
2025/06/29 16:06:02 Received {n3 n4 {"messages":[0,2,4,6,8,9,10,12,13,14,16,17,19,23,25,27,29,30,37,38,40,42,43,44,46,1,7,15,20,22,26,33,36,49,3,5,11,18,21,24,28,31,32,34,35,39,41,45,51,47,50,52,48,53,54,55,58,57,56,59,60,62,66,63,61,64,67,70,65,68,69,72,71,74,73,76,75,78,81,79,83,82,84,77,85,80,87,91,86,88,89,92,95,90,93,97,98,96,94,101,100,99,104,102,105,103],"msg_id":111,"type":"broadcast"}}
2025/06/29 16:06:02 Received {n1 n4 {"messages":[3,5,11,18,21,24,28,31,32,34,35,39,41,45,2,0,4,6,8,9,10,13,12,14,16,17,19,23,25,27,29,30,38,37,40,43,44,42,46,1,7,15,20,22,26,33,36,47,51,50,49,48,52,55,53,54,56,59,58,57,60,62,61,64,63,65,68,69,66,67,73,72,71,70,76,75,79,74,78,77,83,82,80,81,85,86,84,87,88,89,90,93,91,92,94,96,97,98,99,95,101,100,102,104,103,105],"msg_id":165,"type":"broadcast"}}
2025/06/29 16:06:02 Sent {"src":"n4","dest":"n3","body":{"messages":[1,7,15,20,22,26,33,36,3,5,11,18,21,24,28,31,32,34,35,39,41,45,0,2,4,6,8,9,10,12,13,14,16,17,19,23,25,27,29,30,37,38,40,42,43,44,50,46,49,47,51,52,48,55,57,53,54,56,59,60,58,62,66,61,64,63,65,68,69,71,67,70,73,75,72,74,76,79,82,78,81,77,83,84,80,87,85,86,91,88,89,90,93,96,92,95,94,100,97,98,99,101,102,104,103,105],"msg_id":111,"type":"broadcast"}}
2025/06/29 16:06:02 Sent {"src":"n4","dest":"n1","body":{"messages":[1,7,15,20,22,26,33,36,3,5,11,18,21,24,28,31,32,34,35,39,41,45,0,2,4,6,8,9,10,12,13,14,16,17,19,23,25,27,29,30,37,38,40,42,43,44,50,46,49,47,51,52,48,55,57,53,54,56,59,60,58,62,66,61,64,63,65,68,69,71,67,70,73,75,72,74,76,79,82,78,81,77,83,84,80,87,85,86,91,88,89,90,93,96,92,95,94,100,97,98,99,101,102,104,103,105],"msg_id":112,"type":"broadcast"}}
2025/06/29 16:06:02 Sent {"src":"n4","dest":"n3","body":{"in_reply_to":111,"type":"broadcast_ok"}}
2025/06/29 16:06:02 Sent {"src":"n4","dest":"n1","body":{"in_reply_to":165,"type":"broadcast_ok"}}
2025/06/29 16:06:02 Received {n3 n4 {"in_reply_to":111,"type":"broadcast_ok"}}
2025/06/29 16:06:02 Received {n1 n4 {"in_reply_to":112,"type":"broadcast_ok"}}
2025/06/29 16:06:03 Received {n1 n4 {"messages":[3,5,11,18,21,24,28,31,32,34,35,39,41,45,2,0,4,6,8,9,10,13,12,14,16,17,19,23,25,27,29,30,38,37,40,43,44,42,46,1,7,15,20,22,26,33,36,47,51,50,49,48,52,55,53,54,56,59,58,57,60,62,61,64,63,65,68,69,66,67,73,72,71,70,76,75,79,74,78,77,83,82,80,81,85,86,84,87,88,89,90,93,91,92,94,96,97,98,99,95,101,100,102,104,103,105],"msg_id":167,"type":"broadcast"}}
2025/06/29 16:06:03 Sent {"src":"n4","dest":"n3","body":{"messages":[1,7,15,20,22,26,33,36,3,5,11,18,21,24,28,31,32,34,35,39,41,45,0,2,4,6,8,9,10,12,13,14,16,17,19,23,25,27,29,30,37,38,40,42,43,44,50,46,49,47,51,52,48,55,57,53,54,56,59,60,58,62,66,61,64,63,65,68,69,71,67,70,73,75,72,74,76,79,82,78,81,77,83,84,80,87,85,86,91,88,89,90,93,96,92,95,94,100,97,98,99,101,102,104,103,105],"msg_id":113,"type":"broadcast"}}
2025/06/29 16:06:03 Sent {"src":"n4","dest":"n1","body":{"messages":[1,7,15,20,22,26,33,36,3,5,11,18,21,24,28,31,32,34,35,39,41,45,0,2,4,6,8,9,10,12,13,14,16,17,19,23,25,27,29,30,37,38,40,42,43,44,50,46,49,47,51,52,48,55,57,53,54,56,59,60,58,62,66,61,64,63,65,68,69,71,67,70,73,75,72,74,76,79,82,78,81,77,83,84,80,87,85,86,91,88,89,90,93,96,92,95,94,100,97,98,99,101,102,104,103,105],"msg_id":114,"type":"broadcast"}}
2025/06/29 16:06:03 Sent {"src":"n4","dest":"n1","body":{"in_reply_to":167,"type":"broadcast_ok"}}
2025/06/29 16:06:03 Received {n3 n4 {"messages":[0,2,4,6,8,9,10,12,13,14,16,17,19,23,25,27,29,30,37,38,40,42,43,44,46,1,7,15,20,22,26,33,36,49,3,5,11,18,21,24,28,31,32,34,35,39,41,45,51,47,50,52,48,53,54,55,58,57,56,59,60,62,66,63,61,64,67,70,65,68,69,72,71,74,73,76,75,78,81,79,83,82,84,77,85,80,87,91,86,88,89,92,95,90,93,97,98,96,94,101,100,99,104,102,105,103],"msg_id":113,"type":"broadcast"}}
2025/06/29 16:06:03 Sent {"src":"n4","dest":"n3","body":{"in_reply_to":113,"type":"broadcast_ok"}}
2025/06/29 16:06:03 Received {n3 n4 {"in_reply_to":113,"type":"broadcast_ok"}}
2025/06/29 16:06:03 Received {n1 n4 {"in_reply_to":114,"type":"broadcast_ok"}}
2025/06/29 16:06:03 Sent {"src":"n4","dest":"n1","body":{"messages":[1,7,15,20,22,26,33,36,3,5,11,18,21,24,28,31,32,34,35,39,41,45,0,2,4,6,8,9,10,12,13,14,16,17,19,23,25,27,29,30,37,38,40,42,43,44,50,46,49,47,51,52,48,55,57,53,54,56,59,60,58,62,66,61,64,63,65,68,69,71,67,70,73,75,72,74,76,79,82,78,81,77,83,84,80,87,85,86,91,88,89,90,93,96,92,95,94,100,97,98,99,101,102,104,103,105],"msg_id":116,"type":"broadcast"}}
2025/06/29 16:06:03 Sent {"src":"n4","dest":"n3","body":{"messages":[1,7,15,20,22,26,33,36,3,5,11,18,21,24,28,31,32,34,35,39,41,45,0,2,4,6,8,9,10,12,13,14,16,17,19,23,25,27,29,30,37,38,40,42,43,44,50,46,49,47,51,52,48,55,57,53,54,56,59,60,58,62,66,61,64,63,65,68,69,71,67,70,73,75,72,74,76,79,82,78,81,77,83,84,80,87,85,86,91,88,89,90,93,96,92,95,94,100,97,98,99,101,102,104,103,105],"msg_id":115,"type":"broadcast"}}
2025/06/29 16:06:03 Received {n3 n4 {"messages":[0,2,4,6,8,9,10,12,13,14,16,17,19,23,25,27,29,30,37,38,40,42,43,44,46,1,7,15,20,22,26,33,36,49,3,5,11,18,21,24,28,31,32,34,35,39,41,45,51,47,50,52,48,53,54,55,58,57,56,59,60,62,66,63,61,64,67,70,65,68,69,72,71,74,73,76,75,78,81,79,83,82,84,77,85,80,87,91,86,88,89,92,95,90,93,97,98,96,94,101,100,99,104,102,105,103],"msg_id":115,"type":"broadcast"}}
2025/06/29 16:06:03 Received {n1 n4 {"messages":[3,5,11,18,21,24,28,31,32,34,35,39,41,45,2,0,4,6,8,9,10,13,12,14,16,17,19,23,25,27,29,30,38,37,40,43,44,42,46,1,7,15,20,22,26,33,36,47,51,50,49,48,52,55,53,54,56,59,58,57,60,62,61,64,63,65,68,69,66,67,73,72,71,70,76,75,79,74,78,77,83,82,80,81,85,86,84,87,88,89,90,93,91,92,94,96,97,98,99,95,101,100,102,104,103,105],"msg_id":171,"type":"broadcast"}}
2025/06/29 16:06:03 Sent {"src":"n4","dest":"n3","body":{"in_reply_to":115,"type":"broadcast_ok"}}
2025/06/29 16:06:03 Sent {"src":"n4","dest":"n1","body":{"in_reply_to":171,"type":"broadcast_ok"}}
2025/06/29 16:06:03 Received {n1 n4 {"in_reply_to":116,"type":"broadcast_ok"}}
2025/06/29 16:06:03 Received {n3 n4 {"in_reply_to":115,"type":"broadcast_ok"}}
2025/06/29 16:06:04 Sent {"src":"n4","dest":"n3","body":{"messages":[1,7,15,20,22,26,33,36,3,5,11,18,21,24,28,31,32,34,35,39,41,45,0,2,4,6,8,9,10,12,13,14,16,17,19,23,25,27,29,30,37,38,40,42,43,44,50,46,49,47,51,52,48,55,57,53,54,56,59,60,58,62,66,61,64,63,65,68,69,71,67,70,73,75,72,74,76,79,82,78,81,77,83,84,80,87,85,86,91,88,89,90,93,96,92,95,94,100,97,98,99,101,102,104,103,105],"msg_id":117,"type":"broadcast"}}
2025/06/29 16:06:04 Sent {"src":"n4","dest":"n1","body":{"messages":[1,7,15,20,22,26,33,36,3,5,11,18,21,24,28,31,32,34,35,39,41,45,0,2,4,6,8,9,10,12,13,14,16,17,19,23,25,27,29,30,37,38,40,42,43,44,50,46,49,47,51,52,48,55,57,53,54,56,59,60,58,62,66,61,64,63,65,68,69,71,67,70,73,75,72,74,76,79,82,78,81,77,83,84,80,87,85,86,91,88,89,90,93,96,92,95,94,100,97,98,99,101,102,104,103,105],"msg_id":118,"type":"broadcast"}}
2025/06/29 16:06:04 Received {n3 n4 {"messages":[0,2,4,6,8,9,10,12,13,14,16,17,19,23,25,27,29,30,37,38,40,42,43,44,46,1,7,15,20,22,26,33,36,49,3,5,11,18,21,24,28,31,32,34,35,39,41,45,51,47,50,52,48,53,54,55,58,57,56,59,60,62,66,63,61,64,67,70,65,68,69,72,71,74,73,76,75,78,81,79,83,82,84,77,85,80,87,91,86,88,89,92,95,90,93,97,98,96,94,101,100,99,104,102,105,103],"msg_id":117,"type":"broadcast"}}
2025/06/29 16:06:04 Received {n1 n4 {"messages":[3,5,11,18,21,24,28,31,32,34,35,39,41,45,2,0,4,6,8,9,10,13,12,14,16,17,19,23,25,27,29,30,38,37,40,43,44,42,46,1,7,15,20,22,26,33,36,47,51,50,49,48,52,55,53,54,56,59,58,57,60,62,61,64,63,65,68,69,66,67,73,72,71,70,76,75,79,74,78,77,83,82,80,81,85,86,84,87,88,89,90,93,91,92,94,96,97,98,99,95,101,100,102,104,103,105],"msg_id":173,"type":"broadcast"}}
2025/06/29 16:06:04 Sent {"src":"n4","dest":"n3","body":{"in_reply_to":117,"type":"broadcast_ok"}}
2025/06/29 16:06:04 Sent {"src":"n4","dest":"n1","body":{"in_reply_to":173,"type":"broadcast_ok"}}
2025/06/29 16:06:04 Received {n3 n4 {"in_reply_to":117,"type":"broadcast_ok"}}
2025/06/29 16:06:04 Received {n1 n4 {"in_reply_to":118,"type":"broadcast_ok"}}
2025/06/29 16:06:04 Received {c13 n4 {"type":"read","msg_id":33}}
2025/06/29 16:06:04 Sent {"src":"n4","dest":"c13","body":{"in_reply_to":33,"messages":[1,7,15,20,22,26,33,36,3,5,11,18,21,24,28,31,32,34,35,39,41,45,0,2,4,6,8,9,10,12,13,14,16,17,19,23,25,27,29,30,37,38,40,42,43,44,50,46,49,47,51,52,48,55,57,53,54,56,59,60,58,62,66,61,64,63,65,68,69,71,67,70,73,75,72,74,76,79,82,78,81,77,83,84,80,87,85,86,91,88,89,90,93,96,92,95,94,100,97,98,99,101,102,104,103,105],"type":"read_ok"}}
