2025/06/29 15:47:18 Received {c4 n0 {"type":"init","node_id":"n0","node_ids":["n0","n1","n2","n3","n4"],"msg_id":1}}
2025/06/29 15:47:18 Node n0 initialized
2025/06/29 15:47:18 Sent {"src":"n0","dest":"c4","body":{"in_reply_to":1,"type":"init_ok"}}
2025/06/29 15:47:18 Received {c5 n0 {"type":"topology","topology":{"n0":["n3","n1"],"n1":["n4","n2","n0"],"n2":["n1"],"n3":["n0","n4"],"n4":["n1","n3"]},"msg_id":1}}
2025/06/29 15:47:18 Sent {"src":"n0","dest":"c5","body":{"in_reply_to":1,"type":"topology_ok"}}
2025/06/29 15:47:18 Received {c14 n0 {"type":"read","msg_id":1}}
2025/06/29 15:47:18 Sent {"src":"n0","dest":"c14","body":{"in_reply_to":1,"messages":[],"type":"read_ok"}}
2025/06/29 15:47:18 Received {c14 n0 {"type":"read","msg_id":2}}
2025/06/29 15:47:18 Sent {"src":"n0","dest":"c14","body":{"in_reply_to":2,"messages":[],"type":"read_ok"}}
2025/06/29 15:47:19 Received {c14 n0 {"type":"broadcast","message":1,"msg_id":3}}
2025/06/29 15:47:19 Sent {"src":"n0","dest":"c14","body":{"in_reply_to":3,"type":"broadcast_ok"}}
2025/06/29 15:47:19 Received {c14 n0 {"type":"read","msg_id":4}}
2025/06/29 15:47:19 Sent {"src":"n0","dest":"c14","body":{"in_reply_to":4,"messages":[1],"type":"read_ok"}}
2025/06/29 15:47:19 Sent {"src":"n0","dest":"n1","body":{"messages":[1],"msg_id":2,"type":"broadcast"}}
2025/06/29 15:47:19 Sent {"src":"n0","dest":"n3","body":{"messages":[1],"msg_id":1,"type":"broadcast"}}
2025/06/29 15:47:19 Received {n1 n0 {"in_reply_to":2,"type":"broadcast_ok"}}
2025/06/29 15:47:19 Received {c14 n0 {"type":"read","msg_id":5}}
2025/06/29 15:47:19 Sent {"src":"n0","dest":"c14","body":{"in_reply_to":5,"messages":[1],"type":"read_ok"}}
2025/06/29 15:47:19 Received {c14 n0 {"type":"broadcast","message":3,"msg_id":6}}
2025/06/29 15:47:19 Sent {"src":"n0","dest":"c14","body":{"in_reply_to":6,"type":"broadcast_ok"}}
2025/06/29 15:47:20 Sent {"src":"n0","dest":"n1","body":{"messages":[1,3],"msg_id":3,"type":"broadcast"}}
2025/06/29 15:47:20 Sent {"src":"n0","dest":"n3","body":{"messages":[1,3],"msg_id":4,"type":"broadcast"}}
2025/06/29 15:47:20 Received {n1 n0 {"messages":[1,4],"msg_id":1,"type":"broadcast"}}
2025/06/29 15:47:20 Sent {"src":"n0","dest":"n1","body":{"in_reply_to":1,"type":"broadcast_ok"}}
2025/06/29 15:47:20 Received {n1 n0 {"in_reply_to":3,"type":"broadcast_ok"}}
2025/06/29 15:47:20 Received {c14 n0 {"type":"read","msg_id":7}}
2025/06/29 15:47:20 Sent {"src":"n0","dest":"c14","body":{"in_reply_to":7,"messages":[1,3,4],"type":"read_ok"}}
2025/06/29 15:47:20 Received {c14 n0 {"type":"read","msg_id":8}}
2025/06/29 15:47:20 Sent {"src":"n0","dest":"c14","body":{"in_reply_to":8,"messages":[1,3,4],"type":"read_ok"}}
2025/06/29 15:47:20 Sent {"src":"n0","dest":"n1","body":{"messages":[1,3,4],"msg_id":5,"type":"broadcast"}}
2025/06/29 15:47:20 Sent {"src":"n0","dest":"n3","body":{"messages":[1,3,4],"msg_id":6,"type":"broadcast"}}
2025/06/29 15:47:20 Received {n1 n0 {"messages":[1,4,3,2],"msg_id":5,"type":"broadcast"}}
2025/06/29 15:47:20 Sent {"src":"n0","dest":"n1","body":{"in_reply_to":5,"type":"broadcast_ok"}}
2025/06/29 15:47:20 Received {n1 n0 {"in_reply_to":5,"type":"broadcast_ok"}}
2025/06/29 15:47:21 Received {c14 n0 {"type":"read","msg_id":9}}
2025/06/29 15:47:21 Sent {"src":"n0","dest":"c14","body":{"in_reply_to":9,"messages":[1,3,4,2],"type":"read_ok"}}
2025/06/29 15:47:21 Received {c14 n0 {"type":"read","msg_id":10}}
2025/06/29 15:47:21 Sent {"src":"n0","dest":"c14","body":{"in_reply_to":10,"messages":[1,3,4,2],"type":"read_ok"}}
2025/06/29 15:47:21 Sent {"src":"n0","dest":"n1","body":{"messages":[1,3,4,2],"msg_id":7,"type":"broadcast"}}
2025/06/29 15:47:21 Sent {"src":"n0","dest":"n3","body":{"messages":[1,3,4,2],"msg_id":8,"type":"broadcast"}}
2025/06/29 15:47:21 Received {n1 n0 {"messages":[1,4,3,2,5],"msg_id":7,"type":"broadcast"}}
2025/06/29 15:47:21 Sent {"src":"n0","dest":"n1","body":{"in_reply_to":7,"type":"broadcast_ok"}}
2025/06/29 15:47:21 Received {n1 n0 {"in_reply_to":7,"type":"broadcast_ok"}}
2025/06/29 15:47:21 Sent {"src":"n0","dest":"n3","body":{"messages":[1,3,4,2,5],"msg_id":9,"type":"broadcast"}}
2025/06/29 15:47:21 Sent {"src":"n0","dest":"n1","body":{"messages":[1,3,4,2,5],"msg_id":10,"type":"broadcast"}}
2025/06/29 15:47:21 Received {n1 n0 {"messages":[1,4,3,2,5,7,10],"msg_id":10,"type":"broadcast"}}
2025/06/29 15:47:21 Sent {"src":"n0","dest":"n1","body":{"in_reply_to":10,"type":"broadcast_ok"}}
2025/06/29 15:47:21 Received {n1 n0 {"in_reply_to":10,"type":"broadcast_ok"}}
2025/06/29 15:47:21 Received {c14 n0 {"type":"read","msg_id":11}}
2025/06/29 15:47:21 Sent {"src":"n0","dest":"c14","body":{"in_reply_to":11,"messages":[1,3,4,2,5,7,10],"type":"read_ok"}}
2025/06/29 15:47:21 Received {c14 n0 {"type":"read","msg_id":12}}
2025/06/29 15:47:21 Sent {"src":"n0","dest":"c14","body":{"in_reply_to":12,"messages":[1,3,4,2,5,7,10],"type":"read_ok"}}
2025/06/29 15:47:22 Sent {"src":"n0","dest":"n3","body":{"messages":[1,3,4,2,5,7,10],"msg_id":12,"type":"broadcast"}}
2025/06/29 15:47:22 Sent {"src":"n0","dest":"n1","body":{"messages":[1,3,4,2,5,7,10],"msg_id":11,"type":"broadcast"}}
2025/06/29 15:47:22 Received {n1 n0 {"messages":[1,4,3,2,5,7,10,8],"msg_id":13,"type":"broadcast"}}
2025/06/29 15:47:22 Sent {"src":"n0","dest":"n1","body":{"in_reply_to":13,"type":"broadcast_ok"}}
2025/06/29 15:47:22 Received {n1 n0 {"in_reply_to":11,"type":"broadcast_ok"}}
2025/06/29 15:47:22 Received {c14 n0 {"type":"broadcast","message":12,"msg_id":13}}
2025/06/29 15:47:22 Sent {"src":"n0","dest":"c14","body":{"in_reply_to":13,"type":"broadcast_ok"}}
2025/06/29 15:47:22 Received {c14 n0 {"type":"broadcast","message":13,"msg_id":14}}
2025/06/29 15:47:22 Sent {"src":"n0","dest":"c14","body":{"in_reply_to":14,"type":"broadcast_ok"}}
2025/06/29 15:47:22 Received {n1 n0 {"messages":[1,4,3,2,5,7,10,8,14],"msg_id":17,"type":"broadcast"}}
2025/06/29 15:47:22 Sent {"src":"n0","dest":"n1","body":{"in_reply_to":17,"type":"broadcast_ok"}}
2025/06/29 15:47:22 Sent {"src":"n0","dest":"n3","body":{"messages":[1,3,4,2,5,7,10,8,12,13,14],"msg_id":13,"type":"broadcast"}}
2025/06/29 15:47:22 Sent {"src":"n0","dest":"n1","body":{"messages":[1,3,4,2,5,7,10,8,12,13,14],"msg_id":14,"type":"broadcast"}}
2025/06/29 15:47:22 Received {n1 n0 {"in_reply_to":14,"type":"broadcast_ok"}}
2025/06/29 15:47:22 Received {c14 n0 {"type":"broadcast","message":16,"msg_id":15}}
2025/06/29 15:47:22 Sent {"src":"n0","dest":"c14","body":{"in_reply_to":15,"type":"broadcast_ok"}}
2025/06/29 15:47:23 Received {c14 n0 {"type":"broadcast","message":17,"msg_id":16}}
2025/06/29 15:47:23 Sent {"src":"n0","dest":"c14","body":{"in_reply_to":16,"type":"broadcast_ok"}}
2025/06/29 15:47:23 Received {n1 n0 {"messages":[1,4,3,2,5,7,10,8,14,12,13],"msg_id":20,"type":"broadcast"}}
2025/06/29 15:47:23 Sent {"src":"n0","dest":"n1","body":{"in_reply_to":20,"type":"broadcast_ok"}}
2025/06/29 15:47:23 Sent {"src":"n0","dest":"n3","body":{"messages":[1,3,4,2,5,7,10,8,12,13,14,16,17],"msg_id":15,"type":"broadcast"}}
2025/06/29 15:47:23 Sent {"src":"n0","dest":"n1","body":{"messages":[1,3,4,2,5,7,10,8,12,13,14,16,17],"msg_id":16,"type":"broadcast"}}
2025/06/29 15:47:23 Received {n1 n0 {"in_reply_to":16,"type":"broadcast_ok"}}
2025/06/29 15:47:23 Received {c14 n0 {"type":"broadcast","message":20,"msg_id":17}}
2025/06/29 15:47:23 Sent {"src":"n0","dest":"c14","body":{"in_reply_to":17,"type":"broadcast_ok"}}
2025/06/29 15:47:23 Received {c14 n0 {"type":"broadcast","message":21,"msg_id":18}}
2025/06/29 15:47:23 Sent {"src":"n0","dest":"c14","body":{"in_reply_to":18,"type":"broadcast_ok"}}
2025/06/29 15:47:23 Received {n1 n0 {"messages":[1,4,3,2,5,7,10,8,14,12,13,16,17,18],"msg_id":22,"type":"broadcast"}}
2025/06/29 15:47:23 Sent {"src":"n0","dest":"n1","body":{"in_reply_to":22,"type":"broadcast_ok"}}
2025/06/29 15:47:23 Sent {"src":"n0","dest":"n1","body":{"messages":[1,3,4,2,5,7,10,8,12,13,14,16,17,20,21,18],"msg_id":18,"type":"broadcast"}}
2025/06/29 15:47:23 Sent {"src":"n0","dest":"n3","body":{"messages":[1,3,4,2,5,7,10,8,12,13,14,16,17,20,21,18],"msg_id":17,"type":"broadcast"}}
2025/06/29 15:47:23 Received {n1 n0 {"in_reply_to":18,"type":"broadcast_ok"}}
2025/06/29 15:47:23 Received {c14 n0 {"type":"read","msg_id":19}}
2025/06/29 15:47:23 Sent {"src":"n0","dest":"c14","body":{"in_reply_to":19,"messages":[1,3,4,2,5,7,10,8,12,13,14,16,17,20,21,18],"type":"read_ok"}}
2025/06/29 15:47:24 Received {c14 n0 {"type":"broadcast","message":25,"msg_id":20}}
2025/06/29 15:47:24 Sent {"src":"n0","dest":"c14","body":{"in_reply_to":20,"type":"broadcast_ok"}}
2025/06/29 15:47:24 Received {n1 n0 {"messages":[1,4,3,2,5,7,10,8,14,12,13,16,17,18,19,20,21,22,26],"msg_id":25,"type":"broadcast"}}
2025/06/29 15:47:24 Sent {"src":"n0","dest":"n1","body":{"in_reply_to":25,"type":"broadcast_ok"}}
2025/06/29 15:47:24 Sent {"src":"n0","dest":"n1","body":{"messages":[1,3,4,2,5,7,10,8,12,13,14,16,17,20,21,18,25,19,22,26],"msg_id":19,"type":"broadcast"}}
2025/06/29 15:47:24 Sent {"src":"n0","dest":"n3","body":{"messages":[1,3,4,2,5,7,10,8,12,13,14,16,17,20,21,18,25,19,22,26],"msg_id":20,"type":"broadcast"}}
2025/06/29 15:47:24 Received {n1 n0 {"in_reply_to":19,"type":"broadcast_ok"}}
2025/06/29 15:47:24 Received {c14 n0 {"type":"read","msg_id":21}}
2025/06/29 15:47:24 Sent {"src":"n0","dest":"c14","body":{"in_reply_to":21,"messages":[1,3,4,2,5,7,10,8,12,13,14,16,17,20,21,18,25,19,22,26],"type":"read_ok"}}
2025/06/29 15:47:24 Received {c14 n0 {"type":"broadcast","message":27,"msg_id":22}}
2025/06/29 15:47:24 Sent {"src":"n0","dest":"c14","body":{"in_reply_to":22,"type":"broadcast_ok"}}
2025/06/29 15:47:24 Received {n1 n0 {"messages":[1,4,3,2,5,7,10,8,14,12,13,16,17,18,19,20,21,22,26,24,25],"msg_id":28,"type":"broadcast"}}
2025/06/29 15:47:24 Sent {"src":"n0","dest":"n1","body":{"in_reply_to":28,"type":"broadcast_ok"}}
2025/06/29 15:47:24 Sent {"src":"n0","dest":"n1","body":{"messages":[1,3,4,2,5,7,10,8,12,13,14,16,17,20,21,18,25,19,22,26,27,24],"msg_id":21,"type":"broadcast"}}
2025/06/29 15:47:24 Sent {"src":"n0","dest":"n3","body":{"messages":[1,3,4,2,5,7,10,8,12,13,14,16,17,20,21,18,25,19,22,26,27,24],"msg_id":22,"type":"broadcast"}}
2025/06/29 15:47:24 Received {n1 n0 {"in_reply_to":21,"type":"broadcast_ok"}}
2025/06/29 15:47:25 Received {c14 n0 {"type":"broadcast","message":30,"msg_id":23}}
2025/06/29 15:47:25 Sent {"src":"n0","dest":"c14","body":{"in_reply_to":23,"type":"broadcast_ok"}}
2025/06/29 15:47:25 Received {c14 n0 {"type":"read","msg_id":24}}
2025/06/29 15:47:25 Sent {"src":"n0","dest":"c14","body":{"in_reply_to":24,"messages":[1,3,4,2,5,7,10,8,12,13,14,16,17,20,21,18,25,19,22,26,27,24,30],"type":"read_ok"}}
2025/06/29 15:47:25 Received {n1 n0 {"messages":[1,4,3,2,5,7,10,8,14,12,13,16,17,18,19,20,21,22,26,24,25,27],"msg_id":31,"type":"broadcast"}}
2025/06/29 15:47:25 Sent {"src":"n0","dest":"n1","body":{"in_reply_to":31,"type":"broadcast_ok"}}
2025/06/29 15:47:25 Sent {"src":"n0","dest":"n1","body":{"messages":[1,3,4,2,5,7,10,8,12,13,14,16,17,20,21,18,25,19,22,26,27,24,30],"msg_id":23,"type":"broadcast"}}
2025/06/29 15:47:25 Sent {"src":"n0","dest":"n3","body":{"messages":[1,3,4,2,5,7,10,8,12,13,14,16,17,20,21,18,25,19,22,26,27,24,30],"msg_id":24,"type":"broadcast"}}
2025/06/29 15:47:25 Received {n1 n0 {"in_reply_to":23,"type":"broadcast_ok"}}
2025/06/29 15:47:25 Received {c14 n0 {"type":"broadcast","message":31,"msg_id":25}}
2025/06/29 15:47:25 Sent {"src":"n0","dest":"c14","body":{"in_reply_to":25,"type":"broadcast_ok"}}
2025/06/29 15:47:25 Received {n1 n0 {"messages":[1,4,3,2,5,7,10,8,14,12,13,16,17,18,19,20,21,22,26,24,25,27,29,28,30],"msg_id":34,"type":"broadcast"}}
2025/06/29 15:47:25 Sent {"src":"n0","dest":"n1","body":{"in_reply_to":34,"type":"broadcast_ok"}}
2025/06/29 15:47:25 Sent {"src":"n0","dest":"n1","body":{"messages":[1,3,4,2,5,7,10,8,12,13,14,16,17,20,21,18,25,19,22,26,27,24,30,31,29,28],"msg_id":25,"type":"broadcast"}}
2025/06/29 15:47:25 Sent {"src":"n0","dest":"n3","body":{"messages":[1,3,4,2,5,7,10,8,12,13,14,16,17,20,21,18,25,19,22,26,27,24,30,31,29,28],"msg_id":26,"type":"broadcast"}}
2025/06/29 15:47:25 Received {n1 n0 {"in_reply_to":25,"type":"broadcast_ok"}}
2025/06/29 15:47:25 Received {c14 n0 {"type":"broadcast","message":32,"msg_id":26}}
2025/06/29 15:47:25 Sent {"src":"n0","dest":"c14","body":{"in_reply_to":26,"type":"broadcast_ok"}}
2025/06/29 15:47:26 Received {c14 n0 {"type":"broadcast","message":34,"msg_id":27}}
2025/06/29 15:47:26 Sent {"src":"n0","dest":"c14","body":{"in_reply_to":27,"type":"broadcast_ok"}}
2025/06/29 15:47:26 Received {n1 n0 {"messages":[1,4,3,2,5,7,10,8,14,12,13,16,17,18,19,20,21,22,26,24,25,27,29,28,30,31],"msg_id":37,"type":"broadcast"}}
2025/06/29 15:47:26 Sent {"src":"n0","dest":"n1","body":{"in_reply_to":37,"type":"broadcast_ok"}}
2025/06/29 15:47:26 Sent {"src":"n0","dest":"n1","body":{"messages":[1,3,4,2,5,7,10,8,12,13,14,16,17,20,21,18,25,19,22,26,27,24,30,31,29,28,32,34],"msg_id":27,"type":"broadcast"}}
2025/06/29 15:47:26 Sent {"src":"n0","dest":"n3","body":{"messages":[1,3,4,2,5,7,10,8,12,13,14,16,17,20,21,18,25,19,22,26,27,24,30,31,29,28,32,34],"msg_id":28,"type":"broadcast"}}
2025/06/29 15:47:26 Received {n1 n0 {"in_reply_to":27,"type":"broadcast_ok"}}
2025/06/29 15:47:26 Received {c14 n0 {"type":"broadcast","message":35,"msg_id":28}}
2025/06/29 15:47:26 Sent {"src":"n0","dest":"c14","body":{"in_reply_to":28,"type":"broadcast_ok"}}
2025/06/29 15:47:26 Received {n1 n0 {"messages":[1,4,3,2,5,7,10,8,14,12,13,16,17,18,19,20,21,22,26,24,25,27,29,28,30,31,33,32,34],"msg_id":41,"type":"broadcast"}}
2025/06/29 15:47:26 Sent {"src":"n0","dest":"n1","body":{"in_reply_to":41,"type":"broadcast_ok"}}
2025/06/29 15:47:26 Sent {"src":"n0","dest":"n1","body":{"messages":[1,3,4,2,5,7,10,8,12,13,14,16,17,20,21,18,25,19,22,26,27,24,30,31,29,28,32,34,35,33],"msg_id":30,"type":"broadcast"}}
2025/06/29 15:47:26 Sent {"src":"n0","dest":"n3","body":{"messages":[1,3,4,2,5,7,10,8,12,13,14,16,17,20,21,18,25,19,22,26,27,24,30,31,29,28,32,34,35,33],"msg_id":29,"type":"broadcast"}}
2025/06/29 15:47:26 Received {n1 n0 {"in_reply_to":30,"type":"broadcast_ok"}}
2025/06/29 15:47:26 Received {c14 n0 {"type":"read","msg_id":29}}
2025/06/29 15:47:26 Sent {"src":"n0","dest":"c14","body":{"in_reply_to":29,"messages":[1,3,4,2,5,7,10,8,12,13,14,16,17,20,21,18,25,19,22,26,27,24,30,31,29,28,32,34,35,33],"type":"read_ok"}}
2025/06/29 15:47:27 Received {c14 n0 {"type":"broadcast","message":37,"msg_id":30}}
2025/06/29 15:47:27 Sent {"src":"n0","dest":"c14","body":{"in_reply_to":30,"type":"broadcast_ok"}}
2025/06/29 15:47:27 Received {n1 n0 {"messages":[1,4,3,2,5,7,10,8,14,12,13,16,17,18,19,20,21,22,26,24,25,27,29,28,30,31,33,32,34,35,38],"msg_id":44,"type":"broadcast"}}
2025/06/29 15:47:27 Sent {"src":"n0","dest":"n1","body":{"in_reply_to":44,"type":"broadcast_ok"}}
2025/06/29 15:47:27 Sent {"src":"n0","dest":"n1","body":{"messages":[1,3,4,2,5,7,10,8,12,13,14,16,17,20,21,18,25,19,22,26,27,24,30,31,29,28,32,34,35,33,37,38],"msg_id":31,"type":"broadcast"}}
2025/06/29 15:47:27 Sent {"src":"n0","dest":"n3","body":{"messages":[1,3,4,2,5,7,10,8,12,13,14,16,17,20,21,18,25,19,22,26,27,24,30,31,29,28,32,34,35,33,37,38],"msg_id":32,"type":"broadcast"}}
2025/06/29 15:47:27 Received {n1 n0 {"in_reply_to":31,"type":"broadcast_ok"}}
2025/06/29 15:47:27 Received {c14 n0 {"type":"broadcast","message":40,"msg_id":31}}
2025/06/29 15:47:27 Sent {"src":"n0","dest":"c14","body":{"in_reply_to":31,"type":"broadcast_ok"}}
2025/06/29 15:47:27 Received {c14 n0 {"type":"read","msg_id":32}}
2025/06/29 15:47:27 Sent {"src":"n0","dest":"c14","body":{"in_reply_to":32,"messages":[1,3,4,2,5,7,10,8,12,13,14,16,17,20,21,18,25,19,22,26,27,24,30,31,29,28,32,34,35,33,37,38,40],"type":"read_ok"}}
2025/06/29 15:47:27 Received {n1 n0 {"messages":[1,4,3,2,5,7,10,8,14,12,13,16,17,18,19,20,21,22,26,24,25,27,29,28,30,31,33,32,34,35,38,39,37],"msg_id":46,"type":"broadcast"}}
2025/06/29 15:47:27 Sent {"src":"n0","dest":"n1","body":{"in_reply_to":46,"type":"broadcast_ok"}}
2025/06/29 15:47:27 Sent {"src":"n0","dest":"n1","body":{"messages":[1,3,4,2,5,7,10,8,12,13,14,16,17,20,21,18,25,19,22,26,27,24,30,31,29,28,32,34,35,33,37,38,40,39],"msg_id":33,"type":"broadcast"}}
2025/06/29 15:47:27 Sent {"src":"n0","dest":"n3","body":{"messages":[1,3,4,2,5,7,10,8,12,13,14,16,17,20,21,18,25,19,22,26,27,24,30,31,29,28,32,34,35,33,37,38,40,39],"msg_id":34,"type":"broadcast"}}
2025/06/29 15:47:27 Received {n1 n0 {"in_reply_to":33,"type":"broadcast_ok"}}
2025/06/29 15:47:27 Received {c14 n0 {"type":"read","msg_id":33}}
2025/06/29 15:47:27 Sent {"src":"n0","dest":"c14","body":{"in_reply_to":33,"messages":[1,3,4,2,5,7,10,8,12,13,14,16,17,20,21,18,25,19,22,26,27,24,30,31,29,28,32,34,35,33,37,38,40,39],"type":"read_ok"}}
2025/06/29 15:47:27 Received {c14 n0 {"type":"read","msg_id":34}}
2025/06/29 15:47:27 Sent {"src":"n0","dest":"c14","body":{"in_reply_to":34,"messages":[1,3,4,2,5,7,10,8,12,13,14,16,17,20,21,18,25,19,22,26,27,24,30,31,29,28,32,34,35,33,37,38,40,39],"type":"read_ok"}}
2025/06/29 15:47:28 Received {n1 n0 {"messages":[1,4,3,2,5,7,10,8,14,12,13,16,17,18,19,20,21,22,26,24,25,27,29,28,30,31,33,32,34,35,38,39,37,41,40],"msg_id":51,"type":"broadcast"}}
2025/06/29 15:47:28 Sent {"src":"n0","dest":"n1","body":{"messages":[1,3,4,2,5,7,10,8,12,13,14,16,17,20,21,18,25,19,22,26,27,24,30,31,29,28,32,34,35,33,37,38,40,39],"msg_id":35,"type":"broadcast"}}
2025/06/29 15:47:28 Sent {"src":"n0","dest":"n3","body":{"messages":[1,3,4,2,5,7,10,8,12,13,14,16,17,20,21,18,25,19,22,26,27,24,30,31,29,28,32,34,35,33,37,38,40,39],"msg_id":36,"type":"broadcast"}}
2025/06/29 15:47:28 Sent {"src":"n0","dest":"n1","body":{"in_reply_to":51,"type":"broadcast_ok"}}
2025/06/29 15:47:28 Received {n1 n0 {"in_reply_to":35,"type":"broadcast_ok"}}
2025/06/29 15:47:28 Received {c14 n0 {"type":"broadcast","message":46,"msg_id":35}}
2025/06/29 15:47:28 Sent {"src":"n0","dest":"c14","body":{"in_reply_to":35,"type":"broadcast_ok"}}
2025/06/29 15:47:28 Received {c14 n0 {"type":"read","msg_id":36}}
2025/06/29 15:47:28 Sent {"src":"n0","dest":"c14","body":{"in_reply_to":36,"messages":[1,3,4,2,5,7,10,8,12,13,14,16,17,20,21,18,25,19,22,26,27,24,30,31,29,28,32,34,35,33,37,38,40,39,41,46],"type":"read_ok"}}
2025/06/29 15:47:28 Received {n1 n0 {"messages":[1,4,3,2,5,7,10,8,14,12,13,16,17,18,19,20,21,22,26,24,25,27,29,28,30,31,33,32,34,35,38,39,37,41,40,44,42],"msg_id":52,"type":"broadcast"}}
2025/06/29 15:47:28 Sent {"src":"n0","dest":"n1","body":{"messages":[1,3,4,2,5,7,10,8,12,13,14,16,17,20,21,18,25,19,22,26,27,24,30,31,29,28,32,34,35,33,37,38,40,39,41,46],"msg_id":37,"type":"broadcast"}}
2025/06/29 15:47:28 Sent {"src":"n0","dest":"n3","body":{"messages":[1,3,4,2,5,7,10,8,12,13,14,16,17,20,21,18,25,19,22,26,27,24,30,31,29,28,32,34,35,33,37,38,40,39,41,46],"msg_id":38,"type":"broadcast"}}
2025/06/29 15:47:28 Sent {"src":"n0","dest":"n1","body":{"in_reply_to":52,"type":"broadcast_ok"}}
2025/06/29 15:47:28 Received {n1 n0 {"in_reply_to":37,"type":"broadcast_ok"}}
2025/06/29 15:47:29 Received {c14 n0 {"type":"read","msg_id":37}}
2025/06/29 15:47:29 Sent {"src":"n0","dest":"c14","body":{"in_reply_to":37,"messages":[1,3,4,2,5,7,10,8,12,13,14,16,17,20,21,18,25,19,22,26,27,24,30,31,29,28,32,34,35,33,37,38,40,39,41,46,44,42],"type":"read_ok"}}
2025/06/29 15:47:29 Received {c14 n0 {"type":"broadcast","message":48,"msg_id":38}}
2025/06/29 15:47:29 Sent {"src":"n0","dest":"c14","body":{"in_reply_to":38,"type":"broadcast_ok"}}
2025/06/29 15:47:29 Received {n1 n0 {"messages":[1,4,3,2,5,7,10,8,14,12,13,16,17,18,19,20,21,22,26,24,25,27,29,28,30,31,33,32,34,35,38,39,37,41,40,44,42,46],"msg_id":57,"type":"broadcast"}}
2025/06/29 15:47:29 Sent {"src":"n0","dest":"n1","body":{"messages":[1,3,4,2,5,7,10,8,12,13,14,16,17,20,21,18,25,19,22,26,27,24,30,31,29,28,32,34,35,33,37,38,40,39,41,46,44,42,48],"msg_id":39,"type":"broadcast"}}
2025/06/29 15:47:29 Sent {"src":"n0","dest":"n1","body":{"in_reply_to":57,"type":"broadcast_ok"}}
2025/06/29 15:47:29 Sent {"src":"n0","dest":"n3","body":{"messages":[1,3,4,2,5,7,10,8,12,13,14,16,17,20,21,18,25,19,22,26,27,24,30,31,29,28,32,34,35,33,37,38,40,39,41,46,44,42,48],"msg_id":40,"type":"broadcast"}}
2025/06/29 15:47:29 Received {n1 n0 {"in_reply_to":39,"type":"broadcast_ok"}}
2025/06/29 15:47:29 Received {c14 n0 {"type":"broadcast","message":50,"msg_id":39}}
2025/06/29 15:47:29 Sent {"src":"n0","dest":"c14","body":{"in_reply_to":39,"type":"broadcast_ok"}}
2025/06/29 15:47:29 Received {n1 n0 {"messages":[1,4,3,2,5,7,10,8,14,12,13,16,17,18,19,20,21,22,26,24,25,27,29,28,30,31,33,32,34,35,38,39,37,41,40,44,42,46,48],"msg_id":59,"type":"broadcast"}}
2025/06/29 15:47:29 Sent {"src":"n0","dest":"n1","body":{"messages":[1,3,4,2,5,7,10,8,12,13,14,16,17,20,21,18,25,19,22,26,27,24,30,31,29,28,32,34,35,33,37,38,40,39,41,46,44,42,48,50],"msg_id":41,"type":"broadcast"}}
2025/06/29 15:47:29 Sent {"src":"n0","dest":"n3","body":{"messages":[1,3,4,2,5,7,10,8,12,13,14,16,17,20,21,18,25,19,22,26,27,24,30,31,29,28,32,34,35,33,37,38,40,39,41,46,44,42,48,50],"msg_id":42,"type":"broadcast"}}
2025/06/29 15:47:29 Sent {"src":"n0","dest":"n1","body":{"in_reply_to":59,"type":"broadcast_ok"}}
2025/06/29 15:47:29 Received {n1 n0 {"in_reply_to":41,"type":"broadcast_ok"}}
2025/06/29 15:47:29 Received {c14 n0 {"type":"read","msg_id":40}}
2025/06/29 15:47:29 Sent {"src":"n0","dest":"c14","body":{"in_reply_to":40,"messages":[1,3,4,2,5,7,10,8,12,13,14,16,17,20,21,18,25,19,22,26,27,24,30,31,29,28,32,34,35,33,37,38,40,39,41,46,44,42,48,50],"type":"read_ok"}}
2025/06/29 15:47:30 Received {c14 n0 {"type":"read","msg_id":41}}
2025/06/29 15:47:30 Sent {"src":"n0","dest":"c14","body":{"in_reply_to":41,"messages":[1,3,4,2,5,7,10,8,12,13,14,16,17,20,21,18,25,19,22,26,27,24,30,31,29,28,32,34,35,33,37,38,40,39,41,46,44,42,48,50],"type":"read_ok"}}
2025/06/29 15:47:30 Received {n3 n0 {"messages":[0,6,9,11,15,23,36,43,45,47,49,51],"msg_id":47,"type":"broadcast"}}
2025/06/29 15:47:30 Sent {"src":"n0","dest":"n3","body":{"in_reply_to":47,"type":"broadcast_ok"}}
2025/06/29 15:47:30 Sent {"src":"n0","dest":"n1","body":{"messages":[1,3,4,2,5,7,10,8,12,13,14,16,17,20,21,18,25,19,22,26,27,24,30,31,29,28,32,34,35,33,37,38,40,39,41,46,44,42,48,50,0,6,9,11,15,23,36,43,45,47,49,51],"msg_id":43,"type":"broadcast"}}
2025/06/29 15:47:30 Sent {"src":"n0","dest":"n3","body":{"messages":[1,3,4,2,5,7,10,8,12,13,14,16,17,20,21,18,25,19,22,26,27,24,30,31,29,28,32,34,35,33,37,38,40,39,41,46,44,42,48,50,0,6,9,11,15,23,36,43,45,47,49,51],"msg_id":44,"type":"broadcast"}}
2025/06/29 15:47:30 Received {n1 n0 {"messages":[1,4,3,2,5,7,10,8,14,12,13,16,17,18,19,20,21,22,26,24,25,27,29,28,30,31,33,32,34,35,38,39,37,41,40,44,42,46,48,50],"msg_id":61,"type":"broadcast"}}
2025/06/29 15:47:30 Sent {"src":"n0","dest":"n1","body":{"in_reply_to":61,"type":"broadcast_ok"}}
2025/06/29 15:47:30 Received {n1 n0 {"in_reply_to":43,"type":"broadcast_ok"}}
2025/06/29 15:47:30 Received {n3 n0 {"in_reply_to":44,"type":"broadcast_ok"}}
2025/06/29 15:47:30 Received {c14 n0 {"type":"broadcast","message":52,"msg_id":42}}
2025/06/29 15:47:30 Sent {"src":"n0","dest":"c14","body":{"in_reply_to":42,"type":"broadcast_ok"}}
2025/06/29 15:47:30 Received {n1 n0 {"messages":[1,4,3,2,5,7,10,8,14,12,13,16,17,18,19,20,21,22,26,24,25,27,29,28,30,31,33,32,34,35,38,39,37,41,40,44,42,46,48,50,0,6,9,11,15,23,36,43,45,47,49,51,53],"msg_id":64,"type":"broadcast"}}
2025/06/29 15:47:30 Received {n3 n0 {"messages":[0,6,9,11,15,23,36,43,45,47,49,51,2,1,4,3,7,5,10,8,14,12,13,16,17,18,24,19,20,21,22,26,25,29,27,28,30,31,33,32,34,35,38,39,37,44,41,40,42,46,48,50,54],"msg_id":50,"type":"broadcast"}}
2025/06/29 15:47:30 Sent {"src":"n0","dest":"n1","body":{"messages":[1,3,4,2,5,7,10,8,12,13,14,16,17,20,21,18,25,19,22,26,27,24,30,31,29,28,32,34,35,33,37,38,40,39,41,46,44,42,48,50,0,6,9,11,15,23,36,43,45,47,49,51,52],"msg_id":45,"type":"broadcast"}}
2025/06/29 15:47:30 Sent {"src":"n0","dest":"n3","body":{"messages":[1,3,4,2,5,7,10,8,12,13,14,16,17,20,21,18,25,19,22,26,27,24,30,31,29,28,32,34,35,33,37,38,40,39,41,46,44,42,48,50,0,6,9,11,15,23,36,43,45,47,49,51,52],"msg_id":46,"type":"broadcast"}}
2025/06/29 15:47:30 Sent {"src":"n0","dest":"n1","body":{"in_reply_to":64,"type":"broadcast_ok"}}
2025/06/29 15:47:30 Sent {"src":"n0","dest":"n3","body":{"in_reply_to":50,"type":"broadcast_ok"}}
2025/06/29 15:47:30 Received {n1 n0 {"in_reply_to":45,"type":"broadcast_ok"}}
2025/06/29 15:47:30 Received {n3 n0 {"in_reply_to":46,"type":"broadcast_ok"}}
2025/06/29 15:47:30 Received {c14 n0 {"type":"read","msg_id":43}}
2025/06/29 15:47:30 Sent {"src":"n0","dest":"c14","body":{"in_reply_to":43,"messages":[1,3,4,2,5,7,10,8,12,13,14,16,17,20,21,18,25,19,22,26,27,24,30,31,29,28,32,34,35,33,37,38,40,39,41,46,44,42,48,50,0,6,9,11,15,23,36,43,45,47,49,51,52,53,54],"type":"read_ok"}}
2025/06/29 15:47:30 Received {c14 n0 {"type":"broadcast","message":56,"msg_id":44}}
2025/06/29 15:47:30 Sent {"src":"n0","dest":"c14","body":{"in_reply_to":44,"type":"broadcast_ok"}}
2025/06/29 15:47:31 Received {n3 n0 {"messages":[0,6,9,11,15,23,36,43,45,47,49,51,2,1,4,3,7,5,10,8,14,12,13,16,17,18,24,19,20,21,22,26,25,29,27,28,30,31,33,32,34,35,38,39,37,44,41,40,42,46,48,50,54,55,52],"msg_id":51,"type":"broadcast"}}
2025/06/29 15:47:31 Sent {"src":"n0","dest":"n3","body":{"in_reply_to":51,"type":"broadcast_ok"}}
2025/06/29 15:47:31 Sent {"src":"n0","dest":"n1","body":{"messages":[1,3,4,2,5,7,10,8,12,13,14,16,17,20,21,18,25,19,22,26,27,24,30,31,29,28,32,34,35,33,37,38,40,39,41,46,44,42,48,50,0,6,9,11,15,23,36,43,45,47,49,51,52,53,54,56,55],"msg_id":47,"type":"broadcast"}}
2025/06/29 15:47:31 Sent {"src":"n0","dest":"n3","body":{"messages":[1,3,4,2,5,7,10,8,12,13,14,16,17,20,21,18,25,19,22,26,27,24,30,31,29,28,32,34,35,33,37,38,40,39,41,46,44,42,48,50,0,6,9,11,15,23,36,43,45,47,49,51,52,53,54,56,55],"msg_id":48,"type":"broadcast"}}
2025/06/29 15:47:31 Received {n3 n0 {"in_reply_to":48,"type":"broadcast_ok"}}
2025/06/29 15:47:31 Received {c14 n0 {"type":"read","msg_id":45}}
2025/06/29 15:47:31 Sent {"src":"n0","dest":"c14","body":{"in_reply_to":45,"messages":[1,3,4,2,5,7,10,8,12,13,14,16,17,20,21,18,25,19,22,26,27,24,30,31,29,28,32,34,35,33,37,38,40,39,41,46,44,42,48,50,0,6,9,11,15,23,36,43,45,47,49,51,52,53,54,56,55],"type":"read_ok"}}
2025/06/29 15:47:31 Received {c14 n0 {"type":"read","msg_id":46}}
2025/06/29 15:47:31 Sent {"src":"n0","dest":"c14","body":{"in_reply_to":46,"messages":[1,3,4,2,5,7,10,8,12,13,14,16,17,20,21,18,25,19,22,26,27,24,30,31,29,28,32,34,35,33,37,38,40,39,41,46,44,42,48,50,0,6,9,11,15,23,36,43,45,47,49,51,52,53,54,56,55],"type":"read_ok"}}
2025/06/29 15:47:31 Received {c14 n0 {"type":"broadcast","message":59,"msg_id":47}}
2025/06/29 15:47:31 Sent {"src":"n0","dest":"c14","body":{"in_reply_to":47,"type":"broadcast_ok"}}
2025/06/29 15:47:31 Received {c14 n0 {"type":"broadcast","message":60,"msg_id":48}}
2025/06/29 15:47:31 Sent {"src":"n0","dest":"c14","body":{"in_reply_to":48,"type":"broadcast_ok"}}
2025/06/29 15:47:31 Received {n3 n0 {"messages":[0,6,9,11,15,23,36,43,45,47,49,51,2,1,4,3,7,5,10,8,14,12,13,16,17,18,24,19,20,21,22,26,25,29,27,28,30,31,33,32,34,35,38,39,37,44,41,40,42,46,48,50,54,55,52,53,56],"msg_id":53,"type":"broadcast"}}
2025/06/29 15:47:31 Sent {"src":"n0","dest":"n3","body":{"in_reply_to":53,"type":"broadcast_ok"}}
2025/06/29 15:47:31 Sent {"src":"n0","dest":"n1","body":{"messages":[1,3,4,2,5,7,10,8,12,13,14,16,17,20,21,18,25,19,22,26,27,24,30,31,29,28,32,34,35,33,37,38,40,39,41,46,44,42,48,50,0,6,9,11,15,23,36,43,45,47,49,51,52,53,54,56,55,59,60],"msg_id":50,"type":"broadcast"}}
2025/06/29 15:47:31 Sent {"src":"n0","dest":"n3","body":{"messages":[1,3,4,2,5,7,10,8,12,13,14,16,17,20,21,18,25,19,22,26,27,24,30,31,29,28,32,34,35,33,37,38,40,39,41,46,44,42,48,50,0,6,9,11,15,23,36,43,45,47,49,51,52,53,54,56,55,59,60],"msg_id":49,"type":"broadcast"}}
2025/06/29 15:47:31 Received {n3 n0 {"in_reply_to":49,"type":"broadcast_ok"}}
2025/06/29 15:47:32 Received {n3 n0 {"messages":[0,6,9,11,15,23,36,43,45,47,49,51,2,1,4,3,7,5,10,8,14,12,13,16,17,18,24,19,20,21,22,26,25,29,27,28,30,31,33,32,34,35,38,39,37,44,41,40,42,46,48,50,54,55,52,53,56,59,60,61],"msg_id":56,"type":"broadcast"}}
2025/06/29 15:47:32 Sent {"src":"n0","dest":"n1","body":{"messages":[1,3,4,2,5,7,10,8,12,13,14,16,17,20,21,18,25,19,22,26,27,24,30,31,29,28,32,34,35,33,37,38,40,39,41,46,44,42,48,50,0,6,9,11,15,23,36,43,45,47,49,51,52,53,54,56,55,59,60],"msg_id":51,"type":"broadcast"}}
2025/06/29 15:47:32 Sent {"src":"n0","dest":"n3","body":{"messages":[1,3,4,2,5,7,10,8,12,13,14,16,17,20,21,18,25,19,22,26,27,24,30,31,29,28,32,34,35,33,37,38,40,39,41,46,44,42,48,50,0,6,9,11,15,23,36,43,45,47,49,51,52,53,54,56,55,59,60],"msg_id":52,"type":"broadcast"}}
2025/06/29 15:47:32 Sent {"src":"n0","dest":"n3","body":{"in_reply_to":56,"type":"broadcast_ok"}}
2025/06/29 15:47:32 Received {n3 n0 {"in_reply_to":52,"type":"broadcast_ok"}}
2025/06/29 15:47:32 Received {c14 n0 {"type":"read","msg_id":49}}
2025/06/29 15:47:32 Sent {"src":"n0","dest":"c14","body":{"in_reply_to":49,"messages":[1,3,4,2,5,7,10,8,12,13,14,16,17,20,21,18,25,19,22,26,27,24,30,31,29,28,32,34,35,33,37,38,40,39,41,46,44,42,48,50,0,6,9,11,15,23,36,43,45,47,49,51,52,53,54,56,55,59,60,61],"type":"read_ok"}}
2025/06/29 15:47:32 Received {c14 n0 {"type":"broadcast","message":63,"msg_id":50}}
2025/06/29 15:47:32 Sent {"src":"n0","dest":"c14","body":{"in_reply_to":50,"type":"broadcast_ok"}}
2025/06/29 15:47:32 Received {n3 n0 {"messages":[0,6,9,11,15,23,36,43,45,47,49,51,2,1,4,3,7,5,10,8,14,12,13,16,17,18,24,19,20,21,22,26,25,29,27,28,30,31,33,32,34,35,38,39,37,44,41,40,42,46,48,50,54,55,52,53,56,59,60,61],"msg_id":58,"type":"broadcast"}}
2025/06/29 15:47:32 Sent {"src":"n0","dest":"n3","body":{"messages":[1,3,4,2,5,7,10,8,12,13,14,16,17,20,21,18,25,19,22,26,27,24,30,31,29,28,32,34,35,33,37,38,40,39,41,46,44,42,48,50,0,6,9,11,15,23,36,43,45,47,49,51,52,53,54,56,55,59,60,61,63],"msg_id":53,"type":"broadcast"}}
2025/06/29 15:47:32 Sent {"src":"n0","dest":"n1","body":{"messages":[1,3,4,2,5,7,10,8,12,13,14,16,17,20,21,18,25,19,22,26,27,24,30,31,29,28,32,34,35,33,37,38,40,39,41,46,44,42,48,50,0,6,9,11,15,23,36,43,45,47,49,51,52,53,54,56,55,59,60,61,63],"msg_id":54,"type":"broadcast"}}
2025/06/29 15:47:32 Sent {"src":"n0","dest":"n3","body":{"in_reply_to":58,"type":"broadcast_ok"}}
2025/06/29 15:47:32 Received {n3 n0 {"in_reply_to":53,"type":"broadcast_ok"}}
2025/06/29 15:47:33 Received {c14 n0 {"type":"broadcast","message":65,"msg_id":51}}
2025/06/29 15:47:33 Sent {"src":"n0","dest":"c14","body":{"in_reply_to":51,"type":"broadcast_ok"}}
2025/06/29 15:47:33 Received {n3 n0 {"messages":[0,6,9,11,15,23,36,43,45,47,49,51,2,1,4,3,7,5,10,8,14,12,13,16,17,18,24,19,20,21,22,26,25,29,27,28,30,31,33,32,34,35,38,39,37,44,41,40,42,46,48,50,54,55,52,53,56,59,60,61,63],"msg_id":60,"type":"broadcast"}}
2025/06/29 15:47:33 Sent {"src":"n0","dest":"n3","body":{"messages":[1,3,4,2,5,7,10,8,12,13,14,16,17,20,21,18,25,19,22,26,27,24,30,31,29,28,32,34,35,33,37,38,40,39,41,46,44,42,48,50,0,6,9,11,15,23,36,43,45,47,49,51,52,53,54,56,55,59,60,61,63,65],"msg_id":56,"type":"broadcast"}}
2025/06/29 15:47:33 Sent {"src":"n0","dest":"n1","body":{"messages":[1,3,4,2,5,7,10,8,12,13,14,16,17,20,21,18,25,19,22,26,27,24,30,31,29,28,32,34,35,33,37,38,40,39,41,46,44,42,48,50,0,6,9,11,15,23,36,43,45,47,49,51,52,53,54,56,55,59,60,61,63,65],"msg_id":55,"type":"broadcast"}}
2025/06/29 15:47:33 Sent {"src":"n0","dest":"n3","body":{"in_reply_to":60,"type":"broadcast_ok"}}
2025/06/29 15:47:33 Received {n3 n0 {"in_reply_to":56,"type":"broadcast_ok"}}
2025/06/29 15:47:33 Received {c14 n0 {"type":"read","msg_id":52}}
2025/06/29 15:47:33 Sent {"src":"n0","dest":"c14","body":{"in_reply_to":52,"messages":[1,3,4,2,5,7,10,8,12,13,14,16,17,20,21,18,25,19,22,26,27,24,30,31,29,28,32,34,35,33,37,38,40,39,41,46,44,42,48,50,0,6,9,11,15,23,36,43,45,47,49,51,52,53,54,56,55,59,60,61,63,65],"type":"read_ok"}}
2025/06/29 15:47:33 Received {c14 n0 {"type":"broadcast","message":67,"msg_id":53}}
2025/06/29 15:47:33 Sent {"src":"n0","dest":"c14","body":{"in_reply_to":53,"type":"broadcast_ok"}}
2025/06/29 15:47:33 Received {c14 n0 {"type":"broadcast","message":68,"msg_id":54}}
2025/06/29 15:47:33 Sent {"src":"n0","dest":"c14","body":{"in_reply_to":54,"type":"broadcast_ok"}}
2025/06/29 15:47:33 Received {n3 n0 {"messages":[0,6,9,11,15,23,36,43,45,47,49,51,2,1,4,3,7,5,10,8,14,12,13,16,17,18,24,19,20,21,22,26,25,29,27,28,30,31,33,32,34,35,38,39,37,44,41,40,42,46,48,50,54,55,52,53,56,59,60,61,63,65],"msg_id":62,"type":"broadcast"}}
2025/06/29 15:47:33 Sent {"src":"n0","dest":"n3","body":{"in_reply_to":62,"type":"broadcast_ok"}}
2025/06/29 15:47:33 Sent {"src":"n0","dest":"n3","body":{"messages":[1,3,4,2,5,7,10,8,12,13,14,16,17,20,21,18,25,19,22,26,27,24,30,31,29,28,32,34,35,33,37,38,40,39,41,46,44,42,48,50,0,6,9,11,15,23,36,43,45,47,49,51,52,53,54,56,55,59,60,61,63,65,67,68],"msg_id":58,"type":"broadcast"}}
2025/06/29 15:47:33 Sent {"src":"n0","dest":"n1","body":{"messages":[1,3,4,2,5,7,10,8,12,13,14,16,17,20,21,18,25,19,22,26,27,24,30,31,29,28,32,34,35,33,37,38,40,39,41,46,44,42,48,50,0,6,9,11,15,23,36,43,45,47,49,51,52,53,54,56,55,59,60,61,63,65,67,68],"msg_id":57,"type":"broadcast"}}
2025/06/29 15:47:33 Received {n3 n0 {"in_reply_to":58,"type":"broadcast_ok"}}
2025/06/29 15:47:34 Received {c14 n0 {"type":"broadcast","message":71,"msg_id":55}}
2025/06/29 15:47:34 Sent {"src":"n0","dest":"c14","body":{"in_reply_to":55,"type":"broadcast_ok"}}
2025/06/29 15:47:34 Sent {"src":"n0","dest":"n1","body":{"messages":[1,3,4,2,5,7,10,8,12,13,14,16,17,20,21,18,25,19,22,26,27,24,30,31,29,28,32,34,35,33,37,38,40,39,41,46,44,42,48,50,0,6,9,11,15,23,36,43,45,47,49,51,52,53,54,56,55,59,60,61,63,65,67,68,71],"msg_id":59,"type":"broadcast"}}
2025/06/29 15:47:34 Sent {"src":"n0","dest":"n3","body":{"messages":[1,3,4,2,5,7,10,8,12,13,14,16,17,20,21,18,25,19,22,26,27,24,30,31,29,28,32,34,35,33,37,38,40,39,41,46,44,42,48,50,0,6,9,11,15,23,36,43,45,47,49,51,52,53,54,56,55,59,60,61,63,65,67,68,71],"msg_id":60,"type":"broadcast"}}
2025/06/29 15:47:34 Received {n3 n0 {"messages":[0,6,9,11,15,23,36,43,45,47,49,51,2,1,4,3,7,5,10,8,14,12,13,16,17,18,24,19,20,21,22,26,25,29,27,28,30,31,33,32,34,35,38,39,37,44,41,40,42,46,48,50,54,55,52,53,56,59,60,61,63,65,67,68,70],"msg_id":63,"type":"broadcast"}}
2025/06/29 15:47:34 Sent {"src":"n0","dest":"n3","body":{"in_reply_to":63,"type":"broadcast_ok"}}
2025/06/29 15:47:34 Received {n3 n0 {"in_reply_to":60,"type":"broadcast_ok"}}
2025/06/29 15:47:34 Received {c14 n0 {"type":"read","msg_id":56}}
2025/06/29 15:47:34 Sent {"src":"n0","dest":"c14","body":{"in_reply_to":56,"messages":[1,3,4,2,5,7,10,8,12,13,14,16,17,20,21,18,25,19,22,26,27,24,30,31,29,28,32,34,35,33,37,38,40,39,41,46,44,42,48,50,0,6,9,11,15,23,36,43,45,47,49,51,52,53,54,56,55,59,60,61,63,65,67,68,71,70],"type":"read_ok"}}
2025/06/29 15:47:34 Sent {"src":"n0","dest":"n1","body":{"messages":[1,3,4,2,5,7,10,8,12,13,14,16,17,20,21,18,25,19,22,26,27,24,30,31,29,28,32,34,35,33,37,38,40,39,41,46,44,42,48,50,0,6,9,11,15,23,36,43,45,47,49,51,52,53,54,56,55,59,60,61,63,65,67,68,71,70],"msg_id":61,"type":"broadcast"}}
2025/06/29 15:47:34 Sent {"src":"n0","dest":"n3","body":{"messages":[1,3,4,2,5,7,10,8,12,13,14,16,17,20,21,18,25,19,22,26,27,24,30,31,29,28,32,34,35,33,37,38,40,39,41,46,44,42,48,50,0,6,9,11,15,23,36,43,45,47,49,51,52,53,54,56,55,59,60,61,63,65,67,68,71,70],"msg_id":62,"type":"broadcast"}}
2025/06/29 15:47:34 Received {n3 n0 {"messages":[0,6,9,11,15,23,36,43,45,47,49,51,2,1,4,3,7,5,10,8,14,12,13,16,17,18,24,19,20,21,22,26,25,29,27,28,30,31,33,32,34,35,38,39,37,44,41,40,42,46,48,50,54,55,52,53,56,59,60,61,63,65,67,68,70,71,72],"msg_id":65,"type":"broadcast"}}
2025/06/29 15:47:34 Sent {"src":"n0","dest":"n3","body":{"in_reply_to":65,"type":"broadcast_ok"}}
2025/06/29 15:47:34 Received {n3 n0 {"in_reply_to":62,"type":"broadcast_ok"}}
2025/06/29 15:47:34 Received {c14 n0 {"type":"broadcast","message":74,"msg_id":57}}
2025/06/29 15:47:34 Sent {"src":"n0","dest":"c14","body":{"in_reply_to":57,"type":"broadcast_ok"}}
2025/06/29 15:47:34 Received {c14 n0 {"type":"broadcast","message":75,"msg_id":58}}
2025/06/29 15:47:34 Sent {"src":"n0","dest":"c14","body":{"in_reply_to":58,"type":"broadcast_ok"}}
2025/06/29 15:47:35 Received {n3 n0 {"messages":[0,6,9,11,15,23,36,43,45,47,49,51,2,1,4,3,7,5,10,8,14,12,13,16,17,18,24,19,20,21,22,26,25,29,27,28,30,31,33,32,34,35,38,39,37,44,41,40,42,46,48,50,54,55,52,53,56,59,60,61,63,65,67,68,70,71,72],"msg_id":68,"type":"broadcast"}}
2025/06/29 15:47:35 Sent {"src":"n0","dest":"n3","body":{"messages":[1,3,4,2,5,7,10,8,12,13,14,16,17,20,21,18,25,19,22,26,27,24,30,31,29,28,32,34,35,33,37,38,40,39,41,46,44,42,48,50,0,6,9,11,15,23,36,43,45,47,49,51,52,53,54,56,55,59,60,61,63,65,67,68,71,70,72,74,75],"msg_id":64,"type":"broadcast"}}
2025/06/29 15:47:35 Sent {"src":"n0","dest":"n1","body":{"messages":[1,3,4,2,5,7,10,8,12,13,14,16,17,20,21,18,25,19,22,26,27,24,30,31,29,28,32,34,35,33,37,38,40,39,41,46,44,42,48,50,0,6,9,11,15,23,36,43,45,47,49,51,52,53,54,56,55,59,60,61,63,65,67,68,71,70,72,74,75],"msg_id":63,"type":"broadcast"}}
2025/06/29 15:47:35 Sent {"src":"n0","dest":"n3","body":{"in_reply_to":68,"type":"broadcast_ok"}}
2025/06/29 15:47:35 Received {n3 n0 {"in_reply_to":64,"type":"broadcast_ok"}}
2025/06/29 15:47:35 Received {c14 n0 {"type":"broadcast","message":77,"msg_id":59}}
2025/06/29 15:47:35 Sent {"src":"n0","dest":"c14","body":{"in_reply_to":59,"type":"broadcast_ok"}}
2025/06/29 15:47:35 Received {c14 n0 {"type":"read","msg_id":60}}
2025/06/29 15:47:35 Sent {"src":"n0","dest":"c14","body":{"in_reply_to":60,"messages":[1,3,4,2,5,7,10,8,12,13,14,16,17,20,21,18,25,19,22,26,27,24,30,31,29,28,32,34,35,33,37,38,40,39,41,46,44,42,48,50,0,6,9,11,15,23,36,43,45,47,49,51,52,53,54,56,55,59,60,61,63,65,67,68,71,70,72,74,75,77],"type":"read_ok"}}
2025/06/29 15:47:35 Sent {"src":"n0","dest":"n1","body":{"messages":[1,3,4,2,5,7,10,8,12,13,14,16,17,20,21,18,25,19,22,26,27,24,30,31,29,28,32,34,35,33,37,38,40,39,41,46,44,42,48,50,0,6,9,11,15,23,36,43,45,47,49,51,52,53,54,56,55,59,60,61,63,65,67,68,71,70,72,74,75,77],"msg_id":65,"type":"broadcast"}}
2025/06/29 15:47:35 Sent {"src":"n0","dest":"n3","body":{"messages":[1,3,4,2,5,7,10,8,12,13,14,16,17,20,21,18,25,19,22,26,27,24,30,31,29,28,32,34,35,33,37,38,40,39,41,46,44,42,48,50,0,6,9,11,15,23,36,43,45,47,49,51,52,53,54,56,55,59,60,61,63,65,67,68,71,70,72,74,75,77],"msg_id":66,"type":"broadcast"}}
2025/06/29 15:47:35 Received {n3 n0 {"messages":[0,6,9,11,15,23,36,43,45,47,49,51,2,1,4,3,7,5,10,8,14,12,13,16,17,18,24,19,20,21,22,26,25,29,27,28,30,31,33,32,34,35,38,39,37,44,41,40,42,46,48,50,54,55,52,53,56,59,60,61,63,65,67,68,70,71,72,74,75],"msg_id":70,"type":"broadcast"}}
2025/06/29 15:47:35 Sent {"src":"n0","dest":"n3","body":{"in_reply_to":70,"type":"broadcast_ok"}}
2025/06/29 15:47:35 Received {n3 n0 {"in_reply_to":66,"type":"broadcast_ok"}}
2025/06/29 15:47:36 Sent {"src":"n0","dest":"n3","body":{"messages":[1,3,4,2,5,7,10,8,12,13,14,16,17,20,21,18,25,19,22,26,27,24,30,31,29,28,32,34,35,33,37,38,40,39,41,46,44,42,48,50,0,6,9,11,15,23,36,43,45,47,49,51,52,53,54,56,55,59,60,61,63,65,67,68,71,70,72,74,75,77],"msg_id":68,"type":"broadcast"}}
2025/06/29 15:47:36 Sent {"src":"n0","dest":"n1","body":{"messages":[1,3,4,2,5,7,10,8,12,13,14,16,17,20,21,18,25,19,22,26,27,24,30,31,29,28,32,34,35,33,37,38,40,39,41,46,44,42,48,50,0,6,9,11,15,23,36,43,45,47,49,51,52,53,54,56,55,59,60,61,63,65,67,68,71,70,72,74,75,77],"msg_id":67,"type":"broadcast"}}
2025/06/29 15:47:36 Received {n3 n0 {"messages":[0,6,9,11,15,23,36,43,45,47,49,51,2,1,4,3,7,5,10,8,14,12,13,16,17,18,24,19,20,21,22,26,25,29,27,28,30,31,33,32,34,35,38,39,37,44,41,40,42,46,48,50,54,55,52,53,56,59,60,61,63,65,67,68,70,71,72,74,75,77],"msg_id":72,"type":"broadcast"}}
2025/06/29 15:47:36 Sent {"src":"n0","dest":"n3","body":{"in_reply_to":72,"type":"broadcast_ok"}}
2025/06/29 15:47:36 Received {n3 n0 {"in_reply_to":68,"type":"broadcast_ok"}}
2025/06/29 15:47:36 Received {c14 n0 {"type":"read","msg_id":61}}
2025/06/29 15:47:36 Sent {"src":"n0","dest":"c14","body":{"in_reply_to":61,"messages":[1,3,4,2,5,7,10,8,12,13,14,16,17,20,21,18,25,19,22,26,27,24,30,31,29,28,32,34,35,33,37,38,40,39,41,46,44,42,48,50,0,6,9,11,15,23,36,43,45,47,49,51,52,53,54,56,55,59,60,61,63,65,67,68,71,70,72,74,75,77],"type":"read_ok"}}
2025/06/29 15:47:36 Received {c14 n0 {"type":"broadcast","message":79,"msg_id":62}}
2025/06/29 15:47:36 Sent {"src":"n0","dest":"c14","body":{"in_reply_to":62,"type":"broadcast_ok"}}
2025/06/29 15:47:36 Sent {"src":"n0","dest":"n1","body":{"messages":[1,3,4,2,5,7,10,8,12,13,14,16,17,20,21,18,25,19,22,26,27,24,30,31,29,28,32,34,35,33,37,38,40,39,41,46,44,42,48,50,0,6,9,11,15,23,36,43,45,47,49,51,52,53,54,56,55,59,60,61,63,65,67,68,71,70,72,74,75,77,79],"msg_id":69,"type":"broadcast"}}
2025/06/29 15:47:36 Sent {"src":"n0","dest":"n3","body":{"messages":[1,3,4,2,5,7,10,8,12,13,14,16,17,20,21,18,25,19,22,26,27,24,30,31,29,28,32,34,35,33,37,38,40,39,41,46,44,42,48,50,0,6,9,11,15,23,36,43,45,47,49,51,52,53,54,56,55,59,60,61,63,65,67,68,71,70,72,74,75,77,79],"msg_id":70,"type":"broadcast"}}
2025/06/29 15:47:36 Received {n3 n0 {"messages":[0,6,9,11,15,23,36,43,45,47,49,51,2,1,4,3,7,5,10,8,14,12,13,16,17,18,24,19,20,21,22,26,25,29,27,28,30,31,33,32,34,35,38,39,37,44,41,40,42,46,48,50,54,55,52,53,56,59,60,61,63,65,67,68,70,71,72,74,75,77],"msg_id":74,"type":"broadcast"}}
2025/06/29 15:47:36 Sent {"src":"n0","dest":"n3","body":{"in_reply_to":74,"type":"broadcast_ok"}}
2025/06/29 15:47:36 Received {n3 n0 {"in_reply_to":70,"type":"broadcast_ok"}}
2025/06/29 15:47:37 Received {c14 n0 {"type":"broadcast","message":81,"msg_id":63}}
2025/06/29 15:47:37 Sent {"src":"n0","dest":"c14","body":{"in_reply_to":63,"type":"broadcast_ok"}}
2025/06/29 15:47:37 Received {c14 n0 {"type":"broadcast","message":82,"msg_id":64}}
2025/06/29 15:47:37 Sent {"src":"n0","dest":"c14","body":{"in_reply_to":64,"type":"broadcast_ok"}}
2025/06/29 15:47:37 Sent {"src":"n0","dest":"n1","body":{"messages":[1,3,4,2,5,7,10,8,12,13,14,16,17,20,21,18,25,19,22,26,27,24,30,31,29,28,32,34,35,33,37,38,40,39,41,46,44,42,48,50,0,6,9,11,15,23,36,43,45,47,49,51,52,53,54,56,55,59,60,61,63,65,67,68,71,70,72,74,75,77,79,81,82],"msg_id":71,"type":"broadcast"}}
2025/06/29 15:47:37 Sent {"src":"n0","dest":"n3","body":{"messages":[1,3,4,2,5,7,10,8,12,13,14,16,17,20,21,18,25,19,22,26,27,24,30,31,29,28,32,34,35,33,37,38,40,39,41,46,44,42,48,50,0,6,9,11,15,23,36,43,45,47,49,51,52,53,54,56,55,59,60,61,63,65,67,68,71,70,72,74,75,77,79,81,82],"msg_id":72,"type":"broadcast"}}
2025/06/29 15:47:37 Received {n3 n0 {"messages":[0,6,9,11,15,23,36,43,45,47,49,51,2,1,4,3,7,5,10,8,14,12,13,16,17,18,24,19,20,21,22,26,25,29,27,28,30,31,33,32,34,35,38,39,37,44,41,40,42,46,48,50,54,55,52,53,56,59,60,61,63,65,67,68,70,71,72,74,75,77,79],"msg_id":75,"type":"broadcast"}}
2025/06/29 15:47:37 Sent {"src":"n0","dest":"n3","body":{"in_reply_to":75,"type":"broadcast_ok"}}
2025/06/29 15:47:37 Received {n3 n0 {"in_reply_to":72,"type":"broadcast_ok"}}
2025/06/29 15:47:37 Received {c14 n0 {"type":"read","msg_id":65}}
2025/06/29 15:47:37 Sent {"src":"n0","dest":"c14","body":{"in_reply_to":65,"messages":[1,3,4,2,5,7,10,8,12,13,14,16,17,20,21,18,25,19,22,26,27,24,30,31,29,28,32,34,35,33,37,38,40,39,41,46,44,42,48,50,0,6,9,11,15,23,36,43,45,47,49,51,52,53,54,56,55,59,60,61,63,65,67,68,71,70,72,74,75,77,79,81,82],"type":"read_ok"}}
2025/06/29 15:47:37 Received {c14 n0 {"type":"broadcast","message":86,"msg_id":66}}
2025/06/29 15:47:37 Sent {"src":"n0","dest":"c14","body":{"in_reply_to":66,"type":"broadcast_ok"}}
2025/06/29 15:47:37 Sent {"src":"n0","dest":"n1","body":{"messages":[1,3,4,2,5,7,10,8,12,13,14,16,17,20,21,18,25,19,22,26,27,24,30,31,29,28,32,34,35,33,37,38,40,39,41,46,44,42,48,50,0,6,9,11,15,23,36,43,45,47,49,51,52,53,54,56,55,59,60,61,63,65,67,68,71,70,72,74,75,77,79,81,82,86],"msg_id":73,"type":"broadcast"}}
2025/06/29 15:47:37 Sent {"src":"n0","dest":"n3","body":{"messages":[1,3,4,2,5,7,10,8,12,13,14,16,17,20,21,18,25,19,22,26,27,24,30,31,29,28,32,34,35,33,37,38,40,39,41,46,44,42,48,50,0,6,9,11,15,23,36,43,45,47,49,51,52,53,54,56,55,59,60,61,63,65,67,68,71,70,72,74,75,77,79,81,82,86],"msg_id":74,"type":"broadcast"}}
2025/06/29 15:47:37 Received {n3 n0 {"messages":[0,6,9,11,15,23,36,43,45,47,49,51,2,1,4,3,7,5,10,8,14,12,13,16,17,18,24,19,20,21,22,26,25,29,27,28,30,31,33,32,34,35,38,39,37,44,41,40,42,46,48,50,54,55,52,53,56,59,60,61,63,65,67,68,70,71,72,74,75,77,79,81,82,84],"msg_id":78,"type":"broadcast"}}
2025/06/29 15:47:37 Sent {"src":"n0","dest":"n3","body":{"in_reply_to":78,"type":"broadcast_ok"}}
2025/06/29 15:47:37 Received {n3 n0 {"in_reply_to":74,"type":"broadcast_ok"}}
2025/06/29 15:47:38 Sent {"src":"n0","dest":"n3","body":{"messages":[1,3,4,2,5,7,10,8,12,13,14,16,17,20,21,18,25,19,22,26,27,24,30,31,29,28,32,34,35,33,37,38,40,39,41,46,44,42,48,50,0,6,9,11,15,23,36,43,45,47,49,51,52,53,54,56,55,59,60,61,63,65,67,68,71,70,72,74,75,77,79,81,82,86,84],"msg_id":75,"type":"broadcast"}}
2025/06/29 15:47:38 Sent {"src":"n0","dest":"n1","body":{"messages":[1,3,4,2,5,7,10,8,12,13,14,16,17,20,21,18,25,19,22,26,27,24,30,31,29,28,32,34,35,33,37,38,40,39,41,46,44,42,48,50,0,6,9,11,15,23,36,43,45,47,49,51,52,53,54,56,55,59,60,61,63,65,67,68,71,70,72,74,75,77,79,81,82,86,84],"msg_id":76,"type":"broadcast"}}
2025/06/29 15:47:38 Received {n3 n0 {"messages":[0,6,9,11,15,23,36,43,45,47,49,51,2,1,4,3,7,5,10,8,14,12,13,16,17,18,24,19,20,21,22,26,25,29,27,28,30,31,33,32,34,35,38,39,37,44,41,40,42,46,48,50,54,55,52,53,56,59,60,61,63,65,67,68,70,71,72,74,75,77,79,81,82,84,86],"msg_id":79,"type":"broadcast"}}
2025/06/29 15:47:38 Sent {"src":"n0","dest":"n3","body":{"in_reply_to":79,"type":"broadcast_ok"}}
2025/06/29 15:47:38 Received {n3 n0 {"in_reply_to":75,"type":"broadcast_ok"}}
2025/06/29 15:47:38 Received {c14 n0 {"type":"read","msg_id":67}}
2025/06/29 15:47:38 Sent {"src":"n0","dest":"c14","body":{"in_reply_to":67,"messages":[1,3,4,2,5,7,10,8,12,13,14,16,17,20,21,18,25,19,22,26,27,24,30,31,29,28,32,34,35,33,37,38,40,39,41,46,44,42,48,50,0,6,9,11,15,23,36,43,45,47,49,51,52,53,54,56,55,59,60,61,63,65,67,68,71,70,72,74,75,77,79,81,82,86,84],"type":"read_ok"}}
2025/06/29 15:47:38 Received {n3 n0 {"messages":[0,6,9,11,15,23,36,43,45,47,49,51,2,1,4,3,7,5,10,8,14,12,13,16,17,18,24,19,20,21,22,26,25,29,27,28,30,31,33,32,34,35,38,39,37,44,41,40,42,46,48,50,54,55,52,53,56,59,60,61,63,65,67,68,70,71,72,74,75,77,79,81,82,84,86],"msg_id":81,"type":"broadcast"}}
2025/06/29 15:47:38 Received {n1 n0 {"messages":[1,4,3,2,5,7,10,8,14,12,13,16,17,18,19,20,21,22,26,24,25,27,29,28,30,31,33,32,34,35,38,39,37,41,40,44,42,46,48,50,0,6,9,11,15,23,36,43,45,47,49,51,53,55,52,57,54,62,69,73,76,80,83,85],"msg_id":113,"type":"broadcast"}}
2025/06/29 15:47:38 Sent {"src":"n0","dest":"n1","body":{"messages":[1,3,4,2,5,7,10,8,12,13,14,16,17,20,21,18,25,19,22,26,27,24,30,31,29,28,32,34,35,33,37,38,40,39,41,46,44,42,48,50,0,6,9,11,15,23,36,43,45,47,49,51,52,53,54,56,55,59,60,61,63,65,67,68,71,70,72,74,75,77,79,81,82,86,84],"msg_id":77,"type":"broadcast"}}
2025/06/29 15:47:38 Sent {"src":"n0","dest":"n3","body":{"messages":[1,3,4,2,5,7,10,8,12,13,14,16,17,20,21,18,25,19,22,26,27,24,30,31,29,28,32,34,35,33,37,38,40,39,41,46,44,42,48,50,0,6,9,11,15,23,36,43,45,47,49,51,52,53,54,56,55,59,60,61,63,65,67,68,71,70,72,74,75,77,79,81,82,86,84],"msg_id":78,"type":"broadcast"}}
2025/06/29 15:47:38 Sent {"src":"n0","dest":"n3","body":{"in_reply_to":81,"type":"broadcast_ok"}}
2025/06/29 15:47:38 Sent {"src":"n0","dest":"n1","body":{"in_reply_to":113,"type":"broadcast_ok"}}
2025/06/29 15:47:38 Received {n1 n0 {"in_reply_to":77,"type":"broadcast_ok"}}
2025/06/29 15:47:38 Received {n3 n0 {"in_reply_to":78,"type":"broadcast_ok"}}
2025/06/29 15:47:39 Received {n3 n0 {"messages":[0,6,9,11,15,23,36,43,45,47,49,51,2,1,4,3,7,5,10,8,14,12,13,16,17,18,24,19,20,21,22,26,25,29,27,28,30,31,33,32,34,35,38,39,37,44,41,40,42,46,48,50,54,55,52,53,56,59,60,61,63,65,67,68,70,71,72,74,75,77,79,81,82,84,86,57,62,69,73,76,80,85,83],"msg_id":84,"type":"broadcast"}}
2025/06/29 15:47:39 Sent {"src":"n0","dest":"n3","body":{"in_reply_to":84,"type":"broadcast_ok"}}
2025/06/29 15:47:39 Received {n1 n0 {"messages":[1,4,3,2,5,7,10,8,14,12,13,16,17,18,19,20,21,22,26,24,25,27,29,28,30,31,33,32,34,35,38,39,37,41,40,44,42,46,48,50,0,6,9,11,15,23,36,43,45,47,49,51,53,55,52,57,54,62,69,73,76,80,83,85,58,64,66,78,56,59,60,61,63,65,67,68,71,70,72,74,75,77,79,81,82,86,84],"msg_id":115,"type":"broadcast"}}
2025/06/29 15:47:39 Sent {"src":"n0","dest":"n1","body":{"messages":[1,3,4,2,5,7,10,8,12,13,14,16,17,20,21,18,25,19,22,26,27,24,30,31,29,28,32,34,35,33,37,38,40,39,41,46,44,42,48,50,0,6,9,11,15,23,36,43,45,47,49,51,52,53,54,56,55,59,60,61,63,65,67,68,71,70,72,74,75,77,79,81,82,86,84,57,62,69,73,76,80,83,85],"msg_id":79,"type":"broadcast"}}
2025/06/29 15:47:39 Sent {"src":"n0","dest":"n3","body":{"messages":[1,3,4,2,5,7,10,8,12,13,14,16,17,20,21,18,25,19,22,26,27,24,30,31,29,28,32,34,35,33,37,38,40,39,41,46,44,42,48,50,0,6,9,11,15,23,36,43,45,47,49,51,52,53,54,56,55,59,60,61,63,65,67,68,71,70,72,74,75,77,79,81,82,86,84,57,62,69,73,76,80,83,85],"msg_id":80,"type":"broadcast"}}
2025/06/29 15:47:39 Sent {"src":"n0","dest":"n1","body":{"in_reply_to":115,"type":"broadcast_ok"}}
2025/06/29 15:47:39 Received {n1 n0 {"in_reply_to":79,"type":"broadcast_ok"}}
2025/06/29 15:47:39 Received {n3 n0 {"in_reply_to":80,"type":"broadcast_ok"}}
2025/06/29 15:47:39 Received {n3 n0 {"messages":[0,6,9,11,15,23,36,43,45,47,49,51,2,1,4,3,7,5,10,8,14,12,13,16,17,18,24,19,20,21,22,26,25,29,27,28,30,31,33,32,34,35,38,39,37,44,41,40,42,46,48,50,54,55,52,53,56,59,60,61,63,65,67,68,70,71,72,74,75,77,79,81,82,84,86,57,62,69,73,76,80,85,83],"msg_id":86,"type":"broadcast"}}
2025/06/29 15:47:39 Sent {"src":"n0","dest":"n3","body":{"in_reply_to":86,"type":"broadcast_ok"}}
2025/06/29 15:47:39 Received {n1 n0 {"messages":[1,4,3,2,5,7,10,8,14,12,13,16,17,18,19,20,21,22,26,24,25,27,29,28,30,31,33,32,34,35,38,39,37,41,40,44,42,46,48,50,0,6,9,11,15,23,36,43,45,47,49,51,53,55,52,57,54,62,69,73,76,80,83,85,58,64,66,78,56,59,60,61,63,65,67,68,71,70,72,74,75,77,79,81,82,86,84],"msg_id":119,"type":"broadcast"}}
2025/06/29 15:47:39 Sent {"src":"n0","dest":"n1","body":{"in_reply_to":119,"type":"broadcast_ok"}}
2025/06/29 15:47:39 Sent {"src":"n0","dest":"n1","body":{"messages":[1,3,4,2,5,7,10,8,12,13,14,16,17,20,21,18,25,19,22,26,27,24,30,31,29,28,32,34,35,33,37,38,40,39,41,46,44,42,48,50,0,6,9,11,15,23,36,43,45,47,49,51,52,53,54,56,55,59,60,61,63,65,67,68,71,70,72,74,75,77,79,81,82,86,84,57,62,69,73,76,80,83,85,58,64,66,78],"msg_id":81,"type":"broadcast"}}
2025/06/29 15:47:39 Sent {"src":"n0","dest":"n3","body":{"messages":[1,3,4,2,5,7,10,8,12,13,14,16,17,20,21,18,25,19,22,26,27,24,30,31,29,28,32,34,35,33,37,38,40,39,41,46,44,42,48,50,0,6,9,11,15,23,36,43,45,47,49,51,52,53,54,56,55,59,60,61,63,65,67,68,71,70,72,74,75,77,79,81,82,86,84,57,62,69,73,76,80,83,85,58,64,66,78],"msg_id":82,"type":"broadcast"}}
2025/06/29 15:47:39 Received {n1 n0 {"in_reply_to":81,"type":"broadcast_ok"}}
2025/06/29 15:47:39 Received {n3 n0 {"in_reply_to":82,"type":"broadcast_ok"}}
2025/06/29 15:47:40 Received {n3 n0 {"messages":[0,6,9,11,15,23,36,43,45,47,49,51,2,1,4,3,7,5,10,8,14,12,13,16,17,18,24,19,20,21,22,26,25,29,27,28,30,31,33,32,34,35,38,39,37,44,41,40,42,46,48,50,54,55,52,53,56,59,60,61,63,65,67,68,70,71,72,74,75,77,79,81,82,84,86,57,62,69,73,76,80,85,83,58,64,66,78],"msg_id":87,"type":"broadcast"}}
2025/06/29 15:47:40 Sent {"src":"n0","dest":"n3","body":{"in_reply_to":87,"type":"broadcast_ok"}}
2025/06/29 15:47:40 Received {n1 n0 {"messages":[1,4,3,2,5,7,10,8,14,12,13,16,17,18,19,20,21,22,26,24,25,27,29,28,30,31,33,32,34,35,38,39,37,41,40,44,42,46,48,50,0,6,9,11,15,23,36,43,45,47,49,51,53,55,52,57,54,62,69,73,76,80,83,85,58,64,66,78,56,59,60,61,63,65,67,68,71,70,72,74,75,77,79,81,82,86,84],"msg_id":121,"type":"broadcast"}}
2025/06/29 15:47:40 Sent {"src":"n0","dest":"n1","body":{"in_reply_to":121,"type":"broadcast_ok"}}
2025/06/29 15:47:40 Sent {"src":"n0","dest":"n3","body":{"messages":[1,3,4,2,5,7,10,8,12,13,14,16,17,20,21,18,25,19,22,26,27,24,30,31,29,28,32,34,35,33,37,38,40,39,41,46,44,42,48,50,0,6,9,11,15,23,36,43,45,47,49,51,52,53,54,56,55,59,60,61,63,65,67,68,71,70,72,74,75,77,79,81,82,86,84,57,62,69,73,76,80,83,85,58,64,66,78],"msg_id":84,"type":"broadcast"}}
2025/06/29 15:47:40 Sent {"src":"n0","dest":"n1","body":{"messages":[1,3,4,2,5,7,10,8,12,13,14,16,17,20,21,18,25,19,22,26,27,24,30,31,29,28,32,34,35,33,37,38,40,39,41,46,44,42,48,50,0,6,9,11,15,23,36,43,45,47,49,51,52,53,54,56,55,59,60,61,63,65,67,68,71,70,72,74,75,77,79,81,82,86,84,57,62,69,73,76,80,83,85,58,64,66,78],"msg_id":83,"type":"broadcast"}}
2025/06/29 15:47:40 Received {n3 n0 {"in_reply_to":84,"type":"broadcast_ok"}}
2025/06/29 15:47:40 Received {n1 n0 {"in_reply_to":83,"type":"broadcast_ok"}}
2025/06/29 15:47:40 Received {n3 n0 {"messages":[0,6,9,11,15,23,36,43,45,47,49,51,2,1,4,3,7,5,10,8,14,12,13,16,17,18,24,19,20,21,22,26,25,29,27,28,30,31,33,32,34,35,38,39,37,44,41,40,42,46,48,50,54,55,52,53,56,59,60,61,63,65,67,68,70,71,72,74,75,77,79,81,82,84,86,57,62,69,73,76,80,85,83,58,64,66,78],"msg_id":90,"type":"broadcast"}}
2025/06/29 15:47:40 Sent {"src":"n0","dest":"n3","body":{"in_reply_to":90,"type":"broadcast_ok"}}
2025/06/29 15:47:40 Received {n1 n0 {"messages":[1,4,3,2,5,7,10,8,14,12,13,16,17,18,19,20,21,22,26,24,25,27,29,28,30,31,33,32,34,35,38,39,37,41,40,44,42,46,48,50,0,6,9,11,15,23,36,43,45,47,49,51,53,55,52,57,54,62,69,73,76,80,83,85,58,64,66,78,56,59,60,61,63,65,67,68,71,70,72,74,75,77,79,81,82,86,84],"msg_id":124,"type":"broadcast"}}
2025/06/29 15:47:40 Sent {"src":"n0","dest":"n1","body":{"in_reply_to":124,"type":"broadcast_ok"}}
2025/06/29 15:47:40 Sent {"src":"n0","dest":"n1","body":{"messages":[1,3,4,2,5,7,10,8,12,13,14,16,17,20,21,18,25,19,22,26,27,24,30,31,29,28,32,34,35,33,37,38,40,39,41,46,44,42,48,50,0,6,9,11,15,23,36,43,45,47,49,51,52,53,54,56,55,59,60,61,63,65,67,68,71,70,72,74,75,77,79,81,82,86,84,57,62,69,73,76,80,83,85,58,64,66,78],"msg_id":86,"type":"broadcast"}}
2025/06/29 15:47:40 Sent {"src":"n0","dest":"n3","body":{"messages":[1,3,4,2,5,7,10,8,12,13,14,16,17,20,21,18,25,19,22,26,27,24,30,31,29,28,32,34,35,33,37,38,40,39,41,46,44,42,48,50,0,6,9,11,15,23,36,43,45,47,49,51,52,53,54,56,55,59,60,61,63,65,67,68,71,70,72,74,75,77,79,81,82,86,84,57,62,69,73,76,80,83,85,58,64,66,78],"msg_id":85,"type":"broadcast"}}
2025/06/29 15:47:40 Received {n1 n0 {"in_reply_to":86,"type":"broadcast_ok"}}
2025/06/29 15:47:40 Received {n3 n0 {"in_reply_to":85,"type":"broadcast_ok"}}
2025/06/29 15:47:41 Received {n3 n0 {"messages":[0,6,9,11,15,23,36,43,45,47,49,51,2,1,4,3,7,5,10,8,14,12,13,16,17,18,24,19,20,21,22,26,25,29,27,28,30,31,33,32,34,35,38,39,37,44,41,40,42,46,48,50,54,55,52,53,56,59,60,61,63,65,67,68,70,71,72,74,75,77,79,81,82,84,86,57,62,69,73,76,80,85,83,58,64,66,78],"msg_id":91,"type":"broadcast"}}
2025/06/29 15:47:41 Sent {"src":"n0","dest":"n3","body":{"in_reply_to":91,"type":"broadcast_ok"}}
2025/06/29 15:47:41 Received {n1 n0 {"messages":[1,4,3,2,5,7,10,8,14,12,13,16,17,18,19,20,21,22,26,24,25,27,29,28,30,31,33,32,34,35,38,39,37,41,40,44,42,46,48,50,0,6,9,11,15,23,36,43,45,47,49,51,53,55,52,57,54,62,69,73,76,80,83,85,58,64,66,78,56,59,60,61,63,65,67,68,71,70,72,74,75,77,79,81,82,86,84],"msg_id":127,"type":"broadcast"}}
2025/06/29 15:47:41 Sent {"src":"n0","dest":"n1","body":{"in_reply_to":127,"type":"broadcast_ok"}}
2025/06/29 15:47:41 Sent {"src":"n0","dest":"n3","body":{"messages":[1,3,4,2,5,7,10,8,12,13,14,16,17,20,21,18,25,19,22,26,27,24,30,31,29,28,32,34,35,33,37,38,40,39,41,46,44,42,48,50,0,6,9,11,15,23,36,43,45,47,49,51,52,53,54,56,55,59,60,61,63,65,67,68,71,70,72,74,75,77,79,81,82,86,84,57,62,69,73,76,80,83,85,58,64,66,78],"msg_id":88,"type":"broadcast"}}
2025/06/29 15:47:41 Sent {"src":"n0","dest":"n1","body":{"messages":[1,3,4,2,5,7,10,8,12,13,14,16,17,20,21,18,25,19,22,26,27,24,30,31,29,28,32,34,35,33,37,38,40,39,41,46,44,42,48,50,0,6,9,11,15,23,36,43,45,47,49,51,52,53,54,56,55,59,60,61,63,65,67,68,71,70,72,74,75,77,79,81,82,86,84,57,62,69,73,76,80,83,85,58,64,66,78],"msg_id":87,"type":"broadcast"}}
2025/06/29 15:47:41 Received {n3 n0 {"in_reply_to":88,"type":"broadcast_ok"}}
2025/06/29 15:47:41 Received {n1 n0 {"in_reply_to":87,"type":"broadcast_ok"}}
2025/06/29 15:47:41 Received {n3 n0 {"messages":[0,6,9,11,15,23,36,43,45,47,49,51,2,1,4,3,7,5,10,8,14,12,13,16,17,18,24,19,20,21,22,26,25,29,27,28,30,31,33,32,34,35,38,39,37,44,41,40,42,46,48,50,54,55,52,53,56,59,60,61,63,65,67,68,70,71,72,74,75,77,79,81,82,84,86,57,62,69,73,76,80,85,83,58,64,66,78],"msg_id":93,"type":"broadcast"}}
2025/06/29 15:47:41 Sent {"src":"n0","dest":"n3","body":{"in_reply_to":93,"type":"broadcast_ok"}}
2025/06/29 15:47:41 Received {n1 n0 {"messages":[1,4,3,2,5,7,10,8,14,12,13,16,17,18,19,20,21,22,26,24,25,27,29,28,30,31,33,32,34,35,38,39,37,41,40,44,42,46,48,50,0,6,9,11,15,23,36,43,45,47,49,51,53,55,52,57,54,62,69,73,76,80,83,85,58,64,66,78,56,59,60,61,63,65,67,68,71,70,72,74,75,77,79,81,82,86,84],"msg_id":132,"type":"broadcast"}}
2025/06/29 15:47:41 Sent {"src":"n0","dest":"n1","body":{"in_reply_to":132,"type":"broadcast_ok"}}
2025/06/29 15:47:41 Sent {"src":"n0","dest":"n3","body":{"messages":[1,3,4,2,5,7,10,8,12,13,14,16,17,20,21,18,25,19,22,26,27,24,30,31,29,28,32,34,35,33,37,38,40,39,41,46,44,42,48,50,0,6,9,11,15,23,36,43,45,47,49,51,52,53,54,56,55,59,60,61,63,65,67,68,71,70,72,74,75,77,79,81,82,86,84,57,62,69,73,76,80,83,85,58,64,66,78],"msg_id":89,"type":"broadcast"}}
2025/06/29 15:47:41 Sent {"src":"n0","dest":"n1","body":{"messages":[1,3,4,2,5,7,10,8,12,13,14,16,17,20,21,18,25,19,22,26,27,24,30,31,29,28,32,34,35,33,37,38,40,39,41,46,44,42,48,50,0,6,9,11,15,23,36,43,45,47,49,51,52,53,54,56,55,59,60,61,63,65,67,68,71,70,72,74,75,77,79,81,82,86,84,57,62,69,73,76,80,83,85,58,64,66,78],"msg_id":90,"type":"broadcast"}}
2025/06/29 15:47:41 Received {n3 n0 {"in_reply_to":89,"type":"broadcast_ok"}}
2025/06/29 15:47:41 Received {n1 n0 {"in_reply_to":90,"type":"broadcast_ok"}}
2025/06/29 15:47:42 Received {n3 n0 {"messages":[0,6,9,11,15,23,36,43,45,47,49,51,2,1,4,3,7,5,10,8,14,12,13,16,17,18,24,19,20,21,22,26,25,29,27,28,30,31,33,32,34,35,38,39,37,44,41,40,42,46,48,50,54,55,52,53,56,59,60,61,63,65,67,68,70,71,72,74,75,77,79,81,82,84,86,57,62,69,73,76,80,85,83,58,64,66,78],"msg_id":96,"type":"broadcast"}}
2025/06/29 15:47:42 Sent {"src":"n0","dest":"n3","body":{"in_reply_to":96,"type":"broadcast_ok"}}
2025/06/29 15:47:42 Received {n1 n0 {"messages":[1,4,3,2,5,7,10,8,14,12,13,16,17,18,19,20,21,22,26,24,25,27,29,28,30,31,33,32,34,35,38,39,37,41,40,44,42,46,48,50,0,6,9,11,15,23,36,43,45,47,49,51,53,55,52,57,54,62,69,73,76,80,83,85,58,64,66,78,56,59,60,61,63,65,67,68,71,70,72,74,75,77,79,81,82,86,84],"msg_id":135,"type":"broadcast"}}
2025/06/29 15:47:42 Sent {"src":"n0","dest":"n1","body":{"in_reply_to":135,"type":"broadcast_ok"}}
2025/06/29 15:47:42 Sent {"src":"n0","dest":"n3","body":{"messages":[1,3,4,2,5,7,10,8,12,13,14,16,17,20,21,18,25,19,22,26,27,24,30,31,29,28,32,34,35,33,37,38,40,39,41,46,44,42,48,50,0,6,9,11,15,23,36,43,45,47,49,51,52,53,54,56,55,59,60,61,63,65,67,68,71,70,72,74,75,77,79,81,82,86,84,57,62,69,73,76,80,83,85,58,64,66,78],"msg_id":91,"type":"broadcast"}}
2025/06/29 15:47:42 Sent {"src":"n0","dest":"n1","body":{"messages":[1,3,4,2,5,7,10,8,12,13,14,16,17,20,21,18,25,19,22,26,27,24,30,31,29,28,32,34,35,33,37,38,40,39,41,46,44,42,48,50,0,6,9,11,15,23,36,43,45,47,49,51,52,53,54,56,55,59,60,61,63,65,67,68,71,70,72,74,75,77,79,81,82,86,84,57,62,69,73,76,80,83,85,58,64,66,78],"msg_id":92,"type":"broadcast"}}
2025/06/29 15:47:42 Received {n1 n0 {"in_reply_to":92,"type":"broadcast_ok"}}
2025/06/29 15:47:42 Received {n3 n0 {"in_reply_to":91,"type":"broadcast_ok"}}
2025/06/29 15:47:42 Received {n3 n0 {"messages":[0,6,9,11,15,23,36,43,45,47,49,51,2,1,4,3,7,5,10,8,14,12,13,16,17,18,24,19,20,21,22,26,25,29,27,28,30,31,33,32,34,35,38,39,37,44,41,40,42,46,48,50,54,55,52,53,56,59,60,61,63,65,67,68,70,71,72,74,75,77,79,81,82,84,86,57,62,69,73,76,80,85,83,58,64,66,78],"msg_id":98,"type":"broadcast"}}
2025/06/29 15:47:42 Sent {"src":"n0","dest":"n3","body":{"in_reply_to":98,"type":"broadcast_ok"}}
2025/06/29 15:47:42 Received {n1 n0 {"messages":[1,4,3,2,5,7,10,8,14,12,13,16,17,18,19,20,21,22,26,24,25,27,29,28,30,31,33,32,34,35,38,39,37,41,40,44,42,46,48,50,0,6,9,11,15,23,36,43,45,47,49,51,53,55,52,57,54,62,69,73,76,80,83,85,58,64,66,78,56,59,60,61,63,65,67,68,71,70,72,74,75,77,79,81,82,86,84],"msg_id":136,"type":"broadcast"}}
2025/06/29 15:47:42 Sent {"src":"n0","dest":"n1","body":{"in_reply_to":136,"type":"broadcast_ok"}}
2025/06/29 15:47:42 Sent {"src":"n0","dest":"n1","body":{"messages":[1,3,4,2,5,7,10,8,12,13,14,16,17,20,21,18,25,19,22,26,27,24,30,31,29,28,32,34,35,33,37,38,40,39,41,46,44,42,48,50,0,6,9,11,15,23,36,43,45,47,49,51,52,53,54,56,55,59,60,61,63,65,67,68,71,70,72,74,75,77,79,81,82,86,84,57,62,69,73,76,80,83,85,58,64,66,78],"msg_id":93,"type":"broadcast"}}
2025/06/29 15:47:42 Sent {"src":"n0","dest":"n3","body":{"messages":[1,3,4,2,5,7,10,8,12,13,14,16,17,20,21,18,25,19,22,26,27,24,30,31,29,28,32,34,35,33,37,38,40,39,41,46,44,42,48,50,0,6,9,11,15,23,36,43,45,47,49,51,52,53,54,56,55,59,60,61,63,65,67,68,71,70,72,74,75,77,79,81,82,86,84,57,62,69,73,76,80,83,85,58,64,66,78],"msg_id":94,"type":"broadcast"}}
2025/06/29 15:47:42 Received {n1 n0 {"in_reply_to":93,"type":"broadcast_ok"}}
2025/06/29 15:47:42 Received {n3 n0 {"in_reply_to":94,"type":"broadcast_ok"}}
2025/06/29 15:47:43 Received {n3 n0 {"messages":[0,6,9,11,15,23,36,43,45,47,49,51,2,1,4,3,7,5,10,8,14,12,13,16,17,18,24,19,20,21,22,26,25,29,27,28,30,31,33,32,34,35,38,39,37,44,41,40,42,46,48,50,54,55,52,53,56,59,60,61,63,65,67,68,70,71,72,74,75,77,79,81,82,84,86,57,62,69,73,76,80,85,83,58,64,66,78],"msg_id":100,"type":"broadcast"}}
2025/06/29 15:47:43 Sent {"src":"n0","dest":"n3","body":{"in_reply_to":100,"type":"broadcast_ok"}}
2025/06/29 15:47:43 Received {n1 n0 {"messages":[1,4,3,2,5,7,10,8,14,12,13,16,17,18,19,20,21,22,26,24,25,27,29,28,30,31,33,32,34,35,38,39,37,41,40,44,42,46,48,50,0,6,9,11,15,23,36,43,45,47,49,51,53,55,52,57,54,62,69,73,76,80,83,85,58,64,66,78,56,59,60,61,63,65,67,68,71,70,72,74,75,77,79,81,82,86,84],"msg_id":139,"type":"broadcast"}}
2025/06/29 15:47:43 Sent {"src":"n0","dest":"n1","body":{"in_reply_to":139,"type":"broadcast_ok"}}
2025/06/29 15:47:43 Sent {"src":"n0","dest":"n1","body":{"messages":[1,3,4,2,5,7,10,8,12,13,14,16,17,20,21,18,25,19,22,26,27,24,30,31,29,28,32,34,35,33,37,38,40,39,41,46,44,42,48,50,0,6,9,11,15,23,36,43,45,47,49,51,52,53,54,56,55,59,60,61,63,65,67,68,71,70,72,74,75,77,79,81,82,86,84,57,62,69,73,76,80,83,85,58,64,66,78],"msg_id":95,"type":"broadcast"}}
2025/06/29 15:47:43 Sent {"src":"n0","dest":"n3","body":{"messages":[1,3,4,2,5,7,10,8,12,13,14,16,17,20,21,18,25,19,22,26,27,24,30,31,29,28,32,34,35,33,37,38,40,39,41,46,44,42,48,50,0,6,9,11,15,23,36,43,45,47,49,51,52,53,54,56,55,59,60,61,63,65,67,68,71,70,72,74,75,77,79,81,82,86,84,57,62,69,73,76,80,83,85,58,64,66,78],"msg_id":96,"type":"broadcast"}}
2025/06/29 15:47:43 Received {n1 n0 {"in_reply_to":95,"type":"broadcast_ok"}}
2025/06/29 15:47:43 Received {n3 n0 {"in_reply_to":96,"type":"broadcast_ok"}}
2025/06/29 15:47:43 Received {n3 n0 {"messages":[0,6,9,11,15,23,36,43,45,47,49,51,2,1,4,3,7,5,10,8,14,12,13,16,17,18,24,19,20,21,22,26,25,29,27,28,30,31,33,32,34,35,38,39,37,44,41,40,42,46,48,50,54,55,52,53,56,59,60,61,63,65,67,68,70,71,72,74,75,77,79,81,82,84,86,57,62,69,73,76,80,85,83,58,64,66,78],"msg_id":102,"type":"broadcast"}}
2025/06/29 15:47:43 Sent {"src":"n0","dest":"n3","body":{"in_reply_to":102,"type":"broadcast_ok"}}
2025/06/29 15:47:43 Received {n1 n0 {"messages":[1,4,3,2,5,7,10,8,14,12,13,16,17,18,19,20,21,22,26,24,25,27,29,28,30,31,33,32,34,35,38,39,37,41,40,44,42,46,48,50,0,6,9,11,15,23,36,43,45,47,49,51,53,55,52,57,54,62,69,73,76,80,83,85,58,64,66,78,56,59,60,61,63,65,67,68,71,70,72,74,75,77,79,81,82,86,84],"msg_id":144,"type":"broadcast"}}
2025/06/29 15:47:43 Sent {"src":"n0","dest":"n1","body":{"in_reply_to":144,"type":"broadcast_ok"}}
2025/06/29 15:47:43 Sent {"src":"n0","dest":"n3","body":{"messages":[1,3,4,2,5,7,10,8,12,13,14,16,17,20,21,18,25,19,22,26,27,24,30,31,29,28,32,34,35,33,37,38,40,39,41,46,44,42,48,50,0,6,9,11,15,23,36,43,45,47,49,51,52,53,54,56,55,59,60,61,63,65,67,68,71,70,72,74,75,77,79,81,82,86,84,57,62,69,73,76,80,83,85,58,64,66,78],"msg_id":98,"type":"broadcast"}}
2025/06/29 15:47:43 Sent {"src":"n0","dest":"n1","body":{"messages":[1,3,4,2,5,7,10,8,12,13,14,16,17,20,21,18,25,19,22,26,27,24,30,31,29,28,32,34,35,33,37,38,40,39,41,46,44,42,48,50,0,6,9,11,15,23,36,43,45,47,49,51,52,53,54,56,55,59,60,61,63,65,67,68,71,70,72,74,75,77,79,81,82,86,84,57,62,69,73,76,80,83,85,58,64,66,78],"msg_id":97,"type":"broadcast"}}
2025/06/29 15:47:43 Received {n3 n0 {"in_reply_to":98,"type":"broadcast_ok"}}
2025/06/29 15:47:43 Received {n1 n0 {"in_reply_to":97,"type":"broadcast_ok"}}
2025/06/29 15:47:44 Received {n3 n0 {"messages":[0,6,9,11,15,23,36,43,45,47,49,51,2,1,4,3,7,5,10,8,14,12,13,16,17,18,24,19,20,21,22,26,25,29,27,28,30,31,33,32,34,35,38,39,37,44,41,40,42,46,48,50,54,55,52,53,56,59,60,61,63,65,67,68,70,71,72,74,75,77,79,81,82,84,86,57,62,69,73,76,80,85,83,58,64,66,78],"msg_id":104,"type":"broadcast"}}
2025/06/29 15:47:44 Sent {"src":"n0","dest":"n3","body":{"in_reply_to":104,"type":"broadcast_ok"}}
2025/06/29 15:47:44 Received {n1 n0 {"messages":[1,4,3,2,5,7,10,8,14,12,13,16,17,18,19,20,21,22,26,24,25,27,29,28,30,31,33,32,34,35,38,39,37,41,40,44,42,46,48,50,0,6,9,11,15,23,36,43,45,47,49,51,53,55,52,57,54,62,69,73,76,80,83,85,58,64,66,78,56,59,60,61,63,65,67,68,71,70,72,74,75,77,79,81,82,86,84],"msg_id":145,"type":"broadcast"}}
2025/06/29 15:47:44 Sent {"src":"n0","dest":"n1","body":{"in_reply_to":145,"type":"broadcast_ok"}}
2025/06/29 15:47:44 Sent {"src":"n0","dest":"n1","body":{"messages":[1,3,4,2,5,7,10,8,12,13,14,16,17,20,21,18,25,19,22,26,27,24,30,31,29,28,32,34,35,33,37,38,40,39,41,46,44,42,48,50,0,6,9,11,15,23,36,43,45,47,49,51,52,53,54,56,55,59,60,61,63,65,67,68,71,70,72,74,75,77,79,81,82,86,84,57,62,69,73,76,80,83,85,58,64,66,78],"msg_id":100,"type":"broadcast"}}
2025/06/29 15:47:44 Sent {"src":"n0","dest":"n3","body":{"messages":[1,3,4,2,5,7,10,8,12,13,14,16,17,20,21,18,25,19,22,26,27,24,30,31,29,28,32,34,35,33,37,38,40,39,41,46,44,42,48,50,0,6,9,11,15,23,36,43,45,47,49,51,52,53,54,56,55,59,60,61,63,65,67,68,71,70,72,74,75,77,79,81,82,86,84,57,62,69,73,76,80,83,85,58,64,66,78],"msg_id":99,"type":"broadcast"}}
2025/06/29 15:47:44 Received {n1 n0 {"in_reply_to":100,"type":"broadcast_ok"}}
2025/06/29 15:47:44 Received {n3 n0 {"in_reply_to":99,"type":"broadcast_ok"}}
2025/06/29 15:47:44 Received {n3 n0 {"messages":[0,6,9,11,15,23,36,43,45,47,49,51,2,1,4,3,7,5,10,8,14,12,13,16,17,18,24,19,20,21,22,26,25,29,27,28,30,31,33,32,34,35,38,39,37,44,41,40,42,46,48,50,54,55,52,53,56,59,60,61,63,65,67,68,70,71,72,74,75,77,79,81,82,84,86,57,62,69,73,76,80,85,83,58,64,66,78],"msg_id":106,"type":"broadcast"}}
2025/06/29 15:47:44 Sent {"src":"n0","dest":"n3","body":{"in_reply_to":106,"type":"broadcast_ok"}}
2025/06/29 15:47:44 Received {n1 n0 {"messages":[1,4,3,2,5,7,10,8,14,12,13,16,17,18,19,20,21,22,26,24,25,27,29,28,30,31,33,32,34,35,38,39,37,41,40,44,42,46,48,50,0,6,9,11,15,23,36,43,45,47,49,51,53,55,52,57,54,62,69,73,76,80,83,85,58,64,66,78,56,59,60,61,63,65,67,68,71,70,72,74,75,77,79,81,82,86,84],"msg_id":150,"type":"broadcast"}}
2025/06/29 15:47:44 Sent {"src":"n0","dest":"n1","body":{"in_reply_to":150,"type":"broadcast_ok"}}
2025/06/29 15:47:44 Sent {"src":"n0","dest":"n3","body":{"messages":[1,3,4,2,5,7,10,8,12,13,14,16,17,20,21,18,25,19,22,26,27,24,30,31,29,28,32,34,35,33,37,38,40,39,41,46,44,42,48,50,0,6,9,11,15,23,36,43,45,47,49,51,52,53,54,56,55,59,60,61,63,65,67,68,71,70,72,74,75,77,79,81,82,86,84,57,62,69,73,76,80,83,85,58,64,66,78],"msg_id":102,"type":"broadcast"}}
2025/06/29 15:47:44 Sent {"src":"n0","dest":"n1","body":{"messages":[1,3,4,2,5,7,10,8,12,13,14,16,17,20,21,18,25,19,22,26,27,24,30,31,29,28,32,34,35,33,37,38,40,39,41,46,44,42,48,50,0,6,9,11,15,23,36,43,45,47,49,51,52,53,54,56,55,59,60,61,63,65,67,68,71,70,72,74,75,77,79,81,82,86,84,57,62,69,73,76,80,83,85,58,64,66,78],"msg_id":101,"type":"broadcast"}}
2025/06/29 15:47:44 Received {n3 n0 {"in_reply_to":102,"type":"broadcast_ok"}}
2025/06/29 15:47:44 Received {n1 n0 {"in_reply_to":101,"type":"broadcast_ok"}}
2025/06/29 15:47:45 Received {n3 n0 {"messages":[0,6,9,11,15,23,36,43,45,47,49,51,2,1,4,3,7,5,10,8,14,12,13,16,17,18,24,19,20,21,22,26,25,29,27,28,30,31,33,32,34,35,38,39,37,44,41,40,42,46,48,50,54,55,52,53,56,59,60,61,63,65,67,68,70,71,72,74,75,77,79,81,82,84,86,57,62,69,73,76,80,85,83,58,64,66,78],"msg_id":108,"type":"broadcast"}}
2025/06/29 15:47:45 Sent {"src":"n0","dest":"n3","body":{"in_reply_to":108,"type":"broadcast_ok"}}
2025/06/29 15:47:45 Received {n1 n0 {"messages":[1,4,3,2,5,7,10,8,14,12,13,16,17,18,19,20,21,22,26,24,25,27,29,28,30,31,33,32,34,35,38,39,37,41,40,44,42,46,48,50,0,6,9,11,15,23,36,43,45,47,49,51,53,55,52,57,54,62,69,73,76,80,83,85,58,64,66,78,56,59,60,61,63,65,67,68,71,70,72,74,75,77,79,81,82,86,84],"msg_id":151,"type":"broadcast"}}
2025/06/29 15:47:45 Sent {"src":"n0","dest":"n1","body":{"in_reply_to":151,"type":"broadcast_ok"}}
2025/06/29 15:47:45 Sent {"src":"n0","dest":"n1","body":{"messages":[1,3,4,2,5,7,10,8,12,13,14,16,17,20,21,18,25,19,22,26,27,24,30,31,29,28,32,34,35,33,37,38,40,39,41,46,44,42,48,50,0,6,9,11,15,23,36,43,45,47,49,51,52,53,54,56,55,59,60,61,63,65,67,68,71,70,72,74,75,77,79,81,82,86,84,57,62,69,73,76,80,83,85,58,64,66,78],"msg_id":104,"type":"broadcast"}}
2025/06/29 15:47:45 Sent {"src":"n0","dest":"n3","body":{"messages":[1,3,4,2,5,7,10,8,12,13,14,16,17,20,21,18,25,19,22,26,27,24,30,31,29,28,32,34,35,33,37,38,40,39,41,46,44,42,48,50,0,6,9,11,15,23,36,43,45,47,49,51,52,53,54,56,55,59,60,61,63,65,67,68,71,70,72,74,75,77,79,81,82,86,84,57,62,69,73,76,80,83,85,58,64,66,78],"msg_id":103,"type":"broadcast"}}
2025/06/29 15:47:45 Received {n1 n0 {"in_reply_to":104,"type":"broadcast_ok"}}
2025/06/29 15:47:45 Received {n3 n0 {"in_reply_to":103,"type":"broadcast_ok"}}
2025/06/29 15:47:45 Received {n3 n0 {"messages":[0,6,9,11,15,23,36,43,45,47,49,51,2,1,4,3,7,5,10,8,14,12,13,16,17,18,24,19,20,21,22,26,25,29,27,28,30,31,33,32,34,35,38,39,37,44,41,40,42,46,48,50,54,55,52,53,56,59,60,61,63,65,67,68,70,71,72,74,75,77,79,81,82,84,86,57,62,69,73,76,80,85,83,58,64,66,78],"msg_id":110,"type":"broadcast"}}
2025/06/29 15:47:45 Sent {"src":"n0","dest":"n3","body":{"in_reply_to":110,"type":"broadcast_ok"}}
2025/06/29 15:47:45 Received {n1 n0 {"messages":[1,4,3,2,5,7,10,8,14,12,13,16,17,18,19,20,21,22,26,24,25,27,29,28,30,31,33,32,34,35,38,39,37,41,40,44,42,46,48,50,0,6,9,11,15,23,36,43,45,47,49,51,53,55,52,57,54,62,69,73,76,80,83,85,58,64,66,78,56,59,60,61,63,65,67,68,71,70,72,74,75,77,79,81,82,86,84],"msg_id":154,"type":"broadcast"}}
2025/06/29 15:47:45 Sent {"src":"n0","dest":"n1","body":{"in_reply_to":154,"type":"broadcast_ok"}}
2025/06/29 15:47:45 Sent {"src":"n0","dest":"n3","body":{"messages":[1,3,4,2,5,7,10,8,12,13,14,16,17,20,21,18,25,19,22,26,27,24,30,31,29,28,32,34,35,33,37,38,40,39,41,46,44,42,48,50,0,6,9,11,15,23,36,43,45,47,49,51,52,53,54,56,55,59,60,61,63,65,67,68,71,70,72,74,75,77,79,81,82,86,84,57,62,69,73,76,80,83,85,58,64,66,78],"msg_id":106,"type":"broadcast"}}
2025/06/29 15:47:45 Sent {"src":"n0","dest":"n1","body":{"messages":[1,3,4,2,5,7,10,8,12,13,14,16,17,20,21,18,25,19,22,26,27,24,30,31,29,28,32,34,35,33,37,38,40,39,41,46,44,42,48,50,0,6,9,11,15,23,36,43,45,47,49,51,52,53,54,56,55,59,60,61,63,65,67,68,71,70,72,74,75,77,79,81,82,86,84,57,62,69,73,76,80,83,85,58,64,66,78],"msg_id":105,"type":"broadcast"}}
2025/06/29 15:47:45 Received {n3 n0 {"in_reply_to":106,"type":"broadcast_ok"}}
2025/06/29 15:47:45 Received {n1 n0 {"in_reply_to":105,"type":"broadcast_ok"}}
2025/06/29 15:47:46 Received {n3 n0 {"messages":[0,6,9,11,15,23,36,43,45,47,49,51,2,1,4,3,7,5,10,8,14,12,13,16,17,18,24,19,20,21,22,26,25,29,27,28,30,31,33,32,34,35,38,39,37,44,41,40,42,46,48,50,54,55,52,53,56,59,60,61,63,65,67,68,70,71,72,74,75,77,79,81,82,84,86,57,62,69,73,76,80,85,83,58,64,66,78],"msg_id":111,"type":"broadcast"}}
2025/06/29 15:47:46 Sent {"src":"n0","dest":"n3","body":{"in_reply_to":111,"type":"broadcast_ok"}}
2025/06/29 15:47:46 Received {n1 n0 {"messages":[1,4,3,2,5,7,10,8,14,12,13,16,17,18,19,20,21,22,26,24,25,27,29,28,30,31,33,32,34,35,38,39,37,41,40,44,42,46,48,50,0,6,9,11,15,23,36,43,45,47,49,51,53,55,52,57,54,62,69,73,76,80,83,85,58,64,66,78,56,59,60,61,63,65,67,68,71,70,72,74,75,77,79,81,82,86,84],"msg_id":157,"type":"broadcast"}}
2025/06/29 15:47:46 Sent {"src":"n0","dest":"n1","body":{"in_reply_to":157,"type":"broadcast_ok"}}
2025/06/29 15:47:46 Sent {"src":"n0","dest":"n1","body":{"messages":[1,3,4,2,5,7,10,8,12,13,14,16,17,20,21,18,25,19,22,26,27,24,30,31,29,28,32,34,35,33,37,38,40,39,41,46,44,42,48,50,0,6,9,11,15,23,36,43,45,47,49,51,52,53,54,56,55,59,60,61,63,65,67,68,71,70,72,74,75,77,79,81,82,86,84,57,62,69,73,76,80,83,85,58,64,66,78],"msg_id":108,"type":"broadcast"}}
2025/06/29 15:47:46 Sent {"src":"n0","dest":"n3","body":{"messages":[1,3,4,2,5,7,10,8,12,13,14,16,17,20,21,18,25,19,22,26,27,24,30,31,29,28,32,34,35,33,37,38,40,39,41,46,44,42,48,50,0,6,9,11,15,23,36,43,45,47,49,51,52,53,54,56,55,59,60,61,63,65,67,68,71,70,72,74,75,77,79,81,82,86,84,57,62,69,73,76,80,83,85,58,64,66,78],"msg_id":107,"type":"broadcast"}}
2025/06/29 15:47:46 Received {n3 n0 {"in_reply_to":107,"type":"broadcast_ok"}}
2025/06/29 15:47:46 Received {n1 n0 {"in_reply_to":108,"type":"broadcast_ok"}}
2025/06/29 15:47:46 Received {n3 n0 {"messages":[0,6,9,11,15,23,36,43,45,47,49,51,2,1,4,3,7,5,10,8,14,12,13,16,17,18,24,19,20,21,22,26,25,29,27,28,30,31,33,32,34,35,38,39,37,44,41,40,42,46,48,50,54,55,52,53,56,59,60,61,63,65,67,68,70,71,72,74,75,77,79,81,82,84,86,57,62,69,73,76,80,85,83,58,64,66,78],"msg_id":114,"type":"broadcast"}}
2025/06/29 15:47:46 Sent {"src":"n0","dest":"n3","body":{"in_reply_to":114,"type":"broadcast_ok"}}
2025/06/29 15:47:46 Received {n1 n0 {"messages":[1,4,3,2,5,7,10,8,14,12,13,16,17,18,19,20,21,22,26,24,25,27,29,28,30,31,33,32,34,35,38,39,37,41,40,44,42,46,48,50,0,6,9,11,15,23,36,43,45,47,49,51,53,55,52,57,54,62,69,73,76,80,83,85,58,64,66,78,56,59,60,61,63,65,67,68,71,70,72,74,75,77,79,81,82,86,84],"msg_id":161,"type":"broadcast"}}
2025/06/29 15:47:46 Sent {"src":"n0","dest":"n1","body":{"in_reply_to":161,"type":"broadcast_ok"}}
2025/06/29 15:47:46 Sent {"src":"n0","dest":"n3","body":{"messages":[1,3,4,2,5,7,10,8,12,13,14,16,17,20,21,18,25,19,22,26,27,24,30,31,29,28,32,34,35,33,37,38,40,39,41,46,44,42,48,50,0,6,9,11,15,23,36,43,45,47,49,51,52,53,54,56,55,59,60,61,63,65,67,68,71,70,72,74,75,77,79,81,82,86,84,57,62,69,73,76,80,83,85,58,64,66,78],"msg_id":110,"type":"broadcast"}}
2025/06/29 15:47:46 Sent {"src":"n0","dest":"n1","body":{"messages":[1,3,4,2,5,7,10,8,12,13,14,16,17,20,21,18,25,19,22,26,27,24,30,31,29,28,32,34,35,33,37,38,40,39,41,46,44,42,48,50,0,6,9,11,15,23,36,43,45,47,49,51,52,53,54,56,55,59,60,61,63,65,67,68,71,70,72,74,75,77,79,81,82,86,84,57,62,69,73,76,80,83,85,58,64,66,78],"msg_id":109,"type":"broadcast"}}
2025/06/29 15:47:46 Received {n3 n0 {"in_reply_to":110,"type":"broadcast_ok"}}
2025/06/29 15:47:46 Received {n1 n0 {"in_reply_to":109,"type":"broadcast_ok"}}
2025/06/29 15:47:47 Received {n3 n0 {"messages":[0,6,9,11,15,23,36,43,45,47,49,51,2,1,4,3,7,5,10,8,14,12,13,16,17,18,24,19,20,21,22,26,25,29,27,28,30,31,33,32,34,35,38,39,37,44,41,40,42,46,48,50,54,55,52,53,56,59,60,61,63,65,67,68,70,71,72,74,75,77,79,81,82,84,86,57,62,69,73,76,80,85,83,58,64,66,78],"msg_id":115,"type":"broadcast"}}
2025/06/29 15:47:47 Sent {"src":"n0","dest":"n3","body":{"in_reply_to":115,"type":"broadcast_ok"}}
2025/06/29 15:47:47 Received {n1 n0 {"messages":[1,4,3,2,5,7,10,8,14,12,13,16,17,18,19,20,21,22,26,24,25,27,29,28,30,31,33,32,34,35,38,39,37,41,40,44,42,46,48,50,0,6,9,11,15,23,36,43,45,47,49,51,53,55,52,57,54,62,69,73,76,80,83,85,58,64,66,78,56,59,60,61,63,65,67,68,71,70,72,74,75,77,79,81,82,86,84],"msg_id":164,"type":"broadcast"}}
2025/06/29 15:47:47 Sent {"src":"n0","dest":"n1","body":{"in_reply_to":164,"type":"broadcast_ok"}}
2025/06/29 15:47:47 Sent {"src":"n0","dest":"n1","body":{"messages":[1,3,4,2,5,7,10,8,12,13,14,16,17,20,21,18,25,19,22,26,27,24,30,31,29,28,32,34,35,33,37,38,40,39,41,46,44,42,48,50,0,6,9,11,15,23,36,43,45,47,49,51,52,53,54,56,55,59,60,61,63,65,67,68,71,70,72,74,75,77,79,81,82,86,84,57,62,69,73,76,80,83,85,58,64,66,78],"msg_id":111,"type":"broadcast"}}
2025/06/29 15:47:47 Sent {"src":"n0","dest":"n3","body":{"messages":[1,3,4,2,5,7,10,8,12,13,14,16,17,20,21,18,25,19,22,26,27,24,30,31,29,28,32,34,35,33,37,38,40,39,41,46,44,42,48,50,0,6,9,11,15,23,36,43,45,47,49,51,52,53,54,56,55,59,60,61,63,65,67,68,71,70,72,74,75,77,79,81,82,86,84,57,62,69,73,76,80,83,85,58,64,66,78],"msg_id":112,"type":"broadcast"}}
2025/06/29 15:47:47 Received {n1 n0 {"in_reply_to":111,"type":"broadcast_ok"}}
2025/06/29 15:47:47 Received {n3 n0 {"in_reply_to":112,"type":"broadcast_ok"}}
2025/06/29 15:47:47 Received {n3 n0 {"messages":[0,6,9,11,15,23,36,43,45,47,49,51,2,1,4,3,7,5,10,8,14,12,13,16,17,18,24,19,20,21,22,26,25,29,27,28,30,31,33,32,34,35,38,39,37,44,41,40,42,46,48,50,54,55,52,53,56,59,60,61,63,65,67,68,70,71,72,74,75,77,79,81,82,84,86,57,62,69,73,76,80,85,83,58,64,66,78],"msg_id":117,"type":"broadcast"}}
2025/06/29 15:47:47 Sent {"src":"n0","dest":"n3","body":{"in_reply_to":117,"type":"broadcast_ok"}}
2025/06/29 15:47:47 Received {n1 n0 {"messages":[1,4,3,2,5,7,10,8,14,12,13,16,17,18,19,20,21,22,26,24,25,27,29,28,30,31,33,32,34,35,38,39,37,41,40,44,42,46,48,50,0,6,9,11,15,23,36,43,45,47,49,51,53,55,52,57,54,62,69,73,76,80,83,85,58,64,66,78,56,59,60,61,63,65,67,68,71,70,72,74,75,77,79,81,82,86,84],"msg_id":167,"type":"broadcast"}}
2025/06/29 15:47:47 Sent {"src":"n0","dest":"n1","body":{"in_reply_to":167,"type":"broadcast_ok"}}
2025/06/29 15:47:47 Sent {"src":"n0","dest":"n3","body":{"messages":[1,3,4,2,5,7,10,8,12,13,14,16,17,20,21,18,25,19,22,26,27,24,30,31,29,28,32,34,35,33,37,38,40,39,41,46,44,42,48,50,0,6,9,11,15,23,36,43,45,47,49,51,52,53,54,56,55,59,60,61,63,65,67,68,71,70,72,74,75,77,79,81,82,86,84,57,62,69,73,76,80,83,85,58,64,66,78],"msg_id":114,"type":"broadcast"}}
2025/06/29 15:47:47 Sent {"src":"n0","dest":"n1","body":{"messages":[1,3,4,2,5,7,10,8,12,13,14,16,17,20,21,18,25,19,22,26,27,24,30,31,29,28,32,34,35,33,37,38,40,39,41,46,44,42,48,50,0,6,9,11,15,23,36,43,45,47,49,51,52,53,54,56,55,59,60,61,63,65,67,68,71,70,72,74,75,77,79,81,82,86,84,57,62,69,73,76,80,83,85,58,64,66,78],"msg_id":113,"type":"broadcast"}}
2025/06/29 15:47:47 Received {n3 n0 {"in_reply_to":114,"type":"broadcast_ok"}}
2025/06/29 15:47:47 Received {n1 n0 {"in_reply_to":113,"type":"broadcast_ok"}}
2025/06/29 15:47:48 Received {n3 n0 {"messages":[0,6,9,11,15,23,36,43,45,47,49,51,2,1,4,3,7,5,10,8,14,12,13,16,17,18,24,19,20,21,22,26,25,29,27,28,30,31,33,32,34,35,38,39,37,44,41,40,42,46,48,50,54,55,52,53,56,59,60,61,63,65,67,68,70,71,72,74,75,77,79,81,82,84,86,57,62,69,73,76,80,85,83,58,64,66,78],"msg_id":120,"type":"broadcast"}}
2025/06/29 15:47:48 Sent {"src":"n0","dest":"n3","body":{"in_reply_to":120,"type":"broadcast_ok"}}
2025/06/29 15:47:48 Received {n1 n0 {"messages":[1,4,3,2,5,7,10,8,14,12,13,16,17,18,19,20,21,22,26,24,25,27,29,28,30,31,33,32,34,35,38,39,37,41,40,44,42,46,48,50,0,6,9,11,15,23,36,43,45,47,49,51,53,55,52,57,54,62,69,73,76,80,83,85,58,64,66,78,56,59,60,61,63,65,67,68,71,70,72,74,75,77,79,81,82,86,84],"msg_id":169,"type":"broadcast"}}
2025/06/29 15:47:48 Sent {"src":"n0","dest":"n1","body":{"in_reply_to":169,"type":"broadcast_ok"}}
2025/06/29 15:47:48 Received {c14 n0 {"type":"read","msg_id":68}}
2025/06/29 15:47:48 Sent {"src":"n0","dest":"c14","body":{"in_reply_to":68,"messages":[1,3,4,2,5,7,10,8,12,13,14,16,17,20,21,18,25,19,22,26,27,24,30,31,29,28,32,34,35,33,37,38,40,39,41,46,44,42,48,50,0,6,9,11,15,23,36,43,45,47,49,51,52,53,54,56,55,59,60,61,63,65,67,68,71,70,72,74,75,77,79,81,82,86,84,57,62,69,73,76,80,83,85,58,64,66,78],"type":"read_ok"}}
2025/06/29 15:47:48 Sent {"src":"n0","dest":"n1","body":{"messages":[1,3,4,2,5,7,10,8,12,13,14,16,17,20,21,18,25,19,22,26,27,24,30,31,29,28,32,34,35,33,37,38,40,39,41,46,44,42,48,50,0,6,9,11,15,23,36,43,45,47,49,51,52,53,54,56,55,59,60,61,63,65,67,68,71,70,72,74,75,77,79,81,82,86,84,57,62,69,73,76,80,83,85,58,64,66,78],"msg_id":115,"type":"broadcast"}}
2025/06/29 15:47:48 Sent {"src":"n0","dest":"n3","body":{"messages":[1,3,4,2,5,7,10,8,12,13,14,16,17,20,21,18,25,19,22,26,27,24,30,31,29,28,32,34,35,33,37,38,40,39,41,46,44,42,48,50,0,6,9,11,15,23,36,43,45,47,49,51,52,53,54,56,55,59,60,61,63,65,67,68,71,70,72,74,75,77,79,81,82,86,84,57,62,69,73,76,80,83,85,58,64,66,78],"msg_id":116,"type":"broadcast"}}
2025/06/29 15:47:48 Received {n1 n0 {"in_reply_to":115,"type":"broadcast_ok"}}
2025/06/29 15:47:48 Received {n3 n0 {"in_reply_to":116,"type":"broadcast_ok"}}
