2025/06/29 15:47:18 Received {c0 n2 {"type":"init","node_id":"n2","node_ids":["n0","n1","n2","n3","n4"],"msg_id":1}}
2025/06/29 15:47:18 Node n2 initialized
2025/06/29 15:47:18 Sent {"src":"n2","dest":"c0","body":{"in_reply_to":1,"type":"init_ok"}}
2025/06/29 15:47:18 Received {c8 n2 {"type":"topology","topology":{"n0":["n3","n1"],"n1":["n4","n2","n0"],"n2":["n1"],"n3":["n0","n4"],"n4":["n1","n3"]},"msg_id":1}}
2025/06/29 15:47:18 Sent {"src":"n2","dest":"c8","body":{"in_reply_to":1,"type":"topology_ok"}}
2025/06/29 15:47:18 Received {c11 n2 {"type":"read","msg_id":1}}
2025/06/29 15:47:18 Sent {"src":"n2","dest":"c11","body":{"in_reply_to":1,"messages":[],"type":"read_ok"}}
2025/06/29 15:47:18 Received {c11 n2 {"type":"read","msg_id":2}}
2025/06/29 15:47:18 Sent {"src":"n2","dest":"c11","body":{"in_reply_to":2,"messages":[],"type":"read_ok"}}
2025/06/29 15:47:19 Received {c11 n2 {"type":"read","msg_id":3}}
2025/06/29 15:47:19 Sent {"src":"n2","dest":"c11","body":{"in_reply_to":3,"messages":[],"type":"read_ok"}}
2025/06/29 15:47:20 Received {n1 n2 {"messages":[1,4],"msg_id":3,"type":"broadcast"}}
2025/06/29 15:47:20 Sent {"src":"n2","dest":"n1","body":{"in_reply_to":3,"type":"broadcast_ok"}}
2025/06/29 15:47:20 Received {c11 n2 {"type":"broadcast","message":5,"msg_id":4}}
2025/06/29 15:47:20 Sent {"src":"n2","dest":"c11","body":{"in_reply_to":4,"type":"broadcast_ok"}}
2025/06/29 15:47:20 Received {c11 n2 {"type":"read","msg_id":5}}
2025/06/29 15:47:20 Sent {"src":"n2","dest":"c11","body":{"in_reply_to":5,"messages":[1,4,5],"type":"read_ok"}}
2025/06/29 15:47:20 Sent {"src":"n2","dest":"n1","body":{"messages":[1,4,5],"msg_id":1,"type":"broadcast"}}
2025/06/29 15:47:20 Received {n1 n2 {"messages":[1,4,3,2],"msg_id":4,"type":"broadcast"}}
2025/06/29 15:47:20 Sent {"src":"n2","dest":"n1","body":{"in_reply_to":4,"type":"broadcast_ok"}}
2025/06/29 15:47:20 Received {n1 n2 {"in_reply_to":1,"type":"broadcast_ok"}}
2025/06/29 15:47:21 Sent {"src":"n2","dest":"n1","body":{"messages":[1,4,5,3,2],"msg_id":2,"type":"broadcast"}}
2025/06/29 15:47:21 Received {n1 n2 {"messages":[1,4,3,2,5],"msg_id":9,"type":"broadcast"}}
2025/06/29 15:47:21 Sent {"src":"n2","dest":"n1","body":{"in_reply_to":9,"type":"broadcast_ok"}}
2025/06/29 15:47:21 Received {n1 n2 {"in_reply_to":2,"type":"broadcast_ok"}}
2025/06/29 15:47:21 Received {c11 n2 {"type":"broadcast","message":8,"msg_id":6}}
2025/06/29 15:47:21 Sent {"src":"n2","dest":"c11","body":{"in_reply_to":6,"type":"broadcast_ok"}}
2025/06/29 15:47:21 Sent {"src":"n2","dest":"n1","body":{"messages":[1,4,5,3,2,8],"msg_id":3,"type":"broadcast"}}
2025/06/29 15:47:21 Received {n1 n2 {"messages":[1,4,3,2,5,7,10],"msg_id":12,"type":"broadcast"}}
2025/06/29 15:47:21 Sent {"src":"n2","dest":"n1","body":{"in_reply_to":12,"type":"broadcast_ok"}}
2025/06/29 15:47:21 Received {n1 n2 {"in_reply_to":3,"type":"broadcast_ok"}}
2025/06/29 15:47:22 Received {c11 n2 {"type":"read","msg_id":7}}
2025/06/29 15:47:22 Sent {"src":"n2","dest":"c11","body":{"in_reply_to":7,"messages":[1,4,5,3,2,8,7,10],"type":"read_ok"}}
2025/06/29 15:47:22 Sent {"src":"n2","dest":"n1","body":{"messages":[1,4,5,3,2,8,7,10],"msg_id":4,"type":"broadcast"}}
2025/06/29 15:47:22 Received {n1 n2 {"messages":[1,4,3,2,5,7,10,8],"msg_id":15,"type":"broadcast"}}
2025/06/29 15:47:22 Sent {"src":"n2","dest":"n1","body":{"in_reply_to":15,"type":"broadcast_ok"}}
2025/06/29 15:47:22 Received {n1 n2 {"in_reply_to":4,"type":"broadcast_ok"}}
2025/06/29 15:47:22 Sent {"src":"n2","dest":"n1","body":{"messages":[1,4,5,3,2,8,7,10],"msg_id":5,"type":"broadcast"}}
2025/06/29 15:47:22 Received {n1 n2 {"messages":[1,4,3,2,5,7,10,8,14],"msg_id":16,"type":"broadcast"}}
2025/06/29 15:47:22 Sent {"src":"n2","dest":"n1","body":{"in_reply_to":16,"type":"broadcast_ok"}}
2025/06/29 15:47:22 Received {n1 n2 {"in_reply_to":5,"type":"broadcast_ok"}}
2025/06/29 15:47:22 Received {c11 n2 {"type":"read","msg_id":8}}
2025/06/29 15:47:22 Sent {"src":"n2","dest":"c11","body":{"in_reply_to":8,"messages":[1,4,5,3,2,8,7,10,14],"type":"read_ok"}}
2025/06/29 15:47:23 Sent {"src":"n2","dest":"n1","body":{"messages":[1,4,5,3,2,8,7,10,14],"msg_id":6,"type":"broadcast"}}
2025/06/29 15:47:23 Received {n1 n2 {"messages":[1,4,3,2,5,7,10,8,14,12,13],"msg_id":19,"type":"broadcast"}}
2025/06/29 15:47:23 Sent {"src":"n2","dest":"n1","body":{"in_reply_to":19,"type":"broadcast_ok"}}
2025/06/29 15:47:23 Received {n1 n2 {"in_reply_to":6,"type":"broadcast_ok"}}
2025/06/29 15:47:23 Received {c11 n2 {"type":"broadcast","message":19,"msg_id":9}}
2025/06/29 15:47:23 Sent {"src":"n2","dest":"c11","body":{"in_reply_to":9,"type":"broadcast_ok"}}
2025/06/29 15:47:23 Sent {"src":"n2","dest":"n1","body":{"messages":[1,4,5,3,2,8,7,10,14,12,13,19],"msg_id":7,"type":"broadcast"}}
2025/06/29 15:47:23 Received {n1 n2 {"messages":[1,4,3,2,5,7,10,8,14,12,13,16,17,18],"msg_id":24,"type":"broadcast"}}
2025/06/29 15:47:23 Sent {"src":"n2","dest":"n1","body":{"in_reply_to":24,"type":"broadcast_ok"}}
2025/06/29 15:47:23 Received {n1 n2 {"in_reply_to":7,"type":"broadcast_ok"}}
2025/06/29 15:47:23 Received {c11 n2 {"type":"read","msg_id":10}}
2025/06/29 15:47:23 Sent {"src":"n2","dest":"c11","body":{"in_reply_to":10,"messages":[1,4,5,3,2,8,7,10,14,12,13,19,16,17,18],"type":"read_ok"}}
2025/06/29 15:47:24 Sent {"src":"n2","dest":"n1","body":{"messages":[1,4,5,3,2,8,7,10,14,12,13,19,16,17,18],"msg_id":8,"type":"broadcast"}}
2025/06/29 15:47:24 Received {n1 n2 {"messages":[1,4,3,2,5,7,10,8,14,12,13,16,17,18,19,20,21,22,26],"msg_id":27,"type":"broadcast"}}
2025/06/29 15:47:24 Sent {"src":"n2","dest":"n1","body":{"in_reply_to":27,"type":"broadcast_ok"}}
2025/06/29 15:47:24 Received {n1 n2 {"in_reply_to":8,"type":"broadcast_ok"}}
2025/06/29 15:47:24 Received {c11 n2 {"type":"read","msg_id":11}}
2025/06/29 15:47:24 Sent {"src":"n2","dest":"c11","body":{"in_reply_to":11,"messages":[1,4,5,3,2,8,7,10,14,12,13,19,16,17,18,20,21,22,26],"type":"read_ok"}}
2025/06/29 15:47:24 Sent {"src":"n2","dest":"n1","body":{"messages":[1,4,5,3,2,8,7,10,14,12,13,19,16,17,18,20,21,22,26],"msg_id":9,"type":"broadcast"}}
2025/06/29 15:47:24 Received {n1 n2 {"messages":[1,4,3,2,5,7,10,8,14,12,13,16,17,18,19,20,21,22,26,24,25],"msg_id":30,"type":"broadcast"}}
2025/06/29 15:47:24 Sent {"src":"n2","dest":"n1","body":{"in_reply_to":30,"type":"broadcast_ok"}}
2025/06/29 15:47:24 Received {n1 n2 {"in_reply_to":9,"type":"broadcast_ok"}}
2025/06/29 15:47:24 Received {c11 n2 {"type":"broadcast","message":28,"msg_id":12}}
2025/06/29 15:47:24 Sent {"src":"n2","dest":"c11","body":{"in_reply_to":12,"type":"broadcast_ok"}}
2025/06/29 15:47:25 Sent {"src":"n2","dest":"n1","body":{"messages":[1,4,5,3,2,8,7,10,14,12,13,19,16,17,18,20,21,22,26,24,25,28],"msg_id":10,"type":"broadcast"}}
2025/06/29 15:47:25 Received {n1 n2 {"messages":[1,4,3,2,5,7,10,8,14,12,13,16,17,18,19,20,21,22,26,24,25,27],"msg_id":33,"type":"broadcast"}}
2025/06/29 15:47:25 Sent {"src":"n2","dest":"n1","body":{"in_reply_to":33,"type":"broadcast_ok"}}
2025/06/29 15:47:25 Received {n1 n2 {"in_reply_to":10,"type":"broadcast_ok"}}
2025/06/29 15:47:25 Received {c11 n2 {"type":"read","msg_id":13}}
2025/06/29 15:47:25 Sent {"src":"n2","dest":"c11","body":{"in_reply_to":13,"messages":[1,4,5,3,2,8,7,10,14,12,13,19,16,17,18,20,21,22,26,24,25,28,27],"type":"read_ok"}}
2025/06/29 15:47:25 Sent {"src":"n2","dest":"n1","body":{"messages":[1,4,5,3,2,8,7,10,14,12,13,19,16,17,18,20,21,22,26,24,25,28,27],"msg_id":11,"type":"broadcast"}}
2025/06/29 15:47:25 Received {n1 n2 {"messages":[1,4,3,2,5,7,10,8,14,12,13,16,17,18,19,20,21,22,26,24,25,27,29,28,30],"msg_id":36,"type":"broadcast"}}
2025/06/29 15:47:25 Sent {"src":"n2","dest":"n1","body":{"in_reply_to":36,"type":"broadcast_ok"}}
2025/06/29 15:47:25 Received {n1 n2 {"in_reply_to":11,"type":"broadcast_ok"}}
2025/06/29 15:47:26 Received {c11 n2 {"type":"broadcast","message":33,"msg_id":14}}
2025/06/29 15:47:26 Sent {"src":"n2","dest":"c11","body":{"in_reply_to":14,"type":"broadcast_ok"}}
2025/06/29 15:47:26 Sent {"src":"n2","dest":"n1","body":{"messages":[1,4,5,3,2,8,7,10,14,12,13,19,16,17,18,20,21,22,26,24,25,28,27,29,30,33],"msg_id":12,"type":"broadcast"}}
2025/06/29 15:47:26 Received {n1 n2 {"messages":[1,4,3,2,5,7,10,8,14,12,13,16,17,18,19,20,21,22,26,24,25,27,29,28,30,31],"msg_id":39,"type":"broadcast"}}
2025/06/29 15:47:26 Sent {"src":"n2","dest":"n1","body":{"in_reply_to":39,"type":"broadcast_ok"}}
2025/06/29 15:47:26 Received {n1 n2 {"in_reply_to":12,"type":"broadcast_ok"}}
2025/06/29 15:47:26 Received {c11 n2 {"type":"read","msg_id":15}}
2025/06/29 15:47:26 Sent {"src":"n2","dest":"c11","body":{"in_reply_to":15,"messages":[1,4,5,3,2,8,7,10,14,12,13,19,16,17,18,20,21,22,26,24,25,28,27,29,30,33,31],"type":"read_ok"}}
2025/06/29 15:47:26 Sent {"src":"n2","dest":"n1","body":{"messages":[1,4,5,3,2,8,7,10,14,12,13,19,16,17,18,20,21,22,26,24,25,28,27,29,30,33,31],"msg_id":13,"type":"broadcast"}}
2025/06/29 15:47:26 Received {n1 n2 {"messages":[1,4,3,2,5,7,10,8,14,12,13,16,17,18,19,20,21,22,26,24,25,27,29,28,30,31,33,32,34],"msg_id":40,"type":"broadcast"}}
2025/06/29 15:47:26 Sent {"src":"n2","dest":"n1","body":{"in_reply_to":40,"type":"broadcast_ok"}}
2025/06/29 15:47:26 Received {n1 n2 {"in_reply_to":13,"type":"broadcast_ok"}}
2025/06/29 15:47:27 Received {c11 n2 {"type":"broadcast","message":39,"msg_id":16}}
2025/06/29 15:47:27 Sent {"src":"n2","dest":"c11","body":{"in_reply_to":16,"type":"broadcast_ok"}}
2025/06/29 15:47:27 Received {n1 n2 {"messages":[1,4,3,2,5,7,10,8,14,12,13,16,17,18,19,20,21,22,26,24,25,27,29,28,30,31,33,32,34,35,38],"msg_id":43,"type":"broadcast"}}
2025/06/29 15:47:27 Sent {"src":"n2","dest":"n1","body":{"messages":[1,4,5,3,2,8,7,10,14,12,13,19,16,17,18,20,21,22,26,24,25,28,27,29,30,33,31,32,34,39],"msg_id":14,"type":"broadcast"}}
2025/06/29 15:47:27 Sent {"src":"n2","dest":"n1","body":{"in_reply_to":43,"type":"broadcast_ok"}}
2025/06/29 15:47:27 Received {n1 n2 {"in_reply_to":14,"type":"broadcast_ok"}}
2025/06/29 15:47:27 Sent {"src":"n2","dest":"n1","body":{"messages":[1,4,5,3,2,8,7,10,14,12,13,19,16,17,18,20,21,22,26,24,25,28,27,29,30,33,31,32,34,39,35,38],"msg_id":15,"type":"broadcast"}}
2025/06/29 15:47:27 Received {n1 n2 {"messages":[1,4,3,2,5,7,10,8,14,12,13,16,17,18,19,20,21,22,26,24,25,27,29,28,30,31,33,32,34,35,38,39,37],"msg_id":48,"type":"broadcast"}}
2025/06/29 15:47:27 Sent {"src":"n2","dest":"n1","body":{"in_reply_to":48,"type":"broadcast_ok"}}
2025/06/29 15:47:27 Received {n1 n2 {"in_reply_to":15,"type":"broadcast_ok"}}
2025/06/29 15:47:27 Received {c11 n2 {"type":"broadcast","message":42,"msg_id":17}}
2025/06/29 15:47:27 Sent {"src":"n2","dest":"c11","body":{"in_reply_to":17,"type":"broadcast_ok"}}
2025/06/29 15:47:28 Received {c11 n2 {"type":"read","msg_id":18}}
2025/06/29 15:47:28 Sent {"src":"n2","dest":"c11","body":{"in_reply_to":18,"messages":[1,4,5,3,2,8,7,10,14,12,13,19,16,17,18,20,21,22,26,24,25,28,27,29,30,33,31,32,34,39,35,38,37,42],"type":"read_ok"}}
2025/06/29 15:47:28 Sent {"src":"n2","dest":"n1","body":{"messages":[1,4,5,3,2,8,7,10,14,12,13,19,16,17,18,20,21,22,26,24,25,28,27,29,30,33,31,32,34,39,35,38,37,42],"msg_id":16,"type":"broadcast"}}
2025/06/29 15:47:28 Received {n1 n2 {"messages":[1,4,3,2,5,7,10,8,14,12,13,16,17,18,19,20,21,22,26,24,25,27,29,28,30,31,33,32,34,35,38,39,37,41,40],"msg_id":50,"type":"broadcast"}}
2025/06/29 15:47:28 Sent {"src":"n2","dest":"n1","body":{"in_reply_to":50,"type":"broadcast_ok"}}
2025/06/29 15:47:28 Received {n1 n2 {"in_reply_to":16,"type":"broadcast_ok"}}
2025/06/29 15:47:28 Sent {"src":"n2","dest":"n1","body":{"messages":[1,4,5,3,2,8,7,10,14,12,13,19,16,17,18,20,21,22,26,24,25,28,27,29,30,33,31,32,34,39,35,38,37,42,41,40],"msg_id":17,"type":"broadcast"}}
2025/06/29 15:47:28 Received {n1 n2 {"messages":[1,4,3,2,5,7,10,8,14,12,13,16,17,18,19,20,21,22,26,24,25,27,29,28,30,31,33,32,34,35,38,39,37,41,40,44,42],"msg_id":54,"type":"broadcast"}}
2025/06/29 15:47:28 Sent {"src":"n2","dest":"n1","body":{"in_reply_to":54,"type":"broadcast_ok"}}
2025/06/29 15:47:28 Received {n1 n2 {"in_reply_to":17,"type":"broadcast_ok"}}
2025/06/29 15:47:28 Received {c11 n2 {"type":"read","msg_id":19}}
2025/06/29 15:47:28 Sent {"src":"n2","dest":"c11","body":{"in_reply_to":19,"messages":[1,4,5,3,2,8,7,10,14,12,13,19,16,17,18,20,21,22,26,24,25,28,27,29,30,33,31,32,34,39,35,38,37,42,41,40,44],"type":"read_ok"}}
2025/06/29 15:47:29 Sent {"src":"n2","dest":"n1","body":{"messages":[1,4,5,3,2,8,7,10,14,12,13,19,16,17,18,20,21,22,26,24,25,28,27,29,30,33,31,32,34,39,35,38,37,42,41,40,44],"msg_id":18,"type":"broadcast"}}
2025/06/29 15:47:29 Received {n1 n2 {"messages":[1,4,3,2,5,7,10,8,14,12,13,16,17,18,19,20,21,22,26,24,25,27,29,28,30,31,33,32,34,35,38,39,37,41,40,44,42,46],"msg_id":56,"type":"broadcast"}}
2025/06/29 15:47:29 Sent {"src":"n2","dest":"n1","body":{"in_reply_to":56,"type":"broadcast_ok"}}
2025/06/29 15:47:29 Received {n1 n2 {"in_reply_to":18,"type":"broadcast_ok"}}
2025/06/29 15:47:29 Received {c11 n2 {"type":"read","msg_id":20}}
2025/06/29 15:47:29 Sent {"src":"n2","dest":"c11","body":{"in_reply_to":20,"messages":[1,4,5,3,2,8,7,10,14,12,13,19,16,17,18,20,21,22,26,24,25,28,27,29,30,33,31,32,34,39,35,38,37,42,41,40,44,46],"type":"read_ok"}}
2025/06/29 15:47:29 Sent {"src":"n2","dest":"n1","body":{"messages":[1,4,5,3,2,8,7,10,14,12,13,19,16,17,18,20,21,22,26,24,25,28,27,29,30,33,31,32,34,39,35,38,37,42,41,40,44,46],"msg_id":19,"type":"broadcast"}}
2025/06/29 15:47:29 Received {n1 n2 {"messages":[1,4,3,2,5,7,10,8,14,12,13,16,17,18,19,20,21,22,26,24,25,27,29,28,30,31,33,32,34,35,38,39,37,41,40,44,42,46,48],"msg_id":60,"type":"broadcast"}}
2025/06/29 15:47:29 Sent {"src":"n2","dest":"n1","body":{"in_reply_to":60,"type":"broadcast_ok"}}
2025/06/29 15:47:29 Received {n1 n2 {"in_reply_to":19,"type":"broadcast_ok"}}
2025/06/29 15:47:30 Sent {"src":"n2","dest":"n1","body":{"messages":[1,4,5,3,2,8,7,10,14,12,13,19,16,17,18,20,21,22,26,24,25,28,27,29,30,33,31,32,34,39,35,38,37,42,41,40,44,46,48],"msg_id":20,"type":"broadcast"}}
2025/06/29 15:47:30 Received {n1 n2 {"messages":[1,4,3,2,5,7,10,8,14,12,13,16,17,18,19,20,21,22,26,24,25,27,29,28,30,31,33,32,34,35,38,39,37,41,40,44,42,46,48,50],"msg_id":63,"type":"broadcast"}}
2025/06/29 15:47:30 Sent {"src":"n2","dest":"n1","body":{"in_reply_to":63,"type":"broadcast_ok"}}
2025/06/29 15:47:30 Received {n1 n2 {"in_reply_to":20,"type":"broadcast_ok"}}
2025/06/29 15:47:30 Received {c11 n2 {"type":"read","msg_id":21}}
2025/06/29 15:47:30 Sent {"src":"n2","dest":"c11","body":{"in_reply_to":21,"messages":[1,4,5,3,2,8,7,10,14,12,13,19,16,17,18,20,21,22,26,24,25,28,27,29,30,33,31,32,34,39,35,38,37,42,41,40,44,46,48,50],"type":"read_ok"}}
2025/06/29 15:47:30 Sent {"src":"n2","dest":"n1","body":{"messages":[1,4,5,3,2,8,7,10,14,12,13,19,16,17,18,20,21,22,26,24,25,28,27,29,30,33,31,32,34,39,35,38,37,42,41,40,44,46,48,50],"msg_id":21,"type":"broadcast"}}
2025/06/29 15:47:30 Received {n1 n2 {"messages":[1,4,3,2,5,7,10,8,14,12,13,16,17,18,19,20,21,22,26,24,25,27,29,28,30,31,33,32,34,35,38,39,37,41,40,44,42,46,48,50,0,6,9,11,15,23,36,43,45,47,49,51,53],"msg_id":66,"type":"broadcast"}}
2025/06/29 15:47:30 Sent {"src":"n2","dest":"n1","body":{"in_reply_to":66,"type":"broadcast_ok"}}
2025/06/29 15:47:30 Received {n1 n2 {"in_reply_to":21,"type":"broadcast_ok"}}
2025/06/29 15:47:31 Sent {"src":"n2","dest":"n1","body":{"messages":[1,4,5,3,2,8,7,10,14,12,13,19,16,17,18,20,21,22,26,24,25,28,27,29,30,33,31,32,34,39,35,38,37,42,41,40,44,46,48,50,0,6,9,11,15,23,36,43,45,47,49,51,53],"msg_id":22,"type":"broadcast"}}
2025/06/29 15:47:31 Received {c11 n2 {"type":"broadcast","message":58,"msg_id":22}}
2025/06/29 15:47:31 Sent {"src":"n2","dest":"c11","body":{"in_reply_to":22,"type":"broadcast_ok"}}
2025/06/29 15:47:31 Sent {"src":"n2","dest":"n1","body":{"messages":[1,4,5,3,2,8,7,10,14,12,13,19,16,17,18,20,21,22,26,24,25,28,27,29,30,33,31,32,34,39,35,38,37,42,41,40,44,46,48,50,0,6,9,11,15,23,36,43,45,47,49,51,53,58],"msg_id":23,"type":"broadcast"}}
2025/06/29 15:47:31 Received {c11 n2 {"type":"read","msg_id":23}}
2025/06/29 15:47:31 Sent {"src":"n2","dest":"c11","body":{"in_reply_to":23,"messages":[1,4,5,3,2,8,7,10,14,12,13,19,16,17,18,20,21,22,26,24,25,28,27,29,30,33,31,32,34,39,35,38,37,42,41,40,44,46,48,50,0,6,9,11,15,23,36,43,45,47,49,51,53,58],"type":"read_ok"}}
2025/06/29 15:47:32 Sent {"src":"n2","dest":"n1","body":{"messages":[1,4,5,3,2,8,7,10,14,12,13,19,16,17,18,20,21,22,26,24,25,28,27,29,30,33,31,32,34,39,35,38,37,42,41,40,44,46,48,50,0,6,9,11,15,23,36,43,45,47,49,51,53,58],"msg_id":24,"type":"broadcast"}}
2025/06/29 15:47:32 Received {c11 n2 {"type":"broadcast","message":64,"msg_id":24}}
2025/06/29 15:47:32 Sent {"src":"n2","dest":"c11","body":{"in_reply_to":24,"type":"broadcast_ok"}}
2025/06/29 15:47:32 Sent {"src":"n2","dest":"n1","body":{"messages":[1,4,5,3,2,8,7,10,14,12,13,19,16,17,18,20,21,22,26,24,25,28,27,29,30,33,31,32,34,39,35,38,37,42,41,40,44,46,48,50,0,6,9,11,15,23,36,43,45,47,49,51,53,58,64],"msg_id":25,"type":"broadcast"}}
2025/06/29 15:47:33 Sent {"src":"n2","dest":"n1","body":{"messages":[1,4,5,3,2,8,7,10,14,12,13,19,16,17,18,20,21,22,26,24,25,28,27,29,30,33,31,32,34,39,35,38,37,42,41,40,44,46,48,50,0,6,9,11,15,23,36,43,45,47,49,51,53,58,64],"msg_id":26,"type":"broadcast"}}
2025/06/29 15:47:33 Received {c11 n2 {"type":"broadcast","message":66,"msg_id":25}}
2025/06/29 15:47:33 Sent {"src":"n2","dest":"c11","body":{"in_reply_to":25,"type":"broadcast_ok"}}
2025/06/29 15:47:33 Sent {"src":"n2","dest":"n1","body":{"messages":[1,4,5,3,2,8,7,10,14,12,13,19,16,17,18,20,21,22,26,24,25,28,27,29,30,33,31,32,34,39,35,38,37,42,41,40,44,46,48,50,0,6,9,11,15,23,36,43,45,47,49,51,53,58,64,66],"msg_id":27,"type":"broadcast"}}
2025/06/29 15:47:33 Received {c11 n2 {"type":"read","msg_id":26}}
2025/06/29 15:47:33 Sent {"src":"n2","dest":"c11","body":{"in_reply_to":26,"messages":[1,4,5,3,2,8,7,10,14,12,13,19,16,17,18,20,21,22,26,24,25,28,27,29,30,33,31,32,34,39,35,38,37,42,41,40,44,46,48,50,0,6,9,11,15,23,36,43,45,47,49,51,53,58,64,66],"type":"read_ok"}}
2025/06/29 15:47:34 Sent {"src":"n2","dest":"n1","body":{"messages":[1,4,5,3,2,8,7,10,14,12,13,19,16,17,18,20,21,22,26,24,25,28,27,29,30,33,31,32,34,39,35,38,37,42,41,40,44,46,48,50,0,6,9,11,15,23,36,43,45,47,49,51,53,58,64,66],"msg_id":28,"type":"broadcast"}}
2025/06/29 15:47:34 Received {c11 n2 {"type":"read","msg_id":27}}
2025/06/29 15:47:34 Sent {"src":"n2","dest":"c11","body":{"in_reply_to":27,"messages":[1,4,5,3,2,8,7,10,14,12,13,19,16,17,18,20,21,22,26,24,25,28,27,29,30,33,31,32,34,39,35,38,37,42,41,40,44,46,48,50,0,6,9,11,15,23,36,43,45,47,49,51,53,58,64,66],"type":"read_ok"}}
2025/06/29 15:47:34 Sent {"src":"n2","dest":"n1","body":{"messages":[1,4,5,3,2,8,7,10,14,12,13,19,16,17,18,20,21,22,26,24,25,28,27,29,30,33,31,32,34,39,35,38,37,42,41,40,44,46,48,50,0,6,9,11,15,23,36,43,45,47,49,51,53,58,64,66],"msg_id":29,"type":"broadcast"}}
2025/06/29 15:47:35 Received {c11 n2 {"type":"read","msg_id":28}}
2025/06/29 15:47:35 Sent {"src":"n2","dest":"c11","body":{"in_reply_to":28,"messages":[1,4,5,3,2,8,7,10,14,12,13,19,16,17,18,20,21,22,26,24,25,28,27,29,30,33,31,32,34,39,35,38,37,42,41,40,44,46,48,50,0,6,9,11,15,23,36,43,45,47,49,51,53,58,64,66],"type":"read_ok"}}
2025/06/29 15:47:35 Sent {"src":"n2","dest":"n1","body":{"messages":[1,4,5,3,2,8,7,10,14,12,13,19,16,17,18,20,21,22,26,24,25,28,27,29,30,33,31,32,34,39,35,38,37,42,41,40,44,46,48,50,0,6,9,11,15,23,36,43,45,47,49,51,53,58,64,66],"msg_id":30,"type":"broadcast"}}
2025/06/29 15:47:35 Sent {"src":"n2","dest":"n1","body":{"messages":[1,4,5,3,2,8,7,10,14,12,13,19,16,17,18,20,21,22,26,24,25,28,27,29,30,33,31,32,34,39,35,38,37,42,41,40,44,46,48,50,0,6,9,11,15,23,36,43,45,47,49,51,53,58,64,66],"msg_id":31,"type":"broadcast"}}
2025/06/29 15:47:35 Received {c11 n2 {"type":"broadcast","message":78,"msg_id":29}}
2025/06/29 15:47:35 Sent {"src":"n2","dest":"c11","body":{"in_reply_to":29,"type":"broadcast_ok"}}
2025/06/29 15:47:36 Sent {"src":"n2","dest":"n1","body":{"messages":[1,4,5,3,2,8,7,10,14,12,13,19,16,17,18,20,21,22,26,24,25,28,27,29,30,33,31,32,34,39,35,38,37,42,41,40,44,46,48,50,0,6,9,11,15,23,36,43,45,47,49,51,53,58,64,66,78],"msg_id":32,"type":"broadcast"}}
2025/06/29 15:47:36 Received {c11 n2 {"type":"read","msg_id":30}}
2025/06/29 15:47:36 Sent {"src":"n2","dest":"c11","body":{"in_reply_to":30,"messages":[1,4,5,3,2,8,7,10,14,12,13,19,16,17,18,20,21,22,26,24,25,28,27,29,30,33,31,32,34,39,35,38,37,42,41,40,44,46,48,50,0,6,9,11,15,23,36,43,45,47,49,51,53,58,64,66,78],"type":"read_ok"}}
2025/06/29 15:47:36 Sent {"src":"n2","dest":"n1","body":{"messages":[1,4,5,3,2,8,7,10,14,12,13,19,16,17,18,20,21,22,26,24,25,28,27,29,30,33,31,32,34,39,35,38,37,42,41,40,44,46,48,50,0,6,9,11,15,23,36,43,45,47,49,51,53,58,64,66,78],"msg_id":33,"type":"broadcast"}}
2025/06/29 15:47:37 Sent {"src":"n2","dest":"n1","body":{"messages":[1,4,5,3,2,8,7,10,14,12,13,19,16,17,18,20,21,22,26,24,25,28,27,29,30,33,31,32,34,39,35,38,37,42,41,40,44,46,48,50,0,6,9,11,15,23,36,43,45,47,49,51,53,58,64,66,78],"msg_id":34,"type":"broadcast"}}
2025/06/29 15:47:37 Received {c11 n2 {"type":"read","msg_id":31}}
2025/06/29 15:47:37 Sent {"src":"n2","dest":"c11","body":{"in_reply_to":31,"messages":[1,4,5,3,2,8,7,10,14,12,13,19,16,17,18,20,21,22,26,24,25,28,27,29,30,33,31,32,34,39,35,38,37,42,41,40,44,46,48,50,0,6,9,11,15,23,36,43,45,47,49,51,53,58,64,66,78],"type":"read_ok"}}
2025/06/29 15:47:37 Sent {"src":"n2","dest":"n1","body":{"messages":[1,4,5,3,2,8,7,10,14,12,13,19,16,17,18,20,21,22,26,24,25,28,27,29,30,33,31,32,34,39,35,38,37,42,41,40,44,46,48,50,0,6,9,11,15,23,36,43,45,47,49,51,53,58,64,66,78],"msg_id":35,"type":"broadcast"}}
2025/06/29 15:47:38 Received {c11 n2 {"type":"read","msg_id":32}}
2025/06/29 15:47:38 Sent {"src":"n2","dest":"c11","body":{"in_reply_to":32,"messages":[1,4,5,3,2,8,7,10,14,12,13,19,16,17,18,20,21,22,26,24,25,28,27,29,30,33,31,32,34,39,35,38,37,42,41,40,44,46,48,50,0,6,9,11,15,23,36,43,45,47,49,51,53,58,64,66,78],"type":"read_ok"}}
2025/06/29 15:47:38 Sent {"src":"n2","dest":"n1","body":{"messages":[1,4,5,3,2,8,7,10,14,12,13,19,16,17,18,20,21,22,26,24,25,28,27,29,30,33,31,32,34,39,35,38,37,42,41,40,44,46,48,50,0,6,9,11,15,23,36,43,45,47,49,51,53,58,64,66,78],"msg_id":36,"type":"broadcast"}}
2025/06/29 15:47:38 Sent {"src":"n2","dest":"n1","body":{"messages":[1,4,5,3,2,8,7,10,14,12,13,19,16,17,18,20,21,22,26,24,25,28,27,29,30,33,31,32,34,39,35,38,37,42,41,40,44,46,48,50,0,6,9,11,15,23,36,43,45,47,49,51,53,58,64,66,78],"msg_id":37,"type":"broadcast"}}
2025/06/29 15:47:38 Received {n1 n2 {"messages":[1,4,3,2,5,7,10,8,14,12,13,16,17,18,19,20,21,22,26,24,25,27,29,28,30,31,33,32,34,35,38,39,37,41,40,44,42,46,48,50,0,6,9,11,15,23,36,43,45,47,49,51,53,55,52,57,54,62,69,73,76,80,83,85],"msg_id":114,"type":"broadcast"}}
2025/06/29 15:47:38 Received {n1 n2 {"in_reply_to":37,"type":"broadcast_ok"}}
2025/06/29 15:47:38 Sent {"src":"n2","dest":"n1","body":{"in_reply_to":114,"type":"broadcast_ok"}}
2025/06/29 15:47:39 Sent {"src":"n2","dest":"n1","body":{"messages":[1,4,5,3,2,8,7,10,14,12,13,19,16,17,18,20,21,22,26,24,25,28,27,29,30,33,31,32,34,39,35,38,37,42,41,40,44,46,48,50,0,6,9,11,15,23,36,43,45,47,49,51,53,58,64,66,78,55,52,57,54,62,69,73,76,80,83,85],"msg_id":38,"type":"broadcast"}}
2025/06/29 15:47:39 Received {n1 n2 {"messages":[1,4,3,2,5,7,10,8,14,12,13,16,17,18,19,20,21,22,26,24,25,27,29,28,30,31,33,32,34,35,38,39,37,41,40,44,42,46,48,50,0,6,9,11,15,23,36,43,45,47,49,51,53,55,52,57,54,62,69,73,76,80,83,85,58,64,66,78,56,59,60,61,63,65,67,68,71,70,72,74,75,77,79,81,82,86,84],"msg_id":117,"type":"broadcast"}}
2025/06/29 15:47:39 Received {n1 n2 {"in_reply_to":38,"type":"broadcast_ok"}}
2025/06/29 15:47:39 Sent {"src":"n2","dest":"n1","body":{"in_reply_to":117,"type":"broadcast_ok"}}
2025/06/29 15:47:39 Sent {"src":"n2","dest":"n1","body":{"messages":[1,4,5,3,2,8,7,10,14,12,13,19,16,17,18,20,21,22,26,24,25,28,27,29,30,33,31,32,34,39,35,38,37,42,41,40,44,46,48,50,0,6,9,11,15,23,36,43,45,47,49,51,53,58,64,66,78,55,52,57,54,62,69,73,76,80,83,85,56,59,60,61,63,65,67,68,71,70,72,74,75,77,79,81,82,86,84],"msg_id":39,"type":"broadcast"}}
2025/06/29 15:47:39 Received {n1 n2 {"in_reply_to":39,"type":"broadcast_ok"}}
2025/06/29 15:47:39 Received {n1 n2 {"messages":[1,4,3,2,5,7,10,8,14,12,13,16,17,18,19,20,21,22,26,24,25,27,29,28,30,31,33,32,34,35,38,39,37,41,40,44,42,46,48,50,0,6,9,11,15,23,36,43,45,47,49,51,53,55,52,57,54,62,69,73,76,80,83,85,58,64,66,78,56,59,60,61,63,65,67,68,71,70,72,74,75,77,79,81,82,86,84],"msg_id":120,"type":"broadcast"}}
2025/06/29 15:47:39 Sent {"src":"n2","dest":"n1","body":{"in_reply_to":120,"type":"broadcast_ok"}}
2025/06/29 15:47:40 Sent {"src":"n2","dest":"n1","body":{"messages":[1,4,5,3,2,8,7,10,14,12,13,19,16,17,18,20,21,22,26,24,25,28,27,29,30,33,31,32,34,39,35,38,37,42,41,40,44,46,48,50,0,6,9,11,15,23,36,43,45,47,49,51,53,58,64,66,78,55,52,57,54,62,69,73,76,80,83,85,56,59,60,61,63,65,67,68,71,70,72,74,75,77,79,81,82,86,84],"msg_id":40,"type":"broadcast"}}
2025/06/29 15:47:40 Received {n1 n2 {"in_reply_to":40,"type":"broadcast_ok"}}
2025/06/29 15:47:40 Received {n1 n2 {"messages":[1,4,3,2,5,7,10,8,14,12,13,16,17,18,19,20,21,22,26,24,25,27,29,28,30,31,33,32,34,35,38,39,37,41,40,44,42,46,48,50,0,6,9,11,15,23,36,43,45,47,49,51,53,55,52,57,54,62,69,73,76,80,83,85,58,64,66,78,56,59,60,61,63,65,67,68,71,70,72,74,75,77,79,81,82,86,84],"msg_id":123,"type":"broadcast"}}
2025/06/29 15:47:40 Sent {"src":"n2","dest":"n1","body":{"in_reply_to":123,"type":"broadcast_ok"}}
2025/06/29 15:47:40 Sent {"src":"n2","dest":"n1","body":{"messages":[1,4,5,3,2,8,7,10,14,12,13,19,16,17,18,20,21,22,26,24,25,28,27,29,30,33,31,32,34,39,35,38,37,42,41,40,44,46,48,50,0,6,9,11,15,23,36,43,45,47,49,51,53,58,64,66,78,55,52,57,54,62,69,73,76,80,83,85,56,59,60,61,63,65,67,68,71,70,72,74,75,77,79,81,82,86,84],"msg_id":41,"type":"broadcast"}}
2025/06/29 15:47:40 Received {n1 n2 {"in_reply_to":41,"type":"broadcast_ok"}}
2025/06/29 15:47:40 Received {n1 n2 {"messages":[1,4,3,2,5,7,10,8,14,12,13,16,17,18,19,20,21,22,26,24,25,27,29,28,30,31,33,32,34,35,38,39,37,41,40,44,42,46,48,50,0,6,9,11,15,23,36,43,45,47,49,51,53,55,52,57,54,62,69,73,76,80,83,85,58,64,66,78,56,59,60,61,63,65,67,68,71,70,72,74,75,77,79,81,82,86,84],"msg_id":126,"type":"broadcast"}}
2025/06/29 15:47:40 Sent {"src":"n2","dest":"n1","body":{"in_reply_to":126,"type":"broadcast_ok"}}
2025/06/29 15:47:41 Sent {"src":"n2","dest":"n1","body":{"messages":[1,4,5,3,2,8,7,10,14,12,13,19,16,17,18,20,21,22,26,24,25,28,27,29,30,33,31,32,34,39,35,38,37,42,41,40,44,46,48,50,0,6,9,11,15,23,36,43,45,47,49,51,53,58,64,66,78,55,52,57,54,62,69,73,76,80,83,85,56,59,60,61,63,65,67,68,71,70,72,74,75,77,79,81,82,86,84],"msg_id":42,"type":"broadcast"}}
2025/06/29 15:47:41 Received {n1 n2 {"in_reply_to":42,"type":"broadcast_ok"}}
2025/06/29 15:47:41 Received {n1 n2 {"messages":[1,4,3,2,5,7,10,8,14,12,13,16,17,18,19,20,21,22,26,24,25,27,29,28,30,31,33,32,34,35,38,39,37,41,40,44,42,46,48,50,0,6,9,11,15,23,36,43,45,47,49,51,53,55,52,57,54,62,69,73,76,80,83,85,58,64,66,78,56,59,60,61,63,65,67,68,71,70,72,74,75,77,79,81,82,86,84],"msg_id":128,"type":"broadcast"}}
2025/06/29 15:47:41 Sent {"src":"n2","dest":"n1","body":{"in_reply_to":128,"type":"broadcast_ok"}}
2025/06/29 15:47:41 Sent {"src":"n2","dest":"n1","body":{"messages":[1,4,5,3,2,8,7,10,14,12,13,19,16,17,18,20,21,22,26,24,25,28,27,29,30,33,31,32,34,39,35,38,37,42,41,40,44,46,48,50,0,6,9,11,15,23,36,43,45,47,49,51,53,58,64,66,78,55,52,57,54,62,69,73,76,80,83,85,56,59,60,61,63,65,67,68,71,70,72,74,75,77,79,81,82,86,84],"msg_id":43,"type":"broadcast"}}
2025/06/29 15:47:41 Received {n1 n2 {"in_reply_to":43,"type":"broadcast_ok"}}
2025/06/29 15:47:41 Received {n1 n2 {"messages":[1,4,3,2,5,7,10,8,14,12,13,16,17,18,19,20,21,22,26,24,25,27,29,28,30,31,33,32,34,35,38,39,37,41,40,44,42,46,48,50,0,6,9,11,15,23,36,43,45,47,49,51,53,55,52,57,54,62,69,73,76,80,83,85,58,64,66,78,56,59,60,61,63,65,67,68,71,70,72,74,75,77,79,81,82,86,84],"msg_id":131,"type":"broadcast"}}
2025/06/29 15:47:41 Sent {"src":"n2","dest":"n1","body":{"in_reply_to":131,"type":"broadcast_ok"}}
2025/06/29 15:47:42 Sent {"src":"n2","dest":"n1","body":{"messages":[1,4,5,3,2,8,7,10,14,12,13,19,16,17,18,20,21,22,26,24,25,28,27,29,30,33,31,32,34,39,35,38,37,42,41,40,44,46,48,50,0,6,9,11,15,23,36,43,45,47,49,51,53,58,64,66,78,55,52,57,54,62,69,73,76,80,83,85,56,59,60,61,63,65,67,68,71,70,72,74,75,77,79,81,82,86,84],"msg_id":44,"type":"broadcast"}}
2025/06/29 15:47:42 Received {n1 n2 {"in_reply_to":44,"type":"broadcast_ok"}}
2025/06/29 15:47:42 Received {n1 n2 {"messages":[1,4,3,2,5,7,10,8,14,12,13,16,17,18,19,20,21,22,26,24,25,27,29,28,30,31,33,32,34,35,38,39,37,41,40,44,42,46,48,50,0,6,9,11,15,23,36,43,45,47,49,51,53,55,52,57,54,62,69,73,76,80,83,85,58,64,66,78,56,59,60,61,63,65,67,68,71,70,72,74,75,77,79,81,82,86,84],"msg_id":134,"type":"broadcast"}}
2025/06/29 15:47:42 Sent {"src":"n2","dest":"n1","body":{"in_reply_to":134,"type":"broadcast_ok"}}
2025/06/29 15:47:42 Sent {"src":"n2","dest":"n1","body":{"messages":[1,4,5,3,2,8,7,10,14,12,13,19,16,17,18,20,21,22,26,24,25,28,27,29,30,33,31,32,34,39,35,38,37,42,41,40,44,46,48,50,0,6,9,11,15,23,36,43,45,47,49,51,53,58,64,66,78,55,52,57,54,62,69,73,76,80,83,85,56,59,60,61,63,65,67,68,71,70,72,74,75,77,79,81,82,86,84],"msg_id":45,"type":"broadcast"}}
2025/06/29 15:47:42 Received {n1 n2 {"messages":[1,4,3,2,5,7,10,8,14,12,13,16,17,18,19,20,21,22,26,24,25,27,29,28,30,31,33,32,34,35,38,39,37,41,40,44,42,46,48,50,0,6,9,11,15,23,36,43,45,47,49,51,53,55,52,57,54,62,69,73,76,80,83,85,58,64,66,78,56,59,60,61,63,65,67,68,71,70,72,74,75,77,79,81,82,86,84],"msg_id":138,"type":"broadcast"}}
2025/06/29 15:47:42 Received {n1 n2 {"in_reply_to":45,"type":"broadcast_ok"}}
2025/06/29 15:47:42 Sent {"src":"n2","dest":"n1","body":{"in_reply_to":138,"type":"broadcast_ok"}}
2025/06/29 15:47:43 Sent {"src":"n2","dest":"n1","body":{"messages":[1,4,5,3,2,8,7,10,14,12,13,19,16,17,18,20,21,22,26,24,25,28,27,29,30,33,31,32,34,39,35,38,37,42,41,40,44,46,48,50,0,6,9,11,15,23,36,43,45,47,49,51,53,58,64,66,78,55,52,57,54,62,69,73,76,80,83,85,56,59,60,61,63,65,67,68,71,70,72,74,75,77,79,81,82,86,84],"msg_id":46,"type":"broadcast"}}
2025/06/29 15:47:43 Received {n1 n2 {"in_reply_to":46,"type":"broadcast_ok"}}
2025/06/29 15:47:43 Received {n1 n2 {"messages":[1,4,3,2,5,7,10,8,14,12,13,16,17,18,19,20,21,22,26,24,25,27,29,28,30,31,33,32,34,35,38,39,37,41,40,44,42,46,48,50,0,6,9,11,15,23,36,43,45,47,49,51,53,55,52,57,54,62,69,73,76,80,83,85,58,64,66,78,56,59,60,61,63,65,67,68,71,70,72,74,75,77,79,81,82,86,84],"msg_id":141,"type":"broadcast"}}
2025/06/29 15:47:43 Sent {"src":"n2","dest":"n1","body":{"in_reply_to":141,"type":"broadcast_ok"}}
2025/06/29 15:47:43 Sent {"src":"n2","dest":"n1","body":{"messages":[1,4,5,3,2,8,7,10,14,12,13,19,16,17,18,20,21,22,26,24,25,28,27,29,30,33,31,32,34,39,35,38,37,42,41,40,44,46,48,50,0,6,9,11,15,23,36,43,45,47,49,51,53,58,64,66,78,55,52,57,54,62,69,73,76,80,83,85,56,59,60,61,63,65,67,68,71,70,72,74,75,77,79,81,82,86,84],"msg_id":47,"type":"broadcast"}}
2025/06/29 15:47:43 Received {n1 n2 {"in_reply_to":47,"type":"broadcast_ok"}}
2025/06/29 15:47:43 Received {n1 n2 {"messages":[1,4,3,2,5,7,10,8,14,12,13,16,17,18,19,20,21,22,26,24,25,27,29,28,30,31,33,32,34,35,38,39,37,41,40,44,42,46,48,50,0,6,9,11,15,23,36,43,45,47,49,51,53,55,52,57,54,62,69,73,76,80,83,85,58,64,66,78,56,59,60,61,63,65,67,68,71,70,72,74,75,77,79,81,82,86,84],"msg_id":142,"type":"broadcast"}}
2025/06/29 15:47:43 Sent {"src":"n2","dest":"n1","body":{"in_reply_to":142,"type":"broadcast_ok"}}
2025/06/29 15:47:44 Sent {"src":"n2","dest":"n1","body":{"messages":[1,4,5,3,2,8,7,10,14,12,13,19,16,17,18,20,21,22,26,24,25,28,27,29,30,33,31,32,34,39,35,38,37,42,41,40,44,46,48,50,0,6,9,11,15,23,36,43,45,47,49,51,53,58,64,66,78,55,52,57,54,62,69,73,76,80,83,85,56,59,60,61,63,65,67,68,71,70,72,74,75,77,79,81,82,86,84],"msg_id":48,"type":"broadcast"}}
2025/06/29 15:47:44 Received {n1 n2 {"in_reply_to":48,"type":"broadcast_ok"}}
2025/06/29 15:47:44 Received {n1 n2 {"messages":[1,4,3,2,5,7,10,8,14,12,13,16,17,18,19,20,21,22,26,24,25,27,29,28,30,31,33,32,34,35,38,39,37,41,40,44,42,46,48,50,0,6,9,11,15,23,36,43,45,47,49,51,53,55,52,57,54,62,69,73,76,80,83,85,58,64,66,78,56,59,60,61,63,65,67,68,71,70,72,74,75,77,79,81,82,86,84],"msg_id":147,"type":"broadcast"}}
2025/06/29 15:47:44 Sent {"src":"n2","dest":"n1","body":{"in_reply_to":147,"type":"broadcast_ok"}}
2025/06/29 15:47:44 Sent {"src":"n2","dest":"n1","body":{"messages":[1,4,5,3,2,8,7,10,14,12,13,19,16,17,18,20,21,22,26,24,25,28,27,29,30,33,31,32,34,39,35,38,37,42,41,40,44,46,48,50,0,6,9,11,15,23,36,43,45,47,49,51,53,58,64,66,78,55,52,57,54,62,69,73,76,80,83,85,56,59,60,61,63,65,67,68,71,70,72,74,75,77,79,81,82,86,84],"msg_id":49,"type":"broadcast"}}
2025/06/29 15:47:44 Received {n1 n2 {"in_reply_to":49,"type":"broadcast_ok"}}
2025/06/29 15:47:44 Received {n1 n2 {"messages":[1,4,3,2,5,7,10,8,14,12,13,16,17,18,19,20,21,22,26,24,25,27,29,28,30,31,33,32,34,35,38,39,37,41,40,44,42,46,48,50,0,6,9,11,15,23,36,43,45,47,49,51,53,55,52,57,54,62,69,73,76,80,83,85,58,64,66,78,56,59,60,61,63,65,67,68,71,70,72,74,75,77,79,81,82,86,84],"msg_id":149,"type":"broadcast"}}
2025/06/29 15:47:44 Sent {"src":"n2","dest":"n1","body":{"in_reply_to":149,"type":"broadcast_ok"}}
2025/06/29 15:47:45 Sent {"src":"n2","dest":"n1","body":{"messages":[1,4,5,3,2,8,7,10,14,12,13,19,16,17,18,20,21,22,26,24,25,28,27,29,30,33,31,32,34,39,35,38,37,42,41,40,44,46,48,50,0,6,9,11,15,23,36,43,45,47,49,51,53,58,64,66,78,55,52,57,54,62,69,73,76,80,83,85,56,59,60,61,63,65,67,68,71,70,72,74,75,77,79,81,82,86,84],"msg_id":50,"type":"broadcast"}}
2025/06/29 15:47:45 Received {n1 n2 {"messages":[1,4,3,2,5,7,10,8,14,12,13,16,17,18,19,20,21,22,26,24,25,27,29,28,30,31,33,32,34,35,38,39,37,41,40,44,42,46,48,50,0,6,9,11,15,23,36,43,45,47,49,51,53,55,52,57,54,62,69,73,76,80,83,85,58,64,66,78,56,59,60,61,63,65,67,68,71,70,72,74,75,77,79,81,82,86,84],"msg_id":153,"type":"broadcast"}}
2025/06/29 15:47:45 Sent {"src":"n2","dest":"n1","body":{"in_reply_to":153,"type":"broadcast_ok"}}
2025/06/29 15:47:45 Received {n1 n2 {"in_reply_to":50,"type":"broadcast_ok"}}
2025/06/29 15:47:45 Sent {"src":"n2","dest":"n1","body":{"messages":[1,4,5,3,2,8,7,10,14,12,13,19,16,17,18,20,21,22,26,24,25,28,27,29,30,33,31,32,34,39,35,38,37,42,41,40,44,46,48,50,0,6,9,11,15,23,36,43,45,47,49,51,53,58,64,66,78,55,52,57,54,62,69,73,76,80,83,85,56,59,60,61,63,65,67,68,71,70,72,74,75,77,79,81,82,86,84],"msg_id":51,"type":"broadcast"}}
2025/06/29 15:47:45 Received {n1 n2 {"messages":[1,4,3,2,5,7,10,8,14,12,13,16,17,18,19,20,21,22,26,24,25,27,29,28,30,31,33,32,34,35,38,39,37,41,40,44,42,46,48,50,0,6,9,11,15,23,36,43,45,47,49,51,53,55,52,57,54,62,69,73,76,80,83,85,58,64,66,78,56,59,60,61,63,65,67,68,71,70,72,74,75,77,79,81,82,86,84],"msg_id":155,"type":"broadcast"}}
2025/06/29 15:47:45 Sent {"src":"n2","dest":"n1","body":{"in_reply_to":155,"type":"broadcast_ok"}}
2025/06/29 15:47:45 Received {n1 n2 {"in_reply_to":51,"type":"broadcast_ok"}}
2025/06/29 15:47:46 Sent {"src":"n2","dest":"n1","body":{"messages":[1,4,5,3,2,8,7,10,14,12,13,19,16,17,18,20,21,22,26,24,25,28,27,29,30,33,31,32,34,39,35,38,37,42,41,40,44,46,48,50,0,6,9,11,15,23,36,43,45,47,49,51,53,58,64,66,78,55,52,57,54,62,69,73,76,80,83,85,56,59,60,61,63,65,67,68,71,70,72,74,75,77,79,81,82,86,84],"msg_id":52,"type":"broadcast"}}
2025/06/29 15:47:46 Received {n1 n2 {"messages":[1,4,3,2,5,7,10,8,14,12,13,16,17,18,19,20,21,22,26,24,25,27,29,28,30,31,33,32,34,35,38,39,37,41,40,44,42,46,48,50,0,6,9,11,15,23,36,43,45,47,49,51,53,55,52,57,54,62,69,73,76,80,83,85,58,64,66,78,56,59,60,61,63,65,67,68,71,70,72,74,75,77,79,81,82,86,84],"msg_id":159,"type":"broadcast"}}
2025/06/29 15:47:46 Sent {"src":"n2","dest":"n1","body":{"in_reply_to":159,"type":"broadcast_ok"}}
2025/06/29 15:47:46 Received {n1 n2 {"in_reply_to":52,"type":"broadcast_ok"}}
2025/06/29 15:47:46 Sent {"src":"n2","dest":"n1","body":{"messages":[1,4,5,3,2,8,7,10,14,12,13,19,16,17,18,20,21,22,26,24,25,28,27,29,30,33,31,32,34,39,35,38,37,42,41,40,44,46,48,50,0,6,9,11,15,23,36,43,45,47,49,51,53,58,64,66,78,55,52,57,54,62,69,73,76,80,83,85,56,59,60,61,63,65,67,68,71,70,72,74,75,77,79,81,82,86,84],"msg_id":53,"type":"broadcast"}}
2025/06/29 15:47:46 Received {n1 n2 {"messages":[1,4,3,2,5,7,10,8,14,12,13,16,17,18,19,20,21,22,26,24,25,27,29,28,30,31,33,32,34,35,38,39,37,41,40,44,42,46,48,50,0,6,9,11,15,23,36,43,45,47,49,51,53,55,52,57,54,62,69,73,76,80,83,85,58,64,66,78,56,59,60,61,63,65,67,68,71,70,72,74,75,77,79,81,82,86,84],"msg_id":160,"type":"broadcast"}}
2025/06/29 15:47:46 Sent {"src":"n2","dest":"n1","body":{"in_reply_to":160,"type":"broadcast_ok"}}
2025/06/29 15:47:46 Received {n1 n2 {"in_reply_to":53,"type":"broadcast_ok"}}
2025/06/29 15:47:47 Sent {"src":"n2","dest":"n1","body":{"messages":[1,4,5,3,2,8,7,10,14,12,13,19,16,17,18,20,21,22,26,24,25,28,27,29,30,33,31,32,34,39,35,38,37,42,41,40,44,46,48,50,0,6,9,11,15,23,36,43,45,47,49,51,53,58,64,66,78,55,52,57,54,62,69,73,76,80,83,85,56,59,60,61,63,65,67,68,71,70,72,74,75,77,79,81,82,86,84],"msg_id":54,"type":"broadcast"}}
2025/06/29 15:47:47 Received {n1 n2 {"messages":[1,4,3,2,5,7,10,8,14,12,13,16,17,18,19,20,21,22,26,24,25,27,29,28,30,31,33,32,34,35,38,39,37,41,40,44,42,46,48,50,0,6,9,11,15,23,36,43,45,47,49,51,53,55,52,57,54,62,69,73,76,80,83,85,58,64,66,78,56,59,60,61,63,65,67,68,71,70,72,74,75,77,79,81,82,86,84],"msg_id":163,"type":"broadcast"}}
2025/06/29 15:47:47 Sent {"src":"n2","dest":"n1","body":{"in_reply_to":163,"type":"broadcast_ok"}}
2025/06/29 15:47:47 Received {n1 n2 {"in_reply_to":54,"type":"broadcast_ok"}}
2025/06/29 15:47:47 Sent {"src":"n2","dest":"n1","body":{"messages":[1,4,5,3,2,8,7,10,14,12,13,19,16,17,18,20,21,22,26,24,25,28,27,29,30,33,31,32,34,39,35,38,37,42,41,40,44,46,48,50,0,6,9,11,15,23,36,43,45,47,49,51,53,58,64,66,78,55,52,57,54,62,69,73,76,80,83,85,56,59,60,61,63,65,67,68,71,70,72,74,75,77,79,81,82,86,84],"msg_id":55,"type":"broadcast"}}
2025/06/29 15:47:47 Received {n1 n2 {"messages":[1,4,3,2,5,7,10,8,14,12,13,16,17,18,19,20,21,22,26,24,25,27,29,28,30,31,33,32,34,35,38,39,37,41,40,44,42,46,48,50,0,6,9,11,15,23,36,43,45,47,49,51,53,55,52,57,54,62,69,73,76,80,83,85,58,64,66,78,56,59,60,61,63,65,67,68,71,70,72,74,75,77,79,81,82,86,84],"msg_id":166,"type":"broadcast"}}
2025/06/29 15:47:47 Sent {"src":"n2","dest":"n1","body":{"in_reply_to":166,"type":"broadcast_ok"}}
2025/06/29 15:47:47 Received {n1 n2 {"in_reply_to":55,"type":"broadcast_ok"}}
2025/06/29 15:47:48 Sent {"src":"n2","dest":"n1","body":{"messages":[1,4,5,3,2,8,7,10,14,12,13,19,16,17,18,20,21,22,26,24,25,28,27,29,30,33,31,32,34,39,35,38,37,42,41,40,44,46,48,50,0,6,9,11,15,23,36,43,45,47,49,51,53,58,64,66,78,55,52,57,54,62,69,73,76,80,83,85,56,59,60,61,63,65,67,68,71,70,72,74,75,77,79,81,82,86,84],"msg_id":56,"type":"broadcast"}}
2025/06/29 15:47:48 Received {n1 n2 {"messages":[1,4,3,2,5,7,10,8,14,12,13,16,17,18,19,20,21,22,26,24,25,27,29,28,30,31,33,32,34,35,38,39,37,41,40,44,42,46,48,50,0,6,9,11,15,23,36,43,45,47,49,51,53,55,52,57,54,62,69,73,76,80,83,85,58,64,66,78,56,59,60,61,63,65,67,68,71,70,72,74,75,77,79,81,82,86,84],"msg_id":171,"type":"broadcast"}}
2025/06/29 15:47:48 Sent {"src":"n2","dest":"n1","body":{"in_reply_to":171,"type":"broadcast_ok"}}
2025/06/29 15:47:48 Received {n1 n2 {"in_reply_to":56,"type":"broadcast_ok"}}
2025/06/29 15:47:48 Received {c11 n2 {"type":"read","msg_id":33}}
2025/06/29 15:47:48 Sent {"src":"n2","dest":"c11","body":{"in_reply_to":33,"messages":[1,4,5,3,2,8,7,10,14,12,13,19,16,17,18,20,21,22,26,24,25,28,27,29,30,33,31,32,34,39,35,38,37,42,41,40,44,46,48,50,0,6,9,11,15,23,36,43,45,47,49,51,53,58,64,66,78,55,52,57,54,62,69,73,76,80,83,85,56,59,60,61,63,65,67,68,71,70,72,74,75,77,79,81,82,86,84],"type":"read_ok"}}
