2025/06/29 15:47:18 Received {c2 n3 {"type":"init","node_id":"n3","node_ids":["n0","n1","n2","n3","n4"],"msg_id":1}}
2025/06/29 15:47:18 Node n3 initialized
2025/06/29 15:47:18 Sent {"src":"n3","dest":"c2","body":{"in_reply_to":1,"type":"init_ok"}}
2025/06/29 15:47:18 Received {c7 n3 {"type":"topology","topology":{"n0":["n3","n1"],"n1":["n4","n2","n0"],"n2":["n1"],"n3":["n0","n4"],"n4":["n1","n3"]},"msg_id":1}}
2025/06/29 15:47:18 Sent {"src":"n3","dest":"c7","body":{"in_reply_to":1,"type":"topology_ok"}}
2025/06/29 15:47:18 Received {c12 n3 {"type":"broadcast","message":0,"msg_id":1}}
2025/06/29 15:47:18 Sent {"src":"n3","dest":"c12","body":{"in_reply_to":1,"type":"broadcast_ok"}}
2025/06/29 15:47:18 Sent {"src":"n3","dest":"n4","body":{"messages":[0],"msg_id":1,"type":"broadcast"}}
2025/06/29 15:47:18 Sent {"src":"n3","dest":"n0","body":{"messages":[0],"msg_id":2,"type":"broadcast"}}
2025/06/29 15:47:19 Received {c12 n3 {"type":"read","msg_id":2}}
2025/06/29 15:47:19 Sent {"src":"n3","dest":"c12","body":{"in_reply_to":2,"messages":[0],"type":"read_ok"}}
2025/06/29 15:47:19 Sent {"src":"n3","dest":"n0","body":{"messages":[0],"msg_id":4,"type":"broadcast"}}
2025/06/29 15:47:19 Sent {"src":"n3","dest":"n4","body":{"messages":[0],"msg_id":3,"type":"broadcast"}}
2025/06/29 15:47:19 Received {c12 n3 {"type":"read","msg_id":3}}
2025/06/29 15:47:19 Sent {"src":"n3","dest":"c12","body":{"in_reply_to":3,"messages":[0],"type":"read_ok"}}
2025/06/29 15:47:19 Sent {"src":"n3","dest":"n4","body":{"messages":[0],"msg_id":5,"type":"broadcast"}}
2025/06/29 15:47:19 Sent {"src":"n3","dest":"n0","body":{"messages":[0],"msg_id":6,"type":"broadcast"}}
2025/06/29 15:47:20 Sent {"src":"n3","dest":"n4","body":{"messages":[0],"msg_id":7,"type":"broadcast"}}
2025/06/29 15:47:20 Sent {"src":"n3","dest":"n0","body":{"messages":[0],"msg_id":8,"type":"broadcast"}}
2025/06/29 15:47:20 Received {c12 n3 {"type":"broadcast","message":6,"msg_id":4}}
2025/06/29 15:47:20 Sent {"src":"n3","dest":"c12","body":{"in_reply_to":4,"type":"broadcast_ok"}}
2025/06/29 15:47:20 Received {c12 n3 {"type":"read","msg_id":5}}
2025/06/29 15:47:20 Sent {"src":"n3","dest":"c12","body":{"in_reply_to":5,"messages":[0,6],"type":"read_ok"}}
2025/06/29 15:47:20 Sent {"src":"n3","dest":"n4","body":{"messages":[0,6],"msg_id":9,"type":"broadcast"}}
2025/06/29 15:47:20 Sent {"src":"n3","dest":"n0","body":{"messages":[0,6],"msg_id":10,"type":"broadcast"}}
2025/06/29 15:47:21 Sent {"src":"n3","dest":"n4","body":{"messages":[0,6],"msg_id":11,"type":"broadcast"}}
2025/06/29 15:47:21 Sent {"src":"n3","dest":"n0","body":{"messages":[0,6],"msg_id":12,"type":"broadcast"}}
2025/06/29 15:47:21 Received {c12 n3 {"type":"broadcast","message":9,"msg_id":6}}
2025/06/29 15:47:21 Sent {"src":"n3","dest":"c12","body":{"in_reply_to":6,"type":"broadcast_ok"}}
2025/06/29 15:47:21 Sent {"src":"n3","dest":"n4","body":{"messages":[0,6,9],"msg_id":13,"type":"broadcast"}}
2025/06/29 15:47:21 Sent {"src":"n3","dest":"n0","body":{"messages":[0,6,9],"msg_id":14,"type":"broadcast"}}
2025/06/29 15:47:22 Received {c12 n3 {"type":"broadcast","message":11,"msg_id":7}}
2025/06/29 15:47:22 Sent {"src":"n3","dest":"c12","body":{"in_reply_to":7,"type":"broadcast_ok"}}
2025/06/29 15:47:22 Sent {"src":"n3","dest":"n4","body":{"messages":[0,6,9,11],"msg_id":15,"type":"broadcast"}}
2025/06/29 15:47:22 Sent {"src":"n3","dest":"n0","body":{"messages":[0,6,9,11],"msg_id":16,"type":"broadcast"}}
2025/06/29 15:47:22 Sent {"src":"n3","dest":"n4","body":{"messages":[0,6,9,11],"msg_id":17,"type":"broadcast"}}
2025/06/29 15:47:22 Sent {"src":"n3","dest":"n0","body":{"messages":[0,6,9,11],"msg_id":18,"type":"broadcast"}}
2025/06/29 15:47:22 Received {c12 n3 {"type":"broadcast","message":15,"msg_id":8}}
2025/06/29 15:47:22 Sent {"src":"n3","dest":"c12","body":{"in_reply_to":8,"type":"broadcast_ok"}}
2025/06/29 15:47:23 Sent {"src":"n3","dest":"n4","body":{"messages":[0,6,9,11,15],"msg_id":19,"type":"broadcast"}}
2025/06/29 15:47:23 Sent {"src":"n3","dest":"n0","body":{"messages":[0,6,9,11,15],"msg_id":20,"type":"broadcast"}}
2025/06/29 15:47:23 Received {c12 n3 {"type":"read","msg_id":9}}
2025/06/29 15:47:23 Sent {"src":"n3","dest":"c12","body":{"in_reply_to":9,"messages":[0,6,9,11,15],"type":"read_ok"}}
2025/06/29 15:47:23 Sent {"src":"n3","dest":"n4","body":{"messages":[0,6,9,11,15],"msg_id":21,"type":"broadcast"}}
2025/06/29 15:47:23 Sent {"src":"n3","dest":"n0","body":{"messages":[0,6,9,11,15],"msg_id":22,"type":"broadcast"}}
2025/06/29 15:47:23 Received {c12 n3 {"type":"broadcast","message":23,"msg_id":10}}
2025/06/29 15:47:23 Sent {"src":"n3","dest":"c12","body":{"in_reply_to":10,"type":"broadcast_ok"}}
2025/06/29 15:47:24 Sent {"src":"n3","dest":"n4","body":{"messages":[0,6,9,11,15,23],"msg_id":23,"type":"broadcast"}}
2025/06/29 15:47:24 Sent {"src":"n3","dest":"n0","body":{"messages":[0,6,9,11,15,23],"msg_id":24,"type":"broadcast"}}
2025/06/29 15:47:24 Received {c12 n3 {"type":"read","msg_id":11}}
2025/06/29 15:47:24 Sent {"src":"n3","dest":"c12","body":{"in_reply_to":11,"messages":[0,6,9,11,15,23],"type":"read_ok"}}
2025/06/29 15:47:24 Sent {"src":"n3","dest":"n4","body":{"messages":[0,6,9,11,15,23],"msg_id":25,"type":"broadcast"}}
2025/06/29 15:47:24 Sent {"src":"n3","dest":"n0","body":{"messages":[0,6,9,11,15,23],"msg_id":26,"type":"broadcast"}}
2025/06/29 15:47:24 Received {c12 n3 {"type":"read","msg_id":12}}
2025/06/29 15:47:24 Sent {"src":"n3","dest":"c12","body":{"in_reply_to":12,"messages":[0,6,9,11,15,23],"type":"read_ok"}}
2025/06/29 15:47:25 Sent {"src":"n3","dest":"n4","body":{"messages":[0,6,9,11,15,23],"msg_id":27,"type":"broadcast"}}
2025/06/29 15:47:25 Sent {"src":"n3","dest":"n0","body":{"messages":[0,6,9,11,15,23],"msg_id":28,"type":"broadcast"}}
2025/06/29 15:47:25 Received {c12 n3 {"type":"read","msg_id":13}}
2025/06/29 15:47:25 Sent {"src":"n3","dest":"c12","body":{"in_reply_to":13,"messages":[0,6,9,11,15,23],"type":"read_ok"}}
2025/06/29 15:47:25 Sent {"src":"n3","dest":"n0","body":{"messages":[0,6,9,11,15,23],"msg_id":29,"type":"broadcast"}}
2025/06/29 15:47:25 Sent {"src":"n3","dest":"n4","body":{"messages":[0,6,9,11,15,23],"msg_id":30,"type":"broadcast"}}
2025/06/29 15:47:26 Received {c12 n3 {"type":"read","msg_id":14}}
2025/06/29 15:47:26 Sent {"src":"n3","dest":"c12","body":{"in_reply_to":14,"messages":[0,6,9,11,15,23],"type":"read_ok"}}
2025/06/29 15:47:26 Sent {"src":"n3","dest":"n4","body":{"messages":[0,6,9,11,15,23],"msg_id":31,"type":"broadcast"}}
2025/06/29 15:47:26 Sent {"src":"n3","dest":"n0","body":{"messages":[0,6,9,11,15,23],"msg_id":32,"type":"broadcast"}}
2025/06/29 15:47:26 Received {c12 n3 {"type":"broadcast","message":36,"msg_id":15}}
2025/06/29 15:47:26 Sent {"src":"n3","dest":"c12","body":{"in_reply_to":15,"type":"broadcast_ok"}}
2025/06/29 15:47:26 Sent {"src":"n3","dest":"n4","body":{"messages":[0,6,9,11,15,23,36],"msg_id":33,"type":"broadcast"}}
2025/06/29 15:47:26 Sent {"src":"n3","dest":"n0","body":{"messages":[0,6,9,11,15,23,36],"msg_id":34,"type":"broadcast"}}
2025/06/29 15:47:27 Sent {"src":"n3","dest":"n4","body":{"messages":[0,6,9,11,15,23,36],"msg_id":35,"type":"broadcast"}}
2025/06/29 15:47:27 Sent {"src":"n3","dest":"n0","body":{"messages":[0,6,9,11,15,23,36],"msg_id":36,"type":"broadcast"}}
2025/06/29 15:47:27 Received {c12 n3 {"type":"read","msg_id":16}}
2025/06/29 15:47:27 Sent {"src":"n3","dest":"c12","body":{"in_reply_to":16,"messages":[0,6,9,11,15,23,36],"type":"read_ok"}}
2025/06/29 15:47:27 Sent {"src":"n3","dest":"n4","body":{"messages":[0,6,9,11,15,23,36],"msg_id":37,"type":"broadcast"}}
2025/06/29 15:47:27 Sent {"src":"n3","dest":"n0","body":{"messages":[0,6,9,11,15,23,36],"msg_id":38,"type":"broadcast"}}
2025/06/29 15:47:27 Received {c12 n3 {"type":"broadcast","message":43,"msg_id":17}}
2025/06/29 15:47:27 Sent {"src":"n3","dest":"c12","body":{"in_reply_to":17,"type":"broadcast_ok"}}
2025/06/29 15:47:28 Received {c12 n3 {"type":"broadcast","message":45,"msg_id":18}}
2025/06/29 15:47:28 Sent {"src":"n3","dest":"c12","body":{"in_reply_to":18,"type":"broadcast_ok"}}
2025/06/29 15:47:28 Sent {"src":"n3","dest":"n0","body":{"messages":[0,6,9,11,15,23,36,43,45],"msg_id":40,"type":"broadcast"}}
2025/06/29 15:47:28 Sent {"src":"n3","dest":"n4","body":{"messages":[0,6,9,11,15,23,36,43,45],"msg_id":39,"type":"broadcast"}}
2025/06/29 15:47:28 Sent {"src":"n3","dest":"n0","body":{"messages":[0,6,9,11,15,23,36,43,45],"msg_id":42,"type":"broadcast"}}
2025/06/29 15:47:28 Sent {"src":"n3","dest":"n4","body":{"messages":[0,6,9,11,15,23,36,43,45],"msg_id":41,"type":"broadcast"}}
2025/06/29 15:47:28 Received {c12 n3 {"type":"broadcast","message":47,"msg_id":19}}
2025/06/29 15:47:28 Sent {"src":"n3","dest":"c12","body":{"in_reply_to":19,"type":"broadcast_ok"}}
2025/06/29 15:47:29 Sent {"src":"n3","dest":"n4","body":{"messages":[0,6,9,11,15,23,36,43,45,47],"msg_id":44,"type":"broadcast"}}
2025/06/29 15:47:29 Sent {"src":"n3","dest":"n0","body":{"messages":[0,6,9,11,15,23,36,43,45,47],"msg_id":43,"type":"broadcast"}}
2025/06/29 15:47:29 Received {c12 n3 {"type":"broadcast","message":49,"msg_id":20}}
2025/06/29 15:47:29 Sent {"src":"n3","dest":"c12","body":{"in_reply_to":20,"type":"broadcast_ok"}}
2025/06/29 15:47:29 Sent {"src":"n3","dest":"n4","body":{"messages":[0,6,9,11,15,23,36,43,45,47,49],"msg_id":45,"type":"broadcast"}}
2025/06/29 15:47:29 Sent {"src":"n3","dest":"n0","body":{"messages":[0,6,9,11,15,23,36,43,45,47,49],"msg_id":46,"type":"broadcast"}}
2025/06/29 15:47:30 Received {c12 n3 {"type":"broadcast","message":51,"msg_id":21}}
2025/06/29 15:47:30 Sent {"src":"n3","dest":"c12","body":{"in_reply_to":21,"type":"broadcast_ok"}}
2025/06/29 15:47:30 Sent {"src":"n3","dest":"n0","body":{"messages":[0,6,9,11,15,23,36,43,45,47,49,51],"msg_id":47,"type":"broadcast"}}
2025/06/29 15:47:30 Sent {"src":"n3","dest":"n4","body":{"messages":[0,6,9,11,15,23,36,43,45,47,49,51],"msg_id":48,"type":"broadcast"}}
2025/06/29 15:47:30 Received {n4 n3 {"messages":[2,1,4,3,7,5,10,8,14,12,13,16,17,18,24,19,20,21,22,26,25,29,27,28,30,31,33,32,34,35,38,39,37,44,41,40,42,46,48],"msg_id":42,"type":"broadcast"}}
2025/06/29 15:47:30 Sent {"src":"n3","dest":"n4","body":{"in_reply_to":42,"type":"broadcast_ok"}}
2025/06/29 15:47:30 Received {n4 n3 {"in_reply_to":48,"type":"broadcast_ok"}}
2025/06/29 15:47:30 Received {n0 n3 {"in_reply_to":47,"type":"broadcast_ok"}}
2025/06/29 15:47:30 Received {n0 n3 {"messages":[1,3,4,2,5,7,10,8,12,13,14,16,17,20,21,18,25,19,22,26,27,24,30,31,29,28,32,34,35,33,37,38,40,39,41,46,44,42,48,50,0,6,9,11,15,23,36,43,45,47,49,51],"msg_id":44,"type":"broadcast"}}
2025/06/29 15:47:30 Sent {"src":"n3","dest":"n0","body":{"in_reply_to":44,"type":"broadcast_ok"}}
2025/06/29 15:47:30 Received {c12 n3 {"type":"broadcast","message":54,"msg_id":22}}
2025/06/29 15:47:30 Sent {"src":"n3","dest":"c12","body":{"in_reply_to":22,"type":"broadcast_ok"}}
2025/06/29 15:47:30 Sent {"src":"n3","dest":"n4","body":{"messages":[0,6,9,11,15,23,36,43,45,47,49,51,2,1,4,3,7,5,10,8,14,12,13,16,17,18,24,19,20,21,22,26,25,29,27,28,30,31,33,32,34,35,38,39,37,44,41,40,42,46,48,50,54],"msg_id":49,"type":"broadcast"}}
2025/06/29 15:47:30 Sent {"src":"n3","dest":"n0","body":{"messages":[0,6,9,11,15,23,36,43,45,47,49,51,2,1,4,3,7,5,10,8,14,12,13,16,17,18,24,19,20,21,22,26,25,29,27,28,30,31,33,32,34,35,38,39,37,44,41,40,42,46,48,50,54],"msg_id":50,"type":"broadcast"}}
2025/06/29 15:47:30 Received {n4 n3 {"messages":[2,1,4,3,7,5,10,8,14,12,13,16,17,18,24,19,20,21,22,26,25,29,27,28,30,31,33,32,34,35,38,39,37,44,41,40,42,46,48,0,6,9,11,15,23,36,43,45,47,49,51,50,55],"msg_id":43,"type":"broadcast"}}
2025/06/29 15:47:30 Sent {"src":"n3","dest":"n4","body":{"in_reply_to":43,"type":"broadcast_ok"}}
2025/06/29 15:47:30 Received {n4 n3 {"in_reply_to":49,"type":"broadcast_ok"}}
2025/06/29 15:47:30 Received {n0 n3 {"messages":[1,3,4,2,5,7,10,8,12,13,14,16,17,20,21,18,25,19,22,26,27,24,30,31,29,28,32,34,35,33,37,38,40,39,41,46,44,42,48,50,0,6,9,11,15,23,36,43,45,47,49,51,52],"msg_id":46,"type":"broadcast"}}
2025/06/29 15:47:30 Received {n0 n3 {"in_reply_to":50,"type":"broadcast_ok"}}
2025/06/29 15:47:30 Sent {"src":"n3","dest":"n0","body":{"in_reply_to":46,"type":"broadcast_ok"}}
2025/06/29 15:47:31 Received {c12 n3 {"type":"read","msg_id":23}}
2025/06/29 15:47:31 Sent {"src":"n3","dest":"c12","body":{"in_reply_to":23,"messages":[0,6,9,11,15,23,36,43,45,47,49,51,2,1,4,3,7,5,10,8,14,12,13,16,17,18,24,19,20,21,22,26,25,29,27,28,30,31,33,32,34,35,38,39,37,44,41,40,42,46,48,50,54,55,52],"type":"read_ok"}}
2025/06/29 15:47:31 Sent {"src":"n3","dest":"n0","body":{"messages":[0,6,9,11,15,23,36,43,45,47,49,51,2,1,4,3,7,5,10,8,14,12,13,16,17,18,24,19,20,21,22,26,25,29,27,28,30,31,33,32,34,35,38,39,37,44,41,40,42,46,48,50,54,55,52],"msg_id":51,"type":"broadcast"}}
2025/06/29 15:47:31 Sent {"src":"n3","dest":"n4","body":{"messages":[0,6,9,11,15,23,36,43,45,47,49,51,2,1,4,3,7,5,10,8,14,12,13,16,17,18,24,19,20,21,22,26,25,29,27,28,30,31,33,32,34,35,38,39,37,44,41,40,42,46,48,50,54,55,52],"msg_id":52,"type":"broadcast"}}
2025/06/29 15:47:31 Received {n0 n3 {"in_reply_to":51,"type":"broadcast_ok"}}
2025/06/29 15:47:31 Received {n0 n3 {"messages":[1,3,4,2,5,7,10,8,12,13,14,16,17,20,21,18,25,19,22,26,27,24,30,31,29,28,32,34,35,33,37,38,40,39,41,46,44,42,48,50,0,6,9,11,15,23,36,43,45,47,49,51,52,53,54,56,55],"msg_id":48,"type":"broadcast"}}
2025/06/29 15:47:31 Sent {"src":"n3","dest":"n0","body":{"in_reply_to":48,"type":"broadcast_ok"}}
2025/06/29 15:47:31 Received {c12 n3 {"type":"read","msg_id":24}}
2025/06/29 15:47:31 Sent {"src":"n3","dest":"c12","body":{"in_reply_to":24,"messages":[0,6,9,11,15,23,36,43,45,47,49,51,2,1,4,3,7,5,10,8,14,12,13,16,17,18,24,19,20,21,22,26,25,29,27,28,30,31,33,32,34,35,38,39,37,44,41,40,42,46,48,50,54,55,52,53,56],"type":"read_ok"}}
2025/06/29 15:47:31 Sent {"src":"n3","dest":"n4","body":{"messages":[0,6,9,11,15,23,36,43,45,47,49,51,2,1,4,3,7,5,10,8,14,12,13,16,17,18,24,19,20,21,22,26,25,29,27,28,30,31,33,32,34,35,38,39,37,44,41,40,42,46,48,50,54,55,52,53,56],"msg_id":54,"type":"broadcast"}}
2025/06/29 15:47:31 Sent {"src":"n3","dest":"n0","body":{"messages":[0,6,9,11,15,23,36,43,45,47,49,51,2,1,4,3,7,5,10,8,14,12,13,16,17,18,24,19,20,21,22,26,25,29,27,28,30,31,33,32,34,35,38,39,37,44,41,40,42,46,48,50,54,55,52,53,56],"msg_id":53,"type":"broadcast"}}
2025/06/29 15:47:31 Received {n0 n3 {"in_reply_to":53,"type":"broadcast_ok"}}
2025/06/29 15:47:31 Received {n0 n3 {"messages":[1,3,4,2,5,7,10,8,12,13,14,16,17,20,21,18,25,19,22,26,27,24,30,31,29,28,32,34,35,33,37,38,40,39,41,46,44,42,48,50,0,6,9,11,15,23,36,43,45,47,49,51,52,53,54,56,55,59,60],"msg_id":49,"type":"broadcast"}}
2025/06/29 15:47:31 Sent {"src":"n3","dest":"n0","body":{"in_reply_to":49,"type":"broadcast_ok"}}
2025/06/29 15:47:32 Received {c12 n3 {"type":"broadcast","message":61,"msg_id":25}}
2025/06/29 15:47:32 Sent {"src":"n3","dest":"c12","body":{"in_reply_to":25,"type":"broadcast_ok"}}
2025/06/29 15:47:32 Sent {"src":"n3","dest":"n4","body":{"messages":[0,6,9,11,15,23,36,43,45,47,49,51,2,1,4,3,7,5,10,8,14,12,13,16,17,18,24,19,20,21,22,26,25,29,27,28,30,31,33,32,34,35,38,39,37,44,41,40,42,46,48,50,54,55,52,53,56,59,60,61],"msg_id":55,"type":"broadcast"}}
2025/06/29 15:47:32 Sent {"src":"n3","dest":"n0","body":{"messages":[0,6,9,11,15,23,36,43,45,47,49,51,2,1,4,3,7,5,10,8,14,12,13,16,17,18,24,19,20,21,22,26,25,29,27,28,30,31,33,32,34,35,38,39,37,44,41,40,42,46,48,50,54,55,52,53,56,59,60,61],"msg_id":56,"type":"broadcast"}}
2025/06/29 15:47:32 Received {n0 n3 {"messages":[1,3,4,2,5,7,10,8,12,13,14,16,17,20,21,18,25,19,22,26,27,24,30,31,29,28,32,34,35,33,37,38,40,39,41,46,44,42,48,50,0,6,9,11,15,23,36,43,45,47,49,51,52,53,54,56,55,59,60],"msg_id":52,"type":"broadcast"}}
2025/06/29 15:47:32 Received {n0 n3 {"in_reply_to":56,"type":"broadcast_ok"}}
2025/06/29 15:47:32 Sent {"src":"n3","dest":"n0","body":{"in_reply_to":52,"type":"broadcast_ok"}}
2025/06/29 15:47:32 Sent {"src":"n3","dest":"n4","body":{"messages":[0,6,9,11,15,23,36,43,45,47,49,51,2,1,4,3,7,5,10,8,14,12,13,16,17,18,24,19,20,21,22,26,25,29,27,28,30,31,33,32,34,35,38,39,37,44,41,40,42,46,48,50,54,55,52,53,56,59,60,61],"msg_id":57,"type":"broadcast"}}
2025/06/29 15:47:32 Sent {"src":"n3","dest":"n0","body":{"messages":[0,6,9,11,15,23,36,43,45,47,49,51,2,1,4,3,7,5,10,8,14,12,13,16,17,18,24,19,20,21,22,26,25,29,27,28,30,31,33,32,34,35,38,39,37,44,41,40,42,46,48,50,54,55,52,53,56,59,60,61],"msg_id":58,"type":"broadcast"}}
2025/06/29 15:47:32 Received {n0 n3 {"messages":[1,3,4,2,5,7,10,8,12,13,14,16,17,20,21,18,25,19,22,26,27,24,30,31,29,28,32,34,35,33,37,38,40,39,41,46,44,42,48,50,0,6,9,11,15,23,36,43,45,47,49,51,52,53,54,56,55,59,60,61,63],"msg_id":53,"type":"broadcast"}}
2025/06/29 15:47:32 Received {n0 n3 {"in_reply_to":58,"type":"broadcast_ok"}}
2025/06/29 15:47:32 Sent {"src":"n3","dest":"n0","body":{"in_reply_to":53,"type":"broadcast_ok"}}
2025/06/29 15:47:32 Received {c12 n3 {"type":"read","msg_id":26}}
2025/06/29 15:47:32 Sent {"src":"n3","dest":"c12","body":{"in_reply_to":26,"messages":[0,6,9,11,15,23,36,43,45,47,49,51,2,1,4,3,7,5,10,8,14,12,13,16,17,18,24,19,20,21,22,26,25,29,27,28,30,31,33,32,34,35,38,39,37,44,41,40,42,46,48,50,54,55,52,53,56,59,60,61,63],"type":"read_ok"}}
2025/06/29 15:47:33 Sent {"src":"n3","dest":"n0","body":{"messages":[0,6,9,11,15,23,36,43,45,47,49,51,2,1,4,3,7,5,10,8,14,12,13,16,17,18,24,19,20,21,22,26,25,29,27,28,30,31,33,32,34,35,38,39,37,44,41,40,42,46,48,50,54,55,52,53,56,59,60,61,63],"msg_id":60,"type":"broadcast"}}
2025/06/29 15:47:33 Sent {"src":"n3","dest":"n4","body":{"messages":[0,6,9,11,15,23,36,43,45,47,49,51,2,1,4,3,7,5,10,8,14,12,13,16,17,18,24,19,20,21,22,26,25,29,27,28,30,31,33,32,34,35,38,39,37,44,41,40,42,46,48,50,54,55,52,53,56,59,60,61,63],"msg_id":59,"type":"broadcast"}}
2025/06/29 15:47:33 Received {n0 n3 {"messages":[1,3,4,2,5,7,10,8,12,13,14,16,17,20,21,18,25,19,22,26,27,24,30,31,29,28,32,34,35,33,37,38,40,39,41,46,44,42,48,50,0,6,9,11,15,23,36,43,45,47,49,51,52,53,54,56,55,59,60,61,63,65],"msg_id":56,"type":"broadcast"}}
2025/06/29 15:47:33 Sent {"src":"n3","dest":"n0","body":{"in_reply_to":56,"type":"broadcast_ok"}}
2025/06/29 15:47:33 Received {n0 n3 {"in_reply_to":60,"type":"broadcast_ok"}}
2025/06/29 15:47:33 Received {c12 n3 {"type":"read","msg_id":27}}
2025/06/29 15:47:33 Sent {"src":"n3","dest":"c12","body":{"in_reply_to":27,"messages":[0,6,9,11,15,23,36,43,45,47,49,51,2,1,4,3,7,5,10,8,14,12,13,16,17,18,24,19,20,21,22,26,25,29,27,28,30,31,33,32,34,35,38,39,37,44,41,40,42,46,48,50,54,55,52,53,56,59,60,61,63,65],"type":"read_ok"}}
2025/06/29 15:47:33 Sent {"src":"n3","dest":"n0","body":{"messages":[0,6,9,11,15,23,36,43,45,47,49,51,2,1,4,3,7,5,10,8,14,12,13,16,17,18,24,19,20,21,22,26,25,29,27,28,30,31,33,32,34,35,38,39,37,44,41,40,42,46,48,50,54,55,52,53,56,59,60,61,63,65],"msg_id":62,"type":"broadcast"}}
2025/06/29 15:47:33 Sent {"src":"n3","dest":"n4","body":{"messages":[0,6,9,11,15,23,36,43,45,47,49,51,2,1,4,3,7,5,10,8,14,12,13,16,17,18,24,19,20,21,22,26,25,29,27,28,30,31,33,32,34,35,38,39,37,44,41,40,42,46,48,50,54,55,52,53,56,59,60,61,63,65],"msg_id":61,"type":"broadcast"}}
2025/06/29 15:47:33 Received {n0 n3 {"in_reply_to":62,"type":"broadcast_ok"}}
2025/06/29 15:47:33 Received {n0 n3 {"messages":[1,3,4,2,5,7,10,8,12,13,14,16,17,20,21,18,25,19,22,26,27,24,30,31,29,28,32,34,35,33,37,38,40,39,41,46,44,42,48,50,0,6,9,11,15,23,36,43,45,47,49,51,52,53,54,56,55,59,60,61,63,65,67,68],"msg_id":58,"type":"broadcast"}}
2025/06/29 15:47:33 Sent {"src":"n3","dest":"n0","body":{"in_reply_to":58,"type":"broadcast_ok"}}
2025/06/29 15:47:34 Received {c12 n3 {"type":"broadcast","message":70,"msg_id":28}}
2025/06/29 15:47:34 Sent {"src":"n3","dest":"c12","body":{"in_reply_to":28,"type":"broadcast_ok"}}
2025/06/29 15:47:34 Sent {"src":"n3","dest":"n0","body":{"messages":[0,6,9,11,15,23,36,43,45,47,49,51,2,1,4,3,7,5,10,8,14,12,13,16,17,18,24,19,20,21,22,26,25,29,27,28,30,31,33,32,34,35,38,39,37,44,41,40,42,46,48,50,54,55,52,53,56,59,60,61,63,65,67,68,70],"msg_id":63,"type":"broadcast"}}
2025/06/29 15:47:34 Sent {"src":"n3","dest":"n4","body":{"messages":[0,6,9,11,15,23,36,43,45,47,49,51,2,1,4,3,7,5,10,8,14,12,13,16,17,18,24,19,20,21,22,26,25,29,27,28,30,31,33,32,34,35,38,39,37,44,41,40,42,46,48,50,54,55,52,53,56,59,60,61,63,65,67,68,70],"msg_id":64,"type":"broadcast"}}
2025/06/29 15:47:34 Received {n0 n3 {"messages":[1,3,4,2,5,7,10,8,12,13,14,16,17,20,21,18,25,19,22,26,27,24,30,31,29,28,32,34,35,33,37,38,40,39,41,46,44,42,48,50,0,6,9,11,15,23,36,43,45,47,49,51,52,53,54,56,55,59,60,61,63,65,67,68,71],"msg_id":60,"type":"broadcast"}}
2025/06/29 15:47:34 Sent {"src":"n3","dest":"n0","body":{"in_reply_to":60,"type":"broadcast_ok"}}
2025/06/29 15:47:34 Received {n0 n3 {"in_reply_to":63,"type":"broadcast_ok"}}
2025/06/29 15:47:34 Received {c12 n3 {"type":"broadcast","message":72,"msg_id":29}}
2025/06/29 15:47:34 Sent {"src":"n3","dest":"c12","body":{"in_reply_to":29,"type":"broadcast_ok"}}
2025/06/29 15:47:34 Sent {"src":"n3","dest":"n4","body":{"messages":[0,6,9,11,15,23,36,43,45,47,49,51,2,1,4,3,7,5,10,8,14,12,13,16,17,18,24,19,20,21,22,26,25,29,27,28,30,31,33,32,34,35,38,39,37,44,41,40,42,46,48,50,54,55,52,53,56,59,60,61,63,65,67,68,70,71,72],"msg_id":66,"type":"broadcast"}}
2025/06/29 15:47:34 Sent {"src":"n3","dest":"n0","body":{"messages":[0,6,9,11,15,23,36,43,45,47,49,51,2,1,4,3,7,5,10,8,14,12,13,16,17,18,24,19,20,21,22,26,25,29,27,28,30,31,33,32,34,35,38,39,37,44,41,40,42,46,48,50,54,55,52,53,56,59,60,61,63,65,67,68,70,71,72],"msg_id":65,"type":"broadcast"}}
2025/06/29 15:47:34 Received {n0 n3 {"messages":[1,3,4,2,5,7,10,8,12,13,14,16,17,20,21,18,25,19,22,26,27,24,30,31,29,28,32,34,35,33,37,38,40,39,41,46,44,42,48,50,0,6,9,11,15,23,36,43,45,47,49,51,52,53,54,56,55,59,60,61,63,65,67,68,71,70],"msg_id":62,"type":"broadcast"}}
2025/06/29 15:47:34 Received {n0 n3 {"in_reply_to":65,"type":"broadcast_ok"}}
2025/06/29 15:47:34 Sent {"src":"n3","dest":"n0","body":{"in_reply_to":62,"type":"broadcast_ok"}}
2025/06/29 15:47:35 Sent {"src":"n3","dest":"n4","body":{"messages":[0,6,9,11,15,23,36,43,45,47,49,51,2,1,4,3,7,5,10,8,14,12,13,16,17,18,24,19,20,21,22,26,25,29,27,28,30,31,33,32,34,35,38,39,37,44,41,40,42,46,48,50,54,55,52,53,56,59,60,61,63,65,67,68,70,71,72],"msg_id":67,"type":"broadcast"}}
2025/06/29 15:47:35 Sent {"src":"n3","dest":"n0","body":{"messages":[0,6,9,11,15,23,36,43,45,47,49,51,2,1,4,3,7,5,10,8,14,12,13,16,17,18,24,19,20,21,22,26,25,29,27,28,30,31,33,32,34,35,38,39,37,44,41,40,42,46,48,50,54,55,52,53,56,59,60,61,63,65,67,68,70,71,72],"msg_id":68,"type":"broadcast"}}
2025/06/29 15:47:35 Received {n0 n3 {"messages":[1,3,4,2,5,7,10,8,12,13,14,16,17,20,21,18,25,19,22,26,27,24,30,31,29,28,32,34,35,33,37,38,40,39,41,46,44,42,48,50,0,6,9,11,15,23,36,43,45,47,49,51,52,53,54,56,55,59,60,61,63,65,67,68,71,70,72,74,75],"msg_id":64,"type":"broadcast"}}
2025/06/29 15:47:35 Received {n0 n3 {"in_reply_to":68,"type":"broadcast_ok"}}
2025/06/29 15:47:35 Sent {"src":"n3","dest":"n0","body":{"in_reply_to":64,"type":"broadcast_ok"}}
2025/06/29 15:47:35 Received {c12 n3 {"type":"read","msg_id":30}}
2025/06/29 15:47:35 Sent {"src":"n3","dest":"c12","body":{"in_reply_to":30,"messages":[0,6,9,11,15,23,36,43,45,47,49,51,2,1,4,3,7,5,10,8,14,12,13,16,17,18,24,19,20,21,22,26,25,29,27,28,30,31,33,32,34,35,38,39,37,44,41,40,42,46,48,50,54,55,52,53,56,59,60,61,63,65,67,68,70,71,72,74,75],"type":"read_ok"}}
2025/06/29 15:47:35 Sent {"src":"n3","dest":"n4","body":{"messages":[0,6,9,11,15,23,36,43,45,47,49,51,2,1,4,3,7,5,10,8,14,12,13,16,17,18,24,19,20,21,22,26,25,29,27,28,30,31,33,32,34,35,38,39,37,44,41,40,42,46,48,50,54,55,52,53,56,59,60,61,63,65,67,68,70,71,72,74,75],"msg_id":69,"type":"broadcast"}}
2025/06/29 15:47:35 Sent {"src":"n3","dest":"n0","body":{"messages":[0,6,9,11,15,23,36,43,45,47,49,51,2,1,4,3,7,5,10,8,14,12,13,16,17,18,24,19,20,21,22,26,25,29,27,28,30,31,33,32,34,35,38,39,37,44,41,40,42,46,48,50,54,55,52,53,56,59,60,61,63,65,67,68,70,71,72,74,75],"msg_id":70,"type":"broadcast"}}
2025/06/29 15:47:35 Received {n0 n3 {"messages":[1,3,4,2,5,7,10,8,12,13,14,16,17,20,21,18,25,19,22,26,27,24,30,31,29,28,32,34,35,33,37,38,40,39,41,46,44,42,48,50,0,6,9,11,15,23,36,43,45,47,49,51,52,53,54,56,55,59,60,61,63,65,67,68,71,70,72,74,75,77],"msg_id":66,"type":"broadcast"}}
2025/06/29 15:47:35 Sent {"src":"n3","dest":"n0","body":{"in_reply_to":66,"type":"broadcast_ok"}}
2025/06/29 15:47:35 Received {n0 n3 {"in_reply_to":70,"type":"broadcast_ok"}}
2025/06/29 15:47:36 Received {c12 n3 {"type":"read","msg_id":31}}
2025/06/29 15:47:36 Sent {"src":"n3","dest":"c12","body":{"in_reply_to":31,"messages":[0,6,9,11,15,23,36,43,45,47,49,51,2,1,4,3,7,5,10,8,14,12,13,16,17,18,24,19,20,21,22,26,25,29,27,28,30,31,33,32,34,35,38,39,37,44,41,40,42,46,48,50,54,55,52,53,56,59,60,61,63,65,67,68,70,71,72,74,75,77],"type":"read_ok"}}
2025/06/29 15:47:36 Sent {"src":"n3","dest":"n4","body":{"messages":[0,6,9,11,15,23,36,43,45,47,49,51,2,1,4,3,7,5,10,8,14,12,13,16,17,18,24,19,20,21,22,26,25,29,27,28,30,31,33,32,34,35,38,39,37,44,41,40,42,46,48,50,54,55,52,53,56,59,60,61,63,65,67,68,70,71,72,74,75,77],"msg_id":71,"type":"broadcast"}}
2025/06/29 15:47:36 Sent {"src":"n3","dest":"n0","body":{"messages":[0,6,9,11,15,23,36,43,45,47,49,51,2,1,4,3,7,5,10,8,14,12,13,16,17,18,24,19,20,21,22,26,25,29,27,28,30,31,33,32,34,35,38,39,37,44,41,40,42,46,48,50,54,55,52,53,56,59,60,61,63,65,67,68,70,71,72,74,75,77],"msg_id":72,"type":"broadcast"}}
2025/06/29 15:47:36 Received {n0 n3 {"messages":[1,3,4,2,5,7,10,8,12,13,14,16,17,20,21,18,25,19,22,26,27,24,30,31,29,28,32,34,35,33,37,38,40,39,41,46,44,42,48,50,0,6,9,11,15,23,36,43,45,47,49,51,52,53,54,56,55,59,60,61,63,65,67,68,71,70,72,74,75,77],"msg_id":68,"type":"broadcast"}}
2025/06/29 15:47:36 Sent {"src":"n3","dest":"n0","body":{"in_reply_to":68,"type":"broadcast_ok"}}
2025/06/29 15:47:36 Received {n0 n3 {"in_reply_to":72,"type":"broadcast_ok"}}
2025/06/29 15:47:36 Sent {"src":"n3","dest":"n0","body":{"messages":[0,6,9,11,15,23,36,43,45,47,49,51,2,1,4,3,7,5,10,8,14,12,13,16,17,18,24,19,20,21,22,26,25,29,27,28,30,31,33,32,34,35,38,39,37,44,41,40,42,46,48,50,54,55,52,53,56,59,60,61,63,65,67,68,70,71,72,74,75,77],"msg_id":74,"type":"broadcast"}}
2025/06/29 15:47:36 Sent {"src":"n3","dest":"n4","body":{"messages":[0,6,9,11,15,23,36,43,45,47,49,51,2,1,4,3,7,5,10,8,14,12,13,16,17,18,24,19,20,21,22,26,25,29,27,28,30,31,33,32,34,35,38,39,37,44,41,40,42,46,48,50,54,55,52,53,56,59,60,61,63,65,67,68,70,71,72,74,75,77],"msg_id":73,"type":"broadcast"}}
2025/06/29 15:47:36 Received {n0 n3 {"messages":[1,3,4,2,5,7,10,8,12,13,14,16,17,20,21,18,25,19,22,26,27,24,30,31,29,28,32,34,35,33,37,38,40,39,41,46,44,42,48,50,0,6,9,11,15,23,36,43,45,47,49,51,52,53,54,56,55,59,60,61,63,65,67,68,71,70,72,74,75,77,79],"msg_id":70,"type":"broadcast"}}
2025/06/29 15:47:36 Sent {"src":"n3","dest":"n0","body":{"in_reply_to":70,"type":"broadcast_ok"}}
2025/06/29 15:47:36 Received {n0 n3 {"in_reply_to":74,"type":"broadcast_ok"}}
2025/06/29 15:47:36 Received {c12 n3 {"type":"read","msg_id":32}}
2025/06/29 15:47:36 Sent {"src":"n3","dest":"c12","body":{"in_reply_to":32,"messages":[0,6,9,11,15,23,36,43,45,47,49,51,2,1,4,3,7,5,10,8,14,12,13,16,17,18,24,19,20,21,22,26,25,29,27,28,30,31,33,32,34,35,38,39,37,44,41,40,42,46,48,50,54,55,52,53,56,59,60,61,63,65,67,68,70,71,72,74,75,77,79],"type":"read_ok"}}
2025/06/29 15:47:37 Sent {"src":"n3","dest":"n0","body":{"messages":[0,6,9,11,15,23,36,43,45,47,49,51,2,1,4,3,7,5,10,8,14,12,13,16,17,18,24,19,20,21,22,26,25,29,27,28,30,31,33,32,34,35,38,39,37,44,41,40,42,46,48,50,54,55,52,53,56,59,60,61,63,65,67,68,70,71,72,74,75,77,79],"msg_id":75,"type":"broadcast"}}
2025/06/29 15:47:37 Sent {"src":"n3","dest":"n4","body":{"messages":[0,6,9,11,15,23,36,43,45,47,49,51,2,1,4,3,7,5,10,8,14,12,13,16,17,18,24,19,20,21,22,26,25,29,27,28,30,31,33,32,34,35,38,39,37,44,41,40,42,46,48,50,54,55,52,53,56,59,60,61,63,65,67,68,70,71,72,74,75,77,79],"msg_id":76,"type":"broadcast"}}
2025/06/29 15:47:37 Received {n0 n3 {"messages":[1,3,4,2,5,7,10,8,12,13,14,16,17,20,21,18,25,19,22,26,27,24,30,31,29,28,32,34,35,33,37,38,40,39,41,46,44,42,48,50,0,6,9,11,15,23,36,43,45,47,49,51,52,53,54,56,55,59,60,61,63,65,67,68,71,70,72,74,75,77,79,81,82],"msg_id":72,"type":"broadcast"}}
2025/06/29 15:47:37 Sent {"src":"n3","dest":"n0","body":{"in_reply_to":72,"type":"broadcast_ok"}}
2025/06/29 15:47:37 Received {n0 n3 {"in_reply_to":75,"type":"broadcast_ok"}}
2025/06/29 15:47:37 Received {c12 n3 {"type":"broadcast","message":84,"msg_id":33}}
2025/06/29 15:47:37 Sent {"src":"n3","dest":"c12","body":{"in_reply_to":33,"type":"broadcast_ok"}}
2025/06/29 15:47:37 Sent {"src":"n3","dest":"n4","body":{"messages":[0,6,9,11,15,23,36,43,45,47,49,51,2,1,4,3,7,5,10,8,14,12,13,16,17,18,24,19,20,21,22,26,25,29,27,28,30,31,33,32,34,35,38,39,37,44,41,40,42,46,48,50,54,55,52,53,56,59,60,61,63,65,67,68,70,71,72,74,75,77,79,81,82,84],"msg_id":77,"type":"broadcast"}}
2025/06/29 15:47:37 Sent {"src":"n3","dest":"n0","body":{"messages":[0,6,9,11,15,23,36,43,45,47,49,51,2,1,4,3,7,5,10,8,14,12,13,16,17,18,24,19,20,21,22,26,25,29,27,28,30,31,33,32,34,35,38,39,37,44,41,40,42,46,48,50,54,55,52,53,56,59,60,61,63,65,67,68,70,71,72,74,75,77,79,81,82,84],"msg_id":78,"type":"broadcast"}}
2025/06/29 15:47:37 Received {n0 n3 {"messages":[1,3,4,2,5,7,10,8,12,13,14,16,17,20,21,18,25,19,22,26,27,24,30,31,29,28,32,34,35,33,37,38,40,39,41,46,44,42,48,50,0,6,9,11,15,23,36,43,45,47,49,51,52,53,54,56,55,59,60,61,63,65,67,68,71,70,72,74,75,77,79,81,82,86],"msg_id":74,"type":"broadcast"}}
2025/06/29 15:47:37 Sent {"src":"n3","dest":"n0","body":{"in_reply_to":74,"type":"broadcast_ok"}}
2025/06/29 15:47:37 Received {n0 n3 {"in_reply_to":78,"type":"broadcast_ok"}}
2025/06/29 15:47:38 Received {c12 n3 {"type":"read","msg_id":34}}
2025/06/29 15:47:38 Sent {"src":"n3","dest":"c12","body":{"in_reply_to":34,"messages":[0,6,9,11,15,23,36,43,45,47,49,51,2,1,4,3,7,5,10,8,14,12,13,16,17,18,24,19,20,21,22,26,25,29,27,28,30,31,33,32,34,35,38,39,37,44,41,40,42,46,48,50,54,55,52,53,56,59,60,61,63,65,67,68,70,71,72,74,75,77,79,81,82,84,86],"type":"read_ok"}}
2025/06/29 15:47:38 Sent {"src":"n3","dest":"n0","body":{"messages":[0,6,9,11,15,23,36,43,45,47,49,51,2,1,4,3,7,5,10,8,14,12,13,16,17,18,24,19,20,21,22,26,25,29,27,28,30,31,33,32,34,35,38,39,37,44,41,40,42,46,48,50,54,55,52,53,56,59,60,61,63,65,67,68,70,71,72,74,75,77,79,81,82,84,86],"msg_id":79,"type":"broadcast"}}
2025/06/29 15:47:38 Sent {"src":"n3","dest":"n4","body":{"messages":[0,6,9,11,15,23,36,43,45,47,49,51,2,1,4,3,7,5,10,8,14,12,13,16,17,18,24,19,20,21,22,26,25,29,27,28,30,31,33,32,34,35,38,39,37,44,41,40,42,46,48,50,54,55,52,53,56,59,60,61,63,65,67,68,70,71,72,74,75,77,79,81,82,84,86],"msg_id":80,"type":"broadcast"}}
2025/06/29 15:47:38 Received {n0 n3 {"messages":[1,3,4,2,5,7,10,8,12,13,14,16,17,20,21,18,25,19,22,26,27,24,30,31,29,28,32,34,35,33,37,38,40,39,41,46,44,42,48,50,0,6,9,11,15,23,36,43,45,47,49,51,52,53,54,56,55,59,60,61,63,65,67,68,71,70,72,74,75,77,79,81,82,86,84],"msg_id":75,"type":"broadcast"}}
2025/06/29 15:47:38 Sent {"src":"n3","dest":"n0","body":{"in_reply_to":75,"type":"broadcast_ok"}}
2025/06/29 15:47:38 Received {n0 n3 {"in_reply_to":79,"type":"broadcast_ok"}}
2025/06/29 15:47:38 Sent {"src":"n3","dest":"n0","body":{"messages":[0,6,9,11,15,23,36,43,45,47,49,51,2,1,4,3,7,5,10,8,14,12,13,16,17,18,24,19,20,21,22,26,25,29,27,28,30,31,33,32,34,35,38,39,37,44,41,40,42,46,48,50,54,55,52,53,56,59,60,61,63,65,67,68,70,71,72,74,75,77,79,81,82,84,86],"msg_id":81,"type":"broadcast"}}
2025/06/29 15:47:38 Sent {"src":"n3","dest":"n4","body":{"messages":[0,6,9,11,15,23,36,43,45,47,49,51,2,1,4,3,7,5,10,8,14,12,13,16,17,18,24,19,20,21,22,26,25,29,27,28,30,31,33,32,34,35,38,39,37,44,41,40,42,46,48,50,54,55,52,53,56,59,60,61,63,65,67,68,70,71,72,74,75,77,79,81,82,84,86],"msg_id":82,"type":"broadcast"}}
2025/06/29 15:47:38 Received {n4 n3 {"messages":[2,1,4,3,7,5,10,8,14,12,13,16,17,18,24,19,20,21,22,26,25,29,27,28,30,31,33,32,34,35,38,39,37,44,41,40,42,46,48,0,6,9,11,15,23,36,43,45,47,49,51,50,55,54,53,52,57,62,69,73,76,80,85,83],"msg_id":76,"type":"broadcast"}}
2025/06/29 15:47:38 Sent {"src":"n3","dest":"n4","body":{"in_reply_to":76,"type":"broadcast_ok"}}
2025/06/29 15:47:38 Received {n0 n3 {"messages":[1,3,4,2,5,7,10,8,12,13,14,16,17,20,21,18,25,19,22,26,27,24,30,31,29,28,32,34,35,33,37,38,40,39,41,46,44,42,48,50,0,6,9,11,15,23,36,43,45,47,49,51,52,53,54,56,55,59,60,61,63,65,67,68,71,70,72,74,75,77,79,81,82,86,84],"msg_id":78,"type":"broadcast"}}
2025/06/29 15:47:38 Received {n0 n3 {"in_reply_to":81,"type":"broadcast_ok"}}
2025/06/29 15:47:38 Sent {"src":"n3","dest":"n0","body":{"in_reply_to":78,"type":"broadcast_ok"}}
2025/06/29 15:47:38 Received {n4 n3 {"in_reply_to":82,"type":"broadcast_ok"}}
2025/06/29 15:47:39 Sent {"src":"n3","dest":"n4","body":{"messages":[0,6,9,11,15,23,36,43,45,47,49,51,2,1,4,3,7,5,10,8,14,12,13,16,17,18,24,19,20,21,22,26,25,29,27,28,30,31,33,32,34,35,38,39,37,44,41,40,42,46,48,50,54,55,52,53,56,59,60,61,63,65,67,68,70,71,72,74,75,77,79,81,82,84,86,57,62,69,73,76,80,85,83],"msg_id":83,"type":"broadcast"}}
2025/06/29 15:47:39 Sent {"src":"n3","dest":"n0","body":{"messages":[0,6,9,11,15,23,36,43,45,47,49,51,2,1,4,3,7,5,10,8,14,12,13,16,17,18,24,19,20,21,22,26,25,29,27,28,30,31,33,32,34,35,38,39,37,44,41,40,42,46,48,50,54,55,52,53,56,59,60,61,63,65,67,68,70,71,72,74,75,77,79,81,82,84,86,57,62,69,73,76,80,85,83],"msg_id":84,"type":"broadcast"}}
2025/06/29 15:47:39 Received {n4 n3 {"messages":[2,1,4,3,7,5,10,8,14,12,13,16,17,18,24,19,20,21,22,26,25,29,27,28,30,31,33,32,34,35,38,39,37,44,41,40,42,46,48,0,6,9,11,15,23,36,43,45,47,49,51,50,55,54,53,52,57,62,69,73,76,80,85,83,56,59,60,61,63,65,67,68,70,71,72,74,75,77,79,81,82,84,86],"msg_id":77,"type":"broadcast"}}
2025/06/29 15:47:39 Sent {"src":"n3","dest":"n4","body":{"in_reply_to":77,"type":"broadcast_ok"}}
2025/06/29 15:47:39 Received {n4 n3 {"in_reply_to":83,"type":"broadcast_ok"}}
2025/06/29 15:47:39 Received {n0 n3 {"in_reply_to":84,"type":"broadcast_ok"}}
2025/06/29 15:47:39 Received {n0 n3 {"messages":[1,3,4,2,5,7,10,8,12,13,14,16,17,20,21,18,25,19,22,26,27,24,30,31,29,28,32,34,35,33,37,38,40,39,41,46,44,42,48,50,0,6,9,11,15,23,36,43,45,47,49,51,52,53,54,56,55,59,60,61,63,65,67,68,71,70,72,74,75,77,79,81,82,86,84,57,62,69,73,76,80,83,85],"msg_id":80,"type":"broadcast"}}
2025/06/29 15:47:39 Sent {"src":"n3","dest":"n0","body":{"in_reply_to":80,"type":"broadcast_ok"}}
2025/06/29 15:47:39 Sent {"src":"n3","dest":"n4","body":{"messages":[0,6,9,11,15,23,36,43,45,47,49,51,2,1,4,3,7,5,10,8,14,12,13,16,17,18,24,19,20,21,22,26,25,29,27,28,30,31,33,32,34,35,38,39,37,44,41,40,42,46,48,50,54,55,52,53,56,59,60,61,63,65,67,68,70,71,72,74,75,77,79,81,82,84,86,57,62,69,73,76,80,85,83],"msg_id":85,"type":"broadcast"}}
2025/06/29 15:47:39 Sent {"src":"n3","dest":"n0","body":{"messages":[0,6,9,11,15,23,36,43,45,47,49,51,2,1,4,3,7,5,10,8,14,12,13,16,17,18,24,19,20,21,22,26,25,29,27,28,30,31,33,32,34,35,38,39,37,44,41,40,42,46,48,50,54,55,52,53,56,59,60,61,63,65,67,68,70,71,72,74,75,77,79,81,82,84,86,57,62,69,73,76,80,85,83],"msg_id":86,"type":"broadcast"}}
2025/06/29 15:47:39 Received {n4 n3 {"in_reply_to":85,"type":"broadcast_ok"}}
2025/06/29 15:47:39 Received {n0 n3 {"in_reply_to":86,"type":"broadcast_ok"}}
2025/06/29 15:47:39 Received {n4 n3 {"messages":[2,1,4,3,7,5,10,8,14,12,13,16,17,18,24,19,20,21,22,26,25,29,27,28,30,31,33,32,34,35,38,39,37,44,41,40,42,46,48,0,6,9,11,15,23,36,43,45,47,49,51,50,55,54,53,52,57,62,69,73,76,80,85,83,56,59,60,61,63,65,67,68,70,71,72,74,75,77,79,81,82,84,86,58,64,66,78],"msg_id":79,"type":"broadcast"}}
2025/06/29 15:47:39 Sent {"src":"n3","dest":"n4","body":{"in_reply_to":79,"type":"broadcast_ok"}}
2025/06/29 15:47:39 Received {n0 n3 {"messages":[1,3,4,2,5,7,10,8,12,13,14,16,17,20,21,18,25,19,22,26,27,24,30,31,29,28,32,34,35,33,37,38,40,39,41,46,44,42,48,50,0,6,9,11,15,23,36,43,45,47,49,51,52,53,54,56,55,59,60,61,63,65,67,68,71,70,72,74,75,77,79,81,82,86,84,57,62,69,73,76,80,83,85,58,64,66,78],"msg_id":82,"type":"broadcast"}}
2025/06/29 15:47:39 Sent {"src":"n3","dest":"n0","body":{"in_reply_to":82,"type":"broadcast_ok"}}
2025/06/29 15:47:40 Sent {"src":"n3","dest":"n0","body":{"messages":[0,6,9,11,15,23,36,43,45,47,49,51,2,1,4,3,7,5,10,8,14,12,13,16,17,18,24,19,20,21,22,26,25,29,27,28,30,31,33,32,34,35,38,39,37,44,41,40,42,46,48,50,54,55,52,53,56,59,60,61,63,65,67,68,70,71,72,74,75,77,79,81,82,84,86,57,62,69,73,76,80,85,83,58,64,66,78],"msg_id":87,"type":"broadcast"}}
2025/06/29 15:47:40 Sent {"src":"n3","dest":"n4","body":{"messages":[0,6,9,11,15,23,36,43,45,47,49,51,2,1,4,3,7,5,10,8,14,12,13,16,17,18,24,19,20,21,22,26,25,29,27,28,30,31,33,32,34,35,38,39,37,44,41,40,42,46,48,50,54,55,52,53,56,59,60,61,63,65,67,68,70,71,72,74,75,77,79,81,82,84,86,57,62,69,73,76,80,85,83,58,64,66,78],"msg_id":88,"type":"broadcast"}}
2025/06/29 15:47:40 Received {n0 n3 {"in_reply_to":87,"type":"broadcast_ok"}}
2025/06/29 15:47:40 Received {n4 n3 {"in_reply_to":88,"type":"broadcast_ok"}}
2025/06/29 15:47:40 Received {n4 n3 {"messages":[2,1,4,3,7,5,10,8,14,12,13,16,17,18,24,19,20,21,22,26,25,29,27,28,30,31,33,32,34,35,38,39,37,44,41,40,42,46,48,0,6,9,11,15,23,36,43,45,47,49,51,50,55,54,53,52,57,62,69,73,76,80,85,83,56,59,60,61,63,65,67,68,70,71,72,74,75,77,79,81,82,84,86,58,64,66,78],"msg_id":82,"type":"broadcast"}}
2025/06/29 15:47:40 Sent {"src":"n3","dest":"n4","body":{"in_reply_to":82,"type":"broadcast_ok"}}
2025/06/29 15:47:40 Received {n0 n3 {"messages":[1,3,4,2,5,7,10,8,12,13,14,16,17,20,21,18,25,19,22,26,27,24,30,31,29,28,32,34,35,33,37,38,40,39,41,46,44,42,48,50,0,6,9,11,15,23,36,43,45,47,49,51,52,53,54,56,55,59,60,61,63,65,67,68,71,70,72,74,75,77,79,81,82,86,84,57,62,69,73,76,80,83,85,58,64,66,78],"msg_id":84,"type":"broadcast"}}
2025/06/29 15:47:40 Sent {"src":"n3","dest":"n0","body":{"in_reply_to":84,"type":"broadcast_ok"}}
2025/06/29 15:47:40 Sent {"src":"n3","dest":"n4","body":{"messages":[0,6,9,11,15,23,36,43,45,47,49,51,2,1,4,3,7,5,10,8,14,12,13,16,17,18,24,19,20,21,22,26,25,29,27,28,30,31,33,32,34,35,38,39,37,44,41,40,42,46,48,50,54,55,52,53,56,59,60,61,63,65,67,68,70,71,72,74,75,77,79,81,82,84,86,57,62,69,73,76,80,85,83,58,64,66,78],"msg_id":89,"type":"broadcast"}}
2025/06/29 15:47:40 Sent {"src":"n3","dest":"n0","body":{"messages":[0,6,9,11,15,23,36,43,45,47,49,51,2,1,4,3,7,5,10,8,14,12,13,16,17,18,24,19,20,21,22,26,25,29,27,28,30,31,33,32,34,35,38,39,37,44,41,40,42,46,48,50,54,55,52,53,56,59,60,61,63,65,67,68,70,71,72,74,75,77,79,81,82,84,86,57,62,69,73,76,80,85,83,58,64,66,78],"msg_id":90,"type":"broadcast"}}
2025/06/29 15:47:40 Received {n4 n3 {"in_reply_to":89,"type":"broadcast_ok"}}
2025/06/29 15:47:40 Received {n0 n3 {"in_reply_to":90,"type":"broadcast_ok"}}
2025/06/29 15:47:40 Received {n4 n3 {"messages":[2,1,4,3,7,5,10,8,14,12,13,16,17,18,24,19,20,21,22,26,25,29,27,28,30,31,33,32,34,35,38,39,37,44,41,40,42,46,48,0,6,9,11,15,23,36,43,45,47,49,51,50,55,54,53,52,57,62,69,73,76,80,85,83,56,59,60,61,63,65,67,68,70,71,72,74,75,77,79,81,82,84,86,58,64,66,78],"msg_id":83,"type":"broadcast"}}
2025/06/29 15:47:40 Sent {"src":"n3","dest":"n4","body":{"in_reply_to":83,"type":"broadcast_ok"}}
2025/06/29 15:47:40 Received {n0 n3 {"messages":[1,3,4,2,5,7,10,8,12,13,14,16,17,20,21,18,25,19,22,26,27,24,30,31,29,28,32,34,35,33,37,38,40,39,41,46,44,42,48,50,0,6,9,11,15,23,36,43,45,47,49,51,52,53,54,56,55,59,60,61,63,65,67,68,71,70,72,74,75,77,79,81,82,86,84,57,62,69,73,76,80,83,85,58,64,66,78],"msg_id":85,"type":"broadcast"}}
2025/06/29 15:47:40 Sent {"src":"n3","dest":"n0","body":{"in_reply_to":85,"type":"broadcast_ok"}}
2025/06/29 15:47:41 Sent {"src":"n3","dest":"n0","body":{"messages":[0,6,9,11,15,23,36,43,45,47,49,51,2,1,4,3,7,5,10,8,14,12,13,16,17,18,24,19,20,21,22,26,25,29,27,28,30,31,33,32,34,35,38,39,37,44,41,40,42,46,48,50,54,55,52,53,56,59,60,61,63,65,67,68,70,71,72,74,75,77,79,81,82,84,86,57,62,69,73,76,80,85,83,58,64,66,78],"msg_id":91,"type":"broadcast"}}
2025/06/29 15:47:41 Sent {"src":"n3","dest":"n4","body":{"messages":[0,6,9,11,15,23,36,43,45,47,49,51,2,1,4,3,7,5,10,8,14,12,13,16,17,18,24,19,20,21,22,26,25,29,27,28,30,31,33,32,34,35,38,39,37,44,41,40,42,46,48,50,54,55,52,53,56,59,60,61,63,65,67,68,70,71,72,74,75,77,79,81,82,84,86,57,62,69,73,76,80,85,83,58,64,66,78],"msg_id":92,"type":"broadcast"}}
2025/06/29 15:47:41 Received {n4 n3 {"in_reply_to":92,"type":"broadcast_ok"}}
2025/06/29 15:47:41 Received {n0 n3 {"in_reply_to":91,"type":"broadcast_ok"}}
2025/06/29 15:47:41 Received {n4 n3 {"messages":[2,1,4,3,7,5,10,8,14,12,13,16,17,18,24,19,20,21,22,26,25,29,27,28,30,31,33,32,34,35,38,39,37,44,41,40,42,46,48,0,6,9,11,15,23,36,43,45,47,49,51,50,55,54,53,52,57,62,69,73,76,80,85,83,56,59,60,61,63,65,67,68,70,71,72,74,75,77,79,81,82,84,86,58,64,66,78],"msg_id":86,"type":"broadcast"}}
2025/06/29 15:47:41 Sent {"src":"n3","dest":"n4","body":{"in_reply_to":86,"type":"broadcast_ok"}}
2025/06/29 15:47:41 Received {n0 n3 {"messages":[1,3,4,2,5,7,10,8,12,13,14,16,17,20,21,18,25,19,22,26,27,24,30,31,29,28,32,34,35,33,37,38,40,39,41,46,44,42,48,50,0,6,9,11,15,23,36,43,45,47,49,51,52,53,54,56,55,59,60,61,63,65,67,68,71,70,72,74,75,77,79,81,82,86,84,57,62,69,73,76,80,83,85,58,64,66,78],"msg_id":88,"type":"broadcast"}}
2025/06/29 15:47:41 Sent {"src":"n3","dest":"n0","body":{"in_reply_to":88,"type":"broadcast_ok"}}
2025/06/29 15:47:41 Sent {"src":"n3","dest":"n4","body":{"messages":[0,6,9,11,15,23,36,43,45,47,49,51,2,1,4,3,7,5,10,8,14,12,13,16,17,18,24,19,20,21,22,26,25,29,27,28,30,31,33,32,34,35,38,39,37,44,41,40,42,46,48,50,54,55,52,53,56,59,60,61,63,65,67,68,70,71,72,74,75,77,79,81,82,84,86,57,62,69,73,76,80,85,83,58,64,66,78],"msg_id":94,"type":"broadcast"}}
2025/06/29 15:47:41 Sent {"src":"n3","dest":"n0","body":{"messages":[0,6,9,11,15,23,36,43,45,47,49,51,2,1,4,3,7,5,10,8,14,12,13,16,17,18,24,19,20,21,22,26,25,29,27,28,30,31,33,32,34,35,38,39,37,44,41,40,42,46,48,50,54,55,52,53,56,59,60,61,63,65,67,68,70,71,72,74,75,77,79,81,82,84,86,57,62,69,73,76,80,85,83,58,64,66,78],"msg_id":93,"type":"broadcast"}}
2025/06/29 15:47:41 Received {n0 n3 {"in_reply_to":93,"type":"broadcast_ok"}}
2025/06/29 15:47:41 Received {n4 n3 {"in_reply_to":94,"type":"broadcast_ok"}}
2025/06/29 15:47:41 Received {n4 n3 {"messages":[2,1,4,3,7,5,10,8,14,12,13,16,17,18,24,19,20,21,22,26,25,29,27,28,30,31,33,32,34,35,38,39,37,44,41,40,42,46,48,0,6,9,11,15,23,36,43,45,47,49,51,50,55,54,53,52,57,62,69,73,76,80,85,83,56,59,60,61,63,65,67,68,70,71,72,74,75,77,79,81,82,84,86,58,64,66,78],"msg_id":87,"type":"broadcast"}}
2025/06/29 15:47:41 Sent {"src":"n3","dest":"n4","body":{"in_reply_to":87,"type":"broadcast_ok"}}
2025/06/29 15:47:41 Received {n0 n3 {"messages":[1,3,4,2,5,7,10,8,12,13,14,16,17,20,21,18,25,19,22,26,27,24,30,31,29,28,32,34,35,33,37,38,40,39,41,46,44,42,48,50,0,6,9,11,15,23,36,43,45,47,49,51,52,53,54,56,55,59,60,61,63,65,67,68,71,70,72,74,75,77,79,81,82,86,84,57,62,69,73,76,80,83,85,58,64,66,78],"msg_id":89,"type":"broadcast"}}
2025/06/29 15:47:41 Sent {"src":"n3","dest":"n0","body":{"in_reply_to":89,"type":"broadcast_ok"}}
2025/06/29 15:47:42 Sent {"src":"n3","dest":"n0","body":{"messages":[0,6,9,11,15,23,36,43,45,47,49,51,2,1,4,3,7,5,10,8,14,12,13,16,17,18,24,19,20,21,22,26,25,29,27,28,30,31,33,32,34,35,38,39,37,44,41,40,42,46,48,50,54,55,52,53,56,59,60,61,63,65,67,68,70,71,72,74,75,77,79,81,82,84,86,57,62,69,73,76,80,85,83,58,64,66,78],"msg_id":96,"type":"broadcast"}}
2025/06/29 15:47:42 Sent {"src":"n3","dest":"n4","body":{"messages":[0,6,9,11,15,23,36,43,45,47,49,51,2,1,4,3,7,5,10,8,14,12,13,16,17,18,24,19,20,21,22,26,25,29,27,28,30,31,33,32,34,35,38,39,37,44,41,40,42,46,48,50,54,55,52,53,56,59,60,61,63,65,67,68,70,71,72,74,75,77,79,81,82,84,86,57,62,69,73,76,80,85,83,58,64,66,78],"msg_id":95,"type":"broadcast"}}
2025/06/29 15:47:42 Received {n0 n3 {"in_reply_to":96,"type":"broadcast_ok"}}
2025/06/29 15:47:42 Received {n4 n3 {"messages":[2,1,4,3,7,5,10,8,14,12,13,16,17,18,24,19,20,21,22,26,25,29,27,28,30,31,33,32,34,35,38,39,37,44,41,40,42,46,48,0,6,9,11,15,23,36,43,45,47,49,51,50,55,54,53,52,57,62,69,73,76,80,85,83,56,59,60,61,63,65,67,68,70,71,72,74,75,77,79,81,82,84,86,58,64,66,78],"msg_id":90,"type":"broadcast"}}
2025/06/29 15:47:42 Received {n4 n3 {"in_reply_to":95,"type":"broadcast_ok"}}
2025/06/29 15:47:42 Sent {"src":"n3","dest":"n4","body":{"in_reply_to":90,"type":"broadcast_ok"}}
2025/06/29 15:47:42 Received {n0 n3 {"messages":[1,3,4,2,5,7,10,8,12,13,14,16,17,20,21,18,25,19,22,26,27,24,30,31,29,28,32,34,35,33,37,38,40,39,41,46,44,42,48,50,0,6,9,11,15,23,36,43,45,47,49,51,52,53,54,56,55,59,60,61,63,65,67,68,71,70,72,74,75,77,79,81,82,86,84,57,62,69,73,76,80,83,85,58,64,66,78],"msg_id":91,"type":"broadcast"}}
2025/06/29 15:47:42 Sent {"src":"n3","dest":"n0","body":{"in_reply_to":91,"type":"broadcast_ok"}}
2025/06/29 15:47:42 Sent {"src":"n3","dest":"n4","body":{"messages":[0,6,9,11,15,23,36,43,45,47,49,51,2,1,4,3,7,5,10,8,14,12,13,16,17,18,24,19,20,21,22,26,25,29,27,28,30,31,33,32,34,35,38,39,37,44,41,40,42,46,48,50,54,55,52,53,56,59,60,61,63,65,67,68,70,71,72,74,75,77,79,81,82,84,86,57,62,69,73,76,80,85,83,58,64,66,78],"msg_id":97,"type":"broadcast"}}
2025/06/29 15:47:42 Sent {"src":"n3","dest":"n0","body":{"messages":[0,6,9,11,15,23,36,43,45,47,49,51,2,1,4,3,7,5,10,8,14,12,13,16,17,18,24,19,20,21,22,26,25,29,27,28,30,31,33,32,34,35,38,39,37,44,41,40,42,46,48,50,54,55,52,53,56,59,60,61,63,65,67,68,70,71,72,74,75,77,79,81,82,84,86,57,62,69,73,76,80,85,83,58,64,66,78],"msg_id":98,"type":"broadcast"}}
2025/06/29 15:47:42 Received {n4 n3 {"messages":[2,1,4,3,7,5,10,8,14,12,13,16,17,18,24,19,20,21,22,26,25,29,27,28,30,31,33,32,34,35,38,39,37,44,41,40,42,46,48,0,6,9,11,15,23,36,43,45,47,49,51,50,55,54,53,52,57,62,69,73,76,80,85,83,56,59,60,61,63,65,67,68,70,71,72,74,75,77,79,81,82,84,86,58,64,66,78],"msg_id":92,"type":"broadcast"}}
2025/06/29 15:47:42 Sent {"src":"n3","dest":"n4","body":{"in_reply_to":92,"type":"broadcast_ok"}}
2025/06/29 15:47:42 Received {n4 n3 {"in_reply_to":97,"type":"broadcast_ok"}}
2025/06/29 15:47:42 Received {n0 n3 {"in_reply_to":98,"type":"broadcast_ok"}}
2025/06/29 15:47:42 Received {n0 n3 {"messages":[1,3,4,2,5,7,10,8,12,13,14,16,17,20,21,18,25,19,22,26,27,24,30,31,29,28,32,34,35,33,37,38,40,39,41,46,44,42,48,50,0,6,9,11,15,23,36,43,45,47,49,51,52,53,54,56,55,59,60,61,63,65,67,68,71,70,72,74,75,77,79,81,82,86,84,57,62,69,73,76,80,83,85,58,64,66,78],"msg_id":94,"type":"broadcast"}}
2025/06/29 15:47:42 Sent {"src":"n3","dest":"n0","body":{"in_reply_to":94,"type":"broadcast_ok"}}
2025/06/29 15:47:43 Sent {"src":"n3","dest":"n4","body":{"messages":[0,6,9,11,15,23,36,43,45,47,49,51,2,1,4,3,7,5,10,8,14,12,13,16,17,18,24,19,20,21,22,26,25,29,27,28,30,31,33,32,34,35,38,39,37,44,41,40,42,46,48,50,54,55,52,53,56,59,60,61,63,65,67,68,70,71,72,74,75,77,79,81,82,84,86,57,62,69,73,76,80,85,83,58,64,66,78],"msg_id":99,"type":"broadcast"}}
2025/06/29 15:47:43 Sent {"src":"n3","dest":"n0","body":{"messages":[0,6,9,11,15,23,36,43,45,47,49,51,2,1,4,3,7,5,10,8,14,12,13,16,17,18,24,19,20,21,22,26,25,29,27,28,30,31,33,32,34,35,38,39,37,44,41,40,42,46,48,50,54,55,52,53,56,59,60,61,63,65,67,68,70,71,72,74,75,77,79,81,82,84,86,57,62,69,73,76,80,85,83,58,64,66,78],"msg_id":100,"type":"broadcast"}}
2025/06/29 15:47:43 Received {n4 n3 {"in_reply_to":99,"type":"broadcast_ok"}}
2025/06/29 15:47:43 Received {n4 n3 {"messages":[2,1,4,3,7,5,10,8,14,12,13,16,17,18,24,19,20,21,22,26,25,29,27,28,30,31,33,32,34,35,38,39,37,44,41,40,42,46,48,0,6,9,11,15,23,36,43,45,47,49,51,50,55,54,53,52,57,62,69,73,76,80,85,83,56,59,60,61,63,65,67,68,70,71,72,74,75,77,79,81,82,84,86,58,64,66,78],"msg_id":93,"type":"broadcast"}}
2025/06/29 15:47:43 Received {n0 n3 {"in_reply_to":100,"type":"broadcast_ok"}}
2025/06/29 15:47:43 Sent {"src":"n3","dest":"n4","body":{"in_reply_to":93,"type":"broadcast_ok"}}
2025/06/29 15:47:43 Received {n0 n3 {"messages":[1,3,4,2,5,7,10,8,12,13,14,16,17,20,21,18,25,19,22,26,27,24,30,31,29,28,32,34,35,33,37,38,40,39,41,46,44,42,48,50,0,6,9,11,15,23,36,43,45,47,49,51,52,53,54,56,55,59,60,61,63,65,67,68,71,70,72,74,75,77,79,81,82,86,84,57,62,69,73,76,80,83,85,58,64,66,78],"msg_id":96,"type":"broadcast"}}
2025/06/29 15:47:43 Sent {"src":"n3","dest":"n0","body":{"in_reply_to":96,"type":"broadcast_ok"}}
2025/06/29 15:47:43 Sent {"src":"n3","dest":"n4","body":{"messages":[0,6,9,11,15,23,36,43,45,47,49,51,2,1,4,3,7,5,10,8,14,12,13,16,17,18,24,19,20,21,22,26,25,29,27,28,30,31,33,32,34,35,38,39,37,44,41,40,42,46,48,50,54,55,52,53,56,59,60,61,63,65,67,68,70,71,72,74,75,77,79,81,82,84,86,57,62,69,73,76,80,85,83,58,64,66,78],"msg_id":101,"type":"broadcast"}}
2025/06/29 15:47:43 Sent {"src":"n3","dest":"n0","body":{"messages":[0,6,9,11,15,23,36,43,45,47,49,51,2,1,4,3,7,5,10,8,14,12,13,16,17,18,24,19,20,21,22,26,25,29,27,28,30,31,33,32,34,35,38,39,37,44,41,40,42,46,48,50,54,55,52,53,56,59,60,61,63,65,67,68,70,71,72,74,75,77,79,81,82,84,86,57,62,69,73,76,80,85,83,58,64,66,78],"msg_id":102,"type":"broadcast"}}
2025/06/29 15:47:43 Received {n0 n3 {"in_reply_to":102,"type":"broadcast_ok"}}
2025/06/29 15:47:43 Received {n4 n3 {"in_reply_to":101,"type":"broadcast_ok"}}
2025/06/29 15:47:43 Received {n4 n3 {"messages":[2,1,4,3,7,5,10,8,14,12,13,16,17,18,24,19,20,21,22,26,25,29,27,28,30,31,33,32,34,35,38,39,37,44,41,40,42,46,48,0,6,9,11,15,23,36,43,45,47,49,51,50,55,54,53,52,57,62,69,73,76,80,85,83,56,59,60,61,63,65,67,68,70,71,72,74,75,77,79,81,82,84,86,58,64,66,78],"msg_id":95,"type":"broadcast"}}
2025/06/29 15:47:43 Sent {"src":"n3","dest":"n4","body":{"in_reply_to":95,"type":"broadcast_ok"}}
2025/06/29 15:47:43 Received {n0 n3 {"messages":[1,3,4,2,5,7,10,8,12,13,14,16,17,20,21,18,25,19,22,26,27,24,30,31,29,28,32,34,35,33,37,38,40,39,41,46,44,42,48,50,0,6,9,11,15,23,36,43,45,47,49,51,52,53,54,56,55,59,60,61,63,65,67,68,71,70,72,74,75,77,79,81,82,86,84,57,62,69,73,76,80,83,85,58,64,66,78],"msg_id":98,"type":"broadcast"}}
2025/06/29 15:47:43 Sent {"src":"n3","dest":"n0","body":{"in_reply_to":98,"type":"broadcast_ok"}}
2025/06/29 15:47:44 Sent {"src":"n3","dest":"n4","body":{"messages":[0,6,9,11,15,23,36,43,45,47,49,51,2,1,4,3,7,5,10,8,14,12,13,16,17,18,24,19,20,21,22,26,25,29,27,28,30,31,33,32,34,35,38,39,37,44,41,40,42,46,48,50,54,55,52,53,56,59,60,61,63,65,67,68,70,71,72,74,75,77,79,81,82,84,86,57,62,69,73,76,80,85,83,58,64,66,78],"msg_id":103,"type":"broadcast"}}
2025/06/29 15:47:44 Sent {"src":"n3","dest":"n0","body":{"messages":[0,6,9,11,15,23,36,43,45,47,49,51,2,1,4,3,7,5,10,8,14,12,13,16,17,18,24,19,20,21,22,26,25,29,27,28,30,31,33,32,34,35,38,39,37,44,41,40,42,46,48,50,54,55,52,53,56,59,60,61,63,65,67,68,70,71,72,74,75,77,79,81,82,84,86,57,62,69,73,76,80,85,83,58,64,66,78],"msg_id":104,"type":"broadcast"}}
2025/06/29 15:47:44 Received {n4 n3 {"messages":[2,1,4,3,7,5,10,8,14,12,13,16,17,18,24,19,20,21,22,26,25,29,27,28,30,31,33,32,34,35,38,39,37,44,41,40,42,46,48,0,6,9,11,15,23,36,43,45,47,49,51,50,55,54,53,52,57,62,69,73,76,80,85,83,56,59,60,61,63,65,67,68,70,71,72,74,75,77,79,81,82,84,86,58,64,66,78],"msg_id":98,"type":"broadcast"}}
2025/06/29 15:47:44 Received {n4 n3 {"in_reply_to":103,"type":"broadcast_ok"}}
2025/06/29 15:47:44 Received {n0 n3 {"in_reply_to":104,"type":"broadcast_ok"}}
2025/06/29 15:47:44 Sent {"src":"n3","dest":"n4","body":{"in_reply_to":98,"type":"broadcast_ok"}}
2025/06/29 15:47:44 Received {n0 n3 {"messages":[1,3,4,2,5,7,10,8,12,13,14,16,17,20,21,18,25,19,22,26,27,24,30,31,29,28,32,34,35,33,37,38,40,39,41,46,44,42,48,50,0,6,9,11,15,23,36,43,45,47,49,51,52,53,54,56,55,59,60,61,63,65,67,68,71,70,72,74,75,77,79,81,82,86,84,57,62,69,73,76,80,83,85,58,64,66,78],"msg_id":99,"type":"broadcast"}}
2025/06/29 15:47:44 Sent {"src":"n3","dest":"n0","body":{"in_reply_to":99,"type":"broadcast_ok"}}
2025/06/29 15:47:44 Sent {"src":"n3","dest":"n4","body":{"messages":[0,6,9,11,15,23,36,43,45,47,49,51,2,1,4,3,7,5,10,8,14,12,13,16,17,18,24,19,20,21,22,26,25,29,27,28,30,31,33,32,34,35,38,39,37,44,41,40,42,46,48,50,54,55,52,53,56,59,60,61,63,65,67,68,70,71,72,74,75,77,79,81,82,84,86,57,62,69,73,76,80,85,83,58,64,66,78],"msg_id":105,"type":"broadcast"}}
2025/06/29 15:47:44 Sent {"src":"n3","dest":"n0","body":{"messages":[0,6,9,11,15,23,36,43,45,47,49,51,2,1,4,3,7,5,10,8,14,12,13,16,17,18,24,19,20,21,22,26,25,29,27,28,30,31,33,32,34,35,38,39,37,44,41,40,42,46,48,50,54,55,52,53,56,59,60,61,63,65,67,68,70,71,72,74,75,77,79,81,82,84,86,57,62,69,73,76,80,85,83,58,64,66,78],"msg_id":106,"type":"broadcast"}}
2025/06/29 15:47:44 Received {n4 n3 {"messages":[2,1,4,3,7,5,10,8,14,12,13,16,17,18,24,19,20,21,22,26,25,29,27,28,30,31,33,32,34,35,38,39,37,44,41,40,42,46,48,0,6,9,11,15,23,36,43,45,47,49,51,50,55,54,53,52,57,62,69,73,76,80,85,83,56,59,60,61,63,65,67,68,70,71,72,74,75,77,79,81,82,84,86,58,64,66,78],"msg_id":99,"type":"broadcast"}}
2025/06/29 15:47:44 Received {n4 n3 {"in_reply_to":105,"type":"broadcast_ok"}}
2025/06/29 15:47:44 Received {n0 n3 {"in_reply_to":106,"type":"broadcast_ok"}}
2025/06/29 15:47:44 Sent {"src":"n3","dest":"n4","body":{"in_reply_to":99,"type":"broadcast_ok"}}
2025/06/29 15:47:44 Received {n0 n3 {"messages":[1,3,4,2,5,7,10,8,12,13,14,16,17,20,21,18,25,19,22,26,27,24,30,31,29,28,32,34,35,33,37,38,40,39,41,46,44,42,48,50,0,6,9,11,15,23,36,43,45,47,49,51,52,53,54,56,55,59,60,61,63,65,67,68,71,70,72,74,75,77,79,81,82,86,84,57,62,69,73,76,80,83,85,58,64,66,78],"msg_id":102,"type":"broadcast"}}
2025/06/29 15:47:44 Sent {"src":"n3","dest":"n0","body":{"in_reply_to":102,"type":"broadcast_ok"}}
2025/06/29 15:47:45 Sent {"src":"n3","dest":"n0","body":{"messages":[0,6,9,11,15,23,36,43,45,47,49,51,2,1,4,3,7,5,10,8,14,12,13,16,17,18,24,19,20,21,22,26,25,29,27,28,30,31,33,32,34,35,38,39,37,44,41,40,42,46,48,50,54,55,52,53,56,59,60,61,63,65,67,68,70,71,72,74,75,77,79,81,82,84,86,57,62,69,73,76,80,85,83,58,64,66,78],"msg_id":108,"type":"broadcast"}}
2025/06/29 15:47:45 Sent {"src":"n3","dest":"n4","body":{"messages":[0,6,9,11,15,23,36,43,45,47,49,51,2,1,4,3,7,5,10,8,14,12,13,16,17,18,24,19,20,21,22,26,25,29,27,28,30,31,33,32,34,35,38,39,37,44,41,40,42,46,48,50,54,55,52,53,56,59,60,61,63,65,67,68,70,71,72,74,75,77,79,81,82,84,86,57,62,69,73,76,80,85,83,58,64,66,78],"msg_id":107,"type":"broadcast"}}
2025/06/29 15:47:45 Received {n4 n3 {"messages":[2,1,4,3,7,5,10,8,14,12,13,16,17,18,24,19,20,21,22,26,25,29,27,28,30,31,33,32,34,35,38,39,37,44,41,40,42,46,48,0,6,9,11,15,23,36,43,45,47,49,51,50,55,54,53,52,57,62,69,73,76,80,85,83,56,59,60,61,63,65,67,68,70,71,72,74,75,77,79,81,82,84,86,58,64,66,78],"msg_id":101,"type":"broadcast"}}
2025/06/29 15:47:45 Received {n0 n3 {"in_reply_to":108,"type":"broadcast_ok"}}
2025/06/29 15:47:45 Received {n4 n3 {"in_reply_to":107,"type":"broadcast_ok"}}
2025/06/29 15:47:45 Sent {"src":"n3","dest":"n4","body":{"in_reply_to":101,"type":"broadcast_ok"}}
2025/06/29 15:47:45 Received {n0 n3 {"messages":[1,3,4,2,5,7,10,8,12,13,14,16,17,20,21,18,25,19,22,26,27,24,30,31,29,28,32,34,35,33,37,38,40,39,41,46,44,42,48,50,0,6,9,11,15,23,36,43,45,47,49,51,52,53,54,56,55,59,60,61,63,65,67,68,71,70,72,74,75,77,79,81,82,86,84,57,62,69,73,76,80,83,85,58,64,66,78],"msg_id":103,"type":"broadcast"}}
2025/06/29 15:47:45 Sent {"src":"n3","dest":"n0","body":{"in_reply_to":103,"type":"broadcast_ok"}}
2025/06/29 15:47:45 Sent {"src":"n3","dest":"n0","body":{"messages":[0,6,9,11,15,23,36,43,45,47,49,51,2,1,4,3,7,5,10,8,14,12,13,16,17,18,24,19,20,21,22,26,25,29,27,28,30,31,33,32,34,35,38,39,37,44,41,40,42,46,48,50,54,55,52,53,56,59,60,61,63,65,67,68,70,71,72,74,75,77,79,81,82,84,86,57,62,69,73,76,80,85,83,58,64,66,78],"msg_id":110,"type":"broadcast"}}
2025/06/29 15:47:45 Sent {"src":"n3","dest":"n4","body":{"messages":[0,6,9,11,15,23,36,43,45,47,49,51,2,1,4,3,7,5,10,8,14,12,13,16,17,18,24,19,20,21,22,26,25,29,27,28,30,31,33,32,34,35,38,39,37,44,41,40,42,46,48,50,54,55,52,53,56,59,60,61,63,65,67,68,70,71,72,74,75,77,79,81,82,84,86,57,62,69,73,76,80,85,83,58,64,66,78],"msg_id":109,"type":"broadcast"}}
2025/06/29 15:47:45 Received {n4 n3 {"messages":[2,1,4,3,7,5,10,8,14,12,13,16,17,18,24,19,20,21,22,26,25,29,27,28,30,31,33,32,34,35,38,39,37,44,41,40,42,46,48,0,6,9,11,15,23,36,43,45,47,49,51,50,55,54,53,52,57,62,69,73,76,80,85,83,56,59,60,61,63,65,67,68,70,71,72,74,75,77,79,81,82,84,86,58,64,66,78],"msg_id":104,"type":"broadcast"}}
2025/06/29 15:47:45 Received {n0 n3 {"in_reply_to":110,"type":"broadcast_ok"}}
2025/06/29 15:47:45 Received {n4 n3 {"in_reply_to":109,"type":"broadcast_ok"}}
2025/06/29 15:47:45 Sent {"src":"n3","dest":"n4","body":{"in_reply_to":104,"type":"broadcast_ok"}}
2025/06/29 15:47:45 Received {n0 n3 {"messages":[1,3,4,2,5,7,10,8,12,13,14,16,17,20,21,18,25,19,22,26,27,24,30,31,29,28,32,34,35,33,37,38,40,39,41,46,44,42,48,50,0,6,9,11,15,23,36,43,45,47,49,51,52,53,54,56,55,59,60,61,63,65,67,68,71,70,72,74,75,77,79,81,82,86,84,57,62,69,73,76,80,83,85,58,64,66,78],"msg_id":106,"type":"broadcast"}}
2025/06/29 15:47:45 Sent {"src":"n3","dest":"n0","body":{"in_reply_to":106,"type":"broadcast_ok"}}
2025/06/29 15:47:46 Sent {"src":"n3","dest":"n4","body":{"messages":[0,6,9,11,15,23,36,43,45,47,49,51,2,1,4,3,7,5,10,8,14,12,13,16,17,18,24,19,20,21,22,26,25,29,27,28,30,31,33,32,34,35,38,39,37,44,41,40,42,46,48,50,54,55,52,53,56,59,60,61,63,65,67,68,70,71,72,74,75,77,79,81,82,84,86,57,62,69,73,76,80,85,83,58,64,66,78],"msg_id":112,"type":"broadcast"}}
2025/06/29 15:47:46 Sent {"src":"n3","dest":"n0","body":{"messages":[0,6,9,11,15,23,36,43,45,47,49,51,2,1,4,3,7,5,10,8,14,12,13,16,17,18,24,19,20,21,22,26,25,29,27,28,30,31,33,32,34,35,38,39,37,44,41,40,42,46,48,50,54,55,52,53,56,59,60,61,63,65,67,68,70,71,72,74,75,77,79,81,82,84,86,57,62,69,73,76,80,85,83,58,64,66,78],"msg_id":111,"type":"broadcast"}}
2025/06/29 15:47:46 Received {n4 n3 {"messages":[2,1,4,3,7,5,10,8,14,12,13,16,17,18,24,19,20,21,22,26,25,29,27,28,30,31,33,32,34,35,38,39,37,44,41,40,42,46,48,0,6,9,11,15,23,36,43,45,47,49,51,50,55,54,53,52,57,62,69,73,76,80,85,83,56,59,60,61,63,65,67,68,70,71,72,74,75,77,79,81,82,84,86,58,64,66,78],"msg_id":106,"type":"broadcast"}}
2025/06/29 15:47:46 Sent {"src":"n3","dest":"n4","body":{"in_reply_to":106,"type":"broadcast_ok"}}
2025/06/29 15:47:46 Received {n0 n3 {"in_reply_to":111,"type":"broadcast_ok"}}
2025/06/29 15:47:46 Received {n4 n3 {"in_reply_to":112,"type":"broadcast_ok"}}
2025/06/29 15:47:46 Received {n0 n3 {"messages":[1,3,4,2,5,7,10,8,12,13,14,16,17,20,21,18,25,19,22,26,27,24,30,31,29,28,32,34,35,33,37,38,40,39,41,46,44,42,48,50,0,6,9,11,15,23,36,43,45,47,49,51,52,53,54,56,55,59,60,61,63,65,67,68,71,70,72,74,75,77,79,81,82,86,84,57,62,69,73,76,80,83,85,58,64,66,78],"msg_id":107,"type":"broadcast"}}
2025/06/29 15:47:46 Sent {"src":"n3","dest":"n0","body":{"in_reply_to":107,"type":"broadcast_ok"}}
2025/06/29 15:47:46 Sent {"src":"n3","dest":"n0","body":{"messages":[0,6,9,11,15,23,36,43,45,47,49,51,2,1,4,3,7,5,10,8,14,12,13,16,17,18,24,19,20,21,22,26,25,29,27,28,30,31,33,32,34,35,38,39,37,44,41,40,42,46,48,50,54,55,52,53,56,59,60,61,63,65,67,68,70,71,72,74,75,77,79,81,82,84,86,57,62,69,73,76,80,85,83,58,64,66,78],"msg_id":114,"type":"broadcast"}}
2025/06/29 15:47:46 Sent {"src":"n3","dest":"n4","body":{"messages":[0,6,9,11,15,23,36,43,45,47,49,51,2,1,4,3,7,5,10,8,14,12,13,16,17,18,24,19,20,21,22,26,25,29,27,28,30,31,33,32,34,35,38,39,37,44,41,40,42,46,48,50,54,55,52,53,56,59,60,61,63,65,67,68,70,71,72,74,75,77,79,81,82,84,86,57,62,69,73,76,80,85,83,58,64,66,78],"msg_id":113,"type":"broadcast"}}
2025/06/29 15:47:46 Received {n0 n3 {"in_reply_to":114,"type":"broadcast_ok"}}
2025/06/29 15:47:46 Received {n4 n3 {"in_reply_to":113,"type":"broadcast_ok"}}
2025/06/29 15:47:46 Received {n4 n3 {"messages":[2,1,4,3,7,5,10,8,14,12,13,16,17,18,24,19,20,21,22,26,25,29,27,28,30,31,33,32,34,35,38,39,37,44,41,40,42,46,48,0,6,9,11,15,23,36,43,45,47,49,51,50,55,54,53,52,57,62,69,73,76,80,85,83,56,59,60,61,63,65,67,68,70,71,72,74,75,77,79,81,82,84,86,58,64,66,78],"msg_id":108,"type":"broadcast"}}
2025/06/29 15:47:46 Sent {"src":"n3","dest":"n4","body":{"in_reply_to":108,"type":"broadcast_ok"}}
2025/06/29 15:47:46 Received {n0 n3 {"messages":[1,3,4,2,5,7,10,8,12,13,14,16,17,20,21,18,25,19,22,26,27,24,30,31,29,28,32,34,35,33,37,38,40,39,41,46,44,42,48,50,0,6,9,11,15,23,36,43,45,47,49,51,52,53,54,56,55,59,60,61,63,65,67,68,71,70,72,74,75,77,79,81,82,86,84,57,62,69,73,76,80,83,85,58,64,66,78],"msg_id":110,"type":"broadcast"}}
2025/06/29 15:47:46 Sent {"src":"n3","dest":"n0","body":{"in_reply_to":110,"type":"broadcast_ok"}}
2025/06/29 15:47:47 Sent {"src":"n3","dest":"n4","body":{"messages":[0,6,9,11,15,23,36,43,45,47,49,51,2,1,4,3,7,5,10,8,14,12,13,16,17,18,24,19,20,21,22,26,25,29,27,28,30,31,33,32,34,35,38,39,37,44,41,40,42,46,48,50,54,55,52,53,56,59,60,61,63,65,67,68,70,71,72,74,75,77,79,81,82,84,86,57,62,69,73,76,80,85,83,58,64,66,78],"msg_id":116,"type":"broadcast"}}
2025/06/29 15:47:47 Sent {"src":"n3","dest":"n0","body":{"messages":[0,6,9,11,15,23,36,43,45,47,49,51,2,1,4,3,7,5,10,8,14,12,13,16,17,18,24,19,20,21,22,26,25,29,27,28,30,31,33,32,34,35,38,39,37,44,41,40,42,46,48,50,54,55,52,53,56,59,60,61,63,65,67,68,70,71,72,74,75,77,79,81,82,84,86,57,62,69,73,76,80,85,83,58,64,66,78],"msg_id":115,"type":"broadcast"}}
2025/06/29 15:47:47 Received {n4 n3 {"messages":[2,1,4,3,7,5,10,8,14,12,13,16,17,18,24,19,20,21,22,26,25,29,27,28,30,31,33,32,34,35,38,39,37,44,41,40,42,46,48,0,6,9,11,15,23,36,43,45,47,49,51,50,55,54,53,52,57,62,69,73,76,80,85,83,56,59,60,61,63,65,67,68,70,71,72,74,75,77,79,81,82,84,86,58,64,66,78],"msg_id":110,"type":"broadcast"}}
2025/06/29 15:47:47 Sent {"src":"n3","dest":"n4","body":{"in_reply_to":110,"type":"broadcast_ok"}}
2025/06/29 15:47:47 Received {n4 n3 {"in_reply_to":116,"type":"broadcast_ok"}}
2025/06/29 15:47:47 Received {n0 n3 {"in_reply_to":115,"type":"broadcast_ok"}}
2025/06/29 15:47:47 Received {n0 n3 {"messages":[1,3,4,2,5,7,10,8,12,13,14,16,17,20,21,18,25,19,22,26,27,24,30,31,29,28,32,34,35,33,37,38,40,39,41,46,44,42,48,50,0,6,9,11,15,23,36,43,45,47,49,51,52,53,54,56,55,59,60,61,63,65,67,68,71,70,72,74,75,77,79,81,82,86,84,57,62,69,73,76,80,83,85,58,64,66,78],"msg_id":112,"type":"broadcast"}}
2025/06/29 15:47:47 Sent {"src":"n3","dest":"n0","body":{"in_reply_to":112,"type":"broadcast_ok"}}
2025/06/29 15:47:47 Sent {"src":"n3","dest":"n4","body":{"messages":[0,6,9,11,15,23,36,43,45,47,49,51,2,1,4,3,7,5,10,8,14,12,13,16,17,18,24,19,20,21,22,26,25,29,27,28,30,31,33,32,34,35,38,39,37,44,41,40,42,46,48,50,54,55,52,53,56,59,60,61,63,65,67,68,70,71,72,74,75,77,79,81,82,84,86,57,62,69,73,76,80,85,83,58,64,66,78],"msg_id":118,"type":"broadcast"}}
2025/06/29 15:47:47 Sent {"src":"n3","dest":"n0","body":{"messages":[0,6,9,11,15,23,36,43,45,47,49,51,2,1,4,3,7,5,10,8,14,12,13,16,17,18,24,19,20,21,22,26,25,29,27,28,30,31,33,32,34,35,38,39,37,44,41,40,42,46,48,50,54,55,52,53,56,59,60,61,63,65,67,68,70,71,72,74,75,77,79,81,82,84,86,57,62,69,73,76,80,85,83,58,64,66,78],"msg_id":117,"type":"broadcast"}}
2025/06/29 15:47:47 Received {n4 n3 {"in_reply_to":118,"type":"broadcast_ok"}}
2025/06/29 15:47:47 Received {n0 n3 {"in_reply_to":117,"type":"broadcast_ok"}}
2025/06/29 15:47:47 Received {n4 n3 {"messages":[2,1,4,3,7,5,10,8,14,12,13,16,17,18,24,19,20,21,22,26,25,29,27,28,30,31,33,32,34,35,38,39,37,44,41,40,42,46,48,0,6,9,11,15,23,36,43,45,47,49,51,50,55,54,53,52,57,62,69,73,76,80,85,83,56,59,60,61,63,65,67,68,70,71,72,74,75,77,79,81,82,84,86,58,64,66,78],"msg_id":111,"type":"broadcast"}}
2025/06/29 15:47:47 Sent {"src":"n3","dest":"n4","body":{"in_reply_to":111,"type":"broadcast_ok"}}
2025/06/29 15:47:47 Received {n0 n3 {"messages":[1,3,4,2,5,7,10,8,12,13,14,16,17,20,21,18,25,19,22,26,27,24,30,31,29,28,32,34,35,33,37,38,40,39,41,46,44,42,48,50,0,6,9,11,15,23,36,43,45,47,49,51,52,53,54,56,55,59,60,61,63,65,67,68,71,70,72,74,75,77,79,81,82,86,84,57,62,69,73,76,80,83,85,58,64,66,78],"msg_id":114,"type":"broadcast"}}
2025/06/29 15:47:47 Sent {"src":"n3","dest":"n0","body":{"in_reply_to":114,"type":"broadcast_ok"}}
2025/06/29 15:47:48 Sent {"src":"n3","dest":"n4","body":{"messages":[0,6,9,11,15,23,36,43,45,47,49,51,2,1,4,3,7,5,10,8,14,12,13,16,17,18,24,19,20,21,22,26,25,29,27,28,30,31,33,32,34,35,38,39,37,44,41,40,42,46,48,50,54,55,52,53,56,59,60,61,63,65,67,68,70,71,72,74,75,77,79,81,82,84,86,57,62,69,73,76,80,85,83,58,64,66,78],"msg_id":119,"type":"broadcast"}}
2025/06/29 15:47:48 Sent {"src":"n3","dest":"n0","body":{"messages":[0,6,9,11,15,23,36,43,45,47,49,51,2,1,4,3,7,5,10,8,14,12,13,16,17,18,24,19,20,21,22,26,25,29,27,28,30,31,33,32,34,35,38,39,37,44,41,40,42,46,48,50,54,55,52,53,56,59,60,61,63,65,67,68,70,71,72,74,75,77,79,81,82,84,86,57,62,69,73,76,80,85,83,58,64,66,78],"msg_id":120,"type":"broadcast"}}
2025/06/29 15:47:48 Received {n4 n3 {"in_reply_to":119,"type":"broadcast_ok"}}
2025/06/29 15:47:48 Received {n0 n3 {"in_reply_to":120,"type":"broadcast_ok"}}
2025/06/29 15:47:48 Received {n4 n3 {"messages":[2,1,4,3,7,5,10,8,14,12,13,16,17,18,24,19,20,21,22,26,25,29,27,28,30,31,33,32,34,35,38,39,37,44,41,40,42,46,48,0,6,9,11,15,23,36,43,45,47,49,51,50,55,54,53,52,57,62,69,73,76,80,85,83,56,59,60,61,63,65,67,68,70,71,72,74,75,77,79,81,82,84,86,58,64,66,78],"msg_id":113,"type":"broadcast"}}
2025/06/29 15:47:48 Sent {"src":"n3","dest":"n4","body":{"in_reply_to":113,"type":"broadcast_ok"}}
2025/06/29 15:47:48 Received {c12 n3 {"type":"read","msg_id":35}}
2025/06/29 15:47:48 Sent {"src":"n3","dest":"c12","body":{"in_reply_to":35,"messages":[0,6,9,11,15,23,36,43,45,47,49,51,2,1,4,3,7,5,10,8,14,12,13,16,17,18,24,19,20,21,22,26,25,29,27,28,30,31,33,32,34,35,38,39,37,44,41,40,42,46,48,50,54,55,52,53,56,59,60,61,63,65,67,68,70,71,72,74,75,77,79,81,82,84,86,57,62,69,73,76,80,85,83,58,64,66,78],"type":"read_ok"}}
2025/06/29 15:47:48 Received {n0 n3 {"messages":[1,3,4,2,5,7,10,8,12,13,14,16,17,20,21,18,25,19,22,26,27,24,30,31,29,28,32,34,35,33,37,38,40,39,41,46,44,42,48,50,0,6,9,11,15,23,36,43,45,47,49,51,52,53,54,56,55,59,60,61,63,65,67,68,71,70,72,74,75,77,79,81,82,86,84,57,62,69,73,76,80,83,85,58,64,66,78],"msg_id":116,"type":"broadcast"}}
2025/06/29 15:47:48 Sent {"src":"n3","dest":"n0","body":{"in_reply_to":116,"type":"broadcast_ok"}}
