2025/06/27 21:00:34 Received {c0 n1 {"type":"init","node_id":"n1","node_ids":["n0","n1","n2","n3","n4"],"msg_id":1}}
2025/06/27 21:00:34 Node n1 initialized
2025/06/27 21:00:34 Sent {"src":"n1","dest":"c0","body":{"in_reply_to":1,"type":"init_ok"}}
2025/06/27 21:00:34 Received {c6 n1 {"type":"topology","topology":{"n0":["n3","n1"],"n1":["n4","n2","n0"],"n2":["n1"],"n3":["n0","n4"],"n4":["n1","n3"]},"msg_id":1}}
2025/06/27 21:00:34 Sent {"src":"n1","dest":"c6","body":{"in_reply_to":1,"type":"topology_ok"}}
2025/06/27 21:00:35 Received {c14 n1 {"type":"read","msg_id":1}}
2025/06/27 21:00:35 Sent {"src":"n1","dest":"c14","body":{"in_reply_to":1,"messages":[],"type":"read_ok"}}
2025/06/27 21:00:36 Received {c14 n1 {"type":"broadcast","message":4,"msg_id":2}}
2025/06/27 21:00:36 Sent {"src":"n1","dest":"c14","body":{"in_reply_to":2,"type":"broadcast_ok"}}
2025/06/27 21:00:36 Sent {"src":"n1","dest":"n4","body":{"message":4,"msg_id":1,"type":"broadcast"}}
2025/06/27 21:00:36 Sent {"src":"n1","dest":"n0","body":{"message":4,"msg_id":2,"type":"broadcast"}}
2025/06/27 21:00:36 Sent {"src":"n1","dest":"n2","body":{"message":4,"msg_id":3,"type":"broadcast"}}
2025/06/27 21:00:37 Received {c14 n1 {"type":"broadcast","message":7,"msg_id":3}}
2025/06/27 21:00:37 Sent {"src":"n1","dest":"n4","body":{"message":7,"msg_id":4,"type":"broadcast"}}
2025/06/27 21:00:37 Sent {"src":"n1","dest":"n2","body":{"message":7,"msg_id":5,"type":"broadcast"}}
2025/06/27 21:00:37 Sent {"src":"n1","dest":"c14","body":{"in_reply_to":3,"type":"broadcast_ok"}}
2025/06/27 21:00:37 Sent {"src":"n1","dest":"n0","body":{"message":7,"msg_id":6,"type":"broadcast"}}
2025/06/27 21:00:37 Received {c14 n1 {"type":"read","msg_id":4}}
2025/06/27 21:00:37 Sent {"src":"n1","dest":"c14","body":{"in_reply_to":4,"messages":[4,7],"type":"read_ok"}}
2025/06/27 21:00:38 Received {c14 n1 {"type":"broadcast","message":14,"msg_id":5}}
2025/06/27 21:00:38 Sent {"src":"n1","dest":"c14","body":{"in_reply_to":5,"type":"broadcast_ok"}}
2025/06/27 21:00:38 Sent {"src":"n1","dest":"n0","body":{"message":14,"msg_id":8,"type":"broadcast"}}
2025/06/27 21:00:38 Sent {"src":"n1","dest":"n4","body":{"message":14,"msg_id":7,"type":"broadcast"}}
2025/06/27 21:00:38 Sent {"src":"n1","dest":"n2","body":{"message":14,"msg_id":9,"type":"broadcast"}}
2025/06/27 21:00:38 Received {c14 n1 {"type":"read","msg_id":6}}
2025/06/27 21:00:38 Sent {"src":"n1","dest":"c14","body":{"in_reply_to":6,"messages":[4,7,14],"type":"read_ok"}}
2025/06/27 21:00:39 Received {c14 n1 {"type":"read","msg_id":7}}
2025/06/27 21:00:39 Sent {"src":"n1","dest":"c14","body":{"in_reply_to":7,"messages":[4,7,14],"type":"read_ok"}}
2025/06/27 21:00:39 Received {c14 n1 {"type":"read","msg_id":8}}
2025/06/27 21:00:39 Sent {"src":"n1","dest":"c14","body":{"in_reply_to":8,"messages":[4,7,14],"type":"read_ok"}}
2025/06/27 21:00:40 Received {c14 n1 {"type":"read","msg_id":9}}
2025/06/27 21:00:40 Sent {"src":"n1","dest":"c14","body":{"in_reply_to":9,"messages":[4,7,14],"type":"read_ok"}}
2025/06/27 21:00:40 Received {c14 n1 {"type":"broadcast","message":27,"msg_id":10}}
2025/06/27 21:00:40 Sent {"src":"n1","dest":"c14","body":{"in_reply_to":10,"type":"broadcast_ok"}}
2025/06/27 21:00:40 Sent {"src":"n1","dest":"n4","body":{"message":27,"msg_id":10,"type":"broadcast"}}
2025/06/27 21:00:40 Sent {"src":"n1","dest":"n2","body":{"message":27,"msg_id":11,"type":"broadcast"}}
2025/06/27 21:00:40 Sent {"src":"n1","dest":"n0","body":{"message":27,"msg_id":12,"type":"broadcast"}}
2025/06/27 21:00:41 Received {c14 n1 {"type":"broadcast","message":30,"msg_id":11}}
2025/06/27 21:00:41 Sent {"src":"n1","dest":"c14","body":{"in_reply_to":11,"type":"broadcast_ok"}}
2025/06/27 21:00:41 Sent {"src":"n1","dest":"n2","body":{"message":30,"msg_id":14,"type":"broadcast"}}
2025/06/27 21:00:41 Sent {"src":"n1","dest":"n4","body":{"message":30,"msg_id":13,"type":"broadcast"}}
2025/06/27 21:00:41 Sent {"src":"n1","dest":"n0","body":{"message":30,"msg_id":15,"type":"broadcast"}}
2025/06/27 21:00:41 Received {n0 n1 {"message":33,"msg_id":41,"type":"broadcast"}}
2025/06/27 21:00:41 Sent {"src":"n1","dest":"n0","body":{"in_reply_to":41,"type":"broadcast_ok"}}
2025/06/27 21:00:41 Sent {"src":"n1","dest":"n0","body":{"message":33,"msg_id":16,"type":"broadcast"}}
2025/06/27 21:00:41 Sent {"src":"n1","dest":"n2","body":{"message":33,"msg_id":18,"type":"broadcast"}}
2025/06/27 21:00:41 Sent {"src":"n1","dest":"n4","body":{"message":33,"msg_id":17,"type":"broadcast"}}
2025/06/27 21:00:41 Received {n2 n1 {"in_reply_to":18,"type":"broadcast_ok"}}
2025/06/27 21:00:41 Received {n4 n1 {"in_reply_to":17,"type":"broadcast_ok"}}
2025/06/27 21:00:41 Received {n2 n1 {"message":33,"msg_id":9,"type":"broadcast"}}
2025/06/27 21:00:41 Received {n4 n1 {"message":33,"msg_id":42,"type":"broadcast"}}
2025/06/27 21:00:41 Sent {"src":"n1","dest":"n2","body":{"in_reply_to":9,"type":"broadcast_ok"}}
2025/06/27 21:00:41 Received {n0 n1 {"in_reply_to":16,"type":"broadcast_ok"}}
2025/06/27 21:00:41 Sent {"src":"n1","dest":"n4","body":{"in_reply_to":42,"type":"broadcast_ok"}}
2025/06/27 21:00:42 Received {c14 n1 {"type":"broadcast","message":34,"msg_id":12}}
2025/06/27 21:00:42 Sent {"src":"n1","dest":"c14","body":{"in_reply_to":12,"type":"broadcast_ok"}}
2025/06/27 21:00:42 Sent {"src":"n1","dest":"n4","body":{"message":34,"msg_id":19,"type":"broadcast"}}
2025/06/27 21:00:42 Sent {"src":"n1","dest":"n0","body":{"message":34,"msg_id":21,"type":"broadcast"}}
2025/06/27 21:00:42 Sent {"src":"n1","dest":"n2","body":{"message":34,"msg_id":20,"type":"broadcast"}}
2025/06/27 21:00:42 Received {n4 n1 {"in_reply_to":19,"type":"broadcast_ok"}}
2025/06/27 21:00:42 Received {n4 n1 {"message":34,"msg_id":44,"type":"broadcast"}}
2025/06/27 21:00:42 Received {n0 n1 {"in_reply_to":21,"type":"broadcast_ok"}}
2025/06/27 21:00:42 Received {n0 n1 {"message":34,"msg_id":43,"type":"broadcast"}}
2025/06/27 21:00:42 Sent {"src":"n1","dest":"n4","body":{"in_reply_to":44,"type":"broadcast_ok"}}
2025/06/27 21:00:42 Sent {"src":"n1","dest":"n0","body":{"in_reply_to":43,"type":"broadcast_ok"}}
2025/06/27 21:00:42 Received {n2 n1 {"in_reply_to":20,"type":"broadcast_ok"}}
2025/06/27 21:00:42 Received {n2 n1 {"message":34,"msg_id":10,"type":"broadcast"}}
2025/06/27 21:00:42 Sent {"src":"n1","dest":"n2","body":{"in_reply_to":10,"type":"broadcast_ok"}}
2025/06/27 21:00:42 Received {n2 n1 {"message":35,"msg_id":11,"type":"broadcast"}}
2025/06/27 21:00:42 Sent {"src":"n1","dest":"n2","body":{"in_reply_to":11,"type":"broadcast_ok"}}
2025/06/27 21:00:42 Sent {"src":"n1","dest":"n4","body":{"message":35,"msg_id":22,"type":"broadcast"}}
2025/06/27 21:00:42 Sent {"src":"n1","dest":"n2","body":{"message":35,"msg_id":23,"type":"broadcast"}}
2025/06/27 21:00:42 Sent {"src":"n1","dest":"n0","body":{"message":35,"msg_id":24,"type":"broadcast"}}
2025/06/27 21:00:42 Received {n2 n1 {"in_reply_to":23,"type":"broadcast_ok"}}
2025/06/27 21:00:42 Received {n4 n1 {"in_reply_to":22,"type":"broadcast_ok"}}
2025/06/27 21:00:42 Received {n0 n1 {"in_reply_to":24,"type":"broadcast_ok"}}
2025/06/27 21:00:42 Received {n4 n1 {"message":35,"msg_id":45,"type":"broadcast"}}
2025/06/27 21:00:42 Received {n0 n1 {"message":35,"msg_id":45,"type":"broadcast"}}
2025/06/27 21:00:42 Sent {"src":"n1","dest":"n4","body":{"in_reply_to":45,"type":"broadcast_ok"}}
2025/06/27 21:00:42 Sent {"src":"n1","dest":"n0","body":{"in_reply_to":45,"type":"broadcast_ok"}}
2025/06/27 21:00:42 Received {n0 n1 {"message":36,"msg_id":48,"type":"broadcast"}}
2025/06/27 21:00:42 Sent {"src":"n1","dest":"n0","body":{"in_reply_to":48,"type":"broadcast_ok"}}
2025/06/27 21:00:42 Sent {"src":"n1","dest":"n0","body":{"message":36,"msg_id":25,"type":"broadcast"}}
2025/06/27 21:00:42 Sent {"src":"n1","dest":"n4","body":{"message":36,"msg_id":26,"type":"broadcast"}}
2025/06/27 21:00:42 Sent {"src":"n1","dest":"n2","body":{"message":36,"msg_id":27,"type":"broadcast"}}
2025/06/27 21:00:42 Received {n0 n1 {"in_reply_to":25,"type":"broadcast_ok"}}
2025/06/27 21:00:42 Received {n2 n1 {"in_reply_to":27,"type":"broadcast_ok"}}
2025/06/27 21:00:42 Received {n4 n1 {"message":36,"msg_id":48,"type":"broadcast"}}
2025/06/27 21:00:42 Received {n2 n1 {"message":36,"msg_id":12,"type":"broadcast"}}
2025/06/27 21:00:42 Received {n4 n1 {"in_reply_to":26,"type":"broadcast_ok"}}
2025/06/27 21:00:42 Sent {"src":"n1","dest":"n4","body":{"in_reply_to":48,"type":"broadcast_ok"}}
2025/06/27 21:00:42 Sent {"src":"n1","dest":"n2","body":{"in_reply_to":12,"type":"broadcast_ok"}}
2025/06/27 21:00:42 Received {c14 n1 {"type":"read","msg_id":13}}
2025/06/27 21:00:42 Sent {"src":"n1","dest":"c14","body":{"in_reply_to":13,"messages":[4,7,14,27,30,33,34,35,36],"type":"read_ok"}}
2025/06/27 21:00:42 Received {n2 n1 {"message":37,"msg_id":13,"type":"broadcast"}}
2025/06/27 21:00:42 Sent {"src":"n1","dest":"n2","body":{"in_reply_to":13,"type":"broadcast_ok"}}
2025/06/27 21:00:42 Sent {"src":"n1","dest":"n4","body":{"message":37,"msg_id":28,"type":"broadcast"}}
2025/06/27 21:00:42 Sent {"src":"n1","dest":"n0","body":{"message":37,"msg_id":30,"type":"broadcast"}}
2025/06/27 21:00:42 Sent {"src":"n1","dest":"n2","body":{"message":37,"msg_id":29,"type":"broadcast"}}
2025/06/27 21:00:42 Received {n4 n1 {"in_reply_to":28,"type":"broadcast_ok"}}
2025/06/27 21:00:42 Received {n2 n1 {"in_reply_to":29,"type":"broadcast_ok"}}
2025/06/27 21:00:42 Received {n4 n1 {"message":37,"msg_id":49,"type":"broadcast"}}
2025/06/27 21:00:42 Received {n0 n1 {"in_reply_to":30,"type":"broadcast_ok"}}
2025/06/27 21:00:42 Received {n0 n1 {"message":37,"msg_id":49,"type":"broadcast"}}
2025/06/27 21:00:42 Sent {"src":"n1","dest":"n4","body":{"in_reply_to":49,"type":"broadcast_ok"}}
2025/06/27 21:00:42 Sent {"src":"n1","dest":"n0","body":{"in_reply_to":49,"type":"broadcast_ok"}}
2025/06/27 21:00:43 Received {n0 n1 {"message":38,"msg_id":52,"type":"broadcast"}}
2025/06/27 21:00:43 Sent {"src":"n1","dest":"n0","body":{"in_reply_to":52,"type":"broadcast_ok"}}
2025/06/27 21:00:43 Sent {"src":"n1","dest":"n0","body":{"message":38,"msg_id":31,"type":"broadcast"}}
2025/06/27 21:00:43 Sent {"src":"n1","dest":"n2","body":{"message":38,"msg_id":32,"type":"broadcast"}}
2025/06/27 21:00:43 Sent {"src":"n1","dest":"n4","body":{"message":38,"msg_id":33,"type":"broadcast"}}
2025/06/27 21:00:43 Received {n0 n1 {"in_reply_to":31,"type":"broadcast_ok"}}
2025/06/27 21:00:43 Received {n2 n1 {"in_reply_to":32,"type":"broadcast_ok"}}
2025/06/27 21:00:43 Received {n4 n1 {"message":38,"msg_id":52,"type":"broadcast"}}
2025/06/27 21:00:43 Sent {"src":"n1","dest":"n4","body":{"in_reply_to":52,"type":"broadcast_ok"}}
2025/06/27 21:00:43 Received {n2 n1 {"message":38,"msg_id":14,"type":"broadcast"}}
2025/06/27 21:00:43 Received {n4 n1 {"in_reply_to":33,"type":"broadcast_ok"}}
2025/06/27 21:00:43 Sent {"src":"n1","dest":"n2","body":{"in_reply_to":14,"type":"broadcast_ok"}}
2025/06/27 21:00:43 Received {c14 n1 {"type":"read","msg_id":14}}
2025/06/27 21:00:43 Sent {"src":"n1","dest":"c14","body":{"in_reply_to":14,"messages":[4,7,14,27,30,33,34,35,36,37,38],"type":"read_ok"}}
2025/06/27 21:00:43 Received {n4 n1 {"message":39,"msg_id":53,"type":"broadcast"}}
2025/06/27 21:00:43 Sent {"src":"n1","dest":"n4","body":{"in_reply_to":53,"type":"broadcast_ok"}}
2025/06/27 21:00:43 Sent {"src":"n1","dest":"n4","body":{"message":39,"msg_id":34,"type":"broadcast"}}
2025/06/27 21:00:43 Sent {"src":"n1","dest":"n2","body":{"message":39,"msg_id":35,"type":"broadcast"}}
2025/06/27 21:00:43 Sent {"src":"n1","dest":"n0","body":{"message":39,"msg_id":36,"type":"broadcast"}}
2025/06/27 21:00:43 Received {n2 n1 {"in_reply_to":35,"type":"broadcast_ok"}}
2025/06/27 21:00:43 Received {n2 n1 {"message":39,"msg_id":15,"type":"broadcast"}}
2025/06/27 21:00:43 Received {n4 n1 {"in_reply_to":34,"type":"broadcast_ok"}}
2025/06/27 21:00:43 Received {n0 n1 {"message":39,"msg_id":53,"type":"broadcast"}}
2025/06/27 21:00:43 Received {n0 n1 {"in_reply_to":36,"type":"broadcast_ok"}}
2025/06/27 21:00:43 Sent {"src":"n1","dest":"n2","body":{"in_reply_to":15,"type":"broadcast_ok"}}
2025/06/27 21:00:43 Sent {"src":"n1","dest":"n0","body":{"in_reply_to":53,"type":"broadcast_ok"}}
2025/06/27 21:00:43 Received {c14 n1 {"type":"read","msg_id":15}}
2025/06/27 21:00:43 Sent {"src":"n1","dest":"c14","body":{"in_reply_to":15,"messages":[4,7,14,27,30,33,34,35,36,37,38,39],"type":"read_ok"}}
2025/06/27 21:00:44 Received {n0 n1 {"message":40,"msg_id":56,"type":"broadcast"}}
2025/06/27 21:00:44 Sent {"src":"n1","dest":"n0","body":{"in_reply_to":56,"type":"broadcast_ok"}}
2025/06/27 21:00:44 Sent {"src":"n1","dest":"n4","body":{"message":40,"msg_id":37,"type":"broadcast"}}
2025/06/27 21:00:44 Sent {"src":"n1","dest":"n2","body":{"message":40,"msg_id":38,"type":"broadcast"}}
2025/06/27 21:00:44 Sent {"src":"n1","dest":"n0","body":{"message":40,"msg_id":39,"type":"broadcast"}}
2025/06/27 21:00:44 Received {n4 n1 {"in_reply_to":37,"type":"broadcast_ok"}}
2025/06/27 21:00:44 Received {n2 n1 {"in_reply_to":38,"type":"broadcast_ok"}}
2025/06/27 21:00:44 Received {n2 n1 {"message":40,"msg_id":16,"type":"broadcast"}}
2025/06/27 21:00:44 Received {n0 n1 {"in_reply_to":39,"type":"broadcast_ok"}}
2025/06/27 21:00:44 Received {n4 n1 {"message":40,"msg_id":56,"type":"broadcast"}}
2025/06/27 21:00:44 Sent {"src":"n1","dest":"n2","body":{"in_reply_to":16,"type":"broadcast_ok"}}
2025/06/27 21:00:44 Sent {"src":"n1","dest":"n4","body":{"in_reply_to":56,"type":"broadcast_ok"}}
2025/06/27 21:00:44 Received {c14 n1 {"type":"read","msg_id":16}}
2025/06/27 21:00:44 Sent {"src":"n1","dest":"c14","body":{"in_reply_to":16,"messages":[4,7,14,27,30,33,34,35,36,37,38,39,40],"type":"read_ok"}}
2025/06/27 21:00:45 Received {n0 n1 {"message":42,"msg_id":58,"type":"broadcast"}}
2025/06/27 21:00:45 Sent {"src":"n1","dest":"n0","body":{"in_reply_to":58,"type":"broadcast_ok"}}
2025/06/27 21:00:45 Sent {"src":"n1","dest":"n4","body":{"message":42,"msg_id":40,"type":"broadcast"}}
2025/06/27 21:00:45 Sent {"src":"n1","dest":"n2","body":{"message":42,"msg_id":41,"type":"broadcast"}}
2025/06/27 21:00:45 Sent {"src":"n1","dest":"n0","body":{"message":42,"msg_id":42,"type":"broadcast"}}
2025/06/27 21:00:45 Received {n4 n1 {"in_reply_to":40,"type":"broadcast_ok"}}
2025/06/27 21:00:45 Received {n2 n1 {"in_reply_to":41,"type":"broadcast_ok"}}
2025/06/27 21:00:45 Received {n4 n1 {"message":42,"msg_id":58,"type":"broadcast"}}
2025/06/27 21:00:45 Received {n0 n1 {"in_reply_to":42,"type":"broadcast_ok"}}
2025/06/27 21:00:45 Received {n2 n1 {"message":42,"msg_id":17,"type":"broadcast"}}
2025/06/27 21:00:45 Sent {"src":"n1","dest":"n4","body":{"in_reply_to":58,"type":"broadcast_ok"}}
2025/06/27 21:00:45 Sent {"src":"n1","dest":"n2","body":{"in_reply_to":17,"type":"broadcast_ok"}}
2025/06/27 21:00:45 Received {c14 n1 {"type":"read","msg_id":17}}
2025/06/27 21:00:45 Sent {"src":"n1","dest":"c14","body":{"in_reply_to":17,"messages":[4,7,14,27,30,33,34,35,36,37,38,39,40,42],"type":"read_ok"}}
2025/06/27 21:00:45 Received {n4 n1 {"message":43,"msg_id":59,"type":"broadcast"}}
2025/06/27 21:00:45 Sent {"src":"n1","dest":"n4","body":{"in_reply_to":59,"type":"broadcast_ok"}}
2025/06/27 21:00:45 Sent {"src":"n1","dest":"n4","body":{"message":43,"msg_id":43,"type":"broadcast"}}
2025/06/27 21:00:45 Sent {"src":"n1","dest":"n2","body":{"message":43,"msg_id":44,"type":"broadcast"}}
2025/06/27 21:00:45 Sent {"src":"n1","dest":"n0","body":{"message":43,"msg_id":45,"type":"broadcast"}}
2025/06/27 21:00:45 Received {n4 n1 {"in_reply_to":43,"type":"broadcast_ok"}}
2025/06/27 21:00:45 Received {n2 n1 {"in_reply_to":44,"type":"broadcast_ok"}}
2025/06/27 21:00:45 Received {n2 n1 {"message":43,"msg_id":18,"type":"broadcast"}}
2025/06/27 21:00:45 Received {n0 n1 {"in_reply_to":45,"type":"broadcast_ok"}}
2025/06/27 21:00:45 Received {n0 n1 {"message":43,"msg_id":60,"type":"broadcast"}}
2025/06/27 21:00:45 Sent {"src":"n1","dest":"n2","body":{"in_reply_to":18,"type":"broadcast_ok"}}
2025/06/27 21:00:45 Sent {"src":"n1","dest":"n0","body":{"in_reply_to":60,"type":"broadcast_ok"}}
2025/06/27 21:00:45 Received {n0 n1 {"message":44,"msg_id":62,"type":"broadcast"}}
2025/06/27 21:00:45 Sent {"src":"n1","dest":"n0","body":{"in_reply_to":62,"type":"broadcast_ok"}}
2025/06/27 21:00:45 Sent {"src":"n1","dest":"n0","body":{"message":44,"msg_id":48,"type":"broadcast"}}
2025/06/27 21:00:45 Sent {"src":"n1","dest":"n2","body":{"message":44,"msg_id":47,"type":"broadcast"}}
2025/06/27 21:00:45 Sent {"src":"n1","dest":"n4","body":{"message":44,"msg_id":46,"type":"broadcast"}}
2025/06/27 21:00:45 Received {n0 n1 {"in_reply_to":48,"type":"broadcast_ok"}}
2025/06/27 21:00:45 Received {n2 n1 {"in_reply_to":47,"type":"broadcast_ok"}}
2025/06/27 21:00:45 Received {n2 n1 {"message":44,"msg_id":19,"type":"broadcast"}}
2025/06/27 21:00:45 Received {n4 n1 {"in_reply_to":46,"type":"broadcast_ok"}}
2025/06/27 21:00:45 Sent {"src":"n1","dest":"n2","body":{"in_reply_to":19,"type":"broadcast_ok"}}
2025/06/27 21:00:45 Received {n4 n1 {"message":44,"msg_id":61,"type":"broadcast"}}
2025/06/27 21:00:45 Sent {"src":"n1","dest":"n4","body":{"in_reply_to":61,"type":"broadcast_ok"}}
2025/06/27 21:00:45 Received {c14 n1 {"type":"broadcast","message":45,"msg_id":18}}
2025/06/27 21:00:45 Sent {"src":"n1","dest":"c14","body":{"in_reply_to":18,"type":"broadcast_ok"}}
2025/06/27 21:00:45 Sent {"src":"n1","dest":"n4","body":{"message":45,"msg_id":49,"type":"broadcast"}}
2025/06/27 21:00:45 Sent {"src":"n1","dest":"n2","body":{"message":45,"msg_id":50,"type":"broadcast"}}
2025/06/27 21:00:45 Sent {"src":"n1","dest":"n0","body":{"message":45,"msg_id":51,"type":"broadcast"}}
2025/06/27 21:00:45 Received {n4 n1 {"in_reply_to":49,"type":"broadcast_ok"}}
2025/06/27 21:00:45 Received {n2 n1 {"in_reply_to":50,"type":"broadcast_ok"}}
2025/06/27 21:00:45 Received {n4 n1 {"message":45,"msg_id":64,"type":"broadcast"}}
2025/06/27 21:00:45 Received {n0 n1 {"in_reply_to":51,"type":"broadcast_ok"}}
2025/06/27 21:00:45 Sent {"src":"n1","dest":"n4","body":{"in_reply_to":64,"type":"broadcast_ok"}}
2025/06/27 21:00:45 Received {n2 n1 {"message":45,"msg_id":20,"type":"broadcast"}}
2025/06/27 21:00:45 Received {n0 n1 {"message":45,"msg_id":63,"type":"broadcast"}}
2025/06/27 21:00:45 Sent {"src":"n1","dest":"n2","body":{"in_reply_to":20,"type":"broadcast_ok"}}
2025/06/27 21:00:45 Sent {"src":"n1","dest":"n0","body":{"in_reply_to":63,"type":"broadcast_ok"}}
2025/06/27 21:00:46 Received {n4 n1 {"message":46,"msg_id":65,"type":"broadcast"}}
2025/06/27 21:00:46 Sent {"src":"n1","dest":"n4","body":{"in_reply_to":65,"type":"broadcast_ok"}}
2025/06/27 21:00:46 Sent {"src":"n1","dest":"n4","body":{"message":46,"msg_id":52,"type":"broadcast"}}
2025/06/27 21:00:46 Sent {"src":"n1","dest":"n2","body":{"message":46,"msg_id":53,"type":"broadcast"}}
2025/06/27 21:00:46 Sent {"src":"n1","dest":"n0","body":{"message":46,"msg_id":54,"type":"broadcast"}}
2025/06/27 21:00:46 Received {n4 n1 {"in_reply_to":52,"type":"broadcast_ok"}}
2025/06/27 21:00:46 Received {n2 n1 {"in_reply_to":53,"type":"broadcast_ok"}}
2025/06/27 21:00:46 Received {n2 n1 {"message":46,"msg_id":21,"type":"broadcast"}}
2025/06/27 21:00:46 Sent {"src":"n1","dest":"n2","body":{"in_reply_to":21,"type":"broadcast_ok"}}
2025/06/27 21:00:46 Received {n0 n1 {"in_reply_to":54,"type":"broadcast_ok"}}
2025/06/27 21:00:46 Received {n0 n1 {"message":46,"msg_id":65,"type":"broadcast"}}
2025/06/27 21:00:46 Sent {"src":"n1","dest":"n0","body":{"in_reply_to":65,"type":"broadcast_ok"}}
2025/06/27 21:00:46 Received {c14 n1 {"type":"read","msg_id":19}}
2025/06/27 21:00:46 Sent {"src":"n1","dest":"c14","body":{"in_reply_to":19,"messages":[4,7,14,27,30,33,34,35,36,37,38,39,40,42,43,44,45,46],"type":"read_ok"}}
2025/06/27 21:00:46 Received {n2 n1 {"message":47,"msg_id":22,"type":"broadcast"}}
2025/06/27 21:00:46 Sent {"src":"n1","dest":"n2","body":{"in_reply_to":22,"type":"broadcast_ok"}}
2025/06/27 21:00:46 Sent {"src":"n1","dest":"n2","body":{"message":47,"msg_id":56,"type":"broadcast"}}
2025/06/27 21:00:46 Sent {"src":"n1","dest":"n4","body":{"message":47,"msg_id":55,"type":"broadcast"}}
2025/06/27 21:00:46 Sent {"src":"n1","dest":"n0","body":{"message":47,"msg_id":57,"type":"broadcast"}}
2025/06/27 21:00:46 Received {n2 n1 {"in_reply_to":56,"type":"broadcast_ok"}}
2025/06/27 21:00:46 Received {n0 n1 {"in_reply_to":57,"type":"broadcast_ok"}}
2025/06/27 21:00:46 Received {n4 n1 {"in_reply_to":55,"type":"broadcast_ok"}}
2025/06/27 21:00:46 Received {n0 n1 {"message":47,"msg_id":68,"type":"broadcast"}}
2025/06/27 21:00:46 Received {n4 n1 {"message":47,"msg_id":68,"type":"broadcast"}}
2025/06/27 21:00:46 Sent {"src":"n1","dest":"n4","body":{"in_reply_to":68,"type":"broadcast_ok"}}
2025/06/27 21:00:46 Sent {"src":"n1","dest":"n0","body":{"in_reply_to":68,"type":"broadcast_ok"}}
2025/06/27 21:00:47 Received {n0 n1 {"message":48,"msg_id":70,"type":"broadcast"}}
2025/06/27 21:00:47 Sent {"src":"n1","dest":"n0","body":{"in_reply_to":70,"type":"broadcast_ok"}}
2025/06/27 21:00:47 Sent {"src":"n1","dest":"n0","body":{"message":48,"msg_id":58,"type":"broadcast"}}
2025/06/27 21:00:47 Sent {"src":"n1","dest":"n4","body":{"message":48,"msg_id":59,"type":"broadcast"}}
2025/06/27 21:00:47 Sent {"src":"n1","dest":"n2","body":{"message":48,"msg_id":60,"type":"broadcast"}}
2025/06/27 21:00:47 Received {n0 n1 {"in_reply_to":58,"type":"broadcast_ok"}}
2025/06/27 21:00:47 Received {n4 n1 {"in_reply_to":59,"type":"broadcast_ok"}}
2025/06/27 21:00:47 Received {n2 n1 {"in_reply_to":60,"type":"broadcast_ok"}}
2025/06/27 21:00:47 Received {n2 n1 {"message":48,"msg_id":23,"type":"broadcast"}}
2025/06/27 21:00:47 Received {n4 n1 {"message":48,"msg_id":70,"type":"broadcast"}}
2025/06/27 21:00:47 Sent {"src":"n1","dest":"n2","body":{"in_reply_to":23,"type":"broadcast_ok"}}
2025/06/27 21:00:47 Sent {"src":"n1","dest":"n4","body":{"in_reply_to":70,"type":"broadcast_ok"}}
2025/06/27 21:00:47 Received {c14 n1 {"type":"read","msg_id":20}}
2025/06/27 21:00:47 Sent {"src":"n1","dest":"c14","body":{"in_reply_to":20,"messages":[4,7,14,27,30,33,34,35,36,37,38,39,40,42,43,44,45,46,47,48],"type":"read_ok"}}
2025/06/27 21:00:47 Received {n2 n1 {"message":49,"msg_id":24,"type":"broadcast"}}
2025/06/27 21:00:47 Sent {"src":"n1","dest":"n2","body":{"in_reply_to":24,"type":"broadcast_ok"}}
2025/06/27 21:00:47 Sent {"src":"n1","dest":"n4","body":{"message":49,"msg_id":62,"type":"broadcast"}}
2025/06/27 21:00:47 Sent {"src":"n1","dest":"n0","body":{"message":49,"msg_id":61,"type":"broadcast"}}
2025/06/27 21:00:47 Sent {"src":"n1","dest":"n2","body":{"message":49,"msg_id":63,"type":"broadcast"}}
2025/06/27 21:00:47 Received {n4 n1 {"in_reply_to":62,"type":"broadcast_ok"}}
2025/06/27 21:00:47 Received {n2 n1 {"in_reply_to":63,"type":"broadcast_ok"}}
2025/06/27 21:00:47 Received {n4 n1 {"message":49,"msg_id":72,"type":"broadcast"}}
2025/06/27 21:00:47 Sent {"src":"n1","dest":"n4","body":{"in_reply_to":72,"type":"broadcast_ok"}}
2025/06/27 21:00:47 Received {n0 n1 {"in_reply_to":61,"type":"broadcast_ok"}}
2025/06/27 21:00:47 Received {n0 n1 {"message":49,"msg_id":72,"type":"broadcast"}}
2025/06/27 21:00:47 Sent {"src":"n1","dest":"n0","body":{"in_reply_to":72,"type":"broadcast_ok"}}
2025/06/27 21:00:47 Received {n0 n1 {"message":50,"msg_id":73,"type":"broadcast"}}
2025/06/27 21:00:47 Sent {"src":"n1","dest":"n0","body":{"in_reply_to":73,"type":"broadcast_ok"}}
2025/06/27 21:00:47 Sent {"src":"n1","dest":"n0","body":{"message":50,"msg_id":65,"type":"broadcast"}}
2025/06/27 21:00:47 Sent {"src":"n1","dest":"n2","body":{"message":50,"msg_id":66,"type":"broadcast"}}
2025/06/27 21:00:47 Sent {"src":"n1","dest":"n4","body":{"message":50,"msg_id":64,"type":"broadcast"}}
2025/06/27 21:00:47 Received {n0 n1 {"in_reply_to":65,"type":"broadcast_ok"}}
2025/06/27 21:00:47 Received {n2 n1 {"in_reply_to":66,"type":"broadcast_ok"}}
2025/06/27 21:00:47 Received {n2 n1 {"message":50,"msg_id":25,"type":"broadcast"}}
2025/06/27 21:00:47 Received {n4 n1 {"in_reply_to":64,"type":"broadcast_ok"}}
2025/06/27 21:00:47 Received {n4 n1 {"message":50,"msg_id":74,"type":"broadcast"}}
2025/06/27 21:00:47 Sent {"src":"n1","dest":"n2","body":{"in_reply_to":25,"type":"broadcast_ok"}}
2025/06/27 21:00:47 Sent {"src":"n1","dest":"n4","body":{"in_reply_to":74,"type":"broadcast_ok"}}
2025/06/27 21:00:48 Received {c14 n1 {"type":"broadcast","message":51,"msg_id":21}}
2025/06/27 21:00:48 Sent {"src":"n1","dest":"c14","body":{"in_reply_to":21,"type":"broadcast_ok"}}
2025/06/27 21:00:48 Sent {"src":"n1","dest":"n2","body":{"message":51,"msg_id":68,"type":"broadcast"}}
2025/06/27 21:00:48 Sent {"src":"n1","dest":"n4","body":{"message":51,"msg_id":67,"type":"broadcast"}}
2025/06/27 21:00:48 Sent {"src":"n1","dest":"n0","body":{"message":51,"msg_id":69,"type":"broadcast"}}
2025/06/27 21:00:48 Received {n2 n1 {"in_reply_to":68,"type":"broadcast_ok"}}
2025/06/27 21:00:48 Received {n2 n1 {"message":51,"msg_id":26,"type":"broadcast"}}
2025/06/27 21:00:48 Received {n4 n1 {"in_reply_to":67,"type":"broadcast_ok"}}
2025/06/27 21:00:48 Received {n0 n1 {"in_reply_to":69,"type":"broadcast_ok"}}
2025/06/27 21:00:48 Received {n0 n1 {"message":51,"msg_id":75,"type":"broadcast"}}
2025/06/27 21:00:48 Received {n4 n1 {"message":51,"msg_id":76,"type":"broadcast"}}
2025/06/27 21:00:48 Sent {"src":"n1","dest":"n2","body":{"in_reply_to":26,"type":"broadcast_ok"}}
2025/06/27 21:00:48 Sent {"src":"n1","dest":"n0","body":{"in_reply_to":75,"type":"broadcast_ok"}}
2025/06/27 21:00:48 Sent {"src":"n1","dest":"n4","body":{"in_reply_to":76,"type":"broadcast_ok"}}
2025/06/27 21:00:48 Received {n4 n1 {"message":53,"msg_id":77,"type":"broadcast"}}
2025/06/27 21:00:48 Sent {"src":"n1","dest":"n4","body":{"in_reply_to":77,"type":"broadcast_ok"}}
2025/06/27 21:00:48 Sent {"src":"n1","dest":"n4","body":{"message":53,"msg_id":70,"type":"broadcast"}}
2025/06/27 21:00:48 Sent {"src":"n1","dest":"n2","body":{"message":53,"msg_id":71,"type":"broadcast"}}
2025/06/27 21:00:48 Sent {"src":"n1","dest":"n0","body":{"message":53,"msg_id":72,"type":"broadcast"}}
2025/06/27 21:00:48 Received {n4 n1 {"in_reply_to":70,"type":"broadcast_ok"}}
2025/06/27 21:00:48 Received {n2 n1 {"in_reply_to":71,"type":"broadcast_ok"}}
2025/06/27 21:00:48 Received {n2 n1 {"message":53,"msg_id":27,"type":"broadcast"}}
2025/06/27 21:00:48 Received {n0 n1 {"in_reply_to":72,"type":"broadcast_ok"}}
2025/06/27 21:00:48 Sent {"src":"n1","dest":"n2","body":{"in_reply_to":27,"type":"broadcast_ok"}}
2025/06/27 21:00:48 Received {n0 n1 {"message":53,"msg_id":77,"type":"broadcast"}}
2025/06/27 21:00:48 Sent {"src":"n1","dest":"n0","body":{"in_reply_to":77,"type":"broadcast_ok"}}
2025/06/27 21:00:48 Received {n0 n1 {"message":54,"msg_id":80,"type":"broadcast"}}
2025/06/27 21:00:48 Sent {"src":"n1","dest":"n0","body":{"in_reply_to":80,"type":"broadcast_ok"}}
2025/06/27 21:00:48 Sent {"src":"n1","dest":"n4","body":{"message":54,"msg_id":73,"type":"broadcast"}}
2025/06/27 21:00:48 Sent {"src":"n1","dest":"n0","body":{"message":54,"msg_id":75,"type":"broadcast"}}
2025/06/27 21:00:48 Sent {"src":"n1","dest":"n2","body":{"message":54,"msg_id":74,"type":"broadcast"}}
2025/06/27 21:00:48 Received {n4 n1 {"in_reply_to":73,"type":"broadcast_ok"}}
2025/06/27 21:00:48 Received {n0 n1 {"in_reply_to":75,"type":"broadcast_ok"}}
2025/06/27 21:00:48 Received {n4 n1 {"message":54,"msg_id":80,"type":"broadcast"}}
2025/06/27 21:00:48 Sent {"src":"n1","dest":"n4","body":{"in_reply_to":80,"type":"broadcast_ok"}}
2025/06/27 21:00:48 Received {n2 n1 {"in_reply_to":74,"type":"broadcast_ok"}}
2025/06/27 21:00:48 Received {n2 n1 {"message":54,"msg_id":28,"type":"broadcast"}}
2025/06/27 21:00:48 Sent {"src":"n1","dest":"n2","body":{"in_reply_to":28,"type":"broadcast_ok"}}
2025/06/27 21:00:48 Received {n0 n1 {"message":55,"msg_id":82,"type":"broadcast"}}
2025/06/27 21:00:48 Sent {"src":"n1","dest":"n0","body":{"in_reply_to":82,"type":"broadcast_ok"}}
2025/06/27 21:00:48 Sent {"src":"n1","dest":"n4","body":{"message":55,"msg_id":76,"type":"broadcast"}}
2025/06/27 21:00:48 Sent {"src":"n1","dest":"n2","body":{"message":55,"msg_id":77,"type":"broadcast"}}
2025/06/27 21:00:48 Sent {"src":"n1","dest":"n0","body":{"message":55,"msg_id":78,"type":"broadcast"}}
2025/06/27 21:00:48 Received {n0 n1 {"in_reply_to":78,"type":"broadcast_ok"}}
2025/06/27 21:00:48 Received {n2 n1 {"in_reply_to":77,"type":"broadcast_ok"}}
2025/06/27 21:00:48 Received {n4 n1 {"in_reply_to":76,"type":"broadcast_ok"}}
2025/06/27 21:00:48 Received {n4 n1 {"message":55,"msg_id":81,"type":"broadcast"}}
2025/06/27 21:00:48 Received {n2 n1 {"message":55,"msg_id":29,"type":"broadcast"}}
2025/06/27 21:00:48 Sent {"src":"n1","dest":"n4","body":{"in_reply_to":81,"type":"broadcast_ok"}}
2025/06/27 21:00:48 Sent {"src":"n1","dest":"n2","body":{"in_reply_to":29,"type":"broadcast_ok"}}
2025/06/27 21:00:48 Received {c14 n1 {"type":"read","msg_id":22}}
2025/06/27 21:00:48 Sent {"src":"n1","dest":"c14","body":{"in_reply_to":22,"messages":[4,7,14,27,30,33,34,35,36,37,38,39,40,42,43,44,45,46,47,48,49,50,51,53,54,55],"type":"read_ok"}}
2025/06/27 21:00:49 Received {n0 n1 {"message":57,"msg_id":84,"type":"broadcast"}}
2025/06/27 21:00:49 Sent {"src":"n1","dest":"n0","body":{"in_reply_to":84,"type":"broadcast_ok"}}
2025/06/27 21:00:49 Sent {"src":"n1","dest":"n4","body":{"message":57,"msg_id":79,"type":"broadcast"}}
2025/06/27 21:00:49 Sent {"src":"n1","dest":"n2","body":{"message":57,"msg_id":80,"type":"broadcast"}}
2025/06/27 21:00:49 Sent {"src":"n1","dest":"n0","body":{"message":57,"msg_id":81,"type":"broadcast"}}
2025/06/27 21:00:49 Received {n4 n1 {"in_reply_to":79,"type":"broadcast_ok"}}
2025/06/27 21:00:49 Received {n0 n1 {"in_reply_to":81,"type":"broadcast_ok"}}
2025/06/27 21:00:49 Received {n4 n1 {"message":57,"msg_id":84,"type":"broadcast"}}
2025/06/27 21:00:49 Received {n2 n1 {"in_reply_to":80,"type":"broadcast_ok"}}
2025/06/27 21:00:49 Received {n2 n1 {"message":57,"msg_id":30,"type":"broadcast"}}
2025/06/27 21:00:49 Sent {"src":"n1","dest":"n4","body":{"in_reply_to":84,"type":"broadcast_ok"}}
2025/06/27 21:00:49 Sent {"src":"n1","dest":"n2","body":{"in_reply_to":30,"type":"broadcast_ok"}}
2025/06/27 21:00:49 Received {c14 n1 {"type":"read","msg_id":23}}
2025/06/27 21:00:49 Sent {"src":"n1","dest":"c14","body":{"in_reply_to":23,"messages":[4,7,14,27,30,33,34,35,36,37,38,39,40,42,43,44,45,46,47,48,49,50,51,53,54,55,57],"type":"read_ok"}}
2025/06/27 21:00:50 Received {n0 n1 {"message":58,"msg_id":86,"type":"broadcast"}}
2025/06/27 21:00:50 Sent {"src":"n1","dest":"n0","body":{"in_reply_to":86,"type":"broadcast_ok"}}
2025/06/27 21:00:50 Sent {"src":"n1","dest":"n4","body":{"message":58,"msg_id":82,"type":"broadcast"}}
2025/06/27 21:00:50 Sent {"src":"n1","dest":"n0","body":{"message":58,"msg_id":84,"type":"broadcast"}}
2025/06/27 21:00:50 Sent {"src":"n1","dest":"n2","body":{"message":58,"msg_id":83,"type":"broadcast"}}
2025/06/27 21:00:50 Received {n4 n1 {"in_reply_to":82,"type":"broadcast_ok"}}
2025/06/27 21:00:50 Received {n4 n1 {"message":58,"msg_id":85,"type":"broadcast"}}
2025/06/27 21:00:50 Received {n0 n1 {"in_reply_to":84,"type":"broadcast_ok"}}
2025/06/27 21:00:50 Sent {"src":"n1","dest":"n4","body":{"in_reply_to":85,"type":"broadcast_ok"}}
2025/06/27 21:00:50 Received {n2 n1 {"in_reply_to":83,"type":"broadcast_ok"}}
2025/06/27 21:00:50 Received {n2 n1 {"message":58,"msg_id":31,"type":"broadcast"}}
2025/06/27 21:00:50 Sent {"src":"n1","dest":"n2","body":{"in_reply_to":31,"type":"broadcast_ok"}}
2025/06/27 21:00:50 Received {c14 n1 {"type":"broadcast","message":59,"msg_id":24}}
2025/06/27 21:00:50 Sent {"src":"n1","dest":"c14","body":{"in_reply_to":24,"type":"broadcast_ok"}}
2025/06/27 21:00:50 Sent {"src":"n1","dest":"n2","body":{"message":59,"msg_id":86,"type":"broadcast"}}
2025/06/27 21:00:50 Sent {"src":"n1","dest":"n0","body":{"message":59,"msg_id":87,"type":"broadcast"}}
2025/06/27 21:00:50 Sent {"src":"n1","dest":"n4","body":{"message":59,"msg_id":85,"type":"broadcast"}}
2025/06/27 21:00:50 Received {n2 n1 {"in_reply_to":86,"type":"broadcast_ok"}}
2025/06/27 21:00:50 Received {n2 n1 {"message":59,"msg_id":32,"type":"broadcast"}}
2025/06/27 21:00:50 Sent {"src":"n1","dest":"n2","body":{"in_reply_to":32,"type":"broadcast_ok"}}
2025/06/27 21:00:50 Received {n0 n1 {"in_reply_to":87,"type":"broadcast_ok"}}
2025/06/27 21:00:50 Received {n0 n1 {"message":59,"msg_id":88,"type":"broadcast"}}
2025/06/27 21:00:50 Sent {"src":"n1","dest":"n0","body":{"in_reply_to":88,"type":"broadcast_ok"}}
2025/06/27 21:00:50 Received {n4 n1 {"in_reply_to":85,"type":"broadcast_ok"}}
2025/06/27 21:00:50 Received {n4 n1 {"message":59,"msg_id":88,"type":"broadcast"}}
2025/06/27 21:00:50 Sent {"src":"n1","dest":"n4","body":{"in_reply_to":88,"type":"broadcast_ok"}}
2025/06/27 21:00:50 Received {n2 n1 {"message":60,"msg_id":33,"type":"broadcast"}}
2025/06/27 21:00:50 Sent {"src":"n1","dest":"n2","body":{"in_reply_to":33,"type":"broadcast_ok"}}
2025/06/27 21:00:50 Sent {"src":"n1","dest":"n0","body":{"message":60,"msg_id":88,"type":"broadcast"}}
2025/06/27 21:00:50 Sent {"src":"n1","dest":"n4","body":{"message":60,"msg_id":89,"type":"broadcast"}}
2025/06/27 21:00:50 Sent {"src":"n1","dest":"n2","body":{"message":60,"msg_id":90,"type":"broadcast"}}
2025/06/27 21:00:50 Received {n0 n1 {"in_reply_to":88,"type":"broadcast_ok"}}
2025/06/27 21:00:50 Received {n0 n1 {"message":60,"msg_id":89,"type":"broadcast"}}
2025/06/27 21:00:50 Received {n4 n1 {"in_reply_to":89,"type":"broadcast_ok"}}
2025/06/27 21:00:50 Received {n2 n1 {"in_reply_to":90,"type":"broadcast_ok"}}
2025/06/27 21:00:50 Received {n4 n1 {"message":60,"msg_id":90,"type":"broadcast"}}
2025/06/27 21:00:50 Sent {"src":"n1","dest":"n4","body":{"in_reply_to":90,"type":"broadcast_ok"}}
2025/06/27 21:00:50 Sent {"src":"n1","dest":"n0","body":{"in_reply_to":89,"type":"broadcast_ok"}}
2025/06/27 21:00:51 Received {n0 n1 {"message":62,"msg_id":92,"type":"broadcast"}}
2025/06/27 21:00:51 Sent {"src":"n1","dest":"n4","body":{"message":62,"msg_id":91,"type":"broadcast"}}
2025/06/27 21:00:51 Sent {"src":"n1","dest":"n0","body":{"in_reply_to":92,"type":"broadcast_ok"}}
2025/06/27 21:00:51 Sent {"src":"n1","dest":"n0","body":{"message":62,"msg_id":92,"type":"broadcast"}}
2025/06/27 21:00:51 Sent {"src":"n1","dest":"n2","body":{"message":62,"msg_id":93,"type":"broadcast"}}
2025/06/27 21:00:51 Received {n0 n1 {"in_reply_to":92,"type":"broadcast_ok"}}
2025/06/27 21:00:51 Received {n4 n1 {"in_reply_to":91,"type":"broadcast_ok"}}
2025/06/27 21:00:51 Received {n4 n1 {"message":62,"msg_id":92,"type":"broadcast"}}
2025/06/27 21:00:51 Received {n2 n1 {"in_reply_to":93,"type":"broadcast_ok"}}
2025/06/27 21:00:51 Received {n2 n1 {"message":62,"msg_id":34,"type":"broadcast"}}
2025/06/27 21:00:51 Sent {"src":"n1","dest":"n4","body":{"in_reply_to":92,"type":"broadcast_ok"}}
2025/06/27 21:00:51 Sent {"src":"n1","dest":"n2","body":{"in_reply_to":34,"type":"broadcast_ok"}}
2025/06/27 21:00:51 Received {n0 n1 {"message":63,"msg_id":94,"type":"broadcast"}}
2025/06/27 21:00:51 Sent {"src":"n1","dest":"n0","body":{"in_reply_to":94,"type":"broadcast_ok"}}
2025/06/27 21:00:51 Sent {"src":"n1","dest":"n4","body":{"message":63,"msg_id":94,"type":"broadcast"}}
2025/06/27 21:00:51 Sent {"src":"n1","dest":"n0","body":{"message":63,"msg_id":95,"type":"broadcast"}}
2025/06/27 21:00:51 Sent {"src":"n1","dest":"n2","body":{"message":63,"msg_id":96,"type":"broadcast"}}
2025/06/27 21:00:51 Received {n4 n1 {"in_reply_to":94,"type":"broadcast_ok"}}
2025/06/27 21:00:51 Received {n2 n1 {"in_reply_to":96,"type":"broadcast_ok"}}
2025/06/27 21:00:51 Received {n4 n1 {"message":63,"msg_id":93,"type":"broadcast"}}
2025/06/27 21:00:51 Received {n0 n1 {"in_reply_to":95,"type":"broadcast_ok"}}
2025/06/27 21:00:51 Received {n2 n1 {"message":63,"msg_id":35,"type":"broadcast"}}
2025/06/27 21:00:51 Sent {"src":"n1","dest":"n4","body":{"in_reply_to":93,"type":"broadcast_ok"}}
2025/06/27 21:00:51 Sent {"src":"n1","dest":"n2","body":{"in_reply_to":35,"type":"broadcast_ok"}}
2025/06/27 21:00:51 Received {c14 n1 {"type":"broadcast","message":64,"msg_id":25}}
2025/06/27 21:00:51 Sent {"src":"n1","dest":"c14","body":{"in_reply_to":25,"type":"broadcast_ok"}}
2025/06/27 21:00:51 Sent {"src":"n1","dest":"n4","body":{"message":64,"msg_id":97,"type":"broadcast"}}
2025/06/27 21:00:51 Sent {"src":"n1","dest":"n0","body":{"message":64,"msg_id":98,"type":"broadcast"}}
2025/06/27 21:00:51 Sent {"src":"n1","dest":"n2","body":{"message":64,"msg_id":99,"type":"broadcast"}}
2025/06/27 21:00:51 Received {n4 n1 {"in_reply_to":97,"type":"broadcast_ok"}}
2025/06/27 21:00:51 Received {n4 n1 {"message":64,"msg_id":95,"type":"broadcast"}}
2025/06/27 21:00:51 Received {n0 n1 {"in_reply_to":98,"type":"broadcast_ok"}}
2025/06/27 21:00:51 Sent {"src":"n1","dest":"n4","body":{"in_reply_to":95,"type":"broadcast_ok"}}
2025/06/27 21:00:51 Received {n2 n1 {"in_reply_to":99,"type":"broadcast_ok"}}
2025/06/27 21:00:51 Received {n0 n1 {"message":64,"msg_id":95,"type":"broadcast"}}
2025/06/27 21:00:51 Received {n2 n1 {"message":64,"msg_id":36,"type":"broadcast"}}
2025/06/27 21:00:51 Sent {"src":"n1","dest":"n2","body":{"in_reply_to":36,"type":"broadcast_ok"}}
2025/06/27 21:00:51 Sent {"src":"n1","dest":"n0","body":{"in_reply_to":95,"type":"broadcast_ok"}}
2025/06/27 21:00:51 Received {n2 n1 {"message":65,"msg_id":37,"type":"broadcast"}}
2025/06/27 21:00:51 Sent {"src":"n1","dest":"n2","body":{"in_reply_to":37,"type":"broadcast_ok"}}
2025/06/27 21:00:51 Sent {"src":"n1","dest":"n0","body":{"message":65,"msg_id":100,"type":"broadcast"}}
2025/06/27 21:00:51 Sent {"src":"n1","dest":"n2","body":{"message":65,"msg_id":102,"type":"broadcast"}}
2025/06/27 21:00:51 Sent {"src":"n1","dest":"n4","body":{"message":65,"msg_id":101,"type":"broadcast"}}
2025/06/27 21:00:51 Received {n2 n1 {"in_reply_to":102,"type":"broadcast_ok"}}
2025/06/27 21:00:51 Received {n4 n1 {"in_reply_to":101,"type":"broadcast_ok"}}
2025/06/27 21:00:51 Received {n4 n1 {"message":65,"msg_id":97,"type":"broadcast"}}
2025/06/27 21:00:51 Sent {"src":"n1","dest":"n4","body":{"in_reply_to":97,"type":"broadcast_ok"}}
2025/06/27 21:00:51 Received {n0 n1 {"in_reply_to":100,"type":"broadcast_ok"}}
2025/06/27 21:00:51 Received {n0 n1 {"message":65,"msg_id":98,"type":"broadcast"}}
2025/06/27 21:00:51 Sent {"src":"n1","dest":"n0","body":{"in_reply_to":98,"type":"broadcast_ok"}}
2025/06/27 21:00:51 Received {n0 n1 {"message":66,"msg_id":100,"type":"broadcast"}}
2025/06/27 21:00:51 Sent {"src":"n1","dest":"n0","body":{"in_reply_to":100,"type":"broadcast_ok"}}
2025/06/27 21:00:51 Sent {"src":"n1","dest":"n4","body":{"message":66,"msg_id":103,"type":"broadcast"}}
2025/06/27 21:00:51 Sent {"src":"n1","dest":"n0","body":{"message":66,"msg_id":104,"type":"broadcast"}}
2025/06/27 21:00:51 Sent {"src":"n1","dest":"n2","body":{"message":66,"msg_id":105,"type":"broadcast"}}
2025/06/27 21:00:51 Received {n0 n1 {"in_reply_to":104,"type":"broadcast_ok"}}
2025/06/27 21:00:51 Received {n2 n1 {"in_reply_to":105,"type":"broadcast_ok"}}
2025/06/27 21:00:51 Received {n2 n1 {"message":66,"msg_id":38,"type":"broadcast"}}
2025/06/27 21:00:51 Received {n4 n1 {"in_reply_to":103,"type":"broadcast_ok"}}
2025/06/27 21:00:51 Received {n4 n1 {"message":66,"msg_id":99,"type":"broadcast"}}
2025/06/27 21:00:51 Sent {"src":"n1","dest":"n2","body":{"in_reply_to":38,"type":"broadcast_ok"}}
2025/06/27 21:00:51 Sent {"src":"n1","dest":"n4","body":{"in_reply_to":99,"type":"broadcast_ok"}}
2025/06/27 21:00:51 Received {c14 n1 {"type":"read","msg_id":26}}
2025/06/27 21:00:51 Sent {"src":"n1","dest":"c14","body":{"in_reply_to":26,"messages":[4,7,14,27,30,33,34,35,36,37,38,39,40,42,43,44,45,46,47,48,49,50,51,53,54,55,57,58,59,60,62,63,64,65,66],"type":"read_ok"}}
2025/06/27 21:00:51 Received {n2 n1 {"message":67,"msg_id":39,"type":"broadcast"}}
2025/06/27 21:00:51 Sent {"src":"n1","dest":"n2","body":{"in_reply_to":39,"type":"broadcast_ok"}}
2025/06/27 21:00:51 Sent {"src":"n1","dest":"n4","body":{"message":67,"msg_id":106,"type":"broadcast"}}
2025/06/27 21:00:51 Sent {"src":"n1","dest":"n2","body":{"message":67,"msg_id":107,"type":"broadcast"}}
2025/06/27 21:00:51 Sent {"src":"n1","dest":"n0","body":{"message":67,"msg_id":108,"type":"broadcast"}}
2025/06/27 21:00:51 Received {n4 n1 {"in_reply_to":106,"type":"broadcast_ok"}}
2025/06/27 21:00:51 Received {n2 n1 {"in_reply_to":107,"type":"broadcast_ok"}}
2025/06/27 21:00:51 Received {n4 n1 {"message":67,"msg_id":102,"type":"broadcast"}}
2025/06/27 21:00:51 Received {n0 n1 {"in_reply_to":108,"type":"broadcast_ok"}}
2025/06/27 21:00:51 Received {n0 n1 {"message":67,"msg_id":102,"type":"broadcast"}}
2025/06/27 21:00:51 Sent {"src":"n1","dest":"n4","body":{"in_reply_to":102,"type":"broadcast_ok"}}
2025/06/27 21:00:51 Sent {"src":"n1","dest":"n0","body":{"in_reply_to":102,"type":"broadcast_ok"}}
2025/06/27 21:00:51 Received {n4 n1 {"message":68,"msg_id":104,"type":"broadcast"}}
2025/06/27 21:00:51 Sent {"src":"n1","dest":"n4","body":{"in_reply_to":104,"type":"broadcast_ok"}}
2025/06/27 21:00:51 Sent {"src":"n1","dest":"n4","body":{"message":68,"msg_id":109,"type":"broadcast"}}
2025/06/27 21:00:51 Sent {"src":"n1","dest":"n0","body":{"message":68,"msg_id":110,"type":"broadcast"}}
2025/06/27 21:00:51 Sent {"src":"n1","dest":"n2","body":{"message":68,"msg_id":111,"type":"broadcast"}}
2025/06/27 21:00:51 Received {n4 n1 {"in_reply_to":109,"type":"broadcast_ok"}}
2025/06/27 21:00:51 Received {n0 n1 {"in_reply_to":110,"type":"broadcast_ok"}}
2025/06/27 21:00:51 Received {n0 n1 {"message":68,"msg_id":103,"type":"broadcast"}}
2025/06/27 21:00:51 Sent {"src":"n1","dest":"n0","body":{"in_reply_to":103,"type":"broadcast_ok"}}
2025/06/27 21:00:51 Received {n2 n1 {"in_reply_to":111,"type":"broadcast_ok"}}
2025/06/27 21:00:51 Received {n2 n1 {"message":68,"msg_id":40,"type":"broadcast"}}
2025/06/27 21:00:51 Sent {"src":"n1","dest":"n2","body":{"in_reply_to":40,"type":"broadcast_ok"}}
2025/06/27 21:00:52 Received {c14 n1 {"type":"read","msg_id":27}}
2025/06/27 21:00:52 Sent {"src":"n1","dest":"c14","body":{"in_reply_to":27,"messages":[4,7,14,27,30,33,34,35,36,37,38,39,40,42,43,44,45,46,47,48,49,50,51,53,54,55,57,58,59,60,62,63,64,65,66,67,68],"type":"read_ok"}}
2025/06/27 21:00:52 Received {n2 n1 {"message":69,"msg_id":41,"type":"broadcast"}}
2025/06/27 21:00:52 Sent {"src":"n1","dest":"n2","body":{"in_reply_to":41,"type":"broadcast_ok"}}
2025/06/27 21:00:52 Sent {"src":"n1","dest":"n4","body":{"message":69,"msg_id":112,"type":"broadcast"}}
2025/06/27 21:00:52 Sent {"src":"n1","dest":"n0","body":{"message":69,"msg_id":114,"type":"broadcast"}}
2025/06/27 21:00:52 Sent {"src":"n1","dest":"n2","body":{"message":69,"msg_id":113,"type":"broadcast"}}
2025/06/27 21:00:52 Received {n2 n1 {"in_reply_to":113,"type":"broadcast_ok"}}
2025/06/27 21:00:52 Received {n4 n1 {"in_reply_to":112,"type":"broadcast_ok"}}
2025/06/27 21:00:52 Received {n0 n1 {"in_reply_to":114,"type":"broadcast_ok"}}
2025/06/27 21:00:52 Received {n4 n1 {"message":69,"msg_id":106,"type":"broadcast"}}
2025/06/27 21:00:52 Received {n0 n1 {"message":69,"msg_id":105,"type":"broadcast"}}
2025/06/27 21:00:52 Sent {"src":"n1","dest":"n4","body":{"in_reply_to":106,"type":"broadcast_ok"}}
2025/06/27 21:00:52 Sent {"src":"n1","dest":"n0","body":{"in_reply_to":105,"type":"broadcast_ok"}}
2025/06/27 21:00:52 Received {n4 n1 {"message":71,"msg_id":107,"type":"broadcast"}}
2025/06/27 21:00:52 Sent {"src":"n1","dest":"n4","body":{"in_reply_to":107,"type":"broadcast_ok"}}
2025/06/27 21:00:52 Sent {"src":"n1","dest":"n0","body":{"message":71,"msg_id":115,"type":"broadcast"}}
2025/06/27 21:00:52 Sent {"src":"n1","dest":"n4","body":{"message":71,"msg_id":116,"type":"broadcast"}}
2025/06/27 21:00:52 Sent {"src":"n1","dest":"n2","body":{"message":71,"msg_id":117,"type":"broadcast"}}
2025/06/27 21:00:52 Received {n4 n1 {"in_reply_to":116,"type":"broadcast_ok"}}
2025/06/27 21:00:52 Received {n0 n1 {"in_reply_to":115,"type":"broadcast_ok"}}
2025/06/27 21:00:52 Received {n2 n1 {"in_reply_to":117,"type":"broadcast_ok"}}
2025/06/27 21:00:52 Received {n0 n1 {"message":71,"msg_id":108,"type":"broadcast"}}
2025/06/27 21:00:52 Received {n2 n1 {"message":71,"msg_id":42,"type":"broadcast"}}
2025/06/27 21:00:52 Sent {"src":"n1","dest":"n0","body":{"in_reply_to":108,"type":"broadcast_ok"}}
2025/06/27 21:00:52 Sent {"src":"n1","dest":"n2","body":{"in_reply_to":42,"type":"broadcast_ok"}}
2025/06/27 21:00:52 Received {n0 n1 {"message":72,"msg_id":110,"type":"broadcast"}}
2025/06/27 21:00:52 Sent {"src":"n1","dest":"n0","body":{"in_reply_to":110,"type":"broadcast_ok"}}
2025/06/27 21:00:52 Sent {"src":"n1","dest":"n4","body":{"message":72,"msg_id":118,"type":"broadcast"}}
2025/06/27 21:00:52 Sent {"src":"n1","dest":"n2","body":{"message":72,"msg_id":120,"type":"broadcast"}}
2025/06/27 21:00:52 Sent {"src":"n1","dest":"n0","body":{"message":72,"msg_id":119,"type":"broadcast"}}
2025/06/27 21:00:52 Received {n4 n1 {"in_reply_to":118,"type":"broadcast_ok"}}
2025/06/27 21:00:52 Received {n0 n1 {"in_reply_to":119,"type":"broadcast_ok"}}
2025/06/27 21:00:52 Received {n2 n1 {"in_reply_to":120,"type":"broadcast_ok"}}
2025/06/27 21:00:52 Received {n4 n1 {"message":72,"msg_id":110,"type":"broadcast"}}
2025/06/27 21:00:52 Sent {"src":"n1","dest":"n4","body":{"in_reply_to":110,"type":"broadcast_ok"}}
2025/06/27 21:00:52 Received {n2 n1 {"message":72,"msg_id":43,"type":"broadcast"}}
2025/06/27 21:00:52 Sent {"src":"n1","dest":"n2","body":{"in_reply_to":43,"type":"broadcast_ok"}}
2025/06/27 21:00:52 Received {c14 n1 {"type":"read","msg_id":28}}
2025/06/27 21:00:52 Sent {"src":"n1","dest":"c14","body":{"in_reply_to":28,"messages":[4,7,14,27,30,33,34,35,36,37,38,39,40,42,43,44,45,46,47,48,49,50,51,53,54,55,57,58,59,60,62,63,64,65,66,67,68,69,71,72],"type":"read_ok"}}
2025/06/27 21:00:52 Received {n0 n1 {"message":73,"msg_id":111,"type":"broadcast"}}
2025/06/27 21:00:52 Received {n4 n1 {"message":73,"msg_id":111,"type":"broadcast"}}
2025/06/27 21:00:52 Sent {"src":"n1","dest":"n0","body":{"in_reply_to":111,"type":"broadcast_ok"}}
2025/06/27 21:00:52 Sent {"src":"n1","dest":"n0","body":{"message":73,"msg_id":121,"type":"broadcast"}}
2025/06/27 21:00:52 Sent {"src":"n1","dest":"n4","body":{"in_reply_to":111,"type":"broadcast_ok"}}
2025/06/27 21:00:52 Sent {"src":"n1","dest":"n4","body":{"message":73,"msg_id":122,"type":"broadcast"}}
2025/06/27 21:00:52 Sent {"src":"n1","dest":"n2","body":{"message":73,"msg_id":123,"type":"broadcast"}}
2025/06/27 21:00:52 Received {n0 n1 {"in_reply_to":121,"type":"broadcast_ok"}}
2025/06/27 21:00:52 Received {n4 n1 {"in_reply_to":122,"type":"broadcast_ok"}}
2025/06/27 21:00:52 Received {n2 n1 {"in_reply_to":123,"type":"broadcast_ok"}}
2025/06/27 21:00:52 Received {n2 n1 {"message":73,"msg_id":44,"type":"broadcast"}}
2025/06/27 21:00:52 Sent {"src":"n1","dest":"n2","body":{"in_reply_to":44,"type":"broadcast_ok"}}
2025/06/27 21:00:53 Received {n4 n1 {"message":74,"msg_id":113,"type":"broadcast"}}
2025/06/27 21:00:53 Sent {"src":"n1","dest":"n4","body":{"in_reply_to":113,"type":"broadcast_ok"}}
2025/06/27 21:00:53 Sent {"src":"n1","dest":"n4","body":{"message":74,"msg_id":124,"type":"broadcast"}}
2025/06/27 21:00:53 Sent {"src":"n1","dest":"n2","body":{"message":74,"msg_id":125,"type":"broadcast"}}
2025/06/27 21:00:53 Sent {"src":"n1","dest":"n0","body":{"message":74,"msg_id":126,"type":"broadcast"}}
2025/06/27 21:00:53 Received {n4 n1 {"in_reply_to":124,"type":"broadcast_ok"}}
2025/06/27 21:00:53 Received {n0 n1 {"in_reply_to":126,"type":"broadcast_ok"}}
2025/06/27 21:00:53 Received {n0 n1 {"message":74,"msg_id":114,"type":"broadcast"}}
2025/06/27 21:00:53 Received {n2 n1 {"in_reply_to":125,"type":"broadcast_ok"}}
2025/06/27 21:00:53 Received {n2 n1 {"message":74,"msg_id":45,"type":"broadcast"}}
2025/06/27 21:00:53 Sent {"src":"n1","dest":"n0","body":{"in_reply_to":114,"type":"broadcast_ok"}}
2025/06/27 21:00:53 Sent {"src":"n1","dest":"n2","body":{"in_reply_to":45,"type":"broadcast_ok"}}
2025/06/27 21:00:53 Received {c14 n1 {"type":"read","msg_id":29}}
2025/06/27 21:00:53 Sent {"src":"n1","dest":"c14","body":{"in_reply_to":29,"messages":[4,7,14,27,30,33,34,35,36,37,38,39,40,42,43,44,45,46,47,48,49,50,51,53,54,55,57,58,59,60,62,63,64,65,66,67,68,69,71,72,73,74],"type":"read_ok"}}
2025/06/27 21:00:53 Received {n0 n1 {"message":76,"msg_id":116,"type":"broadcast"}}
2025/06/27 21:00:53 Sent {"src":"n1","dest":"n0","body":{"in_reply_to":116,"type":"broadcast_ok"}}
2025/06/27 21:00:53 Sent {"src":"n1","dest":"n0","body":{"message":76,"msg_id":127,"type":"broadcast"}}
2025/06/27 21:00:53 Sent {"src":"n1","dest":"n4","body":{"message":76,"msg_id":128,"type":"broadcast"}}
2025/06/27 21:00:53 Sent {"src":"n1","dest":"n2","body":{"message":76,"msg_id":129,"type":"broadcast"}}
2025/06/27 21:00:53 Received {n0 n1 {"in_reply_to":127,"type":"broadcast_ok"}}
2025/06/27 21:00:53 Received {n0 n1 {"message":78,"msg_id":118,"type":"broadcast"}}
2025/06/27 21:00:53 Sent {"src":"n1","dest":"n0","body":{"in_reply_to":118,"type":"broadcast_ok"}}
2025/06/27 21:00:53 Sent {"src":"n1","dest":"n4","body":{"message":78,"msg_id":130,"type":"broadcast"}}
2025/06/27 21:00:53 Sent {"src":"n1","dest":"n0","body":{"message":78,"msg_id":131,"type":"broadcast"}}
2025/06/27 21:00:53 Sent {"src":"n1","dest":"n2","body":{"message":78,"msg_id":132,"type":"broadcast"}}
2025/06/27 21:00:53 Received {n0 n1 {"in_reply_to":131,"type":"broadcast_ok"}}
2025/06/27 21:00:53 Received {c14 n1 {"type":"read","msg_id":30}}
2025/06/27 21:00:53 Sent {"src":"n1","dest":"c14","body":{"in_reply_to":30,"messages":[4,7,14,27,30,33,34,35,36,37,38,39,40,42,43,44,45,46,47,48,49,50,51,53,54,55,57,58,59,60,62,63,64,65,66,67,68,69,71,72,73,74,76,78],"type":"read_ok"}}
2025/06/27 21:00:54 Received {c14 n1 {"type":"read","msg_id":31}}
2025/06/27 21:00:54 Sent {"src":"n1","dest":"c14","body":{"in_reply_to":31,"messages":[4,7,14,27,30,33,34,35,36,37,38,39,40,42,43,44,45,46,47,48,49,50,51,53,54,55,57,58,59,60,62,63,64,65,66,67,68,69,71,72,73,74,76,78],"type":"read_ok"}}
2025/06/27 21:01:04 Received {c14 n1 {"type":"read","msg_id":32}}
2025/06/27 21:01:04 Sent {"src":"n1","dest":"c14","body":{"in_reply_to":32,"messages":[4,7,14,27,30,33,34,35,36,37,38,39,40,42,43,44,45,46,47,48,49,50,51,53,54,55,57,58,59,60,62,63,64,65,66,67,68,69,71,72,73,74,76,78],"type":"read_ok"}}
