2025/06/27 21:00:34 Received {c4 n3 {"type":"init","node_id":"n3","node_ids":["n0","n1","n2","n3","n4"],"msg_id":1}}
2025/06/27 21:00:34 Node n3 initialized
2025/06/27 21:00:34 Sent {"src":"n3","dest":"c4","body":{"in_reply_to":1,"type":"init_ok"}}
2025/06/27 21:00:34 Received {c8 n3 {"type":"topology","topology":{"n0":["n3","n1"],"n1":["n4","n2","n0"],"n2":["n1"],"n3":["n0","n4"],"n4":["n1","n3"]},"msg_id":1}}
2025/06/27 21:00:34 Sent {"src":"n3","dest":"c8","body":{"in_reply_to":1,"type":"topology_ok"}}
2025/06/27 21:00:34 Received {n0 n3 {"message":0,"msg_id":2,"type":"broadcast"}}
2025/06/27 21:00:34 Sent {"src":"n3","dest":"n0","body":{"in_reply_to":2,"type":"broadcast_ok"}}
2025/06/27 21:00:34 Sent {"src":"n3","dest":"n4","body":{"message":0,"msg_id":1,"type":"broadcast"}}
2025/06/27 21:00:34 Sent {"src":"n3","dest":"n0","body":{"message":0,"msg_id":2,"type":"broadcast"}}
2025/06/27 21:00:34 Received {n0 n3 {"in_reply_to":2,"type":"broadcast_ok"}}
2025/06/27 21:00:34 Received {n4 n3 {"in_reply_to":1,"type":"broadcast_ok"}}
2025/06/27 21:00:34 Received {n4 n3 {"message":0,"msg_id":2,"type":"broadcast"}}
2025/06/27 21:00:34 Sent {"src":"n3","dest":"n4","body":{"in_reply_to":2,"type":"broadcast_ok"}}
2025/06/27 21:00:34 Received {c12 n3 {"type":"broadcast","message":1,"msg_id":1}}
2025/06/27 21:00:34 Sent {"src":"n3","dest":"c12","body":{"in_reply_to":1,"type":"broadcast_ok"}}
2025/06/27 21:00:34 Sent {"src":"n3","dest":"n0","body":{"message":1,"msg_id":3,"type":"broadcast"}}
2025/06/27 21:00:34 Sent {"src":"n3","dest":"n4","body":{"message":1,"msg_id":4,"type":"broadcast"}}
2025/06/27 21:00:34 Received {n4 n3 {"in_reply_to":4,"type":"broadcast_ok"}}
2025/06/27 21:00:34 Received {n0 n3 {"in_reply_to":3,"type":"broadcast_ok"}}
2025/06/27 21:00:34 Received {n4 n3 {"message":1,"msg_id":4,"type":"broadcast"}}
2025/06/27 21:00:34 Sent {"src":"n3","dest":"n4","body":{"in_reply_to":4,"type":"broadcast_ok"}}
2025/06/27 21:00:34 Received {n0 n3 {"message":1,"msg_id":4,"type":"broadcast"}}
2025/06/27 21:00:34 Sent {"src":"n3","dest":"n0","body":{"in_reply_to":4,"type":"broadcast_ok"}}
2025/06/27 21:00:35 Received {c12 n3 {"type":"read","msg_id":2}}
2025/06/27 21:00:35 Sent {"src":"n3","dest":"c12","body":{"in_reply_to":2,"messages":[0,1],"type":"read_ok"}}
2025/06/27 21:00:35 Received {n4 n3 {"message":3,"msg_id":6,"type":"broadcast"}}
2025/06/27 21:00:35 Sent {"src":"n3","dest":"n4","body":{"in_reply_to":6,"type":"broadcast_ok"}}
2025/06/27 21:00:35 Sent {"src":"n3","dest":"n4","body":{"message":3,"msg_id":5,"type":"broadcast"}}
2025/06/27 21:00:35 Sent {"src":"n3","dest":"n0","body":{"message":3,"msg_id":6,"type":"broadcast"}}
2025/06/27 21:00:35 Received {n4 n3 {"in_reply_to":5,"type":"broadcast_ok"}}
2025/06/27 21:00:35 Received {n0 n3 {"in_reply_to":6,"type":"broadcast_ok"}}
2025/06/27 21:00:35 Received {n0 n3 {"message":3,"msg_id":6,"type":"broadcast"}}
2025/06/27 21:00:35 Sent {"src":"n3","dest":"n0","body":{"in_reply_to":6,"type":"broadcast_ok"}}
2025/06/27 21:00:36 Received {c12 n3 {"type":"broadcast","message":6,"msg_id":3}}
2025/06/27 21:00:36 Sent {"src":"n3","dest":"c12","body":{"in_reply_to":3,"type":"broadcast_ok"}}
2025/06/27 21:00:36 Sent {"src":"n3","dest":"n0","body":{"message":6,"msg_id":7,"type":"broadcast"}}
2025/06/27 21:00:36 Sent {"src":"n3","dest":"n4","body":{"message":6,"msg_id":8,"type":"broadcast"}}
2025/06/27 21:00:36 Received {n0 n3 {"in_reply_to":7,"type":"broadcast_ok"}}
2025/06/27 21:00:36 Received {n4 n3 {"in_reply_to":8,"type":"broadcast_ok"}}
2025/06/27 21:00:36 Received {n0 n3 {"message":6,"msg_id":8,"type":"broadcast"}}
2025/06/27 21:00:36 Sent {"src":"n3","dest":"n0","body":{"in_reply_to":8,"type":"broadcast_ok"}}
2025/06/27 21:00:36 Received {n4 n3 {"message":6,"msg_id":8,"type":"broadcast"}}
2025/06/27 21:00:36 Sent {"src":"n3","dest":"n4","body":{"in_reply_to":8,"type":"broadcast_ok"}}
2025/06/27 21:00:37 Received {c12 n3 {"type":"read","msg_id":4}}
2025/06/27 21:00:37 Sent {"src":"n3","dest":"c12","body":{"in_reply_to":4,"messages":[0,1,3,6],"type":"read_ok"}}
2025/06/27 21:00:37 Received {n4 n3 {"message":9,"msg_id":10,"type":"broadcast"}}
2025/06/27 21:00:37 Sent {"src":"n3","dest":"n4","body":{"in_reply_to":10,"type":"broadcast_ok"}}
2025/06/27 21:00:37 Sent {"src":"n3","dest":"n4","body":{"message":9,"msg_id":9,"type":"broadcast"}}
2025/06/27 21:00:37 Sent {"src":"n3","dest":"n0","body":{"message":9,"msg_id":10,"type":"broadcast"}}
2025/06/27 21:00:37 Received {n4 n3 {"in_reply_to":9,"type":"broadcast_ok"}}
2025/06/27 21:00:37 Received {n0 n3 {"in_reply_to":10,"type":"broadcast_ok"}}
2025/06/27 21:00:37 Received {n0 n3 {"message":9,"msg_id":10,"type":"broadcast"}}
2025/06/27 21:00:37 Sent {"src":"n3","dest":"n0","body":{"in_reply_to":10,"type":"broadcast_ok"}}
2025/06/27 21:00:37 Received {n0 n3 {"message":10,"msg_id":11,"type":"broadcast"}}
2025/06/27 21:00:37 Sent {"src":"n3","dest":"n0","body":{"in_reply_to":11,"type":"broadcast_ok"}}
2025/06/27 21:00:37 Sent {"src":"n3","dest":"n0","body":{"message":10,"msg_id":11,"type":"broadcast"}}
2025/06/27 21:00:37 Sent {"src":"n3","dest":"n4","body":{"message":10,"msg_id":12,"type":"broadcast"}}
2025/06/27 21:00:37 Received {n0 n3 {"in_reply_to":11,"type":"broadcast_ok"}}
2025/06/27 21:00:37 Received {n4 n3 {"in_reply_to":12,"type":"broadcast_ok"}}
2025/06/27 21:00:37 Received {n4 n3 {"message":10,"msg_id":11,"type":"broadcast"}}
2025/06/27 21:00:37 Sent {"src":"n3","dest":"n4","body":{"in_reply_to":11,"type":"broadcast_ok"}}
2025/06/27 21:00:37 Received {n0 n3 {"message":11,"msg_id":13,"type":"broadcast"}}
2025/06/27 21:00:37 Sent {"src":"n3","dest":"n0","body":{"in_reply_to":13,"type":"broadcast_ok"}}
2025/06/27 21:00:37 Sent {"src":"n3","dest":"n4","body":{"message":11,"msg_id":13,"type":"broadcast"}}
2025/06/27 21:00:37 Sent {"src":"n3","dest":"n0","body":{"message":11,"msg_id":14,"type":"broadcast"}}
2025/06/27 21:00:37 Received {n4 n3 {"in_reply_to":13,"type":"broadcast_ok"}}
2025/06/27 21:00:37 Received {n0 n3 {"in_reply_to":14,"type":"broadcast_ok"}}
2025/06/27 21:00:37 Received {n4 n3 {"message":11,"msg_id":13,"type":"broadcast"}}
2025/06/27 21:00:37 Sent {"src":"n3","dest":"n4","body":{"in_reply_to":13,"type":"broadcast_ok"}}
2025/06/27 21:00:37 Received {c12 n3 {"type":"broadcast","message":12,"msg_id":5}}
2025/06/27 21:00:37 Sent {"src":"n3","dest":"c12","body":{"in_reply_to":5,"type":"broadcast_ok"}}
2025/06/27 21:00:37 Sent {"src":"n3","dest":"n0","body":{"message":12,"msg_id":15,"type":"broadcast"}}
2025/06/27 21:00:37 Sent {"src":"n3","dest":"n4","body":{"message":12,"msg_id":16,"type":"broadcast"}}
2025/06/27 21:00:37 Received {n0 n3 {"in_reply_to":15,"type":"broadcast_ok"}}
2025/06/27 21:00:37 Received {n4 n3 {"in_reply_to":16,"type":"broadcast_ok"}}
2025/06/27 21:00:37 Received {n0 n3 {"message":12,"msg_id":16,"type":"broadcast"}}
2025/06/27 21:00:37 Sent {"src":"n3","dest":"n0","body":{"in_reply_to":16,"type":"broadcast_ok"}}
2025/06/27 21:00:37 Received {n4 n3 {"message":12,"msg_id":16,"type":"broadcast"}}
2025/06/27 21:00:37 Sent {"src":"n3","dest":"n4","body":{"in_reply_to":16,"type":"broadcast_ok"}}
2025/06/27 21:00:37 Received {n4 n3 {"message":13,"msg_id":18,"type":"broadcast"}}
2025/06/27 21:00:37 Sent {"src":"n3","dest":"n4","body":{"in_reply_to":18,"type":"broadcast_ok"}}
2025/06/27 21:00:37 Sent {"src":"n3","dest":"n0","body":{"message":13,"msg_id":17,"type":"broadcast"}}
2025/06/27 21:00:37 Sent {"src":"n3","dest":"n4","body":{"message":13,"msg_id":18,"type":"broadcast"}}
2025/06/27 21:00:37 Received {n0 n3 {"in_reply_to":17,"type":"broadcast_ok"}}
2025/06/27 21:00:37 Received {n0 n3 {"message":13,"msg_id":18,"type":"broadcast"}}
2025/06/27 21:00:37 Sent {"src":"n3","dest":"n0","body":{"in_reply_to":18,"type":"broadcast_ok"}}
2025/06/27 21:00:37 Received {n4 n3 {"in_reply_to":18,"type":"broadcast_ok"}}
2025/06/27 21:00:38 Received {c12 n3 {"type":"read","msg_id":6}}
2025/06/27 21:00:38 Sent {"src":"n3","dest":"c12","body":{"in_reply_to":6,"messages":[0,1,3,6,9,10,11,12,13],"type":"read_ok"}}
2025/06/27 21:00:39 Received {c12 n3 {"type":"broadcast","message":16,"msg_id":7}}
2025/06/27 21:00:39 Sent {"src":"n3","dest":"c12","body":{"in_reply_to":7,"type":"broadcast_ok"}}
2025/06/27 21:00:39 Sent {"src":"n3","dest":"n0","body":{"message":16,"msg_id":19,"type":"broadcast"}}
2025/06/27 21:00:39 Sent {"src":"n3","dest":"n4","body":{"message":16,"msg_id":20,"type":"broadcast"}}
2025/06/27 21:00:39 Received {n0 n3 {"in_reply_to":19,"type":"broadcast_ok"}}
2025/06/27 21:00:39 Received {n0 n3 {"message":16,"msg_id":19,"type":"broadcast"}}
2025/06/27 21:00:39 Received {n4 n3 {"in_reply_to":20,"type":"broadcast_ok"}}
2025/06/27 21:00:39 Sent {"src":"n3","dest":"n0","body":{"in_reply_to":19,"type":"broadcast_ok"}}
2025/06/27 21:00:39 Received {n4 n3 {"message":16,"msg_id":19,"type":"broadcast"}}
2025/06/27 21:00:39 Sent {"src":"n3","dest":"n4","body":{"in_reply_to":19,"type":"broadcast_ok"}}
2025/06/27 21:00:39 Received {n0 n3 {"message":17,"msg_id":21,"type":"broadcast"}}
2025/06/27 21:00:39 Sent {"src":"n3","dest":"n0","body":{"in_reply_to":21,"type":"broadcast_ok"}}
2025/06/27 21:00:39 Sent {"src":"n3","dest":"n0","body":{"message":17,"msg_id":21,"type":"broadcast"}}
2025/06/27 21:00:39 Sent {"src":"n3","dest":"n4","body":{"message":17,"msg_id":22,"type":"broadcast"}}
2025/06/27 21:00:39 Received {n0 n3 {"in_reply_to":21,"type":"broadcast_ok"}}
2025/06/27 21:00:39 Received {n4 n3 {"in_reply_to":22,"type":"broadcast_ok"}}
2025/06/27 21:00:39 Received {n4 n3 {"message":17,"msg_id":22,"type":"broadcast"}}
2025/06/27 21:00:39 Sent {"src":"n3","dest":"n4","body":{"in_reply_to":22,"type":"broadcast_ok"}}
2025/06/27 21:00:39 Received {c12 n3 {"type":"read","msg_id":8}}
2025/06/27 21:00:39 Sent {"src":"n3","dest":"c12","body":{"in_reply_to":8,"messages":[0,1,3,6,9,10,11,12,13,16,17],"type":"read_ok"}}
2025/06/27 21:00:39 Received {n4 n3 {"message":18,"msg_id":24,"type":"broadcast"}}
2025/06/27 21:00:39 Sent {"src":"n3","dest":"n4","body":{"in_reply_to":24,"type":"broadcast_ok"}}
2025/06/27 21:00:39 Sent {"src":"n3","dest":"n4","body":{"message":18,"msg_id":23,"type":"broadcast"}}
2025/06/27 21:00:39 Sent {"src":"n3","dest":"n0","body":{"message":18,"msg_id":24,"type":"broadcast"}}
2025/06/27 21:00:39 Received {n4 n3 {"in_reply_to":23,"type":"broadcast_ok"}}
2025/06/27 21:00:39 Received {n0 n3 {"in_reply_to":24,"type":"broadcast_ok"}}
2025/06/27 21:00:39 Received {n0 n3 {"message":18,"msg_id":24,"type":"broadcast"}}
2025/06/27 21:00:39 Sent {"src":"n3","dest":"n0","body":{"in_reply_to":24,"type":"broadcast_ok"}}
2025/06/27 21:00:39 Received {n0 n3 {"message":19,"msg_id":25,"type":"broadcast"}}
2025/06/27 21:00:39 Sent {"src":"n3","dest":"n0","body":{"in_reply_to":25,"type":"broadcast_ok"}}
2025/06/27 21:00:39 Sent {"src":"n3","dest":"n4","body":{"message":19,"msg_id":26,"type":"broadcast"}}
2025/06/27 21:00:39 Sent {"src":"n3","dest":"n0","body":{"message":19,"msg_id":25,"type":"broadcast"}}
2025/06/27 21:00:39 Received {n4 n3 {"in_reply_to":26,"type":"broadcast_ok"}}
2025/06/27 21:00:39 Received {n0 n3 {"in_reply_to":25,"type":"broadcast_ok"}}
2025/06/27 21:00:39 Received {n4 n3 {"message":19,"msg_id":26,"type":"broadcast"}}
2025/06/27 21:00:39 Sent {"src":"n3","dest":"n4","body":{"in_reply_to":26,"type":"broadcast_ok"}}
2025/06/27 21:00:39 Received {n0 n3 {"message":20,"msg_id":27,"type":"broadcast"}}
2025/06/27 21:00:39 Sent {"src":"n3","dest":"n0","body":{"in_reply_to":27,"type":"broadcast_ok"}}
2025/06/27 21:00:39 Sent {"src":"n3","dest":"n0","body":{"message":20,"msg_id":27,"type":"broadcast"}}
2025/06/27 21:00:39 Sent {"src":"n3","dest":"n4","body":{"message":20,"msg_id":28,"type":"broadcast"}}
2025/06/27 21:00:39 Received {n0 n3 {"in_reply_to":27,"type":"broadcast_ok"}}
2025/06/27 21:00:39 Received {n4 n3 {"in_reply_to":28,"type":"broadcast_ok"}}
2025/06/27 21:00:39 Received {n4 n3 {"message":20,"msg_id":28,"type":"broadcast"}}
2025/06/27 21:00:39 Sent {"src":"n3","dest":"n4","body":{"in_reply_to":28,"type":"broadcast_ok"}}
2025/06/27 21:00:40 Received {c12 n3 {"type":"broadcast","message":22,"msg_id":9}}
2025/06/27 21:00:40 Sent {"src":"n3","dest":"c12","body":{"in_reply_to":9,"type":"broadcast_ok"}}
2025/06/27 21:00:40 Sent {"src":"n3","dest":"n0","body":{"message":22,"msg_id":29,"type":"broadcast"}}
2025/06/27 21:00:40 Sent {"src":"n3","dest":"n4","body":{"message":22,"msg_id":30,"type":"broadcast"}}
2025/06/27 21:00:40 Received {n0 n3 {"message":22,"msg_id":29,"type":"broadcast"}}
2025/06/27 21:00:40 Received {n0 n3 {"in_reply_to":29,"type":"broadcast_ok"}}
2025/06/27 21:00:40 Received {n4 n3 {"in_reply_to":30,"type":"broadcast_ok"}}
2025/06/27 21:00:40 Received {n4 n3 {"message":22,"msg_id":29,"type":"broadcast"}}
2025/06/27 21:00:40 Sent {"src":"n3","dest":"n0","body":{"in_reply_to":29,"type":"broadcast_ok"}}
2025/06/27 21:00:40 Sent {"src":"n3","dest":"n4","body":{"in_reply_to":29,"type":"broadcast_ok"}}
2025/06/27 21:00:40 Received {n4 n3 {"message":23,"msg_id":32,"type":"broadcast"}}
2025/06/27 21:00:40 Sent {"src":"n3","dest":"n4","body":{"in_reply_to":32,"type":"broadcast_ok"}}
2025/06/27 21:00:40 Sent {"src":"n3","dest":"n0","body":{"message":23,"msg_id":31,"type":"broadcast"}}
2025/06/27 21:00:40 Sent {"src":"n3","dest":"n4","body":{"message":23,"msg_id":32,"type":"broadcast"}}
2025/06/27 21:00:40 Received {n4 n3 {"in_reply_to":32,"type":"broadcast_ok"}}
2025/06/27 21:00:40 Received {n0 n3 {"in_reply_to":31,"type":"broadcast_ok"}}
2025/06/27 21:00:40 Received {n0 n3 {"message":23,"msg_id":32,"type":"broadcast"}}
2025/06/27 21:00:40 Sent {"src":"n3","dest":"n0","body":{"in_reply_to":32,"type":"broadcast_ok"}}
2025/06/27 21:00:40 Received {c12 n3 {"type":"read","msg_id":10}}
2025/06/27 21:00:40 Sent {"src":"n3","dest":"c12","body":{"in_reply_to":10,"messages":[0,1,3,6,9,10,11,12,13,16,17,18,19,20,22,23],"type":"read_ok"}}
2025/06/27 21:00:40 Received {n4 n3 {"message":25,"msg_id":34,"type":"broadcast"}}
2025/06/27 21:00:40 Sent {"src":"n3","dest":"n4","body":{"in_reply_to":34,"type":"broadcast_ok"}}
2025/06/27 21:00:40 Sent {"src":"n3","dest":"n0","body":{"message":25,"msg_id":33,"type":"broadcast"}}
2025/06/27 21:00:40 Sent {"src":"n3","dest":"n4","body":{"message":25,"msg_id":34,"type":"broadcast"}}
2025/06/27 21:00:40 Received {n4 n3 {"in_reply_to":34,"type":"broadcast_ok"}}
2025/06/27 21:00:40 Received {n0 n3 {"in_reply_to":33,"type":"broadcast_ok"}}
2025/06/27 21:00:40 Received {n0 n3 {"message":25,"msg_id":34,"type":"broadcast"}}
2025/06/27 21:00:40 Sent {"src":"n3","dest":"n0","body":{"in_reply_to":34,"type":"broadcast_ok"}}
2025/06/27 21:00:40 Received {n0 n3 {"message":26,"msg_id":35,"type":"broadcast"}}
2025/06/27 21:00:40 Sent {"src":"n3","dest":"n0","body":{"in_reply_to":35,"type":"broadcast_ok"}}
2025/06/27 21:00:40 Sent {"src":"n3","dest":"n0","body":{"message":26,"msg_id":35,"type":"broadcast"}}
2025/06/27 21:00:40 Sent {"src":"n3","dest":"n4","body":{"message":26,"msg_id":36,"type":"broadcast"}}
2025/06/27 21:00:40 Received {n0 n3 {"in_reply_to":35,"type":"broadcast_ok"}}
2025/06/27 21:00:40 Received {n4 n3 {"in_reply_to":36,"type":"broadcast_ok"}}
2025/06/27 21:00:40 Received {n4 n3 {"message":26,"msg_id":36,"type":"broadcast"}}
2025/06/27 21:00:40 Sent {"src":"n3","dest":"n4","body":{"in_reply_to":36,"type":"broadcast_ok"}}
2025/06/27 21:00:41 Received {c12 n3 {"type":"broadcast","message":29,"msg_id":11}}
2025/06/27 21:00:41 Sent {"src":"n3","dest":"c12","body":{"in_reply_to":11,"type":"broadcast_ok"}}
2025/06/27 21:00:41 Sent {"src":"n3","dest":"n0","body":{"message":29,"msg_id":37,"type":"broadcast"}}
2025/06/27 21:00:41 Sent {"src":"n3","dest":"n4","body":{"message":29,"msg_id":38,"type":"broadcast"}}
2025/06/27 21:00:41 Received {n0 n3 {"in_reply_to":37,"type":"broadcast_ok"}}
2025/06/27 21:00:41 Received {n4 n3 {"in_reply_to":38,"type":"broadcast_ok"}}
2025/06/27 21:00:41 Received {n0 n3 {"message":29,"msg_id":38,"type":"broadcast"}}
2025/06/27 21:00:41 Received {n4 n3 {"message":29,"msg_id":37,"type":"broadcast"}}
2025/06/27 21:00:41 Sent {"src":"n3","dest":"n4","body":{"in_reply_to":37,"type":"broadcast_ok"}}
2025/06/27 21:00:41 Sent {"src":"n3","dest":"n0","body":{"in_reply_to":38,"type":"broadcast_ok"}}
2025/06/27 21:00:41 Received {c12 n3 {"type":"broadcast","message":32,"msg_id":12}}
2025/06/27 21:00:41 Sent {"src":"n3","dest":"c12","body":{"in_reply_to":12,"type":"broadcast_ok"}}
2025/06/27 21:00:41 Sent {"src":"n3","dest":"n0","body":{"message":32,"msg_id":39,"type":"broadcast"}}
2025/06/27 21:00:41 Sent {"src":"n3","dest":"n4","body":{"message":32,"msg_id":40,"type":"broadcast"}}
2025/06/27 21:00:41 Received {n0 n3 {"in_reply_to":39,"type":"broadcast_ok"}}
2025/06/27 21:00:41 Received {n4 n3 {"in_reply_to":40,"type":"broadcast_ok"}}
2025/06/27 21:00:41 Received {n0 n3 {"message":32,"msg_id":40,"type":"broadcast"}}
2025/06/27 21:00:41 Received {n4 n3 {"message":32,"msg_id":39,"type":"broadcast"}}
2025/06/27 21:00:41 Sent {"src":"n3","dest":"n0","body":{"in_reply_to":40,"type":"broadcast_ok"}}
2025/06/27 21:00:41 Sent {"src":"n3","dest":"n4","body":{"in_reply_to":39,"type":"broadcast_ok"}}
2025/06/27 21:00:41 Received {n0 n3 {"message":33,"msg_id":42,"type":"broadcast"}}
2025/06/27 21:00:41 Sent {"src":"n3","dest":"n0","body":{"in_reply_to":42,"type":"broadcast_ok"}}
2025/06/27 21:00:41 Sent {"src":"n3","dest":"n0","body":{"message":33,"msg_id":41,"type":"broadcast"}}
2025/06/27 21:00:41 Sent {"src":"n3","dest":"n4","body":{"message":33,"msg_id":42,"type":"broadcast"}}
2025/06/27 21:00:41 Received {n4 n3 {"in_reply_to":42,"type":"broadcast_ok"}}
2025/06/27 21:00:41 Received {n0 n3 {"in_reply_to":41,"type":"broadcast_ok"}}
2025/06/27 21:00:41 Received {n4 n3 {"message":33,"msg_id":41,"type":"broadcast"}}
2025/06/27 21:00:41 Sent {"src":"n3","dest":"n4","body":{"in_reply_to":41,"type":"broadcast_ok"}}
2025/06/27 21:00:42 Received {n4 n3 {"message":34,"msg_id":43,"type":"broadcast"}}
2025/06/27 21:00:42 Received {n0 n3 {"message":34,"msg_id":44,"type":"broadcast"}}
2025/06/27 21:00:42 Sent {"src":"n3","dest":"n4","body":{"in_reply_to":43,"type":"broadcast_ok"}}
2025/06/27 21:00:42 Sent {"src":"n3","dest":"n4","body":{"message":34,"msg_id":43,"type":"broadcast"}}
2025/06/27 21:00:42 Sent {"src":"n3","dest":"n0","body":{"in_reply_to":44,"type":"broadcast_ok"}}
2025/06/27 21:00:42 Sent {"src":"n3","dest":"n0","body":{"message":34,"msg_id":44,"type":"broadcast"}}
2025/06/27 21:00:42 Received {n4 n3 {"in_reply_to":43,"type":"broadcast_ok"}}
2025/06/27 21:00:42 Received {n0 n3 {"in_reply_to":44,"type":"broadcast_ok"}}
2025/06/27 21:00:42 Received {n4 n3 {"message":35,"msg_id":46,"type":"broadcast"}}
2025/06/27 21:00:42 Received {n0 n3 {"message":35,"msg_id":46,"type":"broadcast"}}
2025/06/27 21:00:42 Sent {"src":"n3","dest":"n4","body":{"in_reply_to":46,"type":"broadcast_ok"}}
2025/06/27 21:00:42 Sent {"src":"n3","dest":"n0","body":{"message":35,"msg_id":45,"type":"broadcast"}}
2025/06/27 21:00:42 Sent {"src":"n3","dest":"n4","body":{"message":35,"msg_id":46,"type":"broadcast"}}
2025/06/27 21:00:42 Sent {"src":"n3","dest":"n0","body":{"in_reply_to":46,"type":"broadcast_ok"}}
2025/06/27 21:00:42 Received {n0 n3 {"in_reply_to":45,"type":"broadcast_ok"}}
2025/06/27 21:00:42 Received {n4 n3 {"in_reply_to":46,"type":"broadcast_ok"}}
2025/06/27 21:00:42 Received {c12 n3 {"type":"read","msg_id":13}}
2025/06/27 21:00:42 Sent {"src":"n3","dest":"c12","body":{"in_reply_to":13,"messages":[0,1,3,6,9,10,11,12,13,16,17,18,19,20,22,23,25,26,29,32,33,34,35],"type":"read_ok"}}
2025/06/27 21:00:42 Received {n0 n3 {"message":36,"msg_id":47,"type":"broadcast"}}
2025/06/27 21:00:42 Sent {"src":"n3","dest":"n0","body":{"in_reply_to":47,"type":"broadcast_ok"}}
2025/06/27 21:00:42 Sent {"src":"n3","dest":"n4","body":{"message":36,"msg_id":47,"type":"broadcast"}}
2025/06/27 21:00:42 Sent {"src":"n3","dest":"n0","body":{"message":36,"msg_id":48,"type":"broadcast"}}
2025/06/27 21:00:42 Received {n0 n3 {"in_reply_to":48,"type":"broadcast_ok"}}
2025/06/27 21:00:42 Received {n4 n3 {"in_reply_to":47,"type":"broadcast_ok"}}
2025/06/27 21:00:42 Received {n4 n3 {"message":36,"msg_id":47,"type":"broadcast"}}
2025/06/27 21:00:42 Sent {"src":"n3","dest":"n4","body":{"in_reply_to":47,"type":"broadcast_ok"}}
2025/06/27 21:00:42 Received {n4 n3 {"message":37,"msg_id":50,"type":"broadcast"}}
2025/06/27 21:00:42 Received {n0 n3 {"message":37,"msg_id":50,"type":"broadcast"}}
2025/06/27 21:00:42 Sent {"src":"n3","dest":"n0","body":{"in_reply_to":50,"type":"broadcast_ok"}}
2025/06/27 21:00:42 Sent {"src":"n3","dest":"n4","body":{"message":37,"msg_id":49,"type":"broadcast"}}
2025/06/27 21:00:42 Sent {"src":"n3","dest":"n4","body":{"in_reply_to":50,"type":"broadcast_ok"}}
2025/06/27 21:00:42 Sent {"src":"n3","dest":"n0","body":{"message":37,"msg_id":50,"type":"broadcast"}}
2025/06/27 21:00:42 Received {n4 n3 {"in_reply_to":49,"type":"broadcast_ok"}}
2025/06/27 21:00:42 Received {n0 n3 {"in_reply_to":50,"type":"broadcast_ok"}}
2025/06/27 21:00:42 Received {c12 n3 {"type":"read","msg_id":14}}
2025/06/27 21:00:42 Sent {"src":"n3","dest":"c12","body":{"in_reply_to":14,"messages":[0,1,3,6,9,10,11,12,13,16,17,18,19,20,22,23,25,26,29,32,33,34,35,36,37],"type":"read_ok"}}
2025/06/27 21:00:43 Received {n0 n3 {"message":38,"msg_id":51,"type":"broadcast"}}
2025/06/27 21:00:43 Sent {"src":"n3","dest":"n0","body":{"in_reply_to":51,"type":"broadcast_ok"}}
2025/06/27 21:00:43 Sent {"src":"n3","dest":"n0","body":{"message":38,"msg_id":51,"type":"broadcast"}}
2025/06/27 21:00:43 Sent {"src":"n3","dest":"n4","body":{"message":38,"msg_id":52,"type":"broadcast"}}
2025/06/27 21:00:43 Received {n0 n3 {"in_reply_to":51,"type":"broadcast_ok"}}
2025/06/27 21:00:43 Received {n4 n3 {"in_reply_to":52,"type":"broadcast_ok"}}
2025/06/27 21:00:43 Received {n4 n3 {"message":38,"msg_id":51,"type":"broadcast"}}
2025/06/27 21:00:43 Sent {"src":"n3","dest":"n4","body":{"in_reply_to":51,"type":"broadcast_ok"}}
2025/06/27 21:00:43 Received {c12 n3 {"type":"read","msg_id":15}}
2025/06/27 21:00:43 Sent {"src":"n3","dest":"c12","body":{"in_reply_to":15,"messages":[0,1,3,6,9,10,11,12,13,16,17,18,19,20,22,23,25,26,29,32,33,34,35,36,37,38],"type":"read_ok"}}
2025/06/27 21:00:43 Received {n4 n3 {"message":39,"msg_id":54,"type":"broadcast"}}
2025/06/27 21:00:43 Sent {"src":"n3","dest":"n4","body":{"in_reply_to":54,"type":"broadcast_ok"}}
2025/06/27 21:00:43 Sent {"src":"n3","dest":"n4","body":{"message":39,"msg_id":53,"type":"broadcast"}}
2025/06/27 21:00:43 Sent {"src":"n3","dest":"n0","body":{"message":39,"msg_id":54,"type":"broadcast"}}
2025/06/27 21:00:43 Received {n0 n3 {"in_reply_to":54,"type":"broadcast_ok"}}
2025/06/27 21:00:43 Received {n4 n3 {"in_reply_to":53,"type":"broadcast_ok"}}
2025/06/27 21:00:43 Received {n0 n3 {"message":39,"msg_id":54,"type":"broadcast"}}
2025/06/27 21:00:43 Sent {"src":"n3","dest":"n0","body":{"in_reply_to":54,"type":"broadcast_ok"}}
2025/06/27 21:00:44 Received {c12 n3 {"type":"read","msg_id":16}}
2025/06/27 21:00:44 Sent {"src":"n3","dest":"c12","body":{"in_reply_to":16,"messages":[0,1,3,6,9,10,11,12,13,16,17,18,19,20,22,23,25,26,29,32,33,34,35,36,37,38,39],"type":"read_ok"}}
2025/06/27 21:00:44 Received {c12 n3 {"type":"broadcast","message":41,"msg_id":17}}
2025/06/27 21:00:44 Sent {"src":"n3","dest":"c12","body":{"in_reply_to":17,"type":"broadcast_ok"}}
2025/06/27 21:00:44 Sent {"src":"n3","dest":"n4","body":{"message":41,"msg_id":55,"type":"broadcast"}}
2025/06/27 21:00:44 Sent {"src":"n3","dest":"n0","body":{"message":41,"msg_id":56,"type":"broadcast"}}
2025/06/27 21:00:45 Received {c12 n3 {"type":"read","msg_id":18}}
2025/06/27 21:00:45 Sent {"src":"n3","dest":"c12","body":{"in_reply_to":18,"messages":[0,1,3,6,9,10,11,12,13,16,17,18,19,20,22,23,25,26,29,32,33,34,35,36,37,38,39,41],"type":"read_ok"}}
2025/06/27 21:00:46 Received {c12 n3 {"type":"read","msg_id":19}}
2025/06/27 21:00:46 Sent {"src":"n3","dest":"c12","body":{"in_reply_to":19,"messages":[0,1,3,6,9,10,11,12,13,16,17,18,19,20,22,23,25,26,29,32,33,34,35,36,37,38,39,41],"type":"read_ok"}}
2025/06/27 21:00:46 Received {c12 n3 {"type":"read","msg_id":20}}
2025/06/27 21:00:46 Sent {"src":"n3","dest":"c12","body":{"in_reply_to":20,"messages":[0,1,3,6,9,10,11,12,13,16,17,18,19,20,22,23,25,26,29,32,33,34,35,36,37,38,39,41],"type":"read_ok"}}
2025/06/27 21:00:47 Received {c12 n3 {"type":"read","msg_id":21}}
2025/06/27 21:00:47 Sent {"src":"n3","dest":"c12","body":{"in_reply_to":21,"messages":[0,1,3,6,9,10,11,12,13,16,17,18,19,20,22,23,25,26,29,32,33,34,35,36,37,38,39,41],"type":"read_ok"}}
2025/06/27 21:00:48 Received {c12 n3 {"type":"broadcast","message":52,"msg_id":22}}
2025/06/27 21:00:48 Sent {"src":"n3","dest":"c12","body":{"in_reply_to":22,"type":"broadcast_ok"}}
2025/06/27 21:00:48 Sent {"src":"n3","dest":"n0","body":{"message":52,"msg_id":57,"type":"broadcast"}}
2025/06/27 21:00:48 Sent {"src":"n3","dest":"n4","body":{"message":52,"msg_id":58,"type":"broadcast"}}
2025/06/27 21:00:49 Received {c12 n3 {"type":"broadcast","message":56,"msg_id":23}}
2025/06/27 21:00:49 Sent {"src":"n3","dest":"c12","body":{"in_reply_to":23,"type":"broadcast_ok"}}
2025/06/27 21:00:49 Sent {"src":"n3","dest":"n4","body":{"message":56,"msg_id":60,"type":"broadcast"}}
2025/06/27 21:00:49 Sent {"src":"n3","dest":"n0","body":{"message":56,"msg_id":59,"type":"broadcast"}}
2025/06/27 21:00:50 Received {c12 n3 {"type":"read","msg_id":24}}
2025/06/27 21:00:50 Sent {"src":"n3","dest":"c12","body":{"in_reply_to":24,"messages":[0,1,3,6,9,10,11,12,13,16,17,18,19,20,22,23,25,26,29,32,33,34,35,36,37,38,39,41,52,56],"type":"read_ok"}}
2025/06/27 21:00:50 Received {c12 n3 {"type":"broadcast","message":61,"msg_id":25}}
2025/06/27 21:00:50 Sent {"src":"n3","dest":"c12","body":{"in_reply_to":25,"type":"broadcast_ok"}}
2025/06/27 21:00:50 Sent {"src":"n3","dest":"n0","body":{"message":61,"msg_id":61,"type":"broadcast"}}
2025/06/27 21:00:50 Sent {"src":"n3","dest":"n4","body":{"message":61,"msg_id":62,"type":"broadcast"}}
2025/06/27 21:00:51 Received {c12 n3 {"type":"read","msg_id":26}}
2025/06/27 21:00:51 Sent {"src":"n3","dest":"c12","body":{"in_reply_to":26,"messages":[0,1,3,6,9,10,11,12,13,16,17,18,19,20,22,23,25,26,29,32,33,34,35,36,37,38,39,41,52,56,61],"type":"read_ok"}}
2025/06/27 21:00:51 Received {c12 n3 {"type":"read","msg_id":27}}
2025/06/27 21:00:51 Sent {"src":"n3","dest":"c12","body":{"in_reply_to":27,"messages":[0,1,3,6,9,10,11,12,13,16,17,18,19,20,22,23,25,26,29,32,33,34,35,36,37,38,39,41,52,56,61],"type":"read_ok"}}
2025/06/27 21:00:52 Received {c12 n3 {"type":"broadcast","message":70,"msg_id":28}}
2025/06/27 21:00:52 Sent {"src":"n3","dest":"c12","body":{"in_reply_to":28,"type":"broadcast_ok"}}
2025/06/27 21:00:52 Sent {"src":"n3","dest":"n4","body":{"message":70,"msg_id":64,"type":"broadcast"}}
2025/06/27 21:00:52 Sent {"src":"n3","dest":"n0","body":{"message":70,"msg_id":63,"type":"broadcast"}}
2025/06/27 21:00:52 Received {c12 n3 {"type":"broadcast","message":73,"msg_id":29}}
2025/06/27 21:00:52 Sent {"src":"n3","dest":"c12","body":{"in_reply_to":29,"type":"broadcast_ok"}}
2025/06/27 21:00:52 Sent {"src":"n3","dest":"n0","body":{"message":73,"msg_id":65,"type":"broadcast"}}
2025/06/27 21:00:52 Sent {"src":"n3","dest":"n4","body":{"message":73,"msg_id":66,"type":"broadcast"}}
2025/06/27 21:00:52 Received {n0 n3 {"in_reply_to":65,"type":"broadcast_ok"}}
2025/06/27 21:00:52 Received {n4 n3 {"in_reply_to":66,"type":"broadcast_ok"}}
2025/06/27 21:00:52 Received {n0 n3 {"message":73,"msg_id":112,"type":"broadcast"}}
2025/06/27 21:00:52 Sent {"src":"n3","dest":"n0","body":{"in_reply_to":112,"type":"broadcast_ok"}}
2025/06/27 21:00:52 Received {n4 n3 {"message":73,"msg_id":112,"type":"broadcast"}}
2025/06/27 21:00:52 Sent {"src":"n3","dest":"n4","body":{"in_reply_to":112,"type":"broadcast_ok"}}
2025/06/27 21:00:53 Received {n4 n3 {"message":74,"msg_id":114,"type":"broadcast"}}
2025/06/27 21:00:53 Sent {"src":"n3","dest":"n4","body":{"in_reply_to":114,"type":"broadcast_ok"}}
2025/06/27 21:00:53 Sent {"src":"n3","dest":"n4","body":{"message":74,"msg_id":68,"type":"broadcast"}}
2025/06/27 21:00:53 Sent {"src":"n3","dest":"n0","body":{"message":74,"msg_id":67,"type":"broadcast"}}
2025/06/27 21:00:53 Received {n4 n3 {"in_reply_to":68,"type":"broadcast_ok"}}
2025/06/27 21:00:53 Received {n0 n3 {"in_reply_to":67,"type":"broadcast_ok"}}
2025/06/27 21:00:53 Received {n0 n3 {"message":74,"msg_id":113,"type":"broadcast"}}
2025/06/27 21:00:53 Sent {"src":"n3","dest":"n0","body":{"in_reply_to":113,"type":"broadcast_ok"}}
2025/06/27 21:00:53 Received {c12 n3 {"type":"broadcast","message":76,"msg_id":30}}
2025/06/27 21:00:53 Sent {"src":"n3","dest":"c12","body":{"in_reply_to":30,"type":"broadcast_ok"}}
2025/06/27 21:00:53 Sent {"src":"n3","dest":"n4","body":{"message":76,"msg_id":70,"type":"broadcast"}}
2025/06/27 21:00:53 Sent {"src":"n3","dest":"n0","body":{"message":76,"msg_id":69,"type":"broadcast"}}
2025/06/27 21:00:53 Received {n0 n3 {"in_reply_to":69,"type":"broadcast_ok"}}
2025/06/27 21:00:53 Received {n0 n3 {"message":76,"msg_id":115,"type":"broadcast"}}
2025/06/27 21:00:53 Sent {"src":"n3","dest":"n0","body":{"in_reply_to":115,"type":"broadcast_ok"}}
2025/06/27 21:00:53 Received {n0 n3 {"message":78,"msg_id":117,"type":"broadcast"}}
2025/06/27 21:00:53 Sent {"src":"n3","dest":"n0","body":{"in_reply_to":117,"type":"broadcast_ok"}}
2025/06/27 21:00:53 Sent {"src":"n3","dest":"n4","body":{"message":78,"msg_id":71,"type":"broadcast"}}
2025/06/27 21:00:53 Sent {"src":"n3","dest":"n0","body":{"message":78,"msg_id":72,"type":"broadcast"}}
2025/06/27 21:00:53 Received {n0 n3 {"in_reply_to":72,"type":"broadcast_ok"}}
2025/06/27 21:00:53 Received {c12 n3 {"type":"read","msg_id":31}}
2025/06/27 21:00:53 Sent {"src":"n3","dest":"c12","body":{"in_reply_to":31,"messages":[0,1,3,6,9,10,11,12,13,16,17,18,19,20,22,23,25,26,29,32,33,34,35,36,37,38,39,41,52,56,61,70,73,74,76,78],"type":"read_ok"}}
2025/06/27 21:00:54 Received {c12 n3 {"type":"read","msg_id":32}}
2025/06/27 21:00:54 Sent {"src":"n3","dest":"c12","body":{"in_reply_to":32,"messages":[0,1,3,6,9,10,11,12,13,16,17,18,19,20,22,23,25,26,29,32,33,34,35,36,37,38,39,41,52,56,61,70,73,74,76,78],"type":"read_ok"}}
2025/06/27 21:01:04 Received {c12 n3 {"type":"read","msg_id":33}}
2025/06/27 21:01:04 Sent {"src":"n3","dest":"c12","body":{"in_reply_to":33,"messages":[0,1,3,6,9,10,11,12,13,16,17,18,19,20,22,23,25,26,29,32,33,34,35,36,37,38,39,41,52,56,61,70,73,74,76,78],"type":"read_ok"}}
