2025/06/27 19:03:42 Received {c1 n1 {"type":"init","node_id":"n1","node_ids":["n0","n1","n2","n3","n4"],"msg_id":1}}
2025/06/27 19:03:42 Node n1 initialized
2025/06/27 19:03:42 Sent {"src":"n1","dest":"c1","body":{"in_reply_to":1,"type":"init_ok"}}
2025/06/27 19:03:42 Received {c6 n1 {"type":"topology","topology":{"n0":["n3","n1"],"n1":["n4","n2","n0"],"n2":["n1"],"n3":["n0","n4"],"n4":["n1","n3"]},"msg_id":1}}
2025/06/27 19:03:42 Sent {"src":"n1","dest":"c6","body":{"in_reply_to":1,"type":"topology_ok"}}
2025/06/27 19:03:42 Received {c10 n1 {"type":"read","msg_id":1}}
2025/06/27 19:03:42 Sent {"src":"n1","dest":"c10","body":{"in_reply_to":1,"messages":[],"type":"read_ok"}}
2025/06/27 19:03:43 Received {c10 n1 {"type":"broadcast","message":2,"msg_id":2}}
2025/06/27 19:03:43 Sent {"src":"n1","dest":"n0","body":{"message":2,"msg_id":1,"type":"broadcast"}}
2025/06/27 19:03:43 Sent {"src":"n1","dest":"n4","body":{"message":2,"msg_id":2,"type":"broadcast"}}
2025/06/27 19:03:43 Sent {"src":"n1","dest":"n4","body":{"message":2,"msg_id":3,"type":"broadcast"}}
2025/06/27 19:03:43 Sent {"src":"n1","dest":"n2","body":{"message":2,"msg_id":4,"type":"broadcast"}}
2025/06/27 19:03:43 Sent {"src":"n1","dest":"n2","body":{"message":2,"msg_id":5,"type":"broadcast"}}
2025/06/27 19:03:43 Sent {"src":"n1","dest":"c10","body":{"in_reply_to":2,"type":"broadcast_ok"}}
2025/06/27 19:03:43 Sent {"src":"n1","dest":"n0","body":{"message":2,"msg_id":6,"type":"broadcast"}}
2025/06/27 19:03:44 Received {c10 n1 {"type":"broadcast","message":7,"msg_id":3}}
2025/06/27 19:03:44 Sent {"src":"n1","dest":"n4","body":{"message":7,"msg_id":8,"type":"broadcast"}}
2025/06/27 19:03:44 Sent {"src":"n1","dest":"n4","body":{"message":7,"msg_id":9,"type":"broadcast"}}
2025/06/27 19:03:44 Sent {"src":"n1","dest":"n0","body":{"message":7,"msg_id":7,"type":"broadcast"}}
2025/06/27 19:03:44 Sent {"src":"n1","dest":"n2","body":{"message":7,"msg_id":10,"type":"broadcast"}}
2025/06/27 19:03:44 Sent {"src":"n1","dest":"n2","body":{"message":7,"msg_id":11,"type":"broadcast"}}
2025/06/27 19:03:44 Sent {"src":"n1","dest":"c10","body":{"in_reply_to":3,"type":"broadcast_ok"}}
2025/06/27 19:03:44 Sent {"src":"n1","dest":"n0","body":{"message":7,"msg_id":12,"type":"broadcast"}}
2025/06/27 19:03:44 Received {c10 n1 {"type":"read","msg_id":4}}
2025/06/27 19:03:44 Sent {"src":"n1","dest":"c10","body":{"in_reply_to":4,"messages":[2,2,7,7],"type":"read_ok"}}
2025/06/27 19:03:45 Received {c10 n1 {"type":"broadcast","message":9,"msg_id":5}}
2025/06/27 19:03:45 Sent {"src":"n1","dest":"n4","body":{"message":9,"msg_id":14,"type":"broadcast"}}
2025/06/27 19:03:45 Sent {"src":"n1","dest":"n4","body":{"message":9,"msg_id":15,"type":"broadcast"}}
2025/06/27 19:03:45 Sent {"src":"n1","dest":"n0","body":{"message":9,"msg_id":13,"type":"broadcast"}}
2025/06/27 19:03:45 Sent {"src":"n1","dest":"n2","body":{"message":9,"msg_id":16,"type":"broadcast"}}
2025/06/27 19:03:45 Sent {"src":"n1","dest":"n2","body":{"message":9,"msg_id":17,"type":"broadcast"}}
2025/06/27 19:03:45 Sent {"src":"n1","dest":"c10","body":{"in_reply_to":5,"type":"broadcast_ok"}}
2025/06/27 19:03:45 Sent {"src":"n1","dest":"n0","body":{"message":9,"msg_id":18,"type":"broadcast"}}
2025/06/27 19:03:46 Received {c10 n1 {"type":"broadcast","message":12,"msg_id":6}}
2025/06/27 19:03:46 Sent {"src":"n1","dest":"n0","body":{"message":12,"msg_id":19,"type":"broadcast"}}
2025/06/27 19:03:46 Sent {"src":"n1","dest":"n4","body":{"message":12,"msg_id":20,"type":"broadcast"}}
2025/06/27 19:03:46 Sent {"src":"n1","dest":"n4","body":{"message":12,"msg_id":22,"type":"broadcast"}}
2025/06/27 19:03:46 Sent {"src":"n1","dest":"n2","body":{"message":12,"msg_id":21,"type":"broadcast"}}
2025/06/27 19:03:46 Sent {"src":"n1","dest":"n2","body":{"message":12,"msg_id":23,"type":"broadcast"}}
2025/06/27 19:03:46 Sent {"src":"n1","dest":"c10","body":{"in_reply_to":6,"type":"broadcast_ok"}}
2025/06/27 19:03:46 Sent {"src":"n1","dest":"n0","body":{"message":12,"msg_id":24,"type":"broadcast"}}
2025/06/27 19:03:46 Received {c10 n1 {"type":"broadcast","message":15,"msg_id":7}}
2025/06/27 19:03:46 Sent {"src":"n1","dest":"n0","body":{"message":15,"msg_id":25,"type":"broadcast"}}
2025/06/27 19:03:46 Sent {"src":"n1","dest":"n4","body":{"message":15,"msg_id":26,"type":"broadcast"}}
2025/06/27 19:03:46 Sent {"src":"n1","dest":"n4","body":{"message":15,"msg_id":27,"type":"broadcast"}}
2025/06/27 19:03:46 Sent {"src":"n1","dest":"n2","body":{"message":15,"msg_id":28,"type":"broadcast"}}
2025/06/27 19:03:46 Sent {"src":"n1","dest":"c10","body":{"in_reply_to":7,"type":"broadcast_ok"}}
2025/06/27 19:03:46 Sent {"src":"n1","dest":"n2","body":{"message":15,"msg_id":29,"type":"broadcast"}}
2025/06/27 19:03:46 Sent {"src":"n1","dest":"n0","body":{"message":15,"msg_id":30,"type":"broadcast"}}
2025/06/27 19:03:47 Received {c10 n1 {"type":"read","msg_id":8}}
2025/06/27 19:03:47 Sent {"src":"n1","dest":"c10","body":{"in_reply_to":8,"messages":[2,2,7,7,9,9,12,12,15,15],"type":"read_ok"}}
2025/06/27 19:03:48 Received {c10 n1 {"type":"read","msg_id":9}}
2025/06/27 19:03:48 Sent {"src":"n1","dest":"c10","body":{"in_reply_to":9,"messages":[2,2,7,7,9,9,12,12,15,15],"type":"read_ok"}}
2025/06/27 19:03:48 Received {c10 n1 {"type":"broadcast","message":23,"msg_id":10}}
2025/06/27 19:03:48 Sent {"src":"n1","dest":"n0","body":{"message":23,"msg_id":31,"type":"broadcast"}}
2025/06/27 19:03:48 Sent {"src":"n1","dest":"n4","body":{"message":23,"msg_id":32,"type":"broadcast"}}
2025/06/27 19:03:48 Sent {"src":"n1","dest":"n4","body":{"message":23,"msg_id":33,"type":"broadcast"}}
2025/06/27 19:03:48 Sent {"src":"n1","dest":"n2","body":{"message":23,"msg_id":34,"type":"broadcast"}}
2025/06/27 19:03:48 Sent {"src":"n1","dest":"n2","body":{"message":23,"msg_id":35,"type":"broadcast"}}
2025/06/27 19:03:48 Sent {"src":"n1","dest":"c10","body":{"in_reply_to":10,"type":"broadcast_ok"}}
2025/06/27 19:03:48 Sent {"src":"n1","dest":"n0","body":{"message":23,"msg_id":36,"type":"broadcast"}}
2025/06/27 19:03:48 Received {c10 n1 {"type":"read","msg_id":11}}
2025/06/27 19:03:48 Sent {"src":"n1","dest":"c10","body":{"in_reply_to":11,"messages":[2,2,7,7,9,9,12,12,15,15,23,23],"type":"read_ok"}}
2025/06/27 19:03:49 Received {c10 n1 {"type":"broadcast","message":28,"msg_id":12}}
2025/06/27 19:03:49 Sent {"src":"n1","dest":"n0","body":{"message":28,"msg_id":37,"type":"broadcast"}}
2025/06/27 19:03:49 Sent {"src":"n1","dest":"n4","body":{"message":28,"msg_id":38,"type":"broadcast"}}
2025/06/27 19:03:49 Sent {"src":"n1","dest":"n2","body":{"message":28,"msg_id":39,"type":"broadcast"}}
2025/06/27 19:03:49 Sent {"src":"n1","dest":"n2","body":{"message":28,"msg_id":41,"type":"broadcast"}}
2025/06/27 19:03:49 Sent {"src":"n1","dest":"n4","body":{"message":28,"msg_id":40,"type":"broadcast"}}
2025/06/27 19:03:49 Sent {"src":"n1","dest":"c10","body":{"in_reply_to":12,"type":"broadcast_ok"}}
2025/06/27 19:03:49 Sent {"src":"n1","dest":"n0","body":{"message":28,"msg_id":42,"type":"broadcast"}}
2025/06/27 19:03:50 Received {c10 n1 {"type":"broadcast","message":30,"msg_id":13}}
2025/06/27 19:03:50 Sent {"src":"n1","dest":"n4","body":{"message":30,"msg_id":44,"type":"broadcast"}}
2025/06/27 19:03:50 Sent {"src":"n1","dest":"n4","body":{"message":30,"msg_id":45,"type":"broadcast"}}
2025/06/27 19:03:50 Sent {"src":"n1","dest":"n0","body":{"message":30,"msg_id":43,"type":"broadcast"}}
2025/06/27 19:03:50 Sent {"src":"n1","dest":"n2","body":{"message":30,"msg_id":46,"type":"broadcast"}}
2025/06/27 19:03:50 Sent {"src":"n1","dest":"n2","body":{"message":30,"msg_id":47,"type":"broadcast"}}
2025/06/27 19:03:50 Sent {"src":"n1","dest":"c10","body":{"in_reply_to":13,"type":"broadcast_ok"}}
2025/06/27 19:03:50 Sent {"src":"n1","dest":"n0","body":{"message":30,"msg_id":48,"type":"broadcast"}}
2025/06/27 19:03:50 Received {c10 n1 {"type":"broadcast","message":33,"msg_id":14}}
2025/06/27 19:03:50 Sent {"src":"n1","dest":"n0","body":{"message":33,"msg_id":49,"type":"broadcast"}}
2025/06/27 19:03:50 Sent {"src":"n1","dest":"n4","body":{"message":33,"msg_id":50,"type":"broadcast"}}
2025/06/27 19:03:50 Sent {"src":"n1","dest":"n4","body":{"message":33,"msg_id":51,"type":"broadcast"}}
2025/06/27 19:03:50 Sent {"src":"n1","dest":"n2","body":{"message":33,"msg_id":52,"type":"broadcast"}}
2025/06/27 19:03:50 Sent {"src":"n1","dest":"n2","body":{"message":33,"msg_id":53,"type":"broadcast"}}
2025/06/27 19:03:50 Sent {"src":"n1","dest":"c10","body":{"in_reply_to":14,"type":"broadcast_ok"}}
2025/06/27 19:03:50 Sent {"src":"n1","dest":"n0","body":{"message":33,"msg_id":54,"type":"broadcast"}}
2025/06/27 19:03:51 Received {c10 n1 {"type":"read","msg_id":15}}
2025/06/27 19:03:51 Sent {"src":"n1","dest":"c10","body":{"in_reply_to":15,"messages":[2,2,7,7,9,9,12,12,15,15,23,23,28,28,30,30,33,33],"type":"read_ok"}}
2025/06/27 19:03:52 Received {c10 n1 {"type":"broadcast","message":40,"msg_id":16}}
2025/06/27 19:03:52 Sent {"src":"n1","dest":"n0","body":{"message":40,"msg_id":55,"type":"broadcast"}}
2025/06/27 19:03:52 Sent {"src":"n1","dest":"n4","body":{"message":40,"msg_id":56,"type":"broadcast"}}
2025/06/27 19:03:52 Sent {"src":"n1","dest":"n2","body":{"message":40,"msg_id":57,"type":"broadcast"}}
2025/06/27 19:03:52 Sent {"src":"n1","dest":"n2","body":{"message":40,"msg_id":58,"type":"broadcast"}}
2025/06/27 19:03:52 Sent {"src":"n1","dest":"n4","body":{"message":40,"msg_id":59,"type":"broadcast"}}
2025/06/27 19:03:52 Sent {"src":"n1","dest":"c10","body":{"in_reply_to":16,"type":"broadcast_ok"}}
2025/06/27 19:03:52 Sent {"src":"n1","dest":"n0","body":{"message":40,"msg_id":60,"type":"broadcast"}}
2025/06/27 19:03:52 Received {c10 n1 {"type":"read","msg_id":17}}
2025/06/27 19:03:52 Sent {"src":"n1","dest":"c10","body":{"in_reply_to":17,"messages":[2,2,7,7,9,9,12,12,15,15,23,23,28,28,30,30,33,33,40,40],"type":"read_ok"}}
2025/06/27 19:03:53 Received {c10 n1 {"type":"read","msg_id":18}}
2025/06/27 19:03:53 Sent {"src":"n1","dest":"c10","body":{"in_reply_to":18,"messages":[2,2,7,7,9,9,12,12,15,15,23,23,28,28,30,30,33,33,40,40],"type":"read_ok"}}
2025/06/27 19:03:54 Received {c10 n1 {"type":"broadcast","message":45,"msg_id":19}}
2025/06/27 19:03:54 Sent {"src":"n1","dest":"n4","body":{"message":45,"msg_id":62,"type":"broadcast"}}
2025/06/27 19:03:54 Sent {"src":"n1","dest":"n4","body":{"message":45,"msg_id":63,"type":"broadcast"}}
2025/06/27 19:03:54 Sent {"src":"n1","dest":"n0","body":{"message":45,"msg_id":61,"type":"broadcast"}}
2025/06/27 19:03:54 Sent {"src":"n1","dest":"n2","body":{"message":45,"msg_id":64,"type":"broadcast"}}
2025/06/27 19:03:54 Sent {"src":"n1","dest":"n2","body":{"message":45,"msg_id":65,"type":"broadcast"}}
2025/06/27 19:03:54 Sent {"src":"n1","dest":"c10","body":{"in_reply_to":19,"type":"broadcast_ok"}}
2025/06/27 19:03:54 Sent {"src":"n1","dest":"n0","body":{"message":45,"msg_id":66,"type":"broadcast"}}
2025/06/27 19:03:54 Received {c10 n1 {"type":"broadcast","message":49,"msg_id":20}}
2025/06/27 19:03:54 Sent {"src":"n1","dest":"n0","body":{"message":49,"msg_id":67,"type":"broadcast"}}
2025/06/27 19:03:54 Sent {"src":"n1","dest":"n4","body":{"message":49,"msg_id":68,"type":"broadcast"}}
2025/06/27 19:03:54 Sent {"src":"n1","dest":"n4","body":{"message":49,"msg_id":69,"type":"broadcast"}}
2025/06/27 19:03:54 Sent {"src":"n1","dest":"n2","body":{"message":49,"msg_id":70,"type":"broadcast"}}
2025/06/27 19:03:54 Sent {"src":"n1","dest":"n2","body":{"message":49,"msg_id":71,"type":"broadcast"}}
2025/06/27 19:03:54 Sent {"src":"n1","dest":"c10","body":{"in_reply_to":20,"type":"broadcast_ok"}}
2025/06/27 19:03:54 Sent {"src":"n1","dest":"n0","body":{"message":49,"msg_id":72,"type":"broadcast"}}
2025/06/27 19:03:55 Received {c10 n1 {"type":"broadcast","message":52,"msg_id":21}}
2025/06/27 19:03:55 Sent {"src":"n1","dest":"n4","body":{"message":52,"msg_id":74,"type":"broadcast"}}
2025/06/27 19:03:55 Sent {"src":"n1","dest":"n0","body":{"message":52,"msg_id":73,"type":"broadcast"}}
2025/06/27 19:03:55 Sent {"src":"n1","dest":"n4","body":{"message":52,"msg_id":76,"type":"broadcast"}}
2025/06/27 19:03:55 Sent {"src":"n1","dest":"n2","body":{"message":52,"msg_id":75,"type":"broadcast"}}
2025/06/27 19:03:55 Sent {"src":"n1","dest":"n2","body":{"message":52,"msg_id":77,"type":"broadcast"}}
2025/06/27 19:03:55 Sent {"src":"n1","dest":"c10","body":{"in_reply_to":21,"type":"broadcast_ok"}}
2025/06/27 19:03:55 Sent {"src":"n1","dest":"n0","body":{"message":52,"msg_id":78,"type":"broadcast"}}
2025/06/27 19:03:55 Received {c10 n1 {"type":"read","msg_id":22}}
2025/06/27 19:03:55 Sent {"src":"n1","dest":"c10","body":{"in_reply_to":22,"messages":[2,2,7,7,9,9,12,12,15,15,23,23,28,28,30,30,33,33,40,40,45,45,49,49,52,52],"type":"read_ok"}}
2025/06/27 19:03:56 Received {c10 n1 {"type":"read","msg_id":23}}
2025/06/27 19:03:56 Sent {"src":"n1","dest":"c10","body":{"in_reply_to":23,"messages":[2,2,7,7,9,9,12,12,15,15,23,23,28,28,30,30,33,33,40,40,45,45,49,49,52,52],"type":"read_ok"}}
2025/06/27 19:03:57 Received {c10 n1 {"type":"broadcast","message":61,"msg_id":24}}
2025/06/27 19:03:57 Sent {"src":"n1","dest":"n0","body":{"message":61,"msg_id":79,"type":"broadcast"}}
2025/06/27 19:03:57 Sent {"src":"n1","dest":"n4","body":{"message":61,"msg_id":80,"type":"broadcast"}}
2025/06/27 19:03:57 Sent {"src":"n1","dest":"n4","body":{"message":61,"msg_id":81,"type":"broadcast"}}
2025/06/27 19:03:57 Sent {"src":"n1","dest":"n2","body":{"message":61,"msg_id":82,"type":"broadcast"}}
2025/06/27 19:03:57 Sent {"src":"n1","dest":"n2","body":{"message":61,"msg_id":83,"type":"broadcast"}}
2025/06/27 19:03:57 Sent {"src":"n1","dest":"c10","body":{"in_reply_to":24,"type":"broadcast_ok"}}
2025/06/27 19:03:57 Sent {"src":"n1","dest":"n0","body":{"message":61,"msg_id":84,"type":"broadcast"}}
2025/06/27 19:03:57 Received {c10 n1 {"type":"broadcast","message":63,"msg_id":25}}
2025/06/27 19:03:57 Sent {"src":"n1","dest":"n0","body":{"message":63,"msg_id":85,"type":"broadcast"}}
2025/06/27 19:03:57 Sent {"src":"n1","dest":"n4","body":{"message":63,"msg_id":86,"type":"broadcast"}}
2025/06/27 19:03:57 Sent {"src":"n1","dest":"n4","body":{"message":63,"msg_id":88,"type":"broadcast"}}
2025/06/27 19:03:57 Sent {"src":"n1","dest":"n2","body":{"message":63,"msg_id":87,"type":"broadcast"}}
2025/06/27 19:03:57 Sent {"src":"n1","dest":"n2","body":{"message":63,"msg_id":89,"type":"broadcast"}}
2025/06/27 19:03:57 Sent {"src":"n1","dest":"c10","body":{"in_reply_to":25,"type":"broadcast_ok"}}
2025/06/27 19:03:57 Sent {"src":"n1","dest":"n0","body":{"message":63,"msg_id":90,"type":"broadcast"}}
2025/06/27 19:03:58 Received {c10 n1 {"type":"read","msg_id":26}}
2025/06/27 19:03:58 Sent {"src":"n1","dest":"c10","body":{"in_reply_to":26,"messages":[2,2,7,7,9,9,12,12,15,15,23,23,28,28,30,30,33,33,40,40,45,45,49,49,52,52,61,61,63,63],"type":"read_ok"}}
2025/06/27 19:03:58 Received {c10 n1 {"type":"read","msg_id":27}}
2025/06/27 19:03:58 Sent {"src":"n1","dest":"c10","body":{"in_reply_to":27,"messages":[2,2,7,7,9,9,12,12,15,15,23,23,28,28,30,30,33,33,40,40,45,45,49,49,52,52,61,61,63,63],"type":"read_ok"}}
2025/06/27 19:03:59 Received {c10 n1 {"type":"broadcast","message":71,"msg_id":28}}
2025/06/27 19:03:59 Sent {"src":"n1","dest":"n4","body":{"message":71,"msg_id":92,"type":"broadcast"}}
2025/06/27 19:03:59 Sent {"src":"n1","dest":"n0","body":{"message":71,"msg_id":91,"type":"broadcast"}}
2025/06/27 19:03:59 Sent {"src":"n1","dest":"n2","body":{"message":71,"msg_id":93,"type":"broadcast"}}
2025/06/27 19:03:59 Sent {"src":"n1","dest":"n4","body":{"message":71,"msg_id":94,"type":"broadcast"}}
2025/06/27 19:03:59 Sent {"src":"n1","dest":"n2","body":{"message":71,"msg_id":95,"type":"broadcast"}}
2025/06/27 19:03:59 Sent {"src":"n1","dest":"c10","body":{"in_reply_to":28,"type":"broadcast_ok"}}
2025/06/27 19:03:59 Sent {"src":"n1","dest":"n0","body":{"message":71,"msg_id":96,"type":"broadcast"}}
2025/06/27 19:04:00 Received {n2 n1 {"message":74,"msg_id":21,"type":"broadcast"}}
2025/06/27 19:04:00 Received {n2 n1 {"message":74,"msg_id":22,"type":"broadcast"}}
2025/06/27 19:04:00 Sent {"src":"n1","dest":"n0","body":{"message":74,"msg_id":97,"type":"broadcast"}}
2025/06/27 19:04:00 Sent {"src":"n1","dest":"n2","body":{"message":74,"msg_id":98,"type":"broadcast"}}
2025/06/27 19:04:00 Sent {"src":"n1","dest":"n4","body":{"message":74,"msg_id":99,"type":"broadcast"}}
2025/06/27 19:04:00 Sent {"src":"n1","dest":"n4","body":{"message":74,"msg_id":100,"type":"broadcast"}}
2025/06/27 19:04:00 Sent {"src":"n1","dest":"n2","body":{"in_reply_to":21,"type":"broadcast_ok"}}
2025/06/27 19:04:00 Sent {"src":"n1","dest":"n2","body":{"in_reply_to":22,"type":"broadcast_ok"}}
2025/06/27 19:04:00 Sent {"src":"n1","dest":"n2","body":{"message":74,"msg_id":101,"type":"broadcast"}}
2025/06/27 19:04:00 Sent {"src":"n1","dest":"n0","body":{"message":74,"msg_id":102,"type":"broadcast"}}
2025/06/27 19:04:00 Received {n0 n1 {"message":74,"msg_id":193,"type":"broadcast"}}
2025/06/27 19:04:00 Received {n2 n1 {"in_reply_to":98,"type":"broadcast_ok"}}
2025/06/27 19:04:00 Received {n0 n1 {"in_reply_to":97,"type":"broadcast_ok"}}
2025/06/27 19:04:00 Received {n2 n1 {"in_reply_to":101,"type":"broadcast_ok"}}
2025/06/27 19:04:00 Sent {"src":"n1","dest":"n0","body":{"in_reply_to":193,"type":"broadcast_ok"}}
2025/06/27 19:04:00 Received {n0 n1 {"message":74,"msg_id":196,"type":"broadcast"}}
2025/06/27 19:04:00 Received {n4 n1 {"message":74,"msg_id":194,"type":"broadcast"}}
2025/06/27 19:04:00 Received {n0 n1 {"in_reply_to":102,"type":"broadcast_ok"}}
2025/06/27 19:04:00 Received {n4 n1 {"message":74,"msg_id":195,"type":"broadcast"}}
2025/06/27 19:04:00 Received {n4 n1 {"in_reply_to":99,"type":"broadcast_ok"}}
2025/06/27 19:04:00 Received {n4 n1 {"in_reply_to":100,"type":"broadcast_ok"}}
2025/06/27 19:04:00 Sent {"src":"n1","dest":"n0","body":{"in_reply_to":196,"type":"broadcast_ok"}}
2025/06/27 19:04:00 Sent {"src":"n1","dest":"n4","body":{"in_reply_to":194,"type":"broadcast_ok"}}
2025/06/27 19:04:00 Sent {"src":"n1","dest":"n4","body":{"in_reply_to":195,"type":"broadcast_ok"}}
2025/06/27 19:04:00 Received {n4 n1 {"message":75,"msg_id":198,"type":"broadcast"}}
2025/06/27 19:04:00 Received {n4 n1 {"message":75,"msg_id":199,"type":"broadcast"}}
2025/06/27 19:04:00 Sent {"src":"n1","dest":"n0","body":{"message":75,"msg_id":103,"type":"broadcast"}}
2025/06/27 19:04:00 Sent {"src":"n1","dest":"n4","body":{"message":75,"msg_id":104,"type":"broadcast"}}
2025/06/27 19:04:00 Sent {"src":"n1","dest":"n4","body":{"message":75,"msg_id":105,"type":"broadcast"}}
2025/06/27 19:04:00 Sent {"src":"n1","dest":"n2","body":{"message":75,"msg_id":106,"type":"broadcast"}}
2025/06/27 19:04:00 Sent {"src":"n1","dest":"n2","body":{"message":75,"msg_id":107,"type":"broadcast"}}
2025/06/27 19:04:00 Sent {"src":"n1","dest":"n4","body":{"in_reply_to":198,"type":"broadcast_ok"}}
2025/06/27 19:04:00 Sent {"src":"n1","dest":"n0","body":{"message":75,"msg_id":108,"type":"broadcast"}}
2025/06/27 19:04:00 Sent {"src":"n1","dest":"n4","body":{"in_reply_to":199,"type":"broadcast_ok"}}
2025/06/27 19:04:00 Received {n4 n1 {"in_reply_to":104,"type":"broadcast_ok"}}
2025/06/27 19:04:00 Received {n4 n1 {"in_reply_to":105,"type":"broadcast_ok"}}
2025/06/27 19:04:00 Received {n0 n1 {"message":75,"msg_id":197,"type":"broadcast"}}
2025/06/27 19:04:00 Received {n0 n1 {"in_reply_to":103,"type":"broadcast_ok"}}
2025/06/27 19:04:00 Received {n0 n1 {"message":75,"msg_id":200,"type":"broadcast"}}
2025/06/27 19:04:00 Sent {"src":"n1","dest":"n0","body":{"in_reply_to":197,"type":"broadcast_ok"}}
2025/06/27 19:04:00 Sent {"src":"n1","dest":"n0","body":{"in_reply_to":200,"type":"broadcast_ok"}}
2025/06/27 19:04:00 Received {n0 n1 {"in_reply_to":108,"type":"broadcast_ok"}}
2025/06/27 19:04:00 Received {n2 n1 {"message":75,"msg_id":23,"type":"broadcast"}}
2025/06/27 19:04:00 Received {n2 n1 {"message":75,"msg_id":24,"type":"broadcast"}}
2025/06/27 19:04:00 Received {n2 n1 {"in_reply_to":106,"type":"broadcast_ok"}}
2025/06/27 19:04:00 Received {n2 n1 {"in_reply_to":107,"type":"broadcast_ok"}}
2025/06/27 19:04:00 Sent {"src":"n1","dest":"n2","body":{"in_reply_to":23,"type":"broadcast_ok"}}
2025/06/27 19:04:00 Sent {"src":"n1","dest":"n2","body":{"in_reply_to":24,"type":"broadcast_ok"}}
2025/06/27 19:04:00 Received {n0 n1 {"message":76,"msg_id":201,"type":"broadcast"}}
2025/06/27 19:04:00 Sent {"src":"n1","dest":"n0","body":{"message":76,"msg_id":109,"type":"broadcast"}}
2025/06/27 19:04:00 Sent {"src":"n1","dest":"n2","body":{"message":76,"msg_id":111,"type":"broadcast"}}
2025/06/27 19:04:00 Sent {"src":"n1","dest":"n4","body":{"message":76,"msg_id":110,"type":"broadcast"}}
2025/06/27 19:04:00 Received {n0 n1 {"message":76,"msg_id":204,"type":"broadcast"}}
2025/06/27 19:04:00 Sent {"src":"n1","dest":"n4","body":{"message":76,"msg_id":112,"type":"broadcast"}}
2025/06/27 19:04:00 Sent {"src":"n1","dest":"n0","body":{"in_reply_to":201,"type":"broadcast_ok"}}
2025/06/27 19:04:00 Sent {"src":"n1","dest":"n2","body":{"message":76,"msg_id":113,"type":"broadcast"}}
2025/06/27 19:04:00 Sent {"src":"n1","dest":"n0","body":{"message":76,"msg_id":114,"type":"broadcast"}}
2025/06/27 19:04:00 Sent {"src":"n1","dest":"n0","body":{"in_reply_to":204,"type":"broadcast_ok"}}
2025/06/27 19:04:00 Received {n4 n1 {"message":76,"msg_id":202,"type":"broadcast"}}
2025/06/27 19:04:00 Received {n4 n1 {"message":76,"msg_id":203,"type":"broadcast"}}
2025/06/27 19:04:00 Received {n0 n1 {"in_reply_to":109,"type":"broadcast_ok"}}
2025/06/27 19:04:00 Received {n0 n1 {"in_reply_to":114,"type":"broadcast_ok"}}
2025/06/27 19:04:00 Received {n2 n1 {"message":76,"msg_id":25,"type":"broadcast"}}
2025/06/27 19:04:00 Received {n2 n1 {"message":76,"msg_id":26,"type":"broadcast"}}
2025/06/27 19:04:00 Received {n2 n1 {"in_reply_to":111,"type":"broadcast_ok"}}
2025/06/27 19:04:00 Received {n4 n1 {"in_reply_to":110,"type":"broadcast_ok"}}
2025/06/27 19:04:00 Received {n2 n1 {"in_reply_to":113,"type":"broadcast_ok"}}
2025/06/27 19:04:00 Received {n4 n1 {"in_reply_to":112,"type":"broadcast_ok"}}
2025/06/27 19:04:00 Sent {"src":"n1","dest":"n4","body":{"in_reply_to":202,"type":"broadcast_ok"}}
2025/06/27 19:04:00 Sent {"src":"n1","dest":"n4","body":{"in_reply_to":203,"type":"broadcast_ok"}}
2025/06/27 19:04:00 Sent {"src":"n1","dest":"n2","body":{"in_reply_to":25,"type":"broadcast_ok"}}
2025/06/27 19:04:00 Sent {"src":"n1","dest":"n2","body":{"in_reply_to":26,"type":"broadcast_ok"}}
2025/06/27 19:04:00 Received {c10 n1 {"type":"read","msg_id":29}}
2025/06/27 19:04:00 Sent {"src":"n1","dest":"c10","body":{"in_reply_to":29,"messages":[2,2,7,7,9,9,12,12,15,15,23,23,28,28,30,30,33,33,40,40,45,45,49,49,52,52,61,61,63,63,71,71,74,74,75,75,76,76],"type":"read_ok"}}
2025/06/27 19:04:00 Received {n2 n1 {"message":77,"msg_id":27,"type":"broadcast"}}
2025/06/27 19:04:00 Received {n2 n1 {"message":77,"msg_id":28,"type":"broadcast"}}
2025/06/27 19:04:00 Sent {"src":"n1","dest":"n0","body":{"message":77,"msg_id":115,"type":"broadcast"}}
2025/06/27 19:04:00 Sent {"src":"n1","dest":"n4","body":{"message":77,"msg_id":116,"type":"broadcast"}}
2025/06/27 19:04:00 Sent {"src":"n1","dest":"n2","body":{"message":77,"msg_id":117,"type":"broadcast"}}
2025/06/27 19:04:00 Sent {"src":"n1","dest":"n4","body":{"message":77,"msg_id":118,"type":"broadcast"}}
2025/06/27 19:04:00 Sent {"src":"n1","dest":"n2","body":{"message":77,"msg_id":119,"type":"broadcast"}}
2025/06/27 19:04:00 Sent {"src":"n1","dest":"n2","body":{"in_reply_to":27,"type":"broadcast_ok"}}
2025/06/27 19:04:00 Sent {"src":"n1","dest":"n2","body":{"in_reply_to":28,"type":"broadcast_ok"}}
2025/06/27 19:04:00 Sent {"src":"n1","dest":"n0","body":{"message":77,"msg_id":120,"type":"broadcast"}}
2025/06/27 19:04:00 Received {n0 n1 {"message":77,"msg_id":205,"type":"broadcast"}}
2025/06/27 19:04:00 Received {n0 n1 {"in_reply_to":115,"type":"broadcast_ok"}}
2025/06/27 19:04:00 Received {n0 n1 {"message":77,"msg_id":208,"type":"broadcast"}}
2025/06/27 19:04:00 Received {n2 n1 {"in_reply_to":117,"type":"broadcast_ok"}}
2025/06/27 19:04:00 Received {n2 n1 {"in_reply_to":119,"type":"broadcast_ok"}}
2025/06/27 19:04:00 Received {n4 n1 {"message":77,"msg_id":206,"type":"broadcast"}}
2025/06/27 19:04:00 Received {n4 n1 {"message":77,"msg_id":207,"type":"broadcast"}}
2025/06/27 19:04:00 Received {n4 n1 {"in_reply_to":116,"type":"broadcast_ok"}}
2025/06/27 19:04:00 Received {n4 n1 {"in_reply_to":118,"type":"broadcast_ok"}}
2025/06/27 19:04:00 Sent {"src":"n1","dest":"n0","body":{"in_reply_to":205,"type":"broadcast_ok"}}
2025/06/27 19:04:00 Sent {"src":"n1","dest":"n0","body":{"in_reply_to":208,"type":"broadcast_ok"}}
2025/06/27 19:04:00 Sent {"src":"n1","dest":"n4","body":{"in_reply_to":206,"type":"broadcast_ok"}}
2025/06/27 19:04:00 Sent {"src":"n1","dest":"n4","body":{"in_reply_to":207,"type":"broadcast_ok"}}
2025/06/27 19:04:00 Received {n0 n1 {"in_reply_to":120,"type":"broadcast_ok"}}
2025/06/27 19:04:01 Received {n0 n1 {"message":78,"msg_id":209,"type":"broadcast"}}
2025/06/27 19:04:01 Received {n0 n1 {"message":78,"msg_id":212,"type":"broadcast"}}
2025/06/27 19:04:01 Sent {"src":"n1","dest":"n0","body":{"message":78,"msg_id":121,"type":"broadcast"}}
2025/06/27 19:04:01 Sent {"src":"n1","dest":"n4","body":{"message":78,"msg_id":122,"type":"broadcast"}}
2025/06/27 19:04:01 Sent {"src":"n1","dest":"n4","body":{"message":78,"msg_id":123,"type":"broadcast"}}
2025/06/27 19:04:01 Sent {"src":"n1","dest":"n2","body":{"message":78,"msg_id":124,"type":"broadcast"}}
2025/06/27 19:04:01 Sent {"src":"n1","dest":"n2","body":{"message":78,"msg_id":125,"type":"broadcast"}}
2025/06/27 19:04:01 Sent {"src":"n1","dest":"n0","body":{"in_reply_to":209,"type":"broadcast_ok"}}
2025/06/27 19:04:01 Sent {"src":"n1","dest":"n0","body":{"message":78,"msg_id":126,"type":"broadcast"}}
2025/06/27 19:04:01 Sent {"src":"n1","dest":"n0","body":{"in_reply_to":212,"type":"broadcast_ok"}}
2025/06/27 19:04:01 Received {n4 n1 {"message":78,"msg_id":210,"type":"broadcast"}}
2025/06/27 19:04:01 Received {n4 n1 {"message":78,"msg_id":211,"type":"broadcast"}}
2025/06/27 19:04:01 Received {n4 n1 {"in_reply_to":122,"type":"broadcast_ok"}}
2025/06/27 19:04:01 Received {n0 n1 {"in_reply_to":121,"type":"broadcast_ok"}}
2025/06/27 19:04:01 Received {n4 n1 {"in_reply_to":123,"type":"broadcast_ok"}}
2025/06/27 19:04:01 Received {n0 n1 {"in_reply_to":126,"type":"broadcast_ok"}}
2025/06/27 19:04:01 Received {n2 n1 {"message":78,"msg_id":29,"type":"broadcast"}}
2025/06/27 19:04:01 Received {n2 n1 {"message":78,"msg_id":30,"type":"broadcast"}}
2025/06/27 19:04:01 Received {n2 n1 {"in_reply_to":124,"type":"broadcast_ok"}}
2025/06/27 19:04:01 Received {n2 n1 {"in_reply_to":125,"type":"broadcast_ok"}}
2025/06/27 19:04:01 Sent {"src":"n1","dest":"n4","body":{"in_reply_to":210,"type":"broadcast_ok"}}
2025/06/27 19:04:01 Sent {"src":"n1","dest":"n4","body":{"in_reply_to":211,"type":"broadcast_ok"}}
2025/06/27 19:04:01 Sent {"src":"n1","dest":"n2","body":{"in_reply_to":29,"type":"broadcast_ok"}}
2025/06/27 19:04:01 Sent {"src":"n1","dest":"n2","body":{"in_reply_to":30,"type":"broadcast_ok"}}
2025/06/27 19:04:01 Received {c10 n1 {"type":"read","msg_id":30}}
2025/06/27 19:04:01 Sent {"src":"n1","dest":"c10","body":{"in_reply_to":30,"messages":[2,2,7,7,9,9,12,12,15,15,23,23,28,28,30,30,33,33,40,40,45,45,49,49,52,52,61,61,63,63,71,71,74,74,75,75,76,76,77,77,78,78],"type":"read_ok"}}
2025/06/27 19:04:01 Received {n2 n1 {"message":79,"msg_id":31,"type":"broadcast"}}
2025/06/27 19:04:01 Received {n2 n1 {"message":79,"msg_id":32,"type":"broadcast"}}
2025/06/27 19:04:01 Sent {"src":"n1","dest":"n0","body":{"message":79,"msg_id":127,"type":"broadcast"}}
2025/06/27 19:04:01 Sent {"src":"n1","dest":"n4","body":{"message":79,"msg_id":128,"type":"broadcast"}}
2025/06/27 19:04:01 Sent {"src":"n1","dest":"n2","body":{"message":79,"msg_id":129,"type":"broadcast"}}
2025/06/27 19:04:01 Sent {"src":"n1","dest":"n2","body":{"message":79,"msg_id":131,"type":"broadcast"}}
2025/06/27 19:04:01 Sent {"src":"n1","dest":"n4","body":{"message":79,"msg_id":130,"type":"broadcast"}}
2025/06/27 19:04:01 Sent {"src":"n1","dest":"n2","body":{"in_reply_to":31,"type":"broadcast_ok"}}
2025/06/27 19:04:01 Sent {"src":"n1","dest":"n2","body":{"in_reply_to":32,"type":"broadcast_ok"}}
2025/06/27 19:04:01 Sent {"src":"n1","dest":"n0","body":{"message":79,"msg_id":132,"type":"broadcast"}}
2025/06/27 19:04:01 Received {n0 n1 {"message":79,"msg_id":213,"type":"broadcast"}}
2025/06/27 19:04:01 Received {n0 n1 {"in_reply_to":127,"type":"broadcast_ok"}}
2025/06/27 19:04:01 Received {n0 n1 {"message":79,"msg_id":216,"type":"broadcast"}}
2025/06/27 19:04:01 Sent {"src":"n1","dest":"n0","body":{"in_reply_to":213,"type":"broadcast_ok"}}
2025/06/27 19:04:01 Sent {"src":"n1","dest":"n0","body":{"in_reply_to":216,"type":"broadcast_ok"}}
2025/06/27 19:04:01 Received {n4 n1 {"message":79,"msg_id":214,"type":"broadcast"}}
2025/06/27 19:04:01 Received {n4 n1 {"message":79,"msg_id":215,"type":"broadcast"}}
2025/06/27 19:04:01 Received {n2 n1 {"in_reply_to":129,"type":"broadcast_ok"}}
2025/06/27 19:04:01 Received {n4 n1 {"in_reply_to":128,"type":"broadcast_ok"}}
2025/06/27 19:04:01 Received {n2 n1 {"in_reply_to":131,"type":"broadcast_ok"}}
2025/06/27 19:04:01 Sent {"src":"n1","dest":"n4","body":{"in_reply_to":214,"type":"broadcast_ok"}}
2025/06/27 19:04:01 Sent {"src":"n1","dest":"n4","body":{"in_reply_to":215,"type":"broadcast_ok"}}
2025/06/27 19:04:01 Received {n4 n1 {"in_reply_to":130,"type":"broadcast_ok"}}
2025/06/27 19:04:01 Received {n0 n1 {"in_reply_to":132,"type":"broadcast_ok"}}
2025/06/27 19:04:01 Received {n4 n1 {"message":80,"msg_id":218,"type":"broadcast"}}
2025/06/27 19:04:01 Received {n0 n1 {"message":80,"msg_id":217,"type":"broadcast"}}
2025/06/27 19:04:01 Received {n4 n1 {"message":80,"msg_id":219,"type":"broadcast"}}
2025/06/27 19:04:01 Sent {"src":"n1","dest":"n0","body":{"message":80,"msg_id":133,"type":"broadcast"}}
2025/06/27 19:04:01 Sent {"src":"n1","dest":"n4","body":{"message":80,"msg_id":134,"type":"broadcast"}}
2025/06/27 19:04:01 Sent {"src":"n1","dest":"n4","body":{"message":80,"msg_id":135,"type":"broadcast"}}
2025/06/27 19:04:01 Sent {"src":"n1","dest":"n2","body":{"message":80,"msg_id":136,"type":"broadcast"}}
2025/06/27 19:04:01 Sent {"src":"n1","dest":"n2","body":{"message":80,"msg_id":137,"type":"broadcast"}}
2025/06/27 19:04:01 Sent {"src":"n1","dest":"n4","body":{"in_reply_to":218,"type":"broadcast_ok"}}
2025/06/27 19:04:01 Sent {"src":"n1","dest":"n0","body":{"message":80,"msg_id":138,"type":"broadcast"}}
2025/06/27 19:04:01 Sent {"src":"n1","dest":"n0","body":{"in_reply_to":217,"type":"broadcast_ok"}}
2025/06/27 19:04:01 Sent {"src":"n1","dest":"n4","body":{"in_reply_to":219,"type":"broadcast_ok"}}
2025/06/27 19:04:01 Received {n0 n1 {"message":80,"msg_id":219,"type":"broadcast"}}
2025/06/27 19:04:01 Sent {"src":"n1","dest":"n0","body":{"in_reply_to":219,"type":"broadcast_ok"}}
2025/06/27 19:04:01 Received {n0 n1 {"in_reply_to":133,"type":"broadcast_ok"}}
2025/06/27 19:04:01 Received {n4 n1 {"in_reply_to":134,"type":"broadcast_ok"}}
2025/06/27 19:04:01 Received {n4 n1 {"in_reply_to":135,"type":"broadcast_ok"}}
2025/06/27 19:04:01 Received {n2 n1 {"message":80,"msg_id":33,"type":"broadcast"}}
2025/06/27 19:04:01 Received {n2 n1 {"message":80,"msg_id":34,"type":"broadcast"}}
2025/06/27 19:04:01 Received {n0 n1 {"in_reply_to":138,"type":"broadcast_ok"}}
2025/06/27 19:04:01 Received {n2 n1 {"in_reply_to":136,"type":"broadcast_ok"}}
2025/06/27 19:04:01 Received {n2 n1 {"in_reply_to":137,"type":"broadcast_ok"}}
2025/06/27 19:04:01 Sent {"src":"n1","dest":"n2","body":{"in_reply_to":33,"type":"broadcast_ok"}}
2025/06/27 19:04:01 Sent {"src":"n1","dest":"n2","body":{"in_reply_to":34,"type":"broadcast_ok"}}
2025/06/27 19:04:01 Received {n0 n1 {"message":81,"msg_id":221,"type":"broadcast"}}
2025/06/27 19:04:01 Sent {"src":"n1","dest":"n0","body":{"message":81,"msg_id":139,"type":"broadcast"}}
2025/06/27 19:04:01 Sent {"src":"n1","dest":"n4","body":{"message":81,"msg_id":140,"type":"broadcast"}}
2025/06/27 19:04:01 Sent {"src":"n1","dest":"n4","body":{"message":81,"msg_id":141,"type":"broadcast"}}
2025/06/27 19:04:01 Sent {"src":"n1","dest":"n2","body":{"message":81,"msg_id":142,"type":"broadcast"}}
2025/06/27 19:04:01 Received {n0 n1 {"message":81,"msg_id":224,"type":"broadcast"}}
2025/06/27 19:04:01 Sent {"src":"n1","dest":"n2","body":{"message":81,"msg_id":143,"type":"broadcast"}}
2025/06/27 19:04:01 Sent {"src":"n1","dest":"n0","body":{"in_reply_to":221,"type":"broadcast_ok"}}
2025/06/27 19:04:01 Sent {"src":"n1","dest":"n0","body":{"message":81,"msg_id":144,"type":"broadcast"}}
2025/06/27 19:04:01 Sent {"src":"n1","dest":"n0","body":{"in_reply_to":224,"type":"broadcast_ok"}}
2025/06/27 19:04:01 Received {n4 n1 {"message":81,"msg_id":222,"type":"broadcast"}}
2025/06/27 19:04:01 Received {n4 n1 {"message":81,"msg_id":223,"type":"broadcast"}}
2025/06/27 19:04:01 Received {n0 n1 {"in_reply_to":139,"type":"broadcast_ok"}}
2025/06/27 19:04:01 Sent {"src":"n1","dest":"n4","body":{"in_reply_to":222,"type":"broadcast_ok"}}
2025/06/27 19:04:01 Sent {"src":"n1","dest":"n4","body":{"in_reply_to":223,"type":"broadcast_ok"}}
2025/06/27 19:04:01 Received {n4 n1 {"in_reply_to":140,"type":"broadcast_ok"}}
2025/06/27 19:04:01 Received {n0 n1 {"in_reply_to":144,"type":"broadcast_ok"}}
2025/06/27 19:04:01 Received {n4 n1 {"in_reply_to":141,"type":"broadcast_ok"}}
2025/06/27 19:04:01 Received {n2 n1 {"message":81,"msg_id":35,"type":"broadcast"}}
2025/06/27 19:04:01 Received {n2 n1 {"message":81,"msg_id":36,"type":"broadcast"}}
2025/06/27 19:04:01 Received {n2 n1 {"in_reply_to":142,"type":"broadcast_ok"}}
2025/06/27 19:04:01 Sent {"src":"n1","dest":"n2","body":{"in_reply_to":35,"type":"broadcast_ok"}}
2025/06/27 19:04:01 Received {n2 n1 {"in_reply_to":143,"type":"broadcast_ok"}}
2025/06/27 19:04:01 Sent {"src":"n1","dest":"n2","body":{"in_reply_to":36,"type":"broadcast_ok"}}
2025/06/27 19:04:01 Received {n0 n1 {"message":82,"msg_id":226,"type":"broadcast"}}
2025/06/27 19:04:01 Received {n0 n1 {"message":82,"msg_id":228,"type":"broadcast"}}
2025/06/27 19:04:01 Sent {"src":"n1","dest":"n0","body":{"message":82,"msg_id":145,"type":"broadcast"}}
2025/06/27 19:04:01 Sent {"src":"n1","dest":"n4","body":{"message":82,"msg_id":146,"type":"broadcast"}}
2025/06/27 19:04:01 Sent {"src":"n1","dest":"n4","body":{"message":82,"msg_id":147,"type":"broadcast"}}
2025/06/27 19:04:01 Sent {"src":"n1","dest":"n2","body":{"message":82,"msg_id":148,"type":"broadcast"}}
2025/06/27 19:04:01 Sent {"src":"n1","dest":"n2","body":{"message":82,"msg_id":149,"type":"broadcast"}}
2025/06/27 19:04:01 Sent {"src":"n1","dest":"n0","body":{"in_reply_to":226,"type":"broadcast_ok"}}
2025/06/27 19:04:01 Sent {"src":"n1","dest":"n0","body":{"message":82,"msg_id":150,"type":"broadcast"}}
2025/06/27 19:04:01 Sent {"src":"n1","dest":"n0","body":{"in_reply_to":228,"type":"broadcast_ok"}}
2025/06/27 19:04:01 Received {n0 n1 {"in_reply_to":145,"type":"broadcast_ok"}}
2025/06/27 19:04:01 Received {n4 n1 {"message":82,"msg_id":226,"type":"broadcast"}}
2025/06/27 19:04:01 Received {n4 n1 {"message":82,"msg_id":227,"type":"broadcast"}}
2025/06/27 19:04:01 Sent {"src":"n1","dest":"n4","body":{"in_reply_to":226,"type":"broadcast_ok"}}
2025/06/27 19:04:01 Sent {"src":"n1","dest":"n4","body":{"in_reply_to":227,"type":"broadcast_ok"}}
2025/06/27 19:04:01 Received {n4 n1 {"in_reply_to":146,"type":"broadcast_ok"}}
2025/06/27 19:04:01 Received {n4 n1 {"in_reply_to":147,"type":"broadcast_ok"}}
2025/06/27 19:04:01 Received {n2 n1 {"message":82,"msg_id":37,"type":"broadcast"}}
2025/06/27 19:04:01 Received {n2 n1 {"message":82,"msg_id":38,"type":"broadcast"}}
2025/06/27 19:04:01 Sent {"src":"n1","dest":"n2","body":{"in_reply_to":37,"type":"broadcast_ok"}}
2025/06/27 19:04:01 Sent {"src":"n1","dest":"n2","body":{"in_reply_to":38,"type":"broadcast_ok"}}
2025/06/27 19:04:01 Received {n2 n1 {"in_reply_to":148,"type":"broadcast_ok"}}
2025/06/27 19:04:01 Received {n2 n1 {"in_reply_to":149,"type":"broadcast_ok"}}
2025/06/27 19:04:01 Received {n0 n1 {"in_reply_to":150,"type":"broadcast_ok"}}
2025/06/27 19:04:01 Received {c10 n1 {"type":"broadcast","message":83,"msg_id":31}}
2025/06/27 19:04:01 Sent {"src":"n1","dest":"n0","body":{"message":83,"msg_id":151,"type":"broadcast"}}
2025/06/27 19:04:01 Sent {"src":"n1","dest":"n4","body":{"message":83,"msg_id":152,"type":"broadcast"}}
2025/06/27 19:04:01 Sent {"src":"n1","dest":"n4","body":{"message":83,"msg_id":153,"type":"broadcast"}}
2025/06/27 19:04:01 Sent {"src":"n1","dest":"n2","body":{"message":83,"msg_id":154,"type":"broadcast"}}
2025/06/27 19:04:01 Sent {"src":"n1","dest":"n2","body":{"message":83,"msg_id":155,"type":"broadcast"}}
2025/06/27 19:04:01 Sent {"src":"n1","dest":"c10","body":{"in_reply_to":31,"type":"broadcast_ok"}}
2025/06/27 19:04:01 Sent {"src":"n1","dest":"n0","body":{"message":83,"msg_id":156,"type":"broadcast"}}
2025/06/27 19:04:01 Received {n0 n1 {"message":83,"msg_id":229,"type":"broadcast"}}
2025/06/27 19:04:01 Received {n4 n1 {"message":83,"msg_id":230,"type":"broadcast"}}
2025/06/27 19:04:01 Sent {"src":"n1","dest":"n0","body":{"in_reply_to":229,"type":"broadcast_ok"}}
2025/06/27 19:04:01 Sent {"src":"n1","dest":"n4","body":{"in_reply_to":230,"type":"broadcast_ok"}}
2025/06/27 19:04:01 Received {n4 n1 {"message":83,"msg_id":231,"type":"broadcast"}}
2025/06/27 19:04:01 Sent {"src":"n1","dest":"n4","body":{"in_reply_to":231,"type":"broadcast_ok"}}
2025/06/27 19:04:01 Received {n4 n1 {"in_reply_to":152,"type":"broadcast_ok"}}
2025/06/27 19:04:01 Received {n4 n1 {"in_reply_to":153,"type":"broadcast_ok"}}
2025/06/27 19:04:01 Received {n0 n1 {"in_reply_to":151,"type":"broadcast_ok"}}
2025/06/27 19:04:01 Received {n0 n1 {"in_reply_to":156,"type":"broadcast_ok"}}
2025/06/27 19:04:01 Received {n0 n1 {"message":83,"msg_id":232,"type":"broadcast"}}
2025/06/27 19:04:01 Received {n2 n1 {"message":83,"msg_id":39,"type":"broadcast"}}
2025/06/27 19:04:01 Sent {"src":"n1","dest":"n0","body":{"in_reply_to":232,"type":"broadcast_ok"}}
2025/06/27 19:04:01 Sent {"src":"n1","dest":"n2","body":{"in_reply_to":39,"type":"broadcast_ok"}}
2025/06/27 19:04:01 Received {n2 n1 {"message":83,"msg_id":40,"type":"broadcast"}}
2025/06/27 19:04:01 Received {n2 n1 {"in_reply_to":155,"type":"broadcast_ok"}}
2025/06/27 19:04:01 Sent {"src":"n1","dest":"n2","body":{"in_reply_to":40,"type":"broadcast_ok"}}
2025/06/27 19:04:01 Received {n2 n1 {"in_reply_to":154,"type":"broadcast_ok"}}
2025/06/27 19:04:01 Received {n2 n1 {"message":84,"msg_id":41,"type":"broadcast"}}
2025/06/27 19:04:01 Received {n2 n1 {"message":84,"msg_id":42,"type":"broadcast"}}
2025/06/27 19:04:01 Sent {"src":"n1","dest":"n0","body":{"message":84,"msg_id":157,"type":"broadcast"}}
2025/06/27 19:04:01 Sent {"src":"n1","dest":"n4","body":{"message":84,"msg_id":158,"type":"broadcast"}}
2025/06/27 19:04:01 Sent {"src":"n1","dest":"n2","body":{"message":84,"msg_id":159,"type":"broadcast"}}
2025/06/27 19:04:01 Sent {"src":"n1","dest":"n4","body":{"message":84,"msg_id":160,"type":"broadcast"}}
2025/06/27 19:04:01 Sent {"src":"n1","dest":"n2","body":{"in_reply_to":41,"type":"broadcast_ok"}}
2025/06/27 19:04:01 Sent {"src":"n1","dest":"n2","body":{"in_reply_to":42,"type":"broadcast_ok"}}
2025/06/27 19:04:01 Sent {"src":"n1","dest":"n2","body":{"message":84,"msg_id":161,"type":"broadcast"}}
2025/06/27 19:04:01 Sent {"src":"n1","dest":"n0","body":{"message":84,"msg_id":162,"type":"broadcast"}}
2025/06/27 19:04:01 Received {n0 n1 {"message":84,"msg_id":233,"type":"broadcast"}}
2025/06/27 19:04:01 Received {n0 n1 {"in_reply_to":157,"type":"broadcast_ok"}}
2025/06/27 19:04:01 Received {n0 n1 {"message":84,"msg_id":236,"type":"broadcast"}}
2025/06/27 19:04:01 Received {n4 n1 {"message":84,"msg_id":234,"type":"broadcast"}}
2025/06/27 19:04:01 Received {n4 n1 {"message":84,"msg_id":235,"type":"broadcast"}}
2025/06/27 19:04:01 Received {n4 n1 {"in_reply_to":158,"type":"broadcast_ok"}}
2025/06/27 19:04:01 Received {n4 n1 {"in_reply_to":160,"type":"broadcast_ok"}}
2025/06/27 19:04:01 Received {n2 n1 {"in_reply_to":159,"type":"broadcast_ok"}}
2025/06/27 19:04:01 Received {n2 n1 {"in_reply_to":161,"type":"broadcast_ok"}}
2025/06/27 19:04:01 Sent {"src":"n1","dest":"n4","body":{"in_reply_to":234,"type":"broadcast_ok"}}
2025/06/27 19:04:01 Sent {"src":"n1","dest":"n0","body":{"in_reply_to":233,"type":"broadcast_ok"}}
2025/06/27 19:04:01 Sent {"src":"n1","dest":"n0","body":{"in_reply_to":236,"type":"broadcast_ok"}}
2025/06/27 19:04:01 Sent {"src":"n1","dest":"n4","body":{"in_reply_to":235,"type":"broadcast_ok"}}
2025/06/27 19:04:01 Received {n0 n1 {"in_reply_to":162,"type":"broadcast_ok"}}
2025/06/27 19:04:02 Received {n4 n1 {"message":85,"msg_id":238,"type":"broadcast"}}
2025/06/27 19:04:02 Received {n4 n1 {"message":85,"msg_id":239,"type":"broadcast"}}
2025/06/27 19:04:02 Sent {"src":"n1","dest":"n0","body":{"message":85,"msg_id":163,"type":"broadcast"}}
2025/06/27 19:04:02 Sent {"src":"n1","dest":"n4","body":{"message":85,"msg_id":164,"type":"broadcast"}}
2025/06/27 19:04:02 Sent {"src":"n1","dest":"n4","body":{"message":85,"msg_id":166,"type":"broadcast"}}
2025/06/27 19:04:02 Sent {"src":"n1","dest":"n2","body":{"message":85,"msg_id":165,"type":"broadcast"}}
2025/06/27 19:04:02 Sent {"src":"n1","dest":"n2","body":{"message":85,"msg_id":167,"type":"broadcast"}}
2025/06/27 19:04:02 Sent {"src":"n1","dest":"n4","body":{"in_reply_to":238,"type":"broadcast_ok"}}
2025/06/27 19:04:02 Sent {"src":"n1","dest":"n4","body":{"in_reply_to":239,"type":"broadcast_ok"}}
2025/06/27 19:04:02 Sent {"src":"n1","dest":"n0","body":{"message":85,"msg_id":168,"type":"broadcast"}}
2025/06/27 19:04:02 Received {n0 n1 {"message":85,"msg_id":237,"type":"broadcast"}}
2025/06/27 19:04:02 Received {n0 n1 {"message":85,"msg_id":240,"type":"broadcast"}}
2025/06/27 19:04:02 Received {n0 n1 {"in_reply_to":163,"type":"broadcast_ok"}}
2025/06/27 19:04:02 Sent {"src":"n1","dest":"n0","body":{"in_reply_to":237,"type":"broadcast_ok"}}
2025/06/27 19:04:02 Sent {"src":"n1","dest":"n0","body":{"in_reply_to":240,"type":"broadcast_ok"}}
2025/06/27 19:04:02 Received {n4 n1 {"in_reply_to":164,"type":"broadcast_ok"}}
2025/06/27 19:04:02 Received {n4 n1 {"in_reply_to":166,"type":"broadcast_ok"}}
2025/06/27 19:04:02 Received {n2 n1 {"message":85,"msg_id":43,"type":"broadcast"}}
2025/06/27 19:04:02 Received {n2 n1 {"message":85,"msg_id":44,"type":"broadcast"}}
2025/06/27 19:04:02 Received {n2 n1 {"in_reply_to":165,"type":"broadcast_ok"}}
2025/06/27 19:04:02 Received {n2 n1 {"in_reply_to":167,"type":"broadcast_ok"}}
2025/06/27 19:04:02 Received {n0 n1 {"in_reply_to":168,"type":"broadcast_ok"}}
2025/06/27 19:04:02 Sent {"src":"n1","dest":"n2","body":{"in_reply_to":43,"type":"broadcast_ok"}}
2025/06/27 19:04:02 Sent {"src":"n1","dest":"n2","body":{"in_reply_to":44,"type":"broadcast_ok"}}
2025/06/27 19:04:02 Received {n0 n1 {"message":86,"msg_id":241,"type":"broadcast"}}
2025/06/27 19:04:02 Sent {"src":"n1","dest":"n4","body":{"message":86,"msg_id":169,"type":"broadcast"}}
2025/06/27 19:04:02 Received {n0 n1 {"message":86,"msg_id":244,"type":"broadcast"}}
2025/06/27 19:04:02 Sent {"src":"n1","dest":"n4","body":{"message":86,"msg_id":170,"type":"broadcast"}}
2025/06/27 19:04:02 Sent {"src":"n1","dest":"n2","body":{"message":86,"msg_id":171,"type":"broadcast"}}
2025/06/27 19:04:02 Sent {"src":"n1","dest":"n2","body":{"message":86,"msg_id":173,"type":"broadcast"}}
2025/06/27 19:04:02 Sent {"src":"n1","dest":"n0","body":{"message":86,"msg_id":172,"type":"broadcast"}}
2025/06/27 19:04:02 Sent {"src":"n1","dest":"n0","body":{"message":86,"msg_id":174,"type":"broadcast"}}
2025/06/27 19:04:02 Sent {"src":"n1","dest":"n0","body":{"in_reply_to":241,"type":"broadcast_ok"}}
2025/06/27 19:04:02 Sent {"src":"n1","dest":"n0","body":{"in_reply_to":244,"type":"broadcast_ok"}}
2025/06/27 19:04:02 Received {n0 n1 {"in_reply_to":172,"type":"broadcast_ok"}}
2025/06/27 19:04:02 Received {n4 n1 {"message":86,"msg_id":242,"type":"broadcast"}}
2025/06/27 19:04:02 Sent {"src":"n1","dest":"n4","body":{"in_reply_to":242,"type":"broadcast_ok"}}
2025/06/27 19:04:02 Received {n0 n1 {"in_reply_to":174,"type":"broadcast_ok"}}
2025/06/27 19:04:02 Received {n4 n1 {"message":86,"msg_id":243,"type":"broadcast"}}
2025/06/27 19:04:02 Received {n4 n1 {"in_reply_to":169,"type":"broadcast_ok"}}
2025/06/27 19:04:02 Received {n2 n1 {"message":86,"msg_id":45,"type":"broadcast"}}
2025/06/27 19:04:02 Received {n2 n1 {"message":86,"msg_id":46,"type":"broadcast"}}
2025/06/27 19:04:02 Sent {"src":"n1","dest":"n4","body":{"in_reply_to":243,"type":"broadcast_ok"}}
2025/06/27 19:04:02 Received {n4 n1 {"in_reply_to":170,"type":"broadcast_ok"}}
2025/06/27 19:04:02 Sent {"src":"n1","dest":"n2","body":{"in_reply_to":46,"type":"broadcast_ok"}}
2025/06/27 19:04:02 Sent {"src":"n1","dest":"n2","body":{"in_reply_to":45,"type":"broadcast_ok"}}
2025/06/27 19:04:02 Received {n2 n1 {"in_reply_to":171,"type":"broadcast_ok"}}
2025/06/27 19:04:02 Received {n2 n1 {"in_reply_to":173,"type":"broadcast_ok"}}
2025/06/27 19:04:02 Received {c10 n1 {"type":"broadcast","message":87,"msg_id":32}}
2025/06/27 19:04:02 Sent {"src":"n1","dest":"n0","body":{"message":87,"msg_id":175,"type":"broadcast"}}
2025/06/27 19:04:02 Sent {"src":"n1","dest":"n4","body":{"message":87,"msg_id":176,"type":"broadcast"}}
2025/06/27 19:04:02 Sent {"src":"n1","dest":"n2","body":{"message":87,"msg_id":177,"type":"broadcast"}}
2025/06/27 19:04:02 Sent {"src":"n1","dest":"n4","body":{"message":87,"msg_id":178,"type":"broadcast"}}
2025/06/27 19:04:02 Sent {"src":"n1","dest":"n2","body":{"message":87,"msg_id":179,"type":"broadcast"}}
2025/06/27 19:04:02 Sent {"src":"n1","dest":"c10","body":{"in_reply_to":32,"type":"broadcast_ok"}}
2025/06/27 19:04:02 Sent {"src":"n1","dest":"n0","body":{"message":87,"msg_id":180,"type":"broadcast"}}
2025/06/27 19:04:02 Received {n0 n1 {"message":87,"msg_id":245,"type":"broadcast"}}
2025/06/27 19:04:02 Received {n0 n1 {"in_reply_to":175,"type":"broadcast_ok"}}
2025/06/27 19:04:02 Received {n0 n1 {"message":87,"msg_id":248,"type":"broadcast"}}
2025/06/27 19:04:02 Received {n2 n1 {"message":87,"msg_id":47,"type":"broadcast"}}
2025/06/27 19:04:02 Received {n2 n1 {"message":87,"msg_id":48,"type":"broadcast"}}
2025/06/27 19:04:02 Sent {"src":"n1","dest":"n0","body":{"in_reply_to":245,"type":"broadcast_ok"}}
2025/06/27 19:04:02 Received {n4 n1 {"message":87,"msg_id":246,"type":"broadcast"}}
2025/06/27 19:04:02 Received {n2 n1 {"in_reply_to":177,"type":"broadcast_ok"}}
2025/06/27 19:04:02 Received {n4 n1 {"message":87,"msg_id":247,"type":"broadcast"}}
2025/06/27 19:04:02 Received {n0 n1 {"in_reply_to":180,"type":"broadcast_ok"}}
2025/06/27 19:04:02 Sent {"src":"n1","dest":"n2","body":{"in_reply_to":47,"type":"broadcast_ok"}}
2025/06/27 19:04:02 Received {n4 n1 {"in_reply_to":176,"type":"broadcast_ok"}}
2025/06/27 19:04:02 Sent {"src":"n1","dest":"n2","body":{"in_reply_to":48,"type":"broadcast_ok"}}
2025/06/27 19:04:02 Sent {"src":"n1","dest":"n4","body":{"in_reply_to":246,"type":"broadcast_ok"}}
2025/06/27 19:04:02 Sent {"src":"n1","dest":"n4","body":{"in_reply_to":247,"type":"broadcast_ok"}}
2025/06/27 19:04:02 Sent {"src":"n1","dest":"n0","body":{"in_reply_to":248,"type":"broadcast_ok"}}
2025/06/27 19:04:02 Received {n4 n1 {"in_reply_to":178,"type":"broadcast_ok"}}
2025/06/27 19:04:02 Received {n2 n1 {"in_reply_to":179,"type":"broadcast_ok"}}
2025/06/27 19:04:12 Received {c10 n1 {"type":"read","msg_id":33}}
2025/06/27 19:04:12 Sent {"src":"n1","dest":"c10","body":{"in_reply_to":33,"messages":[2,2,7,7,9,9,12,12,15,15,23,23,28,28,30,30,33,33,40,40,45,45,49,49,52,52,61,61,63,63,71,71,74,74,75,75,76,76,77,77,78,78,79,79,80,80,81,81,82,82,83,83,84,84,85,85,86,86,87,87],"type":"read_ok"}}
