2025/06/27 19:03:42 Received {c3 n2 {"type":"init","node_id":"n2","node_ids":["n0","n1","n2","n3","n4"],"msg_id":1}}
2025/06/27 19:03:42 Node n2 initialized
2025/06/27 19:03:42 Sent {"src":"n2","dest":"c3","body":{"in_reply_to":1,"type":"init_ok"}}
2025/06/27 19:03:42 Received {c7 n2 {"type":"topology","topology":{"n0":["n3","n1"],"n1":["n4","n2","n0"],"n2":["n1"],"n3":["n0","n4"],"n4":["n1","n3"]},"msg_id":1}}
2025/06/27 19:03:42 Sent {"src":"n2","dest":"c7","body":{"in_reply_to":1,"type":"topology_ok"}}
2025/06/27 19:03:42 Received {c11 n2 {"type":"read","msg_id":1}}
2025/06/27 19:03:42 Sent {"src":"n2","dest":"c11","body":{"in_reply_to":1,"messages":[],"type":"read_ok"}}
2025/06/27 19:03:43 Received {c11 n2 {"type":"broadcast","message":3,"msg_id":2}}
2025/06/27 19:03:43 Sent {"src":"n2","dest":"n1","body":{"message":3,"msg_id":1,"type":"broadcast"}}
2025/06/27 19:03:43 Sent {"src":"n2","dest":"n1","body":{"message":3,"msg_id":2,"type":"broadcast"}}
2025/06/27 19:03:43 Sent {"src":"n2","dest":"c11","body":{"in_reply_to":2,"type":"broadcast_ok"}}
2025/06/27 19:03:44 Received {c11 n2 {"type":"read","msg_id":3}}
2025/06/27 19:03:44 Sent {"src":"n2","dest":"c11","body":{"in_reply_to":3,"messages":[3,3],"type":"read_ok"}}
2025/06/27 19:03:44 Received {c11 n2 {"type":"read","msg_id":4}}
2025/06/27 19:03:44 Sent {"src":"n2","dest":"c11","body":{"in_reply_to":4,"messages":[3,3],"type":"read_ok"}}
2025/06/27 19:03:45 Received {c11 n2 {"type":"read","msg_id":5}}
2025/06/27 19:03:45 Sent {"src":"n2","dest":"c11","body":{"in_reply_to":5,"messages":[3,3],"type":"read_ok"}}
2025/06/27 19:03:46 Received {c11 n2 {"type":"broadcast","message":13,"msg_id":6}}
2025/06/27 19:03:46 Sent {"src":"n2","dest":"n1","body":{"message":13,"msg_id":3,"type":"broadcast"}}
2025/06/27 19:03:46 Sent {"src":"n2","dest":"n1","body":{"message":13,"msg_id":4,"type":"broadcast"}}
2025/06/27 19:03:46 Sent {"src":"n2","dest":"c11","body":{"in_reply_to":6,"type":"broadcast_ok"}}
2025/06/27 19:03:46 Received {c11 n2 {"type":"read","msg_id":7}}
2025/06/27 19:03:46 Sent {"src":"n2","dest":"c11","body":{"in_reply_to":7,"messages":[3,3,13,13],"type":"read_ok"}}
2025/06/27 19:03:47 Received {c11 n2 {"type":"read","msg_id":8}}
2025/06/27 19:03:47 Sent {"src":"n2","dest":"c11","body":{"in_reply_to":8,"messages":[3,3,13,13],"type":"read_ok"}}
2025/06/27 19:03:48 Received {c11 n2 {"type":"read","msg_id":9}}
2025/06/27 19:03:48 Sent {"src":"n2","dest":"c11","body":{"in_reply_to":9,"messages":[3,3,13,13],"type":"read_ok"}}
2025/06/27 19:03:48 Received {c11 n2 {"type":"broadcast","message":24,"msg_id":10}}
2025/06/27 19:03:48 Sent {"src":"n2","dest":"n1","body":{"message":24,"msg_id":5,"type":"broadcast"}}
2025/06/27 19:03:48 Sent {"src":"n2","dest":"n1","body":{"message":24,"msg_id":6,"type":"broadcast"}}
2025/06/27 19:03:48 Sent {"src":"n2","dest":"c11","body":{"in_reply_to":10,"type":"broadcast_ok"}}
2025/06/27 19:03:49 Received {c11 n2 {"type":"broadcast","message":29,"msg_id":11}}
2025/06/27 19:03:49 Sent {"src":"n2","dest":"n1","body":{"message":29,"msg_id":7,"type":"broadcast"}}
2025/06/27 19:03:49 Sent {"src":"n2","dest":"n1","body":{"message":29,"msg_id":8,"type":"broadcast"}}
2025/06/27 19:03:49 Sent {"src":"n2","dest":"c11","body":{"in_reply_to":11,"type":"broadcast_ok"}}
2025/06/27 19:03:50 Received {c11 n2 {"type":"broadcast","message":31,"msg_id":12}}
2025/06/27 19:03:50 Sent {"src":"n2","dest":"n1","body":{"message":31,"msg_id":9,"type":"broadcast"}}
2025/06/27 19:03:50 Sent {"src":"n2","dest":"n1","body":{"message":31,"msg_id":10,"type":"broadcast"}}
2025/06/27 19:03:50 Sent {"src":"n2","dest":"c11","body":{"in_reply_to":12,"type":"broadcast_ok"}}
2025/06/27 19:03:50 Received {c11 n2 {"type":"broadcast","message":34,"msg_id":13}}
2025/06/27 19:03:50 Sent {"src":"n2","dest":"n1","body":{"message":34,"msg_id":11,"type":"broadcast"}}
2025/06/27 19:03:50 Sent {"src":"n2","dest":"n1","body":{"message":34,"msg_id":12,"type":"broadcast"}}
2025/06/27 19:03:50 Sent {"src":"n2","dest":"c11","body":{"in_reply_to":13,"type":"broadcast_ok"}}
2025/06/27 19:03:51 Received {c11 n2 {"type":"read","msg_id":14}}
2025/06/27 19:03:51 Sent {"src":"n2","dest":"c11","body":{"in_reply_to":14,"messages":[3,3,13,13,24,24,29,29,31,31,34,34],"type":"read_ok"}}
2025/06/27 19:03:52 Received {c11 n2 {"type":"read","msg_id":15}}
2025/06/27 19:03:52 Sent {"src":"n2","dest":"c11","body":{"in_reply_to":15,"messages":[3,3,13,13,24,24,29,29,31,31,34,34],"type":"read_ok"}}
2025/06/27 19:03:52 Received {c11 n2 {"type":"read","msg_id":16}}
2025/06/27 19:03:52 Sent {"src":"n2","dest":"c11","body":{"in_reply_to":16,"messages":[3,3,13,13,24,24,29,29,31,31,34,34],"type":"read_ok"}}
2025/06/27 19:03:53 Received {c11 n2 {"type":"broadcast","message":44,"msg_id":17}}
2025/06/27 19:03:53 Sent {"src":"n2","dest":"n1","body":{"message":44,"msg_id":13,"type":"broadcast"}}
2025/06/27 19:03:53 Sent {"src":"n2","dest":"n1","body":{"message":44,"msg_id":14,"type":"broadcast"}}
2025/06/27 19:03:53 Sent {"src":"n2","dest":"c11","body":{"in_reply_to":17,"type":"broadcast_ok"}}
2025/06/27 19:03:54 Received {c11 n2 {"type":"read","msg_id":18}}
2025/06/27 19:03:54 Sent {"src":"n2","dest":"c11","body":{"in_reply_to":18,"messages":[3,3,13,13,24,24,29,29,31,31,34,34,44,44],"type":"read_ok"}}
2025/06/27 19:03:54 Received {c11 n2 {"type":"read","msg_id":19}}
2025/06/27 19:03:54 Sent {"src":"n2","dest":"c11","body":{"in_reply_to":19,"messages":[3,3,13,13,24,24,29,29,31,31,34,34,44,44],"type":"read_ok"}}
2025/06/27 19:03:55 Received {c11 n2 {"type":"broadcast","message":53,"msg_id":20}}
2025/06/27 19:03:55 Sent {"src":"n2","dest":"n1","body":{"message":53,"msg_id":15,"type":"broadcast"}}
2025/06/27 19:03:55 Sent {"src":"n2","dest":"n1","body":{"message":53,"msg_id":16,"type":"broadcast"}}
2025/06/27 19:03:55 Sent {"src":"n2","dest":"c11","body":{"in_reply_to":20,"type":"broadcast_ok"}}
2025/06/27 19:03:56 Received {c11 n2 {"type":"read","msg_id":21}}
2025/06/27 19:03:56 Sent {"src":"n2","dest":"c11","body":{"in_reply_to":21,"messages":[3,3,13,13,24,24,29,29,31,31,34,34,44,44,53,53],"type":"read_ok"}}
2025/06/27 19:03:56 Received {c11 n2 {"type":"read","msg_id":22}}
2025/06/27 19:03:56 Sent {"src":"n2","dest":"c11","body":{"in_reply_to":22,"messages":[3,3,13,13,24,24,29,29,31,31,34,34,44,44,53,53],"type":"read_ok"}}
2025/06/27 19:03:57 Received {c11 n2 {"type":"read","msg_id":23}}
2025/06/27 19:03:57 Sent {"src":"n2","dest":"c11","body":{"in_reply_to":23,"messages":[3,3,13,13,24,24,29,29,31,31,34,34,44,44,53,53],"type":"read_ok"}}
2025/06/27 19:03:57 Received {c11 n2 {"type":"read","msg_id":24}}
2025/06/27 19:03:57 Sent {"src":"n2","dest":"c11","body":{"in_reply_to":24,"messages":[3,3,13,13,24,24,29,29,31,31,34,34,44,44,53,53],"type":"read_ok"}}
2025/06/27 19:03:58 Received {c11 n2 {"type":"broadcast","message":66,"msg_id":25}}
2025/06/27 19:03:58 Sent {"src":"n2","dest":"n1","body":{"message":66,"msg_id":17,"type":"broadcast"}}
2025/06/27 19:03:58 Sent {"src":"n2","dest":"n1","body":{"message":66,"msg_id":18,"type":"broadcast"}}
2025/06/27 19:03:58 Sent {"src":"n2","dest":"c11","body":{"in_reply_to":25,"type":"broadcast_ok"}}
2025/06/27 19:03:58 Received {c11 n2 {"type":"read","msg_id":26}}
2025/06/27 19:03:58 Sent {"src":"n2","dest":"c11","body":{"in_reply_to":26,"messages":[3,3,13,13,24,24,29,29,31,31,34,34,44,44,53,53,66,66],"type":"read_ok"}}
2025/06/27 19:03:59 Received {c11 n2 {"type":"broadcast","message":72,"msg_id":27}}
2025/06/27 19:03:59 Sent {"src":"n2","dest":"n1","body":{"message":72,"msg_id":19,"type":"broadcast"}}
2025/06/27 19:03:59 Sent {"src":"n2","dest":"n1","body":{"message":72,"msg_id":20,"type":"broadcast"}}
2025/06/27 19:03:59 Sent {"src":"n2","dest":"c11","body":{"in_reply_to":27,"type":"broadcast_ok"}}
2025/06/27 19:04:00 Received {c11 n2 {"type":"broadcast","message":74,"msg_id":28}}
2025/06/27 19:04:00 Sent {"src":"n2","dest":"n1","body":{"message":74,"msg_id":21,"type":"broadcast"}}
2025/06/27 19:04:00 Sent {"src":"n2","dest":"n1","body":{"message":74,"msg_id":22,"type":"broadcast"}}
2025/06/27 19:04:00 Sent {"src":"n2","dest":"c11","body":{"in_reply_to":28,"type":"broadcast_ok"}}
2025/06/27 19:04:00 Received {n1 n2 {"message":74,"msg_id":98,"type":"broadcast"}}
2025/06/27 19:04:00 Received {n1 n2 {"in_reply_to":21,"type":"broadcast_ok"}}
2025/06/27 19:04:00 Received {n1 n2 {"in_reply_to":22,"type":"broadcast_ok"}}
2025/06/27 19:04:00 Received {n1 n2 {"message":74,"msg_id":101,"type":"broadcast"}}
2025/06/27 19:04:00 Sent {"src":"n2","dest":"n1","body":{"in_reply_to":98,"type":"broadcast_ok"}}
2025/06/27 19:04:00 Sent {"src":"n2","dest":"n1","body":{"in_reply_to":101,"type":"broadcast_ok"}}
2025/06/27 19:04:00 Received {n1 n2 {"message":75,"msg_id":106,"type":"broadcast"}}
2025/06/27 19:04:00 Received {n1 n2 {"message":75,"msg_id":107,"type":"broadcast"}}
2025/06/27 19:04:00 Sent {"src":"n2","dest":"n1","body":{"message":75,"msg_id":23,"type":"broadcast"}}
2025/06/27 19:04:00 Sent {"src":"n2","dest":"n1","body":{"message":75,"msg_id":24,"type":"broadcast"}}
2025/06/27 19:04:00 Sent {"src":"n2","dest":"n1","body":{"in_reply_to":106,"type":"broadcast_ok"}}
2025/06/27 19:04:00 Sent {"src":"n2","dest":"n1","body":{"in_reply_to":107,"type":"broadcast_ok"}}
2025/06/27 19:04:00 Received {n1 n2 {"in_reply_to":23,"type":"broadcast_ok"}}
2025/06/27 19:04:00 Received {n1 n2 {"in_reply_to":24,"type":"broadcast_ok"}}
2025/06/27 19:04:00 Received {n1 n2 {"message":76,"msg_id":111,"type":"broadcast"}}
2025/06/27 19:04:00 Received {n1 n2 {"message":76,"msg_id":113,"type":"broadcast"}}
2025/06/27 19:04:00 Sent {"src":"n2","dest":"n1","body":{"message":76,"msg_id":25,"type":"broadcast"}}
2025/06/27 19:04:00 Sent {"src":"n2","dest":"n1","body":{"message":76,"msg_id":26,"type":"broadcast"}}
2025/06/27 19:04:00 Sent {"src":"n2","dest":"n1","body":{"in_reply_to":111,"type":"broadcast_ok"}}
2025/06/27 19:04:00 Sent {"src":"n2","dest":"n1","body":{"in_reply_to":113,"type":"broadcast_ok"}}
2025/06/27 19:04:00 Received {n1 n2 {"in_reply_to":25,"type":"broadcast_ok"}}
2025/06/27 19:04:00 Received {n1 n2 {"in_reply_to":26,"type":"broadcast_ok"}}
2025/06/27 19:04:00 Received {c11 n2 {"type":"broadcast","message":77,"msg_id":29}}
2025/06/27 19:04:00 Sent {"src":"n2","dest":"n1","body":{"message":77,"msg_id":27,"type":"broadcast"}}
2025/06/27 19:04:00 Sent {"src":"n2","dest":"n1","body":{"message":77,"msg_id":28,"type":"broadcast"}}
2025/06/27 19:04:00 Sent {"src":"n2","dest":"c11","body":{"in_reply_to":29,"type":"broadcast_ok"}}
2025/06/27 19:04:00 Received {n1 n2 {"message":77,"msg_id":117,"type":"broadcast"}}
2025/06/27 19:04:00 Sent {"src":"n2","dest":"n1","body":{"in_reply_to":117,"type":"broadcast_ok"}}
2025/06/27 19:04:00 Received {n1 n2 {"message":77,"msg_id":119,"type":"broadcast"}}
2025/06/27 19:04:00 Received {n1 n2 {"in_reply_to":27,"type":"broadcast_ok"}}
2025/06/27 19:04:00 Received {n1 n2 {"in_reply_to":28,"type":"broadcast_ok"}}
2025/06/27 19:04:00 Sent {"src":"n2","dest":"n1","body":{"in_reply_to":119,"type":"broadcast_ok"}}
2025/06/27 19:04:01 Received {n1 n2 {"message":78,"msg_id":124,"type":"broadcast"}}
2025/06/27 19:04:01 Received {n1 n2 {"message":78,"msg_id":125,"type":"broadcast"}}
2025/06/27 19:04:01 Sent {"src":"n2","dest":"n1","body":{"message":78,"msg_id":29,"type":"broadcast"}}
2025/06/27 19:04:01 Sent {"src":"n2","dest":"n1","body":{"message":78,"msg_id":30,"type":"broadcast"}}
2025/06/27 19:04:01 Sent {"src":"n2","dest":"n1","body":{"in_reply_to":124,"type":"broadcast_ok"}}
2025/06/27 19:04:01 Sent {"src":"n2","dest":"n1","body":{"in_reply_to":125,"type":"broadcast_ok"}}
2025/06/27 19:04:01 Received {n1 n2 {"in_reply_to":29,"type":"broadcast_ok"}}
2025/06/27 19:04:01 Received {n1 n2 {"in_reply_to":30,"type":"broadcast_ok"}}
2025/06/27 19:04:01 Received {c11 n2 {"type":"broadcast","message":79,"msg_id":30}}
2025/06/27 19:04:01 Sent {"src":"n2","dest":"n1","body":{"message":79,"msg_id":31,"type":"broadcast"}}
2025/06/27 19:04:01 Sent {"src":"n2","dest":"n1","body":{"message":79,"msg_id":32,"type":"broadcast"}}
2025/06/27 19:04:01 Sent {"src":"n2","dest":"c11","body":{"in_reply_to":30,"type":"broadcast_ok"}}
2025/06/27 19:04:01 Received {n1 n2 {"message":79,"msg_id":129,"type":"broadcast"}}
2025/06/27 19:04:01 Sent {"src":"n2","dest":"n1","body":{"in_reply_to":129,"type":"broadcast_ok"}}
2025/06/27 19:04:01 Received {n1 n2 {"message":79,"msg_id":131,"type":"broadcast"}}
2025/06/27 19:04:01 Received {n1 n2 {"in_reply_to":31,"type":"broadcast_ok"}}
2025/06/27 19:04:01 Received {n1 n2 {"in_reply_to":32,"type":"broadcast_ok"}}
2025/06/27 19:04:01 Sent {"src":"n2","dest":"n1","body":{"in_reply_to":131,"type":"broadcast_ok"}}
2025/06/27 19:04:01 Received {n1 n2 {"message":80,"msg_id":136,"type":"broadcast"}}
2025/06/27 19:04:01 Received {n1 n2 {"message":80,"msg_id":137,"type":"broadcast"}}
2025/06/27 19:04:01 Sent {"src":"n2","dest":"n1","body":{"message":80,"msg_id":33,"type":"broadcast"}}
2025/06/27 19:04:01 Sent {"src":"n2","dest":"n1","body":{"message":80,"msg_id":34,"type":"broadcast"}}
2025/06/27 19:04:01 Sent {"src":"n2","dest":"n1","body":{"in_reply_to":136,"type":"broadcast_ok"}}
2025/06/27 19:04:01 Sent {"src":"n2","dest":"n1","body":{"in_reply_to":137,"type":"broadcast_ok"}}
2025/06/27 19:04:01 Received {n1 n2 {"in_reply_to":33,"type":"broadcast_ok"}}
2025/06/27 19:04:01 Received {n1 n2 {"in_reply_to":34,"type":"broadcast_ok"}}
2025/06/27 19:04:01 Received {n1 n2 {"message":81,"msg_id":142,"type":"broadcast"}}
2025/06/27 19:04:01 Sent {"src":"n2","dest":"n1","body":{"message":81,"msg_id":35,"type":"broadcast"}}
2025/06/27 19:04:01 Sent {"src":"n2","dest":"n1","body":{"message":81,"msg_id":36,"type":"broadcast"}}
2025/06/27 19:04:01 Sent {"src":"n2","dest":"n1","body":{"in_reply_to":142,"type":"broadcast_ok"}}
2025/06/27 19:04:01 Received {n1 n2 {"message":81,"msg_id":143,"type":"broadcast"}}
2025/06/27 19:04:01 Sent {"src":"n2","dest":"n1","body":{"in_reply_to":143,"type":"broadcast_ok"}}
2025/06/27 19:04:01 Received {n1 n2 {"in_reply_to":35,"type":"broadcast_ok"}}
2025/06/27 19:04:01 Received {n1 n2 {"in_reply_to":36,"type":"broadcast_ok"}}
2025/06/27 19:04:01 Received {n1 n2 {"message":82,"msg_id":148,"type":"broadcast"}}
2025/06/27 19:04:01 Sent {"src":"n2","dest":"n1","body":{"message":82,"msg_id":37,"type":"broadcast"}}
2025/06/27 19:04:01 Sent {"src":"n2","dest":"n1","body":{"message":82,"msg_id":38,"type":"broadcast"}}
2025/06/27 19:04:01 Sent {"src":"n2","dest":"n1","body":{"in_reply_to":148,"type":"broadcast_ok"}}
2025/06/27 19:04:01 Received {n1 n2 {"message":82,"msg_id":149,"type":"broadcast"}}
2025/06/27 19:04:01 Sent {"src":"n2","dest":"n1","body":{"in_reply_to":149,"type":"broadcast_ok"}}
2025/06/27 19:04:01 Received {n1 n2 {"in_reply_to":37,"type":"broadcast_ok"}}
2025/06/27 19:04:01 Received {n1 n2 {"in_reply_to":38,"type":"broadcast_ok"}}
2025/06/27 19:04:01 Received {n1 n2 {"message":83,"msg_id":154,"type":"broadcast"}}
2025/06/27 19:04:01 Received {n1 n2 {"message":83,"msg_id":155,"type":"broadcast"}}
2025/06/27 19:04:01 Sent {"src":"n2","dest":"n1","body":{"message":83,"msg_id":39,"type":"broadcast"}}
2025/06/27 19:04:01 Sent {"src":"n2","dest":"n1","body":{"message":83,"msg_id":40,"type":"broadcast"}}
2025/06/27 19:04:01 Sent {"src":"n2","dest":"n1","body":{"in_reply_to":155,"type":"broadcast_ok"}}
2025/06/27 19:04:01 Sent {"src":"n2","dest":"n1","body":{"in_reply_to":154,"type":"broadcast_ok"}}
2025/06/27 19:04:01 Received {n1 n2 {"in_reply_to":39,"type":"broadcast_ok"}}
2025/06/27 19:04:01 Received {n1 n2 {"in_reply_to":40,"type":"broadcast_ok"}}
2025/06/27 19:04:01 Received {c11 n2 {"type":"broadcast","message":84,"msg_id":31}}
2025/06/27 19:04:01 Sent {"src":"n2","dest":"n1","body":{"message":84,"msg_id":41,"type":"broadcast"}}
2025/06/27 19:04:01 Sent {"src":"n2","dest":"n1","body":{"message":84,"msg_id":42,"type":"broadcast"}}
2025/06/27 19:04:01 Sent {"src":"n2","dest":"c11","body":{"in_reply_to":31,"type":"broadcast_ok"}}
2025/06/27 19:04:01 Received {n1 n2 {"message":84,"msg_id":159,"type":"broadcast"}}
2025/06/27 19:04:01 Received {n1 n2 {"in_reply_to":41,"type":"broadcast_ok"}}
2025/06/27 19:04:01 Sent {"src":"n2","dest":"n1","body":{"in_reply_to":159,"type":"broadcast_ok"}}
2025/06/27 19:04:01 Received {n1 n2 {"in_reply_to":42,"type":"broadcast_ok"}}
2025/06/27 19:04:01 Received {n1 n2 {"message":84,"msg_id":161,"type":"broadcast"}}
2025/06/27 19:04:01 Sent {"src":"n2","dest":"n1","body":{"in_reply_to":161,"type":"broadcast_ok"}}
2025/06/27 19:04:02 Received {n1 n2 {"message":85,"msg_id":165,"type":"broadcast"}}
2025/06/27 19:04:02 Received {n1 n2 {"message":85,"msg_id":167,"type":"broadcast"}}
2025/06/27 19:04:02 Sent {"src":"n2","dest":"n1","body":{"message":85,"msg_id":43,"type":"broadcast"}}
2025/06/27 19:04:02 Sent {"src":"n2","dest":"n1","body":{"message":85,"msg_id":44,"type":"broadcast"}}
2025/06/27 19:04:02 Sent {"src":"n2","dest":"n1","body":{"in_reply_to":165,"type":"broadcast_ok"}}
2025/06/27 19:04:02 Sent {"src":"n2","dest":"n1","body":{"in_reply_to":167,"type":"broadcast_ok"}}
2025/06/27 19:04:02 Received {n1 n2 {"in_reply_to":43,"type":"broadcast_ok"}}
2025/06/27 19:04:02 Received {n1 n2 {"in_reply_to":44,"type":"broadcast_ok"}}
2025/06/27 19:04:02 Received {n1 n2 {"message":86,"msg_id":171,"type":"broadcast"}}
2025/06/27 19:04:02 Received {n1 n2 {"message":86,"msg_id":173,"type":"broadcast"}}
2025/06/27 19:04:02 Sent {"src":"n2","dest":"n1","body":{"message":86,"msg_id":45,"type":"broadcast"}}
2025/06/27 19:04:02 Sent {"src":"n2","dest":"n1","body":{"message":86,"msg_id":46,"type":"broadcast"}}
2025/06/27 19:04:02 Sent {"src":"n2","dest":"n1","body":{"in_reply_to":171,"type":"broadcast_ok"}}
2025/06/27 19:04:02 Sent {"src":"n2","dest":"n1","body":{"in_reply_to":173,"type":"broadcast_ok"}}
2025/06/27 19:04:02 Received {n1 n2 {"in_reply_to":46,"type":"broadcast_ok"}}
2025/06/27 19:04:02 Received {n1 n2 {"in_reply_to":45,"type":"broadcast_ok"}}
2025/06/27 19:04:02 Received {n1 n2 {"message":87,"msg_id":177,"type":"broadcast"}}
2025/06/27 19:04:02 Sent {"src":"n2","dest":"n1","body":{"message":87,"msg_id":47,"type":"broadcast"}}
2025/06/27 19:04:02 Sent {"src":"n2","dest":"n1","body":{"message":87,"msg_id":48,"type":"broadcast"}}
2025/06/27 19:04:02 Sent {"src":"n2","dest":"n1","body":{"in_reply_to":177,"type":"broadcast_ok"}}
2025/06/27 19:04:02 Received {n1 n2 {"message":87,"msg_id":179,"type":"broadcast"}}
2025/06/27 19:04:02 Sent {"src":"n2","dest":"n1","body":{"in_reply_to":179,"type":"broadcast_ok"}}
2025/06/27 19:04:02 Received {n1 n2 {"in_reply_to":47,"type":"broadcast_ok"}}
2025/06/27 19:04:02 Received {n1 n2 {"in_reply_to":48,"type":"broadcast_ok"}}
2025/06/27 19:04:12 Received {c11 n2 {"type":"read","msg_id":32}}
2025/06/27 19:04:12 Sent {"src":"n2","dest":"c11","body":{"in_reply_to":32,"messages":[3,3,13,13,24,24,29,29,31,31,34,34,44,44,53,53,66,66,72,72,74,74,75,75,76,76,77,77,78,78,79,79,80,80,81,81,82,82,83,83,84,84,85,85,86,86,87,87],"type":"read_ok"}}
