2025/06/29 14:44:41 Received {c4 n0 {"type":"init","node_id":"n0","node_ids":["n0","n1","n2","n3","n4"],"msg_id":1}}
2025/06/29 14:44:41 Node n0 initialized
2025/06/29 14:44:41 Sent {"src":"n0","dest":"c4","body":{"in_reply_to":1,"type":"init_ok"}}
2025/06/29 14:44:41 Received {c6 n0 {"type":"topology","topology":{"n0":["n3","n1"],"n1":["n4","n2","n0"],"n2":["n1"],"n3":["n0","n4"],"n4":["n1","n3"]},"msg_id":1}}
2025/06/29 14:44:41 Sent {"src":"n0","dest":"c6","body":{"in_reply_to":1,"type":"topology_ok"}}
2025/06/29 14:44:41 Received {c14 n0 {"type":"read","msg_id":1}}
2025/06/29 14:44:41 Sent {"src":"n0","dest":"c14","body":{"in_reply_to":1,"messages":[],"type":"read_ok"}}
2025/06/29 14:44:41 Sent {"src":"n0","dest":"n1","body":{"messages":[],"msg_id":1,"type":"broadcast"}}
2025/06/29 14:44:41 Sent {"src":"n0","dest":"n3","body":{"messages":[],"msg_id":2,"type":"broadcast"}}
2025/06/29 14:44:41 Received {n3 n0 {"messages":[2],"msg_id":2,"type":"broadcast"}}
2025/06/29 14:44:41 Received {n1 n0 {"messages":[0],"msg_id":1,"type":"broadcast"}}
2025/06/29 14:44:41 Sent {"src":"n0","dest":"n3","body":{"in_reply_to":2,"type":"broadcast_ok"}}
2025/06/29 14:44:41 Received {n1 n0 {"in_reply_to":1,"type":"broadcast_ok"}}
2025/06/29 14:44:41 Received {n3 n0 {"in_reply_to":2,"type":"broadcast_ok"}}
panic: interface conversion: interface {} is nil, not []interface {}

goroutine 6 [running]:
main.handleBroadcast({{0x1400000e238, 0x2}, {0x1400000e23a, 0x2}, {0x14000016150, 0x2e, 0x30}})
	/Users/anandtrehan/flyio_challenges/maelstrom-broadcast/main.go:166 +0x474
github.com/jepsen-io/maelstrom/demo/go.(*Node).handleMessage(0x100e62200, 0x1?, {{0x1400000e238, 0x2}, {0x1400000e23a, 0x2}, {0x14000016150, 0x2e, 0x30}})
	/Users/anandtrehan/go/pkg/mod/github.com/jepsen-io/maelstrom/demo/go@v0.0.0-20250204203845-8263d1dd2b7a/node.go:151 +0x68
github.com/jepsen-io/maelstrom/demo/go.(*Node).Run.func2()
	/Users/anandtrehan/go/pkg/mod/github.com/jepsen-io/maelstrom/demo/go@v0.0.0-20250204203845-8263d1dd2b7a/node.go:129 +0x74
created by github.com/jepsen-io/maelstrom/demo/go.(*Node).Run in goroutine 1
	/Users/anandtrehan/go/pkg/mod/github.com/jepsen-io/maelstrom/demo/go@v0.0.0-20250204203845-8263d1dd2b7a/node.go:127 +0x460
