2025/06/29 14:44:41 Received {c0 n2 {"type":"init","node_id":"n2","node_ids":["n0","n1","n2","n3","n4"],"msg_id":1}}
2025/06/29 14:44:41 Node n2 initialized
2025/06/29 14:44:41 Sent {"src":"n2","dest":"c0","body":{"in_reply_to":1,"type":"init_ok"}}
2025/06/29 14:44:41 Received {c7 n2 {"type":"topology","topology":{"n0":["n3","n1"],"n1":["n4","n2","n0"],"n2":["n1"],"n3":["n0","n4"],"n4":["n1","n3"]},"msg_id":1}}
2025/06/29 14:44:41 Sent {"src":"n2","dest":"c7","body":{"in_reply_to":1,"type":"topology_ok"}}
2025/06/29 14:44:41 Received {c11 n2 {"type":"broadcast","message":1,"msg_id":1}}
2025/06/29 14:44:41 Sent {"src":"n2","dest":"c11","body":{"in_reply_to":1,"type":"broadcast_ok"}}
2025/06/29 14:44:41 Sent {"src":"n2","dest":"n1","body":{"messages":[1],"msg_id":1,"type":"broadcast"}}
2025/06/29 14:44:41 Received {n1 n2 {"messages":[0],"msg_id":3,"type":"broadcast"}}
2025/06/29 14:44:41 Sent {"src":"n2","dest":"n1","body":{"in_reply_to":3,"type":"broadcast_ok"}}
panic: interface conversion: interface {} is nil, not []interface {}

goroutine 17 [running]:
main.handleBroadcast({{0x1400018c330, 0x2}, {0x1400018c332, 0x2}, {0x140001b2060, 0x2e, 0x30}})
	/Users/anandtrehan/flyio_challenges/maelstrom-broadcast/main.go:166 +0x474
github.com/jepsen-io/maelstrom/demo/go.(*Node).handleMessage(0x10469e200, 0x0?, {{0x1400018c330, 0x2}, {0x1400018c332, 0x2}, {0x140001b2060, 0x2e, 0x30}})
	/Users/anandtrehan/go/pkg/mod/github.com/jepsen-io/maelstrom/demo/go@v0.0.0-20250204203845-8263d1dd2b7a/node.go:151 +0x68
github.com/jepsen-io/maelstrom/demo/go.(*Node).Run.func2()
	/Users/anandtrehan/go/pkg/mod/github.com/jepsen-io/maelstrom/demo/go@v0.0.0-20250204203845-8263d1dd2b7a/node.go:129 +0x74
created by github.com/jepsen-io/maelstrom/demo/go.(*Node).Run in goroutine 1
	/Users/anandtrehan/go/pkg/mod/github.com/jepsen-io/maelstrom/demo/go@v0.0.0-20250204203845-8263d1dd2b7a/node.go:127 +0x460
