2025-06-27 20:44:12,170{GMT}	INFO	[jepsen test runner] jepsen.core: Command line:
lein run test -w broadcast --bin /Users/anandtrehan/go/bin/maelstrom-broadcast --node-count 5 --time-limit 20 --rate 10 --nemesis partition
2025-06-27 20:44:12,241{GMT}	INFO	[jepsen test runner] jepsen.core: Running test:
{:args []
 :remote
 #jepsen.control.retry.Remote{:remote #jepsen.control.scp.Remote{:cmd-remote #jepsen.control.sshj.SSHJRemote{:concurrency-limit 6,
                                                                                                             :conn-spec nil,
                                                                                                             :client nil,
                                                                                                             :semaphore nil},
                                                                 :conn-spec nil},
                              :conn nil}
 :log-net-send false
 :node-count 5
 :availability nil
 :max-txn-length 4
 :concurrency 5
 :db
 #object[maelstrom.db$db$reify__16142
         "0x33e09baf"
         "maelstrom.db$db$reify__16142@33e09baf"]
 :max-writes-per-key 16
 :leave-db-running? false
 :name "broadcast"
 :logging-json? false
 :start-time
 #object[org.joda.time.DateTime "0x105c253a" "2025-06-27T20:44:12.137-04:00"]
 :nemesis-interval 10
 :net
 #object[maelstrom.net$jepsen_net$reify__15251
         "0x156322ce"
         "maelstrom.net$jepsen_net$reify__15251@156322ce"]
 :client
 #object[maelstrom.workload.broadcast$client$reify__16644
         "0x546f0f36"
         "maelstrom.workload.broadcast$client$reify__16644@546f0f36"]
 :barrier
 #object[java.util.concurrent.CyclicBarrier
         "0x44d5a0a8"
         "java.util.concurrent.CyclicBarrier@44d5a0a8"]
 :log-stderr false
 :pure-generators true
 :ssh {:dummy? true}
 :rate 10.0
 :checker
 #object[jepsen.checker$compose$reify__11881
         "0x35d128fd"
         "jepsen.checker$compose$reify__11881@35d128fd"]
 :argv
 ("test"
  "-w"
  "broadcast"
  "--bin"
  "/Users/anandtrehan/go/bin/maelstrom-broadcast"
  "--node-count"
  "5"
  "--time-limit"
  "20"
  "--rate"
  "10"
  "--nemesis"
  "partition")
 :nemesis
 (jepsen.nemesis.ReflCompose
  {:fm {:start-partition 0,
        :stop-partition 0,
        :kill 1,
        :start 1,
        :pause 1,
        :resume 1},
   :nemeses [#unprintable "jepsen.nemesis.combined$partition_nemesis$reify__16416@39a809db"
             #unprintable "jepsen.nemesis.combined$db_nemesis$reify__16397@1512a767"]})
 :nodes ["n0" "n1" "n2" "n3" "n4"]
 :test-count 1
 :latency {:mean 0, :dist :constant}
 :bin "/Users/anandtrehan/go/bin/maelstrom-broadcast"
 :generator
 ((jepsen.generator.Synchronize
   {:gen (jepsen.generator.TimeLimit
          {:limit 20000000000,
           :cutoff nil,
           :gen (jepsen.generator.Any
                 {:gens [(jepsen.generator.OnThreads
                          {:f #{:nemesis},
                           :context-filter #object[jepsen.generator.context$make_thread_filter$lazy_filter__9167
                                                   "0x5cdb7b"
                                                   "jepsen.generator.context$make_thread_filter$lazy_filter__9167@5cdb7b"],
                           :gen (jepsen.generator.Stagger
                                 {:dt 20000000000,
                                  :next-time nil,
                                  :gen (jepsen.generator.FlipFlop
                                        {:gens [#object[jepsen.nemesis.combined$partition_package$start__16420
                                                        "0x3dcc59f5"
                                                        "jepsen.nemesis.combined$partition_package$start__16420@3dcc59f5"]
                                                ({:type :info,
                                                  :f :stop-partition,
                                                  :value nil}
                                                 {:type :info,
                                                  :f :stop-partition,
                                                  :value nil}
                                                 {:type :info,
                                                  :f :stop-partition,
                                                  :value nil}
                                                 {:type :info,
                                                  :f :stop-partition,
                                                  :value nil}
                                                 {:type :info,
                                                  :f :stop-partition,
                                                  :value nil}
                                                 {:type :info,
                                                  :f :stop-partition,
                                                  :value nil}
                                                 {:type :info,
                                                  :f :stop-partition,
                                                  :value nil}
                                                 {:type :info,
                                                  :f :stop-partition,
                                                  :value nil}
                                                 ...)],
                                         :i 0})})})
                         (jepsen.generator.OnThreads
                          {:f #jepsen.generator.context.AllBut{:element :nemesis},
                           :context-filter #object[jepsen.generator.context$make_thread_filter$lazy_filter__9167
                                                   "0x690337df"
                                                   "jepsen.generator.context$make_thread_filter$lazy_filter__9167@690337df"],
                           :gen (jepsen.generator.Stagger
                                 {:dt 200000000,
                                  :next-time nil,
                                  :gen (jepsen.generator.Mix
                                        {:i 1,
                                         :gens [({:f :broadcast, :value 0}
                                                 {:f :broadcast, :value 1}
                                                 {:f :broadcast, :value 2}
                                                 {:f :broadcast, :value 3}
                                                 {:f :broadcast, :value 4}
                                                 {:f :broadcast, :value 5}
                                                 {:f :broadcast, :value 6}
                                                 {:f :broadcast, :value 7}
                                                 ...)
                                                ({:f :read}
                                                 {:f :read}
                                                 {:f :read}
                                                 {:f :read}
                                                 {:f :read}
                                                 {:f :read}
                                                 {:f :read}
                                                 {:f :read}
                                                 ...)]})})})]})})})
  (jepsen.generator.Synchronize
   {:gen (jepsen.generator.OnThreads
          {:f #{:nemesis},
           :context-filter #object[jepsen.generator.context$make_thread_filter$lazy_filter__9167
                                   "0xf62ae87"
                                   "jepsen.generator.context$make_thread_filter$lazy_filter__9167@f62ae87"],
           :gen ({:type :info, :f :stop-partition, :value nil})})})
  (jepsen.generator.Synchronize
   {:gen {:type :log, :value "Waiting for recovery..."}})
  (jepsen.generator.Synchronize {:gen {:type :sleep, :value 10}})
  (jepsen.generator.Synchronize
   {:gen (jepsen.generator.OnThreads
          {:f #jepsen.generator.context.AllBut{:element :nemesis},
           :context-filter #object[jepsen.generator.context$make_thread_filter$lazy_filter__9167
                                   "0x50be5d6f"
                                   "jepsen.generator.context$make_thread_filter$lazy_filter__9167@50be5d6f"],
           :gen (jepsen.generator.EachThread
                 {:fresh-gen {:f :read, :final? true},
                  :context-filters #object[clojure.core$promise$reify__8591
                                           "0x48e0e779"
                                           {:status :pending, :val nil}],
                  :gens {}})})}))
 :log-net-recv false
 :os
 #object[maelstrom.net$jepsen_os$reify__15254
         "0x38ad8c75"
         "maelstrom.net$jepsen_os$reify__15254@38ad8c75"]
 :time-limit 20
 :workload :broadcast
 :consistency-models [:strict-serializable]
 :topology :grid}

2025-06-27 20:44:13,407{GMT}	INFO	[jepsen node n0] maelstrom.net: Starting Maelstrom network
2025-06-27 20:44:13,408{GMT}	INFO	[jepsen test runner] jepsen.db: Tearing down DB
2025-06-27 20:44:13,410{GMT}	INFO	[jepsen test runner] jepsen.db: Setting up DB
2025-06-27 20:44:13,411{GMT}	INFO	[jepsen node n1] maelstrom.db: Setting up n1
2025-06-27 20:44:13,411{GMT}	INFO	[jepsen node n3] maelstrom.db: Setting up n3
2025-06-27 20:44:13,411{GMT}	INFO	[jepsen node n4] maelstrom.db: Setting up n4
2025-06-27 20:44:13,411{GMT}	INFO	[jepsen node n2] maelstrom.db: Setting up n2
2025-06-27 20:44:13,411{GMT}	INFO	[jepsen node n2] maelstrom.process: launching /Users/anandtrehan/go/bin/maelstrom-broadcast []
2025-06-27 20:44:13,411{GMT}	INFO	[jepsen node n1] maelstrom.process: launching /Users/anandtrehan/go/bin/maelstrom-broadcast []
2025-06-27 20:44:13,412{GMT}	INFO	[jepsen node n4] maelstrom.process: launching /Users/anandtrehan/go/bin/maelstrom-broadcast []
2025-06-27 20:44:13,412{GMT}	INFO	[jepsen node n3] maelstrom.process: launching /Users/anandtrehan/go/bin/maelstrom-broadcast []
2025-06-27 20:44:13,413{GMT}	INFO	[jepsen node n0] maelstrom.service: Starting services: (lin-kv lin-tso lww-kv seq-kv)
2025-06-27 20:44:13,414{GMT}	INFO	[jepsen node n0] maelstrom.db: Setting up n0
2025-06-27 20:44:13,415{GMT}	INFO	[jepsen node n0] maelstrom.process: launching /Users/anandtrehan/go/bin/maelstrom-broadcast []
2025-06-27 20:44:13,438{GMT}	INFO	[jepsen test runner] jepsen.core: Relative time begins now
2025-06-27 20:44:13,454{GMT}	INFO	[jepsen worker nemesis] jepsen.util: :nemesis	:info	:start-partition	:minority-third
2025-06-27 20:44:13,454{GMT}	INFO	[jepsen worker 0] jepsen.util: 0	:invoke	:read	nil
2025-06-27 20:44:13,456{GMT}	INFO	[jepsen worker 0] jepsen.util: 0	:ok	:read	[]
2025-06-27 20:44:13,458{GMT}	INFO	[jepsen worker nemesis] jepsen.util: :nemesis	:info	:start-partition	[:isolated {"n2" #{"n1" "n4" "n0" "n3"}, "n1" #{"n2"}, "n4" #{"n2"}, "n0" #{"n2"}, "n3" #{"n2"}}]
2025-06-27 20:44:13,529{GMT}	INFO	[jepsen worker 2] jepsen.util: 2	:invoke	:read	nil
2025-06-27 20:44:13,531{GMT}	INFO	[jepsen worker 2] jepsen.util: 2	:ok	:read	[]
2025-06-27 20:44:13,622{GMT}	INFO	[jepsen worker 3] jepsen.util: 3	:invoke	:read	nil
2025-06-27 20:44:13,624{GMT}	INFO	[jepsen worker 3] jepsen.util: 3	:ok	:read	[]
2025-06-27 20:44:13,705{GMT}	INFO	[jepsen worker 4] jepsen.util: 4	:invoke	:broadcast	0
2025-06-27 20:44:13,707{GMT}	INFO	[jepsen worker 4] jepsen.util: 4	:ok	:broadcast	0
2025-06-27 20:44:13,715{GMT}	INFO	[jepsen worker 0] jepsen.util: 0	:invoke	:read	nil
2025-06-27 20:44:13,715{GMT}	INFO	[jepsen worker 0] jepsen.util: 0	:ok	:read	[0]
2025-06-27 20:44:13,906{GMT}	INFO	[jepsen worker 0] jepsen.util: 0	:invoke	:read	nil
2025-06-27 20:44:13,909{GMT}	INFO	[jepsen worker 0] jepsen.util: 0	:ok	:read	[0]
2025-06-27 20:44:14,031{GMT}	INFO	[jepsen worker 1] jepsen.util: 1	:invoke	:broadcast	1
2025-06-27 20:44:14,033{GMT}	INFO	[jepsen worker 1] jepsen.util: 1	:ok	:broadcast	1
2025-06-27 20:44:14,178{GMT}	INFO	[jepsen worker 2] jepsen.util: 2	:invoke	:broadcast	2
2025-06-27 20:44:14,187{GMT}	INFO	[jepsen worker 2] jepsen.util: 2	:ok	:broadcast	2
2025-06-27 20:44:14,227{GMT}	INFO	[jepsen worker 3] jepsen.util: 3	:invoke	:broadcast	3
2025-06-27 20:44:14,229{GMT}	INFO	[jepsen worker 3] jepsen.util: 3	:ok	:broadcast	3
2025-06-27 20:44:14,289{GMT}	INFO	[jepsen worker 4] jepsen.util: 4	:invoke	:read	nil
2025-06-27 20:44:14,290{GMT}	INFO	[jepsen worker 4] jepsen.util: 4	:ok	:read	[0 1 3]
2025-06-27 20:44:14,424{GMT}	INFO	[jepsen worker 0] jepsen.util: 0	:invoke	:broadcast	4
2025-06-27 20:44:14,426{GMT}	INFO	[jepsen worker 0] jepsen.util: 0	:ok	:broadcast	4
2025-06-27 20:44:14,578{GMT}	INFO	[jepsen worker 0] jepsen.util: 0	:invoke	:broadcast	5
2025-06-27 20:44:14,581{GMT}	INFO	[jepsen worker 0] jepsen.util: 0	:ok	:broadcast	5
2025-06-27 20:44:14,701{GMT}	INFO	[jepsen worker 1] jepsen.util: 1	:invoke	:broadcast	6
2025-06-27 20:44:14,705{GMT}	INFO	[jepsen worker 1] jepsen.util: 1	:ok	:broadcast	6
2025-06-27 20:44:14,843{GMT}	INFO	[jepsen worker 2] jepsen.util: 2	:invoke	:read	nil
2025-06-27 20:44:14,846{GMT}	INFO	[jepsen worker 2] jepsen.util: 2	:ok	:read	[2]
2025-06-27 20:44:14,880{GMT}	INFO	[jepsen worker 3] jepsen.util: 3	:invoke	:broadcast	7
2025-06-27 20:44:14,882{GMT}	INFO	[jepsen worker 3] jepsen.util: 3	:ok	:broadcast	7
2025-06-27 20:44:15,063{GMT}	INFO	[jepsen worker 4] jepsen.util: 4	:invoke	:broadcast	8
2025-06-27 20:44:15,065{GMT}	INFO	[jepsen worker 4] jepsen.util: 4	:ok	:broadcast	8
2025-06-27 20:44:15,166{GMT}	INFO	[jepsen worker 0] jepsen.util: 0	:invoke	:read	nil
2025-06-27 20:44:15,169{GMT}	INFO	[jepsen worker 0] jepsen.util: 0	:ok	:read	[0 1 3 4 5 6 7 8]
2025-06-27 20:44:15,197{GMT}	INFO	[jepsen worker 0] jepsen.util: 0	:invoke	:read	nil
2025-06-27 20:44:15,199{GMT}	INFO	[jepsen worker 0] jepsen.util: 0	:ok	:read	[0 1 3 4 5 6 7 8]
2025-06-27 20:44:15,222{GMT}	INFO	[jepsen worker 1] jepsen.util: 1	:invoke	:broadcast	9
2025-06-27 20:44:15,225{GMT}	INFO	[jepsen worker 1] jepsen.util: 1	:ok	:broadcast	9
2025-06-27 20:44:15,396{GMT}	INFO	[jepsen worker 2] jepsen.util: 2	:invoke	:broadcast	10
2025-06-27 20:44:15,398{GMT}	INFO	[jepsen worker 2] jepsen.util: 2	:ok	:broadcast	10
2025-06-27 20:44:15,422{GMT}	INFO	[jepsen worker 3] jepsen.util: 3	:invoke	:read	nil
2025-06-27 20:44:15,424{GMT}	INFO	[jepsen worker 3] jepsen.util: 3	:ok	:read	[0 1 3 4 5 6 7 8 9]
2025-06-27 20:44:15,612{GMT}	INFO	[jepsen worker 4] jepsen.util: 4	:invoke	:read	nil
2025-06-27 20:44:15,615{GMT}	INFO	[jepsen worker 4] jepsen.util: 4	:ok	:read	[0 1 3 4 5 6 7 8 9]
2025-06-27 20:44:15,739{GMT}	INFO	[jepsen worker 0] jepsen.util: 0	:invoke	:read	nil
2025-06-27 20:44:15,742{GMT}	INFO	[jepsen worker 0] jepsen.util: 0	:ok	:read	[0 1 3 4 5 6 7 8 9]
2025-06-27 20:44:15,768{GMT}	INFO	[jepsen worker 0] jepsen.util: 0	:invoke	:broadcast	11
2025-06-27 20:44:15,770{GMT}	INFO	[jepsen worker 0] jepsen.util: 0	:ok	:broadcast	11
2025-06-27 20:44:15,893{GMT}	INFO	[jepsen worker 1] jepsen.util: 1	:invoke	:broadcast	12
2025-06-27 20:44:15,897{GMT}	INFO	[jepsen worker 1] jepsen.util: 1	:ok	:broadcast	12
2025-06-27 20:44:16,012{GMT}	INFO	[jepsen worker 2] jepsen.util: 2	:invoke	:read	nil
2025-06-27 20:44:16,015{GMT}	INFO	[jepsen worker 2] jepsen.util: 2	:ok	:read	[2 10]
2025-06-27 20:44:16,197{GMT}	INFO	[jepsen worker 3] jepsen.util: 3	:invoke	:read	nil
2025-06-27 20:44:16,199{GMT}	INFO	[jepsen worker 3] jepsen.util: 3	:ok	:read	[0 1 3 4 5 6 7 8 9 11 12]
2025-06-27 20:44:16,216{GMT}	INFO	[jepsen worker 4] jepsen.util: 4	:invoke	:read	nil
2025-06-27 20:44:16,218{GMT}	INFO	[jepsen worker 4] jepsen.util: 4	:ok	:read	[0 1 3 4 5 6 7 8 9 11 12]
2025-06-27 20:44:16,271{GMT}	INFO	[jepsen worker 0] jepsen.util: 0	:invoke	:read	nil
2025-06-27 20:44:16,273{GMT}	INFO	[jepsen worker 0] jepsen.util: 0	:ok	:read	[0 1 3 4 5 6 7 8 9 11 12]
2025-06-27 20:44:16,414{GMT}	INFO	[jepsen worker 0] jepsen.util: 0	:invoke	:read	nil
2025-06-27 20:44:16,417{GMT}	INFO	[jepsen worker 0] jepsen.util: 0	:ok	:read	[0 1 3 4 5 6 7 8 9 11 12]
2025-06-27 20:44:16,498{GMT}	INFO	[jepsen worker 1] jepsen.util: 1	:invoke	:read	nil
2025-06-27 20:44:16,501{GMT}	INFO	[jepsen worker 1] jepsen.util: 1	:ok	:read	[0 1 3 4 5 6 7 8 9 11 12]
2025-06-27 20:44:16,556{GMT}	INFO	[jepsen worker 2] jepsen.util: 2	:invoke	:read	nil
2025-06-27 20:44:16,558{GMT}	INFO	[jepsen worker 2] jepsen.util: 2	:ok	:read	[2 10]
2025-06-27 20:44:16,643{GMT}	INFO	[jepsen worker 3] jepsen.util: 3	:invoke	:read	nil
2025-06-27 20:44:16,645{GMT}	INFO	[jepsen worker 3] jepsen.util: 3	:ok	:read	[0 1 3 4 5 6 7 8 9 11 12]
2025-06-27 20:44:16,812{GMT}	INFO	[jepsen worker 4] jepsen.util: 4	:invoke	:read	nil
2025-06-27 20:44:16,814{GMT}	INFO	[jepsen worker 4] jepsen.util: 4	:ok	:read	[0 1 3 4 5 6 7 8 9 11 12]
2025-06-27 20:44:16,988{GMT}	INFO	[jepsen worker 0] jepsen.util: 0	:invoke	:broadcast	13
2025-06-27 20:44:16,990{GMT}	INFO	[jepsen worker 0] jepsen.util: 0	:ok	:broadcast	13
2025-06-27 20:44:17,141{GMT}	INFO	[jepsen worker 0] jepsen.util: 0	:invoke	:broadcast	14
2025-06-27 20:44:17,145{GMT}	INFO	[jepsen worker 0] jepsen.util: 0	:ok	:broadcast	14
2025-06-27 20:44:17,187{GMT}	INFO	[jepsen worker 1] jepsen.util: 1	:invoke	:read	nil
2025-06-27 20:44:17,189{GMT}	INFO	[jepsen worker 1] jepsen.util: 1	:ok	:read	[0 1 3 4 5 6 7 8 9 11 12 13 14]
2025-06-27 20:44:17,365{GMT}	INFO	[jepsen worker 2] jepsen.util: 2	:invoke	:broadcast	15
2025-06-27 20:44:17,367{GMT}	INFO	[jepsen worker 2] jepsen.util: 2	:ok	:broadcast	15
2025-06-27 20:44:17,513{GMT}	INFO	[jepsen worker 3] jepsen.util: 3	:invoke	:read	nil
2025-06-27 20:44:17,516{GMT}	INFO	[jepsen worker 3] jepsen.util: 3	:ok	:read	[0 1 3 4 5 6 7 8 9 11 12 13 14]
2025-06-27 20:44:17,581{GMT}	INFO	[jepsen worker 4] jepsen.util: 4	:invoke	:read	nil
2025-06-27 20:44:17,584{GMT}	INFO	[jepsen worker 4] jepsen.util: 4	:ok	:read	[0 1 3 4 5 6 7 8 9 11 12 13 14]
2025-06-27 20:44:17,706{GMT}	INFO	[jepsen worker 0] jepsen.util: 0	:invoke	:broadcast	16
2025-06-27 20:44:17,708{GMT}	INFO	[jepsen worker 0] jepsen.util: 0	:ok	:broadcast	16
2025-06-27 20:44:17,763{GMT}	INFO	[jepsen worker 0] jepsen.util: 0	:invoke	:broadcast	17
2025-06-27 20:44:17,765{GMT}	INFO	[jepsen worker 0] jepsen.util: 0	:ok	:broadcast	17
2025-06-27 20:44:17,915{GMT}	INFO	[jepsen worker 1] jepsen.util: 1	:invoke	:broadcast	18
2025-06-27 20:44:17,916{GMT}	INFO	[jepsen worker 1] jepsen.util: 1	:ok	:broadcast	18
2025-06-27 20:44:17,921{GMT}	INFO	[jepsen worker 2] jepsen.util: 2	:invoke	:read	nil
2025-06-27 20:44:17,922{GMT}	INFO	[jepsen worker 2] jepsen.util: 2	:ok	:read	[2 10 15]
2025-06-27 20:44:18,082{GMT}	INFO	[jepsen worker 3] jepsen.util: 3	:invoke	:broadcast	19
2025-06-27 20:44:18,084{GMT}	INFO	[jepsen worker 3] jepsen.util: 3	:ok	:broadcast	19
2025-06-27 20:44:18,141{GMT}	INFO	[jepsen worker 4] jepsen.util: 4	:invoke	:read	nil
2025-06-27 20:44:18,142{GMT}	INFO	[jepsen worker 4] jepsen.util: 4	:ok	:read	[0 1 3 4 5 6 7 8 9 11 12 13 14 16 17 18 19]
2025-06-27 20:44:18,228{GMT}	INFO	[jepsen worker 0] jepsen.util: 0	:invoke	:broadcast	20
2025-06-27 20:44:18,228{GMT}	INFO	[jepsen worker 0] jepsen.util: 0	:ok	:broadcast	20
2025-06-27 20:44:18,390{GMT}	INFO	[jepsen worker 0] jepsen.util: 0	:invoke	:read	nil
2025-06-27 20:44:18,392{GMT}	INFO	[jepsen worker 0] jepsen.util: 0	:ok	:read	[0 1 3 4 5 6 7 8 9 11 12 13 14 16 17 18 19 20]
2025-06-27 20:44:18,554{GMT}	INFO	[jepsen worker 1] jepsen.util: 1	:invoke	:broadcast	21
2025-06-27 20:44:18,557{GMT}	INFO	[jepsen worker 1] jepsen.util: 1	:ok	:broadcast	21
2025-06-27 20:44:18,597{GMT}	INFO	[jepsen worker 2] jepsen.util: 2	:invoke	:read	nil
2025-06-27 20:44:18,598{GMT}	INFO	[jepsen worker 2] jepsen.util: 2	:ok	:read	[2 10 15]
2025-06-27 20:44:18,711{GMT}	INFO	[jepsen worker 3] jepsen.util: 3	:invoke	:broadcast	22
2025-06-27 20:44:18,713{GMT}	INFO	[jepsen worker 3] jepsen.util: 3	:ok	:broadcast	22
2025-06-27 20:44:18,884{GMT}	INFO	[jepsen worker 4] jepsen.util: 4	:invoke	:read	nil
2025-06-27 20:44:18,886{GMT}	INFO	[jepsen worker 4] jepsen.util: 4	:ok	:read	[0 1 3 4 5 6 7 8 9 11 12 13 14 16 17 18 19 20 21 22]
2025-06-27 20:44:19,039{GMT}	INFO	[jepsen worker 0] jepsen.util: 0	:invoke	:read	nil
2025-06-27 20:44:19,042{GMT}	INFO	[jepsen worker 0] jepsen.util: 0	:ok	:read	[0 1 3 4 5 6 7 8 9 11 12 13 14 16 17 18 19 20 21 22]
2025-06-27 20:44:19,070{GMT}	INFO	[jepsen worker 0] jepsen.util: 0	:invoke	:broadcast	23
2025-06-27 20:44:19,072{GMT}	INFO	[jepsen worker 0] jepsen.util: 0	:ok	:broadcast	23
2025-06-27 20:44:19,197{GMT}	INFO	[jepsen worker 1] jepsen.util: 1	:invoke	:read	nil
2025-06-27 20:44:19,200{GMT}	INFO	[jepsen worker 1] jepsen.util: 1	:ok	:read	[0 1 3 4 5 6 7 8 9 11 12 13 14 16 17 18 19 20 21 22 23]
2025-06-27 20:44:19,300{GMT}	INFO	[jepsen worker 2] jepsen.util: 2	:invoke	:read	nil
2025-06-27 20:44:19,301{GMT}	INFO	[jepsen worker 2] jepsen.util: 2	:ok	:read	[2 10 15]
2025-06-27 20:44:19,457{GMT}	INFO	[jepsen worker 3] jepsen.util: 3	:invoke	:read	nil
2025-06-27 20:44:19,459{GMT}	INFO	[jepsen worker 3] jepsen.util: 3	:ok	:read	[0 1 3 4 5 6 7 8 9 11 12 13 14 16 17 18 19 20 21 22 23]
2025-06-27 20:44:19,526{GMT}	INFO	[jepsen worker 4] jepsen.util: 4	:invoke	:read	nil
2025-06-27 20:44:19,528{GMT}	INFO	[jepsen worker 4] jepsen.util: 4	:ok	:read	[0 1 3 4 5 6 7 8 9 11 12 13 14 16 17 18 19 20 21 22 23]
2025-06-27 20:44:19,634{GMT}	INFO	[jepsen worker 0] jepsen.util: 0	:invoke	:broadcast	24
2025-06-27 20:44:19,636{GMT}	INFO	[jepsen worker 0] jepsen.util: 0	:ok	:broadcast	24
2025-06-27 20:44:19,813{GMT}	INFO	[jepsen worker 0] jepsen.util: 0	:invoke	:read	nil
2025-06-27 20:44:19,815{GMT}	INFO	[jepsen worker 0] jepsen.util: 0	:ok	:read	[0 1 3 4 5 6 7 8 9 11 12 13 14 16 17 18 19 20 21 22 23 24]
2025-06-27 20:44:19,836{GMT}	INFO	[jepsen worker 1] jepsen.util: 1	:invoke	:read	nil
2025-06-27 20:44:19,839{GMT}	INFO	[jepsen worker 1] jepsen.util: 1	:ok	:read	[0 1 3 4 5 6 7 8 9 11 12 13 14 16 17 18 19 20 21 22 23 24]
2025-06-27 20:44:20,014{GMT}	INFO	[jepsen worker 2] jepsen.util: 2	:invoke	:read	nil
2025-06-27 20:44:20,017{GMT}	INFO	[jepsen worker 2] jepsen.util: 2	:ok	:read	[2 10 15]
2025-06-27 20:44:20,065{GMT}	INFO	[jepsen worker 3] jepsen.util: 3	:invoke	:broadcast	25
2025-06-27 20:44:20,066{GMT}	INFO	[jepsen worker 3] jepsen.util: 3	:ok	:broadcast	25
2025-06-27 20:44:20,175{GMT}	INFO	[jepsen worker 4] jepsen.util: 4	:invoke	:broadcast	26
2025-06-27 20:44:20,178{GMT}	INFO	[jepsen worker 4] jepsen.util: 4	:ok	:broadcast	26
2025-06-27 20:44:20,206{GMT}	INFO	[jepsen worker 0] jepsen.util: 0	:invoke	:read	nil
2025-06-27 20:44:20,208{GMT}	INFO	[jepsen worker 0] jepsen.util: 0	:ok	:read	[0 1 3 4 5 6 7 8 9 11 12 13 14 16 17 18 19 20 21 22 23 24 25 26]
2025-06-27 20:44:20,355{GMT}	INFO	[jepsen worker 0] jepsen.util: 0	:invoke	:read	nil
2025-06-27 20:44:20,357{GMT}	INFO	[jepsen worker 0] jepsen.util: 0	:ok	:read	[0 1 3 4 5 6 7 8 9 11 12 13 14 16 17 18 19 20 21 22 23 24 25 26]
2025-06-27 20:44:20,423{GMT}	INFO	[jepsen worker 1] jepsen.util: 1	:invoke	:broadcast	27
2025-06-27 20:44:20,425{GMT}	INFO	[jepsen worker 1] jepsen.util: 1	:ok	:broadcast	27
2025-06-27 20:44:20,559{GMT}	INFO	[jepsen worker 2] jepsen.util: 2	:invoke	:read	nil
2025-06-27 20:44:20,561{GMT}	INFO	[jepsen worker 2] jepsen.util: 2	:ok	:read	[2 10 15]
2025-06-27 20:44:20,645{GMT}	INFO	[jepsen worker 3] jepsen.util: 3	:invoke	:read	nil
2025-06-27 20:44:20,647{GMT}	INFO	[jepsen worker 3] jepsen.util: 3	:ok	:read	[0 1 3 4 5 6 7 8 9 11 12 13 14 16 17 18 19 20 21 22 23 24 25 26 27]
2025-06-27 20:44:20,822{GMT}	INFO	[jepsen worker 4] jepsen.util: 4	:invoke	:broadcast	28
2025-06-27 20:44:20,825{GMT}	INFO	[jepsen worker 4] jepsen.util: 4	:ok	:broadcast	28
2025-06-27 20:44:20,938{GMT}	INFO	[jepsen worker 0] jepsen.util: 0	:invoke	:read	nil
2025-06-27 20:44:20,942{GMT}	INFO	[jepsen worker 0] jepsen.util: 0	:ok	:read	[0 1 3 4 5 6 7 8 9 11 12 13 14 16 17 18 19 20 21 22 23 24 25 26 27 28]
2025-06-27 20:44:20,969{GMT}	INFO	[jepsen worker 0] jepsen.util: 0	:invoke	:read	nil
2025-06-27 20:44:20,970{GMT}	INFO	[jepsen worker 0] jepsen.util: 0	:ok	:read	[0 1 3 4 5 6 7 8 9 11 12 13 14 16 17 18 19 20 21 22 23 24 25 26 27 28]
2025-06-27 20:44:21,022{GMT}	INFO	[jepsen worker 1] jepsen.util: 1	:invoke	:broadcast	29
2025-06-27 20:44:21,023{GMT}	INFO	[jepsen worker 1] jepsen.util: 1	:ok	:broadcast	29
2025-06-27 20:44:21,193{GMT}	INFO	[jepsen worker 2] jepsen.util: 2	:invoke	:broadcast	30
2025-06-27 20:44:21,195{GMT}	INFO	[jepsen worker 2] jepsen.util: 2	:ok	:broadcast	30
2025-06-27 20:44:21,289{GMT}	INFO	[jepsen worker 3] jepsen.util: 3	:invoke	:read	nil
2025-06-27 20:44:21,292{GMT}	INFO	[jepsen worker 3] jepsen.util: 3	:ok	:read	[0 1 3 4 5 6 7 8 9 11 12 13 14 16 17 18 19 20 21 22 23 24 25 26 27 28 29]
2025-06-27 20:44:21,444{GMT}	INFO	[jepsen worker 4] jepsen.util: 4	:invoke	:read	nil
2025-06-27 20:44:21,447{GMT}	INFO	[jepsen worker 4] jepsen.util: 4	:ok	:read	[0 1 3 4 5 6 7 8 9 11 12 13 14 16 17 18 19 20 21 22 23 24 25 26 27 28 29]
2025-06-27 20:44:21,472{GMT}	INFO	[jepsen worker 0] jepsen.util: 0	:invoke	:broadcast	31
2025-06-27 20:44:21,474{GMT}	INFO	[jepsen worker 0] jepsen.util: 0	:ok	:broadcast	31
2025-06-27 20:44:21,488{GMT}	INFO	[jepsen worker 0] jepsen.util: 0	:invoke	:read	nil
2025-06-27 20:44:21,490{GMT}	INFO	[jepsen worker 0] jepsen.util: 0	:ok	:read	[0 1 3 4 5 6 7 8 9 11 12 13 14 16 17 18 19 20 21 22 23 24 25 26 27 28 29 31]
2025-06-27 20:44:21,670{GMT}	INFO	[jepsen worker 1] jepsen.util: 1	:invoke	:broadcast	32
2025-06-27 20:44:21,673{GMT}	INFO	[jepsen worker 1] jepsen.util: 1	:ok	:broadcast	32
2025-06-27 20:44:21,857{GMT}	INFO	[jepsen worker 2] jepsen.util: 2	:invoke	:broadcast	33
2025-06-27 20:44:21,860{GMT}	INFO	[jepsen worker 2] jepsen.util: 2	:ok	:broadcast	33
2025-06-27 20:44:21,911{GMT}	INFO	[jepsen worker 3] jepsen.util: 3	:invoke	:read	nil
2025-06-27 20:44:21,914{GMT}	INFO	[jepsen worker 3] jepsen.util: 3	:ok	:read	[0 1 3 4 5 6 7 8 9 11 12 13 14 16 17 18 19 20 21 22 23 24 25 26 27 28 29 31 32]
2025-06-27 20:44:22,055{GMT}	INFO	[jepsen worker 4] jepsen.util: 4	:invoke	:broadcast	34
2025-06-27 20:44:22,057{GMT}	INFO	[jepsen worker 4] jepsen.util: 4	:ok	:broadcast	34
2025-06-27 20:44:22,222{GMT}	INFO	[jepsen worker 0] jepsen.util: 0	:invoke	:read	nil
2025-06-27 20:44:22,224{GMT}	INFO	[jepsen worker 0] jepsen.util: 0	:ok	:read	[0 1 3 4 5 6 7 8 9 11 12 13 14 16 17 18 19 20 21 22 23 24 25 26 27 28 29 31 32 34]
2025-06-27 20:44:22,399{GMT}	INFO	[jepsen worker 0] jepsen.util: 0	:invoke	:read	nil
2025-06-27 20:44:22,402{GMT}	INFO	[jepsen worker 0] jepsen.util: 0	:ok	:read	[0 1 3 4 5 6 7 8 9 11 12 13 14 16 17 18 19 20 21 22 23 24 25 26 27 28 29 31 32 34]
2025-06-27 20:44:22,555{GMT}	INFO	[jepsen worker 1] jepsen.util: 1	:invoke	:read	nil
2025-06-27 20:44:22,557{GMT}	INFO	[jepsen worker 1] jepsen.util: 1	:ok	:read	[0 1 3 4 5 6 7 8 9 11 12 13 14 16 17 18 19 20 21 22 23 24 25 26 27 28 29 31 32 34]
2025-06-27 20:44:22,750{GMT}	INFO	[jepsen worker 2] jepsen.util: 2	:invoke	:read	nil
2025-06-27 20:44:22,752{GMT}	INFO	[jepsen worker 2] jepsen.util: 2	:ok	:read	[2 10 15 30 33]
2025-06-27 20:44:22,855{GMT}	INFO	[jepsen worker 3] jepsen.util: 3	:invoke	:broadcast	35
2025-06-27 20:44:22,857{GMT}	INFO	[jepsen worker 3] jepsen.util: 3	:ok	:broadcast	35
2025-06-27 20:44:22,972{GMT}	INFO	[jepsen worker nemesis] jepsen.util: :nemesis	:info	:stop-partition	nil
2025-06-27 20:44:22,973{GMT}	INFO	[jepsen worker nemesis] jepsen.util: :nemesis	:info	:stop-partition	:network-healed
2025-06-27 20:44:23,055{GMT}	INFO	[jepsen worker 0] jepsen.util: 0	:invoke	:broadcast	36
2025-06-27 20:44:23,057{GMT}	INFO	[jepsen worker 0] jepsen.util: 0	:ok	:broadcast	36
2025-06-27 20:44:23,153{GMT}	INFO	[jepsen worker 0] jepsen.util: 0	:invoke	:read	nil
2025-06-27 20:44:23,154{GMT}	INFO	[jepsen worker 0] jepsen.util: 0	:ok	:read	[0 1 3 4 5 6 7 8 9 11 12 13 14 16 17 18 19 20 21 22 23 24 25 26 27 28 29 31 32 34 35 36]
2025-06-27 20:44:23,318{GMT}	INFO	[jepsen worker 1] jepsen.util: 1	:invoke	:read	nil
2025-06-27 20:44:23,321{GMT}	INFO	[jepsen worker 1] jepsen.util: 1	:ok	:read	[0 1 3 4 5 6 7 8 9 11 12 13 14 16 17 18 19 20 21 22 23 24 25 26 27 28 29 31 32 34 35 36]
2025-06-27 20:44:23,405{GMT}	INFO	[jepsen worker 2] jepsen.util: 2	:invoke	:read	nil
2025-06-27 20:44:23,405{GMT}	INFO	[jepsen worker 2] jepsen.util: 2	:ok	:read	[2 10 15 30 33 36]
2025-06-27 20:44:23,478{GMT}	INFO	[jepsen worker 3] jepsen.util: 3	:invoke	:read	nil
2025-06-27 20:44:23,479{GMT}	INFO	[jepsen worker 3] jepsen.util: 3	:ok	:read	[0 1 3 4 5 6 7 8 9 11 12 13 14 16 17 18 19 20 21 22 23 24 25 26 27 28 29 31 32 34 35 36]
2025-06-27 20:44:23,577{GMT}	INFO	[jepsen worker 4] jepsen.util: 4	:invoke	:broadcast	37
2025-06-27 20:44:23,579{GMT}	INFO	[jepsen worker 4] jepsen.util: 4	:ok	:broadcast	37
2025-06-27 20:44:23,776{GMT}	INFO	[jepsen worker 0] jepsen.util: 0	:invoke	:broadcast	38
2025-06-27 20:44:23,778{GMT}	INFO	[jepsen worker 0] jepsen.util: 0	:ok	:broadcast	38
2025-06-27 20:44:23,919{GMT}	INFO	[jepsen worker 0] jepsen.util: 0	:invoke	:read	nil
2025-06-27 20:44:23,921{GMT}	INFO	[jepsen worker 0] jepsen.util: 0	:ok	:read	[0 1 3 4 5 6 7 8 9 11 12 13 14 16 17 18 19 20 21 22 23 24 25 26 27 28 29 31 32 34 35 36 37 38]
2025-06-27 20:44:24,072{GMT}	INFO	[jepsen worker 1] jepsen.util: 1	:invoke	:read	nil
2025-06-27 20:44:24,074{GMT}	INFO	[jepsen worker 1] jepsen.util: 1	:ok	:read	[0 1 3 4 5 6 7 8 9 11 12 13 14 16 17 18 19 20 21 22 23 24 25 26 27 28 29 31 32 34 35 36 37 38]
2025-06-27 20:44:24,152{GMT}	INFO	[jepsen worker 2] jepsen.util: 2	:invoke	:read	nil
2025-06-27 20:44:24,154{GMT}	INFO	[jepsen worker 2] jepsen.util: 2	:ok	:read	[2 10 15 30 33 36 37 38]
2025-06-27 20:44:24,277{GMT}	INFO	[jepsen worker 3] jepsen.util: 3	:invoke	:broadcast	39
2025-06-27 20:44:24,279{GMT}	INFO	[jepsen worker 3] jepsen.util: 3	:ok	:broadcast	39
2025-06-27 20:44:24,452{GMT}	INFO	[jepsen worker 4] jepsen.util: 4	:invoke	:read	nil
2025-06-27 20:44:24,454{GMT}	INFO	[jepsen worker 4] jepsen.util: 4	:ok	:read	[0 1 3 4 5 6 7 8 9 11 12 13 14 16 17 18 19 20 21 22 23 24 25 26 27 28 29 31 32 34 35 36 37 38 39]
2025-06-27 20:44:24,577{GMT}	INFO	[jepsen worker 0] jepsen.util: 0	:invoke	:read	nil
2025-06-27 20:44:24,579{GMT}	INFO	[jepsen worker 0] jepsen.util: 0	:ok	:read	[0 1 3 4 5 6 7 8 9 11 12 13 14 16 17 18 19 20 21 22 23 24 25 26 27 28 29 31 32 34 35 36 37 38 39]
2025-06-27 20:44:24,606{GMT}	INFO	[jepsen worker 0] jepsen.util: 0	:invoke	:broadcast	40
2025-06-27 20:44:24,607{GMT}	INFO	[jepsen worker 0] jepsen.util: 0	:ok	:broadcast	40
2025-06-27 20:44:24,656{GMT}	INFO	[jepsen worker 1] jepsen.util: 1	:invoke	:broadcast	41
2025-06-27 20:44:24,658{GMT}	INFO	[jepsen worker 1] jepsen.util: 1	:ok	:broadcast	41
2025-06-27 20:44:24,774{GMT}	INFO	[jepsen worker 2] jepsen.util: 2	:invoke	:read	nil
2025-06-27 20:44:24,776{GMT}	INFO	[jepsen worker 2] jepsen.util: 2	:ok	:read	[2 10 15 30 33 36 37 38 39 40 41]
2025-06-27 20:44:24,936{GMT}	INFO	[jepsen worker 3] jepsen.util: 3	:invoke	:read	nil
2025-06-27 20:44:24,938{GMT}	INFO	[jepsen worker 3] jepsen.util: 3	:ok	:read	[0 1 3 4 5 6 7 8 9 11 12 13 14 16 17 18 19 20 21 22 23 24 25 26 27 28 29 31 32 34 35 36 37 38 39 40 41]
2025-06-27 20:44:25,001{GMT}	INFO	[jepsen worker 4] jepsen.util: 4	:invoke	:read	nil
2025-06-27 20:44:25,003{GMT}	INFO	[jepsen worker 4] jepsen.util: 4	:ok	:read	[0 1 3 4 5 6 7 8 9 11 12 13 14 16 17 18 19 20 21 22 23 24 25 26 27 28 29 31 32 34 35 36 37 38 39 40 41]
2025-06-27 20:44:25,022{GMT}	INFO	[jepsen worker 0] jepsen.util: 0	:invoke	:broadcast	42
2025-06-27 20:44:25,024{GMT}	INFO	[jepsen worker 0] jepsen.util: 0	:ok	:broadcast	42
2025-06-27 20:44:25,102{GMT}	INFO	[jepsen worker 0] jepsen.util: 0	:invoke	:broadcast	43
2025-06-27 20:44:25,104{GMT}	INFO	[jepsen worker 0] jepsen.util: 0	:ok	:broadcast	43
2025-06-27 20:44:25,208{GMT}	INFO	[jepsen worker 1] jepsen.util: 1	:invoke	:read	nil
2025-06-27 20:44:25,209{GMT}	INFO	[jepsen worker 1] jepsen.util: 1	:ok	:read	[0 1 3 4 5 6 7 8 9 11 12 13 14 16 17 18 19 20 21 22 23 24 25 26 27 28 29 31 32 34 35 36 37 38 39 40 41 42 43]
2025-06-27 20:44:25,355{GMT}	INFO	[jepsen worker 2] jepsen.util: 2	:invoke	:broadcast	44
2025-06-27 20:44:25,356{GMT}	INFO	[jepsen worker 2] jepsen.util: 2	:ok	:broadcast	44
2025-06-27 20:44:25,364{GMT}	INFO	[jepsen worker 3] jepsen.util: 3	:invoke	:broadcast	45
2025-06-27 20:44:25,366{GMT}	INFO	[jepsen worker 3] jepsen.util: 3	:ok	:broadcast	45
2025-06-27 20:44:25,489{GMT}	INFO	[jepsen worker 4] jepsen.util: 4	:invoke	:read	nil
2025-06-27 20:44:25,490{GMT}	INFO	[jepsen worker 4] jepsen.util: 4	:ok	:read	[0 1 3 4 5 6 7 8 9 11 12 13 14 16 17 18 19 20 21 22 23 24 25 26 27 28 29 31 32 34 35 36 37 38 39 40 41 42 43 44 45]
2025-06-27 20:44:25,639{GMT}	INFO	[jepsen worker 0] jepsen.util: 0	:invoke	:broadcast	46
2025-06-27 20:44:25,641{GMT}	INFO	[jepsen worker 0] jepsen.util: 0	:ok	:broadcast	46
2025-06-27 20:44:25,704{GMT}	INFO	[jepsen worker 0] jepsen.util: 0	:invoke	:read	nil
2025-06-27 20:44:25,704{GMT}	INFO	[jepsen worker 0] jepsen.util: 0	:ok	:read	[0 1 3 4 5 6 7 8 9 11 12 13 14 16 17 18 19 20 21 22 23 24 25 26 27 28 29 31 32 34 35 36 37 38 39 40 41 42 43 44 45 46]
2025-06-27 20:44:25,821{GMT}	INFO	[jepsen worker 1] jepsen.util: 1	:invoke	:broadcast	47
2025-06-27 20:44:25,822{GMT}	INFO	[jepsen worker 1] jepsen.util: 1	:ok	:broadcast	47
2025-06-27 20:44:25,834{GMT}	INFO	[jepsen worker 2] jepsen.util: 2	:invoke	:read	nil
2025-06-27 20:44:25,834{GMT}	INFO	[jepsen worker 2] jepsen.util: 2	:ok	:read	[2 10 15 30 33 36 37 38 39 40 41 42 43 44 45 46 47]
2025-06-27 20:44:25,881{GMT}	INFO	[jepsen worker 3] jepsen.util: 3	:invoke	:broadcast	48
2025-06-27 20:44:25,881{GMT}	INFO	[jepsen worker 3] jepsen.util: 3	:ok	:broadcast	48
2025-06-27 20:44:25,903{GMT}	INFO	[jepsen worker 4] jepsen.util: 4	:invoke	:read	nil
2025-06-27 20:44:25,904{GMT}	INFO	[jepsen worker 4] jepsen.util: 4	:ok	:read	[0 1 3 4 5 6 7 8 9 11 12 13 14 16 17 18 19 20 21 22 23 24 25 26 27 28 29 31 32 34 35 36 37 38 39 40 41 42 43 44 45 46 47 48]
2025-06-27 20:44:25,974{GMT}	INFO	[jepsen worker 0] jepsen.util: 0	:invoke	:read	nil
2025-06-27 20:44:25,976{GMT}	INFO	[jepsen worker 0] jepsen.util: 0	:ok	:read	[0 1 3 4 5 6 7 8 9 11 12 13 14 16 17 18 19 20 21 22 23 24 25 26 27 28 29 31 32 34 35 36 37 38 39 40 41 42 43 44 45 46 47 48]
2025-06-27 20:44:26,013{GMT}	INFO	[jepsen worker 0] jepsen.util: 0	:invoke	:broadcast	49
2025-06-27 20:44:26,015{GMT}	INFO	[jepsen worker 0] jepsen.util: 0	:ok	:broadcast	49
2025-06-27 20:44:26,164{GMT}	INFO	[jepsen worker 1] jepsen.util: 1	:invoke	:read	nil
2025-06-27 20:44:26,167{GMT}	INFO	[jepsen worker 1] jepsen.util: 1	:ok	:read	[0 1 3 4 5 6 7 8 9 11 12 13 14 16 17 18 19 20 21 22 23 24 25 26 27 28 29 31 32 34 35 36 37 38 39 40 41 42 43 44 45 46 47 48 49]
2025-06-27 20:44:26,316{GMT}	INFO	[jepsen worker 2] jepsen.util: 2	:invoke	:read	nil
2025-06-27 20:44:26,318{GMT}	INFO	[jepsen worker 2] jepsen.util: 2	:ok	:read	[2 10 15 30 33 36 37 38 39 40 41 42 43 44 45 46 47 48 49]
2025-06-27 20:44:26,482{GMT}	INFO	[jepsen worker 3] jepsen.util: 3	:invoke	:read	nil
2025-06-27 20:44:26,484{GMT}	INFO	[jepsen worker 3] jepsen.util: 3	:ok	:read	[0 1 3 4 5 6 7 8 9 11 12 13 14 16 17 18 19 20 21 22 23 24 25 26 27 28 29 31 32 34 35 36 37 38 39 40 41 42 43 44 45 46 47 48 49]
2025-06-27 20:44:26,581{GMT}	INFO	[jepsen worker 4] jepsen.util: 4	:invoke	:broadcast	50
2025-06-27 20:44:26,584{GMT}	INFO	[jepsen worker 4] jepsen.util: 4	:ok	:broadcast	50
2025-06-27 20:44:26,621{GMT}	INFO	[jepsen worker 0] jepsen.util: 0	:invoke	:broadcast	51
2025-06-27 20:44:26,623{GMT}	INFO	[jepsen worker 0] jepsen.util: 0	:ok	:broadcast	51
2025-06-27 20:44:26,710{GMT}	INFO	[jepsen worker 0] jepsen.util: 0	:invoke	:broadcast	52
2025-06-27 20:44:26,711{GMT}	INFO	[jepsen worker 0] jepsen.util: 0	:ok	:broadcast	52
2025-06-27 20:44:26,858{GMT}	INFO	[jepsen worker 1] jepsen.util: 1	:invoke	:read	nil
2025-06-27 20:44:26,860{GMT}	INFO	[jepsen worker 1] jepsen.util: 1	:ok	:read	[0 1 3 4 5 6 7 8 9 11 12 13 14 16 17 18 19 20 21 22 23 24 25 26 27 28 29 31 32 34 35 36 37 38 39 40 41 42 43 44 45 46 47 48 49 50 51 52]
2025-06-27 20:44:26,908{GMT}	INFO	[jepsen worker 2] jepsen.util: 2	:invoke	:read	nil
2025-06-27 20:44:26,910{GMT}	INFO	[jepsen worker 2] jepsen.util: 2	:ok	:read	[2 10 15 30 33 36 37 38 39 40 41 42 43 44 45 46 47 48 49 50 51 52]
2025-06-27 20:44:26,910{GMT}	INFO	[jepsen worker 3] jepsen.util: 3	:invoke	:read	nil
2025-06-27 20:44:26,911{GMT}	INFO	[jepsen worker 3] jepsen.util: 3	:ok	:read	[0 1 3 4 5 6 7 8 9 11 12 13 14 16 17 18 19 20 21 22 23 24 25 26 27 28 29 31 32 34 35 36 37 38 39 40 41 42 43 44 45 46 47 48 49 50 51 52]
2025-06-27 20:44:26,981{GMT}	INFO	[jepsen worker 4] jepsen.util: 4	:invoke	:broadcast	53
2025-06-27 20:44:26,983{GMT}	INFO	[jepsen worker 4] jepsen.util: 4	:ok	:broadcast	53
2025-06-27 20:44:27,046{GMT}	INFO	[jepsen worker 0] jepsen.util: 0	:invoke	:read	nil
2025-06-27 20:44:27,053{GMT}	INFO	[jepsen worker 0] jepsen.util: 0	:ok	:read	[0 1 3 4 5 6 7 8 9 11 12 13 14 16 17 18 19 20 21 22 23 24 25 26 27 28 29 31 32 34 35 36 37 38 39 40 41 42 43 44 45 46 47 48 49 50 51 52 53]
2025-06-27 20:44:27,159{GMT}	INFO	[jepsen worker 0] jepsen.util: 0	:invoke	:read	nil
2025-06-27 20:44:27,161{GMT}	INFO	[jepsen worker 0] jepsen.util: 0	:ok	:read	[0 1 3 4 5 6 7 8 9 11 12 13 14 16 17 18 19 20 21 22 23 24 25 26 27 28 29 31 32 34 35 36 37 38 39 40 41 42 43 44 45 46 47 48 49 50 51 52 53]
2025-06-27 20:44:27,271{GMT}	INFO	[jepsen worker 1] jepsen.util: 1	:invoke	:read	nil
2025-06-27 20:44:27,273{GMT}	INFO	[jepsen worker 1] jepsen.util: 1	:ok	:read	[0 1 3 4 5 6 7 8 9 11 12 13 14 16 17 18 19 20 21 22 23 24 25 26 27 28 29 31 32 34 35 36 37 38 39 40 41 42 43 44 45 46 47 48 49 50 51 52 53]
2025-06-27 20:44:27,354{GMT}	INFO	[jepsen worker 2] jepsen.util: 2	:invoke	:broadcast	54
2025-06-27 20:44:27,356{GMT}	INFO	[jepsen worker 2] jepsen.util: 2	:ok	:broadcast	54
2025-06-27 20:44:27,455{GMT}	INFO	[jepsen worker 3] jepsen.util: 3	:invoke	:read	nil
2025-06-27 20:44:27,457{GMT}	INFO	[jepsen worker 3] jepsen.util: 3	:ok	:read	[0 1 3 4 5 6 7 8 9 11 12 13 14 16 17 18 19 20 21 22 23 24 25 26 27 28 29 31 32 34 35 36 37 38 39 40 41 42 43 44 45 46 47 48 49 50 51 52 53 54]
2025-06-27 20:44:27,506{GMT}	INFO	[jepsen worker 4] jepsen.util: 4	:invoke	:read	nil
2025-06-27 20:44:27,508{GMT}	INFO	[jepsen worker 4] jepsen.util: 4	:ok	:read	[0 1 3 4 5 6 7 8 9 11 12 13 14 16 17 18 19 20 21 22 23 24 25 26 27 28 29 31 32 34 35 36 37 38 39 40 41 42 43 44 45 46 47 48 49 50 51 52 53 54]
2025-06-27 20:44:27,701{GMT}	INFO	[jepsen worker 0] jepsen.util: 0	:invoke	:broadcast	55
2025-06-27 20:44:27,703{GMT}	INFO	[jepsen worker 0] jepsen.util: 0	:ok	:broadcast	55
2025-06-27 20:44:27,895{GMT}	INFO	[jepsen worker 0] jepsen.util: 0	:invoke	:read	nil
2025-06-27 20:44:27,898{GMT}	INFO	[jepsen worker 0] jepsen.util: 0	:ok	:read	[0 1 3 4 5 6 7 8 9 11 12 13 14 16 17 18 19 20 21 22 23 24 25 26 27 28 29 31 32 34 35 36 37 38 39 40 41 42 43 44 45 46 47 48 49 50 51 52 53 54 55]
2025-06-27 20:44:28,055{GMT}	INFO	[jepsen worker 1] jepsen.util: 1	:invoke	:broadcast	56
2025-06-27 20:44:28,065{GMT}	INFO	[jepsen worker 1] jepsen.util: 1	:ok	:broadcast	56
2025-06-27 20:44:28,091{GMT}	INFO	[jepsen worker 2] jepsen.util: 2	:invoke	:broadcast	57
2025-06-27 20:44:28,092{GMT}	INFO	[jepsen worker 2] jepsen.util: 2	:ok	:broadcast	57
2025-06-27 20:44:28,138{GMT}	INFO	[jepsen worker 3] jepsen.util: 3	:invoke	:read	nil
2025-06-27 20:44:28,139{GMT}	INFO	[jepsen worker 3] jepsen.util: 3	:ok	:read	[0 1 3 4 5 6 7 8 9 11 12 13 14 16 17 18 19 20 21 22 23 24 25 26 27 28 29 31 32 34 35 36 37 38 39 40 41 42 43 44 45 46 47 48 49 50 51 52 53 54 55 56 57]
2025-06-27 20:44:28,140{GMT}	INFO	[jepsen worker 4] jepsen.util: 4	:invoke	:broadcast	58
2025-06-27 20:44:28,140{GMT}	INFO	[jepsen worker 0] jepsen.util: 0	:invoke	:broadcast	59
2025-06-27 20:44:28,141{GMT}	INFO	[jepsen worker 4] jepsen.util: 4	:ok	:broadcast	58
2025-06-27 20:44:28,141{GMT}	INFO	[jepsen worker 0] jepsen.util: 0	:ok	:broadcast	59
2025-06-27 20:44:28,149{GMT}	INFO	[jepsen worker 0] jepsen.util: 0	:invoke	:broadcast	60
2025-06-27 20:44:28,149{GMT}	INFO	[jepsen worker 0] jepsen.util: 0	:ok	:broadcast	60
2025-06-27 20:44:28,307{GMT}	INFO	[jepsen worker 1] jepsen.util: 1	:invoke	:broadcast	61
2025-06-27 20:44:28,308{GMT}	INFO	[jepsen worker 1] jepsen.util: 1	:ok	:broadcast	61
2025-06-27 20:44:28,322{GMT}	INFO	[jepsen worker 2] jepsen.util: 2	:invoke	:read	nil
2025-06-27 20:44:28,323{GMT}	INFO	[jepsen worker 2] jepsen.util: 2	:ok	:read	[2 10 15 30 33 36 37 38 39 40 41 42 43 44 45 46 47 48 49 50 51 52 53 54 55 56 57 58 59 60 61]
2025-06-27 20:44:28,410{GMT}	INFO	[jepsen worker 3] jepsen.util: 3	:invoke	:read	nil
2025-06-27 20:44:28,411{GMT}	INFO	[jepsen worker 3] jepsen.util: 3	:ok	:read	[0 1 3 4 5 6 7 8 9 11 12 13 14 16 17 18 19 20 21 22 23 24 25 26 27 28 29 31 32 34 35 36 37 38 39 40 41 42 43 44 45 46 47 48 49 50 51 52 53 54 55 56 57 58 59 60 61]
2025-06-27 20:44:28,455{GMT}	INFO	[jepsen worker 4] jepsen.util: 4	:invoke	:read	nil
2025-06-27 20:44:28,455{GMT}	INFO	[jepsen worker 4] jepsen.util: 4	:ok	:read	[0 1 3 4 5 6 7 8 9 11 12 13 14 16 17 18 19 20 21 22 23 24 25 26 27 28 29 31 32 34 35 36 37 38 39 40 41 42 43 44 45 46 47 48 49 50 51 52 53 54 55 56 57 58 59 60 61]
2025-06-27 20:44:28,602{GMT}	INFO	[jepsen worker 0] jepsen.util: 0	:invoke	:read	nil
2025-06-27 20:44:28,604{GMT}	INFO	[jepsen worker 0] jepsen.util: 0	:ok	:read	[0 1 3 4 5 6 7 8 9 11 12 13 14 16 17 18 19 20 21 22 23 24 25 26 27 28 29 31 32 34 35 36 37 38 39 40 41 42 43 44 45 46 47 48 49 50 51 52 53 54 55 56 57 59 58 60 61]
2025-06-27 20:44:28,632{GMT}	INFO	[jepsen worker 0] jepsen.util: 0	:invoke	:read	nil
2025-06-27 20:44:28,632{GMT}	INFO	[jepsen worker 0] jepsen.util: 0	:ok	:read	[0 1 3 4 5 6 7 8 9 11 12 13 14 16 17 18 19 20 21 22 23 24 25 26 27 28 29 31 32 34 35 36 37 38 39 40 41 42 43 44 45 46 47 48 49 50 51 52 53 54 55 56 57 59 58 60 61]
2025-06-27 20:44:28,717{GMT}	INFO	[jepsen worker 1] jepsen.util: 1	:invoke	:broadcast	62
2025-06-27 20:44:28,718{GMT}	INFO	[jepsen worker 1] jepsen.util: 1	:ok	:broadcast	62
2025-06-27 20:44:28,758{GMT}	INFO	[jepsen worker 2] jepsen.util: 2	:invoke	:read	nil
2025-06-27 20:44:28,759{GMT}	INFO	[jepsen worker 2] jepsen.util: 2	:ok	:read	[2 10 15 30 33 36 37 38 39 40 41 42 43 44 45 46 47 48 49 50 51 52 53 54 55 56 57 58 59 60 61 62]
2025-06-27 20:44:28,952{GMT}	INFO	[jepsen worker 3] jepsen.util: 3	:invoke	:broadcast	63
2025-06-27 20:44:28,954{GMT}	INFO	[jepsen worker 3] jepsen.util: 3	:ok	:broadcast	63
2025-06-27 20:44:29,010{GMT}	INFO	[jepsen worker 4] jepsen.util: 4	:invoke	:read	nil
2025-06-27 20:44:29,014{GMT}	INFO	[jepsen worker 4] jepsen.util: 4	:ok	:read	[0 1 3 4 5 6 7 8 9 11 12 13 14 16 17 18 19 20 21 22 23 24 25 26 27 28 29 31 32 34 35 36 37 38 39 40 41 42 43 44 45 46 47 48 49 50 51 52 53 54 55 56 57 58 59 60 61 62 63]
2025-06-27 20:44:29,065{GMT}	INFO	[jepsen worker 0] jepsen.util: 0	:invoke	:read	nil
2025-06-27 20:44:29,067{GMT}	INFO	[jepsen worker 0] jepsen.util: 0	:ok	:read	[0 1 3 4 5 6 7 8 9 11 12 13 14 16 17 18 19 20 21 22 23 24 25 26 27 28 29 31 32 34 35 36 37 38 39 40 41 42 43 44 45 46 47 48 49 50 51 52 53 54 55 56 57 59 58 60 61 62 63]
2025-06-27 20:44:29,072{GMT}	INFO	[jepsen worker 0] jepsen.util: 0	:invoke	:broadcast	64
2025-06-27 20:44:29,074{GMT}	INFO	[jepsen worker 0] jepsen.util: 0	:ok	:broadcast	64
2025-06-27 20:44:29,108{GMT}	INFO	[jepsen worker 1] jepsen.util: 1	:invoke	:read	nil
2025-06-27 20:44:29,110{GMT}	INFO	[jepsen worker 1] jepsen.util: 1	:ok	:read	[0 1 3 4 5 6 7 8 9 11 12 13 14 16 17 18 19 20 21 22 23 24 25 26 27 28 29 31 32 34 35 36 37 38 39 40 41 42 43 44 45 46 47 48 49 50 51 52 53 54 55 56 57 58 59 60 61 62 63 64]
2025-06-27 20:44:29,182{GMT}	INFO	[jepsen worker 2] jepsen.util: 2	:invoke	:read	nil
2025-06-27 20:44:29,184{GMT}	INFO	[jepsen worker 2] jepsen.util: 2	:ok	:read	[2 10 15 30 33 36 37 38 39 40 41 42 43 44 45 46 47 48 49 50 51 52 53 54 55 56 57 58 59 60 61 62 63 64]
2025-06-27 20:44:29,322{GMT}	INFO	[jepsen worker 3] jepsen.util: 3	:invoke	:broadcast	65
2025-06-27 20:44:29,324{GMT}	INFO	[jepsen worker 3] jepsen.util: 3	:ok	:broadcast	65
2025-06-27 20:44:29,426{GMT}	INFO	[jepsen worker 4] jepsen.util: 4	:invoke	:broadcast	66
2025-06-27 20:44:29,429{GMT}	INFO	[jepsen worker 4] jepsen.util: 4	:ok	:broadcast	66
2025-06-27 20:44:29,530{GMT}	INFO	[jepsen worker 0] jepsen.util: 0	:invoke	:read	nil
2025-06-27 20:44:29,533{GMT}	INFO	[jepsen worker 0] jepsen.util: 0	:ok	:read	[0 1 3 4 5 6 7 8 9 11 12 13 14 16 17 18 19 20 21 22 23 24 25 26 27 28 29 31 32 34 35 36 37 38 39 40 41 42 43 44 45 46 47 48 49 50 51 52 53 54 55 56 57 59 58 60 61 62 63 64 65 66]
2025-06-27 20:44:29,538{GMT}	INFO	[jepsen worker 0] jepsen.util: 0	:invoke	:broadcast	67
2025-06-27 20:44:29,542{GMT}	INFO	[jepsen worker 0] jepsen.util: 0	:ok	:broadcast	67
2025-06-27 20:44:29,605{GMT}	INFO	[jepsen worker 1] jepsen.util: 1	:invoke	:read	nil
2025-06-27 20:44:29,608{GMT}	INFO	[jepsen worker 1] jepsen.util: 1	:ok	:read	[0 1 3 4 5 6 7 8 9 11 12 13 14 16 17 18 19 20 21 22 23 24 25 26 27 28 29 31 32 34 35 36 37 38 39 40 41 42 43 44 45 46 47 48 49 50 51 52 53 54 55 56 57 58 59 60 61 62 63 64 65 66 67]
2025-06-27 20:44:29,786{GMT}	INFO	[jepsen worker 2] jepsen.util: 2	:invoke	:broadcast	68
2025-06-27 20:44:29,788{GMT}	INFO	[jepsen worker 2] jepsen.util: 2	:ok	:broadcast	68
2025-06-27 20:44:29,868{GMT}	INFO	[jepsen worker 3] jepsen.util: 3	:invoke	:broadcast	69
2025-06-27 20:44:29,870{GMT}	INFO	[jepsen worker 3] jepsen.util: 3	:ok	:broadcast	69
2025-06-27 20:44:30,046{GMT}	INFO	[jepsen worker 4] jepsen.util: 4	:invoke	:broadcast	70
2025-06-27 20:44:30,048{GMT}	INFO	[jepsen worker 4] jepsen.util: 4	:ok	:broadcast	70
2025-06-27 20:44:30,094{GMT}	INFO	[jepsen worker 0] jepsen.util: 0	:invoke	:broadcast	71
2025-06-27 20:44:30,096{GMT}	INFO	[jepsen worker 0] jepsen.util: 0	:ok	:broadcast	71
2025-06-27 20:44:30,264{GMT}	INFO	[jepsen worker 0] jepsen.util: 0	:invoke	:broadcast	72
2025-06-27 20:44:30,265{GMT}	INFO	[jepsen worker 0] jepsen.util: 0	:ok	:broadcast	72
2025-06-27 20:44:30,385{GMT}	INFO	[jepsen worker 1] jepsen.util: 1	:invoke	:read	nil
2025-06-27 20:44:30,387{GMT}	INFO	[jepsen worker 1] jepsen.util: 1	:ok	:read	[0 1 3 4 5 6 7 8 9 11 12 13 14 16 17 18 19 20 21 22 23 24 25 26 27 28 29 31 32 34 35 36 37 38 39 40 41 42 43 44 45 46 47 48 49 50 51 52 53 54 55 56 57 58 59 60 61 62 63 64 65 66 67 68 69 70 71 72]
2025-06-27 20:44:30,501{GMT}	INFO	[jepsen worker 2] jepsen.util: 2	:invoke	:read	nil
2025-06-27 20:44:30,503{GMT}	INFO	[jepsen worker 2] jepsen.util: 2	:ok	:read	[2 10 15 30 33 36 37 38 39 40 41 42 43 44 45 46 47 48 49 50 51 52 53 54 55 56 57 58 59 60 61 62 63 64 65 66 67 68 69 70 71 72]
2025-06-27 20:44:30,526{GMT}	INFO	[jepsen worker 3] jepsen.util: 3	:invoke	:broadcast	73
2025-06-27 20:44:30,528{GMT}	INFO	[jepsen worker 3] jepsen.util: 3	:ok	:broadcast	73
2025-06-27 20:44:30,590{GMT}	INFO	[jepsen worker 4] jepsen.util: 4	:invoke	:read	nil
2025-06-27 20:44:30,592{GMT}	INFO	[jepsen worker 4] jepsen.util: 4	:ok	:read	[0 1 3 4 5 6 7 8 9 11 12 13 14 16 17 18 19 20 21 22 23 24 25 26 27 28 29 31 32 34 35 36 37 38 39 40 41 42 43 44 45 46 47 48 49 50 51 52 53 54 55 56 57 58 59 60 61 62 63 64 65 66 67 68 69 70 71 72 73]
2025-06-27 20:44:30,599{GMT}	INFO	[jepsen worker 0] jepsen.util: 0	:invoke	:read	nil
2025-06-27 20:44:30,600{GMT}	INFO	[jepsen worker 0] jepsen.util: 0	:ok	:read	[0 1 3 4 5 6 7 8 9 11 12 13 14 16 17 18 19 20 21 22 23 24 25 26 27 28 29 31 32 34 35 36 37 38 39 40 41 42 43 44 45 46 47 48 49 50 51 52 53 54 55 56 57 59 58 60 61 62 63 64 65 66 67 68 69 70 71 72 73]
2025-06-27 20:44:30,772{GMT}	INFO	[jepsen worker 0] jepsen.util: 0	:invoke	:read	nil
2025-06-27 20:44:30,774{GMT}	INFO	[jepsen worker 0] jepsen.util: 0	:ok	:read	[0 1 3 4 5 6 7 8 9 11 12 13 14 16 17 18 19 20 21 22 23 24 25 26 27 28 29 31 32 34 35 36 37 38 39 40 41 42 43 44 45 46 47 48 49 50 51 52 53 54 55 56 57 59 58 60 61 62 63 64 65 66 67 68 69 70 71 72 73]
2025-06-27 20:44:30,972{GMT}	INFO	[jepsen worker 1] jepsen.util: 1	:invoke	:read	nil
2025-06-27 20:44:30,975{GMT}	INFO	[jepsen worker 1] jepsen.util: 1	:ok	:read	[0 1 3 4 5 6 7 8 9 11 12 13 14 16 17 18 19 20 21 22 23 24 25 26 27 28 29 31 32 34 35 36 37 38 39 40 41 42 43 44 45 46 47 48 49 50 51 52 53 54 55 56 57 58 59 60 61 62 63 64 65 66 67 68 69 70 71 72 73]
2025-06-27 20:44:31,105{GMT}	INFO	[jepsen worker 2] jepsen.util: 2	:invoke	:read	nil
2025-06-27 20:44:31,107{GMT}	INFO	[jepsen worker 2] jepsen.util: 2	:ok	:read	[2 10 15 30 33 36 37 38 39 40 41 42 43 44 45 46 47 48 49 50 51 52 53 54 55 56 57 58 59 60 61 62 63 64 65 66 67 68 69 70 71 72 73]
2025-06-27 20:44:31,118{GMT}	INFO	[jepsen worker 3] jepsen.util: 3	:invoke	:read	nil
2025-06-27 20:44:31,119{GMT}	INFO	[jepsen worker 3] jepsen.util: 3	:ok	:read	[0 1 3 4 5 6 7 8 9 11 12 13 14 16 17 18 19 20 21 22 23 24 25 26 27 28 29 31 32 34 35 36 37 38 39 40 41 42 43 44 45 46 47 48 49 50 51 52 53 54 55 56 57 58 59 60 61 62 63 64 65 66 67 68 69 70 71 72 73]
2025-06-27 20:44:31,136{GMT}	INFO	[jepsen worker 4] jepsen.util: 4	:invoke	:broadcast	74
2025-06-27 20:44:31,137{GMT}	INFO	[jepsen worker 4] jepsen.util: 4	:ok	:broadcast	74
2025-06-27 20:44:31,168{GMT}	INFO	[jepsen worker 0] jepsen.util: 0	:invoke	:read	nil
2025-06-27 20:44:31,168{GMT}	INFO	[jepsen worker 0] jepsen.util: 0	:ok	:read	[0 1 3 4 5 6 7 8 9 11 12 13 14 16 17 18 19 20 21 22 23 24 25 26 27 28 29 31 32 34 35 36 37 38 39 40 41 42 43 44 45 46 47 48 49 50 51 52 53 54 55 56 57 59 58 60 61 62 63 64 65 66 67 68 69 70 71 72 73 74]
2025-06-27 20:44:31,277{GMT}	INFO	[jepsen worker 0] jepsen.util: 0	:invoke	:read	nil
2025-06-27 20:44:31,279{GMT}	INFO	[jepsen worker 0] jepsen.util: 0	:ok	:read	[0 1 3 4 5 6 7 8 9 11 12 13 14 16 17 18 19 20 21 22 23 24 25 26 27 28 29 31 32 34 35 36 37 38 39 40 41 42 43 44 45 46 47 48 49 50 51 52 53 54 55 56 57 59 58 60 61 62 63 64 65 66 67 68 69 70 71 72 73 74]
2025-06-27 20:44:31,305{GMT}	INFO	[jepsen worker 1] jepsen.util: 1	:invoke	:broadcast	75
2025-06-27 20:44:31,306{GMT}	INFO	[jepsen worker 1] jepsen.util: 1	:ok	:broadcast	75
2025-06-27 20:44:31,346{GMT}	INFO	[jepsen worker 2] jepsen.util: 2	:invoke	:read	nil
2025-06-27 20:44:31,347{GMT}	INFO	[jepsen worker 2] jepsen.util: 2	:ok	:read	[2 10 15 30 33 36 37 38 39 40 41 42 43 44 45 46 47 48 49 50 51 52 53 54 55 56 57 58 59 60 61 62 63 64 65 66 67 68 69 70 71 72 73 74 75]
2025-06-27 20:44:31,457{GMT}	INFO	[jepsen worker 3] jepsen.util: 3	:invoke	:broadcast	76
2025-06-27 20:44:31,459{GMT}	INFO	[jepsen worker 3] jepsen.util: 3	:ok	:broadcast	76
2025-06-27 20:44:31,546{GMT}	INFO	[jepsen worker 4] jepsen.util: 4	:invoke	:read	nil
2025-06-27 20:44:31,548{GMT}	INFO	[jepsen worker 4] jepsen.util: 4	:ok	:read	[0 1 3 4 5 6 7 8 9 11 12 13 14 16 17 18 19 20 21 22 23 24 25 26 27 28 29 31 32 34 35 36 37 38 39 40 41 42 43 44 45 46 47 48 49 50 51 52 53 54 55 56 57 58 59 60 61 62 63 64 65 66 67 68 69 70 71 72 73 74 75 76]
2025-06-27 20:44:31,618{GMT}	INFO	[jepsen worker 0] jepsen.util: 0	:invoke	:broadcast	77
2025-06-27 20:44:31,619{GMT}	INFO	[jepsen worker 0] jepsen.util: 0	:ok	:broadcast	77
2025-06-27 20:44:31,793{GMT}	INFO	[jepsen worker 0] jepsen.util: 0	:invoke	:read	nil
2025-06-27 20:44:31,795{GMT}	INFO	[jepsen worker 0] jepsen.util: 0	:ok	:read	[0 1 3 4 5 6 7 8 9 11 12 13 14 16 17 18 19 20 21 22 23 24 25 26 27 28 29 31 32 34 35 36 37 38 39 40 41 42 43 44 45 46 47 48 49 50 51 52 53 54 55 56 57 59 58 60 61 62 63 64 65 66 67 68 69 70 71 72 73 74 75 76 77]
2025-06-27 20:44:31,944{GMT}	INFO	[jepsen worker 1] jepsen.util: 1	:invoke	:read	nil
2025-06-27 20:44:31,946{GMT}	INFO	[jepsen worker 1] jepsen.util: 1	:ok	:read	[0 1 3 4 5 6 7 8 9 11 12 13 14 16 17 18 19 20 21 22 23 24 25 26 27 28 29 31 32 34 35 36 37 38 39 40 41 42 43 44 45 46 47 48 49 50 51 52 53 54 55 56 57 58 59 60 61 62 63 64 65 66 67 68 69 70 71 72 73 74 75 76 77]
2025-06-27 20:44:32,121{GMT}	INFO	[jepsen worker 2] jepsen.util: 2	:invoke	:read	nil
2025-06-27 20:44:32,122{GMT}	INFO	[jepsen worker 2] jepsen.util: 2	:ok	:read	[2 10 15 30 33 36 37 38 39 40 41 42 43 44 45 46 47 48 49 50 51 52 53 54 55 56 57 58 59 60 61 62 63 64 65 66 67 68 69 70 71 72 73 74 75 76 77]
2025-06-27 20:44:32,213{GMT}	INFO	[jepsen worker 3] jepsen.util: 3	:invoke	:read	nil
2025-06-27 20:44:32,215{GMT}	INFO	[jepsen worker 3] jepsen.util: 3	:ok	:read	[0 1 3 4 5 6 7 8 9 11 12 13 14 16 17 18 19 20 21 22 23 24 25 26 27 28 29 31 32 34 35 36 37 38 39 40 41 42 43 44 45 46 47 48 49 50 51 52 53 54 55 56 57 58 59 60 61 62 63 64 65 66 67 68 69 70 71 72 73 74 75 76 77]
2025-06-27 20:44:32,411{GMT}	INFO	[jepsen worker 4] jepsen.util: 4	:invoke	:read	nil
2025-06-27 20:44:32,413{GMT}	INFO	[jepsen worker 4] jepsen.util: 4	:ok	:read	[0 1 3 4 5 6 7 8 9 11 12 13 14 16 17 18 19 20 21 22 23 24 25 26 27 28 29 31 32 34 35 36 37 38 39 40 41 42 43 44 45 46 47 48 49 50 51 52 53 54 55 56 57 58 59 60 61 62 63 64 65 66 67 68 69 70 71 72 73 74 75 76 77]
2025-06-27 20:44:32,502{GMT}	INFO	[jepsen worker 0] jepsen.util: 0	:invoke	:read	nil
2025-06-27 20:44:32,504{GMT}	INFO	[jepsen worker 0] jepsen.util: 0	:ok	:read	[0 1 3 4 5 6 7 8 9 11 12 13 14 16 17 18 19 20 21 22 23 24 25 26 27 28 29 31 32 34 35 36 37 38 39 40 41 42 43 44 45 46 47 48 49 50 51 52 53 54 55 56 57 59 58 60 61 62 63 64 65 66 67 68 69 70 71 72 73 74 75 76 77]
2025-06-27 20:44:32,580{GMT}	INFO	[jepsen worker 0] jepsen.util: 0	:invoke	:read	nil
2025-06-27 20:44:32,582{GMT}	INFO	[jepsen worker 0] jepsen.util: 0	:ok	:read	[0 1 3 4 5 6 7 8 9 11 12 13 14 16 17 18 19 20 21 22 23 24 25 26 27 28 29 31 32 34 35 36 37 38 39 40 41 42 43 44 45 46 47 48 49 50 51 52 53 54 55 56 57 59 58 60 61 62 63 64 65 66 67 68 69 70 71 72 73 74 75 76 77]
2025-06-27 20:44:32,638{GMT}	INFO	[jepsen worker 1] jepsen.util: 1	:invoke	:broadcast	78
2025-06-27 20:44:32,640{GMT}	INFO	[jepsen worker 1] jepsen.util: 1	:ok	:broadcast	78
2025-06-27 20:44:32,674{GMT}	INFO	[jepsen worker 2] jepsen.util: 2	:invoke	:read	nil
2025-06-27 20:44:32,676{GMT}	INFO	[jepsen worker 2] jepsen.util: 2	:ok	:read	[2 10 15 30 33 36 37 38 39 40 41 42 43 44 45 46 47 48 49 50 51 52 53 54 55 56 57 58 59 60 61 62 63 64 65 66 67 68 69 70 71 72 73 74 75 76 77 78]
2025-06-27 20:44:32,831{GMT}	INFO	[jepsen worker 3] jepsen.util: 3	:invoke	:read	nil
2025-06-27 20:44:32,833{GMT}	INFO	[jepsen worker 3] jepsen.util: 3	:ok	:read	[0 1 3 4 5 6 7 8 9 11 12 13 14 16 17 18 19 20 21 22 23 24 25 26 27 28 29 31 32 34 35 36 37 38 39 40 41 42 43 44 45 46 47 48 49 50 51 52 53 54 55 56 57 58 59 60 61 62 63 64 65 66 67 68 69 70 71 72 73 74 75 76 77 78]
2025-06-27 20:44:32,972{GMT}	INFO	[jepsen worker 4] jepsen.util: 4	:invoke	:read	nil
2025-06-27 20:44:32,974{GMT}	INFO	[jepsen worker 4] jepsen.util: 4	:ok	:read	[0 1 3 4 5 6 7 8 9 11 12 13 14 16 17 18 19 20 21 22 23 24 25 26 27 28 29 31 32 34 35 36 37 38 39 40 41 42 43 44 45 46 47 48 49 50 51 52 53 54 55 56 57 58 59 60 61 62 63 64 65 66 67 68 69 70 71 72 73 74 75 76 77 78]
2025-06-27 20:44:33,021{GMT}	INFO	[jepsen worker 0] jepsen.util: 0	:invoke	:read	nil
2025-06-27 20:44:33,023{GMT}	INFO	[jepsen worker 0] jepsen.util: 0	:ok	:read	[0 1 3 4 5 6 7 8 9 11 12 13 14 16 17 18 19 20 21 22 23 24 25 26 27 28 29 31 32 34 35 36 37 38 39 40 41 42 43 44 45 46 47 48 49 50 51 52 53 54 55 56 57 59 58 60 61 62 63 64 65 66 67 68 69 70 71 72 73 74 75 76 77 78]
2025-06-27 20:44:33,106{GMT}	INFO	[jepsen worker 0] jepsen.util: 0	:invoke	:read	nil
2025-06-27 20:44:33,108{GMT}	INFO	[jepsen worker 0] jepsen.util: 0	:ok	:read	[0 1 3 4 5 6 7 8 9 11 12 13 14 16 17 18 19 20 21 22 23 24 25 26 27 28 29 31 32 34 35 36 37 38 39 40 41 42 43 44 45 46 47 48 49 50 51 52 53 54 55 56 57 59 58 60 61 62 63 64 65 66 67 68 69 70 71 72 73 74 75 76 77 78]
2025-06-27 20:44:33,212{GMT}	INFO	[jepsen worker 1] jepsen.util: 1	:invoke	:read	nil
2025-06-27 20:44:33,212{GMT}	INFO	[jepsen worker 1] jepsen.util: 1	:ok	:read	[0 1 3 4 5 6 7 8 9 11 12 13 14 16 17 18 19 20 21 22 23 24 25 26 27 28 29 31 32 34 35 36 37 38 39 40 41 42 43 44 45 46 47 48 49 50 51 52 53 54 55 56 57 58 59 60 61 62 63 64 65 66 67 68 69 70 71 72 73 74 75 76 77 78]
2025-06-27 20:44:33,375{GMT}	INFO	[jepsen worker 2] jepsen.util: 2	:invoke	:read	nil
2025-06-27 20:44:33,377{GMT}	INFO	[jepsen worker 2] jepsen.util: 2	:ok	:read	[2 10 15 30 33 36 37 38 39 40 41 42 43 44 45 46 47 48 49 50 51 52 53 54 55 56 57 58 59 60 61 62 63 64 65 66 67 68 69 70 71 72 73 74 75 76 77 78]
2025-06-27 20:44:33,423{GMT}	INFO	[jepsen worker 3] jepsen.util: 3	:invoke	:read	nil
2025-06-27 20:44:33,425{GMT}	INFO	[jepsen worker 3] jepsen.util: 3	:ok	:read	[0 1 3 4 5 6 7 8 9 11 12 13 14 16 17 18 19 20 21 22 23 24 25 26 27 28 29 31 32 34 35 36 37 38 39 40 41 42 43 44 45 46 47 48 49 50 51 52 53 54 55 56 57 58 59 60 61 62 63 64 65 66 67 68 69 70 71 72 73 74 75 76 77 78]
2025-06-27 20:44:33,426{GMT}	INFO	[jepsen worker nemesis] jepsen.util: :nemesis	:info	:stop-partition	nil
2025-06-27 20:44:33,426{GMT}	INFO	[jepsen worker nemesis] jepsen.util: :nemesis	:info	:stop-partition	:network-healed
2025-06-27 20:44:33,427{GMT}	INFO	[jepsen worker nemesis] jepsen.generator.interpreter: Waiting for recovery...
2025-06-27 20:44:43,443{GMT}	INFO	[jepsen worker 2] jepsen.util: 2	:invoke	:read	nil
2025-06-27 20:44:43,443{GMT}	INFO	[jepsen worker 3] jepsen.util: 3	:invoke	:read	nil
2025-06-27 20:44:43,443{GMT}	INFO	[jepsen worker 0] jepsen.util: 0	:invoke	:read	nil
2025-06-27 20:44:43,443{GMT}	INFO	[jepsen worker 4] jepsen.util: 4	:invoke	:read	nil
2025-06-27 20:44:43,443{GMT}	INFO	[jepsen worker 1] jepsen.util: 1	:invoke	:read	nil
2025-06-27 20:44:43,445{GMT}	INFO	[jepsen worker 4] jepsen.util: 4	:ok	:read	[0 1 3 4 5 6 7 8 9 11 12 13 14 16 17 18 19 20 21 22 23 24 25 26 27 28 29 31 32 34 35 36 37 38 39 40 41 42 43 44 45 46 47 48 49 50 51 52 53 54 55 56 57 58 59 60 61 62 63 64 65 66 67 68 69 70 71 72 73 74 75 76 77 78]
2025-06-27 20:44:43,445{GMT}	INFO	[jepsen worker 1] jepsen.util: 1	:ok	:read	[0 1 3 4 5 6 7 8 9 11 12 13 14 16 17 18 19 20 21 22 23 24 25 26 27 28 29 31 32 34 35 36 37 38 39 40 41 42 43 44 45 46 47 48 49 50 51 52 53 54 55 56 57 58 59 60 61 62 63 64 65 66 67 68 69 70 71 72 73 74 75 76 77 78]
2025-06-27 20:44:43,445{GMT}	INFO	[jepsen worker 3] jepsen.util: 3	:ok	:read	[0 1 3 4 5 6 7 8 9 11 12 13 14 16 17 18 19 20 21 22 23 24 25 26 27 28 29 31 32 34 35 36 37 38 39 40 41 42 43 44 45 46 47 48 49 50 51 52 53 54 55 56 57 58 59 60 61 62 63 64 65 66 67 68 69 70 71 72 73 74 75 76 77 78]
2025-06-27 20:44:43,445{GMT}	INFO	[jepsen worker 0] jepsen.util: 0	:ok	:read	[0 1 3 4 5 6 7 8 9 11 12 13 14 16 17 18 19 20 21 22 23 24 25 26 27 28 29 31 32 34 35 36 37 38 39 40 41 42 43 44 45 46 47 48 49 50 51 52 53 54 55 56 57 59 58 60 61 62 63 64 65 66 67 68 69 70 71 72 73 74 75 76 77 78]
2025-06-27 20:44:43,445{GMT}	INFO	[jepsen worker 2] jepsen.util: 2	:ok	:read	[2 10 15 30 33 36 37 38 39 40 41 42 43 44 45 46 47 48 49 50 51 52 53 54 55 56 57 58 59 60 61 62 63 64 65 66 67 68 69 70 71 72 73 74 75 76 77 78]
2025-06-27 20:44:43,462{GMT}	INFO	[jepsen test runner] jepsen.core: Run complete, writing
2025-06-27 20:44:43,523{GMT}	INFO	[jepsen node n2] maelstrom.db: Tearing down n2
2025-06-27 20:44:43,523{GMT}	INFO	[jepsen node n0] maelstrom.db: Tearing down n0
2025-06-27 20:44:43,523{GMT}	INFO	[jepsen node n1] maelstrom.db: Tearing down n1
2025-06-27 20:44:43,523{GMT}	INFO	[jepsen node n4] maelstrom.db: Tearing down n4
2025-06-27 20:44:43,523{GMT}	INFO	[jepsen node n3] maelstrom.db: Tearing down n3
2025-06-27 20:44:44,534{GMT}	INFO	[jepsen node n0] maelstrom.net: Shutting down Maelstrom network
2025-06-27 20:44:44,537{GMT}	INFO	[jepsen test runner] jepsen.core: Analyzing...
2025-06-27 20:44:45,030{GMT}	INFO	[jepsen test runner] jepsen.core: Analysis complete
2025-06-27 20:44:45,056{GMT}	INFO	[jepsen results] jepsen.store: Wrote /Users/anandtrehan/flyio_challenges/maelstrom/store/broadcast/20250627T204412.137-0400/results.edn
2025-06-27 20:44:45,081{GMT}	INFO	[jepsen test runner] jepsen.core: {:perf {:latency-graph {:valid? true},
        :rate-graph {:valid? true},
        :valid? true},
 :timeline {:valid? true},
 :exceptions {:valid? true},
 :stats {:valid? true,
         :count 205,
         :ok-count 205,
         :fail-count 0,
         :info-count 0,
         :by-f {:broadcast {:valid? true,
                            :count 79,
                            :ok-count 79,
                            :fail-count 0,
                            :info-count 0},
                :read {:valid? true,
                       :count 126,
                       :ok-count 126,
                       :fail-count 0,
                       :info-count 0}}},
 :availability {:valid? true, :ok-fraction 1.0},
 :net {:all {:send-count 1144,
             :recv-count 1108,
             :msg-count 1144,
             :msgs-per-op 5.5804877},
       :clients {:send-count 430, :recv-count 430, :msg-count 430},
       :servers {:send-count 714,
                 :recv-count 678,
                 :msg-count 714,
                 :msgs-per-op 3.4829268},
       :valid? true},
 :workload {:worst-stale ({:element 0,
                           :outcome :stable,
                           :stable-latency 29727,
                           :lost-latency nil,
                           :known #jepsen.history.Op{:index 9,
                                                     :time 269554375,
                                                     :type :ok,
                                                     :process 4,
                                                     :f :add,
                                                     :value 0},
                           :last-absent #jepsen.history.Op{:index 406,
                                                           :time 29996568125,
                                                           :type :invoke,
                                                           :process 2,
                                                           :f :read,
                                                           :value nil,
                                                           :final? true}}
                          {:element 1,
                           :outcome :stable,
                           :stable-latency 29401,
                           :lost-latency nil,
                           :known #jepsen.history.Op{:index 15,
                                                     :time 595202625,
                                                     :type :ok,
                                                     :process 1,
                                                     :f :add,
                                                     :value 1},
                           :last-absent #jepsen.history.Op{:index 406,
                                                           :time 29996568125,
                                                           :type :invoke,
                                                           :process 2,
                                                           :f :read,
                                                           :value nil,
                                                           :final? true}}
                          {:element 3,
                           :outcome :stable,
                           :stable-latency 29205,
                           :lost-latency nil,
                           :known #jepsen.history.Op{:index 19,
                                                     :time 791038542,
                                                     :type :ok,
                                                     :process 3,
                                                     :f :add,
                                                     :value 3},
                           :last-absent #jepsen.history.Op{:index 406,
                                                           :time 29996568125,
                                                           :type :invoke,
                                                           :process 2,
                                                           :f :read,
                                                           :value nil,
                                                           :final? true}}
                          {:element 4,
                           :outcome :stable,
                           :stable-latency 29007,
                           :lost-latency nil,
                           :known #jepsen.history.Op{:index 23,
                                                     :time 988711667,
                                                     :type :ok,
                                                     :process 0,
                                                     :f :add,
                                                     :value 4},
                           :last-absent #jepsen.history.Op{:index 406,
                                                           :time 29996568125,
                                                           :type :invoke,
                                                           :process 2,
                                                           :f :read,
                                                           :value nil,
                                                           :final? true}}
                          {:element 5,
                           :outcome :stable,
                           :stable-latency 28852,
                           :lost-latency nil,
                           :known #jepsen.history.Op{:index 25,
                                                     :time 1143613500,
                                                     :type :ok,
                                                     :process 0,
                                                     :f :add,
                                                     :value 5},
                           :last-absent #jepsen.history.Op{:index 406,
                                                           :time 29996568125,
                                                           :type :invoke,
                                                           :process 2,
                                                           :f :read,
                                                           :value nil,
                                                           :final? true}}
                          {:element 6,
                           :outcome :stable,
                           :stable-latency 28728,
                           :lost-latency nil,
                           :known #jepsen.history.Op{:index 27,
                                                     :time 1268016250,
                                                     :type :ok,
                                                     :process 1,
                                                     :f :add,
                                                     :value 6},
                           :last-absent #jepsen.history.Op{:index 406,
                                                           :time 29996568125,
                                                           :type :invoke,
                                                           :process 2,
                                                           :f :read,
                                                           :value nil,
                                                           :final? true}}
                          {:element 7,
                           :outcome :stable,
                           :stable-latency 28551,
                           :lost-latency nil,
                           :known #jepsen.history.Op{:index 31,
                                                     :time 1444826584,
                                                     :type :ok,
                                                     :process 3,
                                                     :f :add,
                                                     :value 7},
                           :last-absent #jepsen.history.Op{:index 406,
                                                           :time 29996568125,
                                                           :type :invoke,
                                                           :process 2,
                                                           :f :read,
                                                           :value nil,
                                                           :final? true}}
                          {:element 8,
                           :outcome :stable,
                           :stable-latency 28368,
                           :lost-latency nil,
                           :known #jepsen.history.Op{:index 33,
                                                     :time 1627683125,
                                                     :type :ok,
                                                     :process 4,
                                                     :f :add,
                                                     :value 8},
                           :last-absent #jepsen.history.Op{:index 406,
                                                           :time 29996568125,
                                                           :type :invoke,
                                                           :process 2,
                                                           :f :read,
                                                           :value nil,
                                                           :final? true}}),
            :duplicated-count 0,
            :valid? false,
            :lost-count 5,
            :lost (2 10 15 30 33),
            :stable-count 74,
            :stale-count 31,
            :stale (0
                    1
                    3
                    4
                    5
                    6
                    7
                    8
                    9
                    11
                    12
                    13
                    14
                    16
                    17
                    18
                    19
                    20
                    21
                    22
                    23
                    24
                    25
                    26
                    27
                    28
                    29
                    31
                    32
                    34
                    35),
            :never-read-count 0,
            :stable-latencies {0 0,
                               0.5 0,
                               0.95 29007,
                               0.99 29727,
                               1 29727},
            :attempt-count 79,
            :lost-latencies {0 21574,
                             0.5 26066,
                             0.95 29243,
                             0.99 29243,
                             1 29243},
            :never-read (),
            :duplicated {}},
 :valid? false}


Analysis invalid! ( 
