2025/06/27 19:22:17 Received {c0 n2 {"type":"init","node_id":"n2","node_ids":["n0","n1","n2","n3","n4"],"msg_id":1}}
2025/06/27 19:22:17 Node n2 initialized
2025/06/27 19:22:17 Sent {"src":"n2","dest":"c0","body":{"in_reply_to":1,"type":"init_ok"}}
2025/06/27 19:22:17 Received {c7 n2 {"type":"topology","topology":{"n0":["n3","n1"],"n1":["n4","n2","n0"],"n2":["n1"],"n3":["n0","n4"],"n4":["n1","n3"]},"msg_id":1}}
2025/06/27 19:22:17 Sent {"src":"n2","dest":"c7","body":{"in_reply_to":1,"type":"topology_ok"}}
2025/06/27 19:22:17 Received {c11 n2 {"type":"read","msg_id":1}}
2025/06/27 19:22:17 Sent {"src":"n2","dest":"c11","body":{"in_reply_to":1,"messages":[],"type":"read_ok"}}
2025/06/27 19:22:17 Received {c11 n2 {"type":"broadcast","message":6,"msg_id":2}}
2025/06/27 19:22:17 Sent {"src":"n2","dest":"c11","body":{"in_reply_to":2,"type":"broadcast_ok"}}
2025/06/27 19:22:17 Sent {"src":"n2","dest":"n1","body":{"message":6,"msg_id":1,"type":"broadcast"}}
2025/06/27 19:22:18 Received {c11 n2 {"type":"read","msg_id":3}}
2025/06/27 19:22:18 Sent {"src":"n2","dest":"c11","body":{"in_reply_to":3,"messages":[6],"type":"read_ok"}}
2025/06/27 19:22:19 Received {c11 n2 {"type":"broadcast","message":14,"msg_id":4}}
2025/06/27 19:22:19 Sent {"src":"n2","dest":"c11","body":{"in_reply_to":4,"type":"broadcast_ok"}}
2025/06/27 19:22:19 Sent {"src":"n2","dest":"n1","body":{"message":14,"msg_id":2,"type":"broadcast"}}
2025/06/27 19:22:20 Received {c11 n2 {"type":"read","msg_id":5}}
2025/06/27 19:22:20 Sent {"src":"n2","dest":"c11","body":{"in_reply_to":5,"messages":[6,14],"type":"read_ok"}}
2025/06/27 19:22:20 Received {c11 n2 {"type":"read","msg_id":6}}
2025/06/27 19:22:20 Sent {"src":"n2","dest":"c11","body":{"in_reply_to":6,"messages":[6,14],"type":"read_ok"}}
2025/06/27 19:22:21 Received {c11 n2 {"type":"read","msg_id":7}}
2025/06/27 19:22:21 Sent {"src":"n2","dest":"c11","body":{"in_reply_to":7,"messages":[6,14],"type":"read_ok"}}
2025/06/27 19:22:22 Received {c11 n2 {"type":"read","msg_id":8}}
2025/06/27 19:22:22 Sent {"src":"n2","dest":"c11","body":{"in_reply_to":8,"messages":[6,14],"type":"read_ok"}}
2025/06/27 19:22:23 Received {c11 n2 {"type":"read","msg_id":9}}
2025/06/27 19:22:23 Sent {"src":"n2","dest":"c11","body":{"in_reply_to":9,"messages":[6,14],"type":"read_ok"}}
2025/06/27 19:22:23 Received {c11 n2 {"type":"broadcast","message":32,"msg_id":10}}
2025/06/27 19:22:23 Sent {"src":"n2","dest":"c11","body":{"in_reply_to":10,"type":"broadcast_ok"}}
2025/06/27 19:22:23 Sent {"src":"n2","dest":"n1","body":{"message":32,"msg_id":3,"type":"broadcast"}}
2025/06/27 19:22:24 Received {c11 n2 {"type":"read","msg_id":11}}
2025/06/27 19:22:24 Sent {"src":"n2","dest":"c11","body":{"in_reply_to":11,"messages":[6,14,32],"type":"read_ok"}}
2025/06/27 19:22:25 Received {c11 n2 {"type":"broadcast","message":40,"msg_id":12}}
2025/06/27 19:22:25 Sent {"src":"n2","dest":"c11","body":{"in_reply_to":12,"type":"broadcast_ok"}}
2025/06/27 19:22:25 Sent {"src":"n2","dest":"n1","body":{"message":40,"msg_id":4,"type":"broadcast"}}
2025/06/27 19:22:26 Received {c11 n2 {"type":"read","msg_id":13}}
2025/06/27 19:22:26 Sent {"src":"n2","dest":"c11","body":{"in_reply_to":13,"messages":[6,14,32,40],"type":"read_ok"}}
2025/06/27 19:22:26 Received {c11 n2 {"type":"read","msg_id":14}}
2025/06/27 19:22:26 Sent {"src":"n2","dest":"c11","body":{"in_reply_to":14,"messages":[6,14,32,40],"type":"read_ok"}}
2025/06/27 19:22:27 Received {c11 n2 {"type":"broadcast","message":50,"msg_id":15}}
2025/06/27 19:22:27 Sent {"src":"n2","dest":"c11","body":{"in_reply_to":15,"type":"broadcast_ok"}}
2025/06/27 19:22:27 Sent {"src":"n2","dest":"n1","body":{"message":50,"msg_id":5,"type":"broadcast"}}
2025/06/27 19:22:28 Received {c11 n2 {"type":"broadcast","message":53,"msg_id":16}}
2025/06/27 19:22:28 Sent {"src":"n2","dest":"c11","body":{"in_reply_to":16,"type":"broadcast_ok"}}
2025/06/27 19:22:28 Sent {"src":"n2","dest":"n1","body":{"message":53,"msg_id":6,"type":"broadcast"}}
2025/06/27 19:22:28 Received {c11 n2 {"type":"read","msg_id":17}}
2025/06/27 19:22:28 Sent {"src":"n2","dest":"c11","body":{"in_reply_to":17,"messages":[6,14,32,40,50,53],"type":"read_ok"}}
2025/06/27 19:22:29 Received {c11 n2 {"type":"read","msg_id":18}}
2025/06/27 19:22:29 Sent {"src":"n2","dest":"c11","body":{"in_reply_to":18,"messages":[6,14,32,40,50,53],"type":"read_ok"}}
2025/06/27 19:22:30 Received {c11 n2 {"type":"read","msg_id":19}}
2025/06/27 19:22:30 Sent {"src":"n2","dest":"c11","body":{"in_reply_to":19,"messages":[6,14,32,40,50,53],"type":"read_ok"}}
2025/06/27 19:22:30 Received {c11 n2 {"type":"broadcast","message":65,"msg_id":20}}
2025/06/27 19:22:30 Sent {"src":"n2","dest":"c11","body":{"in_reply_to":20,"type":"broadcast_ok"}}
2025/06/27 19:22:30 Sent {"src":"n2","dest":"n1","body":{"message":65,"msg_id":7,"type":"broadcast"}}
2025/06/27 19:22:31 Received {c11 n2 {"type":"broadcast","message":67,"msg_id":21}}
2025/06/27 19:22:31 Sent {"src":"n2","dest":"c11","body":{"in_reply_to":21,"type":"broadcast_ok"}}
2025/06/27 19:22:31 Sent {"src":"n2","dest":"n1","body":{"message":67,"msg_id":8,"type":"broadcast"}}
2025/06/27 19:22:32 Received {c11 n2 {"type":"broadcast","message":71,"msg_id":22}}
2025/06/27 19:22:32 Sent {"src":"n2","dest":"c11","body":{"in_reply_to":22,"type":"broadcast_ok"}}
2025/06/27 19:22:32 Sent {"src":"n2","dest":"n1","body":{"message":71,"msg_id":9,"type":"broadcast"}}
2025/06/27 19:22:32 Received {c11 n2 {"type":"broadcast","message":76,"msg_id":23}}
2025/06/27 19:22:32 Sent {"src":"n2","dest":"c11","body":{"in_reply_to":23,"type":"broadcast_ok"}}
2025/06/27 19:22:32 Sent {"src":"n2","dest":"n1","body":{"message":76,"msg_id":10,"type":"broadcast"}}
2025/06/27 19:22:33 Received {c11 n2 {"type":"read","msg_id":24}}
2025/06/27 19:22:33 Sent {"src":"n2","dest":"c11","body":{"in_reply_to":24,"messages":[6,14,32,40,50,53,65,67,71,76],"type":"read_ok"}}
2025/06/27 19:22:34 Received {c11 n2 {"type":"broadcast","message":82,"msg_id":25}}
2025/06/27 19:22:34 Sent {"src":"n2","dest":"c11","body":{"in_reply_to":25,"type":"broadcast_ok"}}
2025/06/27 19:22:34 Sent {"src":"n2","dest":"n1","body":{"message":82,"msg_id":11,"type":"broadcast"}}
2025/06/27 19:22:34 Received {n1 n2 {"message":83,"msg_id":219,"type":"broadcast"}}
2025/06/27 19:22:34 Sent {"src":"n2","dest":"n1","body":{"in_reply_to":219,"type":"broadcast_ok"}}
2025/06/27 19:22:34 Sent {"src":"n2","dest":"n1","body":{"message":83,"msg_id":12,"type":"broadcast"}}
2025/06/27 19:22:34 Received {n1 n2 {"message":84,"msg_id":222,"type":"broadcast"}}
2025/06/27 19:22:34 Sent {"src":"n2","dest":"n1","body":{"in_reply_to":222,"type":"broadcast_ok"}}
2025/06/27 19:22:34 Sent {"src":"n2","dest":"n1","body":{"message":84,"msg_id":13,"type":"broadcast"}}
2025/06/27 19:22:34 Received {n1 n2 {"message":85,"msg_id":225,"type":"broadcast"}}
2025/06/27 19:22:34 Sent {"src":"n2","dest":"n1","body":{"in_reply_to":225,"type":"broadcast_ok"}}
2025/06/27 19:22:34 Sent {"src":"n2","dest":"n1","body":{"message":85,"msg_id":14,"type":"broadcast"}}
2025/06/27 19:22:34 Received {c11 n2 {"type":"read","msg_id":26}}
2025/06/27 19:22:34 Sent {"src":"n2","dest":"c11","body":{"in_reply_to":26,"messages":[6,14,32,40,50,53,65,67,71,76,82,83,84,85],"type":"read_ok"}}
2025/06/27 19:22:34 Received {n1 n2 {"message":86,"msg_id":228,"type":"broadcast"}}
2025/06/27 19:22:34 Sent {"src":"n2","dest":"n1","body":{"in_reply_to":228,"type":"broadcast_ok"}}
2025/06/27 19:22:34 Sent {"src":"n2","dest":"n1","body":{"message":86,"msg_id":15,"type":"broadcast"}}
2025/06/27 19:22:35 Received {n1 n2 {"message":87,"msg_id":230,"type":"broadcast"}}
2025/06/27 19:22:35 Sent {"src":"n2","dest":"n1","body":{"in_reply_to":230,"type":"broadcast_ok"}}
2025/06/27 19:22:35 Sent {"src":"n2","dest":"n1","body":{"message":87,"msg_id":16,"type":"broadcast"}}
2025/06/27 19:22:35 Received {c11 n2 {"type":"read","msg_id":27}}
2025/06/27 19:22:35 Sent {"src":"n2","dest":"c11","body":{"in_reply_to":27,"messages":[6,14,32,40,50,53,65,67,71,76,82,83,84,85,86,87],"type":"read_ok"}}
2025/06/27 19:22:35 Received {n1 n2 {"message":88,"msg_id":234,"type":"broadcast"}}
2025/06/27 19:22:35 Sent {"src":"n2","dest":"n1","body":{"in_reply_to":234,"type":"broadcast_ok"}}
2025/06/27 19:22:35 Sent {"src":"n2","dest":"n1","body":{"message":88,"msg_id":17,"type":"broadcast"}}
2025/06/27 19:22:35 Received {n1 n2 {"message":89,"msg_id":236,"type":"broadcast"}}
2025/06/27 19:22:35 Sent {"src":"n2","dest":"n1","body":{"in_reply_to":236,"type":"broadcast_ok"}}
2025/06/27 19:22:35 Sent {"src":"n2","dest":"n1","body":{"message":89,"msg_id":18,"type":"broadcast"}}
2025/06/27 19:22:35 Received {n1 n2 {"message":90,"msg_id":240,"type":"broadcast"}}
2025/06/27 19:22:35 Sent {"src":"n2","dest":"n1","body":{"in_reply_to":240,"type":"broadcast_ok"}}
2025/06/27 19:22:35 Sent {"src":"n2","dest":"n1","body":{"message":90,"msg_id":19,"type":"broadcast"}}
2025/06/27 19:22:35 Received {c11 n2 {"type":"read","msg_id":28}}
2025/06/27 19:22:35 Sent {"src":"n2","dest":"c11","body":{"in_reply_to":28,"messages":[6,14,32,40,50,53,65,67,71,76,82,83,84,85,86,87,88,89,90],"type":"read_ok"}}
2025/06/27 19:22:35 Received {n1 n2 {"message":91,"msg_id":243,"type":"broadcast"}}
2025/06/27 19:22:35 Sent {"src":"n2","dest":"n1","body":{"in_reply_to":243,"type":"broadcast_ok"}}
2025/06/27 19:22:35 Sent {"src":"n2","dest":"n1","body":{"message":91,"msg_id":20,"type":"broadcast"}}
2025/06/27 19:22:36 Received {n1 n2 {"message":92,"msg_id":246,"type":"broadcast"}}
2025/06/27 19:22:36 Sent {"src":"n2","dest":"n1","body":{"in_reply_to":246,"type":"broadcast_ok"}}
2025/06/27 19:22:36 Sent {"src":"n2","dest":"n1","body":{"message":92,"msg_id":21,"type":"broadcast"}}
2025/06/27 19:22:36 Received {n1 n2 {"message":93,"msg_id":249,"type":"broadcast"}}
2025/06/27 19:22:36 Sent {"src":"n2","dest":"n1","body":{"in_reply_to":249,"type":"broadcast_ok"}}
2025/06/27 19:22:36 Sent {"src":"n2","dest":"n1","body":{"message":93,"msg_id":22,"type":"broadcast"}}
2025/06/27 19:22:36 Received {n1 n2 {"message":94,"msg_id":251,"type":"broadcast"}}
2025/06/27 19:22:36 Sent {"src":"n2","dest":"n1","body":{"in_reply_to":251,"type":"broadcast_ok"}}
2025/06/27 19:22:36 Sent {"src":"n2","dest":"n1","body":{"message":94,"msg_id":23,"type":"broadcast"}}
2025/06/27 19:22:36 Received {n1 n2 {"message":95,"msg_id":254,"type":"broadcast"}}
2025/06/27 19:22:36 Sent {"src":"n2","dest":"n1","body":{"in_reply_to":254,"type":"broadcast_ok"}}
2025/06/27 19:22:36 Sent {"src":"n2","dest":"n1","body":{"message":95,"msg_id":24,"type":"broadcast"}}
2025/06/27 19:22:46 Received {c11 n2 {"type":"read","msg_id":29}}
2025/06/27 19:22:46 Sent {"src":"n2","dest":"c11","body":{"in_reply_to":29,"messages":[6,14,32,40,50,53,65,67,71,76,82,83,84,85,86,87,88,89,90,91,92,93,94,95],"type":"read_ok"}}
