2025-07-16 20:35:20,831{GMT}	INFO	[jepsen test runner] jepsen.core: Command line:
lein run test -w kafka --bin /Users/anandtrehan/go/bin/maelstrom-kafka --node-count 1 --concurrency 2n --time-limit 20 --rate 1000
2025-07-16 20:35:20,898{GMT}	INFO	[jepsen test runner] jepsen.core: Running test:
{:args []
 :remote
 #jepsen.control.retry.Remote{:remote #jepsen.control.scp.Remote{:cmd-remote #jepsen.control.sshj.SSHJRemote{:concurrency-limit 6,
                                                                                                             :conn-spec nil,
                                                                                                             :client nil,
                                                                                                             :semaphore nil},
                                                                 :conn-spec nil},
                              :conn nil}
 :log-net-send false
 :node-count 1
 :availability nil
 :max-txn-length 4
 :concurrency 2
 :db
 #object[maelstrom.db$db$reify__16142
         "0x1512a767"
         "maelstrom.db$db$reify__16142@1512a767"]
 :max-writes-per-key 16
 :leave-db-running? false
 :sub-via #{:assign}
 :name "kafka"
 :logging-json? false
 :start-time
 #object[org.joda.time.DateTime "0x39b752f4" "2025-07-16T20:35:20.794-04:00"]
 :nemesis-interval 10
 :net
 #object[maelstrom.net$jepsen_net$reify__15251
         "0x1990afa2"
         "maelstrom.net$jepsen_net$reify__15251@1990afa2"]
 :client
 #maelstrom.workload.kafka.Client{:net #object[clojure.lang.Atom
                                               "0x625ae6d"
                                               {:status :ready,
                                                :val {:p-loss 0,
                                                      :latency-dist #maelstrom.net.ConstantDistribution{:x 0},
                                                      :journal nil,
                                                      :log-recv? false,
                                                      :partitions {},
                                                      :log-send? false,
                                                      :next-client-id -1,
                                                      :next-message-id #object[clojure.lang.Atom
                                                                               "0x207bf6d8"
                                                                               {:status :ready,
                                                                                :val -1}],
                                                      :queues {}}}],
                                  :conn nil,
                                  :node nil,
                                  :offsets nil}
 :barrier
 #object[java.util.concurrent.CyclicBarrier
         "0x5cdb7b"
         "java.util.concurrent.CyclicBarrier@5cdb7b"]
 :log-stderr false
 :pure-generators true
 :ssh {:dummy? true}
 :rate 1000.0
 :txn? false
 :checker
 #object[jepsen.checker$compose$reify__11881
         "0x3dcc59f5"
         "jepsen.checker$compose$reify__11881@3dcc59f5"]
 :argv
 ("test"
  "-w"
  "kafka"
  "--bin"
  "/Users/anandtrehan/go/bin/maelstrom-kafka"
  "--node-count"
  "1"
  "--concurrency"
  "2n"
  "--time-limit"
  "20"
  "--rate"
  "1000")
 :nemesis
 (jepsen.nemesis.ReflCompose
  {:fm {:start-partition 0,
        :stop-partition 0,
        :kill 1,
        :start 1,
        :pause 1,
        :resume 1},
   :nemeses [#unprintable "jepsen.nemesis.combined$partition_nemesis$reify__16416@16b1dee7"
             #unprintable "jepsen.nemesis.combined$db_nemesis$reify__16397@690337df"]})
 :nodes ["n0"]
 :test-count 1
 :crash-clients? true
 :latency {:mean 0, :dist :constant}
 :bin "/Users/anandtrehan/go/bin/maelstrom-kafka"
 :generator
 ((jepsen.generator.Synchronize
   {:gen (jepsen.generator.TimeLimit
          {:limit 20000000000,
           :cutoff nil,
           :gen (jepsen.generator.Any
                 {:gens [(jepsen.generator.OnThreads
                          {:f #{:nemesis},
                           :context-filter #object[jepsen.generator.context$make_thread_filter$lazy_filter__9167
                                                   "0x595626b8"
                                                   "jepsen.generator.context$make_thread_filter$lazy_filter__9167@595626b8"],
                           :gen nil})
                         (jepsen.generator.OnThreads
                          {:f #jepsen.generator.context.AllBut{:element :nemesis},
                           :context-filter #object[jepsen.generator.context$make_thread_filter$lazy_filter__9167
                                                   "0x1928930"
                                                   "jepsen.generator.context$make_thread_filter$lazy_filter__9167@1928930"],
                           :gen (jepsen.generator.Stagger
                                 {:dt 2000000,
                                  :next-time nil,
                                  :gen (maelstrom.workload.kafka.StringKeys
                                        {:gen (jepsen.generator.Any
                                               {:gens [(jepsen.generator.Stagger
                                                        {:dt 30000000000,
                                                         :next-time nil,
                                                         :gen ({:f :crash}
                                                               {:f :crash}
                                                               {:f :crash}
                                                               {:f :crash}
                                                               {:f :crash}
                                                               {:f :crash}
                                                               {:f :crash}
                                                               {:f :crash}
                                                               ...)})
                                                       (jepsen.tests.kafka.PollUnseen
                                                        {:gen (jepsen.tests.kafka.InterleaveSubscribes
                                                               {:gen (jepsen.tests.kafka.TrackKeyOffsets
                                                                      {:gen (jepsen.generator.Map
                                                                             {:f #object[jepsen.tests.kafka$tag_rw$tag_rw__18063
                                                                                         "0x2ba7828b"
                                                                                         "jepsen.tests.kafka$tag_rw$tag_rw__18063@2ba7828b"],
                                                                              :gen (jepsen.generator.Map
                                                                                    {:f #object[jepsen.tests.kafka$txn_generator$rewrite_op__18027
                                                                                                "0x3e6945c6"
                                                                                                "jepsen.tests.kafka$txn_generator$rewrite_op__18027@3e6945c6"],
                                                                                     :gen ({:type :invoke,
                                                                                            :f :txn,
                                                                                            :value [[:append
                                                                                                     9
                                                                                                     1]]}
                                                                                           {:type :invoke,
                                                                                            :f :txn,
                                                                                            :value [[:r
                                                                                                     8
                                                                                                     nil]]}
                                                                                           {:type :invoke,
                                                                                            :f :txn,
                                                                                            :value [[:r
                                                                                                     8
                                                                                                     nil]]}
                                                                                           {:type :invoke,
                                                                                            :f :txn,
                                                                                            :value [[:r
                                                                                                     8
                                                                                                     nil]]}
                                                                                           {:type :invoke,
                                                                                            :f :txn,
                                                                                            :value [[:append
                                                                                                     7
                                                                                                     1]]}
                                                                                           {:type :invoke,
                                                                                            :f :txn,
                                                                                            :value [[:r
                                                                                                     7
                                                                                                     nil]]}
                                                                                           {:type :invoke,
                                                                                            :f :txn,
                                                                                            :value [[:append
                                                                                                     9
                                                                                                     2]]}
                                                                                           {:type :invoke,
                                                                                            :f :txn,
                                                                                            :value [[:append
                                                                                                     5
                                                                                                     1]]}
                                                                                           ...)})}),
                                                                       :offsets #object[clojure.lang.Atom
                                                                                        "0x43ac1fa0"
                                                                                        {:status :ready,
                                                                                         :val {}}]})}),
                                                         :sent {},
                                                         :polled {}})]})})})})]})})})
  (jepsen.generator.Synchronize
   {:gen (jepsen.generator.OnThreads
          {:f #{:nemesis},
           :context-filter #object[jepsen.generator.context$make_thread_filter$lazy_filter__9167
                                   "0x7574d30b"
                                   "jepsen.generator.context$make_thread_filter$lazy_filter__9167@7574d30b"],
           :gen ()})})
  (jepsen.generator.Synchronize
   {:gen {:type :log, :value "Waiting for recovery..."}})
  (jepsen.generator.Synchronize {:gen {:type :sleep, :value 10}})
  (jepsen.generator.Synchronize
   {:gen (jepsen.generator.OnThreads
          {:f #jepsen.generator.context.AllBut{:element :nemesis},
           :context-filter #object[jepsen.generator.context$make_thread_filter$lazy_filter__9167
                                   "0x6723626f"
                                   "jepsen.generator.context$make_thread_filter$lazy_filter__9167@6723626f"],
           :gen (jepsen.generator.TimeLimit
                 {:limit 10000000000,
                  :cutoff nil,
                  :gen (maelstrom.workload.kafka.StringKeys
                        {:gen (jepsen.generator.Filter
                               {:f #object[clojure.core$comp$fn__5876
                                           "0x411bed55"
                                           "clojure.core$comp$fn__5876@411bed55"],
                                :gen (jepsen.generator.EachThread
                                      {:fresh-gen #object[clojure.lang.Delay
                                                          "0xa4aecc3"
                                                          {:status :pending,
                                                           :val nil}],
                                       :context-filters #object[clojure.core$promise$reify__8591
                                                                "0x59f59a0a"
                                                                {:status :pending,
                                                                 :val nil}],
                                       :gens {}})})})})})}))
 :log-net-recv false
 :os
 #object[maelstrom.net$jepsen_os$reify__15254
         "0x38950d4b"
         "maelstrom.net$jepsen_os$reify__15254@38950d4b"]
 :time-limit 20
 :workload :kafka
 :consistency-models [:strict-serializable]
 :topology :grid}

2025-07-16 20:35:21,584{GMT}	INFO	[jepsen node n0] maelstrom.net: Starting Maelstrom network
2025-07-16 20:35:21,584{GMT}	INFO	[jepsen test runner] jepsen.db: Tearing down DB
2025-07-16 20:35:21,585{GMT}	INFO	[jepsen test runner] jepsen.db: Setting up DB
2025-07-16 20:35:21,586{GMT}	INFO	[jepsen node n0] maelstrom.service: Starting services: (lin-kv lin-tso lww-kv seq-kv)
2025-07-16 20:35:21,586{GMT}	INFO	[jepsen node n0] maelstrom.db: Setting up n0
2025-07-16 20:35:21,587{GMT}	INFO	[jepsen node n0] maelstrom.process: launching /Users/anandtrehan/go/bin/maelstrom-kafka []
2025-07-16 20:35:21,939{GMT}	INFO	[jepsen test runner] jepsen.core: Relative time begins now
2025-07-16 20:35:21,955{GMT}	INFO	[jepsen worker 0] jepsen.util: 0	:invoke	:send	[[:send "9" 1]]
2025-07-16 20:35:21,955{GMT}	INFO	[jepsen worker 1] jepsen.util: 1	:invoke	:crash	nil
2025-07-16 20:35:21,955{GMT}	INFO	[jepsen worker 1] jepsen.util: 1	:info	:crash	nil
2025-07-16 20:35:21,956{GMT}	INFO	[jepsen worker 1] jepsen.util: 3	:invoke	:assign	["8"]
2025-07-16 20:35:26,973{GMT}	INFO	[jepsen worker 1] jepsen.util: 3	:fail	:assign	["8"]	:net-timeout
2025-07-16 20:35:26,973{GMT}	INFO	[jepsen worker 0] jepsen.util: 0	:info	:send	[[:send "9" 1]]	:net-timeout
2025-07-16 20:35:26,978{GMT}	INFO	[jepsen worker 0] jepsen.util: 2	:invoke	:assign	["8"]
2025-07-16 20:35:26,978{GMT}	INFO	[jepsen worker 1] jepsen.util: 3	:invoke	:poll	[[:poll]]
2025-07-16 20:35:31,978{GMT}	INFO	[jepsen worker 1] jepsen.util: 3	:info	:poll	[[:poll]]	:net-timeout
2025-07-16 20:35:31,979{GMT}	INFO	[jepsen worker 1] jepsen.util: 5	:invoke	:poll	[[:poll]]
2025-07-16 20:35:31,981{GMT}	INFO	[jepsen worker 0] jepsen.util: 2	:fail	:assign	["8"]	:net-timeout
2025-07-16 20:35:31,982{GMT}	INFO	[jepsen worker 0] jepsen.util: 2	:invoke	:poll	[[:poll]]
2025-07-16 20:35:36,983{GMT}	INFO	[jepsen worker 1] jepsen.util: 5	:info	:poll	[[:poll]]	:net-timeout
2025-07-16 20:35:36,983{GMT}	INFO	[jepsen worker 0] jepsen.util: 2	:info	:poll	[[:poll]]	:net-timeout
2025-07-16 20:35:36,984{GMT}	INFO	[jepsen worker 1] jepsen.util: 7	:invoke	:send	[[:send "7" 1]]
2025-07-16 20:35:36,987{GMT}	INFO	[jepsen worker 0] jepsen.util: 4	:invoke	:poll	[[:poll]]
2025-07-16 20:35:41,985{GMT}	INFO	[jepsen worker 1] jepsen.util: 7	:info	:send	[[:send "7" 1]]	:net-timeout
2025-07-16 20:35:41,991{GMT}	INFO	[jepsen worker 0] jepsen.util: 4	:info	:poll	[[:poll]]	:net-timeout
2025-07-16 20:35:41,992{GMT}	INFO	[jepsen worker 0] jepsen.generator.interpreter: Waiting for recovery...
2025-07-16 20:35:52,002{GMT}	INFO	[jepsen test runner] jepsen.tests.kafka: Polling up to offsets {}
2025-07-16 20:35:52,015{GMT}	INFO	[jepsen test runner] jepsen.core: Run complete, writing
2025-07-16 20:35:52,041{GMT}	INFO	[jepsen node n0] maelstrom.db: Tearing down n0
2025-07-16 20:35:52,045{GMT}	INFO	[jepsen node n0] maelstrom.net: Shutting down Maelstrom network
2025-07-16 20:35:52,047{GMT}	WARN	[jepsen test runner] jepsen.core: Test crashed!
clojure.lang.ExceptionInfo: Node n0 crashed with exit status 2. Before crashing, it wrote to STDOUT:

{"src":"n0","dest":"c0","body":{"in_reply_to":1,"type":"init_ok"}}

And to STDERR:

2025/07/16 20:35:21 Received {c0 n0 {"type":"init","node_id":"n0","node_ids":["n0"],"msg_id":1}}
2025/07/16 20:35:21 Node n0 initialized
2025/07/16 20:35:21 Sent {"src":"n0","dest":"c0","body":{"in_reply_to":1,"type":"init_ok"}}
2025/07/16 20:35:21 Received {c2 n0 {"key":"9","msg":1,"type":"send","msg_id":1}}
panic: interface conversion: interface {} is nil, not float64

goroutine 4 [running]:
main.handleAdd({{0x1400000e308, 0x2}, {0x1400000e30a, 0x2}, {0x14000016120, 0x2c, 0x30}})
	/Users/anandtrehan/flyio_challenges/maelstrom-kafka/main.go:37 +0x3d0
github.com/jepsen-io/maelstrom/demo/go.(*Node).handleMessage(0x10275e1c0, 0x0?, {{0x1400000e308, 0x2}, {0x1400000e30a, 0x2}, {0x14000016120, 0x2c, 0x30}})
	/Users/anandtrehan/go/pkg/mod/github.com/jepsen-io/maelstrom/demo/go@v0.0.0-20250204203845-8263d1dd2b7a/node.go:151 +0x68
github.com/jepsen-io/maelstrom/demo/go.(*Node).Run.func2()
	/Users/anandtrehan/go/pkg/mod/github.com/jepsen-io/maelstrom/demo/go@v0.0.0-20250204203845-8263d1dd2b7a/node.go:129 +0x74
created by github.com/jepsen-io/maelstrom/demo/go.(*Node).Run in goroutine 1
	/Users/anandtrehan/go/pkg/mod/github.com/jepsen-io/maelstrom/demo/go@v0.0.0-20250204203845-8263d1dd2b7a/node.go:127 +0x460

Full STDERR logs are available in /Users/anandtrehan/flyio_challenges/maelstrom/store/kafka/20250716T203520.794-0400/node-logs/n0.log
	at slingshot.support$stack_trace.invoke(support.clj:201)
	at maelstrom.process$stop_node_BANG_.invokeStatic(process.clj:239)
	at maelstrom.process$stop_node_BANG_.invoke(process.clj:217)
	at maelstrom.db$db$reify__16142.teardown_BANG_(db.clj:75)
	at jepsen.db$fn__8744$G__8725__8748.invoke(db.clj:12)
	at jepsen.db$fn__8744$G__8724__8753.invoke(db.clj:12)
	at clojure.core$partial$fn__5908.invoke(core.clj:2642)
	at jepsen.control$on_nodes$fn__8599.invoke(control.clj:314)
	at clojure.lang.AFn.applyToHelper(AFn.java:154)
	at clojure.lang.AFn.applyTo(AFn.java:144)
	at clojure.core$apply.invokeStatic(core.clj:667)
	at clojure.core$with_bindings_STAR_.invokeStatic(core.clj:1990)
	at clojure.core$with_bindings_STAR_.doInvoke(core.clj:1990)
	at clojure.lang.RestFn.applyTo(RestFn.java:142)
	at clojure.core$apply.invokeStatic(core.clj:671)
	at clojure.core$bound_fn_STAR_$fn__5818.doInvoke(core.clj:2020)
	at clojure.lang.RestFn.invoke(RestFn.java:408)
	at dom_top.core$real_pmap_helper$build_thread__211$fn__212.invoke(core.clj:163)
	at clojure.lang.AFn.applyToHelper(AFn.java:152)
	at clojure.lang.AFn.applyTo(AFn.java:144)
	at clojure.core$apply.invokeStatic(core.clj:667)
	at clojure.core$with_bindings_STAR_.invokeStatic(core.clj:1990)
	at clojure.core$with_bindings_STAR_.doInvoke(core.clj:1990)
	at clojure.lang.RestFn.invoke(RestFn.java:425)
	at clojure.lang.AFn.applyToHelper(AFn.java:156)
	at clojure.lang.RestFn.applyTo(RestFn.java:132)
	at clojure.core$apply.invokeStatic(core.clj:671)
	at clojure.core$bound_fn_STAR_$fn__5818.doInvoke(core.clj:2020)
	at clojure.lang.RestFn.invoke(RestFn.java:397)
	at clojure.lang.AFn.run(AFn.java:22)
	at java.base/java.lang.Thread.run(Thread.java:1575)
