2025/06/29 14:54:16 Received {c2 n3 {"type":"init","node_id":"n3","node_ids":["n0","n1","n2","n3","n4"],"msg_id":1}}
2025/06/29 14:54:16 Node n3 initialized
2025/06/29 14:54:16 Sent {"src":"n3","dest":"c2","body":{"in_reply_to":1,"type":"init_ok"}}
2025/06/29 14:54:16 Received {c8 n3 {"type":"topology","topology":{"n0":["n3","n1"],"n1":["n4","n2","n0"],"n2":["n1"],"n3":["n0","n4"],"n4":["n1","n3"]},"msg_id":1}}
2025/06/29 14:54:16 Sent {"src":"n3","dest":"c8","body":{"in_reply_to":1,"type":"topology_ok"}}
2025/06/29 14:54:17 Received {c12 n3 {"type":"read","msg_id":1}}
2025/06/29 14:54:17 Sent {"src":"n3","dest":"c12","body":{"in_reply_to":1,"messages":[],"type":"read_ok"}}
2025/06/29 14:54:17 Received {c12 n3 {"type":"broadcast","message":5,"msg_id":2}}
2025/06/29 14:54:17 Sent {"src":"n3","dest":"c12","body":{"in_reply_to":2,"type":"broadcast_ok"}}
2025/06/29 14:54:17 Sent {"src":"n3","dest":"n4","body":{"messages":[5],"msg_id":1,"type":"broadcast"}}
2025/06/29 14:54:17 Sent {"src":"n3","dest":"n0","body":{"messages":[5],"msg_id":2,"type":"broadcast"}}
2025/06/29 14:54:17 Received {n4 n3 {"messages":[6],"msg_id":1,"type":"broadcast"}}
2025/06/29 14:54:17 Sent {"src":"n3","dest":"n4","body":{"in_reply_to":1,"type":"broadcast_ok"}}
2025/06/29 14:54:17 Received {n4 n3 {"in_reply_to":1,"type":"broadcast_ok"}}
2025/06/29 14:54:18 Received {c12 n3 {"type":"read","msg_id":3}}
2025/06/29 14:54:18 Sent {"src":"n3","dest":"c12","body":{"in_reply_to":3,"messages":[5,6],"type":"read_ok"}}
2025/06/29 14:54:18 Sent {"src":"n3","dest":"n4","body":{"messages":[6],"msg_id":3,"type":"broadcast"}}
2025/06/29 14:54:18 Sent {"src":"n3","dest":"n0","body":{"messages":[6],"msg_id":4,"type":"broadcast"}}
2025/06/29 14:54:18 Received {n4 n3 {"messages":[5],"msg_id":4,"type":"broadcast"}}
2025/06/29 14:54:18 Sent {"src":"n3","dest":"n4","body":{"in_reply_to":4,"type":"broadcast_ok"}}
2025/06/29 14:54:18 Received {n4 n3 {"in_reply_to":3,"type":"broadcast_ok"}}
2025/06/29 14:54:18 Received {c12 n3 {"type":"read","msg_id":4}}
2025/06/29 14:54:18 Sent {"src":"n3","dest":"c12","body":{"in_reply_to":4,"messages":[5,6],"type":"read_ok"}}
2025/06/29 14:54:19 Received {c12 n3 {"type":"read","msg_id":5}}
2025/06/29 14:54:19 Sent {"src":"n3","dest":"c12","body":{"in_reply_to":5,"messages":[5,6],"type":"read_ok"}}
2025/06/29 14:54:19 Received {n4 n3 {"messages":[14],"msg_id":5,"type":"broadcast"}}
2025/06/29 14:54:19 Sent {"src":"n3","dest":"n4","body":{"in_reply_to":5,"type":"broadcast_ok"}}
2025/06/29 14:54:20 Received {c12 n3 {"type":"broadcast","message":18,"msg_id":6}}
2025/06/29 14:54:20 Sent {"src":"n3","dest":"c12","body":{"in_reply_to":6,"type":"broadcast_ok"}}
2025/06/29 14:54:20 Sent {"src":"n3","dest":"n4","body":{"messages":[14,18],"msg_id":5,"type":"broadcast"}}
2025/06/29 14:54:20 Sent {"src":"n3","dest":"n0","body":{"messages":[14,18],"msg_id":6,"type":"broadcast"}}
2025/06/29 14:54:20 Received {n4 n3 {"messages":[19],"msg_id":7,"type":"broadcast"}}
2025/06/29 14:54:20 Sent {"src":"n3","dest":"n4","body":{"in_reply_to":7,"type":"broadcast_ok"}}
2025/06/29 14:54:20 Received {n4 n3 {"in_reply_to":5,"type":"broadcast_ok"}}
2025/06/29 14:54:20 Received {c12 n3 {"type":"broadcast","message":22,"msg_id":7}}
2025/06/29 14:54:20 Sent {"src":"n3","dest":"c12","body":{"in_reply_to":7,"type":"broadcast_ok"}}
2025/06/29 14:54:20 Sent {"src":"n3","dest":"n0","body":{"messages":[19,22],"msg_id":8,"type":"broadcast"}}
2025/06/29 14:54:20 Sent {"src":"n3","dest":"n4","body":{"messages":[19,22],"msg_id":7,"type":"broadcast"}}
2025/06/29 14:54:20 Received {n4 n3 {"messages":[18,23],"msg_id":9,"type":"broadcast"}}
2025/06/29 14:54:20 Sent {"src":"n3","dest":"n4","body":{"in_reply_to":9,"type":"broadcast_ok"}}
2025/06/29 14:54:20 Received {n4 n3 {"in_reply_to":7,"type":"broadcast_ok"}}
2025/06/29 14:54:21 Sent {"src":"n3","dest":"n4","body":{"messages":[23],"msg_id":10,"type":"broadcast"}}
2025/06/29 14:54:21 Sent {"src":"n3","dest":"n0","body":{"messages":[23],"msg_id":9,"type":"broadcast"}}
2025/06/29 14:54:21 Received {n4 n3 {"messages":[22],"msg_id":11,"type":"broadcast"}}
2025/06/29 14:54:21 Sent {"src":"n3","dest":"n4","body":{"in_reply_to":11,"type":"broadcast_ok"}}
2025/06/29 14:54:21 Received {n4 n3 {"in_reply_to":10,"type":"broadcast_ok"}}
2025/06/29 14:54:21 Received {c12 n3 {"type":"broadcast","message":26,"msg_id":8}}
2025/06/29 14:54:21 Sent {"src":"n3","dest":"c12","body":{"in_reply_to":8,"type":"broadcast_ok"}}
2025/06/29 14:54:21 Sent {"src":"n3","dest":"n4","body":{"messages":[26],"msg_id":11,"type":"broadcast"}}
2025/06/29 14:54:21 Sent {"src":"n3","dest":"n0","body":{"messages":[26],"msg_id":12,"type":"broadcast"}}
2025/06/29 14:54:21 Received {n4 n3 {"messages":[27],"msg_id":13,"type":"broadcast"}}
2025/06/29 14:54:21 Sent {"src":"n3","dest":"n4","body":{"in_reply_to":13,"type":"broadcast_ok"}}
2025/06/29 14:54:21 Received {n4 n3 {"in_reply_to":11,"type":"broadcast_ok"}}
2025/06/29 14:54:22 Received {c12 n3 {"type":"read","msg_id":9}}
2025/06/29 14:54:22 Sent {"src":"n3","dest":"c12","body":{"in_reply_to":9,"messages":[5,6,14,18,19,22,23,26,27],"type":"read_ok"}}
2025/06/29 14:54:22 Sent {"src":"n3","dest":"n0","body":{"messages":[27],"msg_id":14,"type":"broadcast"}}
2025/06/29 14:54:22 Sent {"src":"n3","dest":"n4","body":{"messages":[27],"msg_id":13,"type":"broadcast"}}
2025/06/29 14:54:22 Received {n4 n3 {"messages":[26,31],"msg_id":16,"type":"broadcast"}}
2025/06/29 14:54:22 Sent {"src":"n3","dest":"n4","body":{"in_reply_to":16,"type":"broadcast_ok"}}
2025/06/29 14:54:22 Received {n4 n3 {"in_reply_to":13,"type":"broadcast_ok"}}
2025/06/29 14:54:22 Received {c12 n3 {"type":"broadcast","message":35,"msg_id":10}}
2025/06/29 14:54:22 Sent {"src":"n3","dest":"c12","body":{"in_reply_to":10,"type":"broadcast_ok"}}
2025/06/29 14:54:22 Received {c12 n3 {"type":"read","msg_id":11}}
2025/06/29 14:54:22 Sent {"src":"n3","dest":"c12","body":{"in_reply_to":11,"messages":[5,6,14,18,19,22,23,26,27,31,35],"type":"read_ok"}}
2025/06/29 14:54:22 Sent {"src":"n3","dest":"n0","body":{"messages":[31,35],"msg_id":16,"type":"broadcast"}}
2025/06/29 14:54:22 Sent {"src":"n3","dest":"n4","body":{"messages":[31,35],"msg_id":15,"type":"broadcast"}}
2025/06/29 14:54:22 Received {n4 n3 {"in_reply_to":15,"type":"broadcast_ok"}}
2025/06/29 14:54:23 Received {n4 n3 {"messages":[35],"msg_id":17,"type":"broadcast"}}
2025/06/29 14:54:23 Sent {"src":"n3","dest":"n4","body":{"in_reply_to":17,"type":"broadcast_ok"}}
2025/06/29 14:54:23 Received {c12 n3 {"type":"broadcast","message":39,"msg_id":12}}
2025/06/29 14:54:23 Sent {"src":"n3","dest":"c12","body":{"in_reply_to":12,"type":"broadcast_ok"}}
2025/06/29 14:54:23 Sent {"src":"n3","dest":"n4","body":{"messages":[39],"msg_id":17,"type":"broadcast"}}
2025/06/29 14:54:23 Sent {"src":"n3","dest":"n0","body":{"messages":[39],"msg_id":18,"type":"broadcast"}}
2025/06/29 14:54:23 Received {n4 n3 {"messages":[40],"msg_id":19,"type":"broadcast"}}
2025/06/29 14:54:23 Sent {"src":"n3","dest":"n4","body":{"in_reply_to":19,"type":"broadcast_ok"}}
2025/06/29 14:54:23 Received {n4 n3 {"in_reply_to":17,"type":"broadcast_ok"}}
2025/06/29 14:54:24 Received {c12 n3 {"type":"read","msg_id":13}}
2025/06/29 14:54:24 Sent {"src":"n3","dest":"c12","body":{"in_reply_to":13,"messages":[5,6,14,18,19,22,23,26,27,31,35,39,40],"type":"read_ok"}}
2025/06/29 14:54:24 Sent {"src":"n3","dest":"n4","body":{"messages":[40],"msg_id":20,"type":"broadcast"}}
2025/06/29 14:54:24 Sent {"src":"n3","dest":"n0","body":{"messages":[40],"msg_id":19,"type":"broadcast"}}
2025/06/29 14:54:24 Received {n4 n3 {"messages":[39,44],"msg_id":22,"type":"broadcast"}}
2025/06/29 14:54:24 Sent {"src":"n3","dest":"n4","body":{"in_reply_to":22,"type":"broadcast_ok"}}
2025/06/29 14:54:24 Received {n4 n3 {"in_reply_to":20,"type":"broadcast_ok"}}
2025/06/29 14:54:24 Received {c12 n3 {"type":"read","msg_id":14}}
2025/06/29 14:54:24 Sent {"src":"n3","dest":"c12","body":{"in_reply_to":14,"messages":[5,6,14,18,19,22,23,26,27,31,35,39,40,44],"type":"read_ok"}}
2025/06/29 14:54:24 Sent {"src":"n3","dest":"n4","body":{"messages":[44],"msg_id":22,"type":"broadcast"}}
2025/06/29 14:54:24 Sent {"src":"n3","dest":"n0","body":{"messages":[44],"msg_id":21,"type":"broadcast"}}
2025/06/29 14:54:24 Received {n4 n3 {"in_reply_to":22,"type":"broadcast_ok"}}
2025/06/29 14:54:25 Received {c12 n3 {"type":"read","msg_id":15}}
2025/06/29 14:54:25 Sent {"src":"n3","dest":"c12","body":{"in_reply_to":15,"messages":[5,6,14,18,19,22,23,26,27,31,35,39,40,44],"type":"read_ok"}}
2025/06/29 14:54:25 Received {c12 n3 {"type":"broadcast","message":51,"msg_id":16}}
2025/06/29 14:54:25 Sent {"src":"n3","dest":"c12","body":{"in_reply_to":16,"type":"broadcast_ok"}}
2025/06/29 14:54:25 Sent {"src":"n3","dest":"n4","body":{"messages":[51],"msg_id":23,"type":"broadcast"}}
2025/06/29 14:54:25 Sent {"src":"n3","dest":"n0","body":{"messages":[51],"msg_id":24,"type":"broadcast"}}
2025/06/29 14:54:25 Received {n4 n3 {"messages":[52],"msg_id":23,"type":"broadcast"}}
2025/06/29 14:54:25 Received {n4 n3 {"in_reply_to":23,"type":"broadcast_ok"}}
2025/06/29 14:54:25 Sent {"src":"n3","dest":"n4","body":{"in_reply_to":23,"type":"broadcast_ok"}}
2025/06/29 14:54:26 Received {c12 n3 {"type":"broadcast","message":54,"msg_id":17}}
2025/06/29 14:54:26 Sent {"src":"n3","dest":"c12","body":{"in_reply_to":17,"type":"broadcast_ok"}}
2025/06/29 14:54:26 Sent {"src":"n3","dest":"n4","body":{"messages":[52,54],"msg_id":25,"type":"broadcast"}}
2025/06/29 14:54:26 Sent {"src":"n3","dest":"n0","body":{"messages":[52,54],"msg_id":26,"type":"broadcast"}}
2025/06/29 14:54:26 Received {n4 n3 {"messages":[51],"msg_id":25,"type":"broadcast"}}
2025/06/29 14:54:26 Sent {"src":"n3","dest":"n4","body":{"in_reply_to":25,"type":"broadcast_ok"}}
2025/06/29 14:54:26 Received {n4 n3 {"in_reply_to":25,"type":"broadcast_ok"}}
2025/06/29 14:54:26 Received {n4 n3 {"messages":[54,55],"msg_id":28,"type":"broadcast"}}
2025/06/29 14:54:26 Sent {"src":"n3","dest":"n4","body":{"in_reply_to":28,"type":"broadcast_ok"}}
2025/06/29 14:54:27 Received {c12 n3 {"type":"broadcast","message":56,"msg_id":18}}
2025/06/29 14:54:27 Sent {"src":"n3","dest":"c12","body":{"in_reply_to":18,"type":"broadcast_ok"}}
2025/06/29 14:54:27 Sent {"src":"n3","dest":"n0","body":{"messages":[55,56],"msg_id":28,"type":"broadcast"}}
2025/06/29 14:54:27 Sent {"src":"n3","dest":"n4","body":{"messages":[55,56],"msg_id":27,"type":"broadcast"}}
2025/06/29 14:54:27 Received {n4 n3 {"messages":[57],"msg_id":29,"type":"broadcast"}}
2025/06/29 14:54:27 Sent {"src":"n3","dest":"n4","body":{"in_reply_to":29,"type":"broadcast_ok"}}
2025/06/29 14:54:27 Received {n4 n3 {"in_reply_to":27,"type":"broadcast_ok"}}
2025/06/29 14:54:27 Received {c12 n3 {"type":"broadcast","message":60,"msg_id":19}}
2025/06/29 14:54:27 Sent {"src":"n3","dest":"c12","body":{"in_reply_to":19,"type":"broadcast_ok"}}
2025/06/29 14:54:27 Sent {"src":"n3","dest":"n0","body":{"messages":[57,60],"msg_id":29,"type":"broadcast"}}
2025/06/29 14:54:27 Sent {"src":"n3","dest":"n4","body":{"messages":[57,60],"msg_id":30,"type":"broadcast"}}
2025/06/29 14:54:27 Received {n4 n3 {"messages":[56,61],"msg_id":31,"type":"broadcast"}}
2025/06/29 14:54:27 Sent {"src":"n3","dest":"n4","body":{"in_reply_to":31,"type":"broadcast_ok"}}
2025/06/29 14:54:27 Received {n4 n3 {"in_reply_to":30,"type":"broadcast_ok"}}
2025/06/29 14:54:28 Received {c12 n3 {"type":"read","msg_id":20}}
2025/06/29 14:54:28 Sent {"src":"n3","dest":"c12","body":{"in_reply_to":20,"messages":[5,6,14,18,19,22,23,26,27,31,35,39,40,44,51,52,54,55,56,57,60,61],"type":"read_ok"}}
2025/06/29 14:54:28 Sent {"src":"n3","dest":"n4","body":{"messages":[61],"msg_id":31,"type":"broadcast"}}
2025/06/29 14:54:28 Sent {"src":"n3","dest":"n0","body":{"messages":[61],"msg_id":32,"type":"broadcast"}}
2025/06/29 14:54:28 Received {n4 n3 {"messages":[60],"msg_id":34,"type":"broadcast"}}
2025/06/29 14:54:28 Sent {"src":"n3","dest":"n4","body":{"in_reply_to":34,"type":"broadcast_ok"}}
2025/06/29 14:54:28 Received {n4 n3 {"in_reply_to":31,"type":"broadcast_ok"}}
2025/06/29 14:54:28 Received {n4 n3 {"messages":[64],"msg_id":35,"type":"broadcast"}}
2025/06/29 14:54:28 Sent {"src":"n3","dest":"n4","body":{"in_reply_to":35,"type":"broadcast_ok"}}
2025/06/29 14:54:29 Received {c12 n3 {"type":"read","msg_id":21}}
2025/06/29 14:54:29 Sent {"src":"n3","dest":"c12","body":{"in_reply_to":21,"messages":[5,6,14,18,19,22,23,26,27,31,35,39,40,44,51,52,54,55,56,57,60,61,64],"type":"read_ok"}}
2025/06/29 14:54:29 Sent {"src":"n3","dest":"n4","body":{"messages":[64],"msg_id":33,"type":"broadcast"}}
2025/06/29 14:54:29 Sent {"src":"n3","dest":"n0","body":{"messages":[64],"msg_id":34,"type":"broadcast"}}
2025/06/29 14:54:29 Received {n4 n3 {"messages":[67],"msg_id":37,"type":"broadcast"}}
2025/06/29 14:54:29 Sent {"src":"n3","dest":"n4","body":{"in_reply_to":37,"type":"broadcast_ok"}}
2025/06/29 14:54:29 Received {n4 n3 {"in_reply_to":33,"type":"broadcast_ok"}}
2025/06/29 14:54:29 Received {c12 n3 {"type":"read","msg_id":22}}
2025/06/29 14:54:29 Sent {"src":"n3","dest":"c12","body":{"in_reply_to":22,"messages":[5,6,14,18,19,22,23,26,27,31,35,39,40,44,51,52,54,55,56,57,60,61,64,67],"type":"read_ok"}}
2025/06/29 14:54:29 Sent {"src":"n3","dest":"n0","body":{"messages":[67],"msg_id":36,"type":"broadcast"}}
2025/06/29 14:54:29 Sent {"src":"n3","dest":"n4","body":{"messages":[67],"msg_id":35,"type":"broadcast"}}
2025/06/29 14:54:29 Received {n4 n3 {"messages":[68],"msg_id":39,"type":"broadcast"}}
2025/06/29 14:54:29 Sent {"src":"n3","dest":"n4","body":{"in_reply_to":39,"type":"broadcast_ok"}}
2025/06/29 14:54:29 Received {n4 n3 {"in_reply_to":35,"type":"broadcast_ok"}}
2025/06/29 14:54:30 Received {c12 n3 {"type":"read","msg_id":23}}
2025/06/29 14:54:30 Sent {"src":"n3","dest":"c12","body":{"in_reply_to":23,"messages":[5,6,14,18,19,22,23,26,27,31,35,39,40,44,51,52,54,55,56,57,60,61,64,67,68],"type":"read_ok"}}
2025/06/29 14:54:30 Sent {"src":"n3","dest":"n4","body":{"messages":[68],"msg_id":38,"type":"broadcast"}}
2025/06/29 14:54:30 Sent {"src":"n3","dest":"n0","body":{"messages":[68],"msg_id":37,"type":"broadcast"}}
2025/06/29 14:54:30 Received {n4 n3 {"in_reply_to":38,"type":"broadcast_ok"}}
2025/06/29 14:54:30 Received {c12 n3 {"type":"broadcast","message":76,"msg_id":24}}
2025/06/29 14:54:30 Sent {"src":"n3","dest":"c12","body":{"in_reply_to":24,"type":"broadcast_ok"}}
2025/06/29 14:54:30 Sent {"src":"n3","dest":"n4","body":{"messages":[76],"msg_id":39,"type":"broadcast"}}
2025/06/29 14:54:30 Sent {"src":"n3","dest":"n0","body":{"messages":[76],"msg_id":40,"type":"broadcast"}}
2025/06/29 14:54:30 Received {n4 n3 {"messages":[72],"msg_id":41,"type":"broadcast"}}
2025/06/29 14:54:30 Sent {"src":"n3","dest":"n4","body":{"in_reply_to":41,"type":"broadcast_ok"}}
2025/06/29 14:54:30 Received {n4 n3 {"in_reply_to":39,"type":"broadcast_ok"}}
2025/06/29 14:54:31 Received {c12 n3 {"type":"read","msg_id":25}}
2025/06/29 14:54:31 Sent {"src":"n3","dest":"c12","body":{"in_reply_to":25,"messages":[5,6,14,18,19,22,23,26,27,31,35,39,40,44,51,52,54,55,56,57,60,61,64,67,68,76,72],"type":"read_ok"}}
2025/06/29 14:54:31 Sent {"src":"n3","dest":"n0","body":{"messages":[72],"msg_id":42,"type":"broadcast"}}
2025/06/29 14:54:31 Sent {"src":"n3","dest":"n4","body":{"messages":[72],"msg_id":41,"type":"broadcast"}}
2025/06/29 14:54:31 Received {n4 n3 {"messages":[76,78],"msg_id":44,"type":"broadcast"}}
2025/06/29 14:54:31 Sent {"src":"n3","dest":"n4","body":{"in_reply_to":44,"type":"broadcast_ok"}}
2025/06/29 14:54:31 Received {n4 n3 {"in_reply_to":41,"type":"broadcast_ok"}}
2025/06/29 14:54:31 Received {c12 n3 {"type":"read","msg_id":26}}
2025/06/29 14:54:31 Sent {"src":"n3","dest":"c12","body":{"in_reply_to":26,"messages":[5,6,14,18,19,22,23,26,27,31,35,39,40,44,51,52,54,55,56,57,60,61,64,67,68,76,72,78],"type":"read_ok"}}
2025/06/29 14:54:31 Sent {"src":"n3","dest":"n4","body":{"messages":[78],"msg_id":43,"type":"broadcast"}}
2025/06/29 14:54:31 Sent {"src":"n3","dest":"n0","body":{"messages":[78],"msg_id":44,"type":"broadcast"}}
2025/06/29 14:54:31 Received {n4 n3 {"messages":[81],"msg_id":45,"type":"broadcast"}}
2025/06/29 14:54:31 Sent {"src":"n3","dest":"n4","body":{"in_reply_to":45,"type":"broadcast_ok"}}
2025/06/29 14:54:31 Received {n4 n3 {"in_reply_to":43,"type":"broadcast_ok"}}
2025/06/29 14:54:32 Sent {"src":"n3","dest":"n4","body":{"messages":[81],"msg_id":45,"type":"broadcast"}}
2025/06/29 14:54:32 Sent {"src":"n3","dest":"n0","body":{"messages":[81],"msg_id":46,"type":"broadcast"}}
2025/06/29 14:54:32 Received {n4 n3 {"in_reply_to":45,"type":"broadcast_ok"}}
2025/06/29 14:54:32 Received {c12 n3 {"type":"read","msg_id":27}}
2025/06/29 14:54:32 Sent {"src":"n3","dest":"c12","body":{"in_reply_to":27,"messages":[5,6,14,18,19,22,23,26,27,31,35,39,40,44,51,52,54,55,56,57,60,61,64,67,68,76,72,78,81],"type":"read_ok"}}
2025/06/29 14:54:33 Received {c12 n3 {"type":"read","msg_id":28}}
2025/06/29 14:54:33 Sent {"src":"n3","dest":"c12","body":{"in_reply_to":28,"messages":[5,6,14,18,19,22,23,26,27,31,35,39,40,44,51,52,54,55,56,57,60,61,64,67,68,76,72,78,81],"type":"read_ok"}}
2025/06/29 14:54:33 Received {c12 n3 {"type":"read","msg_id":29}}
2025/06/29 14:54:33 Sent {"src":"n3","dest":"c12","body":{"in_reply_to":29,"messages":[5,6,14,18,19,22,23,26,27,31,35,39,40,44,51,52,54,55,56,57,60,61,64,67,68,76,72,78,81],"type":"read_ok"}}
2025/06/29 14:54:34 Received {c12 n3 {"type":"broadcast","message":88,"msg_id":30}}
2025/06/29 14:54:34 Sent {"src":"n3","dest":"c12","body":{"in_reply_to":30,"type":"broadcast_ok"}}
2025/06/29 14:54:34 Sent {"src":"n3","dest":"n4","body":{"messages":[88],"msg_id":47,"type":"broadcast"}}
2025/06/29 14:54:34 Sent {"src":"n3","dest":"n0","body":{"messages":[88],"msg_id":48,"type":"broadcast"}}
2025/06/29 14:54:34 Received {n4 n3 {"messages":[86],"msg_id":47,"type":"broadcast"}}
2025/06/29 14:54:34 Received {n0 n3 {"messages":[86],"msg_id":46,"type":"broadcast"}}
2025/06/29 14:54:34 Sent {"src":"n3","dest":"n4","body":{"in_reply_to":47,"type":"broadcast_ok"}}
2025/06/29 14:54:34 Sent {"src":"n3","dest":"n0","body":{"in_reply_to":46,"type":"broadcast_ok"}}
2025/06/29 14:54:34 Received {n0 n3 {"in_reply_to":48,"type":"broadcast_ok"}}
2025/06/29 14:54:34 Received {n4 n3 {"in_reply_to":47,"type":"broadcast_ok"}}
2025/06/29 14:54:34 Sent {"src":"n3","dest":"n4","body":{"messages":[86],"msg_id":49,"type":"broadcast"}}
2025/06/29 14:54:34 Sent {"src":"n3","dest":"n0","body":{"messages":[86],"msg_id":50,"type":"broadcast"}}
2025/06/29 14:54:34 Received {n4 n3 {"messages":[87,88,89],"msg_id":49,"type":"broadcast"}}
2025/06/29 14:54:34 Sent {"src":"n3","dest":"n4","body":{"in_reply_to":49,"type":"broadcast_ok"}}
2025/06/29 14:54:34 Received {n0 n3 {"messages":[87,88],"msg_id":48,"type":"broadcast"}}
2025/06/29 14:54:34 Sent {"src":"n3","dest":"n0","body":{"in_reply_to":48,"type":"broadcast_ok"}}
2025/06/29 14:54:34 Received {n4 n3 {"in_reply_to":49,"type":"broadcast_ok"}}
2025/06/29 14:54:34 Received {n0 n3 {"in_reply_to":50,"type":"broadcast_ok"}}
2025/06/29 14:54:35 Received {c12 n3 {"type":"broadcast","message":90,"msg_id":31}}
2025/06/29 14:54:35 Sent {"src":"n3","dest":"c12","body":{"in_reply_to":31,"type":"broadcast_ok"}}
2025/06/29 14:54:35 Sent {"src":"n3","dest":"n4","body":{"messages":[87,89,90],"msg_id":51,"type":"broadcast"}}
2025/06/29 14:54:35 Sent {"src":"n3","dest":"n0","body":{"messages":[87,89,90],"msg_id":52,"type":"broadcast"}}
2025/06/29 14:54:35 Received {n4 n3 {"in_reply_to":51,"type":"broadcast_ok"}}
2025/06/29 14:54:35 Received {n0 n3 {"in_reply_to":52,"type":"broadcast_ok"}}
2025/06/29 14:54:35 Received {c12 n3 {"type":"read","msg_id":32}}
2025/06/29 14:54:35 Sent {"src":"n3","dest":"c12","body":{"in_reply_to":32,"messages":[5,6,14,18,19,22,23,26,27,31,35,39,40,44,51,52,54,55,56,57,60,61,64,67,68,76,72,78,81,88,86,87,89,90],"type":"read_ok"}}
2025/06/29 14:54:35 Received {n0 n3 {"messages":[89,90],"msg_id":49,"type":"broadcast"}}
2025/06/29 14:54:35 Received {n4 n3 {"messages":[90],"msg_id":51,"type":"broadcast"}}
2025/06/29 14:54:35 Sent {"src":"n3","dest":"n0","body":{"in_reply_to":49,"type":"broadcast_ok"}}
2025/06/29 14:54:35 Sent {"src":"n3","dest":"n4","body":{"in_reply_to":51,"type":"broadcast_ok"}}
2025/06/29 14:54:36 Received {c12 n3 {"type":"broadcast","message":93,"msg_id":33}}
2025/06/29 14:54:36 Sent {"src":"n3","dest":"c12","body":{"in_reply_to":33,"type":"broadcast_ok"}}
2025/06/29 14:54:36 Sent {"src":"n3","dest":"n4","body":{"messages":[93],"msg_id":53,"type":"broadcast"}}
2025/06/29 14:54:36 Sent {"src":"n3","dest":"n0","body":{"messages":[93],"msg_id":54,"type":"broadcast"}}
2025/06/29 14:54:36 Received {n0 n3 {"in_reply_to":54,"type":"broadcast_ok"}}
2025/06/29 14:54:36 Received {n4 n3 {"in_reply_to":53,"type":"broadcast_ok"}}
2025/06/29 14:54:36 Received {n4 n3 {"messages":[93,91],"msg_id":53,"type":"broadcast"}}
2025/06/29 14:54:36 Received {n0 n3 {"messages":[91,93,94,95],"msg_id":51,"type":"broadcast"}}
2025/06/29 14:54:36 Sent {"src":"n3","dest":"n4","body":{"in_reply_to":53,"type":"broadcast_ok"}}
2025/06/29 14:54:36 Sent {"src":"n3","dest":"n0","body":{"in_reply_to":51,"type":"broadcast_ok"}}
2025/06/29 14:54:37 Sent {"src":"n3","dest":"n0","body":{"messages":[91,94,95],"msg_id":56,"type":"broadcast"}}
2025/06/29 14:54:37 Sent {"src":"n3","dest":"n4","body":{"messages":[91,94,95],"msg_id":55,"type":"broadcast"}}
2025/06/29 14:54:37 Received {n4 n3 {"messages":[92,96],"msg_id":56,"type":"broadcast"}}
2025/06/29 14:54:37 Received {n0 n3 {"messages":[92,96],"msg_id":54,"type":"broadcast"}}
2025/06/29 14:54:37 Sent {"src":"n3","dest":"n4","body":{"in_reply_to":56,"type":"broadcast_ok"}}
2025/06/29 14:54:37 Sent {"src":"n3","dest":"n0","body":{"in_reply_to":54,"type":"broadcast_ok"}}
2025/06/29 14:54:37 Received {n0 n3 {"in_reply_to":56,"type":"broadcast_ok"}}
2025/06/29 14:54:37 Received {n4 n3 {"in_reply_to":55,"type":"broadcast_ok"}}
2025/06/29 14:54:37 Sent {"src":"n3","dest":"n0","body":{"messages":[92,96],"msg_id":58,"type":"broadcast"}}
2025/06/29 14:54:37 Sent {"src":"n3","dest":"n4","body":{"messages":[92,96],"msg_id":57,"type":"broadcast"}}
2025/06/29 14:54:37 Received {n0 n3 {"in_reply_to":58,"type":"broadcast_ok"}}
2025/06/29 14:54:37 Received {n4 n3 {"messages":[94,95],"msg_id":58,"type":"broadcast"}}
2025/06/29 14:54:37 Received {n4 n3 {"in_reply_to":57,"type":"broadcast_ok"}}
2025/06/29 14:54:37 Sent {"src":"n3","dest":"n4","body":{"in_reply_to":58,"type":"broadcast_ok"}}
2025/06/29 14:54:46 Received {c12 n3 {"type":"read","msg_id":34}}
2025/06/29 14:54:46 Sent {"src":"n3","dest":"c12","body":{"in_reply_to":34,"messages":[5,6,14,18,19,22,23,26,27,31,35,39,40,44,51,52,54,55,56,57,60,61,64,67,68,76,72,78,81,88,86,87,89,90,93,91,94,95,92,96],"type":"read_ok"}}
