2025/06/03 12:20:06 Received {c0 n0 {"type":"init","node_id":"n0","node_ids":["n0"],"msg_id":1}}
2025/06/03 12:20:06 Node n0 initialized
2025/06/03 12:20:06 Sent {"src":"n0","dest":"c0","body":{"in_reply_to":1,"type":"init_ok"}}
2025/06/03 12:20:06 Received {c1 n0 {"type":"topology","topology":{"n0":[]},"msg_id":1}}
2025/06/03 12:20:06 Sent {"src":"n0","dest":"c1","body":{"in_reply_to":1,"type":"topology_ok"}}
2025/06/03 12:20:06 Received {c2 n0 {"type":"broadcast","message":0,"msg_id":1}}
2025/06/03 12:20:06 Sent {"src":"n0","dest":"c2","body":{"in_reply_to":1,"msg_id":1,"type":"broadcast_ok"}}
2025/06/03 12:20:07 Received {c2 n0 {"type":"read","msg_id":2}}
2025/06/03 12:20:07 Sent {"src":"n0","dest":"c2","body":{"in_reply_to":2,"messages":["0"],"msg_id":2,"type":"read_ok"}}
2025/06/03 12:20:07 Received {c2 n0 {"type":"read","msg_id":3}}
2025/06/03 12:20:07 Sent {"src":"n0","dest":"c2","body":{"in_reply_to":3,"messages":["0"],"msg_id":3,"type":"read_ok"}}
2025/06/03 12:20:07 Received {c2 n0 {"type":"read","msg_id":4}}
2025/06/03 12:20:07 Sent {"src":"n0","dest":"c2","body":{"in_reply_to":4,"messages":["0"],"msg_id":4,"type":"read_ok"}}
2025/06/03 12:20:07 Received {c2 n0 {"type":"broadcast","message":1,"msg_id":5}}
2025/06/03 12:20:07 Sent {"src":"n0","dest":"c2","body":{"in_reply_to":5,"msg_id":5,"type":"broadcast_ok"}}
2025/06/03 12:20:07 Received {c2 n0 {"type":"read","msg_id":6}}
2025/06/03 12:20:07 Sent {"src":"n0","dest":"c2","body":{"in_reply_to":6,"messages":["0","1"],"msg_id":6,"type":"read_ok"}}
2025/06/03 12:20:07 Received {c2 n0 {"type":"read","msg_id":7}}
2025/06/03 12:20:07 Sent {"src":"n0","dest":"c2","body":{"in_reply_to":7,"messages":["0","1"],"msg_id":7,"type":"read_ok"}}
2025/06/03 12:20:07 Received {c2 n0 {"type":"broadcast","message":2,"msg_id":8}}
2025/06/03 12:20:07 Sent {"src":"n0","dest":"c2","body":{"in_reply_to":8,"msg_id":8,"type":"broadcast_ok"}}
2025/06/03 12:20:07 Received {c2 n0 {"type":"read","msg_id":9}}
2025/06/03 12:20:07 Sent {"src":"n0","dest":"c2","body":{"in_reply_to":9,"messages":["0","1","2"],"msg_id":9,"type":"read_ok"}}
2025/06/03 12:20:07 Received {c2 n0 {"type":"broadcast","message":3,"msg_id":10}}
2025/06/03 12:20:07 Sent {"src":"n0","dest":"c2","body":{"in_reply_to":10,"msg_id":10,"type":"broadcast_ok"}}
2025/06/03 12:20:07 Received {c2 n0 {"type":"read","msg_id":11}}
2025/06/03 12:20:07 Sent {"src":"n0","dest":"c2","body":{"in_reply_to":11,"messages":["0","1","2","3"],"msg_id":11,"type":"read_ok"}}
2025/06/03 12:20:07 Received {c2 n0 {"type":"broadcast","message":4,"msg_id":12}}
2025/06/03 12:20:07 Sent {"src":"n0","dest":"c2","body":{"in_reply_to":12,"msg_id":12,"type":"broadcast_ok"}}
2025/06/03 12:20:08 Received {c2 n0 {"type":"read","msg_id":13}}
2025/06/03 12:20:08 Sent {"src":"n0","dest":"c2","body":{"in_reply_to":13,"messages":["0","1","2","3","4"],"msg_id":13,"type":"read_ok"}}
2025/06/03 12:20:08 Received {c2 n0 {"type":"read","msg_id":14}}
2025/06/03 12:20:08 Sent {"src":"n0","dest":"c2","body":{"in_reply_to":14,"messages":["0","1","2","3","4"],"msg_id":14,"type":"read_ok"}}
2025/06/03 12:20:08 Received {c2 n0 {"type":"read","msg_id":15}}
2025/06/03 12:20:08 Sent {"src":"n0","dest":"c2","body":{"in_reply_to":15,"messages":["0","1","2","3","4"],"msg_id":15,"type":"read_ok"}}
2025/06/03 12:20:08 Received {c2 n0 {"type":"broadcast","message":5,"msg_id":16}}
2025/06/03 12:20:08 Sent {"src":"n0","dest":"c2","body":{"in_reply_to":16,"msg_id":16,"type":"broadcast_ok"}}
2025/06/03 12:20:08 Received {c2 n0 {"type":"broadcast","message":6,"msg_id":17}}
2025/06/03 12:20:08 Sent {"src":"n0","dest":"c2","body":{"in_reply_to":17,"msg_id":17,"type":"broadcast_ok"}}
2025/06/03 12:20:08 Received {c2 n0 {"type":"broadcast","message":7,"msg_id":18}}
2025/06/03 12:20:08 Sent {"src":"n0","dest":"c2","body":{"in_reply_to":18,"msg_id":18,"type":"broadcast_ok"}}
2025/06/03 12:20:08 Received {c2 n0 {"type":"broadcast","message":8,"msg_id":19}}
2025/06/03 12:20:08 Sent {"src":"n0","dest":"c2","body":{"in_reply_to":19,"msg_id":19,"type":"broadcast_ok"}}
2025/06/03 12:20:08 Received {c2 n0 {"type":"broadcast","message":9,"msg_id":20}}
2025/06/03 12:20:08 Sent {"src":"n0","dest":"c2","body":{"in_reply_to":20,"msg_id":20,"type":"broadcast_ok"}}
2025/06/03 12:20:08 Received {c2 n0 {"type":"read","msg_id":21}}
2025/06/03 12:20:08 Sent {"src":"n0","dest":"c2","body":{"in_reply_to":21,"messages":["0","1","2","3","4","5","6","7","8","9"],"msg_id":21,"type":"read_ok"}}
2025/06/03 12:20:09 Received {c2 n0 {"type":"read","msg_id":22}}
2025/06/03 12:20:09 Sent {"src":"n0","dest":"c2","body":{"in_reply_to":22,"messages":["0","1","2","3","4","5","6","7","8","9"],"msg_id":22,"type":"read_ok"}}
2025/06/03 12:20:09 Received {c2 n0 {"type":"broadcast","message":10,"msg_id":23}}
2025/06/03 12:20:09 Sent {"src":"n0","dest":"c2","body":{"in_reply_to":23,"msg_id":23,"type":"broadcast_ok"}}
2025/06/03 12:20:09 Received {c2 n0 {"type":"broadcast","message":11,"msg_id":24}}
2025/06/03 12:20:09 Sent {"src":"n0","dest":"c2","body":{"in_reply_to":24,"msg_id":24,"type":"broadcast_ok"}}
2025/06/03 12:20:09 Received {c2 n0 {"type":"broadcast","message":12,"msg_id":25}}
2025/06/03 12:20:09 Sent {"src":"n0","dest":"c2","body":{"in_reply_to":25,"msg_id":25,"type":"broadcast_ok"}}
2025/06/03 12:20:09 Received {c2 n0 {"type":"read","msg_id":26}}
2025/06/03 12:20:09 Sent {"src":"n0","dest":"c2","body":{"in_reply_to":26,"messages":["0","1","2","3","4","5","6","7","8","9","10","11","12"],"msg_id":26,"type":"read_ok"}}
2025/06/03 12:20:09 Received {c2 n0 {"type":"read","msg_id":27}}
2025/06/03 12:20:09 Sent {"src":"n0","dest":"c2","body":{"in_reply_to":27,"messages":["0","1","2","3","4","5","6","7","8","9","10","11","12"],"msg_id":27,"type":"read_ok"}}
2025/06/03 12:20:09 Received {c2 n0 {"type":"broadcast","message":13,"msg_id":28}}
2025/06/03 12:20:09 Sent {"src":"n0","dest":"c2","body":{"in_reply_to":28,"msg_id":28,"type":"broadcast_ok"}}
2025/06/03 12:20:09 Received {c2 n0 {"type":"read","msg_id":29}}
2025/06/03 12:20:09 Sent {"src":"n0","dest":"c2","body":{"in_reply_to":29,"messages":["0","1","2","3","4","5","6","7","8","9","10","11","12","13"],"msg_id":29,"type":"read_ok"}}
2025/06/03 12:20:10 Received {c2 n0 {"type":"broadcast","message":14,"msg_id":30}}
2025/06/03 12:20:10 Sent {"src":"n0","dest":"c2","body":{"in_reply_to":30,"msg_id":30,"type":"broadcast_ok"}}
2025/06/03 12:20:10 Received {c2 n0 {"type":"broadcast","message":15,"msg_id":31}}
2025/06/03 12:20:10 Sent {"src":"n0","dest":"c2","body":{"in_reply_to":31,"msg_id":31,"type":"broadcast_ok"}}
2025/06/03 12:20:10 Received {c2 n0 {"type":"broadcast","message":16,"msg_id":32}}
2025/06/03 12:20:10 Sent {"src":"n0","dest":"c2","body":{"in_reply_to":32,"msg_id":32,"type":"broadcast_ok"}}
2025/06/03 12:20:10 Received {c2 n0 {"type":"read","msg_id":33}}
2025/06/03 12:20:10 Sent {"src":"n0","dest":"c2","body":{"in_reply_to":33,"messages":["0","1","2","3","4","5","6","7","8","9","10","11","12","13","14","15","16"],"msg_id":33,"type":"read_ok"}}
2025/06/03 12:20:10 Received {c2 n0 {"type":"read","msg_id":34}}
2025/06/03 12:20:10 Sent {"src":"n0","dest":"c2","body":{"in_reply_to":34,"messages":["0","1","2","3","4","5","6","7","8","9","10","11","12","13","14","15","16"],"msg_id":34,"type":"read_ok"}}
2025/06/03 12:20:10 Received {c2 n0 {"type":"broadcast","message":17,"msg_id":35}}
2025/06/03 12:20:10 Sent {"src":"n0","dest":"c2","body":{"in_reply_to":35,"msg_id":35,"type":"broadcast_ok"}}
2025/06/03 12:20:10 Received {c2 n0 {"type":"read","msg_id":36}}
2025/06/03 12:20:10 Sent {"src":"n0","dest":"c2","body":{"in_reply_to":36,"messages":["0","1","2","3","4","5","6","7","8","9","10","11","12","13","14","15","16","17"],"msg_id":36,"type":"read_ok"}}
2025/06/03 12:20:10 Received {c2 n0 {"type":"read","msg_id":37}}
2025/06/03 12:20:10 Sent {"src":"n0","dest":"c2","body":{"in_reply_to":37,"messages":["0","1","2","3","4","5","6","7","8","9","10","11","12","13","14","15","16","17"],"msg_id":37,"type":"read_ok"}}
2025/06/03 12:20:10 Received {c2 n0 {"type":"read","msg_id":38}}
2025/06/03 12:20:10 Sent {"src":"n0","dest":"c2","body":{"in_reply_to":38,"messages":["0","1","2","3","4","5","6","7","8","9","10","11","12","13","14","15","16","17"],"msg_id":38,"type":"read_ok"}}
2025/06/03 12:20:11 Received {c2 n0 {"type":"broadcast","message":18,"msg_id":39}}
2025/06/03 12:20:11 Sent {"src":"n0","dest":"c2","body":{"in_reply_to":39,"msg_id":39,"type":"broadcast_ok"}}
2025/06/03 12:20:11 Received {c2 n0 {"type":"read","msg_id":40}}
2025/06/03 12:20:11 Sent {"src":"n0","dest":"c2","body":{"in_reply_to":40,"messages":["0","1","2","3","4","5","6","7","8","9","10","11","12","13","14","15","16","17","18"],"msg_id":40,"type":"read_ok"}}
2025/06/03 12:20:11 Received {c2 n0 {"type":"broadcast","message":19,"msg_id":41}}
2025/06/03 12:20:11 Sent {"src":"n0","dest":"c2","body":{"in_reply_to":41,"msg_id":41,"type":"broadcast_ok"}}
2025/06/03 12:20:11 Received {c2 n0 {"type":"read","msg_id":42}}
2025/06/03 12:20:11 Sent {"src":"n0","dest":"c2","body":{"in_reply_to":42,"messages":["0","1","2","3","4","5","6","7","8","9","10","11","12","13","14","15","16","17","18","19"],"msg_id":42,"type":"read_ok"}}
2025/06/03 12:20:11 Received {c2 n0 {"type":"read","msg_id":43}}
2025/06/03 12:20:11 Sent {"src":"n0","dest":"c2","body":{"in_reply_to":43,"messages":["0","1","2","3","4","5","6","7","8","9","10","11","12","13","14","15","16","17","18","19"],"msg_id":43,"type":"read_ok"}}
2025/06/03 12:20:11 Received {c2 n0 {"type":"broadcast","message":20,"msg_id":44}}
2025/06/03 12:20:11 Sent {"src":"n0","dest":"c2","body":{"in_reply_to":44,"msg_id":44,"type":"broadcast_ok"}}
2025/06/03 12:20:11 Received {c2 n0 {"type":"broadcast","message":21,"msg_id":45}}
2025/06/03 12:20:11 Sent {"src":"n0","dest":"c2","body":{"in_reply_to":45,"msg_id":45,"type":"broadcast_ok"}}
2025/06/03 12:20:11 Received {c2 n0 {"type":"broadcast","message":22,"msg_id":46}}
2025/06/03 12:20:11 Sent {"src":"n0","dest":"c2","body":{"in_reply_to":46,"msg_id":46,"type":"broadcast_ok"}}
2025/06/03 12:20:12 Received {c2 n0 {"type":"read","msg_id":47}}
2025/06/03 12:20:12 Sent {"src":"n0","dest":"c2","body":{"in_reply_to":47,"messages":["0","1","2","3","4","5","6","7","8","9","10","11","12","13","14","15","16","17","18","19","20","21","22"],"msg_id":47,"type":"read_ok"}}
2025/06/03 12:20:12 Received {c2 n0 {"type":"broadcast","message":23,"msg_id":48}}
2025/06/03 12:20:12 Sent {"src":"n0","dest":"c2","body":{"in_reply_to":48,"msg_id":48,"type":"broadcast_ok"}}
2025/06/03 12:20:12 Received {c2 n0 {"type":"broadcast","message":24,"msg_id":49}}
2025/06/03 12:20:12 Sent {"src":"n0","dest":"c2","body":{"in_reply_to":49,"msg_id":49,"type":"broadcast_ok"}}
2025/06/03 12:20:12 Received {c2 n0 {"type":"broadcast","message":25,"msg_id":50}}
2025/06/03 12:20:12 Sent {"src":"n0","dest":"c2","body":{"in_reply_to":50,"msg_id":50,"type":"broadcast_ok"}}
2025/06/03 12:20:12 Received {c2 n0 {"type":"read","msg_id":51}}
2025/06/03 12:20:12 Sent {"src":"n0","dest":"c2","body":{"in_reply_to":51,"messages":["0","1","2","3","4","5","6","7","8","9","10","11","12","13","14","15","16","17","18","19","20","21","22","23","24","25"],"msg_id":51,"type":"read_ok"}}
2025/06/03 12:20:12 Received {c2 n0 {"type":"broadcast","message":26,"msg_id":52}}
2025/06/03 12:20:12 Sent {"src":"n0","dest":"c2","body":{"in_reply_to":52,"msg_id":52,"type":"broadcast_ok"}}
2025/06/03 12:20:12 Received {c2 n0 {"type":"read","msg_id":53}}
2025/06/03 12:20:12 Sent {"src":"n0","dest":"c2","body":{"in_reply_to":53,"messages":["0","1","2","3","4","5","6","7","8","9","10","11","12","13","14","15","16","17","18","19","20","21","22","23","24","25","26"],"msg_id":53,"type":"read_ok"}}
2025/06/03 12:20:12 Received {c2 n0 {"type":"read","msg_id":54}}
2025/06/03 12:20:12 Sent {"src":"n0","dest":"c2","body":{"in_reply_to":54,"messages":["0","1","2","3","4","5","6","7","8","9","10","11","12","13","14","15","16","17","18","19","20","21","22","23","24","25","26"],"msg_id":54,"type":"read_ok"}}
2025/06/03 12:20:12 Received {c2 n0 {"type":"read","msg_id":55}}
2025/06/03 12:20:12 Sent {"src":"n0","dest":"c2","body":{"in_reply_to":55,"messages":["0","1","2","3","4","5","6","7","8","9","10","11","12","13","14","15","16","17","18","19","20","21","22","23","24","25","26"],"msg_id":55,"type":"read_ok"}}
2025/06/03 12:20:12 Received {c2 n0 {"type":"broadcast","message":27,"msg_id":56}}
2025/06/03 12:20:12 Sent {"src":"n0","dest":"c2","body":{"in_reply_to":56,"msg_id":56,"type":"broadcast_ok"}}
2025/06/03 12:20:12 Received {c2 n0 {"type":"broadcast","message":28,"msg_id":57}}
2025/06/03 12:20:12 Sent {"src":"n0","dest":"c2","body":{"in_reply_to":57,"msg_id":57,"type":"broadcast_ok"}}
2025/06/03 12:20:13 Received {c2 n0 {"type":"broadcast","message":29,"msg_id":58}}
2025/06/03 12:20:13 Sent {"src":"n0","dest":"c2","body":{"in_reply_to":58,"msg_id":58,"type":"broadcast_ok"}}
2025/06/03 12:20:13 Received {c2 n0 {"type":"broadcast","message":30,"msg_id":59}}
2025/06/03 12:20:13 Sent {"src":"n0","dest":"c2","body":{"in_reply_to":59,"msg_id":59,"type":"broadcast_ok"}}
2025/06/03 12:20:13 Received {c2 n0 {"type":"read","msg_id":60}}
2025/06/03 12:20:13 Sent {"src":"n0","dest":"c2","body":{"in_reply_to":60,"messages":["0","1","2","3","4","5","6","7","8","9","10","11","12","13","14","15","16","17","18","19","20","21","22","23","24","25","26","27","28","29","30"],"msg_id":60,"type":"read_ok"}}
2025/06/03 12:20:13 Received {c2 n0 {"type":"read","msg_id":61}}
2025/06/03 12:20:13 Sent {"src":"n0","dest":"c2","body":{"in_reply_to":61,"messages":["0","1","2","3","4","5","6","7","8","9","10","11","12","13","14","15","16","17","18","19","20","21","22","23","24","25","26","27","28","29","30"],"msg_id":61,"type":"read_ok"}}
2025/06/03 12:20:13 Received {c2 n0 {"type":"broadcast","message":31,"msg_id":62}}
2025/06/03 12:20:13 Sent {"src":"n0","dest":"c2","body":{"in_reply_to":62,"msg_id":62,"type":"broadcast_ok"}}
2025/06/03 12:20:13 Received {c2 n0 {"type":"broadcast","message":32,"msg_id":63}}
2025/06/03 12:20:13 Sent {"src":"n0","dest":"c2","body":{"in_reply_to":63,"msg_id":63,"type":"broadcast_ok"}}
2025/06/03 12:20:13 Received {c2 n0 {"type":"broadcast","message":33,"msg_id":64}}
2025/06/03 12:20:13 Sent {"src":"n0","dest":"c2","body":{"in_reply_to":64,"msg_id":64,"type":"broadcast_ok"}}
2025/06/03 12:20:13 Received {c2 n0 {"type":"broadcast","message":34,"msg_id":65}}
2025/06/03 12:20:13 Sent {"src":"n0","dest":"c2","body":{"in_reply_to":65,"msg_id":65,"type":"broadcast_ok"}}
2025/06/03 12:20:13 Received {c2 n0 {"type":"read","msg_id":66}}
2025/06/03 12:20:13 Sent {"src":"n0","dest":"c2","body":{"in_reply_to":66,"messages":["0","1","2","3","4","5","6","7","8","9","10","11","12","13","14","15","16","17","18","19","20","21","22","23","24","25","26","27","28","29","30","31","32","33","34"],"msg_id":66,"type":"read_ok"}}
2025/06/03 12:20:14 Received {c2 n0 {"type":"read","msg_id":67}}
2025/06/03 12:20:14 Sent {"src":"n0","dest":"c2","body":{"in_reply_to":67,"messages":["0","1","2","3","4","5","6","7","8","9","10","11","12","13","14","15","16","17","18","19","20","21","22","23","24","25","26","27","28","29","30","31","32","33","34"],"msg_id":67,"type":"read_ok"}}
2025/06/03 12:20:14 Received {c2 n0 {"type":"read","msg_id":68}}
2025/06/03 12:20:14 Sent {"src":"n0","dest":"c2","body":{"in_reply_to":68,"messages":["0","1","2","3","4","5","6","7","8","9","10","11","12","13","14","15","16","17","18","19","20","21","22","23","24","25","26","27","28","29","30","31","32","33","34"],"msg_id":68,"type":"read_ok"}}
2025/06/03 12:20:14 Received {c2 n0 {"type":"broadcast","message":35,"msg_id":69}}
2025/06/03 12:20:14 Sent {"src":"n0","dest":"c2","body":{"in_reply_to":69,"msg_id":69,"type":"broadcast_ok"}}
2025/06/03 12:20:14 Received {c2 n0 {"type":"read","msg_id":70}}
2025/06/03 12:20:14 Sent {"src":"n0","dest":"c2","body":{"in_reply_to":70,"messages":["0","1","2","3","4","5","6","7","8","9","10","11","12","13","14","15","16","17","18","19","20","21","22","23","24","25","26","27","28","29","30","31","32","33","34","35"],"msg_id":70,"type":"read_ok"}}
2025/06/03 12:20:14 Received {c2 n0 {"type":"broadcast","message":36,"msg_id":71}}
2025/06/03 12:20:14 Sent {"src":"n0","dest":"c2","body":{"in_reply_to":71,"msg_id":71,"type":"broadcast_ok"}}
2025/06/03 12:20:14 Received {c2 n0 {"type":"read","msg_id":72}}
2025/06/03 12:20:14 Sent {"src":"n0","dest":"c2","body":{"in_reply_to":72,"messages":["0","1","2","3","4","5","6","7","8","9","10","11","12","13","14","15","16","17","18","19","20","21","22","23","24","25","26","27","28","29","30","31","32","33","34","35","36"],"msg_id":72,"type":"read_ok"}}
2025/06/03 12:20:14 Received {c2 n0 {"type":"broadcast","message":37,"msg_id":73}}
2025/06/03 12:20:14 Sent {"src":"n0","dest":"c2","body":{"in_reply_to":73,"msg_id":73,"type":"broadcast_ok"}}
2025/06/03 12:20:14 Received {c2 n0 {"type":"broadcast","message":38,"msg_id":74}}
2025/06/03 12:20:14 Sent {"src":"n0","dest":"c2","body":{"in_reply_to":74,"msg_id":74,"type":"broadcast_ok"}}
2025/06/03 12:20:14 Received {c2 n0 {"type":"read","msg_id":75}}
2025/06/03 12:20:14 Sent {"src":"n0","dest":"c2","body":{"in_reply_to":75,"messages":["0","1","2","3","4","5","6","7","8","9","10","11","12","13","14","15","16","17","18","19","20","21","22","23","24","25","26","27","28","29","30","31","32","33","34","35","36","37","38"],"msg_id":75,"type":"read_ok"}}
2025/06/03 12:20:14 Received {c2 n0 {"type":"broadcast","message":39,"msg_id":76}}
2025/06/03 12:20:14 Sent {"src":"n0","dest":"c2","body":{"in_reply_to":76,"msg_id":76,"type":"broadcast_ok"}}
2025/06/03 12:20:14 Received {c2 n0 {"type":"broadcast","message":40,"msg_id":77}}
2025/06/03 12:20:14 Sent {"src":"n0","dest":"c2","body":{"in_reply_to":77,"msg_id":77,"type":"broadcast_ok"}}
2025/06/03 12:20:15 Received {c2 n0 {"type":"read","msg_id":78}}
2025/06/03 12:20:15 Sent {"src":"n0","dest":"c2","body":{"in_reply_to":78,"messages":["0","1","2","3","4","5","6","7","8","9","10","11","12","13","14","15","16","17","18","19","20","21","22","23","24","25","26","27","28","29","30","31","32","33","34","35","36","37","38","39","40"],"msg_id":78,"type":"read_ok"}}
2025/06/03 12:20:15 Received {c2 n0 {"type":"broadcast","message":41,"msg_id":79}}
2025/06/03 12:20:15 Sent {"src":"n0","dest":"c2","body":{"in_reply_to":79,"msg_id":79,"type":"broadcast_ok"}}
2025/06/03 12:20:15 Received {c2 n0 {"type":"broadcast","message":42,"msg_id":80}}
2025/06/03 12:20:15 Sent {"src":"n0","dest":"c2","body":{"in_reply_to":80,"msg_id":80,"type":"broadcast_ok"}}
2025/06/03 12:20:15 Received {c2 n0 {"type":"read","msg_id":81}}
2025/06/03 12:20:15 Sent {"src":"n0","dest":"c2","body":{"in_reply_to":81,"messages":["0","1","2","3","4","5","6","7","8","9","10","11","12","13","14","15","16","17","18","19","20","21","22","23","24","25","26","27","28","29","30","31","32","33","34","35","36","37","38","39","40","41","42"],"msg_id":81,"type":"read_ok"}}
2025/06/03 12:20:15 Received {c2 n0 {"type":"broadcast","message":43,"msg_id":82}}
2025/06/03 12:20:15 Sent {"src":"n0","dest":"c2","body":{"in_reply_to":82,"msg_id":82,"type":"broadcast_ok"}}
2025/06/03 12:20:15 Received {c2 n0 {"type":"read","msg_id":83}}
2025/06/03 12:20:15 Sent {"src":"n0","dest":"c2","body":{"in_reply_to":83,"messages":["0","1","2","3","4","5","6","7","8","9","10","11","12","13","14","15","16","17","18","19","20","21","22","23","24","25","26","27","28","29","30","31","32","33","34","35","36","37","38","39","40","41","42","43"],"msg_id":83,"type":"read_ok"}}
2025/06/03 12:20:15 Received {c2 n0 {"type":"read","msg_id":84}}
2025/06/03 12:20:15 Sent {"src":"n0","dest":"c2","body":{"in_reply_to":84,"messages":["0","1","2","3","4","5","6","7","8","9","10","11","12","13","14","15","16","17","18","19","20","21","22","23","24","25","26","27","28","29","30","31","32","33","34","35","36","37","38","39","40","41","42","43"],"msg_id":84,"type":"read_ok"}}
2025/06/03 12:20:15 Received {c2 n0 {"type":"read","msg_id":85}}
2025/06/03 12:20:15 Sent {"src":"n0","dest":"c2","body":{"in_reply_to":85,"messages":["0","1","2","3","4","5","6","7","8","9","10","11","12","13","14","15","16","17","18","19","20","21","22","23","24","25","26","27","28","29","30","31","32","33","34","35","36","37","38","39","40","41","42","43"],"msg_id":85,"type":"read_ok"}}
2025/06/03 12:20:15 Received {c2 n0 {"type":"read","msg_id":86}}
2025/06/03 12:20:15 Sent {"src":"n0","dest":"c2","body":{"in_reply_to":86,"messages":["0","1","2","3","4","5","6","7","8","9","10","11","12","13","14","15","16","17","18","19","20","21","22","23","24","25","26","27","28","29","30","31","32","33","34","35","36","37","38","39","40","41","42","43"],"msg_id":86,"type":"read_ok"}}
2025/06/03 12:20:15 Received {c2 n0 {"type":"read","msg_id":87}}
2025/06/03 12:20:15 Sent {"src":"n0","dest":"c2","body":{"in_reply_to":87,"messages":["0","1","2","3","4","5","6","7","8","9","10","11","12","13","14","15","16","17","18","19","20","21","22","23","24","25","26","27","28","29","30","31","32","33","34","35","36","37","38","39","40","41","42","43"],"msg_id":87,"type":"read_ok"}}
2025/06/03 12:20:16 Received {c2 n0 {"type":"read","msg_id":88}}
2025/06/03 12:20:16 Sent {"src":"n0","dest":"c2","body":{"in_reply_to":88,"messages":["0","1","2","3","4","5","6","7","8","9","10","11","12","13","14","15","16","17","18","19","20","21","22","23","24","25","26","27","28","29","30","31","32","33","34","35","36","37","38","39","40","41","42","43"],"msg_id":88,"type":"read_ok"}}
2025/06/03 12:20:16 Received {c2 n0 {"type":"broadcast","message":44,"msg_id":89}}
2025/06/03 12:20:16 Sent {"src":"n0","dest":"c2","body":{"in_reply_to":89,"msg_id":89,"type":"broadcast_ok"}}
2025/06/03 12:20:16 Received {c2 n0 {"type":"read","msg_id":90}}
2025/06/03 12:20:16 Sent {"src":"n0","dest":"c2","body":{"in_reply_to":90,"messages":["0","1","2","3","4","5","6","7","8","9","10","11","12","13","14","15","16","17","18","19","20","21","22","23","24","25","26","27","28","29","30","31","32","33","34","35","36","37","38","39","40","41","42","43","44"],"msg_id":90,"type":"read_ok"}}
2025/06/03 12:20:16 Received {c2 n0 {"type":"read","msg_id":91}}
2025/06/03 12:20:16 Sent {"src":"n0","dest":"c2","body":{"in_reply_to":91,"messages":["0","1","2","3","4","5","6","7","8","9","10","11","12","13","14","15","16","17","18","19","20","21","22","23","24","25","26","27","28","29","30","31","32","33","34","35","36","37","38","39","40","41","42","43","44"],"msg_id":91,"type":"read_ok"}}
2025/06/03 12:20:16 Received {c2 n0 {"type":"read","msg_id":92}}
2025/06/03 12:20:16 Sent {"src":"n0","dest":"c2","body":{"in_reply_to":92,"messages":["0","1","2","3","4","5","6","7","8","9","10","11","12","13","14","15","16","17","18","19","20","21","22","23","24","25","26","27","28","29","30","31","32","33","34","35","36","37","38","39","40","41","42","43","44"],"msg_id":92,"type":"read_ok"}}
2025/06/03 12:20:16 Received {c2 n0 {"type":"read","msg_id":93}}
2025/06/03 12:20:16 Sent {"src":"n0","dest":"c2","body":{"in_reply_to":93,"messages":["0","1","2","3","4","5","6","7","8","9","10","11","12","13","14","15","16","17","18","19","20","21","22","23","24","25","26","27","28","29","30","31","32","33","34","35","36","37","38","39","40","41","42","43","44"],"msg_id":93,"type":"read_ok"}}
2025/06/03 12:20:16 Received {c2 n0 {"type":"broadcast","message":45,"msg_id":94}}
2025/06/03 12:20:16 Sent {"src":"n0","dest":"c2","body":{"in_reply_to":94,"msg_id":94,"type":"broadcast_ok"}}
2025/06/03 12:20:17 Received {c2 n0 {"type":"read","msg_id":95}}
2025/06/03 12:20:17 Sent {"src":"n0","dest":"c2","body":{"in_reply_to":95,"messages":["0","1","2","3","4","5","6","7","8","9","10","11","12","13","14","15","16","17","18","19","20","21","22","23","24","25","26","27","28","29","30","31","32","33","34","35","36","37","38","39","40","41","42","43","44","45"],"msg_id":95,"type":"read_ok"}}
2025/06/03 12:20:17 Received {c2 n0 {"type":"broadcast","message":46,"msg_id":96}}
2025/06/03 12:20:17 Sent {"src":"n0","dest":"c2","body":{"in_reply_to":96,"msg_id":96,"type":"broadcast_ok"}}
2025/06/03 12:20:17 Received {c2 n0 {"type":"broadcast","message":47,"msg_id":97}}
2025/06/03 12:20:17 Sent {"src":"n0","dest":"c2","body":{"in_reply_to":97,"msg_id":97,"type":"broadcast_ok"}}
2025/06/03 12:20:17 Received {c2 n0 {"type":"broadcast","message":48,"msg_id":98}}
2025/06/03 12:20:17 Sent {"src":"n0","dest":"c2","body":{"in_reply_to":98,"msg_id":98,"type":"broadcast_ok"}}
2025/06/03 12:20:17 Received {c2 n0 {"type":"read","msg_id":99}}
2025/06/03 12:20:17 Sent {"src":"n0","dest":"c2","body":{"in_reply_to":99,"messages":["0","1","2","3","4","5","6","7","8","9","10","11","12","13","14","15","16","17","18","19","20","21","22","23","24","25","26","27","28","29","30","31","32","33","34","35","36","37","38","39","40","41","42","43","44","45","46","47","48"],"msg_id":99,"type":"read_ok"}}
2025/06/03 12:20:17 Received {c2 n0 {"type":"read","msg_id":100}}
2025/06/03 12:20:17 Sent {"src":"n0","dest":"c2","body":{"in_reply_to":100,"messages":["0","1","2","3","4","5","6","7","8","9","10","11","12","13","14","15","16","17","18","19","20","21","22","23","24","25","26","27","28","29","30","31","32","33","34","35","36","37","38","39","40","41","42","43","44","45","46","47","48"],"msg_id":100,"type":"read_ok"}}
2025/06/03 12:20:17 Received {c2 n0 {"type":"read","msg_id":101}}
2025/06/03 12:20:17 Sent {"src":"n0","dest":"c2","body":{"in_reply_to":101,"messages":["0","1","2","3","4","5","6","7","8","9","10","11","12","13","14","15","16","17","18","19","20","21","22","23","24","25","26","27","28","29","30","31","32","33","34","35","36","37","38","39","40","41","42","43","44","45","46","47","48"],"msg_id":101,"type":"read_ok"}}
2025/06/03 12:20:17 Received {c2 n0 {"type":"broadcast","message":49,"msg_id":102}}
2025/06/03 12:20:17 Sent {"src":"n0","dest":"c2","body":{"in_reply_to":102,"msg_id":102,"type":"broadcast_ok"}}
2025/06/03 12:20:17 Received {c2 n0 {"type":"read","msg_id":103}}
2025/06/03 12:20:17 Sent {"src":"n0","dest":"c2","body":{"in_reply_to":103,"messages":["0","1","2","3","4","5","6","7","8","9","10","11","12","13","14","15","16","17","18","19","20","21","22","23","24","25","26","27","28","29","30","31","32","33","34","35","36","37","38","39","40","41","42","43","44","45","46","47","48","49"],"msg_id":103,"type":"read_ok"}}
2025/06/03 12:20:17 Received {c2 n0 {"type":"read","msg_id":104}}
2025/06/03 12:20:17 Sent {"src":"n0","dest":"c2","body":{"in_reply_to":104,"messages":["0","1","2","3","4","5","6","7","8","9","10","11","12","13","14","15","16","17","18","19","20","21","22","23","24","25","26","27","28","29","30","31","32","33","34","35","36","37","38","39","40","41","42","43","44","45","46","47","48","49"],"msg_id":104,"type":"read_ok"}}
2025/06/03 12:20:17 Received {c2 n0 {"type":"broadcast","message":50,"msg_id":105}}
2025/06/03 12:20:17 Sent {"src":"n0","dest":"c2","body":{"in_reply_to":105,"msg_id":105,"type":"broadcast_ok"}}
2025/06/03 12:20:17 Received {c2 n0 {"type":"read","msg_id":106}}
2025/06/03 12:20:17 Sent {"src":"n0","dest":"c2","body":{"in_reply_to":106,"messages":["0","1","2","3","4","5","6","7","8","9","10","11","12","13","14","15","16","17","18","19","20","21","22","23","24","25","26","27","28","29","30","31","32","33","34","35","36","37","38","39","40","41","42","43","44","45","46","47","48","49","50"],"msg_id":106,"type":"read_ok"}}
2025/06/03 12:20:17 Received {c2 n0 {"type":"read","msg_id":107}}
2025/06/03 12:20:17 Sent {"src":"n0","dest":"c2","body":{"in_reply_to":107,"messages":["0","1","2","3","4","5","6","7","8","9","10","11","12","13","14","15","16","17","18","19","20","21","22","23","24","25","26","27","28","29","30","31","32","33","34","35","36","37","38","39","40","41","42","43","44","45","46","47","48","49","50"],"msg_id":107,"type":"read_ok"}}
2025/06/03 12:20:18 Received {c2 n0 {"type":"read","msg_id":108}}
2025/06/03 12:20:18 Sent {"src":"n0","dest":"c2","body":{"in_reply_to":108,"messages":["0","1","2","3","4","5","6","7","8","9","10","11","12","13","14","15","16","17","18","19","20","21","22","23","24","25","26","27","28","29","30","31","32","33","34","35","36","37","38","39","40","41","42","43","44","45","46","47","48","49","50"],"msg_id":108,"type":"read_ok"}}
2025/06/03 12:20:18 Received {c2 n0 {"type":"read","msg_id":109}}
2025/06/03 12:20:18 Sent {"src":"n0","dest":"c2","body":{"in_reply_to":109,"messages":["0","1","2","3","4","5","6","7","8","9","10","11","12","13","14","15","16","17","18","19","20","21","22","23","24","25","26","27","28","29","30","31","32","33","34","35","36","37","38","39","40","41","42","43","44","45","46","47","48","49","50"],"msg_id":109,"type":"read_ok"}}
2025/06/03 12:20:18 Received {c2 n0 {"type":"read","msg_id":110}}
2025/06/03 12:20:18 Sent {"src":"n0","dest":"c2","body":{"in_reply_to":110,"messages":["0","1","2","3","4","5","6","7","8","9","10","11","12","13","14","15","16","17","18","19","20","21","22","23","24","25","26","27","28","29","30","31","32","33","34","35","36","37","38","39","40","41","42","43","44","45","46","47","48","49","50"],"msg_id":110,"type":"read_ok"}}
2025/06/03 12:20:18 Received {c2 n0 {"type":"broadcast","message":51,"msg_id":111}}
2025/06/03 12:20:18 Sent {"src":"n0","dest":"c2","body":{"in_reply_to":111,"msg_id":111,"type":"broadcast_ok"}}
2025/06/03 12:20:18 Received {c2 n0 {"type":"read","msg_id":112}}
2025/06/03 12:20:18 Sent {"src":"n0","dest":"c2","body":{"in_reply_to":112,"messages":["0","1","2","3","4","5","6","7","8","9","10","11","12","13","14","15","16","17","18","19","20","21","22","23","24","25","26","27","28","29","30","31","32","33","34","35","36","37","38","39","40","41","42","43","44","45","46","47","48","49","50","51"],"msg_id":112,"type":"read_ok"}}
2025/06/03 12:20:18 Received {c2 n0 {"type":"broadcast","message":52,"msg_id":113}}
2025/06/03 12:20:18 Sent {"src":"n0","dest":"c2","body":{"in_reply_to":113,"msg_id":113,"type":"broadcast_ok"}}
2025/06/03 12:20:18 Received {c2 n0 {"type":"broadcast","message":53,"msg_id":114}}
2025/06/03 12:20:18 Sent {"src":"n0","dest":"c2","body":{"in_reply_to":114,"msg_id":114,"type":"broadcast_ok"}}
2025/06/03 12:20:18 Received {c2 n0 {"type":"read","msg_id":115}}
2025/06/03 12:20:18 Sent {"src":"n0","dest":"c2","body":{"in_reply_to":115,"messages":["0","1","2","3","4","5","6","7","8","9","10","11","12","13","14","15","16","17","18","19","20","21","22","23","24","25","26","27","28","29","30","31","32","33","34","35","36","37","38","39","40","41","42","43","44","45","46","47","48","49","50","51","52","53"],"msg_id":115,"type":"read_ok"}}
2025/06/03 12:20:18 Received {c2 n0 {"type":"broadcast","message":54,"msg_id":116}}
2025/06/03 12:20:18 Sent {"src":"n0","dest":"c2","body":{"in_reply_to":116,"msg_id":116,"type":"broadcast_ok"}}
2025/06/03 12:20:18 Received {c2 n0 {"type":"broadcast","message":55,"msg_id":117}}
2025/06/03 12:20:18 Sent {"src":"n0","dest":"c2","body":{"in_reply_to":117,"msg_id":117,"type":"broadcast_ok"}}
2025/06/03 12:20:18 Received {c2 n0 {"type":"read","msg_id":118}}
2025/06/03 12:20:18 Sent {"src":"n0","dest":"c2","body":{"in_reply_to":118,"messages":["0","1","2","3","4","5","6","7","8","9","10","11","12","13","14","15","16","17","18","19","20","21","22","23","24","25","26","27","28","29","30","31","32","33","34","35","36","37","38","39","40","41","42","43","44","45","46","47","48","49","50","51","52","53","54","55"],"msg_id":118,"type":"read_ok"}}
2025/06/03 12:20:19 Received {c2 n0 {"type":"read","msg_id":119}}
2025/06/03 12:20:19 Sent {"src":"n0","dest":"c2","body":{"in_reply_to":119,"messages":["0","1","2","3","4","5","6","7","8","9","10","11","12","13","14","15","16","17","18","19","20","21","22","23","24","25","26","27","28","29","30","31","32","33","34","35","36","37","38","39","40","41","42","43","44","45","46","47","48","49","50","51","52","53","54","55"],"msg_id":119,"type":"read_ok"}}
2025/06/03 12:20:19 Received {c2 n0 {"type":"broadcast","message":56,"msg_id":120}}
2025/06/03 12:20:19 Sent {"src":"n0","dest":"c2","body":{"in_reply_to":120,"msg_id":120,"type":"broadcast_ok"}}
2025/06/03 12:20:19 Received {c2 n0 {"type":"broadcast","message":57,"msg_id":121}}
2025/06/03 12:20:19 Sent {"src":"n0","dest":"c2","body":{"in_reply_to":121,"msg_id":121,"type":"broadcast_ok"}}
2025/06/03 12:20:19 Received {c2 n0 {"type":"broadcast","message":58,"msg_id":122}}
2025/06/03 12:20:19 Sent {"src":"n0","dest":"c2","body":{"in_reply_to":122,"msg_id":122,"type":"broadcast_ok"}}
2025/06/03 12:20:19 Received {c2 n0 {"type":"broadcast","message":59,"msg_id":123}}
2025/06/03 12:20:19 Sent {"src":"n0","dest":"c2","body":{"in_reply_to":123,"msg_id":123,"type":"broadcast_ok"}}
2025/06/03 12:20:19 Received {c2 n0 {"type":"broadcast","message":60,"msg_id":124}}
2025/06/03 12:20:19 Sent {"src":"n0","dest":"c2","body":{"in_reply_to":124,"msg_id":124,"type":"broadcast_ok"}}
2025/06/03 12:20:19 Received {c2 n0 {"type":"broadcast","message":61,"msg_id":125}}
2025/06/03 12:20:19 Sent {"src":"n0","dest":"c2","body":{"in_reply_to":125,"msg_id":125,"type":"broadcast_ok"}}
2025/06/03 12:20:19 Received {c2 n0 {"type":"broadcast","message":62,"msg_id":126}}
2025/06/03 12:20:19 Sent {"src":"n0","dest":"c2","body":{"in_reply_to":126,"msg_id":126,"type":"broadcast_ok"}}
2025/06/03 12:20:19 Received {c2 n0 {"type":"read","msg_id":127}}
2025/06/03 12:20:19 Sent {"src":"n0","dest":"c2","body":{"in_reply_to":127,"messages":["0","1","2","3","4","5","6","7","8","9","10","11","12","13","14","15","16","17","18","19","20","21","22","23","24","25","26","27","28","29","30","31","32","33","34","35","36","37","38","39","40","41","42","43","44","45","46","47","48","49","50","51","52","53","54","55","56","57","58","59","60","61","62"],"msg_id":127,"type":"read_ok"}}
2025/06/03 12:20:20 Received {c2 n0 {"type":"read","msg_id":128}}
2025/06/03 12:20:20 Sent {"src":"n0","dest":"c2","body":{"in_reply_to":128,"messages":["0","1","2","3","4","5","6","7","8","9","10","11","12","13","14","15","16","17","18","19","20","21","22","23","24","25","26","27","28","29","30","31","32","33","34","35","36","37","38","39","40","41","42","43","44","45","46","47","48","49","50","51","52","53","54","55","56","57","58","59","60","61","62"],"msg_id":128,"type":"read_ok"}}
2025/06/03 12:20:20 Received {c2 n0 {"type":"read","msg_id":129}}
2025/06/03 12:20:20 Sent {"src":"n0","dest":"c2","body":{"in_reply_to":129,"messages":["0","1","2","3","4","5","6","7","8","9","10","11","12","13","14","15","16","17","18","19","20","21","22","23","24","25","26","27","28","29","30","31","32","33","34","35","36","37","38","39","40","41","42","43","44","45","46","47","48","49","50","51","52","53","54","55","56","57","58","59","60","61","62"],"msg_id":129,"type":"read_ok"}}
2025/06/03 12:20:20 Received {c2 n0 {"type":"broadcast","message":63,"msg_id":130}}
2025/06/03 12:20:20 Sent {"src":"n0","dest":"c2","body":{"in_reply_to":130,"msg_id":130,"type":"broadcast_ok"}}
2025/06/03 12:20:20 Received {c2 n0 {"type":"broadcast","message":64,"msg_id":131}}
2025/06/03 12:20:20 Sent {"src":"n0","dest":"c2","body":{"in_reply_to":131,"msg_id":131,"type":"broadcast_ok"}}
2025/06/03 12:20:20 Received {c2 n0 {"type":"read","msg_id":132}}
2025/06/03 12:20:20 Sent {"src":"n0","dest":"c2","body":{"in_reply_to":132,"messages":["0","1","2","3","4","5","6","7","8","9","10","11","12","13","14","15","16","17","18","19","20","21","22","23","24","25","26","27","28","29","30","31","32","33","34","35","36","37","38","39","40","41","42","43","44","45","46","47","48","49","50","51","52","53","54","55","56","57","58","59","60","61","62","63","64"],"msg_id":132,"type":"read_ok"}}
2025/06/03 12:20:20 Received {c2 n0 {"type":"broadcast","message":65,"msg_id":133}}
2025/06/03 12:20:20 Sent {"src":"n0","dest":"c2","body":{"in_reply_to":133,"msg_id":133,"type":"broadcast_ok"}}
2025/06/03 12:20:20 Received {c2 n0 {"type":"read","msg_id":134}}
2025/06/03 12:20:20 Sent {"src":"n0","dest":"c2","body":{"in_reply_to":134,"messages":["0","1","2","3","4","5","6","7","8","9","10","11","12","13","14","15","16","17","18","19","20","21","22","23","24","25","26","27","28","29","30","31","32","33","34","35","36","37","38","39","40","41","42","43","44","45","46","47","48","49","50","51","52","53","54","55","56","57","58","59","60","61","62","63","64","65"],"msg_id":134,"type":"read_ok"}}
2025/06/03 12:20:20 Received {c2 n0 {"type":"read","msg_id":135}}
2025/06/03 12:20:20 Sent {"src":"n0","dest":"c2","body":{"in_reply_to":135,"messages":["0","1","2","3","4","5","6","7","8","9","10","11","12","13","14","15","16","17","18","19","20","21","22","23","24","25","26","27","28","29","30","31","32","33","34","35","36","37","38","39","40","41","42","43","44","45","46","47","48","49","50","51","52","53","54","55","56","57","58","59","60","61","62","63","64","65"],"msg_id":135,"type":"read_ok"}}
2025/06/03 12:20:20 Received {c2 n0 {"type":"read","msg_id":136}}
2025/06/03 12:20:20 Sent {"src":"n0","dest":"c2","body":{"in_reply_to":136,"messages":["0","1","2","3","4","5","6","7","8","9","10","11","12","13","14","15","16","17","18","19","20","21","22","23","24","25","26","27","28","29","30","31","32","33","34","35","36","37","38","39","40","41","42","43","44","45","46","47","48","49","50","51","52","53","54","55","56","57","58","59","60","61","62","63","64","65"],"msg_id":136,"type":"read_ok"}}
2025/06/03 12:20:20 Received {c2 n0 {"type":"broadcast","message":66,"msg_id":137}}
2025/06/03 12:20:20 Sent {"src":"n0","dest":"c2","body":{"in_reply_to":137,"msg_id":137,"type":"broadcast_ok"}}
2025/06/03 12:20:20 Received {c2 n0 {"type":"broadcast","message":67,"msg_id":138}}
2025/06/03 12:20:20 Sent {"src":"n0","dest":"c2","body":{"in_reply_to":138,"msg_id":138,"type":"broadcast_ok"}}
2025/06/03 12:20:20 Received {c2 n0 {"type":"broadcast","message":68,"msg_id":139}}
2025/06/03 12:20:20 Sent {"src":"n0","dest":"c2","body":{"in_reply_to":139,"msg_id":139,"type":"broadcast_ok"}}
2025/06/03 12:20:21 Received {c2 n0 {"type":"broadcast","message":69,"msg_id":140}}
2025/06/03 12:20:21 Sent {"src":"n0","dest":"c2","body":{"in_reply_to":140,"msg_id":140,"type":"broadcast_ok"}}
2025/06/03 12:20:21 Received {c2 n0 {"type":"broadcast","message":70,"msg_id":141}}
2025/06/03 12:20:21 Sent {"src":"n0","dest":"c2","body":{"in_reply_to":141,"msg_id":141,"type":"broadcast_ok"}}
2025/06/03 12:20:21 Received {c2 n0 {"type":"broadcast","message":71,"msg_id":142}}
2025/06/03 12:20:21 Sent {"src":"n0","dest":"c2","body":{"in_reply_to":142,"msg_id":142,"type":"broadcast_ok"}}
2025/06/03 12:20:21 Received {c2 n0 {"type":"broadcast","message":72,"msg_id":143}}
2025/06/03 12:20:21 Sent {"src":"n0","dest":"c2","body":{"in_reply_to":143,"msg_id":143,"type":"broadcast_ok"}}
2025/06/03 12:20:21 Received {c2 n0 {"type":"broadcast","message":73,"msg_id":144}}
2025/06/03 12:20:21 Sent {"src":"n0","dest":"c2","body":{"in_reply_to":144,"msg_id":144,"type":"broadcast_ok"}}
2025/06/03 12:20:21 Received {c2 n0 {"type":"read","msg_id":145}}
2025/06/03 12:20:21 Sent {"src":"n0","dest":"c2","body":{"in_reply_to":145,"messages":["0","1","2","3","4","5","6","7","8","9","10","11","12","13","14","15","16","17","18","19","20","21","22","23","24","25","26","27","28","29","30","31","32","33","34","35","36","37","38","39","40","41","42","43","44","45","46","47","48","49","50","51","52","53","54","55","56","57","58","59","60","61","62","63","64","65","66","67","68","69","70","71","72","73"],"msg_id":145,"type":"read_ok"}}
2025/06/03 12:20:21 Received {c2 n0 {"type":"read","msg_id":146}}
2025/06/03 12:20:21 Sent {"src":"n0","dest":"c2","body":{"in_reply_to":146,"messages":["0","1","2","3","4","5","6","7","8","9","10","11","12","13","14","15","16","17","18","19","20","21","22","23","24","25","26","27","28","29","30","31","32","33","34","35","36","37","38","39","40","41","42","43","44","45","46","47","48","49","50","51","52","53","54","55","56","57","58","59","60","61","62","63","64","65","66","67","68","69","70","71","72","73"],"msg_id":146,"type":"read_ok"}}
2025/06/03 12:20:21 Received {c2 n0 {"type":"read","msg_id":147}}
2025/06/03 12:20:21 Sent {"src":"n0","dest":"c2","body":{"in_reply_to":147,"messages":["0","1","2","3","4","5","6","7","8","9","10","11","12","13","14","15","16","17","18","19","20","21","22","23","24","25","26","27","28","29","30","31","32","33","34","35","36","37","38","39","40","41","42","43","44","45","46","47","48","49","50","51","52","53","54","55","56","57","58","59","60","61","62","63","64","65","66","67","68","69","70","71","72","73"],"msg_id":147,"type":"read_ok"}}
2025/06/03 12:20:21 Received {c2 n0 {"type":"read","msg_id":148}}
2025/06/03 12:20:21 Sent {"src":"n0","dest":"c2","body":{"in_reply_to":148,"messages":["0","1","2","3","4","5","6","7","8","9","10","11","12","13","14","15","16","17","18","19","20","21","22","23","24","25","26","27","28","29","30","31","32","33","34","35","36","37","38","39","40","41","42","43","44","45","46","47","48","49","50","51","52","53","54","55","56","57","58","59","60","61","62","63","64","65","66","67","68","69","70","71","72","73"],"msg_id":148,"type":"read_ok"}}
2025/06/03 12:20:22 Received {c2 n0 {"type":"read","msg_id":149}}
2025/06/03 12:20:22 Sent {"src":"n0","dest":"c2","body":{"in_reply_to":149,"messages":["0","1","2","3","4","5","6","7","8","9","10","11","12","13","14","15","16","17","18","19","20","21","22","23","24","25","26","27","28","29","30","31","32","33","34","35","36","37","38","39","40","41","42","43","44","45","46","47","48","49","50","51","52","53","54","55","56","57","58","59","60","61","62","63","64","65","66","67","68","69","70","71","72","73"],"msg_id":149,"type":"read_ok"}}
2025/06/03 12:20:22 Received {c2 n0 {"type":"read","msg_id":150}}
2025/06/03 12:20:22 Sent {"src":"n0","dest":"c2","body":{"in_reply_to":150,"messages":["0","1","2","3","4","5","6","7","8","9","10","11","12","13","14","15","16","17","18","19","20","21","22","23","24","25","26","27","28","29","30","31","32","33","34","35","36","37","38","39","40","41","42","43","44","45","46","47","48","49","50","51","52","53","54","55","56","57","58","59","60","61","62","63","64","65","66","67","68","69","70","71","72","73"],"msg_id":150,"type":"read_ok"}}
2025/06/03 12:20:22 Received {c2 n0 {"type":"read","msg_id":151}}
2025/06/03 12:20:22 Sent {"src":"n0","dest":"c2","body":{"in_reply_to":151,"messages":["0","1","2","3","4","5","6","7","8","9","10","11","12","13","14","15","16","17","18","19","20","21","22","23","24","25","26","27","28","29","30","31","32","33","34","35","36","37","38","39","40","41","42","43","44","45","46","47","48","49","50","51","52","53","54","55","56","57","58","59","60","61","62","63","64","65","66","67","68","69","70","71","72","73"],"msg_id":151,"type":"read_ok"}}
2025/06/03 12:20:22 Received {c2 n0 {"type":"broadcast","message":74,"msg_id":152}}
2025/06/03 12:20:22 Sent {"src":"n0","dest":"c2","body":{"in_reply_to":152,"msg_id":152,"type":"broadcast_ok"}}
2025/06/03 12:20:22 Received {c2 n0 {"type":"broadcast","message":75,"msg_id":153}}
2025/06/03 12:20:22 Sent {"src":"n0","dest":"c2","body":{"in_reply_to":153,"msg_id":153,"type":"broadcast_ok"}}
2025/06/03 12:20:22 Received {c2 n0 {"type":"broadcast","message":76,"msg_id":154}}
2025/06/03 12:20:22 Sent {"src":"n0","dest":"c2","body":{"in_reply_to":154,"msg_id":154,"type":"broadcast_ok"}}
2025/06/03 12:20:22 Received {c2 n0 {"type":"read","msg_id":155}}
2025/06/03 12:20:22 Sent {"src":"n0","dest":"c2","body":{"in_reply_to":155,"messages":["0","1","2","3","4","5","6","7","8","9","10","11","12","13","14","15","16","17","18","19","20","21","22","23","24","25","26","27","28","29","30","31","32","33","34","35","36","37","38","39","40","41","42","43","44","45","46","47","48","49","50","51","52","53","54","55","56","57","58","59","60","61","62","63","64","65","66","67","68","69","70","71","72","73","74","75","76"],"msg_id":155,"type":"read_ok"}}
2025/06/03 12:20:22 Received {c2 n0 {"type":"broadcast","message":77,"msg_id":156}}
2025/06/03 12:20:22 Sent {"src":"n0","dest":"c2","body":{"in_reply_to":156,"msg_id":156,"type":"broadcast_ok"}}
2025/06/03 12:20:22 Received {c2 n0 {"type":"broadcast","message":78,"msg_id":157}}
2025/06/03 12:20:22 Sent {"src":"n0","dest":"c2","body":{"in_reply_to":157,"msg_id":157,"type":"broadcast_ok"}}
2025/06/03 12:20:22 Received {c2 n0 {"type":"broadcast","message":79,"msg_id":158}}
2025/06/03 12:20:22 Sent {"src":"n0","dest":"c2","body":{"in_reply_to":158,"msg_id":158,"type":"broadcast_ok"}}
2025/06/03 12:20:22 Received {c2 n0 {"type":"broadcast","message":80,"msg_id":159}}
2025/06/03 12:20:22 Sent {"src":"n0","dest":"c2","body":{"in_reply_to":159,"msg_id":159,"type":"broadcast_ok"}}
2025/06/03 12:20:23 Received {c2 n0 {"type":"read","msg_id":160}}
2025/06/03 12:20:23 Sent {"src":"n0","dest":"c2","body":{"in_reply_to":160,"messages":["0","1","2","3","4","5","6","7","8","9","10","11","12","13","14","15","16","17","18","19","20","21","22","23","24","25","26","27","28","29","30","31","32","33","34","35","36","37","38","39","40","41","42","43","44","45","46","47","48","49","50","51","52","53","54","55","56","57","58","59","60","61","62","63","64","65","66","67","68","69","70","71","72","73","74","75","76","77","78","79","80"],"msg_id":160,"type":"read_ok"}}
2025/06/03 12:20:23 Received {c2 n0 {"type":"read","msg_id":161}}
2025/06/03 12:20:23 Sent {"src":"n0","dest":"c2","body":{"in_reply_to":161,"messages":["0","1","2","3","4","5","6","7","8","9","10","11","12","13","14","15","16","17","18","19","20","21","22","23","24","25","26","27","28","29","30","31","32","33","34","35","36","37","38","39","40","41","42","43","44","45","46","47","48","49","50","51","52","53","54","55","56","57","58","59","60","61","62","63","64","65","66","67","68","69","70","71","72","73","74","75","76","77","78","79","80"],"msg_id":161,"type":"read_ok"}}
2025/06/03 12:20:23 Received {c2 n0 {"type":"broadcast","message":81,"msg_id":162}}
2025/06/03 12:20:23 Sent {"src":"n0","dest":"c2","body":{"in_reply_to":162,"msg_id":162,"type":"broadcast_ok"}}
2025/06/03 12:20:23 Received {c2 n0 {"type":"read","msg_id":163}}
2025/06/03 12:20:23 Sent {"src":"n0","dest":"c2","body":{"in_reply_to":163,"messages":["0","1","2","3","4","5","6","7","8","9","10","11","12","13","14","15","16","17","18","19","20","21","22","23","24","25","26","27","28","29","30","31","32","33","34","35","36","37","38","39","40","41","42","43","44","45","46","47","48","49","50","51","52","53","54","55","56","57","58","59","60","61","62","63","64","65","66","67","68","69","70","71","72","73","74","75","76","77","78","79","80","81"],"msg_id":163,"type":"read_ok"}}
2025/06/03 12:20:23 Received {c2 n0 {"type":"read","msg_id":164}}
2025/06/03 12:20:23 Sent {"src":"n0","dest":"c2","body":{"in_reply_to":164,"messages":["0","1","2","3","4","5","6","7","8","9","10","11","12","13","14","15","16","17","18","19","20","21","22","23","24","25","26","27","28","29","30","31","32","33","34","35","36","37","38","39","40","41","42","43","44","45","46","47","48","49","50","51","52","53","54","55","56","57","58","59","60","61","62","63","64","65","66","67","68","69","70","71","72","73","74","75","76","77","78","79","80","81"],"msg_id":164,"type":"read_ok"}}
2025/06/03 12:20:23 Received {c2 n0 {"type":"read","msg_id":165}}
2025/06/03 12:20:23 Sent {"src":"n0","dest":"c2","body":{"in_reply_to":165,"messages":["0","1","2","3","4","5","6","7","8","9","10","11","12","13","14","15","16","17","18","19","20","21","22","23","24","25","26","27","28","29","30","31","32","33","34","35","36","37","38","39","40","41","42","43","44","45","46","47","48","49","50","51","52","53","54","55","56","57","58","59","60","61","62","63","64","65","66","67","68","69","70","71","72","73","74","75","76","77","78","79","80","81"],"msg_id":165,"type":"read_ok"}}
2025/06/03 12:20:23 Received {c2 n0 {"type":"broadcast","message":82,"msg_id":166}}
2025/06/03 12:20:23 Sent {"src":"n0","dest":"c2","body":{"in_reply_to":166,"msg_id":166,"type":"broadcast_ok"}}
2025/06/03 12:20:23 Received {c2 n0 {"type":"broadcast","message":83,"msg_id":167}}
2025/06/03 12:20:23 Sent {"src":"n0","dest":"c2","body":{"in_reply_to":167,"msg_id":167,"type":"broadcast_ok"}}
2025/06/03 12:20:23 Received {c2 n0 {"type":"read","msg_id":168}}
2025/06/03 12:20:23 Sent {"src":"n0","dest":"c2","body":{"in_reply_to":168,"messages":["0","1","2","3","4","5","6","7","8","9","10","11","12","13","14","15","16","17","18","19","20","21","22","23","24","25","26","27","28","29","30","31","32","33","34","35","36","37","38","39","40","41","42","43","44","45","46","47","48","49","50","51","52","53","54","55","56","57","58","59","60","61","62","63","64","65","66","67","68","69","70","71","72","73","74","75","76","77","78","79","80","81","82","83"],"msg_id":168,"type":"read_ok"}}
2025/06/03 12:20:24 Received {c2 n0 {"type":"read","msg_id":169}}
2025/06/03 12:20:24 Sent {"src":"n0","dest":"c2","body":{"in_reply_to":169,"messages":["0","1","2","3","4","5","6","7","8","9","10","11","12","13","14","15","16","17","18","19","20","21","22","23","24","25","26","27","28","29","30","31","32","33","34","35","36","37","38","39","40","41","42","43","44","45","46","47","48","49","50","51","52","53","54","55","56","57","58","59","60","61","62","63","64","65","66","67","68","69","70","71","72","73","74","75","76","77","78","79","80","81","82","83"],"msg_id":169,"type":"read_ok"}}
2025/06/03 12:20:24 Received {c2 n0 {"type":"broadcast","message":84,"msg_id":170}}
2025/06/03 12:20:24 Sent {"src":"n0","dest":"c2","body":{"in_reply_to":170,"msg_id":170,"type":"broadcast_ok"}}
2025/06/03 12:20:24 Received {c2 n0 {"type":"broadcast","message":85,"msg_id":171}}
2025/06/03 12:20:24 Sent {"src":"n0","dest":"c2","body":{"in_reply_to":171,"msg_id":171,"type":"broadcast_ok"}}
2025/06/03 12:20:24 Received {c2 n0 {"type":"broadcast","message":86,"msg_id":172}}
2025/06/03 12:20:24 Sent {"src":"n0","dest":"c2","body":{"in_reply_to":172,"msg_id":172,"type":"broadcast_ok"}}
2025/06/03 12:20:24 Received {c2 n0 {"type":"broadcast","message":87,"msg_id":173}}
2025/06/03 12:20:24 Sent {"src":"n0","dest":"c2","body":{"in_reply_to":173,"msg_id":173,"type":"broadcast_ok"}}
2025/06/03 12:20:24 Received {c2 n0 {"type":"read","msg_id":174}}
2025/06/03 12:20:24 Sent {"src":"n0","dest":"c2","body":{"in_reply_to":174,"messages":["0","1","2","3","4","5","6","7","8","9","10","11","12","13","14","15","16","17","18","19","20","21","22","23","24","25","26","27","28","29","30","31","32","33","34","35","36","37","38","39","40","41","42","43","44","45","46","47","48","49","50","51","52","53","54","55","56","57","58","59","60","61","62","63","64","65","66","67","68","69","70","71","72","73","74","75","76","77","78","79","80","81","82","83","84","85","86","87"],"msg_id":174,"type":"read_ok"}}
2025/06/03 12:20:24 Received {c2 n0 {"type":"read","msg_id":175}}
2025/06/03 12:20:24 Sent {"src":"n0","dest":"c2","body":{"in_reply_to":175,"messages":["0","1","2","3","4","5","6","7","8","9","10","11","12","13","14","15","16","17","18","19","20","21","22","23","24","25","26","27","28","29","30","31","32","33","34","35","36","37","38","39","40","41","42","43","44","45","46","47","48","49","50","51","52","53","54","55","56","57","58","59","60","61","62","63","64","65","66","67","68","69","70","71","72","73","74","75","76","77","78","79","80","81","82","83","84","85","86","87"],"msg_id":175,"type":"read_ok"}}
2025/06/03 12:20:24 Received {c2 n0 {"type":"broadcast","message":88,"msg_id":176}}
2025/06/03 12:20:24 Sent {"src":"n0","dest":"c2","body":{"in_reply_to":176,"msg_id":176,"type":"broadcast_ok"}}
2025/06/03 12:20:24 Received {c2 n0 {"type":"read","msg_id":177}}
2025/06/03 12:20:24 Sent {"src":"n0","dest":"c2","body":{"in_reply_to":177,"messages":["0","1","2","3","4","5","6","7","8","9","10","11","12","13","14","15","16","17","18","19","20","21","22","23","24","25","26","27","28","29","30","31","32","33","34","35","36","37","38","39","40","41","42","43","44","45","46","47","48","49","50","51","52","53","54","55","56","57","58","59","60","61","62","63","64","65","66","67","68","69","70","71","72","73","74","75","76","77","78","79","80","81","82","83","84","85","86","87","88"],"msg_id":177,"type":"read_ok"}}
2025/06/03 12:20:25 Received {c2 n0 {"type":"read","msg_id":178}}
2025/06/03 12:20:25 Sent {"src":"n0","dest":"c2","body":{"in_reply_to":178,"messages":["0","1","2","3","4","5","6","7","8","9","10","11","12","13","14","15","16","17","18","19","20","21","22","23","24","25","26","27","28","29","30","31","32","33","34","35","36","37","38","39","40","41","42","43","44","45","46","47","48","49","50","51","52","53","54","55","56","57","58","59","60","61","62","63","64","65","66","67","68","69","70","71","72","73","74","75","76","77","78","79","80","81","82","83","84","85","86","87","88"],"msg_id":178,"type":"read_ok"}}
2025/06/03 12:20:25 Received {c2 n0 {"type":"read","msg_id":179}}
2025/06/03 12:20:25 Sent {"src":"n0","dest":"c2","body":{"in_reply_to":179,"messages":["0","1","2","3","4","5","6","7","8","9","10","11","12","13","14","15","16","17","18","19","20","21","22","23","24","25","26","27","28","29","30","31","32","33","34","35","36","37","38","39","40","41","42","43","44","45","46","47","48","49","50","51","52","53","54","55","56","57","58","59","60","61","62","63","64","65","66","67","68","69","70","71","72","73","74","75","76","77","78","79","80","81","82","83","84","85","86","87","88"],"msg_id":179,"type":"read_ok"}}
2025/06/03 12:20:25 Received {c2 n0 {"type":"read","msg_id":180}}
2025/06/03 12:20:25 Sent {"src":"n0","dest":"c2","body":{"in_reply_to":180,"messages":["0","1","2","3","4","5","6","7","8","9","10","11","12","13","14","15","16","17","18","19","20","21","22","23","24","25","26","27","28","29","30","31","32","33","34","35","36","37","38","39","40","41","42","43","44","45","46","47","48","49","50","51","52","53","54","55","56","57","58","59","60","61","62","63","64","65","66","67","68","69","70","71","72","73","74","75","76","77","78","79","80","81","82","83","84","85","86","87","88"],"msg_id":180,"type":"read_ok"}}
2025/06/03 12:20:25 Received {c2 n0 {"type":"read","msg_id":181}}
2025/06/03 12:20:25 Sent {"src":"n0","dest":"c2","body":{"in_reply_to":181,"messages":["0","1","2","3","4","5","6","7","8","9","10","11","12","13","14","15","16","17","18","19","20","21","22","23","24","25","26","27","28","29","30","31","32","33","34","35","36","37","38","39","40","41","42","43","44","45","46","47","48","49","50","51","52","53","54","55","56","57","58","59","60","61","62","63","64","65","66","67","68","69","70","71","72","73","74","75","76","77","78","79","80","81","82","83","84","85","86","87","88"],"msg_id":181,"type":"read_ok"}}
2025/06/03 12:20:25 Received {c2 n0 {"type":"read","msg_id":182}}
2025/06/03 12:20:25 Sent {"src":"n0","dest":"c2","body":{"in_reply_to":182,"messages":["0","1","2","3","4","5","6","7","8","9","10","11","12","13","14","15","16","17","18","19","20","21","22","23","24","25","26","27","28","29","30","31","32","33","34","35","36","37","38","39","40","41","42","43","44","45","46","47","48","49","50","51","52","53","54","55","56","57","58","59","60","61","62","63","64","65","66","67","68","69","70","71","72","73","74","75","76","77","78","79","80","81","82","83","84","85","86","87","88"],"msg_id":182,"type":"read_ok"}}
2025/06/03 12:20:25 Received {c2 n0 {"type":"read","msg_id":183}}
2025/06/03 12:20:25 Sent {"src":"n0","dest":"c2","body":{"in_reply_to":183,"messages":["0","1","2","3","4","5","6","7","8","9","10","11","12","13","14","15","16","17","18","19","20","21","22","23","24","25","26","27","28","29","30","31","32","33","34","35","36","37","38","39","40","41","42","43","44","45","46","47","48","49","50","51","52","53","54","55","56","57","58","59","60","61","62","63","64","65","66","67","68","69","70","71","72","73","74","75","76","77","78","79","80","81","82","83","84","85","86","87","88"],"msg_id":183,"type":"read_ok"}}
2025/06/03 12:20:25 Received {c2 n0 {"type":"read","msg_id":184}}
2025/06/03 12:20:25 Sent {"src":"n0","dest":"c2","body":{"in_reply_to":184,"messages":["0","1","2","3","4","5","6","7","8","9","10","11","12","13","14","15","16","17","18","19","20","21","22","23","24","25","26","27","28","29","30","31","32","33","34","35","36","37","38","39","40","41","42","43","44","45","46","47","48","49","50","51","52","53","54","55","56","57","58","59","60","61","62","63","64","65","66","67","68","69","70","71","72","73","74","75","76","77","78","79","80","81","82","83","84","85","86","87","88"],"msg_id":184,"type":"read_ok"}}
2025/06/03 12:20:25 Received {c2 n0 {"type":"read","msg_id":185}}
2025/06/03 12:20:25 Sent {"src":"n0","dest":"c2","body":{"in_reply_to":185,"messages":["0","1","2","3","4","5","6","7","8","9","10","11","12","13","14","15","16","17","18","19","20","21","22","23","24","25","26","27","28","29","30","31","32","33","34","35","36","37","38","39","40","41","42","43","44","45","46","47","48","49","50","51","52","53","54","55","56","57","58","59","60","61","62","63","64","65","66","67","68","69","70","71","72","73","74","75","76","77","78","79","80","81","82","83","84","85","86","87","88"],"msg_id":185,"type":"read_ok"}}
2025/06/03 12:20:26 Received {c2 n0 {"type":"broadcast","message":89,"msg_id":186}}
2025/06/03 12:20:26 Sent {"src":"n0","dest":"c2","body":{"in_reply_to":186,"msg_id":186,"type":"broadcast_ok"}}
2025/06/03 12:20:26 Received {c2 n0 {"type":"read","msg_id":187}}
2025/06/03 12:20:26 Sent {"src":"n0","dest":"c2","body":{"in_reply_to":187,"messages":["0","1","2","3","4","5","6","7","8","9","10","11","12","13","14","15","16","17","18","19","20","21","22","23","24","25","26","27","28","29","30","31","32","33","34","35","36","37","38","39","40","41","42","43","44","45","46","47","48","49","50","51","52","53","54","55","56","57","58","59","60","61","62","63","64","65","66","67","68","69","70","71","72","73","74","75","76","77","78","79","80","81","82","83","84","85","86","87","88","89"],"msg_id":187,"type":"read_ok"}}
2025/06/03 12:20:26 Received {c2 n0 {"type":"read","msg_id":188}}
2025/06/03 12:20:26 Sent {"src":"n0","dest":"c2","body":{"in_reply_to":188,"messages":["0","1","2","3","4","5","6","7","8","9","10","11","12","13","14","15","16","17","18","19","20","21","22","23","24","25","26","27","28","29","30","31","32","33","34","35","36","37","38","39","40","41","42","43","44","45","46","47","48","49","50","51","52","53","54","55","56","57","58","59","60","61","62","63","64","65","66","67","68","69","70","71","72","73","74","75","76","77","78","79","80","81","82","83","84","85","86","87","88","89"],"msg_id":188,"type":"read_ok"}}
2025/06/03 12:20:26 Received {c2 n0 {"type":"read","msg_id":189}}
2025/06/03 12:20:26 Sent {"src":"n0","dest":"c2","body":{"in_reply_to":189,"messages":["0","1","2","3","4","5","6","7","8","9","10","11","12","13","14","15","16","17","18","19","20","21","22","23","24","25","26","27","28","29","30","31","32","33","34","35","36","37","38","39","40","41","42","43","44","45","46","47","48","49","50","51","52","53","54","55","56","57","58","59","60","61","62","63","64","65","66","67","68","69","70","71","72","73","74","75","76","77","78","79","80","81","82","83","84","85","86","87","88","89"],"msg_id":189,"type":"read_ok"}}
2025/06/03 12:20:26 Received {c2 n0 {"type":"read","msg_id":190}}
2025/06/03 12:20:26 Sent {"src":"n0","dest":"c2","body":{"in_reply_to":190,"messages":["0","1","2","3","4","5","6","7","8","9","10","11","12","13","14","15","16","17","18","19","20","21","22","23","24","25","26","27","28","29","30","31","32","33","34","35","36","37","38","39","40","41","42","43","44","45","46","47","48","49","50","51","52","53","54","55","56","57","58","59","60","61","62","63","64","65","66","67","68","69","70","71","72","73","74","75","76","77","78","79","80","81","82","83","84","85","86","87","88","89"],"msg_id":190,"type":"read_ok"}}
2025/06/03 12:20:26 Received {c2 n0 {"type":"broadcast","message":90,"msg_id":191}}
2025/06/03 12:20:26 Sent {"src":"n0","dest":"c2","body":{"in_reply_to":191,"msg_id":191,"type":"broadcast_ok"}}
2025/06/03 12:20:26 Received {c2 n0 {"type":"read","msg_id":192}}
2025/06/03 12:20:26 Sent {"src":"n0","dest":"c2","body":{"in_reply_to":192,"messages":["0","1","2","3","4","5","6","7","8","9","10","11","12","13","14","15","16","17","18","19","20","21","22","23","24","25","26","27","28","29","30","31","32","33","34","35","36","37","38","39","40","41","42","43","44","45","46","47","48","49","50","51","52","53","54","55","56","57","58","59","60","61","62","63","64","65","66","67","68","69","70","71","72","73","74","75","76","77","78","79","80","81","82","83","84","85","86","87","88","89","90"],"msg_id":192,"type":"read_ok"}}
2025/06/03 12:20:26 Received {c2 n0 {"type":"broadcast","message":91,"msg_id":193}}
2025/06/03 12:20:26 Sent {"src":"n0","dest":"c2","body":{"in_reply_to":193,"msg_id":193,"type":"broadcast_ok"}}
2025/06/03 12:20:36 Received {c2 n0 {"type":"read","msg_id":194}}
2025/06/03 12:20:36 Sent {"src":"n0","dest":"c2","body":{"in_reply_to":194,"messages":["0","1","2","3","4","5","6","7","8","9","10","11","12","13","14","15","16","17","18","19","20","21","22","23","24","25","26","27","28","29","30","31","32","33","34","35","36","37","38","39","40","41","42","43","44","45","46","47","48","49","50","51","52","53","54","55","56","57","58","59","60","61","62","63","64","65","66","67","68","69","70","71","72","73","74","75","76","77","78","79","80","81","82","83","84","85","86","87","88","89","90","91"],"msg_id":194,"type":"read_ok"}}
