2025/06/27 19:12:07 Received {c0 n2 {"type":"init","node_id":"n2","node_ids":["n0","n1","n2","n3","n4"],"msg_id":1}}
2025/06/27 19:12:07 Node n2 initialized
2025/06/27 19:12:07 Sent {"src":"n2","dest":"c0","body":{"in_reply_to":1,"type":"init_ok"}}
2025/06/27 19:12:07 Received {c7 n2 {"type":"topology","topology":{"n0":["n3","n1"],"n1":["n4","n2","n0"],"n2":["n1"],"n3":["n0","n4"],"n4":["n1","n3"]},"msg_id":1}}
2025/06/27 19:12:07 Sent {"src":"n2","dest":"c7","body":{"in_reply_to":1,"type":"topology_ok"}}
2025/06/27 19:12:07 Received {c11 n2 {"type":"read","msg_id":1}}
2025/06/27 19:12:07 Sent {"src":"n2","dest":"c11","body":{"in_reply_to":1,"messages":[],"type":"read_ok"}}
2025/06/27 19:12:08 Received {c11 n2 {"type":"broadcast","message":4,"msg_id":2}}
2025/06/27 19:12:08 Sent {"src":"n2","dest":"c11","body":{"in_reply_to":2,"type":"broadcast_ok"}}
2025/06/27 19:12:08 Sent {"src":"n2","dest":"n1","body":{"message":4,"msg_id":1,"type":"broadcast"}}
2025/06/27 19:12:09 Received {c11 n2 {"type":"broadcast","message":8,"msg_id":3}}
2025/06/27 19:12:09 Sent {"src":"n2","dest":"c11","body":{"in_reply_to":3,"type":"broadcast_ok"}}
2025/06/27 19:12:09 Sent {"src":"n2","dest":"n1","body":{"message":8,"msg_id":2,"type":"broadcast"}}
2025/06/27 19:12:09 Received {c11 n2 {"type":"read","msg_id":4}}
2025/06/27 19:12:09 Sent {"src":"n2","dest":"c11","body":{"in_reply_to":4,"messages":[4,8],"type":"read_ok"}}
2025/06/27 19:12:10 Received {c11 n2 {"type":"read","msg_id":5}}
2025/06/27 19:12:10 Sent {"src":"n2","dest":"c11","body":{"in_reply_to":5,"messages":[4,8],"type":"read_ok"}}
2025/06/27 19:12:11 Received {c11 n2 {"type":"read","msg_id":6}}
2025/06/27 19:12:11 Sent {"src":"n2","dest":"c11","body":{"in_reply_to":6,"messages":[4,8],"type":"read_ok"}}
2025/06/27 19:12:11 Received {c11 n2 {"type":"read","msg_id":7}}
2025/06/27 19:12:11 Sent {"src":"n2","dest":"c11","body":{"in_reply_to":7,"messages":[4,8],"type":"read_ok"}}
2025/06/27 19:12:12 Received {c11 n2 {"type":"read","msg_id":8}}
2025/06/27 19:12:12 Sent {"src":"n2","dest":"c11","body":{"in_reply_to":8,"messages":[4,8],"type":"read_ok"}}
2025/06/27 19:12:13 Received {c11 n2 {"type":"broadcast","message":19,"msg_id":9}}
2025/06/27 19:12:13 Sent {"src":"n2","dest":"c11","body":{"in_reply_to":9,"type":"broadcast_ok"}}
2025/06/27 19:12:13 Sent {"src":"n2","dest":"n1","body":{"message":19,"msg_id":3,"type":"broadcast"}}
2025/06/27 19:12:14 Received {c11 n2 {"type":"read","msg_id":10}}
2025/06/27 19:12:14 Sent {"src":"n2","dest":"c11","body":{"in_reply_to":10,"messages":[4,8,19],"type":"read_ok"}}
2025/06/27 19:12:14 Received {c11 n2 {"type":"read","msg_id":11}}
2025/06/27 19:12:14 Sent {"src":"n2","dest":"c11","body":{"in_reply_to":11,"messages":[4,8,19],"type":"read_ok"}}
2025/06/27 19:12:15 Received {c11 n2 {"type":"broadcast","message":26,"msg_id":12}}
2025/06/27 19:12:15 Sent {"src":"n2","dest":"c11","body":{"in_reply_to":12,"type":"broadcast_ok"}}
2025/06/27 19:12:15 Sent {"src":"n2","dest":"n1","body":{"message":26,"msg_id":4,"type":"broadcast"}}
2025/06/27 19:12:15 Received {c11 n2 {"type":"broadcast","message":30,"msg_id":13}}
2025/06/27 19:12:15 Sent {"src":"n2","dest":"c11","body":{"in_reply_to":13,"type":"broadcast_ok"}}
2025/06/27 19:12:15 Sent {"src":"n2","dest":"n1","body":{"message":30,"msg_id":5,"type":"broadcast"}}
2025/06/27 19:12:16 Received {c11 n2 {"type":"read","msg_id":14}}
2025/06/27 19:12:16 Sent {"src":"n2","dest":"c11","body":{"in_reply_to":14,"messages":[4,8,19,26,30],"type":"read_ok"}}
2025/06/27 19:12:16 Received {c11 n2 {"type":"read","msg_id":15}}
2025/06/27 19:12:16 Sent {"src":"n2","dest":"c11","body":{"in_reply_to":15,"messages":[4,8,19,26,30],"type":"read_ok"}}
2025/06/27 19:12:17 Received {c11 n2 {"type":"broadcast","message":37,"msg_id":16}}
2025/06/27 19:12:17 Sent {"src":"n2","dest":"c11","body":{"in_reply_to":16,"type":"broadcast_ok"}}
2025/06/27 19:12:17 Sent {"src":"n2","dest":"n1","body":{"message":37,"msg_id":6,"type":"broadcast"}}
2025/06/27 19:12:17 Received {n1 n2 {"in_reply_to":6,"type":"broadcast_ok"}}
2025/06/27 19:12:17 Received {n1 n2 {"message":37,"msg_id":98,"type":"broadcast"}}
2025/06/27 19:12:17 Received {n1 n2 {"message":38,"msg_id":101,"type":"broadcast"}}
2025/06/27 19:12:17 Sent {"src":"n2","dest":"n1","body":{"in_reply_to":101,"type":"broadcast_ok"}}
2025/06/27 19:12:17 Sent {"src":"n2","dest":"n1","body":{"message":38,"msg_id":7,"type":"broadcast"}}
2025/06/27 19:12:17 Received {n1 n2 {"message":39,"msg_id":103,"type":"broadcast"}}
2025/06/27 19:12:17 Sent {"src":"n2","dest":"n1","body":{"in_reply_to":103,"type":"broadcast_ok"}}
2025/06/27 19:12:17 Sent {"src":"n2","dest":"n1","body":{"message":39,"msg_id":8,"type":"broadcast"}}
2025/06/27 19:12:17 Received {n1 n2 {"message":40,"msg_id":107,"type":"broadcast"}}
2025/06/27 19:12:17 Sent {"src":"n2","dest":"n1","body":{"in_reply_to":107,"type":"broadcast_ok"}}
2025/06/27 19:12:17 Sent {"src":"n2","dest":"n1","body":{"message":40,"msg_id":9,"type":"broadcast"}}
2025/06/27 19:12:18 Received {c11 n2 {"type":"read","msg_id":17}}
2025/06/27 19:12:18 Sent {"src":"n2","dest":"c11","body":{"in_reply_to":17,"messages":[4,8,19,26,30,37,38,39,40],"type":"read_ok"}}
2025/06/27 19:12:18 Received {n1 n2 {"message":41,"msg_id":110,"type":"broadcast"}}
2025/06/27 19:12:18 Sent {"src":"n2","dest":"n1","body":{"in_reply_to":110,"type":"broadcast_ok"}}
2025/06/27 19:12:18 Sent {"src":"n2","dest":"n1","body":{"message":41,"msg_id":10,"type":"broadcast"}}
2025/06/27 19:12:18 Received {n1 n2 {"message":42,"msg_id":114,"type":"broadcast"}}
2025/06/27 19:12:18 Sent {"src":"n2","dest":"n1","body":{"in_reply_to":114,"type":"broadcast_ok"}}
2025/06/27 19:12:18 Sent {"src":"n2","dest":"n1","body":{"message":42,"msg_id":11,"type":"broadcast"}}
2025/06/27 19:12:18 Received {n1 n2 {"message":43,"msg_id":117,"type":"broadcast"}}
2025/06/27 19:12:18 Sent {"src":"n2","dest":"n1","body":{"in_reply_to":117,"type":"broadcast_ok"}}
2025/06/27 19:12:18 Sent {"src":"n2","dest":"n1","body":{"message":43,"msg_id":12,"type":"broadcast"}}
2025/06/27 19:12:18 Received {c11 n2 {"type":"broadcast","message":44,"msg_id":18}}
2025/06/27 19:12:18 Sent {"src":"n2","dest":"c11","body":{"in_reply_to":18,"type":"broadcast_ok"}}
2025/06/27 19:12:18 Sent {"src":"n2","dest":"n1","body":{"message":44,"msg_id":13,"type":"broadcast"}}
2025/06/27 19:12:18 Received {n1 n2 {"in_reply_to":13,"type":"broadcast_ok"}}
2025/06/27 19:12:18 Received {n1 n2 {"message":44,"msg_id":120,"type":"broadcast"}}
2025/06/27 19:12:18 Received {n1 n2 {"message":45,"msg_id":123,"type":"broadcast"}}
2025/06/27 19:12:18 Sent {"src":"n2","dest":"n1","body":{"in_reply_to":123,"type":"broadcast_ok"}}
2025/06/27 19:12:18 Sent {"src":"n2","dest":"n1","body":{"message":45,"msg_id":14,"type":"broadcast"}}
2025/06/27 19:12:18 Received {n1 n2 {"message":46,"msg_id":125,"type":"broadcast"}}
2025/06/27 19:12:18 Sent {"src":"n2","dest":"n1","body":{"in_reply_to":125,"type":"broadcast_ok"}}
2025/06/27 19:12:18 Sent {"src":"n2","dest":"n1","body":{"message":46,"msg_id":15,"type":"broadcast"}}
2025/06/27 19:12:19 Received {c11 n2 {"type":"broadcast","message":47,"msg_id":19}}
2025/06/27 19:12:19 Sent {"src":"n2","dest":"c11","body":{"in_reply_to":19,"type":"broadcast_ok"}}
2025/06/27 19:12:19 Sent {"src":"n2","dest":"n1","body":{"message":47,"msg_id":16,"type":"broadcast"}}
2025/06/27 19:12:19 Received {n1 n2 {"in_reply_to":16,"type":"broadcast_ok"}}
2025/06/27 19:12:19 Received {n1 n2 {"message":47,"msg_id":129,"type":"broadcast"}}
2025/06/27 19:12:19 Received {n1 n2 {"message":48,"msg_id":132,"type":"broadcast"}}
2025/06/27 19:12:19 Sent {"src":"n2","dest":"n1","body":{"in_reply_to":132,"type":"broadcast_ok"}}
2025/06/27 19:12:19 Sent {"src":"n2","dest":"n1","body":{"message":48,"msg_id":17,"type":"broadcast"}}
2025/06/27 19:12:19 Received {n1 n2 {"message":49,"msg_id":135,"type":"broadcast"}}
2025/06/27 19:12:19 Sent {"src":"n2","dest":"n1","body":{"in_reply_to":135,"type":"broadcast_ok"}}
2025/06/27 19:12:19 Sent {"src":"n2","dest":"n1","body":{"message":49,"msg_id":18,"type":"broadcast"}}
2025/06/27 19:12:19 Received {n1 n2 {"message":50,"msg_id":137,"type":"broadcast"}}
2025/06/27 19:12:19 Sent {"src":"n2","dest":"n1","body":{"in_reply_to":137,"type":"broadcast_ok"}}
2025/06/27 19:12:19 Sent {"src":"n2","dest":"n1","body":{"message":50,"msg_id":19,"type":"broadcast"}}
2025/06/27 19:12:19 Received {c11 n2 {"type":"read","msg_id":20}}
2025/06/27 19:12:19 Sent {"src":"n2","dest":"c11","body":{"in_reply_to":20,"messages":[4,8,19,26,30,37,38,39,40,41,42,43,44,45,46,47,48,49,50],"type":"read_ok"}}
2025/06/27 19:12:19 Received {n1 n2 {"message":51,"msg_id":141,"type":"broadcast"}}
2025/06/27 19:12:19 Sent {"src":"n2","dest":"n1","body":{"in_reply_to":141,"type":"broadcast_ok"}}
2025/06/27 19:12:19 Sent {"src":"n2","dest":"n1","body":{"message":51,"msg_id":20,"type":"broadcast"}}
2025/06/27 19:12:20 Received {n1 n2 {"message":52,"msg_id":144,"type":"broadcast"}}
2025/06/27 19:12:20 Sent {"src":"n2","dest":"n1","body":{"in_reply_to":144,"type":"broadcast_ok"}}
2025/06/27 19:12:20 Sent {"src":"n2","dest":"n1","body":{"message":52,"msg_id":21,"type":"broadcast"}}
2025/06/27 19:12:20 Received {n1 n2 {"message":53,"msg_id":146,"type":"broadcast"}}
2025/06/27 19:12:20 Sent {"src":"n2","dest":"n1","body":{"in_reply_to":146,"type":"broadcast_ok"}}
2025/06/27 19:12:20 Sent {"src":"n2","dest":"n1","body":{"message":53,"msg_id":22,"type":"broadcast"}}
2025/06/27 19:12:20 Received {n1 n2 {"message":54,"msg_id":150,"type":"broadcast"}}
2025/06/27 19:12:20 Sent {"src":"n2","dest":"n1","body":{"in_reply_to":150,"type":"broadcast_ok"}}
2025/06/27 19:12:20 Sent {"src":"n2","dest":"n1","body":{"message":54,"msg_id":23,"type":"broadcast"}}
2025/06/27 19:12:20 Received {c11 n2 {"type":"broadcast","message":55,"msg_id":21}}
2025/06/27 19:12:20 Sent {"src":"n2","dest":"c11","body":{"in_reply_to":21,"type":"broadcast_ok"}}
2025/06/27 19:12:20 Sent {"src":"n2","dest":"n1","body":{"message":55,"msg_id":24,"type":"broadcast"}}
2025/06/27 19:12:20 Received {n1 n2 {"in_reply_to":24,"type":"broadcast_ok"}}
2025/06/27 19:12:20 Received {n1 n2 {"message":55,"msg_id":152,"type":"broadcast"}}
2025/06/27 19:12:20 Received {n1 n2 {"message":56,"msg_id":156,"type":"broadcast"}}
2025/06/27 19:12:20 Sent {"src":"n2","dest":"n1","body":{"in_reply_to":156,"type":"broadcast_ok"}}
2025/06/27 19:12:20 Sent {"src":"n2","dest":"n1","body":{"message":56,"msg_id":25,"type":"broadcast"}}
2025/06/27 19:12:20 Received {c11 n2 {"type":"broadcast","message":57,"msg_id":22}}
2025/06/27 19:12:20 Sent {"src":"n2","dest":"c11","body":{"in_reply_to":22,"type":"broadcast_ok"}}
2025/06/27 19:12:20 Sent {"src":"n2","dest":"n1","body":{"message":57,"msg_id":26,"type":"broadcast"}}
2025/06/27 19:12:20 Received {n1 n2 {"in_reply_to":26,"type":"broadcast_ok"}}
2025/06/27 19:12:20 Received {n1 n2 {"message":57,"msg_id":159,"type":"broadcast"}}
2025/06/27 19:12:20 Received {n1 n2 {"message":58,"msg_id":161,"type":"broadcast"}}
2025/06/27 19:12:20 Sent {"src":"n2","dest":"n1","body":{"in_reply_to":161,"type":"broadcast_ok"}}
2025/06/27 19:12:20 Sent {"src":"n2","dest":"n1","body":{"message":58,"msg_id":27,"type":"broadcast"}}
2025/06/27 19:12:20 Received {n1 n2 {"message":59,"msg_id":164,"type":"broadcast"}}
2025/06/27 19:12:20 Sent {"src":"n2","dest":"n1","body":{"in_reply_to":164,"type":"broadcast_ok"}}
2025/06/27 19:12:20 Sent {"src":"n2","dest":"n1","body":{"message":59,"msg_id":28,"type":"broadcast"}}
2025/06/27 19:12:20 Received {n1 n2 {"message":60,"msg_id":167,"type":"broadcast"}}
2025/06/27 19:12:20 Sent {"src":"n2","dest":"n1","body":{"in_reply_to":167,"type":"broadcast_ok"}}
2025/06/27 19:12:20 Sent {"src":"n2","dest":"n1","body":{"message":60,"msg_id":29,"type":"broadcast"}}
2025/06/27 19:12:21 Received {n1 n2 {"message":61,"msg_id":170,"type":"broadcast"}}
2025/06/27 19:12:21 Sent {"src":"n2","dest":"n1","body":{"in_reply_to":170,"type":"broadcast_ok"}}
2025/06/27 19:12:21 Sent {"src":"n2","dest":"n1","body":{"message":61,"msg_id":30,"type":"broadcast"}}
2025/06/27 19:12:21 Received {c11 n2 {"type":"read","msg_id":23}}
2025/06/27 19:12:21 Sent {"src":"n2","dest":"c11","body":{"in_reply_to":23,"messages":[4,8,19,26,30,37,38,39,40,41,42,43,44,45,46,47,48,49,50,51,52,53,54,55,56,57,58,59,60,61],"type":"read_ok"}}
2025/06/27 19:12:21 Received {n1 n2 {"message":62,"msg_id":174,"type":"broadcast"}}
2025/06/27 19:12:21 Sent {"src":"n2","dest":"n1","body":{"in_reply_to":174,"type":"broadcast_ok"}}
2025/06/27 19:12:21 Sent {"src":"n2","dest":"n1","body":{"message":62,"msg_id":31,"type":"broadcast"}}
2025/06/27 19:12:21 Received {n1 n2 {"message":63,"msg_id":177,"type":"broadcast"}}
2025/06/27 19:12:21 Sent {"src":"n2","dest":"n1","body":{"in_reply_to":177,"type":"broadcast_ok"}}
2025/06/27 19:12:21 Sent {"src":"n2","dest":"n1","body":{"message":63,"msg_id":32,"type":"broadcast"}}
2025/06/27 19:12:21 Received {n1 n2 {"message":64,"msg_id":180,"type":"broadcast"}}
2025/06/27 19:12:21 Sent {"src":"n2","dest":"n1","body":{"in_reply_to":180,"type":"broadcast_ok"}}
2025/06/27 19:12:21 Sent {"src":"n2","dest":"n1","body":{"message":64,"msg_id":33,"type":"broadcast"}}
2025/06/27 19:12:21 Received {c11 n2 {"type":"read","msg_id":24}}
2025/06/27 19:12:21 Sent {"src":"n2","dest":"c11","body":{"in_reply_to":24,"messages":[4,8,19,26,30,37,38,39,40,41,42,43,44,45,46,47,48,49,50,51,52,53,54,55,56,57,58,59,60,61,62,63,64],"type":"read_ok"}}
2025/06/27 19:12:21 Received {n1 n2 {"message":65,"msg_id":183,"type":"broadcast"}}
2025/06/27 19:12:21 Sent {"src":"n2","dest":"n1","body":{"in_reply_to":183,"type":"broadcast_ok"}}
2025/06/27 19:12:21 Sent {"src":"n2","dest":"n1","body":{"message":65,"msg_id":34,"type":"broadcast"}}
2025/06/27 19:12:21 Received {n1 n2 {"message":66,"msg_id":186,"type":"broadcast"}}
2025/06/27 19:12:21 Sent {"src":"n2","dest":"n1","body":{"in_reply_to":186,"type":"broadcast_ok"}}
2025/06/27 19:12:21 Sent {"src":"n2","dest":"n1","body":{"message":66,"msg_id":35,"type":"broadcast"}}
2025/06/27 19:12:22 Received {c11 n2 {"type":"broadcast","message":67,"msg_id":25}}
2025/06/27 19:12:22 Sent {"src":"n2","dest":"c11","body":{"in_reply_to":25,"type":"broadcast_ok"}}
2025/06/27 19:12:22 Sent {"src":"n2","dest":"n1","body":{"message":67,"msg_id":36,"type":"broadcast"}}
2025/06/27 19:12:22 Received {n1 n2 {"in_reply_to":36,"type":"broadcast_ok"}}
2025/06/27 19:12:22 Received {n1 n2 {"message":67,"msg_id":188,"type":"broadcast"}}
2025/06/27 19:12:22 Received {n1 n2 {"message":68,"msg_id":191,"type":"broadcast"}}
2025/06/27 19:12:22 Sent {"src":"n2","dest":"n1","body":{"in_reply_to":191,"type":"broadcast_ok"}}
2025/06/27 19:12:22 Sent {"src":"n2","dest":"n1","body":{"message":68,"msg_id":37,"type":"broadcast"}}
2025/06/27 19:12:23 Received {c11 n2 {"type":"read","msg_id":26}}
2025/06/27 19:12:23 Sent {"src":"n2","dest":"c11","body":{"in_reply_to":26,"messages":[4,8,19,26,30,37,38,39,40,41,42,43,44,45,46,47,48,49,50,51,52,53,54,55,56,57,58,59,60,61,62,63,64,65,66,67,68],"type":"read_ok"}}
2025/06/27 19:12:23 Received {c11 n2 {"type":"broadcast","message":69,"msg_id":27}}
2025/06/27 19:12:23 Sent {"src":"n2","dest":"c11","body":{"in_reply_to":27,"type":"broadcast_ok"}}
2025/06/27 19:12:23 Sent {"src":"n2","dest":"n1","body":{"message":69,"msg_id":38,"type":"broadcast"}}
2025/06/27 19:12:23 Received {n1 n2 {"in_reply_to":38,"type":"broadcast_ok"}}
2025/06/27 19:12:23 Received {n1 n2 {"message":69,"msg_id":193,"type":"broadcast"}}
2025/06/27 19:12:24 Received {n1 n2 {"message":70,"msg_id":198,"type":"broadcast"}}
2025/06/27 19:12:24 Sent {"src":"n2","dest":"n1","body":{"in_reply_to":198,"type":"broadcast_ok"}}
2025/06/27 19:12:24 Sent {"src":"n2","dest":"n1","body":{"message":70,"msg_id":39,"type":"broadcast"}}
2025/06/27 19:12:24 Received {n1 n2 {"message":71,"msg_id":200,"type":"broadcast"}}
2025/06/27 19:12:24 Sent {"src":"n2","dest":"n1","body":{"in_reply_to":200,"type":"broadcast_ok"}}
2025/06/27 19:12:24 Sent {"src":"n2","dest":"n1","body":{"message":71,"msg_id":40,"type":"broadcast"}}
2025/06/27 19:12:24 Received {c11 n2 {"type":"read","msg_id":28}}
2025/06/27 19:12:24 Sent {"src":"n2","dest":"c11","body":{"in_reply_to":28,"messages":[4,8,19,26,30,37,38,39,40,41,42,43,44,45,46,47,48,49,50,51,52,53,54,55,56,57,58,59,60,61,62,63,64,65,66,67,68,69,70,71],"type":"read_ok"}}
2025/06/27 19:12:24 Received {n1 n2 {"message":72,"msg_id":203,"type":"broadcast"}}
2025/06/27 19:12:24 Sent {"src":"n2","dest":"n1","body":{"in_reply_to":203,"type":"broadcast_ok"}}
2025/06/27 19:12:24 Sent {"src":"n2","dest":"n1","body":{"message":72,"msg_id":41,"type":"broadcast"}}
2025/06/27 19:12:24 Received {n1 n2 {"message":73,"msg_id":207,"type":"broadcast"}}
2025/06/27 19:12:24 Sent {"src":"n2","dest":"n1","body":{"in_reply_to":207,"type":"broadcast_ok"}}
2025/06/27 19:12:24 Sent {"src":"n2","dest":"n1","body":{"message":73,"msg_id":42,"type":"broadcast"}}
2025/06/27 19:12:25 Received {c11 n2 {"type":"read","msg_id":29}}
2025/06/27 19:12:25 Sent {"src":"n2","dest":"c11","body":{"in_reply_to":29,"messages":[4,8,19,26,30,37,38,39,40,41,42,43,44,45,46,47,48,49,50,51,52,53,54,55,56,57,58,59,60,61,62,63,64,65,66,67,68,69,70,71,72,73],"type":"read_ok"}}
2025/06/27 19:12:25 Received {n1 n2 {"message":74,"msg_id":210,"type":"broadcast"}}
2025/06/27 19:12:25 Sent {"src":"n2","dest":"n1","body":{"in_reply_to":210,"type":"broadcast_ok"}}
2025/06/27 19:12:25 Sent {"src":"n2","dest":"n1","body":{"message":74,"msg_id":43,"type":"broadcast"}}
2025/06/27 19:12:25 Received {n1 n2 {"message":75,"msg_id":213,"type":"broadcast"}}
2025/06/27 19:12:25 Sent {"src":"n2","dest":"n1","body":{"in_reply_to":213,"type":"broadcast_ok"}}
2025/06/27 19:12:25 Sent {"src":"n2","dest":"n1","body":{"message":75,"msg_id":44,"type":"broadcast"}}
2025/06/27 19:12:25 Received {c11 n2 {"type":"broadcast","message":76,"msg_id":30}}
2025/06/27 19:12:25 Sent {"src":"n2","dest":"c11","body":{"in_reply_to":30,"type":"broadcast_ok"}}
2025/06/27 19:12:25 Sent {"src":"n2","dest":"n1","body":{"message":76,"msg_id":45,"type":"broadcast"}}
2025/06/27 19:12:25 Received {n1 n2 {"in_reply_to":45,"type":"broadcast_ok"}}
2025/06/27 19:12:25 Received {n1 n2 {"message":76,"msg_id":216,"type":"broadcast"}}
2025/06/27 19:12:25 Received {n1 n2 {"message":77,"msg_id":219,"type":"broadcast"}}
2025/06/27 19:12:25 Sent {"src":"n2","dest":"n1","body":{"in_reply_to":219,"type":"broadcast_ok"}}
2025/06/27 19:12:25 Sent {"src":"n2","dest":"n1","body":{"message":77,"msg_id":46,"type":"broadcast"}}
2025/06/27 19:12:25 Received {n1 n2 {"message":78,"msg_id":222,"type":"broadcast"}}
2025/06/27 19:12:25 Sent {"src":"n2","dest":"n1","body":{"in_reply_to":222,"type":"broadcast_ok"}}
2025/06/27 19:12:25 Sent {"src":"n2","dest":"n1","body":{"message":78,"msg_id":47,"type":"broadcast"}}
2025/06/27 19:12:25 Received {n1 n2 {"message":79,"msg_id":225,"type":"broadcast"}}
2025/06/27 19:12:25 Sent {"src":"n2","dest":"n1","body":{"in_reply_to":225,"type":"broadcast_ok"}}
2025/06/27 19:12:25 Sent {"src":"n2","dest":"n1","body":{"message":79,"msg_id":48,"type":"broadcast"}}
2025/06/27 19:12:25 Received {n1 n2 {"message":80,"msg_id":228,"type":"broadcast"}}
2025/06/27 19:12:25 Sent {"src":"n2","dest":"n1","body":{"in_reply_to":228,"type":"broadcast_ok"}}
2025/06/27 19:12:25 Sent {"src":"n2","dest":"n1","body":{"message":80,"msg_id":49,"type":"broadcast"}}
2025/06/27 19:12:26 Received {n1 n2 {"message":81,"msg_id":231,"type":"broadcast"}}
2025/06/27 19:12:26 Sent {"src":"n2","dest":"n1","body":{"in_reply_to":231,"type":"broadcast_ok"}}
2025/06/27 19:12:26 Sent {"src":"n2","dest":"n1","body":{"message":81,"msg_id":50,"type":"broadcast"}}
2025/06/27 19:12:26 Received {c11 n2 {"type":"broadcast","message":82,"msg_id":31}}
2025/06/27 19:12:26 Sent {"src":"n2","dest":"c11","body":{"in_reply_to":31,"type":"broadcast_ok"}}
2025/06/27 19:12:26 Sent {"src":"n2","dest":"n1","body":{"message":82,"msg_id":51,"type":"broadcast"}}
2025/06/27 19:12:26 Received {n1 n2 {"in_reply_to":51,"type":"broadcast_ok"}}
2025/06/27 19:12:26 Received {n1 n2 {"message":82,"msg_id":234,"type":"broadcast"}}
2025/06/27 19:12:26 Received {n1 n2 {"message":83,"msg_id":237,"type":"broadcast"}}
2025/06/27 19:12:26 Sent {"src":"n2","dest":"n1","body":{"in_reply_to":237,"type":"broadcast_ok"}}
2025/06/27 19:12:26 Sent {"src":"n2","dest":"n1","body":{"message":83,"msg_id":52,"type":"broadcast"}}
2025/06/27 19:12:26 Received {n1 n2 {"message":84,"msg_id":239,"type":"broadcast"}}
2025/06/27 19:12:26 Sent {"src":"n2","dest":"n1","body":{"in_reply_to":239,"type":"broadcast_ok"}}
2025/06/27 19:12:26 Sent {"src":"n2","dest":"n1","body":{"message":84,"msg_id":53,"type":"broadcast"}}
2025/06/27 19:12:26 Received {c11 n2 {"type":"read","msg_id":32}}
2025/06/27 19:12:26 Sent {"src":"n2","dest":"c11","body":{"in_reply_to":32,"messages":[4,8,19,26,30,37,38,39,40,41,42,43,44,45,46,47,48,49,50,51,52,53,54,55,56,57,58,59,60,61,62,63,64,65,66,67,68,69,70,71,72,73,74,75,76,77,78,79,80,81,82,83,84],"type":"read_ok"}}
2025/06/27 19:12:26 Received {n1 n2 {"message":85,"msg_id":243,"type":"broadcast"}}
2025/06/27 19:12:26 Sent {"src":"n2","dest":"n1","body":{"in_reply_to":243,"type":"broadcast_ok"}}
2025/06/27 19:12:26 Sent {"src":"n2","dest":"n1","body":{"message":85,"msg_id":54,"type":"broadcast"}}
2025/06/27 19:12:26 Received {n1 n2 {"message":86,"msg_id":246,"type":"broadcast"}}
2025/06/27 19:12:26 Sent {"src":"n2","dest":"n1","body":{"in_reply_to":246,"type":"broadcast_ok"}}
2025/06/27 19:12:26 Sent {"src":"n2","dest":"n1","body":{"message":86,"msg_id":55,"type":"broadcast"}}
2025/06/27 19:12:27 Received {n1 n2 {"message":87,"msg_id":248,"type":"broadcast"}}
2025/06/27 19:12:27 Sent {"src":"n2","dest":"n1","body":{"in_reply_to":248,"type":"broadcast_ok"}}
2025/06/27 19:12:27 Sent {"src":"n2","dest":"n1","body":{"message":87,"msg_id":56,"type":"broadcast"}}
2025/06/27 19:12:27 Received {c11 n2 {"type":"read","msg_id":33}}
2025/06/27 19:12:27 Sent {"src":"n2","dest":"c11","body":{"in_reply_to":33,"messages":[4,8,19,26,30,37,38,39,40,41,42,43,44,45,46,47,48,49,50,51,52,53,54,55,56,57,58,59,60,61,62,63,64,65,66,67,68,69,70,71,72,73,74,75,76,77,78,79,80,81,82,83,84,85,86,87],"type":"read_ok"}}
2025/06/27 19:12:27 Received {n1 n2 {"message":88,"msg_id":251,"type":"broadcast"}}
2025/06/27 19:12:27 Sent {"src":"n2","dest":"n1","body":{"in_reply_to":251,"type":"broadcast_ok"}}
2025/06/27 19:12:27 Sent {"src":"n2","dest":"n1","body":{"message":88,"msg_id":57,"type":"broadcast"}}
2025/06/27 19:12:27 Received {n1 n2 {"message":89,"msg_id":254,"type":"broadcast"}}
2025/06/27 19:12:27 Sent {"src":"n2","dest":"n1","body":{"in_reply_to":254,"type":"broadcast_ok"}}
2025/06/27 19:12:27 Sent {"src":"n2","dest":"n1","body":{"message":89,"msg_id":58,"type":"broadcast"}}
2025/06/27 19:12:37 Received {c11 n2 {"type":"read","msg_id":34}}
2025/06/27 19:12:37 Sent {"src":"n2","dest":"c11","body":{"in_reply_to":34,"messages":[4,8,19,26,30,37,38,39,40,41,42,43,44,45,46,47,48,49,50,51,52,53,54,55,56,57,58,59,60,61,62,63,64,65,66,67,68,69,70,71,72,73,74,75,76,77,78,79,80,81,82,83,84,85,86,87,88,89],"type":"read_ok"}}
