2025/06/27 19:57:21 Received {c1 n4 {"type":"init","node_id":"n4","node_ids":["n0","n1","n2","n3","n4"],"msg_id":1}}
2025/06/27 19:57:21 Node n4 initialized
2025/06/27 19:57:21 Sent {"src":"n4","dest":"c1","body":{"in_reply_to":1,"type":"init_ok"}}
2025/06/27 19:57:21 Received {c9 n4 {"type":"topology","topology":{"n0":["n3","n1"],"n1":["n4","n2","n0"],"n2":["n1"],"n3":["n0","n4"],"n4":["n1","n3"]},"msg_id":1}}
2025/06/27 19:57:21 Sent {"src":"n4","dest":"c9","body":{"in_reply_to":1,"type":"topology_ok"}}
2025/06/27 19:57:21 Received {n3 n4 {"message":0,"msg_id":2,"type":"broadcast"}}
2025/06/27 19:57:21 Sent {"src":"n4","dest":"n3","body":{"in_reply_to":2,"type":"broadcast_ok"}}
2025/06/27 19:57:21 Sent {"src":"n4","dest":"n1","body":{"message":0,"msg_id":1,"type":"broadcast"}}
2025/06/27 19:57:21 Sent {"src":"n4","dest":"n3","body":{"message":0,"msg_id":2,"type":"broadcast"}}
2025/06/27 19:57:21 Received {n3 n4 {"in_reply_to":2,"type":"broadcast_ok"}}
2025/06/27 19:57:22 Received {c13 n4 {"type":"broadcast","message":1,"msg_id":1}}
2025/06/27 19:57:22 Sent {"src":"n4","dest":"c13","body":{"in_reply_to":1,"type":"broadcast_ok"}}
2025/06/27 19:57:22 Sent {"src":"n4","dest":"n3","body":{"message":1,"msg_id":3,"type":"broadcast"}}
2025/06/27 19:57:22 Sent {"src":"n4","dest":"n1","body":{"message":1,"msg_id":4,"type":"broadcast"}}
2025/06/27 19:57:22 Received {n3 n4 {"in_reply_to":3,"type":"broadcast_ok"}}
2025/06/27 19:57:22 Received {n3 n4 {"message":1,"msg_id":3,"type":"broadcast"}}
2025/06/27 19:57:22 Sent {"src":"n4","dest":"n3","body":{"in_reply_to":3,"type":"broadcast_ok"}}
2025/06/27 19:57:22 Received {n3 n4 {"message":2,"msg_id":5,"type":"broadcast"}}
2025/06/27 19:57:22 Sent {"src":"n4","dest":"n3","body":{"in_reply_to":5,"type":"broadcast_ok"}}
2025/06/27 19:57:22 Sent {"src":"n4","dest":"n3","body":{"message":2,"msg_id":5,"type":"broadcast"}}
2025/06/27 19:57:22 Sent {"src":"n4","dest":"n1","body":{"message":2,"msg_id":6,"type":"broadcast"}}
2025/06/27 19:57:22 Received {n3 n4 {"in_reply_to":5,"type":"broadcast_ok"}}
2025/06/27 19:57:22 Received {n3 n4 {"message":3,"msg_id":8,"type":"broadcast"}}
2025/06/27 19:57:22 Sent {"src":"n4","dest":"n3","body":{"in_reply_to":8,"type":"broadcast_ok"}}
2025/06/27 19:57:22 Sent {"src":"n4","dest":"n3","body":{"message":3,"msg_id":7,"type":"broadcast"}}
2025/06/27 19:57:22 Sent {"src":"n4","dest":"n1","body":{"message":3,"msg_id":8,"type":"broadcast"}}
2025/06/27 19:57:22 Received {n3 n4 {"in_reply_to":7,"type":"broadcast_ok"}}
2025/06/27 19:57:22 Received {n3 n4 {"message":4,"msg_id":9,"type":"broadcast"}}
2025/06/27 19:57:22 Sent {"src":"n4","dest":"n3","body":{"in_reply_to":9,"type":"broadcast_ok"}}
2025/06/27 19:57:22 Sent {"src":"n4","dest":"n3","body":{"message":4,"msg_id":10,"type":"broadcast"}}
2025/06/27 19:57:22 Sent {"src":"n4","dest":"n1","body":{"message":4,"msg_id":9,"type":"broadcast"}}
2025/06/27 19:57:22 Received {n3 n4 {"in_reply_to":10,"type":"broadcast_ok"}}
2025/06/27 19:57:22 Received {c13 n4 {"type":"read","msg_id":2}}
2025/06/27 19:57:22 Sent {"src":"n4","dest":"c13","body":{"in_reply_to":2,"messages":[0,1,2,3,4],"type":"read_ok"}}
2025/06/27 19:57:22 Received {n3 n4 {"message":5,"msg_id":11,"type":"broadcast"}}
2025/06/27 19:57:22 Sent {"src":"n4","dest":"n3","body":{"in_reply_to":11,"type":"broadcast_ok"}}
2025/06/27 19:57:22 Sent {"src":"n4","dest":"n3","body":{"message":5,"msg_id":11,"type":"broadcast"}}
2025/06/27 19:57:22 Sent {"src":"n4","dest":"n1","body":{"message":5,"msg_id":12,"type":"broadcast"}}
2025/06/27 19:57:22 Received {n3 n4 {"in_reply_to":11,"type":"broadcast_ok"}}
2025/06/27 19:57:23 Received {n3 n4 {"message":6,"msg_id":14,"type":"broadcast"}}
2025/06/27 19:57:23 Sent {"src":"n4","dest":"n3","body":{"in_reply_to":14,"type":"broadcast_ok"}}
2025/06/27 19:57:23 Sent {"src":"n4","dest":"n3","body":{"message":6,"msg_id":13,"type":"broadcast"}}
2025/06/27 19:57:23 Sent {"src":"n4","dest":"n1","body":{"message":6,"msg_id":14,"type":"broadcast"}}
2025/06/27 19:57:23 Received {n3 n4 {"in_reply_to":13,"type":"broadcast_ok"}}
2025/06/27 19:57:23 Received {c13 n4 {"type":"broadcast","message":7,"msg_id":3}}
2025/06/27 19:57:23 Sent {"src":"n4","dest":"n1","body":{"message":7,"msg_id":15,"type":"broadcast"}}
2025/06/27 19:57:23 Sent {"src":"n4","dest":"c13","body":{"in_reply_to":3,"type":"broadcast_ok"}}
2025/06/27 19:57:23 Sent {"src":"n4","dest":"n3","body":{"message":7,"msg_id":16,"type":"broadcast"}}
2025/06/27 19:57:23 Received {n3 n4 {"in_reply_to":16,"type":"broadcast_ok"}}
2025/06/27 19:57:23 Received {n3 n4 {"message":7,"msg_id":15,"type":"broadcast"}}
2025/06/27 19:57:23 Sent {"src":"n4","dest":"n3","body":{"in_reply_to":15,"type":"broadcast_ok"}}
2025/06/27 19:57:23 Received {n3 n4 {"message":8,"msg_id":18,"type":"broadcast"}}
2025/06/27 19:57:23 Sent {"src":"n4","dest":"n3","body":{"in_reply_to":18,"type":"broadcast_ok"}}
2025/06/27 19:57:23 Sent {"src":"n4","dest":"n3","body":{"message":8,"msg_id":17,"type":"broadcast"}}
2025/06/27 19:57:23 Sent {"src":"n4","dest":"n1","body":{"message":8,"msg_id":18,"type":"broadcast"}}
2025/06/27 19:57:23 Received {n3 n4 {"in_reply_to":17,"type":"broadcast_ok"}}
2025/06/27 19:57:23 Received {n3 n4 {"message":9,"msg_id":20,"type":"broadcast"}}
2025/06/27 19:57:23 Sent {"src":"n4","dest":"n3","body":{"in_reply_to":20,"type":"broadcast_ok"}}
2025/06/27 19:57:23 Sent {"src":"n4","dest":"n3","body":{"message":9,"msg_id":19,"type":"broadcast"}}
2025/06/27 19:57:23 Sent {"src":"n4","dest":"n1","body":{"message":9,"msg_id":20,"type":"broadcast"}}
2025/06/27 19:57:23 Received {n3 n4 {"in_reply_to":19,"type":"broadcast_ok"}}
2025/06/27 19:57:23 Received {c13 n4 {"type":"broadcast","message":10,"msg_id":4}}
2025/06/27 19:57:23 Sent {"src":"n4","dest":"c13","body":{"in_reply_to":4,"type":"broadcast_ok"}}
2025/06/27 19:57:23 Sent {"src":"n4","dest":"n3","body":{"message":10,"msg_id":22,"type":"broadcast"}}
2025/06/27 19:57:23 Sent {"src":"n4","dest":"n1","body":{"message":10,"msg_id":21,"type":"broadcast"}}
2025/06/27 19:57:23 Received {n3 n4 {"in_reply_to":22,"type":"broadcast_ok"}}
2025/06/27 19:57:23 Received {n3 n4 {"message":10,"msg_id":22,"type":"broadcast"}}
2025/06/27 19:57:23 Sent {"src":"n4","dest":"n3","body":{"in_reply_to":22,"type":"broadcast_ok"}}
2025/06/27 19:57:23 Received {n3 n4 {"message":11,"msg_id":23,"type":"broadcast"}}
2025/06/27 19:57:23 Sent {"src":"n4","dest":"n3","body":{"in_reply_to":23,"type":"broadcast_ok"}}
2025/06/27 19:57:23 Sent {"src":"n4","dest":"n3","body":{"message":11,"msg_id":23,"type":"broadcast"}}
2025/06/27 19:57:23 Sent {"src":"n4","dest":"n1","body":{"message":11,"msg_id":24,"type":"broadcast"}}
2025/06/27 19:57:23 Received {n3 n4 {"in_reply_to":23,"type":"broadcast_ok"}}
2025/06/27 19:57:23 Received {n3 n4 {"message":12,"msg_id":25,"type":"broadcast"}}
2025/06/27 19:57:23 Sent {"src":"n4","dest":"n3","body":{"in_reply_to":25,"type":"broadcast_ok"}}
2025/06/27 19:57:23 Sent {"src":"n4","dest":"n1","body":{"message":12,"msg_id":25,"type":"broadcast"}}
2025/06/27 19:57:23 Sent {"src":"n4","dest":"n3","body":{"message":12,"msg_id":26,"type":"broadcast"}}
2025/06/27 19:57:23 Received {n3 n4 {"in_reply_to":26,"type":"broadcast_ok"}}
2025/06/27 19:57:23 Received {n3 n4 {"message":13,"msg_id":27,"type":"broadcast"}}
2025/06/27 19:57:23 Sent {"src":"n4","dest":"n3","body":{"in_reply_to":27,"type":"broadcast_ok"}}
2025/06/27 19:57:23 Sent {"src":"n4","dest":"n1","body":{"message":13,"msg_id":27,"type":"broadcast"}}
2025/06/27 19:57:23 Sent {"src":"n4","dest":"n3","body":{"message":13,"msg_id":28,"type":"broadcast"}}
2025/06/27 19:57:23 Received {n3 n4 {"in_reply_to":28,"type":"broadcast_ok"}}
2025/06/27 19:57:24 Received {c13 n4 {"type":"broadcast","message":14,"msg_id":5}}
2025/06/27 19:57:24 Sent {"src":"n4","dest":"c13","body":{"in_reply_to":5,"type":"broadcast_ok"}}
2025/06/27 19:57:24 Sent {"src":"n4","dest":"n3","body":{"message":14,"msg_id":29,"type":"broadcast"}}
2025/06/27 19:57:24 Sent {"src":"n4","dest":"n1","body":{"message":14,"msg_id":30,"type":"broadcast"}}
2025/06/27 19:57:24 Received {n3 n4 {"in_reply_to":29,"type":"broadcast_ok"}}
2025/06/27 19:57:24 Received {n3 n4 {"message":14,"msg_id":30,"type":"broadcast"}}
2025/06/27 19:57:24 Sent {"src":"n4","dest":"n3","body":{"in_reply_to":30,"type":"broadcast_ok"}}
2025/06/27 19:57:24 Received {n3 n4 {"message":15,"msg_id":31,"type":"broadcast"}}
2025/06/27 19:57:24 Sent {"src":"n4","dest":"n3","body":{"in_reply_to":31,"type":"broadcast_ok"}}
2025/06/27 19:57:24 Sent {"src":"n4","dest":"n3","body":{"message":15,"msg_id":31,"type":"broadcast"}}
2025/06/27 19:57:24 Sent {"src":"n4","dest":"n1","body":{"message":15,"msg_id":32,"type":"broadcast"}}
2025/06/27 19:57:24 Received {n3 n4 {"in_reply_to":31,"type":"broadcast_ok"}}
2025/06/27 19:57:24 Received {c13 n4 {"type":"broadcast","message":16,"msg_id":6}}
2025/06/27 19:57:24 Sent {"src":"n4","dest":"c13","body":{"in_reply_to":6,"type":"broadcast_ok"}}
2025/06/27 19:57:24 Sent {"src":"n4","dest":"n3","body":{"message":16,"msg_id":34,"type":"broadcast"}}
2025/06/27 19:57:24 Sent {"src":"n4","dest":"n1","body":{"message":16,"msg_id":33,"type":"broadcast"}}
2025/06/27 19:57:24 Received {n3 n4 {"in_reply_to":34,"type":"broadcast_ok"}}
2025/06/27 19:57:24 Received {n3 n4 {"message":16,"msg_id":33,"type":"broadcast"}}
2025/06/27 19:57:24 Sent {"src":"n4","dest":"n3","body":{"in_reply_to":33,"type":"broadcast_ok"}}
2025/06/27 19:57:24 Received {n3 n4 {"message":17,"msg_id":35,"type":"broadcast"}}
2025/06/27 19:57:24 Sent {"src":"n4","dest":"n3","body":{"in_reply_to":35,"type":"broadcast_ok"}}
2025/06/27 19:57:24 Sent {"src":"n4","dest":"n3","body":{"message":17,"msg_id":35,"type":"broadcast"}}
2025/06/27 19:57:24 Sent {"src":"n4","dest":"n1","body":{"message":17,"msg_id":36,"type":"broadcast"}}
2025/06/27 19:57:24 Received {n3 n4 {"in_reply_to":35,"type":"broadcast_ok"}}
2025/06/27 19:57:25 Received {n3 n4 {"message":18,"msg_id":38,"type":"broadcast"}}
2025/06/27 19:57:25 Sent {"src":"n4","dest":"n3","body":{"in_reply_to":38,"type":"broadcast_ok"}}
2025/06/27 19:57:25 Sent {"src":"n4","dest":"n3","body":{"message":18,"msg_id":37,"type":"broadcast"}}
2025/06/27 19:57:25 Sent {"src":"n4","dest":"n1","body":{"message":18,"msg_id":38,"type":"broadcast"}}
2025/06/27 19:57:25 Received {n3 n4 {"in_reply_to":37,"type":"broadcast_ok"}}
2025/06/27 19:57:25 Received {c13 n4 {"type":"read","msg_id":7}}
2025/06/27 19:57:25 Sent {"src":"n4","dest":"c13","body":{"in_reply_to":7,"messages":[0,1,2,3,4,5,6,7,8,9,10,11,12,13,14,15,16,17,18],"type":"read_ok"}}
2025/06/27 19:57:25 Received {n3 n4 {"message":19,"msg_id":39,"type":"broadcast"}}
2025/06/27 19:57:25 Sent {"src":"n4","dest":"n3","body":{"in_reply_to":39,"type":"broadcast_ok"}}
2025/06/27 19:57:25 Sent {"src":"n4","dest":"n1","body":{"message":19,"msg_id":39,"type":"broadcast"}}
2025/06/27 19:57:25 Sent {"src":"n4","dest":"n3","body":{"message":19,"msg_id":40,"type":"broadcast"}}
2025/06/27 19:57:25 Received {n3 n4 {"in_reply_to":40,"type":"broadcast_ok"}}
2025/06/27 19:57:25 Received {n3 n4 {"message":20,"msg_id":41,"type":"broadcast"}}
2025/06/27 19:57:25 Sent {"src":"n4","dest":"n3","body":{"in_reply_to":41,"type":"broadcast_ok"}}
2025/06/27 19:57:25 Sent {"src":"n4","dest":"n3","body":{"message":20,"msg_id":41,"type":"broadcast"}}
2025/06/27 19:57:25 Sent {"src":"n4","dest":"n1","body":{"message":20,"msg_id":42,"type":"broadcast"}}
2025/06/27 19:57:25 Received {n3 n4 {"in_reply_to":41,"type":"broadcast_ok"}}
2025/06/27 19:57:25 Received {n3 n4 {"message":21,"msg_id":43,"type":"broadcast"}}
2025/06/27 19:57:25 Sent {"src":"n4","dest":"n3","body":{"in_reply_to":43,"type":"broadcast_ok"}}
2025/06/27 19:57:25 Sent {"src":"n4","dest":"n3","body":{"message":21,"msg_id":43,"type":"broadcast"}}
2025/06/27 19:57:25 Sent {"src":"n4","dest":"n1","body":{"message":21,"msg_id":44,"type":"broadcast"}}
2025/06/27 19:57:25 Received {n3 n4 {"in_reply_to":43,"type":"broadcast_ok"}}
2025/06/27 19:57:26 Received {c13 n4 {"type":"broadcast","message":22,"msg_id":8}}
2025/06/27 19:57:26 Sent {"src":"n4","dest":"c13","body":{"in_reply_to":8,"type":"broadcast_ok"}}
2025/06/27 19:57:26 Sent {"src":"n4","dest":"n1","body":{"message":22,"msg_id":45,"type":"broadcast"}}
2025/06/27 19:57:26 Sent {"src":"n4","dest":"n3","body":{"message":22,"msg_id":46,"type":"broadcast"}}
2025/06/27 19:57:26 Received {n3 n4 {"in_reply_to":46,"type":"broadcast_ok"}}
2025/06/27 19:57:26 Received {n3 n4 {"message":22,"msg_id":46,"type":"broadcast"}}
2025/06/27 19:57:26 Sent {"src":"n4","dest":"n3","body":{"in_reply_to":46,"type":"broadcast_ok"}}
2025/06/27 19:57:26 Received {n3 n4 {"message":23,"msg_id":47,"type":"broadcast"}}
2025/06/27 19:57:26 Sent {"src":"n4","dest":"n3","body":{"in_reply_to":47,"type":"broadcast_ok"}}
2025/06/27 19:57:26 Sent {"src":"n4","dest":"n1","body":{"message":23,"msg_id":47,"type":"broadcast"}}
2025/06/27 19:57:26 Sent {"src":"n4","dest":"n3","body":{"message":23,"msg_id":48,"type":"broadcast"}}
2025/06/27 19:57:26 Received {n3 n4 {"in_reply_to":48,"type":"broadcast_ok"}}
2025/06/27 19:57:26 Received {n3 n4 {"message":24,"msg_id":50,"type":"broadcast"}}
2025/06/27 19:57:26 Sent {"src":"n4","dest":"n3","body":{"in_reply_to":50,"type":"broadcast_ok"}}
2025/06/27 19:57:26 Sent {"src":"n4","dest":"n3","body":{"message":24,"msg_id":49,"type":"broadcast"}}
2025/06/27 19:57:26 Sent {"src":"n4","dest":"n1","body":{"message":24,"msg_id":50,"type":"broadcast"}}
2025/06/27 19:57:26 Received {n3 n4 {"in_reply_to":49,"type":"broadcast_ok"}}
2025/06/27 19:57:26 Received {n3 n4 {"message":25,"msg_id":51,"type":"broadcast"}}
2025/06/27 19:57:26 Sent {"src":"n4","dest":"n3","body":{"in_reply_to":51,"type":"broadcast_ok"}}
2025/06/27 19:57:26 Sent {"src":"n4","dest":"n3","body":{"message":25,"msg_id":51,"type":"broadcast"}}
2025/06/27 19:57:26 Sent {"src":"n4","dest":"n1","body":{"message":25,"msg_id":52,"type":"broadcast"}}
2025/06/27 19:57:26 Received {n3 n4 {"in_reply_to":51,"type":"broadcast_ok"}}
2025/06/27 19:57:26 Received {n3 n4 {"message":26,"msg_id":54,"type":"broadcast"}}
2025/06/27 19:57:26 Sent {"src":"n4","dest":"n3","body":{"in_reply_to":54,"type":"broadcast_ok"}}
2025/06/27 19:57:26 Sent {"src":"n4","dest":"n1","body":{"message":26,"msg_id":53,"type":"broadcast"}}
2025/06/27 19:57:26 Sent {"src":"n4","dest":"n3","body":{"message":26,"msg_id":54,"type":"broadcast"}}
2025/06/27 19:57:26 Received {n3 n4 {"in_reply_to":54,"type":"broadcast_ok"}}
2025/06/27 19:57:26 Received {c13 n4 {"type":"read","msg_id":9}}
2025/06/27 19:57:26 Sent {"src":"n4","dest":"c13","body":{"in_reply_to":9,"messages":[0,1,2,3,4,5,6,7,8,9,10,11,12,13,14,15,16,17,18,19,20,21,22,23,24,25,26],"type":"read_ok"}}
2025/06/27 19:57:26 Received {n3 n4 {"message":27,"msg_id":55,"type":"broadcast"}}
2025/06/27 19:57:26 Sent {"src":"n4","dest":"n3","body":{"in_reply_to":55,"type":"broadcast_ok"}}
2025/06/27 19:57:26 Sent {"src":"n4","dest":"n1","body":{"message":27,"msg_id":55,"type":"broadcast"}}
2025/06/27 19:57:26 Sent {"src":"n4","dest":"n3","body":{"message":27,"msg_id":56,"type":"broadcast"}}
2025/06/27 19:57:26 Received {n3 n4 {"in_reply_to":56,"type":"broadcast_ok"}}
2025/06/27 19:57:27 Received {n3 n4 {"message":28,"msg_id":57,"type":"broadcast"}}
2025/06/27 19:57:27 Sent {"src":"n4","dest":"n3","body":{"in_reply_to":57,"type":"broadcast_ok"}}
2025/06/27 19:57:27 Sent {"src":"n4","dest":"n3","body":{"message":28,"msg_id":58,"type":"broadcast"}}
2025/06/27 19:57:27 Sent {"src":"n4","dest":"n1","body":{"message":28,"msg_id":57,"type":"broadcast"}}
2025/06/27 19:57:27 Received {n3 n4 {"in_reply_to":58,"type":"broadcast_ok"}}
2025/06/27 19:57:27 Received {n3 n4 {"message":29,"msg_id":60,"type":"broadcast"}}
2025/06/27 19:57:27 Sent {"src":"n4","dest":"n3","body":{"in_reply_to":60,"type":"broadcast_ok"}}
2025/06/27 19:57:27 Sent {"src":"n4","dest":"n1","body":{"message":29,"msg_id":59,"type":"broadcast"}}
2025/06/27 19:57:27 Sent {"src":"n4","dest":"n3","body":{"message":29,"msg_id":60,"type":"broadcast"}}
2025/06/27 19:57:27 Received {n3 n4 {"in_reply_to":60,"type":"broadcast_ok"}}
2025/06/27 19:57:27 Received {n3 n4 {"message":30,"msg_id":62,"type":"broadcast"}}
2025/06/27 19:57:27 Sent {"src":"n4","dest":"n3","body":{"in_reply_to":62,"type":"broadcast_ok"}}
2025/06/27 19:57:27 Sent {"src":"n4","dest":"n3","body":{"message":30,"msg_id":61,"type":"broadcast"}}
2025/06/27 19:57:27 Sent {"src":"n4","dest":"n1","body":{"message":30,"msg_id":62,"type":"broadcast"}}
2025/06/27 19:57:27 Received {n3 n4 {"in_reply_to":61,"type":"broadcast_ok"}}
2025/06/27 19:57:27 Received {c13 n4 {"type":"broadcast","message":31,"msg_id":10}}
2025/06/27 19:57:27 Sent {"src":"n4","dest":"c13","body":{"in_reply_to":10,"type":"broadcast_ok"}}
2025/06/27 19:57:27 Sent {"src":"n4","dest":"n1","body":{"message":31,"msg_id":63,"type":"broadcast"}}
2025/06/27 19:57:27 Sent {"src":"n4","dest":"n3","body":{"message":31,"msg_id":64,"type":"broadcast"}}
2025/06/27 19:57:27 Received {n3 n4 {"in_reply_to":64,"type":"broadcast_ok"}}
2025/06/27 19:57:27 Received {n3 n4 {"message":31,"msg_id":63,"type":"broadcast"}}
2025/06/27 19:57:27 Sent {"src":"n4","dest":"n3","body":{"in_reply_to":63,"type":"broadcast_ok"}}
2025/06/27 19:57:27 Received {n3 n4 {"message":32,"msg_id":66,"type":"broadcast"}}
2025/06/27 19:57:27 Sent {"src":"n4","dest":"n3","body":{"in_reply_to":66,"type":"broadcast_ok"}}
2025/06/27 19:57:27 Sent {"src":"n4","dest":"n1","body":{"message":32,"msg_id":65,"type":"broadcast"}}
2025/06/27 19:57:27 Sent {"src":"n4","dest":"n3","body":{"message":32,"msg_id":66,"type":"broadcast"}}
2025/06/27 19:57:27 Received {n3 n4 {"in_reply_to":66,"type":"broadcast_ok"}}
2025/06/27 19:57:27 Received {n3 n4 {"message":33,"msg_id":67,"type":"broadcast"}}
2025/06/27 19:57:27 Sent {"src":"n4","dest":"n3","body":{"in_reply_to":67,"type":"broadcast_ok"}}
2025/06/27 19:57:27 Sent {"src":"n4","dest":"n3","body":{"message":33,"msg_id":67,"type":"broadcast"}}
2025/06/27 19:57:27 Sent {"src":"n4","dest":"n1","body":{"message":33,"msg_id":68,"type":"broadcast"}}
2025/06/27 19:57:27 Received {n3 n4 {"in_reply_to":67,"type":"broadcast_ok"}}
2025/06/27 19:57:27 Received {c13 n4 {"type":"broadcast","message":34,"msg_id":11}}
2025/06/27 19:57:27 Sent {"src":"n4","dest":"c13","body":{"in_reply_to":11,"type":"broadcast_ok"}}
2025/06/27 19:57:27 Sent {"src":"n4","dest":"n3","body":{"message":34,"msg_id":69,"type":"broadcast"}}
2025/06/27 19:57:27 Sent {"src":"n4","dest":"n1","body":{"message":34,"msg_id":70,"type":"broadcast"}}
2025/06/27 19:57:27 Received {n3 n4 {"in_reply_to":69,"type":"broadcast_ok"}}
2025/06/27 19:57:27 Received {n3 n4 {"message":34,"msg_id":70,"type":"broadcast"}}
2025/06/27 19:57:27 Sent {"src":"n4","dest":"n3","body":{"in_reply_to":70,"type":"broadcast_ok"}}
2025/06/27 19:57:28 Received {n3 n4 {"message":35,"msg_id":72,"type":"broadcast"}}
2025/06/27 19:57:28 Sent {"src":"n4","dest":"n3","body":{"in_reply_to":72,"type":"broadcast_ok"}}
2025/06/27 19:57:28 Sent {"src":"n4","dest":"n3","body":{"message":35,"msg_id":71,"type":"broadcast"}}
2025/06/27 19:57:28 Sent {"src":"n4","dest":"n1","body":{"message":35,"msg_id":72,"type":"broadcast"}}
2025/06/27 19:57:28 Received {n3 n4 {"in_reply_to":71,"type":"broadcast_ok"}}
2025/06/27 19:57:28 Received {n3 n4 {"message":36,"msg_id":73,"type":"broadcast"}}
2025/06/27 19:57:28 Sent {"src":"n4","dest":"n3","body":{"in_reply_to":73,"type":"broadcast_ok"}}
2025/06/27 19:57:28 Sent {"src":"n4","dest":"n3","body":{"message":36,"msg_id":73,"type":"broadcast"}}
2025/06/27 19:57:28 Sent {"src":"n4","dest":"n1","body":{"message":36,"msg_id":74,"type":"broadcast"}}
2025/06/27 19:57:28 Received {n3 n4 {"in_reply_to":73,"type":"broadcast_ok"}}
2025/06/27 19:57:28 Received {n3 n4 {"message":37,"msg_id":75,"type":"broadcast"}}
2025/06/27 19:57:28 Sent {"src":"n4","dest":"n3","body":{"in_reply_to":75,"type":"broadcast_ok"}}
2025/06/27 19:57:28 Sent {"src":"n4","dest":"n3","body":{"message":37,"msg_id":75,"type":"broadcast"}}
2025/06/27 19:57:28 Sent {"src":"n4","dest":"n1","body":{"message":37,"msg_id":76,"type":"broadcast"}}
2025/06/27 19:57:28 Received {n3 n4 {"in_reply_to":75,"type":"broadcast_ok"}}
2025/06/27 19:57:28 Received {n3 n4 {"message":38,"msg_id":78,"type":"broadcast"}}
2025/06/27 19:57:28 Sent {"src":"n4","dest":"n3","body":{"in_reply_to":78,"type":"broadcast_ok"}}
2025/06/27 19:57:28 Sent {"src":"n4","dest":"n1","body":{"message":38,"msg_id":77,"type":"broadcast"}}
2025/06/27 19:57:28 Sent {"src":"n4","dest":"n3","body":{"message":38,"msg_id":78,"type":"broadcast"}}
2025/06/27 19:57:28 Received {n3 n4 {"in_reply_to":78,"type":"broadcast_ok"}}
2025/06/27 19:57:28 Received {n3 n4 {"message":39,"msg_id":80,"type":"broadcast"}}
2025/06/27 19:57:28 Sent {"src":"n4","dest":"n3","body":{"in_reply_to":80,"type":"broadcast_ok"}}
2025/06/27 19:57:28 Sent {"src":"n4","dest":"n1","body":{"message":39,"msg_id":79,"type":"broadcast"}}
2025/06/27 19:57:28 Sent {"src":"n4","dest":"n3","body":{"message":39,"msg_id":80,"type":"broadcast"}}
2025/06/27 19:57:28 Received {n3 n4 {"in_reply_to":80,"type":"broadcast_ok"}}
2025/06/27 19:57:28 Received {c13 n4 {"type":"read","msg_id":12}}
2025/06/27 19:57:28 Sent {"src":"n4","dest":"c13","body":{"in_reply_to":12,"messages":[0,1,2,3,4,5,6,7,8,9,10,11,12,13,14,15,16,17,18,19,20,21,22,23,24,25,26,27,28,29,30,31,32,33,34,35,36,37,38,39],"type":"read_ok"}}
2025/06/27 19:57:28 Received {n3 n4 {"message":40,"msg_id":81,"type":"broadcast"}}
2025/06/27 19:57:28 Sent {"src":"n4","dest":"n3","body":{"in_reply_to":81,"type":"broadcast_ok"}}
2025/06/27 19:57:28 Sent {"src":"n4","dest":"n1","body":{"message":40,"msg_id":81,"type":"broadcast"}}
2025/06/27 19:57:28 Sent {"src":"n4","dest":"n3","body":{"message":40,"msg_id":82,"type":"broadcast"}}
2025/06/27 19:57:28 Received {n3 n4 {"in_reply_to":82,"type":"broadcast_ok"}}
2025/06/27 19:57:28 Received {n3 n4 {"message":41,"msg_id":84,"type":"broadcast"}}
2025/06/27 19:57:28 Sent {"src":"n4","dest":"n3","body":{"in_reply_to":84,"type":"broadcast_ok"}}
2025/06/27 19:57:28 Sent {"src":"n4","dest":"n3","body":{"message":41,"msg_id":83,"type":"broadcast"}}
2025/06/27 19:57:28 Sent {"src":"n4","dest":"n1","body":{"message":41,"msg_id":84,"type":"broadcast"}}
2025/06/27 19:57:28 Received {n3 n4 {"in_reply_to":83,"type":"broadcast_ok"}}
2025/06/27 19:57:29 Received {n3 n4 {"message":42,"msg_id":86,"type":"broadcast"}}
2025/06/27 19:57:29 Sent {"src":"n4","dest":"n3","body":{"in_reply_to":86,"type":"broadcast_ok"}}
2025/06/27 19:57:29 Sent {"src":"n4","dest":"n1","body":{"message":42,"msg_id":85,"type":"broadcast"}}
2025/06/27 19:57:29 Sent {"src":"n4","dest":"n3","body":{"message":42,"msg_id":86,"type":"broadcast"}}
2025/06/27 19:57:29 Received {n3 n4 {"in_reply_to":86,"type":"broadcast_ok"}}
2025/06/27 19:57:29 Received {n3 n4 {"message":43,"msg_id":88,"type":"broadcast"}}
2025/06/27 19:57:29 Sent {"src":"n4","dest":"n3","body":{"in_reply_to":88,"type":"broadcast_ok"}}
2025/06/27 19:57:29 Sent {"src":"n4","dest":"n1","body":{"message":43,"msg_id":87,"type":"broadcast"}}
2025/06/27 19:57:29 Sent {"src":"n4","dest":"n3","body":{"message":43,"msg_id":88,"type":"broadcast"}}
2025/06/27 19:57:29 Received {n3 n4 {"in_reply_to":88,"type":"broadcast_ok"}}
2025/06/27 19:57:29 Received {n3 n4 {"message":44,"msg_id":90,"type":"broadcast"}}
2025/06/27 19:57:29 Sent {"src":"n4","dest":"n3","body":{"in_reply_to":90,"type":"broadcast_ok"}}
2025/06/27 19:57:29 Sent {"src":"n4","dest":"n3","body":{"message":44,"msg_id":89,"type":"broadcast"}}
2025/06/27 19:57:29 Sent {"src":"n4","dest":"n1","body":{"message":44,"msg_id":90,"type":"broadcast"}}
2025/06/27 19:57:29 Received {n3 n4 {"in_reply_to":89,"type":"broadcast_ok"}}
2025/06/27 19:57:29 Received {c13 n4 {"type":"broadcast","message":45,"msg_id":13}}
2025/06/27 19:57:29 Sent {"src":"n4","dest":"c13","body":{"in_reply_to":13,"type":"broadcast_ok"}}
2025/06/27 19:57:29 Sent {"src":"n4","dest":"n3","body":{"message":45,"msg_id":92,"type":"broadcast"}}
2025/06/27 19:57:29 Sent {"src":"n4","dest":"n1","body":{"message":45,"msg_id":91,"type":"broadcast"}}
2025/06/27 19:57:29 Received {n3 n4 {"in_reply_to":92,"type":"broadcast_ok"}}
2025/06/27 19:57:29 Received {n3 n4 {"message":45,"msg_id":91,"type":"broadcast"}}
2025/06/27 19:57:29 Sent {"src":"n4","dest":"n3","body":{"in_reply_to":91,"type":"broadcast_ok"}}
2025/06/27 19:57:29 Received {n3 n4 {"message":46,"msg_id":94,"type":"broadcast"}}
2025/06/27 19:57:29 Sent {"src":"n4","dest":"n3","body":{"in_reply_to":94,"type":"broadcast_ok"}}
2025/06/27 19:57:29 Sent {"src":"n4","dest":"n1","body":{"message":46,"msg_id":93,"type":"broadcast"}}
2025/06/27 19:57:29 Sent {"src":"n4","dest":"n3","body":{"message":46,"msg_id":94,"type":"broadcast"}}
2025/06/27 19:57:29 Received {n3 n4 {"in_reply_to":94,"type":"broadcast_ok"}}
2025/06/27 19:57:29 Received {n3 n4 {"message":47,"msg_id":96,"type":"broadcast"}}
2025/06/27 19:57:29 Sent {"src":"n4","dest":"n3","body":{"in_reply_to":96,"type":"broadcast_ok"}}
2025/06/27 19:57:29 Sent {"src":"n4","dest":"n1","body":{"message":47,"msg_id":95,"type":"broadcast"}}
2025/06/27 19:57:29 Sent {"src":"n4","dest":"n3","body":{"message":47,"msg_id":96,"type":"broadcast"}}
2025/06/27 19:57:29 Received {n3 n4 {"in_reply_to":96,"type":"broadcast_ok"}}
2025/06/27 19:57:29 Received {c13 n4 {"type":"read","msg_id":14}}
2025/06/27 19:57:29 Sent {"src":"n4","dest":"c13","body":{"in_reply_to":14,"messages":[0,1,2,3,4,5,6,7,8,9,10,11,12,13,14,15,16,17,18,19,20,21,22,23,24,25,26,27,28,29,30,31,32,33,34,35,36,37,38,39,40,41,42,43,44,45,46,47],"type":"read_ok"}}
2025/06/27 19:57:29 Received {n3 n4 {"message":48,"msg_id":97,"type":"broadcast"}}
2025/06/27 19:57:29 Sent {"src":"n4","dest":"n3","body":{"in_reply_to":97,"type":"broadcast_ok"}}
2025/06/27 19:57:29 Sent {"src":"n4","dest":"n1","body":{"message":48,"msg_id":97,"type":"broadcast"}}
2025/06/27 19:57:29 Sent {"src":"n4","dest":"n3","body":{"message":48,"msg_id":98,"type":"broadcast"}}
2025/06/27 19:57:29 Received {n3 n4 {"in_reply_to":98,"type":"broadcast_ok"}}
2025/06/27 19:57:30 Received {n3 n4 {"message":49,"msg_id":99,"type":"broadcast"}}
2025/06/27 19:57:30 Sent {"src":"n4","dest":"n3","body":{"in_reply_to":99,"type":"broadcast_ok"}}
2025/06/27 19:57:30 Sent {"src":"n4","dest":"n1","body":{"message":49,"msg_id":99,"type":"broadcast"}}
2025/06/27 19:57:30 Sent {"src":"n4","dest":"n3","body":{"message":49,"msg_id":100,"type":"broadcast"}}
2025/06/27 19:57:30 Received {n3 n4 {"in_reply_to":100,"type":"broadcast_ok"}}
2025/06/27 19:57:30 Received {n3 n4 {"message":50,"msg_id":101,"type":"broadcast"}}
2025/06/27 19:57:30 Sent {"src":"n4","dest":"n3","body":{"in_reply_to":101,"type":"broadcast_ok"}}
2025/06/27 19:57:30 Sent {"src":"n4","dest":"n3","body":{"message":50,"msg_id":101,"type":"broadcast"}}
2025/06/27 19:57:30 Sent {"src":"n4","dest":"n1","body":{"message":50,"msg_id":102,"type":"broadcast"}}
2025/06/27 19:57:30 Received {n3 n4 {"in_reply_to":101,"type":"broadcast_ok"}}
2025/06/27 19:57:30 Received {n3 n4 {"message":51,"msg_id":104,"type":"broadcast"}}
2025/06/27 19:57:30 Sent {"src":"n4","dest":"n3","body":{"in_reply_to":104,"type":"broadcast_ok"}}
2025/06/27 19:57:30 Sent {"src":"n4","dest":"n1","body":{"message":51,"msg_id":103,"type":"broadcast"}}
2025/06/27 19:57:30 Sent {"src":"n4","dest":"n3","body":{"message":51,"msg_id":104,"type":"broadcast"}}
2025/06/27 19:57:30 Received {n3 n4 {"in_reply_to":104,"type":"broadcast_ok"}}
2025/06/27 19:57:30 Received {n3 n4 {"message":52,"msg_id":106,"type":"broadcast"}}
2025/06/27 19:57:30 Sent {"src":"n4","dest":"n3","body":{"in_reply_to":106,"type":"broadcast_ok"}}
2025/06/27 19:57:30 Sent {"src":"n4","dest":"n1","body":{"message":52,"msg_id":105,"type":"broadcast"}}
2025/06/27 19:57:30 Sent {"src":"n4","dest":"n3","body":{"message":52,"msg_id":106,"type":"broadcast"}}
2025/06/27 19:57:30 Received {n3 n4 {"in_reply_to":106,"type":"broadcast_ok"}}
2025/06/27 19:57:30 Received {c13 n4 {"type":"broadcast","message":53,"msg_id":15}}
2025/06/27 19:57:30 Sent {"src":"n4","dest":"c13","body":{"in_reply_to":15,"type":"broadcast_ok"}}
2025/06/27 19:57:30 Sent {"src":"n4","dest":"n1","body":{"message":53,"msg_id":107,"type":"broadcast"}}
2025/06/27 19:57:30 Sent {"src":"n4","dest":"n3","body":{"message":53,"msg_id":108,"type":"broadcast"}}
2025/06/27 19:57:30 Received {n3 n4 {"in_reply_to":108,"type":"broadcast_ok"}}
2025/06/27 19:57:30 Received {n3 n4 {"message":53,"msg_id":108,"type":"broadcast"}}
2025/06/27 19:57:30 Sent {"src":"n4","dest":"n3","body":{"in_reply_to":108,"type":"broadcast_ok"}}
2025/06/27 19:57:30 Received {n3 n4 {"message":54,"msg_id":109,"type":"broadcast"}}
2025/06/27 19:57:30 Sent {"src":"n4","dest":"n3","body":{"in_reply_to":109,"type":"broadcast_ok"}}
2025/06/27 19:57:30 Sent {"src":"n4","dest":"n3","body":{"message":54,"msg_id":109,"type":"broadcast"}}
2025/06/27 19:57:30 Sent {"src":"n4","dest":"n1","body":{"message":54,"msg_id":110,"type":"broadcast"}}
2025/06/27 19:57:30 Received {n3 n4 {"in_reply_to":109,"type":"broadcast_ok"}}
2025/06/27 19:57:30 Received {n3 n4 {"message":55,"msg_id":112,"type":"broadcast"}}
2025/06/27 19:57:30 Sent {"src":"n4","dest":"n3","body":{"in_reply_to":112,"type":"broadcast_ok"}}
2025/06/27 19:57:30 Sent {"src":"n4","dest":"n1","body":{"message":55,"msg_id":111,"type":"broadcast"}}
2025/06/27 19:57:30 Sent {"src":"n4","dest":"n3","body":{"message":55,"msg_id":112,"type":"broadcast"}}
2025/06/27 19:57:30 Received {n3 n4 {"in_reply_to":112,"type":"broadcast_ok"}}
2025/06/27 19:57:30 Received {c13 n4 {"type":"read","msg_id":16}}
2025/06/27 19:57:30 Sent {"src":"n4","dest":"c13","body":{"in_reply_to":16,"messages":[0,1,2,3,4,5,6,7,8,9,10,11,12,13,14,15,16,17,18,19,20,21,22,23,24,25,26,27,28,29,30,31,32,33,34,35,36,37,38,39,40,41,42,43,44,45,46,47,48,49,50,51,52,53,54,55],"type":"read_ok"}}
2025/06/27 19:57:30 Received {n3 n4 {"message":56,"msg_id":113,"type":"broadcast"}}
2025/06/27 19:57:30 Sent {"src":"n4","dest":"n3","body":{"in_reply_to":113,"type":"broadcast_ok"}}
2025/06/27 19:57:30 Sent {"src":"n4","dest":"n3","body":{"message":56,"msg_id":113,"type":"broadcast"}}
2025/06/27 19:57:30 Sent {"src":"n4","dest":"n1","body":{"message":56,"msg_id":114,"type":"broadcast"}}
2025/06/27 19:57:30 Received {n3 n4 {"in_reply_to":113,"type":"broadcast_ok"}}
2025/06/27 19:57:30 Received {n3 n4 {"message":57,"msg_id":115,"type":"broadcast"}}
2025/06/27 19:57:30 Sent {"src":"n4","dest":"n3","body":{"in_reply_to":115,"type":"broadcast_ok"}}
2025/06/27 19:57:30 Sent {"src":"n4","dest":"n3","body":{"message":57,"msg_id":115,"type":"broadcast"}}
2025/06/27 19:57:30 Sent {"src":"n4","dest":"n1","body":{"message":57,"msg_id":116,"type":"broadcast"}}
2025/06/27 19:57:30 Received {n3 n4 {"in_reply_to":115,"type":"broadcast_ok"}}
2025/06/27 19:57:31 Received {n3 n4 {"message":58,"msg_id":117,"type":"broadcast"}}
2025/06/27 19:57:31 Sent {"src":"n4","dest":"n3","body":{"in_reply_to":117,"type":"broadcast_ok"}}
2025/06/27 19:57:31 Sent {"src":"n4","dest":"n3","body":{"message":58,"msg_id":117,"type":"broadcast"}}
2025/06/27 19:57:31 Sent {"src":"n4","dest":"n1","body":{"message":58,"msg_id":118,"type":"broadcast"}}
2025/06/27 19:57:31 Received {n3 n4 {"in_reply_to":117,"type":"broadcast_ok"}}
2025/06/27 19:57:31 Received {c13 n4 {"type":"read","msg_id":17}}
2025/06/27 19:57:31 Sent {"src":"n4","dest":"c13","body":{"in_reply_to":17,"messages":[0,1,2,3,4,5,6,7,8,9,10,11,12,13,14,15,16,17,18,19,20,21,22,23,24,25,26,27,28,29,30,31,32,33,34,35,36,37,38,39,40,41,42,43,44,45,46,47,48,49,50,51,52,53,54,55,56,57,58],"type":"read_ok"}}
2025/06/27 19:57:31 Received {n3 n4 {"message":59,"msg_id":120,"type":"broadcast"}}
2025/06/27 19:57:31 Sent {"src":"n4","dest":"n3","body":{"in_reply_to":120,"type":"broadcast_ok"}}
2025/06/27 19:57:31 Sent {"src":"n4","dest":"n3","body":{"message":59,"msg_id":119,"type":"broadcast"}}
2025/06/27 19:57:31 Sent {"src":"n4","dest":"n1","body":{"message":59,"msg_id":120,"type":"broadcast"}}
2025/06/27 19:57:31 Received {n3 n4 {"in_reply_to":119,"type":"broadcast_ok"}}
2025/06/27 19:57:31 Received {c13 n4 {"type":"read","msg_id":18}}
2025/06/27 19:57:31 Sent {"src":"n4","dest":"c13","body":{"in_reply_to":18,"messages":[0,1,2,3,4,5,6,7,8,9,10,11,12,13,14,15,16,17,18,19,20,21,22,23,24,25,26,27,28,29,30,31,32,33,34,35,36,37,38,39,40,41,42,43,44,45,46,47,48,49,50,51,52,53,54,55,56,57,58,59],"type":"read_ok"}}
2025/06/27 19:57:32 Received {n3 n4 {"message":60,"msg_id":121,"type":"broadcast"}}
2025/06/27 19:57:32 Sent {"src":"n4","dest":"n3","body":{"in_reply_to":121,"type":"broadcast_ok"}}
2025/06/27 19:57:32 Sent {"src":"n4","dest":"n3","body":{"message":60,"msg_id":122,"type":"broadcast"}}
2025/06/27 19:57:32 Sent {"src":"n4","dest":"n1","body":{"message":60,"msg_id":121,"type":"broadcast"}}
2025/06/27 19:57:32 Received {n3 n4 {"in_reply_to":122,"type":"broadcast_ok"}}
2025/06/27 19:57:32 Received {n3 n4 {"message":61,"msg_id":123,"type":"broadcast"}}
2025/06/27 19:57:32 Sent {"src":"n4","dest":"n3","body":{"in_reply_to":123,"type":"broadcast_ok"}}
2025/06/27 19:57:32 Sent {"src":"n4","dest":"n3","body":{"message":61,"msg_id":123,"type":"broadcast"}}
2025/06/27 19:57:32 Sent {"src":"n4","dest":"n1","body":{"message":61,"msg_id":124,"type":"broadcast"}}
2025/06/27 19:57:32 Received {n3 n4 {"in_reply_to":123,"type":"broadcast_ok"}}
2025/06/27 19:57:32 Received {n3 n4 {"message":62,"msg_id":126,"type":"broadcast"}}
2025/06/27 19:57:32 Sent {"src":"n4","dest":"n3","body":{"in_reply_to":126,"type":"broadcast_ok"}}
2025/06/27 19:57:32 Sent {"src":"n4","dest":"n3","body":{"message":62,"msg_id":125,"type":"broadcast"}}
2025/06/27 19:57:32 Sent {"src":"n4","dest":"n1","body":{"message":62,"msg_id":126,"type":"broadcast"}}
2025/06/27 19:57:32 Received {n3 n4 {"in_reply_to":125,"type":"broadcast_ok"}}
2025/06/27 19:57:32 Received {c13 n4 {"type":"broadcast","message":63,"msg_id":19}}
2025/06/27 19:57:32 Sent {"src":"n4","dest":"c13","body":{"in_reply_to":19,"type":"broadcast_ok"}}
2025/06/27 19:57:32 Sent {"src":"n4","dest":"n3","body":{"message":63,"msg_id":128,"type":"broadcast"}}
2025/06/27 19:57:32 Sent {"src":"n4","dest":"n1","body":{"message":63,"msg_id":127,"type":"broadcast"}}
2025/06/27 19:57:32 Received {n3 n4 {"in_reply_to":128,"type":"broadcast_ok"}}
2025/06/27 19:57:32 Received {n3 n4 {"message":63,"msg_id":128,"type":"broadcast"}}
2025/06/27 19:57:32 Sent {"src":"n4","dest":"n3","body":{"in_reply_to":128,"type":"broadcast_ok"}}
2025/06/27 19:57:32 Received {n3 n4 {"message":64,"msg_id":130,"type":"broadcast"}}
2025/06/27 19:57:32 Sent {"src":"n4","dest":"n3","body":{"in_reply_to":130,"type":"broadcast_ok"}}
2025/06/27 19:57:32 Sent {"src":"n4","dest":"n3","body":{"message":64,"msg_id":129,"type":"broadcast"}}
2025/06/27 19:57:32 Sent {"src":"n4","dest":"n1","body":{"message":64,"msg_id":130,"type":"broadcast"}}
2025/06/27 19:57:32 Received {n3 n4 {"in_reply_to":129,"type":"broadcast_ok"}}
2025/06/27 19:57:32 Received {n3 n4 {"message":65,"msg_id":132,"type":"broadcast"}}
2025/06/27 19:57:32 Sent {"src":"n4","dest":"n3","body":{"in_reply_to":132,"type":"broadcast_ok"}}
2025/06/27 19:57:32 Sent {"src":"n4","dest":"n3","body":{"message":65,"msg_id":131,"type":"broadcast"}}
2025/06/27 19:57:32 Sent {"src":"n4","dest":"n1","body":{"message":65,"msg_id":132,"type":"broadcast"}}
2025/06/27 19:57:32 Received {n3 n4 {"in_reply_to":131,"type":"broadcast_ok"}}
2025/06/27 19:57:32 Received {n3 n4 {"message":66,"msg_id":134,"type":"broadcast"}}
2025/06/27 19:57:32 Sent {"src":"n4","dest":"n3","body":{"in_reply_to":134,"type":"broadcast_ok"}}
2025/06/27 19:57:32 Sent {"src":"n4","dest":"n1","body":{"message":66,"msg_id":133,"type":"broadcast"}}
2025/06/27 19:57:32 Sent {"src":"n4","dest":"n3","body":{"message":66,"msg_id":134,"type":"broadcast"}}
2025/06/27 19:57:32 Received {n3 n4 {"in_reply_to":134,"type":"broadcast_ok"}}
2025/06/27 19:57:32 Received {c13 n4 {"type":"read","msg_id":20}}
2025/06/27 19:57:32 Sent {"src":"n4","dest":"c13","body":{"in_reply_to":20,"messages":[0,1,2,3,4,5,6,7,8,9,10,11,12,13,14,15,16,17,18,19,20,21,22,23,24,25,26,27,28,29,30,31,32,33,34,35,36,37,38,39,40,41,42,43,44,45,46,47,48,49,50,51,52,53,54,55,56,57,58,59,60,61,62,63,64,65,66],"type":"read_ok"}}
2025/06/27 19:57:33 Received {n3 n4 {"message":67,"msg_id":135,"type":"broadcast"}}
2025/06/27 19:57:33 Sent {"src":"n4","dest":"n3","body":{"in_reply_to":135,"type":"broadcast_ok"}}
2025/06/27 19:57:33 Sent {"src":"n4","dest":"n3","body":{"message":67,"msg_id":135,"type":"broadcast"}}
2025/06/27 19:57:33 Sent {"src":"n4","dest":"n1","body":{"message":67,"msg_id":136,"type":"broadcast"}}
2025/06/27 19:57:33 Received {n3 n4 {"in_reply_to":135,"type":"broadcast_ok"}}
2025/06/27 19:57:33 Received {n3 n4 {"message":68,"msg_id":137,"type":"broadcast"}}
2025/06/27 19:57:33 Sent {"src":"n4","dest":"n3","body":{"in_reply_to":137,"type":"broadcast_ok"}}
2025/06/27 19:57:33 Sent {"src":"n4","dest":"n3","body":{"message":68,"msg_id":137,"type":"broadcast"}}
2025/06/27 19:57:33 Sent {"src":"n4","dest":"n1","body":{"message":68,"msg_id":138,"type":"broadcast"}}
2025/06/27 19:57:33 Received {n3 n4 {"in_reply_to":137,"type":"broadcast_ok"}}
2025/06/27 19:57:33 Received {n3 n4 {"message":69,"msg_id":140,"type":"broadcast"}}
2025/06/27 19:57:33 Sent {"src":"n4","dest":"n3","body":{"in_reply_to":140,"type":"broadcast_ok"}}
2025/06/27 19:57:33 Sent {"src":"n4","dest":"n1","body":{"message":69,"msg_id":139,"type":"broadcast"}}
2025/06/27 19:57:33 Sent {"src":"n4","dest":"n3","body":{"message":69,"msg_id":140,"type":"broadcast"}}
2025/06/27 19:57:33 Received {n3 n4 {"in_reply_to":140,"type":"broadcast_ok"}}
2025/06/27 19:57:33 Received {n3 n4 {"message":70,"msg_id":141,"type":"broadcast"}}
2025/06/27 19:57:33 Sent {"src":"n4","dest":"n3","body":{"in_reply_to":141,"type":"broadcast_ok"}}
2025/06/27 19:57:33 Sent {"src":"n4","dest":"n1","body":{"message":70,"msg_id":141,"type":"broadcast"}}
2025/06/27 19:57:33 Sent {"src":"n4","dest":"n3","body":{"message":70,"msg_id":142,"type":"broadcast"}}
2025/06/27 19:57:33 Received {n3 n4 {"in_reply_to":142,"type":"broadcast_ok"}}
2025/06/27 19:57:33 Received {c13 n4 {"type":"read","msg_id":21}}
2025/06/27 19:57:33 Sent {"src":"n4","dest":"c13","body":{"in_reply_to":21,"messages":[0,1,2,3,4,5,6,7,8,9,10,11,12,13,14,15,16,17,18,19,20,21,22,23,24,25,26,27,28,29,30,31,32,33,34,35,36,37,38,39,40,41,42,43,44,45,46,47,48,49,50,51,52,53,54,55,56,57,58,59,60,61,62,63,64,65,66,67,68,69,70],"type":"read_ok"}}
2025/06/27 19:57:34 Received {n3 n4 {"message":71,"msg_id":144,"type":"broadcast"}}
2025/06/27 19:57:34 Sent {"src":"n4","dest":"n1","body":{"message":71,"msg_id":143,"type":"broadcast"}}
2025/06/27 19:57:34 Sent {"src":"n4","dest":"n3","body":{"in_reply_to":144,"type":"broadcast_ok"}}
2025/06/27 19:57:34 Sent {"src":"n4","dest":"n3","body":{"message":71,"msg_id":144,"type":"broadcast"}}
2025/06/27 19:57:34 Received {n3 n4 {"in_reply_to":144,"type":"broadcast_ok"}}
2025/06/27 19:57:34 Received {n3 n4 {"message":72,"msg_id":145,"type":"broadcast"}}
2025/06/27 19:57:34 Sent {"src":"n4","dest":"n3","body":{"in_reply_to":145,"type":"broadcast_ok"}}
2025/06/27 19:57:34 Sent {"src":"n4","dest":"n1","body":{"message":72,"msg_id":145,"type":"broadcast"}}
2025/06/27 19:57:34 Sent {"src":"n4","dest":"n3","body":{"message":72,"msg_id":146,"type":"broadcast"}}
2025/06/27 19:57:34 Received {n3 n4 {"in_reply_to":146,"type":"broadcast_ok"}}
2025/06/27 19:57:34 Received {c13 n4 {"type":"read","msg_id":22}}
2025/06/27 19:57:34 Sent {"src":"n4","dest":"c13","body":{"in_reply_to":22,"messages":[0,1,2,3,4,5,6,7,8,9,10,11,12,13,14,15,16,17,18,19,20,21,22,23,24,25,26,27,28,29,30,31,32,33,34,35,36,37,38,39,40,41,42,43,44,45,46,47,48,49,50,51,52,53,54,55,56,57,58,59,60,61,62,63,64,65,66,67,68,69,70,71,72],"type":"read_ok"}}
2025/06/27 19:57:34 Received {n3 n4 {"message":73,"msg_id":147,"type":"broadcast"}}
2025/06/27 19:57:34 Sent {"src":"n4","dest":"n3","body":{"in_reply_to":147,"type":"broadcast_ok"}}
2025/06/27 19:57:34 Sent {"src":"n4","dest":"n3","body":{"message":73,"msg_id":147,"type":"broadcast"}}
2025/06/27 19:57:34 Sent {"src":"n4","dest":"n1","body":{"message":73,"msg_id":148,"type":"broadcast"}}
2025/06/27 19:57:34 Received {n3 n4 {"in_reply_to":147,"type":"broadcast_ok"}}
2025/06/27 19:57:34 Received {n3 n4 {"message":74,"msg_id":150,"type":"broadcast"}}
2025/06/27 19:57:34 Sent {"src":"n4","dest":"n3","body":{"in_reply_to":150,"type":"broadcast_ok"}}
2025/06/27 19:57:34 Sent {"src":"n4","dest":"n1","body":{"message":74,"msg_id":149,"type":"broadcast"}}
2025/06/27 19:57:34 Sent {"src":"n4","dest":"n3","body":{"message":74,"msg_id":150,"type":"broadcast"}}
2025/06/27 19:57:34 Received {n3 n4 {"in_reply_to":150,"type":"broadcast_ok"}}
2025/06/27 19:57:34 Received {c13 n4 {"type":"read","msg_id":23}}
2025/06/27 19:57:34 Sent {"src":"n4","dest":"c13","body":{"in_reply_to":23,"messages":[0,1,2,3,4,5,6,7,8,9,10,11,12,13,14,15,16,17,18,19,20,21,22,23,24,25,26,27,28,29,30,31,32,33,34,35,36,37,38,39,40,41,42,43,44,45,46,47,48,49,50,51,52,53,54,55,56,57,58,59,60,61,62,63,64,65,66,67,68,69,70,71,72,73,74],"type":"read_ok"}}
2025/06/27 19:57:34 Received {n3 n4 {"message":75,"msg_id":152,"type":"broadcast"}}
2025/06/27 19:57:34 Sent {"src":"n4","dest":"n3","body":{"in_reply_to":152,"type":"broadcast_ok"}}
2025/06/27 19:57:34 Sent {"src":"n4","dest":"n3","body":{"message":75,"msg_id":151,"type":"broadcast"}}
2025/06/27 19:57:34 Sent {"src":"n4","dest":"n1","body":{"message":75,"msg_id":152,"type":"broadcast"}}
2025/06/27 19:57:34 Received {n1 n4 {"message":75,"msg_id":226,"type":"broadcast"}}
2025/06/27 19:57:34 Sent {"src":"n4","dest":"n1","body":{"in_reply_to":226,"type":"broadcast_ok"}}
2025/06/27 19:57:34 Received {n3 n4 {"in_reply_to":151,"type":"broadcast_ok"}}
2025/06/27 19:57:34 Received {n1 n4 {"in_reply_to":152,"type":"broadcast_ok"}}
2025/06/27 19:57:35 Received {n1 n4 {"message":76,"msg_id":229,"type":"broadcast"}}
2025/06/27 19:57:35 Sent {"src":"n4","dest":"n1","body":{"in_reply_to":229,"type":"broadcast_ok"}}
2025/06/27 19:57:35 Sent {"src":"n4","dest":"n3","body":{"message":76,"msg_id":153,"type":"broadcast"}}
2025/06/27 19:57:35 Sent {"src":"n4","dest":"n1","body":{"message":76,"msg_id":154,"type":"broadcast"}}
2025/06/27 19:57:35 Received {n1 n4 {"in_reply_to":154,"type":"broadcast_ok"}}
2025/06/27 19:57:35 Received {n3 n4 {"in_reply_to":153,"type":"broadcast_ok"}}
2025/06/27 19:57:35 Received {n3 n4 {"message":76,"msg_id":153,"type":"broadcast"}}
2025/06/27 19:57:35 Sent {"src":"n4","dest":"n3","body":{"in_reply_to":153,"type":"broadcast_ok"}}
2025/06/27 19:57:35 Received {c13 n4 {"type":"read","msg_id":24}}
2025/06/27 19:57:35 Sent {"src":"n4","dest":"c13","body":{"in_reply_to":24,"messages":[0,1,2,3,4,5,6,7,8,9,10,11,12,13,14,15,16,17,18,19,20,21,22,23,24,25,26,27,28,29,30,31,32,33,34,35,36,37,38,39,40,41,42,43,44,45,46,47,48,49,50,51,52,53,54,55,56,57,58,59,60,61,62,63,64,65,66,67,68,69,70,71,72,73,74,75,76],"type":"read_ok"}}
2025/06/27 19:57:35 Received {n3 n4 {"message":77,"msg_id":155,"type":"broadcast"}}
2025/06/27 19:57:35 Received {n1 n4 {"message":77,"msg_id":233,"type":"broadcast"}}
2025/06/27 19:57:35 Sent {"src":"n4","dest":"n3","body":{"in_reply_to":155,"type":"broadcast_ok"}}
2025/06/27 19:57:35 Sent {"src":"n4","dest":"n3","body":{"message":77,"msg_id":155,"type":"broadcast"}}
2025/06/27 19:57:35 Sent {"src":"n4","dest":"n1","body":{"in_reply_to":233,"type":"broadcast_ok"}}
2025/06/27 19:57:35 Sent {"src":"n4","dest":"n1","body":{"message":77,"msg_id":156,"type":"broadcast"}}
2025/06/27 19:57:35 Received {n3 n4 {"in_reply_to":155,"type":"broadcast_ok"}}
2025/06/27 19:57:35 Received {n1 n4 {"in_reply_to":156,"type":"broadcast_ok"}}
2025/06/27 19:57:35 Received {n1 n4 {"message":78,"msg_id":235,"type":"broadcast"}}
2025/06/27 19:57:35 Received {n3 n4 {"message":78,"msg_id":157,"type":"broadcast"}}
2025/06/27 19:57:35 Sent {"src":"n4","dest":"n1","body":{"in_reply_to":235,"type":"broadcast_ok"}}
2025/06/27 19:57:35 Sent {"src":"n4","dest":"n3","body":{"in_reply_to":157,"type":"broadcast_ok"}}
2025/06/27 19:57:35 Sent {"src":"n4","dest":"n1","body":{"message":78,"msg_id":157,"type":"broadcast"}}
2025/06/27 19:57:35 Sent {"src":"n4","dest":"n3","body":{"message":78,"msg_id":158,"type":"broadcast"}}
2025/06/27 19:57:35 Received {n3 n4 {"in_reply_to":158,"type":"broadcast_ok"}}
2025/06/27 19:57:35 Received {n1 n4 {"in_reply_to":157,"type":"broadcast_ok"}}
2025/06/27 19:57:36 Received {c13 n4 {"type":"read","msg_id":25}}
2025/06/27 19:57:36 Sent {"src":"n4","dest":"c13","body":{"in_reply_to":25,"messages":[0,1,2,3,4,5,6,7,8,9,10,11,12,13,14,15,16,17,18,19,20,21,22,23,24,25,26,27,28,29,30,31,32,33,34,35,36,37,38,39,40,41,42,43,44,45,46,47,48,49,50,51,52,53,54,55,56,57,58,59,60,61,62,63,64,65,66,67,68,69,70,71,72,73,74,75,76,77,78],"type":"read_ok"}}
2025/06/27 19:57:36 Received {n3 n4 {"message":79,"msg_id":159,"type":"broadcast"}}
2025/06/27 19:57:36 Received {n1 n4 {"message":79,"msg_id":238,"type":"broadcast"}}
2025/06/27 19:57:36 Sent {"src":"n4","dest":"n3","body":{"in_reply_to":159,"type":"broadcast_ok"}}
2025/06/27 19:57:36 Sent {"src":"n4","dest":"n1","body":{"message":79,"msg_id":159,"type":"broadcast"}}
2025/06/27 19:57:36 Sent {"src":"n4","dest":"n1","body":{"in_reply_to":238,"type":"broadcast_ok"}}
2025/06/27 19:57:36 Sent {"src":"n4","dest":"n3","body":{"message":79,"msg_id":160,"type":"broadcast"}}
2025/06/27 19:57:36 Received {n3 n4 {"in_reply_to":160,"type":"broadcast_ok"}}
2025/06/27 19:57:36 Received {n1 n4 {"in_reply_to":159,"type":"broadcast_ok"}}
2025/06/27 19:57:36 Received {n3 n4 {"message":80,"msg_id":161,"type":"broadcast"}}
2025/06/27 19:57:36 Received {n1 n4 {"message":80,"msg_id":241,"type":"broadcast"}}
2025/06/27 19:57:36 Sent {"src":"n4","dest":"n3","body":{"in_reply_to":161,"type":"broadcast_ok"}}
2025/06/27 19:57:36 Sent {"src":"n4","dest":"n1","body":{"message":80,"msg_id":161,"type":"broadcast"}}
2025/06/27 19:57:36 Sent {"src":"n4","dest":"n1","body":{"in_reply_to":241,"type":"broadcast_ok"}}
2025/06/27 19:57:36 Sent {"src":"n4","dest":"n3","body":{"message":80,"msg_id":162,"type":"broadcast"}}
2025/06/27 19:57:36 Received {n1 n4 {"in_reply_to":161,"type":"broadcast_ok"}}
2025/06/27 19:57:36 Received {n3 n4 {"in_reply_to":162,"type":"broadcast_ok"}}
2025/06/27 19:57:36 Received {c13 n4 {"type":"broadcast","message":81,"msg_id":26}}
2025/06/27 19:57:36 Sent {"src":"n4","dest":"c13","body":{"in_reply_to":26,"type":"broadcast_ok"}}
2025/06/27 19:57:36 Sent {"src":"n4","dest":"n1","body":{"message":81,"msg_id":163,"type":"broadcast"}}
2025/06/27 19:57:36 Sent {"src":"n4","dest":"n3","body":{"message":81,"msg_id":164,"type":"broadcast"}}
2025/06/27 19:57:36 Received {n1 n4 {"in_reply_to":163,"type":"broadcast_ok"}}
2025/06/27 19:57:36 Received {n3 n4 {"in_reply_to":164,"type":"broadcast_ok"}}
2025/06/27 19:57:36 Received {n1 n4 {"message":81,"msg_id":244,"type":"broadcast"}}
2025/06/27 19:57:36 Received {n3 n4 {"message":81,"msg_id":164,"type":"broadcast"}}
2025/06/27 19:57:36 Sent {"src":"n4","dest":"n1","body":{"in_reply_to":244,"type":"broadcast_ok"}}
2025/06/27 19:57:36 Sent {"src":"n4","dest":"n3","body":{"in_reply_to":164,"type":"broadcast_ok"}}
2025/06/27 19:57:37 Received {n3 n4 {"message":82,"msg_id":165,"type":"broadcast"}}
2025/06/27 19:57:37 Received {n1 n4 {"message":82,"msg_id":248,"type":"broadcast"}}
2025/06/27 19:57:37 Sent {"src":"n4","dest":"n3","body":{"in_reply_to":165,"type":"broadcast_ok"}}
2025/06/27 19:57:37 Sent {"src":"n4","dest":"n1","body":{"message":82,"msg_id":165,"type":"broadcast"}}
2025/06/27 19:57:37 Sent {"src":"n4","dest":"n1","body":{"in_reply_to":248,"type":"broadcast_ok"}}
2025/06/27 19:57:37 Sent {"src":"n4","dest":"n3","body":{"message":82,"msg_id":166,"type":"broadcast"}}
2025/06/27 19:57:37 Received {n1 n4 {"in_reply_to":165,"type":"broadcast_ok"}}
2025/06/27 19:57:37 Received {n3 n4 {"in_reply_to":166,"type":"broadcast_ok"}}
2025/06/27 19:57:37 Received {n1 n4 {"message":83,"msg_id":250,"type":"broadcast"}}
2025/06/27 19:57:37 Sent {"src":"n4","dest":"n1","body":{"in_reply_to":250,"type":"broadcast_ok"}}
2025/06/27 19:57:37 Sent {"src":"n4","dest":"n3","body":{"message":83,"msg_id":168,"type":"broadcast"}}
2025/06/27 19:57:37 Sent {"src":"n4","dest":"n1","body":{"message":83,"msg_id":167,"type":"broadcast"}}
2025/06/27 19:57:37 Received {n1 n4 {"in_reply_to":167,"type":"broadcast_ok"}}
2025/06/27 19:57:37 Received {n3 n4 {"in_reply_to":168,"type":"broadcast_ok"}}
2025/06/27 19:57:37 Received {n3 n4 {"message":83,"msg_id":168,"type":"broadcast"}}
2025/06/27 19:57:37 Sent {"src":"n4","dest":"n3","body":{"in_reply_to":168,"type":"broadcast_ok"}}
2025/06/27 19:57:37 Received {n3 n4 {"message":84,"msg_id":169,"type":"broadcast"}}
2025/06/27 19:57:37 Sent {"src":"n4","dest":"n3","body":{"in_reply_to":169,"type":"broadcast_ok"}}
2025/06/27 19:57:37 Sent {"src":"n4","dest":"n3","body":{"message":84,"msg_id":169,"type":"broadcast"}}
2025/06/27 19:57:37 Sent {"src":"n4","dest":"n1","body":{"message":84,"msg_id":170,"type":"broadcast"}}
2025/06/27 19:57:37 Received {n3 n4 {"in_reply_to":169,"type":"broadcast_ok"}}
2025/06/27 19:57:37 Received {n1 n4 {"message":84,"msg_id":254,"type":"broadcast"}}
2025/06/27 19:57:37 Sent {"src":"n4","dest":"n1","body":{"in_reply_to":254,"type":"broadcast_ok"}}
2025/06/27 19:57:37 Received {n1 n4 {"in_reply_to":170,"type":"broadcast_ok"}}
2025/06/27 19:57:37 Received {c13 n4 {"type":"read","msg_id":27}}
2025/06/27 19:57:37 Sent {"src":"n4","dest":"c13","body":{"in_reply_to":27,"messages":[0,1,2,3,4,5,6,7,8,9,10,11,12,13,14,15,16,17,18,19,20,21,22,23,24,25,26,27,28,29,30,31,32,33,34,35,36,37,38,39,40,41,42,43,44,45,46,47,48,49,50,51,52,53,54,55,56,57,58,59,60,61,62,63,64,65,66,67,68,69,70,71,72,73,74,75,76,77,78,79,80,81,82,83,84],"type":"read_ok"}}
2025/06/27 19:57:38 Received {c13 n4 {"type":"read","msg_id":28}}
2025/06/27 19:57:38 Sent {"src":"n4","dest":"c13","body":{"in_reply_to":28,"messages":[0,1,2,3,4,5,6,7,8,9,10,11,12,13,14,15,16,17,18,19,20,21,22,23,24,25,26,27,28,29,30,31,32,33,34,35,36,37,38,39,40,41,42,43,44,45,46,47,48,49,50,51,52,53,54,55,56,57,58,59,60,61,62,63,64,65,66,67,68,69,70,71,72,73,74,75,76,77,78,79,80,81,82,83,84],"type":"read_ok"}}
2025/06/27 19:57:38 Received {n1 n4 {"message":85,"msg_id":257,"type":"broadcast"}}
2025/06/27 19:57:38 Received {n3 n4 {"message":85,"msg_id":171,"type":"broadcast"}}
2025/06/27 19:57:38 Sent {"src":"n4","dest":"n1","body":{"in_reply_to":257,"type":"broadcast_ok"}}
2025/06/27 19:57:38 Sent {"src":"n4","dest":"n3","body":{"message":85,"msg_id":171,"type":"broadcast"}}
2025/06/27 19:57:38 Sent {"src":"n4","dest":"n1","body":{"message":85,"msg_id":172,"type":"broadcast"}}
2025/06/27 19:57:38 Sent {"src":"n4","dest":"n3","body":{"in_reply_to":171,"type":"broadcast_ok"}}
2025/06/27 19:57:38 Received {n3 n4 {"in_reply_to":171,"type":"broadcast_ok"}}
2025/06/27 19:57:38 Received {n1 n4 {"in_reply_to":172,"type":"broadcast_ok"}}
2025/06/27 19:57:38 Received {n1 n4 {"message":86,"msg_id":260,"type":"broadcast"}}
2025/06/27 19:57:38 Sent {"src":"n4","dest":"n1","body":{"in_reply_to":260,"type":"broadcast_ok"}}
2025/06/27 19:57:38 Sent {"src":"n4","dest":"n1","body":{"message":86,"msg_id":173,"type":"broadcast"}}
2025/06/27 19:57:38 Sent {"src":"n4","dest":"n3","body":{"message":86,"msg_id":174,"type":"broadcast"}}
2025/06/27 19:57:38 Received {n3 n4 {"message":86,"msg_id":174,"type":"broadcast"}}
2025/06/27 19:57:38 Sent {"src":"n4","dest":"n3","body":{"in_reply_to":174,"type":"broadcast_ok"}}
2025/06/27 19:57:38 Received {n1 n4 {"in_reply_to":173,"type":"broadcast_ok"}}
2025/06/27 19:57:38 Received {n3 n4 {"in_reply_to":174,"type":"broadcast_ok"}}
2025/06/27 19:57:38 Received {n1 n4 {"message":87,"msg_id":263,"type":"broadcast"}}
2025/06/27 19:57:38 Sent {"src":"n4","dest":"n1","body":{"in_reply_to":263,"type":"broadcast_ok"}}
2025/06/27 19:57:38 Sent {"src":"n4","dest":"n3","body":{"message":87,"msg_id":175,"type":"broadcast"}}
2025/06/27 19:57:38 Sent {"src":"n4","dest":"n1","body":{"message":87,"msg_id":176,"type":"broadcast"}}
2025/06/27 19:57:38 Received {n1 n4 {"in_reply_to":176,"type":"broadcast_ok"}}
2025/06/27 19:57:38 Received {n3 n4 {"in_reply_to":175,"type":"broadcast_ok"}}
2025/06/27 19:57:38 Received {n3 n4 {"message":87,"msg_id":176,"type":"broadcast"}}
2025/06/27 19:57:38 Sent {"src":"n4","dest":"n3","body":{"in_reply_to":176,"type":"broadcast_ok"}}
2025/06/27 19:57:39 Received {n3 n4 {"message":88,"msg_id":178,"type":"broadcast"}}
2025/06/27 19:57:39 Sent {"src":"n4","dest":"n3","body":{"in_reply_to":178,"type":"broadcast_ok"}}
2025/06/27 19:57:39 Sent {"src":"n4","dest":"n3","body":{"message":88,"msg_id":177,"type":"broadcast"}}
2025/06/27 19:57:39 Sent {"src":"n4","dest":"n1","body":{"message":88,"msg_id":178,"type":"broadcast"}}
2025/06/27 19:57:39 Received {n3 n4 {"in_reply_to":177,"type":"broadcast_ok"}}
2025/06/27 19:57:39 Received {n1 n4 {"in_reply_to":178,"type":"broadcast_ok"}}
2025/06/27 19:57:39 Received {n1 n4 {"message":88,"msg_id":265,"type":"broadcast"}}
2025/06/27 19:57:39 Sent {"src":"n4","dest":"n1","body":{"in_reply_to":265,"type":"broadcast_ok"}}
2025/06/27 19:57:39 Received {c13 n4 {"type":"read","msg_id":29}}
2025/06/27 19:57:39 Sent {"src":"n4","dest":"c13","body":{"in_reply_to":29,"messages":[0,1,2,3,4,5,6,7,8,9,10,11,12,13,14,15,16,17,18,19,20,21,22,23,24,25,26,27,28,29,30,31,32,33,34,35,36,37,38,39,40,41,42,43,44,45,46,47,48,49,50,51,52,53,54,55,56,57,58,59,60,61,62,63,64,65,66,67,68,69,70,71,72,73,74,75,76,77,78,79,80,81,82,83,84,85,86,87,88],"type":"read_ok"}}
2025/06/27 19:57:39 Received {n1 n4 {"message":89,"msg_id":268,"type":"broadcast"}}
2025/06/27 19:57:39 Received {n3 n4 {"message":89,"msg_id":180,"type":"broadcast"}}
2025/06/27 19:57:39 Sent {"src":"n4","dest":"n1","body":{"in_reply_to":268,"type":"broadcast_ok"}}
2025/06/27 19:57:39 Sent {"src":"n4","dest":"n3","body":{"message":89,"msg_id":179,"type":"broadcast"}}
2025/06/27 19:57:39 Sent {"src":"n4","dest":"n1","body":{"message":89,"msg_id":180,"type":"broadcast"}}
2025/06/27 19:57:39 Sent {"src":"n4","dest":"n3","body":{"in_reply_to":180,"type":"broadcast_ok"}}
2025/06/27 19:57:39 Received {n3 n4 {"in_reply_to":179,"type":"broadcast_ok"}}
2025/06/27 19:57:39 Received {n1 n4 {"in_reply_to":180,"type":"broadcast_ok"}}
2025/06/27 19:57:39 Received {n3 n4 {"message":90,"msg_id":182,"type":"broadcast"}}
2025/06/27 19:57:39 Sent {"src":"n4","dest":"n1","body":{"message":90,"msg_id":181,"type":"broadcast"}}
2025/06/27 19:57:39 Sent {"src":"n4","dest":"n3","body":{"in_reply_to":182,"type":"broadcast_ok"}}
2025/06/27 19:57:39 Sent {"src":"n4","dest":"n3","body":{"message":90,"msg_id":182,"type":"broadcast"}}
2025/06/27 19:57:39 Received {n1 n4 {"in_reply_to":181,"type":"broadcast_ok"}}
2025/06/27 19:57:39 Received {n1 n4 {"message":90,"msg_id":271,"type":"broadcast"}}
2025/06/27 19:57:39 Received {n3 n4 {"in_reply_to":182,"type":"broadcast_ok"}}
2025/06/27 19:57:39 Sent {"src":"n4","dest":"n1","body":{"in_reply_to":271,"type":"broadcast_ok"}}
2025/06/27 19:57:39 Received {c13 n4 {"type":"read","msg_id":30}}
2025/06/27 19:57:39 Sent {"src":"n4","dest":"c13","body":{"in_reply_to":30,"messages":[0,1,2,3,4,5,6,7,8,9,10,11,12,13,14,15,16,17,18,19,20,21,22,23,24,25,26,27,28,29,30,31,32,33,34,35,36,37,38,39,40,41,42,43,44,45,46,47,48,49,50,51,52,53,54,55,56,57,58,59,60,61,62,63,64,65,66,67,68,69,70,71,72,73,74,75,76,77,78,79,80,81,82,83,84,85,86,87,88,89,90],"type":"read_ok"}}
2025/06/27 19:57:40 Received {n1 n4 {"message":91,"msg_id":275,"type":"broadcast"}}
2025/06/27 19:57:40 Received {n3 n4 {"message":91,"msg_id":183,"type":"broadcast"}}
2025/06/27 19:57:40 Sent {"src":"n4","dest":"n1","body":{"in_reply_to":275,"type":"broadcast_ok"}}
2025/06/27 19:57:40 Sent {"src":"n4","dest":"n3","body":{"message":91,"msg_id":183,"type":"broadcast"}}
2025/06/27 19:57:40 Sent {"src":"n4","dest":"n1","body":{"message":91,"msg_id":184,"type":"broadcast"}}
2025/06/27 19:57:40 Sent {"src":"n4","dest":"n3","body":{"in_reply_to":183,"type":"broadcast_ok"}}
2025/06/27 19:57:40 Received {n3 n4 {"in_reply_to":183,"type":"broadcast_ok"}}
2025/06/27 19:57:40 Received {n1 n4 {"in_reply_to":184,"type":"broadcast_ok"}}
2025/06/27 19:57:40 Received {n3 n4 {"message":92,"msg_id":186,"type":"broadcast"}}
2025/06/27 19:57:40 Sent {"src":"n4","dest":"n3","body":{"in_reply_to":186,"type":"broadcast_ok"}}
2025/06/27 19:57:40 Sent {"src":"n4","dest":"n1","body":{"message":92,"msg_id":186,"type":"broadcast"}}
2025/06/27 19:57:40 Sent {"src":"n4","dest":"n3","body":{"message":92,"msg_id":185,"type":"broadcast"}}
2025/06/27 19:57:40 Received {n1 n4 {"message":92,"msg_id":278,"type":"broadcast"}}
2025/06/27 19:57:40 Sent {"src":"n4","dest":"n1","body":{"in_reply_to":278,"type":"broadcast_ok"}}
2025/06/27 19:57:40 Received {n1 n4 {"in_reply_to":186,"type":"broadcast_ok"}}
2025/06/27 19:57:40 Received {n3 n4 {"in_reply_to":185,"type":"broadcast_ok"}}
2025/06/27 19:57:40 Received {c13 n4 {"type":"read","msg_id":31}}
2025/06/27 19:57:40 Sent {"src":"n4","dest":"c13","body":{"in_reply_to":31,"messages":[0,1,2,3,4,5,6,7,8,9,10,11,12,13,14,15,16,17,18,19,20,21,22,23,24,25,26,27,28,29,30,31,32,33,34,35,36,37,38,39,40,41,42,43,44,45,46,47,48,49,50,51,52,53,54,55,56,57,58,59,60,61,62,63,64,65,66,67,68,69,70,71,72,73,74,75,76,77,78,79,80,81,82,83,84,85,86,87,88,89,90,91,92],"type":"read_ok"}}
2025/06/27 19:57:40 Received {n3 n4 {"message":93,"msg_id":188,"type":"broadcast"}}
2025/06/27 19:57:40 Received {n1 n4 {"message":93,"msg_id":281,"type":"broadcast"}}
2025/06/27 19:57:40 Sent {"src":"n4","dest":"n3","body":{"in_reply_to":188,"type":"broadcast_ok"}}
2025/06/27 19:57:40 Sent {"src":"n4","dest":"n3","body":{"message":93,"msg_id":187,"type":"broadcast"}}
2025/06/27 19:57:40 Sent {"src":"n4","dest":"n1","body":{"message":93,"msg_id":188,"type":"broadcast"}}
2025/06/27 19:57:40 Sent {"src":"n4","dest":"n1","body":{"in_reply_to":281,"type":"broadcast_ok"}}
2025/06/27 19:57:40 Received {n3 n4 {"in_reply_to":187,"type":"broadcast_ok"}}
2025/06/27 19:57:40 Received {n1 n4 {"in_reply_to":188,"type":"broadcast_ok"}}
2025/06/27 19:57:40 Received {n1 n4 {"message":94,"msg_id":284,"type":"broadcast"}}
2025/06/27 19:57:40 Sent {"src":"n4","dest":"n1","body":{"in_reply_to":284,"type":"broadcast_ok"}}
2025/06/27 19:57:40 Sent {"src":"n4","dest":"n1","body":{"message":94,"msg_id":189,"type":"broadcast"}}
2025/06/27 19:57:40 Sent {"src":"n4","dest":"n3","body":{"message":94,"msg_id":190,"type":"broadcast"}}
2025/06/27 19:57:40 Received {n3 n4 {"in_reply_to":190,"type":"broadcast_ok"}}
2025/06/27 19:57:40 Received {n1 n4 {"in_reply_to":189,"type":"broadcast_ok"}}
2025/06/27 19:57:40 Received {n3 n4 {"message":94,"msg_id":190,"type":"broadcast"}}
2025/06/27 19:57:40 Sent {"src":"n4","dest":"n3","body":{"in_reply_to":190,"type":"broadcast_ok"}}
2025/06/27 19:57:41 Received {c13 n4 {"type":"broadcast","message":95,"msg_id":32}}
2025/06/27 19:57:41 Sent {"src":"n4","dest":"c13","body":{"in_reply_to":32,"type":"broadcast_ok"}}
2025/06/27 19:57:41 Sent {"src":"n4","dest":"n1","body":{"message":95,"msg_id":191,"type":"broadcast"}}
2025/06/27 19:57:41 Sent {"src":"n4","dest":"n3","body":{"message":95,"msg_id":192,"type":"broadcast"}}
2025/06/27 19:57:41 Received {n1 n4 {"in_reply_to":191,"type":"broadcast_ok"}}
2025/06/27 19:57:41 Received {n1 n4 {"message":95,"msg_id":287,"type":"broadcast"}}
2025/06/27 19:57:41 Received {n3 n4 {"in_reply_to":192,"type":"broadcast_ok"}}
2025/06/27 19:57:41 Sent {"src":"n4","dest":"n1","body":{"in_reply_to":287,"type":"broadcast_ok"}}
2025/06/27 19:57:41 Received {n3 n4 {"message":95,"msg_id":192,"type":"broadcast"}}
2025/06/27 19:57:41 Sent {"src":"n4","dest":"n3","body":{"in_reply_to":192,"type":"broadcast_ok"}}
2025/06/27 19:57:41 Received {n1 n4 {"message":96,"msg_id":290,"type":"broadcast"}}
2025/06/27 19:57:41 Received {n3 n4 {"message":96,"msg_id":193,"type":"broadcast"}}
2025/06/27 19:57:41 Sent {"src":"n4","dest":"n1","body":{"in_reply_to":290,"type":"broadcast_ok"}}
2025/06/27 19:57:41 Sent {"src":"n4","dest":"n3","body":{"message":96,"msg_id":193,"type":"broadcast"}}
2025/06/27 19:57:41 Sent {"src":"n4","dest":"n1","body":{"message":96,"msg_id":194,"type":"broadcast"}}
2025/06/27 19:57:41 Sent {"src":"n4","dest":"n3","body":{"in_reply_to":193,"type":"broadcast_ok"}}
2025/06/27 19:57:41 Received {n3 n4 {"in_reply_to":193,"type":"broadcast_ok"}}
2025/06/27 19:57:41 Received {n1 n4 {"in_reply_to":194,"type":"broadcast_ok"}}
2025/06/27 19:57:41 Received {n3 n4 {"message":97,"msg_id":196,"type":"broadcast"}}
2025/06/27 19:57:41 Sent {"src":"n4","dest":"n3","body":{"in_reply_to":196,"type":"broadcast_ok"}}
2025/06/27 19:57:41 Sent {"src":"n4","dest":"n3","body":{"message":97,"msg_id":195,"type":"broadcast"}}
2025/06/27 19:57:41 Sent {"src":"n4","dest":"n1","body":{"message":97,"msg_id":196,"type":"broadcast"}}
2025/06/27 19:57:41 Received {n3 n4 {"in_reply_to":195,"type":"broadcast_ok"}}
2025/06/27 19:57:41 Received {n1 n4 {"message":97,"msg_id":293,"type":"broadcast"}}
2025/06/27 19:57:41 Received {n1 n4 {"in_reply_to":196,"type":"broadcast_ok"}}
2025/06/27 19:57:41 Sent {"src":"n4","dest":"n1","body":{"in_reply_to":293,"type":"broadcast_ok"}}
2025/06/27 19:57:51 Received {c13 n4 {"type":"read","msg_id":33}}
2025/06/27 19:57:51 Sent {"src":"n4","dest":"c13","body":{"in_reply_to":33,"messages":[0,1,2,3,4,5,6,7,8,9,10,11,12,13,14,15,16,17,18,19,20,21,22,23,24,25,26,27,28,29,30,31,32,33,34,35,36,37,38,39,40,41,42,43,44,45,46,47,48,49,50,51,52,53,54,55,56,57,58,59,60,61,62,63,64,65,66,67,68,69,70,71,72,73,74,75,76,77,78,79,80,81,82,83,84,85,86,87,88,89,90,91,92,93,94,95,96,97],"type":"read_ok"}}
