2025-06-27 15:15:49,692{GMT}	INFO	[jepsen test runner] jepsen.core: Command line:
lein run test -w broadcast --bin /Users/anandtrehan/go/bin/maelstrom-broadcast --node-count 5 --time-limit 20 --rate 10 --nemesis partition
2025-06-27 15:15:49,766{GMT}	INFO	[jepsen test runner] jepsen.core: Running test:
{:args []
 :remote
 #jepsen.control.retry.Remote{:remote #jepsen.control.scp.Remote{:cmd-remote #jepsen.control.sshj.SSHJRemote{:concurrency-limit 6,
                                                                                                             :conn-spec nil,
                                                                                                             :client nil,
                                                                                                             :semaphore nil},
                                                                 :conn-spec nil},
                              :conn nil}
 :log-net-send false
 :node-count 5
 :availability nil
 :max-txn-length 4
 :concurrency 5
 :db
 #object[maelstrom.db$db$reify__16142
         "0x33e09baf"
         "maelstrom.db$db$reify__16142@33e09baf"]
 :max-writes-per-key 16
 :leave-db-running? false
 :name "broadcast"
 :logging-json? false
 :start-time
 #object[org.joda.time.DateTime "0x105c253a" "2025-06-27T15:15:49.642-04:00"]
 :nemesis-interval 10
 :net
 #object[maelstrom.net$jepsen_net$reify__15251
         "0x156322ce"
         "maelstrom.net$jepsen_net$reify__15251@156322ce"]
 :client
 #object[maelstrom.workload.broadcast$client$reify__16644
         "0x546f0f36"
         "maelstrom.workload.broadcast$client$reify__16644@546f0f36"]
 :barrier
 #object[java.util.concurrent.CyclicBarrier
         "0x44d5a0a8"
         "java.util.concurrent.CyclicBarrier@44d5a0a8"]
 :log-stderr false
 :pure-generators true
 :ssh {:dummy? true}
 :rate 10.0
 :checker
 #object[jepsen.checker$compose$reify__11881
         "0x35d128fd"
         "jepsen.checker$compose$reify__11881@35d128fd"]
 :argv
 ("test"
  "-w"
  "broadcast"
  "--bin"
  "/Users/anandtrehan/go/bin/maelstrom-broadcast"
  "--node-count"
  "5"
  "--time-limit"
  "20"
  "--rate"
  "10"
  "--nemesis"
  "partition")
 :nemesis
 (jepsen.nemesis.ReflCompose
  {:fm {:start-partition 0,
        :stop-partition 0,
        :kill 1,
        :start 1,
        :pause 1,
        :resume 1},
   :nemeses [#unprintable "jepsen.nemesis.combined$partition_nemesis$reify__16416@39a809db"
             #unprintable "jepsen.nemesis.combined$db_nemesis$reify__16397@1512a767"]})
 :nodes ["n0" "n1" "n2" "n3" "n4"]
 :test-count 1
 :latency {:mean 0, :dist :constant}
 :bin "/Users/anandtrehan/go/bin/maelstrom-broadcast"
 :generator
 ((jepsen.generator.Synchronize
   {:gen (jepsen.generator.TimeLimit
          {:limit 20000000000,
           :cutoff nil,
           :gen (jepsen.generator.Any
                 {:gens [(jepsen.generator.OnThreads
                          {:f #{:nemesis},
                           :context-filter #object[jepsen.generator.context$make_thread_filter$lazy_filter__9167
                                                   "0x5cdb7b"
                                                   "jepsen.generator.context$make_thread_filter$lazy_filter__9167@5cdb7b"],
                           :gen (jepsen.generator.Stagger
                                 {:dt 20000000000,
                                  :next-time nil,
                                  :gen (jepsen.generator.FlipFlop
                                        {:gens [#object[jepsen.nemesis.combined$partition_package$start__16420
                                                        "0x3dcc59f5"
                                                        "jepsen.nemesis.combined$partition_package$start__16420@3dcc59f5"]
                                                ({:type :info,
                                                  :f :stop-partition,
                                                  :value nil}
                                                 {:type :info,
                                                  :f :stop-partition,
                                                  :value nil}
                                                 {:type :info,
                                                  :f :stop-partition,
                                                  :value nil}
                                                 {:type :info,
                                                  :f :stop-partition,
                                                  :value nil}
                                                 {:type :info,
                                                  :f :stop-partition,
                                                  :value nil}
                                                 {:type :info,
                                                  :f :stop-partition,
                                                  :value nil}
                                                 {:type :info,
                                                  :f :stop-partition,
                                                  :value nil}
                                                 {:type :info,
                                                  :f :stop-partition,
                                                  :value nil}
                                                 ...)],
                                         :i 0})})})
                         (jepsen.generator.OnThreads
                          {:f #jepsen.generator.context.AllBut{:element :nemesis},
                           :context-filter #object[jepsen.generator.context$make_thread_filter$lazy_filter__9167
                                                   "0x690337df"
                                                   "jepsen.generator.context$make_thread_filter$lazy_filter__9167@690337df"],
                           :gen (jepsen.generator.Stagger
                                 {:dt 200000000,
                                  :next-time nil,
                                  :gen (jepsen.generator.Mix
                                        {:i 0,
                                         :gens [({:f :broadcast, :value 0}
                                                 {:f :broadcast, :value 1}
                                                 {:f :broadcast, :value 2}
                                                 {:f :broadcast, :value 3}
                                                 {:f :broadcast, :value 4}
                                                 {:f :broadcast, :value 5}
                                                 {:f :broadcast, :value 6}
                                                 {:f :broadcast, :value 7}
                                                 ...)
                                                ({:f :read}
                                                 {:f :read}
                                                 {:f :read}
                                                 {:f :read}
                                                 {:f :read}
                                                 {:f :read}
                                                 {:f :read}
                                                 {:f :read}
                                                 ...)]})})})]})})})
  (jepsen.generator.Synchronize
   {:gen (jepsen.generator.OnThreads
          {:f #{:nemesis},
           :context-filter #object[jepsen.generator.context$make_thread_filter$lazy_filter__9167
                                   "0xf62ae87"
                                   "jepsen.generator.context$make_thread_filter$lazy_filter__9167@f62ae87"],
           :gen ({:type :info, :f :stop-partition, :value nil})})})
  (jepsen.generator.Synchronize
   {:gen {:type :log, :value "Waiting for recovery..."}})
  (jepsen.generator.Synchronize {:gen {:type :sleep, :value 10}})
  (jepsen.generator.Synchronize
   {:gen (jepsen.generator.OnThreads
          {:f #jepsen.generator.context.AllBut{:element :nemesis},
           :context-filter #object[jepsen.generator.context$make_thread_filter$lazy_filter__9167
                                   "0x50be5d6f"
                                   "jepsen.generator.context$make_thread_filter$lazy_filter__9167@50be5d6f"],
           :gen (jepsen.generator.EachThread
                 {:fresh-gen {:f :read, :final? true},
                  :context-filters #object[clojure.core$promise$reify__8591
                                           "0x48e0e779"
                                           {:status :pending, :val nil}],
                  :gens {}})})}))
 :log-net-recv false
 :os
 #object[maelstrom.net$jepsen_os$reify__15254
         "0x38ad8c75"
         "maelstrom.net$jepsen_os$reify__15254@38ad8c75"]
 :time-limit 20
 :workload :broadcast
 :consistency-models [:strict-serializable]
 :topology :grid}

2025-06-27 15:15:50,929{GMT}	INFO	[jepsen node n0] maelstrom.net: Starting Maelstrom network
2025-06-27 15:15:50,930{GMT}	INFO	[jepsen test runner] jepsen.db: Tearing down DB
2025-06-27 15:15:50,931{GMT}	INFO	[jepsen test runner] jepsen.db: Setting up DB
2025-06-27 15:15:50,932{GMT}	INFO	[jepsen node n1] maelstrom.db: Setting up n1
2025-06-27 15:15:50,932{GMT}	INFO	[jepsen node n2] maelstrom.db: Setting up n2
2025-06-27 15:15:50,932{GMT}	INFO	[jepsen node n4] maelstrom.db: Setting up n4
2025-06-27 15:15:50,932{GMT}	INFO	[jepsen node n3] maelstrom.db: Setting up n3
2025-06-27 15:15:50,932{GMT}	INFO	[jepsen node n1] maelstrom.process: launching /Users/anandtrehan/go/bin/maelstrom-broadcast []
2025-06-27 15:15:50,932{GMT}	INFO	[jepsen node n3] maelstrom.process: launching /Users/anandtrehan/go/bin/maelstrom-broadcast []
2025-06-27 15:15:50,932{GMT}	INFO	[jepsen node n4] maelstrom.process: launching /Users/anandtrehan/go/bin/maelstrom-broadcast []
2025-06-27 15:15:50,932{GMT}	INFO	[jepsen node n2] maelstrom.process: launching /Users/anandtrehan/go/bin/maelstrom-broadcast []
2025-06-27 15:15:50,933{GMT}	INFO	[jepsen node n0] maelstrom.service: Starting services: (lin-kv lin-tso lww-kv seq-kv)
2025-06-27 15:15:50,934{GMT}	INFO	[jepsen node n0] maelstrom.db: Setting up n0
2025-06-27 15:15:50,934{GMT}	INFO	[jepsen node n0] maelstrom.process: launching /Users/anandtrehan/go/bin/maelstrom-broadcast []
2025-06-27 15:15:51,290{GMT}	INFO	[jepsen test runner] jepsen.core: Relative time begins now
2025-06-27 15:15:56,310{GMT}	INFO	[jepsen node n4] maelstrom.db: Tearing down n4
2025-06-27 15:15:56,310{GMT}	INFO	[jepsen node n2] maelstrom.db: Tearing down n2
2025-06-27 15:15:56,310{GMT}	INFO	[jepsen node n1] maelstrom.db: Tearing down n1
2025-06-27 15:15:56,310{GMT}	INFO	[jepsen node n0] maelstrom.db: Tearing down n0
2025-06-27 15:15:56,310{GMT}	INFO	[jepsen node n3] maelstrom.db: Tearing down n3
2025-06-27 15:15:57,964{GMT}	INFO	[jepsen node n0] maelstrom.net: Shutting down Maelstrom network
2025-06-27 15:15:57,971{GMT}	WARN	[jepsen test runner] jepsen.core: Test crashed!
clojure.lang.ExceptionInfo: Client read timeout
	at slingshot.support$stack_trace.invoke(support.clj:201)
	at maelstrom.client$recv_BANG_.invokeStatic(client.clj:98)
	at maelstrom.client$recv_BANG_.invoke(client.clj:81)
	at maelstrom.client$send_PLUS_recv_BANG_.invokeStatic(client.clj:123)
	at maelstrom.client$send_PLUS_recv_BANG_.invoke(client.clj:119)
	at maelstrom.client$rpc_BANG_.invokeStatic(client.clj:149)
	at maelstrom.client$rpc_BANG_.invoke(client.clj:140)
	at maelstrom.workload.broadcast$fn__16554$topology_BANG___16555.invoke(broadcast.clj:19)
	at maelstrom.workload.broadcast$fn__16554$topology_BANG___16555.invoke(broadcast.clj:19)
	at maelstrom.workload.broadcast$client$reify__16644.setup_BANG_(broadcast.clj:197)
	at jepsen.core$run_case_BANG_$fn__13021.invoke(core.clj:212)
	at dom_top.core$real_pmap_helper$build_thread__211$fn__212.invoke(core.clj:163)
	at clojure.lang.AFn.applyToHelper(AFn.java:152)
	at clojure.lang.AFn.applyTo(AFn.java:144)
	at clojure.core$apply.invokeStatic(core.clj:667)
	at clojure.core$with_bindings_STAR_.invokeStatic(core.clj:1990)
	at clojure.core$with_bindings_STAR_.doInvoke(core.clj:1990)
	at clojure.lang.RestFn.invoke(RestFn.java:425)
	at clojure.lang.AFn.applyToHelper(AFn.java:156)
	at clojure.lang.RestFn.applyTo(RestFn.java:132)
	at clojure.core$apply.invokeStatic(core.clj:671)
	at clojure.core$bound_fn_STAR_$fn__5818.doInvoke(core.clj:2020)
	at clojure.lang.RestFn.invoke(RestFn.java:397)
	at clojure.lang.AFn.run(AFn.java:22)
	at java.base/java.lang.Thread.run(Thread.java:1575)
