2025/06/27 20:44:13 Received {c1 n3 {"type":"init","node_id":"n3","node_ids":["n0","n1","n2","n3","n4"],"msg_id":1}}
2025/06/27 20:44:13 Node n3 initialized
2025/06/27 20:44:13 Sent {"src":"n3","dest":"c1","body":{"in_reply_to":1,"type":"init_ok"}}
2025/06/27 20:44:13 Received {c8 n3 {"type":"topology","topology":{"n0":["n3","n1"],"n1":["n4","n2","n0"],"n2":["n1"],"n3":["n0","n4"],"n4":["n1","n3"]},"msg_id":1}}
2025/06/27 20:44:13 Sent {"src":"n3","dest":"c8","body":{"in_reply_to":1,"type":"topology_ok"}}
2025/06/27 20:44:13 Received {c12 n3 {"type":"read","msg_id":1}}
2025/06/27 20:44:13 Sent {"src":"n3","dest":"c12","body":{"in_reply_to":1,"messages":[],"type":"read_ok"}}
2025/06/27 20:44:13 Received {n4 n3 {"message":0,"msg_id":1,"type":"broadcast"}}
2025/06/27 20:44:13 Sent {"src":"n3","dest":"n4","body":{"in_reply_to":1,"type":"broadcast_ok"}}
2025/06/27 20:44:13 Sent {"src":"n3","dest":"n0","body":{"message":0,"msg_id":1,"type":"broadcast"}}
2025/06/27 20:44:13 Received {n0 n3 {"in_reply_to":1,"type":"broadcast_ok"}}
2025/06/27 20:44:14 Received {n4 n3 {"message":1,"msg_id":3,"type":"broadcast"}}
2025/06/27 20:44:14 Received {n0 n3 {"message":1,"msg_id":2,"type":"broadcast"}}
2025/06/27 20:44:14 Sent {"src":"n3","dest":"n0","body":{"in_reply_to":2,"type":"broadcast_ok"}}
2025/06/27 20:44:14 Sent {"src":"n3","dest":"n4","body":{"message":1,"msg_id":2,"type":"broadcast"}}
2025/06/27 20:44:14 Received {c12 n3 {"type":"broadcast","message":3,"msg_id":2}}
2025/06/27 20:44:14 Sent {"src":"n3","dest":"n0","body":{"message":3,"msg_id":3,"type":"broadcast"}}
2025/06/27 20:44:14 Sent {"src":"n3","dest":"c12","body":{"in_reply_to":2,"type":"broadcast_ok"}}
2025/06/27 20:44:14 Sent {"src":"n3","dest":"n4","body":{"message":3,"msg_id":4,"type":"broadcast"}}
2025/06/27 20:44:14 Received {n0 n3 {"in_reply_to":3,"type":"broadcast_ok"}}
2025/06/27 20:44:14 Received {n4 n3 {"in_reply_to":4,"type":"broadcast_ok"}}
2025/06/27 20:44:14 Received {n0 n3 {"message":4,"msg_id":4,"type":"broadcast"}}
2025/06/27 20:44:14 Sent {"src":"n3","dest":"n0","body":{"in_reply_to":4,"type":"broadcast_ok"}}
2025/06/27 20:44:14 Sent {"src":"n3","dest":"n4","body":{"message":4,"msg_id":5,"type":"broadcast"}}
2025/06/27 20:44:14 Received {n4 n3 {"in_reply_to":5,"type":"broadcast_ok"}}
2025/06/27 20:44:14 Received {n0 n3 {"message":5,"msg_id":7,"type":"broadcast"}}
2025/06/27 20:44:14 Sent {"src":"n3","dest":"n0","body":{"in_reply_to":7,"type":"broadcast_ok"}}
2025/06/27 20:44:14 Sent {"src":"n3","dest":"n4","body":{"message":5,"msg_id":6,"type":"broadcast"}}
2025/06/27 20:44:14 Received {n4 n3 {"message":5,"msg_id":6,"type":"broadcast"}}
2025/06/27 20:44:14 Received {n0 n3 {"message":6,"msg_id":8,"type":"broadcast"}}
2025/06/27 20:44:14 Received {n4 n3 {"message":6,"msg_id":7,"type":"broadcast"}}
2025/06/27 20:44:14 Sent {"src":"n3","dest":"n0","body":{"in_reply_to":8,"type":"broadcast_ok"}}
2025/06/27 20:44:14 Sent {"src":"n3","dest":"n4","body":{"message":6,"msg_id":7,"type":"broadcast"}}
2025/06/27 20:44:14 Received {c12 n3 {"type":"broadcast","message":7,"msg_id":3}}
2025/06/27 20:44:14 Sent {"src":"n3","dest":"c12","body":{"in_reply_to":3,"type":"broadcast_ok"}}
2025/06/27 20:44:14 Sent {"src":"n3","dest":"n0","body":{"message":7,"msg_id":8,"type":"broadcast"}}
2025/06/27 20:44:14 Sent {"src":"n3","dest":"n4","body":{"message":7,"msg_id":9,"type":"broadcast"}}
2025/06/27 20:44:14 Received {n0 n3 {"in_reply_to":8,"type":"broadcast_ok"}}
2025/06/27 20:44:14 Received {n4 n3 {"in_reply_to":9,"type":"broadcast_ok"}}
2025/06/27 20:44:15 Received {n4 n3 {"message":8,"msg_id":10,"type":"broadcast"}}
2025/06/27 20:44:15 Sent {"src":"n3","dest":"n4","body":{"in_reply_to":10,"type":"broadcast_ok"}}
2025/06/27 20:44:15 Sent {"src":"n3","dest":"n0","body":{"message":8,"msg_id":10,"type":"broadcast"}}
2025/06/27 20:44:15 Received {n0 n3 {"message":8,"msg_id":10,"type":"broadcast"}}
2025/06/27 20:44:15 Received {n0 n3 {"message":9,"msg_id":11,"type":"broadcast"}}
2025/06/27 20:44:15 Sent {"src":"n3","dest":"n0","body":{"in_reply_to":11,"type":"broadcast_ok"}}
2025/06/27 20:44:15 Sent {"src":"n3","dest":"n4","body":{"message":9,"msg_id":11,"type":"broadcast"}}
2025/06/27 20:44:15 Received {n4 n3 {"message":9,"msg_id":11,"type":"broadcast"}}
2025/06/27 20:44:15 Received {c12 n3 {"type":"read","msg_id":4}}
2025/06/27 20:44:15 Sent {"src":"n3","dest":"c12","body":{"in_reply_to":4,"messages":[0,1,3,4,5,6,7,8,9],"type":"read_ok"}}
2025/06/27 20:44:15 Received {n0 n3 {"message":11,"msg_id":12,"type":"broadcast"}}
2025/06/27 20:44:15 Sent {"src":"n3","dest":"n0","body":{"in_reply_to":12,"type":"broadcast_ok"}}
2025/06/27 20:44:15 Sent {"src":"n3","dest":"n4","body":{"message":11,"msg_id":12,"type":"broadcast"}}
2025/06/27 20:44:15 Received {n4 n3 {"in_reply_to":12,"type":"broadcast_ok"}}
2025/06/27 20:44:15 Received {n0 n3 {"message":12,"msg_id":14,"type":"broadcast"}}
2025/06/27 20:44:15 Received {n4 n3 {"message":12,"msg_id":13,"type":"broadcast"}}
2025/06/27 20:44:15 Sent {"src":"n3","dest":"n0","body":{"in_reply_to":14,"type":"broadcast_ok"}}
2025/06/27 20:44:15 Sent {"src":"n3","dest":"n4","body":{"message":12,"msg_id":13,"type":"broadcast"}}
2025/06/27 20:44:16 Received {c12 n3 {"type":"read","msg_id":5}}
2025/06/27 20:44:16 Sent {"src":"n3","dest":"c12","body":{"in_reply_to":5,"messages":[0,1,3,4,5,6,7,8,9,11,12],"type":"read_ok"}}
2025/06/27 20:44:16 Received {c12 n3 {"type":"read","msg_id":6}}
2025/06/27 20:44:16 Sent {"src":"n3","dest":"c12","body":{"in_reply_to":6,"messages":[0,1,3,4,5,6,7,8,9,11,12],"type":"read_ok"}}
2025/06/27 20:44:16 Received {n0 n3 {"message":13,"msg_id":15,"type":"broadcast"}}
2025/06/27 20:44:16 Sent {"src":"n3","dest":"n0","body":{"in_reply_to":15,"type":"broadcast_ok"}}
2025/06/27 20:44:16 Sent {"src":"n3","dest":"n4","body":{"message":13,"msg_id":14,"type":"broadcast"}}
2025/06/27 20:44:16 Received {n4 n3 {"in_reply_to":14,"type":"broadcast_ok"}}
2025/06/27 20:44:17 Received {n0 n3 {"message":14,"msg_id":17,"type":"broadcast"}}
2025/06/27 20:44:17 Sent {"src":"n3","dest":"n0","body":{"in_reply_to":17,"type":"broadcast_ok"}}
2025/06/27 20:44:17 Sent {"src":"n3","dest":"n4","body":{"message":14,"msg_id":15,"type":"broadcast"}}
2025/06/27 20:44:17 Received {n4 n3 {"in_reply_to":15,"type":"broadcast_ok"}}
2025/06/27 20:44:17 Received {c12 n3 {"type":"read","msg_id":7}}
2025/06/27 20:44:17 Sent {"src":"n3","dest":"c12","body":{"in_reply_to":7,"messages":[0,1,3,4,5,6,7,8,9,11,12,13,14],"type":"read_ok"}}
2025/06/27 20:44:17 Received {n0 n3 {"message":16,"msg_id":19,"type":"broadcast"}}
2025/06/27 20:44:17 Sent {"src":"n3","dest":"n0","body":{"in_reply_to":19,"type":"broadcast_ok"}}
2025/06/27 20:44:17 Sent {"src":"n3","dest":"n4","body":{"message":16,"msg_id":16,"type":"broadcast"}}
2025/06/27 20:44:17 Received {n4 n3 {"message":16,"msg_id":16,"type":"broadcast"}}
2025/06/27 20:44:17 Received {n0 n3 {"message":17,"msg_id":21,"type":"broadcast"}}
2025/06/27 20:44:17 Sent {"src":"n3","dest":"n0","body":{"in_reply_to":21,"type":"broadcast_ok"}}
2025/06/27 20:44:17 Sent {"src":"n3","dest":"n4","body":{"message":17,"msg_id":17,"type":"broadcast"}}
2025/06/27 20:44:17 Received {n4 n3 {"in_reply_to":17,"type":"broadcast_ok"}}
2025/06/27 20:44:17 Received {n4 n3 {"message":18,"msg_id":18,"type":"broadcast"}}
2025/06/27 20:44:17 Received {n0 n3 {"message":18,"msg_id":23,"type":"broadcast"}}
2025/06/27 20:44:17 Sent {"src":"n3","dest":"n0","body":{"in_reply_to":23,"type":"broadcast_ok"}}
2025/06/27 20:44:17 Sent {"src":"n3","dest":"n4","body":{"message":18,"msg_id":18,"type":"broadcast"}}
2025/06/27 20:44:18 Received {c12 n3 {"type":"broadcast","message":19,"msg_id":8}}
2025/06/27 20:44:18 Sent {"src":"n3","dest":"c12","body":{"in_reply_to":8,"type":"broadcast_ok"}}
2025/06/27 20:44:18 Sent {"src":"n3","dest":"n4","body":{"message":19,"msg_id":19,"type":"broadcast"}}
2025/06/27 20:44:18 Sent {"src":"n3","dest":"n0","body":{"message":19,"msg_id":20,"type":"broadcast"}}
2025/06/27 20:44:18 Received {n4 n3 {"in_reply_to":19,"type":"broadcast_ok"}}
2025/06/27 20:44:18 Received {n0 n3 {"in_reply_to":20,"type":"broadcast_ok"}}
2025/06/27 20:44:18 Received {n0 n3 {"message":20,"msg_id":25,"type":"broadcast"}}
2025/06/27 20:44:18 Sent {"src":"n3","dest":"n0","body":{"in_reply_to":25,"type":"broadcast_ok"}}
2025/06/27 20:44:18 Sent {"src":"n3","dest":"n4","body":{"message":20,"msg_id":21,"type":"broadcast"}}
2025/06/27 20:44:18 Received {n4 n3 {"message":20,"msg_id":20,"type":"broadcast"}}
2025/06/27 20:44:18 Received {n0 n3 {"message":21,"msg_id":27,"type":"broadcast"}}
2025/06/27 20:44:18 Received {n4 n3 {"message":21,"msg_id":21,"type":"broadcast"}}
2025/06/27 20:44:18 Sent {"src":"n3","dest":"n4","body":{"in_reply_to":21,"type":"broadcast_ok"}}
2025/06/27 20:44:18 Sent {"src":"n3","dest":"n0","body":{"message":21,"msg_id":22,"type":"broadcast"}}
2025/06/27 20:44:18 Received {c12 n3 {"type":"broadcast","message":22,"msg_id":9}}
2025/06/27 20:44:18 Sent {"src":"n3","dest":"c12","body":{"in_reply_to":9,"type":"broadcast_ok"}}
2025/06/27 20:44:18 Sent {"src":"n3","dest":"n0","body":{"message":22,"msg_id":23,"type":"broadcast"}}
2025/06/27 20:44:18 Sent {"src":"n3","dest":"n4","body":{"message":22,"msg_id":24,"type":"broadcast"}}
2025/06/27 20:44:18 Received {n0 n3 {"in_reply_to":23,"type":"broadcast_ok"}}
2025/06/27 20:44:18 Received {n4 n3 {"in_reply_to":24,"type":"broadcast_ok"}}
2025/06/27 20:44:19 Received {n0 n3 {"message":23,"msg_id":29,"type":"broadcast"}}
2025/06/27 20:44:19 Sent {"src":"n3","dest":"n0","body":{"in_reply_to":29,"type":"broadcast_ok"}}
2025/06/27 20:44:19 Sent {"src":"n3","dest":"n4","body":{"message":23,"msg_id":25,"type":"broadcast"}}
2025/06/27 20:44:19 Received {n4 n3 {"in_reply_to":25,"type":"broadcast_ok"}}
2025/06/27 20:44:19 Received {c12 n3 {"type":"read","msg_id":10}}
2025/06/27 20:44:19 Sent {"src":"n3","dest":"c12","body":{"in_reply_to":10,"messages":[0,1,3,4,5,6,7,8,9,11,12,13,14,16,17,18,19,20,21,22,23],"type":"read_ok"}}
2025/06/27 20:44:19 Received {n0 n3 {"message":24,"msg_id":32,"type":"broadcast"}}
2025/06/27 20:44:19 Sent {"src":"n3","dest":"n0","body":{"in_reply_to":32,"type":"broadcast_ok"}}
2025/06/27 20:44:19 Sent {"src":"n3","dest":"n4","body":{"message":24,"msg_id":26,"type":"broadcast"}}
2025/06/27 20:44:19 Received {n4 n3 {"message":24,"msg_id":24,"type":"broadcast"}}
2025/06/27 20:44:20 Received {c12 n3 {"type":"broadcast","message":25,"msg_id":11}}
2025/06/27 20:44:20 Sent {"src":"n3","dest":"c12","body":{"in_reply_to":11,"type":"broadcast_ok"}}
2025/06/27 20:44:20 Sent {"src":"n3","dest":"n0","body":{"message":25,"msg_id":27,"type":"broadcast"}}
2025/06/27 20:44:20 Sent {"src":"n3","dest":"n4","body":{"message":25,"msg_id":28,"type":"broadcast"}}
2025/06/27 20:44:20 Received {n0 n3 {"in_reply_to":27,"type":"broadcast_ok"}}
2025/06/27 20:44:20 Received {n4 n3 {"in_reply_to":28,"type":"broadcast_ok"}}
2025/06/27 20:44:20 Received {n4 n3 {"message":26,"msg_id":27,"type":"broadcast"}}
2025/06/27 20:44:20 Sent {"src":"n3","dest":"n4","body":{"in_reply_to":27,"type":"broadcast_ok"}}
2025/06/27 20:44:20 Sent {"src":"n3","dest":"n0","body":{"message":26,"msg_id":29,"type":"broadcast"}}
2025/06/27 20:44:20 Received {n0 n3 {"message":26,"msg_id":34,"type":"broadcast"}}
2025/06/27 20:44:20 Received {n0 n3 {"message":27,"msg_id":35,"type":"broadcast"}}
2025/06/27 20:44:20 Received {n4 n3 {"message":27,"msg_id":28,"type":"broadcast"}}
2025/06/27 20:44:20 Sent {"src":"n3","dest":"n0","body":{"in_reply_to":35,"type":"broadcast_ok"}}
2025/06/27 20:44:20 Sent {"src":"n3","dest":"n4","body":{"message":27,"msg_id":30,"type":"broadcast"}}
2025/06/27 20:44:20 Received {c12 n3 {"type":"read","msg_id":12}}
2025/06/27 20:44:20 Sent {"src":"n3","dest":"c12","body":{"in_reply_to":12,"messages":[0,1,3,4,5,6,7,8,9,11,12,13,14,16,17,18,19,20,21,22,23,24,25,26,27],"type":"read_ok"}}
2025/06/27 20:44:20 Received {n4 n3 {"message":28,"msg_id":30,"type":"broadcast"}}
2025/06/27 20:44:20 Sent {"src":"n3","dest":"n4","body":{"in_reply_to":30,"type":"broadcast_ok"}}
2025/06/27 20:44:20 Sent {"src":"n3","dest":"n0","body":{"message":28,"msg_id":31,"type":"broadcast"}}
2025/06/27 20:44:20 Received {n0 n3 {"message":28,"msg_id":36,"type":"broadcast"}}
2025/06/27 20:44:21 Received {n4 n3 {"message":29,"msg_id":31,"type":"broadcast"}}
2025/06/27 20:44:21 Received {n0 n3 {"message":29,"msg_id":37,"type":"broadcast"}}
2025/06/27 20:44:21 Sent {"src":"n3","dest":"n4","body":{"in_reply_to":31,"type":"broadcast_ok"}}
2025/06/27 20:44:21 Sent {"src":"n3","dest":"n0","body":{"message":29,"msg_id":32,"type":"broadcast"}}
2025/06/27 20:44:21 Received {c12 n3 {"type":"read","msg_id":13}}
2025/06/27 20:44:21 Sent {"src":"n3","dest":"c12","body":{"in_reply_to":13,"messages":[0,1,3,4,5,6,7,8,9,11,12,13,14,16,17,18,19,20,21,22,23,24,25,26,27,28,29],"type":"read_ok"}}
2025/06/27 20:44:21 Received {n0 n3 {"message":31,"msg_id":39,"type":"broadcast"}}
2025/06/27 20:44:21 Sent {"src":"n3","dest":"n0","body":{"in_reply_to":39,"type":"broadcast_ok"}}
2025/06/27 20:44:21 Sent {"src":"n3","dest":"n4","body":{"message":31,"msg_id":33,"type":"broadcast"}}
2025/06/27 20:44:21 Received {n4 n3 {"in_reply_to":33,"type":"broadcast_ok"}}
2025/06/27 20:44:21 Received {n0 n3 {"message":32,"msg_id":40,"type":"broadcast"}}
2025/06/27 20:44:21 Received {n4 n3 {"message":32,"msg_id":33,"type":"broadcast"}}
2025/06/27 20:44:21 Sent {"src":"n3","dest":"n0","body":{"in_reply_to":40,"type":"broadcast_ok"}}
2025/06/27 20:44:21 Sent {"src":"n3","dest":"n4","body":{"message":32,"msg_id":34,"type":"broadcast"}}
2025/06/27 20:44:21 Received {c12 n3 {"type":"read","msg_id":14}}
2025/06/27 20:44:21 Sent {"src":"n3","dest":"c12","body":{"in_reply_to":14,"messages":[0,1,3,4,5,6,7,8,9,11,12,13,14,16,17,18,19,20,21,22,23,24,25,26,27,28,29,31,32],"type":"read_ok"}}
2025/06/27 20:44:22 Received {n4 n3 {"message":34,"msg_id":35,"type":"broadcast"}}
2025/06/27 20:44:22 Sent {"src":"n3","dest":"n4","body":{"in_reply_to":35,"type":"broadcast_ok"}}
2025/06/27 20:44:22 Sent {"src":"n3","dest":"n0","body":{"message":34,"msg_id":35,"type":"broadcast"}}
2025/06/27 20:44:22 Received {n0 n3 {"in_reply_to":35,"type":"broadcast_ok"}}
2025/06/27 20:44:22 Received {c12 n3 {"type":"broadcast","message":35,"msg_id":15}}
2025/06/27 20:44:22 Sent {"src":"n3","dest":"c12","body":{"in_reply_to":15,"type":"broadcast_ok"}}
2025/06/27 20:44:22 Sent {"src":"n3","dest":"n0","body":{"message":35,"msg_id":36,"type":"broadcast"}}
2025/06/27 20:44:22 Sent {"src":"n3","dest":"n4","body":{"message":35,"msg_id":37,"type":"broadcast"}}
2025/06/27 20:44:22 Received {n0 n3 {"in_reply_to":36,"type":"broadcast_ok"}}
2025/06/27 20:44:22 Received {n4 n3 {"in_reply_to":37,"type":"broadcast_ok"}}
2025/06/27 20:44:23 Received {n0 n3 {"message":36,"msg_id":44,"type":"broadcast"}}
2025/06/27 20:44:23 Sent {"src":"n3","dest":"n0","body":{"in_reply_to":44,"type":"broadcast_ok"}}
2025/06/27 20:44:23 Sent {"src":"n3","dest":"n4","body":{"message":36,"msg_id":38,"type":"broadcast"}}
2025/06/27 20:44:23 Received {n4 n3 {"in_reply_to":38,"type":"broadcast_ok"}}
2025/06/27 20:44:23 Received {c12 n3 {"type":"read","msg_id":16}}
2025/06/27 20:44:23 Sent {"src":"n3","dest":"c12","body":{"in_reply_to":16,"messages":[0,1,3,4,5,6,7,8,9,11,12,13,14,16,17,18,19,20,21,22,23,24,25,26,27,28,29,31,32,34,35,36],"type":"read_ok"}}
2025/06/27 20:44:23 Received {n4 n3 {"message":37,"msg_id":39,"type":"broadcast"}}
2025/06/27 20:44:23 Sent {"src":"n3","dest":"n4","body":{"in_reply_to":39,"type":"broadcast_ok"}}
2025/06/27 20:44:23 Sent {"src":"n3","dest":"n0","body":{"message":37,"msg_id":39,"type":"broadcast"}}
2025/06/27 20:44:23 Received {n0 n3 {"message":37,"msg_id":45,"type":"broadcast"}}
2025/06/27 20:44:23 Received {n0 n3 {"message":38,"msg_id":46,"type":"broadcast"}}
2025/06/27 20:44:23 Sent {"src":"n3","dest":"n0","body":{"in_reply_to":46,"type":"broadcast_ok"}}
2025/06/27 20:44:23 Sent {"src":"n3","dest":"n4","body":{"message":38,"msg_id":40,"type":"broadcast"}}
2025/06/27 20:44:23 Received {n4 n3 {"in_reply_to":40,"type":"broadcast_ok"}}
2025/06/27 20:44:24 Received {c12 n3 {"type":"broadcast","message":39,"msg_id":17}}
2025/06/27 20:44:24 Sent {"src":"n3","dest":"c12","body":{"in_reply_to":17,"type":"broadcast_ok"}}
2025/06/27 20:44:24 Sent {"src":"n3","dest":"n0","body":{"message":39,"msg_id":41,"type":"broadcast"}}
2025/06/27 20:44:24 Sent {"src":"n3","dest":"n4","body":{"message":39,"msg_id":42,"type":"broadcast"}}
2025/06/27 20:44:24 Received {n0 n3 {"in_reply_to":41,"type":"broadcast_ok"}}
2025/06/27 20:44:24 Received {n4 n3 {"in_reply_to":42,"type":"broadcast_ok"}}
2025/06/27 20:44:24 Received {n0 n3 {"message":40,"msg_id":49,"type":"broadcast"}}
2025/06/27 20:44:24 Sent {"src":"n3","dest":"n0","body":{"in_reply_to":49,"type":"broadcast_ok"}}
2025/06/27 20:44:24 Sent {"src":"n3","dest":"n4","body":{"message":40,"msg_id":43,"type":"broadcast"}}
2025/06/27 20:44:24 Received {n4 n3 {"in_reply_to":43,"type":"broadcast_ok"}}
2025/06/27 20:44:24 Received {n4 n3 {"message":41,"msg_id":43,"type":"broadcast"}}
2025/06/27 20:44:24 Received {n0 n3 {"message":41,"msg_id":51,"type":"broadcast"}}
2025/06/27 20:44:24 Sent {"src":"n3","dest":"n4","body":{"in_reply_to":43,"type":"broadcast_ok"}}
2025/06/27 20:44:24 Sent {"src":"n3","dest":"n0","body":{"message":41,"msg_id":44,"type":"broadcast"}}
2025/06/27 20:44:24 Received {c12 n3 {"type":"read","msg_id":18}}
2025/06/27 20:44:24 Sent {"src":"n3","dest":"c12","body":{"in_reply_to":18,"messages":[0,1,3,4,5,6,7,8,9,11,12,13,14,16,17,18,19,20,21,22,23,24,25,26,27,28,29,31,32,34,35,36,37,38,39,40,41],"type":"read_ok"}}
2025/06/27 20:44:25 Received {n0 n3 {"message":42,"msg_id":52,"type":"broadcast"}}
2025/06/27 20:44:25 Sent {"src":"n3","dest":"n0","body":{"in_reply_to":52,"type":"broadcast_ok"}}
2025/06/27 20:44:25 Sent {"src":"n3","dest":"n4","body":{"message":42,"msg_id":45,"type":"broadcast"}}
2025/06/27 20:44:25 Received {n4 n3 {"in_reply_to":45,"type":"broadcast_ok"}}
2025/06/27 20:44:25 Received {n0 n3 {"message":43,"msg_id":54,"type":"broadcast"}}
2025/06/27 20:44:25 Sent {"src":"n3","dest":"n0","body":{"in_reply_to":54,"type":"broadcast_ok"}}
2025/06/27 20:44:25 Sent {"src":"n3","dest":"n4","body":{"message":43,"msg_id":46,"type":"broadcast"}}
2025/06/27 20:44:25 Received {n4 n3 {"in_reply_to":46,"type":"broadcast_ok"}}
2025/06/27 20:44:25 Received {n4 n3 {"message":44,"msg_id":46,"type":"broadcast"}}
2025/06/27 20:44:25 Sent {"src":"n3","dest":"n4","body":{"in_reply_to":46,"type":"broadcast_ok"}}
2025/06/27 20:44:25 Received {n0 n3 {"message":44,"msg_id":56,"type":"broadcast"}}
2025/06/27 20:44:25 Sent {"src":"n3","dest":"n0","body":{"message":44,"msg_id":47,"type":"broadcast"}}
2025/06/27 20:44:25 Received {c12 n3 {"type":"broadcast","message":45,"msg_id":19}}
2025/06/27 20:44:25 Sent {"src":"n3","dest":"c12","body":{"in_reply_to":19,"type":"broadcast_ok"}}
2025/06/27 20:44:25 Sent {"src":"n3","dest":"n4","body":{"message":45,"msg_id":48,"type":"broadcast"}}
2025/06/27 20:44:25 Sent {"src":"n3","dest":"n0","body":{"message":45,"msg_id":49,"type":"broadcast"}}
2025/06/27 20:44:25 Received {n4 n3 {"in_reply_to":48,"type":"broadcast_ok"}}
2025/06/27 20:44:25 Received {n0 n3 {"in_reply_to":49,"type":"broadcast_ok"}}
2025/06/27 20:44:25 Received {n0 n3 {"message":46,"msg_id":58,"type":"broadcast"}}
2025/06/27 20:44:25 Sent {"src":"n3","dest":"n0","body":{"in_reply_to":58,"type":"broadcast_ok"}}
2025/06/27 20:44:25 Sent {"src":"n3","dest":"n4","body":{"message":46,"msg_id":50,"type":"broadcast"}}
2025/06/27 20:44:25 Received {n4 n3 {"message":46,"msg_id":48,"type":"broadcast"}}
2025/06/27 20:44:25 Received {n4 n3 {"message":47,"msg_id":49,"type":"broadcast"}}
2025/06/27 20:44:25 Received {n0 n3 {"message":47,"msg_id":60,"type":"broadcast"}}
2025/06/27 20:44:25 Sent {"src":"n3","dest":"n4","body":{"in_reply_to":49,"type":"broadcast_ok"}}
2025/06/27 20:44:25 Sent {"src":"n3","dest":"n0","body":{"message":47,"msg_id":51,"type":"broadcast"}}
2025/06/27 20:44:25 Received {c12 n3 {"type":"broadcast","message":48,"msg_id":20}}
2025/06/27 20:44:25 Sent {"src":"n3","dest":"c12","body":{"in_reply_to":20,"type":"broadcast_ok"}}
2025/06/27 20:44:25 Sent {"src":"n3","dest":"n0","body":{"message":48,"msg_id":52,"type":"broadcast"}}
2025/06/27 20:44:25 Sent {"src":"n3","dest":"n4","body":{"message":48,"msg_id":53,"type":"broadcast"}}
2025/06/27 20:44:25 Received {n4 n3 {"in_reply_to":53,"type":"broadcast_ok"}}
2025/06/27 20:44:25 Received {n0 n3 {"in_reply_to":52,"type":"broadcast_ok"}}
2025/06/27 20:44:26 Received {n0 n3 {"message":49,"msg_id":62,"type":"broadcast"}}
2025/06/27 20:44:26 Sent {"src":"n3","dest":"n0","body":{"in_reply_to":62,"type":"broadcast_ok"}}
2025/06/27 20:44:26 Sent {"src":"n3","dest":"n4","body":{"message":49,"msg_id":54,"type":"broadcast"}}
2025/06/27 20:44:26 Received {n4 n3 {"in_reply_to":54,"type":"broadcast_ok"}}
2025/06/27 20:44:26 Received {c12 n3 {"type":"read","msg_id":21}}
2025/06/27 20:44:26 Sent {"src":"n3","dest":"c12","body":{"in_reply_to":21,"messages":[0,1,3,4,5,6,7,8,9,11,12,13,14,16,17,18,19,20,21,22,23,24,25,26,27,28,29,31,32,34,35,36,37,38,39,40,41,42,43,44,45,46,47,48,49],"type":"read_ok"}}
2025/06/27 20:44:26 Received {n4 n3 {"message":50,"msg_id":53,"type":"broadcast"}}
2025/06/27 20:44:26 Sent {"src":"n3","dest":"n4","body":{"in_reply_to":53,"type":"broadcast_ok"}}
2025/06/27 20:44:26 Sent {"src":"n3","dest":"n0","body":{"message":50,"msg_id":55,"type":"broadcast"}}
2025/06/27 20:44:26 Received {n0 n3 {"message":50,"msg_id":64,"type":"broadcast"}}
2025/06/27 20:44:26 Received {n0 n3 {"message":51,"msg_id":65,"type":"broadcast"}}
2025/06/27 20:44:26 Sent {"src":"n3","dest":"n0","body":{"in_reply_to":65,"type":"broadcast_ok"}}
2025/06/27 20:44:26 Sent {"src":"n3","dest":"n4","body":{"message":51,"msg_id":56,"type":"broadcast"}}
2025/06/27 20:44:26 Received {n4 n3 {"in_reply_to":56,"type":"broadcast_ok"}}
2025/06/27 20:44:26 Received {n0 n3 {"message":52,"msg_id":67,"type":"broadcast"}}
2025/06/27 20:44:26 Sent {"src":"n3","dest":"n0","body":{"in_reply_to":67,"type":"broadcast_ok"}}
2025/06/27 20:44:26 Sent {"src":"n3","dest":"n4","body":{"message":52,"msg_id":57,"type":"broadcast"}}
2025/06/27 20:44:26 Received {n4 n3 {"message":52,"msg_id":55,"type":"broadcast"}}
2025/06/27 20:44:26 Received {c12 n3 {"type":"read","msg_id":22}}
2025/06/27 20:44:26 Sent {"src":"n3","dest":"c12","body":{"in_reply_to":22,"messages":[0,1,3,4,5,6,7,8,9,11,12,13,14,16,17,18,19,20,21,22,23,24,25,26,27,28,29,31,32,34,35,36,37,38,39,40,41,42,43,44,45,46,47,48,49,50,51,52],"type":"read_ok"}}
2025/06/27 20:44:26 Received {n4 n3 {"message":53,"msg_id":57,"type":"broadcast"}}
2025/06/27 20:44:26 Sent {"src":"n3","dest":"n4","body":{"in_reply_to":57,"type":"broadcast_ok"}}
2025/06/27 20:44:26 Sent {"src":"n3","dest":"n0","body":{"message":53,"msg_id":58,"type":"broadcast"}}
2025/06/27 20:44:26 Received {n0 n3 {"message":53,"msg_id":69,"type":"broadcast"}}
2025/06/27 20:44:27 Received {n0 n3 {"message":54,"msg_id":70,"type":"broadcast"}}
2025/06/27 20:44:27 Received {n4 n3 {"message":54,"msg_id":58,"type":"broadcast"}}
2025/06/27 20:44:27 Sent {"src":"n3","dest":"n0","body":{"in_reply_to":70,"type":"broadcast_ok"}}
2025/06/27 20:44:27 Sent {"src":"n3","dest":"n4","body":{"message":54,"msg_id":59,"type":"broadcast"}}
2025/06/27 20:44:27 Received {c12 n3 {"type":"read","msg_id":23}}
2025/06/27 20:44:27 Sent {"src":"n3","dest":"c12","body":{"in_reply_to":23,"messages":[0,1,3,4,5,6,7,8,9,11,12,13,14,16,17,18,19,20,21,22,23,24,25,26,27,28,29,31,32,34,35,36,37,38,39,40,41,42,43,44,45,46,47,48,49,50,51,52,53,54],"type":"read_ok"}}
2025/06/27 20:44:27 Received {n0 n3 {"message":55,"msg_id":71,"type":"broadcast"}}
2025/06/27 20:44:27 Sent {"src":"n3","dest":"n0","body":{"in_reply_to":71,"type":"broadcast_ok"}}
2025/06/27 20:44:27 Sent {"src":"n3","dest":"n4","body":{"message":55,"msg_id":60,"type":"broadcast"}}
2025/06/27 20:44:27 Received {n4 n3 {"in_reply_to":60,"type":"broadcast_ok"}}
2025/06/27 20:44:28 Received {n0 n3 {"message":56,"msg_id":73,"type":"broadcast"}}
2025/06/27 20:44:28 Received {n4 n3 {"message":56,"msg_id":60,"type":"broadcast"}}
2025/06/27 20:44:28 Sent {"src":"n3","dest":"n0","body":{"in_reply_to":73,"type":"broadcast_ok"}}
2025/06/27 20:44:28 Sent {"src":"n3","dest":"n4","body":{"message":56,"msg_id":61,"type":"broadcast"}}
2025/06/27 20:44:28 Received {n0 n3 {"message":57,"msg_id":74,"type":"broadcast"}}
2025/06/27 20:44:28 Received {n4 n3 {"message":57,"msg_id":61,"type":"broadcast"}}
2025/06/27 20:44:28 Sent {"src":"n3","dest":"n0","body":{"in_reply_to":74,"type":"broadcast_ok"}}
2025/06/27 20:44:28 Sent {"src":"n3","dest":"n4","body":{"message":57,"msg_id":62,"type":"broadcast"}}
2025/06/27 20:44:28 Received {c12 n3 {"type":"read","msg_id":24}}
2025/06/27 20:44:28 Sent {"src":"n3","dest":"c12","body":{"in_reply_to":24,"messages":[0,1,3,4,5,6,7,8,9,11,12,13,14,16,17,18,19,20,21,22,23,24,25,26,27,28,29,31,32,34,35,36,37,38,39,40,41,42,43,44,45,46,47,48,49,50,51,52,53,54,55,56,57],"type":"read_ok"}}
2025/06/27 20:44:28 Received {n4 n3 {"message":58,"msg_id":62,"type":"broadcast"}}
2025/06/27 20:44:28 Sent {"src":"n3","dest":"n4","body":{"in_reply_to":62,"type":"broadcast_ok"}}
2025/06/27 20:44:28 Sent {"src":"n3","dest":"n0","body":{"message":58,"msg_id":63,"type":"broadcast"}}
2025/06/27 20:44:28 Received {n0 n3 {"message":59,"msg_id":75,"type":"broadcast"}}
2025/06/27 20:44:28 Received {n0 n3 {"in_reply_to":63,"type":"broadcast_ok"}}
2025/06/27 20:44:28 Sent {"src":"n3","dest":"n4","body":{"message":59,"msg_id":64,"type":"broadcast"}}
2025/06/27 20:44:28 Sent {"src":"n3","dest":"n0","body":{"in_reply_to":75,"type":"broadcast_ok"}}
2025/06/27 20:44:28 Received {n4 n3 {"message":59,"msg_id":64,"type":"broadcast"}}
2025/06/27 20:44:28 Received {n0 n3 {"message":60,"msg_id":78,"type":"broadcast"}}
2025/06/27 20:44:28 Sent {"src":"n3","dest":"n0","body":{"in_reply_to":78,"type":"broadcast_ok"}}
2025/06/27 20:44:28 Sent {"src":"n3","dest":"n4","body":{"message":60,"msg_id":65,"type":"broadcast"}}
2025/06/27 20:44:28 Received {n4 n3 {"in_reply_to":65,"type":"broadcast_ok"}}
2025/06/27 20:44:28 Received {n4 n3 {"message":61,"msg_id":66,"type":"broadcast"}}
2025/06/27 20:44:28 Received {n0 n3 {"message":61,"msg_id":80,"type":"broadcast"}}
2025/06/27 20:44:28 Sent {"src":"n3","dest":"n4","body":{"in_reply_to":66,"type":"broadcast_ok"}}
2025/06/27 20:44:28 Sent {"src":"n3","dest":"n0","body":{"message":61,"msg_id":66,"type":"broadcast"}}
2025/06/27 20:44:28 Received {c12 n3 {"type":"read","msg_id":25}}
2025/06/27 20:44:28 Sent {"src":"n3","dest":"c12","body":{"in_reply_to":25,"messages":[0,1,3,4,5,6,7,8,9,11,12,13,14,16,17,18,19,20,21,22,23,24,25,26,27,28,29,31,32,34,35,36,37,38,39,40,41,42,43,44,45,46,47,48,49,50,51,52,53,54,55,56,57,58,59,60,61],"type":"read_ok"}}
2025/06/27 20:44:28 Received {n4 n3 {"message":62,"msg_id":67,"type":"broadcast"}}
2025/06/27 20:44:28 Received {n0 n3 {"message":62,"msg_id":81,"type":"broadcast"}}
2025/06/27 20:44:28 Sent {"src":"n3","dest":"n4","body":{"in_reply_to":67,"type":"broadcast_ok"}}
2025/06/27 20:44:28 Sent {"src":"n3","dest":"n0","body":{"message":62,"msg_id":67,"type":"broadcast"}}
2025/06/27 20:44:28 Received {c12 n3 {"type":"broadcast","message":63,"msg_id":26}}
2025/06/27 20:44:28 Sent {"src":"n3","dest":"c12","body":{"in_reply_to":26,"type":"broadcast_ok"}}
2025/06/27 20:44:28 Sent {"src":"n3","dest":"n4","body":{"message":63,"msg_id":69,"type":"broadcast"}}
2025/06/27 20:44:28 Sent {"src":"n3","dest":"n0","body":{"message":63,"msg_id":68,"type":"broadcast"}}
2025/06/27 20:44:28 Received {n4 n3 {"in_reply_to":69,"type":"broadcast_ok"}}
2025/06/27 20:44:28 Received {n0 n3 {"in_reply_to":68,"type":"broadcast_ok"}}
2025/06/27 20:44:29 Received {n0 n3 {"message":64,"msg_id":84,"type":"broadcast"}}
2025/06/27 20:44:29 Sent {"src":"n3","dest":"n0","body":{"in_reply_to":84,"type":"broadcast_ok"}}
2025/06/27 20:44:29 Sent {"src":"n3","dest":"n4","body":{"message":64,"msg_id":70,"type":"broadcast"}}
2025/06/27 20:44:29 Received {n4 n3 {"in_reply_to":70,"type":"broadcast_ok"}}
2025/06/27 20:44:29 Received {c12 n3 {"type":"broadcast","message":65,"msg_id":27}}
2025/06/27 20:44:29 Sent {"src":"n3","dest":"c12","body":{"in_reply_to":27,"type":"broadcast_ok"}}
2025/06/27 20:44:29 Sent {"src":"n3","dest":"n0","body":{"message":65,"msg_id":71,"type":"broadcast"}}
2025/06/27 20:44:29 Sent {"src":"n3","dest":"n4","body":{"message":65,"msg_id":72,"type":"broadcast"}}
2025/06/27 20:44:29 Received {n0 n3 {"in_reply_to":71,"type":"broadcast_ok"}}
2025/06/27 20:44:29 Received {n4 n3 {"in_reply_to":72,"type":"broadcast_ok"}}
2025/06/27 20:44:29 Received {n4 n3 {"message":66,"msg_id":72,"type":"broadcast"}}
2025/06/27 20:44:29 Sent {"src":"n3","dest":"n4","body":{"in_reply_to":72,"type":"broadcast_ok"}}
2025/06/27 20:44:29 Sent {"src":"n3","dest":"n0","body":{"message":66,"msg_id":73,"type":"broadcast"}}
2025/06/27 20:44:29 Received {n0 n3 {"message":66,"msg_id":86,"type":"broadcast"}}
2025/06/27 20:44:29 Received {n0 n3 {"message":67,"msg_id":88,"type":"broadcast"}}
2025/06/27 20:44:29 Sent {"src":"n3","dest":"n0","body":{"in_reply_to":88,"type":"broadcast_ok"}}
2025/06/27 20:44:29 Sent {"src":"n3","dest":"n4","body":{"message":67,"msg_id":74,"type":"broadcast"}}
2025/06/27 20:44:29 Received {n4 n3 {"in_reply_to":74,"type":"broadcast_ok"}}
2025/06/27 20:44:29 Received {n4 n3 {"message":68,"msg_id":74,"type":"broadcast"}}
2025/06/27 20:44:29 Received {n0 n3 {"message":68,"msg_id":89,"type":"broadcast"}}
2025/06/27 20:44:29 Sent {"src":"n3","dest":"n4","body":{"in_reply_to":74,"type":"broadcast_ok"}}
2025/06/27 20:44:29 Sent {"src":"n3","dest":"n0","body":{"message":68,"msg_id":75,"type":"broadcast"}}
2025/06/27 20:44:29 Received {c12 n3 {"type":"broadcast","message":69,"msg_id":28}}
2025/06/27 20:44:29 Sent {"src":"n3","dest":"c12","body":{"in_reply_to":28,"type":"broadcast_ok"}}
2025/06/27 20:44:29 Sent {"src":"n3","dest":"n0","body":{"message":69,"msg_id":76,"type":"broadcast"}}
2025/06/27 20:44:29 Sent {"src":"n3","dest":"n4","body":{"message":69,"msg_id":77,"type":"broadcast"}}
2025/06/27 20:44:29 Received {n0 n3 {"in_reply_to":76,"type":"broadcast_ok"}}
2025/06/27 20:44:29 Received {n4 n3 {"in_reply_to":77,"type":"broadcast_ok"}}
2025/06/27 20:44:30 Received {n4 n3 {"message":70,"msg_id":77,"type":"broadcast"}}
2025/06/27 20:44:30 Sent {"src":"n3","dest":"n4","body":{"in_reply_to":77,"type":"broadcast_ok"}}
2025/06/27 20:44:30 Sent {"src":"n3","dest":"n0","body":{"message":70,"msg_id":78,"type":"broadcast"}}
2025/06/27 20:44:30 Received {n0 n3 {"in_reply_to":78,"type":"broadcast_ok"}}
2025/06/27 20:44:30 Received {n0 n3 {"message":71,"msg_id":92,"type":"broadcast"}}
2025/06/27 20:44:30 Sent {"src":"n3","dest":"n0","body":{"in_reply_to":92,"type":"broadcast_ok"}}
2025/06/27 20:44:30 Sent {"src":"n3","dest":"n4","body":{"message":71,"msg_id":79,"type":"broadcast"}}
2025/06/27 20:44:30 Received {n4 n3 {"message":71,"msg_id":78,"type":"broadcast"}}
2025/06/27 20:44:30 Received {n0 n3 {"message":72,"msg_id":94,"type":"broadcast"}}
2025/06/27 20:44:30 Sent {"src":"n3","dest":"n0","body":{"in_reply_to":94,"type":"broadcast_ok"}}
2025/06/27 20:44:30 Sent {"src":"n3","dest":"n4","body":{"message":72,"msg_id":80,"type":"broadcast"}}
2025/06/27 20:44:30 Received {n4 n3 {"in_reply_to":80,"type":"broadcast_ok"}}
2025/06/27 20:44:30 Received {c12 n3 {"type":"broadcast","message":73,"msg_id":29}}
2025/06/27 20:44:30 Sent {"src":"n3","dest":"c12","body":{"in_reply_to":29,"type":"broadcast_ok"}}
2025/06/27 20:44:30 Sent {"src":"n3","dest":"n0","body":{"message":73,"msg_id":81,"type":"broadcast"}}
2025/06/27 20:44:30 Sent {"src":"n3","dest":"n4","body":{"message":73,"msg_id":82,"type":"broadcast"}}
2025/06/27 20:44:30 Received {n0 n3 {"in_reply_to":81,"type":"broadcast_ok"}}
2025/06/27 20:44:30 Received {n4 n3 {"in_reply_to":82,"type":"broadcast_ok"}}
2025/06/27 20:44:31 Received {c12 n3 {"type":"read","msg_id":30}}
2025/06/27 20:44:31 Sent {"src":"n3","dest":"c12","body":{"in_reply_to":30,"messages":[0,1,3,4,5,6,7,8,9,11,12,13,14,16,17,18,19,20,21,22,23,24,25,26,27,28,29,31,32,34,35,36,37,38,39,40,41,42,43,44,45,46,47,48,49,50,51,52,53,54,55,56,57,58,59,60,61,62,63,64,65,66,67,68,69,70,71,72,73],"type":"read_ok"}}
2025/06/27 20:44:31 Received {n4 n3 {"message":74,"msg_id":82,"type":"broadcast"}}
2025/06/27 20:44:31 Sent {"src":"n3","dest":"n4","body":{"in_reply_to":82,"type":"broadcast_ok"}}
2025/06/27 20:44:31 Sent {"src":"n3","dest":"n0","body":{"message":74,"msg_id":83,"type":"broadcast"}}
2025/06/27 20:44:31 Received {n0 n3 {"message":74,"msg_id":97,"type":"broadcast"}}
2025/06/27 20:44:31 Received {n4 n3 {"message":75,"msg_id":83,"type":"broadcast"}}
2025/06/27 20:44:31 Sent {"src":"n3","dest":"n4","body":{"in_reply_to":83,"type":"broadcast_ok"}}
2025/06/27 20:44:31 Sent {"src":"n3","dest":"n0","body":{"message":75,"msg_id":84,"type":"broadcast"}}
2025/06/27 20:44:31 Received {n0 n3 {"message":75,"msg_id":98,"type":"broadcast"}}
2025/06/27 20:44:31 Received {c12 n3 {"type":"broadcast","message":76,"msg_id":31}}
2025/06/27 20:44:31 Sent {"src":"n3","dest":"c12","body":{"in_reply_to":31,"type":"broadcast_ok"}}
2025/06/27 20:44:31 Sent {"src":"n3","dest":"n0","body":{"message":76,"msg_id":85,"type":"broadcast"}}
2025/06/27 20:44:31 Sent {"src":"n3","dest":"n4","body":{"message":76,"msg_id":86,"type":"broadcast"}}
2025/06/27 20:44:31 Received {n0 n3 {"in_reply_to":85,"type":"broadcast_ok"}}
2025/06/27 20:44:31 Received {n4 n3 {"in_reply_to":86,"type":"broadcast_ok"}}
2025/06/27 20:44:31 Received {n0 n3 {"message":77,"msg_id":100,"type":"broadcast"}}
2025/06/27 20:44:31 Sent {"src":"n3","dest":"n0","body":{"in_reply_to":100,"type":"broadcast_ok"}}
2025/06/27 20:44:31 Sent {"src":"n3","dest":"n4","body":{"message":77,"msg_id":87,"type":"broadcast"}}
2025/06/27 20:44:31 Received {n4 n3 {"in_reply_to":87,"type":"broadcast_ok"}}
2025/06/27 20:44:32 Received {c12 n3 {"type":"read","msg_id":32}}
2025/06/27 20:44:32 Sent {"src":"n3","dest":"c12","body":{"in_reply_to":32,"messages":[0,1,3,4,5,6,7,8,9,11,12,13,14,16,17,18,19,20,21,22,23,24,25,26,27,28,29,31,32,34,35,36,37,38,39,40,41,42,43,44,45,46,47,48,49,50,51,52,53,54,55,56,57,58,59,60,61,62,63,64,65,66,67,68,69,70,71,72,73,74,75,76,77],"type":"read_ok"}}
2025/06/27 20:44:32 Received {n4 n3 {"message":78,"msg_id":86,"type":"broadcast"}}
2025/06/27 20:44:32 Sent {"src":"n3","dest":"n4","body":{"in_reply_to":86,"type":"broadcast_ok"}}
2025/06/27 20:44:32 Received {n0 n3 {"message":78,"msg_id":102,"type":"broadcast"}}
2025/06/27 20:44:32 Sent {"src":"n3","dest":"n0","body":{"message":78,"msg_id":88,"type":"broadcast"}}
2025/06/27 20:44:32 Received {c12 n3 {"type":"read","msg_id":33}}
2025/06/27 20:44:32 Sent {"src":"n3","dest":"c12","body":{"in_reply_to":33,"messages":[0,1,3,4,5,6,7,8,9,11,12,13,14,16,17,18,19,20,21,22,23,24,25,26,27,28,29,31,32,34,35,36,37,38,39,40,41,42,43,44,45,46,47,48,49,50,51,52,53,54,55,56,57,58,59,60,61,62,63,64,65,66,67,68,69,70,71,72,73,74,75,76,77,78],"type":"read_ok"}}
2025/06/27 20:44:33 Received {c12 n3 {"type":"read","msg_id":34}}
2025/06/27 20:44:33 Sent {"src":"n3","dest":"c12","body":{"in_reply_to":34,"messages":[0,1,3,4,5,6,7,8,9,11,12,13,14,16,17,18,19,20,21,22,23,24,25,26,27,28,29,31,32,34,35,36,37,38,39,40,41,42,43,44,45,46,47,48,49,50,51,52,53,54,55,56,57,58,59,60,61,62,63,64,65,66,67,68,69,70,71,72,73,74,75,76,77,78],"type":"read_ok"}}
2025/06/27 20:44:43 Received {c12 n3 {"type":"read","msg_id":35}}
2025/06/27 20:44:43 Sent {"src":"n3","dest":"c12","body":{"in_reply_to":35,"messages":[0,1,3,4,5,6,7,8,9,11,12,13,14,16,17,18,19,20,21,22,23,24,25,26,27,28,29,31,32,34,35,36,37,38,39,40,41,42,43,44,45,46,47,48,49,50,51,52,53,54,55,56,57,58,59,60,61,62,63,64,65,66,67,68,69,70,71,72,73,74,75,76,77,78],"type":"read_ok"}}
