2025/06/27 17:31:58 Received {c2 n2 {"type":"init","node_id":"n2","node_ids":["n0","n1","n2","n3","n4"],"msg_id":1}}
2025/06/27 17:31:58 Node n2 initialized
2025/06/27 17:31:58 Sent {"src":"n2","dest":"c2","body":{"in_reply_to":1,"type":"init_ok"}}
2025/06/27 17:31:58 Received {c7 n2 {"type":"topology","topology":{"n0":["n3","n1"],"n1":["n4","n2","n0"],"n2":["n1"],"n3":["n0","n4"],"n4":["n1","n3"]},"msg_id":1}}
2025/06/27 17:31:58 Sent {"src":"n2","dest":"c7","body":{"in_reply_to":1,"type":"topology_ok"}}
2025/06/27 17:31:58 Received {c11 n2 {"type":"read","msg_id":1}}
2025/06/27 17:31:58 Sent {"src":"n2","dest":"c11","body":{"in_reply_to":1,"messages":[],"type":"read_ok"}}
2025/06/27 17:31:59 Received {c11 n2 {"type":"broadcast","message":1,"msg_id":2}}
2025/06/27 17:31:59 Sent {"src":"n2","dest":"c11","body":{"in_reply_to":2,"type":"broadcast_ok"}}
2025/06/27 17:31:59 Sent {"src":"n2","dest":"n1","body":{"message":1,"msg_id":1,"type":"broadcast"}}
2025/06/27 17:31:59 Received {c11 n2 {"type":"read","msg_id":3}}
2025/06/27 17:31:59 Sent {"src":"n2","dest":"c11","body":{"in_reply_to":3,"messages":[1],"type":"read_ok"}}
2025/06/27 17:32:00 Received {c11 n2 {"type":"broadcast","message":5,"msg_id":4}}
2025/06/27 17:32:00 Sent {"src":"n2","dest":"c11","body":{"in_reply_to":4,"type":"broadcast_ok"}}
2025/06/27 17:32:00 Sent {"src":"n2","dest":"n1","body":{"message":5,"msg_id":2,"type":"broadcast"}}
2025/06/27 17:32:01 Received {c11 n2 {"type":"broadcast","message":10,"msg_id":5}}
2025/06/27 17:32:01 Sent {"src":"n2","dest":"c11","body":{"in_reply_to":5,"type":"broadcast_ok"}}
2025/06/27 17:32:01 Sent {"src":"n2","dest":"n1","body":{"message":10,"msg_id":3,"type":"broadcast"}}
2025/06/27 17:32:01 Received {c11 n2 {"type":"read","msg_id":6}}
2025/06/27 17:32:01 Sent {"src":"n2","dest":"c11","body":{"in_reply_to":6,"messages":[1,5,10],"type":"read_ok"}}
2025/06/27 17:32:02 Received {c11 n2 {"type":"broadcast","message":13,"msg_id":7}}
2025/06/27 17:32:02 Sent {"src":"n2","dest":"c11","body":{"in_reply_to":7,"type":"broadcast_ok"}}
2025/06/27 17:32:02 Sent {"src":"n2","dest":"n1","body":{"message":13,"msg_id":4,"type":"broadcast"}}
2025/06/27 17:32:03 Received {c11 n2 {"type":"read","msg_id":8}}
2025/06/27 17:32:03 Sent {"src":"n2","dest":"c11","body":{"in_reply_to":8,"messages":[1,5,10,13],"type":"read_ok"}}
2025/06/27 17:32:03 Received {c11 n2 {"type":"broadcast","message":19,"msg_id":9}}
2025/06/27 17:32:03 Sent {"src":"n2","dest":"c11","body":{"in_reply_to":9,"type":"broadcast_ok"}}
2025/06/27 17:32:03 Sent {"src":"n2","dest":"n1","body":{"message":19,"msg_id":5,"type":"broadcast"}}
2025/06/27 17:32:04 Received {c11 n2 {"type":"broadcast","message":20,"msg_id":10}}
2025/06/27 17:32:04 Sent {"src":"n2","dest":"c11","body":{"in_reply_to":10,"type":"broadcast_ok"}}
2025/06/27 17:32:04 Sent {"src":"n2","dest":"n1","body":{"message":20,"msg_id":6,"type":"broadcast"}}
2025/06/27 17:32:05 Received {c11 n2 {"type":"broadcast","message":26,"msg_id":11}}
2025/06/27 17:32:05 Sent {"src":"n2","dest":"c11","body":{"in_reply_to":11,"type":"broadcast_ok"}}
2025/06/27 17:32:05 Sent {"src":"n2","dest":"n1","body":{"message":26,"msg_id":7,"type":"broadcast"}}
2025/06/27 17:32:05 Received {c11 n2 {"type":"broadcast","message":30,"msg_id":12}}
2025/06/27 17:32:05 Sent {"src":"n2","dest":"c11","body":{"in_reply_to":12,"type":"broadcast_ok"}}
2025/06/27 17:32:05 Sent {"src":"n2","dest":"n1","body":{"message":30,"msg_id":8,"type":"broadcast"}}
2025/06/27 17:32:06 Received {c11 n2 {"type":"broadcast","message":35,"msg_id":13}}
2025/06/27 17:32:06 Sent {"src":"n2","dest":"n1","body":{"message":35,"msg_id":9,"type":"broadcast"}}
2025/06/27 17:32:06 Sent {"src":"n2","dest":"c11","body":{"in_reply_to":13,"type":"broadcast_ok"}}
2025/06/27 17:32:07 Received {c11 n2 {"type":"broadcast","message":39,"msg_id":14}}
2025/06/27 17:32:07 Sent {"src":"n2","dest":"n1","body":{"message":39,"msg_id":10,"type":"broadcast"}}
2025/06/27 17:32:07 Sent {"src":"n2","dest":"c11","body":{"in_reply_to":14,"type":"broadcast_ok"}}
2025/06/27 17:32:07 Received {c11 n2 {"type":"read","msg_id":15}}
2025/06/27 17:32:07 Sent {"src":"n2","dest":"c11","body":{"in_reply_to":15,"messages":[1,5,10,13,19,20,26,30,35,39],"type":"read_ok"}}
2025/06/27 17:32:08 Received {c11 n2 {"type":"read","msg_id":16}}
2025/06/27 17:32:08 Sent {"src":"n2","dest":"c11","body":{"in_reply_to":16,"messages":[1,5,10,13,19,20,26,30,35,39],"type":"read_ok"}}
2025/06/27 17:32:08 Received {c11 n2 {"type":"broadcast","message":46,"msg_id":17}}
2025/06/27 17:32:08 Sent {"src":"n2","dest":"c11","body":{"in_reply_to":17,"type":"broadcast_ok"}}
2025/06/27 17:32:08 Sent {"src":"n2","dest":"n1","body":{"message":46,"msg_id":11,"type":"broadcast"}}
2025/06/27 17:32:09 Received {c11 n2 {"type":"broadcast","message":51,"msg_id":18}}
2025/06/27 17:32:09 Sent {"src":"n2","dest":"c11","body":{"in_reply_to":18,"type":"broadcast_ok"}}
2025/06/27 17:32:09 Sent {"src":"n2","dest":"n1","body":{"message":51,"msg_id":12,"type":"broadcast"}}
2025/06/27 17:32:10 Received {c11 n2 {"type":"broadcast","message":55,"msg_id":19}}
2025/06/27 17:32:10 Sent {"src":"n2","dest":"c11","body":{"in_reply_to":19,"type":"broadcast_ok"}}
2025/06/27 17:32:10 Sent {"src":"n2","dest":"n1","body":{"message":55,"msg_id":13,"type":"broadcast"}}
2025/06/27 17:32:10 Received {c11 n2 {"type":"read","msg_id":20}}
2025/06/27 17:32:10 Sent {"src":"n2","dest":"c11","body":{"in_reply_to":20,"messages":[1,5,10,13,19,20,26,30,35,39,46,51,55],"type":"read_ok"}}
2025/06/27 17:32:11 Received {c11 n2 {"type":"broadcast","message":57,"msg_id":21}}
2025/06/27 17:32:11 Sent {"src":"n2","dest":"c11","body":{"in_reply_to":21,"type":"broadcast_ok"}}
2025/06/27 17:32:11 Sent {"src":"n2","dest":"n1","body":{"message":57,"msg_id":14,"type":"broadcast"}}
2025/06/27 17:32:11 Received {c11 n2 {"type":"broadcast","message":60,"msg_id":22}}
2025/06/27 17:32:11 Sent {"src":"n2","dest":"c11","body":{"in_reply_to":22,"type":"broadcast_ok"}}
2025/06/27 17:32:11 Sent {"src":"n2","dest":"n1","body":{"message":60,"msg_id":15,"type":"broadcast"}}
2025/06/27 17:32:12 Received {c11 n2 {"type":"broadcast","message":62,"msg_id":23}}
2025/06/27 17:32:12 Sent {"src":"n2","dest":"c11","body":{"in_reply_to":23,"type":"broadcast_ok"}}
2025/06/27 17:32:12 Sent {"src":"n2","dest":"n1","body":{"message":62,"msg_id":16,"type":"broadcast"}}
2025/06/27 17:32:12 Received {n1 n2 {"message":64,"msg_id":147,"type":"broadcast"}}
2025/06/27 17:32:12 Sent {"src":"n2","dest":"n1","body":{"in_reply_to":147,"type":"broadcast_ok"}}
2025/06/27 17:32:12 Sent {"src":"n2","dest":"n1","body":{"message":64,"msg_id":17,"type":"broadcast"}}
2025/06/27 17:32:12 Received {n1 n2 {"in_reply_to":17,"type":"broadcast_ok"}}
2025/06/27 17:32:12 Received {n1 n2 {"message":65,"msg_id":149,"type":"broadcast"}}
2025/06/27 17:32:12 Sent {"src":"n2","dest":"n1","body":{"in_reply_to":149,"type":"broadcast_ok"}}
2025/06/27 17:32:12 Sent {"src":"n2","dest":"n1","body":{"message":65,"msg_id":18,"type":"broadcast"}}
2025/06/27 17:32:12 Received {n1 n2 {"in_reply_to":18,"type":"broadcast_ok"}}
2025/06/27 17:32:12 Received {c11 n2 {"type":"read","msg_id":24}}
2025/06/27 17:32:12 Sent {"src":"n2","dest":"c11","body":{"in_reply_to":24,"messages":[1,5,10,13,19,20,26,30,35,39,46,51,55,57,60,62,64,65],"type":"read_ok"}}
2025/06/27 17:32:13 Received {n1 n2 {"message":66,"msg_id":152,"type":"broadcast"}}
2025/06/27 17:32:13 Sent {"src":"n2","dest":"n1","body":{"in_reply_to":152,"type":"broadcast_ok"}}
2025/06/27 17:32:13 Sent {"src":"n2","dest":"n1","body":{"message":66,"msg_id":19,"type":"broadcast"}}
2025/06/27 17:32:13 Received {n1 n2 {"in_reply_to":19,"type":"broadcast_ok"}}
2025/06/27 17:32:13 Received {n1 n2 {"message":67,"msg_id":156,"type":"broadcast"}}
2025/06/27 17:32:13 Sent {"src":"n2","dest":"n1","body":{"in_reply_to":156,"type":"broadcast_ok"}}
2025/06/27 17:32:13 Sent {"src":"n2","dest":"n1","body":{"message":67,"msg_id":20,"type":"broadcast"}}
2025/06/27 17:32:13 Received {n1 n2 {"in_reply_to":20,"type":"broadcast_ok"}}
2025/06/27 17:32:13 Received {n1 n2 {"message":68,"msg_id":158,"type":"broadcast"}}
2025/06/27 17:32:13 Sent {"src":"n2","dest":"n1","body":{"in_reply_to":158,"type":"broadcast_ok"}}
2025/06/27 17:32:13 Sent {"src":"n2","dest":"n1","body":{"message":68,"msg_id":21,"type":"broadcast"}}
2025/06/27 17:32:13 Received {n1 n2 {"in_reply_to":21,"type":"broadcast_ok"}}
2025/06/27 17:32:13 Received {c11 n2 {"type":"broadcast","message":69,"msg_id":25}}
2025/06/27 17:32:13 Sent {"src":"n2","dest":"c11","body":{"in_reply_to":25,"type":"broadcast_ok"}}
2025/06/27 17:32:13 Sent {"src":"n2","dest":"n1","body":{"message":69,"msg_id":22,"type":"broadcast"}}
2025/06/27 17:32:13 Received {n1 n2 {"in_reply_to":22,"type":"broadcast_ok"}}
2025/06/27 17:32:13 Received {n1 n2 {"message":69,"msg_id":162,"type":"broadcast"}}
2025/06/27 17:32:13 Sent {"src":"n2","dest":"n1","body":{"in_reply_to":162,"type":"broadcast_ok"}}
2025/06/27 17:32:13 Received {n1 n2 {"message":70,"msg_id":165,"type":"broadcast"}}
2025/06/27 17:32:13 Sent {"src":"n2","dest":"n1","body":{"in_reply_to":165,"type":"broadcast_ok"}}
2025/06/27 17:32:13 Sent {"src":"n2","dest":"n1","body":{"message":70,"msg_id":23,"type":"broadcast"}}
2025/06/27 17:32:13 Received {n1 n2 {"in_reply_to":23,"type":"broadcast_ok"}}
2025/06/27 17:32:13 Received {n1 n2 {"message":71,"msg_id":167,"type":"broadcast"}}
2025/06/27 17:32:13 Sent {"src":"n2","dest":"n1","body":{"in_reply_to":167,"type":"broadcast_ok"}}
2025/06/27 17:32:13 Sent {"src":"n2","dest":"n1","body":{"message":71,"msg_id":24,"type":"broadcast"}}
2025/06/27 17:32:13 Received {n1 n2 {"in_reply_to":24,"type":"broadcast_ok"}}
2025/06/27 17:32:14 Received {n1 n2 {"message":72,"msg_id":171,"type":"broadcast"}}
2025/06/27 17:32:14 Sent {"src":"n2","dest":"n1","body":{"in_reply_to":171,"type":"broadcast_ok"}}
2025/06/27 17:32:14 Sent {"src":"n2","dest":"n1","body":{"message":72,"msg_id":25,"type":"broadcast"}}
2025/06/27 17:32:14 Received {n1 n2 {"in_reply_to":25,"type":"broadcast_ok"}}
2025/06/27 17:32:14 Received {c11 n2 {"type":"broadcast","message":73,"msg_id":26}}
2025/06/27 17:32:14 Sent {"src":"n2","dest":"c11","body":{"in_reply_to":26,"type":"broadcast_ok"}}
2025/06/27 17:32:14 Sent {"src":"n2","dest":"n1","body":{"message":73,"msg_id":26,"type":"broadcast"}}
2025/06/27 17:32:14 Received {n1 n2 {"in_reply_to":26,"type":"broadcast_ok"}}
2025/06/27 17:32:14 Received {n1 n2 {"message":73,"msg_id":173,"type":"broadcast"}}
2025/06/27 17:32:14 Sent {"src":"n2","dest":"n1","body":{"in_reply_to":173,"type":"broadcast_ok"}}
2025/06/27 17:32:14 Received {n1 n2 {"message":74,"msg_id":176,"type":"broadcast"}}
2025/06/27 17:32:14 Sent {"src":"n2","dest":"n1","body":{"in_reply_to":176,"type":"broadcast_ok"}}
2025/06/27 17:32:14 Sent {"src":"n2","dest":"n1","body":{"message":74,"msg_id":27,"type":"broadcast"}}
2025/06/27 17:32:14 Received {n1 n2 {"in_reply_to":27,"type":"broadcast_ok"}}
2025/06/27 17:32:14 Received {n1 n2 {"message":75,"msg_id":180,"type":"broadcast"}}
2025/06/27 17:32:14 Sent {"src":"n2","dest":"n1","body":{"in_reply_to":180,"type":"broadcast_ok"}}
2025/06/27 17:32:14 Sent {"src":"n2","dest":"n1","body":{"message":75,"msg_id":28,"type":"broadcast"}}
2025/06/27 17:32:14 Received {n1 n2 {"in_reply_to":28,"type":"broadcast_ok"}}
2025/06/27 17:32:14 Received {c11 n2 {"type":"read","msg_id":27}}
2025/06/27 17:32:14 Sent {"src":"n2","dest":"c11","body":{"in_reply_to":27,"messages":[1,5,10,13,19,20,26,30,35,39,46,51,55,57,60,62,64,65,66,67,68,69,70,71,72,73,74,75],"type":"read_ok"}}
2025/06/27 17:32:14 Received {n1 n2 {"message":76,"msg_id":182,"type":"broadcast"}}
2025/06/27 17:32:14 Sent {"src":"n2","dest":"n1","body":{"in_reply_to":182,"type":"broadcast_ok"}}
2025/06/27 17:32:14 Sent {"src":"n2","dest":"n1","body":{"message":76,"msg_id":29,"type":"broadcast"}}
2025/06/27 17:32:14 Received {n1 n2 {"in_reply_to":29,"type":"broadcast_ok"}}
2025/06/27 17:32:14 Received {n1 n2 {"message":77,"msg_id":185,"type":"broadcast"}}
2025/06/27 17:32:14 Sent {"src":"n2","dest":"n1","body":{"in_reply_to":185,"type":"broadcast_ok"}}
2025/06/27 17:32:14 Sent {"src":"n2","dest":"n1","body":{"message":77,"msg_id":30,"type":"broadcast"}}
2025/06/27 17:32:14 Received {n1 n2 {"in_reply_to":30,"type":"broadcast_ok"}}
2025/06/27 17:32:14 Received {n1 n2 {"message":78,"msg_id":189,"type":"broadcast"}}
2025/06/27 17:32:14 Sent {"src":"n2","dest":"n1","body":{"in_reply_to":189,"type":"broadcast_ok"}}
2025/06/27 17:32:14 Sent {"src":"n2","dest":"n1","body":{"message":78,"msg_id":31,"type":"broadcast"}}
2025/06/27 17:32:14 Received {n1 n2 {"in_reply_to":31,"type":"broadcast_ok"}}
2025/06/27 17:32:15 Received {n1 n2 {"message":79,"msg_id":192,"type":"broadcast"}}
2025/06/27 17:32:15 Sent {"src":"n2","dest":"n1","body":{"message":79,"msg_id":32,"type":"broadcast"}}
2025/06/27 17:32:15 Sent {"src":"n2","dest":"n1","body":{"in_reply_to":192,"type":"broadcast_ok"}}
2025/06/27 17:32:15 Received {n1 n2 {"in_reply_to":32,"type":"broadcast_ok"}}
2025/06/27 17:32:15 Received {c11 n2 {"type":"broadcast","message":80,"msg_id":28}}
2025/06/27 17:32:15 Sent {"src":"n2","dest":"c11","body":{"in_reply_to":28,"type":"broadcast_ok"}}
2025/06/27 17:32:15 Sent {"src":"n2","dest":"n1","body":{"message":80,"msg_id":33,"type":"broadcast"}}
2025/06/27 17:32:15 Received {n1 n2 {"in_reply_to":33,"type":"broadcast_ok"}}
2025/06/27 17:32:15 Received {n1 n2 {"message":80,"msg_id":194,"type":"broadcast"}}
2025/06/27 17:32:15 Sent {"src":"n2","dest":"n1","body":{"in_reply_to":194,"type":"broadcast_ok"}}
2025/06/27 17:32:15 Received {n1 n2 {"message":81,"msg_id":198,"type":"broadcast"}}
2025/06/27 17:32:15 Sent {"src":"n2","dest":"n1","body":{"in_reply_to":198,"type":"broadcast_ok"}}
2025/06/27 17:32:15 Sent {"src":"n2","dest":"n1","body":{"message":81,"msg_id":34,"type":"broadcast"}}
2025/06/27 17:32:15 Received {n1 n2 {"in_reply_to":34,"type":"broadcast_ok"}}
2025/06/27 17:32:15 Received {n1 n2 {"message":82,"msg_id":200,"type":"broadcast"}}
2025/06/27 17:32:15 Sent {"src":"n2","dest":"n1","body":{"in_reply_to":200,"type":"broadcast_ok"}}
2025/06/27 17:32:15 Sent {"src":"n2","dest":"n1","body":{"message":82,"msg_id":35,"type":"broadcast"}}
2025/06/27 17:32:15 Received {n1 n2 {"in_reply_to":35,"type":"broadcast_ok"}}
2025/06/27 17:32:15 Received {n1 n2 {"message":83,"msg_id":203,"type":"broadcast"}}
2025/06/27 17:32:15 Sent {"src":"n2","dest":"n1","body":{"in_reply_to":203,"type":"broadcast_ok"}}
2025/06/27 17:32:15 Sent {"src":"n2","dest":"n1","body":{"message":83,"msg_id":36,"type":"broadcast"}}
2025/06/27 17:32:15 Received {n1 n2 {"in_reply_to":36,"type":"broadcast_ok"}}
2025/06/27 17:32:15 Received {c11 n2 {"type":"broadcast","message":84,"msg_id":29}}
2025/06/27 17:32:15 Sent {"src":"n2","dest":"c11","body":{"in_reply_to":29,"type":"broadcast_ok"}}
2025/06/27 17:32:15 Sent {"src":"n2","dest":"n1","body":{"message":84,"msg_id":37,"type":"broadcast"}}
2025/06/27 17:32:15 Received {n1 n2 {"in_reply_to":37,"type":"broadcast_ok"}}
2025/06/27 17:32:15 Received {n1 n2 {"message":84,"msg_id":207,"type":"broadcast"}}
2025/06/27 17:32:15 Sent {"src":"n2","dest":"n1","body":{"in_reply_to":207,"type":"broadcast_ok"}}
2025/06/27 17:32:15 Received {n1 n2 {"message":85,"msg_id":209,"type":"broadcast"}}
2025/06/27 17:32:15 Sent {"src":"n2","dest":"n1","body":{"in_reply_to":209,"type":"broadcast_ok"}}
2025/06/27 17:32:15 Sent {"src":"n2","dest":"n1","body":{"message":85,"msg_id":38,"type":"broadcast"}}
2025/06/27 17:32:15 Received {n1 n2 {"in_reply_to":38,"type":"broadcast_ok"}}
2025/06/27 17:32:16 Received {n1 n2 {"message":86,"msg_id":212,"type":"broadcast"}}
2025/06/27 17:32:16 Sent {"src":"n2","dest":"n1","body":{"in_reply_to":212,"type":"broadcast_ok"}}
2025/06/27 17:32:16 Sent {"src":"n2","dest":"n1","body":{"message":86,"msg_id":39,"type":"broadcast"}}
2025/06/27 17:32:16 Received {n1 n2 {"in_reply_to":39,"type":"broadcast_ok"}}
2025/06/27 17:32:16 Received {n1 n2 {"message":87,"msg_id":215,"type":"broadcast"}}
2025/06/27 17:32:16 Sent {"src":"n2","dest":"n1","body":{"in_reply_to":215,"type":"broadcast_ok"}}
2025/06/27 17:32:16 Sent {"src":"n2","dest":"n1","body":{"message":87,"msg_id":40,"type":"broadcast"}}
2025/06/27 17:32:16 Received {n1 n2 {"in_reply_to":40,"type":"broadcast_ok"}}
2025/06/27 17:32:16 Received {c11 n2 {"type":"broadcast","message":88,"msg_id":30}}
2025/06/27 17:32:16 Sent {"src":"n2","dest":"c11","body":{"in_reply_to":30,"type":"broadcast_ok"}}
2025/06/27 17:32:16 Sent {"src":"n2","dest":"n1","body":{"message":88,"msg_id":41,"type":"broadcast"}}
2025/06/27 17:32:16 Received {n1 n2 {"in_reply_to":41,"type":"broadcast_ok"}}
2025/06/27 17:32:16 Received {n1 n2 {"message":88,"msg_id":219,"type":"broadcast"}}
2025/06/27 17:32:16 Sent {"src":"n2","dest":"n1","body":{"in_reply_to":219,"type":"broadcast_ok"}}
2025/06/27 17:32:16 Received {n1 n2 {"message":89,"msg_id":222,"type":"broadcast"}}
2025/06/27 17:32:16 Sent {"src":"n2","dest":"n1","body":{"in_reply_to":222,"type":"broadcast_ok"}}
2025/06/27 17:32:16 Sent {"src":"n2","dest":"n1","body":{"message":89,"msg_id":42,"type":"broadcast"}}
2025/06/27 17:32:16 Received {n1 n2 {"in_reply_to":42,"type":"broadcast_ok"}}
2025/06/27 17:32:16 Received {n1 n2 {"message":90,"msg_id":225,"type":"broadcast"}}
2025/06/27 17:32:16 Sent {"src":"n2","dest":"n1","body":{"in_reply_to":225,"type":"broadcast_ok"}}
2025/06/27 17:32:16 Sent {"src":"n2","dest":"n1","body":{"message":90,"msg_id":43,"type":"broadcast"}}
2025/06/27 17:32:16 Received {n1 n2 {"in_reply_to":43,"type":"broadcast_ok"}}
2025/06/27 17:32:16 Received {n1 n2 {"message":91,"msg_id":228,"type":"broadcast"}}
2025/06/27 17:32:16 Sent {"src":"n2","dest":"n1","body":{"in_reply_to":228,"type":"broadcast_ok"}}
2025/06/27 17:32:16 Sent {"src":"n2","dest":"n1","body":{"message":91,"msg_id":44,"type":"broadcast"}}
2025/06/27 17:32:16 Received {n1 n2 {"in_reply_to":44,"type":"broadcast_ok"}}
2025/06/27 17:32:16 Received {n1 n2 {"message":92,"msg_id":230,"type":"broadcast"}}
2025/06/27 17:32:16 Sent {"src":"n2","dest":"n1","body":{"in_reply_to":230,"type":"broadcast_ok"}}
2025/06/27 17:32:16 Sent {"src":"n2","dest":"n1","body":{"message":92,"msg_id":45,"type":"broadcast"}}
2025/06/27 17:32:16 Received {n1 n2 {"in_reply_to":45,"type":"broadcast_ok"}}
2025/06/27 17:32:17 Received {c11 n2 {"type":"broadcast","message":93,"msg_id":31}}
2025/06/27 17:32:17 Sent {"src":"n2","dest":"c11","body":{"in_reply_to":31,"type":"broadcast_ok"}}
2025/06/27 17:32:17 Sent {"src":"n2","dest":"n1","body":{"message":93,"msg_id":46,"type":"broadcast"}}
2025/06/27 17:32:17 Received {n1 n2 {"in_reply_to":46,"type":"broadcast_ok"}}
2025/06/27 17:32:17 Received {n1 n2 {"message":93,"msg_id":233,"type":"broadcast"}}
2025/06/27 17:32:17 Sent {"src":"n2","dest":"n1","body":{"in_reply_to":233,"type":"broadcast_ok"}}
2025/06/27 17:32:17 Received {c11 n2 {"type":"broadcast","message":94,"msg_id":32}}
2025/06/27 17:32:17 Sent {"src":"n2","dest":"c11","body":{"in_reply_to":32,"type":"broadcast_ok"}}
2025/06/27 17:32:17 Sent {"src":"n2","dest":"n1","body":{"message":94,"msg_id":47,"type":"broadcast"}}
2025/06/27 17:32:17 Received {n1 n2 {"in_reply_to":47,"type":"broadcast_ok"}}
2025/06/27 17:32:17 Received {n1 n2 {"message":94,"msg_id":237,"type":"broadcast"}}
2025/06/27 17:32:17 Sent {"src":"n2","dest":"n1","body":{"in_reply_to":237,"type":"broadcast_ok"}}
2025/06/27 17:32:18 Received {n1 n2 {"message":95,"msg_id":239,"type":"broadcast"}}
2025/06/27 17:32:18 Sent {"src":"n2","dest":"n1","body":{"in_reply_to":239,"type":"broadcast_ok"}}
2025/06/27 17:32:18 Sent {"src":"n2","dest":"n1","body":{"message":95,"msg_id":48,"type":"broadcast"}}
2025/06/27 17:32:18 Received {n1 n2 {"in_reply_to":48,"type":"broadcast_ok"}}
2025/06/27 17:32:28 Received {c11 n2 {"type":"read","msg_id":33}}
2025/06/27 17:32:28 Sent {"src":"n2","dest":"c11","body":{"in_reply_to":33,"messages":[1,5,10,13,19,20,26,30,35,39,46,51,55,57,60,62,64,65,66,67,68,69,70,71,72,73,74,75,76,77,78,79,80,81,82,83,84,85,86,87,88,89,90,91,92,93,94,95],"type":"read_ok"}}
