2025/06/27 21:17:06 Received {c3 n2 {"type":"init","node_id":"n2","node_ids":["n0","n1","n2","n3","n4"],"msg_id":1}}
2025/06/27 21:17:06 Node n2 initialized
2025/06/27 21:17:06 Sent {"src":"n2","dest":"c3","body":{"in_reply_to":1,"type":"init_ok"}}
2025/06/27 21:17:06 Received {c7 n2 {"type":"topology","topology":{"n0":["n3","n1"],"n1":["n4","n2","n0"],"n2":["n1"],"n3":["n0","n4"],"n4":["n1","n3"]},"msg_id":1}}
2025/06/27 21:17:06 Sent {"src":"n2","dest":"c7","body":{"in_reply_to":1,"type":"topology_ok"}}
2025/06/27 21:17:06 Received {c11 n2 {"type":"broadcast","message":1,"msg_id":1}}
2025/06/27 21:17:06 Sent {"src":"n2","dest":"c11","body":{"in_reply_to":1,"type":"broadcast_ok"}}
2025/06/27 21:17:06 Sent {"src":"n2","dest":"n1","body":{"message":1,"msg_id":1,"type":"broadcast"}}
2025/06/27 21:17:06 Received {n1 n2 {"in_reply_to":1,"type":"broadcast_ok"}}
2025/06/27 21:17:06 Received {n1 n2 {"message":1,"msg_id":3,"type":"broadcast"}}
2025/06/27 21:17:06 Sent {"src":"n2","dest":"n1","body":{"in_reply_to":3,"type":"broadcast_ok"}}
2025/06/27 21:17:07 Received {n1 n2 {"message":2,"msg_id":5,"type":"broadcast"}}
2025/06/27 21:17:07 Sent {"src":"n2","dest":"n1","body":{"in_reply_to":5,"type":"broadcast_ok"}}
2025/06/27 21:17:07 Sent {"src":"n2","dest":"n1","body":{"message":2,"msg_id":2,"type":"broadcast"}}
2025/06/27 21:17:07 Received {n1 n2 {"in_reply_to":2,"type":"broadcast_ok"}}
2025/06/27 21:17:07 Received {c11 n2 {"type":"read","msg_id":2}}
2025/06/27 21:17:07 Sent {"src":"n2","dest":"c11","body":{"in_reply_to":2,"messages":[1,2],"type":"read_ok"}}
2025/06/27 21:17:07 Received {n1 n2 {"message":3,"msg_id":9,"type":"broadcast"}}
2025/06/27 21:17:07 Sent {"src":"n2","dest":"n1","body":{"in_reply_to":9,"type":"broadcast_ok"}}
2025/06/27 21:17:07 Sent {"src":"n2","dest":"n1","body":{"message":3,"msg_id":3,"type":"broadcast"}}
2025/06/27 21:17:07 Received {n1 n2 {"in_reply_to":3,"type":"broadcast_ok"}}
2025/06/27 21:17:08 Received {c11 n2 {"type":"broadcast","message":5,"msg_id":3}}
2025/06/27 21:17:08 Sent {"src":"n2","dest":"c11","body":{"in_reply_to":3,"type":"broadcast_ok"}}
2025/06/27 21:17:08 Sent {"src":"n2","dest":"n1","body":{"message":5,"msg_id":4,"type":"broadcast"}}
2025/06/27 21:17:08 Received {n1 n2 {"in_reply_to":4,"type":"broadcast_ok"}}
2025/06/27 21:17:08 Received {n1 n2 {"message":5,"msg_id":11,"type":"broadcast"}}
2025/06/27 21:17:08 Sent {"src":"n2","dest":"n1","body":{"in_reply_to":11,"type":"broadcast_ok"}}
2025/06/27 21:17:09 Received {c11 n2 {"type":"broadcast","message":7,"msg_id":4}}
2025/06/27 21:17:09 Sent {"src":"n2","dest":"c11","body":{"in_reply_to":4,"type":"broadcast_ok"}}
2025/06/27 21:17:09 Sent {"src":"n2","dest":"n1","body":{"message":7,"msg_id":5,"type":"broadcast"}}
2025/06/27 21:17:09 Received {n1 n2 {"in_reply_to":5,"type":"broadcast_ok"}}
2025/06/27 21:17:09 Received {n1 n2 {"message":7,"msg_id":14,"type":"broadcast"}}
2025/06/27 21:17:09 Sent {"src":"n2","dest":"n1","body":{"in_reply_to":14,"type":"broadcast_ok"}}
2025/06/27 21:17:09 Received {n1 n2 {"message":8,"msg_id":18,"type":"broadcast"}}
2025/06/27 21:17:09 Sent {"src":"n2","dest":"n1","body":{"in_reply_to":18,"type":"broadcast_ok"}}
2025/06/27 21:17:09 Sent {"src":"n2","dest":"n1","body":{"message":8,"msg_id":6,"type":"broadcast"}}
2025/06/27 21:17:09 Received {n1 n2 {"in_reply_to":6,"type":"broadcast_ok"}}
2025/06/27 21:17:09 Received {n1 n2 {"message":9,"msg_id":21,"type":"broadcast"}}
2025/06/27 21:17:09 Sent {"src":"n2","dest":"n1","body":{"in_reply_to":21,"type":"broadcast_ok"}}
2025/06/27 21:17:09 Sent {"src":"n2","dest":"n1","body":{"message":9,"msg_id":7,"type":"broadcast"}}
2025/06/27 21:17:09 Received {n1 n2 {"in_reply_to":7,"type":"broadcast_ok"}}
2025/06/27 21:17:09 Received {c11 n2 {"type":"read","msg_id":5}}
2025/06/27 21:17:09 Sent {"src":"n2","dest":"c11","body":{"in_reply_to":5,"messages":[1,2,3,5,7,8,9],"type":"read_ok"}}
2025/06/27 21:17:10 Received {n1 n2 {"message":10,"msg_id":24,"type":"broadcast"}}
2025/06/27 21:17:10 Sent {"src":"n2","dest":"n1","body":{"in_reply_to":24,"type":"broadcast_ok"}}
2025/06/27 21:17:10 Sent {"src":"n2","dest":"n1","body":{"message":10,"msg_id":8,"type":"broadcast"}}
2025/06/27 21:17:10 Received {n1 n2 {"in_reply_to":8,"type":"broadcast_ok"}}
2025/06/27 21:17:10 Received {c11 n2 {"type":"read","msg_id":6}}
2025/06/27 21:17:10 Sent {"src":"n2","dest":"c11","body":{"in_reply_to":6,"messages":[1,2,3,5,7,8,9,10],"type":"read_ok"}}
2025/06/27 21:17:10 Received {n1 n2 {"message":13,"msg_id":27,"type":"broadcast"}}
2025/06/27 21:17:10 Sent {"src":"n2","dest":"n1","body":{"in_reply_to":27,"type":"broadcast_ok"}}
2025/06/27 21:17:10 Sent {"src":"n2","dest":"n1","body":{"message":13,"msg_id":9,"type":"broadcast"}}
2025/06/27 21:17:10 Received {n1 n2 {"in_reply_to":9,"type":"broadcast_ok"}}
2025/06/27 21:17:10 Received {c11 n2 {"type":"broadcast","message":15,"msg_id":7}}
2025/06/27 21:17:10 Sent {"src":"n2","dest":"c11","body":{"in_reply_to":7,"type":"broadcast_ok"}}
2025/06/27 21:17:10 Sent {"src":"n2","dest":"n1","body":{"message":15,"msg_id":10,"type":"broadcast"}}
2025/06/27 21:17:10 Received {n1 n2 {"in_reply_to":10,"type":"broadcast_ok"}}
2025/06/27 21:17:10 Received {n1 n2 {"message":15,"msg_id":29,"type":"broadcast"}}
2025/06/27 21:17:10 Sent {"src":"n2","dest":"n1","body":{"in_reply_to":29,"type":"broadcast_ok"}}
2025/06/27 21:17:11 Received {n1 n2 {"message":16,"msg_id":32,"type":"broadcast"}}
2025/06/27 21:17:11 Sent {"src":"n2","dest":"n1","body":{"in_reply_to":32,"type":"broadcast_ok"}}
2025/06/27 21:17:11 Sent {"src":"n2","dest":"n1","body":{"message":16,"msg_id":11,"type":"broadcast"}}
2025/06/27 21:17:11 Received {n1 n2 {"in_reply_to":11,"type":"broadcast_ok"}}
2025/06/27 21:17:11 Received {n1 n2 {"message":17,"msg_id":35,"type":"broadcast"}}
2025/06/27 21:17:11 Sent {"src":"n2","dest":"n1","body":{"in_reply_to":35,"type":"broadcast_ok"}}
2025/06/27 21:17:11 Sent {"src":"n2","dest":"n1","body":{"message":17,"msg_id":12,"type":"broadcast"}}
2025/06/27 21:17:11 Received {n1 n2 {"in_reply_to":12,"type":"broadcast_ok"}}
2025/06/27 21:17:11 Received {c11 n2 {"type":"broadcast","message":20,"msg_id":8}}
2025/06/27 21:17:11 Sent {"src":"n2","dest":"c11","body":{"in_reply_to":8,"type":"broadcast_ok"}}
2025/06/27 21:17:11 Sent {"src":"n2","dest":"n1","body":{"message":20,"msg_id":13,"type":"broadcast"}}
2025/06/27 21:17:11 Received {n1 n2 {"in_reply_to":13,"type":"broadcast_ok"}}
2025/06/27 21:17:11 Received {n1 n2 {"message":20,"msg_id":38,"type":"broadcast"}}
2025/06/27 21:17:11 Sent {"src":"n2","dest":"n1","body":{"in_reply_to":38,"type":"broadcast_ok"}}
2025/06/27 21:17:11 Received {n1 n2 {"message":21,"msg_id":42,"type":"broadcast"}}
2025/06/27 21:17:11 Sent {"src":"n2","dest":"n1","body":{"in_reply_to":42,"type":"broadcast_ok"}}
2025/06/27 21:17:11 Sent {"src":"n2","dest":"n1","body":{"message":21,"msg_id":14,"type":"broadcast"}}
2025/06/27 21:17:11 Received {n1 n2 {"in_reply_to":14,"type":"broadcast_ok"}}
2025/06/27 21:17:11 Received {n1 n2 {"message":23,"msg_id":44,"type":"broadcast"}}
2025/06/27 21:17:11 Sent {"src":"n2","dest":"n1","body":{"in_reply_to":44,"type":"broadcast_ok"}}
2025/06/27 21:17:11 Sent {"src":"n2","dest":"n1","body":{"message":23,"msg_id":15,"type":"broadcast"}}
2025/06/27 21:17:11 Received {n1 n2 {"in_reply_to":15,"type":"broadcast_ok"}}
2025/06/27 21:17:11 Received {c11 n2 {"type":"read","msg_id":9}}
2025/06/27 21:17:11 Sent {"src":"n2","dest":"c11","body":{"in_reply_to":9,"messages":[1,2,3,5,7,8,9,10,13,15,16,17,20,21,23],"type":"read_ok"}}
2025/06/27 21:17:12 Received {n1 n2 {"message":24,"msg_id":48,"type":"broadcast"}}
2025/06/27 21:17:12 Sent {"src":"n2","dest":"n1","body":{"in_reply_to":48,"type":"broadcast_ok"}}
2025/06/27 21:17:12 Sent {"src":"n2","dest":"n1","body":{"message":24,"msg_id":16,"type":"broadcast"}}
2025/06/27 21:17:12 Received {n1 n2 {"in_reply_to":16,"type":"broadcast_ok"}}
2025/06/27 21:17:12 Received {n1 n2 {"message":25,"msg_id":50,"type":"broadcast"}}
2025/06/27 21:17:12 Sent {"src":"n2","dest":"n1","body":{"in_reply_to":50,"type":"broadcast_ok"}}
2025/06/27 21:17:12 Sent {"src":"n2","dest":"n1","body":{"message":25,"msg_id":17,"type":"broadcast"}}
2025/06/27 21:17:12 Received {n1 n2 {"in_reply_to":17,"type":"broadcast_ok"}}
2025/06/27 21:17:12 Received {c11 n2 {"type":"read","msg_id":10}}
2025/06/27 21:17:12 Sent {"src":"n2","dest":"c11","body":{"in_reply_to":10,"messages":[1,2,3,5,7,8,9,10,13,15,16,17,20,21,23,24,25],"type":"read_ok"}}
2025/06/27 21:17:12 Received {n1 n2 {"message":28,"msg_id":54,"type":"broadcast"}}
2025/06/27 21:17:12 Sent {"src":"n2","dest":"n1","body":{"in_reply_to":54,"type":"broadcast_ok"}}
2025/06/27 21:17:12 Sent {"src":"n2","dest":"n1","body":{"message":28,"msg_id":18,"type":"broadcast"}}
2025/06/27 21:17:12 Received {n1 n2 {"in_reply_to":18,"type":"broadcast_ok"}}
2025/06/27 21:17:12 Received {n1 n2 {"message":30,"msg_id":57,"type":"broadcast"}}
2025/06/27 21:17:12 Sent {"src":"n2","dest":"n1","body":{"in_reply_to":57,"type":"broadcast_ok"}}
2025/06/27 21:17:12 Sent {"src":"n2","dest":"n1","body":{"message":30,"msg_id":19,"type":"broadcast"}}
2025/06/27 21:17:12 Received {n1 n2 {"in_reply_to":19,"type":"broadcast_ok"}}
2025/06/27 21:17:13 Received {c11 n2 {"type":"broadcast","message":31,"msg_id":11}}
2025/06/27 21:17:13 Sent {"src":"n2","dest":"c11","body":{"in_reply_to":11,"type":"broadcast_ok"}}
2025/06/27 21:17:13 Sent {"src":"n2","dest":"n1","body":{"message":31,"msg_id":20,"type":"broadcast"}}
2025/06/27 21:17:13 Received {n1 n2 {"in_reply_to":20,"type":"broadcast_ok"}}
2025/06/27 21:17:13 Received {n1 n2 {"message":31,"msg_id":60,"type":"broadcast"}}
2025/06/27 21:17:13 Sent {"src":"n2","dest":"n1","body":{"in_reply_to":60,"type":"broadcast_ok"}}
2025/06/27 21:17:13 Received {n1 n2 {"message":32,"msg_id":63,"type":"broadcast"}}
2025/06/27 21:17:13 Sent {"src":"n2","dest":"n1","body":{"in_reply_to":63,"type":"broadcast_ok"}}
2025/06/27 21:17:13 Sent {"src":"n2","dest":"n1","body":{"message":32,"msg_id":21,"type":"broadcast"}}
2025/06/27 21:17:13 Received {n1 n2 {"in_reply_to":21,"type":"broadcast_ok"}}
2025/06/27 21:17:13 Received {c11 n2 {"type":"read","msg_id":12}}
2025/06/27 21:17:13 Sent {"src":"n2","dest":"c11","body":{"in_reply_to":12,"messages":[1,2,3,5,7,8,9,10,13,15,16,17,20,21,23,24,25,28,30,31,32],"type":"read_ok"}}
2025/06/27 21:17:13 Received {n1 n2 {"message":33,"msg_id":65,"type":"broadcast"}}
2025/06/27 21:17:13 Sent {"src":"n2","dest":"n1","body":{"in_reply_to":65,"type":"broadcast_ok"}}
2025/06/27 21:17:13 Sent {"src":"n2","dest":"n1","body":{"message":33,"msg_id":22,"type":"broadcast"}}
2025/06/27 21:17:13 Received {n1 n2 {"in_reply_to":22,"type":"broadcast_ok"}}
2025/06/27 21:17:14 Received {n1 n2 {"message":36,"msg_id":69,"type":"broadcast"}}
2025/06/27 21:17:14 Sent {"src":"n2","dest":"n1","body":{"in_reply_to":69,"type":"broadcast_ok"}}
2025/06/27 21:17:14 Sent {"src":"n2","dest":"n1","body":{"message":36,"msg_id":23,"type":"broadcast"}}
2025/06/27 21:17:14 Received {n1 n2 {"in_reply_to":23,"type":"broadcast_ok"}}
2025/06/27 21:17:14 Received {c11 n2 {"type":"read","msg_id":13}}
2025/06/27 21:17:14 Sent {"src":"n2","dest":"c11","body":{"in_reply_to":13,"messages":[1,2,3,5,7,8,9,10,13,15,16,17,20,21,23,24,25,28,30,31,32,33,36],"type":"read_ok"}}
2025/06/27 21:17:14 Received {n1 n2 {"message":37,"msg_id":72,"type":"broadcast"}}
2025/06/27 21:17:14 Sent {"src":"n2","dest":"n1","body":{"in_reply_to":72,"type":"broadcast_ok"}}
2025/06/27 21:17:14 Sent {"src":"n2","dest":"n1","body":{"message":37,"msg_id":24,"type":"broadcast"}}
2025/06/27 21:17:14 Received {n1 n2 {"in_reply_to":24,"type":"broadcast_ok"}}
2025/06/27 21:17:15 Received {c11 n2 {"type":"read","msg_id":14}}
2025/06/27 21:17:15 Sent {"src":"n2","dest":"c11","body":{"in_reply_to":14,"messages":[1,2,3,5,7,8,9,10,13,15,16,17,20,21,23,24,25,28,30,31,32,33,36,37],"type":"read_ok"}}
2025/06/27 21:17:15 Received {n1 n2 {"message":39,"msg_id":75,"type":"broadcast"}}
2025/06/27 21:17:15 Sent {"src":"n2","dest":"n1","body":{"in_reply_to":75,"type":"broadcast_ok"}}
2025/06/27 21:17:15 Sent {"src":"n2","dest":"n1","body":{"message":39,"msg_id":25,"type":"broadcast"}}
2025/06/27 21:17:15 Received {n1 n2 {"in_reply_to":25,"type":"broadcast_ok"}}
2025/06/27 21:17:15 Received {n1 n2 {"message":41,"msg_id":78,"type":"broadcast"}}
2025/06/27 21:17:15 Sent {"src":"n2","dest":"n1","body":{"in_reply_to":78,"type":"broadcast_ok"}}
2025/06/27 21:17:15 Sent {"src":"n2","dest":"n1","body":{"message":41,"msg_id":26,"type":"broadcast"}}
2025/06/27 21:17:15 Received {n1 n2 {"in_reply_to":26,"type":"broadcast_ok"}}
2025/06/27 21:17:15 Received {c11 n2 {"type":"read","msg_id":15}}
2025/06/27 21:17:15 Sent {"src":"n2","dest":"c11","body":{"in_reply_to":15,"messages":[1,2,3,5,7,8,9,10,13,15,16,17,20,21,23,24,25,28,30,31,32,33,36,37,39,41],"type":"read_ok"}}
2025/06/27 21:17:15 Received {n1 n2 {"message":42,"msg_id":80,"type":"broadcast"}}
2025/06/27 21:17:15 Sent {"src":"n2","dest":"n1","body":{"in_reply_to":80,"type":"broadcast_ok"}}
2025/06/27 21:17:15 Sent {"src":"n2","dest":"n1","body":{"message":42,"msg_id":27,"type":"broadcast"}}
2025/06/27 21:17:15 Received {n1 n2 {"in_reply_to":27,"type":"broadcast_ok"}}
2025/06/27 21:17:15 Received {n1 n2 {"message":43,"msg_id":83,"type":"broadcast"}}
2025/06/27 21:17:15 Sent {"src":"n2","dest":"n1","body":{"in_reply_to":83,"type":"broadcast_ok"}}
2025/06/27 21:17:15 Sent {"src":"n2","dest":"n1","body":{"message":43,"msg_id":28,"type":"broadcast"}}
2025/06/27 21:17:15 Received {n1 n2 {"in_reply_to":28,"type":"broadcast_ok"}}
2025/06/27 21:17:16 Received {c11 n2 {"type":"broadcast","message":44,"msg_id":16}}
2025/06/27 21:17:16 Sent {"src":"n2","dest":"c11","body":{"in_reply_to":16,"type":"broadcast_ok"}}
2025/06/27 21:17:16 Sent {"src":"n2","dest":"n1","body":{"message":44,"msg_id":29,"type":"broadcast"}}
2025/06/27 21:17:16 Received {n1 n2 {"in_reply_to":29,"type":"broadcast_ok"}}
2025/06/27 21:17:16 Received {n1 n2 {"message":44,"msg_id":87,"type":"broadcast"}}
2025/06/27 21:17:16 Sent {"src":"n2","dest":"n1","body":{"in_reply_to":87,"type":"broadcast_ok"}}
2025/06/27 21:17:17 Received {n1 n2 {"message":45,"msg_id":89,"type":"broadcast"}}
2025/06/27 21:17:17 Sent {"src":"n2","dest":"n1","body":{"in_reply_to":89,"type":"broadcast_ok"}}
2025/06/27 21:17:17 Sent {"src":"n2","dest":"n1","body":{"message":45,"msg_id":30,"type":"broadcast"}}
2025/06/27 21:17:17 Received {n1 n2 {"in_reply_to":30,"type":"broadcast_ok"}}
2025/06/27 21:17:17 Received {c11 n2 {"type":"read","msg_id":17}}
2025/06/27 21:17:17 Sent {"src":"n2","dest":"c11","body":{"in_reply_to":17,"messages":[1,2,3,5,7,8,9,10,13,15,16,17,20,21,23,24,25,28,30,31,32,33,36,37,39,41,42,43,44,45],"type":"read_ok"}}
2025/06/27 21:17:17 Received {n1 n2 {"message":46,"msg_id":92,"type":"broadcast"}}
2025/06/27 21:17:17 Sent {"src":"n2","dest":"n1","body":{"in_reply_to":92,"type":"broadcast_ok"}}
2025/06/27 21:17:17 Sent {"src":"n2","dest":"n1","body":{"message":46,"msg_id":31,"type":"broadcast"}}
2025/06/27 21:17:17 Received {n1 n2 {"in_reply_to":31,"type":"broadcast_ok"}}
2025/06/27 21:17:18 Received {n1 n2 {"message":47,"msg_id":95,"type":"broadcast"}}
2025/06/27 21:17:18 Sent {"src":"n2","dest":"n1","body":{"in_reply_to":95,"type":"broadcast_ok"}}
2025/06/27 21:17:18 Sent {"src":"n2","dest":"n1","body":{"message":47,"msg_id":32,"type":"broadcast"}}
2025/06/27 21:17:18 Received {n1 n2 {"in_reply_to":32,"type":"broadcast_ok"}}
2025/06/27 21:17:18 Received {c11 n2 {"type":"broadcast","message":48,"msg_id":18}}
2025/06/27 21:17:18 Sent {"src":"n2","dest":"c11","body":{"in_reply_to":18,"type":"broadcast_ok"}}
2025/06/27 21:17:18 Sent {"src":"n2","dest":"n1","body":{"message":48,"msg_id":33,"type":"broadcast"}}
2025/06/27 21:17:18 Received {n1 n2 {"in_reply_to":33,"type":"broadcast_ok"}}
2025/06/27 21:17:18 Received {n1 n2 {"message":48,"msg_id":99,"type":"broadcast"}}
2025/06/27 21:17:18 Sent {"src":"n2","dest":"n1","body":{"in_reply_to":99,"type":"broadcast_ok"}}
2025/06/27 21:17:19 Received {c11 n2 {"type":"broadcast","message":50,"msg_id":19}}
2025/06/27 21:17:19 Sent {"src":"n2","dest":"c11","body":{"in_reply_to":19,"type":"broadcast_ok"}}
2025/06/27 21:17:19 Sent {"src":"n2","dest":"n1","body":{"message":50,"msg_id":34,"type":"broadcast"}}
2025/06/27 21:17:19 Received {n1 n2 {"in_reply_to":34,"type":"broadcast_ok"}}
2025/06/27 21:17:19 Received {n1 n2 {"message":50,"msg_id":101,"type":"broadcast"}}
2025/06/27 21:17:19 Sent {"src":"n2","dest":"n1","body":{"in_reply_to":101,"type":"broadcast_ok"}}
2025/06/27 21:17:19 Received {n1 n2 {"message":51,"msg_id":105,"type":"broadcast"}}
2025/06/27 21:17:19 Sent {"src":"n2","dest":"n1","body":{"in_reply_to":105,"type":"broadcast_ok"}}
2025/06/27 21:17:19 Sent {"src":"n2","dest":"n1","body":{"message":51,"msg_id":35,"type":"broadcast"}}
2025/06/27 21:17:19 Received {n1 n2 {"in_reply_to":35,"type":"broadcast_ok"}}
2025/06/27 21:17:19 Received {n1 n2 {"message":52,"msg_id":108,"type":"broadcast"}}
2025/06/27 21:17:19 Sent {"src":"n2","dest":"n1","body":{"in_reply_to":108,"type":"broadcast_ok"}}
2025/06/27 21:17:19 Sent {"src":"n2","dest":"n1","body":{"message":52,"msg_id":36,"type":"broadcast"}}
2025/06/27 21:17:19 Received {n1 n2 {"in_reply_to":36,"type":"broadcast_ok"}}
2025/06/27 21:17:19 Received {c11 n2 {"type":"broadcast","message":54,"msg_id":20}}
2025/06/27 21:17:19 Sent {"src":"n2","dest":"c11","body":{"in_reply_to":20,"type":"broadcast_ok"}}
2025/06/27 21:17:19 Sent {"src":"n2","dest":"n1","body":{"message":54,"msg_id":37,"type":"broadcast"}}
2025/06/27 21:17:19 Received {n1 n2 {"in_reply_to":37,"type":"broadcast_ok"}}
2025/06/27 21:17:19 Received {n1 n2 {"message":54,"msg_id":110,"type":"broadcast"}}
2025/06/27 21:17:19 Sent {"src":"n2","dest":"n1","body":{"in_reply_to":110,"type":"broadcast_ok"}}
2025/06/27 21:17:19 Received {n1 n2 {"message":55,"msg_id":114,"type":"broadcast"}}
2025/06/27 21:17:19 Sent {"src":"n2","dest":"n1","body":{"in_reply_to":114,"type":"broadcast_ok"}}
2025/06/27 21:17:19 Sent {"src":"n2","dest":"n1","body":{"message":55,"msg_id":38,"type":"broadcast"}}
2025/06/27 21:17:19 Received {n1 n2 {"in_reply_to":38,"type":"broadcast_ok"}}
2025/06/27 21:17:20 Received {c11 n2 {"type":"read","msg_id":21}}
2025/06/27 21:17:20 Sent {"src":"n2","dest":"c11","body":{"in_reply_to":21,"messages":[1,2,3,5,7,8,9,10,13,15,16,17,20,21,23,24,25,28,30,31,32,33,36,37,39,41,42,43,44,45,46,47,48,50,51,52,54,55],"type":"read_ok"}}
2025/06/27 21:17:20 Received {n1 n2 {"message":58,"msg_id":116,"type":"broadcast"}}
2025/06/27 21:17:20 Sent {"src":"n2","dest":"n1","body":{"in_reply_to":116,"type":"broadcast_ok"}}
2025/06/27 21:17:20 Sent {"src":"n2","dest":"n1","body":{"message":58,"msg_id":39,"type":"broadcast"}}
2025/06/27 21:17:20 Received {n1 n2 {"in_reply_to":39,"type":"broadcast_ok"}}
2025/06/27 21:17:20 Received {n1 n2 {"message":60,"msg_id":119,"type":"broadcast"}}
2025/06/27 21:17:20 Sent {"src":"n2","dest":"n1","body":{"in_reply_to":119,"type":"broadcast_ok"}}
2025/06/27 21:17:20 Sent {"src":"n2","dest":"n1","body":{"message":60,"msg_id":40,"type":"broadcast"}}
2025/06/27 21:17:20 Received {n1 n2 {"in_reply_to":40,"type":"broadcast_ok"}}
2025/06/27 21:17:20 Received {c11 n2 {"type":"broadcast","message":61,"msg_id":22}}
2025/06/27 21:17:20 Sent {"src":"n2","dest":"c11","body":{"in_reply_to":22,"type":"broadcast_ok"}}
2025/06/27 21:17:20 Sent {"src":"n2","dest":"n1","body":{"message":61,"msg_id":41,"type":"broadcast"}}
2025/06/27 21:17:20 Received {n1 n2 {"in_reply_to":41,"type":"broadcast_ok"}}
2025/06/27 21:17:20 Received {n1 n2 {"message":61,"msg_id":122,"type":"broadcast"}}
2025/06/27 21:17:20 Sent {"src":"n2","dest":"n1","body":{"in_reply_to":122,"type":"broadcast_ok"}}
2025/06/27 21:17:21 Received {n1 n2 {"message":62,"msg_id":126,"type":"broadcast"}}
2025/06/27 21:17:21 Sent {"src":"n2","dest":"n1","body":{"in_reply_to":126,"type":"broadcast_ok"}}
2025/06/27 21:17:21 Sent {"src":"n2","dest":"n1","body":{"message":62,"msg_id":42,"type":"broadcast"}}
2025/06/27 21:17:21 Received {n1 n2 {"in_reply_to":42,"type":"broadcast_ok"}}
2025/06/27 21:17:21 Received {n1 n2 {"message":63,"msg_id":128,"type":"broadcast"}}
2025/06/27 21:17:21 Sent {"src":"n2","dest":"n1","body":{"in_reply_to":128,"type":"broadcast_ok"}}
2025/06/27 21:17:21 Sent {"src":"n2","dest":"n1","body":{"message":63,"msg_id":43,"type":"broadcast"}}
2025/06/27 21:17:21 Received {n1 n2 {"in_reply_to":43,"type":"broadcast_ok"}}
2025/06/27 21:17:21 Received {c11 n2 {"type":"broadcast","message":66,"msg_id":23}}
2025/06/27 21:17:21 Sent {"src":"n2","dest":"c11","body":{"in_reply_to":23,"type":"broadcast_ok"}}
2025/06/27 21:17:21 Sent {"src":"n2","dest":"n1","body":{"message":66,"msg_id":44,"type":"broadcast"}}
2025/06/27 21:17:21 Received {n1 n2 {"in_reply_to":44,"type":"broadcast_ok"}}
2025/06/27 21:17:21 Received {n1 n2 {"message":66,"msg_id":131,"type":"broadcast"}}
2025/06/27 21:17:21 Sent {"src":"n2","dest":"n1","body":{"in_reply_to":131,"type":"broadcast_ok"}}
2025/06/27 21:17:21 Received {n1 n2 {"message":67,"msg_id":135,"type":"broadcast"}}
2025/06/27 21:17:21 Sent {"src":"n2","dest":"n1","body":{"in_reply_to":135,"type":"broadcast_ok"}}
2025/06/27 21:17:21 Sent {"src":"n2","dest":"n1","body":{"message":67,"msg_id":45,"type":"broadcast"}}
2025/06/27 21:17:21 Received {n1 n2 {"in_reply_to":45,"type":"broadcast_ok"}}
2025/06/27 21:17:22 Received {c11 n2 {"type":"broadcast","message":69,"msg_id":24}}
2025/06/27 21:17:22 Sent {"src":"n2","dest":"c11","body":{"in_reply_to":24,"type":"broadcast_ok"}}
2025/06/27 21:17:22 Sent {"src":"n2","dest":"n1","body":{"message":69,"msg_id":46,"type":"broadcast"}}
2025/06/27 21:17:22 Received {n1 n2 {"in_reply_to":46,"type":"broadcast_ok"}}
2025/06/27 21:17:22 Received {n1 n2 {"message":69,"msg_id":137,"type":"broadcast"}}
2025/06/27 21:17:22 Sent {"src":"n2","dest":"n1","body":{"in_reply_to":137,"type":"broadcast_ok"}}
2025/06/27 21:17:22 Received {n1 n2 {"message":70,"msg_id":141,"type":"broadcast"}}
2025/06/27 21:17:22 Sent {"src":"n2","dest":"n1","body":{"in_reply_to":141,"type":"broadcast_ok"}}
2025/06/27 21:17:22 Sent {"src":"n2","dest":"n1","body":{"message":70,"msg_id":47,"type":"broadcast"}}
2025/06/27 21:17:22 Received {n1 n2 {"in_reply_to":47,"type":"broadcast_ok"}}
2025/06/27 21:17:22 Received {n1 n2 {"message":73,"msg_id":143,"type":"broadcast"}}
2025/06/27 21:17:22 Sent {"src":"n2","dest":"n1","body":{"in_reply_to":143,"type":"broadcast_ok"}}
2025/06/27 21:17:22 Sent {"src":"n2","dest":"n1","body":{"message":73,"msg_id":48,"type":"broadcast"}}
2025/06/27 21:17:22 Received {n1 n2 {"in_reply_to":48,"type":"broadcast_ok"}}
2025/06/27 21:17:22 Received {c11 n2 {"type":"broadcast","message":74,"msg_id":25}}
2025/06/27 21:17:22 Sent {"src":"n2","dest":"c11","body":{"in_reply_to":25,"type":"broadcast_ok"}}
2025/06/27 21:17:22 Sent {"src":"n2","dest":"n1","body":{"message":74,"msg_id":49,"type":"broadcast"}}
2025/06/27 21:17:22 Received {n1 n2 {"in_reply_to":49,"type":"broadcast_ok"}}
2025/06/27 21:17:22 Received {n1 n2 {"message":74,"msg_id":146,"type":"broadcast"}}
2025/06/27 21:17:22 Sent {"src":"n2","dest":"n1","body":{"in_reply_to":146,"type":"broadcast_ok"}}
2025/06/27 21:17:23 Received {n1 n2 {"message":75,"msg_id":150,"type":"broadcast"}}
2025/06/27 21:17:23 Sent {"src":"n2","dest":"n1","body":{"in_reply_to":150,"type":"broadcast_ok"}}
2025/06/27 21:17:23 Sent {"src":"n2","dest":"n1","body":{"message":75,"msg_id":50,"type":"broadcast"}}
2025/06/27 21:17:23 Received {n1 n2 {"in_reply_to":50,"type":"broadcast_ok"}}
2025/06/27 21:17:23 Received {n1 n2 {"message":76,"msg_id":153,"type":"broadcast"}}
2025/06/27 21:17:23 Sent {"src":"n2","dest":"n1","body":{"in_reply_to":153,"type":"broadcast_ok"}}
2025/06/27 21:17:23 Sent {"src":"n2","dest":"n1","body":{"message":76,"msg_id":51,"type":"broadcast"}}
2025/06/27 21:17:23 Received {n1 n2 {"in_reply_to":51,"type":"broadcast_ok"}}
2025/06/27 21:17:23 Received {c11 n2 {"type":"broadcast","message":77,"msg_id":26}}
2025/06/27 21:17:23 Sent {"src":"n2","dest":"c11","body":{"in_reply_to":26,"type":"broadcast_ok"}}
2025/06/27 21:17:23 Sent {"src":"n2","dest":"n1","body":{"message":77,"msg_id":52,"type":"broadcast"}}
2025/06/27 21:17:23 Received {n1 n2 {"in_reply_to":52,"type":"broadcast_ok"}}
2025/06/27 21:17:23 Received {n1 n2 {"message":77,"msg_id":155,"type":"broadcast"}}
2025/06/27 21:17:23 Sent {"src":"n2","dest":"n1","body":{"in_reply_to":155,"type":"broadcast_ok"}}
2025/06/27 21:17:23 Received {n1 n2 {"message":78,"msg_id":159,"type":"broadcast"}}
2025/06/27 21:17:23 Sent {"src":"n2","dest":"n1","body":{"in_reply_to":159,"type":"broadcast_ok"}}
2025/06/27 21:17:23 Sent {"src":"n2","dest":"n1","body":{"message":78,"msg_id":53,"type":"broadcast"}}
2025/06/27 21:17:23 Received {n1 n2 {"in_reply_to":53,"type":"broadcast_ok"}}
2025/06/27 21:17:23 Received {n1 n2 {"message":79,"msg_id":161,"type":"broadcast"}}
2025/06/27 21:17:23 Sent {"src":"n2","dest":"n1","body":{"in_reply_to":161,"type":"broadcast_ok"}}
2025/06/27 21:17:23 Sent {"src":"n2","dest":"n1","body":{"message":79,"msg_id":54,"type":"broadcast"}}
2025/06/27 21:17:23 Received {n1 n2 {"in_reply_to":54,"type":"broadcast_ok"}}
2025/06/27 21:17:23 Received {n1 n2 {"message":80,"msg_id":165,"type":"broadcast"}}
2025/06/27 21:17:23 Sent {"src":"n2","dest":"n1","body":{"in_reply_to":165,"type":"broadcast_ok"}}
2025/06/27 21:17:23 Sent {"src":"n2","dest":"n1","body":{"message":80,"msg_id":55,"type":"broadcast"}}
2025/06/27 21:17:23 Received {n1 n2 {"in_reply_to":55,"type":"broadcast_ok"}}
2025/06/27 21:17:23 Received {c11 n2 {"type":"broadcast","message":81,"msg_id":27}}
2025/06/27 21:17:23 Sent {"src":"n2","dest":"c11","body":{"in_reply_to":27,"type":"broadcast_ok"}}
2025/06/27 21:17:23 Sent {"src":"n2","dest":"n1","body":{"message":81,"msg_id":56,"type":"broadcast"}}
2025/06/27 21:17:23 Received {n1 n2 {"in_reply_to":56,"type":"broadcast_ok"}}
2025/06/27 21:17:23 Received {n1 n2 {"message":81,"msg_id":168,"type":"broadcast"}}
2025/06/27 21:17:23 Sent {"src":"n2","dest":"n1","body":{"in_reply_to":168,"type":"broadcast_ok"}}
2025/06/27 21:17:23 Received {n1 n2 {"message":82,"msg_id":171,"type":"broadcast"}}
2025/06/27 21:17:23 Sent {"src":"n2","dest":"n1","body":{"in_reply_to":171,"type":"broadcast_ok"}}
2025/06/27 21:17:23 Sent {"src":"n2","dest":"n1","body":{"message":82,"msg_id":57,"type":"broadcast"}}
2025/06/27 21:17:23 Received {n1 n2 {"in_reply_to":57,"type":"broadcast_ok"}}
2025/06/27 21:17:24 Received {n1 n2 {"message":83,"msg_id":173,"type":"broadcast"}}
2025/06/27 21:17:24 Sent {"src":"n2","dest":"n1","body":{"in_reply_to":173,"type":"broadcast_ok"}}
2025/06/27 21:17:24 Sent {"src":"n2","dest":"n1","body":{"message":83,"msg_id":58,"type":"broadcast"}}
2025/06/27 21:17:24 Received {n1 n2 {"in_reply_to":58,"type":"broadcast_ok"}}
2025/06/27 21:17:24 Received {n1 n2 {"message":84,"msg_id":177,"type":"broadcast"}}
2025/06/27 21:17:24 Sent {"src":"n2","dest":"n1","body":{"in_reply_to":177,"type":"broadcast_ok"}}
2025/06/27 21:17:24 Sent {"src":"n2","dest":"n1","body":{"message":84,"msg_id":59,"type":"broadcast"}}
2025/06/27 21:17:24 Received {n1 n2 {"in_reply_to":59,"type":"broadcast_ok"}}
2025/06/27 21:17:24 Received {c11 n2 {"type":"read","msg_id":28}}
2025/06/27 21:17:24 Sent {"src":"n2","dest":"c11","body":{"in_reply_to":28,"messages":[1,2,3,5,7,8,9,10,13,15,16,17,20,21,23,24,25,28,30,31,32,33,36,37,39,41,42,43,44,45,46,47,48,50,51,52,54,55,58,60,61,62,63,66,67,69,70,73,74,75,76,77,78,79,80,81,82,83,84],"type":"read_ok"}}
2025/06/27 21:17:24 Received {n1 n2 {"message":85,"msg_id":180,"type":"broadcast"}}
2025/06/27 21:17:24 Sent {"src":"n2","dest":"n1","body":{"in_reply_to":180,"type":"broadcast_ok"}}
2025/06/27 21:17:24 Sent {"src":"n2","dest":"n1","body":{"message":85,"msg_id":60,"type":"broadcast"}}
2025/06/27 21:17:24 Received {n1 n2 {"in_reply_to":60,"type":"broadcast_ok"}}
2025/06/27 21:17:24 Received {n1 n2 {"message":86,"msg_id":183,"type":"broadcast"}}
2025/06/27 21:17:24 Sent {"src":"n2","dest":"n1","body":{"in_reply_to":183,"type":"broadcast_ok"}}
2025/06/27 21:17:24 Sent {"src":"n2","dest":"n1","body":{"message":86,"msg_id":61,"type":"broadcast"}}
2025/06/27 21:17:24 Received {n1 n2 {"in_reply_to":61,"type":"broadcast_ok"}}
2025/06/27 21:17:25 Received {n1 n2 {"message":87,"msg_id":185,"type":"broadcast"}}
2025/06/27 21:17:25 Sent {"src":"n2","dest":"n1","body":{"in_reply_to":185,"type":"broadcast_ok"}}
2025/06/27 21:17:25 Sent {"src":"n2","dest":"n1","body":{"message":87,"msg_id":62,"type":"broadcast"}}
2025/06/27 21:17:25 Received {n1 n2 {"in_reply_to":62,"type":"broadcast_ok"}}
2025/06/27 21:17:25 Received {c11 n2 {"type":"read","msg_id":29}}
2025/06/27 21:17:25 Sent {"src":"n2","dest":"c11","body":{"in_reply_to":29,"messages":[1,2,3,5,7,8,9,10,13,15,16,17,20,21,23,24,25,28,30,31,32,33,36,37,39,41,42,43,44,45,46,47,48,50,51,52,54,55,58,60,61,62,63,66,67,69,70,73,74,75,76,77,78,79,80,81,82,83,84,85,86,87],"type":"read_ok"}}
2025/06/27 21:17:25 Received {n1 n2 {"message":88,"msg_id":188,"type":"broadcast"}}
2025/06/27 21:17:25 Sent {"src":"n2","dest":"n1","body":{"in_reply_to":188,"type":"broadcast_ok"}}
2025/06/27 21:17:25 Sent {"src":"n2","dest":"n1","body":{"message":88,"msg_id":63,"type":"broadcast"}}
2025/06/27 21:17:25 Received {n1 n2 {"in_reply_to":63,"type":"broadcast_ok"}}
2025/06/27 21:17:25 Received {n1 n2 {"message":89,"msg_id":191,"type":"broadcast"}}
2025/06/27 21:17:25 Sent {"src":"n2","dest":"n1","body":{"in_reply_to":191,"type":"broadcast_ok"}}
2025/06/27 21:17:25 Sent {"src":"n2","dest":"n1","body":{"message":89,"msg_id":64,"type":"broadcast"}}
2025/06/27 21:17:25 Received {n1 n2 {"in_reply_to":64,"type":"broadcast_ok"}}
2025/06/27 21:17:25 Received {n1 n2 {"message":90,"msg_id":194,"type":"broadcast"}}
2025/06/27 21:17:25 Sent {"src":"n2","dest":"n1","body":{"in_reply_to":194,"type":"broadcast_ok"}}
2025/06/27 21:17:25 Sent {"src":"n2","dest":"n1","body":{"message":90,"msg_id":65,"type":"broadcast"}}
2025/06/27 21:17:25 Received {n1 n2 {"in_reply_to":65,"type":"broadcast_ok"}}
2025/06/27 21:17:25 Received {n1 n2 {"message":91,"msg_id":198,"type":"broadcast"}}
2025/06/27 21:17:25 Sent {"src":"n2","dest":"n1","body":{"in_reply_to":198,"type":"broadcast_ok"}}
2025/06/27 21:17:25 Sent {"src":"n2","dest":"n1","body":{"message":91,"msg_id":66,"type":"broadcast"}}
2025/06/27 21:17:25 Received {n1 n2 {"in_reply_to":66,"type":"broadcast_ok"}}
2025/06/27 21:17:25 Received {n1 n2 {"message":92,"msg_id":200,"type":"broadcast"}}
2025/06/27 21:17:25 Sent {"src":"n2","dest":"n1","body":{"in_reply_to":200,"type":"broadcast_ok"}}
2025/06/27 21:17:25 Sent {"src":"n2","dest":"n1","body":{"message":92,"msg_id":67,"type":"broadcast"}}
2025/06/27 21:17:25 Received {n1 n2 {"in_reply_to":67,"type":"broadcast_ok"}}
2025/06/27 21:17:25 Received {c11 n2 {"type":"read","msg_id":30}}
2025/06/27 21:17:25 Sent {"src":"n2","dest":"c11","body":{"in_reply_to":30,"messages":[1,2,3,5,7,8,9,10,13,15,16,17,20,21,23,24,25,28,30,31,32,33,36,37,39,41,42,43,44,45,46,47,48,50,51,52,54,55,58,60,61,62,63,66,67,69,70,73,74,75,76,77,78,79,80,81,82,83,84,85,86,87,88,89,90,91,92],"type":"read_ok"}}
2025/06/27 21:17:25 Received {n1 n2 {"message":93,"msg_id":202,"type":"broadcast"}}
2025/06/27 21:17:25 Sent {"src":"n2","dest":"n1","body":{"in_reply_to":202,"type":"broadcast_ok"}}
2025/06/27 21:17:25 Sent {"src":"n2","dest":"n1","body":{"message":93,"msg_id":68,"type":"broadcast"}}
2025/06/27 21:17:25 Received {n1 n2 {"in_reply_to":68,"type":"broadcast_ok"}}
2025/06/27 21:17:26 Received {n1 n2 {"message":94,"msg_id":207,"type":"broadcast"}}
2025/06/27 21:17:26 Sent {"src":"n2","dest":"n1","body":{"in_reply_to":207,"type":"broadcast_ok"}}
2025/06/27 21:17:26 Sent {"src":"n2","dest":"n1","body":{"message":94,"msg_id":69,"type":"broadcast"}}
2025/06/27 21:17:26 Received {n1 n2 {"in_reply_to":69,"type":"broadcast_ok"}}
2025/06/27 21:17:26 Received {n1 n2 {"message":95,"msg_id":210,"type":"broadcast"}}
2025/06/27 21:17:26 Sent {"src":"n2","dest":"n1","body":{"in_reply_to":210,"type":"broadcast_ok"}}
2025/06/27 21:17:26 Sent {"src":"n2","dest":"n1","body":{"message":95,"msg_id":70,"type":"broadcast"}}
2025/06/27 21:17:26 Received {n1 n2 {"in_reply_to":70,"type":"broadcast_ok"}}
2025/06/27 21:17:26 Received {c11 n2 {"type":"read","msg_id":31}}
2025/06/27 21:17:26 Sent {"src":"n2","dest":"c11","body":{"in_reply_to":31,"messages":[1,2,3,5,7,8,9,10,13,15,16,17,20,21,23,24,25,28,30,31,32,33,36,37,39,41,42,43,44,45,46,47,48,50,51,52,54,55,58,60,61,62,63,66,67,69,70,73,74,75,76,77,78,79,80,81,82,83,84,85,86,87,88,89,90,91,92,93,94,95],"type":"read_ok"}}
2025/06/27 21:17:26 Received {n1 n2 {"message":96,"msg_id":213,"type":"broadcast"}}
2025/06/27 21:17:26 Sent {"src":"n2","dest":"n1","body":{"in_reply_to":213,"type":"broadcast_ok"}}
2025/06/27 21:17:26 Sent {"src":"n2","dest":"n1","body":{"message":96,"msg_id":71,"type":"broadcast"}}
2025/06/27 21:17:26 Received {n1 n2 {"in_reply_to":71,"type":"broadcast_ok"}}
2025/06/27 21:17:26 Received {c11 n2 {"type":"read","msg_id":32}}
2025/06/27 21:17:26 Sent {"src":"n2","dest":"c11","body":{"in_reply_to":32,"messages":[1,2,3,5,7,8,9,10,13,15,16,17,20,21,23,24,25,28,30,31,32,33,36,37,39,41,42,43,44,45,46,47,48,50,51,52,54,55,58,60,61,62,63,66,67,69,70,73,74,75,76,77,78,79,80,81,82,83,84,85,86,87,88,89,90,91,92,93,94,95,96],"type":"read_ok"}}
2025/06/27 21:17:36 Received {c11 n2 {"type":"read","msg_id":33}}
2025/06/27 21:17:36 Sent {"src":"n2","dest":"c11","body":{"in_reply_to":33,"messages":[1,2,3,5,7,8,9,10,13,15,16,17,20,21,23,24,25,28,30,31,32,33,36,37,39,41,42,43,44,45,46,47,48,50,51,52,54,55,58,60,61,62,63,66,67,69,70,73,74,75,76,77,78,79,80,81,82,83,84,85,86,87,88,89,90,91,92,93,94,95,96],"type":"read_ok"}}
