2025/06/27 21:17:06 Received {c0 n3 {"type":"init","node_id":"n3","node_ids":["n0","n1","n2","n3","n4"],"msg_id":1}}
2025/06/27 21:17:06 Node n3 initialized
2025/06/27 21:17:06 Sent {"src":"n3","dest":"c0","body":{"in_reply_to":1,"type":"init_ok"}}
2025/06/27 21:17:06 Received {c8 n3 {"type":"topology","topology":{"n0":["n3","n1"],"n1":["n4","n2","n0"],"n2":["n1"],"n3":["n0","n4"],"n4":["n1","n3"]},"msg_id":1}}
2025/06/27 21:17:06 Sent {"src":"n3","dest":"c8","body":{"in_reply_to":1,"type":"topology_ok"}}
2025/06/27 21:17:06 Received {n4 n3 {"message":1,"msg_id":2,"type":"broadcast"}}
2025/06/27 21:17:06 Sent {"src":"n3","dest":"n4","body":{"in_reply_to":2,"type":"broadcast_ok"}}
2025/06/27 21:17:06 Sent {"src":"n3","dest":"n4","body":{"message":1,"msg_id":1,"type":"broadcast"}}
2025/06/27 21:17:06 Sent {"src":"n3","dest":"n0","body":{"message":1,"msg_id":2,"type":"broadcast"}}
2025/06/27 21:17:06 Received {n4 n3 {"in_reply_to":1,"type":"broadcast_ok"}}
2025/06/27 21:17:07 Received {c12 n3 {"type":"read","msg_id":1}}
2025/06/27 21:17:07 Sent {"src":"n3","dest":"c12","body":{"in_reply_to":1,"messages":[1],"type":"read_ok"}}
2025/06/27 21:17:07 Received {n4 n3 {"message":2,"msg_id":4,"type":"broadcast"}}
2025/06/27 21:17:07 Sent {"src":"n3","dest":"n4","body":{"in_reply_to":4,"type":"broadcast_ok"}}
2025/06/27 21:17:07 Sent {"src":"n3","dest":"n4","body":{"message":2,"msg_id":3,"type":"broadcast"}}
2025/06/27 21:17:07 Sent {"src":"n3","dest":"n0","body":{"message":2,"msg_id":4,"type":"broadcast"}}
2025/06/27 21:17:07 Received {n4 n3 {"in_reply_to":3,"type":"broadcast_ok"}}
2025/06/27 21:17:07 Received {c12 n3 {"type":"broadcast","message":3,"msg_id":2}}
2025/06/27 21:17:07 Sent {"src":"n3","dest":"c12","body":{"in_reply_to":2,"type":"broadcast_ok"}}
2025/06/27 21:17:07 Sent {"src":"n3","dest":"n4","body":{"message":3,"msg_id":5,"type":"broadcast"}}
2025/06/27 21:17:07 Sent {"src":"n3","dest":"n0","body":{"message":3,"msg_id":6,"type":"broadcast"}}
2025/06/27 21:17:07 Received {n4 n3 {"in_reply_to":5,"type":"broadcast_ok"}}
2025/06/27 21:17:07 Received {n4 n3 {"message":3,"msg_id":6,"type":"broadcast"}}
2025/06/27 21:17:07 Sent {"src":"n3","dest":"n4","body":{"in_reply_to":6,"type":"broadcast_ok"}}
2025/06/27 21:17:08 Received {n4 n3 {"message":5,"msg_id":7,"type":"broadcast"}}
2025/06/27 21:17:08 Sent {"src":"n3","dest":"n4","body":{"in_reply_to":7,"type":"broadcast_ok"}}
2025/06/27 21:17:08 Sent {"src":"n3","dest":"n4","body":{"message":5,"msg_id":7,"type":"broadcast"}}
2025/06/27 21:17:08 Sent {"src":"n3","dest":"n0","body":{"message":5,"msg_id":8,"type":"broadcast"}}
2025/06/27 21:17:08 Received {n4 n3 {"in_reply_to":7,"type":"broadcast_ok"}}
2025/06/27 21:17:08 Received {c12 n3 {"type":"read","msg_id":3}}
2025/06/27 21:17:08 Sent {"src":"n3","dest":"c12","body":{"in_reply_to":3,"messages":[1,2,3,5],"type":"read_ok"}}
2025/06/27 21:17:09 Received {n4 n3 {"message":7,"msg_id":9,"type":"broadcast"}}
2025/06/27 21:17:09 Sent {"src":"n3","dest":"n4","body":{"in_reply_to":9,"type":"broadcast_ok"}}
2025/06/27 21:17:09 Sent {"src":"n3","dest":"n4","body":{"message":7,"msg_id":9,"type":"broadcast"}}
2025/06/27 21:17:09 Sent {"src":"n3","dest":"n0","body":{"message":7,"msg_id":10,"type":"broadcast"}}
2025/06/27 21:17:09 Received {n4 n3 {"in_reply_to":9,"type":"broadcast_ok"}}
2025/06/27 21:17:09 Received {c12 n3 {"type":"read","msg_id":4}}
2025/06/27 21:17:09 Sent {"src":"n3","dest":"c12","body":{"in_reply_to":4,"messages":[1,2,3,5,7],"type":"read_ok"}}
2025/06/27 21:17:09 Received {n4 n3 {"message":8,"msg_id":11,"type":"broadcast"}}
2025/06/27 21:17:09 Sent {"src":"n3","dest":"n4","body":{"in_reply_to":11,"type":"broadcast_ok"}}
2025/06/27 21:17:09 Sent {"src":"n3","dest":"n4","body":{"message":8,"msg_id":11,"type":"broadcast"}}
2025/06/27 21:17:09 Sent {"src":"n3","dest":"n0","body":{"message":8,"msg_id":12,"type":"broadcast"}}
2025/06/27 21:17:09 Received {n4 n3 {"in_reply_to":11,"type":"broadcast_ok"}}
2025/06/27 21:17:09 Received {n4 n3 {"message":9,"msg_id":13,"type":"broadcast"}}
2025/06/27 21:17:09 Sent {"src":"n3","dest":"n4","body":{"in_reply_to":13,"type":"broadcast_ok"}}
2025/06/27 21:17:09 Sent {"src":"n3","dest":"n4","body":{"message":9,"msg_id":13,"type":"broadcast"}}
2025/06/27 21:17:09 Sent {"src":"n3","dest":"n0","body":{"message":9,"msg_id":14,"type":"broadcast"}}
2025/06/27 21:17:09 Received {n4 n3 {"in_reply_to":13,"type":"broadcast_ok"}}
2025/06/27 21:17:10 Received {c12 n3 {"type":"read","msg_id":5}}
2025/06/27 21:17:10 Sent {"src":"n3","dest":"c12","body":{"in_reply_to":5,"messages":[1,2,3,5,7,8,9],"type":"read_ok"}}
2025/06/27 21:17:10 Received {n4 n3 {"message":10,"msg_id":15,"type":"broadcast"}}
2025/06/27 21:17:10 Sent {"src":"n3","dest":"n4","body":{"in_reply_to":15,"type":"broadcast_ok"}}
2025/06/27 21:17:10 Sent {"src":"n3","dest":"n4","body":{"message":10,"msg_id":15,"type":"broadcast"}}
2025/06/27 21:17:10 Sent {"src":"n3","dest":"n0","body":{"message":10,"msg_id":16,"type":"broadcast"}}
2025/06/27 21:17:10 Received {n4 n3 {"in_reply_to":15,"type":"broadcast_ok"}}
2025/06/27 21:17:10 Received {c12 n3 {"type":"read","msg_id":6}}
2025/06/27 21:17:10 Sent {"src":"n3","dest":"c12","body":{"in_reply_to":6,"messages":[1,2,3,5,7,8,9,10],"type":"read_ok"}}
2025/06/27 21:17:10 Received {n4 n3 {"message":13,"msg_id":18,"type":"broadcast"}}
2025/06/27 21:17:10 Sent {"src":"n3","dest":"n4","body":{"in_reply_to":18,"type":"broadcast_ok"}}
2025/06/27 21:17:10 Sent {"src":"n3","dest":"n0","body":{"message":13,"msg_id":17,"type":"broadcast"}}
2025/06/27 21:17:10 Sent {"src":"n3","dest":"n4","body":{"message":13,"msg_id":18,"type":"broadcast"}}
2025/06/27 21:17:10 Received {n4 n3 {"in_reply_to":18,"type":"broadcast_ok"}}
2025/06/27 21:17:10 Received {n4 n3 {"message":15,"msg_id":20,"type":"broadcast"}}
2025/06/27 21:17:10 Sent {"src":"n3","dest":"n0","body":{"message":15,"msg_id":19,"type":"broadcast"}}
2025/06/27 21:17:10 Sent {"src":"n3","dest":"n4","body":{"in_reply_to":20,"type":"broadcast_ok"}}
2025/06/27 21:17:10 Sent {"src":"n3","dest":"n4","body":{"message":15,"msg_id":20,"type":"broadcast"}}
2025/06/27 21:17:10 Received {n4 n3 {"in_reply_to":20,"type":"broadcast_ok"}}
2025/06/27 21:17:11 Received {c12 n3 {"type":"broadcast","message":16,"msg_id":7}}
2025/06/27 21:17:11 Sent {"src":"n3","dest":"n0","body":{"message":16,"msg_id":21,"type":"broadcast"}}
2025/06/27 21:17:11 Sent {"src":"n3","dest":"n4","body":{"message":16,"msg_id":22,"type":"broadcast"}}
2025/06/27 21:17:11 Sent {"src":"n3","dest":"c12","body":{"in_reply_to":7,"type":"broadcast_ok"}}
2025/06/27 21:17:11 Received {n4 n3 {"in_reply_to":22,"type":"broadcast_ok"}}
2025/06/27 21:17:11 Received {n4 n3 {"message":16,"msg_id":21,"type":"broadcast"}}
2025/06/27 21:17:11 Sent {"src":"n3","dest":"n4","body":{"in_reply_to":21,"type":"broadcast_ok"}}
2025/06/27 21:17:11 Received {n4 n3 {"message":17,"msg_id":24,"type":"broadcast"}}
2025/06/27 21:17:11 Sent {"src":"n3","dest":"n4","body":{"in_reply_to":24,"type":"broadcast_ok"}}
2025/06/27 21:17:11 Sent {"src":"n3","dest":"n4","body":{"message":17,"msg_id":23,"type":"broadcast"}}
2025/06/27 21:17:11 Sent {"src":"n3","dest":"n0","body":{"message":17,"msg_id":24,"type":"broadcast"}}
2025/06/27 21:17:11 Received {n4 n3 {"in_reply_to":23,"type":"broadcast_ok"}}
2025/06/27 21:17:11 Received {n4 n3 {"message":20,"msg_id":25,"type":"broadcast"}}
2025/06/27 21:17:11 Sent {"src":"n3","dest":"n4","body":{"in_reply_to":25,"type":"broadcast_ok"}}
2025/06/27 21:17:11 Sent {"src":"n3","dest":"n0","body":{"message":20,"msg_id":25,"type":"broadcast"}}
2025/06/27 21:17:11 Sent {"src":"n3","dest":"n4","body":{"message":20,"msg_id":26,"type":"broadcast"}}
2025/06/27 21:17:11 Received {n4 n3 {"in_reply_to":26,"type":"broadcast_ok"}}
2025/06/27 21:17:11 Received {c12 n3 {"type":"read","msg_id":8}}
2025/06/27 21:17:11 Sent {"src":"n3","dest":"c12","body":{"in_reply_to":8,"messages":[1,2,3,5,7,8,9,10,13,15,16,17,20],"type":"read_ok"}}
2025/06/27 21:17:11 Received {n4 n3 {"message":21,"msg_id":28,"type":"broadcast"}}
2025/06/27 21:17:11 Sent {"src":"n3","dest":"n4","body":{"in_reply_to":28,"type":"broadcast_ok"}}
2025/06/27 21:17:11 Sent {"src":"n3","dest":"n4","body":{"message":21,"msg_id":28,"type":"broadcast"}}
2025/06/27 21:17:11 Sent {"src":"n3","dest":"n0","body":{"message":21,"msg_id":27,"type":"broadcast"}}
2025/06/27 21:17:11 Received {n4 n3 {"in_reply_to":28,"type":"broadcast_ok"}}
2025/06/27 21:17:11 Received {n4 n3 {"message":23,"msg_id":29,"type":"broadcast"}}
2025/06/27 21:17:11 Sent {"src":"n3","dest":"n4","body":{"in_reply_to":29,"type":"broadcast_ok"}}
2025/06/27 21:17:11 Sent {"src":"n3","dest":"n4","body":{"message":23,"msg_id":29,"type":"broadcast"}}
2025/06/27 21:17:11 Sent {"src":"n3","dest":"n0","body":{"message":23,"msg_id":30,"type":"broadcast"}}
2025/06/27 21:17:11 Received {n4 n3 {"in_reply_to":29,"type":"broadcast_ok"}}
2025/06/27 21:17:12 Received {c12 n3 {"type":"broadcast","message":24,"msg_id":9}}
2025/06/27 21:17:12 Sent {"src":"n3","dest":"c12","body":{"in_reply_to":9,"type":"broadcast_ok"}}
2025/06/27 21:17:12 Sent {"src":"n3","dest":"n0","body":{"message":24,"msg_id":31,"type":"broadcast"}}
2025/06/27 21:17:12 Sent {"src":"n3","dest":"n4","body":{"message":24,"msg_id":32,"type":"broadcast"}}
2025/06/27 21:17:12 Received {n4 n3 {"in_reply_to":32,"type":"broadcast_ok"}}
2025/06/27 21:17:12 Received {n4 n3 {"message":24,"msg_id":31,"type":"broadcast"}}
2025/06/27 21:17:12 Sent {"src":"n3","dest":"n4","body":{"in_reply_to":31,"type":"broadcast_ok"}}
2025/06/27 21:17:12 Received {n4 n3 {"message":25,"msg_id":34,"type":"broadcast"}}
2025/06/27 21:17:12 Sent {"src":"n3","dest":"n4","body":{"in_reply_to":34,"type":"broadcast_ok"}}
2025/06/27 21:17:12 Sent {"src":"n3","dest":"n4","body":{"message":25,"msg_id":33,"type":"broadcast"}}
2025/06/27 21:17:12 Sent {"src":"n3","dest":"n0","body":{"message":25,"msg_id":34,"type":"broadcast"}}
2025/06/27 21:17:12 Received {n4 n3 {"in_reply_to":33,"type":"broadcast_ok"}}
2025/06/27 21:17:12 Received {c12 n3 {"type":"read","msg_id":10}}
2025/06/27 21:17:12 Sent {"src":"n3","dest":"c12","body":{"in_reply_to":10,"messages":[1,2,3,5,7,8,9,10,13,15,16,17,20,21,23,24,25],"type":"read_ok"}}
2025/06/27 21:17:12 Received {n4 n3 {"message":28,"msg_id":36,"type":"broadcast"}}
2025/06/27 21:17:12 Sent {"src":"n3","dest":"n4","body":{"in_reply_to":36,"type":"broadcast_ok"}}
2025/06/27 21:17:12 Sent {"src":"n3","dest":"n4","body":{"message":28,"msg_id":35,"type":"broadcast"}}
2025/06/27 21:17:12 Sent {"src":"n3","dest":"n0","body":{"message":28,"msg_id":36,"type":"broadcast"}}
2025/06/27 21:17:12 Received {n4 n3 {"in_reply_to":35,"type":"broadcast_ok"}}
2025/06/27 21:17:12 Received {n4 n3 {"message":30,"msg_id":38,"type":"broadcast"}}
2025/06/27 21:17:12 Sent {"src":"n3","dest":"n4","body":{"in_reply_to":38,"type":"broadcast_ok"}}
2025/06/27 21:17:12 Sent {"src":"n3","dest":"n0","body":{"message":30,"msg_id":37,"type":"broadcast"}}
2025/06/27 21:17:12 Sent {"src":"n3","dest":"n4","body":{"message":30,"msg_id":38,"type":"broadcast"}}
2025/06/27 21:17:12 Received {n4 n3 {"in_reply_to":38,"type":"broadcast_ok"}}
2025/06/27 21:17:13 Received {n4 n3 {"message":31,"msg_id":40,"type":"broadcast"}}
2025/06/27 21:17:13 Sent {"src":"n3","dest":"n4","body":{"in_reply_to":40,"type":"broadcast_ok"}}
2025/06/27 21:17:13 Sent {"src":"n3","dest":"n0","body":{"message":31,"msg_id":39,"type":"broadcast"}}
2025/06/27 21:17:13 Sent {"src":"n3","dest":"n4","body":{"message":31,"msg_id":40,"type":"broadcast"}}
2025/06/27 21:17:13 Received {n4 n3 {"in_reply_to":40,"type":"broadcast_ok"}}
2025/06/27 21:17:13 Received {c12 n3 {"type":"read","msg_id":11}}
2025/06/27 21:17:13 Sent {"src":"n3","dest":"c12","body":{"in_reply_to":11,"messages":[1,2,3,5,7,8,9,10,13,15,16,17,20,21,23,24,25,28,30,31],"type":"read_ok"}}
2025/06/27 21:17:13 Received {n4 n3 {"message":32,"msg_id":42,"type":"broadcast"}}
2025/06/27 21:17:13 Sent {"src":"n3","dest":"n4","body":{"in_reply_to":42,"type":"broadcast_ok"}}
2025/06/27 21:17:13 Sent {"src":"n3","dest":"n4","body":{"message":32,"msg_id":41,"type":"broadcast"}}
2025/06/27 21:17:13 Sent {"src":"n3","dest":"n0","body":{"message":32,"msg_id":42,"type":"broadcast"}}
2025/06/27 21:17:13 Received {n4 n3 {"in_reply_to":41,"type":"broadcast_ok"}}
2025/06/27 21:17:13 Received {c12 n3 {"type":"broadcast","message":33,"msg_id":12}}
2025/06/27 21:17:13 Sent {"src":"n3","dest":"c12","body":{"in_reply_to":12,"type":"broadcast_ok"}}
2025/06/27 21:17:13 Sent {"src":"n3","dest":"n0","body":{"message":33,"msg_id":43,"type":"broadcast"}}
2025/06/27 21:17:13 Sent {"src":"n3","dest":"n4","body":{"message":33,"msg_id":44,"type":"broadcast"}}
2025/06/27 21:17:13 Received {n4 n3 {"in_reply_to":44,"type":"broadcast_ok"}}
2025/06/27 21:17:13 Received {n4 n3 {"message":33,"msg_id":43,"type":"broadcast"}}
2025/06/27 21:17:13 Sent {"src":"n3","dest":"n4","body":{"in_reply_to":43,"type":"broadcast_ok"}}
2025/06/27 21:17:14 Received {n4 n3 {"message":36,"msg_id":46,"type":"broadcast"}}
2025/06/27 21:17:14 Sent {"src":"n3","dest":"n4","body":{"in_reply_to":46,"type":"broadcast_ok"}}
2025/06/27 21:17:14 Sent {"src":"n3","dest":"n4","body":{"message":36,"msg_id":45,"type":"broadcast"}}
2025/06/27 21:17:14 Sent {"src":"n3","dest":"n0","body":{"message":36,"msg_id":46,"type":"broadcast"}}
2025/06/27 21:17:14 Received {n4 n3 {"in_reply_to":45,"type":"broadcast_ok"}}
2025/06/27 21:17:14 Received {c12 n3 {"type":"read","msg_id":13}}
2025/06/27 21:17:14 Sent {"src":"n3","dest":"c12","body":{"in_reply_to":13,"messages":[1,2,3,5,7,8,9,10,13,15,16,17,20,21,23,24,25,28,30,31,32,33,36],"type":"read_ok"}}
2025/06/27 21:17:14 Received {n4 n3 {"message":37,"msg_id":48,"type":"broadcast"}}
2025/06/27 21:17:14 Sent {"src":"n3","dest":"n4","body":{"in_reply_to":48,"type":"broadcast_ok"}}
2025/06/27 21:17:14 Sent {"src":"n3","dest":"n4","body":{"message":37,"msg_id":47,"type":"broadcast"}}
2025/06/27 21:17:14 Sent {"src":"n3","dest":"n0","body":{"message":37,"msg_id":48,"type":"broadcast"}}
2025/06/27 21:17:14 Received {n4 n3 {"in_reply_to":47,"type":"broadcast_ok"}}
2025/06/27 21:17:15 Received {c12 n3 {"type":"read","msg_id":14}}
2025/06/27 21:17:15 Sent {"src":"n3","dest":"c12","body":{"in_reply_to":14,"messages":[1,2,3,5,7,8,9,10,13,15,16,17,20,21,23,24,25,28,30,31,32,33,36,37],"type":"read_ok"}}
2025/06/27 21:17:15 Received {n4 n3 {"message":39,"msg_id":50,"type":"broadcast"}}
2025/06/27 21:17:15 Sent {"src":"n3","dest":"n4","body":{"in_reply_to":50,"type":"broadcast_ok"}}
2025/06/27 21:17:15 Sent {"src":"n3","dest":"n4","body":{"message":39,"msg_id":49,"type":"broadcast"}}
2025/06/27 21:17:15 Sent {"src":"n3","dest":"n0","body":{"message":39,"msg_id":50,"type":"broadcast"}}
2025/06/27 21:17:15 Received {n4 n3 {"in_reply_to":49,"type":"broadcast_ok"}}
2025/06/27 21:17:15 Received {n4 n3 {"message":41,"msg_id":52,"type":"broadcast"}}
2025/06/27 21:17:15 Sent {"src":"n3","dest":"n4","body":{"in_reply_to":52,"type":"broadcast_ok"}}
2025/06/27 21:17:15 Sent {"src":"n3","dest":"n4","body":{"message":41,"msg_id":51,"type":"broadcast"}}
2025/06/27 21:17:15 Sent {"src":"n3","dest":"n0","body":{"message":41,"msg_id":52,"type":"broadcast"}}
2025/06/27 21:17:15 Received {n4 n3 {"in_reply_to":51,"type":"broadcast_ok"}}
2025/06/27 21:17:15 Received {c12 n3 {"type":"broadcast","message":42,"msg_id":15}}
2025/06/27 21:17:15 Sent {"src":"n3","dest":"c12","body":{"in_reply_to":15,"type":"broadcast_ok"}}
2025/06/27 21:17:15 Sent {"src":"n3","dest":"n0","body":{"message":42,"msg_id":53,"type":"broadcast"}}
2025/06/27 21:17:15 Sent {"src":"n3","dest":"n4","body":{"message":42,"msg_id":54,"type":"broadcast"}}
2025/06/27 21:17:15 Received {n4 n3 {"in_reply_to":54,"type":"broadcast_ok"}}
2025/06/27 21:17:15 Received {n4 n3 {"message":42,"msg_id":54,"type":"broadcast"}}
2025/06/27 21:17:15 Sent {"src":"n3","dest":"n4","body":{"in_reply_to":54,"type":"broadcast_ok"}}
2025/06/27 21:17:15 Received {n4 n3 {"message":43,"msg_id":56,"type":"broadcast"}}
2025/06/27 21:17:15 Sent {"src":"n3","dest":"n4","body":{"in_reply_to":56,"type":"broadcast_ok"}}
2025/06/27 21:17:15 Sent {"src":"n3","dest":"n4","body":{"message":43,"msg_id":56,"type":"broadcast"}}
2025/06/27 21:17:15 Sent {"src":"n3","dest":"n0","body":{"message":43,"msg_id":55,"type":"broadcast"}}
2025/06/27 21:17:15 Received {n4 n3 {"in_reply_to":56,"type":"broadcast_ok"}}
2025/06/27 21:17:16 Received {n4 n3 {"message":44,"msg_id":58,"type":"broadcast"}}
2025/06/27 21:17:16 Sent {"src":"n3","dest":"n4","body":{"in_reply_to":58,"type":"broadcast_ok"}}
2025/06/27 21:17:16 Sent {"src":"n3","dest":"n0","body":{"message":44,"msg_id":57,"type":"broadcast"}}
2025/06/27 21:17:16 Sent {"src":"n3","dest":"n4","body":{"message":44,"msg_id":58,"type":"broadcast"}}
2025/06/27 21:17:16 Received {n4 n3 {"in_reply_to":58,"type":"broadcast_ok"}}
2025/06/27 21:17:16 Received {c12 n3 {"type":"read","msg_id":16}}
2025/06/27 21:17:16 Sent {"src":"n3","dest":"c12","body":{"in_reply_to":16,"messages":[1,2,3,5,7,8,9,10,13,15,16,17,20,21,23,24,25,28,30,31,32,33,36,37,39,41,42,43,44],"type":"read_ok"}}
2025/06/27 21:17:17 Received {n4 n3 {"message":45,"msg_id":60,"type":"broadcast"}}
2025/06/27 21:17:17 Sent {"src":"n3","dest":"n4","body":{"in_reply_to":60,"type":"broadcast_ok"}}
2025/06/27 21:17:17 Sent {"src":"n3","dest":"n4","body":{"message":45,"msg_id":59,"type":"broadcast"}}
2025/06/27 21:17:17 Sent {"src":"n3","dest":"n0","body":{"message":45,"msg_id":60,"type":"broadcast"}}
2025/06/27 21:17:17 Received {n4 n3 {"in_reply_to":59,"type":"broadcast_ok"}}
2025/06/27 21:17:17 Received {c12 n3 {"type":"broadcast","message":46,"msg_id":17}}
2025/06/27 21:17:17 Sent {"src":"n3","dest":"c12","body":{"in_reply_to":17,"type":"broadcast_ok"}}
2025/06/27 21:17:17 Sent {"src":"n3","dest":"n4","body":{"message":46,"msg_id":62,"type":"broadcast"}}
2025/06/27 21:17:17 Sent {"src":"n3","dest":"n0","body":{"message":46,"msg_id":61,"type":"broadcast"}}
2025/06/27 21:17:17 Received {n4 n3 {"in_reply_to":62,"type":"broadcast_ok"}}
2025/06/27 21:17:17 Received {n4 n3 {"message":46,"msg_id":62,"type":"broadcast"}}
2025/06/27 21:17:17 Sent {"src":"n3","dest":"n4","body":{"in_reply_to":62,"type":"broadcast_ok"}}
2025/06/27 21:17:18 Received {n4 n3 {"message":47,"msg_id":64,"type":"broadcast"}}
2025/06/27 21:17:18 Sent {"src":"n3","dest":"n4","body":{"in_reply_to":64,"type":"broadcast_ok"}}
2025/06/27 21:17:18 Sent {"src":"n3","dest":"n4","body":{"message":47,"msg_id":64,"type":"broadcast"}}
2025/06/27 21:17:18 Sent {"src":"n3","dest":"n0","body":{"message":47,"msg_id":63,"type":"broadcast"}}
2025/06/27 21:17:18 Received {n4 n3 {"in_reply_to":64,"type":"broadcast_ok"}}
2025/06/27 21:17:18 Received {n4 n3 {"message":48,"msg_id":65,"type":"broadcast"}}
2025/06/27 21:17:18 Sent {"src":"n3","dest":"n4","body":{"in_reply_to":65,"type":"broadcast_ok"}}
2025/06/27 21:17:18 Sent {"src":"n3","dest":"n0","body":{"message":48,"msg_id":65,"type":"broadcast"}}
2025/06/27 21:17:18 Sent {"src":"n3","dest":"n4","body":{"message":48,"msg_id":66,"type":"broadcast"}}
2025/06/27 21:17:18 Received {n4 n3 {"in_reply_to":66,"type":"broadcast_ok"}}
2025/06/27 21:17:18 Received {c12 n3 {"type":"read","msg_id":18}}
2025/06/27 21:17:18 Sent {"src":"n3","dest":"c12","body":{"in_reply_to":18,"messages":[1,2,3,5,7,8,9,10,13,15,16,17,20,21,23,24,25,28,30,31,32,33,36,37,39,41,42,43,44,45,46,47,48],"type":"read_ok"}}
2025/06/27 21:17:19 Received {n4 n3 {"message":50,"msg_id":68,"type":"broadcast"}}
2025/06/27 21:17:19 Sent {"src":"n3","dest":"n4","body":{"in_reply_to":68,"type":"broadcast_ok"}}
2025/06/27 21:17:19 Sent {"src":"n3","dest":"n0","body":{"message":50,"msg_id":67,"type":"broadcast"}}
2025/06/27 21:17:19 Sent {"src":"n3","dest":"n4","body":{"message":50,"msg_id":68,"type":"broadcast"}}
2025/06/27 21:17:19 Received {n4 n3 {"in_reply_to":68,"type":"broadcast_ok"}}
2025/06/27 21:17:19 Received {c12 n3 {"type":"broadcast","message":51,"msg_id":19}}
2025/06/27 21:17:19 Sent {"src":"n3","dest":"c12","body":{"in_reply_to":19,"type":"broadcast_ok"}}
2025/06/27 21:17:19 Sent {"src":"n3","dest":"n0","body":{"message":51,"msg_id":69,"type":"broadcast"}}
2025/06/27 21:17:19 Sent {"src":"n3","dest":"n4","body":{"message":51,"msg_id":70,"type":"broadcast"}}
2025/06/27 21:17:19 Received {n4 n3 {"in_reply_to":70,"type":"broadcast_ok"}}
2025/06/27 21:17:19 Received {n4 n3 {"message":51,"msg_id":70,"type":"broadcast"}}
2025/06/27 21:17:19 Sent {"src":"n3","dest":"n4","body":{"in_reply_to":70,"type":"broadcast_ok"}}
2025/06/27 21:17:19 Received {n4 n3 {"message":52,"msg_id":72,"type":"broadcast"}}
2025/06/27 21:17:19 Sent {"src":"n3","dest":"n4","body":{"in_reply_to":72,"type":"broadcast_ok"}}
2025/06/27 21:17:19 Sent {"src":"n3","dest":"n4","body":{"message":52,"msg_id":71,"type":"broadcast"}}
2025/06/27 21:17:19 Sent {"src":"n3","dest":"n0","body":{"message":52,"msg_id":72,"type":"broadcast"}}
2025/06/27 21:17:19 Received {n4 n3 {"in_reply_to":71,"type":"broadcast_ok"}}
2025/06/27 21:17:19 Received {n4 n3 {"message":54,"msg_id":74,"type":"broadcast"}}
2025/06/27 21:17:19 Sent {"src":"n3","dest":"n4","body":{"in_reply_to":74,"type":"broadcast_ok"}}
2025/06/27 21:17:19 Sent {"src":"n3","dest":"n0","body":{"message":54,"msg_id":73,"type":"broadcast"}}
2025/06/27 21:17:19 Sent {"src":"n3","dest":"n4","body":{"message":54,"msg_id":74,"type":"broadcast"}}
2025/06/27 21:17:19 Received {n4 n3 {"in_reply_to":74,"type":"broadcast_ok"}}
2025/06/27 21:17:19 Received {c12 n3 {"type":"read","msg_id":20}}
2025/06/27 21:17:19 Sent {"src":"n3","dest":"c12","body":{"in_reply_to":20,"messages":[1,2,3,5,7,8,9,10,13,15,16,17,20,21,23,24,25,28,30,31,32,33,36,37,39,41,42,43,44,45,46,47,48,50,51,52,54],"type":"read_ok"}}
2025/06/27 21:17:19 Received {n4 n3 {"message":55,"msg_id":75,"type":"broadcast"}}
2025/06/27 21:17:19 Sent {"src":"n3","dest":"n4","body":{"in_reply_to":75,"type":"broadcast_ok"}}
2025/06/27 21:17:19 Sent {"src":"n3","dest":"n4","body":{"message":55,"msg_id":75,"type":"broadcast"}}
2025/06/27 21:17:19 Sent {"src":"n3","dest":"n0","body":{"message":55,"msg_id":76,"type":"broadcast"}}
2025/06/27 21:17:19 Received {n4 n3 {"in_reply_to":75,"type":"broadcast_ok"}}
2025/06/27 21:17:20 Received {c12 n3 {"type":"broadcast","message":58,"msg_id":21}}
2025/06/27 21:17:20 Sent {"src":"n3","dest":"c12","body":{"in_reply_to":21,"type":"broadcast_ok"}}
2025/06/27 21:17:20 Sent {"src":"n3","dest":"n0","body":{"message":58,"msg_id":77,"type":"broadcast"}}
2025/06/27 21:17:20 Sent {"src":"n3","dest":"n4","body":{"message":58,"msg_id":78,"type":"broadcast"}}
2025/06/27 21:17:20 Received {n4 n3 {"in_reply_to":78,"type":"broadcast_ok"}}
2025/06/27 21:17:20 Received {n4 n3 {"message":58,"msg_id":77,"type":"broadcast"}}
2025/06/27 21:17:20 Sent {"src":"n3","dest":"n4","body":{"in_reply_to":77,"type":"broadcast_ok"}}
2025/06/27 21:17:20 Received {n4 n3 {"message":60,"msg_id":79,"type":"broadcast"}}
2025/06/27 21:17:20 Sent {"src":"n3","dest":"n4","body":{"in_reply_to":79,"type":"broadcast_ok"}}
2025/06/27 21:17:20 Sent {"src":"n3","dest":"n4","body":{"message":60,"msg_id":79,"type":"broadcast"}}
2025/06/27 21:17:20 Sent {"src":"n3","dest":"n0","body":{"message":60,"msg_id":80,"type":"broadcast"}}
2025/06/27 21:17:20 Received {n4 n3 {"in_reply_to":79,"type":"broadcast_ok"}}
2025/06/27 21:17:20 Received {n4 n3 {"message":61,"msg_id":82,"type":"broadcast"}}
2025/06/27 21:17:20 Sent {"src":"n3","dest":"n4","body":{"in_reply_to":82,"type":"broadcast_ok"}}
2025/06/27 21:17:20 Sent {"src":"n3","dest":"n4","body":{"message":61,"msg_id":82,"type":"broadcast"}}
2025/06/27 21:17:20 Sent {"src":"n3","dest":"n0","body":{"message":61,"msg_id":81,"type":"broadcast"}}
2025/06/27 21:17:20 Received {n4 n3 {"in_reply_to":82,"type":"broadcast_ok"}}
2025/06/27 21:17:21 Received {c12 n3 {"type":"broadcast","message":62,"msg_id":22}}
2025/06/27 21:17:21 Sent {"src":"n3","dest":"c12","body":{"in_reply_to":22,"type":"broadcast_ok"}}
2025/06/27 21:17:21 Sent {"src":"n3","dest":"n4","body":{"message":62,"msg_id":84,"type":"broadcast"}}
2025/06/27 21:17:21 Sent {"src":"n3","dest":"n0","body":{"message":62,"msg_id":83,"type":"broadcast"}}
2025/06/27 21:17:21 Received {n4 n3 {"in_reply_to":84,"type":"broadcast_ok"}}
2025/06/27 21:17:21 Received {n4 n3 {"message":62,"msg_id":84,"type":"broadcast"}}
2025/06/27 21:17:21 Sent {"src":"n3","dest":"n4","body":{"in_reply_to":84,"type":"broadcast_ok"}}
2025/06/27 21:17:21 Received {n4 n3 {"message":63,"msg_id":86,"type":"broadcast"}}
2025/06/27 21:17:21 Sent {"src":"n3","dest":"n4","body":{"in_reply_to":86,"type":"broadcast_ok"}}
2025/06/27 21:17:21 Sent {"src":"n3","dest":"n4","body":{"message":63,"msg_id":85,"type":"broadcast"}}
2025/06/27 21:17:21 Sent {"src":"n3","dest":"n0","body":{"message":63,"msg_id":86,"type":"broadcast"}}
2025/06/27 21:17:21 Received {n4 n3 {"in_reply_to":85,"type":"broadcast_ok"}}
2025/06/27 21:17:21 Received {n4 n3 {"message":66,"msg_id":88,"type":"broadcast"}}
2025/06/27 21:17:21 Sent {"src":"n3","dest":"n4","body":{"in_reply_to":88,"type":"broadcast_ok"}}
2025/06/27 21:17:21 Sent {"src":"n3","dest":"n0","body":{"message":66,"msg_id":87,"type":"broadcast"}}
2025/06/27 21:17:21 Sent {"src":"n3","dest":"n4","body":{"message":66,"msg_id":88,"type":"broadcast"}}
2025/06/27 21:17:21 Received {n4 n3 {"in_reply_to":88,"type":"broadcast_ok"}}
2025/06/27 21:17:21 Received {c12 n3 {"type":"read","msg_id":23}}
2025/06/27 21:17:21 Sent {"src":"n3","dest":"c12","body":{"in_reply_to":23,"messages":[1,2,3,5,7,8,9,10,13,15,16,17,20,21,23,24,25,28,30,31,32,33,36,37,39,41,42,43,44,45,46,47,48,50,51,52,54,55,58,60,61,62,63,66],"type":"read_ok"}}
2025/06/27 21:17:21 Received {n4 n3 {"message":67,"msg_id":90,"type":"broadcast"}}
2025/06/27 21:17:21 Sent {"src":"n3","dest":"n4","body":{"in_reply_to":90,"type":"broadcast_ok"}}
2025/06/27 21:17:21 Sent {"src":"n3","dest":"n4","body":{"message":67,"msg_id":89,"type":"broadcast"}}
2025/06/27 21:17:21 Sent {"src":"n3","dest":"n0","body":{"message":67,"msg_id":90,"type":"broadcast"}}
2025/06/27 21:17:21 Received {n4 n3 {"in_reply_to":89,"type":"broadcast_ok"}}
2025/06/27 21:17:22 Received {n4 n3 {"message":69,"msg_id":92,"type":"broadcast"}}
2025/06/27 21:17:22 Sent {"src":"n3","dest":"n4","body":{"in_reply_to":92,"type":"broadcast_ok"}}
2025/06/27 21:17:22 Sent {"src":"n3","dest":"n0","body":{"message":69,"msg_id":91,"type":"broadcast"}}
2025/06/27 21:17:22 Sent {"src":"n3","dest":"n4","body":{"message":69,"msg_id":92,"type":"broadcast"}}
2025/06/27 21:17:22 Received {n4 n3 {"in_reply_to":92,"type":"broadcast_ok"}}
2025/06/27 21:17:22 Received {c12 n3 {"type":"broadcast","message":70,"msg_id":24}}
2025/06/27 21:17:22 Sent {"src":"n3","dest":"c12","body":{"in_reply_to":24,"type":"broadcast_ok"}}
2025/06/27 21:17:22 Sent {"src":"n3","dest":"n0","body":{"message":70,"msg_id":93,"type":"broadcast"}}
2025/06/27 21:17:22 Sent {"src":"n3","dest":"n4","body":{"message":70,"msg_id":94,"type":"broadcast"}}
2025/06/27 21:17:22 Received {n4 n3 {"in_reply_to":94,"type":"broadcast_ok"}}
2025/06/27 21:17:22 Received {n4 n3 {"message":70,"msg_id":94,"type":"broadcast"}}
2025/06/27 21:17:22 Sent {"src":"n3","dest":"n4","body":{"in_reply_to":94,"type":"broadcast_ok"}}
2025/06/27 21:17:22 Received {n4 n3 {"message":73,"msg_id":96,"type":"broadcast"}}
2025/06/27 21:17:22 Sent {"src":"n3","dest":"n4","body":{"in_reply_to":96,"type":"broadcast_ok"}}
2025/06/27 21:17:22 Sent {"src":"n3","dest":"n0","body":{"message":73,"msg_id":95,"type":"broadcast"}}
2025/06/27 21:17:22 Sent {"src":"n3","dest":"n4","body":{"message":73,"msg_id":96,"type":"broadcast"}}
2025/06/27 21:17:22 Received {n4 n3 {"in_reply_to":96,"type":"broadcast_ok"}}
2025/06/27 21:17:22 Received {n4 n3 {"message":74,"msg_id":98,"type":"broadcast"}}
2025/06/27 21:17:22 Sent {"src":"n3","dest":"n4","body":{"in_reply_to":98,"type":"broadcast_ok"}}
2025/06/27 21:17:22 Sent {"src":"n3","dest":"n0","body":{"message":74,"msg_id":97,"type":"broadcast"}}
2025/06/27 21:17:22 Sent {"src":"n3","dest":"n4","body":{"message":74,"msg_id":98,"type":"broadcast"}}
2025/06/27 21:17:22 Received {n4 n3 {"in_reply_to":98,"type":"broadcast_ok"}}
2025/06/27 21:17:23 Received {n4 n3 {"message":75,"msg_id":100,"type":"broadcast"}}
2025/06/27 21:17:23 Sent {"src":"n3","dest":"n4","body":{"in_reply_to":100,"type":"broadcast_ok"}}
2025/06/27 21:17:23 Sent {"src":"n3","dest":"n4","body":{"message":75,"msg_id":99,"type":"broadcast"}}
2025/06/27 21:17:23 Sent {"src":"n3","dest":"n0","body":{"message":75,"msg_id":100,"type":"broadcast"}}
2025/06/27 21:17:23 Received {n4 n3 {"in_reply_to":99,"type":"broadcast_ok"}}
2025/06/27 21:17:23 Received {n0 n3 {"in_reply_to":100,"type":"broadcast_ok"}}
2025/06/27 21:17:23 Received {n0 n3 {"message":75,"msg_id":53,"type":"broadcast"}}
2025/06/27 21:17:23 Sent {"src":"n3","dest":"n0","body":{"in_reply_to":53,"type":"broadcast_ok"}}
2025/06/27 21:17:23 Received {n0 n3 {"message":76,"msg_id":55,"type":"broadcast"}}
2025/06/27 21:17:23 Sent {"src":"n3","dest":"n0","body":{"in_reply_to":55,"type":"broadcast_ok"}}
2025/06/27 21:17:23 Sent {"src":"n3","dest":"n4","body":{"message":76,"msg_id":101,"type":"broadcast"}}
2025/06/27 21:17:23 Sent {"src":"n3","dest":"n0","body":{"message":76,"msg_id":102,"type":"broadcast"}}
2025/06/27 21:17:23 Received {n4 n3 {"in_reply_to":101,"type":"broadcast_ok"}}
2025/06/27 21:17:23 Received {n4 n3 {"message":76,"msg_id":101,"type":"broadcast"}}
2025/06/27 21:17:23 Sent {"src":"n3","dest":"n4","body":{"in_reply_to":101,"type":"broadcast_ok"}}
2025/06/27 21:17:23 Received {n0 n3 {"in_reply_to":102,"type":"broadcast_ok"}}
2025/06/27 21:17:23 Received {n0 n3 {"message":77,"msg_id":58,"type":"broadcast"}}
2025/06/27 21:17:23 Received {n4 n3 {"message":77,"msg_id":103,"type":"broadcast"}}
2025/06/27 21:17:23 Sent {"src":"n3","dest":"n0","body":{"in_reply_to":58,"type":"broadcast_ok"}}
2025/06/27 21:17:23 Sent {"src":"n3","dest":"n0","body":{"message":77,"msg_id":103,"type":"broadcast"}}
2025/06/27 21:17:23 Sent {"src":"n3","dest":"n4","body":{"message":77,"msg_id":104,"type":"broadcast"}}
2025/06/27 21:17:23 Sent {"src":"n3","dest":"n4","body":{"in_reply_to":103,"type":"broadcast_ok"}}
2025/06/27 21:17:23 Received {n0 n3 {"in_reply_to":103,"type":"broadcast_ok"}}
2025/06/27 21:17:23 Received {n4 n3 {"in_reply_to":104,"type":"broadcast_ok"}}
2025/06/27 21:17:23 Received {c12 n3 {"type":"broadcast","message":78,"msg_id":25}}
2025/06/27 21:17:23 Sent {"src":"n3","dest":"c12","body":{"in_reply_to":25,"type":"broadcast_ok"}}
2025/06/27 21:17:23 Sent {"src":"n3","dest":"n0","body":{"message":78,"msg_id":105,"type":"broadcast"}}
2025/06/27 21:17:23 Sent {"src":"n3","dest":"n4","body":{"message":78,"msg_id":106,"type":"broadcast"}}
2025/06/27 21:17:23 Received {n0 n3 {"in_reply_to":105,"type":"broadcast_ok"}}
2025/06/27 21:17:23 Received {n4 n3 {"in_reply_to":106,"type":"broadcast_ok"}}
2025/06/27 21:17:23 Received {n0 n3 {"message":78,"msg_id":59,"type":"broadcast"}}
2025/06/27 21:17:23 Received {n4 n3 {"message":78,"msg_id":105,"type":"broadcast"}}
2025/06/27 21:17:23 Sent {"src":"n3","dest":"n0","body":{"in_reply_to":59,"type":"broadcast_ok"}}
2025/06/27 21:17:23 Sent {"src":"n3","dest":"n4","body":{"in_reply_to":105,"type":"broadcast_ok"}}
2025/06/27 21:17:23 Received {n4 n3 {"message":79,"msg_id":108,"type":"broadcast"}}
2025/06/27 21:17:23 Sent {"src":"n3","dest":"n4","body":{"in_reply_to":108,"type":"broadcast_ok"}}
2025/06/27 21:17:23 Sent {"src":"n3","dest":"n4","body":{"message":79,"msg_id":107,"type":"broadcast"}}
2025/06/27 21:17:23 Sent {"src":"n3","dest":"n0","body":{"message":79,"msg_id":108,"type":"broadcast"}}
2025/06/27 21:17:23 Received {n0 n3 {"in_reply_to":108,"type":"broadcast_ok"}}
2025/06/27 21:17:23 Received {n0 n3 {"message":79,"msg_id":62,"type":"broadcast"}}
2025/06/27 21:17:23 Sent {"src":"n3","dest":"n0","body":{"in_reply_to":62,"type":"broadcast_ok"}}
2025/06/27 21:17:23 Received {n4 n3 {"in_reply_to":107,"type":"broadcast_ok"}}
2025/06/27 21:17:23 Received {n0 n3 {"message":80,"msg_id":63,"type":"broadcast"}}
2025/06/27 21:17:23 Sent {"src":"n3","dest":"n0","body":{"in_reply_to":63,"type":"broadcast_ok"}}
2025/06/27 21:17:23 Sent {"src":"n3","dest":"n4","body":{"message":80,"msg_id":109,"type":"broadcast"}}
2025/06/27 21:17:23 Sent {"src":"n3","dest":"n0","body":{"message":80,"msg_id":110,"type":"broadcast"}}
2025/06/27 21:17:23 Received {n0 n3 {"in_reply_to":110,"type":"broadcast_ok"}}
2025/06/27 21:17:23 Received {n4 n3 {"in_reply_to":109,"type":"broadcast_ok"}}
2025/06/27 21:17:23 Received {n4 n3 {"message":80,"msg_id":110,"type":"broadcast"}}
2025/06/27 21:17:23 Sent {"src":"n3","dest":"n4","body":{"in_reply_to":110,"type":"broadcast_ok"}}
2025/06/27 21:17:23 Received {n0 n3 {"message":81,"msg_id":65,"type":"broadcast"}}
2025/06/27 21:17:23 Received {n4 n3 {"message":81,"msg_id":111,"type":"broadcast"}}
2025/06/27 21:17:23 Sent {"src":"n3","dest":"n0","body":{"in_reply_to":65,"type":"broadcast_ok"}}
2025/06/27 21:17:23 Sent {"src":"n3","dest":"n0","body":{"message":81,"msg_id":111,"type":"broadcast"}}
2025/06/27 21:17:23 Sent {"src":"n3","dest":"n4","body":{"message":81,"msg_id":112,"type":"broadcast"}}
2025/06/27 21:17:23 Sent {"src":"n3","dest":"n4","body":{"in_reply_to":111,"type":"broadcast_ok"}}
2025/06/27 21:17:23 Received {n4 n3 {"in_reply_to":112,"type":"broadcast_ok"}}
2025/06/27 21:17:23 Received {n0 n3 {"in_reply_to":111,"type":"broadcast_ok"}}
2025/06/27 21:17:23 Received {c12 n3 {"type":"broadcast","message":82,"msg_id":26}}
2025/06/27 21:17:23 Sent {"src":"n3","dest":"c12","body":{"in_reply_to":26,"type":"broadcast_ok"}}
2025/06/27 21:17:23 Sent {"src":"n3","dest":"n0","body":{"message":82,"msg_id":113,"type":"broadcast"}}
2025/06/27 21:17:23 Sent {"src":"n3","dest":"n4","body":{"message":82,"msg_id":114,"type":"broadcast"}}
2025/06/27 21:17:23 Received {n4 n3 {"in_reply_to":114,"type":"broadcast_ok"}}
2025/06/27 21:17:23 Received {n0 n3 {"in_reply_to":113,"type":"broadcast_ok"}}
2025/06/27 21:17:23 Received {n4 n3 {"message":82,"msg_id":113,"type":"broadcast"}}
2025/06/27 21:17:23 Sent {"src":"n3","dest":"n4","body":{"in_reply_to":113,"type":"broadcast_ok"}}
2025/06/27 21:17:23 Received {n0 n3 {"message":82,"msg_id":68,"type":"broadcast"}}
2025/06/27 21:17:23 Sent {"src":"n3","dest":"n0","body":{"in_reply_to":68,"type":"broadcast_ok"}}
2025/06/27 21:17:24 Received {n4 n3 {"message":83,"msg_id":116,"type":"broadcast"}}
2025/06/27 21:17:24 Sent {"src":"n3","dest":"n4","body":{"in_reply_to":116,"type":"broadcast_ok"}}
2025/06/27 21:17:24 Sent {"src":"n3","dest":"n4","body":{"message":83,"msg_id":115,"type":"broadcast"}}
2025/06/27 21:17:24 Sent {"src":"n3","dest":"n0","body":{"message":83,"msg_id":116,"type":"broadcast"}}
2025/06/27 21:17:24 Received {n4 n3 {"in_reply_to":115,"type":"broadcast_ok"}}
2025/06/27 21:17:24 Received {n0 n3 {"message":83,"msg_id":70,"type":"broadcast"}}
2025/06/27 21:17:24 Received {n0 n3 {"in_reply_to":116,"type":"broadcast_ok"}}
2025/06/27 21:17:24 Sent {"src":"n3","dest":"n0","body":{"in_reply_to":70,"type":"broadcast_ok"}}
2025/06/27 21:17:24 Received {n0 n3 {"message":84,"msg_id":71,"type":"broadcast"}}
2025/06/27 21:17:24 Sent {"src":"n3","dest":"n0","body":{"in_reply_to":71,"type":"broadcast_ok"}}
2025/06/27 21:17:24 Sent {"src":"n3","dest":"n4","body":{"message":84,"msg_id":117,"type":"broadcast"}}
2025/06/27 21:17:24 Sent {"src":"n3","dest":"n0","body":{"message":84,"msg_id":118,"type":"broadcast"}}
2025/06/27 21:17:24 Received {n0 n3 {"in_reply_to":118,"type":"broadcast_ok"}}
2025/06/27 21:17:24 Received {n4 n3 {"in_reply_to":117,"type":"broadcast_ok"}}
2025/06/27 21:17:24 Received {n4 n3 {"message":84,"msg_id":117,"type":"broadcast"}}
2025/06/27 21:17:24 Sent {"src":"n3","dest":"n4","body":{"in_reply_to":117,"type":"broadcast_ok"}}
2025/06/27 21:17:24 Received {c12 n3 {"type":"broadcast","message":85,"msg_id":27}}
2025/06/27 21:17:24 Sent {"src":"n3","dest":"c12","body":{"in_reply_to":27,"type":"broadcast_ok"}}
2025/06/27 21:17:24 Sent {"src":"n3","dest":"n0","body":{"message":85,"msg_id":119,"type":"broadcast"}}
2025/06/27 21:17:24 Sent {"src":"n3","dest":"n4","body":{"message":85,"msg_id":120,"type":"broadcast"}}
2025/06/27 21:17:24 Received {n4 n3 {"in_reply_to":120,"type":"broadcast_ok"}}
2025/06/27 21:17:24 Received {n0 n3 {"in_reply_to":119,"type":"broadcast_ok"}}
2025/06/27 21:17:24 Received {n4 n3 {"message":85,"msg_id":120,"type":"broadcast"}}
2025/06/27 21:17:24 Sent {"src":"n3","dest":"n4","body":{"in_reply_to":120,"type":"broadcast_ok"}}
2025/06/27 21:17:24 Received {n0 n3 {"message":85,"msg_id":73,"type":"broadcast"}}
2025/06/27 21:17:24 Sent {"src":"n3","dest":"n0","body":{"in_reply_to":73,"type":"broadcast_ok"}}
2025/06/27 21:17:24 Received {n4 n3 {"message":86,"msg_id":122,"type":"broadcast"}}
2025/06/27 21:17:24 Sent {"src":"n3","dest":"n4","body":{"in_reply_to":122,"type":"broadcast_ok"}}
2025/06/27 21:17:24 Sent {"src":"n3","dest":"n0","body":{"message":86,"msg_id":121,"type":"broadcast"}}
2025/06/27 21:17:24 Sent {"src":"n3","dest":"n4","body":{"message":86,"msg_id":122,"type":"broadcast"}}
2025/06/27 21:17:24 Received {n4 n3 {"in_reply_to":122,"type":"broadcast_ok"}}
2025/06/27 21:17:24 Received {n0 n3 {"in_reply_to":121,"type":"broadcast_ok"}}
2025/06/27 21:17:24 Received {n0 n3 {"message":86,"msg_id":76,"type":"broadcast"}}
2025/06/27 21:17:24 Sent {"src":"n3","dest":"n0","body":{"in_reply_to":76,"type":"broadcast_ok"}}
2025/06/27 21:17:25 Received {n4 n3 {"message":87,"msg_id":124,"type":"broadcast"}}
2025/06/27 21:17:25 Sent {"src":"n3","dest":"n4","body":{"in_reply_to":124,"type":"broadcast_ok"}}
2025/06/27 21:17:25 Sent {"src":"n3","dest":"n4","body":{"message":87,"msg_id":123,"type":"broadcast"}}
2025/06/27 21:17:25 Sent {"src":"n3","dest":"n0","body":{"message":87,"msg_id":124,"type":"broadcast"}}
2025/06/27 21:17:25 Received {n0 n3 {"message":87,"msg_id":78,"type":"broadcast"}}
2025/06/27 21:17:25 Sent {"src":"n3","dest":"n0","body":{"in_reply_to":78,"type":"broadcast_ok"}}
2025/06/27 21:17:25 Received {n4 n3 {"in_reply_to":123,"type":"broadcast_ok"}}
2025/06/27 21:17:25 Received {n0 n3 {"in_reply_to":124,"type":"broadcast_ok"}}
2025/06/27 21:17:25 Received {c12 n3 {"type":"broadcast","message":88,"msg_id":28}}
2025/06/27 21:17:25 Sent {"src":"n3","dest":"c12","body":{"in_reply_to":28,"type":"broadcast_ok"}}
2025/06/27 21:17:25 Sent {"src":"n3","dest":"n4","body":{"message":88,"msg_id":125,"type":"broadcast"}}
2025/06/27 21:17:25 Sent {"src":"n3","dest":"n0","body":{"message":88,"msg_id":126,"type":"broadcast"}}
2025/06/27 21:17:25 Received {n4 n3 {"in_reply_to":125,"type":"broadcast_ok"}}
2025/06/27 21:17:25 Received {n0 n3 {"in_reply_to":126,"type":"broadcast_ok"}}
2025/06/27 21:17:25 Received {n4 n3 {"message":88,"msg_id":125,"type":"broadcast"}}
2025/06/27 21:17:25 Received {n0 n3 {"message":88,"msg_id":80,"type":"broadcast"}}
2025/06/27 21:17:25 Sent {"src":"n3","dest":"n4","body":{"in_reply_to":125,"type":"broadcast_ok"}}
2025/06/27 21:17:25 Sent {"src":"n3","dest":"n0","body":{"in_reply_to":80,"type":"broadcast_ok"}}
2025/06/27 21:17:25 Received {n4 n3 {"message":89,"msg_id":128,"type":"broadcast"}}
2025/06/27 21:17:25 Sent {"src":"n3","dest":"n4","body":{"in_reply_to":128,"type":"broadcast_ok"}}
2025/06/27 21:17:25 Sent {"src":"n3","dest":"n4","body":{"message":89,"msg_id":127,"type":"broadcast"}}
2025/06/27 21:17:25 Sent {"src":"n3","dest":"n0","body":{"message":89,"msg_id":128,"type":"broadcast"}}
2025/06/27 21:17:25 Received {n0 n3 {"message":89,"msg_id":81,"type":"broadcast"}}
2025/06/27 21:17:25 Sent {"src":"n3","dest":"n0","body":{"in_reply_to":81,"type":"broadcast_ok"}}
2025/06/27 21:17:25 Received {n0 n3 {"in_reply_to":128,"type":"broadcast_ok"}}
2025/06/27 21:17:25 Received {n4 n3 {"in_reply_to":127,"type":"broadcast_ok"}}
2025/06/27 21:17:25 Received {n0 n3 {"message":90,"msg_id":83,"type":"broadcast"}}
2025/06/27 21:17:25 Sent {"src":"n3","dest":"n0","body":{"in_reply_to":83,"type":"broadcast_ok"}}
2025/06/27 21:17:25 Sent {"src":"n3","dest":"n4","body":{"message":90,"msg_id":129,"type":"broadcast"}}
2025/06/27 21:17:25 Sent {"src":"n3","dest":"n0","body":{"message":90,"msg_id":130,"type":"broadcast"}}
2025/06/27 21:17:25 Received {n0 n3 {"in_reply_to":130,"type":"broadcast_ok"}}
2025/06/27 21:17:25 Received {n4 n3 {"message":90,"msg_id":130,"type":"broadcast"}}
2025/06/27 21:17:25 Received {n4 n3 {"in_reply_to":129,"type":"broadcast_ok"}}
2025/06/27 21:17:25 Sent {"src":"n3","dest":"n4","body":{"in_reply_to":130,"type":"broadcast_ok"}}
2025/06/27 21:17:25 Received {n0 n3 {"message":91,"msg_id":85,"type":"broadcast"}}
2025/06/27 21:17:25 Sent {"src":"n3","dest":"n0","body":{"in_reply_to":85,"type":"broadcast_ok"}}
2025/06/27 21:17:25 Sent {"src":"n3","dest":"n4","body":{"message":91,"msg_id":131,"type":"broadcast"}}
2025/06/27 21:17:25 Sent {"src":"n3","dest":"n0","body":{"message":91,"msg_id":132,"type":"broadcast"}}
2025/06/27 21:17:25 Received {n0 n3 {"in_reply_to":132,"type":"broadcast_ok"}}
2025/06/27 21:17:25 Received {n4 n3 {"in_reply_to":131,"type":"broadcast_ok"}}
2025/06/27 21:17:25 Received {n4 n3 {"message":91,"msg_id":132,"type":"broadcast"}}
2025/06/27 21:17:25 Sent {"src":"n3","dest":"n4","body":{"in_reply_to":132,"type":"broadcast_ok"}}
2025/06/27 21:17:25 Received {n4 n3 {"message":92,"msg_id":133,"type":"broadcast"}}
2025/06/27 21:17:25 Sent {"src":"n3","dest":"n4","body":{"in_reply_to":133,"type":"broadcast_ok"}}
2025/06/27 21:17:25 Sent {"src":"n3","dest":"n4","body":{"message":92,"msg_id":133,"type":"broadcast"}}
2025/06/27 21:17:25 Received {n0 n3 {"message":92,"msg_id":87,"type":"broadcast"}}
2025/06/27 21:17:25 Sent {"src":"n3","dest":"n0","body":{"message":92,"msg_id":134,"type":"broadcast"}}
2025/06/27 21:17:25 Sent {"src":"n3","dest":"n0","body":{"in_reply_to":87,"type":"broadcast_ok"}}
2025/06/27 21:17:25 Received {n4 n3 {"in_reply_to":133,"type":"broadcast_ok"}}
2025/06/27 21:17:25 Received {n0 n3 {"in_reply_to":134,"type":"broadcast_ok"}}
2025/06/27 21:17:25 Received {c12 n3 {"type":"broadcast","message":93,"msg_id":29}}
2025/06/27 21:17:25 Sent {"src":"n3","dest":"n0","body":{"message":93,"msg_id":135,"type":"broadcast"}}
2025/06/27 21:17:25 Sent {"src":"n3","dest":"c12","body":{"in_reply_to":29,"type":"broadcast_ok"}}
2025/06/27 21:17:25 Sent {"src":"n3","dest":"n4","body":{"message":93,"msg_id":136,"type":"broadcast"}}
2025/06/27 21:17:25 Received {n0 n3 {"in_reply_to":135,"type":"broadcast_ok"}}
2025/06/27 21:17:25 Received {n4 n3 {"in_reply_to":136,"type":"broadcast_ok"}}
2025/06/27 21:17:25 Received {n0 n3 {"message":93,"msg_id":90,"type":"broadcast"}}
2025/06/27 21:17:25 Received {n4 n3 {"message":93,"msg_id":136,"type":"broadcast"}}
2025/06/27 21:17:25 Sent {"src":"n3","dest":"n0","body":{"in_reply_to":90,"type":"broadcast_ok"}}
2025/06/27 21:17:25 Sent {"src":"n3","dest":"n4","body":{"in_reply_to":136,"type":"broadcast_ok"}}
2025/06/27 21:17:26 Received {n4 n3 {"message":94,"msg_id":138,"type":"broadcast"}}
2025/06/27 21:17:26 Sent {"src":"n3","dest":"n4","body":{"in_reply_to":138,"type":"broadcast_ok"}}
2025/06/27 21:17:26 Sent {"src":"n3","dest":"n0","body":{"message":94,"msg_id":137,"type":"broadcast"}}
2025/06/27 21:17:26 Sent {"src":"n3","dest":"n4","body":{"message":94,"msg_id":138,"type":"broadcast"}}
2025/06/27 21:17:26 Received {n4 n3 {"in_reply_to":138,"type":"broadcast_ok"}}
2025/06/27 21:17:26 Received {n0 n3 {"message":94,"msg_id":92,"type":"broadcast"}}
2025/06/27 21:17:26 Received {n0 n3 {"in_reply_to":137,"type":"broadcast_ok"}}
2025/06/27 21:17:26 Sent {"src":"n3","dest":"n0","body":{"in_reply_to":92,"type":"broadcast_ok"}}
2025/06/27 21:17:26 Received {n0 n3 {"message":95,"msg_id":93,"type":"broadcast"}}
2025/06/27 21:17:26 Sent {"src":"n3","dest":"n0","body":{"in_reply_to":93,"type":"broadcast_ok"}}
2025/06/27 21:17:26 Sent {"src":"n3","dest":"n4","body":{"message":95,"msg_id":139,"type":"broadcast"}}
2025/06/27 21:17:26 Sent {"src":"n3","dest":"n0","body":{"message":95,"msg_id":140,"type":"broadcast"}}
2025/06/27 21:17:26 Received {n0 n3 {"in_reply_to":140,"type":"broadcast_ok"}}
2025/06/27 21:17:26 Received {n4 n3 {"in_reply_to":139,"type":"broadcast_ok"}}
2025/06/27 21:17:26 Received {n4 n3 {"message":95,"msg_id":140,"type":"broadcast"}}
2025/06/27 21:17:26 Sent {"src":"n3","dest":"n4","body":{"in_reply_to":140,"type":"broadcast_ok"}}
2025/06/27 21:17:26 Received {c12 n3 {"type":"read","msg_id":30}}
2025/06/27 21:17:26 Sent {"src":"n3","dest":"c12","body":{"in_reply_to":30,"messages":[1,2,3,5,7,8,9,10,13,15,16,17,20,21,23,24,25,28,30,31,32,33,36,37,39,41,42,43,44,45,46,47,48,50,51,52,54,55,58,60,61,62,63,66,67,69,70,73,74,75,76,77,78,79,80,81,82,83,84,85,86,87,88,89,90,91,92,93,94,95],"type":"read_ok"}}
2025/06/27 21:17:26 Received {n0 n3 {"message":96,"msg_id":96,"type":"broadcast"}}
2025/06/27 21:17:26 Sent {"src":"n3","dest":"n0","body":{"in_reply_to":96,"type":"broadcast_ok"}}
2025/06/27 21:17:26 Sent {"src":"n3","dest":"n4","body":{"message":96,"msg_id":141,"type":"broadcast"}}
2025/06/27 21:17:26 Sent {"src":"n3","dest":"n0","body":{"message":96,"msg_id":142,"type":"broadcast"}}
2025/06/27 21:17:26 Received {n0 n3 {"in_reply_to":142,"type":"broadcast_ok"}}
2025/06/27 21:17:26 Received {n4 n3 {"message":96,"msg_id":141,"type":"broadcast"}}
2025/06/27 21:17:26 Received {n4 n3 {"in_reply_to":141,"type":"broadcast_ok"}}
2025/06/27 21:17:26 Sent {"src":"n3","dest":"n4","body":{"in_reply_to":141,"type":"broadcast_ok"}}
2025/06/27 21:17:36 Received {c12 n3 {"type":"read","msg_id":31}}
2025/06/27 21:17:36 Sent {"src":"n3","dest":"c12","body":{"in_reply_to":31,"messages":[1,2,3,5,7,8,9,10,13,15,16,17,20,21,23,24,25,28,30,31,32,33,36,37,39,41,42,43,44,45,46,47,48,50,51,52,54,55,58,60,61,62,63,66,67,69,70,73,74,75,76,77,78,79,80,81,82,83,84,85,86,87,88,89,90,91,92,93,94,95,96],"type":"read_ok"}}
