2025-06-27 20:47:26,529{GMT}	INFO	[jepsen test runner] jepsen.core: Command line:
lein run test -w broadcast --bin /Users/anandtrehan/go/bin/maelstrom-broadcast --node-count 5 --time-limit 20 --rate 10 --nemesis partition
2025-06-27 20:47:26,600{GMT}	INFO	[jepsen test runner] jepsen.core: Running test:
{:args []
 :remote
 #jepsen.control.retry.Remote{:remote #jepsen.control.scp.Remote{:cmd-remote #jepsen.control.sshj.SSHJRemote{:concurrency-limit 6,
                                                                                                             :conn-spec nil,
                                                                                                             :client nil,
                                                                                                             :semaphore nil},
                                                                 :conn-spec nil},
                              :conn nil}
 :log-net-send false
 :node-count 5
 :availability nil
 :max-txn-length 4
 :concurrency 5
 :db
 #object[maelstrom.db$db$reify__16142
         "0x33e09baf"
         "maelstrom.db$db$reify__16142@33e09baf"]
 :max-writes-per-key 16
 :leave-db-running? false
 :name "broadcast"
 :logging-json? false
 :start-time
 #object[org.joda.time.DateTime "0x105c253a" "2025-06-27T20:47:26.496-04:00"]
 :nemesis-interval 10
 :net
 #object[maelstrom.net$jepsen_net$reify__15251
         "0x156322ce"
         "maelstrom.net$jepsen_net$reify__15251@156322ce"]
 :client
 #object[maelstrom.workload.broadcast$client$reify__16644
         "0x546f0f36"
         "maelstrom.workload.broadcast$client$reify__16644@546f0f36"]
 :barrier
 #object[java.util.concurrent.CyclicBarrier
         "0x44d5a0a8"
         "java.util.concurrent.CyclicBarrier@44d5a0a8"]
 :log-stderr false
 :pure-generators true
 :ssh {:dummy? true}
 :rate 10.0
 :checker
 #object[jepsen.checker$compose$reify__11881
         "0x35d128fd"
         "jepsen.checker$compose$reify__11881@35d128fd"]
 :argv
 ("test"
  "-w"
  "broadcast"
  "--bin"
  "/Users/anandtrehan/go/bin/maelstrom-broadcast"
  "--node-count"
  "5"
  "--time-limit"
  "20"
  "--rate"
  "10"
  "--nemesis"
  "partition")
 :nemesis
 (jepsen.nemesis.ReflCompose
  {:fm {:start-partition 0,
        :stop-partition 0,
        :kill 1,
        :start 1,
        :pause 1,
        :resume 1},
   :nemeses [#unprintable "jepsen.nemesis.combined$partition_nemesis$reify__16416@39a809db"
             #unprintable "jepsen.nemesis.combined$db_nemesis$reify__16397@1512a767"]})
 :nodes ["n0" "n1" "n2" "n3" "n4"]
 :test-count 1
 :latency {:mean 0, :dist :constant}
 :bin "/Users/anandtrehan/go/bin/maelstrom-broadcast"
 :generator
 ((jepsen.generator.Synchronize
   {:gen (jepsen.generator.TimeLimit
          {:limit 20000000000,
           :cutoff nil,
           :gen (jepsen.generator.Any
                 {:gens [(jepsen.generator.OnThreads
                          {:f #{:nemesis},
                           :context-filter #object[jepsen.generator.context$make_thread_filter$lazy_filter__9167
                                                   "0x5cdb7b"
                                                   "jepsen.generator.context$make_thread_filter$lazy_filter__9167@5cdb7b"],
                           :gen (jepsen.generator.Stagger
                                 {:dt 20000000000,
                                  :next-time nil,
                                  :gen (jepsen.generator.FlipFlop
                                        {:gens [#object[jepsen.nemesis.combined$partition_package$start__16420
                                                        "0x3dcc59f5"
                                                        "jepsen.nemesis.combined$partition_package$start__16420@3dcc59f5"]
                                                ({:type :info,
                                                  :f :stop-partition,
                                                  :value nil}
                                                 {:type :info,
                                                  :f :stop-partition,
                                                  :value nil}
                                                 {:type :info,
                                                  :f :stop-partition,
                                                  :value nil}
                                                 {:type :info,
                                                  :f :stop-partition,
                                                  :value nil}
                                                 {:type :info,
                                                  :f :stop-partition,
                                                  :value nil}
                                                 {:type :info,
                                                  :f :stop-partition,
                                                  :value nil}
                                                 {:type :info,
                                                  :f :stop-partition,
                                                  :value nil}
                                                 {:type :info,
                                                  :f :stop-partition,
                                                  :value nil}
                                                 ...)],
                                         :i 0})})})
                         (jepsen.generator.OnThreads
                          {:f #jepsen.generator.context.AllBut{:element :nemesis},
                           :context-filter #object[jepsen.generator.context$make_thread_filter$lazy_filter__9167
                                                   "0x690337df"
                                                   "jepsen.generator.context$make_thread_filter$lazy_filter__9167@690337df"],
                           :gen (jepsen.generator.Stagger
                                 {:dt 200000000,
                                  :next-time nil,
                                  :gen (jepsen.generator.Mix
                                        {:i 0,
                                         :gens [({:f :broadcast, :value 0}
                                                 {:f :broadcast, :value 1}
                                                 {:f :broadcast, :value 2}
                                                 {:f :broadcast, :value 3}
                                                 {:f :broadcast, :value 4}
                                                 {:f :broadcast, :value 5}
                                                 {:f :broadcast, :value 6}
                                                 {:f :broadcast, :value 7}
                                                 ...)
                                                ({:f :read}
                                                 {:f :read}
                                                 {:f :read}
                                                 {:f :read}
                                                 {:f :read}
                                                 {:f :read}
                                                 {:f :read}
                                                 {:f :read}
                                                 ...)]})})})]})})})
  (jepsen.generator.Synchronize
   {:gen (jepsen.generator.OnThreads
          {:f #{:nemesis},
           :context-filter #object[jepsen.generator.context$make_thread_filter$lazy_filter__9167
                                   "0xf62ae87"
                                   "jepsen.generator.context$make_thread_filter$lazy_filter__9167@f62ae87"],
           :gen ({:type :info, :f :stop-partition, :value nil})})})
  (jepsen.generator.Synchronize
   {:gen {:type :log, :value "Waiting for recovery..."}})
  (jepsen.generator.Synchronize {:gen {:type :sleep, :value 10}})
  (jepsen.generator.Synchronize
   {:gen (jepsen.generator.OnThreads
          {:f #jepsen.generator.context.AllBut{:element :nemesis},
           :context-filter #object[jepsen.generator.context$make_thread_filter$lazy_filter__9167
                                   "0x50be5d6f"
                                   "jepsen.generator.context$make_thread_filter$lazy_filter__9167@50be5d6f"],
           :gen (jepsen.generator.EachThread
                 {:fresh-gen {:f :read, :final? true},
                  :context-filters #object[clojure.core$promise$reify__8591
                                           "0x48e0e779"
                                           {:status :pending, :val nil}],
                  :gens {}})})}))
 :log-net-recv false
 :os
 #object[maelstrom.net$jepsen_os$reify__15254
         "0x38ad8c75"
         "maelstrom.net$jepsen_os$reify__15254@38ad8c75"]
 :time-limit 20
 :workload :broadcast
 :consistency-models [:strict-serializable]
 :topology :grid}

2025-06-27 20:47:27,850{GMT}	INFO	[jepsen node n0] maelstrom.net: Starting Maelstrom network
2025-06-27 20:47:27,851{GMT}	INFO	[jepsen test runner] jepsen.db: Tearing down DB
2025-06-27 20:47:27,852{GMT}	INFO	[jepsen test runner] jepsen.db: Setting up DB
2025-06-27 20:47:27,860{GMT}	INFO	[jepsen node n1] maelstrom.db: Setting up n1
2025-06-27 20:47:27,861{GMT}	INFO	[jepsen node n3] maelstrom.db: Setting up n3
2025-06-27 20:47:27,861{GMT}	INFO	[jepsen node n4] maelstrom.db: Setting up n4
2025-06-27 20:47:27,861{GMT}	INFO	[jepsen node n2] maelstrom.db: Setting up n2
2025-06-27 20:47:27,861{GMT}	INFO	[jepsen node n0] maelstrom.service: Starting services: (lin-kv lin-tso lww-kv seq-kv)
2025-06-27 20:47:27,861{GMT}	INFO	[jepsen node n1] maelstrom.process: launching /Users/anandtrehan/go/bin/maelstrom-broadcast []
2025-06-27 20:47:27,861{GMT}	INFO	[jepsen node n2] maelstrom.process: launching /Users/anandtrehan/go/bin/maelstrom-broadcast []
2025-06-27 20:47:27,861{GMT}	INFO	[jepsen node n4] maelstrom.process: launching /Users/anandtrehan/go/bin/maelstrom-broadcast []
2025-06-27 20:47:27,861{GMT}	INFO	[jepsen node n3] maelstrom.process: launching /Users/anandtrehan/go/bin/maelstrom-broadcast []
2025-06-27 20:47:27,862{GMT}	INFO	[jepsen node n0] maelstrom.db: Setting up n0
2025-06-27 20:47:27,863{GMT}	INFO	[jepsen node n0] maelstrom.process: launching /Users/anandtrehan/go/bin/maelstrom-broadcast []
2025-06-27 20:47:28,154{GMT}	INFO	[jepsen test runner] jepsen.core: Relative time begins now
2025-06-27 20:47:28,171{GMT}	INFO	[jepsen worker 1] jepsen.util: 1	:invoke	:broadcast	0
2025-06-27 20:47:28,171{GMT}	INFO	[jepsen worker nemesis] jepsen.util: :nemesis	:info	:start-partition	:majorities-ring
2025-06-27 20:47:28,173{GMT}	INFO	[jepsen worker 2] jepsen.util: 2	:invoke	:read	nil
2025-06-27 20:47:28,179{GMT}	INFO	[jepsen worker 1] jepsen.util: 1	:ok	:broadcast	0
2025-06-27 20:47:28,179{GMT}	INFO	[jepsen worker 2] jepsen.util: 2	:ok	:read	[]
2025-06-27 20:47:28,182{GMT}	INFO	[jepsen worker nemesis] jepsen.util: :nemesis	:info	:start-partition	[:isolated {"n0" #{"n4" "n3"}, "n1" #{"n2" "n3"}, "n4" #{"n2" "n0"}, "n3" #{"n1" "n0"}, "n2" #{"n1" "n4"}}]
2025-06-27 20:47:28,303{GMT}	INFO	[jepsen worker 3] jepsen.util: 3	:invoke	:broadcast	1
2025-06-27 20:47:28,304{GMT}	INFO	[jepsen worker 3] jepsen.util: 3	:ok	:broadcast	1
2025-06-27 20:47:28,336{GMT}	INFO	[jepsen worker 4] jepsen.util: 4	:invoke	:read	nil
2025-06-27 20:47:28,338{GMT}	INFO	[jepsen worker 4] jepsen.util: 4	:ok	:read	[0 1]
2025-06-27 20:47:28,450{GMT}	INFO	[jepsen worker 0] jepsen.util: 0	:invoke	:broadcast	2
2025-06-27 20:47:28,453{GMT}	INFO	[jepsen worker 0] jepsen.util: 0	:ok	:broadcast	2
2025-06-27 20:47:28,504{GMT}	INFO	[jepsen worker 0] jepsen.util: 0	:invoke	:broadcast	3
2025-06-27 20:47:28,506{GMT}	INFO	[jepsen worker 0] jepsen.util: 0	:ok	:broadcast	3
2025-06-27 20:47:28,691{GMT}	INFO	[jepsen worker 1] jepsen.util: 1	:invoke	:read	nil
2025-06-27 20:47:28,695{GMT}	INFO	[jepsen worker 1] jepsen.util: 1	:ok	:read	[0 1 2 3]
2025-06-27 20:47:28,729{GMT}	INFO	[jepsen worker 2] jepsen.util: 2	:invoke	:read	nil
2025-06-27 20:47:28,732{GMT}	INFO	[jepsen worker 2] jepsen.util: 2	:ok	:read	[0]
2025-06-27 20:47:28,822{GMT}	INFO	[jepsen worker 3] jepsen.util: 3	:invoke	:broadcast	4
2025-06-27 20:47:28,826{GMT}	INFO	[jepsen worker 3] jepsen.util: 3	:ok	:broadcast	4
2025-06-27 20:47:28,941{GMT}	INFO	[jepsen worker 4] jepsen.util: 4	:invoke	:broadcast	5
2025-06-27 20:47:28,943{GMT}	INFO	[jepsen worker 4] jepsen.util: 4	:ok	:broadcast	5
2025-06-27 20:47:29,054{GMT}	INFO	[jepsen worker 0] jepsen.util: 0	:invoke	:broadcast	6
2025-06-27 20:47:29,055{GMT}	INFO	[jepsen worker 1] jepsen.util: 1	:invoke	:broadcast	7
2025-06-27 20:47:29,056{GMT}	INFO	[jepsen worker 0] jepsen.util: 0	:ok	:broadcast	6
2025-06-27 20:47:29,057{GMT}	INFO	[jepsen worker 1] jepsen.util: 1	:ok	:broadcast	7
2025-06-27 20:47:29,244{GMT}	INFO	[jepsen worker 1] jepsen.util: 1	:invoke	:broadcast	8
2025-06-27 20:47:29,245{GMT}	INFO	[jepsen worker 1] jepsen.util: 1	:ok	:broadcast	8
2025-06-27 20:47:29,388{GMT}	INFO	[jepsen worker 2] jepsen.util: 2	:invoke	:broadcast	9
2025-06-27 20:47:29,389{GMT}	INFO	[jepsen worker 2] jepsen.util: 2	:ok	:broadcast	9
2025-06-27 20:47:29,492{GMT}	INFO	[jepsen worker 3] jepsen.util: 3	:invoke	:broadcast	10
2025-06-27 20:47:29,493{GMT}	INFO	[jepsen worker 3] jepsen.util: 3	:ok	:broadcast	10
2025-06-27 20:47:29,610{GMT}	INFO	[jepsen worker 4] jepsen.util: 4	:invoke	:read	nil
2025-06-27 20:47:29,611{GMT}	INFO	[jepsen worker 4] jepsen.util: 4	:ok	:read	[0 1 2 3 4 5 7 6 8 10]
2025-06-27 20:47:29,752{GMT}	INFO	[jepsen worker 0] jepsen.util: 0	:invoke	:read	nil
2025-06-27 20:47:29,753{GMT}	INFO	[jepsen worker 0] jepsen.util: 0	:ok	:read	[0 1 2 3 4 5 6 7 8 10]
2025-06-27 20:47:29,802{GMT}	INFO	[jepsen worker 0] jepsen.util: 0	:invoke	:broadcast	11
2025-06-27 20:47:29,804{GMT}	INFO	[jepsen worker 0] jepsen.util: 0	:ok	:broadcast	11
2025-06-27 20:47:29,855{GMT}	INFO	[jepsen worker 1] jepsen.util: 1	:invoke	:broadcast	12
2025-06-27 20:47:29,856{GMT}	INFO	[jepsen worker 1] jepsen.util: 1	:ok	:broadcast	12
2025-06-27 20:47:29,946{GMT}	INFO	[jepsen worker 2] jepsen.util: 2	:invoke	:read	nil
2025-06-27 20:47:29,947{GMT}	INFO	[jepsen worker 2] jepsen.util: 2	:ok	:read	[0 9]
2025-06-27 20:47:30,028{GMT}	INFO	[jepsen worker 3] jepsen.util: 3	:invoke	:broadcast	13
2025-06-27 20:47:30,029{GMT}	INFO	[jepsen worker 3] jepsen.util: 3	:ok	:broadcast	13
2025-06-27 20:47:30,092{GMT}	INFO	[jepsen worker 4] jepsen.util: 4	:invoke	:read	nil
2025-06-27 20:47:30,093{GMT}	INFO	[jepsen worker 4] jepsen.util: 4	:ok	:read	[0 1 2 3 4 5 7 6 8 10 11 12 13]
2025-06-27 20:47:30,126{GMT}	INFO	[jepsen worker 0] jepsen.util: 0	:invoke	:read	nil
2025-06-27 20:47:30,127{GMT}	INFO	[jepsen worker 0] jepsen.util: 0	:ok	:read	[0 1 2 3 4 5 6 7 8 10 11 12 13]
2025-06-27 20:47:30,225{GMT}	INFO	[jepsen worker 0] jepsen.util: 0	:invoke	:read	nil
2025-06-27 20:47:30,226{GMT}	INFO	[jepsen worker 0] jepsen.util: 0	:ok	:read	[0 1 2 3 4 5 6 7 8 10 11 12 13]
2025-06-27 20:47:30,229{GMT}	INFO	[jepsen worker 1] jepsen.util: 1	:invoke	:read	nil
2025-06-27 20:47:30,230{GMT}	INFO	[jepsen worker 1] jepsen.util: 1	:ok	:read	[0 1 2 3 4 5 7 6 8 10 11 12 13]
2025-06-27 20:47:30,314{GMT}	INFO	[jepsen worker 2] jepsen.util: 2	:invoke	:broadcast	14
2025-06-27 20:47:30,315{GMT}	INFO	[jepsen worker 2] jepsen.util: 2	:ok	:broadcast	14
2025-06-27 20:47:30,504{GMT}	INFO	[jepsen worker 3] jepsen.util: 3	:invoke	:broadcast	15
2025-06-27 20:47:30,506{GMT}	INFO	[jepsen worker 3] jepsen.util: 3	:ok	:broadcast	15
2025-06-27 20:47:30,568{GMT}	INFO	[jepsen worker 4] jepsen.util: 4	:invoke	:read	nil
2025-06-27 20:47:30,569{GMT}	INFO	[jepsen worker 4] jepsen.util: 4	:ok	:read	[0 1 2 3 4 5 7 6 8 10 11 12 13 15]
2025-06-27 20:47:30,733{GMT}	INFO	[jepsen worker 0] jepsen.util: 0	:invoke	:broadcast	16
2025-06-27 20:47:30,735{GMT}	INFO	[jepsen worker 0] jepsen.util: 0	:ok	:broadcast	16
2025-06-27 20:47:30,930{GMT}	INFO	[jepsen worker 0] jepsen.util: 0	:invoke	:broadcast	17
2025-06-27 20:47:30,933{GMT}	INFO	[jepsen worker 0] jepsen.util: 0	:ok	:broadcast	17
2025-06-27 20:47:31,058{GMT}	INFO	[jepsen worker 1] jepsen.util: 1	:invoke	:broadcast	18
2025-06-27 20:47:31,061{GMT}	INFO	[jepsen worker 1] jepsen.util: 1	:ok	:broadcast	18
2025-06-27 20:47:31,138{GMT}	INFO	[jepsen worker 2] jepsen.util: 2	:invoke	:read	nil
2025-06-27 20:47:31,140{GMT}	INFO	[jepsen worker 2] jepsen.util: 2	:ok	:read	[0 9 14]
2025-06-27 20:47:31,148{GMT}	INFO	[jepsen worker 3] jepsen.util: 3	:invoke	:broadcast	19
2025-06-27 20:47:31,149{GMT}	INFO	[jepsen worker 3] jepsen.util: 3	:ok	:broadcast	19
2025-06-27 20:47:31,191{GMT}	INFO	[jepsen worker 4] jepsen.util: 4	:invoke	:broadcast	20
2025-06-27 20:47:31,191{GMT}	INFO	[jepsen worker 4] jepsen.util: 4	:ok	:broadcast	20
2025-06-27 20:47:31,283{GMT}	INFO	[jepsen worker 0] jepsen.util: 0	:invoke	:broadcast	21
2025-06-27 20:47:31,285{GMT}	INFO	[jepsen worker 0] jepsen.util: 0	:ok	:broadcast	21
2025-06-27 20:47:31,446{GMT}	INFO	[jepsen worker 0] jepsen.util: 0	:invoke	:broadcast	22
2025-06-27 20:47:31,450{GMT}	INFO	[jepsen worker 0] jepsen.util: 0	:ok	:broadcast	22
2025-06-27 20:47:31,600{GMT}	INFO	[jepsen worker 1] jepsen.util: 1	:invoke	:read	nil
2025-06-27 20:47:31,603{GMT}	INFO	[jepsen worker 1] jepsen.util: 1	:ok	:read	[0 1 2 3 4 5 7 6 8 10 11 12 13 15 16 17 18 19 20 21 22]
2025-06-27 20:47:31,744{GMT}	INFO	[jepsen worker 2] jepsen.util: 2	:invoke	:read	nil
2025-06-27 20:47:31,747{GMT}	INFO	[jepsen worker 2] jepsen.util: 2	:ok	:read	[0 9 14]
2025-06-27 20:47:31,844{GMT}	INFO	[jepsen worker 3] jepsen.util: 3	:invoke	:broadcast	23
2025-06-27 20:47:31,846{GMT}	INFO	[jepsen worker 3] jepsen.util: 3	:ok	:broadcast	23
2025-06-27 20:47:31,880{GMT}	INFO	[jepsen worker 4] jepsen.util: 4	:invoke	:broadcast	24
2025-06-27 20:47:31,881{GMT}	INFO	[jepsen worker 4] jepsen.util: 4	:ok	:broadcast	24
2025-06-27 20:47:32,084{GMT}	INFO	[jepsen worker 0] jepsen.util: 0	:invoke	:read	nil
2025-06-27 20:47:32,087{GMT}	INFO	[jepsen worker 0] jepsen.util: 0	:ok	:read	[0 1 2 3 4 5 6 7 8 10 11 12 13 15 16 17 18 19 20 21 22 23 24]
2025-06-27 20:47:32,114{GMT}	INFO	[jepsen worker 0] jepsen.util: 0	:invoke	:read	nil
2025-06-27 20:47:32,117{GMT}	INFO	[jepsen worker 0] jepsen.util: 0	:ok	:read	[0 1 2 3 4 5 6 7 8 10 11 12 13 15 16 17 18 19 20 21 22 23 24]
2025-06-27 20:47:32,244{GMT}	INFO	[jepsen worker 1] jepsen.util: 1	:invoke	:read	nil
2025-06-27 20:47:32,247{GMT}	INFO	[jepsen worker 1] jepsen.util: 1	:ok	:read	[0 1 2 3 4 5 7 6 8 10 11 12 13 15 16 17 18 19 20 21 22 23 24]
2025-06-27 20:47:32,389{GMT}	INFO	[jepsen worker 2] jepsen.util: 2	:invoke	:broadcast	25
2025-06-27 20:47:32,391{GMT}	INFO	[jepsen worker 2] jepsen.util: 2	:ok	:broadcast	25
2025-06-27 20:47:32,515{GMT}	INFO	[jepsen worker 3] jepsen.util: 3	:invoke	:broadcast	26
2025-06-27 20:47:32,517{GMT}	INFO	[jepsen worker 3] jepsen.util: 3	:ok	:broadcast	26
2025-06-27 20:47:32,539{GMT}	INFO	[jepsen worker 4] jepsen.util: 4	:invoke	:broadcast	27
2025-06-27 20:47:32,541{GMT}	INFO	[jepsen worker 4] jepsen.util: 4	:ok	:broadcast	27
2025-06-27 20:47:32,560{GMT}	INFO	[jepsen worker 0] jepsen.util: 0	:invoke	:broadcast	28
2025-06-27 20:47:32,561{GMT}	INFO	[jepsen worker 0] jepsen.util: 0	:ok	:broadcast	28
2025-06-27 20:47:32,588{GMT}	INFO	[jepsen worker 0] jepsen.util: 0	:invoke	:broadcast	29
2025-06-27 20:47:32,589{GMT}	INFO	[jepsen worker 0] jepsen.util: 0	:ok	:broadcast	29
2025-06-27 20:47:32,626{GMT}	INFO	[jepsen worker 1] jepsen.util: 1	:invoke	:broadcast	30
2025-06-27 20:47:32,627{GMT}	INFO	[jepsen worker 1] jepsen.util: 1	:ok	:broadcast	30
2025-06-27 20:47:32,671{GMT}	INFO	[jepsen worker 2] jepsen.util: 2	:invoke	:broadcast	31
2025-06-27 20:47:32,672{GMT}	INFO	[jepsen worker 2] jepsen.util: 2	:ok	:broadcast	31
2025-06-27 20:47:32,678{GMT}	INFO	[jepsen worker 3] jepsen.util: 3	:invoke	:read	nil
2025-06-27 20:47:32,679{GMT}	INFO	[jepsen worker 3] jepsen.util: 3	:ok	:read	[0 1 2 3 4 5 7 6 8 10 11 12 13 15 16 17 18 19 20 21 22 23 24 26 27 28 29 30]
2025-06-27 20:47:32,872{GMT}	INFO	[jepsen worker 4] jepsen.util: 4	:invoke	:read	nil
2025-06-27 20:47:32,874{GMT}	INFO	[jepsen worker 4] jepsen.util: 4	:ok	:read	[0 1 2 3 4 5 7 6 8 10 11 12 13 15 16 17 18 19 20 21 22 23 24 26 27 28 29 30]
2025-06-27 20:47:32,973{GMT}	INFO	[jepsen worker 0] jepsen.util: 0	:invoke	:broadcast	32
2025-06-27 20:47:32,975{GMT}	INFO	[jepsen worker 0] jepsen.util: 0	:ok	:broadcast	32
2025-06-27 20:47:33,031{GMT}	INFO	[jepsen worker 0] jepsen.util: 0	:invoke	:broadcast	33
2025-06-27 20:47:33,033{GMT}	INFO	[jepsen worker 0] jepsen.util: 0	:ok	:broadcast	33
2025-06-27 20:47:33,199{GMT}	INFO	[jepsen worker 1] jepsen.util: 1	:invoke	:read	nil
2025-06-27 20:47:33,200{GMT}	INFO	[jepsen worker 1] jepsen.util: 1	:ok	:read	[0 1 2 3 4 5 7 6 8 10 11 12 13 15 16 17 18 19 20 21 22 23 24 26 27 28 29 30 32 33]
2025-06-27 20:47:33,386{GMT}	INFO	[jepsen worker 2] jepsen.util: 2	:invoke	:read	nil
2025-06-27 20:47:33,388{GMT}	INFO	[jepsen worker 2] jepsen.util: 2	:ok	:read	[0 9 14 25 31]
2025-06-27 20:47:33,442{GMT}	INFO	[jepsen worker 3] jepsen.util: 3	:invoke	:read	nil
2025-06-27 20:47:33,443{GMT}	INFO	[jepsen worker 3] jepsen.util: 3	:ok	:read	[0 1 2 3 4 5 7 6 8 10 11 12 13 15 16 17 18 19 20 21 22 23 24 26 27 28 29 30 32 33]
2025-06-27 20:47:33,531{GMT}	INFO	[jepsen worker 4] jepsen.util: 4	:invoke	:broadcast	34
2025-06-27 20:47:33,532{GMT}	INFO	[jepsen worker 4] jepsen.util: 4	:ok	:broadcast	34
2025-06-27 20:47:33,703{GMT}	INFO	[jepsen worker 0] jepsen.util: 0	:invoke	:read	nil
2025-06-27 20:47:33,705{GMT}	INFO	[jepsen worker 0] jepsen.util: 0	:ok	:read	[0 1 2 3 4 5 6 7 8 10 11 12 13 15 16 17 18 19 20 21 22 23 24 26 27 28 29 30 32 33 34]
2025-06-27 20:47:33,733{GMT}	INFO	[jepsen worker 0] jepsen.util: 0	:invoke	:read	nil
2025-06-27 20:47:33,735{GMT}	INFO	[jepsen worker 0] jepsen.util: 0	:ok	:read	[0 1 2 3 4 5 6 7 8 10 11 12 13 15 16 17 18 19 20 21 22 23 24 26 27 28 29 30 32 33 34]
2025-06-27 20:47:33,821{GMT}	INFO	[jepsen worker 1] jepsen.util: 1	:invoke	:broadcast	35
2025-06-27 20:47:33,823{GMT}	INFO	[jepsen worker 1] jepsen.util: 1	:ok	:broadcast	35
2025-06-27 20:47:33,953{GMT}	INFO	[jepsen worker 2] jepsen.util: 2	:invoke	:broadcast	36
2025-06-27 20:47:33,955{GMT}	INFO	[jepsen worker 2] jepsen.util: 2	:ok	:broadcast	36
2025-06-27 20:47:34,138{GMT}	INFO	[jepsen worker 3] jepsen.util: 3	:invoke	:read	nil
2025-06-27 20:47:34,141{GMT}	INFO	[jepsen worker 3] jepsen.util: 3	:ok	:read	[0 1 2 3 4 5 7 6 8 10 11 12 13 15 16 17 18 19 20 21 22 23 24 26 27 28 29 30 32 33 34 35]
2025-06-27 20:47:34,222{GMT}	INFO	[jepsen worker 4] jepsen.util: 4	:invoke	:broadcast	37
2025-06-27 20:47:34,224{GMT}	INFO	[jepsen worker 4] jepsen.util: 4	:ok	:broadcast	37
2025-06-27 20:47:34,334{GMT}	INFO	[jepsen worker 0] jepsen.util: 0	:invoke	:broadcast	38
2025-06-27 20:47:34,336{GMT}	INFO	[jepsen worker 0] jepsen.util: 0	:ok	:broadcast	38
2025-06-27 20:47:34,377{GMT}	INFO	[jepsen worker 0] jepsen.util: 0	:invoke	:read	nil
2025-06-27 20:47:34,379{GMT}	INFO	[jepsen worker 0] jepsen.util: 0	:ok	:read	[0 1 2 3 4 5 6 7 8 10 11 12 13 15 16 17 18 19 20 21 22 23 24 26 27 28 29 30 32 33 34 35 37 38]
2025-06-27 20:47:34,407{GMT}	INFO	[jepsen worker 1] jepsen.util: 1	:invoke	:broadcast	39
2025-06-27 20:47:34,409{GMT}	INFO	[jepsen worker 1] jepsen.util: 1	:ok	:broadcast	39
2025-06-27 20:47:34,571{GMT}	INFO	[jepsen worker 2] jepsen.util: 2	:invoke	:read	nil
2025-06-27 20:47:34,573{GMT}	INFO	[jepsen worker 2] jepsen.util: 2	:ok	:read	[0 9 14 25 31 36]
2025-06-27 20:47:34,643{GMT}	INFO	[jepsen worker 3] jepsen.util: 3	:invoke	:broadcast	40
2025-06-27 20:47:34,644{GMT}	INFO	[jepsen worker 3] jepsen.util: 3	:ok	:broadcast	40
2025-06-27 20:47:34,813{GMT}	INFO	[jepsen worker 4] jepsen.util: 4	:invoke	:broadcast	41
2025-06-27 20:47:34,815{GMT}	INFO	[jepsen worker 4] jepsen.util: 4	:ok	:broadcast	41
2025-06-27 20:47:34,980{GMT}	INFO	[jepsen worker 0] jepsen.util: 0	:invoke	:read	nil
2025-06-27 20:47:34,983{GMT}	INFO	[jepsen worker 0] jepsen.util: 0	:ok	:read	[0 1 2 3 4 5 6 7 8 10 11 12 13 15 16 17 18 19 20 21 22 23 24 26 27 28 29 30 32 33 34 35 37 38 39 40 41]
2025-06-27 20:47:35,030{GMT}	INFO	[jepsen worker 0] jepsen.util: 0	:invoke	:broadcast	42
2025-06-27 20:47:35,032{GMT}	INFO	[jepsen worker 0] jepsen.util: 0	:ok	:broadcast	42
2025-06-27 20:47:35,222{GMT}	INFO	[jepsen worker 1] jepsen.util: 1	:invoke	:broadcast	43
2025-06-27 20:47:35,224{GMT}	INFO	[jepsen worker 1] jepsen.util: 1	:ok	:broadcast	43
2025-06-27 20:47:35,413{GMT}	INFO	[jepsen worker 2] jepsen.util: 2	:invoke	:read	nil
2025-06-27 20:47:35,415{GMT}	INFO	[jepsen worker 2] jepsen.util: 2	:ok	:read	[0 9 14 25 31 36]
2025-06-27 20:47:35,505{GMT}	INFO	[jepsen worker 3] jepsen.util: 3	:invoke	:read	nil
2025-06-27 20:47:35,507{GMT}	INFO	[jepsen worker 3] jepsen.util: 3	:ok	:read	[0 1 2 3 4 5 7 6 8 10 11 12 13 15 16 17 18 19 20 21 22 23 24 26 27 28 29 30 32 33 34 35 37 38 39 40 41 42 43]
2025-06-27 20:47:35,661{GMT}	INFO	[jepsen worker 4] jepsen.util: 4	:invoke	:broadcast	44
2025-06-27 20:47:35,663{GMT}	INFO	[jepsen worker 4] jepsen.util: 4	:ok	:broadcast	44
2025-06-27 20:47:35,849{GMT}	INFO	[jepsen worker 0] jepsen.util: 0	:invoke	:read	nil
2025-06-27 20:47:35,851{GMT}	INFO	[jepsen worker 0] jepsen.util: 0	:ok	:read	[0 1 2 3 4 5 6 7 8 10 11 12 13 15 16 17 18 19 20 21 22 23 24 26 27 28 29 30 32 33 34 35 37 38 39 40 41 42 43 44]
2025-06-27 20:47:35,912{GMT}	INFO	[jepsen worker 0] jepsen.util: 0	:invoke	:broadcast	45
2025-06-27 20:47:35,914{GMT}	INFO	[jepsen worker 0] jepsen.util: 0	:ok	:broadcast	45
2025-06-27 20:47:35,928{GMT}	INFO	[jepsen worker 1] jepsen.util: 1	:invoke	:read	nil
2025-06-27 20:47:35,930{GMT}	INFO	[jepsen worker 1] jepsen.util: 1	:ok	:read	[0 1 2 3 4 5 7 6 8 10 11 12 13 15 16 17 18 19 20 21 22 23 24 26 27 28 29 30 32 33 34 35 37 38 39 40 41 42 43 44 45]
2025-06-27 20:47:36,108{GMT}	INFO	[jepsen worker 2] jepsen.util: 2	:invoke	:broadcast	46
2025-06-27 20:47:36,109{GMT}	INFO	[jepsen worker 2] jepsen.util: 2	:ok	:broadcast	46
2025-06-27 20:47:36,236{GMT}	INFO	[jepsen worker 4] jepsen.util: 4	:invoke	:broadcast	47
2025-06-27 20:47:36,236{GMT}	INFO	[jepsen worker 3] jepsen.util: 3	:invoke	:read	nil
2025-06-27 20:47:36,238{GMT}	INFO	[jepsen worker 4] jepsen.util: 4	:ok	:broadcast	47
2025-06-27 20:47:36,238{GMT}	INFO	[jepsen worker 3] jepsen.util: 3	:ok	:read	[0 1 2 3 4 5 7 6 8 10 11 12 13 15 16 17 18 19 20 21 22 23 24 26 27 28 29 30 32 33 34 35 37 38 39 40 41 42 43 44 45]
2025-06-27 20:47:36,281{GMT}	INFO	[jepsen worker 0] jepsen.util: 0	:invoke	:broadcast	48
2025-06-27 20:47:36,283{GMT}	INFO	[jepsen worker 0] jepsen.util: 0	:ok	:broadcast	48
2025-06-27 20:47:36,288{GMT}	INFO	[jepsen worker 0] jepsen.util: 0	:invoke	:read	nil
2025-06-27 20:47:36,290{GMT}	INFO	[jepsen worker 0] jepsen.util: 0	:ok	:read	[0 1 2 3 4 5 6 7 8 10 11 12 13 15 16 17 18 19 20 21 22 23 24 26 27 28 29 30 32 33 34 35 37 38 39 40 41 42 43 44 45 47 48]
2025-06-27 20:47:36,350{GMT}	INFO	[jepsen worker 1] jepsen.util: 1	:invoke	:read	nil
2025-06-27 20:47:36,351{GMT}	INFO	[jepsen worker 1] jepsen.util: 1	:ok	:read	[0 1 2 3 4 5 7 6 8 10 11 12 13 15 16 17 18 19 20 21 22 23 24 26 27 28 29 30 32 33 34 35 37 38 39 40 41 42 43 44 45 47 48]
2025-06-27 20:47:36,500{GMT}	INFO	[jepsen worker 2] jepsen.util: 2	:invoke	:read	nil
2025-06-27 20:47:36,502{GMT}	INFO	[jepsen worker 2] jepsen.util: 2	:ok	:read	[0 9 14 25 31 36 46]
2025-06-27 20:47:36,604{GMT}	INFO	[jepsen worker 3] jepsen.util: 3	:invoke	:read	nil
2025-06-27 20:47:36,606{GMT}	INFO	[jepsen worker 3] jepsen.util: 3	:ok	:read	[0 1 2 3 4 5 7 6 8 10 11 12 13 15 16 17 18 19 20 21 22 23 24 26 27 28 29 30 32 33 34 35 37 38 39 40 41 42 43 44 45 47 48]
2025-06-27 20:47:36,793{GMT}	INFO	[jepsen worker 4] jepsen.util: 4	:invoke	:broadcast	49
2025-06-27 20:47:36,795{GMT}	INFO	[jepsen worker 4] jepsen.util: 4	:ok	:broadcast	49
2025-06-27 20:47:36,806{GMT}	INFO	[jepsen worker 0] jepsen.util: 0	:invoke	:read	nil
2025-06-27 20:47:36,808{GMT}	INFO	[jepsen worker 0] jepsen.util: 0	:ok	:read	[0 1 2 3 4 5 6 7 8 10 11 12 13 15 16 17 18 19 20 21 22 23 24 26 27 28 29 30 32 33 34 35 37 38 39 40 41 42 43 44 45 47 48 49]
2025-06-27 20:47:36,872{GMT}	INFO	[jepsen worker 0] jepsen.util: 0	:invoke	:broadcast	50
2025-06-27 20:47:36,873{GMT}	INFO	[jepsen worker 0] jepsen.util: 0	:ok	:broadcast	50
2025-06-27 20:47:36,980{GMT}	INFO	[jepsen worker 1] jepsen.util: 1	:invoke	:broadcast	51
2025-06-27 20:47:36,981{GMT}	INFO	[jepsen worker 1] jepsen.util: 1	:ok	:broadcast	51
2025-06-27 20:47:37,133{GMT}	INFO	[jepsen worker 2] jepsen.util: 2	:invoke	:read	nil
2025-06-27 20:47:37,135{GMT}	INFO	[jepsen worker 2] jepsen.util: 2	:ok	:read	[0 9 14 25 31 36 46]
2025-06-27 20:47:37,286{GMT}	INFO	[jepsen worker 3] jepsen.util: 3	:invoke	:read	nil
2025-06-27 20:47:37,288{GMT}	INFO	[jepsen worker 3] jepsen.util: 3	:ok	:read	[0 1 2 3 4 5 7 6 8 10 11 12 13 15 16 17 18 19 20 21 22 23 24 26 27 28 29 30 32 33 34 35 37 38 39 40 41 42 43 44 45 47 48 49 50 51]
2025-06-27 20:47:37,472{GMT}	INFO	[jepsen worker 4] jepsen.util: 4	:invoke	:read	nil
2025-06-27 20:47:37,474{GMT}	INFO	[jepsen worker 4] jepsen.util: 4	:ok	:read	[0 1 2 3 4 5 7 6 8 10 11 12 13 15 16 17 18 19 20 21 22 23 24 26 27 28 29 30 32 33 34 35 37 38 39 40 41 42 43 44 45 47 48 49 50 51]
2025-06-27 20:47:37,640{GMT}	INFO	[jepsen worker 0] jepsen.util: 0	:invoke	:broadcast	52
2025-06-27 20:47:37,641{GMT}	INFO	[jepsen worker 0] jepsen.util: 0	:ok	:broadcast	52
2025-06-27 20:47:37,695{GMT}	INFO	[jepsen worker 0] jepsen.util: 0	:invoke	:read	nil
2025-06-27 20:47:37,697{GMT}	INFO	[jepsen worker 0] jepsen.util: 0	:ok	:read	[0 1 2 3 4 5 6 7 8 10 11 12 13 15 16 17 18 19 20 21 22 23 24 26 27 28 29 30 32 33 34 35 37 38 39 40 41 42 43 44 45 47 48 49 50 51 52]
2025-06-27 20:47:37,845{GMT}	INFO	[jepsen worker 1] jepsen.util: 1	:invoke	:broadcast	53
2025-06-27 20:47:37,846{GMT}	INFO	[jepsen worker 1] jepsen.util: 1	:ok	:broadcast	53
2025-06-27 20:47:37,890{GMT}	INFO	[jepsen worker 2] jepsen.util: 2	:invoke	:broadcast	54
2025-06-27 20:47:37,891{GMT}	INFO	[jepsen worker 2] jepsen.util: 2	:ok	:broadcast	54
2025-06-27 20:47:37,969{GMT}	INFO	[jepsen worker 3] jepsen.util: 3	:invoke	:broadcast	55
2025-06-27 20:47:37,970{GMT}	INFO	[jepsen worker 3] jepsen.util: 3	:ok	:broadcast	55
2025-06-27 20:47:38,123{GMT}	INFO	[jepsen worker 4] jepsen.util: 4	:invoke	:broadcast	56
2025-06-27 20:47:38,125{GMT}	INFO	[jepsen worker 4] jepsen.util: 4	:ok	:broadcast	56
2025-06-27 20:47:38,217{GMT}	INFO	[jepsen worker 0] jepsen.util: 0	:invoke	:read	nil
2025-06-27 20:47:38,218{GMT}	INFO	[jepsen worker 0] jepsen.util: 0	:ok	:read	[0 1 2 3 4 5 6 7 8 10 11 12 13 15 16 17 18 19 20 21 22 23 24 26 27 28 29 30 32 33 34 35 37 38 39 40 41 42 43 44 45 47 48 49 50 51 52 53 55 56]
2025-06-27 20:47:38,395{GMT}	INFO	[jepsen worker 0] jepsen.util: 0	:invoke	:read	nil
2025-06-27 20:47:38,397{GMT}	INFO	[jepsen worker 0] jepsen.util: 0	:ok	:read	[0 1 2 3 4 5 6 7 8 10 11 12 13 15 16 17 18 19 20 21 22 23 24 26 27 28 29 30 32 33 34 35 37 38 39 40 41 42 43 44 45 47 48 49 50 51 52 53 55 56]
2025-06-27 20:47:38,512{GMT}	INFO	[jepsen worker 1] jepsen.util: 1	:invoke	:broadcast	57
2025-06-27 20:47:38,514{GMT}	INFO	[jepsen worker 1] jepsen.util: 1	:ok	:broadcast	57
2025-06-27 20:47:38,695{GMT}	INFO	[jepsen worker 2] jepsen.util: 2	:invoke	:broadcast	58
2025-06-27 20:47:38,697{GMT}	INFO	[jepsen worker 2] jepsen.util: 2	:ok	:broadcast	58
2025-06-27 20:47:38,788{GMT}	INFO	[jepsen worker 3] jepsen.util: 3	:invoke	:broadcast	59
2025-06-27 20:47:38,790{GMT}	INFO	[jepsen worker 3] jepsen.util: 3	:ok	:broadcast	59
2025-06-27 20:47:38,922{GMT}	INFO	[jepsen worker 4] jepsen.util: 4	:invoke	:broadcast	60
2025-06-27 20:47:38,924{GMT}	INFO	[jepsen worker 4] jepsen.util: 4	:ok	:broadcast	60
2025-06-27 20:47:39,091{GMT}	INFO	[jepsen worker 0] jepsen.util: 0	:invoke	:broadcast	61
2025-06-27 20:47:39,092{GMT}	INFO	[jepsen worker 0] jepsen.util: 0	:ok	:broadcast	61
2025-06-27 20:47:39,169{GMT}	INFO	[jepsen worker 0] jepsen.util: 0	:invoke	:read	nil
2025-06-27 20:47:39,170{GMT}	INFO	[jepsen worker 0] jepsen.util: 0	:ok	:read	[0 1 2 3 4 5 6 7 8 10 11 12 13 15 16 17 18 19 20 21 22 23 24 26 27 28 29 30 32 33 34 35 37 38 39 40 41 42 43 44 45 47 48 49 50 51 52 53 55 56 57 59 60 61]
2025-06-27 20:47:39,310{GMT}	INFO	[jepsen worker 1] jepsen.util: 1	:invoke	:read	nil
2025-06-27 20:47:39,312{GMT}	INFO	[jepsen worker 1] jepsen.util: 1	:ok	:read	[0 1 2 3 4 5 7 6 8 10 11 12 13 15 16 17 18 19 20 21 22 23 24 26 27 28 29 30 32 33 34 35 37 38 39 40 41 42 43 44 45 47 48 49 50 51 52 53 55 56 57 59 60 61]
2025-06-27 20:47:39,372{GMT}	INFO	[jepsen worker 2] jepsen.util: 2	:invoke	:read	nil
2025-06-27 20:47:39,374{GMT}	INFO	[jepsen worker 2] jepsen.util: 2	:ok	:read	[0 9 14 25 31 36 46 54 58]
2025-06-27 20:47:39,414{GMT}	INFO	[jepsen worker 3] jepsen.util: 3	:invoke	:read	nil
2025-06-27 20:47:39,416{GMT}	INFO	[jepsen worker 3] jepsen.util: 3	:ok	:read	[0 1 2 3 4 5 7 6 8 10 11 12 13 15 16 17 18 19 20 21 22 23 24 26 27 28 29 30 32 33 34 35 37 38 39 40 41 42 43 44 45 47 48 49 50 51 52 53 55 56 57 59 60 61]
2025-06-27 20:47:39,441{GMT}	INFO	[jepsen worker 4] jepsen.util: 4	:invoke	:broadcast	62
2025-06-27 20:47:39,443{GMT}	INFO	[jepsen worker 4] jepsen.util: 4	:ok	:broadcast	62
2025-06-27 20:47:39,532{GMT}	INFO	[jepsen worker 0] jepsen.util: 0	:invoke	:read	nil
2025-06-27 20:47:39,534{GMT}	INFO	[jepsen worker 0] jepsen.util: 0	:ok	:read	[0 1 2 3 4 5 6 7 8 10 11 12 13 15 16 17 18 19 20 21 22 23 24 26 27 28 29 30 32 33 34 35 37 38 39 40 41 42 43 44 45 47 48 49 50 51 52 53 55 56 57 59 60 61 62]
2025-06-27 20:47:39,655{GMT}	INFO	[jepsen worker 0] jepsen.util: 0	:invoke	:read	nil
2025-06-27 20:47:39,657{GMT}	INFO	[jepsen worker 0] jepsen.util: 0	:ok	:read	[0 1 2 3 4 5 6 7 8 10 11 12 13 15 16 17 18 19 20 21 22 23 24 26 27 28 29 30 32 33 34 35 37 38 39 40 41 42 43 44 45 47 48 49 50 51 52 53 55 56 57 59 60 61 62]
2025-06-27 20:47:39,671{GMT}	INFO	[jepsen worker 1] jepsen.util: 1	:invoke	:broadcast	63
2025-06-27 20:47:39,673{GMT}	INFO	[jepsen worker 1] jepsen.util: 1	:ok	:broadcast	63
2025-06-27 20:47:39,784{GMT}	INFO	[jepsen worker 2] jepsen.util: 2	:invoke	:read	nil
2025-06-27 20:47:39,786{GMT}	INFO	[jepsen worker 2] jepsen.util: 2	:ok	:read	[0 9 14 25 31 36 46 54 58]
2025-06-27 20:47:39,929{GMT}	INFO	[jepsen worker 3] jepsen.util: 3	:invoke	:read	nil
2025-06-27 20:47:39,931{GMT}	INFO	[jepsen worker 3] jepsen.util: 3	:ok	:read	[0 1 2 3 4 5 7 6 8 10 11 12 13 15 16 17 18 19 20 21 22 23 24 26 27 28 29 30 32 33 34 35 37 38 39 40 41 42 43 44 45 47 48 49 50 51 52 53 55 56 57 59 60 61 62 63]
2025-06-27 20:47:40,093{GMT}	INFO	[jepsen worker 4] jepsen.util: 4	:invoke	:broadcast	64
2025-06-27 20:47:40,095{GMT}	INFO	[jepsen worker 4] jepsen.util: 4	:ok	:broadcast	64
2025-06-27 20:47:40,195{GMT}	INFO	[jepsen worker 0] jepsen.util: 0	:invoke	:read	nil
2025-06-27 20:47:40,197{GMT}	INFO	[jepsen worker 0] jepsen.util: 0	:ok	:read	[0 1 2 3 4 5 6 7 8 10 11 12 13 15 16 17 18 19 20 21 22 23 24 26 27 28 29 30 32 33 34 35 37 38 39 40 41 42 43 44 45 47 48 49 50 51 52 53 55 56 57 59 60 61 62 63 64]
2025-06-27 20:47:40,333{GMT}	INFO	[jepsen worker 0] jepsen.util: 0	:invoke	:broadcast	65
2025-06-27 20:47:40,335{GMT}	INFO	[jepsen worker 0] jepsen.util: 0	:ok	:broadcast	65
2025-06-27 20:47:40,482{GMT}	INFO	[jepsen worker 1] jepsen.util: 1	:invoke	:broadcast	66
2025-06-27 20:47:40,484{GMT}	INFO	[jepsen worker 1] jepsen.util: 1	:ok	:broadcast	66
2025-06-27 20:47:40,549{GMT}	INFO	[jepsen worker 2] jepsen.util: 2	:invoke	:read	nil
2025-06-27 20:47:40,551{GMT}	INFO	[jepsen worker 2] jepsen.util: 2	:ok	:read	[0 9 14 25 31 36 46 54 58]
2025-06-27 20:47:40,722{GMT}	INFO	[jepsen worker 3] jepsen.util: 3	:invoke	:broadcast	67
2025-06-27 20:47:40,724{GMT}	INFO	[jepsen worker 3] jepsen.util: 3	:ok	:broadcast	67
2025-06-27 20:47:40,834{GMT}	INFO	[jepsen worker 4] jepsen.util: 4	:invoke	:broadcast	68
2025-06-27 20:47:40,836{GMT}	INFO	[jepsen worker 4] jepsen.util: 4	:ok	:broadcast	68
2025-06-27 20:47:40,951{GMT}	INFO	[jepsen worker 0] jepsen.util: 0	:invoke	:broadcast	69
2025-06-27 20:47:40,952{GMT}	INFO	[jepsen worker 0] jepsen.util: 0	:ok	:broadcast	69
2025-06-27 20:47:41,114{GMT}	INFO	[jepsen worker 0] jepsen.util: 0	:invoke	:read	nil
2025-06-27 20:47:41,117{GMT}	INFO	[jepsen worker 0] jepsen.util: 0	:ok	:read	[0 1 2 3 4 5 6 7 8 10 11 12 13 15 16 17 18 19 20 21 22 23 24 26 27 28 29 30 32 33 34 35 37 38 39 40 41 42 43 44 45 47 48 49 50 51 52 53 55 56 57 59 60 61 62 63 64 65 66 67 68 69]
2025-06-27 20:47:41,294{GMT}	INFO	[jepsen worker 1] jepsen.util: 1	:invoke	:read	nil
2025-06-27 20:47:41,297{GMT}	INFO	[jepsen worker 1] jepsen.util: 1	:ok	:read	[0 1 2 3 4 5 7 6 8 10 11 12 13 15 16 17 18 19 20 21 22 23 24 26 27 28 29 30 32 33 34 35 37 38 39 40 41 42 43 44 45 47 48 49 50 51 52 53 55 56 57 59 60 61 62 63 64 65 66 67 68 69]
2025-06-27 20:47:41,331{GMT}	INFO	[jepsen worker 2] jepsen.util: 2	:invoke	:broadcast	70
2025-06-27 20:47:41,332{GMT}	INFO	[jepsen worker 2] jepsen.util: 2	:ok	:broadcast	70
2025-06-27 20:47:41,528{GMT}	INFO	[jepsen worker 3] jepsen.util: 3	:invoke	:read	nil
2025-06-27 20:47:41,530{GMT}	INFO	[jepsen worker 3] jepsen.util: 3	:ok	:read	[0 1 2 3 4 5 7 6 8 10 11 12 13 15 16 17 18 19 20 21 22 23 24 26 27 28 29 30 32 33 34 35 37 38 39 40 41 42 43 44 45 47 48 49 50 51 52 53 55 56 57 59 60 61 62 63 64 65 66 67 68 69]
2025-06-27 20:47:41,625{GMT}	INFO	[jepsen worker 4] jepsen.util: 4	:invoke	:broadcast	71
2025-06-27 20:47:41,627{GMT}	INFO	[jepsen worker 4] jepsen.util: 4	:ok	:broadcast	71
2025-06-27 20:47:41,791{GMT}	INFO	[jepsen worker 0] jepsen.util: 0	:invoke	:read	nil
2025-06-27 20:47:41,794{GMT}	INFO	[jepsen worker 0] jepsen.util: 0	:ok	:read	[0 1 2 3 4 5 6 7 8 10 11 12 13 15 16 17 18 19 20 21 22 23 24 26 27 28 29 30 32 33 34 35 37 38 39 40 41 42 43 44 45 47 48 49 50 51 52 53 55 56 57 59 60 61 62 63 64 65 66 67 68 69 71]
2025-06-27 20:47:41,880{GMT}	INFO	[jepsen worker 0] jepsen.util: 0	:invoke	:read	nil
2025-06-27 20:47:41,882{GMT}	INFO	[jepsen worker 0] jepsen.util: 0	:ok	:read	[0 1 2 3 4 5 6 7 8 10 11 12 13 15 16 17 18 19 20 21 22 23 24 26 27 28 29 30 32 33 34 35 37 38 39 40 41 42 43 44 45 47 48 49 50 51 52 53 55 56 57 59 60 61 62 63 64 65 66 67 68 69 71]
2025-06-27 20:47:41,929{GMT}	INFO	[jepsen worker 1] jepsen.util: 1	:invoke	:broadcast	72
2025-06-27 20:47:41,931{GMT}	INFO	[jepsen worker 1] jepsen.util: 1	:ok	:broadcast	72
2025-06-27 20:47:41,947{GMT}	INFO	[jepsen worker 2] jepsen.util: 2	:invoke	:broadcast	73
2025-06-27 20:47:41,948{GMT}	INFO	[jepsen worker 2] jepsen.util: 2	:ok	:broadcast	73
2025-06-27 20:47:42,018{GMT}	INFO	[jepsen worker 3] jepsen.util: 3	:invoke	:read	nil
2025-06-27 20:47:42,021{GMT}	INFO	[jepsen worker 3] jepsen.util: 3	:ok	:read	[0 1 2 3 4 5 7 6 8 10 11 12 13 15 16 17 18 19 20 21 22 23 24 26 27 28 29 30 32 33 34 35 37 38 39 40 41 42 43 44 45 47 48 49 50 51 52 53 55 56 57 59 60 61 62 63 64 65 66 67 68 69 71 72]
2025-06-27 20:47:42,201{GMT}	INFO	[jepsen worker 4] jepsen.util: 4	:invoke	:read	nil
2025-06-27 20:47:42,202{GMT}	INFO	[jepsen worker 4] jepsen.util: 4	:ok	:read	[0 1 2 3 4 5 7 6 8 10 11 12 13 15 16 17 18 19 20 21 22 23 24 26 27 28 29 30 32 33 34 35 37 38 39 40 41 42 43 44 45 47 48 49 50 51 52 53 55 56 57 59 60 61 62 63 64 65 66 67 68 69 71 72]
2025-06-27 20:47:42,347{GMT}	INFO	[jepsen worker 0] jepsen.util: 0	:invoke	:broadcast	74
2025-06-27 20:47:42,348{GMT}	INFO	[jepsen worker 0] jepsen.util: 0	:ok	:broadcast	74
2025-06-27 20:47:42,418{GMT}	INFO	[jepsen worker 0] jepsen.util: 0	:invoke	:broadcast	75
2025-06-27 20:47:42,419{GMT}	INFO	[jepsen worker 0] jepsen.util: 0	:ok	:broadcast	75
2025-06-27 20:47:42,466{GMT}	INFO	[jepsen worker 1] jepsen.util: 1	:invoke	:broadcast	76
2025-06-27 20:47:42,466{GMT}	INFO	[jepsen worker 1] jepsen.util: 1	:ok	:broadcast	76
2025-06-27 20:47:42,571{GMT}	INFO	[jepsen worker 2] jepsen.util: 2	:invoke	:broadcast	77
2025-06-27 20:47:42,572{GMT}	INFO	[jepsen worker 2] jepsen.util: 2	:ok	:broadcast	77
2025-06-27 20:47:42,649{GMT}	INFO	[jepsen worker 3] jepsen.util: 3	:invoke	:broadcast	78
2025-06-27 20:47:42,650{GMT}	INFO	[jepsen worker 3] jepsen.util: 3	:ok	:broadcast	78
2025-06-27 20:47:42,654{GMT}	INFO	[jepsen worker 4] jepsen.util: 4	:invoke	:broadcast	79
2025-06-27 20:47:42,655{GMT}	INFO	[jepsen worker 4] jepsen.util: 4	:ok	:broadcast	79
2025-06-27 20:47:42,820{GMT}	INFO	[jepsen worker 0] jepsen.util: 0	:invoke	:broadcast	80
2025-06-27 20:47:42,821{GMT}	INFO	[jepsen worker 0] jepsen.util: 0	:ok	:broadcast	80
2025-06-27 20:47:42,998{GMT}	INFO	[jepsen worker 0] jepsen.util: 0	:invoke	:read	nil
2025-06-27 20:47:43,000{GMT}	INFO	[jepsen worker 0] jepsen.util: 0	:ok	:read	[0 1 2 3 4 5 6 7 8 10 11 12 13 15 16 17 18 19 20 21 22 23 24 26 27 28 29 30 32 33 34 35 37 38 39 40 41 42 43 44 45 47 48 49 50 51 52 53 55 56 57 59 60 61 62 63 64 65 66 67 68 69 71 72 74 75 76 78 79 80]
2025-06-27 20:47:43,029{GMT}	INFO	[jepsen worker 1] jepsen.util: 1	:invoke	:read	nil
2025-06-27 20:47:43,031{GMT}	INFO	[jepsen worker 1] jepsen.util: 1	:ok	:read	[0 1 2 3 4 5 7 6 8 10 11 12 13 15 16 17 18 19 20 21 22 23 24 26 27 28 29 30 32 33 34 35 37 38 39 40 41 42 43 44 45 47 48 49 50 51 52 53 55 56 57 59 60 61 62 63 64 65 66 67 68 69 71 72 74 75 76 78 79 80]
2025-06-27 20:47:43,208{GMT}	INFO	[jepsen worker 2] jepsen.util: 2	:invoke	:read	nil
2025-06-27 20:47:43,208{GMT}	INFO	[jepsen worker 2] jepsen.util: 2	:ok	:read	[0 9 14 25 31 36 46 54 58 70 73 77]
2025-06-27 20:47:43,238{GMT}	INFO	[jepsen worker 3] jepsen.util: 3	:invoke	:read	nil
2025-06-27 20:47:43,238{GMT}	INFO	[jepsen worker 3] jepsen.util: 3	:ok	:read	[0 1 2 3 4 5 7 6 8 10 11 12 13 15 16 17 18 19 20 21 22 23 24 26 27 28 29 30 32 33 34 35 37 38 39 40 41 42 43 44 45 47 48 49 50 51 52 53 55 56 57 59 60 61 62 63 64 65 66 67 68 69 71 72 74 75 76 78 79 80]
2025-06-27 20:47:43,255{GMT}	INFO	[jepsen worker 4] jepsen.util: 4	:invoke	:broadcast	81
2025-06-27 20:47:43,256{GMT}	INFO	[jepsen worker 4] jepsen.util: 4	:ok	:broadcast	81
2025-06-27 20:47:43,281{GMT}	INFO	[jepsen worker 0] jepsen.util: 0	:invoke	:read	nil
2025-06-27 20:47:43,281{GMT}	INFO	[jepsen worker 0] jepsen.util: 0	:ok	:read	[0 1 2 3 4 5 6 7 8 10 11 12 13 15 16 17 18 19 20 21 22 23 24 26 27 28 29 30 32 33 34 35 37 38 39 40 41 42 43 44 45 47 48 49 50 51 52 53 55 56 57 59 60 61 62 63 64 65 66 67 68 69 71 72 74 75 76 78 79 80 81]
2025-06-27 20:47:43,438{GMT}	INFO	[jepsen worker 0] jepsen.util: 0	:invoke	:read	nil
2025-06-27 20:47:43,440{GMT}	INFO	[jepsen worker 0] jepsen.util: 0	:ok	:read	[0 1 2 3 4 5 6 7 8 10 11 12 13 15 16 17 18 19 20 21 22 23 24 26 27 28 29 30 32 33 34 35 37 38 39 40 41 42 43 44 45 47 48 49 50 51 52 53 55 56 57 59 60 61 62 63 64 65 66 67 68 69 71 72 74 75 76 78 79 80 81]
2025-06-27 20:47:43,555{GMT}	INFO	[jepsen worker 1] jepsen.util: 1	:invoke	:broadcast	82
2025-06-27 20:47:43,557{GMT}	INFO	[jepsen worker 1] jepsen.util: 1	:ok	:broadcast	82
2025-06-27 20:47:43,702{GMT}	INFO	[jepsen worker 2] jepsen.util: 2	:invoke	:broadcast	83
2025-06-27 20:47:43,704{GMT}	INFO	[jepsen worker 2] jepsen.util: 2	:ok	:broadcast	83
2025-06-27 20:47:43,728{GMT}	INFO	[jepsen worker 3] jepsen.util: 3	:invoke	:read	nil
2025-06-27 20:47:43,729{GMT}	INFO	[jepsen worker 3] jepsen.util: 3	:ok	:read	[0 1 2 3 4 5 7 6 8 10 11 12 13 15 16 17 18 19 20 21 22 23 24 26 27 28 29 30 32 33 34 35 37 38 39 40 41 42 43 44 45 47 48 49 50 51 52 53 55 56 57 59 60 61 62 63 64 65 66 67 68 69 71 72 74 75 76 78 79 80 81 82]
2025-06-27 20:47:43,805{GMT}	INFO	[jepsen worker 4] jepsen.util: 4	:invoke	:broadcast	84
2025-06-27 20:47:43,807{GMT}	INFO	[jepsen worker 4] jepsen.util: 4	:ok	:broadcast	84
2025-06-27 20:47:43,827{GMT}	INFO	[jepsen worker nemesis] jepsen.util: :nemesis	:info	:stop-partition	nil
2025-06-27 20:47:43,827{GMT}	INFO	[jepsen worker nemesis] jepsen.util: :nemesis	:info	:stop-partition	:network-healed
2025-06-27 20:47:43,871{GMT}	INFO	[jepsen worker 0] jepsen.util: 0	:invoke	:broadcast	85
2025-06-27 20:47:43,873{GMT}	INFO	[jepsen worker 0] jepsen.util: 0	:ok	:broadcast	85
2025-06-27 20:47:43,984{GMT}	INFO	[jepsen worker 1] jepsen.util: 1	:invoke	:broadcast	86
2025-06-27 20:47:43,986{GMT}	INFO	[jepsen worker 1] jepsen.util: 1	:ok	:broadcast	86
2025-06-27 20:47:44,010{GMT}	INFO	[jepsen worker 2] jepsen.util: 2	:invoke	:read	nil
2025-06-27 20:47:44,010{GMT}	INFO	[jepsen worker 2] jepsen.util: 2	:ok	:read	[0 9 14 25 31 36 46 54 58 70 73 77 83 85 86]
2025-06-27 20:47:44,067{GMT}	INFO	[jepsen worker 3] jepsen.util: 3	:invoke	:read	nil
2025-06-27 20:47:44,069{GMT}	INFO	[jepsen worker 3] jepsen.util: 3	:ok	:read	[0 1 2 3 4 5 7 6 8 10 11 12 13 15 16 17 18 19 20 21 22 23 24 26 27 28 29 30 32 33 34 35 37 38 39 40 41 42 43 44 45 47 48 49 50 51 52 53 55 56 57 59 60 61 62 63 64 65 66 67 68 69 71 72 74 75 76 78 79 80 81 82 84 85 86]
2025-06-27 20:47:44,119{GMT}	INFO	[jepsen worker 4] jepsen.util: 4	:invoke	:read	nil
2025-06-27 20:47:44,119{GMT}	INFO	[jepsen worker 4] jepsen.util: 4	:ok	:read	[0 1 2 3 4 5 7 6 8 10 11 12 13 15 16 17 18 19 20 21 22 23 24 26 27 28 29 30 32 33 34 35 37 38 39 40 41 42 43 44 45 47 48 49 50 51 52 53 55 56 57 59 60 61 62 63 64 65 66 67 68 69 71 72 74 75 76 78 79 80 81 82 84 85 86]
2025-06-27 20:47:44,275{GMT}	INFO	[jepsen worker 0] jepsen.util: 0	:invoke	:broadcast	87
2025-06-27 20:47:44,276{GMT}	INFO	[jepsen worker 0] jepsen.util: 0	:ok	:broadcast	87
2025-06-27 20:47:44,347{GMT}	INFO	[jepsen worker 0] jepsen.util: 0	:invoke	:broadcast	88
2025-06-27 20:47:44,348{GMT}	INFO	[jepsen worker 0] jepsen.util: 0	:ok	:broadcast	88
2025-06-27 20:47:44,452{GMT}	INFO	[jepsen worker 1] jepsen.util: 1	:invoke	:broadcast	89
2025-06-27 20:47:44,453{GMT}	INFO	[jepsen worker 1] jepsen.util: 1	:ok	:broadcast	89
2025-06-27 20:47:44,571{GMT}	INFO	[jepsen worker 2] jepsen.util: 2	:invoke	:read	nil
2025-06-27 20:47:44,573{GMT}	INFO	[jepsen worker 2] jepsen.util: 2	:ok	:read	[0 9 14 25 31 36 46 54 58 70 73 77 83 85 86 87 88 89]
2025-06-27 20:47:44,592{GMT}	INFO	[jepsen worker 3] jepsen.util: 3	:invoke	:read	nil
2025-06-27 20:47:44,594{GMT}	INFO	[jepsen worker 3] jepsen.util: 3	:ok	:read	[0 1 2 3 4 5 7 6 8 10 11 12 13 15 16 17 18 19 20 21 22 23 24 26 27 28 29 30 32 33 34 35 37 38 39 40 41 42 43 44 45 47 48 49 50 51 52 53 55 56 57 59 60 61 62 63 64 65 66 67 68 69 71 72 74 75 76 78 79 80 81 82 84 85 86 87 88 89]
2025-06-27 20:47:44,772{GMT}	INFO	[jepsen worker 4] jepsen.util: 4	:invoke	:broadcast	90
2025-06-27 20:47:44,773{GMT}	INFO	[jepsen worker 4] jepsen.util: 4	:ok	:broadcast	90
2025-06-27 20:47:44,913{GMT}	INFO	[jepsen worker 0] jepsen.util: 0	:invoke	:broadcast	91
2025-06-27 20:47:44,914{GMT}	INFO	[jepsen worker 0] jepsen.util: 0	:ok	:broadcast	91
2025-06-27 20:47:45,028{GMT}	INFO	[jepsen worker 0] jepsen.util: 0	:invoke	:broadcast	92
2025-06-27 20:47:45,030{GMT}	INFO	[jepsen worker 0] jepsen.util: 0	:ok	:broadcast	92
2025-06-27 20:47:45,114{GMT}	INFO	[jepsen worker 1] jepsen.util: 1	:invoke	:read	nil
2025-06-27 20:47:45,116{GMT}	INFO	[jepsen worker 1] jepsen.util: 1	:ok	:read	[0 1 2 3 4 5 7 6 8 10 11 12 13 15 16 17 18 19 20 21 22 23 24 26 27 28 29 30 32 33 34 35 37 38 39 40 41 42 43 44 45 47 48 49 50 51 52 53 55 56 57 59 60 61 62 63 64 65 66 67 68 69 71 72 74 75 76 78 79 80 81 82 84 85 86 87 88 89 90 91 92]
2025-06-27 20:47:45,261{GMT}	INFO	[jepsen worker 2] jepsen.util: 2	:invoke	:broadcast	93
2025-06-27 20:47:45,262{GMT}	INFO	[jepsen worker 2] jepsen.util: 2	:ok	:broadcast	93
2025-06-27 20:47:45,296{GMT}	INFO	[jepsen worker 3] jepsen.util: 3	:invoke	:read	nil
2025-06-27 20:47:45,298{GMT}	INFO	[jepsen worker 3] jepsen.util: 3	:ok	:read	[0 1 2 3 4 5 7 6 8 10 11 12 13 15 16 17 18 19 20 21 22 23 24 26 27 28 29 30 32 33 34 35 37 38 39 40 41 42 43 44 45 47 48 49 50 51 52 53 55 56 57 59 60 61 62 63 64 65 66 67 68 69 71 72 74 75 76 78 79 80 81 82 84 85 86 87 88 89 90 91 92 93]
2025-06-27 20:47:45,486{GMT}	INFO	[jepsen worker 4] jepsen.util: 4	:invoke	:broadcast	94
2025-06-27 20:47:45,487{GMT}	INFO	[jepsen worker 4] jepsen.util: 4	:ok	:broadcast	94
2025-06-27 20:47:45,686{GMT}	INFO	[jepsen worker 0] jepsen.util: 0	:invoke	:read	nil
2025-06-27 20:47:45,688{GMT}	INFO	[jepsen worker 0] jepsen.util: 0	:ok	:read	[0 1 2 3 4 5 6 7 8 10 11 12 13 15 16 17 18 19 20 21 22 23 24 26 27 28 29 30 32 33 34 35 37 38 39 40 41 42 43 44 45 47 48 49 50 51 52 53 55 56 57 59 60 61 62 63 64 65 66 67 68 69 71 72 74 75 76 78 79 80 81 82 84 85 86 87 88 89 90 91 92 93 94]
2025-06-27 20:47:45,732{GMT}	INFO	[jepsen worker 0] jepsen.util: 0	:invoke	:read	nil
2025-06-27 20:47:45,734{GMT}	INFO	[jepsen worker 0] jepsen.util: 0	:ok	:read	[0 1 2 3 4 5 6 7 8 10 11 12 13 15 16 17 18 19 20 21 22 23 24 26 27 28 29 30 32 33 34 35 37 38 39 40 41 42 43 44 45 47 48 49 50 51 52 53 55 56 57 59 60 61 62 63 64 65 66 67 68 69 71 72 74 75 76 78 79 80 81 82 84 85 86 87 88 89 90 91 92 93 94]
2025-06-27 20:47:45,829{GMT}	INFO	[jepsen worker 1] jepsen.util: 1	:invoke	:broadcast	95
2025-06-27 20:47:45,830{GMT}	INFO	[jepsen worker 1] jepsen.util: 1	:ok	:broadcast	95
2025-06-27 20:47:45,919{GMT}	INFO	[jepsen worker 2] jepsen.util: 2	:invoke	:read	nil
2025-06-27 20:47:45,921{GMT}	INFO	[jepsen worker 2] jepsen.util: 2	:ok	:read	[0 9 14 25 31 36 46 54 58 70 73 77 83 85 86 87 88 89 90 91 92 93 94 95]
2025-06-27 20:47:45,955{GMT}	INFO	[jepsen worker 3] jepsen.util: 3	:invoke	:broadcast	96
2025-06-27 20:47:45,957{GMT}	INFO	[jepsen worker 3] jepsen.util: 3	:ok	:broadcast	96
2025-06-27 20:47:46,134{GMT}	INFO	[jepsen worker 4] jepsen.util: 4	:invoke	:read	nil
2025-06-27 20:47:46,136{GMT}	INFO	[jepsen worker 4] jepsen.util: 4	:ok	:read	[0 1 2 3 4 5 7 6 8 10 11 12 13 15 16 17 18 19 20 21 22 23 24 26 27 28 29 30 32 33 34 35 37 38 39 40 41 42 43 44 45 47 48 49 50 51 52 53 55 56 57 59 60 61 62 63 64 65 66 67 68 69 71 72 74 75 76 78 79 80 81 82 84 85 86 87 88 89 90 91 92 93 94 95 96]
2025-06-27 20:47:46,165{GMT}	INFO	[jepsen worker 0] jepsen.util: 0	:invoke	:read	nil
2025-06-27 20:47:46,167{GMT}	INFO	[jepsen worker 0] jepsen.util: 0	:ok	:read	[0 1 2 3 4 5 6 7 8 10 11 12 13 15 16 17 18 19 20 21 22 23 24 26 27 28 29 30 32 33 34 35 37 38 39 40 41 42 43 44 45 47 48 49 50 51 52 53 55 56 57 59 60 61 62 63 64 65 66 67 68 69 71 72 74 75 76 78 79 80 81 82 84 85 86 87 88 89 90 91 92 93 94 95 96]
2025-06-27 20:47:46,181{GMT}	INFO	[jepsen worker 0] jepsen.util: 0	:invoke	:read	nil
2025-06-27 20:47:46,183{GMT}	INFO	[jepsen worker 0] jepsen.util: 0	:ok	:read	[0 1 2 3 4 5 6 7 8 10 11 12 13 15 16 17 18 19 20 21 22 23 24 26 27 28 29 30 32 33 34 35 37 38 39 40 41 42 43 44 45 47 48 49 50 51 52 53 55 56 57 59 60 61 62 63 64 65 66 67 68 69 71 72 74 75 76 78 79 80 81 82 84 85 86 87 88 89 90 91 92 93 94 95 96]
2025-06-27 20:47:46,310{GMT}	INFO	[jepsen worker 1] jepsen.util: 1	:invoke	:broadcast	97
2025-06-27 20:47:46,312{GMT}	INFO	[jepsen worker 1] jepsen.util: 1	:ok	:broadcast	97
2025-06-27 20:47:46,358{GMT}	INFO	[jepsen worker 2] jepsen.util: 2	:invoke	:broadcast	98
2025-06-27 20:47:46,359{GMT}	INFO	[jepsen worker 2] jepsen.util: 2	:ok	:broadcast	98
2025-06-27 20:47:46,468{GMT}	INFO	[jepsen worker nemesis] jepsen.util: :nemesis	:info	:start-partition	:one
2025-06-27 20:47:46,468{GMT}	INFO	[jepsen worker 4] jepsen.util: 4	:invoke	:broadcast	99
2025-06-27 20:47:46,469{GMT}	INFO	[jepsen worker 4] jepsen.util: 4	:ok	:broadcast	99
2025-06-27 20:47:46,473{GMT}	INFO	[jepsen worker nemesis] jepsen.util: :nemesis	:info	:start-partition	[:isolated {"n0" #{"n2" "n1" "n4" "n3"}, "n2" #{"n0"}, "n1" #{"n0"}, "n4" #{"n0"}, "n3" #{"n0"}}]
2025-06-27 20:47:46,614{GMT}	INFO	[jepsen worker 0] jepsen.util: 0	:invoke	:broadcast	100
2025-06-27 20:47:46,615{GMT}	INFO	[jepsen worker 0] jepsen.util: 0	:ok	:broadcast	100
2025-06-27 20:47:46,736{GMT}	INFO	[jepsen worker 0] jepsen.util: 0	:invoke	:read	nil
2025-06-27 20:47:46,738{GMT}	INFO	[jepsen worker 0] jepsen.util: 0	:ok	:read	[0 1 2 3 4 5 6 7 8 10 11 12 13 15 16 17 18 19 20 21 22 23 24 26 27 28 29 30 32 33 34 35 37 38 39 40 41 42 43 44 45 47 48 49 50 51 52 53 55 56 57 59 60 61 62 63 64 65 66 67 68 69 71 72 74 75 76 78 79 80 81 82 84 85 86 87 88 89 90 91 92 93 94 95 96 97 98 99 100]
2025-06-27 20:47:46,799{GMT}	INFO	[jepsen worker 1] jepsen.util: 1	:invoke	:broadcast	101
2025-06-27 20:47:46,800{GMT}	INFO	[jepsen worker 1] jepsen.util: 1	:ok	:broadcast	101
2025-06-27 20:47:46,871{GMT}	INFO	[jepsen worker 2] jepsen.util: 2	:invoke	:read	nil
2025-06-27 20:47:46,872{GMT}	INFO	[jepsen worker 2] jepsen.util: 2	:ok	:read	[0 9 14 25 31 36 46 54 58 70 73 77 83 85 86 87 88 89 90 91 92 93 94 95 96 97 98 99 101]
2025-06-27 20:47:47,033{GMT}	INFO	[jepsen worker 3] jepsen.util: 3	:invoke	:read	nil
2025-06-27 20:47:47,035{GMT}	INFO	[jepsen worker 3] jepsen.util: 3	:ok	:read	[0 1 2 3 4 5 7 6 8 10 11 12 13 15 16 17 18 19 20 21 22 23 24 26 27 28 29 30 32 33 34 35 37 38 39 40 41 42 43 44 45 47 48 49 50 51 52 53 55 56 57 59 60 61 62 63 64 65 66 67 68 69 71 72 74 75 76 78 79 80 81 82 84 85 86 87 88 89 90 91 92 93 94 95 96 97 98 99 101]
2025-06-27 20:47:47,052{GMT}	INFO	[jepsen worker 4] jepsen.util: 4	:invoke	:broadcast	102
2025-06-27 20:47:47,054{GMT}	INFO	[jepsen worker 4] jepsen.util: 4	:ok	:broadcast	102
2025-06-27 20:47:47,123{GMT}	INFO	[jepsen worker 0] jepsen.util: 0	:invoke	:read	nil
2025-06-27 20:47:47,125{GMT}	INFO	[jepsen worker 0] jepsen.util: 0	:ok	:read	[0 1 2 3 4 5 6 7 8 10 11 12 13 15 16 17 18 19 20 21 22 23 24 26 27 28 29 30 32 33 34 35 37 38 39 40 41 42 43 44 45 47 48 49 50 51 52 53 55 56 57 59 60 61 62 63 64 65 66 67 68 69 71 72 74 75 76 78 79 80 81 82 84 85 86 87 88 89 90 91 92 93 94 95 96 97 98 99 100]
2025-06-27 20:47:47,255{GMT}	INFO	[jepsen worker 0] jepsen.util: 0	:invoke	:broadcast	103
2025-06-27 20:47:47,256{GMT}	INFO	[jepsen worker 0] jepsen.util: 0	:ok	:broadcast	103
2025-06-27 20:47:47,404{GMT}	INFO	[jepsen worker 1] jepsen.util: 1	:invoke	:broadcast	104
2025-06-27 20:47:47,406{GMT}	INFO	[jepsen worker 1] jepsen.util: 1	:ok	:broadcast	104
2025-06-27 20:47:47,589{GMT}	INFO	[jepsen worker 2] jepsen.util: 2	:invoke	:broadcast	105
2025-06-27 20:47:47,591{GMT}	INFO	[jepsen worker 2] jepsen.util: 2	:ok	:broadcast	105
2025-06-27 20:47:47,756{GMT}	INFO	[jepsen worker 3] jepsen.util: 3	:invoke	:broadcast	106
2025-06-27 20:47:47,758{GMT}	INFO	[jepsen worker 3] jepsen.util: 3	:ok	:broadcast	106
2025-06-27 20:47:47,822{GMT}	INFO	[jepsen worker 4] jepsen.util: 4	:invoke	:read	nil
2025-06-27 20:47:47,824{GMT}	INFO	[jepsen worker 4] jepsen.util: 4	:ok	:read	[0 1 2 3 4 5 7 6 8 10 11 12 13 15 16 17 18 19 20 21 22 23 24 26 27 28 29 30 32 33 34 35 37 38 39 40 41 42 43 44 45 47 48 49 50 51 52 53 55 56 57 59 60 61 62 63 64 65 66 67 68 69 71 72 74 75 76 78 79 80 81 82 84 85 86 87 88 89 90 91 92 93 94 95 96 97 98 99 101 102 104 105 106]
2025-06-27 20:47:47,986{GMT}	INFO	[jepsen worker 0] jepsen.util: 0	:invoke	:read	nil
2025-06-27 20:47:47,989{GMT}	INFO	[jepsen worker 0] jepsen.util: 0	:ok	:read	[0 1 2 3 4 5 6 7 8 10 11 12 13 15 16 17 18 19 20 21 22 23 24 26 27 28 29 30 32 33 34 35 37 38 39 40 41 42 43 44 45 47 48 49 50 51 52 53 55 56 57 59 60 61 62 63 64 65 66 67 68 69 71 72 74 75 76 78 79 80 81 82 84 85 86 87 88 89 90 91 92 93 94 95 96 97 98 99 100 103]
2025-06-27 20:47:48,148{GMT}	INFO	[jepsen worker 0] jepsen.util: 0	:invoke	:read	nil
2025-06-27 20:47:48,148{GMT}	INFO	[jepsen worker 1] jepsen.util: 1	:invoke	:broadcast	107
2025-06-27 20:47:48,149{GMT}	INFO	[jepsen worker 1] jepsen.util: 1	:ok	:broadcast	107
2025-06-27 20:47:48,149{GMT}	INFO	[jepsen worker 0] jepsen.util: 0	:ok	:read	[0 1 2 3 4 5 6 7 8 10 11 12 13 15 16 17 18 19 20 21 22 23 24 26 27 28 29 30 32 33 34 35 37 38 39 40 41 42 43 44 45 47 48 49 50 51 52 53 55 56 57 59 60 61 62 63 64 65 66 67 68 69 71 72 74 75 76 78 79 80 81 82 84 85 86 87 88 89 90 91 92 93 94 95 96 97 98 99 100 103]
2025-06-27 20:47:48,150{GMT}	INFO	[jepsen worker nemesis] jepsen.util: :nemesis	:info	:stop-partition	nil
2025-06-27 20:47:48,150{GMT}	INFO	[jepsen worker nemesis] jepsen.util: :nemesis	:info	:stop-partition	:network-healed
2025-06-27 20:47:48,151{GMT}	INFO	[jepsen worker 3] jepsen.generator.interpreter: Waiting for recovery...
2025-06-27 20:47:58,160{GMT}	INFO	[jepsen worker 0] jepsen.util: 0	:invoke	:read	nil
2025-06-27 20:47:58,160{GMT}	INFO	[jepsen worker 2] jepsen.util: 2	:invoke	:read	nil
2025-06-27 20:47:58,160{GMT}	INFO	[jepsen worker 3] jepsen.util: 3	:invoke	:read	nil
2025-06-27 20:47:58,161{GMT}	INFO	[jepsen worker 1] jepsen.util: 1	:invoke	:read	nil
2025-06-27 20:47:58,161{GMT}	INFO	[jepsen worker 4] jepsen.util: 4	:invoke	:read	nil
2025-06-27 20:47:58,162{GMT}	INFO	[jepsen worker 2] jepsen.util: 2	:ok	:read	[0 9 14 25 31 36 46 54 58 70 73 77 83 85 86 87 88 89 90 91 92 93 94 95 96 97 98 99 101 102 104 105 106 107]
2025-06-27 20:47:58,163{GMT}	INFO	[jepsen worker 1] jepsen.util: 1	:ok	:read	[0 1 2 3 4 5 7 6 8 10 11 12 13 15 16 17 18 19 20 21 22 23 24 26 27 28 29 30 32 33 34 35 37 38 39 40 41 42 43 44 45 47 48 49 50 51 52 53 55 56 57 59 60 61 62 63 64 65 66 67 68 69 71 72 74 75 76 78 79 80 81 82 84 85 86 87 88 89 90 91 92 93 94 95 96 97 98 99 101 102 104 105 106 107]
2025-06-27 20:47:58,163{GMT}	INFO	[jepsen worker 0] jepsen.util: 0	:ok	:read	[0 1 2 3 4 5 6 7 8 10 11 12 13 15 16 17 18 19 20 21 22 23 24 26 27 28 29 30 32 33 34 35 37 38 39 40 41 42 43 44 45 47 48 49 50 51 52 53 55 56 57 59 60 61 62 63 64 65 66 67 68 69 71 72 74 75 76 78 79 80 81 82 84 85 86 87 88 89 90 91 92 93 94 95 96 97 98 99 100 103 107]
2025-06-27 20:47:58,163{GMT}	INFO	[jepsen worker 3] jepsen.util: 3	:ok	:read	[0 1 2 3 4 5 7 6 8 10 11 12 13 15 16 17 18 19 20 21 22 23 24 26 27 28 29 30 32 33 34 35 37 38 39 40 41 42 43 44 45 47 48 49 50 51 52 53 55 56 57 59 60 61 62 63 64 65 66 67 68 69 71 72 74 75 76 78 79 80 81 82 84 85 86 87 88 89 90 91 92 93 94 95 96 97 98 99 101 102 104 105 106 107]
2025-06-27 20:47:58,163{GMT}	INFO	[jepsen worker 4] jepsen.util: 4	:ok	:read	[0 1 2 3 4 5 7 6 8 10 11 12 13 15 16 17 18 19 20 21 22 23 24 26 27 28 29 30 32 33 34 35 37 38 39 40 41 42 43 44 45 47 48 49 50 51 52 53 55 56 57 59 60 61 62 63 64 65 66 67 68 69 71 72 74 75 76 78 79 80 81 82 84 85 86 87 88 89 90 91 92 93 94 95 96 97 98 99 101 102 104 105 106 107]
2025-06-27 20:47:58,178{GMT}	INFO	[jepsen test runner] jepsen.core: Run complete, writing
2025-06-27 20:47:58,229{GMT}	INFO	[jepsen node n0] maelstrom.db: Tearing down n0
2025-06-27 20:47:58,229{GMT}	INFO	[jepsen node n3] maelstrom.db: Tearing down n3
2025-06-27 20:47:58,229{GMT}	INFO	[jepsen node n4] maelstrom.db: Tearing down n4
2025-06-27 20:47:58,229{GMT}	INFO	[jepsen node n2] maelstrom.db: Tearing down n2
2025-06-27 20:47:58,230{GMT}	INFO	[jepsen node n1] maelstrom.db: Tearing down n1
2025-06-27 20:48:00,003{GMT}	INFO	[jepsen node n0] maelstrom.net: Shutting down Maelstrom network
2025-06-27 20:48:00,010{GMT}	INFO	[jepsen test runner] jepsen.core: Analyzing...
2025-06-27 20:48:00,488{GMT}	INFO	[jepsen test runner] jepsen.core: Analysis complete
2025-06-27 20:48:00,513{GMT}	INFO	[jepsen results] jepsen.store: Wrote /Users/anandtrehan/flyio_challenges/maelstrom/store/broadcast/20250627T204726.496-0400/results.edn
2025-06-27 20:48:00,534{GMT}	INFO	[jepsen test runner] jepsen.core: {:perf {:latency-graph {:valid? true},
        :rate-graph {:valid? true},
        :valid? true},
 :timeline {:valid? true},
 :exceptions {:valid? true},
 :stats {:valid? true,
         :count 202,
         :ok-count 202,
         :fail-count 0,
         :info-count 0,
         :by-f {:broadcast {:valid? true,
                            :count 108,
                            :ok-count 108,
                            :fail-count 0,
                            :info-count 0},
                :read {:valid? true,
                       :count 94,
                       :ok-count 94,
                       :fail-count 0,
                       :info-count 0}}},
 :availability {:valid? true, :ok-fraction 1.0},
 :net {:all {:send-count 1926,
             :recv-count 1679,
             :msg-count 1926,
             :msgs-per-op 9.534654},
       :clients {:send-count 424, :recv-count 424, :msg-count 424},
       :servers {:send-count 1502,
                 :recv-count 1255,
                 :msg-count 1502,
                 :msgs-per-op 7.4356437},
       :valid? true},
 :workload {:worst-stale ({:element 1,
                           :outcome :stable,
                           :stable-latency 29855,
                           :lost-latency nil,
                           :known #jepsen.history.Op{:index 7,
                                                     :time 151287459,
                                                     :type :ok,
                                                     :process 3,
                                                     :f :add,
                                                     :value 1},
                           :last-absent #jepsen.history.Op{:index 403,
                                                           :time 30007097125,
                                                           :type :invoke,
                                                           :process 2,
                                                           :f :read,
                                                           :value nil,
                                                           :final? true}}
                          {:element 2,
                           :outcome :stable,
                           :stable-latency 29707,
                           :lost-latency nil,
                           :known #jepsen.history.Op{:index 11,
                                                     :time 299859000,
                                                     :type :ok,
                                                     :process 0,
                                                     :f :add,
                                                     :value 2},
                           :last-absent #jepsen.history.Op{:index 403,
                                                           :time 30007097125,
                                                           :type :invoke,
                                                           :process 2,
                                                           :f :read,
                                                           :value nil,
                                                           :final? true}}
                          {:element 3,
                           :outcome :stable,
                           :stable-latency 29654,
                           :lost-latency nil,
                           :known #jepsen.history.Op{:index 13,
                                                     :time 352587625,
                                                     :type :ok,
                                                     :process 0,
                                                     :f :add,
                                                     :value 3},
                           :last-absent #jepsen.history.Op{:index 403,
                                                           :time 30007097125,
                                                           :type :invoke,
                                                           :process 2,
                                                           :f :read,
                                                           :value nil,
                                                           :final? true}}
                          {:element 4,
                           :outcome :stable,
                           :stable-latency 29333,
                           :lost-latency nil,
                           :known #jepsen.history.Op{:index 19,
                                                     :time 673251084,
                                                     :type :ok,
                                                     :process 3,
                                                     :f :add,
                                                     :value 4},
                           :last-absent #jepsen.history.Op{:index 403,
                                                           :time 30007097125,
                                                           :type :invoke,
                                                           :process 2,
                                                           :f :read,
                                                           :value nil,
                                                           :final? true}}
                          {:element 5,
                           :outcome :stable,
                           :stable-latency 29216,
                           :lost-latency nil,
                           :known #jepsen.history.Op{:index 21,
                                                     :time 790591500,
                                                     :type :ok,
                                                     :process 4,
                                                     :f :add,
                                                     :value 5},
                           :last-absent #jepsen.history.Op{:index 403,
                                                           :time 30007097125,
                                                           :type :invoke,
                                                           :process 2,
                                                           :f :read,
                                                           :value nil,
                                                           :final? true}}
                          {:element 6,
                           :outcome :stable,
                           :stable-latency 29104,
                           :lost-latency nil,
                           :known #jepsen.history.Op{:index 24,
                                                     :time 902766375,
                                                     :type :ok,
                                                     :process 0,
                                                     :f :add,
                                                     :value 6},
                           :last-absent #jepsen.history.Op{:index 403,
                                                           :time 30007097125,
                                                           :type :invoke,
                                                           :process 2,
                                                           :f :read,
                                                           :value nil,
                                                           :final? true}}
                          {:element 7,
                           :outcome :stable,
                           :stable-latency 29103,
                           :lost-latency nil,
                           :known #jepsen.history.Op{:index 25,
                                                     :time 903434792,
                                                     :type :ok,
                                                     :process 1,
                                                     :f :add,
                                                     :value 7},
                           :last-absent #jepsen.history.Op{:index 403,
                                                           :time 30007097125,
                                                           :type :invoke,
                                                           :process 2,
                                                           :f :read,
                                                           :value nil,
                                                           :final? true}}
                          {:element 8,
                           :outcome :stable,
                           :stable-latency 28915,
                           :lost-latency nil,
                           :known #jepsen.history.Op{:index 27,
                                                     :time 1091796500,
                                                     :type :ok,
                                                     :process 1,
                                                     :f :add,
                                                     :value 8},
                           :last-absent #jepsen.history.Op{:index 403,
                                                           :time 30007097125,
                                                           :type :invoke,
                                                           :process 2,
                                                           :f :read,
                                                           :value nil,
                                                           :final? true}}),
            :duplicated-count 0,
            :valid? false,
            :lost-count 14,
            :lost (9 14 25 31 36 46 54 58 70 73 77 83 100 103),
            :stable-count 94,
            :stale-count 77,
            :stale (1
                    2
                    3
                    4
                    5
                    6
                    7
                    8
                    10
                    11
                    12
                    13
                    15
                    16
                    17
                    18
                    19
                    20
                    21
                    22
                    23
                    24
                    26
                    27
                    28
                    29
                    30
                    32
                    33
                    34
                    35
                    37
                    38
                    39
                    40
                    41
                    42
                    43
                    44
                    45
                    47
                    48
                    49
                    50
                    51
                    52
                    53
                    55
                    56
                    57
                    59
                    60
                    61
                    62
                    63
                    64
                    65
                    66
                    67
                    68
                    69
                    71
                    72
                    74
                    75
                    76
                    78
                    79
                    80
                    81
                    82
                    84
                    101
                    102
                    104
                    105
                    106),
            :never-read-count 0,
            :stable-latencies {0 0,
                               0.5 20313,
                               0.95 29216,
                               0.99 29855,
                               1 29855},
            :attempt-count 108,
            :lost-latencies {0 10898,
                             0.5 20268,
                             0.95 28770,
                             0.99 28770,
                             1 28770},
            :never-read (),
            :duplicated {}},
 :valid? false}


Analysis invalid! ( 
