2025/06/27 20:47:28 Received {c0 n2 {"type":"init","node_id":"n2","node_ids":["n0","n1","n2","n3","n4"],"msg_id":1}}
2025/06/27 20:47:28 Node n2 initialized
2025/06/27 20:47:28 Sent {"src":"n2","dest":"c0","body":{"in_reply_to":1,"type":"init_ok"}}
2025/06/27 20:47:28 Received {c8 n2 {"type":"topology","topology":{"n0":["n3","n1"],"n1":["n4","n2","n0"],"n2":["n1"],"n3":["n0","n4"],"n4":["n1","n3"]},"msg_id":1}}
2025/06/27 20:47:28 Sent {"src":"n2","dest":"c8","body":{"in_reply_to":1,"type":"topology_ok"}}
2025/06/27 20:47:28 Received {c11 n2 {"type":"read","msg_id":1}}
2025/06/27 20:47:28 Sent {"src":"n2","dest":"c11","body":{"in_reply_to":1,"messages":[],"type":"read_ok"}}
2025/06/27 20:47:28 Received {n1 n2 {"message":0,"msg_id":2,"type":"broadcast"}}
2025/06/27 20:47:28 Sent {"src":"n2","dest":"n1","body":{"in_reply_to":2,"type":"broadcast_ok"}}
2025/06/27 20:47:28 Sent {"src":"n2","dest":"n1","body":{"message":0,"msg_id":1,"type":"broadcast"}}
2025/06/27 20:47:28 Received {c11 n2 {"type":"read","msg_id":2}}
2025/06/27 20:47:28 Sent {"src":"n2","dest":"c11","body":{"in_reply_to":2,"messages":[0],"type":"read_ok"}}
2025/06/27 20:47:29 Received {c11 n2 {"type":"broadcast","message":9,"msg_id":3}}
2025/06/27 20:47:29 Sent {"src":"n2","dest":"c11","body":{"in_reply_to":3,"type":"broadcast_ok"}}
2025/06/27 20:47:29 Sent {"src":"n2","dest":"n1","body":{"message":9,"msg_id":2,"type":"broadcast"}}
2025/06/27 20:47:29 Received {c11 n2 {"type":"read","msg_id":4}}
2025/06/27 20:47:29 Sent {"src":"n2","dest":"c11","body":{"in_reply_to":4,"messages":[0,9],"type":"read_ok"}}
2025/06/27 20:47:30 Received {c11 n2 {"type":"broadcast","message":14,"msg_id":5}}
2025/06/27 20:47:30 Sent {"src":"n2","dest":"c11","body":{"in_reply_to":5,"type":"broadcast_ok"}}
2025/06/27 20:47:30 Sent {"src":"n2","dest":"n1","body":{"message":14,"msg_id":3,"type":"broadcast"}}
2025/06/27 20:47:31 Received {c11 n2 {"type":"read","msg_id":6}}
2025/06/27 20:47:31 Sent {"src":"n2","dest":"c11","body":{"in_reply_to":6,"messages":[0,9,14],"type":"read_ok"}}
2025/06/27 20:47:31 Received {c11 n2 {"type":"read","msg_id":7}}
2025/06/27 20:47:31 Sent {"src":"n2","dest":"c11","body":{"in_reply_to":7,"messages":[0,9,14],"type":"read_ok"}}
2025/06/27 20:47:32 Received {c11 n2 {"type":"broadcast","message":25,"msg_id":8}}
2025/06/27 20:47:32 Sent {"src":"n2","dest":"n1","body":{"message":25,"msg_id":4,"type":"broadcast"}}
2025/06/27 20:47:32 Sent {"src":"n2","dest":"c11","body":{"in_reply_to":8,"type":"broadcast_ok"}}
2025/06/27 20:47:32 Received {c11 n2 {"type":"broadcast","message":31,"msg_id":9}}
2025/06/27 20:47:32 Sent {"src":"n2","dest":"c11","body":{"in_reply_to":9,"type":"broadcast_ok"}}
2025/06/27 20:47:32 Sent {"src":"n2","dest":"n1","body":{"message":31,"msg_id":5,"type":"broadcast"}}
2025/06/27 20:47:33 Received {c11 n2 {"type":"read","msg_id":10}}
2025/06/27 20:47:33 Sent {"src":"n2","dest":"c11","body":{"in_reply_to":10,"messages":[0,9,14,25,31],"type":"read_ok"}}
2025/06/27 20:47:33 Received {c11 n2 {"type":"broadcast","message":36,"msg_id":11}}
2025/06/27 20:47:33 Sent {"src":"n2","dest":"c11","body":{"in_reply_to":11,"type":"broadcast_ok"}}
2025/06/27 20:47:33 Sent {"src":"n2","dest":"n1","body":{"message":36,"msg_id":6,"type":"broadcast"}}
2025/06/27 20:47:34 Received {c11 n2 {"type":"read","msg_id":12}}
2025/06/27 20:47:34 Sent {"src":"n2","dest":"c11","body":{"in_reply_to":12,"messages":[0,9,14,25,31,36],"type":"read_ok"}}
2025/06/27 20:47:35 Received {c11 n2 {"type":"read","msg_id":13}}
2025/06/27 20:47:35 Sent {"src":"n2","dest":"c11","body":{"in_reply_to":13,"messages":[0,9,14,25,31,36],"type":"read_ok"}}
2025/06/27 20:47:36 Received {c11 n2 {"type":"broadcast","message":46,"msg_id":14}}
2025/06/27 20:47:36 Sent {"src":"n2","dest":"c11","body":{"in_reply_to":14,"type":"broadcast_ok"}}
2025/06/27 20:47:36 Sent {"src":"n2","dest":"n1","body":{"message":46,"msg_id":7,"type":"broadcast"}}
2025/06/27 20:47:36 Received {c11 n2 {"type":"read","msg_id":15}}
2025/06/27 20:47:36 Sent {"src":"n2","dest":"c11","body":{"in_reply_to":15,"messages":[0,9,14,25,31,36,46],"type":"read_ok"}}
2025/06/27 20:47:37 Received {c11 n2 {"type":"read","msg_id":16}}
2025/06/27 20:47:37 Sent {"src":"n2","dest":"c11","body":{"in_reply_to":16,"messages":[0,9,14,25,31,36,46],"type":"read_ok"}}
2025/06/27 20:47:37 Received {c11 n2 {"type":"broadcast","message":54,"msg_id":17}}
2025/06/27 20:47:37 Sent {"src":"n2","dest":"c11","body":{"in_reply_to":17,"type":"broadcast_ok"}}
2025/06/27 20:47:37 Sent {"src":"n2","dest":"n1","body":{"message":54,"msg_id":8,"type":"broadcast"}}
2025/06/27 20:47:38 Received {c11 n2 {"type":"broadcast","message":58,"msg_id":18}}
2025/06/27 20:47:38 Sent {"src":"n2","dest":"c11","body":{"in_reply_to":18,"type":"broadcast_ok"}}
2025/06/27 20:47:38 Sent {"src":"n2","dest":"n1","body":{"message":58,"msg_id":9,"type":"broadcast"}}
2025/06/27 20:47:39 Received {c11 n2 {"type":"read","msg_id":19}}
2025/06/27 20:47:39 Sent {"src":"n2","dest":"c11","body":{"in_reply_to":19,"messages":[0,9,14,25,31,36,46,54,58],"type":"read_ok"}}
2025/06/27 20:47:39 Received {c11 n2 {"type":"read","msg_id":20}}
2025/06/27 20:47:39 Sent {"src":"n2","dest":"c11","body":{"in_reply_to":20,"messages":[0,9,14,25,31,36,46,54,58],"type":"read_ok"}}
2025/06/27 20:47:40 Received {c11 n2 {"type":"read","msg_id":21}}
2025/06/27 20:47:40 Sent {"src":"n2","dest":"c11","body":{"in_reply_to":21,"messages":[0,9,14,25,31,36,46,54,58],"type":"read_ok"}}
2025/06/27 20:47:41 Received {c11 n2 {"type":"broadcast","message":70,"msg_id":22}}
2025/06/27 20:47:41 Sent {"src":"n2","dest":"c11","body":{"in_reply_to":22,"type":"broadcast_ok"}}
2025/06/27 20:47:41 Sent {"src":"n2","dest":"n1","body":{"message":70,"msg_id":10,"type":"broadcast"}}
2025/06/27 20:47:41 Received {c11 n2 {"type":"broadcast","message":73,"msg_id":23}}
2025/06/27 20:47:41 Sent {"src":"n2","dest":"c11","body":{"in_reply_to":23,"type":"broadcast_ok"}}
2025/06/27 20:47:41 Sent {"src":"n2","dest":"n1","body":{"message":73,"msg_id":11,"type":"broadcast"}}
2025/06/27 20:47:42 Received {c11 n2 {"type":"broadcast","message":77,"msg_id":24}}
2025/06/27 20:47:42 Sent {"src":"n2","dest":"c11","body":{"in_reply_to":24,"type":"broadcast_ok"}}
2025/06/27 20:47:42 Sent {"src":"n2","dest":"n1","body":{"message":77,"msg_id":12,"type":"broadcast"}}
2025/06/27 20:47:43 Received {c11 n2 {"type":"read","msg_id":25}}
2025/06/27 20:47:43 Sent {"src":"n2","dest":"c11","body":{"in_reply_to":25,"messages":[0,9,14,25,31,36,46,54,58,70,73,77],"type":"read_ok"}}
2025/06/27 20:47:43 Received {c11 n2 {"type":"broadcast","message":83,"msg_id":26}}
2025/06/27 20:47:43 Sent {"src":"n2","dest":"c11","body":{"in_reply_to":26,"type":"broadcast_ok"}}
2025/06/27 20:47:43 Sent {"src":"n2","dest":"n1","body":{"message":83,"msg_id":13,"type":"broadcast"}}
2025/06/27 20:47:43 Received {n1 n2 {"message":85,"msg_id":222,"type":"broadcast"}}
2025/06/27 20:47:43 Sent {"src":"n2","dest":"n1","body":{"in_reply_to":222,"type":"broadcast_ok"}}
2025/06/27 20:47:43 Sent {"src":"n2","dest":"n1","body":{"message":85,"msg_id":14,"type":"broadcast"}}
2025/06/27 20:47:43 Received {n1 n2 {"in_reply_to":14,"type":"broadcast_ok"}}
2025/06/27 20:47:43 Received {n1 n2 {"message":86,"msg_id":225,"type":"broadcast"}}
2025/06/27 20:47:43 Sent {"src":"n2","dest":"n1","body":{"in_reply_to":225,"type":"broadcast_ok"}}
2025/06/27 20:47:43 Sent {"src":"n2","dest":"n1","body":{"message":86,"msg_id":15,"type":"broadcast"}}
2025/06/27 20:47:43 Received {n1 n2 {"in_reply_to":15,"type":"broadcast_ok"}}
2025/06/27 20:47:44 Received {c11 n2 {"type":"read","msg_id":27}}
2025/06/27 20:47:44 Sent {"src":"n2","dest":"c11","body":{"in_reply_to":27,"messages":[0,9,14,25,31,36,46,54,58,70,73,77,83,85,86],"type":"read_ok"}}
2025/06/27 20:47:44 Received {n1 n2 {"message":87,"msg_id":228,"type":"broadcast"}}
2025/06/27 20:47:44 Sent {"src":"n2","dest":"n1","body":{"in_reply_to":228,"type":"broadcast_ok"}}
2025/06/27 20:47:44 Sent {"src":"n2","dest":"n1","body":{"message":87,"msg_id":16,"type":"broadcast"}}
2025/06/27 20:47:44 Received {n1 n2 {"in_reply_to":16,"type":"broadcast_ok"}}
2025/06/27 20:47:44 Received {n1 n2 {"message":88,"msg_id":230,"type":"broadcast"}}
2025/06/27 20:47:44 Sent {"src":"n2","dest":"n1","body":{"in_reply_to":230,"type":"broadcast_ok"}}
2025/06/27 20:47:44 Sent {"src":"n2","dest":"n1","body":{"message":88,"msg_id":17,"type":"broadcast"}}
2025/06/27 20:47:44 Received {n1 n2 {"in_reply_to":17,"type":"broadcast_ok"}}
2025/06/27 20:47:44 Received {n1 n2 {"message":89,"msg_id":234,"type":"broadcast"}}
2025/06/27 20:47:44 Sent {"src":"n2","dest":"n1","body":{"in_reply_to":234,"type":"broadcast_ok"}}
2025/06/27 20:47:44 Sent {"src":"n2","dest":"n1","body":{"message":89,"msg_id":18,"type":"broadcast"}}
2025/06/27 20:47:44 Received {n1 n2 {"in_reply_to":18,"type":"broadcast_ok"}}
2025/06/27 20:47:44 Received {c11 n2 {"type":"read","msg_id":28}}
2025/06/27 20:47:44 Sent {"src":"n2","dest":"c11","body":{"in_reply_to":28,"messages":[0,9,14,25,31,36,46,54,58,70,73,77,83,85,86,87,88,89],"type":"read_ok"}}
2025/06/27 20:47:44 Received {n1 n2 {"message":90,"msg_id":237,"type":"broadcast"}}
2025/06/27 20:47:44 Sent {"src":"n2","dest":"n1","body":{"in_reply_to":237,"type":"broadcast_ok"}}
2025/06/27 20:47:44 Sent {"src":"n2","dest":"n1","body":{"message":90,"msg_id":19,"type":"broadcast"}}
2025/06/27 20:47:44 Received {n1 n2 {"in_reply_to":19,"type":"broadcast_ok"}}
2025/06/27 20:47:44 Received {n1 n2 {"message":91,"msg_id":239,"type":"broadcast"}}
2025/06/27 20:47:44 Sent {"src":"n2","dest":"n1","body":{"in_reply_to":239,"type":"broadcast_ok"}}
2025/06/27 20:47:44 Sent {"src":"n2","dest":"n1","body":{"message":91,"msg_id":20,"type":"broadcast"}}
2025/06/27 20:47:44 Received {n1 n2 {"in_reply_to":20,"type":"broadcast_ok"}}
2025/06/27 20:47:45 Received {n1 n2 {"message":92,"msg_id":242,"type":"broadcast"}}
2025/06/27 20:47:45 Sent {"src":"n2","dest":"n1","body":{"in_reply_to":242,"type":"broadcast_ok"}}
2025/06/27 20:47:45 Sent {"src":"n2","dest":"n1","body":{"message":92,"msg_id":21,"type":"broadcast"}}
2025/06/27 20:47:45 Received {n1 n2 {"in_reply_to":21,"type":"broadcast_ok"}}
2025/06/27 20:47:45 Received {c11 n2 {"type":"broadcast","message":93,"msg_id":29}}
2025/06/27 20:47:45 Sent {"src":"n2","dest":"c11","body":{"in_reply_to":29,"type":"broadcast_ok"}}
2025/06/27 20:47:45 Sent {"src":"n2","dest":"n1","body":{"message":93,"msg_id":22,"type":"broadcast"}}
2025/06/27 20:47:45 Received {n1 n2 {"in_reply_to":22,"type":"broadcast_ok"}}
2025/06/27 20:47:45 Received {n1 n2 {"message":93,"msg_id":245,"type":"broadcast"}}
2025/06/27 20:47:45 Sent {"src":"n2","dest":"n1","body":{"in_reply_to":245,"type":"broadcast_ok"}}
2025/06/27 20:47:45 Received {n1 n2 {"message":94,"msg_id":249,"type":"broadcast"}}
2025/06/27 20:47:45 Sent {"src":"n2","dest":"n1","body":{"in_reply_to":249,"type":"broadcast_ok"}}
2025/06/27 20:47:45 Sent {"src":"n2","dest":"n1","body":{"message":94,"msg_id":23,"type":"broadcast"}}
2025/06/27 20:47:45 Received {n1 n2 {"in_reply_to":23,"type":"broadcast_ok"}}
2025/06/27 20:47:45 Received {n1 n2 {"message":95,"msg_id":252,"type":"broadcast"}}
2025/06/27 20:47:45 Sent {"src":"n2","dest":"n1","body":{"in_reply_to":252,"type":"broadcast_ok"}}
2025/06/27 20:47:45 Sent {"src":"n2","dest":"n1","body":{"message":95,"msg_id":24,"type":"broadcast"}}
2025/06/27 20:47:45 Received {n1 n2 {"in_reply_to":24,"type":"broadcast_ok"}}
2025/06/27 20:47:45 Received {c11 n2 {"type":"read","msg_id":30}}
2025/06/27 20:47:45 Sent {"src":"n2","dest":"c11","body":{"in_reply_to":30,"messages":[0,9,14,25,31,36,46,54,58,70,73,77,83,85,86,87,88,89,90,91,92,93,94,95],"type":"read_ok"}}
2025/06/27 20:47:45 Received {n1 n2 {"message":96,"msg_id":255,"type":"broadcast"}}
2025/06/27 20:47:45 Sent {"src":"n2","dest":"n1","body":{"in_reply_to":255,"type":"broadcast_ok"}}
2025/06/27 20:47:45 Sent {"src":"n2","dest":"n1","body":{"message":96,"msg_id":25,"type":"broadcast"}}
2025/06/27 20:47:45 Received {n1 n2 {"in_reply_to":25,"type":"broadcast_ok"}}
2025/06/27 20:47:46 Received {n1 n2 {"message":97,"msg_id":257,"type":"broadcast"}}
2025/06/27 20:47:46 Sent {"src":"n2","dest":"n1","body":{"in_reply_to":257,"type":"broadcast_ok"}}
2025/06/27 20:47:46 Sent {"src":"n2","dest":"n1","body":{"message":97,"msg_id":26,"type":"broadcast"}}
2025/06/27 20:47:46 Received {n1 n2 {"in_reply_to":26,"type":"broadcast_ok"}}
2025/06/27 20:47:46 Received {c11 n2 {"type":"broadcast","message":98,"msg_id":31}}
2025/06/27 20:47:46 Sent {"src":"n2","dest":"c11","body":{"in_reply_to":31,"type":"broadcast_ok"}}
2025/06/27 20:47:46 Sent {"src":"n2","dest":"n1","body":{"message":98,"msg_id":27,"type":"broadcast"}}
2025/06/27 20:47:46 Received {n1 n2 {"in_reply_to":27,"type":"broadcast_ok"}}
2025/06/27 20:47:46 Received {n1 n2 {"message":98,"msg_id":261,"type":"broadcast"}}
2025/06/27 20:47:46 Sent {"src":"n2","dest":"n1","body":{"in_reply_to":261,"type":"broadcast_ok"}}
2025/06/27 20:47:46 Received {n1 n2 {"message":99,"msg_id":263,"type":"broadcast"}}
2025/06/27 20:47:46 Sent {"src":"n2","dest":"n1","body":{"in_reply_to":263,"type":"broadcast_ok"}}
2025/06/27 20:47:46 Sent {"src":"n2","dest":"n1","body":{"message":99,"msg_id":28,"type":"broadcast"}}
2025/06/27 20:47:46 Received {n1 n2 {"in_reply_to":28,"type":"broadcast_ok"}}
2025/06/27 20:47:46 Received {n1 n2 {"message":101,"msg_id":266,"type":"broadcast"}}
2025/06/27 20:47:46 Sent {"src":"n2","dest":"n1","body":{"in_reply_to":266,"type":"broadcast_ok"}}
2025/06/27 20:47:46 Sent {"src":"n2","dest":"n1","body":{"message":101,"msg_id":29,"type":"broadcast"}}
2025/06/27 20:47:46 Received {n1 n2 {"in_reply_to":29,"type":"broadcast_ok"}}
2025/06/27 20:47:46 Received {c11 n2 {"type":"read","msg_id":32}}
2025/06/27 20:47:46 Sent {"src":"n2","dest":"c11","body":{"in_reply_to":32,"messages":[0,9,14,25,31,36,46,54,58,70,73,77,83,85,86,87,88,89,90,91,92,93,94,95,96,97,98,99,101],"type":"read_ok"}}
2025/06/27 20:47:47 Received {n1 n2 {"message":102,"msg_id":270,"type":"broadcast"}}
2025/06/27 20:47:47 Sent {"src":"n2","dest":"n1","body":{"in_reply_to":270,"type":"broadcast_ok"}}
2025/06/27 20:47:47 Sent {"src":"n2","dest":"n1","body":{"message":102,"msg_id":30,"type":"broadcast"}}
2025/06/27 20:47:47 Received {n1 n2 {"in_reply_to":30,"type":"broadcast_ok"}}
2025/06/27 20:47:47 Received {n1 n2 {"message":104,"msg_id":272,"type":"broadcast"}}
2025/06/27 20:47:47 Sent {"src":"n2","dest":"n1","body":{"in_reply_to":272,"type":"broadcast_ok"}}
2025/06/27 20:47:47 Sent {"src":"n2","dest":"n1","body":{"message":104,"msg_id":31,"type":"broadcast"}}
2025/06/27 20:47:47 Received {n1 n2 {"in_reply_to":31,"type":"broadcast_ok"}}
2025/06/27 20:47:47 Received {c11 n2 {"type":"broadcast","message":105,"msg_id":33}}
2025/06/27 20:47:47 Sent {"src":"n2","dest":"c11","body":{"in_reply_to":33,"type":"broadcast_ok"}}
2025/06/27 20:47:47 Sent {"src":"n2","dest":"n1","body":{"message":105,"msg_id":32,"type":"broadcast"}}
2025/06/27 20:47:47 Received {n1 n2 {"in_reply_to":32,"type":"broadcast_ok"}}
2025/06/27 20:47:47 Received {n1 n2 {"message":105,"msg_id":276,"type":"broadcast"}}
2025/06/27 20:47:47 Sent {"src":"n2","dest":"n1","body":{"in_reply_to":276,"type":"broadcast_ok"}}
2025/06/27 20:47:47 Received {n1 n2 {"message":106,"msg_id":279,"type":"broadcast"}}
2025/06/27 20:47:47 Sent {"src":"n2","dest":"n1","body":{"in_reply_to":279,"type":"broadcast_ok"}}
2025/06/27 20:47:47 Sent {"src":"n2","dest":"n1","body":{"message":106,"msg_id":33,"type":"broadcast"}}
2025/06/27 20:47:47 Received {n1 n2 {"in_reply_to":33,"type":"broadcast_ok"}}
2025/06/27 20:47:48 Received {n1 n2 {"message":107,"msg_id":280,"type":"broadcast"}}
2025/06/27 20:47:48 Sent {"src":"n2","dest":"n1","body":{"in_reply_to":280,"type":"broadcast_ok"}}
2025/06/27 20:47:48 Sent {"src":"n2","dest":"n1","body":{"message":107,"msg_id":34,"type":"broadcast"}}
2025/06/27 20:47:48 Received {n1 n2 {"in_reply_to":34,"type":"broadcast_ok"}}
2025/06/27 20:47:58 Received {c11 n2 {"type":"read","msg_id":34}}
2025/06/27 20:47:58 Sent {"src":"n2","dest":"c11","body":{"in_reply_to":34,"messages":[0,9,14,25,31,36,46,54,58,70,73,77,83,85,86,87,88,89,90,91,92,93,94,95,96,97,98,99,101,102,104,105,106,107],"type":"read_ok"}}
