2025/06/27 20:47:28 Received {c2 n3 {"type":"init","node_id":"n3","node_ids":["n0","n1","n2","n3","n4"],"msg_id":1}}
2025/06/27 20:47:28 Node n3 initialized
2025/06/27 20:47:28 Sent {"src":"n3","dest":"c2","body":{"in_reply_to":1,"type":"init_ok"}}
2025/06/27 20:47:28 Received {c7 n3 {"type":"topology","topology":{"n0":["n3","n1"],"n1":["n4","n2","n0"],"n2":["n1"],"n3":["n0","n4"],"n4":["n1","n3"]},"msg_id":1}}
2025/06/27 20:47:28 Sent {"src":"n3","dest":"c7","body":{"in_reply_to":1,"type":"topology_ok"}}
2025/06/27 20:47:28 Received {n4 n3 {"message":0,"msg_id":2,"type":"broadcast"}}
2025/06/27 20:47:28 Sent {"src":"n3","dest":"n4","body":{"in_reply_to":2,"type":"broadcast_ok"}}
2025/06/27 20:47:28 Sent {"src":"n3","dest":"n0","body":{"message":0,"msg_id":1,"type":"broadcast"}}
2025/06/27 20:47:28 Sent {"src":"n3","dest":"n4","body":{"message":0,"msg_id":2,"type":"broadcast"}}
2025/06/27 20:47:28 Received {n4 n3 {"in_reply_to":2,"type":"broadcast_ok"}}
2025/06/27 20:47:28 Received {c12 n3 {"type":"broadcast","message":1,"msg_id":1}}
2025/06/27 20:47:28 Sent {"src":"n3","dest":"c12","body":{"in_reply_to":1,"type":"broadcast_ok"}}
2025/06/27 20:47:28 Sent {"src":"n3","dest":"n0","body":{"message":1,"msg_id":3,"type":"broadcast"}}
2025/06/27 20:47:28 Sent {"src":"n3","dest":"n4","body":{"message":1,"msg_id":4,"type":"broadcast"}}
2025/06/27 20:47:28 Received {n4 n3 {"in_reply_to":4,"type":"broadcast_ok"}}
2025/06/27 20:47:28 Received {n4 n3 {"message":1,"msg_id":4,"type":"broadcast"}}
2025/06/27 20:47:28 Sent {"src":"n3","dest":"n4","body":{"in_reply_to":4,"type":"broadcast_ok"}}
2025/06/27 20:47:28 Received {n4 n3 {"message":2,"msg_id":5,"type":"broadcast"}}
2025/06/27 20:47:28 Sent {"src":"n3","dest":"n4","body":{"in_reply_to":5,"type":"broadcast_ok"}}
2025/06/27 20:47:28 Sent {"src":"n3","dest":"n0","body":{"message":2,"msg_id":5,"type":"broadcast"}}
2025/06/27 20:47:28 Sent {"src":"n3","dest":"n4","body":{"message":2,"msg_id":6,"type":"broadcast"}}
2025/06/27 20:47:28 Received {n4 n3 {"in_reply_to":6,"type":"broadcast_ok"}}
2025/06/27 20:47:28 Received {n4 n3 {"message":3,"msg_id":8,"type":"broadcast"}}
2025/06/27 20:47:28 Sent {"src":"n3","dest":"n0","body":{"message":3,"msg_id":7,"type":"broadcast"}}
2025/06/27 20:47:28 Sent {"src":"n3","dest":"n4","body":{"in_reply_to":8,"type":"broadcast_ok"}}
2025/06/27 20:47:28 Sent {"src":"n3","dest":"n4","body":{"message":3,"msg_id":8,"type":"broadcast"}}
2025/06/27 20:47:28 Received {n4 n3 {"in_reply_to":8,"type":"broadcast_ok"}}
2025/06/27 20:47:28 Received {c12 n3 {"type":"broadcast","message":4,"msg_id":2}}
2025/06/27 20:47:28 Sent {"src":"n3","dest":"c12","body":{"in_reply_to":2,"type":"broadcast_ok"}}
2025/06/27 20:47:28 Sent {"src":"n3","dest":"n4","body":{"message":4,"msg_id":9,"type":"broadcast"}}
2025/06/27 20:47:28 Sent {"src":"n3","dest":"n0","body":{"message":4,"msg_id":10,"type":"broadcast"}}
2025/06/27 20:47:28 Received {n4 n3 {"in_reply_to":9,"type":"broadcast_ok"}}
2025/06/27 20:47:28 Received {n4 n3 {"message":4,"msg_id":9,"type":"broadcast"}}
2025/06/27 20:47:28 Sent {"src":"n3","dest":"n4","body":{"in_reply_to":9,"type":"broadcast_ok"}}
2025/06/27 20:47:28 Received {n4 n3 {"message":5,"msg_id":12,"type":"broadcast"}}
2025/06/27 20:47:28 Sent {"src":"n3","dest":"n4","body":{"in_reply_to":12,"type":"broadcast_ok"}}
2025/06/27 20:47:28 Sent {"src":"n3","dest":"n4","body":{"message":5,"msg_id":11,"type":"broadcast"}}
2025/06/27 20:47:28 Sent {"src":"n3","dest":"n0","body":{"message":5,"msg_id":12,"type":"broadcast"}}
2025/06/27 20:47:28 Received {n4 n3 {"in_reply_to":11,"type":"broadcast_ok"}}
2025/06/27 20:47:29 Received {n4 n3 {"message":7,"msg_id":14,"type":"broadcast"}}
2025/06/27 20:47:29 Sent {"src":"n3","dest":"n4","body":{"in_reply_to":14,"type":"broadcast_ok"}}
2025/06/27 20:47:29 Sent {"src":"n3","dest":"n4","body":{"message":7,"msg_id":13,"type":"broadcast"}}
2025/06/27 20:47:29 Sent {"src":"n3","dest":"n0","body":{"message":7,"msg_id":14,"type":"broadcast"}}
2025/06/27 20:47:29 Received {n4 n3 {"message":6,"msg_id":15,"type":"broadcast"}}
2025/06/27 20:47:29 Sent {"src":"n3","dest":"n4","body":{"in_reply_to":15,"type":"broadcast_ok"}}
2025/06/27 20:47:29 Sent {"src":"n3","dest":"n4","body":{"message":6,"msg_id":15,"type":"broadcast"}}
2025/06/27 20:47:29 Sent {"src":"n3","dest":"n0","body":{"message":6,"msg_id":16,"type":"broadcast"}}
2025/06/27 20:47:29 Received {n4 n3 {"in_reply_to":13,"type":"broadcast_ok"}}
2025/06/27 20:47:29 Received {n4 n3 {"in_reply_to":15,"type":"broadcast_ok"}}
2025/06/27 20:47:29 Received {n4 n3 {"message":8,"msg_id":18,"type":"broadcast"}}
2025/06/27 20:47:29 Sent {"src":"n3","dest":"n4","body":{"in_reply_to":18,"type":"broadcast_ok"}}
2025/06/27 20:47:29 Sent {"src":"n3","dest":"n4","body":{"message":8,"msg_id":17,"type":"broadcast"}}
2025/06/27 20:47:29 Sent {"src":"n3","dest":"n0","body":{"message":8,"msg_id":18,"type":"broadcast"}}
2025/06/27 20:47:29 Received {n4 n3 {"in_reply_to":17,"type":"broadcast_ok"}}
2025/06/27 20:47:29 Received {c12 n3 {"type":"broadcast","message":10,"msg_id":3}}
2025/06/27 20:47:29 Sent {"src":"n3","dest":"c12","body":{"in_reply_to":3,"type":"broadcast_ok"}}
2025/06/27 20:47:29 Sent {"src":"n3","dest":"n4","body":{"message":10,"msg_id":20,"type":"broadcast"}}
2025/06/27 20:47:29 Sent {"src":"n3","dest":"n0","body":{"message":10,"msg_id":19,"type":"broadcast"}}
2025/06/27 20:47:29 Received {n4 n3 {"in_reply_to":20,"type":"broadcast_ok"}}
2025/06/27 20:47:29 Received {n4 n3 {"message":10,"msg_id":20,"type":"broadcast"}}
2025/06/27 20:47:29 Sent {"src":"n3","dest":"n4","body":{"in_reply_to":20,"type":"broadcast_ok"}}
2025/06/27 20:47:29 Received {n4 n3 {"message":11,"msg_id":22,"type":"broadcast"}}
2025/06/27 20:47:29 Sent {"src":"n3","dest":"n4","body":{"in_reply_to":22,"type":"broadcast_ok"}}
2025/06/27 20:47:29 Sent {"src":"n3","dest":"n0","body":{"message":11,"msg_id":21,"type":"broadcast"}}
2025/06/27 20:47:29 Sent {"src":"n3","dest":"n4","body":{"message":11,"msg_id":22,"type":"broadcast"}}
2025/06/27 20:47:29 Received {n4 n3 {"in_reply_to":22,"type":"broadcast_ok"}}
2025/06/27 20:47:29 Received {n4 n3 {"message":12,"msg_id":24,"type":"broadcast"}}
2025/06/27 20:47:29 Sent {"src":"n3","dest":"n4","body":{"in_reply_to":24,"type":"broadcast_ok"}}
2025/06/27 20:47:29 Sent {"src":"n3","dest":"n4","body":{"message":12,"msg_id":23,"type":"broadcast"}}
2025/06/27 20:47:29 Sent {"src":"n3","dest":"n0","body":{"message":12,"msg_id":24,"type":"broadcast"}}
2025/06/27 20:47:29 Received {n4 n3 {"in_reply_to":23,"type":"broadcast_ok"}}
2025/06/27 20:47:30 Received {c12 n3 {"type":"broadcast","message":13,"msg_id":4}}
2025/06/27 20:47:30 Sent {"src":"n3","dest":"c12","body":{"in_reply_to":4,"type":"broadcast_ok"}}
2025/06/27 20:47:30 Sent {"src":"n3","dest":"n0","body":{"message":13,"msg_id":25,"type":"broadcast"}}
2025/06/27 20:47:30 Sent {"src":"n3","dest":"n4","body":{"message":13,"msg_id":26,"type":"broadcast"}}
2025/06/27 20:47:30 Received {n4 n3 {"in_reply_to":26,"type":"broadcast_ok"}}
2025/06/27 20:47:30 Received {n4 n3 {"message":13,"msg_id":25,"type":"broadcast"}}
2025/06/27 20:47:30 Sent {"src":"n3","dest":"n4","body":{"in_reply_to":25,"type":"broadcast_ok"}}
2025/06/27 20:47:30 Received {c12 n3 {"type":"broadcast","message":15,"msg_id":5}}
2025/06/27 20:47:30 Sent {"src":"n3","dest":"c12","body":{"in_reply_to":5,"type":"broadcast_ok"}}
2025/06/27 20:47:30 Sent {"src":"n3","dest":"n4","body":{"message":15,"msg_id":28,"type":"broadcast"}}
2025/06/27 20:47:30 Sent {"src":"n3","dest":"n0","body":{"message":15,"msg_id":27,"type":"broadcast"}}
2025/06/27 20:47:30 Received {n4 n3 {"in_reply_to":28,"type":"broadcast_ok"}}
2025/06/27 20:47:30 Received {n4 n3 {"message":15,"msg_id":28,"type":"broadcast"}}
2025/06/27 20:47:30 Sent {"src":"n3","dest":"n4","body":{"in_reply_to":28,"type":"broadcast_ok"}}
2025/06/27 20:47:30 Received {n4 n3 {"message":16,"msg_id":29,"type":"broadcast"}}
2025/06/27 20:47:30 Sent {"src":"n3","dest":"n4","body":{"in_reply_to":29,"type":"broadcast_ok"}}
2025/06/27 20:47:30 Sent {"src":"n3","dest":"n4","body":{"message":16,"msg_id":29,"type":"broadcast"}}
2025/06/27 20:47:30 Sent {"src":"n3","dest":"n0","body":{"message":16,"msg_id":30,"type":"broadcast"}}
2025/06/27 20:47:30 Received {n4 n3 {"in_reply_to":29,"type":"broadcast_ok"}}
2025/06/27 20:47:30 Received {n4 n3 {"message":17,"msg_id":31,"type":"broadcast"}}
2025/06/27 20:47:30 Sent {"src":"n3","dest":"n4","body":{"in_reply_to":31,"type":"broadcast_ok"}}
2025/06/27 20:47:30 Sent {"src":"n3","dest":"n4","body":{"message":17,"msg_id":31,"type":"broadcast"}}
2025/06/27 20:47:30 Sent {"src":"n3","dest":"n0","body":{"message":17,"msg_id":32,"type":"broadcast"}}
2025/06/27 20:47:30 Received {n4 n3 {"in_reply_to":31,"type":"broadcast_ok"}}
2025/06/27 20:47:31 Received {n4 n3 {"message":18,"msg_id":33,"type":"broadcast"}}
2025/06/27 20:47:31 Sent {"src":"n3","dest":"n4","body":{"in_reply_to":33,"type":"broadcast_ok"}}
2025/06/27 20:47:31 Sent {"src":"n3","dest":"n4","body":{"message":18,"msg_id":33,"type":"broadcast"}}
2025/06/27 20:47:31 Sent {"src":"n3","dest":"n0","body":{"message":18,"msg_id":34,"type":"broadcast"}}
2025/06/27 20:47:31 Received {n4 n3 {"in_reply_to":33,"type":"broadcast_ok"}}
2025/06/27 20:47:31 Received {c12 n3 {"type":"broadcast","message":19,"msg_id":6}}
2025/06/27 20:47:31 Sent {"src":"n3","dest":"c12","body":{"in_reply_to":6,"type":"broadcast_ok"}}
2025/06/27 20:47:31 Sent {"src":"n3","dest":"n0","body":{"message":19,"msg_id":35,"type":"broadcast"}}
2025/06/27 20:47:31 Sent {"src":"n3","dest":"n4","body":{"message":19,"msg_id":36,"type":"broadcast"}}
2025/06/27 20:47:31 Received {n4 n3 {"in_reply_to":36,"type":"broadcast_ok"}}
2025/06/27 20:47:31 Received {n4 n3 {"message":19,"msg_id":36,"type":"broadcast"}}
2025/06/27 20:47:31 Sent {"src":"n3","dest":"n4","body":{"in_reply_to":36,"type":"broadcast_ok"}}
2025/06/27 20:47:31 Received {n4 n3 {"message":20,"msg_id":38,"type":"broadcast"}}
2025/06/27 20:47:31 Sent {"src":"n3","dest":"n4","body":{"in_reply_to":38,"type":"broadcast_ok"}}
2025/06/27 20:47:31 Sent {"src":"n3","dest":"n0","body":{"message":20,"msg_id":37,"type":"broadcast"}}
2025/06/27 20:47:31 Sent {"src":"n3","dest":"n4","body":{"message":20,"msg_id":38,"type":"broadcast"}}
2025/06/27 20:47:31 Received {n4 n3 {"in_reply_to":38,"type":"broadcast_ok"}}
2025/06/27 20:47:31 Received {n4 n3 {"message":21,"msg_id":40,"type":"broadcast"}}
2025/06/27 20:47:31 Sent {"src":"n3","dest":"n4","body":{"in_reply_to":40,"type":"broadcast_ok"}}
2025/06/27 20:47:31 Sent {"src":"n3","dest":"n4","body":{"message":21,"msg_id":39,"type":"broadcast"}}
2025/06/27 20:47:31 Sent {"src":"n3","dest":"n0","body":{"message":21,"msg_id":40,"type":"broadcast"}}
2025/06/27 20:47:31 Received {n4 n3 {"in_reply_to":39,"type":"broadcast_ok"}}
2025/06/27 20:47:31 Received {n4 n3 {"message":22,"msg_id":41,"type":"broadcast"}}
2025/06/27 20:47:31 Sent {"src":"n3","dest":"n4","body":{"in_reply_to":41,"type":"broadcast_ok"}}
2025/06/27 20:47:31 Sent {"src":"n3","dest":"n4","body":{"message":22,"msg_id":42,"type":"broadcast"}}
2025/06/27 20:47:31 Sent {"src":"n3","dest":"n0","body":{"message":22,"msg_id":41,"type":"broadcast"}}
2025/06/27 20:47:31 Received {n4 n3 {"in_reply_to":42,"type":"broadcast_ok"}}
2025/06/27 20:47:31 Received {c12 n3 {"type":"broadcast","message":23,"msg_id":7}}
2025/06/27 20:47:31 Sent {"src":"n3","dest":"c12","body":{"in_reply_to":7,"type":"broadcast_ok"}}
2025/06/27 20:47:31 Sent {"src":"n3","dest":"n0","body":{"message":23,"msg_id":43,"type":"broadcast"}}
2025/06/27 20:47:31 Sent {"src":"n3","dest":"n4","body":{"message":23,"msg_id":44,"type":"broadcast"}}
2025/06/27 20:47:31 Received {n4 n3 {"in_reply_to":44,"type":"broadcast_ok"}}
2025/06/27 20:47:31 Received {n4 n3 {"message":23,"msg_id":44,"type":"broadcast"}}
2025/06/27 20:47:31 Sent {"src":"n3","dest":"n4","body":{"in_reply_to":44,"type":"broadcast_ok"}}
2025/06/27 20:47:31 Received {n4 n3 {"message":24,"msg_id":46,"type":"broadcast"}}
2025/06/27 20:47:31 Sent {"src":"n3","dest":"n4","body":{"in_reply_to":46,"type":"broadcast_ok"}}
2025/06/27 20:47:31 Sent {"src":"n3","dest":"n4","body":{"message":24,"msg_id":45,"type":"broadcast"}}
2025/06/27 20:47:31 Sent {"src":"n3","dest":"n0","body":{"message":24,"msg_id":46,"type":"broadcast"}}
2025/06/27 20:47:31 Received {n4 n3 {"in_reply_to":45,"type":"broadcast_ok"}}
2025/06/27 20:47:32 Received {c12 n3 {"type":"broadcast","message":26,"msg_id":8}}
2025/06/27 20:47:32 Sent {"src":"n3","dest":"c12","body":{"in_reply_to":8,"type":"broadcast_ok"}}
2025/06/27 20:47:32 Sent {"src":"n3","dest":"n0","body":{"message":26,"msg_id":47,"type":"broadcast"}}
2025/06/27 20:47:32 Sent {"src":"n3","dest":"n4","body":{"message":26,"msg_id":48,"type":"broadcast"}}
2025/06/27 20:47:32 Received {n4 n3 {"in_reply_to":48,"type":"broadcast_ok"}}
2025/06/27 20:47:32 Received {n4 n3 {"message":26,"msg_id":47,"type":"broadcast"}}
2025/06/27 20:47:32 Sent {"src":"n3","dest":"n4","body":{"in_reply_to":47,"type":"broadcast_ok"}}
2025/06/27 20:47:32 Received {n4 n3 {"message":27,"msg_id":50,"type":"broadcast"}}
2025/06/27 20:47:32 Sent {"src":"n3","dest":"n4","body":{"in_reply_to":50,"type":"broadcast_ok"}}
2025/06/27 20:47:32 Sent {"src":"n3","dest":"n4","body":{"message":27,"msg_id":50,"type":"broadcast"}}
2025/06/27 20:47:32 Sent {"src":"n3","dest":"n0","body":{"message":27,"msg_id":49,"type":"broadcast"}}
2025/06/27 20:47:32 Received {n4 n3 {"in_reply_to":50,"type":"broadcast_ok"}}
2025/06/27 20:47:32 Received {n4 n3 {"message":28,"msg_id":51,"type":"broadcast"}}
2025/06/27 20:47:32 Sent {"src":"n3","dest":"n4","body":{"in_reply_to":51,"type":"broadcast_ok"}}
2025/06/27 20:47:32 Sent {"src":"n3","dest":"n4","body":{"message":28,"msg_id":51,"type":"broadcast"}}
2025/06/27 20:47:32 Sent {"src":"n3","dest":"n0","body":{"message":28,"msg_id":52,"type":"broadcast"}}
2025/06/27 20:47:32 Received {n4 n3 {"in_reply_to":51,"type":"broadcast_ok"}}
2025/06/27 20:47:32 Received {n4 n3 {"message":29,"msg_id":53,"type":"broadcast"}}
2025/06/27 20:47:32 Sent {"src":"n3","dest":"n4","body":{"in_reply_to":53,"type":"broadcast_ok"}}
2025/06/27 20:47:32 Sent {"src":"n3","dest":"n4","body":{"message":29,"msg_id":53,"type":"broadcast"}}
2025/06/27 20:47:32 Sent {"src":"n3","dest":"n0","body":{"message":29,"msg_id":54,"type":"broadcast"}}
2025/06/27 20:47:32 Received {n4 n3 {"in_reply_to":53,"type":"broadcast_ok"}}
2025/06/27 20:47:32 Received {n4 n3 {"message":30,"msg_id":55,"type":"broadcast"}}
2025/06/27 20:47:32 Sent {"src":"n3","dest":"n4","body":{"in_reply_to":55,"type":"broadcast_ok"}}
2025/06/27 20:47:32 Sent {"src":"n3","dest":"n4","body":{"message":30,"msg_id":55,"type":"broadcast"}}
2025/06/27 20:47:32 Sent {"src":"n3","dest":"n0","body":{"message":30,"msg_id":56,"type":"broadcast"}}
2025/06/27 20:47:32 Received {n4 n3 {"in_reply_to":55,"type":"broadcast_ok"}}
2025/06/27 20:47:32 Received {c12 n3 {"type":"read","msg_id":9}}
2025/06/27 20:47:32 Sent {"src":"n3","dest":"c12","body":{"in_reply_to":9,"messages":[0,1,2,3,4,5,7,6,8,10,11,12,13,15,16,17,18,19,20,21,22,23,24,26,27,28,29,30],"type":"read_ok"}}
2025/06/27 20:47:32 Received {n4 n3 {"message":32,"msg_id":58,"type":"broadcast"}}
2025/06/27 20:47:32 Sent {"src":"n3","dest":"n4","body":{"in_reply_to":58,"type":"broadcast_ok"}}
2025/06/27 20:47:32 Sent {"src":"n3","dest":"n0","body":{"message":32,"msg_id":57,"type":"broadcast"}}
2025/06/27 20:47:32 Sent {"src":"n3","dest":"n4","body":{"message":32,"msg_id":58,"type":"broadcast"}}
2025/06/27 20:47:32 Received {n4 n3 {"in_reply_to":58,"type":"broadcast_ok"}}
2025/06/27 20:47:33 Received {n4 n3 {"message":33,"msg_id":60,"type":"broadcast"}}
2025/06/27 20:47:33 Sent {"src":"n3","dest":"n4","body":{"in_reply_to":60,"type":"broadcast_ok"}}
2025/06/27 20:47:33 Sent {"src":"n3","dest":"n4","body":{"message":33,"msg_id":59,"type":"broadcast"}}
2025/06/27 20:47:33 Sent {"src":"n3","dest":"n0","body":{"message":33,"msg_id":60,"type":"broadcast"}}
2025/06/27 20:47:33 Received {n4 n3 {"in_reply_to":59,"type":"broadcast_ok"}}
2025/06/27 20:47:33 Received {c12 n3 {"type":"read","msg_id":10}}
2025/06/27 20:47:33 Sent {"src":"n3","dest":"c12","body":{"in_reply_to":10,"messages":[0,1,2,3,4,5,7,6,8,10,11,12,13,15,16,17,18,19,20,21,22,23,24,26,27,28,29,30,32,33],"type":"read_ok"}}
2025/06/27 20:47:33 Received {n4 n3 {"message":34,"msg_id":62,"type":"broadcast"}}
2025/06/27 20:47:33 Sent {"src":"n3","dest":"n4","body":{"in_reply_to":62,"type":"broadcast_ok"}}
2025/06/27 20:47:33 Sent {"src":"n3","dest":"n4","body":{"message":34,"msg_id":61,"type":"broadcast"}}
2025/06/27 20:47:33 Sent {"src":"n3","dest":"n0","body":{"message":34,"msg_id":62,"type":"broadcast"}}
2025/06/27 20:47:33 Received {n4 n3 {"in_reply_to":61,"type":"broadcast_ok"}}
2025/06/27 20:47:33 Received {n4 n3 {"message":35,"msg_id":63,"type":"broadcast"}}
2025/06/27 20:47:33 Sent {"src":"n3","dest":"n4","body":{"in_reply_to":63,"type":"broadcast_ok"}}
2025/06/27 20:47:33 Sent {"src":"n3","dest":"n0","body":{"message":35,"msg_id":63,"type":"broadcast"}}
2025/06/27 20:47:33 Sent {"src":"n3","dest":"n4","body":{"message":35,"msg_id":64,"type":"broadcast"}}
2025/06/27 20:47:33 Received {n4 n3 {"in_reply_to":64,"type":"broadcast_ok"}}
2025/06/27 20:47:34 Received {c12 n3 {"type":"read","msg_id":11}}
2025/06/27 20:47:34 Sent {"src":"n3","dest":"c12","body":{"in_reply_to":11,"messages":[0,1,2,3,4,5,7,6,8,10,11,12,13,15,16,17,18,19,20,21,22,23,24,26,27,28,29,30,32,33,34,35],"type":"read_ok"}}
2025/06/27 20:47:34 Received {n4 n3 {"message":37,"msg_id":66,"type":"broadcast"}}
2025/06/27 20:47:34 Sent {"src":"n3","dest":"n4","body":{"in_reply_to":66,"type":"broadcast_ok"}}
2025/06/27 20:47:34 Sent {"src":"n3","dest":"n0","body":{"message":37,"msg_id":65,"type":"broadcast"}}
2025/06/27 20:47:34 Sent {"src":"n3","dest":"n4","body":{"message":37,"msg_id":66,"type":"broadcast"}}
2025/06/27 20:47:34 Received {n4 n3 {"in_reply_to":66,"type":"broadcast_ok"}}
2025/06/27 20:47:34 Received {n4 n3 {"message":38,"msg_id":68,"type":"broadcast"}}
2025/06/27 20:47:34 Sent {"src":"n3","dest":"n4","body":{"in_reply_to":68,"type":"broadcast_ok"}}
2025/06/27 20:47:34 Sent {"src":"n3","dest":"n0","body":{"message":38,"msg_id":68,"type":"broadcast"}}
2025/06/27 20:47:34 Sent {"src":"n3","dest":"n4","body":{"message":38,"msg_id":67,"type":"broadcast"}}
2025/06/27 20:47:34 Received {n4 n3 {"in_reply_to":67,"type":"broadcast_ok"}}
2025/06/27 20:47:34 Received {n4 n3 {"message":39,"msg_id":69,"type":"broadcast"}}
2025/06/27 20:47:34 Sent {"src":"n3","dest":"n4","body":{"in_reply_to":69,"type":"broadcast_ok"}}
2025/06/27 20:47:34 Sent {"src":"n3","dest":"n0","body":{"message":39,"msg_id":69,"type":"broadcast"}}
2025/06/27 20:47:34 Sent {"src":"n3","dest":"n4","body":{"message":39,"msg_id":70,"type":"broadcast"}}
2025/06/27 20:47:34 Received {n4 n3 {"in_reply_to":70,"type":"broadcast_ok"}}
2025/06/27 20:47:34 Received {c12 n3 {"type":"broadcast","message":40,"msg_id":12}}
2025/06/27 20:47:34 Sent {"src":"n3","dest":"c12","body":{"in_reply_to":12,"type":"broadcast_ok"}}
2025/06/27 20:47:34 Sent {"src":"n3","dest":"n4","body":{"message":40,"msg_id":72,"type":"broadcast"}}
2025/06/27 20:47:34 Sent {"src":"n3","dest":"n0","body":{"message":40,"msg_id":71,"type":"broadcast"}}
2025/06/27 20:47:34 Received {n4 n3 {"in_reply_to":72,"type":"broadcast_ok"}}
2025/06/27 20:47:34 Received {n4 n3 {"message":40,"msg_id":72,"type":"broadcast"}}
2025/06/27 20:47:34 Sent {"src":"n3","dest":"n4","body":{"in_reply_to":72,"type":"broadcast_ok"}}
2025/06/27 20:47:34 Received {n4 n3 {"message":41,"msg_id":74,"type":"broadcast"}}
2025/06/27 20:47:34 Sent {"src":"n3","dest":"n4","body":{"in_reply_to":74,"type":"broadcast_ok"}}
2025/06/27 20:47:34 Sent {"src":"n3","dest":"n4","body":{"message":41,"msg_id":73,"type":"broadcast"}}
2025/06/27 20:47:34 Sent {"src":"n3","dest":"n0","body":{"message":41,"msg_id":74,"type":"broadcast"}}
2025/06/27 20:47:34 Received {n4 n3 {"in_reply_to":73,"type":"broadcast_ok"}}
2025/06/27 20:47:35 Received {n4 n3 {"message":42,"msg_id":76,"type":"broadcast"}}
2025/06/27 20:47:35 Sent {"src":"n3","dest":"n4","body":{"in_reply_to":76,"type":"broadcast_ok"}}
2025/06/27 20:47:35 Sent {"src":"n3","dest":"n0","body":{"message":42,"msg_id":75,"type":"broadcast"}}
2025/06/27 20:47:35 Sent {"src":"n3","dest":"n4","body":{"message":42,"msg_id":76,"type":"broadcast"}}
2025/06/27 20:47:35 Received {n4 n3 {"in_reply_to":76,"type":"broadcast_ok"}}
2025/06/27 20:47:35 Received {n4 n3 {"message":43,"msg_id":77,"type":"broadcast"}}
2025/06/27 20:47:35 Sent {"src":"n3","dest":"n4","body":{"in_reply_to":77,"type":"broadcast_ok"}}
2025/06/27 20:47:35 Sent {"src":"n3","dest":"n4","body":{"message":43,"msg_id":77,"type":"broadcast"}}
2025/06/27 20:47:35 Sent {"src":"n3","dest":"n0","body":{"message":43,"msg_id":78,"type":"broadcast"}}
2025/06/27 20:47:35 Received {n4 n3 {"in_reply_to":77,"type":"broadcast_ok"}}
2025/06/27 20:47:35 Received {c12 n3 {"type":"read","msg_id":13}}
2025/06/27 20:47:35 Sent {"src":"n3","dest":"c12","body":{"in_reply_to":13,"messages":[0,1,2,3,4,5,7,6,8,10,11,12,13,15,16,17,18,19,20,21,22,23,24,26,27,28,29,30,32,33,34,35,37,38,39,40,41,42,43],"type":"read_ok"}}
2025/06/27 20:47:35 Received {n4 n3 {"message":44,"msg_id":80,"type":"broadcast"}}
2025/06/27 20:47:35 Sent {"src":"n3","dest":"n4","body":{"in_reply_to":80,"type":"broadcast_ok"}}
2025/06/27 20:47:35 Sent {"src":"n3","dest":"n4","body":{"message":44,"msg_id":80,"type":"broadcast"}}
2025/06/27 20:47:35 Sent {"src":"n3","dest":"n0","body":{"message":44,"msg_id":79,"type":"broadcast"}}
2025/06/27 20:47:35 Received {n4 n3 {"in_reply_to":80,"type":"broadcast_ok"}}
2025/06/27 20:47:35 Received {n4 n3 {"message":45,"msg_id":82,"type":"broadcast"}}
2025/06/27 20:47:35 Sent {"src":"n3","dest":"n4","body":{"in_reply_to":82,"type":"broadcast_ok"}}
2025/06/27 20:47:35 Sent {"src":"n3","dest":"n0","body":{"message":45,"msg_id":81,"type":"broadcast"}}
2025/06/27 20:47:35 Sent {"src":"n3","dest":"n4","body":{"message":45,"msg_id":82,"type":"broadcast"}}
2025/06/27 20:47:35 Received {n4 n3 {"in_reply_to":82,"type":"broadcast_ok"}}
2025/06/27 20:47:36 Received {c12 n3 {"type":"read","msg_id":14}}
2025/06/27 20:47:36 Sent {"src":"n3","dest":"c12","body":{"in_reply_to":14,"messages":[0,1,2,3,4,5,7,6,8,10,11,12,13,15,16,17,18,19,20,21,22,23,24,26,27,28,29,30,32,33,34,35,37,38,39,40,41,42,43,44,45],"type":"read_ok"}}
2025/06/27 20:47:36 Received {n4 n3 {"message":47,"msg_id":83,"type":"broadcast"}}
2025/06/27 20:47:36 Sent {"src":"n3","dest":"n4","body":{"in_reply_to":83,"type":"broadcast_ok"}}
2025/06/27 20:47:36 Sent {"src":"n3","dest":"n4","body":{"message":47,"msg_id":83,"type":"broadcast"}}
2025/06/27 20:47:36 Sent {"src":"n3","dest":"n0","body":{"message":47,"msg_id":84,"type":"broadcast"}}
2025/06/27 20:47:36 Received {n4 n3 {"in_reply_to":83,"type":"broadcast_ok"}}
2025/06/27 20:47:36 Received {n4 n3 {"message":48,"msg_id":85,"type":"broadcast"}}
2025/06/27 20:47:36 Sent {"src":"n3","dest":"n4","body":{"in_reply_to":85,"type":"broadcast_ok"}}
2025/06/27 20:47:36 Sent {"src":"n3","dest":"n4","body":{"message":48,"msg_id":85,"type":"broadcast"}}
2025/06/27 20:47:36 Sent {"src":"n3","dest":"n0","body":{"message":48,"msg_id":86,"type":"broadcast"}}
2025/06/27 20:47:36 Received {n4 n3 {"in_reply_to":85,"type":"broadcast_ok"}}
2025/06/27 20:47:36 Received {c12 n3 {"type":"read","msg_id":15}}
2025/06/27 20:47:36 Sent {"src":"n3","dest":"c12","body":{"in_reply_to":15,"messages":[0,1,2,3,4,5,7,6,8,10,11,12,13,15,16,17,18,19,20,21,22,23,24,26,27,28,29,30,32,33,34,35,37,38,39,40,41,42,43,44,45,47,48],"type":"read_ok"}}
2025/06/27 20:47:36 Received {n4 n3 {"message":49,"msg_id":88,"type":"broadcast"}}
2025/06/27 20:47:36 Sent {"src":"n3","dest":"n0","body":{"message":49,"msg_id":87,"type":"broadcast"}}
2025/06/27 20:47:36 Sent {"src":"n3","dest":"n4","body":{"in_reply_to":88,"type":"broadcast_ok"}}
2025/06/27 20:47:36 Sent {"src":"n3","dest":"n4","body":{"message":49,"msg_id":88,"type":"broadcast"}}
2025/06/27 20:47:36 Received {n4 n3 {"in_reply_to":88,"type":"broadcast_ok"}}
2025/06/27 20:47:36 Received {n4 n3 {"message":50,"msg_id":89,"type":"broadcast"}}
2025/06/27 20:47:36 Sent {"src":"n3","dest":"n4","body":{"in_reply_to":89,"type":"broadcast_ok"}}
2025/06/27 20:47:36 Sent {"src":"n3","dest":"n0","body":{"message":50,"msg_id":89,"type":"broadcast"}}
2025/06/27 20:47:36 Sent {"src":"n3","dest":"n4","body":{"message":50,"msg_id":90,"type":"broadcast"}}
2025/06/27 20:47:36 Received {n4 n3 {"in_reply_to":90,"type":"broadcast_ok"}}
2025/06/27 20:47:36 Received {n4 n3 {"message":51,"msg_id":91,"type":"broadcast"}}
2025/06/27 20:47:36 Sent {"src":"n3","dest":"n4","body":{"in_reply_to":91,"type":"broadcast_ok"}}
2025/06/27 20:47:36 Sent {"src":"n3","dest":"n0","body":{"message":51,"msg_id":91,"type":"broadcast"}}
2025/06/27 20:47:36 Sent {"src":"n3","dest":"n4","body":{"message":51,"msg_id":92,"type":"broadcast"}}
2025/06/27 20:47:36 Received {n4 n3 {"in_reply_to":92,"type":"broadcast_ok"}}
2025/06/27 20:47:37 Received {c12 n3 {"type":"read","msg_id":16}}
2025/06/27 20:47:37 Sent {"src":"n3","dest":"c12","body":{"in_reply_to":16,"messages":[0,1,2,3,4,5,7,6,8,10,11,12,13,15,16,17,18,19,20,21,22,23,24,26,27,28,29,30,32,33,34,35,37,38,39,40,41,42,43,44,45,47,48,49,50,51],"type":"read_ok"}}
2025/06/27 20:47:37 Received {n4 n3 {"message":52,"msg_id":93,"type":"broadcast"}}
2025/06/27 20:47:37 Sent {"src":"n3","dest":"n4","body":{"in_reply_to":93,"type":"broadcast_ok"}}
2025/06/27 20:47:37 Sent {"src":"n3","dest":"n0","body":{"message":52,"msg_id":93,"type":"broadcast"}}
2025/06/27 20:47:37 Sent {"src":"n3","dest":"n4","body":{"message":52,"msg_id":94,"type":"broadcast"}}
2025/06/27 20:47:37 Received {n4 n3 {"in_reply_to":94,"type":"broadcast_ok"}}
2025/06/27 20:47:37 Received {n4 n3 {"message":53,"msg_id":95,"type":"broadcast"}}
2025/06/27 20:47:37 Sent {"src":"n3","dest":"n0","body":{"message":53,"msg_id":95,"type":"broadcast"}}
2025/06/27 20:47:37 Sent {"src":"n3","dest":"n4","body":{"in_reply_to":95,"type":"broadcast_ok"}}
2025/06/27 20:47:37 Sent {"src":"n3","dest":"n4","body":{"message":53,"msg_id":96,"type":"broadcast"}}
2025/06/27 20:47:37 Received {n4 n3 {"in_reply_to":96,"type":"broadcast_ok"}}
2025/06/27 20:47:37 Received {c12 n3 {"type":"broadcast","message":55,"msg_id":17}}
2025/06/27 20:47:37 Sent {"src":"n3","dest":"c12","body":{"in_reply_to":17,"type":"broadcast_ok"}}
2025/06/27 20:47:37 Sent {"src":"n3","dest":"n0","body":{"message":55,"msg_id":97,"type":"broadcast"}}
2025/06/27 20:47:37 Sent {"src":"n3","dest":"n4","body":{"message":55,"msg_id":98,"type":"broadcast"}}
2025/06/27 20:47:37 Received {n4 n3 {"in_reply_to":98,"type":"broadcast_ok"}}
2025/06/27 20:47:37 Received {n4 n3 {"message":55,"msg_id":98,"type":"broadcast"}}
2025/06/27 20:47:37 Sent {"src":"n3","dest":"n4","body":{"in_reply_to":98,"type":"broadcast_ok"}}
2025/06/27 20:47:38 Received {n4 n3 {"message":56,"msg_id":99,"type":"broadcast"}}
2025/06/27 20:47:38 Sent {"src":"n3","dest":"n4","body":{"in_reply_to":99,"type":"broadcast_ok"}}
2025/06/27 20:47:38 Sent {"src":"n3","dest":"n0","body":{"message":56,"msg_id":99,"type":"broadcast"}}
2025/06/27 20:47:38 Sent {"src":"n3","dest":"n4","body":{"message":56,"msg_id":100,"type":"broadcast"}}
2025/06/27 20:47:38 Received {n4 n3 {"in_reply_to":100,"type":"broadcast_ok"}}
2025/06/27 20:47:38 Received {n4 n3 {"message":57,"msg_id":101,"type":"broadcast"}}
2025/06/27 20:47:38 Sent {"src":"n3","dest":"n4","body":{"in_reply_to":101,"type":"broadcast_ok"}}
2025/06/27 20:47:38 Sent {"src":"n3","dest":"n0","body":{"message":57,"msg_id":101,"type":"broadcast"}}
2025/06/27 20:47:38 Sent {"src":"n3","dest":"n4","body":{"message":57,"msg_id":102,"type":"broadcast"}}
2025/06/27 20:47:38 Received {n4 n3 {"in_reply_to":102,"type":"broadcast_ok"}}
2025/06/27 20:47:38 Received {c12 n3 {"type":"broadcast","message":59,"msg_id":18}}
2025/06/27 20:47:38 Sent {"src":"n3","dest":"c12","body":{"in_reply_to":18,"type":"broadcast_ok"}}
2025/06/27 20:47:38 Sent {"src":"n3","dest":"n0","body":{"message":59,"msg_id":103,"type":"broadcast"}}
2025/06/27 20:47:38 Sent {"src":"n3","dest":"n4","body":{"message":59,"msg_id":104,"type":"broadcast"}}
2025/06/27 20:47:38 Received {n4 n3 {"in_reply_to":104,"type":"broadcast_ok"}}
2025/06/27 20:47:38 Received {n4 n3 {"message":59,"msg_id":104,"type":"broadcast"}}
2025/06/27 20:47:38 Sent {"src":"n3","dest":"n4","body":{"in_reply_to":104,"type":"broadcast_ok"}}
2025/06/27 20:47:38 Received {n4 n3 {"message":60,"msg_id":105,"type":"broadcast"}}
2025/06/27 20:47:38 Sent {"src":"n3","dest":"n4","body":{"in_reply_to":105,"type":"broadcast_ok"}}
2025/06/27 20:47:38 Sent {"src":"n3","dest":"n0","body":{"message":60,"msg_id":106,"type":"broadcast"}}
2025/06/27 20:47:38 Sent {"src":"n3","dest":"n4","body":{"message":60,"msg_id":105,"type":"broadcast"}}
2025/06/27 20:47:38 Received {n4 n3 {"in_reply_to":105,"type":"broadcast_ok"}}
2025/06/27 20:47:39 Received {n4 n3 {"message":61,"msg_id":108,"type":"broadcast"}}
2025/06/27 20:47:39 Sent {"src":"n3","dest":"n4","body":{"in_reply_to":108,"type":"broadcast_ok"}}
2025/06/27 20:47:39 Sent {"src":"n3","dest":"n0","body":{"message":61,"msg_id":107,"type":"broadcast"}}
2025/06/27 20:47:39 Sent {"src":"n3","dest":"n4","body":{"message":61,"msg_id":108,"type":"broadcast"}}
2025/06/27 20:47:39 Received {n4 n3 {"in_reply_to":108,"type":"broadcast_ok"}}
2025/06/27 20:47:39 Received {c12 n3 {"type":"read","msg_id":19}}
2025/06/27 20:47:39 Sent {"src":"n3","dest":"c12","body":{"in_reply_to":19,"messages":[0,1,2,3,4,5,7,6,8,10,11,12,13,15,16,17,18,19,20,21,22,23,24,26,27,28,29,30,32,33,34,35,37,38,39,40,41,42,43,44,45,47,48,49,50,51,52,53,55,56,57,59,60,61],"type":"read_ok"}}
2025/06/27 20:47:39 Received {n4 n3 {"message":62,"msg_id":110,"type":"broadcast"}}
2025/06/27 20:47:39 Sent {"src":"n3","dest":"n4","body":{"in_reply_to":110,"type":"broadcast_ok"}}
2025/06/27 20:47:39 Sent {"src":"n3","dest":"n0","body":{"message":62,"msg_id":109,"type":"broadcast"}}
2025/06/27 20:47:39 Sent {"src":"n3","dest":"n4","body":{"message":62,"msg_id":110,"type":"broadcast"}}
2025/06/27 20:47:39 Received {n4 n3 {"in_reply_to":110,"type":"broadcast_ok"}}
2025/06/27 20:47:39 Received {n4 n3 {"message":63,"msg_id":111,"type":"broadcast"}}
2025/06/27 20:47:39 Sent {"src":"n3","dest":"n4","body":{"in_reply_to":111,"type":"broadcast_ok"}}
2025/06/27 20:47:39 Sent {"src":"n3","dest":"n4","body":{"message":63,"msg_id":111,"type":"broadcast"}}
2025/06/27 20:47:39 Sent {"src":"n3","dest":"n0","body":{"message":63,"msg_id":112,"type":"broadcast"}}
2025/06/27 20:47:39 Received {n4 n3 {"in_reply_to":111,"type":"broadcast_ok"}}
2025/06/27 20:47:39 Received {c12 n3 {"type":"read","msg_id":20}}
2025/06/27 20:47:39 Sent {"src":"n3","dest":"c12","body":{"in_reply_to":20,"messages":[0,1,2,3,4,5,7,6,8,10,11,12,13,15,16,17,18,19,20,21,22,23,24,26,27,28,29,30,32,33,34,35,37,38,39,40,41,42,43,44,45,47,48,49,50,51,52,53,55,56,57,59,60,61,62,63],"type":"read_ok"}}
2025/06/27 20:47:40 Received {n4 n3 {"message":64,"msg_id":113,"type":"broadcast"}}
2025/06/27 20:47:40 Sent {"src":"n3","dest":"n4","body":{"in_reply_to":113,"type":"broadcast_ok"}}
2025/06/27 20:47:40 Sent {"src":"n3","dest":"n4","body":{"message":64,"msg_id":114,"type":"broadcast"}}
2025/06/27 20:47:40 Sent {"src":"n3","dest":"n0","body":{"message":64,"msg_id":113,"type":"broadcast"}}
2025/06/27 20:47:40 Received {n4 n3 {"in_reply_to":114,"type":"broadcast_ok"}}
2025/06/27 20:47:40 Received {n4 n3 {"message":65,"msg_id":116,"type":"broadcast"}}
2025/06/27 20:47:40 Sent {"src":"n3","dest":"n4","body":{"in_reply_to":116,"type":"broadcast_ok"}}
2025/06/27 20:47:40 Sent {"src":"n3","dest":"n4","body":{"message":65,"msg_id":115,"type":"broadcast"}}
2025/06/27 20:47:40 Sent {"src":"n3","dest":"n0","body":{"message":65,"msg_id":116,"type":"broadcast"}}
2025/06/27 20:47:40 Received {n4 n3 {"in_reply_to":115,"type":"broadcast_ok"}}
2025/06/27 20:47:40 Received {n4 n3 {"message":66,"msg_id":117,"type":"broadcast"}}
2025/06/27 20:47:40 Sent {"src":"n3","dest":"n4","body":{"in_reply_to":117,"type":"broadcast_ok"}}
2025/06/27 20:47:40 Sent {"src":"n3","dest":"n4","body":{"message":66,"msg_id":117,"type":"broadcast"}}
2025/06/27 20:47:40 Sent {"src":"n3","dest":"n0","body":{"message":66,"msg_id":118,"type":"broadcast"}}
2025/06/27 20:47:40 Received {n4 n3 {"in_reply_to":117,"type":"broadcast_ok"}}
2025/06/27 20:47:40 Received {c12 n3 {"type":"broadcast","message":67,"msg_id":21}}
2025/06/27 20:47:40 Sent {"src":"n3","dest":"c12","body":{"in_reply_to":21,"type":"broadcast_ok"}}
2025/06/27 20:47:40 Sent {"src":"n3","dest":"n0","body":{"message":67,"msg_id":119,"type":"broadcast"}}
2025/06/27 20:47:40 Sent {"src":"n3","dest":"n4","body":{"message":67,"msg_id":120,"type":"broadcast"}}
2025/06/27 20:47:40 Received {n4 n3 {"in_reply_to":120,"type":"broadcast_ok"}}
2025/06/27 20:47:40 Received {n4 n3 {"message":67,"msg_id":120,"type":"broadcast"}}
2025/06/27 20:47:40 Sent {"src":"n3","dest":"n4","body":{"in_reply_to":120,"type":"broadcast_ok"}}
2025/06/27 20:47:40 Received {n4 n3 {"message":68,"msg_id":122,"type":"broadcast"}}
2025/06/27 20:47:40 Sent {"src":"n3","dest":"n4","body":{"in_reply_to":122,"type":"broadcast_ok"}}
2025/06/27 20:47:40 Sent {"src":"n3","dest":"n4","body":{"message":68,"msg_id":121,"type":"broadcast"}}
2025/06/27 20:47:40 Sent {"src":"n3","dest":"n0","body":{"message":68,"msg_id":122,"type":"broadcast"}}
2025/06/27 20:47:40 Received {n4 n3 {"in_reply_to":121,"type":"broadcast_ok"}}
2025/06/27 20:47:40 Received {n4 n3 {"message":69,"msg_id":124,"type":"broadcast"}}
2025/06/27 20:47:40 Sent {"src":"n3","dest":"n4","body":{"in_reply_to":124,"type":"broadcast_ok"}}
2025/06/27 20:47:40 Sent {"src":"n3","dest":"n0","body":{"message":69,"msg_id":123,"type":"broadcast"}}
2025/06/27 20:47:40 Sent {"src":"n3","dest":"n4","body":{"message":69,"msg_id":124,"type":"broadcast"}}
2025/06/27 20:47:40 Received {n4 n3 {"in_reply_to":124,"type":"broadcast_ok"}}
2025/06/27 20:47:41 Received {c12 n3 {"type":"read","msg_id":22}}
2025/06/27 20:47:41 Sent {"src":"n3","dest":"c12","body":{"in_reply_to":22,"messages":[0,1,2,3,4,5,7,6,8,10,11,12,13,15,16,17,18,19,20,21,22,23,24,26,27,28,29,30,32,33,34,35,37,38,39,40,41,42,43,44,45,47,48,49,50,51,52,53,55,56,57,59,60,61,62,63,64,65,66,67,68,69],"type":"read_ok"}}
2025/06/27 20:47:41 Received {n4 n3 {"message":71,"msg_id":126,"type":"broadcast"}}
2025/06/27 20:47:41 Sent {"src":"n3","dest":"n4","body":{"in_reply_to":126,"type":"broadcast_ok"}}
2025/06/27 20:47:41 Sent {"src":"n3","dest":"n0","body":{"message":71,"msg_id":125,"type":"broadcast"}}
2025/06/27 20:47:41 Sent {"src":"n3","dest":"n4","body":{"message":71,"msg_id":126,"type":"broadcast"}}
2025/06/27 20:47:41 Received {n4 n3 {"in_reply_to":126,"type":"broadcast_ok"}}
2025/06/27 20:47:41 Received {n4 n3 {"message":72,"msg_id":127,"type":"broadcast"}}
2025/06/27 20:47:41 Sent {"src":"n3","dest":"n4","body":{"in_reply_to":127,"type":"broadcast_ok"}}
2025/06/27 20:47:41 Sent {"src":"n3","dest":"n0","body":{"message":72,"msg_id":127,"type":"broadcast"}}
2025/06/27 20:47:41 Sent {"src":"n3","dest":"n4","body":{"message":72,"msg_id":128,"type":"broadcast"}}
2025/06/27 20:47:41 Received {n4 n3 {"in_reply_to":128,"type":"broadcast_ok"}}
2025/06/27 20:47:42 Received {c12 n3 {"type":"read","msg_id":23}}
2025/06/27 20:47:42 Sent {"src":"n3","dest":"c12","body":{"in_reply_to":23,"messages":[0,1,2,3,4,5,7,6,8,10,11,12,13,15,16,17,18,19,20,21,22,23,24,26,27,28,29,30,32,33,34,35,37,38,39,40,41,42,43,44,45,47,48,49,50,51,52,53,55,56,57,59,60,61,62,63,64,65,66,67,68,69,71,72],"type":"read_ok"}}
2025/06/27 20:47:42 Received {n4 n3 {"message":74,"msg_id":129,"type":"broadcast"}}
2025/06/27 20:47:42 Sent {"src":"n3","dest":"n4","body":{"in_reply_to":129,"type":"broadcast_ok"}}
2025/06/27 20:47:42 Sent {"src":"n3","dest":"n4","body":{"message":74,"msg_id":130,"type":"broadcast"}}
2025/06/27 20:47:42 Sent {"src":"n3","dest":"n0","body":{"message":74,"msg_id":129,"type":"broadcast"}}
2025/06/27 20:47:42 Received {n4 n3 {"in_reply_to":130,"type":"broadcast_ok"}}
2025/06/27 20:47:42 Received {n4 n3 {"message":75,"msg_id":131,"type":"broadcast"}}
2025/06/27 20:47:42 Sent {"src":"n3","dest":"n4","body":{"in_reply_to":131,"type":"broadcast_ok"}}
2025/06/27 20:47:42 Sent {"src":"n3","dest":"n0","body":{"message":75,"msg_id":131,"type":"broadcast"}}
2025/06/27 20:47:42 Sent {"src":"n3","dest":"n4","body":{"message":75,"msg_id":132,"type":"broadcast"}}
2025/06/27 20:47:42 Received {n4 n3 {"in_reply_to":132,"type":"broadcast_ok"}}
2025/06/27 20:47:42 Received {n4 n3 {"message":76,"msg_id":134,"type":"broadcast"}}
2025/06/27 20:47:42 Sent {"src":"n3","dest":"n4","body":{"in_reply_to":134,"type":"broadcast_ok"}}
2025/06/27 20:47:42 Sent {"src":"n3","dest":"n0","body":{"message":76,"msg_id":133,"type":"broadcast"}}
2025/06/27 20:47:42 Sent {"src":"n3","dest":"n4","body":{"message":76,"msg_id":134,"type":"broadcast"}}
2025/06/27 20:47:42 Received {n4 n3 {"in_reply_to":134,"type":"broadcast_ok"}}
2025/06/27 20:47:42 Received {c12 n3 {"type":"broadcast","message":78,"msg_id":24}}
2025/06/27 20:47:42 Sent {"src":"n3","dest":"c12","body":{"in_reply_to":24,"type":"broadcast_ok"}}
2025/06/27 20:47:42 Sent {"src":"n3","dest":"n0","body":{"message":78,"msg_id":135,"type":"broadcast"}}
2025/06/27 20:47:42 Sent {"src":"n3","dest":"n4","body":{"message":78,"msg_id":136,"type":"broadcast"}}
2025/06/27 20:47:42 Received {n4 n3 {"in_reply_to":136,"type":"broadcast_ok"}}
2025/06/27 20:47:42 Received {n4 n3 {"message":78,"msg_id":136,"type":"broadcast"}}
2025/06/27 20:47:42 Sent {"src":"n3","dest":"n4","body":{"in_reply_to":136,"type":"broadcast_ok"}}
2025/06/27 20:47:42 Received {n4 n3 {"message":79,"msg_id":138,"type":"broadcast"}}
2025/06/27 20:47:42 Sent {"src":"n3","dest":"n4","body":{"in_reply_to":138,"type":"broadcast_ok"}}
2025/06/27 20:47:42 Sent {"src":"n3","dest":"n0","body":{"message":79,"msg_id":137,"type":"broadcast"}}
2025/06/27 20:47:42 Sent {"src":"n3","dest":"n4","body":{"message":79,"msg_id":138,"type":"broadcast"}}
2025/06/27 20:47:42 Received {n4 n3 {"in_reply_to":138,"type":"broadcast_ok"}}
2025/06/27 20:47:42 Received {n4 n3 {"message":80,"msg_id":139,"type":"broadcast"}}
2025/06/27 20:47:42 Sent {"src":"n3","dest":"n4","body":{"in_reply_to":139,"type":"broadcast_ok"}}
2025/06/27 20:47:42 Sent {"src":"n3","dest":"n4","body":{"message":80,"msg_id":139,"type":"broadcast"}}
2025/06/27 20:47:42 Sent {"src":"n3","dest":"n0","body":{"message":80,"msg_id":140,"type":"broadcast"}}
2025/06/27 20:47:42 Received {n4 n3 {"in_reply_to":139,"type":"broadcast_ok"}}
2025/06/27 20:47:43 Received {c12 n3 {"type":"read","msg_id":25}}
2025/06/27 20:47:43 Sent {"src":"n3","dest":"c12","body":{"in_reply_to":25,"messages":[0,1,2,3,4,5,7,6,8,10,11,12,13,15,16,17,18,19,20,21,22,23,24,26,27,28,29,30,32,33,34,35,37,38,39,40,41,42,43,44,45,47,48,49,50,51,52,53,55,56,57,59,60,61,62,63,64,65,66,67,68,69,71,72,74,75,76,78,79,80],"type":"read_ok"}}
2025/06/27 20:47:43 Received {n4 n3 {"message":81,"msg_id":142,"type":"broadcast"}}
2025/06/27 20:47:43 Sent {"src":"n3","dest":"n4","body":{"in_reply_to":142,"type":"broadcast_ok"}}
2025/06/27 20:47:43 Sent {"src":"n3","dest":"n4","body":{"message":81,"msg_id":141,"type":"broadcast"}}
2025/06/27 20:47:43 Sent {"src":"n3","dest":"n0","body":{"message":81,"msg_id":142,"type":"broadcast"}}
2025/06/27 20:47:43 Received {n4 n3 {"in_reply_to":141,"type":"broadcast_ok"}}
2025/06/27 20:47:43 Received {n4 n3 {"message":82,"msg_id":144,"type":"broadcast"}}
2025/06/27 20:47:43 Sent {"src":"n3","dest":"n4","body":{"in_reply_to":144,"type":"broadcast_ok"}}
2025/06/27 20:47:43 Sent {"src":"n3","dest":"n4","body":{"message":82,"msg_id":143,"type":"broadcast"}}
2025/06/27 20:47:43 Sent {"src":"n3","dest":"n0","body":{"message":82,"msg_id":144,"type":"broadcast"}}
2025/06/27 20:47:43 Received {n4 n3 {"in_reply_to":143,"type":"broadcast_ok"}}
2025/06/27 20:47:43 Received {c12 n3 {"type":"read","msg_id":26}}
2025/06/27 20:47:43 Sent {"src":"n3","dest":"c12","body":{"in_reply_to":26,"messages":[0,1,2,3,4,5,7,6,8,10,11,12,13,15,16,17,18,19,20,21,22,23,24,26,27,28,29,30,32,33,34,35,37,38,39,40,41,42,43,44,45,47,48,49,50,51,52,53,55,56,57,59,60,61,62,63,64,65,66,67,68,69,71,72,74,75,76,78,79,80,81,82],"type":"read_ok"}}
2025/06/27 20:47:43 Received {n4 n3 {"message":84,"msg_id":146,"type":"broadcast"}}
2025/06/27 20:47:43 Sent {"src":"n3","dest":"n4","body":{"in_reply_to":146,"type":"broadcast_ok"}}
2025/06/27 20:47:43 Sent {"src":"n3","dest":"n0","body":{"message":84,"msg_id":145,"type":"broadcast"}}
2025/06/27 20:47:43 Sent {"src":"n3","dest":"n4","body":{"message":84,"msg_id":146,"type":"broadcast"}}
2025/06/27 20:47:43 Received {n4 n3 {"in_reply_to":146,"type":"broadcast_ok"}}
2025/06/27 20:47:43 Received {n0 n3 {"message":85,"msg_id":147,"type":"broadcast"}}
2025/06/27 20:47:43 Sent {"src":"n3","dest":"n0","body":{"in_reply_to":147,"type":"broadcast_ok"}}
2025/06/27 20:47:43 Sent {"src":"n3","dest":"n4","body":{"message":85,"msg_id":147,"type":"broadcast"}}
2025/06/27 20:47:43 Sent {"src":"n3","dest":"n0","body":{"message":85,"msg_id":148,"type":"broadcast"}}
2025/06/27 20:47:43 Received {n0 n3 {"in_reply_to":148,"type":"broadcast_ok"}}
2025/06/27 20:47:43 Received {n4 n3 {"message":85,"msg_id":147,"type":"broadcast"}}
2025/06/27 20:47:43 Received {n4 n3 {"in_reply_to":147,"type":"broadcast_ok"}}
2025/06/27 20:47:43 Sent {"src":"n3","dest":"n4","body":{"in_reply_to":147,"type":"broadcast_ok"}}
2025/06/27 20:47:43 Received {n4 n3 {"message":86,"msg_id":149,"type":"broadcast"}}
2025/06/27 20:47:43 Received {n0 n3 {"message":86,"msg_id":150,"type":"broadcast"}}
2025/06/27 20:47:43 Sent {"src":"n3","dest":"n4","body":{"in_reply_to":149,"type":"broadcast_ok"}}
2025/06/27 20:47:43 Sent {"src":"n3","dest":"n0","body":{"message":86,"msg_id":149,"type":"broadcast"}}
2025/06/27 20:47:43 Sent {"src":"n3","dest":"n4","body":{"message":86,"msg_id":150,"type":"broadcast"}}
2025/06/27 20:47:43 Sent {"src":"n3","dest":"n0","body":{"in_reply_to":150,"type":"broadcast_ok"}}
2025/06/27 20:47:43 Received {n4 n3 {"in_reply_to":150,"type":"broadcast_ok"}}
2025/06/27 20:47:43 Received {n0 n3 {"in_reply_to":149,"type":"broadcast_ok"}}
2025/06/27 20:47:44 Received {c12 n3 {"type":"read","msg_id":27}}
2025/06/27 20:47:44 Sent {"src":"n3","dest":"c12","body":{"in_reply_to":27,"messages":[0,1,2,3,4,5,7,6,8,10,11,12,13,15,16,17,18,19,20,21,22,23,24,26,27,28,29,30,32,33,34,35,37,38,39,40,41,42,43,44,45,47,48,49,50,51,52,53,55,56,57,59,60,61,62,63,64,65,66,67,68,69,71,72,74,75,76,78,79,80,81,82,84,85,86],"type":"read_ok"}}
2025/06/27 20:47:44 Received {n0 n3 {"message":87,"msg_id":151,"type":"broadcast"}}
2025/06/27 20:47:44 Sent {"src":"n3","dest":"n0","body":{"in_reply_to":151,"type":"broadcast_ok"}}
2025/06/27 20:47:44 Sent {"src":"n3","dest":"n4","body":{"message":87,"msg_id":151,"type":"broadcast"}}
2025/06/27 20:47:44 Sent {"src":"n3","dest":"n0","body":{"message":87,"msg_id":152,"type":"broadcast"}}
2025/06/27 20:47:44 Received {n0 n3 {"in_reply_to":152,"type":"broadcast_ok"}}
2025/06/27 20:47:44 Received {n4 n3 {"in_reply_to":151,"type":"broadcast_ok"}}
2025/06/27 20:47:44 Received {n4 n3 {"message":87,"msg_id":151,"type":"broadcast"}}
2025/06/27 20:47:44 Sent {"src":"n3","dest":"n4","body":{"in_reply_to":151,"type":"broadcast_ok"}}
2025/06/27 20:47:44 Received {n0 n3 {"message":88,"msg_id":153,"type":"broadcast"}}
2025/06/27 20:47:44 Sent {"src":"n3","dest":"n0","body":{"in_reply_to":153,"type":"broadcast_ok"}}
2025/06/27 20:47:44 Sent {"src":"n3","dest":"n0","body":{"message":88,"msg_id":153,"type":"broadcast"}}
2025/06/27 20:47:44 Sent {"src":"n3","dest":"n4","body":{"message":88,"msg_id":154,"type":"broadcast"}}
2025/06/27 20:47:44 Received {n0 n3 {"in_reply_to":153,"type":"broadcast_ok"}}
2025/06/27 20:47:44 Received {n4 n3 {"message":88,"msg_id":153,"type":"broadcast"}}
2025/06/27 20:47:44 Sent {"src":"n3","dest":"n4","body":{"in_reply_to":153,"type":"broadcast_ok"}}
2025/06/27 20:47:44 Received {n4 n3 {"in_reply_to":154,"type":"broadcast_ok"}}
2025/06/27 20:47:44 Received {n0 n3 {"message":89,"msg_id":156,"type":"broadcast"}}
2025/06/27 20:47:44 Received {n4 n3 {"message":89,"msg_id":155,"type":"broadcast"}}
2025/06/27 20:47:44 Sent {"src":"n3","dest":"n0","body":{"in_reply_to":156,"type":"broadcast_ok"}}
2025/06/27 20:47:44 Sent {"src":"n3","dest":"n4","body":{"message":89,"msg_id":156,"type":"broadcast"}}
2025/06/27 20:47:44 Sent {"src":"n3","dest":"n0","body":{"message":89,"msg_id":155,"type":"broadcast"}}
2025/06/27 20:47:44 Sent {"src":"n3","dest":"n4","body":{"in_reply_to":155,"type":"broadcast_ok"}}
2025/06/27 20:47:44 Received {n4 n3 {"in_reply_to":156,"type":"broadcast_ok"}}
2025/06/27 20:47:44 Received {n0 n3 {"in_reply_to":155,"type":"broadcast_ok"}}
2025/06/27 20:47:44 Received {c12 n3 {"type":"read","msg_id":28}}
2025/06/27 20:47:44 Sent {"src":"n3","dest":"c12","body":{"in_reply_to":28,"messages":[0,1,2,3,4,5,7,6,8,10,11,12,13,15,16,17,18,19,20,21,22,23,24,26,27,28,29,30,32,33,34,35,37,38,39,40,41,42,43,44,45,47,48,49,50,51,52,53,55,56,57,59,60,61,62,63,64,65,66,67,68,69,71,72,74,75,76,78,79,80,81,82,84,85,86,87,88,89],"type":"read_ok"}}
2025/06/27 20:47:44 Received {n4 n3 {"message":90,"msg_id":158,"type":"broadcast"}}
2025/06/27 20:47:44 Sent {"src":"n3","dest":"n4","body":{"in_reply_to":158,"type":"broadcast_ok"}}
2025/06/27 20:47:44 Sent {"src":"n3","dest":"n4","body":{"message":90,"msg_id":157,"type":"broadcast"}}
2025/06/27 20:47:44 Sent {"src":"n3","dest":"n0","body":{"message":90,"msg_id":158,"type":"broadcast"}}
2025/06/27 20:47:44 Received {n4 n3 {"in_reply_to":157,"type":"broadcast_ok"}}
2025/06/27 20:47:44 Received {n0 n3 {"message":90,"msg_id":158,"type":"broadcast"}}
2025/06/27 20:47:44 Received {n0 n3 {"in_reply_to":158,"type":"broadcast_ok"}}
2025/06/27 20:47:44 Sent {"src":"n3","dest":"n0","body":{"in_reply_to":158,"type":"broadcast_ok"}}
2025/06/27 20:47:44 Received {n0 n3 {"message":91,"msg_id":159,"type":"broadcast"}}
2025/06/27 20:47:44 Sent {"src":"n3","dest":"n0","body":{"in_reply_to":159,"type":"broadcast_ok"}}
2025/06/27 20:47:44 Sent {"src":"n3","dest":"n0","body":{"message":91,"msg_id":159,"type":"broadcast"}}
2025/06/27 20:47:44 Sent {"src":"n3","dest":"n4","body":{"message":91,"msg_id":160,"type":"broadcast"}}
2025/06/27 20:47:44 Received {n0 n3 {"in_reply_to":159,"type":"broadcast_ok"}}
2025/06/27 20:47:44 Received {n4 n3 {"in_reply_to":160,"type":"broadcast_ok"}}
2025/06/27 20:47:44 Received {n4 n3 {"message":91,"msg_id":160,"type":"broadcast"}}
2025/06/27 20:47:44 Sent {"src":"n3","dest":"n4","body":{"in_reply_to":160,"type":"broadcast_ok"}}
2025/06/27 20:47:45 Received {n0 n3 {"message":92,"msg_id":161,"type":"broadcast"}}
2025/06/27 20:47:45 Sent {"src":"n3","dest":"n4","body":{"message":92,"msg_id":162,"type":"broadcast"}}
2025/06/27 20:47:45 Sent {"src":"n3","dest":"n0","body":{"message":92,"msg_id":161,"type":"broadcast"}}
2025/06/27 20:47:45 Sent {"src":"n3","dest":"n0","body":{"in_reply_to":161,"type":"broadcast_ok"}}
2025/06/27 20:47:45 Received {n0 n3 {"in_reply_to":161,"type":"broadcast_ok"}}
2025/06/27 20:47:45 Received {n4 n3 {"in_reply_to":162,"type":"broadcast_ok"}}
2025/06/27 20:47:45 Received {n4 n3 {"message":92,"msg_id":162,"type":"broadcast"}}
2025/06/27 20:47:45 Sent {"src":"n3","dest":"n4","body":{"in_reply_to":162,"type":"broadcast_ok"}}
2025/06/27 20:47:45 Received {n0 n3 {"message":93,"msg_id":163,"type":"broadcast"}}
2025/06/27 20:47:45 Received {n4 n3 {"message":93,"msg_id":163,"type":"broadcast"}}
2025/06/27 20:47:45 Sent {"src":"n3","dest":"n4","body":{"message":93,"msg_id":164,"type":"broadcast"}}
2025/06/27 20:47:45 Sent {"src":"n3","dest":"n0","body":{"message":93,"msg_id":163,"type":"broadcast"}}
2025/06/27 20:47:45 Sent {"src":"n3","dest":"n0","body":{"in_reply_to":163,"type":"broadcast_ok"}}
2025/06/27 20:47:45 Sent {"src":"n3","dest":"n4","body":{"in_reply_to":163,"type":"broadcast_ok"}}
2025/06/27 20:47:45 Received {n4 n3 {"in_reply_to":164,"type":"broadcast_ok"}}
2025/06/27 20:47:45 Received {n0 n3 {"in_reply_to":163,"type":"broadcast_ok"}}
2025/06/27 20:47:45 Received {c12 n3 {"type":"read","msg_id":29}}
2025/06/27 20:47:45 Sent {"src":"n3","dest":"c12","body":{"in_reply_to":29,"messages":[0,1,2,3,4,5,7,6,8,10,11,12,13,15,16,17,18,19,20,21,22,23,24,26,27,28,29,30,32,33,34,35,37,38,39,40,41,42,43,44,45,47,48,49,50,51,52,53,55,56,57,59,60,61,62,63,64,65,66,67,68,69,71,72,74,75,76,78,79,80,81,82,84,85,86,87,88,89,90,91,92,93],"type":"read_ok"}}
2025/06/27 20:47:45 Received {n4 n3 {"message":94,"msg_id":166,"type":"broadcast"}}
2025/06/27 20:47:45 Sent {"src":"n3","dest":"n4","body":{"in_reply_to":166,"type":"broadcast_ok"}}
2025/06/27 20:47:45 Sent {"src":"n3","dest":"n4","body":{"message":94,"msg_id":165,"type":"broadcast"}}
2025/06/27 20:47:45 Sent {"src":"n3","dest":"n0","body":{"message":94,"msg_id":166,"type":"broadcast"}}
2025/06/27 20:47:45 Received {n4 n3 {"in_reply_to":165,"type":"broadcast_ok"}}
2025/06/27 20:47:45 Received {n0 n3 {"in_reply_to":166,"type":"broadcast_ok"}}
2025/06/27 20:47:45 Received {n0 n3 {"message":94,"msg_id":166,"type":"broadcast"}}
2025/06/27 20:47:45 Sent {"src":"n3","dest":"n0","body":{"in_reply_to":166,"type":"broadcast_ok"}}
2025/06/27 20:47:45 Received {n0 n3 {"message":95,"msg_id":167,"type":"broadcast"}}
2025/06/27 20:47:45 Received {n4 n3 {"message":95,"msg_id":168,"type":"broadcast"}}
2025/06/27 20:47:45 Sent {"src":"n3","dest":"n0","body":{"in_reply_to":167,"type":"broadcast_ok"}}
2025/06/27 20:47:45 Sent {"src":"n3","dest":"n4","body":{"message":95,"msg_id":167,"type":"broadcast"}}
2025/06/27 20:47:45 Sent {"src":"n3","dest":"n0","body":{"message":95,"msg_id":168,"type":"broadcast"}}
2025/06/27 20:47:45 Sent {"src":"n3","dest":"n4","body":{"in_reply_to":168,"type":"broadcast_ok"}}
2025/06/27 20:47:45 Received {n0 n3 {"in_reply_to":168,"type":"broadcast_ok"}}
2025/06/27 20:47:45 Received {n4 n3 {"in_reply_to":167,"type":"broadcast_ok"}}
2025/06/27 20:47:45 Received {c12 n3 {"type":"broadcast","message":96,"msg_id":30}}
2025/06/27 20:47:45 Sent {"src":"n3","dest":"c12","body":{"in_reply_to":30,"type":"broadcast_ok"}}
2025/06/27 20:47:45 Sent {"src":"n3","dest":"n4","body":{"message":96,"msg_id":170,"type":"broadcast"}}
2025/06/27 20:47:45 Sent {"src":"n3","dest":"n0","body":{"message":96,"msg_id":169,"type":"broadcast"}}
2025/06/27 20:47:45 Received {n4 n3 {"in_reply_to":170,"type":"broadcast_ok"}}
2025/06/27 20:47:45 Received {n0 n3 {"in_reply_to":169,"type":"broadcast_ok"}}
2025/06/27 20:47:45 Received {n4 n3 {"message":96,"msg_id":170,"type":"broadcast"}}
2025/06/27 20:47:45 Received {n0 n3 {"message":96,"msg_id":169,"type":"broadcast"}}
2025/06/27 20:47:45 Sent {"src":"n3","dest":"n4","body":{"in_reply_to":170,"type":"broadcast_ok"}}
2025/06/27 20:47:45 Sent {"src":"n3","dest":"n0","body":{"in_reply_to":169,"type":"broadcast_ok"}}
2025/06/27 20:47:46 Received {n4 n3 {"message":97,"msg_id":171,"type":"broadcast"}}
2025/06/27 20:47:46 Sent {"src":"n3","dest":"n4","body":{"in_reply_to":171,"type":"broadcast_ok"}}
2025/06/27 20:47:46 Sent {"src":"n3","dest":"n4","body":{"message":97,"msg_id":171,"type":"broadcast"}}
2025/06/27 20:47:46 Sent {"src":"n3","dest":"n0","body":{"message":97,"msg_id":172,"type":"broadcast"}}
2025/06/27 20:47:46 Received {n0 n3 {"message":97,"msg_id":172,"type":"broadcast"}}
2025/06/27 20:47:46 Sent {"src":"n3","dest":"n0","body":{"in_reply_to":172,"type":"broadcast_ok"}}
2025/06/27 20:47:46 Received {n4 n3 {"in_reply_to":171,"type":"broadcast_ok"}}
2025/06/27 20:47:46 Received {n0 n3 {"in_reply_to":172,"type":"broadcast_ok"}}
2025/06/27 20:47:46 Received {n0 n3 {"message":98,"msg_id":173,"type":"broadcast"}}
2025/06/27 20:47:46 Received {n4 n3 {"message":98,"msg_id":173,"type":"broadcast"}}
2025/06/27 20:47:46 Sent {"src":"n3","dest":"n0","body":{"in_reply_to":173,"type":"broadcast_ok"}}
2025/06/27 20:47:46 Sent {"src":"n3","dest":"n0","body":{"message":98,"msg_id":173,"type":"broadcast"}}
2025/06/27 20:47:46 Sent {"src":"n3","dest":"n4","body":{"message":98,"msg_id":174,"type":"broadcast"}}
2025/06/27 20:47:46 Sent {"src":"n3","dest":"n4","body":{"in_reply_to":173,"type":"broadcast_ok"}}
2025/06/27 20:47:46 Received {n0 n3 {"in_reply_to":173,"type":"broadcast_ok"}}
2025/06/27 20:47:46 Received {n4 n3 {"in_reply_to":174,"type":"broadcast_ok"}}
2025/06/27 20:47:46 Received {n4 n3 {"message":99,"msg_id":176,"type":"broadcast"}}
2025/06/27 20:47:46 Sent {"src":"n3","dest":"n4","body":{"in_reply_to":176,"type":"broadcast_ok"}}
2025/06/27 20:47:46 Sent {"src":"n3","dest":"n4","body":{"message":99,"msg_id":175,"type":"broadcast"}}
2025/06/27 20:47:46 Sent {"src":"n3","dest":"n0","body":{"message":99,"msg_id":176,"type":"broadcast"}}
2025/06/27 20:47:46 Received {n4 n3 {"in_reply_to":175,"type":"broadcast_ok"}}
2025/06/27 20:47:46 Received {n0 n3 {"in_reply_to":176,"type":"broadcast_ok"}}
2025/06/27 20:47:46 Received {n0 n3 {"message":99,"msg_id":175,"type":"broadcast"}}
2025/06/27 20:47:46 Sent {"src":"n3","dest":"n0","body":{"in_reply_to":175,"type":"broadcast_ok"}}
2025/06/27 20:47:46 Received {n4 n3 {"message":101,"msg_id":178,"type":"broadcast"}}
2025/06/27 20:47:46 Sent {"src":"n3","dest":"n4","body":{"in_reply_to":178,"type":"broadcast_ok"}}
2025/06/27 20:47:46 Sent {"src":"n3","dest":"n4","body":{"message":101,"msg_id":177,"type":"broadcast"}}
2025/06/27 20:47:46 Sent {"src":"n3","dest":"n0","body":{"message":101,"msg_id":178,"type":"broadcast"}}
2025/06/27 20:47:46 Received {n4 n3 {"in_reply_to":177,"type":"broadcast_ok"}}
2025/06/27 20:47:47 Received {c12 n3 {"type":"read","msg_id":31}}
2025/06/27 20:47:47 Sent {"src":"n3","dest":"c12","body":{"in_reply_to":31,"messages":[0,1,2,3,4,5,7,6,8,10,11,12,13,15,16,17,18,19,20,21,22,23,24,26,27,28,29,30,32,33,34,35,37,38,39,40,41,42,43,44,45,47,48,49,50,51,52,53,55,56,57,59,60,61,62,63,64,65,66,67,68,69,71,72,74,75,76,78,79,80,81,82,84,85,86,87,88,89,90,91,92,93,94,95,96,97,98,99,101],"type":"read_ok"}}
2025/06/27 20:47:47 Received {n4 n3 {"message":102,"msg_id":179,"type":"broadcast"}}
2025/06/27 20:47:47 Sent {"src":"n3","dest":"n4","body":{"in_reply_to":179,"type":"broadcast_ok"}}
2025/06/27 20:47:47 Sent {"src":"n3","dest":"n4","body":{"message":102,"msg_id":179,"type":"broadcast"}}
2025/06/27 20:47:47 Sent {"src":"n3","dest":"n0","body":{"message":102,"msg_id":180,"type":"broadcast"}}
2025/06/27 20:47:47 Received {n4 n3 {"in_reply_to":179,"type":"broadcast_ok"}}
2025/06/27 20:47:47 Received {n4 n3 {"message":104,"msg_id":181,"type":"broadcast"}}
2025/06/27 20:47:47 Sent {"src":"n3","dest":"n4","body":{"in_reply_to":181,"type":"broadcast_ok"}}
2025/06/27 20:47:47 Sent {"src":"n3","dest":"n4","body":{"message":104,"msg_id":181,"type":"broadcast"}}
2025/06/27 20:47:47 Sent {"src":"n3","dest":"n0","body":{"message":104,"msg_id":182,"type":"broadcast"}}
2025/06/27 20:47:47 Received {n4 n3 {"in_reply_to":181,"type":"broadcast_ok"}}
2025/06/27 20:47:47 Received {n4 n3 {"message":105,"msg_id":184,"type":"broadcast"}}
2025/06/27 20:47:47 Sent {"src":"n3","dest":"n4","body":{"in_reply_to":184,"type":"broadcast_ok"}}
2025/06/27 20:47:47 Sent {"src":"n3","dest":"n4","body":{"message":105,"msg_id":183,"type":"broadcast"}}
2025/06/27 20:47:47 Sent {"src":"n3","dest":"n0","body":{"message":105,"msg_id":184,"type":"broadcast"}}
2025/06/27 20:47:47 Received {n4 n3 {"in_reply_to":183,"type":"broadcast_ok"}}
2025/06/27 20:47:47 Received {c12 n3 {"type":"broadcast","message":106,"msg_id":32}}
2025/06/27 20:47:47 Sent {"src":"n3","dest":"c12","body":{"in_reply_to":32,"type":"broadcast_ok"}}
2025/06/27 20:47:47 Sent {"src":"n3","dest":"n0","body":{"message":106,"msg_id":185,"type":"broadcast"}}
2025/06/27 20:47:47 Sent {"src":"n3","dest":"n4","body":{"message":106,"msg_id":186,"type":"broadcast"}}
2025/06/27 20:47:47 Received {n4 n3 {"in_reply_to":186,"type":"broadcast_ok"}}
2025/06/27 20:47:47 Received {n4 n3 {"message":106,"msg_id":186,"type":"broadcast"}}
2025/06/27 20:47:47 Sent {"src":"n3","dest":"n4","body":{"in_reply_to":186,"type":"broadcast_ok"}}
2025/06/27 20:47:48 Received {n4 n3 {"message":107,"msg_id":187,"type":"broadcast"}}
2025/06/27 20:47:48 Sent {"src":"n3","dest":"n4","body":{"in_reply_to":187,"type":"broadcast_ok"}}
2025/06/27 20:47:48 Sent {"src":"n3","dest":"n4","body":{"message":107,"msg_id":187,"type":"broadcast"}}
2025/06/27 20:47:48 Sent {"src":"n3","dest":"n0","body":{"message":107,"msg_id":188,"type":"broadcast"}}
2025/06/27 20:47:48 Received {n4 n3 {"in_reply_to":187,"type":"broadcast_ok"}}
2025/06/27 20:47:48 Received {n0 n3 {"in_reply_to":188,"type":"broadcast_ok"}}
2025/06/27 20:47:48 Received {n0 n3 {"message":107,"msg_id":182,"type":"broadcast"}}
2025/06/27 20:47:48 Sent {"src":"n3","dest":"n0","body":{"in_reply_to":182,"type":"broadcast_ok"}}
2025/06/27 20:47:58 Received {c12 n3 {"type":"read","msg_id":33}}
2025/06/27 20:47:58 Sent {"src":"n3","dest":"c12","body":{"in_reply_to":33,"messages":[0,1,2,3,4,5,7,6,8,10,11,12,13,15,16,17,18,19,20,21,22,23,24,26,27,28,29,30,32,33,34,35,37,38,39,40,41,42,43,44,45,47,48,49,50,51,52,53,55,56,57,59,60,61,62,63,64,65,66,67,68,69,71,72,74,75,76,78,79,80,81,82,84,85,86,87,88,89,90,91,92,93,94,95,96,97,98,99,101,102,104,105,106,107],"type":"read_ok"}}
