2025/06/27 00:53:39 Received {c3 n4 {"type":"init","node_id":"n4","node_ids":["n0","n1","n2","n3","n4"],"msg_id":1}}
2025/06/27 00:53:39 Node n4 initialized
2025/06/27 00:53:39 Sent {"src":"n4","dest":"c3","body":{"in_reply_to":1,"type":"init_ok"}}
2025/06/27 00:53:39 Received {c9 n4 {"type":"topology","topology":{"n0":["n3","n1"],"n1":["n4","n2","n0"],"n2":["n1"],"n3":["n0","n4"],"n4":["n1","n3"]},"msg_id":1}}
2025/06/27 00:53:39 Sent {"src":"n4","dest":"c9","body":{"in_reply_to":1,"type":"topology_ok"}}
2025/06/27 00:53:39 Received {n3 n4 {"message":1,"type":"broadcast"}}
2025/06/27 00:53:39 Sent {"src":"n4","dest":"n1","body":{"message":1,"type":"broadcast"}}
2025/06/27 00:53:39 Received {c13 n4 {"type":"broadcast","message":2,"msg_id":1}}
2025/06/27 00:53:39 Sent {"src":"n4","dest":"n1","body":{"message":2,"type":"broadcast"}}
2025/06/27 00:53:39 Sent {"src":"n4","dest":"n3","body":{"message":2,"type":"broadcast"}}
2025/06/27 00:53:39 Sent {"src":"n4","dest":"c13","body":{"in_reply_to":1,"type":"broadcast_ok"}}
2025/06/27 00:53:40 Received {n3 n4 {"message":5,"type":"broadcast"}}
2025/06/27 00:53:40 Sent {"src":"n4","dest":"n1","body":{"message":5,"type":"broadcast"}}
2025/06/27 00:53:40 Received {c13 n4 {"type":"broadcast","message":6,"msg_id":2}}
2025/06/27 00:53:40 Sent {"src":"n4","dest":"n1","body":{"message":6,"type":"broadcast"}}
2025/06/27 00:53:40 Sent {"src":"n4","dest":"n3","body":{"message":6,"type":"broadcast"}}
2025/06/27 00:53:40 Sent {"src":"n4","dest":"c13","body":{"in_reply_to":2,"type":"broadcast_ok"}}
2025/06/27 00:53:40 Received {n3 n4 {"message":8,"type":"broadcast"}}
2025/06/27 00:53:40 Sent {"src":"n4","dest":"n1","body":{"message":8,"type":"broadcast"}}
2025/06/27 00:53:40 Received {c13 n4 {"type":"broadcast","message":9,"msg_id":3}}
2025/06/27 00:53:40 Sent {"src":"n4","dest":"n1","body":{"message":9,"type":"broadcast"}}
2025/06/27 00:53:40 Sent {"src":"n4","dest":"n3","body":{"message":9,"type":"broadcast"}}
2025/06/27 00:53:40 Sent {"src":"n4","dest":"c13","body":{"in_reply_to":3,"type":"broadcast_ok"}}
2025/06/27 00:53:41 Received {c13 n4 {"type":"broadcast","message":12,"msg_id":4}}
2025/06/27 00:53:41 Sent {"src":"n4","dest":"n1","body":{"message":12,"type":"broadcast"}}
2025/06/27 00:53:41 Sent {"src":"n4","dest":"n3","body":{"message":12,"type":"broadcast"}}
2025/06/27 00:53:41 Sent {"src":"n4","dest":"c13","body":{"in_reply_to":4,"type":"broadcast_ok"}}
2025/06/27 00:53:42 Received {c13 n4 {"type":"broadcast","message":14,"msg_id":5}}
2025/06/27 00:53:42 Sent {"src":"n4","dest":"n1","body":{"message":14,"type":"broadcast"}}
2025/06/27 00:53:42 Sent {"src":"n4","dest":"n3","body":{"message":14,"type":"broadcast"}}
2025/06/27 00:53:42 Sent {"src":"n4","dest":"c13","body":{"in_reply_to":5,"type":"broadcast_ok"}}
2025/06/27 00:53:42 Received {c13 n4 {"type":"broadcast","message":17,"msg_id":6}}
2025/06/27 00:53:42 Sent {"src":"n4","dest":"n1","body":{"message":17,"type":"broadcast"}}
2025/06/27 00:53:42 Sent {"src":"n4","dest":"n3","body":{"message":17,"type":"broadcast"}}
2025/06/27 00:53:42 Sent {"src":"n4","dest":"c13","body":{"in_reply_to":6,"type":"broadcast_ok"}}
2025/06/27 00:53:43 Received {c13 n4 {"type":"read","msg_id":7}}
2025/06/27 00:53:43 Sent {"src":"n4","dest":"c13","body":{"in_reply_to":7,"messages":[1,2,5,6,8,9,12,14,17],"type":"read_ok"}}
2025/06/27 00:53:44 Received {c13 n4 {"type":"read","msg_id":8}}
2025/06/27 00:53:44 Sent {"src":"n4","dest":"c13","body":{"in_reply_to":8,"messages":[1,2,5,6,8,9,12,14,17],"type":"read_ok"}}
2025/06/27 00:53:44 Received {c13 n4 {"type":"broadcast","message":25,"msg_id":9}}
2025/06/27 00:53:44 Sent {"src":"n4","dest":"n1","body":{"message":25,"type":"broadcast"}}
2025/06/27 00:53:44 Sent {"src":"n4","dest":"n3","body":{"message":25,"type":"broadcast"}}
2025/06/27 00:53:44 Sent {"src":"n4","dest":"c13","body":{"in_reply_to":9,"type":"broadcast_ok"}}
2025/06/27 00:53:45 Received {n3 n4 {"message":28,"type":"broadcast"}}
2025/06/27 00:53:45 Sent {"src":"n4","dest":"n1","body":{"message":28,"type":"broadcast"}}
2025/06/27 00:53:45 Received {c13 n4 {"type":"read","msg_id":10}}
2025/06/27 00:53:45 Sent {"src":"n4","dest":"c13","body":{"in_reply_to":10,"messages":[1,2,5,6,8,9,12,14,17,25,28],"type":"read_ok"}}
2025/06/27 00:53:45 Received {n3 n4 {"message":30,"type":"broadcast"}}
2025/06/27 00:53:45 Sent {"src":"n4","dest":"n1","body":{"message":30,"type":"broadcast"}}
2025/06/27 00:53:46 Received {c13 n4 {"type":"broadcast","message":31,"msg_id":11}}
2025/06/27 00:53:46 Sent {"src":"n4","dest":"n1","body":{"message":31,"type":"broadcast"}}
2025/06/27 00:53:46 Sent {"src":"n4","dest":"n3","body":{"message":31,"type":"broadcast"}}
2025/06/27 00:53:46 Sent {"src":"n4","dest":"c13","body":{"in_reply_to":11,"type":"broadcast_ok"}}
2025/06/27 00:53:46 Received {n1 n4 {"message":32,"type":"broadcast"}}
2025/06/27 00:53:46 Sent {"src":"n4","dest":"n3","body":{"message":32,"type":"broadcast"}}
2025/06/27 00:53:46 Received {n3 n4 {"message":33,"type":"broadcast"}}
2025/06/27 00:53:46 Sent {"src":"n4","dest":"n1","body":{"message":33,"type":"broadcast"}}
2025/06/27 00:53:46 Received {n1 n4 {"message":33,"type":"broadcast"}}
2025/06/27 00:53:46 Received {c13 n4 {"type":"broadcast","message":34,"msg_id":12}}
2025/06/27 00:53:46 Sent {"src":"n4","dest":"n1","body":{"message":34,"type":"broadcast"}}
2025/06/27 00:53:46 Sent {"src":"n4","dest":"n3","body":{"message":34,"type":"broadcast"}}
2025/06/27 00:53:46 Sent {"src":"n4","dest":"c13","body":{"in_reply_to":12,"type":"broadcast_ok"}}
2025/06/27 00:53:46 Received {n3 n4 {"message":35,"type":"broadcast"}}
2025/06/27 00:53:46 Received {n1 n4 {"message":35,"type":"broadcast"}}
2025/06/27 00:53:46 Sent {"src":"n4","dest":"n1","body":{"message":35,"type":"broadcast"}}
2025/06/27 00:53:46 Received {n3 n4 {"message":36,"type":"broadcast"}}
2025/06/27 00:53:46 Received {n1 n4 {"message":36,"type":"broadcast"}}
2025/06/27 00:53:46 Sent {"src":"n4","dest":"n3","body":{"message":36,"type":"broadcast"}}
2025/06/27 00:53:46 Sent {"src":"n4","dest":"n1","body":{"message":36,"type":"broadcast"}}
2025/06/27 00:53:47 Received {c13 n4 {"type":"broadcast","message":37,"msg_id":13}}
2025/06/27 00:53:47 Sent {"src":"n4","dest":"n1","body":{"message":37,"type":"broadcast"}}
2025/06/27 00:53:47 Sent {"src":"n4","dest":"n3","body":{"message":37,"type":"broadcast"}}
2025/06/27 00:53:47 Sent {"src":"n4","dest":"c13","body":{"in_reply_to":13,"type":"broadcast_ok"}}
2025/06/27 00:53:47 Received {n3 n4 {"message":38,"type":"broadcast"}}
2025/06/27 00:53:47 Sent {"src":"n4","dest":"n1","body":{"message":38,"type":"broadcast"}}
2025/06/27 00:53:47 Received {n1 n4 {"message":38,"type":"broadcast"}}
2025/06/27 00:53:47 Received {n3 n4 {"message":39,"type":"broadcast"}}
2025/06/27 00:53:47 Sent {"src":"n4","dest":"n1","body":{"message":39,"type":"broadcast"}}
2025/06/27 00:53:47 Received {n1 n4 {"message":39,"type":"broadcast"}}
2025/06/27 00:53:47 Received {n1 n4 {"message":40,"type":"broadcast"}}
2025/06/27 00:53:47 Sent {"src":"n4","dest":"n3","body":{"message":40,"type":"broadcast"}}
2025/06/27 00:53:47 Received {n3 n4 {"message":41,"type":"broadcast"}}
2025/06/27 00:53:47 Sent {"src":"n4","dest":"n1","body":{"message":41,"type":"broadcast"}}
2025/06/27 00:53:47 Received {c13 n4 {"type":"read","msg_id":14}}
2025/06/27 00:53:47 Sent {"src":"n4","dest":"c13","body":{"in_reply_to":14,"messages":[1,2,5,6,8,9,12,14,17,25,28,30,31,32,33,34,35,36,36,37,38,39,40,41],"type":"read_ok"}}
2025/06/27 00:53:47 Received {n3 n4 {"message":42,"type":"broadcast"}}
2025/06/27 00:53:47 Received {n1 n4 {"message":42,"type":"broadcast"}}
2025/06/27 00:53:47 Sent {"src":"n4","dest":"n1","body":{"message":42,"type":"broadcast"}}
2025/06/27 00:53:47 Sent {"src":"n4","dest":"n3","body":{"message":42,"type":"broadcast"}}
2025/06/27 00:53:47 Received {n3 n4 {"message":43,"type":"broadcast"}}
2025/06/27 00:53:47 Sent {"src":"n4","dest":"n1","body":{"message":43,"type":"broadcast"}}
2025/06/27 00:53:47 Received {n1 n4 {"message":43,"type":"broadcast"}}
2025/06/27 00:53:48 Received {n1 n4 {"message":44,"type":"broadcast"}}
2025/06/27 00:53:48 Sent {"src":"n4","dest":"n3","body":{"message":44,"type":"broadcast"}}
2025/06/27 00:53:48 Received {n3 n4 {"message":45,"type":"broadcast"}}
2025/06/27 00:53:48 Sent {"src":"n4","dest":"n1","body":{"message":45,"type":"broadcast"}}
2025/06/27 00:53:48 Received {n1 n4 {"message":45,"type":"broadcast"}}
2025/06/27 00:53:48 Received {c13 n4 {"type":"broadcast","message":46,"msg_id":15}}
2025/06/27 00:53:48 Sent {"src":"n4","dest":"n1","body":{"message":46,"type":"broadcast"}}
2025/06/27 00:53:48 Sent {"src":"n4","dest":"n3","body":{"message":46,"type":"broadcast"}}
2025/06/27 00:53:48 Sent {"src":"n4","dest":"c13","body":{"in_reply_to":15,"type":"broadcast_ok"}}
2025/06/27 00:53:48 Received {n3 n4 {"message":47,"type":"broadcast"}}
2025/06/27 00:53:48 Received {n1 n4 {"message":47,"type":"broadcast"}}
2025/06/27 00:53:48 Sent {"src":"n4","dest":"n1","body":{"message":47,"type":"broadcast"}}
2025/06/27 00:53:48 Received {n1 n4 {"message":48,"type":"broadcast"}}
2025/06/27 00:53:48 Sent {"src":"n4","dest":"n3","body":{"message":48,"type":"broadcast"}}
2025/06/27 00:53:48 Received {n3 n4 {"message":48,"type":"broadcast"}}
2025/06/27 00:53:48 Received {c13 n4 {"type":"read","msg_id":16}}
2025/06/27 00:53:48 Sent {"src":"n4","dest":"c13","body":{"in_reply_to":16,"messages":[1,2,5,6,8,9,12,14,17,25,28,30,31,32,33,34,35,36,36,37,38,39,40,41,42,42,43,44,45,46,47,48],"type":"read_ok"}}
2025/06/27 00:53:48 Received {n3 n4 {"message":49,"type":"broadcast"}}
2025/06/27 00:53:48 Sent {"src":"n4","dest":"n1","body":{"message":49,"type":"broadcast"}}
2025/06/27 00:53:48 Received {n1 n4 {"message":49,"type":"broadcast"}}
2025/06/27 00:53:49 Received {n1 n4 {"message":50,"type":"broadcast"}}
2025/06/27 00:53:49 Sent {"src":"n4","dest":"n3","body":{"message":50,"type":"broadcast"}}
2025/06/27 00:53:49 Received {n3 n4 {"message":51,"type":"broadcast"}}
2025/06/27 00:53:49 Sent {"src":"n4","dest":"n1","body":{"message":51,"type":"broadcast"}}
2025/06/27 00:53:49 Received {n1 n4 {"message":51,"type":"broadcast"}}
2025/06/27 00:53:49 Received {c13 n4 {"type":"read","msg_id":17}}
2025/06/27 00:53:49 Sent {"src":"n4","dest":"c13","body":{"in_reply_to":17,"messages":[1,2,5,6,8,9,12,14,17,25,28,30,31,32,33,34,35,36,36,37,38,39,40,41,42,42,43,44,45,46,47,48,49,50,51],"type":"read_ok"}}
2025/06/27 00:53:49 Received {n1 n4 {"message":52,"type":"broadcast"}}
2025/06/27 00:53:49 Sent {"src":"n4","dest":"n3","body":{"message":52,"type":"broadcast"}}
2025/06/27 00:53:50 Received {c13 n4 {"type":"read","msg_id":18}}
2025/06/27 00:53:50 Sent {"src":"n4","dest":"c13","body":{"in_reply_to":18,"messages":[1,2,5,6,8,9,12,14,17,25,28,30,31,32,33,34,35,36,36,37,38,39,40,41,42,42,43,44,45,46,47,48,49,50,51,52],"type":"read_ok"}}
2025/06/27 00:53:50 Received {n3 n4 {"message":53,"type":"broadcast"}}
2025/06/27 00:53:50 Received {n1 n4 {"message":53,"type":"broadcast"}}
2025/06/27 00:53:50 Sent {"src":"n4","dest":"n1","body":{"message":53,"type":"broadcast"}}
2025/06/27 00:53:50 Received {n1 n4 {"message":54,"type":"broadcast"}}
2025/06/27 00:53:50 Sent {"src":"n4","dest":"n3","body":{"message":54,"type":"broadcast"}}
2025/06/27 00:53:50 Received {c13 n4 {"type":"read","msg_id":19}}
2025/06/27 00:53:50 Sent {"src":"n4","dest":"c13","body":{"in_reply_to":19,"messages":[1,2,5,6,8,9,12,14,17,25,28,30,31,32,33,34,35,36,36,37,38,39,40,41,42,42,43,44,45,46,47,48,49,50,51,52,53,54],"type":"read_ok"}}
2025/06/27 00:53:50 Received {n3 n4 {"message":55,"type":"broadcast"}}
2025/06/27 00:53:50 Received {n1 n4 {"message":55,"type":"broadcast"}}
2025/06/27 00:53:50 Sent {"src":"n4","dest":"n1","body":{"message":55,"type":"broadcast"}}
2025/06/27 00:53:51 Received {n1 n4 {"message":56,"type":"broadcast"}}
2025/06/27 00:53:51 Sent {"src":"n4","dest":"n3","body":{"message":56,"type":"broadcast"}}
2025/06/27 00:53:51 Received {n3 n4 {"message":57,"type":"broadcast"}}
2025/06/27 00:53:51 Sent {"src":"n4","dest":"n1","body":{"message":57,"type":"broadcast"}}
2025/06/27 00:53:51 Received {n1 n4 {"message":57,"type":"broadcast"}}
2025/06/27 00:53:51 Received {c13 n4 {"type":"read","msg_id":20}}
2025/06/27 00:53:51 Sent {"src":"n4","dest":"c13","body":{"in_reply_to":20,"messages":[1,2,5,6,8,9,12,14,17,25,28,30,31,32,33,34,35,36,36,37,38,39,40,41,42,42,43,44,45,46,47,48,49,50,51,52,53,54,55,56,57],"type":"read_ok"}}
2025/06/27 00:53:51 Received {n3 n4 {"message":58,"type":"broadcast"}}
2025/06/27 00:53:51 Received {n1 n4 {"message":58,"type":"broadcast"}}
2025/06/27 00:53:51 Sent {"src":"n4","dest":"n1","body":{"message":58,"type":"broadcast"}}
2025/06/27 00:53:51 Received {n1 n4 {"message":59,"type":"broadcast"}}
2025/06/27 00:53:51 Sent {"src":"n4","dest":"n3","body":{"message":59,"type":"broadcast"}}
2025/06/27 00:53:51 Received {n1 n4 {"message":60,"type":"broadcast"}}
2025/06/27 00:53:51 Sent {"src":"n4","dest":"n3","body":{"message":60,"type":"broadcast"}}
2025/06/27 00:53:51 Received {n3 n4 {"message":60,"type":"broadcast"}}
2025/06/27 00:53:52 Received {c13 n4 {"type":"read","msg_id":21}}
2025/06/27 00:53:52 Sent {"src":"n4","dest":"c13","body":{"in_reply_to":21,"messages":[1,2,5,6,8,9,12,14,17,25,28,30,31,32,33,34,35,36,36,37,38,39,40,41,42,42,43,44,45,46,47,48,49,50,51,52,53,54,55,56,57,58,59,60],"type":"read_ok"}}
2025/06/27 00:53:52 Received {n1 n4 {"message":61,"type":"broadcast"}}
2025/06/27 00:53:52 Received {n3 n4 {"message":61,"type":"broadcast"}}
2025/06/27 00:53:52 Sent {"src":"n4","dest":"n3","body":{"message":61,"type":"broadcast"}}
2025/06/27 00:53:52 Received {n1 n4 {"message":62,"type":"broadcast"}}
2025/06/27 00:53:52 Sent {"src":"n4","dest":"n3","body":{"message":62,"type":"broadcast"}}
2025/06/27 00:53:52 Received {n3 n4 {"message":63,"type":"broadcast"}}
2025/06/27 00:53:52 Sent {"src":"n4","dest":"n1","body":{"message":63,"type":"broadcast"}}
2025/06/27 00:53:52 Received {n1 n4 {"message":63,"type":"broadcast"}}
2025/06/27 00:53:52 Received {c13 n4 {"type":"broadcast","message":64,"msg_id":22}}
2025/06/27 00:53:52 Sent {"src":"n4","dest":"n1","body":{"message":64,"type":"broadcast"}}
2025/06/27 00:53:52 Sent {"src":"n4","dest":"n3","body":{"message":64,"type":"broadcast"}}
2025/06/27 00:53:52 Sent {"src":"n4","dest":"c13","body":{"in_reply_to":22,"type":"broadcast_ok"}}
2025/06/27 00:53:52 Received {n1 n4 {"message":65,"type":"broadcast"}}
2025/06/27 00:53:52 Received {n3 n4 {"message":65,"type":"broadcast"}}
2025/06/27 00:53:52 Sent {"src":"n4","dest":"n3","body":{"message":65,"type":"broadcast"}}
2025/06/27 00:53:52 Received {n1 n4 {"message":66,"type":"broadcast"}}
2025/06/27 00:53:52 Sent {"src":"n4","dest":"n3","body":{"message":66,"type":"broadcast"}}
2025/06/27 00:53:52 Received {n3 n4 {"message":67,"type":"broadcast"}}
2025/06/27 00:53:52 Sent {"src":"n4","dest":"n1","body":{"message":67,"type":"broadcast"}}
2025/06/27 00:53:52 Received {n1 n4 {"message":67,"type":"broadcast"}}
2025/06/27 00:53:53 Received {c13 n4 {"type":"read","msg_id":23}}
2025/06/27 00:53:53 Sent {"src":"n4","dest":"c13","body":{"in_reply_to":23,"messages":[1,2,5,6,8,9,12,14,17,25,28,30,31,32,33,34,35,36,36,37,38,39,40,41,42,42,43,44,45,46,47,48,49,50,51,52,53,54,55,56,57,58,59,60,61,62,63,64,65,66,67],"type":"read_ok"}}
2025/06/27 00:53:53 Received {n3 n4 {"message":68,"type":"broadcast"}}
2025/06/27 00:53:53 Received {n1 n4 {"message":68,"type":"broadcast"}}
2025/06/27 00:53:53 Sent {"src":"n4","dest":"n1","body":{"message":68,"type":"broadcast"}}
2025/06/27 00:53:53 Received {n1 n4 {"message":69,"type":"broadcast"}}
2025/06/27 00:53:53 Received {n3 n4 {"message":69,"type":"broadcast"}}
2025/06/27 00:53:53 Sent {"src":"n4","dest":"n3","body":{"message":69,"type":"broadcast"}}
2025/06/27 00:53:53 Received {n1 n4 {"message":70,"type":"broadcast"}}
2025/06/27 00:53:53 Sent {"src":"n4","dest":"n3","body":{"message":70,"type":"broadcast"}}
2025/06/27 00:53:53 Received {n1 n4 {"message":71,"type":"broadcast"}}
2025/06/27 00:53:53 Sent {"src":"n4","dest":"n3","body":{"message":71,"type":"broadcast"}}
2025/06/27 00:53:53 Received {n3 n4 {"message":72,"type":"broadcast"}}
2025/06/27 00:53:53 Sent {"src":"n4","dest":"n1","body":{"message":72,"type":"broadcast"}}
2025/06/27 00:53:53 Received {n1 n4 {"message":72,"type":"broadcast"}}
2025/06/27 00:53:53 Received {c13 n4 {"type":"broadcast","message":73,"msg_id":24}}
2025/06/27 00:53:53 Sent {"src":"n4","dest":"n1","body":{"message":73,"type":"broadcast"}}
2025/06/27 00:53:53 Sent {"src":"n4","dest":"n3","body":{"message":73,"type":"broadcast"}}
2025/06/27 00:53:53 Sent {"src":"n4","dest":"c13","body":{"in_reply_to":24,"type":"broadcast_ok"}}
2025/06/27 00:53:53 Received {n3 n4 {"message":74,"type":"broadcast"}}
2025/06/27 00:53:53 Received {n1 n4 {"message":74,"type":"broadcast"}}
2025/06/27 00:53:53 Sent {"src":"n4","dest":"n1","body":{"message":74,"type":"broadcast"}}
2025/06/27 00:53:53 Received {n1 n4 {"message":75,"type":"broadcast"}}
2025/06/27 00:53:53 Sent {"src":"n4","dest":"n3","body":{"message":75,"type":"broadcast"}}
2025/06/27 00:53:53 Received {n3 n4 {"message":75,"type":"broadcast"}}
2025/06/27 00:53:54 Received {c13 n4 {"type":"broadcast","message":76,"msg_id":25}}
2025/06/27 00:53:54 Sent {"src":"n4","dest":"n1","body":{"message":76,"type":"broadcast"}}
2025/06/27 00:53:54 Sent {"src":"n4","dest":"n3","body":{"message":76,"type":"broadcast"}}
2025/06/27 00:53:54 Sent {"src":"n4","dest":"c13","body":{"in_reply_to":25,"type":"broadcast_ok"}}
2025/06/27 00:53:54 Received {n3 n4 {"message":77,"type":"broadcast"}}
2025/06/27 00:53:54 Received {n1 n4 {"message":77,"type":"broadcast"}}
2025/06/27 00:53:54 Sent {"src":"n4","dest":"n1","body":{"message":77,"type":"broadcast"}}
2025/06/27 00:53:54 Received {c13 n4 {"type":"read","msg_id":26}}
2025/06/27 00:53:54 Sent {"src":"n4","dest":"c13","body":{"in_reply_to":26,"messages":[1,2,5,6,8,9,12,14,17,25,28,30,31,32,33,34,35,36,36,37,38,39,40,41,42,42,43,44,45,46,47,48,49,50,51,52,53,54,55,56,57,58,59,60,61,62,63,64,65,66,67,68,69,70,71,72,73,74,75,76,77],"type":"read_ok"}}
2025/06/27 00:53:55 Received {n3 n4 {"message":78,"type":"broadcast"}}
2025/06/27 00:53:55 Received {n1 n4 {"message":78,"type":"broadcast"}}
2025/06/27 00:53:55 Sent {"src":"n4","dest":"n1","body":{"message":78,"type":"broadcast"}}
2025/06/27 00:53:55 Received {n1 n4 {"message":79,"type":"broadcast"}}
2025/06/27 00:53:55 Sent {"src":"n4","dest":"n3","body":{"message":79,"type":"broadcast"}}
2025/06/27 00:53:55 Received {n3 n4 {"message":80,"type":"broadcast"}}
2025/06/27 00:53:55 Sent {"src":"n4","dest":"n1","body":{"message":80,"type":"broadcast"}}
2025/06/27 00:53:55 Received {c13 n4 {"type":"read","msg_id":27}}
2025/06/27 00:53:55 Sent {"src":"n4","dest":"c13","body":{"in_reply_to":27,"messages":[1,2,5,6,8,9,12,14,17,25,28,30,31,32,33,34,35,36,36,37,38,39,40,41,42,42,43,44,45,46,47,48,49,50,51,52,53,54,55,56,57,58,59,60,61,62,63,64,65,66,67,68,69,70,71,72,73,74,75,76,77,78,79,80],"type":"read_ok"}}
2025/06/27 00:53:55 Received {n1 n4 {"message":81,"type":"broadcast"}}
2025/06/27 00:53:55 Received {n3 n4 {"message":81,"type":"broadcast"}}
2025/06/27 00:53:55 Sent {"src":"n4","dest":"n3","body":{"message":81,"type":"broadcast"}}
2025/06/27 00:53:55 Received {n3 n4 {"message":82,"type":"broadcast"}}
2025/06/27 00:53:55 Received {n1 n4 {"message":82,"type":"broadcast"}}
2025/06/27 00:53:55 Sent {"src":"n4","dest":"n1","body":{"message":82,"type":"broadcast"}}
2025/06/27 00:53:55 Received {n1 n4 {"message":83,"type":"broadcast"}}
2025/06/27 00:53:55 Sent {"src":"n4","dest":"n3","body":{"message":83,"type":"broadcast"}}
2025/06/27 00:53:55 Received {n3 n4 {"message":83,"type":"broadcast"}}
2025/06/27 00:53:55 Received {n3 n4 {"message":84,"type":"broadcast"}}
2025/06/27 00:53:55 Sent {"src":"n4","dest":"n1","body":{"message":84,"type":"broadcast"}}
2025/06/27 00:53:55 Received {n1 n4 {"message":84,"type":"broadcast"}}
2025/06/27 00:53:55 Received {c13 n4 {"type":"broadcast","message":85,"msg_id":28}}
2025/06/27 00:53:55 Sent {"src":"n4","dest":"n1","body":{"message":85,"type":"broadcast"}}
2025/06/27 00:53:55 Sent {"src":"n4","dest":"n3","body":{"message":85,"type":"broadcast"}}
2025/06/27 00:53:55 Sent {"src":"n4","dest":"c13","body":{"in_reply_to":28,"type":"broadcast_ok"}}
2025/06/27 00:53:55 Received {n3 n4 {"message":86,"type":"broadcast"}}
2025/06/27 00:53:55 Received {n1 n4 {"message":86,"type":"broadcast"}}
2025/06/27 00:53:55 Sent {"src":"n4","dest":"n1","body":{"message":86,"type":"broadcast"}}
2025/06/27 00:53:56 Received {n1 n4 {"message":87,"type":"broadcast"}}
2025/06/27 00:53:56 Sent {"src":"n4","dest":"n3","body":{"message":87,"type":"broadcast"}}
2025/06/27 00:53:56 Received {n3 n4 {"message":87,"type":"broadcast"}}
2025/06/27 00:53:56 Received {n3 n4 {"message":88,"type":"broadcast"}}
2025/06/27 00:53:56 Sent {"src":"n4","dest":"n1","body":{"message":88,"type":"broadcast"}}
2025/06/27 00:53:56 Received {n1 n4 {"message":88,"type":"broadcast"}}
2025/06/27 00:53:56 Received {c13 n4 {"type":"broadcast","message":89,"msg_id":29}}
2025/06/27 00:53:56 Sent {"src":"n4","dest":"n1","body":{"message":89,"type":"broadcast"}}
2025/06/27 00:53:56 Sent {"src":"n4","dest":"n3","body":{"message":89,"type":"broadcast"}}
2025/06/27 00:53:56 Sent {"src":"n4","dest":"c13","body":{"in_reply_to":29,"type":"broadcast_ok"}}
2025/06/27 00:53:56 Received {n1 n4 {"message":90,"type":"broadcast"}}
2025/06/27 00:53:56 Sent {"src":"n4","dest":"n3","body":{"message":90,"type":"broadcast"}}
2025/06/27 00:53:56 Received {n1 n4 {"message":91,"type":"broadcast"}}
2025/06/27 00:53:56 Sent {"src":"n4","dest":"n3","body":{"message":91,"type":"broadcast"}}
2025/06/27 00:53:57 Received {c13 n4 {"type":"read","msg_id":30}}
2025/06/27 00:53:57 Sent {"src":"n4","dest":"c13","body":{"in_reply_to":30,"messages":[1,2,5,6,8,9,12,14,17,25,28,30,31,32,33,34,35,36,36,37,38,39,40,41,42,42,43,44,45,46,47,48,49,50,51,52,53,54,55,56,57,58,59,60,61,62,63,64,65,66,67,68,69,70,71,72,73,74,75,76,77,78,79,80,81,82,83,84,85,86,87,88,89,90,91],"type":"read_ok"}}
2025/06/27 00:53:57 Received {n3 n4 {"message":92,"type":"broadcast"}}
2025/06/27 00:53:57 Received {n1 n4 {"message":92,"type":"broadcast"}}
2025/06/27 00:53:57 Sent {"src":"n4","dest":"n3","body":{"message":92,"type":"broadcast"}}
2025/06/27 00:53:57 Received {n3 n4 {"message":93,"type":"broadcast"}}
2025/06/27 00:53:57 Sent {"src":"n4","dest":"n1","body":{"message":93,"type":"broadcast"}}
2025/06/27 00:53:57 Received {c13 n4 {"type":"broadcast","message":94,"msg_id":31}}
2025/06/27 00:53:57 Sent {"src":"n4","dest":"n1","body":{"message":94,"type":"broadcast"}}
2025/06/27 00:53:57 Sent {"src":"n4","dest":"n3","body":{"message":94,"type":"broadcast"}}
2025/06/27 00:53:57 Sent {"src":"n4","dest":"c13","body":{"in_reply_to":31,"type":"broadcast_ok"}}
2025/06/27 00:53:57 Received {n3 n4 {"message":95,"type":"broadcast"}}
2025/06/27 00:53:57 Received {n1 n4 {"message":95,"type":"broadcast"}}
2025/06/27 00:53:57 Sent {"src":"n4","dest":"n1","body":{"message":95,"type":"broadcast"}}
2025/06/27 00:53:57 Received {n1 n4 {"message":96,"type":"broadcast"}}
2025/06/27 00:53:57 Sent {"src":"n4","dest":"n3","body":{"message":96,"type":"broadcast"}}
2025/06/27 00:53:57 Received {n3 n4 {"message":96,"type":"broadcast"}}
2025/06/27 00:53:58 Received {n3 n4 {"message":97,"type":"broadcast"}}
2025/06/27 00:53:58 Sent {"src":"n4","dest":"n1","body":{"message":97,"type":"broadcast"}}
2025/06/27 00:53:58 Received {n1 n4 {"message":97,"type":"broadcast"}}
2025/06/27 00:53:58 Received {c13 n4 {"type":"broadcast","message":98,"msg_id":32}}
2025/06/27 00:53:58 Sent {"src":"n4","dest":"n1","body":{"message":98,"type":"broadcast"}}
2025/06/27 00:53:58 Sent {"src":"n4","dest":"n3","body":{"message":98,"type":"broadcast"}}
2025/06/27 00:53:58 Sent {"src":"n4","dest":"c13","body":{"in_reply_to":32,"type":"broadcast_ok"}}
2025/06/27 00:53:59 Received {c13 n4 {"type":"read","msg_id":33}}
2025/06/27 00:53:59 Sent {"src":"n4","dest":"c13","body":{"in_reply_to":33,"messages":[1,2,5,6,8,9,12,14,17,25,28,30,31,32,33,34,35,36,36,37,38,39,40,41,42,42,43,44,45,46,47,48,49,50,51,52,53,54,55,56,57,58,59,60,61,62,63,64,65,66,67,68,69,70,71,72,73,74,75,76,77,78,79,80,81,82,83,84,85,86,87,88,89,90,91,92,93,94,95,96,97,98],"type":"read_ok"}}
2025/06/27 00:53:59 Received {n1 n4 {"message":99,"type":"broadcast"}}
2025/06/27 00:53:59 Received {n3 n4 {"message":99,"type":"broadcast"}}
2025/06/27 00:53:59 Sent {"src":"n4","dest":"n3","body":{"message":99,"type":"broadcast"}}
2025/06/27 00:53:59 Received {n3 n4 {"message":100,"type":"broadcast"}}
2025/06/27 00:53:59 Received {n1 n4 {"message":100,"type":"broadcast"}}
2025/06/27 00:53:59 Sent {"src":"n4","dest":"n1","body":{"message":100,"type":"broadcast"}}
2025/06/27 00:53:59 Received {n1 n4 {"message":101,"type":"broadcast"}}
2025/06/27 00:53:59 Sent {"src":"n4","dest":"n3","body":{"message":101,"type":"broadcast"}}
2025/06/27 00:53:59 Received {n3 n4 {"message":102,"type":"broadcast"}}
2025/06/27 00:53:59 Sent {"src":"n4","dest":"n1","body":{"message":102,"type":"broadcast"}}
2025/06/27 00:53:59 Received {n1 n4 {"message":102,"type":"broadcast"}}
2025/06/27 00:54:09 Received {c13 n4 {"type":"read","msg_id":34}}
2025/06/27 00:54:09 Sent {"src":"n4","dest":"c13","body":{"in_reply_to":34,"messages":[1,2,5,6,8,9,12,14,17,25,28,30,31,32,33,34,35,36,36,37,38,39,40,41,42,42,43,44,45,46,47,48,49,50,51,52,53,54,55,56,57,58,59,60,61,62,63,64,65,66,67,68,69,70,71,72,73,74,75,76,77,78,79,80,81,82,83,84,85,86,87,88,89,90,91,92,93,94,95,96,97,98,99,100,101,102],"type":"read_ok"}}
