2025/06/03 13:08:04 Received {c0 n0 {"type":"init","node_id":"n0","node_ids":["n0"],"msg_id":1}}
2025/06/03 13:08:04 Node n0 initialized
2025/06/03 13:08:04 Sent {"src":"n0","dest":"c0","body":{"in_reply_to":1,"type":"init_ok"}}
2025/06/03 13:08:04 Received {c1 n0 {"type":"topology","topology":{"n0":[]},"msg_id":1}}
2025/06/03 13:08:04 Sent {"src":"n0","dest":"c1","body":{"in_reply_to":1,"type":"topology_ok"}}
2025/06/03 13:08:04 Received {c2 n0 {"type":"read","msg_id":1}}
2025/06/03 13:08:04 Sent {"src":"n0","dest":"c2","body":{"in_reply_to":1,"messages":[],"type":"read_ok"}}
2025/06/03 13:08:04 Received {c2 n0 {"type":"read","msg_id":2}}
2025/06/03 13:08:04 Sent {"src":"n0","dest":"c2","body":{"in_reply_to":2,"messages":[],"type":"read_ok"}}
2025/06/03 13:08:04 Received {c2 n0 {"type":"read","msg_id":3}}
2025/06/03 13:08:04 Sent {"src":"n0","dest":"c2","body":{"in_reply_to":3,"messages":[],"type":"read_ok"}}
2025/06/03 13:08:04 Received {c2 n0 {"type":"read","msg_id":4}}
2025/06/03 13:08:04 Sent {"src":"n0","dest":"c2","body":{"in_reply_to":4,"messages":[],"type":"read_ok"}}
2025/06/03 13:08:04 Received {c2 n0 {"type":"read","msg_id":5}}
2025/06/03 13:08:04 Sent {"src":"n0","dest":"c2","body":{"in_reply_to":5,"messages":[],"type":"read_ok"}}
2025/06/03 13:08:04 Received {c2 n0 {"type":"read","msg_id":6}}
2025/06/03 13:08:04 Sent {"src":"n0","dest":"c2","body":{"in_reply_to":6,"messages":[],"type":"read_ok"}}
2025/06/03 13:08:05 Received {c2 n0 {"type":"broadcast","message":0,"msg_id":7}}
panic: interface conversion: interface {} is float64, not int

goroutine 10 [running]:
main.main.func3({{0x1400000e540, 0x2}, {0x1400000e542, 0x2}, {0x14000016210, 0x2b, 0x30}})
	/Users/anandtrehan/flyio_challenges/maelstrom-broadcast/main.go:87 +0x1f4
github.com/jepsen-io/maelstrom/demo/go.(*Node).handleMessage(0x14000110000, 0x0?, {{0x1400000e540, 0x2}, {0x1400000e542, 0x2}, {0x14000016210, 0x2b, 0x30}})
	/Users/anandtrehan/go/pkg/mod/github.com/jepsen-io/maelstrom/demo/go@v0.0.0-20250204203845-8263d1dd2b7a/node.go:151 +0x68
github.com/jepsen-io/maelstrom/demo/go.(*Node).Run.func2()
	/Users/anandtrehan/go/pkg/mod/github.com/jepsen-io/maelstrom/demo/go@v0.0.0-20250204203845-8263d1dd2b7a/node.go:129 +0x74
created by github.com/jepsen-io/maelstrom/demo/go.(*Node).Run in goroutine 1
	/Users/anandtrehan/go/pkg/mod/github.com/jepsen-io/maelstrom/demo/go@v0.0.0-20250204203845-8263d1dd2b7a/node.go:127 +0x460
