2025/06/27 21:21:06 Received {c1 n3 {"type":"init","node_id":"n3","node_ids":["n0","n1","n2","n3","n4"],"msg_id":1}}
2025/06/27 21:21:06 Node n3 initialized
2025/06/27 21:21:06 Sent {"src":"n3","dest":"c1","body":{"in_reply_to":1,"type":"init_ok"}}
2025/06/27 21:21:06 Received {c8 n3 {"type":"topology","topology":{"n0":["n3","n1"],"n1":["n4","n2","n0"],"n2":["n1"],"n3":["n0","n4"],"n4":["n1","n3"]},"msg_id":1}}
2025/06/27 21:21:06 Sent {"src":"n3","dest":"c8","body":{"in_reply_to":1,"type":"topology_ok"}}
2025/06/27 21:21:06 Received {c12 n3 {"type":"read","msg_id":1}}
2025/06/27 21:21:06 Sent {"src":"n3","dest":"c12","body":{"in_reply_to":1,"messages":[],"type":"read_ok"}}
2025/06/27 21:21:06 Received {c12 n3 {"type":"broadcast","message":4,"msg_id":2}}
2025/06/27 21:21:06 Sent {"src":"n3","dest":"c12","body":{"in_reply_to":2,"type":"broadcast_ok"}}
2025/06/27 21:21:06 Sent {"src":"n3","dest":"n4","body":{"message":4,"msg_id":1,"type":"broadcast"}}
2025/06/27 21:21:06 Sent {"src":"n3","dest":"n0","body":{"message":4,"msg_id":2,"type":"broadcast"}}
2025/06/27 21:21:07 Received {c12 n3 {"type":"broadcast","message":6,"msg_id":3}}
2025/06/27 21:21:07 Sent {"src":"n3","dest":"c12","body":{"in_reply_to":3,"type":"broadcast_ok"}}
2025/06/27 21:21:07 Sent {"src":"n3","dest":"n0","body":{"message":6,"msg_id":3,"type":"broadcast"}}
2025/06/27 21:21:07 Sent {"src":"n3","dest":"n4","body":{"message":6,"msg_id":4,"type":"broadcast"}}
2025/06/27 21:21:08 Received {c12 n3 {"type":"read","msg_id":4}}
2025/06/27 21:21:08 Sent {"src":"n3","dest":"c12","body":{"in_reply_to":4,"messages":[4,6],"type":"read_ok"}}
2025/06/27 21:21:08 Received {c12 n3 {"type":"broadcast","message":15,"msg_id":5}}
2025/06/27 21:21:08 Sent {"src":"n3","dest":"c12","body":{"in_reply_to":5,"type":"broadcast_ok"}}
2025/06/27 21:21:08 Sent {"src":"n3","dest":"n4","body":{"message":15,"msg_id":5,"type":"broadcast"}}
2025/06/27 21:21:08 Sent {"src":"n3","dest":"n0","body":{"message":15,"msg_id":6,"type":"broadcast"}}
2025/06/27 21:21:09 Received {c12 n3 {"type":"read","msg_id":6}}
2025/06/27 21:21:09 Sent {"src":"n3","dest":"c12","body":{"in_reply_to":6,"messages":[4,6,15],"type":"read_ok"}}
2025/06/27 21:21:10 Received {c12 n3 {"type":"read","msg_id":7}}
2025/06/27 21:21:10 Sent {"src":"n3","dest":"c12","body":{"in_reply_to":7,"messages":[4,6,15],"type":"read_ok"}}
2025/06/27 21:21:10 Received {c12 n3 {"type":"broadcast","message":28,"msg_id":8}}
2025/06/27 21:21:10 Sent {"src":"n3","dest":"n0","body":{"message":28,"msg_id":7,"type":"broadcast"}}
2025/06/27 21:21:10 Sent {"src":"n3","dest":"c12","body":{"in_reply_to":8,"type":"broadcast_ok"}}
2025/06/27 21:21:10 Sent {"src":"n3","dest":"n4","body":{"message":28,"msg_id":8,"type":"broadcast"}}
2025/06/27 21:21:11 Received {c12 n3 {"type":"read","msg_id":9}}
2025/06/27 21:21:11 Sent {"src":"n3","dest":"c12","body":{"in_reply_to":9,"messages":[4,6,15,28],"type":"read_ok"}}
2025/06/27 21:21:11 Received {c12 n3 {"type":"read","msg_id":10}}
2025/06/27 21:21:11 Sent {"src":"n3","dest":"c12","body":{"in_reply_to":10,"messages":[4,6,15,28],"type":"read_ok"}}
2025/06/27 21:21:12 Received {c12 n3 {"type":"read","msg_id":11}}
2025/06/27 21:21:12 Sent {"src":"n3","dest":"c12","body":{"in_reply_to":11,"messages":[4,6,15,28],"type":"read_ok"}}
2025/06/27 21:21:13 Received {c12 n3 {"type":"read","msg_id":12}}
2025/06/27 21:21:13 Sent {"src":"n3","dest":"c12","body":{"in_reply_to":12,"messages":[4,6,15,28],"type":"read_ok"}}
2025/06/27 21:21:14 Received {c12 n3 {"type":"broadcast","message":41,"msg_id":13}}
2025/06/27 21:21:14 Sent {"src":"n3","dest":"c12","body":{"in_reply_to":13,"type":"broadcast_ok"}}
2025/06/27 21:21:14 Sent {"src":"n3","dest":"n0","body":{"message":41,"msg_id":9,"type":"broadcast"}}
2025/06/27 21:21:14 Sent {"src":"n3","dest":"n4","body":{"message":41,"msg_id":10,"type":"broadcast"}}
2025/06/27 21:21:14 Received {c12 n3 {"type":"read","msg_id":14}}
2025/06/27 21:21:14 Sent {"src":"n3","dest":"c12","body":{"in_reply_to":14,"messages":[4,6,15,28,41],"type":"read_ok"}}
2025/06/27 21:21:15 Received {c12 n3 {"type":"broadcast","message":50,"msg_id":15}}
2025/06/27 21:21:15 Sent {"src":"n3","dest":"c12","body":{"in_reply_to":15,"type":"broadcast_ok"}}
2025/06/27 21:21:15 Sent {"src":"n3","dest":"n4","body":{"message":50,"msg_id":11,"type":"broadcast"}}
2025/06/27 21:21:15 Sent {"src":"n3","dest":"n0","body":{"message":50,"msg_id":12,"type":"broadcast"}}
2025/06/27 21:21:15 Received {c12 n3 {"type":"broadcast","message":51,"msg_id":16}}
2025/06/27 21:21:15 Sent {"src":"n3","dest":"n0","body":{"message":51,"msg_id":13,"type":"broadcast"}}
2025/06/27 21:21:15 Sent {"src":"n3","dest":"n4","body":{"message":51,"msg_id":14,"type":"broadcast"}}
2025/06/27 21:21:15 Sent {"src":"n3","dest":"c12","body":{"in_reply_to":16,"type":"broadcast_ok"}}
2025/06/27 21:21:16 Received {n4 n3 {"message":54,"msg_id":95,"type":"broadcast"}}
2025/06/27 21:21:16 Received {n0 n3 {"message":54,"msg_id":95,"type":"broadcast"}}
2025/06/27 21:21:16 Sent {"src":"n3","dest":"n4","body":{"in_reply_to":95,"type":"broadcast_ok"}}
2025/06/27 21:21:16 Sent {"src":"n3","dest":"n4","body":{"message":54,"msg_id":15,"type":"broadcast"}}
2025/06/27 21:21:16 Sent {"src":"n3","dest":"n0","body":{"in_reply_to":95,"type":"broadcast_ok"}}
2025/06/27 21:21:16 Sent {"src":"n3","dest":"n0","body":{"message":54,"msg_id":16,"type":"broadcast"}}
2025/06/27 21:21:16 Received {n4 n3 {"in_reply_to":15,"type":"broadcast_ok"}}
2025/06/27 21:21:16 Received {n0 n3 {"in_reply_to":16,"type":"broadcast_ok"}}
2025/06/27 21:21:16 Received {c12 n3 {"type":"broadcast","message":55,"msg_id":17}}
2025/06/27 21:21:16 Sent {"src":"n3","dest":"c12","body":{"in_reply_to":17,"type":"broadcast_ok"}}
2025/06/27 21:21:16 Sent {"src":"n3","dest":"n0","body":{"message":55,"msg_id":17,"type":"broadcast"}}
2025/06/27 21:21:16 Sent {"src":"n3","dest":"n4","body":{"message":55,"msg_id":18,"type":"broadcast"}}
2025/06/27 21:21:16 Received {n0 n3 {"in_reply_to":17,"type":"broadcast_ok"}}
2025/06/27 21:21:16 Received {n0 n3 {"message":55,"msg_id":98,"type":"broadcast"}}
2025/06/27 21:21:16 Received {n4 n3 {"in_reply_to":18,"type":"broadcast_ok"}}
2025/06/27 21:21:16 Sent {"src":"n3","dest":"n0","body":{"in_reply_to":98,"type":"broadcast_ok"}}
2025/06/27 21:21:16 Received {n4 n3 {"message":55,"msg_id":98,"type":"broadcast"}}
2025/06/27 21:21:16 Sent {"src":"n3","dest":"n4","body":{"in_reply_to":98,"type":"broadcast_ok"}}
2025/06/27 21:21:16 Received {n4 n3 {"message":56,"msg_id":100,"type":"broadcast"}}
2025/06/27 21:21:16 Sent {"src":"n3","dest":"n4","body":{"in_reply_to":100,"type":"broadcast_ok"}}
2025/06/27 21:21:16 Sent {"src":"n3","dest":"n0","body":{"message":56,"msg_id":19,"type":"broadcast"}}
2025/06/27 21:21:16 Sent {"src":"n3","dest":"n4","body":{"message":56,"msg_id":20,"type":"broadcast"}}
2025/06/27 21:21:16 Received {n0 n3 {"message":56,"msg_id":99,"type":"broadcast"}}
2025/06/27 21:21:16 Received {n0 n3 {"in_reply_to":19,"type":"broadcast_ok"}}
2025/06/27 21:21:16 Sent {"src":"n3","dest":"n0","body":{"in_reply_to":99,"type":"broadcast_ok"}}
2025/06/27 21:21:16 Received {n4 n3 {"in_reply_to":20,"type":"broadcast_ok"}}
2025/06/27 21:21:16 Received {n0 n3 {"message":57,"msg_id":101,"type":"broadcast"}}
2025/06/27 21:21:16 Sent {"src":"n3","dest":"n0","body":{"message":57,"msg_id":21,"type":"broadcast"}}
2025/06/27 21:21:16 Sent {"src":"n3","dest":"n0","body":{"in_reply_to":101,"type":"broadcast_ok"}}
2025/06/27 21:21:16 Sent {"src":"n3","dest":"n4","body":{"message":57,"msg_id":22,"type":"broadcast"}}
2025/06/27 21:21:16 Received {n4 n3 {"in_reply_to":22,"type":"broadcast_ok"}}
2025/06/27 21:21:16 Received {n0 n3 {"in_reply_to":21,"type":"broadcast_ok"}}
2025/06/27 21:21:16 Received {n4 n3 {"message":57,"msg_id":101,"type":"broadcast"}}
2025/06/27 21:21:16 Sent {"src":"n3","dest":"n4","body":{"in_reply_to":101,"type":"broadcast_ok"}}
2025/06/27 21:21:16 Received {n4 n3 {"message":58,"msg_id":103,"type":"broadcast"}}
2025/06/27 21:21:16 Sent {"src":"n3","dest":"n4","body":{"in_reply_to":103,"type":"broadcast_ok"}}
2025/06/27 21:21:16 Sent {"src":"n3","dest":"n4","body":{"message":58,"msg_id":23,"type":"broadcast"}}
2025/06/27 21:21:16 Sent {"src":"n3","dest":"n0","body":{"message":58,"msg_id":24,"type":"broadcast"}}
2025/06/27 21:21:16 Received {n0 n3 {"message":58,"msg_id":104,"type":"broadcast"}}
2025/06/27 21:21:16 Sent {"src":"n3","dest":"n0","body":{"in_reply_to":104,"type":"broadcast_ok"}}
2025/06/27 21:21:16 Received {n4 n3 {"in_reply_to":23,"type":"broadcast_ok"}}
2025/06/27 21:21:16 Received {n0 n3 {"in_reply_to":24,"type":"broadcast_ok"}}
2025/06/27 21:21:16 Received {c12 n3 {"type":"read","msg_id":18}}
2025/06/27 21:21:16 Sent {"src":"n3","dest":"c12","body":{"in_reply_to":18,"messages":[4,6,15,28,41,50,51,54,55,56,57,58],"type":"read_ok"}}
2025/06/27 21:21:17 Received {c12 n3 {"type":"broadcast","message":59,"msg_id":19}}
2025/06/27 21:21:17 Sent {"src":"n3","dest":"c12","body":{"in_reply_to":19,"type":"broadcast_ok"}}
2025/06/27 21:21:17 Sent {"src":"n3","dest":"n4","body":{"message":59,"msg_id":25,"type":"broadcast"}}
2025/06/27 21:21:17 Sent {"src":"n3","dest":"n0","body":{"message":59,"msg_id":26,"type":"broadcast"}}
2025/06/27 21:21:17 Received {n4 n3 {"in_reply_to":25,"type":"broadcast_ok"}}
2025/06/27 21:21:17 Received {n0 n3 {"in_reply_to":26,"type":"broadcast_ok"}}
2025/06/27 21:21:17 Received {n4 n3 {"message":59,"msg_id":105,"type":"broadcast"}}
2025/06/27 21:21:17 Received {n0 n3 {"message":59,"msg_id":105,"type":"broadcast"}}
2025/06/27 21:21:17 Sent {"src":"n3","dest":"n4","body":{"in_reply_to":105,"type":"broadcast_ok"}}
2025/06/27 21:21:17 Sent {"src":"n3","dest":"n0","body":{"in_reply_to":105,"type":"broadcast_ok"}}
2025/06/27 21:21:17 Received {n0 n3 {"message":60,"msg_id":107,"type":"broadcast"}}
2025/06/27 21:21:17 Sent {"src":"n3","dest":"n0","body":{"in_reply_to":107,"type":"broadcast_ok"}}
2025/06/27 21:21:17 Sent {"src":"n3","dest":"n0","body":{"message":60,"msg_id":27,"type":"broadcast"}}
2025/06/27 21:21:17 Sent {"src":"n3","dest":"n4","body":{"message":60,"msg_id":28,"type":"broadcast"}}
2025/06/27 21:21:17 Received {n0 n3 {"in_reply_to":27,"type":"broadcast_ok"}}
2025/06/27 21:21:17 Received {n4 n3 {"in_reply_to":28,"type":"broadcast_ok"}}
2025/06/27 21:21:17 Received {n4 n3 {"message":60,"msg_id":108,"type":"broadcast"}}
2025/06/27 21:21:17 Sent {"src":"n3","dest":"n4","body":{"in_reply_to":108,"type":"broadcast_ok"}}
2025/06/27 21:21:17 Received {n4 n3 {"message":61,"msg_id":110,"type":"broadcast"}}
2025/06/27 21:21:17 Received {n0 n3 {"message":61,"msg_id":109,"type":"broadcast"}}
2025/06/27 21:21:17 Sent {"src":"n3","dest":"n4","body":{"in_reply_to":110,"type":"broadcast_ok"}}
2025/06/27 21:21:17 Sent {"src":"n3","dest":"n0","body":{"in_reply_to":109,"type":"broadcast_ok"}}
2025/06/27 21:21:17 Sent {"src":"n3","dest":"n4","body":{"message":61,"msg_id":29,"type":"broadcast"}}
2025/06/27 21:21:17 Sent {"src":"n3","dest":"n0","body":{"message":61,"msg_id":30,"type":"broadcast"}}
2025/06/27 21:21:17 Received {n4 n3 {"in_reply_to":29,"type":"broadcast_ok"}}
2025/06/27 21:21:17 Received {n0 n3 {"in_reply_to":30,"type":"broadcast_ok"}}
2025/06/27 21:21:17 Received {n4 n3 {"message":62,"msg_id":112,"type":"broadcast"}}
2025/06/27 21:21:17 Received {n0 n3 {"message":62,"msg_id":111,"type":"broadcast"}}
2025/06/27 21:21:17 Sent {"src":"n3","dest":"n4","body":{"in_reply_to":112,"type":"broadcast_ok"}}
2025/06/27 21:21:17 Sent {"src":"n3","dest":"n0","body":{"in_reply_to":111,"type":"broadcast_ok"}}
2025/06/27 21:21:17 Sent {"src":"n3","dest":"n0","body":{"message":62,"msg_id":31,"type":"broadcast"}}
2025/06/27 21:21:17 Sent {"src":"n3","dest":"n4","body":{"message":62,"msg_id":32,"type":"broadcast"}}
2025/06/27 21:21:17 Received {n4 n3 {"in_reply_to":32,"type":"broadcast_ok"}}
2025/06/27 21:21:17 Received {n0 n3 {"in_reply_to":31,"type":"broadcast_ok"}}
2025/06/27 21:21:17 Received {c12 n3 {"type":"broadcast","message":63,"msg_id":20}}
2025/06/27 21:21:17 Sent {"src":"n3","dest":"c12","body":{"in_reply_to":20,"type":"broadcast_ok"}}
2025/06/27 21:21:17 Sent {"src":"n3","dest":"n0","body":{"message":63,"msg_id":33,"type":"broadcast"}}
2025/06/27 21:21:17 Sent {"src":"n3","dest":"n4","body":{"message":63,"msg_id":34,"type":"broadcast"}}
2025/06/27 21:21:17 Received {n0 n3 {"in_reply_to":33,"type":"broadcast_ok"}}
2025/06/27 21:21:17 Received {n4 n3 {"in_reply_to":34,"type":"broadcast_ok"}}
2025/06/27 21:21:17 Received {n0 n3 {"message":63,"msg_id":114,"type":"broadcast"}}
2025/06/27 21:21:17 Received {n4 n3 {"message":63,"msg_id":114,"type":"broadcast"}}
2025/06/27 21:21:17 Sent {"src":"n3","dest":"n0","body":{"in_reply_to":114,"type":"broadcast_ok"}}
2025/06/27 21:21:17 Sent {"src":"n3","dest":"n4","body":{"in_reply_to":114,"type":"broadcast_ok"}}
2025/06/27 21:21:17 Received {n0 n3 {"message":64,"msg_id":115,"type":"broadcast"}}
2025/06/27 21:21:17 Sent {"src":"n3","dest":"n0","body":{"in_reply_to":115,"type":"broadcast_ok"}}
2025/06/27 21:21:17 Sent {"src":"n3","dest":"n4","body":{"message":64,"msg_id":35,"type":"broadcast"}}
2025/06/27 21:21:17 Sent {"src":"n3","dest":"n0","body":{"message":64,"msg_id":36,"type":"broadcast"}}
2025/06/27 21:21:17 Received {n0 n3 {"in_reply_to":36,"type":"broadcast_ok"}}
2025/06/27 21:21:17 Received {n4 n3 {"in_reply_to":35,"type":"broadcast_ok"}}
2025/06/27 21:21:17 Received {n4 n3 {"message":64,"msg_id":116,"type":"broadcast"}}
2025/06/27 21:21:17 Sent {"src":"n3","dest":"n4","body":{"in_reply_to":116,"type":"broadcast_ok"}}
2025/06/27 21:21:18 Received {n0 n3 {"message":65,"msg_id":117,"type":"broadcast"}}
2025/06/27 21:21:18 Sent {"src":"n3","dest":"n0","body":{"in_reply_to":117,"type":"broadcast_ok"}}
2025/06/27 21:21:18 Sent {"src":"n3","dest":"n4","body":{"message":65,"msg_id":37,"type":"broadcast"}}
2025/06/27 21:21:18 Sent {"src":"n3","dest":"n0","body":{"message":65,"msg_id":38,"type":"broadcast"}}
2025/06/27 21:21:18 Received {n0 n3 {"in_reply_to":38,"type":"broadcast_ok"}}
2025/06/27 21:21:18 Received {c12 n3 {"type":"read","msg_id":21}}
2025/06/27 21:21:18 Sent {"src":"n3","dest":"c12","body":{"in_reply_to":21,"messages":[4,6,15,28,41,50,51,54,55,56,57,58,59,60,61,62,63,64,65],"type":"read_ok"}}
2025/06/27 21:21:18 Received {n0 n3 {"message":66,"msg_id":119,"type":"broadcast"}}
2025/06/27 21:21:18 Sent {"src":"n3","dest":"n0","body":{"in_reply_to":119,"type":"broadcast_ok"}}
2025/06/27 21:21:18 Sent {"src":"n3","dest":"n4","body":{"message":66,"msg_id":40,"type":"broadcast"}}
2025/06/27 21:21:18 Sent {"src":"n3","dest":"n0","body":{"message":66,"msg_id":39,"type":"broadcast"}}
2025/06/27 21:21:18 Received {n0 n3 {"in_reply_to":39,"type":"broadcast_ok"}}
2025/06/27 21:21:18 Received {n0 n3 {"message":67,"msg_id":121,"type":"broadcast"}}
2025/06/27 21:21:18 Sent {"src":"n3","dest":"n0","body":{"in_reply_to":121,"type":"broadcast_ok"}}
2025/06/27 21:21:18 Sent {"src":"n3","dest":"n0","body":{"message":67,"msg_id":41,"type":"broadcast"}}
2025/06/27 21:21:18 Sent {"src":"n3","dest":"n4","body":{"message":67,"msg_id":42,"type":"broadcast"}}
2025/06/27 21:21:18 Received {n0 n3 {"in_reply_to":41,"type":"broadcast_ok"}}
2025/06/27 21:21:19 Received {c12 n3 {"type":"read","msg_id":22}}
2025/06/27 21:21:19 Sent {"src":"n3","dest":"c12","body":{"in_reply_to":22,"messages":[4,6,15,28,41,50,51,54,55,56,57,58,59,60,61,62,63,64,65,66,67],"type":"read_ok"}}
2025/06/27 21:21:19 Received {c12 n3 {"type":"read","msg_id":23}}
2025/06/27 21:21:19 Sent {"src":"n3","dest":"c12","body":{"in_reply_to":23,"messages":[4,6,15,28,41,50,51,54,55,56,57,58,59,60,61,62,63,64,65,66,67],"type":"read_ok"}}
2025/06/27 21:21:20 Received {n0 n3 {"message":70,"msg_id":123,"type":"broadcast"}}
2025/06/27 21:21:20 Sent {"src":"n3","dest":"n0","body":{"in_reply_to":123,"type":"broadcast_ok"}}
2025/06/27 21:21:20 Sent {"src":"n3","dest":"n0","body":{"message":70,"msg_id":43,"type":"broadcast"}}
2025/06/27 21:21:20 Sent {"src":"n3","dest":"n4","body":{"message":70,"msg_id":44,"type":"broadcast"}}
2025/06/27 21:21:20 Received {n0 n3 {"in_reply_to":43,"type":"broadcast_ok"}}
2025/06/27 21:21:20 Received {c12 n3 {"type":"read","msg_id":24}}
2025/06/27 21:21:20 Sent {"src":"n3","dest":"c12","body":{"in_reply_to":24,"messages":[4,6,15,28,41,50,51,54,55,56,57,58,59,60,61,62,63,64,65,66,67,70],"type":"read_ok"}}
2025/06/27 21:21:21 Received {c12 n3 {"type":"read","msg_id":25}}
2025/06/27 21:21:21 Sent {"src":"n3","dest":"c12","body":{"in_reply_to":25,"messages":[4,6,15,28,41,50,51,54,55,56,57,58,59,60,61,62,63,64,65,66,67,70],"type":"read_ok"}}
2025/06/27 21:21:21 Received {n0 n3 {"message":75,"msg_id":125,"type":"broadcast"}}
2025/06/27 21:21:21 Sent {"src":"n3","dest":"n0","body":{"in_reply_to":125,"type":"broadcast_ok"}}
2025/06/27 21:21:21 Sent {"src":"n3","dest":"n4","body":{"message":75,"msg_id":45,"type":"broadcast"}}
2025/06/27 21:21:21 Sent {"src":"n3","dest":"n0","body":{"message":75,"msg_id":46,"type":"broadcast"}}
2025/06/27 21:21:21 Received {n0 n3 {"in_reply_to":46,"type":"broadcast_ok"}}
2025/06/27 21:21:21 Received {n0 n3 {"message":76,"msg_id":127,"type":"broadcast"}}
2025/06/27 21:21:21 Sent {"src":"n3","dest":"n0","body":{"in_reply_to":127,"type":"broadcast_ok"}}
2025/06/27 21:21:21 Sent {"src":"n3","dest":"n0","body":{"message":76,"msg_id":47,"type":"broadcast"}}
2025/06/27 21:21:21 Sent {"src":"n3","dest":"n4","body":{"message":76,"msg_id":48,"type":"broadcast"}}
2025/06/27 21:21:21 Received {n0 n3 {"in_reply_to":47,"type":"broadcast_ok"}}
2025/06/27 21:21:21 Received {c12 n3 {"type":"broadcast","message":78,"msg_id":26}}
2025/06/27 21:21:21 Sent {"src":"n3","dest":"c12","body":{"in_reply_to":26,"type":"broadcast_ok"}}
2025/06/27 21:21:21 Sent {"src":"n3","dest":"n4","body":{"message":78,"msg_id":50,"type":"broadcast"}}
2025/06/27 21:21:21 Sent {"src":"n3","dest":"n0","body":{"message":78,"msg_id":49,"type":"broadcast"}}
2025/06/27 21:21:21 Received {n0 n3 {"in_reply_to":49,"type":"broadcast_ok"}}
2025/06/27 21:21:21 Received {n0 n3 {"message":78,"msg_id":129,"type":"broadcast"}}
2025/06/27 21:21:21 Sent {"src":"n3","dest":"n0","body":{"in_reply_to":129,"type":"broadcast_ok"}}
2025/06/27 21:21:22 Received {n0 n3 {"message":79,"msg_id":131,"type":"broadcast"}}
2025/06/27 21:21:22 Sent {"src":"n3","dest":"n0","body":{"in_reply_to":131,"type":"broadcast_ok"}}
2025/06/27 21:21:22 Sent {"src":"n3","dest":"n0","body":{"message":79,"msg_id":51,"type":"broadcast"}}
2025/06/27 21:21:22 Sent {"src":"n3","dest":"n4","body":{"message":79,"msg_id":52,"type":"broadcast"}}
2025/06/27 21:21:22 Received {n0 n3 {"in_reply_to":51,"type":"broadcast_ok"}}
2025/06/27 21:21:22 Received {c12 n3 {"type":"read","msg_id":27}}
2025/06/27 21:21:22 Sent {"src":"n3","dest":"c12","body":{"in_reply_to":27,"messages":[4,6,15,28,41,50,51,54,55,56,57,58,59,60,61,62,63,64,65,66,67,70,75,76,78,79],"type":"read_ok"}}
2025/06/27 21:21:22 Received {n0 n3 {"message":81,"msg_id":133,"type":"broadcast"}}
2025/06/27 21:21:22 Sent {"src":"n3","dest":"n0","body":{"in_reply_to":133,"type":"broadcast_ok"}}
2025/06/27 21:21:22 Sent {"src":"n3","dest":"n0","body":{"message":81,"msg_id":53,"type":"broadcast"}}
2025/06/27 21:21:22 Sent {"src":"n3","dest":"n4","body":{"message":81,"msg_id":54,"type":"broadcast"}}
2025/06/27 21:21:22 Received {n0 n3 {"in_reply_to":53,"type":"broadcast_ok"}}
2025/06/27 21:21:22 Received {c12 n3 {"type":"read","msg_id":28}}
2025/06/27 21:21:22 Sent {"src":"n3","dest":"c12","body":{"in_reply_to":28,"messages":[4,6,15,28,41,50,51,54,55,56,57,58,59,60,61,62,63,64,65,66,67,70,75,76,78,79,81],"type":"read_ok"}}
2025/06/27 21:21:23 Received {n0 n3 {"message":82,"msg_id":135,"type":"broadcast"}}
2025/06/27 21:21:23 Sent {"src":"n3","dest":"n0","body":{"in_reply_to":135,"type":"broadcast_ok"}}
2025/06/27 21:21:23 Sent {"src":"n3","dest":"n0","body":{"message":82,"msg_id":55,"type":"broadcast"}}
2025/06/27 21:21:23 Sent {"src":"n3","dest":"n4","body":{"message":82,"msg_id":56,"type":"broadcast"}}
2025/06/27 21:21:23 Received {n0 n3 {"in_reply_to":55,"type":"broadcast_ok"}}
2025/06/27 21:21:23 Received {n0 n3 {"message":83,"msg_id":137,"type":"broadcast"}}
2025/06/27 21:21:23 Sent {"src":"n3","dest":"n0","body":{"in_reply_to":137,"type":"broadcast_ok"}}
2025/06/27 21:21:23 Sent {"src":"n3","dest":"n4","body":{"message":83,"msg_id":57,"type":"broadcast"}}
2025/06/27 21:21:23 Sent {"src":"n3","dest":"n0","body":{"message":83,"msg_id":58,"type":"broadcast"}}
2025/06/27 21:21:23 Received {n0 n3 {"in_reply_to":58,"type":"broadcast_ok"}}
2025/06/27 21:21:23 Received {c12 n3 {"type":"broadcast","message":84,"msg_id":29}}
2025/06/27 21:21:23 Sent {"src":"n3","dest":"c12","body":{"in_reply_to":29,"type":"broadcast_ok"}}
2025/06/27 21:21:23 Sent {"src":"n3","dest":"n0","body":{"message":84,"msg_id":59,"type":"broadcast"}}
2025/06/27 21:21:23 Sent {"src":"n3","dest":"n4","body":{"message":84,"msg_id":60,"type":"broadcast"}}
2025/06/27 21:21:23 Received {n0 n3 {"in_reply_to":59,"type":"broadcast_ok"}}
2025/06/27 21:21:23 Received {n0 n3 {"message":84,"msg_id":139,"type":"broadcast"}}
2025/06/27 21:21:23 Sent {"src":"n3","dest":"n0","body":{"in_reply_to":139,"type":"broadcast_ok"}}
2025/06/27 21:21:23 Received {c12 n3 {"type":"broadcast","message":86,"msg_id":30}}
2025/06/27 21:21:23 Sent {"src":"n3","dest":"c12","body":{"in_reply_to":30,"type":"broadcast_ok"}}
2025/06/27 21:21:23 Sent {"src":"n3","dest":"n0","body":{"message":86,"msg_id":61,"type":"broadcast"}}
2025/06/27 21:21:23 Sent {"src":"n3","dest":"n4","body":{"message":86,"msg_id":62,"type":"broadcast"}}
2025/06/27 21:21:23 Received {n0 n3 {"in_reply_to":61,"type":"broadcast_ok"}}
2025/06/27 21:21:23 Received {n0 n3 {"message":86,"msg_id":141,"type":"broadcast"}}
2025/06/27 21:21:23 Sent {"src":"n3","dest":"n0","body":{"in_reply_to":141,"type":"broadcast_ok"}}
2025/06/27 21:21:24 Received {n0 n3 {"message":87,"msg_id":143,"type":"broadcast"}}
2025/06/27 21:21:24 Sent {"src":"n3","dest":"n0","body":{"in_reply_to":143,"type":"broadcast_ok"}}
2025/06/27 21:21:24 Sent {"src":"n3","dest":"n0","body":{"message":87,"msg_id":63,"type":"broadcast"}}
2025/06/27 21:21:24 Sent {"src":"n3","dest":"n4","body":{"message":87,"msg_id":64,"type":"broadcast"}}
2025/06/27 21:21:24 Received {n0 n3 {"in_reply_to":63,"type":"broadcast_ok"}}
2025/06/27 21:21:24 Received {n0 n3 {"message":88,"msg_id":145,"type":"broadcast"}}
2025/06/27 21:21:24 Sent {"src":"n3","dest":"n0","body":{"in_reply_to":145,"type":"broadcast_ok"}}
2025/06/27 21:21:24 Sent {"src":"n3","dest":"n4","body":{"message":88,"msg_id":65,"type":"broadcast"}}
2025/06/27 21:21:24 Sent {"src":"n3","dest":"n0","body":{"message":88,"msg_id":66,"type":"broadcast"}}
2025/06/27 21:21:24 Received {n0 n3 {"in_reply_to":66,"type":"broadcast_ok"}}
2025/06/27 21:21:24 Received {n0 n3 {"message":89,"msg_id":147,"type":"broadcast"}}
2025/06/27 21:21:24 Sent {"src":"n3","dest":"n0","body":{"in_reply_to":147,"type":"broadcast_ok"}}
2025/06/27 21:21:24 Sent {"src":"n3","dest":"n4","body":{"message":89,"msg_id":67,"type":"broadcast"}}
2025/06/27 21:21:24 Sent {"src":"n3","dest":"n0","body":{"message":89,"msg_id":68,"type":"broadcast"}}
2025/06/27 21:21:24 Received {n0 n3 {"in_reply_to":68,"type":"broadcast_ok"}}
2025/06/27 21:21:24 Received {c12 n3 {"type":"read","msg_id":31}}
2025/06/27 21:21:24 Sent {"src":"n3","dest":"c12","body":{"in_reply_to":31,"messages":[4,6,15,28,41,50,51,54,55,56,57,58,59,60,61,62,63,64,65,66,67,70,75,76,78,79,81,82,83,84,86,87,88,89],"type":"read_ok"}}
2025/06/27 21:21:24 Received {n0 n3 {"message":90,"msg_id":149,"type":"broadcast"}}
2025/06/27 21:21:24 Sent {"src":"n3","dest":"n0","body":{"in_reply_to":149,"type":"broadcast_ok"}}
2025/06/27 21:21:24 Sent {"src":"n3","dest":"n0","body":{"message":90,"msg_id":69,"type":"broadcast"}}
2025/06/27 21:21:24 Sent {"src":"n3","dest":"n4","body":{"message":90,"msg_id":70,"type":"broadcast"}}
2025/06/27 21:21:24 Received {n0 n3 {"in_reply_to":69,"type":"broadcast_ok"}}
2025/06/27 21:21:24 Received {n0 n3 {"message":91,"msg_id":152,"type":"broadcast"}}
2025/06/27 21:21:24 Sent {"src":"n3","dest":"n0","body":{"in_reply_to":152,"type":"broadcast_ok"}}
2025/06/27 21:21:24 Sent {"src":"n3","dest":"n4","body":{"message":91,"msg_id":71,"type":"broadcast"}}
2025/06/27 21:21:24 Sent {"src":"n3","dest":"n0","body":{"message":91,"msg_id":72,"type":"broadcast"}}
2025/06/27 21:21:24 Received {n0 n3 {"in_reply_to":72,"type":"broadcast_ok"}}
2025/06/27 21:21:25 Received {c12 n3 {"type":"broadcast","message":92,"msg_id":32}}
2025/06/27 21:21:25 Sent {"src":"n3","dest":"c12","body":{"in_reply_to":32,"type":"broadcast_ok"}}
2025/06/27 21:21:25 Sent {"src":"n3","dest":"n4","body":{"message":92,"msg_id":74,"type":"broadcast"}}
2025/06/27 21:21:25 Sent {"src":"n3","dest":"n0","body":{"message":92,"msg_id":73,"type":"broadcast"}}
2025/06/27 21:21:25 Received {n0 n3 {"in_reply_to":73,"type":"broadcast_ok"}}
2025/06/27 21:21:25 Received {n0 n3 {"message":92,"msg_id":153,"type":"broadcast"}}
2025/06/27 21:21:25 Sent {"src":"n3","dest":"n0","body":{"in_reply_to":153,"type":"broadcast_ok"}}
2025/06/27 21:21:25 Received {n0 n3 {"message":93,"msg_id":156,"type":"broadcast"}}
2025/06/27 21:21:25 Sent {"src":"n3","dest":"n0","body":{"in_reply_to":156,"type":"broadcast_ok"}}
2025/06/27 21:21:25 Sent {"src":"n3","dest":"n0","body":{"message":93,"msg_id":75,"type":"broadcast"}}
2025/06/27 21:21:25 Sent {"src":"n3","dest":"n4","body":{"message":93,"msg_id":76,"type":"broadcast"}}
2025/06/27 21:21:25 Received {n0 n3 {"in_reply_to":75,"type":"broadcast_ok"}}
2025/06/27 21:21:25 Received {c12 n3 {"type":"broadcast","message":94,"msg_id":33}}
2025/06/27 21:21:25 Sent {"src":"n3","dest":"c12","body":{"in_reply_to":33,"type":"broadcast_ok"}}
2025/06/27 21:21:25 Sent {"src":"n3","dest":"n0","body":{"message":94,"msg_id":77,"type":"broadcast"}}
2025/06/27 21:21:25 Sent {"src":"n3","dest":"n4","body":{"message":94,"msg_id":78,"type":"broadcast"}}
2025/06/27 21:21:25 Received {n0 n3 {"in_reply_to":77,"type":"broadcast_ok"}}
2025/06/27 21:21:25 Received {n0 n3 {"message":94,"msg_id":158,"type":"broadcast"}}
2025/06/27 21:21:25 Sent {"src":"n3","dest":"n0","body":{"in_reply_to":158,"type":"broadcast_ok"}}
2025/06/27 21:21:36 Received {c12 n3 {"type":"read","msg_id":34}}
2025/06/27 21:21:36 Sent {"src":"n3","dest":"c12","body":{"in_reply_to":34,"messages":[4,6,15,28,41,50,51,54,55,56,57,58,59,60,61,62,63,64,65,66,67,70,75,76,78,79,81,82,83,84,86,87,88,89,90,91,92,93,94],"type":"read_ok"}}
