2025-06-27 21:00:32,930{GMT}	INFO	[jepsen test runner] jepsen.core: Command line:
lein run test -w broadcast --bin /Users/anandtrehan/go/bin/maelstrom-broadcast --node-count 5 --time-limit 20 --rate 10 --nemesis partition
2025-06-27 21:00:33,001{GMT}	INFO	[jepsen test runner] jepsen.core: Running test:
{:args []
 :remote
 #jepsen.control.retry.Remote{:remote #jepsen.control.scp.Remote{:cmd-remote #jepsen.control.sshj.SSHJRemote{:concurrency-limit 6,
                                                                                                             :conn-spec nil,
                                                                                                             :client nil,
                                                                                                             :semaphore nil},
                                                                 :conn-spec nil},
                              :conn nil}
 :log-net-send false
 :node-count 5
 :availability nil
 :max-txn-length 4
 :concurrency 5
 :db
 #object[maelstrom.db$db$reify__16142
         "0x33e09baf"
         "maelstrom.db$db$reify__16142@33e09baf"]
 :max-writes-per-key 16
 :leave-db-running? false
 :name "broadcast"
 :logging-json? false
 :start-time
 #object[org.joda.time.DateTime "0x105c253a" "2025-06-27T21:00:32.901-04:00"]
 :nemesis-interval 10
 :net
 #object[maelstrom.net$jepsen_net$reify__15251
         "0x156322ce"
         "maelstrom.net$jepsen_net$reify__15251@156322ce"]
 :client
 #object[maelstrom.workload.broadcast$client$reify__16644
         "0x546f0f36"
         "maelstrom.workload.broadcast$client$reify__16644@546f0f36"]
 :barrier
 #object[java.util.concurrent.CyclicBarrier
         "0x44d5a0a8"
         "java.util.concurrent.CyclicBarrier@44d5a0a8"]
 :log-stderr false
 :pure-generators true
 :ssh {:dummy? true}
 :rate 10.0
 :checker
 #object[jepsen.checker$compose$reify__11881
         "0x35d128fd"
         "jepsen.checker$compose$reify__11881@35d128fd"]
 :argv
 ("test"
  "-w"
  "broadcast"
  "--bin"
  "/Users/anandtrehan/go/bin/maelstrom-broadcast"
  "--node-count"
  "5"
  "--time-limit"
  "20"
  "--rate"
  "10"
  "--nemesis"
  "partition")
 :nemesis
 (jepsen.nemesis.ReflCompose
  {:fm {:start-partition 0,
        :stop-partition 0,
        :kill 1,
        :start 1,
        :pause 1,
        :resume 1},
   :nemeses [#unprintable "jepsen.nemesis.combined$partition_nemesis$reify__16416@39a809db"
             #unprintable "jepsen.nemesis.combined$db_nemesis$reify__16397@1512a767"]})
 :nodes ["n0" "n1" "n2" "n3" "n4"]
 :test-count 1
 :latency {:mean 0, :dist :constant}
 :bin "/Users/anandtrehan/go/bin/maelstrom-broadcast"
 :generator
 ((jepsen.generator.Synchronize
   {:gen (jepsen.generator.TimeLimit
          {:limit 20000000000,
           :cutoff nil,
           :gen (jepsen.generator.Any
                 {:gens [(jepsen.generator.OnThreads
                          {:f #{:nemesis},
                           :context-filter #object[jepsen.generator.context$make_thread_filter$lazy_filter__9167
                                                   "0x5cdb7b"
                                                   "jepsen.generator.context$make_thread_filter$lazy_filter__9167@5cdb7b"],
                           :gen (jepsen.generator.Stagger
                                 {:dt 20000000000,
                                  :next-time nil,
                                  :gen (jepsen.generator.FlipFlop
                                        {:gens [#object[jepsen.nemesis.combined$partition_package$start__16420
                                                        "0x3dcc59f5"
                                                        "jepsen.nemesis.combined$partition_package$start__16420@3dcc59f5"]
                                                ({:type :info,
                                                  :f :stop-partition,
                                                  :value nil}
                                                 {:type :info,
                                                  :f :stop-partition,
                                                  :value nil}
                                                 {:type :info,
                                                  :f :stop-partition,
                                                  :value nil}
                                                 {:type :info,
                                                  :f :stop-partition,
                                                  :value nil}
                                                 {:type :info,
                                                  :f :stop-partition,
                                                  :value nil}
                                                 {:type :info,
                                                  :f :stop-partition,
                                                  :value nil}
                                                 {:type :info,
                                                  :f :stop-partition,
                                                  :value nil}
                                                 {:type :info,
                                                  :f :stop-partition,
                                                  :value nil}
                                                 ...)],
                                         :i 0})})})
                         (jepsen.generator.OnThreads
                          {:f #jepsen.generator.context.AllBut{:element :nemesis},
                           :context-filter #object[jepsen.generator.context$make_thread_filter$lazy_filter__9167
                                                   "0x690337df"
                                                   "jepsen.generator.context$make_thread_filter$lazy_filter__9167@690337df"],
                           :gen (jepsen.generator.Stagger
                                 {:dt 200000000,
                                  :next-time nil,
                                  :gen (jepsen.generator.Mix
                                        {:i 0,
                                         :gens [({:f :broadcast, :value 0}
                                                 {:f :broadcast, :value 1}
                                                 {:f :broadcast, :value 2}
                                                 {:f :broadcast, :value 3}
                                                 {:f :broadcast, :value 4}
                                                 {:f :broadcast, :value 5}
                                                 {:f :broadcast, :value 6}
                                                 {:f :broadcast, :value 7}
                                                 ...)
                                                ({:f :read}
                                                 {:f :read}
                                                 {:f :read}
                                                 {:f :read}
                                                 {:f :read}
                                                 {:f :read}
                                                 {:f :read}
                                                 {:f :read}
                                                 ...)]})})})]})})})
  (jepsen.generator.Synchronize
   {:gen (jepsen.generator.OnThreads
          {:f #{:nemesis},
           :context-filter #object[jepsen.generator.context$make_thread_filter$lazy_filter__9167
                                   "0xf62ae87"
                                   "jepsen.generator.context$make_thread_filter$lazy_filter__9167@f62ae87"],
           :gen ({:type :info, :f :stop-partition, :value nil})})})
  (jepsen.generator.Synchronize
   {:gen {:type :log, :value "Waiting for recovery..."}})
  (jepsen.generator.Synchronize {:gen {:type :sleep, :value 10}})
  (jepsen.generator.Synchronize
   {:gen (jepsen.generator.OnThreads
          {:f #jepsen.generator.context.AllBut{:element :nemesis},
           :context-filter #object[jepsen.generator.context$make_thread_filter$lazy_filter__9167
                                   "0x50be5d6f"
                                   "jepsen.generator.context$make_thread_filter$lazy_filter__9167@50be5d6f"],
           :gen (jepsen.generator.EachThread
                 {:fresh-gen {:f :read, :final? true},
                  :context-filters #object[clojure.core$promise$reify__8591
                                           "0x48e0e779"
                                           {:status :pending, :val nil}],
                  :gens {}})})}))
 :log-net-recv false
 :os
 #object[maelstrom.net$jepsen_os$reify__15254
         "0x38ad8c75"
         "maelstrom.net$jepsen_os$reify__15254@38ad8c75"]
 :time-limit 20
 :workload :broadcast
 :consistency-models [:strict-serializable]
 :topology :grid}

2025-06-27 21:00:34,271{GMT}	INFO	[jepsen node n0] maelstrom.net: Starting Maelstrom network
2025-06-27 21:00:34,272{GMT}	INFO	[jepsen test runner] jepsen.db: Tearing down DB
2025-06-27 21:00:34,274{GMT}	INFO	[jepsen test runner] jepsen.db: Setting up DB
2025-06-27 21:00:34,274{GMT}	INFO	[jepsen node n1] maelstrom.db: Setting up n1
2025-06-27 21:00:34,274{GMT}	INFO	[jepsen node n3] maelstrom.db: Setting up n3
2025-06-27 21:00:34,274{GMT}	INFO	[jepsen node n4] maelstrom.db: Setting up n4
2025-06-27 21:00:34,274{GMT}	INFO	[jepsen node n2] maelstrom.db: Setting up n2
2025-06-27 21:00:34,274{GMT}	INFO	[jepsen node n1] maelstrom.process: launching /Users/anandtrehan/go/bin/maelstrom-broadcast []
2025-06-27 21:00:34,274{GMT}	INFO	[jepsen node n3] maelstrom.process: launching /Users/anandtrehan/go/bin/maelstrom-broadcast []
2025-06-27 21:00:34,275{GMT}	INFO	[jepsen node n4] maelstrom.process: launching /Users/anandtrehan/go/bin/maelstrom-broadcast []
2025-06-27 21:00:34,275{GMT}	INFO	[jepsen node n2] maelstrom.process: launching /Users/anandtrehan/go/bin/maelstrom-broadcast []
2025-06-27 21:00:34,276{GMT}	INFO	[jepsen node n0] maelstrom.service: Starting services: (lin-kv lin-tso lww-kv seq-kv)
2025-06-27 21:00:34,277{GMT}	INFO	[jepsen node n0] maelstrom.db: Setting up n0
2025-06-27 21:00:34,278{GMT}	INFO	[jepsen node n0] maelstrom.process: launching /Users/anandtrehan/go/bin/maelstrom-broadcast []
2025-06-27 21:00:34,552{GMT}	INFO	[jepsen test runner] jepsen.core: Relative time begins now
2025-06-27 21:00:34,571{GMT}	INFO	[jepsen worker 0] jepsen.util: 0	:invoke	:broadcast	0
2025-06-27 21:00:34,571{GMT}	INFO	[jepsen worker nemesis] jepsen.util: :nemesis	:info	:start-partition	:minority-third
2025-06-27 21:00:34,573{GMT}	INFO	[jepsen worker 0] jepsen.util: 0	:ok	:broadcast	0
2025-06-27 21:00:34,575{GMT}	INFO	[jepsen worker nemesis] jepsen.util: :nemesis	:info	:start-partition	[:isolated {"n1" #{"n2" "n4" "n0" "n3"}, "n2" #{"n1"}, "n4" #{"n1"}, "n0" #{"n1"}, "n3" #{"n1"}}]
2025-06-27 21:00:34,707{GMT}	INFO	[jepsen worker 2] jepsen.util: 2	:invoke	:read	nil
2025-06-27 21:00:34,709{GMT}	INFO	[jepsen worker 2] jepsen.util: 2	:ok	:read	[]
2025-06-27 21:00:34,902{GMT}	INFO	[jepsen worker 3] jepsen.util: 3	:invoke	:broadcast	1
2025-06-27 21:00:34,903{GMT}	INFO	[jepsen worker 3] jepsen.util: 3	:ok	:broadcast	1
2025-06-27 21:00:34,987{GMT}	INFO	[jepsen worker 4] jepsen.util: 4	:invoke	:read	nil
2025-06-27 21:00:34,991{GMT}	INFO	[jepsen worker 4] jepsen.util: 4	:ok	:read	[0 1]
2025-06-27 21:00:35,119{GMT}	INFO	[jepsen worker 0] jepsen.util: 0	:invoke	:read	nil
2025-06-27 21:00:35,120{GMT}	INFO	[jepsen worker 0] jepsen.util: 0	:ok	:read	[0 1]
2025-06-27 21:00:35,298{GMT}	INFO	[jepsen worker 0] jepsen.util: 0	:invoke	:read	nil
2025-06-27 21:00:35,301{GMT}	INFO	[jepsen worker 0] jepsen.util: 0	:ok	:read	[0 1]
2025-06-27 21:00:35,367{GMT}	INFO	[jepsen worker 1] jepsen.util: 1	:invoke	:read	nil
2025-06-27 21:00:35,370{GMT}	INFO	[jepsen worker 1] jepsen.util: 1	:ok	:read	[]
2025-06-27 21:00:35,501{GMT}	INFO	[jepsen worker 2] jepsen.util: 2	:invoke	:broadcast	2
2025-06-27 21:00:35,504{GMT}	INFO	[jepsen worker 2] jepsen.util: 2	:ok	:broadcast	2
2025-06-27 21:00:35,614{GMT}	INFO	[jepsen worker 3] jepsen.util: 3	:invoke	:read	nil
2025-06-27 21:00:35,617{GMT}	INFO	[jepsen worker 3] jepsen.util: 3	:ok	:read	[0 1]
2025-06-27 21:00:35,689{GMT}	INFO	[jepsen worker 4] jepsen.util: 4	:invoke	:broadcast	3
2025-06-27 21:00:35,692{GMT}	INFO	[jepsen worker 4] jepsen.util: 4	:ok	:broadcast	3
2025-06-27 21:00:35,862{GMT}	INFO	[jepsen worker 0] jepsen.util: 0	:invoke	:read	nil
2025-06-27 21:00:35,864{GMT}	INFO	[jepsen worker 0] jepsen.util: 0	:ok	:read	[0 1 3]
2025-06-27 21:00:35,972{GMT}	INFO	[jepsen worker 0] jepsen.util: 0	:invoke	:read	nil
2025-06-27 21:00:35,974{GMT}	INFO	[jepsen worker 0] jepsen.util: 0	:ok	:read	[0 1 3]
2025-06-27 21:00:36,137{GMT}	INFO	[jepsen worker 1] jepsen.util: 1	:invoke	:broadcast	4
2025-06-27 21:00:36,139{GMT}	INFO	[jepsen worker 1] jepsen.util: 1	:ok	:broadcast	4
2025-06-27 21:00:36,281{GMT}	INFO	[jepsen worker 2] jepsen.util: 2	:invoke	:broadcast	5
2025-06-27 21:00:36,283{GMT}	INFO	[jepsen worker 2] jepsen.util: 2	:ok	:broadcast	5
2025-06-27 21:00:36,478{GMT}	INFO	[jepsen worker 3] jepsen.util: 3	:invoke	:broadcast	6
2025-06-27 21:00:36,480{GMT}	INFO	[jepsen worker 3] jepsen.util: 3	:ok	:broadcast	6
2025-06-27 21:00:36,579{GMT}	INFO	[jepsen worker 4] jepsen.util: 4	:invoke	:read	nil
2025-06-27 21:00:36,581{GMT}	INFO	[jepsen worker 4] jepsen.util: 4	:ok	:read	[0 1 3 6]
2025-06-27 21:00:36,772{GMT}	INFO	[jepsen worker 0] jepsen.util: 0	:invoke	:read	nil
2025-06-27 21:00:36,775{GMT}	INFO	[jepsen worker 0] jepsen.util: 0	:ok	:read	[0 1 3 6]
2025-06-27 21:00:36,967{GMT}	INFO	[jepsen worker 0] jepsen.util: 0	:invoke	:read	nil
2025-06-27 21:00:36,969{GMT}	INFO	[jepsen worker 0] jepsen.util: 0	:ok	:read	[0 1 3 6]
2025-06-27 21:00:36,998{GMT}	INFO	[jepsen worker 1] jepsen.util: 1	:invoke	:broadcast	7
2025-06-27 21:00:37,001{GMT}	INFO	[jepsen worker 1] jepsen.util: 1	:ok	:broadcast	7
2025-06-27 21:00:37,128{GMT}	INFO	[jepsen worker 2] jepsen.util: 2	:invoke	:broadcast	8
2025-06-27 21:00:37,130{GMT}	INFO	[jepsen worker 2] jepsen.util: 2	:ok	:broadcast	8
2025-06-27 21:00:37,142{GMT}	INFO	[jepsen worker 3] jepsen.util: 3	:invoke	:read	nil
2025-06-27 21:00:37,144{GMT}	INFO	[jepsen worker 3] jepsen.util: 3	:ok	:read	[0 1 3 6]
2025-06-27 21:00:37,278{GMT}	INFO	[jepsen worker 4] jepsen.util: 4	:invoke	:broadcast	9
2025-06-27 21:00:37,280{GMT}	INFO	[jepsen worker 4] jepsen.util: 4	:ok	:broadcast	9
2025-06-27 21:00:37,372{GMT}	INFO	[jepsen worker 0] jepsen.util: 0	:invoke	:broadcast	10
2025-06-27 21:00:37,375{GMT}	INFO	[jepsen worker 0] jepsen.util: 0	:ok	:broadcast	10
2025-06-27 21:00:37,430{GMT}	INFO	[jepsen worker 0] jepsen.util: 0	:invoke	:broadcast	11
2025-06-27 21:00:37,433{GMT}	INFO	[jepsen worker 0] jepsen.util: 0	:ok	:broadcast	11
2025-06-27 21:00:37,582{GMT}	INFO	[jepsen worker 1] jepsen.util: 1	:invoke	:read	nil
2025-06-27 21:00:37,585{GMT}	INFO	[jepsen worker 1] jepsen.util: 1	:ok	:read	[4 7]
2025-06-27 21:00:37,645{GMT}	INFO	[jepsen worker 2] jepsen.util: 2	:invoke	:read	nil
2025-06-27 21:00:37,647{GMT}	INFO	[jepsen worker 2] jepsen.util: 2	:ok	:read	[2 5 8]
2025-06-27 21:00:37,693{GMT}	INFO	[jepsen worker 3] jepsen.util: 3	:invoke	:broadcast	12
2025-06-27 21:00:37,695{GMT}	INFO	[jepsen worker 3] jepsen.util: 3	:ok	:broadcast	12
2025-06-27 21:00:37,862{GMT}	INFO	[jepsen worker 4] jepsen.util: 4	:invoke	:broadcast	13
2025-06-27 21:00:37,864{GMT}	INFO	[jepsen worker 4] jepsen.util: 4	:ok	:broadcast	13
2025-06-27 21:00:37,905{GMT}	INFO	[jepsen worker 0] jepsen.util: 0	:invoke	:read	nil
2025-06-27 21:00:37,907{GMT}	INFO	[jepsen worker 0] jepsen.util: 0	:ok	:read	[0 1 3 6 9 10 11 12 13]
2025-06-27 21:00:38,099{GMT}	INFO	[jepsen worker 0] jepsen.util: 0	:invoke	:read	nil
2025-06-27 21:00:38,101{GMT}	INFO	[jepsen worker 0] jepsen.util: 0	:ok	:read	[0 1 3 6 9 10 11 12 13]
2025-06-27 21:00:38,142{GMT}	INFO	[jepsen worker 1] jepsen.util: 1	:invoke	:broadcast	14
2025-06-27 21:00:38,144{GMT}	INFO	[jepsen worker 1] jepsen.util: 1	:ok	:broadcast	14
2025-06-27 21:00:38,239{GMT}	INFO	[jepsen worker 2] jepsen.util: 2	:invoke	:broadcast	15
2025-06-27 21:00:38,241{GMT}	INFO	[jepsen worker 2] jepsen.util: 2	:ok	:broadcast	15
2025-06-27 21:00:38,333{GMT}	INFO	[jepsen worker 3] jepsen.util: 3	:invoke	:read	nil
2025-06-27 21:00:38,336{GMT}	INFO	[jepsen worker 3] jepsen.util: 3	:ok	:read	[0 1 3 6 9 10 11 12 13]
2025-06-27 21:00:38,383{GMT}	INFO	[jepsen worker 4] jepsen.util: 4	:invoke	:read	nil
2025-06-27 21:00:38,386{GMT}	INFO	[jepsen worker 4] jepsen.util: 4	:ok	:read	[0 1 3 6 9 10 11 12 13]
2025-06-27 21:00:38,522{GMT}	INFO	[jepsen worker 0] jepsen.util: 0	:invoke	:read	nil
2025-06-27 21:00:38,523{GMT}	INFO	[jepsen worker 0] jepsen.util: 0	:ok	:read	[0 1 3 6 9 10 11 12 13]
2025-06-27 21:00:38,620{GMT}	INFO	[jepsen worker 0] jepsen.util: 0	:invoke	:read	nil
2025-06-27 21:00:38,622{GMT}	INFO	[jepsen worker 0] jepsen.util: 0	:ok	:read	[0 1 3 6 9 10 11 12 13]
2025-06-27 21:00:38,752{GMT}	INFO	[jepsen worker 1] jepsen.util: 1	:invoke	:read	nil
2025-06-27 21:00:38,753{GMT}	INFO	[jepsen worker 1] jepsen.util: 1	:ok	:read	[4 7 14]
2025-06-27 21:00:38,890{GMT}	INFO	[jepsen worker 2] jepsen.util: 2	:invoke	:read	nil
2025-06-27 21:00:38,892{GMT}	INFO	[jepsen worker 2] jepsen.util: 2	:ok	:read	[2 5 8 15]
2025-06-27 21:00:39,052{GMT}	INFO	[jepsen worker 3] jepsen.util: 3	:invoke	:broadcast	16
2025-06-27 21:00:39,054{GMT}	INFO	[jepsen worker 3] jepsen.util: 3	:ok	:broadcast	16
2025-06-27 21:00:39,114{GMT}	INFO	[jepsen worker 4] jepsen.util: 4	:invoke	:read	nil
2025-06-27 21:00:39,116{GMT}	INFO	[jepsen worker 4] jepsen.util: 4	:ok	:read	[0 1 3 6 9 10 11 12 13 16]
2025-06-27 21:00:39,288{GMT}	INFO	[jepsen worker 0] jepsen.util: 0	:invoke	:broadcast	17
2025-06-27 21:00:39,290{GMT}	INFO	[jepsen worker 0] jepsen.util: 0	:ok	:broadcast	17
2025-06-27 21:00:39,327{GMT}	INFO	[jepsen worker 0] jepsen.util: 0	:invoke	:read	nil
2025-06-27 21:00:39,327{GMT}	INFO	[jepsen worker 0] jepsen.util: 0	:ok	:read	[0 1 3 6 9 10 11 12 13 16 17]
2025-06-27 21:00:39,522{GMT}	INFO	[jepsen worker 1] jepsen.util: 1	:invoke	:read	nil
2025-06-27 21:00:39,523{GMT}	INFO	[jepsen worker 1] jepsen.util: 1	:ok	:read	[4 7 14]
2025-06-27 21:00:39,567{GMT}	INFO	[jepsen worker 2] jepsen.util: 2	:invoke	:read	nil
2025-06-27 21:00:39,568{GMT}	INFO	[jepsen worker 2] jepsen.util: 2	:ok	:read	[2 5 8 15]
2025-06-27 21:00:39,701{GMT}	INFO	[jepsen worker 3] jepsen.util: 3	:invoke	:read	nil
2025-06-27 21:00:39,703{GMT}	INFO	[jepsen worker 3] jepsen.util: 3	:ok	:read	[0 1 3 6 9 10 11 12 13 16 17]
2025-06-27 21:00:39,746{GMT}	INFO	[jepsen worker 4] jepsen.util: 4	:invoke	:broadcast	18
2025-06-27 21:00:39,748{GMT}	INFO	[jepsen worker 4] jepsen.util: 4	:ok	:broadcast	18
2025-06-27 21:00:39,784{GMT}	INFO	[jepsen worker 0] jepsen.util: 0	:invoke	:broadcast	19
2025-06-27 21:00:39,785{GMT}	INFO	[jepsen worker 0] jepsen.util: 0	:ok	:broadcast	19
2025-06-27 21:00:39,850{GMT}	INFO	[jepsen worker 0] jepsen.util: 0	:invoke	:broadcast	20
2025-06-27 21:00:39,853{GMT}	INFO	[jepsen worker 0] jepsen.util: 0	:ok	:broadcast	20
2025-06-27 21:00:39,855{GMT}	INFO	[jepsen worker 1] jepsen.util: 1	:invoke	:read	nil
2025-06-27 21:00:39,859{GMT}	INFO	[jepsen worker 1] jepsen.util: 1	:ok	:read	[4 7 14]
2025-06-27 21:00:39,920{GMT}	INFO	[jepsen worker 2] jepsen.util: 2	:invoke	:broadcast	21
2025-06-27 21:00:39,922{GMT}	INFO	[jepsen worker 2] jepsen.util: 2	:ok	:broadcast	21
2025-06-27 21:00:40,080{GMT}	INFO	[jepsen worker 3] jepsen.util: 3	:invoke	:broadcast	22
2025-06-27 21:00:40,082{GMT}	INFO	[jepsen worker 3] jepsen.util: 3	:ok	:broadcast	22
2025-06-27 21:00:40,159{GMT}	INFO	[jepsen worker 4] jepsen.util: 4	:invoke	:broadcast	23
2025-06-27 21:00:40,162{GMT}	INFO	[jepsen worker 4] jepsen.util: 4	:ok	:broadcast	23
2025-06-27 21:00:40,255{GMT}	INFO	[jepsen worker 0] jepsen.util: 0	:invoke	:read	nil
2025-06-27 21:00:40,256{GMT}	INFO	[jepsen worker 0] jepsen.util: 0	:ok	:read	[0 1 3 6 9 10 11 12 13 16 17 18 19 20 22 23]
2025-06-27 21:00:40,365{GMT}	INFO	[jepsen worker 0] jepsen.util: 0	:invoke	:read	nil
2025-06-27 21:00:40,367{GMT}	INFO	[jepsen worker 0] jepsen.util: 0	:ok	:read	[0 1 3 6 9 10 11 12 13 16 17 18 19 20 22 23]
2025-06-27 21:00:40,515{GMT}	INFO	[jepsen worker 1] jepsen.util: 1	:invoke	:read	nil
2025-06-27 21:00:40,517{GMT}	INFO	[jepsen worker 1] jepsen.util: 1	:ok	:read	[4 7 14]
2025-06-27 21:00:40,605{GMT}	INFO	[jepsen worker 2] jepsen.util: 2	:invoke	:broadcast	24
2025-06-27 21:00:40,608{GMT}	INFO	[jepsen worker 2] jepsen.util: 2	:ok	:broadcast	24
2025-06-27 21:00:40,655{GMT}	INFO	[jepsen worker 3] jepsen.util: 3	:invoke	:read	nil
2025-06-27 21:00:40,656{GMT}	INFO	[jepsen worker 3] jepsen.util: 3	:ok	:read	[0 1 3 6 9 10 11 12 13 16 17 18 19 20 22 23]
2025-06-27 21:00:40,713{GMT}	INFO	[jepsen worker 4] jepsen.util: 4	:invoke	:broadcast	25
2025-06-27 21:00:40,714{GMT}	INFO	[jepsen worker 4] jepsen.util: 4	:ok	:broadcast	25
2025-06-27 21:00:40,869{GMT}	INFO	[jepsen worker 0] jepsen.util: 0	:invoke	:read	nil
2025-06-27 21:00:40,870{GMT}	INFO	[jepsen worker 0] jepsen.util: 0	:ok	:read	[0 1 3 6 9 10 11 12 13 16 17 18 19 20 22 23 25]
2025-06-27 21:00:40,896{GMT}	INFO	[jepsen worker 0] jepsen.util: 0	:invoke	:broadcast	26
2025-06-27 21:00:40,896{GMT}	INFO	[jepsen worker 0] jepsen.util: 0	:ok	:broadcast	26
2025-06-27 21:00:40,942{GMT}	INFO	[jepsen worker 1] jepsen.util: 1	:invoke	:broadcast	27
2025-06-27 21:00:40,942{GMT}	INFO	[jepsen worker 1] jepsen.util: 1	:ok	:broadcast	27
2025-06-27 21:00:41,033{GMT}	INFO	[jepsen worker 2] jepsen.util: 2	:invoke	:broadcast	28
2025-06-27 21:00:41,035{GMT}	INFO	[jepsen worker 2] jepsen.util: 2	:ok	:broadcast	28
2025-06-27 21:00:41,063{GMT}	INFO	[jepsen worker 3] jepsen.util: 3	:invoke	:broadcast	29
2025-06-27 21:00:41,064{GMT}	INFO	[jepsen worker 3] jepsen.util: 3	:ok	:broadcast	29
2025-06-27 21:00:41,163{GMT}	INFO	[jepsen worker 4] jepsen.util: 4	:invoke	:read	nil
2025-06-27 21:00:41,166{GMT}	INFO	[jepsen worker 4] jepsen.util: 4	:ok	:read	[0 1 3 6 9 10 11 12 13 16 17 18 19 20 22 23 25 26 29]
2025-06-27 21:00:41,239{GMT}	INFO	[jepsen worker 0] jepsen.util: 0	:invoke	:read	nil
2025-06-27 21:00:41,241{GMT}	INFO	[jepsen worker 0] jepsen.util: 0	:ok	:read	[0 1 3 6 9 10 11 12 13 16 17 18 19 20 22 23 25 26 29]
2025-06-27 21:00:41,379{GMT}	INFO	[jepsen worker 0] jepsen.util: 0	:invoke	:read	nil
2025-06-27 21:00:41,381{GMT}	INFO	[jepsen worker 0] jepsen.util: 0	:ok	:read	[0 1 3 6 9 10 11 12 13 16 17 18 19 20 22 23 25 26 29]
2025-06-27 21:00:41,442{GMT}	INFO	[jepsen worker 1] jepsen.util: 1	:invoke	:broadcast	30
2025-06-27 21:00:41,444{GMT}	INFO	[jepsen worker 1] jepsen.util: 1	:ok	:broadcast	30
2025-06-27 21:00:41,572{GMT}	INFO	[jepsen worker 2] jepsen.util: 2	:invoke	:broadcast	31
2025-06-27 21:00:41,574{GMT}	INFO	[jepsen worker 2] jepsen.util: 2	:ok	:broadcast	31
2025-06-27 21:00:41,597{GMT}	INFO	[jepsen worker 3] jepsen.util: 3	:invoke	:broadcast	32
2025-06-27 21:00:41,598{GMT}	INFO	[jepsen worker 3] jepsen.util: 3	:ok	:broadcast	32
2025-06-27 21:00:41,674{GMT}	INFO	[jepsen worker nemesis] jepsen.util: :nemesis	:info	:stop-partition	nil
2025-06-27 21:00:41,675{GMT}	INFO	[jepsen worker nemesis] jepsen.util: :nemesis	:info	:stop-partition	:network-healed
2025-06-27 21:00:41,762{GMT}	INFO	[jepsen worker 0] jepsen.util: 0	:invoke	:broadcast	33
2025-06-27 21:00:41,762{GMT}	INFO	[jepsen worker 0] jepsen.util: 0	:ok	:broadcast	33
2025-06-27 21:00:41,904{GMT}	INFO	[jepsen worker 0] jepsen.util: 0	:invoke	:read	nil
2025-06-27 21:00:41,908{GMT}	INFO	[jepsen worker 0] jepsen.util: 0	:ok	:read	[0 1 3 6 9 10 11 12 13 16 17 18 19 20 22 23 25 26 29 32 33]
2025-06-27 21:00:42,083{GMT}	INFO	[jepsen worker 1] jepsen.util: 1	:invoke	:broadcast	34
2025-06-27 21:00:42,085{GMT}	INFO	[jepsen worker 1] jepsen.util: 1	:ok	:broadcast	34
2025-06-27 21:00:42,215{GMT}	INFO	[jepsen worker 2] jepsen.util: 2	:invoke	:broadcast	35
2025-06-27 21:00:42,217{GMT}	INFO	[jepsen worker 2] jepsen.util: 2	:ok	:broadcast	35
2025-06-27 21:00:42,342{GMT}	INFO	[jepsen worker 3] jepsen.util: 3	:invoke	:read	nil
2025-06-27 21:00:42,344{GMT}	INFO	[jepsen worker 3] jepsen.util: 3	:ok	:read	[0 1 3 6 9 10 11 12 13 16 17 18 19 20 22 23 25 26 29 32 33 34 35]
2025-06-27 21:00:42,368{GMT}	INFO	[jepsen worker 4] jepsen.util: 4	:invoke	:read	nil
2025-06-27 21:00:42,369{GMT}	INFO	[jepsen worker 4] jepsen.util: 4	:ok	:read	[0 1 3 6 9 10 11 12 13 16 17 18 19 20 22 23 25 26 29 32 33 34 35]
2025-06-27 21:00:42,420{GMT}	INFO	[jepsen worker 0] jepsen.util: 0	:invoke	:broadcast	36
2025-06-27 21:00:42,422{GMT}	INFO	[jepsen worker 0] jepsen.util: 0	:ok	:broadcast	36
2025-06-27 21:00:42,439{GMT}	INFO	[jepsen worker 0] jepsen.util: 0	:invoke	:read	nil
2025-06-27 21:00:42,440{GMT}	INFO	[jepsen worker 0] jepsen.util: 0	:ok	:read	[0 1 3 6 9 10 11 12 13 16 17 18 19 20 22 23 25 26 29 32 33 34 35 36]
2025-06-27 21:00:42,619{GMT}	INFO	[jepsen worker 1] jepsen.util: 1	:invoke	:read	nil
2025-06-27 21:00:42,622{GMT}	INFO	[jepsen worker 1] jepsen.util: 1	:ok	:read	[4 7 14 27 30 33 34 35 36]
2025-06-27 21:00:42,708{GMT}	INFO	[jepsen worker 2] jepsen.util: 2	:invoke	:broadcast	37
2025-06-27 21:00:42,710{GMT}	INFO	[jepsen worker 2] jepsen.util: 2	:ok	:broadcast	37
2025-06-27 21:00:42,821{GMT}	INFO	[jepsen worker 3] jepsen.util: 3	:invoke	:read	nil
2025-06-27 21:00:42,824{GMT}	INFO	[jepsen worker 3] jepsen.util: 3	:ok	:read	[0 1 3 6 9 10 11 12 13 16 17 18 19 20 22 23 25 26 29 32 33 34 35 36 37]
2025-06-27 21:00:43,025{GMT}	INFO	[jepsen worker 4] jepsen.util: 4	:invoke	:read	nil
2025-06-27 21:00:43,027{GMT}	INFO	[jepsen worker 4] jepsen.util: 4	:ok	:read	[0 1 3 6 9 10 11 12 13 16 17 18 19 20 22 23 25 26 29 32 33 34 35 36 37]
2025-06-27 21:00:43,068{GMT}	INFO	[jepsen worker 0] jepsen.util: 0	:invoke	:read	nil
2025-06-27 21:00:43,070{GMT}	INFO	[jepsen worker 0] jepsen.util: 0	:ok	:read	[0 1 3 6 9 10 11 12 13 16 17 18 19 20 22 23 25 26 29 32 33 34 35 36 37]
2025-06-27 21:00:43,233{GMT}	INFO	[jepsen worker 0] jepsen.util: 0	:invoke	:broadcast	38
2025-06-27 21:00:43,235{GMT}	INFO	[jepsen worker 0] jepsen.util: 0	:ok	:broadcast	38
2025-06-27 21:00:43,328{GMT}	INFO	[jepsen worker 1] jepsen.util: 1	:invoke	:read	nil
2025-06-27 21:00:43,331{GMT}	INFO	[jepsen worker 1] jepsen.util: 1	:ok	:read	[4 7 14 27 30 33 34 35 36 37 38]
2025-06-27 21:00:43,466{GMT}	INFO	[jepsen worker 2] jepsen.util: 2	:invoke	:read	nil
2025-06-27 21:00:43,468{GMT}	INFO	[jepsen worker 2] jepsen.util: 2	:ok	:read	[2 5 8 15 21 24 28 31 33 34 35 36 37 38]
2025-06-27 21:00:43,656{GMT}	INFO	[jepsen worker 3] jepsen.util: 3	:invoke	:read	nil
2025-06-27 21:00:43,658{GMT}	INFO	[jepsen worker 3] jepsen.util: 3	:ok	:read	[0 1 3 6 9 10 11 12 13 16 17 18 19 20 22 23 25 26 29 32 33 34 35 36 37 38]
2025-06-27 21:00:43,706{GMT}	INFO	[jepsen worker 4] jepsen.util: 4	:invoke	:broadcast	39
2025-06-27 21:00:43,708{GMT}	INFO	[jepsen worker 4] jepsen.util: 4	:ok	:broadcast	39
2025-06-27 21:00:43,781{GMT}	INFO	[jepsen worker nemesis] jepsen.util: :nemesis	:info	:start-partition	:one
2025-06-27 21:00:43,783{GMT}	INFO	[jepsen worker nemesis] jepsen.util: :nemesis	:info	:start-partition	[:isolated {"n3" #{"n2" "n1" "n4" "n0"}, "n2" #{"n3"}, "n1" #{"n3"}, "n4" #{"n3"}, "n0" #{"n3"}}]
2025-06-27 21:00:43,789{GMT}	INFO	[jepsen worker 0] jepsen.util: 0	:invoke	:read	nil
2025-06-27 21:00:43,790{GMT}	INFO	[jepsen worker 0] jepsen.util: 0	:ok	:read	[0 1 3 6 9 10 11 12 13 16 17 18 19 20 22 23 25 26 29 32 33 34 35 36 37 38 39]
2025-06-27 21:00:43,994{GMT}	INFO	[jepsen worker 1] jepsen.util: 1	:invoke	:read	nil
2025-06-27 21:00:43,996{GMT}	INFO	[jepsen worker 1] jepsen.util: 1	:ok	:read	[4 7 14 27 30 33 34 35 36 37 38 39]
2025-06-27 21:00:44,174{GMT}	INFO	[jepsen worker 2] jepsen.util: 2	:invoke	:read	nil
2025-06-27 21:00:44,177{GMT}	INFO	[jepsen worker 2] jepsen.util: 2	:ok	:read	[2 5 8 15 21 24 28 31 33 34 35 36 37 38 39]
2025-06-27 21:00:44,210{GMT}	INFO	[jepsen worker 3] jepsen.util: 3	:invoke	:read	nil
2025-06-27 21:00:44,212{GMT}	INFO	[jepsen worker 3] jepsen.util: 3	:ok	:read	[0 1 3 6 9 10 11 12 13 16 17 18 19 20 22 23 25 26 29 32 33 34 35 36 37 38 39]
2025-06-27 21:00:44,397{GMT}	INFO	[jepsen worker 4] jepsen.util: 4	:invoke	:read	nil
2025-06-27 21:00:44,399{GMT}	INFO	[jepsen worker 4] jepsen.util: 4	:ok	:read	[0 1 3 6 9 10 11 12 13 16 17 18 19 20 22 23 25 26 29 32 33 34 35 36 37 38 39]
2025-06-27 21:00:44,542{GMT}	INFO	[jepsen worker 0] jepsen.util: 0	:invoke	:broadcast	40
2025-06-27 21:00:44,543{GMT}	INFO	[jepsen worker 0] jepsen.util: 0	:ok	:broadcast	40
2025-06-27 21:00:44,730{GMT}	INFO	[jepsen worker 0] jepsen.util: 0	:invoke	:read	nil
2025-06-27 21:00:44,732{GMT}	INFO	[jepsen worker 0] jepsen.util: 0	:ok	:read	[0 1 3 6 9 10 11 12 13 16 17 18 19 20 22 23 25 26 29 32 33 34 35 36 37 38 39 40]
2025-06-27 21:00:44,785{GMT}	INFO	[jepsen worker 1] jepsen.util: 1	:invoke	:read	nil
2025-06-27 21:00:44,785{GMT}	INFO	[jepsen worker 1] jepsen.util: 1	:ok	:read	[4 7 14 27 30 33 34 35 36 37 38 39 40]
2025-06-27 21:00:44,801{GMT}	INFO	[jepsen worker 2] jepsen.util: 2	:invoke	:read	nil
2025-06-27 21:00:44,801{GMT}	INFO	[jepsen worker 2] jepsen.util: 2	:ok	:read	[2 5 8 15 21 24 28 31 33 34 35 36 37 38 39 40]
2025-06-27 21:00:44,853{GMT}	INFO	[jepsen worker 3] jepsen.util: 3	:invoke	:broadcast	41
2025-06-27 21:00:44,854{GMT}	INFO	[jepsen worker 3] jepsen.util: 3	:ok	:broadcast	41
2025-06-27 21:00:44,866{GMT}	INFO	[jepsen worker 4] jepsen.util: 4	:invoke	:read	nil
2025-06-27 21:00:44,867{GMT}	INFO	[jepsen worker 4] jepsen.util: 4	:ok	:read	[0 1 3 6 9 10 11 12 13 16 17 18 19 20 22 23 25 26 29 32 33 34 35 36 37 38 39 40]
2025-06-27 21:00:45,005{GMT}	INFO	[jepsen worker 0] jepsen.util: 0	:invoke	:read	nil
2025-06-27 21:00:45,007{GMT}	INFO	[jepsen worker 0] jepsen.util: 0	:ok	:read	[0 1 3 6 9 10 11 12 13 16 17 18 19 20 22 23 25 26 29 32 33 34 35 36 37 38 39 40]
2025-06-27 21:00:45,122{GMT}	INFO	[jepsen worker 0] jepsen.util: 0	:invoke	:broadcast	42
2025-06-27 21:00:45,123{GMT}	INFO	[jepsen worker 0] jepsen.util: 0	:ok	:broadcast	42
2025-06-27 21:00:45,209{GMT}	INFO	[jepsen worker 1] jepsen.util: 1	:invoke	:read	nil
2025-06-27 21:00:45,210{GMT}	INFO	[jepsen worker 1] jepsen.util: 1	:ok	:read	[4 7 14 27 30 33 34 35 36 37 38 39 40 42]
2025-06-27 21:00:45,280{GMT}	INFO	[jepsen worker 2] jepsen.util: 2	:invoke	:read	nil
2025-06-27 21:00:45,282{GMT}	INFO	[jepsen worker 2] jepsen.util: 2	:ok	:read	[2 5 8 15 21 24 28 31 33 34 35 36 37 38 39 40 42]
2025-06-27 21:00:45,398{GMT}	INFO	[jepsen worker 3] jepsen.util: 3	:invoke	:read	nil
2025-06-27 21:00:45,399{GMT}	INFO	[jepsen worker 3] jepsen.util: 3	:ok	:read	[0 1 3 6 9 10 11 12 13 16 17 18 19 20 22 23 25 26 29 32 33 34 35 36 37 38 39 41]
2025-06-27 21:00:45,509{GMT}	INFO	[jepsen worker 4] jepsen.util: 4	:invoke	:broadcast	43
2025-06-27 21:00:45,511{GMT}	INFO	[jepsen worker 4] jepsen.util: 4	:ok	:broadcast	43
2025-06-27 21:00:45,605{GMT}	INFO	[jepsen worker 0] jepsen.util: 0	:invoke	:broadcast	44
2025-06-27 21:00:45,607{GMT}	INFO	[jepsen worker 0] jepsen.util: 0	:ok	:broadcast	44
2025-06-27 21:00:45,810{GMT}	INFO	[jepsen worker 0] jepsen.util: 0	:invoke	:read	nil
2025-06-27 21:00:45,811{GMT}	INFO	[jepsen worker 0] jepsen.util: 0	:ok	:read	[0 1 3 6 9 10 11 12 13 16 17 18 19 20 22 23 25 26 29 32 33 34 35 36 37 38 39 40 42 43 44]
2025-06-27 21:00:45,969{GMT}	INFO	[jepsen worker 1] jepsen.util: 1	:invoke	:broadcast	45
2025-06-27 21:00:45,971{GMT}	INFO	[jepsen worker 1] jepsen.util: 1	:ok	:broadcast	45
2025-06-27 21:00:46,069{GMT}	INFO	[jepsen worker 2] jepsen.util: 2	:invoke	:read	nil
2025-06-27 21:00:46,071{GMT}	INFO	[jepsen worker 2] jepsen.util: 2	:ok	:read	[2 5 8 15 21 24 28 31 33 34 35 36 37 38 39 40 42 43 44 45]
2025-06-27 21:00:46,221{GMT}	INFO	[jepsen worker 3] jepsen.util: 3	:invoke	:read	nil
2025-06-27 21:00:46,224{GMT}	INFO	[jepsen worker 3] jepsen.util: 3	:ok	:read	[0 1 3 6 9 10 11 12 13 16 17 18 19 20 22 23 25 26 29 32 33 34 35 36 37 38 39 41]
2025-06-27 21:00:46,402{GMT}	INFO	[jepsen worker 4] jepsen.util: 4	:invoke	:broadcast	46
2025-06-27 21:00:46,405{GMT}	INFO	[jepsen worker 4] jepsen.util: 4	:ok	:broadcast	46
2025-06-27 21:00:46,442{GMT}	INFO	[jepsen worker 0] jepsen.util: 0	:invoke	:read	nil
2025-06-27 21:00:46,444{GMT}	INFO	[jepsen worker 0] jepsen.util: 0	:ok	:read	[0 1 3 6 9 10 11 12 13 16 17 18 19 20 22 23 25 26 29 32 33 34 35 36 37 38 39 40 42 43 44 45 46]
2025-06-27 21:00:46,583{GMT}	INFO	[jepsen worker 0] jepsen.util: 0	:invoke	:read	nil
2025-06-27 21:00:46,585{GMT}	INFO	[jepsen worker 0] jepsen.util: 0	:ok	:read	[0 1 3 6 9 10 11 12 13 16 17 18 19 20 22 23 25 26 29 32 33 34 35 36 37 38 39 40 42 43 44 45 46]
2025-06-27 21:00:46,784{GMT}	INFO	[jepsen worker 1] jepsen.util: 1	:invoke	:read	nil
2025-06-27 21:00:46,787{GMT}	INFO	[jepsen worker 1] jepsen.util: 1	:ok	:read	[4 7 14 27 30 33 34 35 36 37 38 39 40 42 43 44 45 46]
2025-06-27 21:00:46,868{GMT}	INFO	[jepsen worker 2] jepsen.util: 2	:invoke	:broadcast	47
2025-06-27 21:00:46,870{GMT}	INFO	[jepsen worker 2] jepsen.util: 2	:ok	:broadcast	47
2025-06-27 21:00:46,893{GMT}	INFO	[jepsen worker 3] jepsen.util: 3	:invoke	:read	nil
2025-06-27 21:00:46,895{GMT}	INFO	[jepsen worker 3] jepsen.util: 3	:ok	:read	[0 1 3 6 9 10 11 12 13 16 17 18 19 20 22 23 25 26 29 32 33 34 35 36 37 38 39 41]
2025-06-27 21:00:46,918{GMT}	INFO	[jepsen worker 4] jepsen.util: 4	:invoke	:read	nil
2025-06-27 21:00:46,920{GMT}	INFO	[jepsen worker 4] jepsen.util: 4	:ok	:read	[0 1 3 6 9 10 11 12 13 16 17 18 19 20 22 23 25 26 29 32 33 34 35 36 37 38 39 40 42 43 44 45 46 47]
2025-06-27 21:00:46,972{GMT}	INFO	[jepsen worker 0] jepsen.util: 0	:invoke	:read	nil
2025-06-27 21:00:46,974{GMT}	INFO	[jepsen worker 0] jepsen.util: 0	:ok	:read	[0 1 3 6 9 10 11 12 13 16 17 18 19 20 22 23 25 26 29 32 33 34 35 36 37 38 39 40 42 43 44 45 46 47]
2025-06-27 21:00:47,036{GMT}	INFO	[jepsen worker 0] jepsen.util: 0	:invoke	:broadcast	48
2025-06-27 21:00:47,039{GMT}	INFO	[jepsen worker 0] jepsen.util: 0	:ok	:broadcast	48
2025-06-27 21:00:47,175{GMT}	INFO	[jepsen worker 1] jepsen.util: 1	:invoke	:read	nil
2025-06-27 21:00:47,177{GMT}	INFO	[jepsen worker 1] jepsen.util: 1	:ok	:read	[4 7 14 27 30 33 34 35 36 37 38 39 40 42 43 44 45 46 47 48]
2025-06-27 21:00:47,328{GMT}	INFO	[jepsen worker 2] jepsen.util: 2	:invoke	:broadcast	49
2025-06-27 21:00:47,330{GMT}	INFO	[jepsen worker 2] jepsen.util: 2	:ok	:broadcast	49
2025-06-27 21:00:47,502{GMT}	INFO	[jepsen worker 3] jepsen.util: 3	:invoke	:read	nil
2025-06-27 21:00:47,504{GMT}	INFO	[jepsen worker 3] jepsen.util: 3	:ok	:read	[0 1 3 6 9 10 11 12 13 16 17 18 19 20 22 23 25 26 29 32 33 34 35 36 37 38 39 41]
2025-06-27 21:00:47,626{GMT}	INFO	[jepsen worker 4] jepsen.util: 4	:invoke	:read	nil
2025-06-27 21:00:47,628{GMT}	INFO	[jepsen worker 4] jepsen.util: 4	:ok	:read	[0 1 3 6 9 10 11 12 13 16 17 18 19 20 22 23 25 26 29 32 33 34 35 36 37 38 39 40 42 43 44 45 46 47 48 49]
2025-06-27 21:00:47,758{GMT}	INFO	[jepsen worker 0] jepsen.util: 0	:invoke	:broadcast	50
2025-06-27 21:00:47,761{GMT}	INFO	[jepsen worker 0] jepsen.util: 0	:ok	:broadcast	50
2025-06-27 21:00:47,935{GMT}	INFO	[jepsen worker 0] jepsen.util: 0	:invoke	:read	nil
2025-06-27 21:00:47,938{GMT}	INFO	[jepsen worker 0] jepsen.util: 0	:ok	:read	[0 1 3 6 9 10 11 12 13 16 17 18 19 20 22 23 25 26 29 32 33 34 35 36 37 38 39 40 42 43 44 45 46 47 48 49 50]
2025-06-27 21:00:48,103{GMT}	INFO	[jepsen worker 1] jepsen.util: 1	:invoke	:broadcast	51
2025-06-27 21:00:48,105{GMT}	INFO	[jepsen worker 1] jepsen.util: 1	:ok	:broadcast	51
2025-06-27 21:00:48,201{GMT}	INFO	[jepsen worker 2] jepsen.util: 2	:invoke	:read	nil
2025-06-27 21:00:48,204{GMT}	INFO	[jepsen worker 2] jepsen.util: 2	:ok	:read	[2 5 8 15 21 24 28 31 33 34 35 36 37 38 39 40 42 43 44 45 46 47 48 49 50 51]
2025-06-27 21:00:48,358{GMT}	INFO	[jepsen worker 3] jepsen.util: 3	:invoke	:broadcast	52
2025-06-27 21:00:48,359{GMT}	INFO	[jepsen worker 3] jepsen.util: 3	:ok	:broadcast	52
2025-06-27 21:00:48,464{GMT}	INFO	[jepsen worker 4] jepsen.util: 4	:invoke	:broadcast	53
2025-06-27 21:00:48,465{GMT}	INFO	[jepsen worker 4] jepsen.util: 4	:ok	:broadcast	53
2025-06-27 21:00:48,667{GMT}	INFO	[jepsen worker 0] jepsen.util: 0	:invoke	:broadcast	54
2025-06-27 21:00:48,669{GMT}	INFO	[jepsen worker 0] jepsen.util: 0	:ok	:broadcast	54
2025-06-27 21:00:48,754{GMT}	INFO	[jepsen worker 0] jepsen.util: 0	:invoke	:broadcast	55
2025-06-27 21:00:48,754{GMT}	INFO	[jepsen worker 0] jepsen.util: 0	:ok	:broadcast	55
2025-06-27 21:00:48,895{GMT}	INFO	[jepsen worker 1] jepsen.util: 1	:invoke	:read	nil
2025-06-27 21:00:48,897{GMT}	INFO	[jepsen worker 1] jepsen.util: 1	:ok	:read	[4 7 14 27 30 33 34 35 36 37 38 39 40 42 43 44 45 46 47 48 49 50 51 53 54 55]
2025-06-27 21:00:49,061{GMT}	INFO	[jepsen worker 2] jepsen.util: 2	:invoke	:read	nil
2025-06-27 21:00:49,063{GMT}	INFO	[jepsen worker 2] jepsen.util: 2	:ok	:read	[2 5 8 15 21 24 28 31 33 34 35 36 37 38 39 40 42 43 44 45 46 47 48 49 50 51 53 54 55]
2025-06-27 21:00:49,218{GMT}	INFO	[jepsen worker 3] jepsen.util: 3	:invoke	:broadcast	56
2025-06-27 21:00:49,220{GMT}	INFO	[jepsen worker 3] jepsen.util: 3	:ok	:broadcast	56
2025-06-27 21:00:49,395{GMT}	INFO	[jepsen worker 4] jepsen.util: 4	:invoke	:read	nil
2025-06-27 21:00:49,397{GMT}	INFO	[jepsen worker 4] jepsen.util: 4	:ok	:read	[0 1 3 6 9 10 11 12 13 16 17 18 19 20 22 23 25 26 29 32 33 34 35 36 37 38 39 40 42 43 44 45 46 47 48 49 50 51 53 54 55]
2025-06-27 21:00:49,597{GMT}	INFO	[jepsen worker 0] jepsen.util: 0	:invoke	:broadcast	57
2025-06-27 21:00:49,599{GMT}	INFO	[jepsen worker 0] jepsen.util: 0	:ok	:broadcast	57
2025-06-27 21:00:49,789{GMT}	INFO	[jepsen worker 0] jepsen.util: 0	:invoke	:read	nil
2025-06-27 21:00:49,791{GMT}	INFO	[jepsen worker 0] jepsen.util: 0	:ok	:read	[0 1 3 6 9 10 11 12 13 16 17 18 19 20 22 23 25 26 29 32 33 34 35 36 37 38 39 40 42 43 44 45 46 47 48 49 50 51 53 54 55 57]
2025-06-27 21:00:49,896{GMT}	INFO	[jepsen worker 1] jepsen.util: 1	:invoke	:read	nil
2025-06-27 21:00:49,898{GMT}	INFO	[jepsen worker 1] jepsen.util: 1	:ok	:read	[4 7 14 27 30 33 34 35 36 37 38 39 40 42 43 44 45 46 47 48 49 50 51 53 54 55 57]
2025-06-27 21:00:50,015{GMT}	INFO	[jepsen worker 2] jepsen.util: 2	:invoke	:read	nil
2025-06-27 21:00:50,017{GMT}	INFO	[jepsen worker 2] jepsen.util: 2	:ok	:read	[2 5 8 15 21 24 28 31 33 34 35 36 37 38 39 40 42 43 44 45 46 47 48 49 50 51 53 54 55 57]
2025-06-27 21:00:50,111{GMT}	INFO	[jepsen worker 3] jepsen.util: 3	:invoke	:read	nil
2025-06-27 21:00:50,114{GMT}	INFO	[jepsen worker 3] jepsen.util: 3	:ok	:read	[0 1 3 6 9 10 11 12 13 16 17 18 19 20 22 23 25 26 29 32 33 34 35 36 37 38 39 41 52 56]
2025-06-27 21:00:50,234{GMT}	INFO	[jepsen worker 4] jepsen.util: 4	:invoke	:read	nil
2025-06-27 21:00:50,236{GMT}	INFO	[jepsen worker 4] jepsen.util: 4	:ok	:read	[0 1 3 6 9 10 11 12 13 16 17 18 19 20 22 23 25 26 29 32 33 34 35 36 37 38 39 40 42 43 44 45 46 47 48 49 50 51 53 54 55 57]
2025-06-27 21:00:50,279{GMT}	INFO	[jepsen worker 0] jepsen.util: 0	:invoke	:broadcast	58
2025-06-27 21:00:50,279{GMT}	INFO	[jepsen worker 0] jepsen.util: 0	:ok	:broadcast	58
2025-06-27 21:00:50,463{GMT}	INFO	[jepsen worker 0] jepsen.util: 0	:invoke	:read	nil
2025-06-27 21:00:50,464{GMT}	INFO	[jepsen worker 0] jepsen.util: 0	:ok	:read	[0 1 3 6 9 10 11 12 13 16 17 18 19 20 22 23 25 26 29 32 33 34 35 36 37 38 39 40 42 43 44 45 46 47 48 49 50 51 53 54 55 57 58]
2025-06-27 21:00:50,636{GMT}	INFO	[jepsen worker 1] jepsen.util: 1	:invoke	:broadcast	59
2025-06-27 21:00:50,636{GMT}	INFO	[jepsen worker 1] jepsen.util: 1	:ok	:broadcast	59
2025-06-27 21:00:50,778{GMT}	INFO	[jepsen worker 2] jepsen.util: 2	:invoke	:broadcast	60
2025-06-27 21:00:50,779{GMT}	INFO	[jepsen worker 2] jepsen.util: 2	:ok	:broadcast	60
2025-06-27 21:00:50,903{GMT}	INFO	[jepsen worker 3] jepsen.util: 3	:invoke	:broadcast	61
2025-06-27 21:00:50,904{GMT}	INFO	[jepsen worker 3] jepsen.util: 3	:ok	:broadcast	61
2025-06-27 21:00:51,088{GMT}	INFO	[jepsen worker 4] jepsen.util: 4	:invoke	:read	nil
2025-06-27 21:00:51,090{GMT}	INFO	[jepsen worker 4] jepsen.util: 4	:ok	:read	[0 1 3 6 9 10 11 12 13 16 17 18 19 20 22 23 25 26 29 32 33 34 35 36 37 38 39 40 42 43 44 45 46 47 48 49 50 51 53 54 55 57 58 59 60]
2025-06-27 21:00:51,149{GMT}	INFO	[jepsen worker 0] jepsen.util: 0	:invoke	:broadcast	62
2025-06-27 21:00:51,149{GMT}	INFO	[jepsen worker 0] jepsen.util: 0	:ok	:broadcast	62
2025-06-27 21:00:51,195{GMT}	INFO	[jepsen worker 0] jepsen.util: 0	:invoke	:broadcast	63
2025-06-27 21:00:51,196{GMT}	INFO	[jepsen worker 0] jepsen.util: 0	:ok	:broadcast	63
2025-06-27 21:00:51,285{GMT}	INFO	[jepsen worker 1] jepsen.util: 1	:invoke	:broadcast	64
2025-06-27 21:00:51,285{GMT}	INFO	[jepsen worker 1] jepsen.util: 1	:ok	:broadcast	64
2025-06-27 21:00:51,332{GMT}	INFO	[jepsen worker 2] jepsen.util: 2	:invoke	:broadcast	65
2025-06-27 21:00:51,333{GMT}	INFO	[jepsen worker 2] jepsen.util: 2	:ok	:broadcast	65
2025-06-27 21:00:51,405{GMT}	INFO	[jepsen worker 3] jepsen.util: 3	:invoke	:read	nil
2025-06-27 21:00:51,406{GMT}	INFO	[jepsen worker 3] jepsen.util: 3	:ok	:read	[0 1 3 6 9 10 11 12 13 16 17 18 19 20 22 23 25 26 29 32 33 34 35 36 37 38 39 41 52 56 61]
2025-06-27 21:00:51,438{GMT}	INFO	[jepsen worker 4] jepsen.util: 4	:invoke	:read	nil
2025-06-27 21:00:51,439{GMT}	INFO	[jepsen worker 4] jepsen.util: 4	:ok	:read	[0 1 3 6 9 10 11 12 13 16 17 18 19 20 22 23 25 26 29 32 33 34 35 36 37 38 39 40 42 43 44 45 46 47 48 49 50 51 53 54 55 57 58 59 60 62 63 64 65]
2025-06-27 21:00:51,549{GMT}	INFO	[jepsen worker 0] jepsen.util: 0	:invoke	:broadcast	66
2025-06-27 21:00:51,549{GMT}	INFO	[jepsen worker 0] jepsen.util: 0	:ok	:broadcast	66
2025-06-27 21:00:51,563{GMT}	INFO	[jepsen worker 0] jepsen.util: 0	:invoke	:read	nil
2025-06-27 21:00:51,564{GMT}	INFO	[jepsen worker 0] jepsen.util: 0	:ok	:read	[0 1 3 6 9 10 11 12 13 16 17 18 19 20 22 23 25 26 29 32 33 34 35 36 37 38 39 40 42 43 44 45 46 47 48 49 50 51 53 54 55 57 58 59 60 62 63 64 65 66]
2025-06-27 21:00:51,605{GMT}	INFO	[jepsen worker 1] jepsen.util: 1	:invoke	:read	nil
2025-06-27 21:00:51,606{GMT}	INFO	[jepsen worker 1] jepsen.util: 1	:ok	:read	[4 7 14 27 30 33 34 35 36 37 38 39 40 42 43 44 45 46 47 48 49 50 51 53 54 55 57 58 59 60 62 63 64 65 66]
2025-06-27 21:00:51,728{GMT}	INFO	[jepsen worker 2] jepsen.util: 2	:invoke	:broadcast	67
2025-06-27 21:00:51,729{GMT}	INFO	[jepsen worker 2] jepsen.util: 2	:ok	:broadcast	67
2025-06-27 21:00:51,744{GMT}	INFO	[jepsen worker 3] jepsen.util: 3	:invoke	:read	nil
2025-06-27 21:00:51,745{GMT}	INFO	[jepsen worker 3] jepsen.util: 3	:ok	:read	[0 1 3 6 9 10 11 12 13 16 17 18 19 20 22 23 25 26 29 32 33 34 35 36 37 38 39 41 52 56 61]
2025-06-27 21:00:51,802{GMT}	INFO	[jepsen worker 4] jepsen.util: 4	:invoke	:broadcast	68
2025-06-27 21:00:51,803{GMT}	INFO	[jepsen worker 4] jepsen.util: 4	:ok	:broadcast	68
2025-06-27 21:00:51,969{GMT}	INFO	[jepsen worker 0] jepsen.util: 0	:invoke	:read	nil
2025-06-27 21:00:51,971{GMT}	INFO	[jepsen worker 0] jepsen.util: 0	:ok	:read	[0 1 3 6 9 10 11 12 13 16 17 18 19 20 22 23 25 26 29 32 33 34 35 36 37 38 39 40 42 43 44 45 46 47 48 49 50 51 53 54 55 57 58 59 60 62 63 64 65 66 67 68]
2025-06-27 21:00:52,105{GMT}	INFO	[jepsen worker 0] jepsen.util: 0	:invoke	:read	nil
2025-06-27 21:00:52,107{GMT}	INFO	[jepsen worker 0] jepsen.util: 0	:ok	:read	[0 1 3 6 9 10 11 12 13 16 17 18 19 20 22 23 25 26 29 32 33 34 35 36 37 38 39 40 42 43 44 45 46 47 48 49 50 51 53 54 55 57 58 59 60 62 63 64 65 66 67 68]
2025-06-27 21:00:52,196{GMT}	INFO	[jepsen worker 1] jepsen.util: 1	:invoke	:read	nil
2025-06-27 21:00:52,198{GMT}	INFO	[jepsen worker 1] jepsen.util: 1	:ok	:read	[4 7 14 27 30 33 34 35 36 37 38 39 40 42 43 44 45 46 47 48 49 50 51 53 54 55 57 58 59 60 62 63 64 65 66 67 68]
2025-06-27 21:00:52,297{GMT}	INFO	[jepsen worker 2] jepsen.util: 2	:invoke	:broadcast	69
2025-06-27 21:00:52,299{GMT}	INFO	[jepsen worker 2] jepsen.util: 2	:ok	:broadcast	69
2025-06-27 21:00:52,310{GMT}	INFO	[jepsen worker 3] jepsen.util: 3	:invoke	:broadcast	70
2025-06-27 21:00:52,312{GMT}	INFO	[jepsen worker 3] jepsen.util: 3	:ok	:broadcast	70
2025-06-27 21:00:52,492{GMT}	INFO	[jepsen worker 4] jepsen.util: 4	:invoke	:broadcast	71
2025-06-27 21:00:52,494{GMT}	INFO	[jepsen worker 4] jepsen.util: 4	:ok	:broadcast	71
2025-06-27 21:00:52,622{GMT}	INFO	[jepsen worker 0] jepsen.util: 0	:invoke	:read	nil
2025-06-27 21:00:52,624{GMT}	INFO	[jepsen worker 0] jepsen.util: 0	:ok	:read	[0 1 3 6 9 10 11 12 13 16 17 18 19 20 22 23 25 26 29 32 33 34 35 36 37 38 39 40 42 43 44 45 46 47 48 49 50 51 53 54 55 57 58 59 60 62 63 64 65 66 67 68 69 71]
2025-06-27 21:00:52,795{GMT}	INFO	[jepsen worker 0] jepsen.util: 0	:invoke	:broadcast	72
2025-06-27 21:00:52,796{GMT}	INFO	[jepsen worker 0] jepsen.util: 0	:ok	:broadcast	72
2025-06-27 21:00:52,813{GMT}	INFO	[jepsen worker 1] jepsen.util: 1	:invoke	:read	nil
2025-06-27 21:00:52,815{GMT}	INFO	[jepsen worker 1] jepsen.util: 1	:ok	:read	[4 7 14 27 30 33 34 35 36 37 38 39 40 42 43 44 45 46 47 48 49 50 51 53 54 55 57 58 59 60 62 63 64 65 66 67 68 69 71 72]
2025-06-27 21:00:52,834{GMT}	INFO	[jepsen worker nemesis] jepsen.util: :nemesis	:info	:stop-partition	nil
2025-06-27 21:00:52,834{GMT}	INFO	[jepsen worker nemesis] jepsen.util: :nemesis	:info	:stop-partition	:network-healed
2025-06-27 21:00:52,898{GMT}	INFO	[jepsen worker 3] jepsen.util: 3	:invoke	:broadcast	73
2025-06-27 21:00:52,900{GMT}	INFO	[jepsen worker 3] jepsen.util: 3	:ok	:broadcast	73
2025-06-27 21:00:53,056{GMT}	INFO	[jepsen worker 4] jepsen.util: 4	:invoke	:broadcast	74
2025-06-27 21:00:53,058{GMT}	INFO	[jepsen worker 4] jepsen.util: 4	:ok	:broadcast	74
2025-06-27 21:00:53,090{GMT}	INFO	[jepsen worker nemesis] jepsen.util: :nemesis	:info	:start-partition	:majority
2025-06-27 21:00:53,092{GMT}	INFO	[jepsen worker nemesis] jepsen.util: :nemesis	:info	:start-partition	[:isolated {"n2" #{"n1" "n0" "n3"}, "n4" #{"n1" "n0" "n3"}, "n1" #{"n2" "n4"}, "n0" #{"n2" "n4"}, "n3" #{"n2" "n4"}}]
2025-06-27 21:00:53,114{GMT}	INFO	[jepsen worker 0] jepsen.util: 0	:invoke	:read	nil
2025-06-27 21:00:53,115{GMT}	INFO	[jepsen worker 0] jepsen.util: 0	:ok	:read	[0 1 3 6 9 10 11 12 13 16 17 18 19 20 22 23 25 26 29 32 33 34 35 36 37 38 39 40 42 43 44 45 46 47 48 49 50 51 53 54 55 57 58 59 60 62 63 64 65 66 67 68 69 71 72 73 74]
2025-06-27 21:00:53,239{GMT}	INFO	[jepsen worker 1] jepsen.util: 1	:invoke	:read	nil
2025-06-27 21:00:53,240{GMT}	INFO	[jepsen worker 1] jepsen.util: 1	:ok	:read	[4 7 14 27 30 33 34 35 36 37 38 39 40 42 43 44 45 46 47 48 49 50 51 53 54 55 57 58 59 60 62 63 64 65 66 67 68 69 71 72 73 74]
2025-06-27 21:00:53,380{GMT}	INFO	[jepsen worker 2] jepsen.util: 2	:invoke	:broadcast	75
2025-06-27 21:00:53,382{GMT}	INFO	[jepsen worker 2] jepsen.util: 2	:ok	:broadcast	75
2025-06-27 21:00:53,386{GMT}	INFO	[jepsen worker 3] jepsen.util: 3	:invoke	:broadcast	76
2025-06-27 21:00:53,387{GMT}	INFO	[jepsen worker 3] jepsen.util: 3	:ok	:broadcast	76
2025-06-27 21:00:53,404{GMT}	INFO	[jepsen worker 4] jepsen.util: 4	:invoke	:broadcast	77
2025-06-27 21:00:53,405{GMT}	INFO	[jepsen worker 4] jepsen.util: 4	:ok	:broadcast	77
2025-06-27 21:00:53,519{GMT}	INFO	[jepsen worker 0] jepsen.util: 0	:invoke	:broadcast	78
2025-06-27 21:00:53,521{GMT}	INFO	[jepsen worker 0] jepsen.util: 0	:ok	:broadcast	78
2025-06-27 21:00:53,566{GMT}	INFO	[jepsen worker 0] jepsen.util: 0	:invoke	:read	nil
2025-06-27 21:00:53,568{GMT}	INFO	[jepsen worker 0] jepsen.util: 0	:ok	:read	[0 1 3 6 9 10 11 12 13 16 17 18 19 20 22 23 25 26 29 32 33 34 35 36 37 38 39 40 42 43 44 45 46 47 48 49 50 51 53 54 55 57 58 59 60 62 63 64 65 66 67 68 69 71 72 73 74 76 78]
2025-06-27 21:00:53,745{GMT}	INFO	[jepsen worker 1] jepsen.util: 1	:invoke	:read	nil
2025-06-27 21:00:53,746{GMT}	INFO	[jepsen worker 1] jepsen.util: 1	:ok	:read	[4 7 14 27 30 33 34 35 36 37 38 39 40 42 43 44 45 46 47 48 49 50 51 53 54 55 57 58 59 60 62 63 64 65 66 67 68 69 71 72 73 74 76 78]
2025-06-27 21:00:53,771{GMT}	INFO	[jepsen worker 2] jepsen.util: 2	:invoke	:broadcast	79
2025-06-27 21:00:53,772{GMT}	INFO	[jepsen worker 2] jepsen.util: 2	:ok	:broadcast	79
2025-06-27 21:00:53,963{GMT}	INFO	[jepsen worker 3] jepsen.util: 3	:invoke	:read	nil
2025-06-27 21:00:53,964{GMT}	INFO	[jepsen worker 3] jepsen.util: 3	:ok	:read	[0 1 3 6 9 10 11 12 13 16 17 18 19 20 22 23 25 26 29 32 33 34 35 36 37 38 39 41 52 56 61 70 73 74 76 78]
2025-06-27 21:00:54,134{GMT}	INFO	[jepsen worker 4] jepsen.util: 4	:invoke	:read	nil
2025-06-27 21:00:54,135{GMT}	INFO	[jepsen worker 4] jepsen.util: 4	:ok	:read	[0 1 3 6 9 10 11 12 13 16 17 18 19 20 22 23 25 26 29 32 33 34 35 36 37 38 39 40 42 43 44 45 46 47 48 49 50 51 53 54 55 57 58 59 60 62 63 64 65 66 67 68 69 71 72 73 74 77]
2025-06-27 21:00:54,250{GMT}	INFO	[jepsen worker 0] jepsen.util: 0	:invoke	:read	nil
2025-06-27 21:00:54,251{GMT}	INFO	[jepsen worker 0] jepsen.util: 0	:ok	:read	[0 1 3 6 9 10 11 12 13 16 17 18 19 20 22 23 25 26 29 32 33 34 35 36 37 38 39 40 42 43 44 45 46 47 48 49 50 51 53 54 55 57 58 59 60 62 63 64 65 66 67 68 69 71 72 73 74 76 78]
2025-06-27 21:00:54,270{GMT}	INFO	[jepsen worker 0] jepsen.util: 0	:invoke	:read	nil
2025-06-27 21:00:54,271{GMT}	INFO	[jepsen worker 0] jepsen.util: 0	:ok	:read	[0 1 3 6 9 10 11 12 13 16 17 18 19 20 22 23 25 26 29 32 33 34 35 36 37 38 39 40 42 43 44 45 46 47 48 49 50 51 53 54 55 57 58 59 60 62 63 64 65 66 67 68 69 71 72 73 74 76 78]
2025-06-27 21:00:54,355{GMT}	INFO	[jepsen worker 1] jepsen.util: 1	:invoke	:read	nil
2025-06-27 21:00:54,356{GMT}	INFO	[jepsen worker 1] jepsen.util: 1	:ok	:read	[4 7 14 27 30 33 34 35 36 37 38 39 40 42 43 44 45 46 47 48 49 50 51 53 54 55 57 58 59 60 62 63 64 65 66 67 68 69 71 72 73 74 76 78]
2025-06-27 21:00:54,422{GMT}	INFO	[jepsen worker 2] jepsen.util: 2	:invoke	:broadcast	80
2025-06-27 21:00:54,423{GMT}	INFO	[jepsen worker 2] jepsen.util: 2	:ok	:broadcast	80
2025-06-27 21:00:54,528{GMT}	INFO	[jepsen worker 3] jepsen.util: 3	:invoke	:read	nil
2025-06-27 21:00:54,529{GMT}	INFO	[jepsen worker 3] jepsen.util: 3	:ok	:read	[0 1 3 6 9 10 11 12 13 16 17 18 19 20 22 23 25 26 29 32 33 34 35 36 37 38 39 41 52 56 61 70 73 74 76 78]
2025-06-27 21:00:54,530{GMT}	INFO	[jepsen worker nemesis] jepsen.util: :nemesis	:info	:stop-partition	nil
2025-06-27 21:00:54,530{GMT}	INFO	[jepsen worker nemesis] jepsen.util: :nemesis	:info	:stop-partition	:network-healed
2025-06-27 21:00:54,531{GMT}	INFO	[jepsen worker nemesis] jepsen.generator.interpreter: Waiting for recovery...
2025-06-27 21:01:04,543{GMT}	INFO	[jepsen worker 3] jepsen.util: 3	:invoke	:read	nil
2025-06-27 21:01:04,544{GMT}	INFO	[jepsen worker 4] jepsen.util: 4	:invoke	:read	nil
2025-06-27 21:01:04,543{GMT}	INFO	[jepsen worker 1] jepsen.util: 1	:invoke	:read	nil
2025-06-27 21:01:04,543{GMT}	INFO	[jepsen worker 0] jepsen.util: 0	:invoke	:read	nil
2025-06-27 21:01:04,543{GMT}	INFO	[jepsen worker 2] jepsen.util: 2	:invoke	:read	nil
2025-06-27 21:01:04,547{GMT}	INFO	[jepsen worker 3] jepsen.util: 3	:ok	:read	[0 1 3 6 9 10 11 12 13 16 17 18 19 20 22 23 25 26 29 32 33 34 35 36 37 38 39 41 52 56 61 70 73 74 76 78]
2025-06-27 21:01:04,547{GMT}	INFO	[jepsen worker 1] jepsen.util: 1	:ok	:read	[4 7 14 27 30 33 34 35 36 37 38 39 40 42 43 44 45 46 47 48 49 50 51 53 54 55 57 58 59 60 62 63 64 65 66 67 68 69 71 72 73 74 76 78]
2025-06-27 21:01:04,547{GMT}	INFO	[jepsen worker 4] jepsen.util: 4	:ok	:read	[0 1 3 6 9 10 11 12 13 16 17 18 19 20 22 23 25 26 29 32 33 34 35 36 37 38 39 40 42 43 44 45 46 47 48 49 50 51 53 54 55 57 58 59 60 62 63 64 65 66 67 68 69 71 72 73 74 77]
2025-06-27 21:01:04,547{GMT}	INFO	[jepsen worker 2] jepsen.util: 2	:ok	:read	[2 5 8 15 21 24 28 31 33 34 35 36 37 38 39 40 42 43 44 45 46 47 48 49 50 51 53 54 55 57 58 59 60 62 63 64 65 66 67 68 69 71 72 73 74 75 79 80]
2025-06-27 21:01:04,547{GMT}	INFO	[jepsen worker 0] jepsen.util: 0	:ok	:read	[0 1 3 6 9 10 11 12 13 16 17 18 19 20 22 23 25 26 29 32 33 34 35 36 37 38 39 40 42 43 44 45 46 47 48 49 50 51 53 54 55 57 58 59 60 62 63 64 65 66 67 68 69 71 72 73 74 76 78]
2025-06-27 21:01:04,564{GMT}	INFO	[jepsen test runner] jepsen.core: Run complete, writing
2025-06-27 21:01:04,602{GMT}	INFO	[jepsen node n1] maelstrom.db: Tearing down n1
2025-06-27 21:01:04,602{GMT}	INFO	[jepsen node n2] maelstrom.db: Tearing down n2
2025-06-27 21:01:04,604{GMT}	INFO	[jepsen node n3] maelstrom.db: Tearing down n3
2025-06-27 21:01:04,602{GMT}	INFO	[jepsen node n0] maelstrom.db: Tearing down n0
2025-06-27 21:01:04,604{GMT}	INFO	[jepsen node n4] maelstrom.db: Tearing down n4
2025-06-27 21:01:06,398{GMT}	INFO	[jepsen node n0] maelstrom.net: Shutting down Maelstrom network
2025-06-27 21:01:06,405{GMT}	INFO	[jepsen test runner] jepsen.core: Analyzing...
2025-06-27 21:01:06,873{GMT}	INFO	[jepsen test runner] jepsen.core: Analysis complete
2025-06-27 21:01:06,900{GMT}	INFO	[jepsen results] jepsen.store: Wrote /Users/anandtrehan/flyio_challenges/maelstrom/store/broadcast/20250627T210032.901-0400/results.edn
2025-06-27 21:01:06,922{GMT}	INFO	[jepsen test runner] jepsen.core: {:perf {:latency-graph {:valid? true},
        :rate-graph {:valid? true},
        :valid? true},
 :timeline {:valid? true},
 :exceptions {:valid? true},
 :stats {:valid? true,
         :count 190,
         :ok-count 190,
         :fail-count 0,
         :info-count 0,
         :by-f {:broadcast {:valid? true,
                            :count 81,
                            :ok-count 81,
                            :fail-count 0,
                            :info-count 0},
                :read {:valid? true,
                       :count 109,
                       :ok-count 109,
                       :fail-count 0,
                       :info-count 0}}},
 :availability {:valid? true, :ok-fraction 1.0},
 :net {:all {:send-count 1232,
             :recv-count 1092,
             :msg-count 1232,
             :msgs-per-op 6.4842105},
       :clients {:send-count 400, :recv-count 400, :msg-count 400},
       :servers {:send-count 832,
                 :recv-count 692,
                 :msg-count 832,
                 :msgs-per-op 4.3789473},
       :valid? true},
 :workload {:worst-stale ({:element 0,
                           :outcome :stable,
                           :stable-latency 29969,
                           :lost-latency nil,
                           :known #jepsen.history.Op{:index 2,
                                                     :time 21528333,
                                                     :type :ok,
                                                     :process 0,
                                                     :f :add,
                                                     :value 0},
                           :last-absent #jepsen.history.Op{:index 385,
                                                           :time 29990962042,
                                                           :type :invoke,
                                                           :process 2,
                                                           :f :read,
                                                           :value nil,
                                                           :final? true}}
                          {:element 1,
                           :outcome :stable,
                           :stable-latency 29639,
                           :lost-latency nil,
                           :known #jepsen.history.Op{:index 7,
                                                     :time 351542667,
                                                     :type :ok,
                                                     :process 3,
                                                     :f :add,
                                                     :value 1},
                           :last-absent #jepsen.history.Op{:index 385,
                                                           :time 29990962042,
                                                           :type :invoke,
                                                           :process 2,
                                                           :f :read,
                                                           :value nil,
                                                           :final? true}}
                          {:element 3,
                           :outcome :stable,
                           :stable-latency 28850,
                           :lost-latency nil,
                           :known #jepsen.history.Op{:index 21,
                                                     :time 1140576125,
                                                     :type :ok,
                                                     :process 4,
                                                     :f :add,
                                                     :value 3},
                           :last-absent #jepsen.history.Op{:index 385,
                                                           :time 29990962042,
                                                           :type :invoke,
                                                           :process 2,
                                                           :f :read,
                                                           :value nil,
                                                           :final? true}}
                          {:element 6,
                           :outcome :stable,
                           :stable-latency 28062,
                           :lost-latency nil,
                           :known #jepsen.history.Op{:index 31,
                                                     :time 1928291750,
                                                     :type :ok,
                                                     :process 3,
                                                     :f :add,
                                                     :value 6},
                           :last-absent #jepsen.history.Op{:index 385,
                                                           :time 29990962042,
                                                           :type :invoke,
                                                           :process 2,
                                                           :f :read,
                                                           :value nil,
                                                           :final? true}}
                          {:element 9,
                           :outcome :stable,
                           :stable-latency 27262,
                           :lost-latency nil,
                           :known #jepsen.history.Op{:index 45,
                                                     :time 2728375375,
                                                     :type :ok,
                                                     :process 4,
                                                     :f :add,
                                                     :value 9},
                           :last-absent #jepsen.history.Op{:index 385,
                                                           :time 29990962042,
                                                           :type :invoke,
                                                           :process 2,
                                                           :f :read,
                                                           :value nil,
                                                           :final? true}}
                          {:element 10,
                           :outcome :stable,
                           :stable-latency 27168,
                           :lost-latency nil,
                           :known #jepsen.history.Op{:index 47,
                                                     :time 2822543708,
                                                     :type :ok,
                                                     :process 0,
                                                     :f :add,
                                                     :value 10},
                           :last-absent #jepsen.history.Op{:index 385,
                                                           :time 29990962042,
                                                           :type :invoke,
                                                           :process 2,
                                                           :f :read,
                                                           :value nil,
                                                           :final? true}}
                          {:element 11,
                           :outcome :stable,
                           :stable-latency 27110,
                           :lost-latency nil,
                           :known #jepsen.history.Op{:index 49,
                                                     :time 2880880583,
                                                     :type :ok,
                                                     :process 0,
                                                     :f :add,
                                                     :value 11},
                           :last-absent #jepsen.history.Op{:index 385,
                                                           :time 29990962042,
                                                           :type :invoke,
                                                           :process 2,
                                                           :f :read,
                                                           :value nil,
                                                           :final? true}}
                          {:element 12,
                           :outcome :stable,
                           :stable-latency 26847,
                           :lost-latency nil,
                           :known #jepsen.history.Op{:index 55,
                                                     :time 3143502708,
                                                     :type :ok,
                                                     :process 3,
                                                     :f :add,
                                                     :value 12},
                           :last-absent #jepsen.history.Op{:index 385,
                                                           :time 29990962042,
                                                           :type :invoke,
                                                           :process 2,
                                                           :f :read,
                                                           :value nil,
                                                           :final? true}}),
            :duplicated-count 0,
            :valid? false,
            :lost-count 23,
            :lost (2
                   4
                   5
                   7
                   8
                   14
                   15
                   21
                   24
                   27
                   28
                   30
                   31
                   41
                   52
                   56
                   61
                   70
                   75
                   76
                   78
                   79
                   80),
            :stable-count 58,
            :stale-count 49,
            :stale (0
                    1
                    3
                    6
                    9
                    10
                    11
                    12
                    13
                    16
                    17
                    18
                    19
                    20
                    22
                    23
                    25
                    26
                    29
                    32
                    40
                    42
                    43
                    44
                    45
                    46
                    47
                    48
                    49
                    50
                    51
                    53
                    54
                    55
                    57
                    58
                    59
                    60
                    62
                    63
                    64
                    65
                    66
                    67
                    68
                    69
                    71
                    72
                    77),
            :never-read-count 0,
            :stable-latencies {0 0,
                               0.5 17212,
                               0.95 28850,
                               0.99 29969,
                               1 29969},
            :attempt-count 81,
            :lost-latencies {0 10119,
                             0.5 23091,
                             0.95 28395,
                             0.99 29039,
                             1 29039},
            :never-read (),
            :duplicated {}},
 :valid? false}


Analysis invalid! ( 
