2025-06-03 13:12:27,839{GMT}	INFO	[jepsen test runner] jepsen.core: Command line:
lein run test -w broadcast --bin /Users/anandtrehan/go/bin/maelstrom-broadcast --node-count 1 --time-limit 20 --rate 10
2025-06-03 13:12:27,903{GMT}	INFO	[jepsen test runner] jepsen.core: Running test:
{:args []
 :remote
 #jepsen.control.retry.Remote{:remote #jepsen.control.scp.Remote{:cmd-remote #jepsen.control.sshj.SSHJRemote{:concurrency-limit 6,
                                                                                                             :conn-spec nil,
                                                                                                             :client nil,
                                                                                                             :semaphore nil},
                                                                 :conn-spec nil},
                              :conn nil}
 :log-net-send false
 :node-count 1
 :availability nil
 :max-txn-length 4
 :concurrency 1
 :db
 #object[maelstrom.db$db$reify__16142
         "0x2110b756"
         "maelstrom.db$db$reify__16142@2110b756"]
 :max-writes-per-key 16
 :leave-db-running? false
 :name "broadcast"
 :logging-json? false
 :start-time
 #object[org.joda.time.DateTime "0x27d6ff8c" "2025-06-03T13:12:27.808-04:00"]
 :nemesis-interval 10
 :net
 #object[maelstrom.net$jepsen_net$reify__15251
         "0x105c253a"
         "maelstrom.net$jepsen_net$reify__15251@105c253a"]
 :client
 #object[maelstrom.workload.broadcast$client$reify__16644
         "0x156322ce"
         "maelstrom.workload.broadcast$client$reify__16644@156322ce"]
 :barrier
 #object[java.util.concurrent.CyclicBarrier
         "0x546f0f36"
         "java.util.concurrent.CyclicBarrier@546f0f36"]
 :log-stderr false
 :pure-generators true
 :ssh {:dummy? true}
 :rate 10.0
 :checker
 #object[jepsen.checker$compose$reify__11881
         "0x44d5a0a8"
         "jepsen.checker$compose$reify__11881@44d5a0a8"]
 :argv
 ("test"
  "-w"
  "broadcast"
  "--bin"
  "/Users/anandtrehan/go/bin/maelstrom-broadcast"
  "--node-count"
  "1"
  "--time-limit"
  "20"
  "--rate"
  "10")
 :nemesis
 (jepsen.nemesis.ReflCompose
  {:fm {:start-partition 0,
        :stop-partition 0,
        :kill 1,
        :start 1,
        :pause 1,
        :resume 1},
   :nemeses [#unprintable "jepsen.nemesis.combined$partition_nemesis$reify__16416@35d128fd"
             #unprintable "jepsen.nemesis.combined$db_nemesis$reify__16397@39a809db"]})
 :nodes ["n0"]
 :test-count 1
 :latency {:mean 0, :dist :constant}
 :bin "/Users/anandtrehan/go/bin/maelstrom-broadcast"
 :generator
 ((jepsen.generator.Synchronize
   {:gen (jepsen.generator.TimeLimit
          {:limit 20000000000,
           :cutoff nil,
           :gen (jepsen.generator.Any
                 {:gens [(jepsen.generator.OnThreads
                          {:f #{:nemesis},
                           :context-filter #object[jepsen.generator.context$make_thread_filter$lazy_filter__9167
                                                   "0x207bf6d8"
                                                   "jepsen.generator.context$make_thread_filter$lazy_filter__9167@207bf6d8"],
                           :gen nil})
                         (jepsen.generator.OnThreads
                          {:f #jepsen.generator.context.AllBut{:element :nemesis},
                           :context-filter #object[jepsen.generator.context$make_thread_filter$lazy_filter__9167
                                                   "0x5cdb7b"
                                                   "jepsen.generator.context$make_thread_filter$lazy_filter__9167@5cdb7b"],
                           :gen (jepsen.generator.Stagger
                                 {:dt 200000000,
                                  :next-time nil,
                                  :gen (jepsen.generator.Mix
                                        {:i 1,
                                         :gens [({:f :broadcast, :value 0}
                                                 {:f :broadcast, :value 1}
                                                 {:f :broadcast, :value 2}
                                                 {:f :broadcast, :value 3}
                                                 {:f :broadcast, :value 4}
                                                 {:f :broadcast, :value 5}
                                                 {:f :broadcast, :value 6}
                                                 {:f :broadcast, :value 7}
                                                 ...)
                                                ({:f :read}
                                                 {:f :read}
                                                 {:f :read}
                                                 {:f :read}
                                                 {:f :read}
                                                 {:f :read}
                                                 {:f :read}
                                                 {:f :read}
                                                 ...)]})})})]})})})
  (jepsen.generator.Synchronize
   {:gen (jepsen.generator.OnThreads
          {:f #{:nemesis},
           :context-filter #object[jepsen.generator.context$make_thread_filter$lazy_filter__9167
                                   "0x16b1dee7"
                                   "jepsen.generator.context$make_thread_filter$lazy_filter__9167@16b1dee7"],
           :gen ()})})
  (jepsen.generator.Synchronize
   {:gen {:type :log, :value "Waiting for recovery..."}})
  (jepsen.generator.Synchronize {:gen {:type :sleep, :value 10}})
  (jepsen.generator.Synchronize
   {:gen (jepsen.generator.OnThreads
          {:f #jepsen.generator.context.AllBut{:element :nemesis},
           :context-filter #object[jepsen.generator.context$make_thread_filter$lazy_filter__9167
                                   "0x690337df"
                                   "jepsen.generator.context$make_thread_filter$lazy_filter__9167@690337df"],
           :gen (jepsen.generator.EachThread
                 {:fresh-gen {:f :read, :final? true},
                  :context-filters #object[clojure.core$promise$reify__8591
                                           "0xf62ae87"
                                           {:status :pending, :val nil}],
                  :gens {}})})}))
 :log-net-recv false
 :os
 #object[maelstrom.net$jepsen_os$reify__15254
         "0x50be5d6f"
         "maelstrom.net$jepsen_os$reify__15254@50be5d6f"]
 :time-limit 20
 :workload :broadcast
 :consistency-models [:strict-serializable]
 :topology :grid}

2025-06-03 13:12:29,053{GMT}	INFO	[jepsen node n0] maelstrom.net: Starting Maelstrom network
2025-06-03 13:12:29,054{GMT}	INFO	[jepsen test runner] jepsen.db: Tearing down DB
2025-06-03 13:12:29,055{GMT}	INFO	[jepsen test runner] jepsen.db: Setting up DB
2025-06-03 13:12:29,057{GMT}	INFO	[jepsen node n0] maelstrom.service: Starting services: (lin-kv lin-tso lww-kv seq-kv)
2025-06-03 13:12:29,057{GMT}	INFO	[jepsen node n0] maelstrom.db: Setting up n0
2025-06-03 13:12:29,058{GMT}	INFO	[jepsen node n0] maelstrom.process: launching /Users/anandtrehan/go/bin/maelstrom-broadcast []
2025-06-03 13:12:29,332{GMT}	INFO	[jepsen test runner] jepsen.core: Relative time begins now
2025-06-03 13:12:29,350{GMT}	INFO	[jepsen worker 0] jepsen.util: 0	:invoke	:read	nil
2025-06-03 13:12:29,352{GMT}	INFO	[jepsen worker 0] jepsen.util: 0	:ok	:read	[]
2025-06-03 13:12:29,468{GMT}	INFO	[jepsen worker 0] jepsen.util: 0	:invoke	:read	nil
2025-06-03 13:12:29,469{GMT}	INFO	[jepsen worker 0] jepsen.util: 0	:ok	:read	[]
2025-06-03 13:12:29,518{GMT}	INFO	[jepsen worker 0] jepsen.util: 0	:invoke	:broadcast	0
2025-06-03 13:12:29,519{GMT}	INFO	[jepsen worker 0] jepsen.util: 0	:ok	:broadcast	0
2025-06-03 13:12:29,673{GMT}	INFO	[jepsen worker 0] jepsen.util: 0	:invoke	:broadcast	1
2025-06-03 13:12:29,675{GMT}	INFO	[jepsen worker 0] jepsen.util: 0	:ok	:broadcast	1
2025-06-03 13:12:29,858{GMT}	INFO	[jepsen worker 0] jepsen.util: 0	:invoke	:read	nil
2025-06-03 13:12:29,860{GMT}	INFO	[jepsen worker 0] jepsen.util: 0	:ok	:read	[0 1]
2025-06-03 13:12:29,989{GMT}	INFO	[jepsen worker 0] jepsen.util: 0	:invoke	:broadcast	2
2025-06-03 13:12:29,992{GMT}	INFO	[jepsen worker 0] jepsen.util: 0	:ok	:broadcast	2
2025-06-03 13:12:30,125{GMT}	INFO	[jepsen worker 0] jepsen.util: 0	:invoke	:broadcast	3
2025-06-03 13:12:30,127{GMT}	INFO	[jepsen worker 0] jepsen.util: 0	:ok	:broadcast	3
2025-06-03 13:12:30,210{GMT}	INFO	[jepsen worker 0] jepsen.util: 0	:invoke	:broadcast	4
2025-06-03 13:12:30,214{GMT}	INFO	[jepsen worker 0] jepsen.util: 0	:ok	:broadcast	4
2025-06-03 13:12:30,393{GMT}	INFO	[jepsen worker 0] jepsen.util: 0	:invoke	:broadcast	5
2025-06-03 13:12:30,396{GMT}	INFO	[jepsen worker 0] jepsen.util: 0	:ok	:broadcast	5
2025-06-03 13:12:30,424{GMT}	INFO	[jepsen worker 0] jepsen.util: 0	:invoke	:read	nil
2025-06-03 13:12:30,427{GMT}	INFO	[jepsen worker 0] jepsen.util: 0	:ok	:read	[0 1 2 3 4 5]
2025-06-03 13:12:30,611{GMT}	INFO	[jepsen worker 0] jepsen.util: 0	:invoke	:read	nil
2025-06-03 13:12:30,614{GMT}	INFO	[jepsen worker 0] jepsen.util: 0	:ok	:read	[0 1 2 3 4 5]
2025-06-03 13:12:30,654{GMT}	INFO	[jepsen worker 0] jepsen.util: 0	:invoke	:read	nil
2025-06-03 13:12:30,655{GMT}	INFO	[jepsen worker 0] jepsen.util: 0	:ok	:read	[0 1 2 3 4 5]
2025-06-03 13:12:30,838{GMT}	INFO	[jepsen worker 0] jepsen.util: 0	:invoke	:read	nil
2025-06-03 13:12:30,842{GMT}	INFO	[jepsen worker 0] jepsen.util: 0	:ok	:read	[0 1 2 3 4 5]
2025-06-03 13:12:30,873{GMT}	INFO	[jepsen worker 0] jepsen.util: 0	:invoke	:broadcast	6
2025-06-03 13:12:30,875{GMT}	INFO	[jepsen worker 0] jepsen.util: 0	:ok	:broadcast	6
2025-06-03 13:12:30,945{GMT}	INFO	[jepsen worker 0] jepsen.util: 0	:invoke	:broadcast	7
2025-06-03 13:12:30,947{GMT}	INFO	[jepsen worker 0] jepsen.util: 0	:ok	:broadcast	7
2025-06-03 13:12:31,091{GMT}	INFO	[jepsen worker 0] jepsen.util: 0	:invoke	:read	nil
2025-06-03 13:12:31,094{GMT}	INFO	[jepsen worker 0] jepsen.util: 0	:ok	:read	[0 1 2 3 4 5 6 7]
2025-06-03 13:12:31,171{GMT}	INFO	[jepsen worker 0] jepsen.util: 0	:invoke	:broadcast	8
2025-06-03 13:12:31,173{GMT}	INFO	[jepsen worker 0] jepsen.util: 0	:ok	:broadcast	8
2025-06-03 13:12:31,316{GMT}	INFO	[jepsen worker 0] jepsen.util: 0	:invoke	:read	nil
2025-06-03 13:12:31,318{GMT}	INFO	[jepsen worker 0] jepsen.util: 0	:ok	:read	[0 1 2 3 4 5 6 7 8]
2025-06-03 13:12:31,430{GMT}	INFO	[jepsen worker 0] jepsen.util: 0	:invoke	:broadcast	9
2025-06-03 13:12:31,433{GMT}	INFO	[jepsen worker 0] jepsen.util: 0	:ok	:broadcast	9
2025-06-03 13:12:31,489{GMT}	INFO	[jepsen worker 0] jepsen.util: 0	:invoke	:read	nil
2025-06-03 13:12:31,491{GMT}	INFO	[jepsen worker 0] jepsen.util: 0	:ok	:read	[0 1 2 3 4 5 6 7 8 9]
2025-06-03 13:12:31,618{GMT}	INFO	[jepsen worker 0] jepsen.util: 0	:invoke	:read	nil
2025-06-03 13:12:31,621{GMT}	INFO	[jepsen worker 0] jepsen.util: 0	:ok	:read	[0 1 2 3 4 5 6 7 8 9]
2025-06-03 13:12:31,790{GMT}	INFO	[jepsen worker 0] jepsen.util: 0	:invoke	:broadcast	10
2025-06-03 13:12:31,792{GMT}	INFO	[jepsen worker 0] jepsen.util: 0	:ok	:broadcast	10
2025-06-03 13:12:31,920{GMT}	INFO	[jepsen worker 0] jepsen.util: 0	:invoke	:read	nil
2025-06-03 13:12:31,923{GMT}	INFO	[jepsen worker 0] jepsen.util: 0	:ok	:read	[0 1 2 3 4 5 6 7 8 9 10]
2025-06-03 13:12:32,030{GMT}	INFO	[jepsen worker 0] jepsen.util: 0	:invoke	:read	nil
2025-06-03 13:12:32,033{GMT}	INFO	[jepsen worker 0] jepsen.util: 0	:ok	:read	[0 1 2 3 4 5 6 7 8 9 10]
2025-06-03 13:12:32,166{GMT}	INFO	[jepsen worker 0] jepsen.util: 0	:invoke	:broadcast	11
2025-06-03 13:12:32,169{GMT}	INFO	[jepsen worker 0] jepsen.util: 0	:ok	:broadcast	11
2025-06-03 13:12:32,345{GMT}	INFO	[jepsen worker 0] jepsen.util: 0	:invoke	:broadcast	12
2025-06-03 13:12:32,349{GMT}	INFO	[jepsen worker 0] jepsen.util: 0	:ok	:broadcast	12
2025-06-03 13:12:32,403{GMT}	INFO	[jepsen worker 0] jepsen.util: 0	:invoke	:read	nil
2025-06-03 13:12:32,406{GMT}	INFO	[jepsen worker 0] jepsen.util: 0	:ok	:read	[0 1 2 3 4 5 6 7 8 9 10 11 12]
2025-06-03 13:12:32,535{GMT}	INFO	[jepsen worker 0] jepsen.util: 0	:invoke	:read	nil
2025-06-03 13:12:32,538{GMT}	INFO	[jepsen worker 0] jepsen.util: 0	:ok	:read	[0 1 2 3 4 5 6 7 8 9 10 11 12]
2025-06-03 13:12:32,705{GMT}	INFO	[jepsen worker 0] jepsen.util: 0	:invoke	:broadcast	13
2025-06-03 13:12:32,707{GMT}	INFO	[jepsen worker 0] jepsen.util: 0	:ok	:broadcast	13
2025-06-03 13:12:32,716{GMT}	INFO	[jepsen worker 0] jepsen.util: 0	:invoke	:broadcast	14
2025-06-03 13:12:32,718{GMT}	INFO	[jepsen worker 0] jepsen.util: 0	:ok	:broadcast	14
2025-06-03 13:12:32,745{GMT}	INFO	[jepsen worker 0] jepsen.util: 0	:invoke	:broadcast	15
2025-06-03 13:12:32,747{GMT}	INFO	[jepsen worker 0] jepsen.util: 0	:ok	:broadcast	15
2025-06-03 13:12:32,751{GMT}	INFO	[jepsen worker 0] jepsen.util: 0	:invoke	:broadcast	16
2025-06-03 13:12:32,752{GMT}	INFO	[jepsen worker 0] jepsen.util: 0	:ok	:broadcast	16
2025-06-03 13:12:32,763{GMT}	INFO	[jepsen worker 0] jepsen.util: 0	:invoke	:read	nil
2025-06-03 13:12:32,765{GMT}	INFO	[jepsen worker 0] jepsen.util: 0	:ok	:read	[0 1 2 3 4 5 6 7 8 9 10 11 12 13 14 15 16]
2025-06-03 13:12:32,878{GMT}	INFO	[jepsen worker 0] jepsen.util: 0	:invoke	:read	nil
2025-06-03 13:12:32,881{GMT}	INFO	[jepsen worker 0] jepsen.util: 0	:ok	:read	[0 1 2 3 4 5 6 7 8 9 10 11 12 13 14 15 16]
2025-06-03 13:12:33,002{GMT}	INFO	[jepsen worker 0] jepsen.util: 0	:invoke	:read	nil
2025-06-03 13:12:33,005{GMT}	INFO	[jepsen worker 0] jepsen.util: 0	:ok	:read	[0 1 2 3 4 5 6 7 8 9 10 11 12 13 14 15 16]
2025-06-03 13:12:33,143{GMT}	INFO	[jepsen worker 0] jepsen.util: 0	:invoke	:broadcast	17
2025-06-03 13:12:33,145{GMT}	INFO	[jepsen worker 0] jepsen.util: 0	:ok	:broadcast	17
2025-06-03 13:12:33,327{GMT}	INFO	[jepsen worker 0] jepsen.util: 0	:invoke	:read	nil
2025-06-03 13:12:33,330{GMT}	INFO	[jepsen worker 0] jepsen.util: 0	:ok	:read	[0 1 2 3 4 5 6 7 8 9 10 11 12 13 14 15 16 17]
2025-06-03 13:12:33,524{GMT}	INFO	[jepsen worker 0] jepsen.util: 0	:invoke	:broadcast	18
2025-06-03 13:12:33,528{GMT}	INFO	[jepsen worker 0] jepsen.util: 0	:ok	:broadcast	18
2025-06-03 13:12:33,579{GMT}	INFO	[jepsen worker 0] jepsen.util: 0	:invoke	:read	nil
2025-06-03 13:12:33,581{GMT}	INFO	[jepsen worker 0] jepsen.util: 0	:ok	:read	[0 1 2 3 4 5 6 7 8 9 10 11 12 13 14 15 16 17 18]
2025-06-03 13:12:33,691{GMT}	INFO	[jepsen worker 0] jepsen.util: 0	:invoke	:read	nil
2025-06-03 13:12:33,694{GMT}	INFO	[jepsen worker 0] jepsen.util: 0	:ok	:read	[0 1 2 3 4 5 6 7 8 9 10 11 12 13 14 15 16 17 18]
2025-06-03 13:12:33,694{GMT}	INFO	[jepsen worker 0] jepsen.util: 0	:invoke	:broadcast	19
2025-06-03 13:12:33,695{GMT}	INFO	[jepsen worker 0] jepsen.util: 0	:ok	:broadcast	19
2025-06-03 13:12:33,886{GMT}	INFO	[jepsen worker 0] jepsen.util: 0	:invoke	:broadcast	20
2025-06-03 13:12:33,888{GMT}	INFO	[jepsen worker 0] jepsen.util: 0	:ok	:broadcast	20
2025-06-03 13:12:34,055{GMT}	INFO	[jepsen worker 0] jepsen.util: 0	:invoke	:read	nil
2025-06-03 13:12:34,058{GMT}	INFO	[jepsen worker 0] jepsen.util: 0	:ok	:read	[0 1 2 3 4 5 6 7 8 9 10 11 12 13 14 15 16 17 18 19 20]
2025-06-03 13:12:34,082{GMT}	INFO	[jepsen worker 0] jepsen.util: 0	:invoke	:read	nil
2025-06-03 13:12:34,085{GMT}	INFO	[jepsen worker 0] jepsen.util: 0	:ok	:read	[0 1 2 3 4 5 6 7 8 9 10 11 12 13 14 15 16 17 18 19 20]
2025-06-03 13:12:34,148{GMT}	INFO	[jepsen worker 0] jepsen.util: 0	:invoke	:broadcast	21
2025-06-03 13:12:34,151{GMT}	INFO	[jepsen worker 0] jepsen.util: 0	:ok	:broadcast	21
2025-06-03 13:12:34,321{GMT}	INFO	[jepsen worker 0] jepsen.util: 0	:invoke	:read	nil
2025-06-03 13:12:34,323{GMT}	INFO	[jepsen worker 0] jepsen.util: 0	:ok	:read	[0 1 2 3 4 5 6 7 8 9 10 11 12 13 14 15 16 17 18 19 20 21]
2025-06-03 13:12:34,431{GMT}	INFO	[jepsen worker 0] jepsen.util: 0	:invoke	:broadcast	22
2025-06-03 13:12:34,433{GMT}	INFO	[jepsen worker 0] jepsen.util: 0	:ok	:broadcast	22
2025-06-03 13:12:34,525{GMT}	INFO	[jepsen worker 0] jepsen.util: 0	:invoke	:read	nil
2025-06-03 13:12:34,528{GMT}	INFO	[jepsen worker 0] jepsen.util: 0	:ok	:read	[0 1 2 3 4 5 6 7 8 9 10 11 12 13 14 15 16 17 18 19 20 21 22]
2025-06-03 13:12:34,587{GMT}	INFO	[jepsen worker 0] jepsen.util: 0	:invoke	:read	nil
2025-06-03 13:12:34,590{GMT}	INFO	[jepsen worker 0] jepsen.util: 0	:ok	:read	[0 1 2 3 4 5 6 7 8 9 10 11 12 13 14 15 16 17 18 19 20 21 22]
2025-06-03 13:12:34,625{GMT}	INFO	[jepsen worker 0] jepsen.util: 0	:invoke	:broadcast	23
2025-06-03 13:12:34,628{GMT}	INFO	[jepsen worker 0] jepsen.util: 0	:ok	:broadcast	23
2025-06-03 13:12:34,762{GMT}	INFO	[jepsen worker 0] jepsen.util: 0	:invoke	:read	nil
2025-06-03 13:12:34,765{GMT}	INFO	[jepsen worker 0] jepsen.util: 0	:ok	:read	[0 1 2 3 4 5 6 7 8 9 10 11 12 13 14 15 16 17 18 19 20 21 22 23]
2025-06-03 13:12:34,963{GMT}	INFO	[jepsen worker 0] jepsen.util: 0	:invoke	:broadcast	24
2025-06-03 13:12:34,966{GMT}	INFO	[jepsen worker 0] jepsen.util: 0	:ok	:broadcast	24
2025-06-03 13:12:35,029{GMT}	INFO	[jepsen worker 0] jepsen.util: 0	:invoke	:broadcast	25
2025-06-03 13:12:35,031{GMT}	INFO	[jepsen worker 0] jepsen.util: 0	:ok	:broadcast	25
2025-06-03 13:12:35,035{GMT}	INFO	[jepsen worker 0] jepsen.util: 0	:invoke	:read	nil
2025-06-03 13:12:35,037{GMT}	INFO	[jepsen worker 0] jepsen.util: 0	:ok	:read	[0 1 2 3 4 5 6 7 8 9 10 11 12 13 14 15 16 17 18 19 20 21 22 23 24 25]
2025-06-03 13:12:35,218{GMT}	INFO	[jepsen worker 0] jepsen.util: 0	:invoke	:read	nil
2025-06-03 13:12:35,221{GMT}	INFO	[jepsen worker 0] jepsen.util: 0	:ok	:read	[0 1 2 3 4 5 6 7 8 9 10 11 12 13 14 15 16 17 18 19 20 21 22 23 24 25]
2025-06-03 13:12:35,287{GMT}	INFO	[jepsen worker 0] jepsen.util: 0	:invoke	:read	nil
2025-06-03 13:12:35,291{GMT}	INFO	[jepsen worker 0] jepsen.util: 0	:ok	:read	[0 1 2 3 4 5 6 7 8 9 10 11 12 13 14 15 16 17 18 19 20 21 22 23 24 25]
2025-06-03 13:12:35,327{GMT}	INFO	[jepsen worker 0] jepsen.util: 0	:invoke	:read	nil
2025-06-03 13:12:35,329{GMT}	INFO	[jepsen worker 0] jepsen.util: 0	:ok	:read	[0 1 2 3 4 5 6 7 8 9 10 11 12 13 14 15 16 17 18 19 20 21 22 23 24 25]
2025-06-03 13:12:35,421{GMT}	INFO	[jepsen worker 0] jepsen.util: 0	:invoke	:broadcast	26
2025-06-03 13:12:35,423{GMT}	INFO	[jepsen worker 0] jepsen.util: 0	:ok	:broadcast	26
2025-06-03 13:12:35,513{GMT}	INFO	[jepsen worker 0] jepsen.util: 0	:invoke	:broadcast	27
2025-06-03 13:12:35,516{GMT}	INFO	[jepsen worker 0] jepsen.util: 0	:ok	:broadcast	27
2025-06-03 13:12:35,580{GMT}	INFO	[jepsen worker 0] jepsen.util: 0	:invoke	:read	nil
2025-06-03 13:12:35,583{GMT}	INFO	[jepsen worker 0] jepsen.util: 0	:ok	:read	[0 1 2 3 4 5 6 7 8 9 10 11 12 13 14 15 16 17 18 19 20 21 22 23 24 25 26 27]
2025-06-03 13:12:35,649{GMT}	INFO	[jepsen worker 0] jepsen.util: 0	:invoke	:read	nil
2025-06-03 13:12:35,650{GMT}	INFO	[jepsen worker 0] jepsen.util: 0	:ok	:read	[0 1 2 3 4 5 6 7 8 9 10 11 12 13 14 15 16 17 18 19 20 21 22 23 24 25 26 27]
2025-06-03 13:12:35,780{GMT}	INFO	[jepsen worker 0] jepsen.util: 0	:invoke	:read	nil
2025-06-03 13:12:35,782{GMT}	INFO	[jepsen worker 0] jepsen.util: 0	:ok	:read	[0 1 2 3 4 5 6 7 8 9 10 11 12 13 14 15 16 17 18 19 20 21 22 23 24 25 26 27]
2025-06-03 13:12:35,919{GMT}	INFO	[jepsen worker 0] jepsen.util: 0	:invoke	:read	nil
2025-06-03 13:12:35,923{GMT}	INFO	[jepsen worker 0] jepsen.util: 0	:ok	:read	[0 1 2 3 4 5 6 7 8 9 10 11 12 13 14 15 16 17 18 19 20 21 22 23 24 25 26 27]
2025-06-03 13:12:36,086{GMT}	INFO	[jepsen worker 0] jepsen.util: 0	:invoke	:read	nil
2025-06-03 13:12:36,089{GMT}	INFO	[jepsen worker 0] jepsen.util: 0	:ok	:read	[0 1 2 3 4 5 6 7 8 9 10 11 12 13 14 15 16 17 18 19 20 21 22 23 24 25 26 27]
2025-06-03 13:12:36,232{GMT}	INFO	[jepsen worker 0] jepsen.util: 0	:invoke	:broadcast	28
2025-06-03 13:12:36,233{GMT}	INFO	[jepsen worker 0] jepsen.util: 0	:ok	:broadcast	28
2025-06-03 13:12:36,311{GMT}	INFO	[jepsen worker 0] jepsen.util: 0	:invoke	:read	nil
2025-06-03 13:12:36,313{GMT}	INFO	[jepsen worker 0] jepsen.util: 0	:ok	:read	[0 1 2 3 4 5 6 7 8 9 10 11 12 13 14 15 16 17 18 19 20 21 22 23 24 25 26 27 28]
2025-06-03 13:12:36,462{GMT}	INFO	[jepsen worker 0] jepsen.util: 0	:invoke	:read	nil
2025-06-03 13:12:36,465{GMT}	INFO	[jepsen worker 0] jepsen.util: 0	:ok	:read	[0 1 2 3 4 5 6 7 8 9 10 11 12 13 14 15 16 17 18 19 20 21 22 23 24 25 26 27 28]
2025-06-03 13:12:36,479{GMT}	INFO	[jepsen worker 0] jepsen.util: 0	:invoke	:read	nil
2025-06-03 13:12:36,481{GMT}	INFO	[jepsen worker 0] jepsen.util: 0	:ok	:read	[0 1 2 3 4 5 6 7 8 9 10 11 12 13 14 15 16 17 18 19 20 21 22 23 24 25 26 27 28]
2025-06-03 13:12:36,486{GMT}	INFO	[jepsen worker 0] jepsen.util: 0	:invoke	:broadcast	29
2025-06-03 13:12:36,487{GMT}	INFO	[jepsen worker 0] jepsen.util: 0	:ok	:broadcast	29
2025-06-03 13:12:36,625{GMT}	INFO	[jepsen worker 0] jepsen.util: 0	:invoke	:read	nil
2025-06-03 13:12:36,627{GMT}	INFO	[jepsen worker 0] jepsen.util: 0	:ok	:read	[0 1 2 3 4 5 6 7 8 9 10 11 12 13 14 15 16 17 18 19 20 21 22 23 24 25 26 27 28 29]
2025-06-03 13:12:36,827{GMT}	INFO	[jepsen worker 0] jepsen.util: 0	:invoke	:read	nil
2025-06-03 13:12:36,829{GMT}	INFO	[jepsen worker 0] jepsen.util: 0	:ok	:read	[0 1 2 3 4 5 6 7 8 9 10 11 12 13 14 15 16 17 18 19 20 21 22 23 24 25 26 27 28 29]
2025-06-03 13:12:37,011{GMT}	INFO	[jepsen worker 0] jepsen.util: 0	:invoke	:read	nil
2025-06-03 13:12:37,013{GMT}	INFO	[jepsen worker 0] jepsen.util: 0	:ok	:read	[0 1 2 3 4 5 6 7 8 9 10 11 12 13 14 15 16 17 18 19 20 21 22 23 24 25 26 27 28 29]
2025-06-03 13:12:37,122{GMT}	INFO	[jepsen worker 0] jepsen.util: 0	:invoke	:broadcast	30
2025-06-03 13:12:37,124{GMT}	INFO	[jepsen worker 0] jepsen.util: 0	:ok	:broadcast	30
2025-06-03 13:12:37,297{GMT}	INFO	[jepsen worker 0] jepsen.util: 0	:invoke	:broadcast	31
2025-06-03 13:12:37,299{GMT}	INFO	[jepsen worker 0] jepsen.util: 0	:ok	:broadcast	31
2025-06-03 13:12:37,353{GMT}	INFO	[jepsen worker 0] jepsen.util: 0	:invoke	:read	nil
2025-06-03 13:12:37,356{GMT}	INFO	[jepsen worker 0] jepsen.util: 0	:ok	:read	[0 1 2 3 4 5 6 7 8 9 10 11 12 13 14 15 16 17 18 19 20 21 22 23 24 25 26 27 28 29 30 31]
2025-06-03 13:12:37,381{GMT}	INFO	[jepsen worker 0] jepsen.util: 0	:invoke	:read	nil
2025-06-03 13:12:37,384{GMT}	INFO	[jepsen worker 0] jepsen.util: 0	:ok	:read	[0 1 2 3 4 5 6 7 8 9 10 11 12 13 14 15 16 17 18 19 20 21 22 23 24 25 26 27 28 29 30 31]
2025-06-03 13:12:37,420{GMT}	INFO	[jepsen worker 0] jepsen.util: 0	:invoke	:read	nil
2025-06-03 13:12:37,422{GMT}	INFO	[jepsen worker 0] jepsen.util: 0	:ok	:read	[0 1 2 3 4 5 6 7 8 9 10 11 12 13 14 15 16 17 18 19 20 21 22 23 24 25 26 27 28 29 30 31]
2025-06-03 13:12:37,487{GMT}	INFO	[jepsen worker 0] jepsen.util: 0	:invoke	:read	nil
2025-06-03 13:12:37,490{GMT}	INFO	[jepsen worker 0] jepsen.util: 0	:ok	:read	[0 1 2 3 4 5 6 7 8 9 10 11 12 13 14 15 16 17 18 19 20 21 22 23 24 25 26 27 28 29 30 31]
2025-06-03 13:12:37,493{GMT}	INFO	[jepsen worker 0] jepsen.util: 0	:invoke	:broadcast	32
2025-06-03 13:12:37,494{GMT}	INFO	[jepsen worker 0] jepsen.util: 0	:ok	:broadcast	32
2025-06-03 13:12:37,606{GMT}	INFO	[jepsen worker 0] jepsen.util: 0	:invoke	:broadcast	33
2025-06-03 13:12:37,609{GMT}	INFO	[jepsen worker 0] jepsen.util: 0	:ok	:broadcast	33
2025-06-03 13:12:37,652{GMT}	INFO	[jepsen worker 0] jepsen.util: 0	:invoke	:broadcast	34
2025-06-03 13:12:37,654{GMT}	INFO	[jepsen worker 0] jepsen.util: 0	:ok	:broadcast	34
2025-06-03 13:12:37,688{GMT}	INFO	[jepsen worker 0] jepsen.util: 0	:invoke	:broadcast	35
2025-06-03 13:12:37,691{GMT}	INFO	[jepsen worker 0] jepsen.util: 0	:ok	:broadcast	35
2025-06-03 13:12:37,889{GMT}	INFO	[jepsen worker 0] jepsen.util: 0	:invoke	:broadcast	36
2025-06-03 13:12:37,891{GMT}	INFO	[jepsen worker 0] jepsen.util: 0	:ok	:broadcast	36
2025-06-03 13:12:37,922{GMT}	INFO	[jepsen worker 0] jepsen.util: 0	:invoke	:broadcast	37
2025-06-03 13:12:37,924{GMT}	INFO	[jepsen worker 0] jepsen.util: 0	:ok	:broadcast	37
2025-06-03 13:12:38,000{GMT}	INFO	[jepsen worker 0] jepsen.util: 0	:invoke	:broadcast	38
2025-06-03 13:12:38,003{GMT}	INFO	[jepsen worker 0] jepsen.util: 0	:ok	:broadcast	38
2025-06-03 13:12:38,064{GMT}	INFO	[jepsen worker 0] jepsen.util: 0	:invoke	:read	nil
2025-06-03 13:12:38,067{GMT}	INFO	[jepsen worker 0] jepsen.util: 0	:ok	:read	[0 1 2 3 4 5 6 7 8 9 10 11 12 13 14 15 16 17 18 19 20 21 22 23 24 25 26 27 28 29 30 31 32 33 34 35 36 37 38]
2025-06-03 13:12:38,251{GMT}	INFO	[jepsen worker 0] jepsen.util: 0	:invoke	:broadcast	39
2025-06-03 13:12:38,254{GMT}	INFO	[jepsen worker 0] jepsen.util: 0	:ok	:broadcast	39
2025-06-03 13:12:38,374{GMT}	INFO	[jepsen worker 0] jepsen.util: 0	:invoke	:broadcast	40
2025-06-03 13:12:38,377{GMT}	INFO	[jepsen worker 0] jepsen.util: 0	:ok	:broadcast	40
2025-06-03 13:12:38,571{GMT}	INFO	[jepsen worker 0] jepsen.util: 0	:invoke	:broadcast	41
2025-06-03 13:12:38,574{GMT}	INFO	[jepsen worker 0] jepsen.util: 0	:ok	:broadcast	41
2025-06-03 13:12:38,702{GMT}	INFO	[jepsen worker 0] jepsen.util: 0	:invoke	:broadcast	42
2025-06-03 13:12:38,704{GMT}	INFO	[jepsen worker 0] jepsen.util: 0	:ok	:broadcast	42
2025-06-03 13:12:38,783{GMT}	INFO	[jepsen worker 0] jepsen.util: 0	:invoke	:read	nil
2025-06-03 13:12:38,786{GMT}	INFO	[jepsen worker 0] jepsen.util: 0	:ok	:read	[0 1 2 3 4 5 6 7 8 9 10 11 12 13 14 15 16 17 18 19 20 21 22 23 24 25 26 27 28 29 30 31 32 33 34 35 36 37 38 39 40 41 42]
2025-06-03 13:12:38,960{GMT}	INFO	[jepsen worker 0] jepsen.util: 0	:invoke	:read	nil
2025-06-03 13:12:38,963{GMT}	INFO	[jepsen worker 0] jepsen.util: 0	:ok	:read	[0 1 2 3 4 5 6 7 8 9 10 11 12 13 14 15 16 17 18 19 20 21 22 23 24 25 26 27 28 29 30 31 32 33 34 35 36 37 38 39 40 41 42]
2025-06-03 13:12:39,014{GMT}	INFO	[jepsen worker 0] jepsen.util: 0	:invoke	:broadcast	43
2025-06-03 13:12:39,017{GMT}	INFO	[jepsen worker 0] jepsen.util: 0	:ok	:broadcast	43
2025-06-03 13:12:39,039{GMT}	INFO	[jepsen worker 0] jepsen.util: 0	:invoke	:read	nil
2025-06-03 13:12:39,042{GMT}	INFO	[jepsen worker 0] jepsen.util: 0	:ok	:read	[0 1 2 3 4 5 6 7 8 9 10 11 12 13 14 15 16 17 18 19 20 21 22 23 24 25 26 27 28 29 30 31 32 33 34 35 36 37 38 39 40 41 42 43]
2025-06-03 13:12:39,147{GMT}	INFO	[jepsen worker 0] jepsen.util: 0	:invoke	:read	nil
2025-06-03 13:12:39,150{GMT}	INFO	[jepsen worker 0] jepsen.util: 0	:ok	:read	[0 1 2 3 4 5 6 7 8 9 10 11 12 13 14 15 16 17 18 19 20 21 22 23 24 25 26 27 28 29 30 31 32 33 34 35 36 37 38 39 40 41 42 43]
2025-06-03 13:12:39,335{GMT}	INFO	[jepsen worker 0] jepsen.util: 0	:invoke	:broadcast	44
2025-06-03 13:12:39,338{GMT}	INFO	[jepsen worker 0] jepsen.util: 0	:ok	:broadcast	44
2025-06-03 13:12:39,459{GMT}	INFO	[jepsen worker 0] jepsen.util: 0	:invoke	:broadcast	45
2025-06-03 13:12:39,462{GMT}	INFO	[jepsen worker 0] jepsen.util: 0	:ok	:broadcast	45
2025-06-03 13:12:39,539{GMT}	INFO	[jepsen worker 0] jepsen.util: 0	:invoke	:broadcast	46
2025-06-03 13:12:39,542{GMT}	INFO	[jepsen worker 0] jepsen.util: 0	:ok	:broadcast	46
2025-06-03 13:12:39,572{GMT}	INFO	[jepsen worker 0] jepsen.util: 0	:invoke	:read	nil
2025-06-03 13:12:39,575{GMT}	INFO	[jepsen worker 0] jepsen.util: 0	:ok	:read	[0 1 2 3 4 5 6 7 8 9 10 11 12 13 14 15 16 17 18 19 20 21 22 23 24 25 26 27 28 29 30 31 32 33 34 35 36 37 38 39 40 41 42 43 44 45 46]
2025-06-03 13:12:39,744{GMT}	INFO	[jepsen worker 0] jepsen.util: 0	:invoke	:broadcast	47
2025-06-03 13:12:39,746{GMT}	INFO	[jepsen worker 0] jepsen.util: 0	:ok	:broadcast	47
2025-06-03 13:12:39,857{GMT}	INFO	[jepsen worker 0] jepsen.util: 0	:invoke	:broadcast	48
2025-06-03 13:12:39,859{GMT}	INFO	[jepsen worker 0] jepsen.util: 0	:ok	:broadcast	48
2025-06-03 13:12:39,909{GMT}	INFO	[jepsen worker 0] jepsen.util: 0	:invoke	:broadcast	49
2025-06-03 13:12:39,911{GMT}	INFO	[jepsen worker 0] jepsen.util: 0	:ok	:broadcast	49
2025-06-03 13:12:40,063{GMT}	INFO	[jepsen worker 0] jepsen.util: 0	:invoke	:read	nil
2025-06-03 13:12:40,066{GMT}	INFO	[jepsen worker 0] jepsen.util: 0	:ok	:read	[0 1 2 3 4 5 6 7 8 9 10 11 12 13 14 15 16 17 18 19 20 21 22 23 24 25 26 27 28 29 30 31 32 33 34 35 36 37 38 39 40 41 42 43 44 45 46 47 48 49]
2025-06-03 13:12:40,206{GMT}	INFO	[jepsen worker 0] jepsen.util: 0	:invoke	:broadcast	50
2025-06-03 13:12:40,207{GMT}	INFO	[jepsen worker 0] jepsen.util: 0	:ok	:broadcast	50
2025-06-03 13:12:40,267{GMT}	INFO	[jepsen worker 0] jepsen.util: 0	:invoke	:broadcast	51
2025-06-03 13:12:40,269{GMT}	INFO	[jepsen worker 0] jepsen.util: 0	:ok	:broadcast	51
2025-06-03 13:12:40,379{GMT}	INFO	[jepsen worker 0] jepsen.util: 0	:invoke	:broadcast	52
2025-06-03 13:12:40,383{GMT}	INFO	[jepsen worker 0] jepsen.util: 0	:ok	:broadcast	52
2025-06-03 13:12:40,409{GMT}	INFO	[jepsen worker 0] jepsen.util: 0	:invoke	:broadcast	53
2025-06-03 13:12:40,411{GMT}	INFO	[jepsen worker 0] jepsen.util: 0	:ok	:broadcast	53
2025-06-03 13:12:40,440{GMT}	INFO	[jepsen worker 0] jepsen.util: 0	:invoke	:read	nil
2025-06-03 13:12:40,442{GMT}	INFO	[jepsen worker 0] jepsen.util: 0	:ok	:read	[0 1 2 3 4 5 6 7 8 9 10 11 12 13 14 15 16 17 18 19 20 21 22 23 24 25 26 27 28 29 30 31 32 33 34 35 36 37 38 39 40 41 42 43 44 45 46 47 48 49 50 51 52 53]
2025-06-03 13:12:40,592{GMT}	INFO	[jepsen worker 0] jepsen.util: 0	:invoke	:read	nil
2025-06-03 13:12:40,593{GMT}	INFO	[jepsen worker 0] jepsen.util: 0	:ok	:read	[0 1 2 3 4 5 6 7 8 9 10 11 12 13 14 15 16 17 18 19 20 21 22 23 24 25 26 27 28 29 30 31 32 33 34 35 36 37 38 39 40 41 42 43 44 45 46 47 48 49 50 51 52 53]
2025-06-03 13:12:40,783{GMT}	INFO	[jepsen worker 0] jepsen.util: 0	:invoke	:read	nil
2025-06-03 13:12:40,784{GMT}	INFO	[jepsen worker 0] jepsen.util: 0	:ok	:read	[0 1 2 3 4 5 6 7 8 9 10 11 12 13 14 15 16 17 18 19 20 21 22 23 24 25 26 27 28 29 30 31 32 33 34 35 36 37 38 39 40 41 42 43 44 45 46 47 48 49 50 51 52 53]
2025-06-03 13:12:40,846{GMT}	INFO	[jepsen worker 0] jepsen.util: 0	:invoke	:broadcast	54
2025-06-03 13:12:40,848{GMT}	INFO	[jepsen worker 0] jepsen.util: 0	:ok	:broadcast	54
2025-06-03 13:12:40,904{GMT}	INFO	[jepsen worker 0] jepsen.util: 0	:invoke	:broadcast	55
2025-06-03 13:12:40,905{GMT}	INFO	[jepsen worker 0] jepsen.util: 0	:ok	:broadcast	55
2025-06-03 13:12:40,954{GMT}	INFO	[jepsen worker 0] jepsen.util: 0	:invoke	:read	nil
2025-06-03 13:12:40,955{GMT}	INFO	[jepsen worker 0] jepsen.util: 0	:ok	:read	[0 1 2 3 4 5 6 7 8 9 10 11 12 13 14 15 16 17 18 19 20 21 22 23 24 25 26 27 28 29 30 31 32 33 34 35 36 37 38 39 40 41 42 43 44 45 46 47 48 49 50 51 52 53 54 55]
2025-06-03 13:12:41,006{GMT}	INFO	[jepsen worker 0] jepsen.util: 0	:invoke	:read	nil
2025-06-03 13:12:41,007{GMT}	INFO	[jepsen worker 0] jepsen.util: 0	:ok	:read	[0 1 2 3 4 5 6 7 8 9 10 11 12 13 14 15 16 17 18 19 20 21 22 23 24 25 26 27 28 29 30 31 32 33 34 35 36 37 38 39 40 41 42 43 44 45 46 47 48 49 50 51 52 53 54 55]
2025-06-03 13:12:41,028{GMT}	INFO	[jepsen worker 0] jepsen.util: 0	:invoke	:read	nil
2025-06-03 13:12:41,031{GMT}	INFO	[jepsen worker 0] jepsen.util: 0	:ok	:read	[0 1 2 3 4 5 6 7 8 9 10 11 12 13 14 15 16 17 18 19 20 21 22 23 24 25 26 27 28 29 30 31 32 33 34 35 36 37 38 39 40 41 42 43 44 45 46 47 48 49 50 51 52 53 54 55]
2025-06-03 13:12:41,080{GMT}	INFO	[jepsen worker 0] jepsen.util: 0	:invoke	:read	nil
2025-06-03 13:12:41,081{GMT}	INFO	[jepsen worker 0] jepsen.util: 0	:ok	:read	[0 1 2 3 4 5 6 7 8 9 10 11 12 13 14 15 16 17 18 19 20 21 22 23 24 25 26 27 28 29 30 31 32 33 34 35 36 37 38 39 40 41 42 43 44 45 46 47 48 49 50 51 52 53 54 55]
2025-06-03 13:12:41,133{GMT}	INFO	[jepsen worker 0] jepsen.util: 0	:invoke	:broadcast	56
2025-06-03 13:12:41,134{GMT}	INFO	[jepsen worker 0] jepsen.util: 0	:ok	:broadcast	56
2025-06-03 13:12:41,196{GMT}	INFO	[jepsen worker 0] jepsen.util: 0	:invoke	:broadcast	57
2025-06-03 13:12:41,197{GMT}	INFO	[jepsen worker 0] jepsen.util: 0	:ok	:broadcast	57
2025-06-03 13:12:41,236{GMT}	INFO	[jepsen worker 0] jepsen.util: 0	:invoke	:read	nil
2025-06-03 13:12:41,238{GMT}	INFO	[jepsen worker 0] jepsen.util: 0	:ok	:read	[0 1 2 3 4 5 6 7 8 9 10 11 12 13 14 15 16 17 18 19 20 21 22 23 24 25 26 27 28 29 30 31 32 33 34 35 36 37 38 39 40 41 42 43 44 45 46 47 48 49 50 51 52 53 54 55 56 57]
2025-06-03 13:12:41,299{GMT}	INFO	[jepsen worker 0] jepsen.util: 0	:invoke	:broadcast	58
2025-06-03 13:12:41,300{GMT}	INFO	[jepsen worker 0] jepsen.util: 0	:ok	:broadcast	58
2025-06-03 13:12:41,382{GMT}	INFO	[jepsen worker 0] jepsen.util: 0	:invoke	:read	nil
2025-06-03 13:12:41,383{GMT}	INFO	[jepsen worker 0] jepsen.util: 0	:ok	:read	[0 1 2 3 4 5 6 7 8 9 10 11 12 13 14 15 16 17 18 19 20 21 22 23 24 25 26 27 28 29 30 31 32 33 34 35 36 37 38 39 40 41 42 43 44 45 46 47 48 49 50 51 52 53 54 55 56 57 58]
2025-06-03 13:12:41,455{GMT}	INFO	[jepsen worker 0] jepsen.util: 0	:invoke	:read	nil
2025-06-03 13:12:41,457{GMT}	INFO	[jepsen worker 0] jepsen.util: 0	:ok	:read	[0 1 2 3 4 5 6 7 8 9 10 11 12 13 14 15 16 17 18 19 20 21 22 23 24 25 26 27 28 29 30 31 32 33 34 35 36 37 38 39 40 41 42 43 44 45 46 47 48 49 50 51 52 53 54 55 56 57 58]
2025-06-03 13:12:41,626{GMT}	INFO	[jepsen worker 0] jepsen.util: 0	:invoke	:broadcast	59
2025-06-03 13:12:41,627{GMT}	INFO	[jepsen worker 0] jepsen.util: 0	:ok	:broadcast	59
2025-06-03 13:12:41,689{GMT}	INFO	[jepsen worker 0] jepsen.util: 0	:invoke	:read	nil
2025-06-03 13:12:41,692{GMT}	INFO	[jepsen worker 0] jepsen.util: 0	:ok	:read	[0 1 2 3 4 5 6 7 8 9 10 11 12 13 14 15 16 17 18 19 20 21 22 23 24 25 26 27 28 29 30 31 32 33 34 35 36 37 38 39 40 41 42 43 44 45 46 47 48 49 50 51 52 53 54 55 56 57 58 59]
2025-06-03 13:12:41,862{GMT}	INFO	[jepsen worker 0] jepsen.util: 0	:invoke	:read	nil
2025-06-03 13:12:41,865{GMT}	INFO	[jepsen worker 0] jepsen.util: 0	:ok	:read	[0 1 2 3 4 5 6 7 8 9 10 11 12 13 14 15 16 17 18 19 20 21 22 23 24 25 26 27 28 29 30 31 32 33 34 35 36 37 38 39 40 41 42 43 44 45 46 47 48 49 50 51 52 53 54 55 56 57 58 59]
2025-06-03 13:12:41,894{GMT}	INFO	[jepsen worker 0] jepsen.util: 0	:invoke	:broadcast	60
2025-06-03 13:12:41,896{GMT}	INFO	[jepsen worker 0] jepsen.util: 0	:ok	:broadcast	60
2025-06-03 13:12:42,036{GMT}	INFO	[jepsen worker 0] jepsen.util: 0	:invoke	:read	nil
2025-06-03 13:12:42,038{GMT}	INFO	[jepsen worker 0] jepsen.util: 0	:ok	:read	[0 1 2 3 4 5 6 7 8 9 10 11 12 13 14 15 16 17 18 19 20 21 22 23 24 25 26 27 28 29 30 31 32 33 34 35 36 37 38 39 40 41 42 43 44 45 46 47 48 49 50 51 52 53 54 55 56 57 58 59 60]
2025-06-03 13:12:42,050{GMT}	INFO	[jepsen worker 0] jepsen.util: 0	:invoke	:broadcast	61
2025-06-03 13:12:42,051{GMT}	INFO	[jepsen worker 0] jepsen.util: 0	:ok	:broadcast	61
2025-06-03 13:12:42,071{GMT}	INFO	[jepsen worker 0] jepsen.util: 0	:invoke	:broadcast	62
2025-06-03 13:12:42,073{GMT}	INFO	[jepsen worker 0] jepsen.util: 0	:ok	:broadcast	62
2025-06-03 13:12:42,167{GMT}	INFO	[jepsen worker 0] jepsen.util: 0	:invoke	:read	nil
2025-06-03 13:12:42,169{GMT}	INFO	[jepsen worker 0] jepsen.util: 0	:ok	:read	[0 1 2 3 4 5 6 7 8 9 10 11 12 13 14 15 16 17 18 19 20 21 22 23 24 25 26 27 28 29 30 31 32 33 34 35 36 37 38 39 40 41 42 43 44 45 46 47 48 49 50 51 52 53 54 55 56 57 58 59 60 61 62]
2025-06-03 13:12:42,319{GMT}	INFO	[jepsen worker 0] jepsen.util: 0	:invoke	:broadcast	63
2025-06-03 13:12:42,321{GMT}	INFO	[jepsen worker 0] jepsen.util: 0	:ok	:broadcast	63
2025-06-03 13:12:42,504{GMT}	INFO	[jepsen worker 0] jepsen.util: 0	:invoke	:read	nil
2025-06-03 13:12:42,506{GMT}	INFO	[jepsen worker 0] jepsen.util: 0	:ok	:read	[0 1 2 3 4 5 6 7 8 9 10 11 12 13 14 15 16 17 18 19 20 21 22 23 24 25 26 27 28 29 30 31 32 33 34 35 36 37 38 39 40 41 42 43 44 45 46 47 48 49 50 51 52 53 54 55 56 57 58 59 60 61 62 63]
2025-06-03 13:12:42,699{GMT}	INFO	[jepsen worker 0] jepsen.util: 0	:invoke	:read	nil
2025-06-03 13:12:42,700{GMT}	INFO	[jepsen worker 0] jepsen.util: 0	:ok	:read	[0 1 2 3 4 5 6 7 8 9 10 11 12 13 14 15 16 17 18 19 20 21 22 23 24 25 26 27 28 29 30 31 32 33 34 35 36 37 38 39 40 41 42 43 44 45 46 47 48 49 50 51 52 53 54 55 56 57 58 59 60 61 62 63]
2025-06-03 13:12:42,858{GMT}	INFO	[jepsen worker 0] jepsen.util: 0	:invoke	:read	nil
2025-06-03 13:12:42,860{GMT}	INFO	[jepsen worker 0] jepsen.util: 0	:ok	:read	[0 1 2 3 4 5 6 7 8 9 10 11 12 13 14 15 16 17 18 19 20 21 22 23 24 25 26 27 28 29 30 31 32 33 34 35 36 37 38 39 40 41 42 43 44 45 46 47 48 49 50 51 52 53 54 55 56 57 58 59 60 61 62 63]
2025-06-03 13:12:42,918{GMT}	INFO	[jepsen worker 0] jepsen.util: 0	:invoke	:broadcast	64
2025-06-03 13:12:42,920{GMT}	INFO	[jepsen worker 0] jepsen.util: 0	:ok	:broadcast	64
2025-06-03 13:12:43,087{GMT}	INFO	[jepsen worker 0] jepsen.util: 0	:invoke	:read	nil
2025-06-03 13:12:43,088{GMT}	INFO	[jepsen worker 0] jepsen.util: 0	:ok	:read	[0 1 2 3 4 5 6 7 8 9 10 11 12 13 14 15 16 17 18 19 20 21 22 23 24 25 26 27 28 29 30 31 32 33 34 35 36 37 38 39 40 41 42 43 44 45 46 47 48 49 50 51 52 53 54 55 56 57 58 59 60 61 62 63 64]
2025-06-03 13:12:43,225{GMT}	INFO	[jepsen worker 0] jepsen.util: 0	:invoke	:read	nil
2025-06-03 13:12:43,226{GMT}	INFO	[jepsen worker 0] jepsen.util: 0	:ok	:read	[0 1 2 3 4 5 6 7 8 9 10 11 12 13 14 15 16 17 18 19 20 21 22 23 24 25 26 27 28 29 30 31 32 33 34 35 36 37 38 39 40 41 42 43 44 45 46 47 48 49 50 51 52 53 54 55 56 57 58 59 60 61 62 63 64]
2025-06-03 13:12:43,332{GMT}	INFO	[jepsen worker 0] jepsen.util: 0	:invoke	:broadcast	65
2025-06-03 13:12:43,334{GMT}	INFO	[jepsen worker 0] jepsen.util: 0	:ok	:broadcast	65
2025-06-03 13:12:43,402{GMT}	INFO	[jepsen worker 0] jepsen.util: 0	:invoke	:read	nil
2025-06-03 13:12:43,403{GMT}	INFO	[jepsen worker 0] jepsen.util: 0	:ok	:read	[0 1 2 3 4 5 6 7 8 9 10 11 12 13 14 15 16 17 18 19 20 21 22 23 24 25 26 27 28 29 30 31 32 33 34 35 36 37 38 39 40 41 42 43 44 45 46 47 48 49 50 51 52 53 54 55 56 57 58 59 60 61 62 63 64 65]
2025-06-03 13:12:43,556{GMT}	INFO	[jepsen worker 0] jepsen.util: 0	:invoke	:broadcast	66
2025-06-03 13:12:43,558{GMT}	INFO	[jepsen worker 0] jepsen.util: 0	:ok	:broadcast	66
2025-06-03 13:12:43,740{GMT}	INFO	[jepsen worker 0] jepsen.util: 0	:invoke	:broadcast	67
2025-06-03 13:12:43,741{GMT}	INFO	[jepsen worker 0] jepsen.util: 0	:ok	:broadcast	67
2025-06-03 13:12:43,817{GMT}	INFO	[jepsen worker 0] jepsen.util: 0	:invoke	:read	nil
2025-06-03 13:12:43,819{GMT}	INFO	[jepsen worker 0] jepsen.util: 0	:ok	:read	[0 1 2 3 4 5 6 7 8 9 10 11 12 13 14 15 16 17 18 19 20 21 22 23 24 25 26 27 28 29 30 31 32 33 34 35 36 37 38 39 40 41 42 43 44 45 46 47 48 49 50 51 52 53 54 55 56 57 58 59 60 61 62 63 64 65 66 67]
2025-06-03 13:12:43,875{GMT}	INFO	[jepsen worker 0] jepsen.util: 0	:invoke	:broadcast	68
2025-06-03 13:12:43,876{GMT}	INFO	[jepsen worker 0] jepsen.util: 0	:ok	:broadcast	68
2025-06-03 13:12:44,075{GMT}	INFO	[jepsen worker 0] jepsen.util: 0	:invoke	:read	nil
2025-06-03 13:12:44,077{GMT}	INFO	[jepsen worker 0] jepsen.util: 0	:ok	:read	[0 1 2 3 4 5 6 7 8 9 10 11 12 13 14 15 16 17 18 19 20 21 22 23 24 25 26 27 28 29 30 31 32 33 34 35 36 37 38 39 40 41 42 43 44 45 46 47 48 49 50 51 52 53 54 55 56 57 58 59 60 61 62 63 64 65 66 67 68]
2025-06-03 13:12:44,274{GMT}	INFO	[jepsen worker 0] jepsen.util: 0	:invoke	:broadcast	69
2025-06-03 13:12:44,275{GMT}	INFO	[jepsen worker 0] jepsen.util: 0	:ok	:broadcast	69
2025-06-03 13:12:44,356{GMT}	INFO	[jepsen worker 0] jepsen.util: 0	:invoke	:broadcast	70
2025-06-03 13:12:44,357{GMT}	INFO	[jepsen worker 0] jepsen.util: 0	:ok	:broadcast	70
2025-06-03 13:12:44,469{GMT}	INFO	[jepsen worker 0] jepsen.util: 0	:invoke	:read	nil
2025-06-03 13:12:44,471{GMT}	INFO	[jepsen worker 0] jepsen.util: 0	:ok	:read	[0 1 2 3 4 5 6 7 8 9 10 11 12 13 14 15 16 17 18 19 20 21 22 23 24 25 26 27 28 29 30 31 32 33 34 35 36 37 38 39 40 41 42 43 44 45 46 47 48 49 50 51 52 53 54 55 56 57 58 59 60 61 62 63 64 65 66 67 68 69 70]
2025-06-03 13:12:44,645{GMT}	INFO	[jepsen worker 0] jepsen.util: 0	:invoke	:read	nil
2025-06-03 13:12:44,647{GMT}	INFO	[jepsen worker 0] jepsen.util: 0	:ok	:read	[0 1 2 3 4 5 6 7 8 9 10 11 12 13 14 15 16 17 18 19 20 21 22 23 24 25 26 27 28 29 30 31 32 33 34 35 36 37 38 39 40 41 42 43 44 45 46 47 48 49 50 51 52 53 54 55 56 57 58 59 60 61 62 63 64 65 66 67 68 69 70]
2025-06-03 13:12:44,701{GMT}	INFO	[jepsen worker 0] jepsen.util: 0	:invoke	:broadcast	71
2025-06-03 13:12:44,702{GMT}	INFO	[jepsen worker 0] jepsen.util: 0	:ok	:broadcast	71
2025-06-03 13:12:44,809{GMT}	INFO	[jepsen worker 0] jepsen.util: 0	:invoke	:read	nil
2025-06-03 13:12:44,811{GMT}	INFO	[jepsen worker 0] jepsen.util: 0	:ok	:read	[0 1 2 3 4 5 6 7 8 9 10 11 12 13 14 15 16 17 18 19 20 21 22 23 24 25 26 27 28 29 30 31 32 33 34 35 36 37 38 39 40 41 42 43 44 45 46 47 48 49 50 51 52 53 54 55 56 57 58 59 60 61 62 63 64 65 66 67 68 69 70 71]
2025-06-03 13:12:44,828{GMT}	INFO	[jepsen worker 0] jepsen.util: 0	:invoke	:read	nil
2025-06-03 13:12:44,829{GMT}	INFO	[jepsen worker 0] jepsen.util: 0	:ok	:read	[0 1 2 3 4 5 6 7 8 9 10 11 12 13 14 15 16 17 18 19 20 21 22 23 24 25 26 27 28 29 30 31 32 33 34 35 36 37 38 39 40 41 42 43 44 45 46 47 48 49 50 51 52 53 54 55 56 57 58 59 60 61 62 63 64 65 66 67 68 69 70 71]
2025-06-03 13:12:44,852{GMT}	INFO	[jepsen worker 0] jepsen.util: 0	:invoke	:read	nil
2025-06-03 13:12:44,854{GMT}	INFO	[jepsen worker 0] jepsen.util: 0	:ok	:read	[0 1 2 3 4 5 6 7 8 9 10 11 12 13 14 15 16 17 18 19 20 21 22 23 24 25 26 27 28 29 30 31 32 33 34 35 36 37 38 39 40 41 42 43 44 45 46 47 48 49 50 51 52 53 54 55 56 57 58 59 60 61 62 63 64 65 66 67 68 69 70 71]
2025-06-03 13:12:44,908{GMT}	INFO	[jepsen worker 0] jepsen.util: 0	:invoke	:broadcast	72
2025-06-03 13:12:44,910{GMT}	INFO	[jepsen worker 0] jepsen.util: 0	:ok	:broadcast	72
2025-06-03 13:12:45,041{GMT}	INFO	[jepsen worker 0] jepsen.util: 0	:invoke	:broadcast	73
2025-06-03 13:12:45,043{GMT}	INFO	[jepsen worker 0] jepsen.util: 0	:ok	:broadcast	73
2025-06-03 13:12:45,064{GMT}	INFO	[jepsen worker 0] jepsen.util: 0	:invoke	:broadcast	74
2025-06-03 13:12:45,066{GMT}	INFO	[jepsen worker 0] jepsen.util: 0	:ok	:broadcast	74
2025-06-03 13:12:45,252{GMT}	INFO	[jepsen worker 0] jepsen.util: 0	:invoke	:broadcast	75
2025-06-03 13:12:45,254{GMT}	INFO	[jepsen worker 0] jepsen.util: 0	:ok	:broadcast	75
2025-06-03 13:12:45,346{GMT}	INFO	[jepsen worker 0] jepsen.util: 0	:invoke	:read	nil
2025-06-03 13:12:45,349{GMT}	INFO	[jepsen worker 0] jepsen.util: 0	:ok	:read	[0 1 2 3 4 5 6 7 8 9 10 11 12 13 14 15 16 17 18 19 20 21 22 23 24 25 26 27 28 29 30 31 32 33 34 35 36 37 38 39 40 41 42 43 44 45 46 47 48 49 50 51 52 53 54 55 56 57 58 59 60 61 62 63 64 65 66 67 68 69 70 71 72 73 74 75]
2025-06-03 13:12:45,520{GMT}	INFO	[jepsen worker 0] jepsen.util: 0	:invoke	:broadcast	76
2025-06-03 13:12:45,522{GMT}	INFO	[jepsen worker 0] jepsen.util: 0	:ok	:broadcast	76
2025-06-03 13:12:45,709{GMT}	INFO	[jepsen worker 0] jepsen.util: 0	:invoke	:broadcast	77
2025-06-03 13:12:45,710{GMT}	INFO	[jepsen worker 0] jepsen.util: 0	:ok	:broadcast	77
2025-06-03 13:12:45,742{GMT}	INFO	[jepsen worker 0] jepsen.util: 0	:invoke	:read	nil
2025-06-03 13:12:45,743{GMT}	INFO	[jepsen worker 0] jepsen.util: 0	:ok	:read	[0 1 2 3 4 5 6 7 8 9 10 11 12 13 14 15 16 17 18 19 20 21 22 23 24 25 26 27 28 29 30 31 32 33 34 35 36 37 38 39 40 41 42 43 44 45 46 47 48 49 50 51 52 53 54 55 56 57 58 59 60 61 62 63 64 65 66 67 68 69 70 71 72 73 74 75 76 77]
2025-06-03 13:12:45,798{GMT}	INFO	[jepsen worker 0] jepsen.util: 0	:invoke	:broadcast	78
2025-06-03 13:12:45,799{GMT}	INFO	[jepsen worker 0] jepsen.util: 0	:ok	:broadcast	78
2025-06-03 13:12:45,990{GMT}	INFO	[jepsen worker 0] jepsen.util: 0	:invoke	:read	nil
2025-06-03 13:12:45,993{GMT}	INFO	[jepsen worker 0] jepsen.util: 0	:ok	:read	[0 1 2 3 4 5 6 7 8 9 10 11 12 13 14 15 16 17 18 19 20 21 22 23 24 25 26 27 28 29 30 31 32 33 34 35 36 37 38 39 40 41 42 43 44 45 46 47 48 49 50 51 52 53 54 55 56 57 58 59 60 61 62 63 64 65 66 67 68 69 70 71 72 73 74 75 76 77 78]
2025-06-03 13:12:46,118{GMT}	INFO	[jepsen worker 0] jepsen.util: 0	:invoke	:read	nil
2025-06-03 13:12:46,120{GMT}	INFO	[jepsen worker 0] jepsen.util: 0	:ok	:read	[0 1 2 3 4 5 6 7 8 9 10 11 12 13 14 15 16 17 18 19 20 21 22 23 24 25 26 27 28 29 30 31 32 33 34 35 36 37 38 39 40 41 42 43 44 45 46 47 48 49 50 51 52 53 54 55 56 57 58 59 60 61 62 63 64 65 66 67 68 69 70 71 72 73 74 75 76 77 78]
2025-06-03 13:12:46,143{GMT}	INFO	[jepsen worker 0] jepsen.util: 0	:invoke	:broadcast	79
2025-06-03 13:12:46,144{GMT}	INFO	[jepsen worker 0] jepsen.util: 0	:ok	:broadcast	79
2025-06-03 13:12:46,154{GMT}	INFO	[jepsen worker 0] jepsen.util: 0	:invoke	:read	nil
2025-06-03 13:12:46,155{GMT}	INFO	[jepsen worker 0] jepsen.util: 0	:ok	:read	[0 1 2 3 4 5 6 7 8 9 10 11 12 13 14 15 16 17 18 19 20 21 22 23 24 25 26 27 28 29 30 31 32 33 34 35 36 37 38 39 40 41 42 43 44 45 46 47 48 49 50 51 52 53 54 55 56 57 58 59 60 61 62 63 64 65 66 67 68 69 70 71 72 73 74 75 76 77 78 79]
2025-06-03 13:12:46,216{GMT}	INFO	[jepsen worker 0] jepsen.util: 0	:invoke	:read	nil
2025-06-03 13:12:46,218{GMT}	INFO	[jepsen worker 0] jepsen.util: 0	:ok	:read	[0 1 2 3 4 5 6 7 8 9 10 11 12 13 14 15 16 17 18 19 20 21 22 23 24 25 26 27 28 29 30 31 32 33 34 35 36 37 38 39 40 41 42 43 44 45 46 47 48 49 50 51 52 53 54 55 56 57 58 59 60 61 62 63 64 65 66 67 68 69 70 71 72 73 74 75 76 77 78 79]
2025-06-03 13:12:46,374{GMT}	INFO	[jepsen worker 0] jepsen.util: 0	:invoke	:read	nil
2025-06-03 13:12:46,377{GMT}	INFO	[jepsen worker 0] jepsen.util: 0	:ok	:read	[0 1 2 3 4 5 6 7 8 9 10 11 12 13 14 15 16 17 18 19 20 21 22 23 24 25 26 27 28 29 30 31 32 33 34 35 36 37 38 39 40 41 42 43 44 45 46 47 48 49 50 51 52 53 54 55 56 57 58 59 60 61 62 63 64 65 66 67 68 69 70 71 72 73 74 75 76 77 78 79]
2025-06-03 13:12:46,480{GMT}	INFO	[jepsen worker 0] jepsen.util: 0	:invoke	:broadcast	80
2025-06-03 13:12:46,482{GMT}	INFO	[jepsen worker 0] jepsen.util: 0	:ok	:broadcast	80
2025-06-03 13:12:46,567{GMT}	INFO	[jepsen worker 0] jepsen.util: 0	:invoke	:broadcast	81
2025-06-03 13:12:46,570{GMT}	INFO	[jepsen worker 0] jepsen.util: 0	:ok	:broadcast	81
2025-06-03 13:12:46,608{GMT}	INFO	[jepsen worker 0] jepsen.util: 0	:invoke	:read	nil
2025-06-03 13:12:46,611{GMT}	INFO	[jepsen worker 0] jepsen.util: 0	:ok	:read	[0 1 2 3 4 5 6 7 8 9 10 11 12 13 14 15 16 17 18 19 20 21 22 23 24 25 26 27 28 29 30 31 32 33 34 35 36 37 38 39 40 41 42 43 44 45 46 47 48 49 50 51 52 53 54 55 56 57 58 59 60 61 62 63 64 65 66 67 68 69 70 71 72 73 74 75 76 77 78 79 80 81]
2025-06-03 13:12:46,752{GMT}	INFO	[jepsen worker 0] jepsen.util: 0	:invoke	:read	nil
2025-06-03 13:12:46,755{GMT}	INFO	[jepsen worker 0] jepsen.util: 0	:ok	:read	[0 1 2 3 4 5 6 7 8 9 10 11 12 13 14 15 16 17 18 19 20 21 22 23 24 25 26 27 28 29 30 31 32 33 34 35 36 37 38 39 40 41 42 43 44 45 46 47 48 49 50 51 52 53 54 55 56 57 58 59 60 61 62 63 64 65 66 67 68 69 70 71 72 73 74 75 76 77 78 79 80 81]
2025-06-03 13:12:46,912{GMT}	INFO	[jepsen worker 0] jepsen.util: 0	:invoke	:broadcast	82
2025-06-03 13:12:46,914{GMT}	INFO	[jepsen worker 0] jepsen.util: 0	:ok	:broadcast	82
2025-06-03 13:12:47,088{GMT}	INFO	[jepsen worker 0] jepsen.util: 0	:invoke	:broadcast	83
2025-06-03 13:12:47,089{GMT}	INFO	[jepsen worker 0] jepsen.util: 0	:ok	:broadcast	83
2025-06-03 13:12:47,201{GMT}	INFO	[jepsen worker 0] jepsen.util: 0	:invoke	:read	nil
2025-06-03 13:12:47,204{GMT}	INFO	[jepsen worker 0] jepsen.util: 0	:ok	:read	[0 1 2 3 4 5 6 7 8 9 10 11 12 13 14 15 16 17 18 19 20 21 22 23 24 25 26 27 28 29 30 31 32 33 34 35 36 37 38 39 40 41 42 43 44 45 46 47 48 49 50 51 52 53 54 55 56 57 58 59 60 61 62 63 64 65 66 67 68 69 70 71 72 73 74 75 76 77 78 79 80 81 82 83]
2025-06-03 13:12:47,272{GMT}	INFO	[jepsen worker 0] jepsen.util: 0	:invoke	:broadcast	84
2025-06-03 13:12:47,274{GMT}	INFO	[jepsen worker 0] jepsen.util: 0	:ok	:broadcast	84
2025-06-03 13:12:47,433{GMT}	INFO	[jepsen worker 0] jepsen.util: 0	:invoke	:broadcast	85
2025-06-03 13:12:47,437{GMT}	INFO	[jepsen worker 0] jepsen.util: 0	:ok	:broadcast	85
2025-06-03 13:12:47,459{GMT}	INFO	[jepsen worker 0] jepsen.util: 0	:invoke	:broadcast	86
2025-06-03 13:12:47,460{GMT}	INFO	[jepsen worker 0] jepsen.util: 0	:ok	:broadcast	86
2025-06-03 13:12:47,477{GMT}	INFO	[jepsen worker 0] jepsen.util: 0	:invoke	:broadcast	87
2025-06-03 13:12:47,478{GMT}	INFO	[jepsen worker 0] jepsen.util: 0	:ok	:broadcast	87
2025-06-03 13:12:47,599{GMT}	INFO	[jepsen worker 0] jepsen.util: 0	:invoke	:broadcast	88
2025-06-03 13:12:47,601{GMT}	INFO	[jepsen worker 0] jepsen.util: 0	:ok	:broadcast	88
2025-06-03 13:12:47,801{GMT}	INFO	[jepsen worker 0] jepsen.util: 0	:invoke	:read	nil
2025-06-03 13:12:47,802{GMT}	INFO	[jepsen worker 0] jepsen.util: 0	:ok	:read	[0 1 2 3 4 5 6 7 8 9 10 11 12 13 14 15 16 17 18 19 20 21 22 23 24 25 26 27 28 29 30 31 32 33 34 35 36 37 38 39 40 41 42 43 44 45 46 47 48 49 50 51 52 53 54 55 56 57 58 59 60 61 62 63 64 65 66 67 68 69 70 71 72 73 74 75 76 77 78 79 80 81 82 83 84 85 86 87 88]
2025-06-03 13:12:47,873{GMT}	INFO	[jepsen worker 0] jepsen.util: 0	:invoke	:broadcast	89
2025-06-03 13:12:47,875{GMT}	INFO	[jepsen worker 0] jepsen.util: 0	:ok	:broadcast	89
2025-06-03 13:12:48,075{GMT}	INFO	[jepsen worker 0] jepsen.util: 0	:invoke	:read	nil
2025-06-03 13:12:48,077{GMT}	INFO	[jepsen worker 0] jepsen.util: 0	:ok	:read	[0 1 2 3 4 5 6 7 8 9 10 11 12 13 14 15 16 17 18 19 20 21 22 23 24 25 26 27 28 29 30 31 32 33 34 35 36 37 38 39 40 41 42 43 44 45 46 47 48 49 50 51 52 53 54 55 56 57 58 59 60 61 62 63 64 65 66 67 68 69 70 71 72 73 74 75 76 77 78 79 80 81 82 83 84 85 86 87 88 89]
2025-06-03 13:12:48,204{GMT}	INFO	[jepsen worker 0] jepsen.util: 0	:invoke	:broadcast	90
2025-06-03 13:12:48,206{GMT}	INFO	[jepsen worker 0] jepsen.util: 0	:ok	:broadcast	90
2025-06-03 13:12:48,238{GMT}	INFO	[jepsen worker 0] jepsen.util: 0	:invoke	:broadcast	91
2025-06-03 13:12:48,239{GMT}	INFO	[jepsen worker 0] jepsen.util: 0	:ok	:broadcast	91
2025-06-03 13:12:48,325{GMT}	INFO	[jepsen worker 0] jepsen.util: 0	:invoke	:read	nil
2025-06-03 13:12:48,326{GMT}	INFO	[jepsen worker 0] jepsen.util: 0	:ok	:read	[0 1 2 3 4 5 6 7 8 9 10 11 12 13 14 15 16 17 18 19 20 21 22 23 24 25 26 27 28 29 30 31 32 33 34 35 36 37 38 39 40 41 42 43 44 45 46 47 48 49 50 51 52 53 54 55 56 57 58 59 60 61 62 63 64 65 66 67 68 69 70 71 72 73 74 75 76 77 78 79 80 81 82 83 84 85 86 87 88 89 90 91]
2025-06-03 13:12:48,492{GMT}	INFO	[jepsen worker 0] jepsen.util: 0	:invoke	:read	nil
2025-06-03 13:12:48,494{GMT}	INFO	[jepsen worker 0] jepsen.util: 0	:ok	:read	[0 1 2 3 4 5 6 7 8 9 10 11 12 13 14 15 16 17 18 19 20 21 22 23 24 25 26 27 28 29 30 31 32 33 34 35 36 37 38 39 40 41 42 43 44 45 46 47 48 49 50 51 52 53 54 55 56 57 58 59 60 61 62 63 64 65 66 67 68 69 70 71 72 73 74 75 76 77 78 79 80 81 82 83 84 85 86 87 88 89 90 91]
2025-06-03 13:12:48,671{GMT}	INFO	[jepsen worker 0] jepsen.util: 0	:invoke	:broadcast	92
2025-06-03 13:12:48,674{GMT}	INFO	[jepsen worker 0] jepsen.util: 0	:ok	:broadcast	92
2025-06-03 13:12:48,765{GMT}	INFO	[jepsen worker 0] jepsen.util: 0	:invoke	:read	nil
2025-06-03 13:12:48,769{GMT}	INFO	[jepsen worker 0] jepsen.util: 0	:ok	:read	[0 1 2 3 4 5 6 7 8 9 10 11 12 13 14 15 16 17 18 19 20 21 22 23 24 25 26 27 28 29 30 31 32 33 34 35 36 37 38 39 40 41 42 43 44 45 46 47 48 49 50 51 52 53 54 55 56 57 58 59 60 61 62 63 64 65 66 67 68 69 70 71 72 73 74 75 76 77 78 79 80 81 82 83 84 85 86 87 88 89 90 91 92]
2025-06-03 13:12:48,851{GMT}	INFO	[jepsen worker 0] jepsen.util: 0	:invoke	:read	nil
2025-06-03 13:12:48,853{GMT}	INFO	[jepsen worker 0] jepsen.util: 0	:ok	:read	[0 1 2 3 4 5 6 7 8 9 10 11 12 13 14 15 16 17 18 19 20 21 22 23 24 25 26 27 28 29 30 31 32 33 34 35 36 37 38 39 40 41 42 43 44 45 46 47 48 49 50 51 52 53 54 55 56 57 58 59 60 61 62 63 64 65 66 67 68 69 70 71 72 73 74 75 76 77 78 79 80 81 82 83 84 85 86 87 88 89 90 91 92]
2025-06-03 13:12:48,961{GMT}	INFO	[jepsen worker 0] jepsen.util: 0	:invoke	:broadcast	93
2025-06-03 13:12:48,963{GMT}	INFO	[jepsen worker 0] jepsen.util: 0	:ok	:broadcast	93
2025-06-03 13:12:49,030{GMT}	INFO	[jepsen worker 0] jepsen.util: 0	:invoke	:read	nil
2025-06-03 13:12:49,032{GMT}	INFO	[jepsen worker 0] jepsen.util: 0	:ok	:read	[0 1 2 3 4 5 6 7 8 9 10 11 12 13 14 15 16 17 18 19 20 21 22 23 24 25 26 27 28 29 30 31 32 33 34 35 36 37 38 39 40 41 42 43 44 45 46 47 48 49 50 51 52 53 54 55 56 57 58 59 60 61 62 63 64 65 66 67 68 69 70 71 72 73 74 75 76 77 78 79 80 81 82 83 84 85 86 87 88 89 90 91 92 93]
2025-06-03 13:12:49,033{GMT}	INFO	[jepsen worker 0] jepsen.util: 0	:invoke	:broadcast	94
2025-06-03 13:12:49,034{GMT}	INFO	[jepsen worker 0] jepsen.util: 0	:ok	:broadcast	94
2025-06-03 13:12:49,123{GMT}	INFO	[jepsen worker 0] jepsen.util: 0	:invoke	:read	nil
2025-06-03 13:12:49,125{GMT}	INFO	[jepsen worker 0] jepsen.util: 0	:ok	:read	[0 1 2 3 4 5 6 7 8 9 10 11 12 13 14 15 16 17 18 19 20 21 22 23 24 25 26 27 28 29 30 31 32 33 34 35 36 37 38 39 40 41 42 43 44 45 46 47 48 49 50 51 52 53 54 55 56 57 58 59 60 61 62 63 64 65 66 67 68 69 70 71 72 73 74 75 76 77 78 79 80 81 82 83 84 85 86 87 88 89 90 91 92 93 94]
2025-06-03 13:12:49,207{GMT}	INFO	[jepsen worker 0] jepsen.util: 0	:invoke	:broadcast	95
2025-06-03 13:12:49,208{GMT}	INFO	[jepsen worker 0] jepsen.util: 0	:ok	:broadcast	95
2025-06-03 13:12:49,209{GMT}	INFO	[jepsen worker 0] jepsen.generator.interpreter: Waiting for recovery...
2025-06-03 13:12:59,220{GMT}	INFO	[jepsen worker 0] jepsen.util: 0	:invoke	:read	nil
2025-06-03 13:12:59,222{GMT}	INFO	[jepsen worker 0] jepsen.util: 0	:ok	:read	[0 1 2 3 4 5 6 7 8 9 10 11 12 13 14 15 16 17 18 19 20 21 22 23 24 25 26 27 28 29 30 31 32 33 34 35 36 37 38 39 40 41 42 43 44 45 46 47 48 49 50 51 52 53 54 55 56 57 58 59 60 61 62 63 64 65 66 67 68 69 70 71 72 73 74 75 76 77 78 79 80 81 82 83 84 85 86 87 88 89 90 91 92 93 94 95]
2025-06-03 13:12:59,236{GMT}	INFO	[jepsen test runner] jepsen.core: Run complete, writing
2025-06-03 13:12:59,281{GMT}	INFO	[jepsen node n0] maelstrom.db: Tearing down n0
2025-06-03 13:13:01,187{GMT}	INFO	[jepsen node n0] maelstrom.net: Shutting down Maelstrom network
2025-06-03 13:13:01,189{GMT}	INFO	[jepsen test runner] jepsen.core: Analyzing...
2025-06-03 13:13:01,911{GMT}	INFO	[jepsen test runner] jepsen.core: Analysis complete
2025-06-03 13:13:01,919{GMT}	INFO	[jepsen results] jepsen.store: Wrote /Users/anandtrehan/flyio_challenges/maelstrom/store/broadcast/20250603T131227.808-0400/results.edn
2025-06-03 13:13:01,936{GMT}	INFO	[jepsen test runner] jepsen.core: {:perf {:latency-graph {:valid? true},
        :rate-graph {:valid? true},
        :valid? true},
 :timeline {:valid? true},
 :exceptions {:valid? true},
 :stats {:valid? true,
         :count 195,
         :ok-count 195,
         :fail-count 0,
         :info-count 0,
         :by-f {:broadcast {:valid? true,
                            :count 96,
                            :ok-count 96,
                            :fail-count 0,
                            :info-count 0},
                :read {:valid? true,
                       :count 99,
                       :ok-count 99,
                       :fail-count 0,
                       :info-count 0}}},
 :availability {:valid? true, :ok-fraction 1.0},
 :net {:all {:send-count 394,
             :recv-count 394,
             :msg-count 394,
             :msgs-per-op 2.0205128},
       :clients {:send-count 394, :recv-count 394, :msg-count 394},
       :servers {:send-count 0,
                 :recv-count 0,
                 :msg-count 0,
                 :msgs-per-op 0.0},
       :valid? true},
 :workload {:worst-stale (),
            :duplicated-count 0,
            :valid? true,
            :lost-count 0,
            :lost (),
            :stable-count 96,
            :stale-count 0,
            :stale (),
            :never-read-count 0,
            :stable-latencies {0 0, 0.5 0, 0.95 0, 0.99 0, 1 0},
            :attempt-count 96,
            :never-read (),
            :duplicated {}},
 :valid? true}


Everything looks good! (`)
