2025/06/29 14:52:15 Received {c0 n1 {"type":"init","node_id":"n1","node_ids":["n0","n1","n2","n3","n4"],"msg_id":1}}
2025/06/29 14:52:15 Node n1 initialized
2025/06/29 14:52:15 Sent {"src":"n1","dest":"c0","body":{"in_reply_to":1,"type":"init_ok"}}
2025/06/29 14:52:15 Received {c5 n1 {"type":"topology","topology":{"n0":["n3","n1"],"n1":["n4","n2","n0"],"n2":["n1"],"n3":["n0","n4"],"n4":["n1","n3"]},"msg_id":1}}
2025/06/29 14:52:15 Sent {"src":"n1","dest":"c5","body":{"in_reply_to":1,"type":"topology_ok"}}
2025/06/29 14:52:15 Received {c10 n1 {"type":"read","msg_id":1}}
2025/06/29 14:52:15 Sent {"src":"n1","dest":"c10","body":{"in_reply_to":1,"messages":[],"type":"read_ok"}}
2025/06/29 14:52:15 Received {c10 n1 {"type":"read","msg_id":2}}
2025/06/29 14:52:15 Sent {"src":"n1","dest":"c10","body":{"in_reply_to":2,"messages":[],"type":"read_ok"}}
2025/06/29 14:52:16 Received {c10 n1 {"type":"read","msg_id":3}}
2025/06/29 14:52:16 Sent {"src":"n1","dest":"c10","body":{"in_reply_to":3,"messages":[],"type":"read_ok"}}
2025/06/29 14:52:16 Received {n4 n1 {"messages":[0],"msg_id":2,"type":"broadcast"}}
2025/06/29 14:52:16 Sent {"src":"n1","dest":"n4","body":{"in_reply_to":2,"type":"broadcast_ok"}}
2025/06/29 14:52:16 Sent {"src":"n1","dest":"n2","body":{"messages":[0],"msg_id":3,"type":"broadcast"}}
2025/06/29 14:52:16 Sent {"src":"n1","dest":"n4","body":{"messages":[0],"msg_id":1,"type":"broadcast"}}
2025/06/29 14:52:16 Sent {"src":"n1","dest":"n0","body":{"messages":[0],"msg_id":2,"type":"broadcast"}}
2025/06/29 14:52:16 Received {n4 n1 {"messages":[2,4],"msg_id":4,"type":"broadcast"}}
2025/06/29 14:52:16 Sent {"src":"n1","dest":"n4","body":{"in_reply_to":4,"type":"broadcast_ok"}}
2025/06/29 14:52:16 Received {n4 n1 {"in_reply_to":1,"type":"broadcast_ok"}}
2025/06/29 14:52:16 Received {c10 n1 {"type":"broadcast","message":7,"msg_id":4}}
2025/06/29 14:52:16 Sent {"src":"n1","dest":"c10","body":{"in_reply_to":4,"type":"broadcast_ok"}}
2025/06/29 14:52:17 Sent {"src":"n1","dest":"n0","body":{"messages":[2,4,7],"msg_id":4,"type":"broadcast"}}
2025/06/29 14:52:17 Sent {"src":"n1","dest":"n4","body":{"messages":[2,4,7],"msg_id":5,"type":"broadcast"}}
2025/06/29 14:52:17 Sent {"src":"n1","dest":"n2","body":{"messages":[2,4,7],"msg_id":6,"type":"broadcast"}}
2025/06/29 14:52:17 Received {n4 n1 {"messages":[3,10],"msg_id":6,"type":"broadcast"}}
2025/06/29 14:52:17 Sent {"src":"n1","dest":"n4","body":{"in_reply_to":6,"type":"broadcast_ok"}}
2025/06/29 14:52:17 Received {n4 n1 {"in_reply_to":5,"type":"broadcast_ok"}}
2025/06/29 14:52:17 Received {c10 n1 {"type":"read","msg_id":5}}
2025/06/29 14:52:17 Sent {"src":"n1","dest":"c10","body":{"in_reply_to":5,"messages":[0,2,4,7,3,10],"type":"read_ok"}}
2025/06/29 14:52:17 Sent {"src":"n1","dest":"n0","body":{"messages":[3,10],"msg_id":7,"type":"broadcast"}}
2025/06/29 14:52:17 Sent {"src":"n1","dest":"n4","body":{"messages":[3,10],"msg_id":8,"type":"broadcast"}}
2025/06/29 14:52:17 Sent {"src":"n1","dest":"n2","body":{"messages":[3,10],"msg_id":9,"type":"broadcast"}}
2025/06/29 14:52:17 Received {n4 n1 {"messages":[9,7],"msg_id":8,"type":"broadcast"}}
2025/06/29 14:52:17 Sent {"src":"n1","dest":"n4","body":{"in_reply_to":8,"type":"broadcast_ok"}}
2025/06/29 14:52:17 Received {n4 n1 {"in_reply_to":8,"type":"broadcast_ok"}}
2025/06/29 14:52:18 Sent {"src":"n1","dest":"n0","body":{"messages":[9],"msg_id":10,"type":"broadcast"}}
2025/06/29 14:52:18 Sent {"src":"n1","dest":"n4","body":{"messages":[9],"msg_id":11,"type":"broadcast"}}
2025/06/29 14:52:18 Sent {"src":"n1","dest":"n2","body":{"messages":[9],"msg_id":12,"type":"broadcast"}}
2025/06/29 14:52:18 Received {n4 n1 {"messages":[14],"msg_id":9,"type":"broadcast"}}
2025/06/29 14:52:18 Sent {"src":"n1","dest":"n4","body":{"in_reply_to":9,"type":"broadcast_ok"}}
2025/06/29 14:52:18 Received {c10 n1 {"type":"broadcast","message":16,"msg_id":6}}
2025/06/29 14:52:18 Sent {"src":"n1","dest":"c10","body":{"in_reply_to":6,"type":"broadcast_ok"}}
2025/06/29 14:52:18 Received {n4 n1 {"in_reply_to":11,"type":"broadcast_ok"}}
2025/06/29 14:52:18 Sent {"src":"n1","dest":"n0","body":{"messages":[14,16],"msg_id":13,"type":"broadcast"}}
2025/06/29 14:52:18 Sent {"src":"n1","dest":"n4","body":{"messages":[14,16],"msg_id":14,"type":"broadcast"}}
2025/06/29 14:52:18 Sent {"src":"n1","dest":"n2","body":{"messages":[14,16],"msg_id":15,"type":"broadcast"}}
2025/06/29 14:52:18 Received {n4 n1 {"in_reply_to":14,"type":"broadcast_ok"}}
2025/06/29 14:52:18 Received {c10 n1 {"type":"broadcast","message":20,"msg_id":7}}
2025/06/29 14:52:18 Sent {"src":"n1","dest":"c10","body":{"in_reply_to":7,"type":"broadcast_ok"}}
2025/06/29 14:52:19 Sent {"src":"n1","dest":"n0","body":{"messages":[20],"msg_id":16,"type":"broadcast"}}
2025/06/29 14:52:19 Sent {"src":"n1","dest":"n4","body":{"messages":[20],"msg_id":17,"type":"broadcast"}}
2025/06/29 14:52:19 Sent {"src":"n1","dest":"n2","body":{"messages":[20],"msg_id":18,"type":"broadcast"}}
2025/06/29 14:52:19 Received {n4 n1 {"messages":[17,16,22],"msg_id":12,"type":"broadcast"}}
2025/06/29 14:52:19 Sent {"src":"n1","dest":"n4","body":{"in_reply_to":12,"type":"broadcast_ok"}}
2025/06/29 14:52:19 Received {n4 n1 {"in_reply_to":17,"type":"broadcast_ok"}}
2025/06/29 14:52:19 Received {c10 n1 {"type":"broadcast","message":24,"msg_id":8}}
2025/06/29 14:52:19 Sent {"src":"n1","dest":"c10","body":{"in_reply_to":8,"type":"broadcast_ok"}}
2025/06/29 14:52:19 Sent {"src":"n1","dest":"n0","body":{"messages":[17,22,24],"msg_id":19,"type":"broadcast"}}
2025/06/29 14:52:19 Sent {"src":"n1","dest":"n4","body":{"messages":[17,22,24],"msg_id":20,"type":"broadcast"}}
2025/06/29 14:52:19 Sent {"src":"n1","dest":"n2","body":{"messages":[17,22,24],"msg_id":21,"type":"broadcast"}}
2025/06/29 14:52:19 Received {n4 n1 {"messages":[21,20],"msg_id":13,"type":"broadcast"}}
2025/06/29 14:52:19 Sent {"src":"n1","dest":"n4","body":{"in_reply_to":13,"type":"broadcast_ok"}}
2025/06/29 14:52:19 Received {n4 n1 {"in_reply_to":20,"type":"broadcast_ok"}}
2025/06/29 14:52:19 Received {c10 n1 {"type":"read","msg_id":9}}
2025/06/29 14:52:19 Sent {"src":"n1","dest":"c10","body":{"in_reply_to":9,"messages":[0,2,4,7,3,10,9,14,16,20,17,22,24,21],"type":"read_ok"}}
2025/06/29 14:52:20 Sent {"src":"n1","dest":"n4","body":{"messages":[21],"msg_id":23,"type":"broadcast"}}
2025/06/29 14:52:20 Sent {"src":"n1","dest":"n2","body":{"messages":[21],"msg_id":24,"type":"broadcast"}}
2025/06/29 14:52:20 Sent {"src":"n1","dest":"n0","body":{"messages":[21],"msg_id":22,"type":"broadcast"}}
2025/06/29 14:52:20 Received {n4 n1 {"messages":[25,24,29],"msg_id":15,"type":"broadcast"}}
2025/06/29 14:52:20 Sent {"src":"n1","dest":"n4","body":{"in_reply_to":15,"type":"broadcast_ok"}}
2025/06/29 14:52:20 Received {n4 n1 {"in_reply_to":23,"type":"broadcast_ok"}}
2025/06/29 14:52:20 Received {c10 n1 {"type":"broadcast","message":32,"msg_id":10}}
2025/06/29 14:52:20 Sent {"src":"n1","dest":"c10","body":{"in_reply_to":10,"type":"broadcast_ok"}}
2025/06/29 14:52:20 Sent {"src":"n1","dest":"n4","body":{"messages":[25,29,32],"msg_id":26,"type":"broadcast"}}
2025/06/29 14:52:20 Sent {"src":"n1","dest":"n0","body":{"messages":[25,29,32],"msg_id":25,"type":"broadcast"}}
2025/06/29 14:52:20 Sent {"src":"n1","dest":"n2","body":{"messages":[25,29,32],"msg_id":27,"type":"broadcast"}}
2025/06/29 14:52:20 Received {n4 n1 {"in_reply_to":26,"type":"broadcast_ok"}}
2025/06/29 14:52:21 Received {c10 n1 {"type":"read","msg_id":11}}
2025/06/29 14:52:21 Sent {"src":"n1","dest":"c10","body":{"in_reply_to":11,"messages":[0,2,4,7,3,10,9,14,16,20,17,22,24,21,25,29,32],"type":"read_ok"}}
2025/06/29 14:52:21 Received {n4 n1 {"messages":[32],"msg_id":17,"type":"broadcast"}}
2025/06/29 14:52:21 Sent {"src":"n1","dest":"n4","body":{"in_reply_to":17,"type":"broadcast_ok"}}
2025/06/29 14:52:21 Received {c10 n1 {"type":"broadcast","message":38,"msg_id":12}}
2025/06/29 14:52:21 Sent {"src":"n1","dest":"c10","body":{"in_reply_to":12,"type":"broadcast_ok"}}
2025/06/29 14:52:21 Sent {"src":"n1","dest":"n4","body":{"messages":[38],"msg_id":28,"type":"broadcast"}}
2025/06/29 14:52:21 Sent {"src":"n1","dest":"n2","body":{"messages":[38],"msg_id":29,"type":"broadcast"}}
2025/06/29 14:52:21 Sent {"src":"n1","dest":"n0","body":{"messages":[38],"msg_id":30,"type":"broadcast"}}
2025/06/29 14:52:21 Received {n4 n1 {"messages":[36],"msg_id":20,"type":"broadcast"}}
2025/06/29 14:52:21 Sent {"src":"n1","dest":"n4","body":{"in_reply_to":20,"type":"broadcast_ok"}}
2025/06/29 14:52:21 Received {n4 n1 {"in_reply_to":28,"type":"broadcast_ok"}}
2025/06/29 14:52:22 Sent {"src":"n1","dest":"n0","body":{"messages":[36],"msg_id":31,"type":"broadcast"}}
2025/06/29 14:52:22 Sent {"src":"n1","dest":"n4","body":{"messages":[36],"msg_id":32,"type":"broadcast"}}
2025/06/29 14:52:22 Sent {"src":"n1","dest":"n2","body":{"messages":[36],"msg_id":33,"type":"broadcast"}}
2025/06/29 14:52:22 Received {n4 n1 {"messages":[38],"msg_id":21,"type":"broadcast"}}
2025/06/29 14:52:22 Sent {"src":"n1","dest":"n4","body":{"in_reply_to":21,"type":"broadcast_ok"}}
2025/06/29 14:52:22 Received {n4 n1 {"in_reply_to":32,"type":"broadcast_ok"}}
2025/06/29 14:52:22 Received {c10 n1 {"type":"broadcast","message":42,"msg_id":13}}
2025/06/29 14:52:22 Sent {"src":"n1","dest":"c10","body":{"in_reply_to":13,"type":"broadcast_ok"}}
2025/06/29 14:52:22 Sent {"src":"n1","dest":"n0","body":{"messages":[42],"msg_id":34,"type":"broadcast"}}
2025/06/29 14:52:22 Sent {"src":"n1","dest":"n4","body":{"messages":[42],"msg_id":35,"type":"broadcast"}}
2025/06/29 14:52:22 Sent {"src":"n1","dest":"n2","body":{"messages":[42],"msg_id":36,"type":"broadcast"}}
2025/06/29 14:52:22 Received {n4 n1 {"in_reply_to":35,"type":"broadcast_ok"}}
2025/06/29 14:52:23 Received {c10 n1 {"type":"read","msg_id":14}}
2025/06/29 14:52:23 Sent {"src":"n1","dest":"c10","body":{"in_reply_to":14,"messages":[0,2,4,7,3,10,9,14,16,20,17,22,24,21,25,29,32,38,36,42],"type":"read_ok"}}
2025/06/29 14:52:23 Received {n4 n1 {"messages":[42,43],"msg_id":24,"type":"broadcast"}}
2025/06/29 14:52:23 Sent {"src":"n1","dest":"n4","body":{"in_reply_to":24,"type":"broadcast_ok"}}
2025/06/29 14:52:23 Received {c10 n1 {"type":"broadcast","message":47,"msg_id":15}}
2025/06/29 14:52:23 Sent {"src":"n1","dest":"c10","body":{"in_reply_to":15,"type":"broadcast_ok"}}
2025/06/29 14:52:23 Sent {"src":"n1","dest":"n0","body":{"messages":[43,47],"msg_id":37,"type":"broadcast"}}
2025/06/29 14:52:23 Sent {"src":"n1","dest":"n4","body":{"messages":[43,47],"msg_id":38,"type":"broadcast"}}
2025/06/29 14:52:23 Sent {"src":"n1","dest":"n2","body":{"messages":[43,47],"msg_id":39,"type":"broadcast"}}
2025/06/29 14:52:23 Received {n4 n1 {"in_reply_to":38,"type":"broadcast_ok"}}
2025/06/29 14:52:24 Received {n4 n1 {"messages":[49,47,50],"msg_id":25,"type":"broadcast"}}
2025/06/29 14:52:24 Sent {"src":"n1","dest":"n4","body":{"in_reply_to":25,"type":"broadcast_ok"}}
2025/06/29 14:52:24 Received {c10 n1 {"type":"broadcast","message":53,"msg_id":16}}
2025/06/29 14:52:24 Sent {"src":"n1","dest":"c10","body":{"in_reply_to":16,"type":"broadcast_ok"}}
2025/06/29 14:52:24 Sent {"src":"n1","dest":"n4","body":{"messages":[49,50,53],"msg_id":40,"type":"broadcast"}}
2025/06/29 14:52:24 Sent {"src":"n1","dest":"n2","body":{"messages":[49,50,53],"msg_id":41,"type":"broadcast"}}
2025/06/29 14:52:24 Sent {"src":"n1","dest":"n0","body":{"messages":[49,50,53],"msg_id":42,"type":"broadcast"}}
2025/06/29 14:52:24 Received {n4 n1 {"in_reply_to":40,"type":"broadcast_ok"}}
2025/06/29 14:52:25 Received {c10 n1 {"type":"broadcast","message":57,"msg_id":17}}
2025/06/29 14:52:25 Sent {"src":"n1","dest":"c10","body":{"in_reply_to":17,"type":"broadcast_ok"}}
2025/06/29 14:52:25 Sent {"src":"n1","dest":"n2","body":{"messages":[57],"msg_id":43,"type":"broadcast"}}
2025/06/29 14:52:25 Sent {"src":"n1","dest":"n4","body":{"messages":[57],"msg_id":45,"type":"broadcast"}}
2025/06/29 14:52:25 Sent {"src":"n1","dest":"n0","body":{"messages":[57],"msg_id":44,"type":"broadcast"}}
2025/06/29 14:52:25 Received {n4 n1 {"messages":[53,55,54],"msg_id":28,"type":"broadcast"}}
2025/06/29 14:52:25 Sent {"src":"n1","dest":"n4","body":{"in_reply_to":28,"type":"broadcast_ok"}}
2025/06/29 14:52:25 Received {n4 n1 {"in_reply_to":45,"type":"broadcast_ok"}}
2025/06/29 14:52:25 Received {c10 n1 {"type":"read","msg_id":18}}
2025/06/29 14:52:25 Sent {"src":"n1","dest":"c10","body":{"in_reply_to":18,"messages":[0,2,4,7,3,10,9,14,16,20,17,22,24,21,25,29,32,38,36,42,43,47,49,50,53,57,55,54],"type":"read_ok"}}
2025/06/29 14:52:25 Sent {"src":"n1","dest":"n4","body":{"messages":[55,54],"msg_id":46,"type":"broadcast"}}
2025/06/29 14:52:25 Sent {"src":"n1","dest":"n2","body":{"messages":[55,54],"msg_id":47,"type":"broadcast"}}
2025/06/29 14:52:25 Sent {"src":"n1","dest":"n0","body":{"messages":[55,54],"msg_id":48,"type":"broadcast"}}
2025/06/29 14:52:25 Received {n4 n1 {"messages":[57,59],"msg_id":30,"type":"broadcast"}}
2025/06/29 14:52:25 Sent {"src":"n1","dest":"n4","body":{"in_reply_to":30,"type":"broadcast_ok"}}
2025/06/29 14:52:25 Received {n4 n1 {"in_reply_to":46,"type":"broadcast_ok"}}
2025/06/29 14:52:26 Received {c10 n1 {"type":"read","msg_id":19}}
2025/06/29 14:52:26 Sent {"src":"n1","dest":"c10","body":{"in_reply_to":19,"messages":[0,2,4,7,3,10,9,14,16,20,17,22,24,21,25,29,32,38,36,42,43,47,49,50,53,57,55,54,59],"type":"read_ok"}}
2025/06/29 14:52:26 Sent {"src":"n1","dest":"n2","body":{"messages":[59],"msg_id":50,"type":"broadcast"}}
2025/06/29 14:52:26 Sent {"src":"n1","dest":"n0","body":{"messages":[59],"msg_id":51,"type":"broadcast"}}
2025/06/29 14:52:26 Sent {"src":"n1","dest":"n4","body":{"messages":[59],"msg_id":49,"type":"broadcast"}}
2025/06/29 14:52:26 Received {n4 n1 {"messages":[58],"msg_id":32,"type":"broadcast"}}
2025/06/29 14:52:26 Sent {"src":"n1","dest":"n4","body":{"in_reply_to":32,"type":"broadcast_ok"}}
2025/06/29 14:52:26 Received {n4 n1 {"in_reply_to":49,"type":"broadcast_ok"}}
2025/06/29 14:52:26 Received {c10 n1 {"type":"broadcast","message":65,"msg_id":20}}
2025/06/29 14:52:26 Sent {"src":"n1","dest":"c10","body":{"in_reply_to":20,"type":"broadcast_ok"}}
2025/06/29 14:52:26 Sent {"src":"n1","dest":"n2","body":{"messages":[58,65],"msg_id":53,"type":"broadcast"}}
2025/06/29 14:52:26 Sent {"src":"n1","dest":"n4","body":{"messages":[58,65],"msg_id":52,"type":"broadcast"}}
2025/06/29 14:52:26 Sent {"src":"n1","dest":"n0","body":{"messages":[58,65],"msg_id":54,"type":"broadcast"}}
2025/06/29 14:52:26 Received {n4 n1 {"messages":[62,63],"msg_id":34,"type":"broadcast"}}
2025/06/29 14:52:26 Sent {"src":"n1","dest":"n4","body":{"in_reply_to":34,"type":"broadcast_ok"}}
2025/06/29 14:52:26 Received {n4 n1 {"in_reply_to":52,"type":"broadcast_ok"}}
2025/06/29 14:52:27 Received {c10 n1 {"type":"broadcast","message":70,"msg_id":21}}
2025/06/29 14:52:27 Sent {"src":"n1","dest":"c10","body":{"in_reply_to":21,"type":"broadcast_ok"}}
2025/06/29 14:52:27 Sent {"src":"n1","dest":"n2","body":{"messages":[62,63,70],"msg_id":56,"type":"broadcast"}}
2025/06/29 14:52:27 Sent {"src":"n1","dest":"n4","body":{"messages":[62,63,70],"msg_id":55,"type":"broadcast"}}
2025/06/29 14:52:27 Sent {"src":"n1","dest":"n0","body":{"messages":[62,63,70],"msg_id":57,"type":"broadcast"}}
2025/06/29 14:52:27 Received {n4 n1 {"messages":[65,68],"msg_id":36,"type":"broadcast"}}
2025/06/29 14:52:27 Sent {"src":"n1","dest":"n4","body":{"in_reply_to":36,"type":"broadcast_ok"}}
2025/06/29 14:52:27 Received {n4 n1 {"in_reply_to":55,"type":"broadcast_ok"}}
2025/06/29 14:52:27 Sent {"src":"n1","dest":"n4","body":{"messages":[68],"msg_id":58,"type":"broadcast"}}
2025/06/29 14:52:27 Sent {"src":"n1","dest":"n2","body":{"messages":[68],"msg_id":59,"type":"broadcast"}}
2025/06/29 14:52:27 Sent {"src":"n1","dest":"n0","body":{"messages":[68],"msg_id":60,"type":"broadcast"}}
2025/06/29 14:52:27 Received {n4 n1 {"messages":[67,70,72],"msg_id":38,"type":"broadcast"}}
2025/06/29 14:52:27 Sent {"src":"n1","dest":"n4","body":{"in_reply_to":38,"type":"broadcast_ok"}}
2025/06/29 14:52:27 Received {n4 n1 {"in_reply_to":58,"type":"broadcast_ok"}}
2025/06/29 14:52:27 Received {c10 n1 {"type":"read","msg_id":22}}
2025/06/29 14:52:27 Sent {"src":"n1","dest":"c10","body":{"in_reply_to":22,"messages":[0,2,4,7,3,10,9,14,16,20,17,22,24,21,25,29,32,38,36,42,43,47,49,50,53,57,55,54,59,58,65,62,63,70,68,67,72],"type":"read_ok"}}
2025/06/29 14:52:28 Sent {"src":"n1","dest":"n0","body":{"messages":[67,72],"msg_id":62,"type":"broadcast"}}
2025/06/29 14:52:28 Sent {"src":"n1","dest":"n4","body":{"messages":[67,72],"msg_id":61,"type":"broadcast"}}
2025/06/29 14:52:28 Sent {"src":"n1","dest":"n2","body":{"messages":[67,72],"msg_id":63,"type":"broadcast"}}
2025/06/29 14:52:28 Received {n4 n1 {"in_reply_to":61,"type":"broadcast_ok"}}
2025/06/29 14:52:28 Received {c10 n1 {"type":"read","msg_id":23}}
2025/06/29 14:52:28 Sent {"src":"n1","dest":"c10","body":{"in_reply_to":23,"messages":[0,2,4,7,3,10,9,14,16,20,17,22,24,21,25,29,32,38,36,42,43,47,49,50,53,57,55,54,59,58,65,62,63,70,68,67,72],"type":"read_ok"}}
2025/06/29 14:52:28 Received {n4 n1 {"messages":[76],"msg_id":40,"type":"broadcast"}}
2025/06/29 14:52:28 Sent {"src":"n1","dest":"n4","body":{"in_reply_to":40,"type":"broadcast_ok"}}
2025/06/29 14:52:29 Sent {"src":"n1","dest":"n0","body":{"messages":[76],"msg_id":65,"type":"broadcast"}}
2025/06/29 14:52:29 Sent {"src":"n1","dest":"n2","body":{"messages":[76],"msg_id":64,"type":"broadcast"}}
2025/06/29 14:52:29 Sent {"src":"n1","dest":"n4","body":{"messages":[76],"msg_id":66,"type":"broadcast"}}
2025/06/29 14:52:29 Received {n4 n1 {"in_reply_to":66,"type":"broadcast_ok"}}
2025/06/29 14:52:29 Received {c10 n1 {"type":"broadcast","message":83,"msg_id":24}}
2025/06/29 14:52:29 Sent {"src":"n1","dest":"c10","body":{"in_reply_to":24,"type":"broadcast_ok"}}
2025/06/29 14:52:29 Sent {"src":"n1","dest":"n2","body":{"messages":[83],"msg_id":67,"type":"broadcast"}}
2025/06/29 14:52:29 Sent {"src":"n1","dest":"n0","body":{"messages":[83],"msg_id":68,"type":"broadcast"}}
2025/06/29 14:52:29 Sent {"src":"n1","dest":"n4","body":{"messages":[83],"msg_id":69,"type":"broadcast"}}
2025/06/29 14:52:29 Received {n4 n1 {"messages":[80],"msg_id":42,"type":"broadcast"}}
2025/06/29 14:52:29 Sent {"src":"n1","dest":"n4","body":{"in_reply_to":42,"type":"broadcast_ok"}}
2025/06/29 14:52:29 Received {n4 n1 {"in_reply_to":69,"type":"broadcast_ok"}}
2025/06/29 14:52:30 Received {c10 n1 {"type":"broadcast","message":87,"msg_id":25}}
2025/06/29 14:52:30 Sent {"src":"n1","dest":"c10","body":{"in_reply_to":25,"type":"broadcast_ok"}}
2025/06/29 14:52:30 Sent {"src":"n1","dest":"n0","body":{"messages":[80,87],"msg_id":70,"type":"broadcast"}}
2025/06/29 14:52:30 Sent {"src":"n1","dest":"n4","body":{"messages":[80,87],"msg_id":71,"type":"broadcast"}}
2025/06/29 14:52:30 Sent {"src":"n1","dest":"n2","body":{"messages":[80,87],"msg_id":72,"type":"broadcast"}}
2025/06/29 14:52:30 Received {n4 n1 {"messages":[84,83],"msg_id":44,"type":"broadcast"}}
2025/06/29 14:52:30 Received {n4 n1 {"in_reply_to":71,"type":"broadcast_ok"}}
2025/06/29 14:52:30 Sent {"src":"n1","dest":"n4","body":{"in_reply_to":44,"type":"broadcast_ok"}}
2025/06/29 14:52:30 Received {c10 n1 {"type":"read","msg_id":26}}
2025/06/29 14:52:30 Sent {"src":"n1","dest":"c10","body":{"in_reply_to":26,"messages":[0,2,4,7,3,10,9,14,16,20,17,22,24,21,25,29,32,38,36,42,43,47,49,50,53,57,55,54,59,58,65,62,63,70,68,67,72,76,83,80,87,84],"type":"read_ok"}}
2025/06/29 14:52:30 Sent {"src":"n1","dest":"n4","body":{"messages":[84],"msg_id":73,"type":"broadcast"}}
2025/06/29 14:52:30 Sent {"src":"n1","dest":"n2","body":{"messages":[84],"msg_id":74,"type":"broadcast"}}
2025/06/29 14:52:30 Sent {"src":"n1","dest":"n0","body":{"messages":[84],"msg_id":75,"type":"broadcast"}}
2025/06/29 14:52:30 Received {n4 n1 {"in_reply_to":73,"type":"broadcast_ok"}}
2025/06/29 14:52:30 Received {n4 n1 {"messages":[87,88],"msg_id":46,"type":"broadcast"}}
2025/06/29 14:52:30 Sent {"src":"n1","dest":"n4","body":{"in_reply_to":46,"type":"broadcast_ok"}}
2025/06/29 14:52:31 Received {c10 n1 {"type":"broadcast","message":94,"msg_id":27}}
2025/06/29 14:52:31 Sent {"src":"n1","dest":"c10","body":{"in_reply_to":27,"type":"broadcast_ok"}}
2025/06/29 14:52:31 Sent {"src":"n1","dest":"n0","body":{"messages":[88,94],"msg_id":76,"type":"broadcast"}}
2025/06/29 14:52:31 Sent {"src":"n1","dest":"n4","body":{"messages":[88,94],"msg_id":77,"type":"broadcast"}}
2025/06/29 14:52:31 Sent {"src":"n1","dest":"n2","body":{"messages":[88,94],"msg_id":78,"type":"broadcast"}}
2025/06/29 14:52:31 Received {n4 n1 {"in_reply_to":77,"type":"broadcast_ok"}}
2025/06/29 14:52:31 Received {n4 n1 {"messages":[94,91],"msg_id":48,"type":"broadcast"}}
2025/06/29 14:52:31 Sent {"src":"n1","dest":"n4","body":{"in_reply_to":48,"type":"broadcast_ok"}}
2025/06/29 14:52:31 Sent {"src":"n1","dest":"n0","body":{"messages":[91],"msg_id":79,"type":"broadcast"}}
2025/06/29 14:52:31 Sent {"src":"n1","dest":"n4","body":{"messages":[91],"msg_id":80,"type":"broadcast"}}
2025/06/29 14:52:31 Sent {"src":"n1","dest":"n2","body":{"messages":[91],"msg_id":81,"type":"broadcast"}}
2025/06/29 14:52:31 Received {n4 n1 {"in_reply_to":80,"type":"broadcast_ok"}}
2025/06/29 14:52:31 Received {n4 n1 {"messages":[96],"msg_id":49,"type":"broadcast"}}
2025/06/29 14:52:31 Sent {"src":"n1","dest":"n4","body":{"in_reply_to":49,"type":"broadcast_ok"}}
2025/06/29 14:52:31 Received {c10 n1 {"type":"broadcast","message":98,"msg_id":28}}
2025/06/29 14:52:31 Sent {"src":"n1","dest":"c10","body":{"in_reply_to":28,"type":"broadcast_ok"}}
2025/06/29 14:52:32 Sent {"src":"n1","dest":"n0","body":{"messages":[96,98],"msg_id":82,"type":"broadcast"}}
2025/06/29 14:52:32 Sent {"src":"n1","dest":"n2","body":{"messages":[96,98],"msg_id":84,"type":"broadcast"}}
2025/06/29 14:52:32 Sent {"src":"n1","dest":"n4","body":{"messages":[96,98],"msg_id":83,"type":"broadcast"}}
2025/06/29 14:52:32 Received {n0 n1 {"messages":[97],"msg_id":53,"type":"broadcast"}}
2025/06/29 14:52:32 Sent {"src":"n1","dest":"n0","body":{"in_reply_to":53,"type":"broadcast_ok"}}
2025/06/29 14:52:32 Received {n0 n1 {"in_reply_to":82,"type":"broadcast_ok"}}
2025/06/29 14:52:32 Received {n4 n1 {"messages":[99],"msg_id":51,"type":"broadcast"}}
2025/06/29 14:52:32 Received {n4 n1 {"in_reply_to":83,"type":"broadcast_ok"}}
2025/06/29 14:52:32 Received {n2 n1 {"in_reply_to":84,"type":"broadcast_ok"}}
2025/06/29 14:52:32 Sent {"src":"n1","dest":"n4","body":{"in_reply_to":51,"type":"broadcast_ok"}}
2025/06/29 14:52:32 Received {c10 n1 {"type":"read","msg_id":29}}
2025/06/29 14:52:32 Sent {"src":"n1","dest":"c10","body":{"in_reply_to":29,"messages":[0,2,4,7,3,10,9,14,16,20,17,22,24,21,25,29,32,38,36,42,43,47,49,50,53,57,55,54,59,58,65,62,63,70,68,67,72,76,83,80,87,84,88,94,91,96,98,97,99],"type":"read_ok"}}
2025/06/29 14:52:32 Sent {"src":"n1","dest":"n0","body":{"messages":[97,99],"msg_id":85,"type":"broadcast"}}
2025/06/29 14:52:32 Sent {"src":"n1","dest":"n4","body":{"messages":[97,99],"msg_id":86,"type":"broadcast"}}
2025/06/29 14:52:32 Sent {"src":"n1","dest":"n2","body":{"messages":[97,99],"msg_id":87,"type":"broadcast"}}
2025/06/29 14:52:32 Received {n2 n1 {"messages":[96,98,100],"msg_id":16,"type":"broadcast"}}
2025/06/29 14:52:32 Received {n0 n1 {"messages":[96,98],"msg_id":55,"type":"broadcast"}}
2025/06/29 14:52:32 Sent {"src":"n1","dest":"n2","body":{"in_reply_to":16,"type":"broadcast_ok"}}
2025/06/29 14:52:32 Sent {"src":"n1","dest":"n0","body":{"in_reply_to":55,"type":"broadcast_ok"}}
2025/06/29 14:52:32 Received {n4 n1 {"messages":[98,97],"msg_id":54,"type":"broadcast"}}
2025/06/29 14:52:32 Received {n4 n1 {"in_reply_to":86,"type":"broadcast_ok"}}
2025/06/29 14:52:32 Received {n0 n1 {"in_reply_to":85,"type":"broadcast_ok"}}
2025/06/29 14:52:32 Received {n2 n1 {"in_reply_to":87,"type":"broadcast_ok"}}
2025/06/29 14:52:32 Sent {"src":"n1","dest":"n4","body":{"in_reply_to":54,"type":"broadcast_ok"}}
2025/06/29 14:52:33 Received {c10 n1 {"type":"broadcast","message":105,"msg_id":30}}
2025/06/29 14:52:33 Sent {"src":"n1","dest":"c10","body":{"in_reply_to":30,"type":"broadcast_ok"}}
2025/06/29 14:52:33 Sent {"src":"n1","dest":"n4","body":{"messages":[100,105],"msg_id":88,"type":"broadcast"}}
2025/06/29 14:52:33 Sent {"src":"n1","dest":"n2","body":{"messages":[100,105],"msg_id":89,"type":"broadcast"}}
2025/06/29 14:52:33 Sent {"src":"n1","dest":"n0","body":{"messages":[100,105],"msg_id":90,"type":"broadcast"}}
2025/06/29 14:52:33 Received {n0 n1 {"messages":[99,103,104],"msg_id":57,"type":"broadcast"}}
2025/06/29 14:52:33 Received {n2 n1 {"messages":[97,99],"msg_id":17,"type":"broadcast"}}
2025/06/29 14:52:33 Sent {"src":"n1","dest":"n0","body":{"in_reply_to":57,"type":"broadcast_ok"}}
2025/06/29 14:52:33 Sent {"src":"n1","dest":"n2","body":{"in_reply_to":17,"type":"broadcast_ok"}}
2025/06/29 14:52:33 Received {n4 n1 {"messages":[102],"msg_id":56,"type":"broadcast"}}
2025/06/29 14:52:33 Received {n2 n1 {"in_reply_to":89,"type":"broadcast_ok"}}
2025/06/29 14:52:33 Received {n4 n1 {"in_reply_to":88,"type":"broadcast_ok"}}
2025/06/29 14:52:33 Received {n0 n1 {"in_reply_to":90,"type":"broadcast_ok"}}
2025/06/29 14:52:33 Sent {"src":"n1","dest":"n4","body":{"in_reply_to":56,"type":"broadcast_ok"}}
2025/06/29 14:52:33 Sent {"src":"n1","dest":"n2","body":{"messages":[103,104,102],"msg_id":91,"type":"broadcast"}}
2025/06/29 14:52:33 Sent {"src":"n1","dest":"n0","body":{"messages":[103,104,102],"msg_id":92,"type":"broadcast"}}
2025/06/29 14:52:33 Sent {"src":"n1","dest":"n4","body":{"messages":[103,104,102],"msg_id":93,"type":"broadcast"}}
2025/06/29 14:52:33 Received {n2 n1 {"messages":[105],"msg_id":18,"type":"broadcast"}}
2025/06/29 14:52:33 Received {n0 n1 {"messages":[101,100,105,106,107],"msg_id":59,"type":"broadcast"}}
2025/06/29 14:52:33 Sent {"src":"n1","dest":"n2","body":{"in_reply_to":18,"type":"broadcast_ok"}}
2025/06/29 14:52:33 Sent {"src":"n1","dest":"n0","body":{"in_reply_to":59,"type":"broadcast_ok"}}
2025/06/29 14:52:33 Received {n4 n1 {"messages":[101,100,105],"msg_id":58,"type":"broadcast"}}
2025/06/29 14:52:33 Received {n4 n1 {"in_reply_to":93,"type":"broadcast_ok"}}
2025/06/29 14:52:33 Received {n2 n1 {"in_reply_to":91,"type":"broadcast_ok"}}
2025/06/29 14:52:33 Sent {"src":"n1","dest":"n4","body":{"in_reply_to":58,"type":"broadcast_ok"}}
2025/06/29 14:52:33 Received {n0 n1 {"in_reply_to":92,"type":"broadcast_ok"}}
2025/06/29 14:52:33 Received {c10 n1 {"type":"read","msg_id":31}}
2025/06/29 14:52:33 Sent {"src":"n1","dest":"c10","body":{"in_reply_to":31,"messages":[0,2,4,7,3,10,9,14,16,20,17,22,24,21,25,29,32,38,36,42,43,47,49,50,53,57,55,54,59,58,65,62,63,70,68,67,72,76,83,80,87,84,88,94,91,96,98,97,99,100,105,103,104,102,101,106,107],"type":"read_ok"}}
2025/06/29 14:52:34 Sent {"src":"n1","dest":"n0","body":{"messages":[101,106,107],"msg_id":94,"type":"broadcast"}}
2025/06/29 14:52:34 Sent {"src":"n1","dest":"n4","body":{"messages":[101,106,107],"msg_id":95,"type":"broadcast"}}
2025/06/29 14:52:34 Sent {"src":"n1","dest":"n2","body":{"messages":[101,106,107],"msg_id":96,"type":"broadcast"}}
2025/06/29 14:52:34 Received {n2 n1 {"messages":[103,104,102],"msg_id":19,"type":"broadcast"}}
2025/06/29 14:52:34 Received {n0 n1 {"messages":[102,109],"msg_id":62,"type":"broadcast"}}
2025/06/29 14:52:34 Sent {"src":"n1","dest":"n2","body":{"in_reply_to":19,"type":"broadcast_ok"}}
2025/06/29 14:52:34 Sent {"src":"n1","dest":"n0","body":{"in_reply_to":62,"type":"broadcast_ok"}}
2025/06/29 14:52:34 Received {n4 n1 {"messages":[103,104,108,106,107],"msg_id":60,"type":"broadcast"}}
2025/06/29 14:52:34 Received {n4 n1 {"in_reply_to":95,"type":"broadcast_ok"}}
2025/06/29 14:52:34 Received {n0 n1 {"in_reply_to":94,"type":"broadcast_ok"}}
2025/06/29 14:52:34 Received {n2 n1 {"in_reply_to":96,"type":"broadcast_ok"}}
2025/06/29 14:52:34 Sent {"src":"n1","dest":"n4","body":{"in_reply_to":60,"type":"broadcast_ok"}}
2025/06/29 14:52:34 Received {c10 n1 {"type":"broadcast","message":110,"msg_id":32}}
2025/06/29 14:52:34 Sent {"src":"n1","dest":"c10","body":{"in_reply_to":32,"type":"broadcast_ok"}}
2025/06/29 14:52:34 Sent {"src":"n1","dest":"n0","body":{"messages":[109,108,110],"msg_id":97,"type":"broadcast"}}
2025/06/29 14:52:34 Sent {"src":"n1","dest":"n4","body":{"messages":[109,108,110],"msg_id":99,"type":"broadcast"}}
2025/06/29 14:52:34 Sent {"src":"n1","dest":"n2","body":{"messages":[109,108,110],"msg_id":98,"type":"broadcast"}}
2025/06/29 14:52:34 Received {n2 n1 {"messages":[101,106,107,111],"msg_id":20,"type":"broadcast"}}
2025/06/29 14:52:34 Sent {"src":"n1","dest":"n2","body":{"in_reply_to":20,"type":"broadcast_ok"}}
2025/06/29 14:52:34 Received {n4 n1 {"in_reply_to":99,"type":"broadcast_ok"}}
2025/06/29 14:52:34 Received {n4 n1 {"messages":[109,112,110],"msg_id":62,"type":"broadcast"}}
2025/06/29 14:52:34 Received {n0 n1 {"in_reply_to":97,"type":"broadcast_ok"}}
2025/06/29 14:52:34 Sent {"src":"n1","dest":"n4","body":{"in_reply_to":62,"type":"broadcast_ok"}}
2025/06/29 14:52:34 Received {n2 n1 {"in_reply_to":98,"type":"broadcast_ok"}}
2025/06/29 14:52:34 Received {c10 n1 {"type":"broadcast","message":113,"msg_id":33}}
2025/06/29 14:52:34 Sent {"src":"n1","dest":"c10","body":{"in_reply_to":33,"type":"broadcast_ok"}}
2025/06/29 14:52:35 Sent {"src":"n1","dest":"n0","body":{"messages":[111,112,113],"msg_id":101,"type":"broadcast"}}
2025/06/29 14:52:35 Sent {"src":"n1","dest":"n4","body":{"messages":[111,112,113],"msg_id":100,"type":"broadcast"}}
2025/06/29 14:52:35 Sent {"src":"n1","dest":"n2","body":{"messages":[111,112,113],"msg_id":102,"type":"broadcast"}}
2025/06/29 14:52:35 Received {n2 n1 {"messages":[109,108,110],"msg_id":21,"type":"broadcast"}}
2025/06/29 14:52:35 Received {n0 n1 {"messages":[108,112,110],"msg_id":64,"type":"broadcast"}}
2025/06/29 14:52:35 Sent {"src":"n1","dest":"n2","body":{"in_reply_to":21,"type":"broadcast_ok"}}
2025/06/29 14:52:35 Sent {"src":"n1","dest":"n0","body":{"in_reply_to":64,"type":"broadcast_ok"}}
2025/06/29 14:52:35 Received {n2 n1 {"in_reply_to":102,"type":"broadcast_ok"}}
2025/06/29 14:52:35 Received {n0 n1 {"in_reply_to":101,"type":"broadcast_ok"}}
2025/06/29 14:52:35 Received {n4 n1 {"in_reply_to":100,"type":"broadcast_ok"}}
2025/06/29 14:52:35 Received {n4 n1 {"messages":[111,113],"msg_id":64,"type":"broadcast"}}
2025/06/29 14:52:35 Sent {"src":"n1","dest":"n4","body":{"in_reply_to":64,"type":"broadcast_ok"}}
2025/06/29 14:52:35 Received {n0 n1 {"messages":[111,113],"msg_id":65,"type":"broadcast"}}
2025/06/29 14:52:35 Received {n2 n1 {"messages":[112,113],"msg_id":22,"type":"broadcast"}}
2025/06/29 14:52:35 Sent {"src":"n1","dest":"n0","body":{"in_reply_to":65,"type":"broadcast_ok"}}
2025/06/29 14:52:35 Sent {"src":"n1","dest":"n2","body":{"in_reply_to":22,"type":"broadcast_ok"}}
2025/06/29 14:52:45 Received {c10 n1 {"type":"read","msg_id":34}}
2025/06/29 14:52:45 Sent {"src":"n1","dest":"c10","body":{"in_reply_to":34,"messages":[0,2,4,7,3,10,9,14,16,20,17,22,24,21,25,29,32,38,36,42,43,47,49,50,53,57,55,54,59,58,65,62,63,70,68,67,72,76,83,80,87,84,88,94,91,96,98,97,99,100,105,103,104,102,101,106,107,109,108,110,111,112,113],"type":"read_ok"}}
