2025/06/29 14:52:15 Received {c2 n4 {"type":"init","node_id":"n4","node_ids":["n0","n1","n2","n3","n4"],"msg_id":1}}
2025/06/29 14:52:15 Node n4 initialized
2025/06/29 14:52:15 Sent {"src":"n4","dest":"c2","body":{"in_reply_to":1,"type":"init_ok"}}
2025/06/29 14:52:15 Received {c9 n4 {"type":"topology","topology":{"n0":["n3","n1"],"n1":["n4","n2","n0"],"n2":["n1"],"n3":["n0","n4"],"n4":["n1","n3"]},"msg_id":1}}
2025/06/29 14:52:15 Sent {"src":"n4","dest":"c9","body":{"in_reply_to":1,"type":"topology_ok"}}
2025/06/29 14:52:15 Received {c13 n4 {"type":"read","msg_id":1}}
2025/06/29 14:52:15 Sent {"src":"n4","dest":"c13","body":{"in_reply_to":1,"messages":[],"type":"read_ok"}}
2025/06/29 14:52:15 Received {n3 n4 {"messages":[0],"msg_id":1,"type":"broadcast"}}
2025/06/29 14:52:15 Sent {"src":"n4","dest":"n3","body":{"in_reply_to":1,"type":"broadcast_ok"}}
2025/06/29 14:52:16 Received {c13 n4 {"type":"read","msg_id":2}}
2025/06/29 14:52:16 Sent {"src":"n4","dest":"c13","body":{"in_reply_to":2,"messages":[0],"type":"read_ok"}}
2025/06/29 14:52:16 Sent {"src":"n4","dest":"n3","body":{"messages":[0],"msg_id":1,"type":"broadcast"}}
2025/06/29 14:52:16 Sent {"src":"n4","dest":"n1","body":{"messages":[0],"msg_id":2,"type":"broadcast"}}
2025/06/29 14:52:16 Received {n3 n4 {"messages":[2],"msg_id":4,"type":"broadcast"}}
2025/06/29 14:52:16 Sent {"src":"n4","dest":"n3","body":{"in_reply_to":4,"type":"broadcast_ok"}}
2025/06/29 14:52:16 Received {n1 n4 {"in_reply_to":2,"type":"broadcast_ok"}}
2025/06/29 14:52:16 Received {n3 n4 {"in_reply_to":1,"type":"broadcast_ok"}}
2025/06/29 14:52:16 Received {c13 n4 {"type":"broadcast","message":4,"msg_id":3}}
2025/06/29 14:52:16 Sent {"src":"n4","dest":"c13","body":{"in_reply_to":3,"type":"broadcast_ok"}}
2025/06/29 14:52:16 Sent {"src":"n4","dest":"n3","body":{"messages":[2,4],"msg_id":3,"type":"broadcast"}}
2025/06/29 14:52:16 Sent {"src":"n4","dest":"n1","body":{"messages":[2,4],"msg_id":4,"type":"broadcast"}}
2025/06/29 14:52:16 Received {n3 n4 {"messages":[3],"msg_id":5,"type":"broadcast"}}
2025/06/29 14:52:16 Sent {"src":"n4","dest":"n3","body":{"in_reply_to":5,"type":"broadcast_ok"}}
2025/06/29 14:52:16 Received {n1 n4 {"messages":[0],"msg_id":1,"type":"broadcast"}}
2025/06/29 14:52:16 Sent {"src":"n4","dest":"n1","body":{"in_reply_to":1,"type":"broadcast_ok"}}
2025/06/29 14:52:16 Received {n3 n4 {"in_reply_to":3,"type":"broadcast_ok"}}
2025/06/29 14:52:16 Received {n1 n4 {"in_reply_to":4,"type":"broadcast_ok"}}
2025/06/29 14:52:17 Received {c13 n4 {"type":"broadcast","message":10,"msg_id":4}}
2025/06/29 14:52:17 Sent {"src":"n4","dest":"c13","body":{"in_reply_to":4,"type":"broadcast_ok"}}
2025/06/29 14:52:17 Sent {"src":"n4","dest":"n3","body":{"messages":[3,10],"msg_id":5,"type":"broadcast"}}
2025/06/29 14:52:17 Sent {"src":"n4","dest":"n1","body":{"messages":[3,10],"msg_id":6,"type":"broadcast"}}
2025/06/29 14:52:17 Received {n3 n4 {"messages":[4,9],"msg_id":7,"type":"broadcast"}}
2025/06/29 14:52:17 Sent {"src":"n4","dest":"n3","body":{"in_reply_to":7,"type":"broadcast_ok"}}
2025/06/29 14:52:17 Received {n1 n4 {"messages":[2,4,7],"msg_id":5,"type":"broadcast"}}
2025/06/29 14:52:17 Sent {"src":"n4","dest":"n1","body":{"in_reply_to":5,"type":"broadcast_ok"}}
2025/06/29 14:52:17 Received {n1 n4 {"in_reply_to":6,"type":"broadcast_ok"}}
2025/06/29 14:52:17 Received {n3 n4 {"in_reply_to":5,"type":"broadcast_ok"}}
2025/06/29 14:52:17 Sent {"src":"n4","dest":"n3","body":{"messages":[9,7],"msg_id":7,"type":"broadcast"}}
2025/06/29 14:52:17 Sent {"src":"n4","dest":"n1","body":{"messages":[9,7],"msg_id":8,"type":"broadcast"}}
2025/06/29 14:52:17 Received {n3 n4 {"messages":[10],"msg_id":9,"type":"broadcast"}}
2025/06/29 14:52:17 Received {n1 n4 {"messages":[3,10],"msg_id":8,"type":"broadcast"}}
2025/06/29 14:52:17 Sent {"src":"n4","dest":"n3","body":{"in_reply_to":9,"type":"broadcast_ok"}}
2025/06/29 14:52:17 Sent {"src":"n4","dest":"n1","body":{"in_reply_to":8,"type":"broadcast_ok"}}
2025/06/29 14:52:17 Received {n3 n4 {"in_reply_to":7,"type":"broadcast_ok"}}
2025/06/29 14:52:17 Received {n1 n4 {"in_reply_to":8,"type":"broadcast_ok"}}
2025/06/29 14:52:17 Received {c13 n4 {"type":"broadcast","message":14,"msg_id":5}}
2025/06/29 14:52:17 Sent {"src":"n4","dest":"c13","body":{"in_reply_to":5,"type":"broadcast_ok"}}
2025/06/29 14:52:18 Sent {"src":"n4","dest":"n1","body":{"messages":[14],"msg_id":9,"type":"broadcast"}}
2025/06/29 14:52:18 Sent {"src":"n4","dest":"n3","body":{"messages":[14],"msg_id":10,"type":"broadcast"}}
2025/06/29 14:52:18 Received {n3 n4 {"messages":[7],"msg_id":11,"type":"broadcast"}}
2025/06/29 14:52:18 Received {n1 n4 {"messages":[9],"msg_id":11,"type":"broadcast"}}
2025/06/29 14:52:18 Sent {"src":"n4","dest":"n3","body":{"in_reply_to":11,"type":"broadcast_ok"}}
2025/06/29 14:52:18 Sent {"src":"n4","dest":"n1","body":{"in_reply_to":11,"type":"broadcast_ok"}}
2025/06/29 14:52:18 Received {n1 n4 {"in_reply_to":9,"type":"broadcast_ok"}}
2025/06/29 14:52:18 Received {n3 n4 {"in_reply_to":10,"type":"broadcast_ok"}}
2025/06/29 14:52:18 Received {c13 n4 {"type":"read","msg_id":6}}
2025/06/29 14:52:18 Sent {"src":"n4","dest":"c13","body":{"in_reply_to":6,"messages":[0,2,4,3,10,9,7,14],"type":"read_ok"}}
2025/06/29 14:52:18 Received {n3 n4 {"messages":[14,17],"msg_id":13,"type":"broadcast"}}
2025/06/29 14:52:18 Received {n1 n4 {"messages":[14,16],"msg_id":14,"type":"broadcast"}}
2025/06/29 14:52:18 Sent {"src":"n4","dest":"n3","body":{"in_reply_to":13,"type":"broadcast_ok"}}
2025/06/29 14:52:18 Sent {"src":"n4","dest":"n1","body":{"in_reply_to":14,"type":"broadcast_ok"}}
2025/06/29 14:52:18 Received {c13 n4 {"type":"broadcast","message":22,"msg_id":7}}
2025/06/29 14:52:18 Sent {"src":"n4","dest":"c13","body":{"in_reply_to":7,"type":"broadcast_ok"}}
2025/06/29 14:52:19 Sent {"src":"n4","dest":"n1","body":{"messages":[17,16,22],"msg_id":12,"type":"broadcast"}}
2025/06/29 14:52:19 Sent {"src":"n4","dest":"n3","body":{"messages":[17,16,22],"msg_id":11,"type":"broadcast"}}
2025/06/29 14:52:19 Received {n3 n4 {"messages":[21],"msg_id":16,"type":"broadcast"}}
2025/06/29 14:52:19 Received {n1 n4 {"messages":[20],"msg_id":17,"type":"broadcast"}}
2025/06/29 14:52:19 Sent {"src":"n4","dest":"n3","body":{"in_reply_to":16,"type":"broadcast_ok"}}
2025/06/29 14:52:19 Sent {"src":"n4","dest":"n1","body":{"in_reply_to":17,"type":"broadcast_ok"}}
2025/06/29 14:52:19 Received {n1 n4 {"in_reply_to":12,"type":"broadcast_ok"}}
2025/06/29 14:52:19 Received {n3 n4 {"in_reply_to":11,"type":"broadcast_ok"}}
2025/06/29 14:52:19 Received {c13 n4 {"type":"read","msg_id":8}}
2025/06/29 14:52:19 Sent {"src":"n4","dest":"c13","body":{"in_reply_to":8,"messages":[0,2,4,3,10,9,7,14,17,16,22,21,20],"type":"read_ok"}}
2025/06/29 14:52:19 Sent {"src":"n4","dest":"n1","body":{"messages":[21,20],"msg_id":13,"type":"broadcast"}}
2025/06/29 14:52:19 Sent {"src":"n4","dest":"n3","body":{"messages":[21,20],"msg_id":14,"type":"broadcast"}}
2025/06/29 14:52:19 Received {n3 n4 {"messages":[16,22,25],"msg_id":17,"type":"broadcast"}}
2025/06/29 14:52:19 Received {n1 n4 {"messages":[17,22,24],"msg_id":20,"type":"broadcast"}}
2025/06/29 14:52:19 Sent {"src":"n4","dest":"n3","body":{"in_reply_to":17,"type":"broadcast_ok"}}
2025/06/29 14:52:19 Sent {"src":"n4","dest":"n1","body":{"in_reply_to":20,"type":"broadcast_ok"}}
2025/06/29 14:52:19 Received {n1 n4 {"in_reply_to":13,"type":"broadcast_ok"}}
2025/06/29 14:52:19 Received {n3 n4 {"in_reply_to":14,"type":"broadcast_ok"}}
2025/06/29 14:52:20 Received {c13 n4 {"type":"broadcast","message":29,"msg_id":9}}
2025/06/29 14:52:20 Sent {"src":"n4","dest":"c13","body":{"in_reply_to":9,"type":"broadcast_ok"}}
2025/06/29 14:52:20 Sent {"src":"n4","dest":"n1","body":{"messages":[25,24,29],"msg_id":15,"type":"broadcast"}}
2025/06/29 14:52:20 Sent {"src":"n4","dest":"n3","body":{"messages":[25,24,29],"msg_id":16,"type":"broadcast"}}
2025/06/29 14:52:20 Received {n3 n4 {"messages":[20],"msg_id":20,"type":"broadcast"}}
2025/06/29 14:52:20 Sent {"src":"n4","dest":"n3","body":{"in_reply_to":20,"type":"broadcast_ok"}}
2025/06/29 14:52:20 Received {n1 n4 {"messages":[21],"msg_id":23,"type":"broadcast"}}
2025/06/29 14:52:20 Sent {"src":"n4","dest":"n1","body":{"in_reply_to":23,"type":"broadcast_ok"}}
2025/06/29 14:52:20 Received {n1 n4 {"in_reply_to":15,"type":"broadcast_ok"}}
2025/06/29 14:52:20 Received {n3 n4 {"in_reply_to":16,"type":"broadcast_ok"}}
2025/06/29 14:52:20 Received {n1 n4 {"messages":[25,29,32],"msg_id":26,"type":"broadcast"}}
2025/06/29 14:52:20 Received {n3 n4 {"messages":[24,29],"msg_id":21,"type":"broadcast"}}
2025/06/29 14:52:20 Sent {"src":"n4","dest":"n1","body":{"in_reply_to":26,"type":"broadcast_ok"}}
2025/06/29 14:52:20 Sent {"src":"n4","dest":"n3","body":{"in_reply_to":21,"type":"broadcast_ok"}}
2025/06/29 14:52:20 Received {c13 n4 {"type":"read","msg_id":10}}
2025/06/29 14:52:20 Sent {"src":"n4","dest":"c13","body":{"in_reply_to":10,"messages":[0,2,4,3,10,9,7,14,17,16,22,21,20,25,24,29,32],"type":"read_ok"}}
2025/06/29 14:52:21 Sent {"src":"n4","dest":"n1","body":{"messages":[32],"msg_id":17,"type":"broadcast"}}
2025/06/29 14:52:21 Sent {"src":"n4","dest":"n3","body":{"messages":[32],"msg_id":18,"type":"broadcast"}}
2025/06/29 14:52:21 Received {n1 n4 {"in_reply_to":17,"type":"broadcast_ok"}}
2025/06/29 14:52:21 Received {n3 n4 {"in_reply_to":18,"type":"broadcast_ok"}}
2025/06/29 14:52:21 Received {c13 n4 {"type":"broadcast","message":36,"msg_id":11}}
2025/06/29 14:52:21 Sent {"src":"n4","dest":"c13","body":{"in_reply_to":11,"type":"broadcast_ok"}}
2025/06/29 14:52:21 Sent {"src":"n4","dest":"n3","body":{"messages":[36],"msg_id":19,"type":"broadcast"}}
2025/06/29 14:52:21 Sent {"src":"n4","dest":"n1","body":{"messages":[36],"msg_id":20,"type":"broadcast"}}
2025/06/29 14:52:21 Received {n1 n4 {"messages":[38],"msg_id":28,"type":"broadcast"}}
2025/06/29 14:52:21 Received {n3 n4 {"messages":[32],"msg_id":23,"type":"broadcast"}}
2025/06/29 14:52:21 Sent {"src":"n4","dest":"n1","body":{"in_reply_to":28,"type":"broadcast_ok"}}
2025/06/29 14:52:21 Sent {"src":"n4","dest":"n3","body":{"in_reply_to":23,"type":"broadcast_ok"}}
2025/06/29 14:52:21 Received {n3 n4 {"in_reply_to":19,"type":"broadcast_ok"}}
2025/06/29 14:52:21 Received {n1 n4 {"in_reply_to":20,"type":"broadcast_ok"}}
2025/06/29 14:52:22 Received {c13 n4 {"type":"read","msg_id":12}}
2025/06/29 14:52:22 Sent {"src":"n4","dest":"c13","body":{"in_reply_to":12,"messages":[0,2,4,3,10,9,7,14,17,16,22,21,20,25,24,29,32,36,38],"type":"read_ok"}}
2025/06/29 14:52:22 Sent {"src":"n4","dest":"n1","body":{"messages":[38],"msg_id":21,"type":"broadcast"}}
2025/06/29 14:52:22 Sent {"src":"n4","dest":"n3","body":{"messages":[38],"msg_id":22,"type":"broadcast"}}
2025/06/29 14:52:22 Received {n1 n4 {"messages":[36],"msg_id":32,"type":"broadcast"}}
2025/06/29 14:52:22 Received {n3 n4 {"messages":[36],"msg_id":25,"type":"broadcast"}}
2025/06/29 14:52:22 Sent {"src":"n4","dest":"n1","body":{"in_reply_to":32,"type":"broadcast_ok"}}
2025/06/29 14:52:22 Sent {"src":"n4","dest":"n3","body":{"in_reply_to":25,"type":"broadcast_ok"}}
2025/06/29 14:52:22 Received {n3 n4 {"in_reply_to":22,"type":"broadcast_ok"}}
2025/06/29 14:52:22 Received {n1 n4 {"in_reply_to":21,"type":"broadcast_ok"}}
2025/06/29 14:52:22 Received {n3 n4 {"messages":[38],"msg_id":27,"type":"broadcast"}}
2025/06/29 14:52:22 Sent {"src":"n4","dest":"n3","body":{"in_reply_to":27,"type":"broadcast_ok"}}
2025/06/29 14:52:22 Received {n1 n4 {"messages":[42],"msg_id":35,"type":"broadcast"}}
2025/06/29 14:52:22 Sent {"src":"n4","dest":"n1","body":{"in_reply_to":35,"type":"broadcast_ok"}}
2025/06/29 14:52:22 Received {c13 n4 {"type":"broadcast","message":43,"msg_id":13}}
2025/06/29 14:52:22 Sent {"src":"n4","dest":"c13","body":{"in_reply_to":13,"type":"broadcast_ok"}}
2025/06/29 14:52:23 Sent {"src":"n4","dest":"n3","body":{"messages":[42,43],"msg_id":23,"type":"broadcast"}}
2025/06/29 14:52:23 Sent {"src":"n4","dest":"n1","body":{"messages":[42,43],"msg_id":24,"type":"broadcast"}}
2025/06/29 14:52:23 Received {n3 n4 {"in_reply_to":23,"type":"broadcast_ok"}}
2025/06/29 14:52:23 Received {n1 n4 {"in_reply_to":24,"type":"broadcast_ok"}}
2025/06/29 14:52:23 Received {c13 n4 {"type":"read","msg_id":14}}
2025/06/29 14:52:23 Sent {"src":"n4","dest":"c13","body":{"in_reply_to":14,"messages":[0,2,4,3,10,9,7,14,17,16,22,21,20,25,24,29,32,36,38,42,43],"type":"read_ok"}}
2025/06/29 14:52:23 Received {n3 n4 {"messages":[42,43,49],"msg_id":30,"type":"broadcast"}}
2025/06/29 14:52:23 Received {n1 n4 {"messages":[43,47],"msg_id":38,"type":"broadcast"}}
2025/06/29 14:52:23 Sent {"src":"n4","dest":"n3","body":{"in_reply_to":30,"type":"broadcast_ok"}}
2025/06/29 14:52:23 Sent {"src":"n4","dest":"n1","body":{"in_reply_to":38,"type":"broadcast_ok"}}
2025/06/29 14:52:23 Received {c13 n4 {"type":"broadcast","message":50,"msg_id":15}}
2025/06/29 14:52:23 Sent {"src":"n4","dest":"c13","body":{"in_reply_to":15,"type":"broadcast_ok"}}
2025/06/29 14:52:24 Sent {"src":"n4","dest":"n1","body":{"messages":[49,47,50],"msg_id":25,"type":"broadcast"}}
2025/06/29 14:52:24 Sent {"src":"n4","dest":"n3","body":{"messages":[49,47,50],"msg_id":26,"type":"broadcast"}}
2025/06/29 14:52:24 Received {n1 n4 {"in_reply_to":25,"type":"broadcast_ok"}}
2025/06/29 14:52:24 Received {n3 n4 {"in_reply_to":26,"type":"broadcast_ok"}}
2025/06/29 14:52:24 Received {n1 n4 {"messages":[49,50,53],"msg_id":40,"type":"broadcast"}}
2025/06/29 14:52:24 Received {n3 n4 {"messages":[47,50,54],"msg_id":31,"type":"broadcast"}}
2025/06/29 14:52:24 Sent {"src":"n4","dest":"n1","body":{"in_reply_to":40,"type":"broadcast_ok"}}
2025/06/29 14:52:24 Received {c13 n4 {"type":"broadcast","message":55,"msg_id":16}}
2025/06/29 14:52:24 Sent {"src":"n4","dest":"c13","body":{"in_reply_to":16,"type":"broadcast_ok"}}
2025/06/29 14:52:24 Sent {"src":"n4","dest":"n3","body":{"in_reply_to":31,"type":"broadcast_ok"}}
2025/06/29 14:52:25 Sent {"src":"n4","dest":"n3","body":{"messages":[53,55,54],"msg_id":27,"type":"broadcast"}}
2025/06/29 14:52:25 Sent {"src":"n4","dest":"n1","body":{"messages":[53,55,54],"msg_id":28,"type":"broadcast"}}
2025/06/29 14:52:25 Received {n1 n4 {"messages":[57],"msg_id":45,"type":"broadcast"}}
2025/06/29 14:52:25 Sent {"src":"n4","dest":"n1","body":{"in_reply_to":45,"type":"broadcast_ok"}}
2025/06/29 14:52:25 Received {n1 n4 {"in_reply_to":28,"type":"broadcast_ok"}}
2025/06/29 14:52:25 Received {n3 n4 {"in_reply_to":27,"type":"broadcast_ok"}}
2025/06/29 14:52:25 Received {c13 n4 {"type":"broadcast","message":59,"msg_id":17}}
2025/06/29 14:52:25 Sent {"src":"n4","dest":"c13","body":{"in_reply_to":17,"type":"broadcast_ok"}}
2025/06/29 14:52:25 Sent {"src":"n4","dest":"n3","body":{"messages":[57,59],"msg_id":29,"type":"broadcast"}}
2025/06/29 14:52:25 Sent {"src":"n4","dest":"n1","body":{"messages":[57,59],"msg_id":30,"type":"broadcast"}}
2025/06/29 14:52:25 Received {n3 n4 {"messages":[53,55,58],"msg_id":33,"type":"broadcast"}}
2025/06/29 14:52:25 Received {n1 n4 {"messages":[55,54],"msg_id":46,"type":"broadcast"}}
2025/06/29 14:52:25 Sent {"src":"n4","dest":"n3","body":{"in_reply_to":33,"type":"broadcast_ok"}}
2025/06/29 14:52:25 Sent {"src":"n4","dest":"n1","body":{"in_reply_to":46,"type":"broadcast_ok"}}
2025/06/29 14:52:25 Received {n1 n4 {"in_reply_to":30,"type":"broadcast_ok"}}
2025/06/29 14:52:25 Received {n3 n4 {"in_reply_to":29,"type":"broadcast_ok"}}
2025/06/29 14:52:25 Received {c13 n4 {"type":"read","msg_id":18}}
2025/06/29 14:52:25 Sent {"src":"n4","dest":"c13","body":{"in_reply_to":18,"messages":[0,2,4,3,10,9,7,14,17,16,22,21,20,25,24,29,32,36,38,42,43,49,47,50,53,55,54,57,59,58],"type":"read_ok"}}
2025/06/29 14:52:26 Received {c13 n4 {"type":"read","msg_id":19}}
2025/06/29 14:52:26 Sent {"src":"n4","dest":"c13","body":{"in_reply_to":19,"messages":[0,2,4,3,10,9,7,14,17,16,22,21,20,25,24,29,32,36,38,42,43,49,47,50,53,55,54,57,59,58],"type":"read_ok"}}
2025/06/29 14:52:26 Sent {"src":"n4","dest":"n1","body":{"messages":[58],"msg_id":32,"type":"broadcast"}}
2025/06/29 14:52:26 Sent {"src":"n4","dest":"n3","body":{"messages":[58],"msg_id":31,"type":"broadcast"}}
2025/06/29 14:52:26 Received {n3 n4 {"messages":[57,59,62,63],"msg_id":36,"type":"broadcast"}}
2025/06/29 14:52:26 Received {n1 n4 {"messages":[59],"msg_id":49,"type":"broadcast"}}
2025/06/29 14:52:26 Sent {"src":"n4","dest":"n3","body":{"in_reply_to":36,"type":"broadcast_ok"}}
2025/06/29 14:52:26 Sent {"src":"n4","dest":"n1","body":{"in_reply_to":49,"type":"broadcast_ok"}}
2025/06/29 14:52:26 Received {n1 n4 {"in_reply_to":32,"type":"broadcast_ok"}}
2025/06/29 14:52:26 Received {n3 n4 {"in_reply_to":31,"type":"broadcast_ok"}}
2025/06/29 14:52:26 Sent {"src":"n4","dest":"n3","body":{"messages":[62,63],"msg_id":33,"type":"broadcast"}}
2025/06/29 14:52:26 Sent {"src":"n4","dest":"n1","body":{"messages":[62,63],"msg_id":34,"type":"broadcast"}}
2025/06/29 14:52:26 Received {n1 n4 {"messages":[58,65],"msg_id":52,"type":"broadcast"}}
2025/06/29 14:52:26 Sent {"src":"n4","dest":"n1","body":{"in_reply_to":52,"type":"broadcast_ok"}}
2025/06/29 14:52:26 Received {n1 n4 {"in_reply_to":34,"type":"broadcast_ok"}}
2025/06/29 14:52:26 Received {n3 n4 {"in_reply_to":33,"type":"broadcast_ok"}}
2025/06/29 14:52:27 Received {c13 n4 {"type":"broadcast","message":68,"msg_id":20}}
2025/06/29 14:52:27 Sent {"src":"n4","dest":"c13","body":{"in_reply_to":20,"type":"broadcast_ok"}}
2025/06/29 14:52:27 Sent {"src":"n4","dest":"n3","body":{"messages":[65,68],"msg_id":35,"type":"broadcast"}}
2025/06/29 14:52:27 Sent {"src":"n4","dest":"n1","body":{"messages":[65,68],"msg_id":36,"type":"broadcast"}}
2025/06/29 14:52:27 Received {n3 n4 {"messages":[67],"msg_id":37,"type":"broadcast"}}
2025/06/29 14:52:27 Sent {"src":"n4","dest":"n3","body":{"in_reply_to":37,"type":"broadcast_ok"}}
2025/06/29 14:52:27 Received {n1 n4 {"messages":[62,63,70],"msg_id":55,"type":"broadcast"}}
2025/06/29 14:52:27 Sent {"src":"n4","dest":"n1","body":{"in_reply_to":55,"type":"broadcast_ok"}}
2025/06/29 14:52:27 Received {n1 n4 {"in_reply_to":36,"type":"broadcast_ok"}}
2025/06/29 14:52:27 Received {n3 n4 {"in_reply_to":35,"type":"broadcast_ok"}}
2025/06/29 14:52:27 Received {c13 n4 {"type":"broadcast","message":72,"msg_id":21}}
2025/06/29 14:52:27 Sent {"src":"n4","dest":"c13","body":{"in_reply_to":21,"type":"broadcast_ok"}}
2025/06/29 14:52:27 Sent {"src":"n4","dest":"n1","body":{"messages":[67,70,72],"msg_id":38,"type":"broadcast"}}
2025/06/29 14:52:27 Sent {"src":"n4","dest":"n3","body":{"messages":[67,70,72],"msg_id":37,"type":"broadcast"}}
2025/06/29 14:52:27 Received {n1 n4 {"messages":[68],"msg_id":58,"type":"broadcast"}}
2025/06/29 14:52:27 Received {n3 n4 {"messages":[65,68],"msg_id":40,"type":"broadcast"}}
2025/06/29 14:52:27 Sent {"src":"n4","dest":"n1","body":{"in_reply_to":58,"type":"broadcast_ok"}}
2025/06/29 14:52:27 Sent {"src":"n4","dest":"n3","body":{"in_reply_to":40,"type":"broadcast_ok"}}
2025/06/29 14:52:27 Received {n3 n4 {"in_reply_to":37,"type":"broadcast_ok"}}
2025/06/29 14:52:27 Received {n1 n4 {"in_reply_to":38,"type":"broadcast_ok"}}
2025/06/29 14:52:28 Received {c13 n4 {"type":"read","msg_id":22}}
2025/06/29 14:52:28 Sent {"src":"n4","dest":"c13","body":{"in_reply_to":22,"messages":[0,2,4,3,10,9,7,14,17,16,22,21,20,25,24,29,32,36,38,42,43,49,47,50,53,55,54,57,59,58,62,63,65,68,67,70,72],"type":"read_ok"}}
2025/06/29 14:52:28 Received {n3 n4 {"messages":[70,72,76],"msg_id":41,"type":"broadcast"}}
2025/06/29 14:52:28 Received {n1 n4 {"messages":[67,72],"msg_id":61,"type":"broadcast"}}
2025/06/29 14:52:28 Sent {"src":"n4","dest":"n1","body":{"in_reply_to":61,"type":"broadcast_ok"}}
2025/06/29 14:52:28 Sent {"src":"n4","dest":"n3","body":{"in_reply_to":41,"type":"broadcast_ok"}}
2025/06/29 14:52:28 Sent {"src":"n4","dest":"n3","body":{"messages":[76],"msg_id":39,"type":"broadcast"}}
2025/06/29 14:52:28 Sent {"src":"n4","dest":"n1","body":{"messages":[76],"msg_id":40,"type":"broadcast"}}
2025/06/29 14:52:28 Received {n3 n4 {"in_reply_to":39,"type":"broadcast_ok"}}
2025/06/29 14:52:28 Received {n1 n4 {"in_reply_to":40,"type":"broadcast_ok"}}
2025/06/29 14:52:29 Received {c13 n4 {"type":"read","msg_id":23}}
2025/06/29 14:52:29 Sent {"src":"n4","dest":"c13","body":{"in_reply_to":23,"messages":[0,2,4,3,10,9,7,14,17,16,22,21,20,25,24,29,32,36,38,42,43,49,47,50,53,55,54,57,59,58,62,63,65,68,67,70,72,76],"type":"read_ok"}}
2025/06/29 14:52:29 Received {n3 n4 {"messages":[80],"msg_id":43,"type":"broadcast"}}
2025/06/29 14:52:29 Sent {"src":"n4","dest":"n3","body":{"in_reply_to":43,"type":"broadcast_ok"}}
2025/06/29 14:52:29 Received {n1 n4 {"messages":[76],"msg_id":66,"type":"broadcast"}}
2025/06/29 14:52:29 Sent {"src":"n4","dest":"n1","body":{"in_reply_to":66,"type":"broadcast_ok"}}
2025/06/29 14:52:29 Received {c13 n4 {"type":"read","msg_id":24}}
2025/06/29 14:52:29 Sent {"src":"n4","dest":"c13","body":{"in_reply_to":24,"messages":[0,2,4,3,10,9,7,14,17,16,22,21,20,25,24,29,32,36,38,42,43,49,47,50,53,55,54,57,59,58,62,63,65,68,67,70,72,76,80],"type":"read_ok"}}
2025/06/29 14:52:29 Received {n3 n4 {"messages":[84],"msg_id":45,"type":"broadcast"}}
2025/06/29 14:52:29 Sent {"src":"n4","dest":"n3","body":{"messages":[80],"msg_id":41,"type":"broadcast"}}
2025/06/29 14:52:29 Sent {"src":"n4","dest":"n1","body":{"messages":[80],"msg_id":42,"type":"broadcast"}}
2025/06/29 14:52:29 Sent {"src":"n4","dest":"n3","body":{"in_reply_to":45,"type":"broadcast_ok"}}
2025/06/29 14:52:29 Received {n1 n4 {"messages":[83],"msg_id":69,"type":"broadcast"}}
2025/06/29 14:52:29 Sent {"src":"n4","dest":"n1","body":{"in_reply_to":69,"type":"broadcast_ok"}}
2025/06/29 14:52:29 Received {n3 n4 {"in_reply_to":41,"type":"broadcast_ok"}}
2025/06/29 14:52:29 Received {n1 n4 {"in_reply_to":42,"type":"broadcast_ok"}}
2025/06/29 14:52:30 Received {n1 n4 {"messages":[80,87],"msg_id":71,"type":"broadcast"}}
2025/06/29 14:52:30 Sent {"src":"n4","dest":"n1","body":{"messages":[84,83],"msg_id":44,"type":"broadcast"}}
2025/06/29 14:52:30 Sent {"src":"n4","dest":"n3","body":{"messages":[84,83],"msg_id":43,"type":"broadcast"}}
2025/06/29 14:52:30 Sent {"src":"n4","dest":"n1","body":{"in_reply_to":71,"type":"broadcast_ok"}}
2025/06/29 14:52:30 Received {n1 n4 {"in_reply_to":44,"type":"broadcast_ok"}}
2025/06/29 14:52:30 Received {n3 n4 {"in_reply_to":43,"type":"broadcast_ok"}}
2025/06/29 14:52:30 Received {c13 n4 {"type":"broadcast","message":88,"msg_id":25}}
2025/06/29 14:52:30 Sent {"src":"n4","dest":"c13","body":{"in_reply_to":25,"type":"broadcast_ok"}}
2025/06/29 14:52:30 Received {n3 n4 {"messages":[83],"msg_id":47,"type":"broadcast"}}
2025/06/29 14:52:30 Received {n1 n4 {"messages":[84],"msg_id":73,"type":"broadcast"}}
2025/06/29 14:52:30 Sent {"src":"n4","dest":"n3","body":{"in_reply_to":47,"type":"broadcast_ok"}}
2025/06/29 14:52:30 Sent {"src":"n4","dest":"n1","body":{"in_reply_to":73,"type":"broadcast_ok"}}
2025/06/29 14:52:30 Sent {"src":"n4","dest":"n3","body":{"messages":[87,88],"msg_id":45,"type":"broadcast"}}
2025/06/29 14:52:30 Sent {"src":"n4","dest":"n1","body":{"messages":[87,88],"msg_id":46,"type":"broadcast"}}
2025/06/29 14:52:30 Received {n3 n4 {"in_reply_to":45,"type":"broadcast_ok"}}
2025/06/29 14:52:30 Received {n1 n4 {"in_reply_to":46,"type":"broadcast_ok"}}
2025/06/29 14:52:31 Received {c13 n4 {"type":"read","msg_id":26}}
2025/06/29 14:52:31 Sent {"src":"n4","dest":"c13","body":{"in_reply_to":26,"messages":[0,2,4,3,10,9,7,14,17,16,22,21,20,25,24,29,32,36,38,42,43,49,47,50,53,55,54,57,59,58,62,63,65,68,67,70,72,76,80,84,83,87,88],"type":"read_ok"}}
2025/06/29 14:52:31 Received {n1 n4 {"messages":[88,94],"msg_id":77,"type":"broadcast"}}
2025/06/29 14:52:31 Sent {"src":"n4","dest":"n1","body":{"in_reply_to":77,"type":"broadcast_ok"}}
2025/06/29 14:52:31 Received {n3 n4 {"messages":[87,88,91],"msg_id":49,"type":"broadcast"}}
2025/06/29 14:52:31 Sent {"src":"n4","dest":"n3","body":{"in_reply_to":49,"type":"broadcast_ok"}}
2025/06/29 14:52:31 Sent {"src":"n4","dest":"n3","body":{"messages":[94,91],"msg_id":47,"type":"broadcast"}}
2025/06/29 14:52:31 Sent {"src":"n4","dest":"n1","body":{"messages":[94,91],"msg_id":48,"type":"broadcast"}}
2025/06/29 14:52:31 Received {n3 n4 {"in_reply_to":47,"type":"broadcast_ok"}}
2025/06/29 14:52:31 Received {n1 n4 {"in_reply_to":48,"type":"broadcast_ok"}}
2025/06/29 14:52:31 Received {c13 n4 {"type":"broadcast","message":96,"msg_id":27}}
2025/06/29 14:52:31 Sent {"src":"n4","dest":"c13","body":{"in_reply_to":27,"type":"broadcast_ok"}}
2025/06/29 14:52:31 Received {n1 n4 {"messages":[91],"msg_id":80,"type":"broadcast"}}
2025/06/29 14:52:31 Received {n3 n4 {"messages":[94],"msg_id":51,"type":"broadcast"}}
2025/06/29 14:52:31 Sent {"src":"n4","dest":"n1","body":{"in_reply_to":80,"type":"broadcast_ok"}}
2025/06/29 14:52:31 Sent {"src":"n4","dest":"n3","body":{"in_reply_to":51,"type":"broadcast_ok"}}
2025/06/29 14:52:31 Sent {"src":"n4","dest":"n1","body":{"messages":[96],"msg_id":49,"type":"broadcast"}}
2025/06/29 14:52:31 Sent {"src":"n4","dest":"n3","body":{"messages":[96],"msg_id":50,"type":"broadcast"}}
2025/06/29 14:52:31 Received {n1 n4 {"in_reply_to":49,"type":"broadcast_ok"}}
2025/06/29 14:52:31 Received {n3 n4 {"in_reply_to":50,"type":"broadcast_ok"}}
2025/06/29 14:52:32 Received {c13 n4 {"type":"broadcast","message":99,"msg_id":28}}
2025/06/29 14:52:32 Sent {"src":"n4","dest":"c13","body":{"in_reply_to":28,"type":"broadcast_ok"}}
2025/06/29 14:52:32 Received {n3 n4 {"messages":[96],"msg_id":54,"type":"broadcast"}}
2025/06/29 14:52:32 Received {n1 n4 {"messages":[96,98],"msg_id":83,"type":"broadcast"}}
2025/06/29 14:52:32 Sent {"src":"n4","dest":"n1","body":{"messages":[99],"msg_id":51,"type":"broadcast"}}
2025/06/29 14:52:32 Sent {"src":"n4","dest":"n3","body":{"messages":[99],"msg_id":52,"type":"broadcast"}}
2025/06/29 14:52:32 Sent {"src":"n4","dest":"n3","body":{"in_reply_to":54,"type":"broadcast_ok"}}
2025/06/29 14:52:32 Sent {"src":"n4","dest":"n1","body":{"in_reply_to":83,"type":"broadcast_ok"}}
2025/06/29 14:52:32 Received {n3 n4 {"in_reply_to":52,"type":"broadcast_ok"}}
2025/06/29 14:52:32 Received {n1 n4 {"in_reply_to":51,"type":"broadcast_ok"}}
2025/06/29 14:52:32 Received {n3 n4 {"messages":[97,99],"msg_id":55,"type":"broadcast"}}
2025/06/29 14:52:32 Sent {"src":"n4","dest":"n3","body":{"in_reply_to":55,"type":"broadcast_ok"}}
2025/06/29 14:52:32 Received {n1 n4 {"messages":[97,99],"msg_id":86,"type":"broadcast"}}
2025/06/29 14:52:32 Sent {"src":"n4","dest":"n3","body":{"messages":[98,97],"msg_id":53,"type":"broadcast"}}
2025/06/29 14:52:32 Sent {"src":"n4","dest":"n1","body":{"messages":[98,97],"msg_id":54,"type":"broadcast"}}
2025/06/29 14:52:32 Sent {"src":"n4","dest":"n1","body":{"in_reply_to":86,"type":"broadcast_ok"}}
2025/06/29 14:52:32 Received {n3 n4 {"in_reply_to":53,"type":"broadcast_ok"}}
2025/06/29 14:52:32 Received {n1 n4 {"in_reply_to":54,"type":"broadcast_ok"}}
2025/06/29 14:52:33 Received {c13 n4 {"type":"broadcast","message":102,"msg_id":29}}
2025/06/29 14:52:33 Sent {"src":"n4","dest":"c13","body":{"in_reply_to":29,"type":"broadcast_ok"}}
2025/06/29 14:52:33 Received {n3 n4 {"messages":[98,101],"msg_id":57,"type":"broadcast"}}
2025/06/29 14:52:33 Received {n1 n4 {"messages":[100,105],"msg_id":88,"type":"broadcast"}}
2025/06/29 14:52:33 Sent {"src":"n4","dest":"n3","body":{"messages":[102],"msg_id":55,"type":"broadcast"}}
2025/06/29 14:52:33 Sent {"src":"n4","dest":"n1","body":{"messages":[102],"msg_id":56,"type":"broadcast"}}
2025/06/29 14:52:33 Sent {"src":"n4","dest":"n3","body":{"in_reply_to":57,"type":"broadcast_ok"}}
2025/06/29 14:52:33 Sent {"src":"n4","dest":"n1","body":{"in_reply_to":88,"type":"broadcast_ok"}}
2025/06/29 14:52:33 Received {n3 n4 {"in_reply_to":55,"type":"broadcast_ok"}}
2025/06/29 14:52:33 Received {n1 n4 {"in_reply_to":56,"type":"broadcast_ok"}}
2025/06/29 14:52:33 Received {c13 n4 {"type":"read","msg_id":30}}
2025/06/29 14:52:33 Sent {"src":"n4","dest":"c13","body":{"in_reply_to":30,"messages":[0,2,4,3,10,9,7,14,17,16,22,21,20,25,24,29,32,36,38,42,43,49,47,50,53,55,54,57,59,58,62,63,65,68,67,70,72,76,80,84,83,87,88,94,91,96,99,98,97,102,101,100,105],"type":"read_ok"}}
2025/06/29 14:52:33 Sent {"src":"n4","dest":"n3","body":{"messages":[101,100,105],"msg_id":57,"type":"broadcast"}}
2025/06/29 14:52:33 Received {n3 n4 {"messages":[103,104,102],"msg_id":59,"type":"broadcast"}}
2025/06/29 14:52:33 Sent {"src":"n4","dest":"n1","body":{"messages":[101,100,105],"msg_id":58,"type":"broadcast"}}
2025/06/29 14:52:33 Received {n1 n4 {"messages":[103,104,102],"msg_id":93,"type":"broadcast"}}
2025/06/29 14:52:33 Sent {"src":"n4","dest":"n3","body":{"in_reply_to":59,"type":"broadcast_ok"}}
2025/06/29 14:52:33 Sent {"src":"n4","dest":"n1","body":{"in_reply_to":93,"type":"broadcast_ok"}}
2025/06/29 14:52:33 Received {n3 n4 {"in_reply_to":57,"type":"broadcast_ok"}}
2025/06/29 14:52:33 Received {n1 n4 {"in_reply_to":58,"type":"broadcast_ok"}}
2025/06/29 14:52:34 Received {c13 n4 {"type":"broadcast","message":108,"msg_id":31}}
2025/06/29 14:52:34 Sent {"src":"n4","dest":"c13","body":{"in_reply_to":31,"type":"broadcast_ok"}}
2025/06/29 14:52:34 Received {n3 n4 {"messages":[100,105,106,107],"msg_id":61,"type":"broadcast"}}
2025/06/29 14:52:34 Received {n1 n4 {"messages":[101,106,107],"msg_id":95,"type":"broadcast"}}
2025/06/29 14:52:34 Sent {"src":"n4","dest":"n3","body":{"in_reply_to":61,"type":"broadcast_ok"}}
2025/06/29 14:52:34 Sent {"src":"n4","dest":"n3","body":{"messages":[103,104,108,106,107],"msg_id":59,"type":"broadcast"}}
2025/06/29 14:52:34 Sent {"src":"n4","dest":"n1","body":{"messages":[103,104,108,106,107],"msg_id":60,"type":"broadcast"}}
2025/06/29 14:52:34 Sent {"src":"n4","dest":"n1","body":{"in_reply_to":95,"type":"broadcast_ok"}}
2025/06/29 14:52:34 Received {n3 n4 {"in_reply_to":59,"type":"broadcast_ok"}}
2025/06/29 14:52:34 Received {n1 n4 {"in_reply_to":60,"type":"broadcast_ok"}}
2025/06/29 14:52:34 Received {c13 n4 {"type":"read","msg_id":32}}
2025/06/29 14:52:34 Sent {"src":"n4","dest":"c13","body":{"in_reply_to":32,"messages":[0,2,4,3,10,9,7,14,17,16,22,21,20,25,24,29,32,36,38,42,43,49,47,50,53,55,54,57,59,58,62,63,65,68,67,70,72,76,80,84,83,87,88,94,91,96,99,98,97,102,101,100,105,103,104,108,106,107],"type":"read_ok"}}
2025/06/29 14:52:34 Received {n3 n4 {"messages":[109,108,112],"msg_id":63,"type":"broadcast"}}
2025/06/29 14:52:34 Sent {"src":"n4","dest":"n3","body":{"in_reply_to":63,"type":"broadcast_ok"}}
2025/06/29 14:52:34 Received {n1 n4 {"messages":[109,108,110],"msg_id":99,"type":"broadcast"}}
2025/06/29 14:52:34 Sent {"src":"n4","dest":"n1","body":{"in_reply_to":99,"type":"broadcast_ok"}}
2025/06/29 14:52:34 Sent {"src":"n4","dest":"n3","body":{"messages":[109,112,110],"msg_id":61,"type":"broadcast"}}
2025/06/29 14:52:34 Sent {"src":"n4","dest":"n1","body":{"messages":[109,112,110],"msg_id":62,"type":"broadcast"}}
2025/06/29 14:52:34 Received {n3 n4 {"in_reply_to":61,"type":"broadcast_ok"}}
2025/06/29 14:52:34 Received {n1 n4 {"in_reply_to":62,"type":"broadcast_ok"}}
2025/06/29 14:52:35 Received {n1 n4 {"messages":[111,112,113],"msg_id":100,"type":"broadcast"}}
2025/06/29 14:52:35 Received {n3 n4 {"messages":[110],"msg_id":66,"type":"broadcast"}}
2025/06/29 14:52:35 Sent {"src":"n4","dest":"n1","body":{"in_reply_to":100,"type":"broadcast_ok"}}
2025/06/29 14:52:35 Sent {"src":"n4","dest":"n3","body":{"in_reply_to":66,"type":"broadcast_ok"}}
2025/06/29 14:52:35 Sent {"src":"n4","dest":"n1","body":{"messages":[111,113],"msg_id":64,"type":"broadcast"}}
2025/06/29 14:52:35 Sent {"src":"n4","dest":"n3","body":{"messages":[111,113],"msg_id":63,"type":"broadcast"}}
2025/06/29 14:52:35 Received {n1 n4 {"in_reply_to":64,"type":"broadcast_ok"}}
2025/06/29 14:52:35 Received {n3 n4 {"in_reply_to":63,"type":"broadcast_ok"}}
2025/06/29 14:52:35 Received {n3 n4 {"messages":[111,113],"msg_id":67,"type":"broadcast"}}
2025/06/29 14:52:35 Sent {"src":"n4","dest":"n3","body":{"in_reply_to":67,"type":"broadcast_ok"}}
2025/06/29 14:52:45 Received {c13 n4 {"type":"read","msg_id":33}}
2025/06/29 14:52:45 Sent {"src":"n4","dest":"c13","body":{"in_reply_to":33,"messages":[0,2,4,3,10,9,7,14,17,16,22,21,20,25,24,29,32,36,38,42,43,49,47,50,53,55,54,57,59,58,62,63,65,68,67,70,72,76,80,84,83,87,88,94,91,96,99,98,97,102,101,100,105,103,104,108,106,107,109,112,110,111,113],"type":"read_ok"}}
