2025/06/27 20:55:36 Received {c1 n4 {"type":"init","node_id":"n4","node_ids":["n0","n1","n2","n3","n4"],"msg_id":1}}
2025/06/27 20:55:36 Node n4 initialized
2025/06/27 20:55:36 Sent {"src":"n4","dest":"c1","body":{"in_reply_to":1,"type":"init_ok"}}
2025/06/27 20:55:36 Received {c9 n4 {"type":"topology","topology":{"n0":["n3","n1"],"n1":["n4","n2","n0"],"n2":["n1"],"n3":["n0","n4"],"n4":["n1","n3"]},"msg_id":1}}
2025/06/27 20:55:36 Sent {"src":"n4","dest":"c9","body":{"in_reply_to":1,"type":"topology_ok"}}
2025/06/27 20:55:36 Received {c13 n4 {"type":"read","msg_id":1}}
2025/06/27 20:55:36 Sent {"src":"n4","dest":"c13","body":{"in_reply_to":1,"messages":[],"type":"read_ok"}}
2025/06/27 20:55:37 Received {c13 n4 {"type":"broadcast","message":3,"msg_id":2}}
2025/06/27 20:55:37 Sent {"src":"n4","dest":"c13","body":{"in_reply_to":2,"type":"broadcast_ok"}}
2025/06/27 20:55:37 Sent {"src":"n4","dest":"n1","body":{"message":3,"msg_id":1,"type":"broadcast"}}
2025/06/27 20:55:37 Sent {"src":"n4","dest":"n3","body":{"message":3,"msg_id":2,"type":"broadcast"}}
2025/06/27 20:55:38 Received {c13 n4 {"type":"read","msg_id":3}}
2025/06/27 20:55:38 Sent {"src":"n4","dest":"c13","body":{"in_reply_to":3,"messages":[3],"type":"read_ok"}}
2025/06/27 20:55:39 Received {c13 n4 {"type":"read","msg_id":4}}
2025/06/27 20:55:39 Sent {"src":"n4","dest":"c13","body":{"in_reply_to":4,"messages":[3],"type":"read_ok"}}
2025/06/27 20:55:39 Received {c13 n4 {"type":"read","msg_id":5}}
2025/06/27 20:55:39 Sent {"src":"n4","dest":"c13","body":{"in_reply_to":5,"messages":[3],"type":"read_ok"}}
2025/06/27 20:55:40 Received {c13 n4 {"type":"broadcast","message":13,"msg_id":6}}
2025/06/27 20:55:40 Sent {"src":"n4","dest":"n1","body":{"message":13,"msg_id":3,"type":"broadcast"}}
2025/06/27 20:55:40 Sent {"src":"n4","dest":"c13","body":{"in_reply_to":6,"type":"broadcast_ok"}}
2025/06/27 20:55:40 Sent {"src":"n4","dest":"n3","body":{"message":13,"msg_id":4,"type":"broadcast"}}
2025/06/27 20:55:40 Received {c13 n4 {"type":"broadcast","message":16,"msg_id":7}}
2025/06/27 20:55:40 Sent {"src":"n4","dest":"c13","body":{"in_reply_to":7,"type":"broadcast_ok"}}
2025/06/27 20:55:40 Sent {"src":"n4","dest":"n1","body":{"message":16,"msg_id":5,"type":"broadcast"}}
2025/06/27 20:55:40 Sent {"src":"n4","dest":"n3","body":{"message":16,"msg_id":6,"type":"broadcast"}}
2025/06/27 20:55:41 Received {c13 n4 {"type":"broadcast","message":18,"msg_id":8}}
2025/06/27 20:55:41 Sent {"src":"n4","dest":"c13","body":{"in_reply_to":8,"type":"broadcast_ok"}}
2025/06/27 20:55:41 Sent {"src":"n4","dest":"n1","body":{"message":18,"msg_id":7,"type":"broadcast"}}
2025/06/27 20:55:41 Sent {"src":"n4","dest":"n3","body":{"message":18,"msg_id":8,"type":"broadcast"}}
2025/06/27 20:55:42 Received {c13 n4 {"type":"broadcast","message":20,"msg_id":9}}
2025/06/27 20:55:42 Sent {"src":"n4","dest":"c13","body":{"in_reply_to":9,"type":"broadcast_ok"}}
2025/06/27 20:55:42 Sent {"src":"n4","dest":"n3","body":{"message":20,"msg_id":9,"type":"broadcast"}}
2025/06/27 20:55:42 Sent {"src":"n4","dest":"n1","body":{"message":20,"msg_id":10,"type":"broadcast"}}
2025/06/27 20:55:42 Received {c13 n4 {"type":"broadcast","message":22,"msg_id":10}}
2025/06/27 20:55:42 Sent {"src":"n4","dest":"c13","body":{"in_reply_to":10,"type":"broadcast_ok"}}
2025/06/27 20:55:42 Sent {"src":"n4","dest":"n1","body":{"message":22,"msg_id":11,"type":"broadcast"}}
2025/06/27 20:55:42 Sent {"src":"n4","dest":"n3","body":{"message":22,"msg_id":12,"type":"broadcast"}}
2025/06/27 20:55:43 Received {c13 n4 {"type":"read","msg_id":11}}
2025/06/27 20:55:43 Sent {"src":"n4","dest":"c13","body":{"in_reply_to":11,"messages":[3,13,16,18,20,22],"type":"read_ok"}}
2025/06/27 20:55:44 Received {c13 n4 {"type":"broadcast","message":25,"msg_id":12}}
2025/06/27 20:55:44 Sent {"src":"n4","dest":"c13","body":{"in_reply_to":12,"type":"broadcast_ok"}}
2025/06/27 20:55:44 Sent {"src":"n4","dest":"n1","body":{"message":25,"msg_id":13,"type":"broadcast"}}
2025/06/27 20:55:44 Sent {"src":"n4","dest":"n3","body":{"message":25,"msg_id":14,"type":"broadcast"}}
2025/06/27 20:55:44 Received {c13 n4 {"type":"read","msg_id":13}}
2025/06/27 20:55:44 Sent {"src":"n4","dest":"c13","body":{"in_reply_to":13,"messages":[3,13,16,18,20,22,25],"type":"read_ok"}}
2025/06/27 20:55:45 Received {c13 n4 {"type":"read","msg_id":14}}
2025/06/27 20:55:45 Sent {"src":"n4","dest":"c13","body":{"in_reply_to":14,"messages":[3,13,16,18,20,22,25],"type":"read_ok"}}
2025/06/27 20:55:45 Received {c13 n4 {"type":"read","msg_id":15}}
2025/06/27 20:55:45 Sent {"src":"n4","dest":"c13","body":{"in_reply_to":15,"messages":[3,13,16,18,20,22,25],"type":"read_ok"}}
2025/06/27 20:55:46 Received {c13 n4 {"type":"read","msg_id":16}}
2025/06/27 20:55:46 Sent {"src":"n4","dest":"c13","body":{"in_reply_to":16,"messages":[3,13,16,18,20,22,25],"type":"read_ok"}}
2025/06/27 20:55:46 Received {c13 n4 {"type":"read","msg_id":17}}
2025/06/27 20:55:46 Sent {"src":"n4","dest":"c13","body":{"in_reply_to":17,"messages":[3,13,16,18,20,22,25],"type":"read_ok"}}
2025/06/27 20:55:47 Received {c13 n4 {"type":"broadcast","message":37,"msg_id":18}}
2025/06/27 20:55:47 Sent {"src":"n4","dest":"c13","body":{"in_reply_to":18,"type":"broadcast_ok"}}
2025/06/27 20:55:47 Sent {"src":"n4","dest":"n1","body":{"message":37,"msg_id":15,"type":"broadcast"}}
2025/06/27 20:55:47 Sent {"src":"n4","dest":"n3","body":{"message":37,"msg_id":16,"type":"broadcast"}}
2025/06/27 20:55:47 Received {c13 n4 {"type":"read","msg_id":19}}
2025/06/27 20:55:47 Sent {"src":"n4","dest":"c13","body":{"in_reply_to":19,"messages":[3,13,16,18,20,22,25,37],"type":"read_ok"}}
2025/06/27 20:55:48 Received {c13 n4 {"type":"broadcast","message":42,"msg_id":20}}
2025/06/27 20:55:48 Sent {"src":"n4","dest":"c13","body":{"in_reply_to":20,"type":"broadcast_ok"}}
2025/06/27 20:55:48 Sent {"src":"n4","dest":"n3","body":{"message":42,"msg_id":18,"type":"broadcast"}}
2025/06/27 20:55:48 Sent {"src":"n4","dest":"n1","body":{"message":42,"msg_id":17,"type":"broadcast"}}
2025/06/27 20:55:49 Received {c13 n4 {"type":"broadcast","message":46,"msg_id":21}}
2025/06/27 20:55:49 Sent {"src":"n4","dest":"c13","body":{"in_reply_to":21,"type":"broadcast_ok"}}
2025/06/27 20:55:49 Sent {"src":"n4","dest":"n1","body":{"message":46,"msg_id":19,"type":"broadcast"}}
2025/06/27 20:55:49 Sent {"src":"n4","dest":"n3","body":{"message":46,"msg_id":20,"type":"broadcast"}}
2025/06/27 20:55:50 Received {c13 n4 {"type":"broadcast","message":50,"msg_id":22}}
2025/06/27 20:55:50 Sent {"src":"n4","dest":"c13","body":{"in_reply_to":22,"type":"broadcast_ok"}}
2025/06/27 20:55:50 Sent {"src":"n4","dest":"n1","body":{"message":50,"msg_id":21,"type":"broadcast"}}
2025/06/27 20:55:50 Sent {"src":"n4","dest":"n3","body":{"message":50,"msg_id":22,"type":"broadcast"}}
2025/06/27 20:55:50 Received {c13 n4 {"type":"read","msg_id":23}}
2025/06/27 20:55:50 Sent {"src":"n4","dest":"c13","body":{"in_reply_to":23,"messages":[3,13,16,18,20,22,25,37,42,46,50],"type":"read_ok"}}
2025/06/27 20:55:51 Received {c13 n4 {"type":"broadcast","message":57,"msg_id":24}}
2025/06/27 20:55:51 Sent {"src":"n4","dest":"c13","body":{"in_reply_to":24,"type":"broadcast_ok"}}
2025/06/27 20:55:51 Sent {"src":"n4","dest":"n3","body":{"message":57,"msg_id":23,"type":"broadcast"}}
2025/06/27 20:55:51 Sent {"src":"n4","dest":"n1","body":{"message":57,"msg_id":24,"type":"broadcast"}}
2025/06/27 20:55:51 Received {c13 n4 {"type":"read","msg_id":25}}
2025/06/27 20:55:51 Sent {"src":"n4","dest":"c13","body":{"in_reply_to":25,"messages":[3,13,16,18,20,22,25,37,42,46,50,57],"type":"read_ok"}}
2025/06/27 20:55:52 Received {c13 n4 {"type":"read","msg_id":26}}
2025/06/27 20:55:52 Sent {"src":"n4","dest":"c13","body":{"in_reply_to":26,"messages":[3,13,16,18,20,22,25,37,42,46,50,57],"type":"read_ok"}}
2025/06/27 20:55:52 Received {c13 n4 {"type":"broadcast","message":70,"msg_id":27}}
2025/06/27 20:55:52 Sent {"src":"n4","dest":"c13","body":{"in_reply_to":27,"type":"broadcast_ok"}}
2025/06/27 20:55:52 Sent {"src":"n4","dest":"n3","body":{"message":70,"msg_id":25,"type":"broadcast"}}
2025/06/27 20:55:52 Sent {"src":"n4","dest":"n1","body":{"message":70,"msg_id":26,"type":"broadcast"}}
2025/06/27 20:55:53 Received {c13 n4 {"type":"read","msg_id":28}}
2025/06/27 20:55:53 Sent {"src":"n4","dest":"c13","body":{"in_reply_to":28,"messages":[3,13,16,18,20,22,25,37,42,46,50,57,70],"type":"read_ok"}}
2025/06/27 20:55:54 Received {c13 n4 {"type":"read","msg_id":29}}
2025/06/27 20:55:54 Sent {"src":"n4","dest":"c13","body":{"in_reply_to":29,"messages":[3,13,16,18,20,22,25,37,42,46,50,57,70],"type":"read_ok"}}
2025/06/27 20:55:54 Received {c13 n4 {"type":"read","msg_id":30}}
2025/06/27 20:55:54 Sent {"src":"n4","dest":"c13","body":{"in_reply_to":30,"messages":[3,13,16,18,20,22,25,37,42,46,50,57,70],"type":"read_ok"}}
2025/06/27 20:55:55 Received {c13 n4 {"type":"read","msg_id":31}}
2025/06/27 20:55:55 Sent {"src":"n4","dest":"c13","body":{"in_reply_to":31,"messages":[3,13,16,18,20,22,25,37,42,46,50,57,70],"type":"read_ok"}}
2025/06/27 20:55:55 Received {n1 n4 {"message":82,"msg_id":208,"type":"broadcast"}}
2025/06/27 20:55:55 Sent {"src":"n4","dest":"n1","body":{"in_reply_to":208,"type":"broadcast_ok"}}
2025/06/27 20:55:55 Sent {"src":"n4","dest":"n3","body":{"message":82,"msg_id":27,"type":"broadcast"}}
2025/06/27 20:55:55 Sent {"src":"n4","dest":"n1","body":{"message":82,"msg_id":28,"type":"broadcast"}}
2025/06/27 20:55:55 Received {n1 n4 {"in_reply_to":28,"type":"broadcast_ok"}}
2025/06/27 20:55:55 Received {n3 n4 {"message":82,"msg_id":139,"type":"broadcast"}}
2025/06/27 20:55:55 Received {n3 n4 {"in_reply_to":27,"type":"broadcast_ok"}}
2025/06/27 20:55:55 Sent {"src":"n4","dest":"n3","body":{"in_reply_to":139,"type":"broadcast_ok"}}
2025/06/27 20:55:56 Received {c13 n4 {"type":"broadcast","message":83,"msg_id":32}}
2025/06/27 20:55:56 Sent {"src":"n4","dest":"c13","body":{"in_reply_to":32,"type":"broadcast_ok"}}
2025/06/27 20:55:56 Sent {"src":"n4","dest":"n1","body":{"message":83,"msg_id":29,"type":"broadcast"}}
2025/06/27 20:55:56 Sent {"src":"n4","dest":"n3","body":{"message":83,"msg_id":30,"type":"broadcast"}}
2025/06/27 20:55:56 Received {n3 n4 {"in_reply_to":30,"type":"broadcast_ok"}}
2025/06/27 20:55:56 Received {n1 n4 {"in_reply_to":29,"type":"broadcast_ok"}}
2025/06/27 20:55:56 Received {n3 n4 {"message":83,"msg_id":141,"type":"broadcast"}}
2025/06/27 20:55:56 Received {n1 n4 {"message":83,"msg_id":213,"type":"broadcast"}}
2025/06/27 20:55:56 Sent {"src":"n4","dest":"n3","body":{"in_reply_to":141,"type":"broadcast_ok"}}
2025/06/27 20:55:56 Sent {"src":"n4","dest":"n1","body":{"in_reply_to":213,"type":"broadcast_ok"}}
2025/06/27 20:55:56 Received {n1 n4 {"message":84,"msg_id":214,"type":"broadcast"}}
2025/06/27 20:55:56 Sent {"src":"n4","dest":"n1","body":{"in_reply_to":214,"type":"broadcast_ok"}}
2025/06/27 20:55:56 Sent {"src":"n4","dest":"n3","body":{"message":84,"msg_id":31,"type":"broadcast"}}
2025/06/27 20:55:56 Sent {"src":"n4","dest":"n1","body":{"message":84,"msg_id":32,"type":"broadcast"}}
2025/06/27 20:55:56 Received {n1 n4 {"in_reply_to":32,"type":"broadcast_ok"}}
2025/06/27 20:55:56 Received {n3 n4 {"in_reply_to":31,"type":"broadcast_ok"}}
2025/06/27 20:55:56 Received {n3 n4 {"message":84,"msg_id":143,"type":"broadcast"}}
2025/06/27 20:55:56 Sent {"src":"n4","dest":"n3","body":{"in_reply_to":143,"type":"broadcast_ok"}}
2025/06/27 20:56:06 Received {c13 n4 {"type":"read","msg_id":33}}
2025/06/27 20:56:06 Sent {"src":"n4","dest":"c13","body":{"in_reply_to":33,"messages":[3,13,16,18,20,22,25,37,42,46,50,57,70,82,83,84],"type":"read_ok"}}
