2025-06-27 21:09:44,310{GMT}	INFO	[jepsen test runner] jepsen.core: Command line:
lein run test -w broadcast --bin /Users/anandtrehan/go/bin/maelstrom-broadcast --node-count 5 --time-limit 20 --rate 10 --nemesis partition
2025-06-27 21:09:44,401{GMT}	INFO	[jepsen test runner] jepsen.core: Running test:
{:args []
 :remote
 #jepsen.control.retry.Remote{:remote #jepsen.control.scp.Remote{:cmd-remote #jepsen.control.sshj.SSHJRemote{:concurrency-limit 6,
                                                                                                             :conn-spec nil,
                                                                                                             :client nil,
                                                                                                             :semaphore nil},
                                                                 :conn-spec nil},
                              :conn nil}
 :log-net-send false
 :node-count 5
 :availability nil
 :max-txn-length 4
 :concurrency 5
 :db
 #object[maelstrom.db$db$reify__16142
         "0x33e09baf"
         "maelstrom.db$db$reify__16142@33e09baf"]
 :max-writes-per-key 16
 :leave-db-running? false
 :name "broadcast"
 :logging-json? false
 :start-time
 #object[org.joda.time.DateTime "0x105c253a" "2025-06-27T21:09:44.271-04:00"]
 :nemesis-interval 10
 :net
 #object[maelstrom.net$jepsen_net$reify__15251
         "0x156322ce"
         "maelstrom.net$jepsen_net$reify__15251@156322ce"]
 :client
 #object[maelstrom.workload.broadcast$client$reify__16644
         "0x546f0f36"
         "maelstrom.workload.broadcast$client$reify__16644@546f0f36"]
 :barrier
 #object[java.util.concurrent.CyclicBarrier
         "0x44d5a0a8"
         "java.util.concurrent.CyclicBarrier@44d5a0a8"]
 :log-stderr false
 :pure-generators true
 :ssh {:dummy? true}
 :rate 10.0
 :checker
 #object[jepsen.checker$compose$reify__11881
         "0x35d128fd"
         "jepsen.checker$compose$reify__11881@35d128fd"]
 :argv
 ("test"
  "-w"
  "broadcast"
  "--bin"
  "/Users/anandtrehan/go/bin/maelstrom-broadcast"
  "--node-count"
  "5"
  "--time-limit"
  "20"
  "--rate"
  "10"
  "--nemesis"
  "partition")
 :nemesis
 (jepsen.nemesis.ReflCompose
  {:fm {:start-partition 0,
        :stop-partition 0,
        :kill 1,
        :start 1,
        :pause 1,
        :resume 1},
   :nemeses [#unprintable "jepsen.nemesis.combined$partition_nemesis$reify__16416@39a809db"
             #unprintable "jepsen.nemesis.combined$db_nemesis$reify__16397@1512a767"]})
 :nodes ["n0" "n1" "n2" "n3" "n4"]
 :test-count 1
 :latency {:mean 0, :dist :constant}
 :bin "/Users/anandtrehan/go/bin/maelstrom-broadcast"
 :generator
 ((jepsen.generator.Synchronize
   {:gen (jepsen.generator.TimeLimit
          {:limit 20000000000,
           :cutoff nil,
           :gen (jepsen.generator.Any
                 {:gens [(jepsen.generator.OnThreads
                          {:f #{:nemesis},
                           :context-filter #object[jepsen.generator.context$make_thread_filter$lazy_filter__9167
                                                   "0x5cdb7b"
                                                   "jepsen.generator.context$make_thread_filter$lazy_filter__9167@5cdb7b"],
                           :gen (jepsen.generator.Stagger
                                 {:dt 20000000000,
                                  :next-time nil,
                                  :gen (jepsen.generator.FlipFlop
                                        {:gens [#object[jepsen.nemesis.combined$partition_package$start__16420
                                                        "0x3dcc59f5"
                                                        "jepsen.nemesis.combined$partition_package$start__16420@3dcc59f5"]
                                                ({:type :info,
                                                  :f :stop-partition,
                                                  :value nil}
                                                 {:type :info,
                                                  :f :stop-partition,
                                                  :value nil}
                                                 {:type :info,
                                                  :f :stop-partition,
                                                  :value nil}
                                                 {:type :info,
                                                  :f :stop-partition,
                                                  :value nil}
                                                 {:type :info,
                                                  :f :stop-partition,
                                                  :value nil}
                                                 {:type :info,
                                                  :f :stop-partition,
                                                  :value nil}
                                                 {:type :info,
                                                  :f :stop-partition,
                                                  :value nil}
                                                 {:type :info,
                                                  :f :stop-partition,
                                                  :value nil}
                                                 ...)],
                                         :i 0})})})
                         (jepsen.generator.OnThreads
                          {:f #jepsen.generator.context.AllBut{:element :nemesis},
                           :context-filter #object[jepsen.generator.context$make_thread_filter$lazy_filter__9167
                                                   "0x690337df"
                                                   "jepsen.generator.context$make_thread_filter$lazy_filter__9167@690337df"],
                           :gen (jepsen.generator.Stagger
                                 {:dt 200000000,
                                  :next-time nil,
                                  :gen (jepsen.generator.Mix
                                        {:i 0,
                                         :gens [({:f :broadcast, :value 0}
                                                 {:f :broadcast, :value 1}
                                                 {:f :broadcast, :value 2}
                                                 {:f :broadcast, :value 3}
                                                 {:f :broadcast, :value 4}
                                                 {:f :broadcast, :value 5}
                                                 {:f :broadcast, :value 6}
                                                 {:f :broadcast, :value 7}
                                                 ...)
                                                ({:f :read}
                                                 {:f :read}
                                                 {:f :read}
                                                 {:f :read}
                                                 {:f :read}
                                                 {:f :read}
                                                 {:f :read}
                                                 {:f :read}
                                                 ...)]})})})]})})})
  (jepsen.generator.Synchronize
   {:gen (jepsen.generator.OnThreads
          {:f #{:nemesis},
           :context-filter #object[jepsen.generator.context$make_thread_filter$lazy_filter__9167
                                   "0xf62ae87"
                                   "jepsen.generator.context$make_thread_filter$lazy_filter__9167@f62ae87"],
           :gen ({:type :info, :f :stop-partition, :value nil})})})
  (jepsen.generator.Synchronize
   {:gen {:type :log, :value "Waiting for recovery..."}})
  (jepsen.generator.Synchronize {:gen {:type :sleep, :value 10}})
  (jepsen.generator.Synchronize
   {:gen (jepsen.generator.OnThreads
          {:f #jepsen.generator.context.AllBut{:element :nemesis},
           :context-filter #object[jepsen.generator.context$make_thread_filter$lazy_filter__9167
                                   "0x50be5d6f"
                                   "jepsen.generator.context$make_thread_filter$lazy_filter__9167@50be5d6f"],
           :gen (jepsen.generator.EachThread
                 {:fresh-gen {:f :read, :final? true},
                  :context-filters #object[clojure.core$promise$reify__8591
                                           "0x48e0e779"
                                           {:status :pending, :val nil}],
                  :gens {}})})}))
 :log-net-recv false
 :os
 #object[maelstrom.net$jepsen_os$reify__15254
         "0x38ad8c75"
         "maelstrom.net$jepsen_os$reify__15254@38ad8c75"]
 :time-limit 20
 :workload :broadcast
 :consistency-models [:strict-serializable]
 :topology :grid}

2025-06-27 21:09:45,828{GMT}	INFO	[jepsen node n0] maelstrom.net: Starting Maelstrom network
2025-06-27 21:09:45,829{GMT}	INFO	[jepsen test runner] jepsen.db: Tearing down DB
2025-06-27 21:09:45,830{GMT}	INFO	[jepsen test runner] jepsen.db: Setting up DB
2025-06-27 21:09:45,830{GMT}	INFO	[jepsen node n1] maelstrom.db: Setting up n1
2025-06-27 21:09:45,831{GMT}	INFO	[jepsen node n4] maelstrom.db: Setting up n4
2025-06-27 21:09:45,831{GMT}	INFO	[jepsen node n3] maelstrom.db: Setting up n3
2025-06-27 21:09:45,831{GMT}	INFO	[jepsen node n2] maelstrom.db: Setting up n2
2025-06-27 21:09:45,831{GMT}	INFO	[jepsen node n3] maelstrom.process: launching /Users/anandtrehan/go/bin/maelstrom-broadcast []
2025-06-27 21:09:45,831{GMT}	INFO	[jepsen node n1] maelstrom.process: launching /Users/anandtrehan/go/bin/maelstrom-broadcast []
2025-06-27 21:09:45,831{GMT}	INFO	[jepsen node n4] maelstrom.process: launching /Users/anandtrehan/go/bin/maelstrom-broadcast []
2025-06-27 21:09:45,831{GMT}	INFO	[jepsen node n2] maelstrom.process: launching /Users/anandtrehan/go/bin/maelstrom-broadcast []
2025-06-27 21:09:45,832{GMT}	INFO	[jepsen node n0] maelstrom.service: Starting services: (lin-kv lin-tso lww-kv seq-kv)
2025-06-27 21:09:45,833{GMT}	INFO	[jepsen node n0] maelstrom.db: Setting up n0
2025-06-27 21:09:45,834{GMT}	INFO	[jepsen node n0] maelstrom.process: launching /Users/anandtrehan/go/bin/maelstrom-broadcast []
2025-06-27 21:09:45,923{GMT}	INFO	[jepsen test runner] jepsen.core: Relative time begins now
2025-06-27 21:09:45,937{GMT}	INFO	[jepsen worker nemesis] jepsen.util: :nemesis	:info	:start-partition	:one
2025-06-27 21:09:45,937{GMT}	INFO	[jepsen worker 1] jepsen.util: 1	:invoke	:broadcast	0
2025-06-27 21:09:45,940{GMT}	INFO	[jepsen worker 1] jepsen.util: 1	:ok	:broadcast	0
2025-06-27 21:09:45,941{GMT}	INFO	[jepsen worker nemesis] jepsen.util: :nemesis	:info	:start-partition	[:isolated {"n4" #{"n2" "n1" "n0" "n3"}, "n2" #{"n4"}, "n1" #{"n4"}, "n0" #{"n4"}, "n3" #{"n4"}}]
2025-06-27 21:09:46,051{GMT}	INFO	[jepsen worker 2] jepsen.util: 2	:invoke	:broadcast	1
2025-06-27 21:09:46,053{GMT}	INFO	[jepsen worker 2] jepsen.util: 2	:ok	:broadcast	1
2025-06-27 21:09:46,237{GMT}	INFO	[jepsen worker 3] jepsen.util: 3	:invoke	:read	nil
2025-06-27 21:09:46,241{GMT}	INFO	[jepsen worker 3] jepsen.util: 3	:ok	:read	[0 1]
2025-06-27 21:09:46,291{GMT}	INFO	[jepsen worker 4] jepsen.util: 4	:invoke	:read	nil
2025-06-27 21:09:46,297{GMT}	INFO	[jepsen worker 4] jepsen.util: 4	:ok	:read	[]
2025-06-27 21:09:46,455{GMT}	INFO	[jepsen worker 0] jepsen.util: 0	:invoke	:read	nil
2025-06-27 21:09:46,460{GMT}	INFO	[jepsen worker 0] jepsen.util: 0	:ok	:read	[0 1]
2025-06-27 21:09:46,529{GMT}	INFO	[jepsen worker 0] jepsen.util: 0	:invoke	:read	nil
2025-06-27 21:09:46,532{GMT}	INFO	[jepsen worker 0] jepsen.util: 0	:ok	:read	[0 1]
2025-06-27 21:09:46,599{GMT}	INFO	[jepsen worker 1] jepsen.util: 1	:invoke	:broadcast	2
2025-06-27 21:09:46,602{GMT}	INFO	[jepsen worker 1] jepsen.util: 1	:ok	:broadcast	2
2025-06-27 21:09:46,719{GMT}	INFO	[jepsen worker 2] jepsen.util: 2	:invoke	:broadcast	3
2025-06-27 21:09:46,723{GMT}	INFO	[jepsen worker 2] jepsen.util: 2	:ok	:broadcast	3
2025-06-27 21:09:46,817{GMT}	INFO	[jepsen worker 3] jepsen.util: 3	:invoke	:read	nil
2025-06-27 21:09:46,820{GMT}	INFO	[jepsen worker 3] jepsen.util: 3	:ok	:read	[0 1 2 3]
2025-06-27 21:09:46,866{GMT}	INFO	[jepsen worker 4] jepsen.util: 4	:invoke	:broadcast	4
2025-06-27 21:09:46,870{GMT}	INFO	[jepsen worker 4] jepsen.util: 4	:ok	:broadcast	4
2025-06-27 21:09:46,888{GMT}	INFO	[jepsen worker 0] jepsen.util: 0	:invoke	:read	nil
2025-06-27 21:09:46,891{GMT}	INFO	[jepsen worker 0] jepsen.util: 0	:ok	:read	[0 1 2 3]
2025-06-27 21:09:47,078{GMT}	INFO	[jepsen worker 0] jepsen.util: 0	:invoke	:broadcast	5
2025-06-27 21:09:47,080{GMT}	INFO	[jepsen worker 0] jepsen.util: 0	:ok	:broadcast	5
2025-06-27 21:09:47,263{GMT}	INFO	[jepsen worker 1] jepsen.util: 1	:invoke	:read	nil
2025-06-27 21:09:47,266{GMT}	INFO	[jepsen worker 1] jepsen.util: 1	:ok	:read	[0 1 2 3 5]
2025-06-27 21:09:47,279{GMT}	INFO	[jepsen worker 2] jepsen.util: 2	:invoke	:broadcast	6
2025-06-27 21:09:47,281{GMT}	INFO	[jepsen worker 2] jepsen.util: 2	:ok	:broadcast	6
2025-06-27 21:09:47,435{GMT}	INFO	[jepsen worker 3] jepsen.util: 3	:invoke	:read	nil
2025-06-27 21:09:47,438{GMT}	INFO	[jepsen worker 3] jepsen.util: 3	:ok	:read	[0 1 2 3 5 6]
2025-06-27 21:09:47,487{GMT}	INFO	[jepsen worker 4] jepsen.util: 4	:invoke	:broadcast	7
2025-06-27 21:09:47,489{GMT}	INFO	[jepsen worker 4] jepsen.util: 4	:ok	:broadcast	7
2025-06-27 21:09:47,630{GMT}	INFO	[jepsen worker 0] jepsen.util: 0	:invoke	:read	nil
2025-06-27 21:09:47,633{GMT}	INFO	[jepsen worker 0] jepsen.util: 0	:ok	:read	[0 1 2 3 5 6]
2025-06-27 21:09:47,819{GMT}	INFO	[jepsen worker 0] jepsen.util: 0	:invoke	:broadcast	8
2025-06-27 21:09:47,821{GMT}	INFO	[jepsen worker 0] jepsen.util: 0	:ok	:broadcast	8
2025-06-27 21:09:48,012{GMT}	INFO	[jepsen worker 1] jepsen.util: 1	:invoke	:read	nil
2025-06-27 21:09:48,014{GMT}	INFO	[jepsen worker 1] jepsen.util: 1	:ok	:read	[0 1 2 3 5 6 8]
2025-06-27 21:09:48,166{GMT}	INFO	[jepsen worker 2] jepsen.util: 2	:invoke	:read	nil
2025-06-27 21:09:48,168{GMT}	INFO	[jepsen worker 2] jepsen.util: 2	:ok	:read	[0 1 2 3 5 6 8]
2025-06-27 21:09:48,196{GMT}	INFO	[jepsen worker 3] jepsen.util: 3	:invoke	:read	nil
2025-06-27 21:09:48,198{GMT}	INFO	[jepsen worker 3] jepsen.util: 3	:ok	:read	[0 1 2 3 5 6 8]
2025-06-27 21:09:48,302{GMT}	INFO	[jepsen worker 4] jepsen.util: 4	:invoke	:broadcast	9
2025-06-27 21:09:48,306{GMT}	INFO	[jepsen worker 4] jepsen.util: 4	:ok	:broadcast	9
2025-06-27 21:09:48,308{GMT}	INFO	[jepsen worker 0] jepsen.util: 0	:invoke	:broadcast	10
2025-06-27 21:09:48,318{GMT}	INFO	[jepsen worker 0] jepsen.util: 0	:ok	:broadcast	10
2025-06-27 21:09:48,438{GMT}	INFO	[jepsen worker 0] jepsen.util: 0	:invoke	:broadcast	11
2025-06-27 21:09:48,441{GMT}	INFO	[jepsen worker 0] jepsen.util: 0	:ok	:broadcast	11
2025-06-27 21:09:48,463{GMT}	INFO	[jepsen worker 1] jepsen.util: 1	:invoke	:broadcast	12
2025-06-27 21:09:48,465{GMT}	INFO	[jepsen worker 1] jepsen.util: 1	:ok	:broadcast	12
2025-06-27 21:09:48,515{GMT}	INFO	[jepsen worker 2] jepsen.util: 2	:invoke	:read	nil
2025-06-27 21:09:48,516{GMT}	INFO	[jepsen worker 2] jepsen.util: 2	:ok	:read	[0 1 2 3 5 6 8 10 11 12]
2025-06-27 21:09:48,556{GMT}	INFO	[jepsen worker 3] jepsen.util: 3	:invoke	:read	nil
2025-06-27 21:09:48,556{GMT}	INFO	[jepsen worker 3] jepsen.util: 3	:ok	:read	[0 1 2 3 5 6 8 10 11 12]
2025-06-27 21:09:48,662{GMT}	INFO	[jepsen worker 4] jepsen.util: 4	:invoke	:broadcast	13
2025-06-27 21:09:48,663{GMT}	INFO	[jepsen worker 4] jepsen.util: 4	:ok	:broadcast	13
2025-06-27 21:09:48,665{GMT}	INFO	[jepsen worker 0] jepsen.util: 0	:invoke	:read	nil
2025-06-27 21:09:48,666{GMT}	INFO	[jepsen worker 0] jepsen.util: 0	:ok	:read	[0 1 2 3 5 6 8 10 11 12]
2025-06-27 21:09:48,735{GMT}	INFO	[jepsen worker 0] jepsen.util: 0	:invoke	:broadcast	14
2025-06-27 21:09:48,736{GMT}	INFO	[jepsen worker 0] jepsen.util: 0	:ok	:broadcast	14
2025-06-27 21:09:48,909{GMT}	INFO	[jepsen worker 1] jepsen.util: 1	:invoke	:read	nil
2025-06-27 21:09:48,911{GMT}	INFO	[jepsen worker 1] jepsen.util: 1	:ok	:read	[0 1 2 3 5 6 8 10 11 12 14]
2025-06-27 21:09:49,046{GMT}	INFO	[jepsen worker 2] jepsen.util: 2	:invoke	:broadcast	15
2025-06-27 21:09:49,048{GMT}	INFO	[jepsen worker 2] jepsen.util: 2	:ok	:broadcast	15
2025-06-27 21:09:49,072{GMT}	INFO	[jepsen worker 3] jepsen.util: 3	:invoke	:broadcast	16
2025-06-27 21:09:49,073{GMT}	INFO	[jepsen worker 3] jepsen.util: 3	:ok	:broadcast	16
2025-06-27 21:09:49,169{GMT}	INFO	[jepsen worker 4] jepsen.util: 4	:invoke	:broadcast	17
2025-06-27 21:09:49,171{GMT}	INFO	[jepsen worker 4] jepsen.util: 4	:ok	:broadcast	17
2025-06-27 21:09:49,262{GMT}	INFO	[jepsen worker 0] jepsen.util: 0	:invoke	:broadcast	18
2025-06-27 21:09:49,264{GMT}	INFO	[jepsen worker 0] jepsen.util: 0	:ok	:broadcast	18
2025-06-27 21:09:49,304{GMT}	INFO	[jepsen worker 0] jepsen.util: 0	:invoke	:read	nil
2025-06-27 21:09:49,305{GMT}	INFO	[jepsen worker 0] jepsen.util: 0	:ok	:read	[0 1 2 3 5 6 8 10 11 12 14 15 16 18]
2025-06-27 21:09:49,466{GMT}	INFO	[jepsen worker 1] jepsen.util: 1	:invoke	:broadcast	19
2025-06-27 21:09:49,468{GMT}	INFO	[jepsen worker 1] jepsen.util: 1	:ok	:broadcast	19
2025-06-27 21:09:49,532{GMT}	INFO	[jepsen worker 2] jepsen.util: 2	:invoke	:read	nil
2025-06-27 21:09:49,534{GMT}	INFO	[jepsen worker 2] jepsen.util: 2	:ok	:read	[0 1 2 3 5 6 8 10 11 12 14 15 16 18 19]
2025-06-27 21:09:49,558{GMT}	INFO	[jepsen worker 3] jepsen.util: 3	:invoke	:broadcast	20
2025-06-27 21:09:49,560{GMT}	INFO	[jepsen worker 3] jepsen.util: 3	:ok	:broadcast	20
2025-06-27 21:09:49,735{GMT}	INFO	[jepsen worker 4] jepsen.util: 4	:invoke	:read	nil
2025-06-27 21:09:49,737{GMT}	INFO	[jepsen worker 4] jepsen.util: 4	:ok	:read	[4 7 9 13 17]
2025-06-27 21:09:49,935{GMT}	INFO	[jepsen worker 0] jepsen.util: 0	:invoke	:broadcast	21
2025-06-27 21:09:49,938{GMT}	INFO	[jepsen worker 0] jepsen.util: 0	:ok	:broadcast	21
2025-06-27 21:09:49,982{GMT}	INFO	[jepsen worker 0] jepsen.util: 0	:invoke	:broadcast	22
2025-06-27 21:09:49,984{GMT}	INFO	[jepsen worker 0] jepsen.util: 0	:ok	:broadcast	22
2025-06-27 21:09:50,118{GMT}	INFO	[jepsen worker 1] jepsen.util: 1	:invoke	:read	nil
2025-06-27 21:09:50,121{GMT}	INFO	[jepsen worker 1] jepsen.util: 1	:ok	:read	[0 1 2 3 5 6 8 10 11 12 14 15 16 18 19 20 21 22]
2025-06-27 21:09:50,295{GMT}	INFO	[jepsen worker 2] jepsen.util: 2	:invoke	:broadcast	23
2025-06-27 21:09:50,298{GMT}	INFO	[jepsen worker 2] jepsen.util: 2	:ok	:broadcast	23
2025-06-27 21:09:50,308{GMT}	INFO	[jepsen worker 3] jepsen.util: 3	:invoke	:broadcast	24
2025-06-27 21:09:50,311{GMT}	INFO	[jepsen worker 3] jepsen.util: 3	:ok	:broadcast	24
2025-06-27 21:09:50,348{GMT}	INFO	[jepsen worker 4] jepsen.util: 4	:invoke	:read	nil
2025-06-27 21:09:50,350{GMT}	INFO	[jepsen worker 4] jepsen.util: 4	:ok	:read	[4 7 9 13 17]
2025-06-27 21:09:50,398{GMT}	INFO	[jepsen worker 0] jepsen.util: 0	:invoke	:broadcast	25
2025-06-27 21:09:50,400{GMT}	INFO	[jepsen worker 0] jepsen.util: 0	:ok	:broadcast	25
2025-06-27 21:09:50,554{GMT}	INFO	[jepsen worker 0] jepsen.util: 0	:invoke	:read	nil
2025-06-27 21:09:50,556{GMT}	INFO	[jepsen worker 0] jepsen.util: 0	:ok	:read	[0 1 2 3 5 6 8 10 11 12 14 15 16 18 19 20 21 22 23 24 25]
2025-06-27 21:09:50,562{GMT}	INFO	[jepsen worker 1] jepsen.util: 1	:invoke	:broadcast	26
2025-06-27 21:09:50,564{GMT}	INFO	[jepsen worker 1] jepsen.util: 1	:ok	:broadcast	26
2025-06-27 21:09:50,742{GMT}	INFO	[jepsen worker 2] jepsen.util: 2	:invoke	:read	nil
2025-06-27 21:09:50,745{GMT}	INFO	[jepsen worker 2] jepsen.util: 2	:ok	:read	[0 1 2 3 5 6 8 10 11 12 14 15 16 18 19 20 21 22 23 24 25 26]
2025-06-27 21:09:50,796{GMT}	INFO	[jepsen worker 3] jepsen.util: 3	:invoke	:broadcast	27
2025-06-27 21:09:50,799{GMT}	INFO	[jepsen worker 3] jepsen.util: 3	:ok	:broadcast	27
2025-06-27 21:09:50,910{GMT}	INFO	[jepsen worker 4] jepsen.util: 4	:invoke	:read	nil
2025-06-27 21:09:50,913{GMT}	INFO	[jepsen worker 4] jepsen.util: 4	:ok	:read	[4 7 9 13 17]
2025-06-27 21:09:51,001{GMT}	INFO	[jepsen worker 0] jepsen.util: 0	:invoke	:broadcast	28
2025-06-27 21:09:51,003{GMT}	INFO	[jepsen worker 0] jepsen.util: 0	:ok	:broadcast	28
2025-06-27 21:09:51,046{GMT}	INFO	[jepsen worker 0] jepsen.util: 0	:invoke	:read	nil
2025-06-27 21:09:51,048{GMT}	INFO	[jepsen worker 0] jepsen.util: 0	:ok	:read	[0 1 2 3 5 6 8 10 11 12 14 15 16 18 19 20 21 22 23 24 25 26 27 28]
2025-06-27 21:09:51,132{GMT}	INFO	[jepsen worker 1] jepsen.util: 1	:invoke	:read	nil
2025-06-27 21:09:51,133{GMT}	INFO	[jepsen worker 1] jepsen.util: 1	:ok	:read	[0 1 2 3 5 6 8 10 11 12 14 15 16 18 19 20 21 22 23 24 25 26 27 28]
2025-06-27 21:09:51,217{GMT}	INFO	[jepsen worker 2] jepsen.util: 2	:invoke	:read	nil
2025-06-27 21:09:51,219{GMT}	INFO	[jepsen worker 2] jepsen.util: 2	:ok	:read	[0 1 2 3 5 6 8 10 11 12 14 15 16 18 19 20 21 22 23 24 25 26 27 28]
2025-06-27 21:09:51,375{GMT}	INFO	[jepsen worker 3] jepsen.util: 3	:invoke	:broadcast	29
2025-06-27 21:09:51,377{GMT}	INFO	[jepsen worker 3] jepsen.util: 3	:ok	:broadcast	29
2025-06-27 21:09:51,547{GMT}	INFO	[jepsen worker 4] jepsen.util: 4	:invoke	:read	nil
2025-06-27 21:09:51,549{GMT}	INFO	[jepsen worker 4] jepsen.util: 4	:ok	:read	[4 7 9 13 17]
2025-06-27 21:09:51,646{GMT}	INFO	[jepsen worker 0] jepsen.util: 0	:invoke	:broadcast	30
2025-06-27 21:09:51,648{GMT}	INFO	[jepsen worker 0] jepsen.util: 0	:ok	:broadcast	30
2025-06-27 21:09:51,692{GMT}	INFO	[jepsen worker 0] jepsen.util: 0	:invoke	:broadcast	31
2025-06-27 21:09:51,693{GMT}	INFO	[jepsen worker 0] jepsen.util: 0	:ok	:broadcast	31
2025-06-27 21:09:51,892{GMT}	INFO	[jepsen worker 1] jepsen.util: 1	:invoke	:read	nil
2025-06-27 21:09:51,894{GMT}	INFO	[jepsen worker 1] jepsen.util: 1	:ok	:read	[0 1 2 3 5 6 8 10 11 12 14 15 16 18 19 20 21 22 23 24 25 26 27 28 29 30 31]
2025-06-27 21:09:51,997{GMT}	INFO	[jepsen worker 2] jepsen.util: 2	:invoke	:read	nil
2025-06-27 21:09:51,999{GMT}	INFO	[jepsen worker 2] jepsen.util: 2	:ok	:read	[0 1 2 3 5 6 8 10 11 12 14 15 16 18 19 20 21 22 23 24 25 26 27 28 29 30 31]
2025-06-27 21:09:52,054{GMT}	INFO	[jepsen worker 3] jepsen.util: 3	:invoke	:read	nil
2025-06-27 21:09:52,057{GMT}	INFO	[jepsen worker 3] jepsen.util: 3	:ok	:read	[0 1 2 3 5 6 8 10 11 12 14 15 16 18 19 20 21 22 23 24 25 26 27 28 29 30 31]
2025-06-27 21:09:52,229{GMT}	INFO	[jepsen worker 4] jepsen.util: 4	:invoke	:broadcast	32
2025-06-27 21:09:52,231{GMT}	INFO	[jepsen worker 4] jepsen.util: 4	:ok	:broadcast	32
2025-06-27 21:09:52,302{GMT}	INFO	[jepsen worker 0] jepsen.util: 0	:invoke	:read	nil
2025-06-27 21:09:52,304{GMT}	INFO	[jepsen worker 0] jepsen.util: 0	:ok	:read	[0 1 2 3 5 6 8 10 11 12 14 15 16 18 19 20 21 22 23 24 25 26 27 28 29 30 31]
2025-06-27 21:09:52,495{GMT}	INFO	[jepsen worker 0] jepsen.util: 0	:invoke	:read	nil
2025-06-27 21:09:52,497{GMT}	INFO	[jepsen worker 0] jepsen.util: 0	:ok	:read	[0 1 2 3 5 6 8 10 11 12 14 15 16 18 19 20 21 22 23 24 25 26 27 28 29 30 31]
2025-06-27 21:09:52,512{GMT}	INFO	[jepsen worker 1] jepsen.util: 1	:invoke	:read	nil
2025-06-27 21:09:52,513{GMT}	INFO	[jepsen worker 1] jepsen.util: 1	:ok	:read	[0 1 2 3 5 6 8 10 11 12 14 15 16 18 19 20 21 22 23 24 25 26 27 28 29 30 31]
2025-06-27 21:09:52,523{GMT}	INFO	[jepsen worker 2] jepsen.util: 2	:invoke	:read	nil
2025-06-27 21:09:52,525{GMT}	INFO	[jepsen worker 2] jepsen.util: 2	:ok	:read	[0 1 2 3 5 6 8 10 11 12 14 15 16 18 19 20 21 22 23 24 25 26 27 28 29 30 31]
2025-06-27 21:09:52,612{GMT}	INFO	[jepsen worker 3] jepsen.util: 3	:invoke	:broadcast	33
2025-06-27 21:09:52,615{GMT}	INFO	[jepsen worker 3] jepsen.util: 3	:ok	:broadcast	33
2025-06-27 21:09:52,648{GMT}	INFO	[jepsen worker 4] jepsen.util: 4	:invoke	:broadcast	34
2025-06-27 21:09:52,651{GMT}	INFO	[jepsen worker 4] jepsen.util: 4	:ok	:broadcast	34
2025-06-27 21:09:52,806{GMT}	INFO	[jepsen worker 0] jepsen.util: 0	:invoke	:broadcast	35
2025-06-27 21:09:52,807{GMT}	INFO	[jepsen worker 0] jepsen.util: 0	:ok	:broadcast	35
2025-06-27 21:09:52,810{GMT}	INFO	[jepsen worker 0] jepsen.util: 0	:invoke	:read	nil
2025-06-27 21:09:52,811{GMT}	INFO	[jepsen worker 0] jepsen.util: 0	:ok	:read	[0 1 2 3 5 6 8 10 11 12 14 15 16 18 19 20 21 22 23 24 25 26 27 28 29 30 31 33 35]
2025-06-27 21:09:52,834{GMT}	INFO	[jepsen worker 1] jepsen.util: 1	:invoke	:read	nil
2025-06-27 21:09:52,835{GMT}	INFO	[jepsen worker 1] jepsen.util: 1	:ok	:read	[0 1 2 3 5 6 8 10 11 12 14 15 16 18 19 20 21 22 23 24 25 26 27 28 29 30 31 33 35]
2025-06-27 21:09:52,980{GMT}	INFO	[jepsen worker 2] jepsen.util: 2	:invoke	:read	nil
2025-06-27 21:09:52,982{GMT}	INFO	[jepsen worker 2] jepsen.util: 2	:ok	:read	[0 1 2 3 5 6 8 10 11 12 14 15 16 18 19 20 21 22 23 24 25 26 27 28 29 30 31 33 35]
2025-06-27 21:09:53,036{GMT}	INFO	[jepsen worker 3] jepsen.util: 3	:invoke	:read	nil
2025-06-27 21:09:53,038{GMT}	INFO	[jepsen worker 3] jepsen.util: 3	:ok	:read	[0 1 2 3 5 6 8 10 11 12 14 15 16 18 19 20 21 22 23 24 25 26 27 28 29 30 31 33 35]
2025-06-27 21:09:53,050{GMT}	INFO	[jepsen worker 4] jepsen.util: 4	:invoke	:broadcast	36
2025-06-27 21:09:53,051{GMT}	INFO	[jepsen worker 4] jepsen.util: 4	:ok	:broadcast	36
2025-06-27 21:09:53,144{GMT}	INFO	[jepsen worker 0] jepsen.util: 0	:invoke	:broadcast	37
2025-06-27 21:09:53,145{GMT}	INFO	[jepsen worker 0] jepsen.util: 0	:ok	:broadcast	37
2025-06-27 21:09:53,171{GMT}	INFO	[jepsen worker 0] jepsen.util: 0	:invoke	:broadcast	38
2025-06-27 21:09:53,173{GMT}	INFO	[jepsen worker 0] jepsen.util: 0	:ok	:broadcast	38
2025-06-27 21:09:53,211{GMT}	INFO	[jepsen worker 1] jepsen.util: 1	:invoke	:read	nil
2025-06-27 21:09:53,212{GMT}	INFO	[jepsen worker 1] jepsen.util: 1	:ok	:read	[0 1 2 3 5 6 8 10 11 12 14 15 16 18 19 20 21 22 23 24 25 26 27 28 29 30 31 33 35 37 38]
2025-06-27 21:09:53,267{GMT}	INFO	[jepsen worker 2] jepsen.util: 2	:invoke	:broadcast	39
2025-06-27 21:09:53,269{GMT}	INFO	[jepsen worker 2] jepsen.util: 2	:ok	:broadcast	39
2025-06-27 21:09:53,292{GMT}	INFO	[jepsen worker 3] jepsen.util: 3	:invoke	:read	nil
2025-06-27 21:09:53,294{GMT}	INFO	[jepsen worker 3] jepsen.util: 3	:ok	:read	[0 1 2 3 5 6 8 10 11 12 14 15 16 18 19 20 21 22 23 24 25 26 27 28 29 30 31 33 35 37 38 39]
2025-06-27 21:09:53,365{GMT}	INFO	[jepsen worker 4] jepsen.util: 4	:invoke	:read	nil
2025-06-27 21:09:53,367{GMT}	INFO	[jepsen worker 4] jepsen.util: 4	:ok	:read	[4 7 9 13 17 32 34 36]
2025-06-27 21:09:53,456{GMT}	INFO	[jepsen worker 0] jepsen.util: 0	:invoke	:broadcast	40
2025-06-27 21:09:53,457{GMT}	INFO	[jepsen worker 0] jepsen.util: 0	:ok	:broadcast	40
2025-06-27 21:09:53,492{GMT}	INFO	[jepsen worker 0] jepsen.util: 0	:invoke	:read	nil
2025-06-27 21:09:53,494{GMT}	INFO	[jepsen worker 0] jepsen.util: 0	:ok	:read	[0 1 2 3 5 6 8 10 11 12 14 15 16 18 19 20 21 22 23 24 25 26 27 28 29 30 31 33 35 37 38 39 40]
2025-06-27 21:09:53,629{GMT}	INFO	[jepsen worker 1] jepsen.util: 1	:invoke	:read	nil
2025-06-27 21:09:53,631{GMT}	INFO	[jepsen worker 1] jepsen.util: 1	:ok	:read	[0 1 2 3 5 6 8 10 11 12 14 15 16 18 19 20 21 22 23 24 25 26 27 28 29 30 31 33 35 37 38 39 40]
2025-06-27 21:09:53,706{GMT}	INFO	[jepsen worker 2] jepsen.util: 2	:invoke	:read	nil
2025-06-27 21:09:53,707{GMT}	INFO	[jepsen worker 2] jepsen.util: 2	:ok	:read	[0 1 2 3 5 6 8 10 11 12 14 15 16 18 19 20 21 22 23 24 25 26 27 28 29 30 31 33 35 37 38 39 40]
2025-06-27 21:09:53,742{GMT}	INFO	[jepsen worker 3] jepsen.util: 3	:invoke	:read	nil
2025-06-27 21:09:53,744{GMT}	INFO	[jepsen worker 3] jepsen.util: 3	:ok	:read	[0 1 2 3 5 6 8 10 11 12 14 15 16 18 19 20 21 22 23 24 25 26 27 28 29 30 31 33 35 37 38 39 40]
2025-06-27 21:09:53,806{GMT}	INFO	[jepsen worker 4] jepsen.util: 4	:invoke	:read	nil
2025-06-27 21:09:53,807{GMT}	INFO	[jepsen worker 4] jepsen.util: 4	:ok	:read	[4 7 9 13 17 32 34 36]
2025-06-27 21:09:53,984{GMT}	INFO	[jepsen worker 0] jepsen.util: 0	:invoke	:broadcast	41
2025-06-27 21:09:53,986{GMT}	INFO	[jepsen worker 0] jepsen.util: 0	:ok	:broadcast	41
2025-06-27 21:09:54,072{GMT}	INFO	[jepsen worker 0] jepsen.util: 0	:invoke	:read	nil
2025-06-27 21:09:54,075{GMT}	INFO	[jepsen worker 0] jepsen.util: 0	:ok	:read	[0 1 2 3 5 6 8 10 11 12 14 15 16 18 19 20 21 22 23 24 25 26 27 28 29 30 31 33 35 37 38 39 40 41]
2025-06-27 21:09:54,276{GMT}	INFO	[jepsen worker 1] jepsen.util: 1	:invoke	:broadcast	42
2025-06-27 21:09:54,278{GMT}	INFO	[jepsen worker 1] jepsen.util: 1	:ok	:broadcast	42
2025-06-27 21:09:54,359{GMT}	INFO	[jepsen worker 2] jepsen.util: 2	:invoke	:read	nil
2025-06-27 21:09:54,361{GMT}	INFO	[jepsen worker 2] jepsen.util: 2	:ok	:read	[0 1 2 3 5 6 8 10 11 12 14 15 16 18 19 20 21 22 23 24 25 26 27 28 29 30 31 33 35 37 38 39 40 41 42]
2025-06-27 21:09:54,529{GMT}	INFO	[jepsen worker 3] jepsen.util: 3	:invoke	:broadcast	43
2025-06-27 21:09:54,532{GMT}	INFO	[jepsen worker 3] jepsen.util: 3	:ok	:broadcast	43
2025-06-27 21:09:54,670{GMT}	INFO	[jepsen worker nemesis] jepsen.util: :nemesis	:info	:stop-partition	nil
2025-06-27 21:09:54,670{GMT}	INFO	[jepsen worker nemesis] jepsen.util: :nemesis	:info	:stop-partition	:network-healed
2025-06-27 21:09:54,671{GMT}	INFO	[jepsen worker 0] jepsen.util: 0	:invoke	:read	nil
2025-06-27 21:09:54,672{GMT}	INFO	[jepsen worker 0] jepsen.util: 0	:ok	:read	[0 1 2 3 5 6 8 10 11 12 14 15 16 18 19 20 21 22 23 24 25 26 27 28 29 30 31 33 35 37 38 39 40 41 42 43]
2025-06-27 21:09:54,750{GMT}	INFO	[jepsen worker 0] jepsen.util: 0	:invoke	:read	nil
2025-06-27 21:09:54,752{GMT}	INFO	[jepsen worker 0] jepsen.util: 0	:ok	:read	[0 1 2 3 5 6 8 10 11 12 14 15 16 18 19 20 21 22 23 24 25 26 27 28 29 30 31 33 35 37 38 39 40 41 42 43]
2025-06-27 21:09:54,802{GMT}	INFO	[jepsen worker 1] jepsen.util: 1	:invoke	:broadcast	44
2025-06-27 21:09:54,804{GMT}	INFO	[jepsen worker 1] jepsen.util: 1	:ok	:broadcast	44
2025-06-27 21:09:54,983{GMT}	INFO	[jepsen worker 2] jepsen.util: 2	:invoke	:broadcast	45
2025-06-27 21:09:54,985{GMT}	INFO	[jepsen worker 2] jepsen.util: 2	:ok	:broadcast	45
2025-06-27 21:09:54,998{GMT}	INFO	[jepsen worker 3] jepsen.util: 3	:invoke	:broadcast	46
2025-06-27 21:09:54,998{GMT}	INFO	[jepsen worker 3] jepsen.util: 3	:ok	:broadcast	46
2025-06-27 21:09:55,132{GMT}	INFO	[jepsen worker 4] jepsen.util: 4	:invoke	:broadcast	47
2025-06-27 21:09:55,132{GMT}	INFO	[jepsen worker 4] jepsen.util: 4	:ok	:broadcast	47
2025-06-27 21:09:55,329{GMT}	INFO	[jepsen worker 0] jepsen.util: 0	:invoke	:broadcast	48
2025-06-27 21:09:55,331{GMT}	INFO	[jepsen worker 0] jepsen.util: 0	:ok	:broadcast	48
2025-06-27 21:09:55,404{GMT}	INFO	[jepsen worker 0] jepsen.util: 0	:invoke	:read	nil
2025-06-27 21:09:55,407{GMT}	INFO	[jepsen worker 0] jepsen.util: 0	:ok	:read	[0 1 2 3 5 6 8 10 11 12 14 15 16 18 19 20 21 22 23 24 25 26 27 28 29 30 31 33 35 37 38 39 40 41 42 43 44 45 46 47 48]
2025-06-27 21:09:55,595{GMT}	INFO	[jepsen worker 1] jepsen.util: 1	:invoke	:read	nil
2025-06-27 21:09:55,597{GMT}	INFO	[jepsen worker 1] jepsen.util: 1	:ok	:read	[0 1 2 3 5 6 8 10 11 12 14 15 16 18 19 20 21 22 23 24 25 26 27 28 29 30 31 33 35 37 38 39 40 41 42 43 44 45 46 47 48]
2025-06-27 21:09:55,713{GMT}	INFO	[jepsen worker 2] jepsen.util: 2	:invoke	:read	nil
2025-06-27 21:09:55,715{GMT}	INFO	[jepsen worker 2] jepsen.util: 2	:ok	:read	[0 1 2 3 5 6 8 10 11 12 14 15 16 18 19 20 21 22 23 24 25 26 27 28 29 30 31 33 35 37 38 39 40 41 42 43 44 45 46 47 48]
2025-06-27 21:09:55,818{GMT}	INFO	[jepsen worker 3] jepsen.util: 3	:invoke	:broadcast	49
2025-06-27 21:09:55,820{GMT}	INFO	[jepsen worker 3] jepsen.util: 3	:ok	:broadcast	49
2025-06-27 21:09:55,889{GMT}	INFO	[jepsen worker 4] jepsen.util: 4	:invoke	:broadcast	50
2025-06-27 21:09:55,891{GMT}	INFO	[jepsen worker 4] jepsen.util: 4	:ok	:broadcast	50
2025-06-27 21:09:56,048{GMT}	INFO	[jepsen worker 0] jepsen.util: 0	:invoke	:broadcast	51
2025-06-27 21:09:56,049{GMT}	INFO	[jepsen worker 0] jepsen.util: 0	:ok	:broadcast	51
2025-06-27 21:09:56,067{GMT}	INFO	[jepsen worker 0] jepsen.util: 0	:invoke	:broadcast	52
2025-06-27 21:09:56,068{GMT}	INFO	[jepsen worker 0] jepsen.util: 0	:ok	:broadcast	52
2025-06-27 21:09:56,104{GMT}	INFO	[jepsen worker 1] jepsen.util: 1	:invoke	:read	nil
2025-06-27 21:09:56,106{GMT}	INFO	[jepsen worker 1] jepsen.util: 1	:ok	:read	[0 1 2 3 5 6 8 10 11 12 14 15 16 18 19 20 21 22 23 24 25 26 27 28 29 30 31 33 35 37 38 39 40 41 42 43 44 45 46 47 48 49 50 51 52]
2025-06-27 21:09:56,246{GMT}	INFO	[jepsen worker 2] jepsen.util: 2	:invoke	:read	nil
2025-06-27 21:09:56,248{GMT}	INFO	[jepsen worker 2] jepsen.util: 2	:ok	:read	[0 1 2 3 5 6 8 10 11 12 14 15 16 18 19 20 21 22 23 24 25 26 27 28 29 30 31 33 35 37 38 39 40 41 42 43 44 45 46 47 48 49 50 51 52]
2025-06-27 21:09:56,332{GMT}	INFO	[jepsen worker 3] jepsen.util: 3	:invoke	:broadcast	53
2025-06-27 21:09:56,334{GMT}	INFO	[jepsen worker 3] jepsen.util: 3	:ok	:broadcast	53
2025-06-27 21:09:56,404{GMT}	INFO	[jepsen worker 4] jepsen.util: 4	:invoke	:read	nil
2025-06-27 21:09:56,407{GMT}	INFO	[jepsen worker 4] jepsen.util: 4	:ok	:read	[4 7 9 13 17 32 34 36 44 45 46 47 48 49 50 51 52 53]
2025-06-27 21:09:56,459{GMT}	INFO	[jepsen worker 0] jepsen.util: 0	:invoke	:read	nil
2025-06-27 21:09:56,461{GMT}	INFO	[jepsen worker 0] jepsen.util: 0	:ok	:read	[0 1 2 3 5 6 8 10 11 12 14 15 16 18 19 20 21 22 23 24 25 26 27 28 29 30 31 33 35 37 38 39 40 41 42 43 44 45 46 47 48 49 50 51 52 53]
2025-06-27 21:09:56,504{GMT}	INFO	[jepsen worker 0] jepsen.util: 0	:invoke	:read	nil
2025-06-27 21:09:56,505{GMT}	INFO	[jepsen worker 0] jepsen.util: 0	:ok	:read	[0 1 2 3 5 6 8 10 11 12 14 15 16 18 19 20 21 22 23 24 25 26 27 28 29 30 31 33 35 37 38 39 40 41 42 43 44 45 46 47 48 49 50 51 52 53]
2025-06-27 21:09:56,661{GMT}	INFO	[jepsen worker 1] jepsen.util: 1	:invoke	:broadcast	54
2025-06-27 21:09:56,663{GMT}	INFO	[jepsen worker 1] jepsen.util: 1	:ok	:broadcast	54
2025-06-27 21:09:56,831{GMT}	INFO	[jepsen worker 2] jepsen.util: 2	:invoke	:read	nil
2025-06-27 21:09:56,833{GMT}	INFO	[jepsen worker 2] jepsen.util: 2	:ok	:read	[0 1 2 3 5 6 8 10 11 12 14 15 16 18 19 20 21 22 23 24 25 26 27 28 29 30 31 33 35 37 38 39 40 41 42 43 44 45 46 47 48 49 50 51 52 53 54]
2025-06-27 21:09:56,912{GMT}	INFO	[jepsen worker 3] jepsen.util: 3	:invoke	:broadcast	55
2025-06-27 21:09:56,915{GMT}	INFO	[jepsen worker 3] jepsen.util: 3	:ok	:broadcast	55
2025-06-27 21:09:57,045{GMT}	INFO	[jepsen worker 4] jepsen.util: 4	:invoke	:broadcast	56
2025-06-27 21:09:57,047{GMT}	INFO	[jepsen worker 4] jepsen.util: 4	:ok	:broadcast	56
2025-06-27 21:09:57,061{GMT}	INFO	[jepsen worker 0] jepsen.util: 0	:invoke	:broadcast	57
2025-06-27 21:09:57,063{GMT}	INFO	[jepsen worker 0] jepsen.util: 0	:ok	:broadcast	57
2025-06-27 21:09:57,221{GMT}	INFO	[jepsen worker 0] jepsen.util: 0	:invoke	:read	nil
2025-06-27 21:09:57,223{GMT}	INFO	[jepsen worker 0] jepsen.util: 0	:ok	:read	[0 1 2 3 5 6 8 10 11 12 14 15 16 18 19 20 21 22 23 24 25 26 27 28 29 30 31 33 35 37 38 39 40 41 42 43 44 45 46 47 48 49 50 51 52 53 54 55 56 57]
2025-06-27 21:09:57,314{GMT}	INFO	[jepsen worker 1] jepsen.util: 1	:invoke	:broadcast	58
2025-06-27 21:09:57,315{GMT}	INFO	[jepsen worker 1] jepsen.util: 1	:ok	:broadcast	58
2025-06-27 21:09:57,364{GMT}	INFO	[jepsen worker 2] jepsen.util: 2	:invoke	:read	nil
2025-06-27 21:09:57,365{GMT}	INFO	[jepsen worker 2] jepsen.util: 2	:ok	:read	[0 1 2 3 5 6 8 10 11 12 14 15 16 18 19 20 21 22 23 24 25 26 27 28 29 30 31 33 35 37 38 39 40 41 42 43 44 45 46 47 48 49 50 51 52 53 54 55 56 57 58]
2025-06-27 21:09:57,514{GMT}	INFO	[jepsen worker 3] jepsen.util: 3	:invoke	:broadcast	59
2025-06-27 21:09:57,515{GMT}	INFO	[jepsen worker 3] jepsen.util: 3	:ok	:broadcast	59
2025-06-27 21:09:57,561{GMT}	INFO	[jepsen worker 4] jepsen.util: 4	:invoke	:read	nil
2025-06-27 21:09:57,563{GMT}	INFO	[jepsen worker 4] jepsen.util: 4	:ok	:read	[4 7 9 13 17 32 34 36 44 45 46 47 48 49 50 51 52 53 54 55 56 57 58 59]
2025-06-27 21:09:57,578{GMT}	INFO	[jepsen worker 0] jepsen.util: 0	:invoke	:broadcast	60
2025-06-27 21:09:57,580{GMT}	INFO	[jepsen worker 0] jepsen.util: 0	:ok	:broadcast	60
2025-06-27 21:09:57,654{GMT}	INFO	[jepsen worker 0] jepsen.util: 0	:invoke	:read	nil
2025-06-27 21:09:57,656{GMT}	INFO	[jepsen worker 0] jepsen.util: 0	:ok	:read	[0 1 2 3 5 6 8 10 11 12 14 15 16 18 19 20 21 22 23 24 25 26 27 28 29 30 31 33 35 37 38 39 40 41 42 43 44 45 46 47 48 49 50 51 52 53 54 55 56 57 58 59 60]
2025-06-27 21:09:57,799{GMT}	INFO	[jepsen worker 1] jepsen.util: 1	:invoke	:broadcast	61
2025-06-27 21:09:57,801{GMT}	INFO	[jepsen worker 1] jepsen.util: 1	:ok	:broadcast	61
2025-06-27 21:09:57,851{GMT}	INFO	[jepsen worker 2] jepsen.util: 2	:invoke	:read	nil
2025-06-27 21:09:57,852{GMT}	INFO	[jepsen worker 2] jepsen.util: 2	:ok	:read	[0 1 2 3 5 6 8 10 11 12 14 15 16 18 19 20 21 22 23 24 25 26 27 28 29 30 31 33 35 37 38 39 40 41 42 43 44 45 46 47 48 49 50 51 52 53 54 55 56 57 58 59 60 61]
2025-06-27 21:09:57,915{GMT}	INFO	[jepsen worker 3] jepsen.util: 3	:invoke	:broadcast	62
2025-06-27 21:09:57,915{GMT}	INFO	[jepsen worker 3] jepsen.util: 3	:ok	:broadcast	62
2025-06-27 21:09:57,955{GMT}	INFO	[jepsen worker 4] jepsen.util: 4	:invoke	:read	nil
2025-06-27 21:09:57,955{GMT}	INFO	[jepsen worker 4] jepsen.util: 4	:ok	:read	[4 7 9 13 17 32 34 36 44 45 46 47 48 49 50 51 52 53 54 55 56 57 58 59 60 61 62]
2025-06-27 21:09:58,004{GMT}	INFO	[jepsen worker 0] jepsen.util: 0	:invoke	:broadcast	63
2025-06-27 21:09:58,005{GMT}	INFO	[jepsen worker 0] jepsen.util: 0	:ok	:broadcast	63
2025-06-27 21:09:58,199{GMT}	INFO	[jepsen worker 0] jepsen.util: 0	:invoke	:read	nil
2025-06-27 21:09:58,201{GMT}	INFO	[jepsen worker 0] jepsen.util: 0	:ok	:read	[0 1 2 3 5 6 8 10 11 12 14 15 16 18 19 20 21 22 23 24 25 26 27 28 29 30 31 33 35 37 38 39 40 41 42 43 44 45 46 47 48 49 50 51 52 53 54 55 56 57 58 59 60 61 62 63]
2025-06-27 21:09:58,230{GMT}	INFO	[jepsen worker 1] jepsen.util: 1	:invoke	:broadcast	64
2025-06-27 21:09:58,231{GMT}	INFO	[jepsen worker 1] jepsen.util: 1	:ok	:broadcast	64
2025-06-27 21:09:58,256{GMT}	INFO	[jepsen worker 2] jepsen.util: 2	:invoke	:read	nil
2025-06-27 21:09:58,258{GMT}	INFO	[jepsen worker 2] jepsen.util: 2	:ok	:read	[0 1 2 3 5 6 8 10 11 12 14 15 16 18 19 20 21 22 23 24 25 26 27 28 29 30 31 33 35 37 38 39 40 41 42 43 44 45 46 47 48 49 50 51 52 53 54 55 56 57 58 59 60 61 62 63 64]
2025-06-27 21:09:58,277{GMT}	INFO	[jepsen worker 3] jepsen.util: 3	:invoke	:broadcast	65
2025-06-27 21:09:58,278{GMT}	INFO	[jepsen worker 3] jepsen.util: 3	:ok	:broadcast	65
2025-06-27 21:09:58,396{GMT}	INFO	[jepsen worker 4] jepsen.util: 4	:invoke	:broadcast	66
2025-06-27 21:09:58,412{GMT}	INFO	[jepsen worker 4] jepsen.util: 4	:ok	:broadcast	66
2025-06-27 21:09:58,421{GMT}	INFO	[jepsen worker 0] jepsen.util: 0	:invoke	:read	nil
2025-06-27 21:09:58,422{GMT}	INFO	[jepsen worker 0] jepsen.util: 0	:ok	:read	[0 1 2 3 5 6 8 10 11 12 14 15 16 18 19 20 21 22 23 24 25 26 27 28 29 30 31 33 35 37 38 39 40 41 42 43 44 45 46 47 48 49 50 51 52 53 54 55 56 57 58 59 60 61 62 63 64 65 66]
2025-06-27 21:09:58,498{GMT}	INFO	[jepsen worker 0] jepsen.util: 0	:invoke	:broadcast	67
2025-06-27 21:09:58,500{GMT}	INFO	[jepsen worker 0] jepsen.util: 0	:ok	:broadcast	67
2025-06-27 21:09:58,523{GMT}	INFO	[jepsen worker 1] jepsen.util: 1	:invoke	:read	nil
2025-06-27 21:09:58,524{GMT}	INFO	[jepsen worker 1] jepsen.util: 1	:ok	:read	[0 1 2 3 5 6 8 10 11 12 14 15 16 18 19 20 21 22 23 24 25 26 27 28 29 30 31 33 35 37 38 39 40 41 42 43 44 45 46 47 48 49 50 51 52 53 54 55 56 57 58 59 60 61 62 63 64 65 66 67]
2025-06-27 21:09:58,657{GMT}	INFO	[jepsen worker 2] jepsen.util: 2	:invoke	:broadcast	68
2025-06-27 21:09:58,659{GMT}	INFO	[jepsen worker 2] jepsen.util: 2	:ok	:broadcast	68
2025-06-27 21:09:58,728{GMT}	INFO	[jepsen worker 3] jepsen.util: 3	:invoke	:broadcast	69
2025-06-27 21:09:58,730{GMT}	INFO	[jepsen worker 3] jepsen.util: 3	:ok	:broadcast	69
2025-06-27 21:09:58,788{GMT}	INFO	[jepsen worker 4] jepsen.util: 4	:invoke	:broadcast	70
2025-06-27 21:09:58,790{GMT}	INFO	[jepsen worker 4] jepsen.util: 4	:ok	:broadcast	70
2025-06-27 21:09:58,904{GMT}	INFO	[jepsen worker 0] jepsen.util: 0	:invoke	:read	nil
2025-06-27 21:09:58,906{GMT}	INFO	[jepsen worker 0] jepsen.util: 0	:ok	:read	[0 1 2 3 5 6 8 10 11 12 14 15 16 18 19 20 21 22 23 24 25 26 27 28 29 30 31 33 35 37 38 39 40 41 42 43 44 45 46 47 48 49 50 51 52 53 54 55 56 57 58 59 60 61 62 63 64 65 66 67 68 69 70]
2025-06-27 21:09:59,024{GMT}	INFO	[jepsen worker 0] jepsen.util: 0	:invoke	:read	nil
2025-06-27 21:09:59,027{GMT}	INFO	[jepsen worker 0] jepsen.util: 0	:ok	:read	[0 1 2 3 5 6 8 10 11 12 14 15 16 18 19 20 21 22 23 24 25 26 27 28 29 30 31 33 35 37 38 39 40 41 42 43 44 45 46 47 48 49 50 51 52 53 54 55 56 57 58 59 60 61 62 63 64 65 66 67 68 69 70]
2025-06-27 21:09:59,034{GMT}	INFO	[jepsen worker 1] jepsen.util: 1	:invoke	:broadcast	71
2025-06-27 21:09:59,035{GMT}	INFO	[jepsen worker 1] jepsen.util: 1	:ok	:broadcast	71
2025-06-27 21:09:59,233{GMT}	INFO	[jepsen worker 2] jepsen.util: 2	:invoke	:read	nil
2025-06-27 21:09:59,236{GMT}	INFO	[jepsen worker 2] jepsen.util: 2	:ok	:read	[0 1 2 3 5 6 8 10 11 12 14 15 16 18 19 20 21 22 23 24 25 26 27 28 29 30 31 33 35 37 38 39 40 41 42 43 44 45 46 47 48 49 50 51 52 53 54 55 56 57 58 59 60 61 62 63 64 65 66 67 68 69 70 71]
2025-06-27 21:09:59,389{GMT}	INFO	[jepsen worker 3] jepsen.util: 3	:invoke	:read	nil
2025-06-27 21:09:59,391{GMT}	INFO	[jepsen worker 3] jepsen.util: 3	:ok	:read	[0 1 2 3 5 6 8 10 11 12 14 15 16 18 19 20 21 22 23 24 25 26 27 28 29 30 31 33 35 37 38 39 40 41 42 43 44 45 46 47 48 49 50 51 52 53 54 55 56 57 58 59 60 61 62 63 64 65 66 67 68 69 70 71]
2025-06-27 21:09:59,421{GMT}	INFO	[jepsen worker 4] jepsen.util: 4	:invoke	:read	nil
2025-06-27 21:09:59,423{GMT}	INFO	[jepsen worker 4] jepsen.util: 4	:ok	:read	[4 7 9 13 17 32 34 36 44 45 46 47 48 49 50 51 52 53 54 55 56 57 58 59 60 61 62 63 64 65 66 67 68 69 70 71]
2025-06-27 21:09:59,586{GMT}	INFO	[jepsen worker 0] jepsen.util: 0	:invoke	:broadcast	72
2025-06-27 21:09:59,588{GMT}	INFO	[jepsen worker 0] jepsen.util: 0	:ok	:broadcast	72
2025-06-27 21:09:59,725{GMT}	INFO	[jepsen worker 0] jepsen.util: 0	:invoke	:broadcast	73
2025-06-27 21:09:59,726{GMT}	INFO	[jepsen worker 0] jepsen.util: 0	:ok	:broadcast	73
2025-06-27 21:09:59,911{GMT}	INFO	[jepsen worker 1] jepsen.util: 1	:invoke	:broadcast	74
2025-06-27 21:09:59,913{GMT}	INFO	[jepsen worker 1] jepsen.util: 1	:ok	:broadcast	74
2025-06-27 21:09:59,981{GMT}	INFO	[jepsen worker 2] jepsen.util: 2	:invoke	:read	nil
2025-06-27 21:09:59,984{GMT}	INFO	[jepsen worker 2] jepsen.util: 2	:ok	:read	[0 1 2 3 5 6 8 10 11 12 14 15 16 18 19 20 21 22 23 24 25 26 27 28 29 30 31 33 35 37 38 39 40 41 42 43 44 45 46 47 48 49 50 51 52 53 54 55 56 57 58 59 60 61 62 63 64 65 66 67 68 69 70 71 72 73 74]
2025-06-27 21:10:00,110{GMT}	INFO	[jepsen worker 3] jepsen.util: 3	:invoke	:read	nil
2025-06-27 21:10:00,112{GMT}	INFO	[jepsen worker 3] jepsen.util: 3	:ok	:read	[0 1 2 3 5 6 8 10 11 12 14 15 16 18 19 20 21 22 23 24 25 26 27 28 29 30 31 33 35 37 38 39 40 41 42 43 44 45 46 47 48 49 50 51 52 53 54 55 56 57 58 59 60 61 62 63 64 65 66 67 68 69 70 71 72 73 74]
2025-06-27 21:10:00,156{GMT}	INFO	[jepsen worker 4] jepsen.util: 4	:invoke	:read	nil
2025-06-27 21:10:00,158{GMT}	INFO	[jepsen worker 4] jepsen.util: 4	:ok	:read	[4 7 9 13 17 32 34 36 44 45 46 47 48 49 50 51 52 53 54 55 56 57 58 59 60 61 62 63 64 65 66 67 68 69 70 71 72 73 74]
2025-06-27 21:10:00,311{GMT}	INFO	[jepsen worker 0] jepsen.util: 0	:invoke	:broadcast	75
2025-06-27 21:10:00,313{GMT}	INFO	[jepsen worker 0] jepsen.util: 0	:ok	:broadcast	75
2025-06-27 21:10:00,465{GMT}	INFO	[jepsen worker 0] jepsen.util: 0	:invoke	:read	nil
2025-06-27 21:10:00,468{GMT}	INFO	[jepsen worker 0] jepsen.util: 0	:ok	:read	[0 1 2 3 5 6 8 10 11 12 14 15 16 18 19 20 21 22 23 24 25 26 27 28 29 30 31 33 35 37 38 39 40 41 42 43 44 45 46 47 48 49 50 51 52 53 54 55 56 57 58 59 60 61 62 63 64 65 66 67 68 69 70 71 72 73 74 75]
2025-06-27 21:10:00,500{GMT}	INFO	[jepsen worker 1] jepsen.util: 1	:invoke	:read	nil
2025-06-27 21:10:00,502{GMT}	INFO	[jepsen worker 1] jepsen.util: 1	:ok	:read	[0 1 2 3 5 6 8 10 11 12 14 15 16 18 19 20 21 22 23 24 25 26 27 28 29 30 31 33 35 37 38 39 40 41 42 43 44 45 46 47 48 49 50 51 52 53 54 55 56 57 58 59 60 61 62 63 64 65 66 67 68 69 70 71 72 73 74 75]
2025-06-27 21:10:00,703{GMT}	INFO	[jepsen worker 2] jepsen.util: 2	:invoke	:broadcast	76
2025-06-27 21:10:00,705{GMT}	INFO	[jepsen worker 2] jepsen.util: 2	:ok	:broadcast	76
2025-06-27 21:10:00,862{GMT}	INFO	[jepsen worker 3] jepsen.util: 3	:invoke	:read	nil
2025-06-27 21:10:00,864{GMT}	INFO	[jepsen worker 3] jepsen.util: 3	:ok	:read	[0 1 2 3 5 6 8 10 11 12 14 15 16 18 19 20 21 22 23 24 25 26 27 28 29 30 31 33 35 37 38 39 40 41 42 43 44 45 46 47 48 49 50 51 52 53 54 55 56 57 58 59 60 61 62 63 64 65 66 67 68 69 70 71 72 73 74 75 76]
2025-06-27 21:10:01,017{GMT}	INFO	[jepsen worker 4] jepsen.util: 4	:invoke	:broadcast	77
2025-06-27 21:10:01,019{GMT}	INFO	[jepsen worker 4] jepsen.util: 4	:ok	:broadcast	77
2025-06-27 21:10:01,024{GMT}	INFO	[jepsen worker 0] jepsen.util: 0	:invoke	:read	nil
2025-06-27 21:10:01,026{GMT}	INFO	[jepsen worker 0] jepsen.util: 0	:ok	:read	[0 1 2 3 5 6 8 10 11 12 14 15 16 18 19 20 21 22 23 24 25 26 27 28 29 30 31 33 35 37 38 39 40 41 42 43 44 45 46 47 48 49 50 51 52 53 54 55 56 57 58 59 60 61 62 63 64 65 66 67 68 69 70 71 72 73 74 75 76 77]
2025-06-27 21:10:01,162{GMT}	INFO	[jepsen worker 0] jepsen.util: 0	:invoke	:read	nil
2025-06-27 21:10:01,165{GMT}	INFO	[jepsen worker 0] jepsen.util: 0	:ok	:read	[0 1 2 3 5 6 8 10 11 12 14 15 16 18 19 20 21 22 23 24 25 26 27 28 29 30 31 33 35 37 38 39 40 41 42 43 44 45 46 47 48 49 50 51 52 53 54 55 56 57 58 59 60 61 62 63 64 65 66 67 68 69 70 71 72 73 74 75 76 77]
2025-06-27 21:10:01,261{GMT}	INFO	[jepsen worker 1] jepsen.util: 1	:invoke	:broadcast	78
2025-06-27 21:10:01,263{GMT}	INFO	[jepsen worker 1] jepsen.util: 1	:ok	:broadcast	78
2025-06-27 21:10:01,357{GMT}	INFO	[jepsen worker 2] jepsen.util: 2	:invoke	:broadcast	79
2025-06-27 21:10:01,359{GMT}	INFO	[jepsen worker 2] jepsen.util: 2	:ok	:broadcast	79
2025-06-27 21:10:01,523{GMT}	INFO	[jepsen worker 3] jepsen.util: 3	:invoke	:broadcast	80
2025-06-27 21:10:01,524{GMT}	INFO	[jepsen worker 3] jepsen.util: 3	:ok	:broadcast	80
2025-06-27 21:10:01,569{GMT}	INFO	[jepsen worker 4] jepsen.util: 4	:invoke	:broadcast	81
2025-06-27 21:10:01,571{GMT}	INFO	[jepsen worker 4] jepsen.util: 4	:ok	:broadcast	81
2025-06-27 21:10:01,740{GMT}	INFO	[jepsen worker 0] jepsen.util: 0	:invoke	:broadcast	82
2025-06-27 21:10:01,742{GMT}	INFO	[jepsen worker 0] jepsen.util: 0	:ok	:broadcast	82
2025-06-27 21:10:01,935{GMT}	INFO	[jepsen worker 0] jepsen.util: 0	:invoke	:broadcast	83
2025-06-27 21:10:01,937{GMT}	INFO	[jepsen worker 0] jepsen.util: 0	:ok	:broadcast	83
2025-06-27 21:10:02,059{GMT}	INFO	[jepsen worker 1] jepsen.util: 1	:invoke	:read	nil
2025-06-27 21:10:02,061{GMT}	INFO	[jepsen worker 1] jepsen.util: 1	:ok	:read	[0 1 2 3 5 6 8 10 11 12 14 15 16 18 19 20 21 22 23 24 25 26 27 28 29 30 31 33 35 37 38 39 40 41 42 43 44 45 46 47 48 49 50 51 52 53 54 55 56 57 58 59 60 61 62 63 64 65 66 67 68 69 70 71 72 73 74 75 76 77 78 79 80 81 82 83]
2025-06-27 21:10:02,139{GMT}	INFO	[jepsen worker nemesis] jepsen.util: :nemesis	:info	:start-partition	:minority-third
2025-06-27 21:10:02,142{GMT}	INFO	[jepsen worker nemesis] jepsen.util: :nemesis	:info	:start-partition	[:isolated {"n3" #{"n2" "n1" "n4" "n0"}, "n2" #{"n3"}, "n1" #{"n3"}, "n4" #{"n3"}, "n0" #{"n3"}}]
2025-06-27 21:10:02,167{GMT}	INFO	[jepsen worker 3] jepsen.util: 3	:invoke	:read	nil
2025-06-27 21:10:02,170{GMT}	INFO	[jepsen worker 3] jepsen.util: 3	:ok	:read	[0 1 2 3 5 6 8 10 11 12 14 15 16 18 19 20 21 22 23 24 25 26 27 28 29 30 31 33 35 37 38 39 40 41 42 43 44 45 46 47 48 49 50 51 52 53 54 55 56 57 58 59 60 61 62 63 64 65 66 67 68 69 70 71 72 73 74 75 76 77 78 79 80 81 82 83]
2025-06-27 21:10:02,354{GMT}	INFO	[jepsen worker 4] jepsen.util: 4	:invoke	:broadcast	84
2025-06-27 21:10:02,356{GMT}	INFO	[jepsen worker 4] jepsen.util: 4	:ok	:broadcast	84
2025-06-27 21:10:02,420{GMT}	INFO	[jepsen worker 0] jepsen.util: 0	:invoke	:broadcast	85
2025-06-27 21:10:02,422{GMT}	INFO	[jepsen worker 0] jepsen.util: 0	:ok	:broadcast	85
2025-06-27 21:10:02,508{GMT}	INFO	[jepsen worker 0] jepsen.util: 0	:invoke	:read	nil
2025-06-27 21:10:02,510{GMT}	INFO	[jepsen worker 0] jepsen.util: 0	:ok	:read	[0 1 2 3 5 6 8 10 11 12 14 15 16 18 19 20 21 22 23 24 25 26 27 28 29 30 31 33 35 37 38 39 40 41 42 43 44 45 46 47 48 49 50 51 52 53 54 55 56 57 58 59 60 61 62 63 64 65 66 67 68 69 70 71 72 73 74 75 76 77 78 79 80 81 82 83 84 85]
2025-06-27 21:10:02,579{GMT}	INFO	[jepsen worker 1] jepsen.util: 1	:invoke	:broadcast	86
2025-06-27 21:10:02,581{GMT}	INFO	[jepsen worker 1] jepsen.util: 1	:ok	:broadcast	86
2025-06-27 21:10:02,774{GMT}	INFO	[jepsen worker 2] jepsen.util: 2	:invoke	:read	nil
2025-06-27 21:10:02,777{GMT}	INFO	[jepsen worker 2] jepsen.util: 2	:ok	:read	[0 1 2 3 5 6 8 10 11 12 14 15 16 18 19 20 21 22 23 24 25 26 27 28 29 30 31 33 35 37 38 39 40 41 42 43 44 45 46 47 48 49 50 51 52 53 54 55 56 57 58 59 60 61 62 63 64 65 66 67 68 69 70 71 72 73 74 75 76 77 78 79 80 81 82 83 84 85 86]
2025-06-27 21:10:02,879{GMT}	INFO	[jepsen worker 3] jepsen.util: 3	:invoke	:read	nil
2025-06-27 21:10:02,880{GMT}	INFO	[jepsen worker 3] jepsen.util: 3	:ok	:read	[0 1 2 3 5 6 8 10 11 12 14 15 16 18 19 20 21 22 23 24 25 26 27 28 29 30 31 33 35 37 38 39 40 41 42 43 44 45 46 47 48 49 50 51 52 53 54 55 56 57 58 59 60 61 62 63 64 65 66 67 68 69 70 71 72 73 74 75 76 77 78 79 80 81 82 83]
2025-06-27 21:10:02,905{GMT}	INFO	[jepsen worker 4] jepsen.util: 4	:invoke	:read	nil
2025-06-27 21:10:02,906{GMT}	INFO	[jepsen worker 4] jepsen.util: 4	:ok	:read	[4 7 9 13 17 32 34 36 44 45 46 47 48 49 50 51 52 53 54 55 56 57 58 59 60 61 62 63 64 65 66 67 68 69 70 71 72 73 74 75 76 77 78 79 80 81 82 83 84 85 86]
2025-06-27 21:10:02,925{GMT}	INFO	[jepsen worker 0] jepsen.util: 0	:invoke	:read	nil
2025-06-27 21:10:02,926{GMT}	INFO	[jepsen worker 0] jepsen.util: 0	:ok	:read	[0 1 2 3 5 6 8 10 11 12 14 15 16 18 19 20 21 22 23 24 25 26 27 28 29 30 31 33 35 37 38 39 40 41 42 43 44 45 46 47 48 49 50 51 52 53 54 55 56 57 58 59 60 61 62 63 64 65 66 67 68 69 70 71 72 73 74 75 76 77 78 79 80 81 82 83 84 85 86]
2025-06-27 21:10:03,100{GMT}	INFO	[jepsen worker 0] jepsen.util: 0	:invoke	:read	nil
2025-06-27 21:10:03,102{GMT}	INFO	[jepsen worker 0] jepsen.util: 0	:ok	:read	[0 1 2 3 5 6 8 10 11 12 14 15 16 18 19 20 21 22 23 24 25 26 27 28 29 30 31 33 35 37 38 39 40 41 42 43 44 45 46 47 48 49 50 51 52 53 54 55 56 57 58 59 60 61 62 63 64 65 66 67 68 69 70 71 72 73 74 75 76 77 78 79 80 81 82 83 84 85 86]
2025-06-27 21:10:03,285{GMT}	INFO	[jepsen worker 1] jepsen.util: 1	:invoke	:broadcast	87
2025-06-27 21:10:03,287{GMT}	INFO	[jepsen worker 1] jepsen.util: 1	:ok	:broadcast	87
2025-06-27 21:10:03,423{GMT}	INFO	[jepsen worker 2] jepsen.util: 2	:invoke	:broadcast	88
2025-06-27 21:10:03,424{GMT}	INFO	[jepsen worker 2] jepsen.util: 2	:ok	:broadcast	88
2025-06-27 21:10:03,481{GMT}	INFO	[jepsen worker 3] jepsen.util: 3	:invoke	:read	nil
2025-06-27 21:10:03,482{GMT}	INFO	[jepsen worker 3] jepsen.util: 3	:ok	:read	[0 1 2 3 5 6 8 10 11 12 14 15 16 18 19 20 21 22 23 24 25 26 27 28 29 30 31 33 35 37 38 39 40 41 42 43 44 45 46 47 48 49 50 51 52 53 54 55 56 57 58 59 60 61 62 63 64 65 66 67 68 69 70 71 72 73 74 75 76 77 78 79 80 81 82 83]
2025-06-27 21:10:03,564{GMT}	INFO	[jepsen worker 4] jepsen.util: 4	:invoke	:read	nil
2025-06-27 21:10:03,565{GMT}	INFO	[jepsen worker 4] jepsen.util: 4	:ok	:read	[4 7 9 13 17 32 34 36 44 45 46 47 48 49 50 51 52 53 54 55 56 57 58 59 60 61 62 63 64 65 66 67 68 69 70 71 72 73 74 75 76 77 78 79 80 81 82 83 84 85 86 87 88]
2025-06-27 21:10:03,624{GMT}	INFO	[jepsen worker 0] jepsen.util: 0	:invoke	:broadcast	89
2025-06-27 21:10:03,625{GMT}	INFO	[jepsen worker 0] jepsen.util: 0	:ok	:broadcast	89
2025-06-27 21:10:03,823{GMT}	INFO	[jepsen worker 0] jepsen.util: 0	:invoke	:broadcast	90
2025-06-27 21:10:03,824{GMT}	INFO	[jepsen worker 0] jepsen.util: 0	:ok	:broadcast	90
2025-06-27 21:10:04,021{GMT}	INFO	[jepsen worker 1] jepsen.util: 1	:invoke	:broadcast	91
2025-06-27 21:10:04,038{GMT}	INFO	[jepsen worker 1] jepsen.util: 1	:ok	:broadcast	91
2025-06-27 21:10:04,120{GMT}	INFO	[jepsen worker 2] jepsen.util: 2	:invoke	:broadcast	92
2025-06-27 21:10:04,121{GMT}	INFO	[jepsen worker 2] jepsen.util: 2	:ok	:broadcast	92
2025-06-27 21:10:04,254{GMT}	INFO	[jepsen worker 3] jepsen.util: 3	:invoke	:broadcast	93
2025-06-27 21:10:04,254{GMT}	INFO	[jepsen worker 3] jepsen.util: 3	:ok	:broadcast	93
2025-06-27 21:10:04,428{GMT}	INFO	[jepsen worker 4] jepsen.util: 4	:invoke	:broadcast	94
2025-06-27 21:10:04,429{GMT}	INFO	[jepsen worker 4] jepsen.util: 4	:ok	:broadcast	94
2025-06-27 21:10:04,526{GMT}	INFO	[jepsen worker 0] jepsen.util: 0	:invoke	:broadcast	95
2025-06-27 21:10:04,527{GMT}	INFO	[jepsen worker 0] jepsen.util: 0	:ok	:broadcast	95
2025-06-27 21:10:04,714{GMT}	INFO	[jepsen worker 0] jepsen.util: 0	:invoke	:read	nil
2025-06-27 21:10:04,716{GMT}	INFO	[jepsen worker 0] jepsen.util: 0	:ok	:read	[0 1 2 3 5 6 8 10 11 12 14 15 16 18 19 20 21 22 23 24 25 26 27 28 29 30 31 33 35 37 38 39 40 41 42 43 44 45 46 47 48 49 50 51 52 53 54 55 56 57 58 59 60 61 62 63 64 65 66 67 68 69 70 71 72 73 74 75 76 77 78 79 80 81 82 83 84 85 86 87 88 89 90 91 92 94 95]
2025-06-27 21:10:04,835{GMT}	INFO	[jepsen worker 1] jepsen.util: 1	:invoke	:read	nil
2025-06-27 21:10:04,837{GMT}	INFO	[jepsen worker 1] jepsen.util: 1	:ok	:read	[0 1 2 3 5 6 8 10 11 12 14 15 16 18 19 20 21 22 23 24 25 26 27 28 29 30 31 33 35 37 38 39 40 41 42 43 44 45 46 47 48 49 50 51 52 53 54 55 56 57 58 59 60 61 62 63 64 65 66 67 68 69 70 71 72 73 74 75 76 77 78 79 80 81 82 83 84 85 86 87 88 89 90 91 92 94 95]
2025-06-27 21:10:04,895{GMT}	INFO	[jepsen worker 2] jepsen.util: 2	:invoke	:broadcast	96
2025-06-27 21:10:04,897{GMT}	INFO	[jepsen worker 2] jepsen.util: 2	:ok	:broadcast	96
2025-06-27 21:10:05,042{GMT}	INFO	[jepsen worker 3] jepsen.util: 3	:invoke	:broadcast	97
2025-06-27 21:10:05,044{GMT}	INFO	[jepsen worker 3] jepsen.util: 3	:ok	:broadcast	97
2025-06-27 21:10:05,166{GMT}	INFO	[jepsen worker 4] jepsen.util: 4	:invoke	:read	nil
2025-06-27 21:10:05,168{GMT}	INFO	[jepsen worker 4] jepsen.util: 4	:ok	:read	[4 7 9 13 17 32 34 36 44 45 46 47 48 49 50 51 52 53 54 55 56 57 58 59 60 61 62 63 64 65 66 67 68 69 70 71 72 73 74 75 76 77 78 79 80 81 82 83 84 85 86 87 88 89 90 91 92 94 95 96]
2025-06-27 21:10:05,226{GMT}	INFO	[jepsen worker 0] jepsen.util: 0	:invoke	:broadcast	98
2025-06-27 21:10:05,227{GMT}	INFO	[jepsen worker 0] jepsen.util: 0	:ok	:broadcast	98
2025-06-27 21:10:05,287{GMT}	INFO	[jepsen worker 0] jepsen.util: 0	:invoke	:broadcast	99
2025-06-27 21:10:05,288{GMT}	INFO	[jepsen worker 0] jepsen.util: 0	:ok	:broadcast	99
2025-06-27 21:10:05,339{GMT}	INFO	[jepsen worker 1] jepsen.util: 1	:invoke	:broadcast	100
2025-06-27 21:10:05,340{GMT}	INFO	[jepsen worker 1] jepsen.util: 1	:ok	:broadcast	100
2025-06-27 21:10:05,436{GMT}	INFO	[jepsen worker 2] jepsen.util: 2	:invoke	:broadcast	101
2025-06-27 21:10:05,437{GMT}	INFO	[jepsen worker 2] jepsen.util: 2	:ok	:broadcast	101
2025-06-27 21:10:05,582{GMT}	INFO	[jepsen worker 3] jepsen.util: 3	:invoke	:broadcast	102
2025-06-27 21:10:05,583{GMT}	INFO	[jepsen worker 3] jepsen.util: 3	:ok	:broadcast	102
2025-06-27 21:10:05,782{GMT}	INFO	[jepsen worker 4] jepsen.util: 4	:invoke	:read	nil
2025-06-27 21:10:05,783{GMT}	INFO	[jepsen worker 4] jepsen.util: 4	:ok	:read	[4 7 9 13 17 32 34 36 44 45 46 47 48 49 50 51 52 53 54 55 56 57 58 59 60 61 62 63 64 65 66 67 68 69 70 71 72 73 74 75 76 77 78 79 80 81 82 83 84 85 86 87 88 89 90 91 92 94 95 96 98 99 100 101]
2025-06-27 21:10:05,892{GMT}	INFO	[jepsen worker 0] jepsen.util: 0	:invoke	:read	nil
2025-06-27 21:10:05,894{GMT}	INFO	[jepsen worker 0] jepsen.util: 0	:ok	:read	[0 1 2 3 5 6 8 10 11 12 14 15 16 18 19 20 21 22 23 24 25 26 27 28 29 30 31 33 35 37 38 39 40 41 42 43 44 45 46 47 48 49 50 51 52 53 54 55 56 57 58 59 60 61 62 63 64 65 66 67 68 69 70 71 72 73 74 75 76 77 78 79 80 81 82 83 84 85 86 87 88 89 90 91 92 94 95 96 98 99 100 101]
2025-06-27 21:10:05,895{GMT}	INFO	[jepsen worker nemesis] jepsen.util: :nemesis	:info	:stop-partition	nil
2025-06-27 21:10:05,895{GMT}	INFO	[jepsen worker nemesis] jepsen.util: :nemesis	:info	:stop-partition	:network-healed
2025-06-27 21:10:05,896{GMT}	INFO	[jepsen worker 1] jepsen.generator.interpreter: Waiting for recovery...
2025-06-27 21:10:15,907{GMT}	INFO	[jepsen worker 1] jepsen.util: 1	:invoke	:read	nil
2025-06-27 21:10:15,907{GMT}	INFO	[jepsen worker 2] jepsen.util: 2	:invoke	:read	nil
2025-06-27 21:10:15,907{GMT}	INFO	[jepsen worker 4] jepsen.util: 4	:invoke	:read	nil
2025-06-27 21:10:15,907{GMT}	INFO	[jepsen worker 0] jepsen.util: 0	:invoke	:read	nil
2025-06-27 21:10:15,908{GMT}	INFO	[jepsen worker 3] jepsen.util: 3	:invoke	:read	nil
2025-06-27 21:10:15,910{GMT}	INFO	[jepsen worker 4] jepsen.util: 4	:ok	:read	[4 7 9 13 17 32 34 36 44 45 46 47 48 49 50 51 52 53 54 55 56 57 58 59 60 61 62 63 64 65 66 67 68 69 70 71 72 73 74 75 76 77 78 79 80 81 82 83 84 85 86 87 88 89 90 91 92 94 95 96 98 99 100 101]
2025-06-27 21:10:15,910{GMT}	INFO	[jepsen worker 0] jepsen.util: 0	:ok	:read	[0 1 2 3 5 6 8 10 11 12 14 15 16 18 19 20 21 22 23 24 25 26 27 28 29 30 31 33 35 37 38 39 40 41 42 43 44 45 46 47 48 49 50 51 52 53 54 55 56 57 58 59 60 61 62 63 64 65 66 67 68 69 70 71 72 73 74 75 76 77 78 79 80 81 82 83 84 85 86 87 88 89 90 91 92 94 95 96 98 99 100 101]
2025-06-27 21:10:15,910{GMT}	INFO	[jepsen worker 3] jepsen.util: 3	:ok	:read	[0 1 2 3 5 6 8 10 11 12 14 15 16 18 19 20 21 22 23 24 25 26 27 28 29 30 31 33 35 37 38 39 40 41 42 43 44 45 46 47 48 49 50 51 52 53 54 55 56 57 58 59 60 61 62 63 64 65 66 67 68 69 70 71 72 73 74 75 76 77 78 79 80 81 82 83 93 97 102]
2025-06-27 21:10:15,910{GMT}	INFO	[jepsen worker 1] jepsen.util: 1	:ok	:read	[0 1 2 3 5 6 8 10 11 12 14 15 16 18 19 20 21 22 23 24 25 26 27 28 29 30 31 33 35 37 38 39 40 41 42 43 44 45 46 47 48 49 50 51 52 53 54 55 56 57 58 59 60 61 62 63 64 65 66 67 68 69 70 71 72 73 74 75 76 77 78 79 80 81 82 83 84 85 86 87 88 89 90 91 92 94 95 96 98 99 100 101]
2025-06-27 21:10:15,910{GMT}	INFO	[jepsen worker 2] jepsen.util: 2	:ok	:read	[0 1 2 3 5 6 8 10 11 12 14 15 16 18 19 20 21 22 23 24 25 26 27 28 29 30 31 33 35 37 38 39 40 41 42 43 44 45 46 47 48 49 50 51 52 53 54 55 56 57 58 59 60 61 62 63 64 65 66 67 68 69 70 71 72 73 74 75 76 77 78 79 80 81 82 83 84 85 86 87 88 89 90 91 92 94 95 96 98 99 100 101]
2025-06-27 21:10:15,931{GMT}	INFO	[jepsen test runner] jepsen.core: Run complete, writing
2025-06-27 21:10:15,988{GMT}	INFO	[jepsen node n1] maelstrom.db: Tearing down n1
2025-06-27 21:10:15,988{GMT}	INFO	[jepsen node n3] maelstrom.db: Tearing down n3
2025-06-27 21:10:15,988{GMT}	INFO	[jepsen node n0] maelstrom.db: Tearing down n0
2025-06-27 21:10:15,988{GMT}	INFO	[jepsen node n4] maelstrom.db: Tearing down n4
2025-06-27 21:10:15,988{GMT}	INFO	[jepsen node n2] maelstrom.db: Tearing down n2
2025-06-27 21:10:16,958{GMT}	INFO	[jepsen node n0] maelstrom.net: Shutting down Maelstrom network
2025-06-27 21:10:16,961{GMT}	INFO	[jepsen test runner] jepsen.core: Analyzing...
2025-06-27 21:10:17,459{GMT}	INFO	[jepsen test runner] jepsen.core: Analysis complete
2025-06-27 21:10:17,489{GMT}	INFO	[jepsen results] jepsen.store: Wrote /Users/anandtrehan/flyio_challenges/maelstrom/store/broadcast/20250627T210944.271-0400/results.edn
2025-06-27 21:10:17,509{GMT}	INFO	[jepsen test runner] jepsen.core: {:perf {:latency-graph {:valid? true},
        :rate-graph {:valid? true},
        :valid? true},
 :timeline {:valid? true},
 :exceptions {:valid? true},
 :stats {:valid? true,
         :count 206,
         :ok-count 206,
         :fail-count 0,
         :info-count 0,
         :by-f {:broadcast {:valid? true,
                            :count 103,
                            :ok-count 103,
                            :fail-count 0,
                            :info-count 0},
                :read {:valid? true,
                       :count 103,
                       :ok-count 103,
                       :fail-count 0,
                       :info-count 0}}},
 :availability {:valid? true, :ok-fraction 1.0},
 :net {:all {:send-count 1982,
             :recv-count 1856,
             :msg-count 1982,
             :msgs-per-op 9.621359},
       :clients {:send-count 432, :recv-count 432, :msg-count 432},
       :servers {:send-count 1550,
                 :recv-count 1424,
                 :msg-count 1550,
                 :msgs-per-op 7.524272},
       :valid? true},
 :workload {:worst-stale ({:element 0,
                           :outcome :stable,
                           :stable-latency 29967,
                           :lost-latency nil,
                           :known #jepsen.history.Op{:index 3,
                                                     :time 17036500,
                                                     :type :ok,
                                                     :process 1,
                                                     :f :add,
                                                     :value 0},
                           :last-absent #jepsen.history.Op{:index 412,
                                                           :time 29984074333,
                                                           :type :invoke,
                                                           :process 4,
                                                           :f :read,
                                                           :value nil,
                                                           :final? true}}
                          {:element 1,
                           :outcome :stable,
                           :stable-latency 29854,
                           :lost-latency nil,
                           :known #jepsen.history.Op{:index 5,
                                                     :time 129857542,
                                                     :type :ok,
                                                     :process 2,
                                                     :f :add,
                                                     :value 1},
                           :last-absent #jepsen.history.Op{:index 412,
                                                           :time 29984074333,
                                                           :type :invoke,
                                                           :process 4,
                                                           :f :read,
                                                           :value nil,
                                                           :final? true}}
                          {:element 2,
                           :outcome :stable,
                           :stable-latency 29304,
                           :lost-latency nil,
                           :known #jepsen.history.Op{:index 15,
                                                     :time 679211083,
                                                     :type :ok,
                                                     :process 1,
                                                     :f :add,
                                                     :value 2},
                           :last-absent #jepsen.history.Op{:index 412,
                                                           :time 29984074333,
                                                           :type :invoke,
                                                           :process 4,
                                                           :f :read,
                                                           :value nil,
                                                           :final? true}}
                          {:element 3,
                           :outcome :stable,
                           :stable-latency 29183,
                           :lost-latency nil,
                           :known #jepsen.history.Op{:index 17,
                                                     :time 800133083,
                                                     :type :ok,
                                                     :process 2,
                                                     :f :add,
                                                     :value 3},
                           :last-absent #jepsen.history.Op{:index 412,
                                                           :time 29984074333,
                                                           :type :invoke,
                                                           :process 4,
                                                           :f :read,
                                                           :value nil,
                                                           :final? true}}
                          {:element 5,
                           :outcome :stable,
                           :stable-latency 28826,
                           :lost-latency nil,
                           :known #jepsen.history.Op{:index 25,
                                                     :time 1157578208,
                                                     :type :ok,
                                                     :process 0,
                                                     :f :add,
                                                     :value 5},
                           :last-absent #jepsen.history.Op{:index 412,
                                                           :time 29984074333,
                                                           :type :invoke,
                                                           :process 4,
                                                           :f :read,
                                                           :value nil,
                                                           :final? true}}
                          {:element 6,
                           :outcome :stable,
                           :stable-latency 28626,
                           :lost-latency nil,
                           :known #jepsen.history.Op{:index 29,
                                                     :time 1357758917,
                                                     :type :ok,
                                                     :process 2,
                                                     :f :add,
                                                     :value 6},
                           :last-absent #jepsen.history.Op{:index 412,
                                                           :time 29984074333,
                                                           :type :invoke,
                                                           :process 4,
                                                           :f :read,
                                                           :value nil,
                                                           :final? true}}
                          {:element 8,
                           :outcome :stable,
                           :stable-latency 28086,
                           :lost-latency nil,
                           :known #jepsen.history.Op{:index 37,
                                                     :time 1897864542,
                                                     :type :ok,
                                                     :process 0,
                                                     :f :add,
                                                     :value 8},
                           :last-absent #jepsen.history.Op{:index 412,
                                                           :time 29984074333,
                                                           :type :invoke,
                                                           :process 4,
                                                           :f :read,
                                                           :value nil,
                                                           :final? true}}
                          {:element 10,
                           :outcome :stable,
                           :stable-latency 27588,
                           :lost-latency nil,
                           :known #jepsen.history.Op{:index 47,
                                                     :time 2395739833,
                                                     :type :ok,
                                                     :process 0,
                                                     :f :add,
                                                     :value 10},
                           :last-absent #jepsen.history.Op{:index 412,
                                                           :time 29984074333,
                                                           :type :invoke,
                                                           :process 4,
                                                           :f :read,
                                                           :value nil,
                                                           :final? true}}),
            :duplicated-count 0,
            :valid? false,
            :lost-count 24,
            :lost (4
                   7
                   9
                   13
                   17
                   32
                   34
                   36
                   84
                   85
                   86
                   87
                   88
                   89
                   90
                   91
                   92
                   94
                   95
                   96
                   98
                   99
                   100
                   101),
            :stable-count 79,
            :stale-count 39,
            :stale (0
                    1
                    2
                    3
                    5
                    6
                    8
                    10
                    11
                    12
                    14
                    15
                    16
                    18
                    19
                    20
                    21
                    22
                    23
                    24
                    25
                    26
                    27
                    28
                    29
                    30
                    31
                    33
                    35
                    37
                    38
                    39
                    40
                    41
                    42
                    43
                    93
                    97
                    102),
            :never-read-count 0,
            :stable-latencies {0 0,
                               0.5 0,
                               0.95 29183,
                               0.99 29967,
                               1 29967},
            :attempt-count 103,
            :lost-latencies {0 10470,
                             0.5 12620,
                             0.95 28417,
                             0.99 29037,
                             1 29037},
            :never-read (),
            :duplicated {}},
 :valid? false}


Analysis invalid! ( 
