2025/06/27 19:05:38 Received {c1 n2 {"type":"init","node_id":"n2","node_ids":["n0","n1","n2","n3","n4"],"msg_id":1}}
2025/06/27 19:05:38 Node n2 initialized
2025/06/27 19:05:38 Sent {"src":"n2","dest":"c1","body":{"in_reply_to":1,"type":"init_ok"}}
2025/06/27 19:05:38 Received {c7 n2 {"type":"topology","topology":{"n0":["n3","n1"],"n1":["n4","n2","n0"],"n2":["n1"],"n3":["n0","n4"],"n4":["n1","n3"]},"msg_id":1}}
2025/06/27 19:05:38 Sent {"src":"n2","dest":"c7","body":{"in_reply_to":1,"type":"topology_ok"}}
2025/06/27 19:05:38 Received {c11 n2 {"type":"read","msg_id":1}}
2025/06/27 19:05:38 Sent {"src":"n2","dest":"c11","body":{"in_reply_to":1,"messages":[],"type":"read_ok"}}
2025/06/27 19:05:39 Received {c11 n2 {"type":"broadcast","message":3,"msg_id":2}}
2025/06/27 19:05:39 Sent {"src":"n2","dest":"c11","body":{"in_reply_to":2,"type":"broadcast_ok"}}
2025/06/27 19:05:39 Sent {"src":"n2","dest":"n1","body":{"message":3,"msg_id":1,"type":"broadcast"}}
2025/06/27 19:05:40 Received {c11 n2 {"type":"read","msg_id":3}}
2025/06/27 19:05:40 Sent {"src":"n2","dest":"c11","body":{"in_reply_to":3,"messages":[3],"type":"read_ok"}}
2025/06/27 19:05:40 Received {c11 n2 {"type":"read","msg_id":4}}
2025/06/27 19:05:40 Sent {"src":"n2","dest":"c11","body":{"in_reply_to":4,"messages":[3],"type":"read_ok"}}
2025/06/27 19:05:40 Received {c11 n2 {"type":"read","msg_id":5}}
2025/06/27 19:05:40 Sent {"src":"n2","dest":"c11","body":{"in_reply_to":5,"messages":[3],"type":"read_ok"}}
2025/06/27 19:05:41 Received {c11 n2 {"type":"read","msg_id":6}}
2025/06/27 19:05:41 Sent {"src":"n2","dest":"c11","body":{"in_reply_to":6,"messages":[3],"type":"read_ok"}}
2025/06/27 19:05:42 Received {c11 n2 {"type":"broadcast","message":11,"msg_id":7}}
2025/06/27 19:05:42 Sent {"src":"n2","dest":"c11","body":{"in_reply_to":7,"type":"broadcast_ok"}}
2025/06/27 19:05:42 Sent {"src":"n2","dest":"n1","body":{"message":11,"msg_id":2,"type":"broadcast"}}
2025/06/27 19:05:42 Received {c11 n2 {"type":"broadcast","message":15,"msg_id":8}}
2025/06/27 19:05:42 Sent {"src":"n2","dest":"c11","body":{"in_reply_to":8,"type":"broadcast_ok"}}
2025/06/27 19:05:42 Sent {"src":"n2","dest":"n1","body":{"message":15,"msg_id":3,"type":"broadcast"}}
2025/06/27 19:05:43 Received {c11 n2 {"type":"broadcast","message":18,"msg_id":9}}
2025/06/27 19:05:43 Sent {"src":"n2","dest":"c11","body":{"in_reply_to":9,"type":"broadcast_ok"}}
2025/06/27 19:05:43 Sent {"src":"n2","dest":"n1","body":{"message":18,"msg_id":4,"type":"broadcast"}}
2025/06/27 19:05:44 Received {c11 n2 {"type":"read","msg_id":10}}
2025/06/27 19:05:44 Sent {"src":"n2","dest":"c11","body":{"in_reply_to":10,"messages":[3,11,15,18],"type":"read_ok"}}
2025/06/27 19:05:45 Received {c11 n2 {"type":"read","msg_id":11}}
2025/06/27 19:05:45 Sent {"src":"n2","dest":"c11","body":{"in_reply_to":11,"messages":[3,11,15,18],"type":"read_ok"}}
2025/06/27 19:05:45 Received {c11 n2 {"type":"broadcast","message":26,"msg_id":12}}
2025/06/27 19:05:45 Sent {"src":"n2","dest":"c11","body":{"in_reply_to":12,"type":"broadcast_ok"}}
2025/06/27 19:05:45 Sent {"src":"n2","dest":"n1","body":{"message":26,"msg_id":5,"type":"broadcast"}}
2025/06/27 19:05:46 Received {c11 n2 {"type":"broadcast","message":32,"msg_id":13}}
2025/06/27 19:05:46 Sent {"src":"n2","dest":"c11","body":{"in_reply_to":13,"type":"broadcast_ok"}}
2025/06/27 19:05:46 Sent {"src":"n2","dest":"n1","body":{"message":32,"msg_id":6,"type":"broadcast"}}
2025/06/27 19:05:46 Received {c11 n2 {"type":"read","msg_id":14}}
2025/06/27 19:05:46 Sent {"src":"n2","dest":"c11","body":{"in_reply_to":14,"messages":[3,11,15,18,26,32],"type":"read_ok"}}
2025/06/27 19:05:47 Received {c11 n2 {"type":"broadcast","message":38,"msg_id":15}}
2025/06/27 19:05:47 Sent {"src":"n2","dest":"c11","body":{"in_reply_to":15,"type":"broadcast_ok"}}
2025/06/27 19:05:47 Sent {"src":"n2","dest":"n1","body":{"message":38,"msg_id":7,"type":"broadcast"}}
2025/06/27 19:05:48 Received {c11 n2 {"type":"broadcast","message":42,"msg_id":16}}
2025/06/27 19:05:48 Sent {"src":"n2","dest":"c11","body":{"in_reply_to":16,"type":"broadcast_ok"}}
2025/06/27 19:05:48 Sent {"src":"n2","dest":"n1","body":{"message":42,"msg_id":8,"type":"broadcast"}}
2025/06/27 19:05:48 Received {c11 n2 {"type":"read","msg_id":17}}
2025/06/27 19:05:48 Sent {"src":"n2","dest":"c11","body":{"in_reply_to":17,"messages":[3,11,15,18,26,32,38,42],"type":"read_ok"}}
2025/06/27 19:05:49 Received {c11 n2 {"type":"broadcast","message":50,"msg_id":18}}
2025/06/27 19:05:49 Sent {"src":"n2","dest":"c11","body":{"in_reply_to":18,"type":"broadcast_ok"}}
2025/06/27 19:05:49 Sent {"src":"n2","dest":"n1","body":{"message":50,"msg_id":9,"type":"broadcast"}}
2025/06/27 19:05:49 Received {c11 n2 {"type":"read","msg_id":19}}
2025/06/27 19:05:49 Sent {"src":"n2","dest":"c11","body":{"in_reply_to":19,"messages":[3,11,15,18,26,32,38,42,50],"type":"read_ok"}}
2025/06/27 19:05:50 Received {c11 n2 {"type":"read","msg_id":20}}
2025/06/27 19:05:50 Sent {"src":"n2","dest":"c11","body":{"in_reply_to":20,"messages":[3,11,15,18,26,32,38,42,50],"type":"read_ok"}}
2025/06/27 19:05:51 Received {c11 n2 {"type":"read","msg_id":21}}
2025/06/27 19:05:51 Sent {"src":"n2","dest":"c11","body":{"in_reply_to":21,"messages":[3,11,15,18,26,32,38,42,50],"type":"read_ok"}}
2025/06/27 19:05:51 Received {c11 n2 {"type":"broadcast","message":59,"msg_id":22}}
2025/06/27 19:05:51 Sent {"src":"n2","dest":"c11","body":{"in_reply_to":22,"type":"broadcast_ok"}}
2025/06/27 19:05:51 Sent {"src":"n2","dest":"n1","body":{"message":59,"msg_id":10,"type":"broadcast"}}
2025/06/27 19:05:52 Received {c11 n2 {"type":"read","msg_id":23}}
2025/06/27 19:05:52 Sent {"src":"n2","dest":"c11","body":{"in_reply_to":23,"messages":[3,11,15,18,26,32,38,42,50,59],"type":"read_ok"}}
2025/06/27 19:05:53 Received {c11 n2 {"type":"broadcast","message":64,"msg_id":24}}
2025/06/27 19:05:53 Sent {"src":"n2","dest":"c11","body":{"in_reply_to":24,"type":"broadcast_ok"}}
2025/06/27 19:05:53 Sent {"src":"n2","dest":"n1","body":{"message":64,"msg_id":11,"type":"broadcast"}}
2025/06/27 19:05:54 Received {c11 n2 {"type":"read","msg_id":25}}
2025/06/27 19:05:54 Sent {"src":"n2","dest":"c11","body":{"in_reply_to":25,"messages":[3,11,15,18,26,32,38,42,50,59,64],"type":"read_ok"}}
2025/06/27 19:05:54 Received {c11 n2 {"type":"read","msg_id":26}}
2025/06/27 19:05:54 Sent {"src":"n2","dest":"c11","body":{"in_reply_to":26,"messages":[3,11,15,18,26,32,38,42,50,59,64],"type":"read_ok"}}
2025/06/27 19:05:55 Received {c11 n2 {"type":"read","msg_id":27}}
2025/06/27 19:05:55 Sent {"src":"n2","dest":"c11","body":{"in_reply_to":27,"messages":[3,11,15,18,26,32,38,42,50,59,64],"type":"read_ok"}}
2025/06/27 19:05:56 Received {c11 n2 {"type":"broadcast","message":78,"msg_id":28}}
2025/06/27 19:05:56 Sent {"src":"n2","dest":"c11","body":{"in_reply_to":28,"type":"broadcast_ok"}}
2025/06/27 19:05:56 Sent {"src":"n2","dest":"n1","body":{"message":78,"msg_id":12,"type":"broadcast"}}
2025/06/27 19:05:56 Received {c11 n2 {"type":"broadcast","message":83,"msg_id":29}}
2025/06/27 19:05:56 Sent {"src":"n2","dest":"c11","body":{"in_reply_to":29,"type":"broadcast_ok"}}
2025/06/27 19:05:56 Sent {"src":"n2","dest":"n1","body":{"message":83,"msg_id":13,"type":"broadcast"}}
2025/06/27 19:05:56 Received {c11 n2 {"type":"broadcast","message":87,"msg_id":30}}
2025/06/27 19:05:56 Sent {"src":"n2","dest":"c11","body":{"in_reply_to":30,"type":"broadcast_ok"}}
2025/06/27 19:05:56 Sent {"src":"n2","dest":"n1","body":{"message":87,"msg_id":14,"type":"broadcast"}}
2025/06/27 19:05:57 Received {c11 n2 {"type":"broadcast","message":90,"msg_id":31}}
2025/06/27 19:05:57 Sent {"src":"n2","dest":"c11","body":{"in_reply_to":31,"type":"broadcast_ok"}}
2025/06/27 19:05:57 Sent {"src":"n2","dest":"n1","body":{"message":90,"msg_id":15,"type":"broadcast"}}
2025/06/27 19:05:58 Received {n1 n2 {"message":91,"msg_id":231,"type":"broadcast"}}
2025/06/27 19:05:58 Sent {"src":"n2","dest":"n1","body":{"in_reply_to":231,"type":"broadcast_ok"}}
2025/06/27 19:05:58 Sent {"src":"n2","dest":"n1","body":{"message":91,"msg_id":16,"type":"broadcast"}}
2025/06/27 19:05:58 Received {n1 n2 {"in_reply_to":16,"type":"broadcast_ok"}}
2025/06/27 19:05:58 Received {c11 n2 {"type":"broadcast","message":92,"msg_id":32}}
2025/06/27 19:05:58 Sent {"src":"n2","dest":"c11","body":{"in_reply_to":32,"type":"broadcast_ok"}}
2025/06/27 19:05:58 Sent {"src":"n2","dest":"n1","body":{"message":92,"msg_id":17,"type":"broadcast"}}
2025/06/27 19:05:58 Received {n1 n2 {"in_reply_to":17,"type":"broadcast_ok"}}
2025/06/27 19:05:58 Received {n1 n2 {"message":92,"msg_id":233,"type":"broadcast"}}
2025/06/27 19:05:58 Sent {"src":"n2","dest":"n1","body":{"in_reply_to":233,"type":"broadcast_ok"}}
2025/06/27 19:05:58 Received {n1 n2 {"message":93,"msg_id":237,"type":"broadcast"}}
2025/06/27 19:05:58 Sent {"src":"n2","dest":"n1","body":{"in_reply_to":237,"type":"broadcast_ok"}}
2025/06/27 19:05:58 Sent {"src":"n2","dest":"n1","body":{"message":93,"msg_id":18,"type":"broadcast"}}
2025/06/27 19:05:58 Received {n1 n2 {"in_reply_to":18,"type":"broadcast_ok"}}
2025/06/27 19:05:58 Received {n1 n2 {"message":94,"msg_id":239,"type":"broadcast"}}
2025/06/27 19:05:58 Sent {"src":"n2","dest":"n1","body":{"in_reply_to":239,"type":"broadcast_ok"}}
2025/06/27 19:05:58 Sent {"src":"n2","dest":"n1","body":{"message":94,"msg_id":19,"type":"broadcast"}}
2025/06/27 19:05:58 Received {n1 n2 {"in_reply_to":19,"type":"broadcast_ok"}}
2025/06/27 19:05:58 Received {c11 n2 {"type":"read","msg_id":33}}
2025/06/27 19:05:58 Sent {"src":"n2","dest":"c11","body":{"in_reply_to":33,"messages":[3,11,15,18,26,32,38,42,50,59,64,78,83,87,90,91,92,93,94],"type":"read_ok"}}
2025/06/27 19:05:58 Received {n1 n2 {"message":95,"msg_id":243,"type":"broadcast"}}
2025/06/27 19:05:58 Sent {"src":"n2","dest":"n1","body":{"in_reply_to":243,"type":"broadcast_ok"}}
2025/06/27 19:05:58 Sent {"src":"n2","dest":"n1","body":{"message":95,"msg_id":20,"type":"broadcast"}}
2025/06/27 19:05:58 Received {n1 n2 {"in_reply_to":20,"type":"broadcast_ok"}}
2025/06/27 19:06:08 Received {c11 n2 {"type":"read","msg_id":34}}
2025/06/27 19:06:08 Sent {"src":"n2","dest":"c11","body":{"in_reply_to":34,"messages":[3,11,15,18,26,32,38,42,50,59,64,78,83,87,90,91,92,93,94,95],"type":"read_ok"}}
