2025-06-29 14:54:15,406{GMT}	INFO	[jepsen test runner] jepsen.core: Command line:
lein run test -w broadcast --bin /Users/anandtrehan/go/bin/maelstrom-broadcast --node-count 5 --time-limit 20 --rate 10 --nemesis partition
2025-06-29 14:54:15,479{GMT}	INFO	[jepsen test runner] jepsen.core: Running test:
{:args []
 :remote
 #jepsen.control.retry.Remote{:remote #jepsen.control.scp.Remote{:cmd-remote #jepsen.control.sshj.SSHJRemote{:concurrency-limit 6,
                                                                                                             :conn-spec nil,
                                                                                                             :client nil,
                                                                                                             :semaphore nil},
                                                                 :conn-spec nil},
                              :conn nil}
 :log-net-send false
 :node-count 5
 :availability nil
 :max-txn-length 4
 :concurrency 5
 :db
 #object[maelstrom.db$db$reify__16142
         "0x33e09baf"
         "maelstrom.db$db$reify__16142@33e09baf"]
 :max-writes-per-key 16
 :leave-db-running? false
 :name "broadcast"
 :logging-json? false
 :start-time
 #object[org.joda.time.DateTime "0x105c253a" "2025-06-29T14:54:15.370-04:00"]
 :nemesis-interval 10
 :net
 #object[maelstrom.net$jepsen_net$reify__15251
         "0x156322ce"
         "maelstrom.net$jepsen_net$reify__15251@156322ce"]
 :client
 #object[maelstrom.workload.broadcast$client$reify__16644
         "0x546f0f36"
         "maelstrom.workload.broadcast$client$reify__16644@546f0f36"]
 :barrier
 #object[java.util.concurrent.CyclicBarrier
         "0x44d5a0a8"
         "java.util.concurrent.CyclicBarrier@44d5a0a8"]
 :log-stderr false
 :pure-generators true
 :ssh {:dummy? true}
 :rate 10.0
 :checker
 #object[jepsen.checker$compose$reify__11881
         "0x35d128fd"
         "jepsen.checker$compose$reify__11881@35d128fd"]
 :argv
 ("test"
  "-w"
  "broadcast"
  "--bin"
  "/Users/anandtrehan/go/bin/maelstrom-broadcast"
  "--node-count"
  "5"
  "--time-limit"
  "20"
  "--rate"
  "10"
  "--nemesis"
  "partition")
 :nemesis
 (jepsen.nemesis.ReflCompose
  {:fm {:start-partition 0,
        :stop-partition 0,
        :kill 1,
        :start 1,
        :pause 1,
        :resume 1},
   :nemeses [#unprintable "jepsen.nemesis.combined$partition_nemesis$reify__16416@39a809db"
             #unprintable "jepsen.nemesis.combined$db_nemesis$reify__16397@1512a767"]})
 :nodes ["n0" "n1" "n2" "n3" "n4"]
 :test-count 1
 :latency {:mean 0, :dist :constant}
 :bin "/Users/anandtrehan/go/bin/maelstrom-broadcast"
 :generator
 ((jepsen.generator.Synchronize
   {:gen (jepsen.generator.TimeLimit
          {:limit 20000000000,
           :cutoff nil,
           :gen (jepsen.generator.Any
                 {:gens [(jepsen.generator.OnThreads
                          {:f #{:nemesis},
                           :context-filter #object[jepsen.generator.context$make_thread_filter$lazy_filter__9167
                                                   "0x5cdb7b"
                                                   "jepsen.generator.context$make_thread_filter$lazy_filter__9167@5cdb7b"],
                           :gen (jepsen.generator.Stagger
                                 {:dt 20000000000,
                                  :next-time nil,
                                  :gen (jepsen.generator.FlipFlop
                                        {:gens [#object[jepsen.nemesis.combined$partition_package$start__16420
                                                        "0x3dcc59f5"
                                                        "jepsen.nemesis.combined$partition_package$start__16420@3dcc59f5"]
                                                ({:type :info,
                                                  :f :stop-partition,
                                                  :value nil}
                                                 {:type :info,
                                                  :f :stop-partition,
                                                  :value nil}
                                                 {:type :info,
                                                  :f :stop-partition,
                                                  :value nil}
                                                 {:type :info,
                                                  :f :stop-partition,
                                                  :value nil}
                                                 {:type :info,
                                                  :f :stop-partition,
                                                  :value nil}
                                                 {:type :info,
                                                  :f :stop-partition,
                                                  :value nil}
                                                 {:type :info,
                                                  :f :stop-partition,
                                                  :value nil}
                                                 {:type :info,
                                                  :f :stop-partition,
                                                  :value nil}
                                                 ...)],
                                         :i 0})})})
                         (jepsen.generator.OnThreads
                          {:f #jepsen.generator.context.AllBut{:element :nemesis},
                           :context-filter #object[jepsen.generator.context$make_thread_filter$lazy_filter__9167
                                                   "0x690337df"
                                                   "jepsen.generator.context$make_thread_filter$lazy_filter__9167@690337df"],
                           :gen (jepsen.generator.Stagger
                                 {:dt 200000000,
                                  :next-time nil,
                                  :gen (jepsen.generator.Mix
                                        {:i 1,
                                         :gens [({:f :broadcast, :value 0}
                                                 {:f :broadcast, :value 1}
                                                 {:f :broadcast, :value 2}
                                                 {:f :broadcast, :value 3}
                                                 {:f :broadcast, :value 4}
                                                 {:f :broadcast, :value 5}
                                                 {:f :broadcast, :value 6}
                                                 {:f :broadcast, :value 7}
                                                 ...)
                                                ({:f :read}
                                                 {:f :read}
                                                 {:f :read}
                                                 {:f :read}
                                                 {:f :read}
                                                 {:f :read}
                                                 {:f :read}
                                                 {:f :read}
                                                 ...)]})})})]})})})
  (jepsen.generator.Synchronize
   {:gen (jepsen.generator.OnThreads
          {:f #{:nemesis},
           :context-filter #object[jepsen.generator.context$make_thread_filter$lazy_filter__9167
                                   "0xf62ae87"
                                   "jepsen.generator.context$make_thread_filter$lazy_filter__9167@f62ae87"],
           :gen ({:type :info, :f :stop-partition, :value nil})})})
  (jepsen.generator.Synchronize
   {:gen {:type :log, :value "Waiting for recovery..."}})
  (jepsen.generator.Synchronize {:gen {:type :sleep, :value 10}})
  (jepsen.generator.Synchronize
   {:gen (jepsen.generator.OnThreads
          {:f #jepsen.generator.context.AllBut{:element :nemesis},
           :context-filter #object[jepsen.generator.context$make_thread_filter$lazy_filter__9167
                                   "0x50be5d6f"
                                   "jepsen.generator.context$make_thread_filter$lazy_filter__9167@50be5d6f"],
           :gen (jepsen.generator.EachThread
                 {:fresh-gen {:f :read, :final? true},
                  :context-filters #object[clojure.core$promise$reify__8591
                                           "0x48e0e779"
                                           {:status :pending, :val nil}],
                  :gens {}})})}))
 :log-net-recv false
 :os
 #object[maelstrom.net$jepsen_os$reify__15254
         "0x38ad8c75"
         "maelstrom.net$jepsen_os$reify__15254@38ad8c75"]
 :time-limit 20
 :workload :broadcast
 :consistency-models [:strict-serializable]
 :topology :grid}

2025-06-29 14:54:16,657{GMT}	INFO	[jepsen node n0] maelstrom.net: Starting Maelstrom network
2025-06-29 14:54:16,658{GMT}	INFO	[jepsen test runner] jepsen.db: Tearing down DB
2025-06-29 14:54:16,660{GMT}	INFO	[jepsen test runner] jepsen.db: Setting up DB
2025-06-29 14:54:16,660{GMT}	INFO	[jepsen node n1] maelstrom.db: Setting up n1
2025-06-29 14:54:16,660{GMT}	INFO	[jepsen node n2] maelstrom.db: Setting up n2
2025-06-29 14:54:16,660{GMT}	INFO	[jepsen node n4] maelstrom.db: Setting up n4
2025-06-29 14:54:16,660{GMT}	INFO	[jepsen node n3] maelstrom.db: Setting up n3
2025-06-29 14:54:16,660{GMT}	INFO	[jepsen node n1] maelstrom.process: launching /Users/anandtrehan/go/bin/maelstrom-broadcast []
2025-06-29 14:54:16,660{GMT}	INFO	[jepsen node n2] maelstrom.process: launching /Users/anandtrehan/go/bin/maelstrom-broadcast []
2025-06-29 14:54:16,660{GMT}	INFO	[jepsen node n4] maelstrom.process: launching /Users/anandtrehan/go/bin/maelstrom-broadcast []
2025-06-29 14:54:16,660{GMT}	INFO	[jepsen node n3] maelstrom.process: launching /Users/anandtrehan/go/bin/maelstrom-broadcast []
2025-06-29 14:54:16,662{GMT}	INFO	[jepsen node n0] maelstrom.service: Starting services: (lin-kv lin-tso lww-kv seq-kv)
2025-06-29 14:54:16,663{GMT}	INFO	[jepsen node n0] maelstrom.db: Setting up n0
2025-06-29 14:54:16,663{GMT}	INFO	[jepsen node n0] maelstrom.process: launching /Users/anandtrehan/go/bin/maelstrom-broadcast []
2025-06-29 14:54:16,967{GMT}	INFO	[jepsen test runner] jepsen.core: Relative time begins now
2025-06-29 14:54:16,988{GMT}	INFO	[jepsen worker nemesis] jepsen.util: :nemesis	:info	:start-partition	:majorities-ring
2025-06-29 14:54:16,988{GMT}	INFO	[jepsen worker 0] jepsen.util: 0	:invoke	:read	nil
2025-06-29 14:54:16,990{GMT}	INFO	[jepsen worker 0] jepsen.util: 0	:ok	:read	[]
2025-06-29 14:54:16,992{GMT}	INFO	[jepsen worker nemesis] jepsen.util: :nemesis	:info	:start-partition	[:isolated {"n3" #{"n2" "n0"}, "n4" #{"n2" "n1"}, "n0" #{"n1" "n3"}, "n2" #{"n4" "n3"}, "n1" #{"n4" "n0"}}]
2025-06-29 14:54:17,013{GMT}	INFO	[jepsen worker 2] jepsen.util: 2	:invoke	:broadcast	0
2025-06-29 14:54:17,014{GMT}	INFO	[jepsen worker 2] jepsen.util: 2	:ok	:broadcast	0
2025-06-29 14:54:17,040{GMT}	INFO	[jepsen worker 3] jepsen.util: 3	:invoke	:read	nil
2025-06-29 14:54:17,041{GMT}	INFO	[jepsen worker 3] jepsen.util: 3	:ok	:read	[]
2025-06-29 14:54:17,081{GMT}	INFO	[jepsen worker 4] jepsen.util: 4	:invoke	:read	nil
2025-06-29 14:54:17,083{GMT}	INFO	[jepsen worker 4] jepsen.util: 4	:ok	:read	[]
2025-06-29 14:54:17,285{GMT}	INFO	[jepsen worker 0] jepsen.util: 0	:invoke	:broadcast	1
2025-06-29 14:54:17,288{GMT}	INFO	[jepsen worker 0] jepsen.util: 0	:ok	:broadcast	1
2025-06-29 14:54:17,329{GMT}	INFO	[jepsen worker 0] jepsen.util: 0	:invoke	:broadcast	2
2025-06-29 14:54:17,332{GMT}	INFO	[jepsen worker 0] jepsen.util: 0	:ok	:broadcast	2
2025-06-29 14:54:17,468{GMT}	INFO	[jepsen worker 1] jepsen.util: 1	:invoke	:broadcast	3
2025-06-29 14:54:17,470{GMT}	INFO	[jepsen worker 1] jepsen.util: 1	:ok	:broadcast	3
2025-06-29 14:54:17,563{GMT}	INFO	[jepsen worker 2] jepsen.util: 2	:invoke	:broadcast	4
2025-06-29 14:54:17,566{GMT}	INFO	[jepsen worker 2] jepsen.util: 2	:ok	:broadcast	4
2025-06-29 14:54:17,571{GMT}	INFO	[jepsen worker 3] jepsen.util: 3	:invoke	:broadcast	5
2025-06-29 14:54:17,572{GMT}	INFO	[jepsen worker 3] jepsen.util: 3	:ok	:broadcast	5
2025-06-29 14:54:17,763{GMT}	INFO	[jepsen worker 4] jepsen.util: 4	:invoke	:broadcast	6
2025-06-29 14:54:17,765{GMT}	INFO	[jepsen worker 4] jepsen.util: 4	:ok	:broadcast	6
2025-06-29 14:54:17,821{GMT}	INFO	[jepsen worker 0] jepsen.util: 0	:invoke	:broadcast	7
2025-06-29 14:54:17,823{GMT}	INFO	[jepsen worker 0] jepsen.util: 0	:ok	:broadcast	7
2025-06-29 14:54:17,864{GMT}	INFO	[jepsen worker 0] jepsen.util: 0	:invoke	:read	nil
2025-06-29 14:54:17,869{GMT}	INFO	[jepsen worker 0] jepsen.util: 0	:ok	:read	[1 2 7]
2025-06-29 14:54:18,051{GMT}	INFO	[jepsen worker 1] jepsen.util: 1	:invoke	:broadcast	8
2025-06-29 14:54:18,052{GMT}	INFO	[jepsen worker 1] jepsen.util: 1	:ok	:broadcast	8
2025-06-29 14:54:18,147{GMT}	INFO	[jepsen worker 2] jepsen.util: 2	:invoke	:broadcast	9
2025-06-29 14:54:18,149{GMT}	INFO	[jepsen worker 2] jepsen.util: 2	:ok	:broadcast	9
2025-06-29 14:54:18,234{GMT}	INFO	[jepsen worker 3] jepsen.util: 3	:invoke	:read	nil
2025-06-29 14:54:18,236{GMT}	INFO	[jepsen worker 3] jepsen.util: 3	:ok	:read	[5 6]
2025-06-29 14:54:18,277{GMT}	INFO	[jepsen worker 4] jepsen.util: 4	:invoke	:read	nil
2025-06-29 14:54:18,279{GMT}	INFO	[jepsen worker 4] jepsen.util: 4	:ok	:read	[6 5]
2025-06-29 14:54:18,445{GMT}	INFO	[jepsen worker 0] jepsen.util: 0	:invoke	:broadcast	10
2025-06-29 14:54:18,447{GMT}	INFO	[jepsen worker 0] jepsen.util: 0	:ok	:broadcast	10
2025-06-29 14:54:18,601{GMT}	INFO	[jepsen worker 0] jepsen.util: 0	:invoke	:read	nil
2025-06-29 14:54:18,604{GMT}	INFO	[jepsen worker 0] jepsen.util: 0	:ok	:read	[1 2 7 10]
2025-06-29 14:54:18,658{GMT}	INFO	[jepsen worker 1] jepsen.util: 1	:invoke	:read	nil
2025-06-29 14:54:18,661{GMT}	INFO	[jepsen worker 2] jepsen.util: 2	:invoke	:broadcast	11
2025-06-29 14:54:18,661{GMT}	INFO	[jepsen worker 1] jepsen.util: 1	:ok	:read	[0 3 4 8 9]
2025-06-29 14:54:18,662{GMT}	INFO	[jepsen worker 2] jepsen.util: 2	:ok	:broadcast	11
2025-06-29 14:54:18,765{GMT}	INFO	[jepsen worker 3] jepsen.util: 3	:invoke	:read	nil
2025-06-29 14:54:18,767{GMT}	INFO	[jepsen worker 3] jepsen.util: 3	:ok	:read	[5 6]
2025-06-29 14:54:18,969{GMT}	INFO	[jepsen worker 4] jepsen.util: 4	:invoke	:read	nil
2025-06-29 14:54:18,970{GMT}	INFO	[jepsen worker 4] jepsen.util: 4	:ok	:read	[6 5]
2025-06-29 14:54:19,158{GMT}	INFO	[jepsen worker 0] jepsen.util: 0	:invoke	:read	nil
2025-06-29 14:54:19,161{GMT}	INFO	[jepsen worker 0] jepsen.util: 0	:ok	:read	[1 2 7 10]
2025-06-29 14:54:19,201{GMT}	INFO	[jepsen worker 0] jepsen.util: 0	:invoke	:read	nil
2025-06-29 14:54:19,203{GMT}	INFO	[jepsen worker 0] jepsen.util: 0	:ok	:read	[1 2 7 10]
2025-06-29 14:54:19,257{GMT}	INFO	[jepsen worker 1] jepsen.util: 1	:invoke	:broadcast	12
2025-06-29 14:54:19,259{GMT}	INFO	[jepsen worker 1] jepsen.util: 1	:ok	:broadcast	12
2025-06-29 14:54:19,395{GMT}	INFO	[jepsen worker 2] jepsen.util: 2	:invoke	:broadcast	13
2025-06-29 14:54:19,397{GMT}	INFO	[jepsen worker 2] jepsen.util: 2	:ok	:broadcast	13
2025-06-29 14:54:19,591{GMT}	INFO	[jepsen worker 3] jepsen.util: 3	:invoke	:read	nil
2025-06-29 14:54:19,592{GMT}	INFO	[jepsen worker 3] jepsen.util: 3	:ok	:read	[5 6]
2025-06-29 14:54:19,634{GMT}	INFO	[jepsen worker 4] jepsen.util: 4	:invoke	:broadcast	14
2025-06-29 14:54:19,636{GMT}	INFO	[jepsen worker 4] jepsen.util: 4	:ok	:broadcast	14
2025-06-29 14:54:19,751{GMT}	INFO	[jepsen worker 0] jepsen.util: 0	:invoke	:read	nil
2025-06-29 14:54:19,754{GMT}	INFO	[jepsen worker 0] jepsen.util: 0	:ok	:read	[1 2 7 10]
2025-06-29 14:54:19,850{GMT}	INFO	[jepsen worker 0] jepsen.util: 0	:invoke	:broadcast	15
2025-06-29 14:54:19,852{GMT}	INFO	[jepsen worker 0] jepsen.util: 0	:ok	:broadcast	15
2025-06-29 14:54:19,984{GMT}	INFO	[jepsen worker 1] jepsen.util: 1	:invoke	:broadcast	16
2025-06-29 14:54:19,986{GMT}	INFO	[jepsen worker 1] jepsen.util: 1	:ok	:broadcast	16
2025-06-29 14:54:20,158{GMT}	INFO	[jepsen worker 2] jepsen.util: 2	:invoke	:broadcast	17
2025-06-29 14:54:20,160{GMT}	INFO	[jepsen worker 2] jepsen.util: 2	:ok	:broadcast	17
2025-06-29 14:54:20,235{GMT}	INFO	[jepsen worker 3] jepsen.util: 3	:invoke	:broadcast	18
2025-06-29 14:54:20,237{GMT}	INFO	[jepsen worker 3] jepsen.util: 3	:ok	:broadcast	18
2025-06-29 14:54:20,279{GMT}	INFO	[jepsen worker 4] jepsen.util: 4	:invoke	:broadcast	19
2025-06-29 14:54:20,281{GMT}	INFO	[jepsen worker 4] jepsen.util: 4	:ok	:broadcast	19
2025-06-29 14:54:20,423{GMT}	INFO	[jepsen worker 0] jepsen.util: 0	:invoke	:read	nil
2025-06-29 14:54:20,426{GMT}	INFO	[jepsen worker 0] jepsen.util: 0	:ok	:read	[1 2 7 10 15]
2025-06-29 14:54:20,559{GMT}	INFO	[jepsen worker 0] jepsen.util: 0	:invoke	:broadcast	20
2025-06-29 14:54:20,561{GMT}	INFO	[jepsen worker 0] jepsen.util: 0	:ok	:broadcast	20
2025-06-29 14:54:20,614{GMT}	INFO	[jepsen worker 1] jepsen.util: 1	:invoke	:broadcast	21
2025-06-29 14:54:20,616{GMT}	INFO	[jepsen worker 1] jepsen.util: 1	:ok	:broadcast	21
2025-06-29 14:54:20,775{GMT}	INFO	[jepsen worker 2] jepsen.util: 2	:invoke	:read	nil
2025-06-29 14:54:20,778{GMT}	INFO	[jepsen worker 2] jepsen.util: 2	:ok	:read	[0 4 3 9 8 11 13 12 17 16]
2025-06-29 14:54:20,787{GMT}	INFO	[jepsen worker 3] jepsen.util: 3	:invoke	:broadcast	22
2025-06-29 14:54:20,789{GMT}	INFO	[jepsen worker 3] jepsen.util: 3	:ok	:broadcast	22
2025-06-29 14:54:20,845{GMT}	INFO	[jepsen worker 4] jepsen.util: 4	:invoke	:broadcast	23
2025-06-29 14:54:20,847{GMT}	INFO	[jepsen worker 4] jepsen.util: 4	:ok	:broadcast	23
2025-06-29 14:54:20,931{GMT}	INFO	[jepsen worker 0] jepsen.util: 0	:invoke	:broadcast	24
2025-06-29 14:54:20,934{GMT}	INFO	[jepsen worker 0] jepsen.util: 0	:ok	:broadcast	24
2025-06-29 14:54:21,018{GMT}	INFO	[jepsen worker 0] jepsen.util: 0	:invoke	:read	nil
2025-06-29 14:54:21,020{GMT}	INFO	[jepsen worker 0] jepsen.util: 0	:ok	:read	[1 2 7 10 15 20 24]
2025-06-29 14:54:21,218{GMT}	INFO	[jepsen worker 1] jepsen.util: 1	:invoke	:read	nil
2025-06-29 14:54:21,220{GMT}	INFO	[jepsen worker 1] jepsen.util: 1	:ok	:read	[0 3 4 8 9 11 12 13 16 17 21]
2025-06-29 14:54:21,306{GMT}	INFO	[jepsen worker 2] jepsen.util: 2	:invoke	:broadcast	25
2025-06-29 14:54:21,308{GMT}	INFO	[jepsen worker 2] jepsen.util: 2	:ok	:broadcast	25
2025-06-29 14:54:21,498{GMT}	INFO	[jepsen worker 3] jepsen.util: 3	:invoke	:broadcast	26
2025-06-29 14:54:21,500{GMT}	INFO	[jepsen worker 3] jepsen.util: 3	:ok	:broadcast	26
2025-06-29 14:54:21,624{GMT}	INFO	[jepsen worker 4] jepsen.util: 4	:invoke	:broadcast	27
2025-06-29 14:54:21,626{GMT}	INFO	[jepsen worker 4] jepsen.util: 4	:ok	:broadcast	27
2025-06-29 14:54:21,737{GMT}	INFO	[jepsen worker 0] jepsen.util: 0	:invoke	:broadcast	28
2025-06-29 14:54:21,744{GMT}	INFO	[jepsen worker 0] jepsen.util: 0	:ok	:broadcast	28
2025-06-29 14:54:21,745{GMT}	INFO	[jepsen worker 0] jepsen.util: 0	:invoke	:broadcast	29
2025-06-29 14:54:21,747{GMT}	INFO	[jepsen worker 0] jepsen.util: 0	:ok	:broadcast	29
2025-06-29 14:54:21,793{GMT}	INFO	[jepsen worker 1] jepsen.util: 1	:invoke	:broadcast	30
2025-06-29 14:54:21,795{GMT}	INFO	[jepsen worker 1] jepsen.util: 1	:ok	:broadcast	30
2025-06-29 14:54:21,959{GMT}	INFO	[jepsen worker 2] jepsen.util: 2	:invoke	:read	nil
2025-06-29 14:54:21,962{GMT}	INFO	[jepsen worker 2] jepsen.util: 2	:ok	:read	[0 4 3 9 8 11 13 12 17 16 21 25]
2025-06-29 14:54:22,056{GMT}	INFO	[jepsen worker 3] jepsen.util: 3	:invoke	:read	nil
2025-06-29 14:54:22,058{GMT}	INFO	[jepsen worker 3] jepsen.util: 3	:ok	:read	[5 6 14 18 19 22 23 26 27]
2025-06-29 14:54:22,076{GMT}	INFO	[jepsen worker 4] jepsen.util: 4	:invoke	:broadcast	31
2025-06-29 14:54:22,077{GMT}	INFO	[jepsen worker 4] jepsen.util: 4	:ok	:broadcast	31
2025-06-29 14:54:22,270{GMT}	INFO	[jepsen worker 0] jepsen.util: 0	:invoke	:read	nil
2025-06-29 14:54:22,272{GMT}	INFO	[jepsen worker 0] jepsen.util: 0	:ok	:read	[1 2 7 10 15 20 24 28 29]
2025-06-29 14:54:22,447{GMT}	INFO	[jepsen worker 0] jepsen.util: 0	:invoke	:broadcast	32
2025-06-29 14:54:22,449{GMT}	INFO	[jepsen worker 0] jepsen.util: 0	:ok	:broadcast	32
2025-06-29 14:54:22,534{GMT}	INFO	[jepsen worker 1] jepsen.util: 1	:invoke	:broadcast	33
2025-06-29 14:54:22,536{GMT}	INFO	[jepsen worker 1] jepsen.util: 1	:ok	:broadcast	33
2025-06-29 14:54:22,644{GMT}	INFO	[jepsen worker 2] jepsen.util: 2	:invoke	:broadcast	34
2025-06-29 14:54:22,646{GMT}	INFO	[jepsen worker 2] jepsen.util: 2	:ok	:broadcast	34
2025-06-29 14:54:22,664{GMT}	INFO	[jepsen worker 3] jepsen.util: 3	:invoke	:broadcast	35
2025-06-29 14:54:22,666{GMT}	INFO	[jepsen worker 3] jepsen.util: 3	:ok	:broadcast	35
2025-06-29 14:54:22,706{GMT}	INFO	[jepsen worker 4] jepsen.util: 4	:invoke	:read	nil
2025-06-29 14:54:22,708{GMT}	INFO	[jepsen worker 4] jepsen.util: 4	:ok	:read	[6 5 14 19 18 23 22 27 26 31]
2025-06-29 14:54:22,716{GMT}	INFO	[jepsen worker 0] jepsen.util: 0	:invoke	:broadcast	36
2025-06-29 14:54:22,717{GMT}	INFO	[jepsen worker 0] jepsen.util: 0	:ok	:broadcast	36
2025-06-29 14:54:22,723{GMT}	INFO	[jepsen worker 0] jepsen.util: 0	:invoke	:read	nil
2025-06-29 14:54:22,724{GMT}	INFO	[jepsen worker 0] jepsen.util: 0	:ok	:read	[1 2 7 10 15 20 24 28 29 32 36]
2025-06-29 14:54:22,798{GMT}	INFO	[jepsen worker 1] jepsen.util: 1	:invoke	:read	nil
2025-06-29 14:54:22,798{GMT}	INFO	[jepsen worker 1] jepsen.util: 1	:ok	:read	[0 3 4 8 9 11 12 13 16 17 21 25 30 33]
2025-06-29 14:54:22,845{GMT}	INFO	[jepsen worker 2] jepsen.util: 2	:invoke	:broadcast	37
2025-06-29 14:54:22,846{GMT}	INFO	[jepsen worker 2] jepsen.util: 2	:ok	:broadcast	37
2025-06-29 14:54:22,880{GMT}	INFO	[jepsen worker 3] jepsen.util: 3	:invoke	:read	nil
2025-06-29 14:54:22,881{GMT}	INFO	[jepsen worker 3] jepsen.util: 3	:ok	:read	[5 6 14 18 19 22 23 26 27 31 35]
2025-06-29 14:54:22,994{GMT}	INFO	[jepsen worker 4] jepsen.util: 4	:invoke	:read	nil
2025-06-29 14:54:22,996{GMT}	INFO	[jepsen worker 4] jepsen.util: 4	:ok	:read	[6 5 14 19 18 23 22 27 26 31 35]
2025-06-29 14:54:23,197{GMT}	INFO	[jepsen worker 0] jepsen.util: 0	:invoke	:read	nil
2025-06-29 14:54:23,199{GMT}	INFO	[jepsen worker 0] jepsen.util: 0	:ok	:read	[1 2 7 10 15 20 24 28 29 32 36]
2025-06-29 14:54:23,390{GMT}	INFO	[jepsen worker 0] jepsen.util: 0	:invoke	:read	nil
2025-06-29 14:54:23,392{GMT}	INFO	[jepsen worker 0] jepsen.util: 0	:ok	:read	[1 2 7 10 15 20 24 28 29 32 36]
2025-06-29 14:54:23,551{GMT}	INFO	[jepsen worker 1] jepsen.util: 1	:invoke	:broadcast	38
2025-06-29 14:54:23,552{GMT}	INFO	[jepsen worker 1] jepsen.util: 1	:ok	:broadcast	38
2025-06-29 14:54:23,740{GMT}	INFO	[jepsen worker 2] jepsen.util: 2	:invoke	:read	nil
2025-06-29 14:54:23,742{GMT}	INFO	[jepsen worker 2] jepsen.util: 2	:ok	:read	[0 4 3 9 8 11 13 12 17 16 21 25 30 34 37 33]
2025-06-29 14:54:23,875{GMT}	INFO	[jepsen worker 3] jepsen.util: 3	:invoke	:broadcast	39
2025-06-29 14:54:23,878{GMT}	INFO	[jepsen worker 3] jepsen.util: 3	:ok	:broadcast	39
2025-06-29 14:54:23,910{GMT}	INFO	[jepsen worker 4] jepsen.util: 4	:invoke	:broadcast	40
2025-06-29 14:54:23,912{GMT}	INFO	[jepsen worker 4] jepsen.util: 4	:ok	:broadcast	40
2025-06-29 14:54:23,962{GMT}	INFO	[jepsen worker 0] jepsen.util: 0	:invoke	:broadcast	41
2025-06-29 14:54:23,964{GMT}	INFO	[jepsen worker 0] jepsen.util: 0	:ok	:broadcast	41
2025-06-29 14:54:23,983{GMT}	INFO	[jepsen worker 0] jepsen.util: 0	:invoke	:read	nil
2025-06-29 14:54:23,983{GMT}	INFO	[jepsen worker 0] jepsen.util: 0	:ok	:read	[1 2 7 10 15 20 24 28 29 32 36 41]
2025-06-29 14:54:24,018{GMT}	INFO	[jepsen worker 1] jepsen.util: 1	:invoke	:broadcast	42
2025-06-29 14:54:24,019{GMT}	INFO	[jepsen worker 1] jepsen.util: 1	:ok	:broadcast	42
2025-06-29 14:54:24,102{GMT}	INFO	[jepsen worker 2] jepsen.util: 2	:invoke	:broadcast	43
2025-06-29 14:54:24,104{GMT}	INFO	[jepsen worker 2] jepsen.util: 2	:ok	:broadcast	43
2025-06-29 14:54:24,149{GMT}	INFO	[jepsen worker 3] jepsen.util: 3	:invoke	:read	nil
2025-06-29 14:54:24,151{GMT}	INFO	[jepsen worker 3] jepsen.util: 3	:ok	:read	[5 6 14 18 19 22 23 26 27 31 35 39 40]
2025-06-29 14:54:24,182{GMT}	INFO	[jepsen worker 4] jepsen.util: 4	:invoke	:broadcast	44
2025-06-29 14:54:24,184{GMT}	INFO	[jepsen worker 4] jepsen.util: 4	:ok	:broadcast	44
2025-06-29 14:54:24,235{GMT}	INFO	[jepsen worker 0] jepsen.util: 0	:invoke	:read	nil
2025-06-29 14:54:24,237{GMT}	INFO	[jepsen worker 0] jepsen.util: 0	:ok	:read	[1 2 7 10 15 20 24 28 29 32 36 41]
2025-06-29 14:54:24,384{GMT}	INFO	[jepsen worker 0] jepsen.util: 0	:invoke	:broadcast	45
2025-06-29 14:54:24,386{GMT}	INFO	[jepsen worker 0] jepsen.util: 0	:ok	:broadcast	45
2025-06-29 14:54:24,469{GMT}	INFO	[jepsen worker 1] jepsen.util: 1	:invoke	:broadcast	46
2025-06-29 14:54:24,471{GMT}	INFO	[jepsen worker 1] jepsen.util: 1	:ok	:broadcast	46
2025-06-29 14:54:24,471{GMT}	INFO	[jepsen worker 2] jepsen.util: 2	:invoke	:broadcast	47
2025-06-29 14:54:24,472{GMT}	INFO	[jepsen worker 2] jepsen.util: 2	:ok	:broadcast	47
2025-06-29 14:54:24,651{GMT}	INFO	[jepsen worker 3] jepsen.util: 3	:invoke	:read	nil
2025-06-29 14:54:24,653{GMT}	INFO	[jepsen worker 3] jepsen.util: 3	:ok	:read	[5 6 14 18 19 22 23 26 27 31 35 39 40 44]
2025-06-29 14:54:24,765{GMT}	INFO	[jepsen worker 4] jepsen.util: 4	:invoke	:read	nil
2025-06-29 14:54:24,767{GMT}	INFO	[jepsen worker 4] jepsen.util: 4	:ok	:read	[6 5 14 19 18 23 22 27 26 31 35 40 39 44]
2025-06-29 14:54:24,840{GMT}	INFO	[jepsen worker 0] jepsen.util: 0	:invoke	:broadcast	48
2025-06-29 14:54:24,842{GMT}	INFO	[jepsen worker 0] jepsen.util: 0	:ok	:broadcast	48
2025-06-29 14:54:24,863{GMT}	INFO	[jepsen worker 0] jepsen.util: 0	:invoke	:read	nil
2025-06-29 14:54:24,865{GMT}	INFO	[jepsen worker 0] jepsen.util: 0	:ok	:read	[1 2 7 10 15 20 24 28 29 32 36 41 45 48]
2025-06-29 14:54:25,032{GMT}	INFO	[jepsen worker 1] jepsen.util: 1	:invoke	:read	nil
2025-06-29 14:54:25,034{GMT}	INFO	[jepsen worker 1] jepsen.util: 1	:ok	:read	[0 3 4 8 9 11 12 13 16 17 21 25 30 33 34 37 38 42 43 46 47]
2025-06-29 14:54:25,068{GMT}	INFO	[jepsen worker 2] jepsen.util: 2	:invoke	:read	nil
2025-06-29 14:54:25,070{GMT}	INFO	[jepsen worker 2] jepsen.util: 2	:ok	:read	[0 4 3 9 8 11 13 12 17 16 21 25 30 34 37 33 38 43 42 47 46]
2025-06-29 14:54:25,126{GMT}	INFO	[jepsen worker 3] jepsen.util: 3	:invoke	:read	nil
2025-06-29 14:54:25,128{GMT}	INFO	[jepsen worker 3] jepsen.util: 3	:ok	:read	[5 6 14 18 19 22 23 26 27 31 35 39 40 44]
2025-06-29 14:54:25,162{GMT}	INFO	[jepsen worker 4] jepsen.util: 4	:invoke	:read	nil
2025-06-29 14:54:25,165{GMT}	INFO	[jepsen worker 4] jepsen.util: 4	:ok	:read	[6 5 14 19 18 23 22 27 26 31 35 40 39 44]
2025-06-29 14:54:25,274{GMT}	INFO	[jepsen worker 0] jepsen.util: 0	:invoke	:read	nil
2025-06-29 14:54:25,276{GMT}	INFO	[jepsen worker 0] jepsen.util: 0	:ok	:read	[1 2 7 10 15 20 24 28 29 32 36 41 45 48]
2025-06-29 14:54:25,465{GMT}	INFO	[jepsen worker 0] jepsen.util: 0	:invoke	:read	nil
2025-06-29 14:54:25,468{GMT}	INFO	[jepsen worker 0] jepsen.util: 0	:ok	:read	[1 2 7 10 15 20 24 28 29 32 36 41 45 48]
2025-06-29 14:54:25,567{GMT}	INFO	[jepsen worker 1] jepsen.util: 1	:invoke	:broadcast	49
2025-06-29 14:54:25,570{GMT}	INFO	[jepsen worker 1] jepsen.util: 1	:ok	:broadcast	49
2025-06-29 14:54:25,611{GMT}	INFO	[jepsen worker 2] jepsen.util: 2	:invoke	:broadcast	50
2025-06-29 14:54:25,612{GMT}	INFO	[jepsen worker 2] jepsen.util: 2	:ok	:broadcast	50
2025-06-29 14:54:25,793{GMT}	INFO	[jepsen worker 3] jepsen.util: 3	:invoke	:broadcast	51
2025-06-29 14:54:25,795{GMT}	INFO	[jepsen worker 3] jepsen.util: 3	:ok	:broadcast	51
2025-06-29 14:54:25,804{GMT}	INFO	[jepsen worker 4] jepsen.util: 4	:invoke	:broadcast	52
2025-06-29 14:54:25,806{GMT}	INFO	[jepsen worker 4] jepsen.util: 4	:ok	:broadcast	52
2025-06-29 14:54:25,961{GMT}	INFO	[jepsen worker 0] jepsen.util: 0	:invoke	:broadcast	53
2025-06-29 14:54:25,963{GMT}	INFO	[jepsen worker 0] jepsen.util: 0	:ok	:broadcast	53
2025-06-29 14:54:26,121{GMT}	INFO	[jepsen worker 0] jepsen.util: 0	:invoke	:read	nil
2025-06-29 14:54:26,123{GMT}	INFO	[jepsen worker 0] jepsen.util: 0	:ok	:read	[1 2 7 10 15 20 24 28 29 32 36 41 45 48 53]
2025-06-29 14:54:26,129{GMT}	INFO	[jepsen worker 1] jepsen.util: 1	:invoke	:read	nil
2025-06-29 14:54:26,131{GMT}	INFO	[jepsen worker 1] jepsen.util: 1	:ok	:read	[0 3 4 8 9 11 12 13 16 17 21 25 30 33 34 37 38 42 43 46 47 49 50]
2025-06-29 14:54:26,301{GMT}	INFO	[jepsen worker 2] jepsen.util: 2	:invoke	:read	nil
2025-06-29 14:54:26,304{GMT}	INFO	[jepsen worker 2] jepsen.util: 2	:ok	:read	[0 4 3 9 8 11 13 12 17 16 21 25 30 34 37 33 38 43 42 47 46 50 49]
2025-06-29 14:54:26,446{GMT}	INFO	[jepsen worker 3] jepsen.util: 3	:invoke	:broadcast	54
2025-06-29 14:54:26,448{GMT}	INFO	[jepsen worker 3] jepsen.util: 3	:ok	:broadcast	54
2025-06-29 14:54:26,613{GMT}	INFO	[jepsen worker 4] jepsen.util: 4	:invoke	:broadcast	55
2025-06-29 14:54:26,615{GMT}	INFO	[jepsen worker 4] jepsen.util: 4	:ok	:broadcast	55
2025-06-29 14:54:26,685{GMT}	INFO	[jepsen worker 0] jepsen.util: 0	:invoke	:read	nil
2025-06-29 14:54:26,688{GMT}	INFO	[jepsen worker 0] jepsen.util: 0	:ok	:read	[1 2 7 10 15 20 24 28 29 32 36 41 45 48 53]
2025-06-29 14:54:26,785{GMT}	INFO	[jepsen worker 0] jepsen.util: 0	:invoke	:read	nil
2025-06-29 14:54:26,787{GMT}	INFO	[jepsen worker 0] jepsen.util: 0	:ok	:read	[1 2 7 10 15 20 24 28 29 32 36 41 45 48 53]
2025-06-29 14:54:26,922{GMT}	INFO	[jepsen worker 1] jepsen.util: 1	:invoke	:read	nil
2025-06-29 14:54:26,924{GMT}	INFO	[jepsen worker 1] jepsen.util: 1	:ok	:read	[0 3 4 8 9 11 12 13 16 17 21 25 30 33 34 37 38 42 43 46 47 49 50]
2025-06-29 14:54:27,014{GMT}	INFO	[jepsen worker 2] jepsen.util: 2	:invoke	:read	nil
2025-06-29 14:54:27,016{GMT}	INFO	[jepsen worker 2] jepsen.util: 2	:ok	:read	[0 4 3 9 8 11 13 12 17 16 21 25 30 34 37 33 38 43 42 47 46 50 49]
2025-06-29 14:54:27,039{GMT}	INFO	[jepsen worker 3] jepsen.util: 3	:invoke	:broadcast	56
2025-06-29 14:54:27,041{GMT}	INFO	[jepsen worker 3] jepsen.util: 3	:ok	:broadcast	56
2025-06-29 14:54:27,182{GMT}	INFO	[jepsen worker 4] jepsen.util: 4	:invoke	:broadcast	57
2025-06-29 14:54:27,184{GMT}	INFO	[jepsen worker 4] jepsen.util: 4	:ok	:broadcast	57
2025-06-29 14:54:27,309{GMT}	INFO	[jepsen worker 0] jepsen.util: 0	:invoke	:broadcast	58
2025-06-29 14:54:27,310{GMT}	INFO	[jepsen worker 0] jepsen.util: 0	:ok	:broadcast	58
2025-06-29 14:54:27,384{GMT}	INFO	[jepsen worker 0] jepsen.util: 0	:invoke	:read	nil
2025-06-29 14:54:27,387{GMT}	INFO	[jepsen worker 0] jepsen.util: 0	:ok	:read	[1 2 7 10 15 20 24 28 29 32 36 41 45 48 53 58]
2025-06-29 14:54:27,585{GMT}	INFO	[jepsen worker 1] jepsen.util: 1	:invoke	:read	nil
2025-06-29 14:54:27,587{GMT}	INFO	[jepsen worker 1] jepsen.util: 1	:ok	:read	[0 3 4 8 9 11 12 13 16 17 21 25 30 33 34 37 38 42 43 46 47 49 50]
2025-06-29 14:54:27,700{GMT}	INFO	[jepsen worker 2] jepsen.util: 2	:invoke	:broadcast	59
2025-06-29 14:54:27,701{GMT}	INFO	[jepsen worker 2] jepsen.util: 2	:ok	:broadcast	59
2025-06-29 14:54:27,759{GMT}	INFO	[jepsen worker 3] jepsen.util: 3	:invoke	:broadcast	60
2025-06-29 14:54:27,761{GMT}	INFO	[jepsen worker 3] jepsen.util: 3	:ok	:broadcast	60
2025-06-29 14:54:27,780{GMT}	INFO	[jepsen worker 4] jepsen.util: 4	:invoke	:broadcast	61
2025-06-29 14:54:27,781{GMT}	INFO	[jepsen worker 4] jepsen.util: 4	:ok	:broadcast	61
2025-06-29 14:54:27,975{GMT}	INFO	[jepsen worker 0] jepsen.util: 0	:invoke	:read	nil
2025-06-29 14:54:27,976{GMT}	INFO	[jepsen worker 0] jepsen.util: 0	:ok	:read	[1 2 7 10 15 20 24 28 29 32 36 41 45 48 53 58]
2025-06-29 14:54:28,084{GMT}	INFO	[jepsen worker 0] jepsen.util: 0	:invoke	:broadcast	62
2025-06-29 14:54:28,086{GMT}	INFO	[jepsen worker 0] jepsen.util: 0	:ok	:broadcast	62
2025-06-29 14:54:28,165{GMT}	INFO	[jepsen worker 1] jepsen.util: 1	:invoke	:read	nil
2025-06-29 14:54:28,167{GMT}	INFO	[jepsen worker 1] jepsen.util: 1	:ok	:read	[0 3 4 8 9 11 12 13 16 17 21 25 30 33 34 37 38 42 43 46 47 49 50 59]
2025-06-29 14:54:28,207{GMT}	INFO	[jepsen worker 2] jepsen.util: 2	:invoke	:broadcast	63
2025-06-29 14:54:28,209{GMT}	INFO	[jepsen worker 2] jepsen.util: 2	:ok	:broadcast	63
2025-06-29 14:54:28,336{GMT}	INFO	[jepsen worker 3] jepsen.util: 3	:invoke	:read	nil
2025-06-29 14:54:28,338{GMT}	INFO	[jepsen worker 3] jepsen.util: 3	:ok	:read	[5 6 14 18 19 22 23 26 27 31 35 39 40 44 51 52 54 55 56 57 60 61]
2025-06-29 14:54:28,472{GMT}	INFO	[jepsen worker 4] jepsen.util: 4	:invoke	:broadcast	64
2025-06-29 14:54:28,473{GMT}	INFO	[jepsen worker 4] jepsen.util: 4	:ok	:broadcast	64
2025-06-29 14:54:28,662{GMT}	INFO	[jepsen worker 0] jepsen.util: 0	:invoke	:read	nil
2025-06-29 14:54:28,665{GMT}	INFO	[jepsen worker 0] jepsen.util: 0	:ok	:read	[1 2 7 10 15 20 24 28 29 32 36 41 45 48 53 58 62]
2025-06-29 14:54:28,817{GMT}	INFO	[jepsen worker 0] jepsen.util: 0	:invoke	:broadcast	65
2025-06-29 14:54:28,819{GMT}	INFO	[jepsen worker 0] jepsen.util: 0	:ok	:broadcast	65
2025-06-29 14:54:28,843{GMT}	INFO	[jepsen worker 1] jepsen.util: 1	:invoke	:read	nil
2025-06-29 14:54:28,845{GMT}	INFO	[jepsen worker 1] jepsen.util: 1	:ok	:read	[0 3 4 8 9 11 12 13 16 17 21 25 30 33 34 37 38 42 43 46 47 49 50 59 63]
2025-06-29 14:54:28,848{GMT}	INFO	[jepsen worker 2] jepsen.util: 2	:invoke	:broadcast	66
2025-06-29 14:54:28,849{GMT}	INFO	[jepsen worker 2] jepsen.util: 2	:ok	:broadcast	66
2025-06-29 14:54:29,026{GMT}	INFO	[jepsen worker 3] jepsen.util: 3	:invoke	:read	nil
2025-06-29 14:54:29,028{GMT}	INFO	[jepsen worker 3] jepsen.util: 3	:ok	:read	[5 6 14 18 19 22 23 26 27 31 35 39 40 44 51 52 54 55 56 57 60 61 64]
2025-06-29 14:54:29,172{GMT}	INFO	[jepsen worker 4] jepsen.util: 4	:invoke	:broadcast	67
2025-06-29 14:54:29,174{GMT}	INFO	[jepsen worker 4] jepsen.util: 4	:ok	:broadcast	67
2025-06-29 14:54:29,209{GMT}	INFO	[jepsen worker 0] jepsen.util: 0	:invoke	:read	nil
2025-06-29 14:54:29,211{GMT}	INFO	[jepsen worker 0] jepsen.util: 0	:ok	:read	[1 2 7 10 15 20 24 28 29 32 36 41 45 48 53 58 62 65]
2025-06-29 14:54:29,243{GMT}	INFO	[jepsen worker 0] jepsen.util: 0	:invoke	:read	nil
2025-06-29 14:54:29,245{GMT}	INFO	[jepsen worker 0] jepsen.util: 0	:ok	:read	[1 2 7 10 15 20 24 28 29 32 36 41 45 48 53 58 62 65]
2025-06-29 14:54:29,384{GMT}	INFO	[jepsen worker 1] jepsen.util: 1	:invoke	:read	nil
2025-06-29 14:54:29,386{GMT}	INFO	[jepsen worker 1] jepsen.util: 1	:ok	:read	[0 3 4 8 9 11 12 13 16 17 21 25 30 33 34 37 38 42 43 46 47 49 50 59 63 66]
2025-06-29 14:54:29,473{GMT}	INFO	[jepsen worker 2] jepsen.util: 2	:invoke	:read	nil
2025-06-29 14:54:29,476{GMT}	INFO	[jepsen worker 2] jepsen.util: 2	:ok	:read	[0 4 3 9 8 11 13 12 17 16 21 25 30 34 37 33 38 43 42 47 46 50 49 59 63 66]
2025-06-29 14:54:29,667{GMT}	INFO	[jepsen worker 3] jepsen.util: 3	:invoke	:read	nil
2025-06-29 14:54:29,670{GMT}	INFO	[jepsen worker 3] jepsen.util: 3	:ok	:read	[5 6 14 18 19 22 23 26 27 31 35 39 40 44 51 52 54 55 56 57 60 61 64 67]
2025-06-29 14:54:29,836{GMT}	INFO	[jepsen worker 4] jepsen.util: 4	:invoke	:broadcast	68
2025-06-29 14:54:29,838{GMT}	INFO	[jepsen worker 4] jepsen.util: 4	:ok	:broadcast	68
2025-06-29 14:54:29,867{GMT}	INFO	[jepsen worker 0] jepsen.util: 0	:invoke	:broadcast	69
2025-06-29 14:54:29,868{GMT}	INFO	[jepsen worker 0] jepsen.util: 0	:ok	:broadcast	69
2025-06-29 14:54:29,996{GMT}	INFO	[jepsen worker 0] jepsen.util: 0	:invoke	:broadcast	70
2025-06-29 14:54:29,997{GMT}	INFO	[jepsen worker 0] jepsen.util: 0	:ok	:broadcast	70
2025-06-29 14:54:30,187{GMT}	INFO	[jepsen worker 1] jepsen.util: 1	:invoke	:read	nil
2025-06-29 14:54:30,189{GMT}	INFO	[jepsen worker 1] jepsen.util: 1	:ok	:read	[0 3 4 8 9 11 12 13 16 17 21 25 30 33 34 37 38 42 43 46 47 49 50 59 63 66]
2025-06-29 14:54:30,301{GMT}	INFO	[jepsen worker 2] jepsen.util: 2	:invoke	:broadcast	71
2025-06-29 14:54:30,303{GMT}	INFO	[jepsen worker 2] jepsen.util: 2	:ok	:broadcast	71
2025-06-29 14:54:30,384{GMT}	INFO	[jepsen worker 3] jepsen.util: 3	:invoke	:read	nil
2025-06-29 14:54:30,387{GMT}	INFO	[jepsen worker 3] jepsen.util: 3	:ok	:read	[5 6 14 18 19 22 23 26 27 31 35 39 40 44 51 52 54 55 56 57 60 61 64 67 68]
2025-06-29 14:54:30,515{GMT}	INFO	[jepsen worker 4] jepsen.util: 4	:invoke	:broadcast	72
2025-06-29 14:54:30,516{GMT}	INFO	[jepsen worker 4] jepsen.util: 4	:ok	:broadcast	72
2025-06-29 14:54:30,695{GMT}	INFO	[jepsen worker 0] jepsen.util: 0	:invoke	:broadcast	73
2025-06-29 14:54:30,697{GMT}	INFO	[jepsen worker 0] jepsen.util: 0	:ok	:broadcast	73
2025-06-29 14:54:30,703{GMT}	INFO	[jepsen worker 0] jepsen.util: 0	:invoke	:read	nil
2025-06-29 14:54:30,704{GMT}	INFO	[jepsen worker 0] jepsen.util: 0	:ok	:read	[1 2 7 10 15 20 24 28 29 32 36 41 45 48 53 58 62 65 69 70 73]
2025-06-29 14:54:30,844{GMT}	INFO	[jepsen worker 1] jepsen.util: 1	:invoke	:broadcast	74
2025-06-29 14:54:30,846{GMT}	INFO	[jepsen worker 1] jepsen.util: 1	:ok	:broadcast	74
2025-06-29 14:54:30,908{GMT}	INFO	[jepsen worker 2] jepsen.util: 2	:invoke	:broadcast	75
2025-06-29 14:54:30,910{GMT}	INFO	[jepsen worker 2] jepsen.util: 2	:ok	:broadcast	75
2025-06-29 14:54:30,916{GMT}	INFO	[jepsen worker 3] jepsen.util: 3	:invoke	:broadcast	76
2025-06-29 14:54:30,918{GMT}	INFO	[jepsen worker 4] jepsen.util: 4	:invoke	:read	nil
2025-06-29 14:54:30,919{GMT}	INFO	[jepsen worker 3] jepsen.util: 3	:ok	:broadcast	76
2025-06-29 14:54:30,920{GMT}	INFO	[jepsen worker 4] jepsen.util: 4	:ok	:read	[6 5 14 19 18 23 22 27 26 31 35 40 39 44 52 51 54 55 57 56 61 60 64 67 68 72]
2025-06-29 14:54:30,951{GMT}	INFO	[jepsen worker 0] jepsen.util: 0	:invoke	:read	nil
2025-06-29 14:54:30,953{GMT}	INFO	[jepsen worker 0] jepsen.util: 0	:ok	:read	[1 2 7 10 15 20 24 28 29 32 36 41 45 48 53 58 62 65 69 70 73]
2025-06-29 14:54:30,981{GMT}	INFO	[jepsen worker 0] jepsen.util: 0	:invoke	:broadcast	77
2025-06-29 14:54:30,982{GMT}	INFO	[jepsen worker 0] jepsen.util: 0	:ok	:broadcast	77
2025-06-29 14:54:31,047{GMT}	INFO	[jepsen worker 1] jepsen.util: 1	:invoke	:read	nil
2025-06-29 14:54:31,050{GMT}	INFO	[jepsen worker 1] jepsen.util: 1	:ok	:read	[0 3 4 8 9 11 12 13 16 17 21 25 30 33 34 37 38 42 43 46 47 49 50 59 63 66 71 74 75]
2025-06-29 14:54:31,120{GMT}	INFO	[jepsen worker 2] jepsen.util: 2	:invoke	:read	nil
2025-06-29 14:54:31,122{GMT}	INFO	[jepsen worker 2] jepsen.util: 2	:ok	:read	[0 4 3 9 8 11 13 12 17 16 21 25 30 34 37 33 38 43 42 47 46 50 49 59 63 66 71 75 74]
2025-06-29 14:54:31,171{GMT}	INFO	[jepsen worker 3] jepsen.util: 3	:invoke	:read	nil
2025-06-29 14:54:31,173{GMT}	INFO	[jepsen worker 3] jepsen.util: 3	:ok	:read	[5 6 14 18 19 22 23 26 27 31 35 39 40 44 51 52 54 55 56 57 60 61 64 67 68 76 72]
2025-06-29 14:54:31,354{GMT}	INFO	[jepsen worker 4] jepsen.util: 4	:invoke	:broadcast	78
2025-06-29 14:54:31,356{GMT}	INFO	[jepsen worker 4] jepsen.util: 4	:ok	:broadcast	78
2025-06-29 14:54:31,390{GMT}	INFO	[jepsen worker 0] jepsen.util: 0	:invoke	:read	nil
2025-06-29 14:54:31,392{GMT}	INFO	[jepsen worker 0] jepsen.util: 0	:ok	:read	[1 2 7 10 15 20 24 28 29 32 36 41 45 48 53 58 62 65 69 70 73 77]
2025-06-29 14:54:31,493{GMT}	INFO	[jepsen worker 0] jepsen.util: 0	:invoke	:broadcast	79
2025-06-29 14:54:31,494{GMT}	INFO	[jepsen worker 0] jepsen.util: 0	:ok	:broadcast	79
2025-06-29 14:54:31,663{GMT}	INFO	[jepsen worker 1] jepsen.util: 1	:invoke	:broadcast	80
2025-06-29 14:54:31,665{GMT}	INFO	[jepsen worker 1] jepsen.util: 1	:ok	:broadcast	80
2025-06-29 14:54:31,692{GMT}	INFO	[jepsen worker 2] jepsen.util: 2	:invoke	:read	nil
2025-06-29 14:54:31,694{GMT}	INFO	[jepsen worker 2] jepsen.util: 2	:ok	:read	[0 4 3 9 8 11 13 12 17 16 21 25 30 34 37 33 38 43 42 47 46 50 49 59 63 66 71 75 74]
2025-06-29 14:54:31,888{GMT}	INFO	[jepsen worker 3] jepsen.util: 3	:invoke	:read	nil
2025-06-29 14:54:31,892{GMT}	INFO	[jepsen worker 3] jepsen.util: 3	:ok	:read	[5 6 14 18 19 22 23 26 27 31 35 39 40 44 51 52 54 55 56 57 60 61 64 67 68 76 72 78]
2025-06-29 14:54:31,938{GMT}	INFO	[jepsen worker 4] jepsen.util: 4	:invoke	:broadcast	81
2025-06-29 14:54:31,941{GMT}	INFO	[jepsen worker 4] jepsen.util: 4	:ok	:broadcast	81
2025-06-29 14:54:32,094{GMT}	INFO	[jepsen worker 0] jepsen.util: 0	:invoke	:broadcast	82
2025-06-29 14:54:32,096{GMT}	INFO	[jepsen worker 0] jepsen.util: 0	:ok	:broadcast	82
2025-06-29 14:54:32,276{GMT}	INFO	[jepsen worker 0] jepsen.util: 0	:invoke	:broadcast	83
2025-06-29 14:54:32,278{GMT}	INFO	[jepsen worker 0] jepsen.util: 0	:ok	:broadcast	83
2025-06-29 14:54:32,418{GMT}	INFO	[jepsen worker 1] jepsen.util: 1	:invoke	:read	nil
2025-06-29 14:54:32,421{GMT}	INFO	[jepsen worker 1] jepsen.util: 1	:ok	:read	[0 3 4 8 9 11 12 13 16 17 21 25 30 33 34 37 38 42 43 46 47 49 50 59 63 66 71 74 75 80]
2025-06-29 14:54:32,434{GMT}	INFO	[jepsen worker 2] jepsen.util: 2	:invoke	:broadcast	84
2025-06-29 14:54:32,435{GMT}	INFO	[jepsen worker 2] jepsen.util: 2	:ok	:broadcast	84
2025-06-29 14:54:32,634{GMT}	INFO	[jepsen worker 3] jepsen.util: 3	:invoke	:read	nil
2025-06-29 14:54:32,636{GMT}	INFO	[jepsen worker 3] jepsen.util: 3	:ok	:read	[5 6 14 18 19 22 23 26 27 31 35 39 40 44 51 52 54 55 56 57 60 61 64 67 68 76 72 78 81]
2025-06-29 14:54:32,652{GMT}	INFO	[jepsen worker 4] jepsen.util: 4	:invoke	:read	nil
2025-06-29 14:54:32,653{GMT}	INFO	[jepsen worker 4] jepsen.util: 4	:ok	:read	[6 5 14 19 18 23 22 27 26 31 35 40 39 44 52 51 54 55 57 56 61 60 64 67 68 72 76 78 81]
2025-06-29 14:54:32,806{GMT}	INFO	[jepsen worker 0] jepsen.util: 0	:invoke	:read	nil
2025-06-29 14:54:32,809{GMT}	INFO	[jepsen worker 0] jepsen.util: 0	:ok	:read	[1 2 7 10 15 20 24 28 29 32 36 41 45 48 53 58 62 65 69 70 73 77 79 82 83]
2025-06-29 14:54:32,969{GMT}	INFO	[jepsen worker 0] jepsen.util: 0	:invoke	:broadcast	85
2025-06-29 14:54:32,971{GMT}	INFO	[jepsen worker 0] jepsen.util: 0	:ok	:broadcast	85
2025-06-29 14:54:33,042{GMT}	INFO	[jepsen worker 1] jepsen.util: 1	:invoke	:read	nil
2025-06-29 14:54:33,044{GMT}	INFO	[jepsen worker 1] jepsen.util: 1	:ok	:read	[0 3 4 8 9 11 12 13 16 17 21 25 30 33 34 37 38 42 43 46 47 49 50 59 63 66 71 74 75 80 84]
2025-06-29 14:54:33,200{GMT}	INFO	[jepsen worker 2] jepsen.util: 2	:invoke	:broadcast	86
2025-06-29 14:54:33,202{GMT}	INFO	[jepsen worker 2] jepsen.util: 2	:ok	:broadcast	86
2025-06-29 14:54:33,374{GMT}	INFO	[jepsen worker 3] jepsen.util: 3	:invoke	:read	nil
2025-06-29 14:54:33,376{GMT}	INFO	[jepsen worker 3] jepsen.util: 3	:ok	:read	[5 6 14 18 19 22 23 26 27 31 35 39 40 44 51 52 54 55 56 57 60 61 64 67 68 76 72 78 81]
2025-06-29 14:54:33,424{GMT}	INFO	[jepsen worker nemesis] jepsen.util: :nemesis	:info	:stop-partition	nil
2025-06-29 14:54:33,424{GMT}	INFO	[jepsen worker 0] jepsen.util: 0	:invoke	:read	nil
2025-06-29 14:54:33,424{GMT}	INFO	[jepsen worker nemesis] jepsen.util: :nemesis	:info	:stop-partition	:network-healed
2025-06-29 14:54:33,425{GMT}	INFO	[jepsen worker 0] jepsen.util: 0	:ok	:read	[1 2 7 10 15 20 24 28 29 32 36 41 45 48 53 58 62 65 69 70 73 77 79 82 83 85]
2025-06-29 14:54:33,436{GMT}	INFO	[jepsen worker 0] jepsen.util: 0	:invoke	:read	nil
2025-06-29 14:54:33,436{GMT}	INFO	[jepsen worker 0] jepsen.util: 0	:ok	:read	[1 2 7 10 15 20 24 28 29 32 36 41 45 48 53 58 62 65 69 70 73 77 79 82 83 85]
2025-06-29 14:54:33,576{GMT}	INFO	[jepsen worker 1] jepsen.util: 1	:invoke	:read	nil
2025-06-29 14:54:33,577{GMT}	INFO	[jepsen worker 1] jepsen.util: 1	:ok	:read	[0 3 4 8 9 11 12 13 16 17 21 25 30 33 34 37 38 42 43 46 47 49 50 59 63 66 71 74 75 80 84 86]
2025-06-29 14:54:33,777{GMT}	INFO	[jepsen worker 2] jepsen.util: 2	:invoke	:read	nil
2025-06-29 14:54:33,779{GMT}	INFO	[jepsen worker 2] jepsen.util: 2	:ok	:read	[0 4 3 9 8 11 13 12 17 16 21 25 30 34 37 33 38 43 42 47 46 50 49 59 63 66 71 75 74 80 84 86]
2025-06-29 14:54:33,785{GMT}	INFO	[jepsen worker 3] jepsen.util: 3	:invoke	:read	nil
2025-06-29 14:54:33,786{GMT}	INFO	[jepsen worker 3] jepsen.util: 3	:ok	:read	[5 6 14 18 19 22 23 26 27 31 35 39 40 44 51 52 54 55 56 57 60 61 64 67 68 76 72 78 81]
2025-06-29 14:54:33,965{GMT}	INFO	[jepsen worker 4] jepsen.util: 4	:invoke	:read	nil
2025-06-29 14:54:33,966{GMT}	INFO	[jepsen worker 4] jepsen.util: 4	:ok	:read	[6 5 14 19 18 23 22 27 26 31 35 40 39 44 52 51 54 55 57 56 61 60 64 67 68 72 76 78 81]
2025-06-29 14:54:34,068{GMT}	INFO	[jepsen worker 0] jepsen.util: 0	:invoke	:read	nil
2025-06-29 14:54:34,069{GMT}	INFO	[jepsen worker 0] jepsen.util: 0	:ok	:read	[1 2 7 10 15 20 24 28 29 32 36 41 45 48 53 58 62 65 69 70 73 77 79 82 83 85 86]
2025-06-29 14:54:34,155{GMT}	INFO	[jepsen worker 0] jepsen.util: 0	:invoke	:read	nil
2025-06-29 14:54:34,155{GMT}	INFO	[jepsen worker 0] jepsen.util: 0	:ok	:read	[1 2 7 10 15 20 24 28 29 32 36 41 45 48 53 58 62 65 69 70 73 77 79 82 83 85 86]
2025-06-29 14:54:34,314{GMT}	INFO	[jepsen worker 1] jepsen.util: 1	:invoke	:broadcast	87
2025-06-29 14:54:34,316{GMT}	INFO	[jepsen worker 1] jepsen.util: 1	:ok	:broadcast	87
2025-06-29 14:54:34,423{GMT}	INFO	[jepsen worker 2] jepsen.util: 2	:invoke	:read	nil
2025-06-29 14:54:34,425{GMT}	INFO	[jepsen worker 2] jepsen.util: 2	:ok	:read	[0 4 3 9 8 11 13 12 17 16 21 25 30 34 37 33 38 43 42 47 46 50 49 59 63 66 71 75 74 80 84 86]
2025-06-29 14:54:34,437{GMT}	INFO	[jepsen worker 3] jepsen.util: 3	:invoke	:broadcast	88
2025-06-29 14:54:34,438{GMT}	INFO	[jepsen worker 3] jepsen.util: 3	:ok	:broadcast	88
2025-06-29 14:54:34,587{GMT}	INFO	[jepsen worker 4] jepsen.util: 4	:invoke	:broadcast	89
2025-06-29 14:54:34,589{GMT}	INFO	[jepsen worker 4] jepsen.util: 4	:ok	:broadcast	89
2025-06-29 14:54:34,781{GMT}	INFO	[jepsen worker 0] jepsen.util: 0	:invoke	:read	nil
2025-06-29 14:54:34,784{GMT}	INFO	[jepsen worker 0] jepsen.util: 0	:ok	:read	[1 2 7 10 15 20 24 28 29 32 36 41 45 48 53 58 62 65 69 70 73 77 79 82 83 85 86 87 88]
2025-06-29 14:54:34,836{GMT}	INFO	[jepsen worker 0] jepsen.util: 0	:invoke	:read	nil
2025-06-29 14:54:34,838{GMT}	INFO	[jepsen worker 0] jepsen.util: 0	:ok	:read	[1 2 7 10 15 20 24 28 29 32 36 41 45 48 53 58 62 65 69 70 73 77 79 82 83 85 86 87 88]
2025-06-29 14:54:34,931{GMT}	INFO	[jepsen worker 1] jepsen.util: 1	:invoke	:read	nil
2025-06-29 14:54:34,933{GMT}	INFO	[jepsen worker 1] jepsen.util: 1	:ok	:read	[0 3 4 8 9 11 12 13 16 17 21 25 30 33 34 37 38 42 43 46 47 49 50 59 63 66 71 74 75 80 84 86 87]
2025-06-29 14:54:34,956{GMT}	INFO	[jepsen worker 2] jepsen.util: 2	:invoke	:read	nil
2025-06-29 14:54:34,956{GMT}	INFO	[jepsen worker 2] jepsen.util: 2	:ok	:read	[0 4 3 9 8 11 13 12 17 16 21 25 30 34 37 33 38 43 42 47 46 50 49 59 63 66 71 75 74 80 84 86 87]
2025-06-29 14:54:35,106{GMT}	INFO	[jepsen worker 3] jepsen.util: 3	:invoke	:broadcast	90
2025-06-29 14:54:35,108{GMT}	INFO	[jepsen worker 3] jepsen.util: 3	:ok	:broadcast	90
2025-06-29 14:54:35,267{GMT}	INFO	[jepsen worker 4] jepsen.util: 4	:invoke	:read	nil
2025-06-29 14:54:35,269{GMT}	INFO	[jepsen worker 4] jepsen.util: 4	:ok	:read	[6 5 14 19 18 23 22 27 26 31 35 40 39 44 52 51 54 55 57 56 61 60 64 67 68 72 76 78 81 86 87 88 89]
2025-06-29 14:54:35,325{GMT}	INFO	[jepsen worker 0] jepsen.util: 0	:invoke	:read	nil
2025-06-29 14:54:35,327{GMT}	INFO	[jepsen worker 0] jepsen.util: 0	:ok	:read	[1 2 7 10 15 20 24 28 29 32 36 41 45 48 53 58 62 65 69 70 73 77 79 82 83 85 86 87 88]
2025-06-29 14:54:35,429{GMT}	INFO	[jepsen worker 0] jepsen.util: 0	:invoke	:read	nil
2025-06-29 14:54:35,431{GMT}	INFO	[jepsen worker 0] jepsen.util: 0	:ok	:read	[1 2 7 10 15 20 24 28 29 32 36 41 45 48 53 58 62 65 69 70 73 77 79 82 83 85 86 87 88]
2025-06-29 14:54:35,492{GMT}	INFO	[jepsen worker 1] jepsen.util: 1	:invoke	:read	nil
2025-06-29 14:54:35,493{GMT}	INFO	[jepsen worker 1] jepsen.util: 1	:ok	:read	[0 3 4 8 9 11 12 13 16 17 21 25 30 33 34 37 38 42 43 46 47 49 50 59 63 66 71 74 75 80 84 86 87 88 89]
2025-06-29 14:54:35,646{GMT}	INFO	[jepsen worker 2] jepsen.util: 2	:invoke	:broadcast	91
2025-06-29 14:54:35,648{GMT}	INFO	[jepsen worker 2] jepsen.util: 2	:ok	:broadcast	91
2025-06-29 14:54:35,734{GMT}	INFO	[jepsen worker 3] jepsen.util: 3	:invoke	:read	nil
2025-06-29 14:54:35,736{GMT}	INFO	[jepsen worker 3] jepsen.util: 3	:ok	:read	[5 6 14 18 19 22 23 26 27 31 35 39 40 44 51 52 54 55 56 57 60 61 64 67 68 76 72 78 81 88 86 87 89 90]
2025-06-29 14:54:35,856{GMT}	INFO	[jepsen worker 4] jepsen.util: 4	:invoke	:read	nil
2025-06-29 14:54:35,858{GMT}	INFO	[jepsen worker 4] jepsen.util: 4	:ok	:read	[6 5 14 19 18 23 22 27 26 31 35 40 39 44 52 51 54 55 57 56 61 60 64 67 68 72 76 78 81 86 87 88 89 90]
2025-06-29 14:54:36,011{GMT}	INFO	[jepsen worker 0] jepsen.util: 0	:invoke	:read	nil
2025-06-29 14:54:36,011{GMT}	INFO	[jepsen worker 0] jepsen.util: 0	:ok	:read	[1 2 7 10 15 20 24 28 29 32 36 41 45 48 53 58 62 65 69 70 73 77 79 82 83 85 86 87 88 89 90]
2025-06-29 14:54:36,049{GMT}	INFO	[jepsen worker 0] jepsen.util: 0	:invoke	:read	nil
2025-06-29 14:54:36,050{GMT}	INFO	[jepsen worker 0] jepsen.util: 0	:ok	:read	[1 2 7 10 15 20 24 28 29 32 36 41 45 48 53 58 62 65 69 70 73 77 79 82 83 85 86 87 88 89 90]
2025-06-29 14:54:36,218{GMT}	INFO	[jepsen worker 1] jepsen.util: 1	:invoke	:read	nil
2025-06-29 14:54:36,220{GMT}	INFO	[jepsen worker 1] jepsen.util: 1	:ok	:read	[0 3 4 8 9 11 12 13 16 17 21 25 30 33 34 37 38 42 43 46 47 49 50 59 63 66 71 74 75 80 84 86 87 88 89 91 90]
2025-06-29 14:54:36,365{GMT}	INFO	[jepsen worker 2] jepsen.util: 2	:invoke	:broadcast	92
2025-06-29 14:54:36,367{GMT}	INFO	[jepsen worker 2] jepsen.util: 2	:ok	:broadcast	92
2025-06-29 14:54:36,455{GMT}	INFO	[jepsen worker 3] jepsen.util: 3	:invoke	:broadcast	93
2025-06-29 14:54:36,457{GMT}	INFO	[jepsen worker 3] jepsen.util: 3	:ok	:broadcast	93
2025-06-29 14:54:36,568{GMT}	INFO	[jepsen worker 4] jepsen.util: 4	:invoke	:read	nil
2025-06-29 14:54:36,569{GMT}	INFO	[jepsen worker 4] jepsen.util: 4	:ok	:read	[6 5 14 19 18 23 22 27 26 31 35 40 39 44 52 51 54 55 57 56 61 60 64 67 68 72 76 78 81 86 87 88 89 90 93 91]
2025-06-29 14:54:36,701{GMT}	INFO	[jepsen worker 0] jepsen.util: 0	:invoke	:broadcast	94
2025-06-29 14:54:36,703{GMT}	INFO	[jepsen worker 0] jepsen.util: 0	:ok	:broadcast	94
2025-06-29 14:54:36,818{GMT}	INFO	[jepsen worker 0] jepsen.util: 0	:invoke	:broadcast	95
2025-06-29 14:54:36,819{GMT}	INFO	[jepsen worker 0] jepsen.util: 0	:ok	:broadcast	95
2025-06-29 14:54:36,935{GMT}	INFO	[jepsen worker 1] jepsen.util: 1	:invoke	:broadcast	96
2025-06-29 14:54:36,936{GMT}	INFO	[jepsen worker 1] jepsen.util: 1	:ok	:broadcast	96
2025-06-29 14:54:36,937{GMT}	INFO	[jepsen worker nemesis] jepsen.util: :nemesis	:info	:stop-partition	nil
2025-06-29 14:54:36,937{GMT}	INFO	[jepsen worker nemesis] jepsen.util: :nemesis	:info	:stop-partition	:network-healed
2025-06-29 14:54:36,938{GMT}	INFO	[jepsen worker 3] jepsen.generator.interpreter: Waiting for recovery...
2025-06-29 14:54:46,947{GMT}	INFO	[jepsen worker 2] jepsen.util: 2	:invoke	:read	nil
2025-06-29 14:54:46,947{GMT}	INFO	[jepsen worker 0] jepsen.util: 0	:invoke	:read	nil
2025-06-29 14:54:46,947{GMT}	INFO	[jepsen worker 4] jepsen.util: 4	:invoke	:read	nil
2025-06-29 14:54:46,947{GMT}	INFO	[jepsen worker 3] jepsen.util: 3	:invoke	:read	nil
2025-06-29 14:54:46,947{GMT}	INFO	[jepsen worker 1] jepsen.util: 1	:invoke	:read	nil
2025-06-29 14:54:46,952{GMT}	INFO	[jepsen worker 1] jepsen.util: 1	:ok	:read	[0 3 4 8 9 11 12 13 16 17 21 25 30 33 34 37 38 42 43 46 47 49 50 59 63 66 71 74 75 80 84 86 87 88 89 91 90 92 96 93 94 95]
2025-06-29 14:54:46,952{GMT}	INFO	[jepsen worker 3] jepsen.util: 3	:ok	:read	[5 6 14 18 19 22 23 26 27 31 35 39 40 44 51 52 54 55 56 57 60 61 64 67 68 76 72 78 81 88 86 87 89 90 93 91 94 95 92 96]
2025-06-29 14:54:46,952{GMT}	INFO	[jepsen worker 4] jepsen.util: 4	:ok	:read	[6 5 14 19 18 23 22 27 26 31 35 40 39 44 52 51 54 55 57 56 61 60 64 67 68 72 76 78 81 86 87 88 89 90 93 91 92 96 94 95]
2025-06-29 14:54:46,952{GMT}	INFO	[jepsen worker 0] jepsen.util: 0	:ok	:read	[1 2 7 10 15 20 24 28 29 32 36 41 45 48 53 58 62 65 69 70 73 77 79 82 83 85 86 87 88 89 90 91 93 94 95 92 96]
2025-06-29 14:54:46,952{GMT}	INFO	[jepsen worker 2] jepsen.util: 2	:ok	:read	[0 4 3 9 8 11 13 12 17 16 21 25 30 34 37 33 38 43 42 47 46 50 49 59 63 66 71 75 74 80 84 86 87 88 89 91 92 90 96 93 94 95]
2025-06-29 14:54:46,969{GMT}	INFO	[jepsen test runner] jepsen.core: Run complete, writing
2025-06-29 14:54:47,016{GMT}	INFO	[jepsen node n1] maelstrom.db: Tearing down n1
2025-06-29 14:54:47,016{GMT}	INFO	[jepsen node n0] maelstrom.db: Tearing down n0
2025-06-29 14:54:47,016{GMT}	INFO	[jepsen node n4] maelstrom.db: Tearing down n4
2025-06-29 14:54:47,016{GMT}	INFO	[jepsen node n3] maelstrom.db: Tearing down n3
2025-06-29 14:54:47,016{GMT}	INFO	[jepsen node n2] maelstrom.db: Tearing down n2
2025-06-29 14:54:48,785{GMT}	INFO	[jepsen node n0] maelstrom.net: Shutting down Maelstrom network
2025-06-29 14:54:48,790{GMT}	INFO	[jepsen test runner] jepsen.core: Analyzing...
2025-06-29 14:54:49,262{GMT}	INFO	[jepsen test runner] jepsen.core: Analysis complete
2025-06-29 14:54:49,289{GMT}	INFO	[jepsen results] jepsen.store: Wrote /Users/anandtrehan/flyio_challenges/maelstrom/store/broadcast/20250629T145415.370-0400/results.edn
2025-06-29 14:54:49,315{GMT}	INFO	[jepsen test runner] jepsen.core: {:perf {:latency-graph {:valid? true},
        :rate-graph {:valid? true},
        :valid? true},
 :timeline {:valid? true},
 :exceptions {:valid? true},
 :stats {:valid? true,
         :count 203,
         :ok-count 203,
         :fail-count 0,
         :info-count 0,
         :by-f {:broadcast {:valid? true,
                            :count 97,
                            :ok-count 97,
                            :fail-count 0,
                            :info-count 0},
                :read {:valid? true,
                       :count 106,
                       :ok-count 106,
                       :fail-count 0,
                       :info-count 0}}},
 :availability {:valid? true, :ok-fraction 1.0},
 :net {:all {:send-count 866,
             :recv-count 730,
             :msg-count 866,
             :msgs-per-op 4.26601},
       :clients {:send-count 426, :recv-count 426, :msg-count 426},
       :servers {:send-count 440,
                 :recv-count 304,
                 :msg-count 440,
                 :msgs-per-op 2.1674876},
       :valid? true},
 :workload {:worst-stale ({:element 1,
                           :outcome :stable,
                           :stable-latency 29658,
                           :lost-latency nil,
                           :known #jepsen.history.Op{:index 11,
                                                     :time 321733541,
                                                     :type :ok,
                                                     :process 0,
                                                     :f :add,
                                                     :value 1},
                           :last-absent #jepsen.history.Op{:index 405,
                                                           :time 29980390791,
                                                           :type :invoke,
                                                           :process 1,
                                                           :f :read,
                                                           :value nil,
                                                           :final? true}}
                          {:element 2,
                           :outcome :stable,
                           :stable-latency 29615,
                           :lost-latency nil,
                           :known #jepsen.history.Op{:index 13,
                                                     :time 365314166,
                                                     :type :ok,
                                                     :process 0,
                                                     :f :add,
                                                     :value 2},
                           :last-absent #jepsen.history.Op{:index 405,
                                                           :time 29980390791,
                                                           :type :invoke,
                                                           :process 1,
                                                           :f :read,
                                                           :value nil,
                                                           :final? true}}
                          {:element 7,
                           :outcome :stable,
                           :stable-latency 29123,
                           :lost-latency nil,
                           :known #jepsen.history.Op{:index 23,
                                                     :time 857149000,
                                                     :type :ok,
                                                     :process 0,
                                                     :f :add,
                                                     :value 7},
                           :last-absent #jepsen.history.Op{:index 405,
                                                           :time 29980390791,
                                                           :type :invoke,
                                                           :process 1,
                                                           :f :read,
                                                           :value nil,
                                                           :final? true}}
                          {:element 10,
                           :outcome :stable,
                           :stable-latency 28499,
                           :lost-latency nil,
                           :known #jepsen.history.Op{:index 35,
                                                     :time 1480398916,
                                                     :type :ok,
                                                     :process 0,
                                                     :f :add,
                                                     :value 10},
                           :last-absent #jepsen.history.Op{:index 405,
                                                           :time 29980390791,
                                                           :type :invoke,
                                                           :process 1,
                                                           :f :read,
                                                           :value nil,
                                                           :final? true}}
                          {:element 15,
                           :outcome :stable,
                           :stable-latency 27094,
                           :lost-latency nil,
                           :known #jepsen.history.Op{:index 61,
                                                     :time 2886083125,
                                                     :type :ok,
                                                     :process 0,
                                                     :f :add,
                                                     :value 15},
                           :last-absent #jepsen.history.Op{:index 405,
                                                           :time 29980390791,
                                                           :type :invoke,
                                                           :process 1,
                                                           :f :read,
                                                           :value nil,
                                                           :final? true}}
                          {:element 20,
                           :outcome :stable,
                           :stable-latency 26385,
                           :lost-latency nil,
                           :known #jepsen.history.Op{:index 73,
                                                     :time 3594928041,
                                                     :type :ok,
                                                     :process 0,
                                                     :f :add,
                                                     :value 20},
                           :last-absent #jepsen.history.Op{:index 405,
                                                           :time 29980390791,
                                                           :type :invoke,
                                                           :process 1,
                                                           :f :read,
                                                           :value nil,
                                                           :final? true}}
                          {:element 24,
                           :outcome :stable,
                           :stable-latency 26012,
                           :lost-latency nil,
                           :known #jepsen.history.Op{:index 83,
                                                     :time 3967476666,
                                                     :type :ok,
                                                     :process 0,
                                                     :f :add,
                                                     :value 24},
                           :last-absent #jepsen.history.Op{:index 405,
                                                           :time 29980390791,
                                                           :type :invoke,
                                                           :process 1,
                                                           :f :read,
                                                           :value nil,
                                                           :final? true}}
                          {:element 28,
                           :outcome :stable,
                           :stable-latency 25204,
                           :lost-latency nil,
                           :known #jepsen.history.Op{:index 95,
                                                     :time 4776180291,
                                                     :type :ok,
                                                     :process 0,
                                                     :f :add,
                                                     :value 28},
                           :last-absent #jepsen.history.Op{:index 405,
                                                           :time 29980390791,
                                                           :type :invoke,
                                                           :process 1,
                                                           :f :read,
                                                           :value nil,
                                                           :final? true}}),
            :duplicated-count 0,
            :valid? false,
            :lost-count 60,
            :lost (0
                   3
                   4
                   5
                   6
                   8
                   9
                   11
                   12
                   13
                   14
                   16
                   17
                   18
                   19
                   21
                   22
                   23
                   25
                   26
                   27
                   30
                   31
                   33
                   34
                   35
                   37
                   38
                   39
                   40
                   42
                   43
                   44
                   46
                   47
                   49
                   50
                   51
                   52
                   54
                   55
                   56
                   57
                   59
                   60
                   61
                   63
                   64
                   66
                   67
                   68
                   71
                   72
                   74
                   75
                   76
                   78
                   80
                   81
                   84),
            :stable-count 37,
            :stale-count 33,
            :stale (1
                    2
                    7
                    10
                    15
                    20
                    24
                    28
                    29
                    32
                    36
                    41
                    45
                    48
                    53
                    58
                    62
                    65
                    69
                    70
                    73
                    77
                    79
                    82
                    83
                    85
                    86
                    87
                    88
                    89
                    90
                    91
                    92),
            :never-read-count 0,
            :stable-latencies {0 0,
                               0.5 17078,
                               0.95 29615,
                               0.99 29658,
                               1 29658},
            :attempt-count 97,
            :lost-latencies {0 14511,
                             0.5 23034,
                             0.95 29380,
                             0.99 29932,
                             1 29932},
            :never-read (),
            :duplicated {}},
 :valid? false}


Analysis invalid! ( 
