2025/06/29 15:39:15 Received {c0 n0 {"type":"init","node_id":"n0","node_ids":["n0","n1","n2","n3","n4"],"msg_id":1}}
2025/06/29 15:39:15 Node n0 initialized
2025/06/29 15:39:15 Sent {"src":"n0","dest":"c0","body":{"in_reply_to":1,"type":"init_ok"}}
2025/06/29 15:39:15 Received {c5 n0 {"type":"topology","topology":{"n0":["n3","n1"],"n1":["n4","n2","n0"],"n2":["n1"],"n3":["n0","n4"],"n4":["n1","n3"]},"msg_id":1}}
2025/06/29 15:39:15 Sent {"src":"n0","dest":"c5","body":{"in_reply_to":1,"type":"topology_ok"}}
2025/06/29 15:39:16 Received {n1 n0 {"messages":[0],"msg_id":2,"type":"broadcast"}}
2025/06/29 15:39:16 Received {n3 n0 {"messages":[1],"msg_id":2,"type":"broadcast"}}
2025/06/29 15:39:16 Sent {"src":"n0","dest":"n1","body":{"in_reply_to":2,"type":"broadcast_ok"}}
2025/06/29 15:39:16 Sent {"src":"n0","dest":"n3","body":{"in_reply_to":2,"type":"broadcast_ok"}}
2025/06/29 15:39:16 Received {c14 n0 {"type":"broadcast","message":3,"msg_id":1}}
2025/06/29 15:39:16 Sent {"src":"n0","dest":"c14","body":{"in_reply_to":1,"type":"broadcast_ok"}}
2025/06/29 15:39:16 Received {c14 n0 {"type":"read","msg_id":2}}
2025/06/29 15:39:16 Sent {"src":"n0","dest":"c14","body":{"in_reply_to":2,"messages":[0,1,3],"type":"read_ok"}}
2025/06/29 15:39:16 Sent {"src":"n0","dest":"n3","body":{"messages":[0,1,3],"msg_id":2,"type":"broadcast"}}
2025/06/29 15:39:16 Sent {"src":"n0","dest":"n1","body":{"messages":[0,1,3],"msg_id":1,"type":"broadcast"}}
2025/06/29 15:39:16 Received {n3 n0 {"messages":[1,2],"msg_id":4,"type":"broadcast"}}
2025/06/29 15:39:16 Sent {"src":"n0","dest":"n3","body":{"in_reply_to":4,"type":"broadcast_ok"}}
2025/06/29 15:39:16 Received {n1 n0 {"messages":[0,2,4],"msg_id":5,"type":"broadcast"}}
2025/06/29 15:39:16 Sent {"src":"n0","dest":"n1","body":{"in_reply_to":5,"type":"broadcast_ok"}}
2025/06/29 15:39:16 Received {n3 n0 {"in_reply_to":2,"type":"broadcast_ok"}}
2025/06/29 15:39:16 Received {n1 n0 {"in_reply_to":1,"type":"broadcast_ok"}}
2025/06/29 15:39:16 Received {c14 n0 {"type":"broadcast","message":6,"msg_id":3}}
2025/06/29 15:39:16 Sent {"src":"n0","dest":"c14","body":{"in_reply_to":3,"type":"broadcast_ok"}}
2025/06/29 15:39:16 Received {c14 n0 {"type":"broadcast","message":7,"msg_id":4}}
2025/06/29 15:39:16 Sent {"src":"n0","dest":"c14","body":{"in_reply_to":4,"type":"broadcast_ok"}}
2025/06/29 15:39:17 Sent {"src":"n0","dest":"n1","body":{"messages":[0,1,3,2,4,6,7],"msg_id":4,"type":"broadcast"}}
2025/06/29 15:39:17 Sent {"src":"n0","dest":"n3","body":{"messages":[0,1,3,2,4,6,7],"msg_id":3,"type":"broadcast"}}
2025/06/29 15:39:17 Received {n3 n0 {"messages":[1,2,0,3,5],"msg_id":5,"type":"broadcast"}}
2025/06/29 15:39:17 Sent {"src":"n0","dest":"n3","body":{"in_reply_to":5,"type":"broadcast_ok"}}
2025/06/29 15:39:17 Received {n1 n0 {"messages":[0,2,4,1,3],"msg_id":7,"type":"broadcast"}}
2025/06/29 15:39:17 Sent {"src":"n0","dest":"n1","body":{"in_reply_to":7,"type":"broadcast_ok"}}
2025/06/29 15:39:17 Received {n1 n0 {"in_reply_to":4,"type":"broadcast_ok"}}
2025/06/29 15:39:17 Received {n3 n0 {"in_reply_to":3,"type":"broadcast_ok"}}
2025/06/29 15:39:17 Received {c14 n0 {"type":"broadcast","message":10,"msg_id":5}}
2025/06/29 15:39:17 Sent {"src":"n0","dest":"c14","body":{"in_reply_to":5,"type":"broadcast_ok"}}
2025/06/29 15:39:17 Received {c14 n0 {"type":"read","msg_id":6}}
2025/06/29 15:39:17 Sent {"src":"n0","dest":"c14","body":{"in_reply_to":6,"messages":[0,1,3,2,4,6,7,5,10],"type":"read_ok"}}
2025/06/29 15:39:17 Sent {"src":"n0","dest":"n3","body":{"messages":[0,1,3,2,4,6,7,5,10],"msg_id":6,"type":"broadcast"}}
2025/06/29 15:39:17 Sent {"src":"n0","dest":"n1","body":{"messages":[0,1,3,2,4,6,7,5,10],"msg_id":5,"type":"broadcast"}}
2025/06/29 15:39:17 Received {n3 n0 {"messages":[1,2,0,3,5,4,6,7,9,12],"msg_id":7,"type":"broadcast"}}
2025/06/29 15:39:17 Sent {"src":"n0","dest":"n3","body":{"in_reply_to":7,"type":"broadcast_ok"}}
2025/06/29 15:39:17 Received {n3 n0 {"in_reply_to":6,"type":"broadcast_ok"}}
2025/06/29 15:39:17 Received {n1 n0 {"messages":[0,2,4,1,3,6,7,9,11],"msg_id":10,"type":"broadcast"}}
2025/06/29 15:39:17 Sent {"src":"n0","dest":"n1","body":{"in_reply_to":10,"type":"broadcast_ok"}}
2025/06/29 15:39:17 Received {n1 n0 {"in_reply_to":5,"type":"broadcast_ok"}}
2025/06/29 15:39:17 Received {c14 n0 {"type":"broadcast","message":14,"msg_id":7}}
2025/06/29 15:39:17 Sent {"src":"n0","dest":"c14","body":{"in_reply_to":7,"type":"broadcast_ok"}}
2025/06/29 15:39:17 Received {c14 n0 {"type":"broadcast","message":15,"msg_id":8}}
2025/06/29 15:39:17 Sent {"src":"n0","dest":"c14","body":{"in_reply_to":8,"type":"broadcast_ok"}}
2025/06/29 15:39:18 Received {c14 n0 {"type":"read","msg_id":9}}
2025/06/29 15:39:18 Sent {"src":"n0","dest":"c14","body":{"in_reply_to":9,"messages":[0,1,3,2,4,6,7,5,10,9,12,11,14,15],"type":"read_ok"}}
2025/06/29 15:39:18 Sent {"src":"n0","dest":"n1","body":{"messages":[0,1,3,2,4,6,7,5,10,9,12,11,14,15],"msg_id":7,"type":"broadcast"}}
2025/06/29 15:39:18 Sent {"src":"n0","dest":"n3","body":{"messages":[0,1,3,2,4,6,7,5,10,9,12,11,14,15],"msg_id":8,"type":"broadcast"}}
2025/06/29 15:39:18 Received {n3 n0 {"messages":[1,2,0,3,5,4,6,7,9,12,10,17],"msg_id":10,"type":"broadcast"}}
2025/06/29 15:39:18 Received {n3 n0 {"in_reply_to":8,"type":"broadcast_ok"}}
2025/06/29 15:39:18 Received {n1 n0 {"in_reply_to":7,"type":"broadcast_ok"}}
2025/06/29 15:39:18 Received {n1 n0 {"messages":[0,2,4,1,3,6,7,9,11,5,10,12,14,15],"msg_id":13,"type":"broadcast"}}
2025/06/29 15:39:18 Sent {"src":"n0","dest":"n3","body":{"in_reply_to":10,"type":"broadcast_ok"}}
2025/06/29 15:39:18 Sent {"src":"n0","dest":"n1","body":{"in_reply_to":13,"type":"broadcast_ok"}}
2025/06/29 15:39:18 Received {c14 n0 {"type":"broadcast","message":18,"msg_id":10}}
2025/06/29 15:39:18 Sent {"src":"n0","dest":"c14","body":{"in_reply_to":10,"type":"broadcast_ok"}}
2025/06/29 15:39:18 Sent {"src":"n0","dest":"n1","body":{"messages":[0,1,3,2,4,6,7,5,10,9,12,11,14,15,17,18],"msg_id":9,"type":"broadcast"}}
2025/06/29 15:39:18 Sent {"src":"n0","dest":"n3","body":{"messages":[0,1,3,2,4,6,7,5,10,9,12,11,14,15,17,18],"msg_id":10,"type":"broadcast"}}
2025/06/29 15:39:18 Received {n1 n0 {"in_reply_to":9,"type":"broadcast_ok"}}
2025/06/29 15:39:18 Received {n3 n0 {"messages":[1,2,0,3,5,4,6,7,9,12,10,17,11,13,14,15],"msg_id":12,"type":"broadcast"}}
2025/06/29 15:39:18 Sent {"src":"n0","dest":"n3","body":{"in_reply_to":12,"type":"broadcast_ok"}}
2025/06/29 15:39:18 Received {n1 n0 {"messages":[0,2,4,1,3,6,7,9,11,5,10,12,14,15,13,19,17,18],"msg_id":16,"type":"broadcast"}}
2025/06/29 15:39:18 Sent {"src":"n0","dest":"n1","body":{"in_reply_to":16,"type":"broadcast_ok"}}
2025/06/29 15:39:18 Received {n3 n0 {"in_reply_to":10,"type":"broadcast_ok"}}
2025/06/29 15:39:18 Received {c14 n0 {"type":"read","msg_id":11}}
2025/06/29 15:39:18 Sent {"src":"n0","dest":"c14","body":{"in_reply_to":11,"messages":[0,1,3,2,4,6,7,5,10,9,12,11,14,15,17,18,13,19],"type":"read_ok"}}
2025/06/29 15:39:18 Received {c14 n0 {"type":"broadcast","message":21,"msg_id":12}}
2025/06/29 15:39:18 Sent {"src":"n0","dest":"c14","body":{"in_reply_to":12,"type":"broadcast_ok"}}
2025/06/29 15:39:19 Sent {"src":"n0","dest":"n3","body":{"messages":[0,1,3,2,4,6,7,5,10,9,12,11,14,15,17,18,13,19,21],"msg_id":12,"type":"broadcast"}}
2025/06/29 15:39:19 Sent {"src":"n0","dest":"n1","body":{"messages":[0,1,3,2,4,6,7,5,10,9,12,11,14,15,17,18,13,19,21],"msg_id":11,"type":"broadcast"}}
2025/06/29 15:39:19 Received {n3 n0 {"messages":[1,2,0,3,5,4,6,7,9,12,10,17,11,13,14,15,18],"msg_id":14,"type":"broadcast"}}
2025/06/29 15:39:19 Received {n3 n0 {"in_reply_to":12,"type":"broadcast_ok"}}
2025/06/29 15:39:19 Sent {"src":"n0","dest":"n3","body":{"in_reply_to":14,"type":"broadcast_ok"}}
2025/06/29 15:39:19 Received {n1 n0 {"messages":[0,2,4,1,3,6,7,9,11,5,10,12,14,15,13,19,17,18],"msg_id":21,"type":"broadcast"}}
2025/06/29 15:39:19 Received {n1 n0 {"in_reply_to":11,"type":"broadcast_ok"}}
2025/06/29 15:39:19 Sent {"src":"n0","dest":"n1","body":{"in_reply_to":21,"type":"broadcast_ok"}}
2025/06/29 15:39:19 Received {c14 n0 {"type":"broadcast","message":24,"msg_id":13}}
2025/06/29 15:39:19 Sent {"src":"n0","dest":"c14","body":{"in_reply_to":13,"type":"broadcast_ok"}}
2025/06/29 15:39:19 Received {c14 n0 {"type":"read","msg_id":14}}
2025/06/29 15:39:19 Sent {"src":"n0","dest":"c14","body":{"in_reply_to":14,"messages":[0,1,3,2,4,6,7,5,10,9,12,11,14,15,17,18,13,19,21,24],"type":"read_ok"}}
2025/06/29 15:39:19 Sent {"src":"n0","dest":"n1","body":{"messages":[0,1,3,2,4,6,7,5,10,9,12,11,14,15,17,18,13,19,21,24],"msg_id":14,"type":"broadcast"}}
2025/06/29 15:39:19 Sent {"src":"n0","dest":"n3","body":{"messages":[0,1,3,2,4,6,7,5,10,9,12,11,14,15,17,18,13,19,21,24],"msg_id":13,"type":"broadcast"}}
2025/06/29 15:39:19 Received {n3 n0 {"in_reply_to":13,"type":"broadcast_ok"}}
2025/06/29 15:39:19 Received {n1 n0 {"in_reply_to":14,"type":"broadcast_ok"}}
2025/06/29 15:39:19 Received {n1 n0 {"messages":[0,2,4,1,3,6,7,9,11,5,10,12,14,15,13,19,17,18,21,25,23,24],"msg_id":24,"type":"broadcast"}}
2025/06/29 15:39:19 Received {n3 n0 {"messages":[1,2,0,3,5,4,6,7,9,12,10,17,11,13,14,15,18,19,21,24,23],"msg_id":16,"type":"broadcast"}}
2025/06/29 15:39:19 Sent {"src":"n0","dest":"n1","body":{"in_reply_to":24,"type":"broadcast_ok"}}
2025/06/29 15:39:19 Sent {"src":"n0","dest":"n3","body":{"in_reply_to":16,"type":"broadcast_ok"}}
2025/06/29 15:39:20 Sent {"src":"n0","dest":"n1","body":{"messages":[0,1,3,2,4,6,7,5,10,9,12,11,14,15,17,18,13,19,21,24,25,23],"msg_id":15,"type":"broadcast"}}
2025/06/29 15:39:20 Sent {"src":"n0","dest":"n3","body":{"messages":[0,1,3,2,4,6,7,5,10,9,12,11,14,15,17,18,13,19,21,24,25,23],"msg_id":16,"type":"broadcast"}}
2025/06/29 15:39:20 Received {n1 n0 {"in_reply_to":15,"type":"broadcast_ok"}}
2025/06/29 15:39:20 Received {n3 n0 {"in_reply_to":16,"type":"broadcast_ok"}}
2025/06/29 15:39:20 Received {n3 n0 {"messages":[1,2,0,3,5,4,6,7,9,12,10,17,11,13,14,15,18,19,21,24,23,26,25],"msg_id":18,"type":"broadcast"}}
2025/06/29 15:39:20 Sent {"src":"n0","dest":"n3","body":{"in_reply_to":18,"type":"broadcast_ok"}}
2025/06/29 15:39:20 Received {n1 n0 {"messages":[0,2,4,1,3,6,7,9,11,5,10,12,14,15,13,19,17,18,21,25,23,24],"msg_id":25,"type":"broadcast"}}
2025/06/29 15:39:20 Sent {"src":"n0","dest":"n1","body":{"in_reply_to":25,"type":"broadcast_ok"}}
2025/06/29 15:39:20 Received {c14 n0 {"type":"read","msg_id":15}}
2025/06/29 15:39:20 Sent {"src":"n0","dest":"c14","body":{"in_reply_to":15,"messages":[0,1,3,2,4,6,7,5,10,9,12,11,14,15,17,18,13,19,21,24,25,23,26],"type":"read_ok"}}
2025/06/29 15:39:20 Received {c14 n0 {"type":"read","msg_id":16}}
2025/06/29 15:39:20 Sent {"src":"n0","dest":"c14","body":{"in_reply_to":16,"messages":[0,1,3,2,4,6,7,5,10,9,12,11,14,15,17,18,13,19,21,24,25,23,26],"type":"read_ok"}}
2025/06/29 15:39:20 Sent {"src":"n0","dest":"n3","body":{"messages":[0,1,3,2,4,6,7,5,10,9,12,11,14,15,17,18,13,19,21,24,25,23,26],"msg_id":18,"type":"broadcast"}}
2025/06/29 15:39:20 Sent {"src":"n0","dest":"n1","body":{"messages":[0,1,3,2,4,6,7,5,10,9,12,11,14,15,17,18,13,19,21,24,25,23,26],"msg_id":17,"type":"broadcast"}}
2025/06/29 15:39:20 Received {n3 n0 {"messages":[1,2,0,3,5,4,6,7,9,12,10,17,11,13,14,15,18,19,21,24,23,26,25,28],"msg_id":20,"type":"broadcast"}}
2025/06/29 15:39:20 Sent {"src":"n0","dest":"n3","body":{"in_reply_to":20,"type":"broadcast_ok"}}
2025/06/29 15:39:20 Received {n3 n0 {"in_reply_to":18,"type":"broadcast_ok"}}
2025/06/29 15:39:20 Received {n1 n0 {"messages":[0,2,4,1,3,6,7,9,11,5,10,12,14,15,13,19,17,18,21,25,23,24,27],"msg_id":30,"type":"broadcast"}}
2025/06/29 15:39:20 Received {n1 n0 {"in_reply_to":17,"type":"broadcast_ok"}}
2025/06/29 15:39:20 Sent {"src":"n0","dest":"n1","body":{"in_reply_to":30,"type":"broadcast_ok"}}
2025/06/29 15:39:20 Received {c14 n0 {"type":"read","msg_id":17}}
2025/06/29 15:39:20 Sent {"src":"n0","dest":"c14","body":{"in_reply_to":17,"messages":[0,1,3,2,4,6,7,5,10,9,12,11,14,15,17,18,13,19,21,24,25,23,26,28,27],"type":"read_ok"}}
2025/06/29 15:39:20 Received {c14 n0 {"type":"read","msg_id":18}}
2025/06/29 15:39:20 Sent {"src":"n0","dest":"c14","body":{"in_reply_to":18,"messages":[0,1,3,2,4,6,7,5,10,9,12,11,14,15,17,18,13,19,21,24,25,23,26,28,27],"type":"read_ok"}}
2025/06/29 15:39:20 Received {c14 n0 {"type":"read","msg_id":19}}
2025/06/29 15:39:20 Sent {"src":"n0","dest":"c14","body":{"in_reply_to":19,"messages":[0,1,3,2,4,6,7,5,10,9,12,11,14,15,17,18,13,19,21,24,25,23,26,28,27],"type":"read_ok"}}
2025/06/29 15:39:21 Sent {"src":"n0","dest":"n1","body":{"messages":[0,1,3,2,4,6,7,5,10,9,12,11,14,15,17,18,13,19,21,24,25,23,26,28,27],"msg_id":19,"type":"broadcast"}}
2025/06/29 15:39:21 Sent {"src":"n0","dest":"n3","body":{"messages":[0,1,3,2,4,6,7,5,10,9,12,11,14,15,17,18,13,19,21,24,25,23,26,28,27],"msg_id":20,"type":"broadcast"}}
2025/06/29 15:39:21 Received {n3 n0 {"messages":[1,2,0,3,5,4,6,7,9,12,10,17,11,13,14,15,18,19,21,24,23,26,25,28],"msg_id":22,"type":"broadcast"}}
2025/06/29 15:39:21 Sent {"src":"n0","dest":"n3","body":{"in_reply_to":22,"type":"broadcast_ok"}}
2025/06/29 15:39:21 Received {n3 n0 {"in_reply_to":20,"type":"broadcast_ok"}}
2025/06/29 15:39:21 Received {n1 n0 {"in_reply_to":19,"type":"broadcast_ok"}}
2025/06/29 15:39:21 Received {n1 n0 {"messages":[0,2,4,1,3,6,7,9,11,5,10,12,14,15,13,19,17,18,21,25,23,24,27,26,8,16,20,22,29,28],"msg_id":31,"type":"broadcast"}}
2025/06/29 15:39:21 Sent {"src":"n0","dest":"n1","body":{"in_reply_to":31,"type":"broadcast_ok"}}
2025/06/29 15:39:21 Received {c14 n0 {"type":"read","msg_id":20}}
2025/06/29 15:39:21 Sent {"src":"n0","dest":"c14","body":{"in_reply_to":20,"messages":[0,1,3,2,4,6,7,5,10,9,12,11,14,15,17,18,13,19,21,24,25,23,26,28,27,8,16,20,22,29],"type":"read_ok"}}
2025/06/29 15:39:21 Received {c14 n0 {"type":"read","msg_id":21}}
2025/06/29 15:39:21 Sent {"src":"n0","dest":"c14","body":{"in_reply_to":21,"messages":[0,1,3,2,4,6,7,5,10,9,12,11,14,15,17,18,13,19,21,24,25,23,26,28,27,8,16,20,22,29],"type":"read_ok"}}
2025/06/29 15:39:21 Sent {"src":"n0","dest":"n1","body":{"messages":[0,1,3,2,4,6,7,5,10,9,12,11,14,15,17,18,13,19,21,24,25,23,26,28,27,8,16,20,22,29],"msg_id":21,"type":"broadcast"}}
2025/06/29 15:39:21 Sent {"src":"n0","dest":"n3","body":{"messages":[0,1,3,2,4,6,7,5,10,9,12,11,14,15,17,18,13,19,21,24,25,23,26,28,27,8,16,20,22,29],"msg_id":22,"type":"broadcast"}}
2025/06/29 15:39:21 Received {n3 n0 {"messages":[1,2,0,3,5,4,6,7,9,12,10,17,11,13,14,15,18,19,21,24,23,26,25,28,27,30,32],"msg_id":23,"type":"broadcast"}}
2025/06/29 15:39:21 Received {n3 n0 {"in_reply_to":22,"type":"broadcast_ok"}}
2025/06/29 15:39:21 Received {n1 n0 {"in_reply_to":21,"type":"broadcast_ok"}}
2025/06/29 15:39:21 Received {n1 n0 {"messages":[0,2,4,1,3,6,7,9,11,5,10,12,14,15,13,19,17,18,21,25,23,24,27,26,8,16,20,22,29,28,30,31],"msg_id":35,"type":"broadcast"}}
2025/06/29 15:39:21 Sent {"src":"n0","dest":"n3","body":{"in_reply_to":23,"type":"broadcast_ok"}}
2025/06/29 15:39:21 Sent {"src":"n0","dest":"n1","body":{"in_reply_to":35,"type":"broadcast_ok"}}
2025/06/29 15:39:21 Received {c14 n0 {"type":"broadcast","message":34,"msg_id":22}}
2025/06/29 15:39:21 Sent {"src":"n0","dest":"c14","body":{"in_reply_to":22,"type":"broadcast_ok"}}
2025/06/29 15:39:22 Sent {"src":"n0","dest":"n3","body":{"messages":[0,1,3,2,4,6,7,5,10,9,12,11,14,15,17,18,13,19,21,24,25,23,26,28,27,8,16,20,22,29,30,32,31,34],"msg_id":24,"type":"broadcast"}}
2025/06/29 15:39:22 Sent {"src":"n0","dest":"n1","body":{"messages":[0,1,3,2,4,6,7,5,10,9,12,11,14,15,17,18,13,19,21,24,25,23,26,28,27,8,16,20,22,29,30,32,31,34],"msg_id":23,"type":"broadcast"}}
2025/06/29 15:39:22 Received {n3 n0 {"messages":[1,2,0,3,5,4,6,7,9,12,10,17,11,13,14,15,18,19,21,24,23,26,25,28,27,30,32,8,16,20,22,29,33],"msg_id":26,"type":"broadcast"}}
2025/06/29 15:39:22 Received {n1 n0 {"messages":[0,2,4,1,3,6,7,9,11,5,10,12,14,15,13,19,17,18,21,25,23,24,27,26,8,16,20,22,29,28,30,31,33],"msg_id":37,"type":"broadcast"}}
2025/06/29 15:39:22 Sent {"src":"n0","dest":"n3","body":{"in_reply_to":26,"type":"broadcast_ok"}}
2025/06/29 15:39:22 Sent {"src":"n0","dest":"n1","body":{"in_reply_to":37,"type":"broadcast_ok"}}
2025/06/29 15:39:22 Received {n3 n0 {"in_reply_to":24,"type":"broadcast_ok"}}
2025/06/29 15:39:22 Received {n1 n0 {"in_reply_to":23,"type":"broadcast_ok"}}
2025/06/29 15:39:22 Received {c14 n0 {"type":"read","msg_id":23}}
2025/06/29 15:39:22 Sent {"src":"n0","dest":"c14","body":{"in_reply_to":23,"messages":[0,1,3,2,4,6,7,5,10,9,12,11,14,15,17,18,13,19,21,24,25,23,26,28,27,8,16,20,22,29,30,32,31,34,33],"type":"read_ok"}}
2025/06/29 15:39:22 Received {c14 n0 {"type":"broadcast","message":37,"msg_id":24}}
2025/06/29 15:39:22 Sent {"src":"n0","dest":"c14","body":{"in_reply_to":24,"type":"broadcast_ok"}}
2025/06/29 15:39:22 Sent {"src":"n0","dest":"n1","body":{"messages":[0,1,3,2,4,6,7,5,10,9,12,11,14,15,17,18,13,19,21,24,25,23,26,28,27,8,16,20,22,29,30,32,31,34,33,37],"msg_id":25,"type":"broadcast"}}
2025/06/29 15:39:22 Sent {"src":"n0","dest":"n3","body":{"messages":[0,1,3,2,4,6,7,5,10,9,12,11,14,15,17,18,13,19,21,24,25,23,26,28,27,8,16,20,22,29,30,32,31,34,33,37],"msg_id":26,"type":"broadcast"}}
2025/06/29 15:39:22 Received {n1 n0 {"messages":[0,2,4,1,3,6,7,9,11,5,10,12,14,15,13,19,17,18,21,25,23,24,27,26,8,16,20,22,29,28,30,31,33,32,34],"msg_id":40,"type":"broadcast"}}
2025/06/29 15:39:22 Received {n3 n0 {"messages":[1,2,0,3,5,4,6,7,9,12,10,17,11,13,14,15,18,19,21,24,23,26,25,28,27,30,32,8,16,20,22,29,33,31,34,35],"msg_id":27,"type":"broadcast"}}
2025/06/29 15:39:22 Received {n3 n0 {"in_reply_to":26,"type":"broadcast_ok"}}
2025/06/29 15:39:22 Received {n1 n0 {"in_reply_to":25,"type":"broadcast_ok"}}
2025/06/29 15:39:22 Sent {"src":"n0","dest":"n3","body":{"in_reply_to":27,"type":"broadcast_ok"}}
2025/06/29 15:39:22 Sent {"src":"n0","dest":"n1","body":{"in_reply_to":40,"type":"broadcast_ok"}}
2025/06/29 15:39:22 Received {c14 n0 {"type":"broadcast","message":39,"msg_id":25}}
2025/06/29 15:39:22 Sent {"src":"n0","dest":"c14","body":{"in_reply_to":25,"type":"broadcast_ok"}}
2025/06/29 15:39:22 Received {c14 n0 {"type":"broadcast","message":40,"msg_id":26}}
2025/06/29 15:39:22 Sent {"src":"n0","dest":"c14","body":{"in_reply_to":26,"type":"broadcast_ok"}}
2025/06/29 15:39:23 Sent {"src":"n0","dest":"n1","body":{"messages":[0,1,3,2,4,6,7,5,10,9,12,11,14,15,17,18,13,19,21,24,25,23,26,28,27,8,16,20,22,29,30,32,31,34,33,37,35,39,40],"msg_id":27,"type":"broadcast"}}
2025/06/29 15:39:23 Sent {"src":"n0","dest":"n3","body":{"messages":[0,1,3,2,4,6,7,5,10,9,12,11,14,15,17,18,13,19,21,24,25,23,26,28,27,8,16,20,22,29,30,32,31,34,33,37,35,39,40],"msg_id":28,"type":"broadcast"}}
2025/06/29 15:39:23 Received {n3 n0 {"messages":[1,2,0,3,5,4,6,7,9,12,10,17,11,13,14,15,18,19,21,24,23,26,25,28,27,30,32,8,16,20,22,29,33,31,34,35,36,37,38],"msg_id":30,"type":"broadcast"}}
2025/06/29 15:39:23 Received {n1 n0 {"messages":[0,2,4,1,3,6,7,9,11,5,10,12,14,15,13,19,17,18,21,25,23,24,27,26,8,16,20,22,29,28,30,31,33,32,34,36,37],"msg_id":45,"type":"broadcast"}}
2025/06/29 15:39:23 Sent {"src":"n0","dest":"n3","body":{"in_reply_to":30,"type":"broadcast_ok"}}
2025/06/29 15:39:23 Sent {"src":"n0","dest":"n1","body":{"in_reply_to":45,"type":"broadcast_ok"}}
2025/06/29 15:39:23 Received {n3 n0 {"in_reply_to":28,"type":"broadcast_ok"}}
2025/06/29 15:39:23 Received {n1 n0 {"in_reply_to":27,"type":"broadcast_ok"}}
2025/06/29 15:39:23 Received {c14 n0 {"type":"broadcast","message":43,"msg_id":27}}
2025/06/29 15:39:23 Sent {"src":"n0","dest":"c14","body":{"in_reply_to":27,"type":"broadcast_ok"}}
2025/06/29 15:39:23 Sent {"src":"n0","dest":"n3","body":{"messages":[0,1,3,2,4,6,7,5,10,9,12,11,14,15,17,18,13,19,21,24,25,23,26,28,27,8,16,20,22,29,30,32,31,34,33,37,35,39,40,36,38,43],"msg_id":29,"type":"broadcast"}}
2025/06/29 15:39:23 Sent {"src":"n0","dest":"n1","body":{"messages":[0,1,3,2,4,6,7,5,10,9,12,11,14,15,17,18,13,19,21,24,25,23,26,28,27,8,16,20,22,29,30,32,31,34,33,37,35,39,40,36,38,43],"msg_id":30,"type":"broadcast"}}
2025/06/29 15:39:23 Received {n3 n0 {"messages":[1,2,0,3,5,4,6,7,9,12,10,17,11,13,14,15,18,19,21,24,23,26,25,28,27,30,32,8,16,20,22,29,33,31,34,35,36,37,38,39,40],"msg_id":31,"type":"broadcast"}}
2025/06/29 15:39:23 Received {n3 n0 {"in_reply_to":29,"type":"broadcast_ok"}}
2025/06/29 15:39:23 Received {n1 n0 {"messages":[0,2,4,1,3,6,7,9,11,5,10,12,14,15,13,19,17,18,21,25,23,24,27,26,8,16,20,22,29,28,30,31,33,32,34,36,37,35,39,40,41],"msg_id":46,"type":"broadcast"}}
2025/06/29 15:39:23 Received {n1 n0 {"in_reply_to":30,"type":"broadcast_ok"}}
2025/06/29 15:39:23 Sent {"src":"n0","dest":"n3","body":{"in_reply_to":31,"type":"broadcast_ok"}}
2025/06/29 15:39:23 Sent {"src":"n0","dest":"n1","body":{"in_reply_to":46,"type":"broadcast_ok"}}
2025/06/29 15:39:23 Received {c14 n0 {"type":"read","msg_id":28}}
2025/06/29 15:39:23 Sent {"src":"n0","dest":"c14","body":{"in_reply_to":28,"messages":[0,1,3,2,4,6,7,5,10,9,12,11,14,15,17,18,13,19,21,24,25,23,26,28,27,8,16,20,22,29,30,32,31,34,33,37,35,39,40,36,38,43,41],"type":"read_ok"}}
2025/06/29 15:39:24 Sent {"src":"n0","dest":"n1","body":{"messages":[0,1,3,2,4,6,7,5,10,9,12,11,14,15,17,18,13,19,21,24,25,23,26,28,27,8,16,20,22,29,30,32,31,34,33,37,35,39,40,36,38,43,41],"msg_id":31,"type":"broadcast"}}
2025/06/29 15:39:24 Sent {"src":"n0","dest":"n3","body":{"messages":[0,1,3,2,4,6,7,5,10,9,12,11,14,15,17,18,13,19,21,24,25,23,26,28,27,8,16,20,22,29,30,32,31,34,33,37,35,39,40,36,38,43,41],"msg_id":32,"type":"broadcast"}}
2025/06/29 15:39:24 Received {c14 n0 {"type":"broadcast","message":47,"msg_id":29}}
2025/06/29 15:39:24 Sent {"src":"n0","dest":"c14","body":{"in_reply_to":29,"type":"broadcast_ok"}}
2025/06/29 15:39:24 Received {c14 n0 {"type":"broadcast","message":48,"msg_id":30}}
2025/06/29 15:39:24 Sent {"src":"n0","dest":"c14","body":{"in_reply_to":30,"type":"broadcast_ok"}}
2025/06/29 15:39:24 Sent {"src":"n0","dest":"n1","body":{"messages":[0,1,3,2,4,6,7,5,10,9,12,11,14,15,17,18,13,19,21,24,25,23,26,28,27,8,16,20,22,29,30,32,31,34,33,37,35,39,40,36,38,43,41,47,48],"msg_id":33,"type":"broadcast"}}
2025/06/29 15:39:24 Sent {"src":"n0","dest":"n3","body":{"messages":[0,1,3,2,4,6,7,5,10,9,12,11,14,15,17,18,13,19,21,24,25,23,26,28,27,8,16,20,22,29,30,32,31,34,33,37,35,39,40,36,38,43,41,47,48],"msg_id":34,"type":"broadcast"}}
2025/06/29 15:39:24 Received {c14 n0 {"type":"broadcast","message":52,"msg_id":31}}
2025/06/29 15:39:24 Sent {"src":"n0","dest":"c14","body":{"in_reply_to":31,"type":"broadcast_ok"}}
2025/06/29 15:39:24 Received {c14 n0 {"type":"read","msg_id":32}}
2025/06/29 15:39:24 Sent {"src":"n0","dest":"c14","body":{"in_reply_to":32,"messages":[0,1,3,2,4,6,7,5,10,9,12,11,14,15,17,18,13,19,21,24,25,23,26,28,27,8,16,20,22,29,30,32,31,34,33,37,35,39,40,36,38,43,41,47,48,52],"type":"read_ok"}}
2025/06/29 15:39:25 Sent {"src":"n0","dest":"n1","body":{"messages":[0,1,3,2,4,6,7,5,10,9,12,11,14,15,17,18,13,19,21,24,25,23,26,28,27,8,16,20,22,29,30,32,31,34,33,37,35,39,40,36,38,43,41,47,48,52],"msg_id":35,"type":"broadcast"}}
2025/06/29 15:39:25 Sent {"src":"n0","dest":"n3","body":{"messages":[0,1,3,2,4,6,7,5,10,9,12,11,14,15,17,18,13,19,21,24,25,23,26,28,27,8,16,20,22,29,30,32,31,34,33,37,35,39,40,36,38,43,41,47,48,52],"msg_id":36,"type":"broadcast"}}
2025/06/29 15:39:25 Received {c14 n0 {"type":"read","msg_id":33}}
2025/06/29 15:39:25 Sent {"src":"n0","dest":"c14","body":{"in_reply_to":33,"messages":[0,1,3,2,4,6,7,5,10,9,12,11,14,15,17,18,13,19,21,24,25,23,26,28,27,8,16,20,22,29,30,32,31,34,33,37,35,39,40,36,38,43,41,47,48,52],"type":"read_ok"}}
2025/06/29 15:39:25 Received {c14 n0 {"type":"read","msg_id":34}}
2025/06/29 15:39:25 Sent {"src":"n0","dest":"c14","body":{"in_reply_to":34,"messages":[0,1,3,2,4,6,7,5,10,9,12,11,14,15,17,18,13,19,21,24,25,23,26,28,27,8,16,20,22,29,30,32,31,34,33,37,35,39,40,36,38,43,41,47,48,52],"type":"read_ok"}}
2025/06/29 15:39:25 Sent {"src":"n0","dest":"n1","body":{"messages":[0,1,3,2,4,6,7,5,10,9,12,11,14,15,17,18,13,19,21,24,25,23,26,28,27,8,16,20,22,29,30,32,31,34,33,37,35,39,40,36,38,43,41,47,48,52],"msg_id":37,"type":"broadcast"}}
2025/06/29 15:39:25 Sent {"src":"n0","dest":"n3","body":{"messages":[0,1,3,2,4,6,7,5,10,9,12,11,14,15,17,18,13,19,21,24,25,23,26,28,27,8,16,20,22,29,30,32,31,34,33,37,35,39,40,36,38,43,41,47,48,52],"msg_id":38,"type":"broadcast"}}
2025/06/29 15:39:26 Sent {"src":"n0","dest":"n3","body":{"messages":[0,1,3,2,4,6,7,5,10,9,12,11,14,15,17,18,13,19,21,24,25,23,26,28,27,8,16,20,22,29,30,32,31,34,33,37,35,39,40,36,38,43,41,47,48,52],"msg_id":40,"type":"broadcast"}}
2025/06/29 15:39:26 Sent {"src":"n0","dest":"n1","body":{"messages":[0,1,3,2,4,6,7,5,10,9,12,11,14,15,17,18,13,19,21,24,25,23,26,28,27,8,16,20,22,29,30,32,31,34,33,37,35,39,40,36,38,43,41,47,48,52],"msg_id":39,"type":"broadcast"}}
2025/06/29 15:39:26 Received {c14 n0 {"type":"read","msg_id":35}}
2025/06/29 15:39:26 Sent {"src":"n0","dest":"c14","body":{"in_reply_to":35,"messages":[0,1,3,2,4,6,7,5,10,9,12,11,14,15,17,18,13,19,21,24,25,23,26,28,27,8,16,20,22,29,30,32,31,34,33,37,35,39,40,36,38,43,41,47,48,52],"type":"read_ok"}}
2025/06/29 15:39:26 Received {c14 n0 {"type":"broadcast","message":55,"msg_id":36}}
2025/06/29 15:39:26 Sent {"src":"n0","dest":"c14","body":{"in_reply_to":36,"type":"broadcast_ok"}}
2025/06/29 15:39:26 Sent {"src":"n0","dest":"n1","body":{"messages":[0,1,3,2,4,6,7,5,10,9,12,11,14,15,17,18,13,19,21,24,25,23,26,28,27,8,16,20,22,29,30,32,31,34,33,37,35,39,40,36,38,43,41,47,48,52,55],"msg_id":42,"type":"broadcast"}}
2025/06/29 15:39:26 Sent {"src":"n0","dest":"n3","body":{"messages":[0,1,3,2,4,6,7,5,10,9,12,11,14,15,17,18,13,19,21,24,25,23,26,28,27,8,16,20,22,29,30,32,31,34,33,37,35,39,40,36,38,43,41,47,48,52,55],"msg_id":41,"type":"broadcast"}}
2025/06/29 15:39:26 Received {c14 n0 {"type":"broadcast","message":58,"msg_id":37}}
2025/06/29 15:39:26 Sent {"src":"n0","dest":"c14","body":{"in_reply_to":37,"type":"broadcast_ok"}}
2025/06/29 15:39:26 Received {c14 n0 {"type":"broadcast","message":59,"msg_id":38}}
2025/06/29 15:39:26 Sent {"src":"n0","dest":"c14","body":{"in_reply_to":38,"type":"broadcast_ok"}}
2025/06/29 15:39:27 Sent {"src":"n0","dest":"n1","body":{"messages":[0,1,3,2,4,6,7,5,10,9,12,11,14,15,17,18,13,19,21,24,25,23,26,28,27,8,16,20,22,29,30,32,31,34,33,37,35,39,40,36,38,43,41,47,48,52,55,58,59],"msg_id":43,"type":"broadcast"}}
2025/06/29 15:39:27 Sent {"src":"n0","dest":"n3","body":{"messages":[0,1,3,2,4,6,7,5,10,9,12,11,14,15,17,18,13,19,21,24,25,23,26,28,27,8,16,20,22,29,30,32,31,34,33,37,35,39,40,36,38,43,41,47,48,52,55,58,59],"msg_id":44,"type":"broadcast"}}
2025/06/29 15:39:27 Sent {"src":"n0","dest":"n1","body":{"messages":[0,1,3,2,4,6,7,5,10,9,12,11,14,15,17,18,13,19,21,24,25,23,26,28,27,8,16,20,22,29,30,32,31,34,33,37,35,39,40,36,38,43,41,47,48,52,55,58,59],"msg_id":45,"type":"broadcast"}}
2025/06/29 15:39:27 Sent {"src":"n0","dest":"n3","body":{"messages":[0,1,3,2,4,6,7,5,10,9,12,11,14,15,17,18,13,19,21,24,25,23,26,28,27,8,16,20,22,29,30,32,31,34,33,37,35,39,40,36,38,43,41,47,48,52,55,58,59],"msg_id":46,"type":"broadcast"}}
2025/06/29 15:39:27 Received {c14 n0 {"type":"broadcast","message":62,"msg_id":39}}
2025/06/29 15:39:27 Sent {"src":"n0","dest":"c14","body":{"in_reply_to":39,"type":"broadcast_ok"}}
2025/06/29 15:39:27 Received {c14 n0 {"type":"read","msg_id":40}}
2025/06/29 15:39:27 Sent {"src":"n0","dest":"c14","body":{"in_reply_to":40,"messages":[0,1,3,2,4,6,7,5,10,9,12,11,14,15,17,18,13,19,21,24,25,23,26,28,27,8,16,20,22,29,30,32,31,34,33,37,35,39,40,36,38,43,41,47,48,52,55,58,59,62],"type":"read_ok"}}
2025/06/29 15:39:28 Sent {"src":"n0","dest":"n1","body":{"messages":[0,1,3,2,4,6,7,5,10,9,12,11,14,15,17,18,13,19,21,24,25,23,26,28,27,8,16,20,22,29,30,32,31,34,33,37,35,39,40,36,38,43,41,47,48,52,55,58,59,62],"msg_id":47,"type":"broadcast"}}
2025/06/29 15:39:28 Sent {"src":"n0","dest":"n3","body":{"messages":[0,1,3,2,4,6,7,5,10,9,12,11,14,15,17,18,13,19,21,24,25,23,26,28,27,8,16,20,22,29,30,32,31,34,33,37,35,39,40,36,38,43,41,47,48,52,55,58,59,62],"msg_id":48,"type":"broadcast"}}
2025/06/29 15:39:28 Received {c14 n0 {"type":"broadcast","message":66,"msg_id":41}}
2025/06/29 15:39:28 Sent {"src":"n0","dest":"c14","body":{"in_reply_to":41,"type":"broadcast_ok"}}
2025/06/29 15:39:28 Received {c14 n0 {"type":"broadcast","message":67,"msg_id":42}}
2025/06/29 15:39:28 Sent {"src":"n0","dest":"c14","body":{"in_reply_to":42,"type":"broadcast_ok"}}
2025/06/29 15:39:28 Sent {"src":"n0","dest":"n1","body":{"messages":[0,1,3,2,4,6,7,5,10,9,12,11,14,15,17,18,13,19,21,24,25,23,26,28,27,8,16,20,22,29,30,32,31,34,33,37,35,39,40,36,38,43,41,47,48,52,55,58,59,62,66,67],"msg_id":49,"type":"broadcast"}}
2025/06/29 15:39:28 Sent {"src":"n0","dest":"n3","body":{"messages":[0,1,3,2,4,6,7,5,10,9,12,11,14,15,17,18,13,19,21,24,25,23,26,28,27,8,16,20,22,29,30,32,31,34,33,37,35,39,40,36,38,43,41,47,48,52,55,58,59,62,66,67],"msg_id":50,"type":"broadcast"}}
2025/06/29 15:39:29 Sent {"src":"n0","dest":"n1","body":{"messages":[0,1,3,2,4,6,7,5,10,9,12,11,14,15,17,18,13,19,21,24,25,23,26,28,27,8,16,20,22,29,30,32,31,34,33,37,35,39,40,36,38,43,41,47,48,52,55,58,59,62,66,67],"msg_id":51,"type":"broadcast"}}
2025/06/29 15:39:29 Sent {"src":"n0","dest":"n3","body":{"messages":[0,1,3,2,4,6,7,5,10,9,12,11,14,15,17,18,13,19,21,24,25,23,26,28,27,8,16,20,22,29,30,32,31,34,33,37,35,39,40,36,38,43,41,47,48,52,55,58,59,62,66,67],"msg_id":52,"type":"broadcast"}}
2025/06/29 15:39:29 Received {c14 n0 {"type":"broadcast","message":71,"msg_id":43}}
2025/06/29 15:39:29 Sent {"src":"n0","dest":"c14","body":{"in_reply_to":43,"type":"broadcast_ok"}}
2025/06/29 15:39:29 Received {c14 n0 {"type":"read","msg_id":44}}
2025/06/29 15:39:29 Sent {"src":"n0","dest":"c14","body":{"in_reply_to":44,"messages":[0,1,3,2,4,6,7,5,10,9,12,11,14,15,17,18,13,19,21,24,25,23,26,28,27,8,16,20,22,29,30,32,31,34,33,37,35,39,40,36,38,43,41,47,48,52,55,58,59,62,66,67,71],"type":"read_ok"}}
2025/06/29 15:39:29 Sent {"src":"n0","dest":"n1","body":{"messages":[0,1,3,2,4,6,7,5,10,9,12,11,14,15,17,18,13,19,21,24,25,23,26,28,27,8,16,20,22,29,30,32,31,34,33,37,35,39,40,36,38,43,41,47,48,52,55,58,59,62,66,67,71],"msg_id":53,"type":"broadcast"}}
2025/06/29 15:39:29 Sent {"src":"n0","dest":"n3","body":{"messages":[0,1,3,2,4,6,7,5,10,9,12,11,14,15,17,18,13,19,21,24,25,23,26,28,27,8,16,20,22,29,30,32,31,34,33,37,35,39,40,36,38,43,41,47,48,52,55,58,59,62,66,67,71],"msg_id":54,"type":"broadcast"}}
2025/06/29 15:39:29 Received {c14 n0 {"type":"broadcast","message":73,"msg_id":45}}
2025/06/29 15:39:29 Sent {"src":"n0","dest":"c14","body":{"in_reply_to":45,"type":"broadcast_ok"}}
2025/06/29 15:39:29 Received {c14 n0 {"type":"read","msg_id":46}}
2025/06/29 15:39:29 Sent {"src":"n0","dest":"c14","body":{"in_reply_to":46,"messages":[0,1,3,2,4,6,7,5,10,9,12,11,14,15,17,18,13,19,21,24,25,23,26,28,27,8,16,20,22,29,30,32,31,34,33,37,35,39,40,36,38,43,41,47,48,52,55,58,59,62,66,67,71,73],"type":"read_ok"}}
2025/06/29 15:39:30 Sent {"src":"n0","dest":"n1","body":{"messages":[0,1,3,2,4,6,7,5,10,9,12,11,14,15,17,18,13,19,21,24,25,23,26,28,27,8,16,20,22,29,30,32,31,34,33,37,35,39,40,36,38,43,41,47,48,52,55,58,59,62,66,67,71,73],"msg_id":55,"type":"broadcast"}}
2025/06/29 15:39:30 Sent {"src":"n0","dest":"n3","body":{"messages":[0,1,3,2,4,6,7,5,10,9,12,11,14,15,17,18,13,19,21,24,25,23,26,28,27,8,16,20,22,29,30,32,31,34,33,37,35,39,40,36,38,43,41,47,48,52,55,58,59,62,66,67,71,73],"msg_id":56,"type":"broadcast"}}
2025/06/29 15:39:30 Sent {"src":"n0","dest":"n1","body":{"messages":[0,1,3,2,4,6,7,5,10,9,12,11,14,15,17,18,13,19,21,24,25,23,26,28,27,8,16,20,22,29,30,32,31,34,33,37,35,39,40,36,38,43,41,47,48,52,55,58,59,62,66,67,71,73],"msg_id":57,"type":"broadcast"}}
2025/06/29 15:39:30 Sent {"src":"n0","dest":"n3","body":{"messages":[0,1,3,2,4,6,7,5,10,9,12,11,14,15,17,18,13,19,21,24,25,23,26,28,27,8,16,20,22,29,30,32,31,34,33,37,35,39,40,36,38,43,41,47,48,52,55,58,59,62,66,67,71,73],"msg_id":58,"type":"broadcast"}}
2025/06/29 15:39:30 Received {c14 n0 {"type":"broadcast","message":76,"msg_id":47}}
2025/06/29 15:39:30 Sent {"src":"n0","dest":"c14","body":{"in_reply_to":47,"type":"broadcast_ok"}}
2025/06/29 15:39:30 Received {c14 n0 {"type":"broadcast","message":77,"msg_id":48}}
2025/06/29 15:39:30 Sent {"src":"n0","dest":"c14","body":{"in_reply_to":48,"type":"broadcast_ok"}}
2025/06/29 15:39:30 Received {c14 n0 {"type":"broadcast","message":78,"msg_id":49}}
2025/06/29 15:39:30 Sent {"src":"n0","dest":"c14","body":{"in_reply_to":49,"type":"broadcast_ok"}}
2025/06/29 15:39:31 Received {c14 n0 {"type":"read","msg_id":50}}
2025/06/29 15:39:31 Sent {"src":"n0","dest":"c14","body":{"in_reply_to":50,"messages":[0,1,3,2,4,6,7,5,10,9,12,11,14,15,17,18,13,19,21,24,25,23,26,28,27,8,16,20,22,29,30,32,31,34,33,37,35,39,40,36,38,43,41,47,48,52,55,58,59,62,66,67,71,73,76,77,78],"type":"read_ok"}}
2025/06/29 15:39:31 Sent {"src":"n0","dest":"n1","body":{"messages":[0,1,3,2,4,6,7,5,10,9,12,11,14,15,17,18,13,19,21,24,25,23,26,28,27,8,16,20,22,29,30,32,31,34,33,37,35,39,40,36,38,43,41,47,48,52,55,58,59,62,66,67,71,73,76,77,78],"msg_id":59,"type":"broadcast"}}
2025/06/29 15:39:31 Sent {"src":"n0","dest":"n3","body":{"messages":[0,1,3,2,4,6,7,5,10,9,12,11,14,15,17,18,13,19,21,24,25,23,26,28,27,8,16,20,22,29,30,32,31,34,33,37,35,39,40,36,38,43,41,47,48,52,55,58,59,62,66,67,71,73,76,77,78],"msg_id":60,"type":"broadcast"}}
2025/06/29 15:39:31 Sent {"src":"n0","dest":"n1","body":{"messages":[0,1,3,2,4,6,7,5,10,9,12,11,14,15,17,18,13,19,21,24,25,23,26,28,27,8,16,20,22,29,30,32,31,34,33,37,35,39,40,36,38,43,41,47,48,52,55,58,59,62,66,67,71,73,76,77,78],"msg_id":61,"type":"broadcast"}}
2025/06/29 15:39:31 Sent {"src":"n0","dest":"n3","body":{"messages":[0,1,3,2,4,6,7,5,10,9,12,11,14,15,17,18,13,19,21,24,25,23,26,28,27,8,16,20,22,29,30,32,31,34,33,37,35,39,40,36,38,43,41,47,48,52,55,58,59,62,66,67,71,73,76,77,78],"msg_id":62,"type":"broadcast"}}
2025/06/29 15:39:31 Received {c14 n0 {"type":"broadcast","message":81,"msg_id":51}}
2025/06/29 15:39:31 Sent {"src":"n0","dest":"c14","body":{"in_reply_to":51,"type":"broadcast_ok"}}
2025/06/29 15:39:31 Received {c14 n0 {"type":"read","msg_id":52}}
2025/06/29 15:39:31 Sent {"src":"n0","dest":"c14","body":{"in_reply_to":52,"messages":[0,1,3,2,4,6,7,5,10,9,12,11,14,15,17,18,13,19,21,24,25,23,26,28,27,8,16,20,22,29,30,32,31,34,33,37,35,39,40,36,38,43,41,47,48,52,55,58,59,62,66,67,71,73,76,77,78,81],"type":"read_ok"}}
2025/06/29 15:39:32 Received {c14 n0 {"type":"broadcast","message":82,"msg_id":53}}
2025/06/29 15:39:32 Sent {"src":"n0","dest":"c14","body":{"in_reply_to":53,"type":"broadcast_ok"}}
2025/06/29 15:39:32 Sent {"src":"n0","dest":"n1","body":{"messages":[0,1,3,2,4,6,7,5,10,9,12,11,14,15,17,18,13,19,21,24,25,23,26,28,27,8,16,20,22,29,30,32,31,34,33,37,35,39,40,36,38,43,41,47,48,52,55,58,59,62,66,67,71,73,76,77,78,81,82],"msg_id":63,"type":"broadcast"}}
2025/06/29 15:39:32 Sent {"src":"n0","dest":"n3","body":{"messages":[0,1,3,2,4,6,7,5,10,9,12,11,14,15,17,18,13,19,21,24,25,23,26,28,27,8,16,20,22,29,30,32,31,34,33,37,35,39,40,36,38,43,41,47,48,52,55,58,59,62,66,67,71,73,76,77,78,81,82],"msg_id":64,"type":"broadcast"}}
2025/06/29 15:39:32 Received {c14 n0 {"type":"broadcast","message":83,"msg_id":54}}
2025/06/29 15:39:32 Sent {"src":"n0","dest":"c14","body":{"in_reply_to":54,"type":"broadcast_ok"}}
2025/06/29 15:39:32 Sent {"src":"n0","dest":"n3","body":{"messages":[0,1,3,2,4,6,7,5,10,9,12,11,14,15,17,18,13,19,21,24,25,23,26,28,27,8,16,20,22,29,30,32,31,34,33,37,35,39,40,36,38,43,41,47,48,52,55,58,59,62,66,67,71,73,76,77,78,81,82,83],"msg_id":66,"type":"broadcast"}}
2025/06/29 15:39:32 Sent {"src":"n0","dest":"n1","body":{"messages":[0,1,3,2,4,6,7,5,10,9,12,11,14,15,17,18,13,19,21,24,25,23,26,28,27,8,16,20,22,29,30,32,31,34,33,37,35,39,40,36,38,43,41,47,48,52,55,58,59,62,66,67,71,73,76,77,78,81,82,83],"msg_id":65,"type":"broadcast"}}
2025/06/29 15:39:32 Received {c14 n0 {"type":"broadcast","message":84,"msg_id":55}}
2025/06/29 15:39:32 Sent {"src":"n0","dest":"c14","body":{"in_reply_to":55,"type":"broadcast_ok"}}
2025/06/29 15:39:32 Received {c14 n0 {"type":"read","msg_id":56}}
2025/06/29 15:39:32 Sent {"src":"n0","dest":"c14","body":{"in_reply_to":56,"messages":[0,1,3,2,4,6,7,5,10,9,12,11,14,15,17,18,13,19,21,24,25,23,26,28,27,8,16,20,22,29,30,32,31,34,33,37,35,39,40,36,38,43,41,47,48,52,55,58,59,62,66,67,71,73,76,77,78,81,82,83,84],"type":"read_ok"}}
2025/06/29 15:39:33 Sent {"src":"n0","dest":"n3","body":{"messages":[0,1,3,2,4,6,7,5,10,9,12,11,14,15,17,18,13,19,21,24,25,23,26,28,27,8,16,20,22,29,30,32,31,34,33,37,35,39,40,36,38,43,41,47,48,52,55,58,59,62,66,67,71,73,76,77,78,81,82,83,84],"msg_id":68,"type":"broadcast"}}
2025/06/29 15:39:33 Sent {"src":"n0","dest":"n1","body":{"messages":[0,1,3,2,4,6,7,5,10,9,12,11,14,15,17,18,13,19,21,24,25,23,26,28,27,8,16,20,22,29,30,32,31,34,33,37,35,39,40,36,38,43,41,47,48,52,55,58,59,62,66,67,71,73,76,77,78,81,82,83,84],"msg_id":67,"type":"broadcast"}}
2025/06/29 15:39:33 Received {c14 n0 {"type":"read","msg_id":57}}
2025/06/29 15:39:33 Sent {"src":"n0","dest":"c14","body":{"in_reply_to":57,"messages":[0,1,3,2,4,6,7,5,10,9,12,11,14,15,17,18,13,19,21,24,25,23,26,28,27,8,16,20,22,29,30,32,31,34,33,37,35,39,40,36,38,43,41,47,48,52,55,58,59,62,66,67,71,73,76,77,78,81,82,83,84],"type":"read_ok"}}
2025/06/29 15:39:33 Received {c14 n0 {"type":"read","msg_id":58}}
2025/06/29 15:39:33 Sent {"src":"n0","dest":"c14","body":{"in_reply_to":58,"messages":[0,1,3,2,4,6,7,5,10,9,12,11,14,15,17,18,13,19,21,24,25,23,26,28,27,8,16,20,22,29,30,32,31,34,33,37,35,39,40,36,38,43,41,47,48,52,55,58,59,62,66,67,71,73,76,77,78,81,82,83,84],"type":"read_ok"}}
2025/06/29 15:39:33 Sent {"src":"n0","dest":"n1","body":{"messages":[0,1,3,2,4,6,7,5,10,9,12,11,14,15,17,18,13,19,21,24,25,23,26,28,27,8,16,20,22,29,30,32,31,34,33,37,35,39,40,36,38,43,41,47,48,52,55,58,59,62,66,67,71,73,76,77,78,81,82,83,84],"msg_id":69,"type":"broadcast"}}
2025/06/29 15:39:33 Sent {"src":"n0","dest":"n3","body":{"messages":[0,1,3,2,4,6,7,5,10,9,12,11,14,15,17,18,13,19,21,24,25,23,26,28,27,8,16,20,22,29,30,32,31,34,33,37,35,39,40,36,38,43,41,47,48,52,55,58,59,62,66,67,71,73,76,77,78,81,82,83,84],"msg_id":70,"type":"broadcast"}}
2025/06/29 15:39:33 Received {c14 n0 {"type":"read","msg_id":59}}
2025/06/29 15:39:33 Sent {"src":"n0","dest":"c14","body":{"in_reply_to":59,"messages":[0,1,3,2,4,6,7,5,10,9,12,11,14,15,17,18,13,19,21,24,25,23,26,28,27,8,16,20,22,29,30,32,31,34,33,37,35,39,40,36,38,43,41,47,48,52,55,58,59,62,66,67,71,73,76,77,78,81,82,83,84],"type":"read_ok"}}
2025/06/29 15:39:33 Received {c14 n0 {"type":"read","msg_id":60}}
2025/06/29 15:39:33 Sent {"src":"n0","dest":"c14","body":{"in_reply_to":60,"messages":[0,1,3,2,4,6,7,5,10,9,12,11,14,15,17,18,13,19,21,24,25,23,26,28,27,8,16,20,22,29,30,32,31,34,33,37,35,39,40,36,38,43,41,47,48,52,55,58,59,62,66,67,71,73,76,77,78,81,82,83,84],"type":"read_ok"}}
2025/06/29 15:39:34 Sent {"src":"n0","dest":"n3","body":{"messages":[0,1,3,2,4,6,7,5,10,9,12,11,14,15,17,18,13,19,21,24,25,23,26,28,27,8,16,20,22,29,30,32,31,34,33,37,35,39,40,36,38,43,41,47,48,52,55,58,59,62,66,67,71,73,76,77,78,81,82,83,84],"msg_id":72,"type":"broadcast"}}
2025/06/29 15:39:34 Sent {"src":"n0","dest":"n1","body":{"messages":[0,1,3,2,4,6,7,5,10,9,12,11,14,15,17,18,13,19,21,24,25,23,26,28,27,8,16,20,22,29,30,32,31,34,33,37,35,39,40,36,38,43,41,47,48,52,55,58,59,62,66,67,71,73,76,77,78,81,82,83,84],"msg_id":71,"type":"broadcast"}}
2025/06/29 15:39:34 Received {c14 n0 {"type":"read","msg_id":61}}
2025/06/29 15:39:34 Sent {"src":"n0","dest":"c14","body":{"in_reply_to":61,"messages":[0,1,3,2,4,6,7,5,10,9,12,11,14,15,17,18,13,19,21,24,25,23,26,28,27,8,16,20,22,29,30,32,31,34,33,37,35,39,40,36,38,43,41,47,48,52,55,58,59,62,66,67,71,73,76,77,78,81,82,83,84],"type":"read_ok"}}
2025/06/29 15:39:34 Received {c14 n0 {"type":"read","msg_id":62}}
2025/06/29 15:39:34 Sent {"src":"n0","dest":"c14","body":{"in_reply_to":62,"messages":[0,1,3,2,4,6,7,5,10,9,12,11,14,15,17,18,13,19,21,24,25,23,26,28,27,8,16,20,22,29,30,32,31,34,33,37,35,39,40,36,38,43,41,47,48,52,55,58,59,62,66,67,71,73,76,77,78,81,82,83,84],"type":"read_ok"}}
2025/06/29 15:39:34 Sent {"src":"n0","dest":"n1","body":{"messages":[0,1,3,2,4,6,7,5,10,9,12,11,14,15,17,18,13,19,21,24,25,23,26,28,27,8,16,20,22,29,30,32,31,34,33,37,35,39,40,36,38,43,41,47,48,52,55,58,59,62,66,67,71,73,76,77,78,81,82,83,84],"msg_id":73,"type":"broadcast"}}
2025/06/29 15:39:34 Sent {"src":"n0","dest":"n3","body":{"messages":[0,1,3,2,4,6,7,5,10,9,12,11,14,15,17,18,13,19,21,24,25,23,26,28,27,8,16,20,22,29,30,32,31,34,33,37,35,39,40,36,38,43,41,47,48,52,55,58,59,62,66,67,71,73,76,77,78,81,82,83,84],"msg_id":74,"type":"broadcast"}}
2025/06/29 15:39:35 Received {c14 n0 {"type":"read","msg_id":63}}
2025/06/29 15:39:35 Sent {"src":"n0","dest":"c14","body":{"in_reply_to":63,"messages":[0,1,3,2,4,6,7,5,10,9,12,11,14,15,17,18,13,19,21,24,25,23,26,28,27,8,16,20,22,29,30,32,31,34,33,37,35,39,40,36,38,43,41,47,48,52,55,58,59,62,66,67,71,73,76,77,78,81,82,83,84],"type":"read_ok"}}
2025/06/29 15:39:35 Sent {"src":"n0","dest":"n1","body":{"messages":[0,1,3,2,4,6,7,5,10,9,12,11,14,15,17,18,13,19,21,24,25,23,26,28,27,8,16,20,22,29,30,32,31,34,33,37,35,39,40,36,38,43,41,47,48,52,55,58,59,62,66,67,71,73,76,77,78,81,82,83,84],"msg_id":75,"type":"broadcast"}}
2025/06/29 15:39:35 Sent {"src":"n0","dest":"n3","body":{"messages":[0,1,3,2,4,6,7,5,10,9,12,11,14,15,17,18,13,19,21,24,25,23,26,28,27,8,16,20,22,29,30,32,31,34,33,37,35,39,40,36,38,43,41,47,48,52,55,58,59,62,66,67,71,73,76,77,78,81,82,83,84],"msg_id":76,"type":"broadcast"}}
2025/06/29 15:39:35 Sent {"src":"n0","dest":"n3","body":{"messages":[0,1,3,2,4,6,7,5,10,9,12,11,14,15,17,18,13,19,21,24,25,23,26,28,27,8,16,20,22,29,30,32,31,34,33,37,35,39,40,36,38,43,41,47,48,52,55,58,59,62,66,67,71,73,76,77,78,81,82,83,84],"msg_id":77,"type":"broadcast"}}
2025/06/29 15:39:35 Sent {"src":"n0","dest":"n1","body":{"messages":[0,1,3,2,4,6,7,5,10,9,12,11,14,15,17,18,13,19,21,24,25,23,26,28,27,8,16,20,22,29,30,32,31,34,33,37,35,39,40,36,38,43,41,47,48,52,55,58,59,62,66,67,71,73,76,77,78,81,82,83,84],"msg_id":78,"type":"broadcast"}}
2025/06/29 15:39:35 Received {n3 n0 {"messages":[1,2,0,3,5,4,6,7,9,12,10,17,11,13,14,15,18,19,21,24,23,26,25,28,27,30,32,8,16,20,22,29,33,31,34,35,36,37,38,39,40,43,42,45,41,46,51,44,49,50,53,54,57,60,56,61,65,63,69,64,70,68,72,74,75,80,79,89,85,86,92,87,88,90,91,95,98],"msg_id":80,"type":"broadcast"}}
2025/06/29 15:39:35 Sent {"src":"n0","dest":"n3","body":{"in_reply_to":80,"type":"broadcast_ok"}}
2025/06/29 15:39:35 Received {n3 n0 {"in_reply_to":77,"type":"broadcast_ok"}}
2025/06/29 15:39:35 Received {n1 n0 {"in_reply_to":78,"type":"broadcast_ok"}}
2025/06/29 15:39:35 Received {n1 n0 {"messages":[0,2,4,1,3,6,7,9,11,5,10,12,14,15,13,19,17,18,21,25,23,24,27,26,8,16,20,22,29,28,30,31,33,32,34,36,37,35,39,40,41,38,43,42,44,46,49,45,50,53,54,51,56,57,63,60,61,64,68,65,70,72,69,74,75,79,80,85,87,88,86,91,89,90,92,93,96,94,95,97,47,48,52,55,58,59,62,66,67,71,73,76,77,78,81,82,83,84],"msg_id":119,"type":"broadcast"}}
2025/06/29 15:39:35 Sent {"src":"n0","dest":"n1","body":{"in_reply_to":119,"type":"broadcast_ok"}}
2025/06/29 15:39:36 Sent {"src":"n0","dest":"n3","body":{"messages":[0,1,3,2,4,6,7,5,10,9,12,11,14,15,17,18,13,19,21,24,25,23,26,28,27,8,16,20,22,29,30,32,31,34,33,37,35,39,40,36,38,43,41,47,48,52,55,58,59,62,66,67,71,73,76,77,78,81,82,83,84,42,45,46,51,44,49,50,53,54,57,60,56,61,65,63,69,64,70,68,72,74,75,80,79,89,85,86,92,87,88,90,91,95,98,93,96,94,97],"msg_id":79,"type":"broadcast"}}
2025/06/29 15:39:36 Sent {"src":"n0","dest":"n1","body":{"messages":[0,1,3,2,4,6,7,5,10,9,12,11,14,15,17,18,13,19,21,24,25,23,26,28,27,8,16,20,22,29,30,32,31,34,33,37,35,39,40,36,38,43,41,47,48,52,55,58,59,62,66,67,71,73,76,77,78,81,82,83,84,42,45,46,51,44,49,50,53,54,57,60,56,61,65,63,69,64,70,68,72,74,75,80,79,89,85,86,92,87,88,90,91,95,98,93,96,94,97],"msg_id":80,"type":"broadcast"}}
2025/06/29 15:39:36 Received {n3 n0 {"messages":[1,2,0,3,5,4,6,7,9,12,10,17,11,13,14,15,18,19,21,24,23,26,25,28,27,30,32,8,16,20,22,29,33,31,34,35,36,37,38,39,40,43,42,45,41,46,51,44,49,50,53,54,57,60,56,61,65,63,69,64,70,68,72,74,75,80,79,89,85,86,92,87,88,90,91,95,98,93,96,94,47,48,52,55,58,59,62,66,67,71,73,76,77,78,81,82,83,84],"msg_id":82,"type":"broadcast"}}
2025/06/29 15:39:36 Sent {"src":"n0","dest":"n3","body":{"in_reply_to":82,"type":"broadcast_ok"}}
2025/06/29 15:39:36 Received {n3 n0 {"in_reply_to":79,"type":"broadcast_ok"}}
2025/06/29 15:39:36 Received {n1 n0 {"in_reply_to":80,"type":"broadcast_ok"}}
2025/06/29 15:39:36 Received {n1 n0 {"messages":[0,2,4,1,3,6,7,9,11,5,10,12,14,15,13,19,17,18,21,25,23,24,27,26,8,16,20,22,29,28,30,31,33,32,34,36,37,35,39,40,41,38,43,42,44,46,49,45,50,53,54,51,56,57,63,60,61,64,68,65,70,72,69,74,75,79,80,85,87,88,86,91,89,90,92,93,96,94,95,97,47,48,52,55,58,59,62,66,67,71,73,76,77,78,81,82,83,84,98],"msg_id":121,"type":"broadcast"}}
2025/06/29 15:39:36 Sent {"src":"n0","dest":"n1","body":{"in_reply_to":121,"type":"broadcast_ok"}}
2025/06/29 15:39:36 Sent {"src":"n0","dest":"n1","body":{"messages":[0,1,3,2,4,6,7,5,10,9,12,11,14,15,17,18,13,19,21,24,25,23,26,28,27,8,16,20,22,29,30,32,31,34,33,37,35,39,40,36,38,43,41,47,48,52,55,58,59,62,66,67,71,73,76,77,78,81,82,83,84,42,45,46,51,44,49,50,53,54,57,60,56,61,65,63,69,64,70,68,72,74,75,80,79,89,85,86,92,87,88,90,91,95,98,93,96,94,97],"msg_id":81,"type":"broadcast"}}
2025/06/29 15:39:36 Sent {"src":"n0","dest":"n3","body":{"messages":[0,1,3,2,4,6,7,5,10,9,12,11,14,15,17,18,13,19,21,24,25,23,26,28,27,8,16,20,22,29,30,32,31,34,33,37,35,39,40,36,38,43,41,47,48,52,55,58,59,62,66,67,71,73,76,77,78,81,82,83,84,42,45,46,51,44,49,50,53,54,57,60,56,61,65,63,69,64,70,68,72,74,75,80,79,89,85,86,92,87,88,90,91,95,98,93,96,94,97],"msg_id":82,"type":"broadcast"}}
2025/06/29 15:39:36 Received {n3 n0 {"messages":[1,2,0,3,5,4,6,7,9,12,10,17,11,13,14,15,18,19,21,24,23,26,25,28,27,30,32,8,16,20,22,29,33,31,34,35,36,37,38,39,40,43,42,45,41,46,51,44,49,50,53,54,57,60,56,61,65,63,69,64,70,68,72,74,75,80,79,89,85,86,92,87,88,90,91,95,98,93,96,94,47,48,52,55,58,59,62,66,67,71,73,76,77,78,81,82,83,84,97],"msg_id":83,"type":"broadcast"}}
2025/06/29 15:39:36 Sent {"src":"n0","dest":"n3","body":{"in_reply_to":83,"type":"broadcast_ok"}}
2025/06/29 15:39:36 Received {n3 n0 {"in_reply_to":82,"type":"broadcast_ok"}}
2025/06/29 15:39:36 Received {n1 n0 {"in_reply_to":81,"type":"broadcast_ok"}}
2025/06/29 15:39:36 Received {n1 n0 {"messages":[0,2,4,1,3,6,7,9,11,5,10,12,14,15,13,19,17,18,21,25,23,24,27,26,8,16,20,22,29,28,30,31,33,32,34,36,37,35,39,40,41,38,43,42,44,46,49,45,50,53,54,51,56,57,63,60,61,64,68,65,70,72,69,74,75,79,80,85,87,88,86,91,89,90,92,93,96,94,95,97,47,48,52,55,58,59,62,66,67,71,73,76,77,78,81,82,83,84,98],"msg_id":125,"type":"broadcast"}}
2025/06/29 15:39:36 Sent {"src":"n0","dest":"n1","body":{"in_reply_to":125,"type":"broadcast_ok"}}
2025/06/29 15:39:37 Sent {"src":"n0","dest":"n1","body":{"messages":[0,1,3,2,4,6,7,5,10,9,12,11,14,15,17,18,13,19,21,24,25,23,26,28,27,8,16,20,22,29,30,32,31,34,33,37,35,39,40,36,38,43,41,47,48,52,55,58,59,62,66,67,71,73,76,77,78,81,82,83,84,42,45,46,51,44,49,50,53,54,57,60,56,61,65,63,69,64,70,68,72,74,75,80,79,89,85,86,92,87,88,90,91,95,98,93,96,94,97],"msg_id":83,"type":"broadcast"}}
2025/06/29 15:39:37 Sent {"src":"n0","dest":"n3","body":{"messages":[0,1,3,2,4,6,7,5,10,9,12,11,14,15,17,18,13,19,21,24,25,23,26,28,27,8,16,20,22,29,30,32,31,34,33,37,35,39,40,36,38,43,41,47,48,52,55,58,59,62,66,67,71,73,76,77,78,81,82,83,84,42,45,46,51,44,49,50,53,54,57,60,56,61,65,63,69,64,70,68,72,74,75,80,79,89,85,86,92,87,88,90,91,95,98,93,96,94,97],"msg_id":84,"type":"broadcast"}}
2025/06/29 15:39:37 Received {n3 n0 {"messages":[1,2,0,3,5,4,6,7,9,12,10,17,11,13,14,15,18,19,21,24,23,26,25,28,27,30,32,8,16,20,22,29,33,31,34,35,36,37,38,39,40,43,42,45,41,46,51,44,49,50,53,54,57,60,56,61,65,63,69,64,70,68,72,74,75,80,79,89,85,86,92,87,88,90,91,95,98,93,96,94,47,48,52,55,58,59,62,66,67,71,73,76,77,78,81,82,83,84,97],"msg_id":86,"type":"broadcast"}}
2025/06/29 15:39:37 Sent {"src":"n0","dest":"n3","body":{"in_reply_to":86,"type":"broadcast_ok"}}
2025/06/29 15:39:37 Received {n3 n0 {"in_reply_to":84,"type":"broadcast_ok"}}
2025/06/29 15:39:37 Received {n1 n0 {"in_reply_to":83,"type":"broadcast_ok"}}
2025/06/29 15:39:37 Received {n1 n0 {"messages":[0,2,4,1,3,6,7,9,11,5,10,12,14,15,13,19,17,18,21,25,23,24,27,26,8,16,20,22,29,28,30,31,33,32,34,36,37,35,39,40,41,38,43,42,44,46,49,45,50,53,54,51,56,57,63,60,61,64,68,65,70,72,69,74,75,79,80,85,87,88,86,91,89,90,92,93,96,94,95,97,47,48,52,55,58,59,62,66,67,71,73,76,77,78,81,82,83,84,98],"msg_id":128,"type":"broadcast"}}
2025/06/29 15:39:37 Sent {"src":"n0","dest":"n1","body":{"in_reply_to":128,"type":"broadcast_ok"}}
2025/06/29 15:39:37 Sent {"src":"n0","dest":"n3","body":{"messages":[0,1,3,2,4,6,7,5,10,9,12,11,14,15,17,18,13,19,21,24,25,23,26,28,27,8,16,20,22,29,30,32,31,34,33,37,35,39,40,36,38,43,41,47,48,52,55,58,59,62,66,67,71,73,76,77,78,81,82,83,84,42,45,46,51,44,49,50,53,54,57,60,56,61,65,63,69,64,70,68,72,74,75,80,79,89,85,86,92,87,88,90,91,95,98,93,96,94,97],"msg_id":85,"type":"broadcast"}}
2025/06/29 15:39:37 Sent {"src":"n0","dest":"n1","body":{"messages":[0,1,3,2,4,6,7,5,10,9,12,11,14,15,17,18,13,19,21,24,25,23,26,28,27,8,16,20,22,29,30,32,31,34,33,37,35,39,40,36,38,43,41,47,48,52,55,58,59,62,66,67,71,73,76,77,78,81,82,83,84,42,45,46,51,44,49,50,53,54,57,60,56,61,65,63,69,64,70,68,72,74,75,80,79,89,85,86,92,87,88,90,91,95,98,93,96,94,97],"msg_id":86,"type":"broadcast"}}
2025/06/29 15:39:37 Received {n3 n0 {"messages":[1,2,0,3,5,4,6,7,9,12,10,17,11,13,14,15,18,19,21,24,23,26,25,28,27,30,32,8,16,20,22,29,33,31,34,35,36,37,38,39,40,43,42,45,41,46,51,44,49,50,53,54,57,60,56,61,65,63,69,64,70,68,72,74,75,80,79,89,85,86,92,87,88,90,91,95,98,93,96,94,47,48,52,55,58,59,62,66,67,71,73,76,77,78,81,82,83,84,97],"msg_id":88,"type":"broadcast"}}
2025/06/29 15:39:37 Sent {"src":"n0","dest":"n3","body":{"in_reply_to":88,"type":"broadcast_ok"}}
2025/06/29 15:39:37 Received {n3 n0 {"in_reply_to":85,"type":"broadcast_ok"}}
2025/06/29 15:39:37 Received {n1 n0 {"in_reply_to":86,"type":"broadcast_ok"}}
2025/06/29 15:39:37 Received {n1 n0 {"messages":[0,2,4,1,3,6,7,9,11,5,10,12,14,15,13,19,17,18,21,25,23,24,27,26,8,16,20,22,29,28,30,31,33,32,34,36,37,35,39,40,41,38,43,42,44,46,49,45,50,53,54,51,56,57,63,60,61,64,68,65,70,72,69,74,75,79,80,85,87,88,86,91,89,90,92,93,96,94,95,97,47,48,52,55,58,59,62,66,67,71,73,76,77,78,81,82,83,84,98],"msg_id":131,"type":"broadcast"}}
2025/06/29 15:39:37 Sent {"src":"n0","dest":"n1","body":{"in_reply_to":131,"type":"broadcast_ok"}}
2025/06/29 15:39:38 Sent {"src":"n0","dest":"n1","body":{"messages":[0,1,3,2,4,6,7,5,10,9,12,11,14,15,17,18,13,19,21,24,25,23,26,28,27,8,16,20,22,29,30,32,31,34,33,37,35,39,40,36,38,43,41,47,48,52,55,58,59,62,66,67,71,73,76,77,78,81,82,83,84,42,45,46,51,44,49,50,53,54,57,60,56,61,65,63,69,64,70,68,72,74,75,80,79,89,85,86,92,87,88,90,91,95,98,93,96,94,97],"msg_id":87,"type":"broadcast"}}
2025/06/29 15:39:38 Sent {"src":"n0","dest":"n3","body":{"messages":[0,1,3,2,4,6,7,5,10,9,12,11,14,15,17,18,13,19,21,24,25,23,26,28,27,8,16,20,22,29,30,32,31,34,33,37,35,39,40,36,38,43,41,47,48,52,55,58,59,62,66,67,71,73,76,77,78,81,82,83,84,42,45,46,51,44,49,50,53,54,57,60,56,61,65,63,69,64,70,68,72,74,75,80,79,89,85,86,92,87,88,90,91,95,98,93,96,94,97],"msg_id":88,"type":"broadcast"}}
2025/06/29 15:39:38 Received {n3 n0 {"messages":[1,2,0,3,5,4,6,7,9,12,10,17,11,13,14,15,18,19,21,24,23,26,25,28,27,30,32,8,16,20,22,29,33,31,34,35,36,37,38,39,40,43,42,45,41,46,51,44,49,50,53,54,57,60,56,61,65,63,69,64,70,68,72,74,75,80,79,89,85,86,92,87,88,90,91,95,98,93,96,94,47,48,52,55,58,59,62,66,67,71,73,76,77,78,81,82,83,84,97],"msg_id":90,"type":"broadcast"}}
2025/06/29 15:39:38 Sent {"src":"n0","dest":"n3","body":{"in_reply_to":90,"type":"broadcast_ok"}}
2025/06/29 15:39:38 Received {n1 n0 {"in_reply_to":87,"type":"broadcast_ok"}}
2025/06/29 15:39:38 Received {n3 n0 {"in_reply_to":88,"type":"broadcast_ok"}}
2025/06/29 15:39:38 Received {n1 n0 {"messages":[0,2,4,1,3,6,7,9,11,5,10,12,14,15,13,19,17,18,21,25,23,24,27,26,8,16,20,22,29,28,30,31,33,32,34,36,37,35,39,40,41,38,43,42,44,46,49,45,50,53,54,51,56,57,63,60,61,64,68,65,70,72,69,74,75,79,80,85,87,88,86,91,89,90,92,93,96,94,95,97,47,48,52,55,58,59,62,66,67,71,73,76,77,78,81,82,83,84,98],"msg_id":134,"type":"broadcast"}}
2025/06/29 15:39:38 Sent {"src":"n0","dest":"n1","body":{"in_reply_to":134,"type":"broadcast_ok"}}
2025/06/29 15:39:38 Sent {"src":"n0","dest":"n1","body":{"messages":[0,1,3,2,4,6,7,5,10,9,12,11,14,15,17,18,13,19,21,24,25,23,26,28,27,8,16,20,22,29,30,32,31,34,33,37,35,39,40,36,38,43,41,47,48,52,55,58,59,62,66,67,71,73,76,77,78,81,82,83,84,42,45,46,51,44,49,50,53,54,57,60,56,61,65,63,69,64,70,68,72,74,75,80,79,89,85,86,92,87,88,90,91,95,98,93,96,94,97],"msg_id":89,"type":"broadcast"}}
2025/06/29 15:39:38 Sent {"src":"n0","dest":"n3","body":{"messages":[0,1,3,2,4,6,7,5,10,9,12,11,14,15,17,18,13,19,21,24,25,23,26,28,27,8,16,20,22,29,30,32,31,34,33,37,35,39,40,36,38,43,41,47,48,52,55,58,59,62,66,67,71,73,76,77,78,81,82,83,84,42,45,46,51,44,49,50,53,54,57,60,56,61,65,63,69,64,70,68,72,74,75,80,79,89,85,86,92,87,88,90,91,95,98,93,96,94,97],"msg_id":90,"type":"broadcast"}}
2025/06/29 15:39:38 Received {n3 n0 {"messages":[1,2,0,3,5,4,6,7,9,12,10,17,11,13,14,15,18,19,21,24,23,26,25,28,27,30,32,8,16,20,22,29,33,31,34,35,36,37,38,39,40,43,42,45,41,46,51,44,49,50,53,54,57,60,56,61,65,63,69,64,70,68,72,74,75,80,79,89,85,86,92,87,88,90,91,95,98,93,96,94,47,48,52,55,58,59,62,66,67,71,73,76,77,78,81,82,83,84,97],"msg_id":91,"type":"broadcast"}}
2025/06/29 15:39:38 Sent {"src":"n0","dest":"n3","body":{"in_reply_to":91,"type":"broadcast_ok"}}
2025/06/29 15:39:38 Received {n1 n0 {"in_reply_to":89,"type":"broadcast_ok"}}
2025/06/29 15:39:38 Received {n3 n0 {"in_reply_to":90,"type":"broadcast_ok"}}
2025/06/29 15:39:38 Received {n1 n0 {"messages":[0,2,4,1,3,6,7,9,11,5,10,12,14,15,13,19,17,18,21,25,23,24,27,26,8,16,20,22,29,28,30,31,33,32,34,36,37,35,39,40,41,38,43,42,44,46,49,45,50,53,54,51,56,57,63,60,61,64,68,65,70,72,69,74,75,79,80,85,87,88,86,91,89,90,92,93,96,94,95,97,47,48,52,55,58,59,62,66,67,71,73,76,77,78,81,82,83,84,98],"msg_id":138,"type":"broadcast"}}
2025/06/29 15:39:38 Sent {"src":"n0","dest":"n1","body":{"in_reply_to":138,"type":"broadcast_ok"}}
2025/06/29 15:39:39 Sent {"src":"n0","dest":"n1","body":{"messages":[0,1,3,2,4,6,7,5,10,9,12,11,14,15,17,18,13,19,21,24,25,23,26,28,27,8,16,20,22,29,30,32,31,34,33,37,35,39,40,36,38,43,41,47,48,52,55,58,59,62,66,67,71,73,76,77,78,81,82,83,84,42,45,46,51,44,49,50,53,54,57,60,56,61,65,63,69,64,70,68,72,74,75,80,79,89,85,86,92,87,88,90,91,95,98,93,96,94,97],"msg_id":91,"type":"broadcast"}}
2025/06/29 15:39:39 Sent {"src":"n0","dest":"n3","body":{"messages":[0,1,3,2,4,6,7,5,10,9,12,11,14,15,17,18,13,19,21,24,25,23,26,28,27,8,16,20,22,29,30,32,31,34,33,37,35,39,40,36,38,43,41,47,48,52,55,58,59,62,66,67,71,73,76,77,78,81,82,83,84,42,45,46,51,44,49,50,53,54,57,60,56,61,65,63,69,64,70,68,72,74,75,80,79,89,85,86,92,87,88,90,91,95,98,93,96,94,97],"msg_id":92,"type":"broadcast"}}
2025/06/29 15:39:39 Received {n3 n0 {"messages":[1,2,0,3,5,4,6,7,9,12,10,17,11,13,14,15,18,19,21,24,23,26,25,28,27,30,32,8,16,20,22,29,33,31,34,35,36,37,38,39,40,43,42,45,41,46,51,44,49,50,53,54,57,60,56,61,65,63,69,64,70,68,72,74,75,80,79,89,85,86,92,87,88,90,91,95,98,93,96,94,47,48,52,55,58,59,62,66,67,71,73,76,77,78,81,82,83,84,97],"msg_id":94,"type":"broadcast"}}
2025/06/29 15:39:39 Sent {"src":"n0","dest":"n3","body":{"in_reply_to":94,"type":"broadcast_ok"}}
2025/06/29 15:39:39 Received {n1 n0 {"in_reply_to":91,"type":"broadcast_ok"}}
2025/06/29 15:39:39 Received {n3 n0 {"in_reply_to":92,"type":"broadcast_ok"}}
2025/06/29 15:39:39 Received {n1 n0 {"messages":[0,2,4,1,3,6,7,9,11,5,10,12,14,15,13,19,17,18,21,25,23,24,27,26,8,16,20,22,29,28,30,31,33,32,34,36,37,35,39,40,41,38,43,42,44,46,49,45,50,53,54,51,56,57,63,60,61,64,68,65,70,72,69,74,75,79,80,85,87,88,86,91,89,90,92,93,96,94,95,97,47,48,52,55,58,59,62,66,67,71,73,76,77,78,81,82,83,84,98],"msg_id":140,"type":"broadcast"}}
2025/06/29 15:39:39 Sent {"src":"n0","dest":"n1","body":{"in_reply_to":140,"type":"broadcast_ok"}}
2025/06/29 15:39:39 Sent {"src":"n0","dest":"n1","body":{"messages":[0,1,3,2,4,6,7,5,10,9,12,11,14,15,17,18,13,19,21,24,25,23,26,28,27,8,16,20,22,29,30,32,31,34,33,37,35,39,40,36,38,43,41,47,48,52,55,58,59,62,66,67,71,73,76,77,78,81,82,83,84,42,45,46,51,44,49,50,53,54,57,60,56,61,65,63,69,64,70,68,72,74,75,80,79,89,85,86,92,87,88,90,91,95,98,93,96,94,97],"msg_id":93,"type":"broadcast"}}
2025/06/29 15:39:39 Sent {"src":"n0","dest":"n3","body":{"messages":[0,1,3,2,4,6,7,5,10,9,12,11,14,15,17,18,13,19,21,24,25,23,26,28,27,8,16,20,22,29,30,32,31,34,33,37,35,39,40,36,38,43,41,47,48,52,55,58,59,62,66,67,71,73,76,77,78,81,82,83,84,42,45,46,51,44,49,50,53,54,57,60,56,61,65,63,69,64,70,68,72,74,75,80,79,89,85,86,92,87,88,90,91,95,98,93,96,94,97],"msg_id":94,"type":"broadcast"}}
2025/06/29 15:39:39 Received {n3 n0 {"messages":[1,2,0,3,5,4,6,7,9,12,10,17,11,13,14,15,18,19,21,24,23,26,25,28,27,30,32,8,16,20,22,29,33,31,34,35,36,37,38,39,40,43,42,45,41,46,51,44,49,50,53,54,57,60,56,61,65,63,69,64,70,68,72,74,75,80,79,89,85,86,92,87,88,90,91,95,98,93,96,94,47,48,52,55,58,59,62,66,67,71,73,76,77,78,81,82,83,84,97],"msg_id":96,"type":"broadcast"}}
2025/06/29 15:39:39 Sent {"src":"n0","dest":"n3","body":{"in_reply_to":96,"type":"broadcast_ok"}}
2025/06/29 15:39:39 Received {n1 n0 {"in_reply_to":93,"type":"broadcast_ok"}}
2025/06/29 15:39:39 Received {n3 n0 {"in_reply_to":94,"type":"broadcast_ok"}}
2025/06/29 15:39:39 Received {n1 n0 {"messages":[0,2,4,1,3,6,7,9,11,5,10,12,14,15,13,19,17,18,21,25,23,24,27,26,8,16,20,22,29,28,30,31,33,32,34,36,37,35,39,40,41,38,43,42,44,46,49,45,50,53,54,51,56,57,63,60,61,64,68,65,70,72,69,74,75,79,80,85,87,88,86,91,89,90,92,93,96,94,95,97,47,48,52,55,58,59,62,66,67,71,73,76,77,78,81,82,83,84,98],"msg_id":143,"type":"broadcast"}}
2025/06/29 15:39:39 Sent {"src":"n0","dest":"n1","body":{"in_reply_to":143,"type":"broadcast_ok"}}
2025/06/29 15:39:40 Sent {"src":"n0","dest":"n1","body":{"messages":[0,1,3,2,4,6,7,5,10,9,12,11,14,15,17,18,13,19,21,24,25,23,26,28,27,8,16,20,22,29,30,32,31,34,33,37,35,39,40,36,38,43,41,47,48,52,55,58,59,62,66,67,71,73,76,77,78,81,82,83,84,42,45,46,51,44,49,50,53,54,57,60,56,61,65,63,69,64,70,68,72,74,75,80,79,89,85,86,92,87,88,90,91,95,98,93,96,94,97],"msg_id":95,"type":"broadcast"}}
2025/06/29 15:39:40 Sent {"src":"n0","dest":"n3","body":{"messages":[0,1,3,2,4,6,7,5,10,9,12,11,14,15,17,18,13,19,21,24,25,23,26,28,27,8,16,20,22,29,30,32,31,34,33,37,35,39,40,36,38,43,41,47,48,52,55,58,59,62,66,67,71,73,76,77,78,81,82,83,84,42,45,46,51,44,49,50,53,54,57,60,56,61,65,63,69,64,70,68,72,74,75,80,79,89,85,86,92,87,88,90,91,95,98,93,96,94,97],"msg_id":96,"type":"broadcast"}}
2025/06/29 15:39:40 Received {n3 n0 {"messages":[1,2,0,3,5,4,6,7,9,12,10,17,11,13,14,15,18,19,21,24,23,26,25,28,27,30,32,8,16,20,22,29,33,31,34,35,36,37,38,39,40,43,42,45,41,46,51,44,49,50,53,54,57,60,56,61,65,63,69,64,70,68,72,74,75,80,79,89,85,86,92,87,88,90,91,95,98,93,96,94,47,48,52,55,58,59,62,66,67,71,73,76,77,78,81,82,83,84,97],"msg_id":98,"type":"broadcast"}}
2025/06/29 15:39:40 Sent {"src":"n0","dest":"n3","body":{"in_reply_to":98,"type":"broadcast_ok"}}
2025/06/29 15:39:40 Received {n1 n0 {"in_reply_to":95,"type":"broadcast_ok"}}
2025/06/29 15:39:40 Received {n3 n0 {"in_reply_to":96,"type":"broadcast_ok"}}
2025/06/29 15:39:40 Received {n1 n0 {"messages":[0,2,4,1,3,6,7,9,11,5,10,12,14,15,13,19,17,18,21,25,23,24,27,26,8,16,20,22,29,28,30,31,33,32,34,36,37,35,39,40,41,38,43,42,44,46,49,45,50,53,54,51,56,57,63,60,61,64,68,65,70,72,69,74,75,79,80,85,87,88,86,91,89,90,92,93,96,94,95,97,47,48,52,55,58,59,62,66,67,71,73,76,77,78,81,82,83,84,98],"msg_id":146,"type":"broadcast"}}
2025/06/29 15:39:40 Sent {"src":"n0","dest":"n1","body":{"in_reply_to":146,"type":"broadcast_ok"}}
2025/06/29 15:39:40 Sent {"src":"n0","dest":"n3","body":{"messages":[0,1,3,2,4,6,7,5,10,9,12,11,14,15,17,18,13,19,21,24,25,23,26,28,27,8,16,20,22,29,30,32,31,34,33,37,35,39,40,36,38,43,41,47,48,52,55,58,59,62,66,67,71,73,76,77,78,81,82,83,84,42,45,46,51,44,49,50,53,54,57,60,56,61,65,63,69,64,70,68,72,74,75,80,79,89,85,86,92,87,88,90,91,95,98,93,96,94,97],"msg_id":97,"type":"broadcast"}}
2025/06/29 15:39:40 Sent {"src":"n0","dest":"n1","body":{"messages":[0,1,3,2,4,6,7,5,10,9,12,11,14,15,17,18,13,19,21,24,25,23,26,28,27,8,16,20,22,29,30,32,31,34,33,37,35,39,40,36,38,43,41,47,48,52,55,58,59,62,66,67,71,73,76,77,78,81,82,83,84,42,45,46,51,44,49,50,53,54,57,60,56,61,65,63,69,64,70,68,72,74,75,80,79,89,85,86,92,87,88,90,91,95,98,93,96,94,97],"msg_id":98,"type":"broadcast"}}
2025/06/29 15:39:40 Received {n3 n0 {"messages":[1,2,0,3,5,4,6,7,9,12,10,17,11,13,14,15,18,19,21,24,23,26,25,28,27,30,32,8,16,20,22,29,33,31,34,35,36,37,38,39,40,43,42,45,41,46,51,44,49,50,53,54,57,60,56,61,65,63,69,64,70,68,72,74,75,80,79,89,85,86,92,87,88,90,91,95,98,93,96,94,47,48,52,55,58,59,62,66,67,71,73,76,77,78,81,82,83,84,97],"msg_id":100,"type":"broadcast"}}
2025/06/29 15:39:40 Sent {"src":"n0","dest":"n3","body":{"in_reply_to":100,"type":"broadcast_ok"}}
2025/06/29 15:39:40 Received {n3 n0 {"in_reply_to":97,"type":"broadcast_ok"}}
2025/06/29 15:39:40 Received {n1 n0 {"in_reply_to":98,"type":"broadcast_ok"}}
2025/06/29 15:39:40 Received {n1 n0 {"messages":[0,2,4,1,3,6,7,9,11,5,10,12,14,15,13,19,17,18,21,25,23,24,27,26,8,16,20,22,29,28,30,31,33,32,34,36,37,35,39,40,41,38,43,42,44,46,49,45,50,53,54,51,56,57,63,60,61,64,68,65,70,72,69,74,75,79,80,85,87,88,86,91,89,90,92,93,96,94,95,97,47,48,52,55,58,59,62,66,67,71,73,76,77,78,81,82,83,84,98],"msg_id":150,"type":"broadcast"}}
2025/06/29 15:39:40 Sent {"src":"n0","dest":"n1","body":{"in_reply_to":150,"type":"broadcast_ok"}}
2025/06/29 15:39:41 Sent {"src":"n0","dest":"n1","body":{"messages":[0,1,3,2,4,6,7,5,10,9,12,11,14,15,17,18,13,19,21,24,25,23,26,28,27,8,16,20,22,29,30,32,31,34,33,37,35,39,40,36,38,43,41,47,48,52,55,58,59,62,66,67,71,73,76,77,78,81,82,83,84,42,45,46,51,44,49,50,53,54,57,60,56,61,65,63,69,64,70,68,72,74,75,80,79,89,85,86,92,87,88,90,91,95,98,93,96,94,97],"msg_id":99,"type":"broadcast"}}
2025/06/29 15:39:41 Sent {"src":"n0","dest":"n3","body":{"messages":[0,1,3,2,4,6,7,5,10,9,12,11,14,15,17,18,13,19,21,24,25,23,26,28,27,8,16,20,22,29,30,32,31,34,33,37,35,39,40,36,38,43,41,47,48,52,55,58,59,62,66,67,71,73,76,77,78,81,82,83,84,42,45,46,51,44,49,50,53,54,57,60,56,61,65,63,69,64,70,68,72,74,75,80,79,89,85,86,92,87,88,90,91,95,98,93,96,94,97],"msg_id":100,"type":"broadcast"}}
2025/06/29 15:39:41 Received {n3 n0 {"messages":[1,2,0,3,5,4,6,7,9,12,10,17,11,13,14,15,18,19,21,24,23,26,25,28,27,30,32,8,16,20,22,29,33,31,34,35,36,37,38,39,40,43,42,45,41,46,51,44,49,50,53,54,57,60,56,61,65,63,69,64,70,68,72,74,75,80,79,89,85,86,92,87,88,90,91,95,98,93,96,94,47,48,52,55,58,59,62,66,67,71,73,76,77,78,81,82,83,84,97],"msg_id":102,"type":"broadcast"}}
2025/06/29 15:39:41 Sent {"src":"n0","dest":"n3","body":{"in_reply_to":102,"type":"broadcast_ok"}}
2025/06/29 15:39:41 Received {n1 n0 {"in_reply_to":99,"type":"broadcast_ok"}}
2025/06/29 15:39:41 Received {n3 n0 {"in_reply_to":100,"type":"broadcast_ok"}}
2025/06/29 15:39:41 Received {n1 n0 {"messages":[0,2,4,1,3,6,7,9,11,5,10,12,14,15,13,19,17,18,21,25,23,24,27,26,8,16,20,22,29,28,30,31,33,32,34,36,37,35,39,40,41,38,43,42,44,46,49,45,50,53,54,51,56,57,63,60,61,64,68,65,70,72,69,74,75,79,80,85,87,88,86,91,89,90,92,93,96,94,95,97,47,48,52,55,58,59,62,66,67,71,73,76,77,78,81,82,83,84,98],"msg_id":151,"type":"broadcast"}}
2025/06/29 15:39:41 Sent {"src":"n0","dest":"n1","body":{"in_reply_to":151,"type":"broadcast_ok"}}
2025/06/29 15:39:41 Sent {"src":"n0","dest":"n1","body":{"messages":[0,1,3,2,4,6,7,5,10,9,12,11,14,15,17,18,13,19,21,24,25,23,26,28,27,8,16,20,22,29,30,32,31,34,33,37,35,39,40,36,38,43,41,47,48,52,55,58,59,62,66,67,71,73,76,77,78,81,82,83,84,42,45,46,51,44,49,50,53,54,57,60,56,61,65,63,69,64,70,68,72,74,75,80,79,89,85,86,92,87,88,90,91,95,98,93,96,94,97],"msg_id":101,"type":"broadcast"}}
2025/06/29 15:39:41 Sent {"src":"n0","dest":"n3","body":{"messages":[0,1,3,2,4,6,7,5,10,9,12,11,14,15,17,18,13,19,21,24,25,23,26,28,27,8,16,20,22,29,30,32,31,34,33,37,35,39,40,36,38,43,41,47,48,52,55,58,59,62,66,67,71,73,76,77,78,81,82,83,84,42,45,46,51,44,49,50,53,54,57,60,56,61,65,63,69,64,70,68,72,74,75,80,79,89,85,86,92,87,88,90,91,95,98,93,96,94,97],"msg_id":102,"type":"broadcast"}}
2025/06/29 15:39:41 Received {n3 n0 {"messages":[1,2,0,3,5,4,6,7,9,12,10,17,11,13,14,15,18,19,21,24,23,26,25,28,27,30,32,8,16,20,22,29,33,31,34,35,36,37,38,39,40,43,42,45,41,46,51,44,49,50,53,54,57,60,56,61,65,63,69,64,70,68,72,74,75,80,79,89,85,86,92,87,88,90,91,95,98,93,96,94,47,48,52,55,58,59,62,66,67,71,73,76,77,78,81,82,83,84,97],"msg_id":104,"type":"broadcast"}}
2025/06/29 15:39:41 Sent {"src":"n0","dest":"n3","body":{"in_reply_to":104,"type":"broadcast_ok"}}
2025/06/29 15:39:41 Received {n1 n0 {"in_reply_to":101,"type":"broadcast_ok"}}
2025/06/29 15:39:41 Received {n3 n0 {"in_reply_to":102,"type":"broadcast_ok"}}
2025/06/29 15:39:41 Received {n1 n0 {"messages":[0,2,4,1,3,6,7,9,11,5,10,12,14,15,13,19,17,18,21,25,23,24,27,26,8,16,20,22,29,28,30,31,33,32,34,36,37,35,39,40,41,38,43,42,44,46,49,45,50,53,54,51,56,57,63,60,61,64,68,65,70,72,69,74,75,79,80,85,87,88,86,91,89,90,92,93,96,94,95,97,47,48,52,55,58,59,62,66,67,71,73,76,77,78,81,82,83,84,98],"msg_id":155,"type":"broadcast"}}
2025/06/29 15:39:41 Sent {"src":"n0","dest":"n1","body":{"in_reply_to":155,"type":"broadcast_ok"}}
2025/06/29 15:39:42 Received {n3 n0 {"messages":[1,2,0,3,5,4,6,7,9,12,10,17,11,13,14,15,18,19,21,24,23,26,25,28,27,30,32,8,16,20,22,29,33,31,34,35,36,37,38,39,40,43,42,45,41,46,51,44,49,50,53,54,57,60,56,61,65,63,69,64,70,68,72,74,75,80,79,89,85,86,92,87,88,90,91,95,98,93,96,94,47,48,52,55,58,59,62,66,67,71,73,76,77,78,81,82,83,84,97],"msg_id":105,"type":"broadcast"}}
2025/06/29 15:39:42 Sent {"src":"n0","dest":"n3","body":{"messages":[0,1,3,2,4,6,7,5,10,9,12,11,14,15,17,18,13,19,21,24,25,23,26,28,27,8,16,20,22,29,30,32,31,34,33,37,35,39,40,36,38,43,41,47,48,52,55,58,59,62,66,67,71,73,76,77,78,81,82,83,84,42,45,46,51,44,49,50,53,54,57,60,56,61,65,63,69,64,70,68,72,74,75,80,79,89,85,86,92,87,88,90,91,95,98,93,96,94,97],"msg_id":103,"type":"broadcast"}}
2025/06/29 15:39:42 Sent {"src":"n0","dest":"n1","body":{"messages":[0,1,3,2,4,6,7,5,10,9,12,11,14,15,17,18,13,19,21,24,25,23,26,28,27,8,16,20,22,29,30,32,31,34,33,37,35,39,40,36,38,43,41,47,48,52,55,58,59,62,66,67,71,73,76,77,78,81,82,83,84,42,45,46,51,44,49,50,53,54,57,60,56,61,65,63,69,64,70,68,72,74,75,80,79,89,85,86,92,87,88,90,91,95,98,93,96,94,97],"msg_id":104,"type":"broadcast"}}
2025/06/29 15:39:42 Sent {"src":"n0","dest":"n3","body":{"in_reply_to":105,"type":"broadcast_ok"}}
2025/06/29 15:39:42 Received {n3 n0 {"in_reply_to":103,"type":"broadcast_ok"}}
2025/06/29 15:39:42 Received {n1 n0 {"in_reply_to":104,"type":"broadcast_ok"}}
2025/06/29 15:39:42 Received {n1 n0 {"messages":[0,2,4,1,3,6,7,9,11,5,10,12,14,15,13,19,17,18,21,25,23,24,27,26,8,16,20,22,29,28,30,31,33,32,34,36,37,35,39,40,41,38,43,42,44,46,49,45,50,53,54,51,56,57,63,60,61,64,68,65,70,72,69,74,75,79,80,85,87,88,86,91,89,90,92,93,96,94,95,97,47,48,52,55,58,59,62,66,67,71,73,76,77,78,81,82,83,84,98],"msg_id":157,"type":"broadcast"}}
2025/06/29 15:39:42 Sent {"src":"n0","dest":"n1","body":{"in_reply_to":157,"type":"broadcast_ok"}}
2025/06/29 15:39:42 Sent {"src":"n0","dest":"n1","body":{"messages":[0,1,3,2,4,6,7,5,10,9,12,11,14,15,17,18,13,19,21,24,25,23,26,28,27,8,16,20,22,29,30,32,31,34,33,37,35,39,40,36,38,43,41,47,48,52,55,58,59,62,66,67,71,73,76,77,78,81,82,83,84,42,45,46,51,44,49,50,53,54,57,60,56,61,65,63,69,64,70,68,72,74,75,80,79,89,85,86,92,87,88,90,91,95,98,93,96,94,97],"msg_id":105,"type":"broadcast"}}
2025/06/29 15:39:42 Received {n3 n0 {"messages":[1,2,0,3,5,4,6,7,9,12,10,17,11,13,14,15,18,19,21,24,23,26,25,28,27,30,32,8,16,20,22,29,33,31,34,35,36,37,38,39,40,43,42,45,41,46,51,44,49,50,53,54,57,60,56,61,65,63,69,64,70,68,72,74,75,80,79,89,85,86,92,87,88,90,91,95,98,93,96,94,47,48,52,55,58,59,62,66,67,71,73,76,77,78,81,82,83,84,97],"msg_id":108,"type":"broadcast"}}
2025/06/29 15:39:42 Sent {"src":"n0","dest":"n3","body":{"messages":[0,1,3,2,4,6,7,5,10,9,12,11,14,15,17,18,13,19,21,24,25,23,26,28,27,8,16,20,22,29,30,32,31,34,33,37,35,39,40,36,38,43,41,47,48,52,55,58,59,62,66,67,71,73,76,77,78,81,82,83,84,42,45,46,51,44,49,50,53,54,57,60,56,61,65,63,69,64,70,68,72,74,75,80,79,89,85,86,92,87,88,90,91,95,98,93,96,94,97],"msg_id":106,"type":"broadcast"}}
2025/06/29 15:39:42 Sent {"src":"n0","dest":"n3","body":{"in_reply_to":108,"type":"broadcast_ok"}}
2025/06/29 15:39:42 Received {n1 n0 {"in_reply_to":105,"type":"broadcast_ok"}}
2025/06/29 15:39:42 Received {n3 n0 {"in_reply_to":106,"type":"broadcast_ok"}}
2025/06/29 15:39:42 Received {n1 n0 {"messages":[0,2,4,1,3,6,7,9,11,5,10,12,14,15,13,19,17,18,21,25,23,24,27,26,8,16,20,22,29,28,30,31,33,32,34,36,37,35,39,40,41,38,43,42,44,46,49,45,50,53,54,51,56,57,63,60,61,64,68,65,70,72,69,74,75,79,80,85,87,88,86,91,89,90,92,93,96,94,95,97,47,48,52,55,58,59,62,66,67,71,73,76,77,78,81,82,83,84,98],"msg_id":160,"type":"broadcast"}}
2025/06/29 15:39:42 Sent {"src":"n0","dest":"n1","body":{"in_reply_to":160,"type":"broadcast_ok"}}
2025/06/29 15:39:43 Sent {"src":"n0","dest":"n1","body":{"messages":[0,1,3,2,4,6,7,5,10,9,12,11,14,15,17,18,13,19,21,24,25,23,26,28,27,8,16,20,22,29,30,32,31,34,33,37,35,39,40,36,38,43,41,47,48,52,55,58,59,62,66,67,71,73,76,77,78,81,82,83,84,42,45,46,51,44,49,50,53,54,57,60,56,61,65,63,69,64,70,68,72,74,75,80,79,89,85,86,92,87,88,90,91,95,98,93,96,94,97],"msg_id":107,"type":"broadcast"}}
2025/06/29 15:39:43 Sent {"src":"n0","dest":"n3","body":{"messages":[0,1,3,2,4,6,7,5,10,9,12,11,14,15,17,18,13,19,21,24,25,23,26,28,27,8,16,20,22,29,30,32,31,34,33,37,35,39,40,36,38,43,41,47,48,52,55,58,59,62,66,67,71,73,76,77,78,81,82,83,84,42,45,46,51,44,49,50,53,54,57,60,56,61,65,63,69,64,70,68,72,74,75,80,79,89,85,86,92,87,88,90,91,95,98,93,96,94,97],"msg_id":108,"type":"broadcast"}}
2025/06/29 15:39:43 Received {n3 n0 {"messages":[1,2,0,3,5,4,6,7,9,12,10,17,11,13,14,15,18,19,21,24,23,26,25,28,27,30,32,8,16,20,22,29,33,31,34,35,36,37,38,39,40,43,42,45,41,46,51,44,49,50,53,54,57,60,56,61,65,63,69,64,70,68,72,74,75,80,79,89,85,86,92,87,88,90,91,95,98,93,96,94,47,48,52,55,58,59,62,66,67,71,73,76,77,78,81,82,83,84,97],"msg_id":110,"type":"broadcast"}}
2025/06/29 15:39:43 Sent {"src":"n0","dest":"n3","body":{"in_reply_to":110,"type":"broadcast_ok"}}
2025/06/29 15:39:43 Received {n1 n0 {"in_reply_to":107,"type":"broadcast_ok"}}
2025/06/29 15:39:43 Received {n3 n0 {"in_reply_to":108,"type":"broadcast_ok"}}
2025/06/29 15:39:43 Received {n1 n0 {"messages":[0,2,4,1,3,6,7,9,11,5,10,12,14,15,13,19,17,18,21,25,23,24,27,26,8,16,20,22,29,28,30,31,33,32,34,36,37,35,39,40,41,38,43,42,44,46,49,45,50,53,54,51,56,57,63,60,61,64,68,65,70,72,69,74,75,79,80,85,87,88,86,91,89,90,92,93,96,94,95,97,47,48,52,55,58,59,62,66,67,71,73,76,77,78,81,82,83,84,98],"msg_id":164,"type":"broadcast"}}
2025/06/29 15:39:43 Sent {"src":"n0","dest":"n1","body":{"in_reply_to":164,"type":"broadcast_ok"}}
2025/06/29 15:39:43 Received {n3 n0 {"messages":[1,2,0,3,5,4,6,7,9,12,10,17,11,13,14,15,18,19,21,24,23,26,25,28,27,30,32,8,16,20,22,29,33,31,34,35,36,37,38,39,40,43,42,45,41,46,51,44,49,50,53,54,57,60,56,61,65,63,69,64,70,68,72,74,75,80,79,89,85,86,92,87,88,90,91,95,98,93,96,94,47,48,52,55,58,59,62,66,67,71,73,76,77,78,81,82,83,84,97],"msg_id":112,"type":"broadcast"}}
2025/06/29 15:39:43 Sent {"src":"n0","dest":"n3","body":{"in_reply_to":112,"type":"broadcast_ok"}}
2025/06/29 15:39:43 Sent {"src":"n0","dest":"n1","body":{"messages":[0,1,3,2,4,6,7,5,10,9,12,11,14,15,17,18,13,19,21,24,25,23,26,28,27,8,16,20,22,29,30,32,31,34,33,37,35,39,40,36,38,43,41,47,48,52,55,58,59,62,66,67,71,73,76,77,78,81,82,83,84,42,45,46,51,44,49,50,53,54,57,60,56,61,65,63,69,64,70,68,72,74,75,80,79,89,85,86,92,87,88,90,91,95,98,93,96,94,97],"msg_id":109,"type":"broadcast"}}
2025/06/29 15:39:43 Sent {"src":"n0","dest":"n3","body":{"messages":[0,1,3,2,4,6,7,5,10,9,12,11,14,15,17,18,13,19,21,24,25,23,26,28,27,8,16,20,22,29,30,32,31,34,33,37,35,39,40,36,38,43,41,47,48,52,55,58,59,62,66,67,71,73,76,77,78,81,82,83,84,42,45,46,51,44,49,50,53,54,57,60,56,61,65,63,69,64,70,68,72,74,75,80,79,89,85,86,92,87,88,90,91,95,98,93,96,94,97],"msg_id":110,"type":"broadcast"}}
2025/06/29 15:39:43 Received {n1 n0 {"in_reply_to":109,"type":"broadcast_ok"}}
2025/06/29 15:39:43 Received {n3 n0 {"in_reply_to":110,"type":"broadcast_ok"}}
2025/06/29 15:39:43 Received {n1 n0 {"messages":[0,2,4,1,3,6,7,9,11,5,10,12,14,15,13,19,17,18,21,25,23,24,27,26,8,16,20,22,29,28,30,31,33,32,34,36,37,35,39,40,41,38,43,42,44,46,49,45,50,53,54,51,56,57,63,60,61,64,68,65,70,72,69,74,75,79,80,85,87,88,86,91,89,90,92,93,96,94,95,97,47,48,52,55,58,59,62,66,67,71,73,76,77,78,81,82,83,84,98],"msg_id":168,"type":"broadcast"}}
2025/06/29 15:39:43 Sent {"src":"n0","dest":"n1","body":{"in_reply_to":168,"type":"broadcast_ok"}}
2025/06/29 15:39:44 Received {n3 n0 {"messages":[1,2,0,3,5,4,6,7,9,12,10,17,11,13,14,15,18,19,21,24,23,26,25,28,27,30,32,8,16,20,22,29,33,31,34,35,36,37,38,39,40,43,42,45,41,46,51,44,49,50,53,54,57,60,56,61,65,63,69,64,70,68,72,74,75,80,79,89,85,86,92,87,88,90,91,95,98,93,96,94,47,48,52,55,58,59,62,66,67,71,73,76,77,78,81,82,83,84,97],"msg_id":114,"type":"broadcast"}}
2025/06/29 15:39:44 Sent {"src":"n0","dest":"n3","body":{"in_reply_to":114,"type":"broadcast_ok"}}
2025/06/29 15:39:44 Sent {"src":"n0","dest":"n3","body":{"messages":[0,1,3,2,4,6,7,5,10,9,12,11,14,15,17,18,13,19,21,24,25,23,26,28,27,8,16,20,22,29,30,32,31,34,33,37,35,39,40,36,38,43,41,47,48,52,55,58,59,62,66,67,71,73,76,77,78,81,82,83,84,42,45,46,51,44,49,50,53,54,57,60,56,61,65,63,69,64,70,68,72,74,75,80,79,89,85,86,92,87,88,90,91,95,98,93,96,94,97],"msg_id":111,"type":"broadcast"}}
2025/06/29 15:39:44 Sent {"src":"n0","dest":"n1","body":{"messages":[0,1,3,2,4,6,7,5,10,9,12,11,14,15,17,18,13,19,21,24,25,23,26,28,27,8,16,20,22,29,30,32,31,34,33,37,35,39,40,36,38,43,41,47,48,52,55,58,59,62,66,67,71,73,76,77,78,81,82,83,84,42,45,46,51,44,49,50,53,54,57,60,56,61,65,63,69,64,70,68,72,74,75,80,79,89,85,86,92,87,88,90,91,95,98,93,96,94,97],"msg_id":112,"type":"broadcast"}}
2025/06/29 15:39:44 Received {n3 n0 {"in_reply_to":111,"type":"broadcast_ok"}}
2025/06/29 15:39:44 Received {n1 n0 {"in_reply_to":112,"type":"broadcast_ok"}}
2025/06/29 15:39:44 Received {n1 n0 {"messages":[0,2,4,1,3,6,7,9,11,5,10,12,14,15,13,19,17,18,21,25,23,24,27,26,8,16,20,22,29,28,30,31,33,32,34,36,37,35,39,40,41,38,43,42,44,46,49,45,50,53,54,51,56,57,63,60,61,64,68,65,70,72,69,74,75,79,80,85,87,88,86,91,89,90,92,93,96,94,95,97,47,48,52,55,58,59,62,66,67,71,73,76,77,78,81,82,83,84,98],"msg_id":171,"type":"broadcast"}}
2025/06/29 15:39:44 Sent {"src":"n0","dest":"n1","body":{"in_reply_to":171,"type":"broadcast_ok"}}
2025/06/29 15:39:44 Received {n3 n0 {"messages":[1,2,0,3,5,4,6,7,9,12,10,17,11,13,14,15,18,19,21,24,23,26,25,28,27,30,32,8,16,20,22,29,33,31,34,35,36,37,38,39,40,43,42,45,41,46,51,44,49,50,53,54,57,60,56,61,65,63,69,64,70,68,72,74,75,80,79,89,85,86,92,87,88,90,91,95,98,93,96,94,47,48,52,55,58,59,62,66,67,71,73,76,77,78,81,82,83,84,97],"msg_id":116,"type":"broadcast"}}
2025/06/29 15:39:44 Sent {"src":"n0","dest":"n3","body":{"in_reply_to":116,"type":"broadcast_ok"}}
2025/06/29 15:39:44 Sent {"src":"n0","dest":"n1","body":{"messages":[0,1,3,2,4,6,7,5,10,9,12,11,14,15,17,18,13,19,21,24,25,23,26,28,27,8,16,20,22,29,30,32,31,34,33,37,35,39,40,36,38,43,41,47,48,52,55,58,59,62,66,67,71,73,76,77,78,81,82,83,84,42,45,46,51,44,49,50,53,54,57,60,56,61,65,63,69,64,70,68,72,74,75,80,79,89,85,86,92,87,88,90,91,95,98,93,96,94,97],"msg_id":113,"type":"broadcast"}}
2025/06/29 15:39:44 Sent {"src":"n0","dest":"n3","body":{"messages":[0,1,3,2,4,6,7,5,10,9,12,11,14,15,17,18,13,19,21,24,25,23,26,28,27,8,16,20,22,29,30,32,31,34,33,37,35,39,40,36,38,43,41,47,48,52,55,58,59,62,66,67,71,73,76,77,78,81,82,83,84,42,45,46,51,44,49,50,53,54,57,60,56,61,65,63,69,64,70,68,72,74,75,80,79,89,85,86,92,87,88,90,91,95,98,93,96,94,97],"msg_id":114,"type":"broadcast"}}
2025/06/29 15:39:44 Received {n1 n0 {"in_reply_to":113,"type":"broadcast_ok"}}
2025/06/29 15:39:44 Received {n3 n0 {"in_reply_to":114,"type":"broadcast_ok"}}
2025/06/29 15:39:44 Received {n1 n0 {"messages":[0,2,4,1,3,6,7,9,11,5,10,12,14,15,13,19,17,18,21,25,23,24,27,26,8,16,20,22,29,28,30,31,33,32,34,36,37,35,39,40,41,38,43,42,44,46,49,45,50,53,54,51,56,57,63,60,61,64,68,65,70,72,69,74,75,79,80,85,87,88,86,91,89,90,92,93,96,94,95,97,47,48,52,55,58,59,62,66,67,71,73,76,77,78,81,82,83,84,98],"msg_id":174,"type":"broadcast"}}
2025/06/29 15:39:44 Sent {"src":"n0","dest":"n1","body":{"in_reply_to":174,"type":"broadcast_ok"}}
2025/06/29 15:39:45 Sent {"src":"n0","dest":"n1","body":{"messages":[0,1,3,2,4,6,7,5,10,9,12,11,14,15,17,18,13,19,21,24,25,23,26,28,27,8,16,20,22,29,30,32,31,34,33,37,35,39,40,36,38,43,41,47,48,52,55,58,59,62,66,67,71,73,76,77,78,81,82,83,84,42,45,46,51,44,49,50,53,54,57,60,56,61,65,63,69,64,70,68,72,74,75,80,79,89,85,86,92,87,88,90,91,95,98,93,96,94,97],"msg_id":115,"type":"broadcast"}}
2025/06/29 15:39:45 Sent {"src":"n0","dest":"n3","body":{"messages":[0,1,3,2,4,6,7,5,10,9,12,11,14,15,17,18,13,19,21,24,25,23,26,28,27,8,16,20,22,29,30,32,31,34,33,37,35,39,40,36,38,43,41,47,48,52,55,58,59,62,66,67,71,73,76,77,78,81,82,83,84,42,45,46,51,44,49,50,53,54,57,60,56,61,65,63,69,64,70,68,72,74,75,80,79,89,85,86,92,87,88,90,91,95,98,93,96,94,97],"msg_id":116,"type":"broadcast"}}
2025/06/29 15:39:45 Received {n1 n0 {"in_reply_to":115,"type":"broadcast_ok"}}
2025/06/29 15:39:45 Received {n3 n0 {"messages":[1,2,0,3,5,4,6,7,9,12,10,17,11,13,14,15,18,19,21,24,23,26,25,28,27,30,32,8,16,20,22,29,33,31,34,35,36,37,38,39,40,43,42,45,41,46,51,44,49,50,53,54,57,60,56,61,65,63,69,64,70,68,72,74,75,80,79,89,85,86,92,87,88,90,91,95,98,93,96,94,47,48,52,55,58,59,62,66,67,71,73,76,77,78,81,82,83,84,97],"msg_id":118,"type":"broadcast"}}
2025/06/29 15:39:45 Received {n3 n0 {"in_reply_to":116,"type":"broadcast_ok"}}
2025/06/29 15:39:45 Sent {"src":"n0","dest":"n3","body":{"in_reply_to":118,"type":"broadcast_ok"}}
2025/06/29 15:39:45 Received {n1 n0 {"messages":[0,2,4,1,3,6,7,9,11,5,10,12,14,15,13,19,17,18,21,25,23,24,27,26,8,16,20,22,29,28,30,31,33,32,34,36,37,35,39,40,41,38,43,42,44,46,49,45,50,53,54,51,56,57,63,60,61,64,68,65,70,72,69,74,75,79,80,85,87,88,86,91,89,90,92,93,96,94,95,97,47,48,52,55,58,59,62,66,67,71,73,76,77,78,81,82,83,84,98],"msg_id":177,"type":"broadcast"}}
2025/06/29 15:39:45 Sent {"src":"n0","dest":"n1","body":{"in_reply_to":177,"type":"broadcast_ok"}}
2025/06/29 15:39:45 Received {c14 n0 {"type":"read","msg_id":64}}
2025/06/29 15:39:45 Sent {"src":"n0","dest":"c14","body":{"in_reply_to":64,"messages":[0,1,3,2,4,6,7,5,10,9,12,11,14,15,17,18,13,19,21,24,25,23,26,28,27,8,16,20,22,29,30,32,31,34,33,37,35,39,40,36,38,43,41,47,48,52,55,58,59,62,66,67,71,73,76,77,78,81,82,83,84,42,45,46,51,44,49,50,53,54,57,60,56,61,65,63,69,64,70,68,72,74,75,80,79,89,85,86,92,87,88,90,91,95,98,93,96,94,97],"type":"read_ok"}}
