2025/06/29 15:39:15 Received {c1 n3 {"type":"init","node_id":"n3","node_ids":["n0","n1","n2","n3","n4"],"msg_id":1}}
2025/06/29 15:39:15 Node n3 initialized
2025/06/29 15:39:15 Sent {"src":"n3","dest":"c1","body":{"in_reply_to":1,"type":"init_ok"}}
2025/06/29 15:39:15 Received {c8 n3 {"type":"topology","topology":{"n0":["n3","n1"],"n1":["n4","n2","n0"],"n2":["n1"],"n3":["n0","n4"],"n4":["n1","n3"]},"msg_id":1}}
2025/06/29 15:39:15 Sent {"src":"n3","dest":"c8","body":{"in_reply_to":1,"type":"topology_ok"}}
2025/06/29 15:39:15 Received {c12 n3 {"type":"broadcast","message":1,"msg_id":1}}
2025/06/29 15:39:15 Sent {"src":"n3","dest":"c12","body":{"in_reply_to":1,"type":"broadcast_ok"}}
2025/06/29 15:39:16 Sent {"src":"n3","dest":"n4","body":{"messages":[1],"msg_id":1,"type":"broadcast"}}
2025/06/29 15:39:16 Sent {"src":"n3","dest":"n0","body":{"messages":[1],"msg_id":2,"type":"broadcast"}}
2025/06/29 15:39:16 Received {n4 n3 {"messages":[2],"msg_id":1,"type":"broadcast"}}
2025/06/29 15:39:16 Sent {"src":"n3","dest":"n4","body":{"in_reply_to":1,"type":"broadcast_ok"}}
2025/06/29 15:39:16 Received {n4 n3 {"in_reply_to":1,"type":"broadcast_ok"}}
2025/06/29 15:39:16 Received {n0 n3 {"in_reply_to":2,"type":"broadcast_ok"}}
2025/06/29 15:39:16 Sent {"src":"n3","dest":"n4","body":{"messages":[1,2],"msg_id":3,"type":"broadcast"}}
2025/06/29 15:39:16 Sent {"src":"n3","dest":"n0","body":{"messages":[1,2],"msg_id":4,"type":"broadcast"}}
2025/06/29 15:39:16 Received {n0 n3 {"messages":[0,1,3],"msg_id":2,"type":"broadcast"}}
2025/06/29 15:39:16 Sent {"src":"n3","dest":"n0","body":{"in_reply_to":2,"type":"broadcast_ok"}}
2025/06/29 15:39:16 Received {n4 n3 {"messages":[2,1,0],"msg_id":3,"type":"broadcast"}}
2025/06/29 15:39:16 Sent {"src":"n3","dest":"n4","body":{"in_reply_to":3,"type":"broadcast_ok"}}
2025/06/29 15:39:16 Received {n4 n3 {"in_reply_to":3,"type":"broadcast_ok"}}
2025/06/29 15:39:16 Received {n0 n3 {"in_reply_to":4,"type":"broadcast_ok"}}
2025/06/29 15:39:16 Received {c12 n3 {"type":"broadcast","message":5,"msg_id":2}}
2025/06/29 15:39:16 Sent {"src":"n3","dest":"c12","body":{"in_reply_to":2,"type":"broadcast_ok"}}
2025/06/29 15:39:16 Received {c12 n3 {"type":"read","msg_id":3}}
2025/06/29 15:39:16 Sent {"src":"n3","dest":"c12","body":{"in_reply_to":3,"messages":[1,2,0,3,5],"type":"read_ok"}}
2025/06/29 15:39:17 Sent {"src":"n3","dest":"n0","body":{"messages":[1,2,0,3,5],"msg_id":5,"type":"broadcast"}}
2025/06/29 15:39:17 Sent {"src":"n3","dest":"n4","body":{"messages":[1,2,0,3,5],"msg_id":6,"type":"broadcast"}}
2025/06/29 15:39:17 Received {n0 n3 {"messages":[0,1,3,2,4,6,7],"msg_id":3,"type":"broadcast"}}
2025/06/29 15:39:17 Received {n4 n3 {"messages":[2,1,0,4,9],"msg_id":5,"type":"broadcast"}}
2025/06/29 15:39:17 Sent {"src":"n3","dest":"n0","body":{"in_reply_to":3,"type":"broadcast_ok"}}
2025/06/29 15:39:17 Sent {"src":"n3","dest":"n4","body":{"in_reply_to":5,"type":"broadcast_ok"}}
2025/06/29 15:39:17 Received {n0 n3 {"in_reply_to":5,"type":"broadcast_ok"}}
2025/06/29 15:39:17 Received {n4 n3 {"in_reply_to":6,"type":"broadcast_ok"}}
2025/06/29 15:39:17 Received {c12 n3 {"type":"broadcast","message":12,"msg_id":4}}
2025/06/29 15:39:17 Sent {"src":"n3","dest":"c12","body":{"in_reply_to":4,"type":"broadcast_ok"}}
2025/06/29 15:39:17 Sent {"src":"n3","dest":"n0","body":{"messages":[1,2,0,3,5,4,6,7,9,12],"msg_id":7,"type":"broadcast"}}
2025/06/29 15:39:17 Sent {"src":"n3","dest":"n4","body":{"messages":[1,2,0,3,5,4,6,7,9,12],"msg_id":8,"type":"broadcast"}}
2025/06/29 15:39:17 Received {n4 n3 {"messages":[2,1,0,4,9,3,5],"msg_id":7,"type":"broadcast"}}
2025/06/29 15:39:17 Received {n0 n3 {"messages":[0,1,3,2,4,6,7,5,10],"msg_id":6,"type":"broadcast"}}
2025/06/29 15:39:17 Sent {"src":"n3","dest":"n4","body":{"in_reply_to":7,"type":"broadcast_ok"}}
2025/06/29 15:39:17 Sent {"src":"n3","dest":"n0","body":{"in_reply_to":6,"type":"broadcast_ok"}}
2025/06/29 15:39:17 Received {n0 n3 {"in_reply_to":7,"type":"broadcast_ok"}}
2025/06/29 15:39:17 Received {n4 n3 {"in_reply_to":8,"type":"broadcast_ok"}}
2025/06/29 15:39:17 Received {c12 n3 {"type":"broadcast","message":17,"msg_id":5}}
2025/06/29 15:39:17 Sent {"src":"n3","dest":"c12","body":{"in_reply_to":5,"type":"broadcast_ok"}}
2025/06/29 15:39:18 Sent {"src":"n3","dest":"n4","body":{"messages":[1,2,0,3,5,4,6,7,9,12,10,17],"msg_id":9,"type":"broadcast"}}
2025/06/29 15:39:18 Sent {"src":"n3","dest":"n0","body":{"messages":[1,2,0,3,5,4,6,7,9,12,10,17],"msg_id":10,"type":"broadcast"}}
2025/06/29 15:39:18 Received {n4 n3 {"messages":[2,1,0,4,9,3,5,6,7,12,11,13],"msg_id":9,"type":"broadcast"}}
2025/06/29 15:39:18 Received {n0 n3 {"messages":[0,1,3,2,4,6,7,5,10,9,12,11,14,15],"msg_id":8,"type":"broadcast"}}
2025/06/29 15:39:18 Sent {"src":"n3","dest":"n4","body":{"in_reply_to":9,"type":"broadcast_ok"}}
2025/06/29 15:39:18 Sent {"src":"n3","dest":"n0","body":{"in_reply_to":8,"type":"broadcast_ok"}}
2025/06/29 15:39:18 Received {n4 n3 {"in_reply_to":9,"type":"broadcast_ok"}}
2025/06/29 15:39:18 Received {n0 n3 {"in_reply_to":10,"type":"broadcast_ok"}}
2025/06/29 15:39:18 Received {n4 n3 {"messages":[2,1,0,4,9,3,5,6,7,12,11,13,10,17,14,15],"msg_id":11,"type":"broadcast"}}
2025/06/29 15:39:18 Sent {"src":"n3","dest":"n4","body":{"messages":[1,2,0,3,5,4,6,7,9,12,10,17,11,13,14,15],"msg_id":11,"type":"broadcast"}}
2025/06/29 15:39:18 Sent {"src":"n3","dest":"n0","body":{"messages":[1,2,0,3,5,4,6,7,9,12,10,17,11,13,14,15],"msg_id":12,"type":"broadcast"}}
2025/06/29 15:39:18 Sent {"src":"n3","dest":"n4","body":{"in_reply_to":11,"type":"broadcast_ok"}}
2025/06/29 15:39:18 Received {n0 n3 {"messages":[0,1,3,2,4,6,7,5,10,9,12,11,14,15,17,18],"msg_id":10,"type":"broadcast"}}
2025/06/29 15:39:18 Sent {"src":"n3","dest":"n0","body":{"in_reply_to":10,"type":"broadcast_ok"}}
2025/06/29 15:39:18 Received {n4 n3 {"in_reply_to":11,"type":"broadcast_ok"}}
2025/06/29 15:39:18 Received {n0 n3 {"in_reply_to":12,"type":"broadcast_ok"}}
2025/06/29 15:39:18 Received {c12 n3 {"type":"read","msg_id":6}}
2025/06/29 15:39:18 Sent {"src":"n3","dest":"c12","body":{"in_reply_to":6,"messages":[1,2,0,3,5,4,6,7,9,12,10,17,11,13,14,15,18],"type":"read_ok"}}
2025/06/29 15:39:19 Sent {"src":"n3","dest":"n4","body":{"messages":[1,2,0,3,5,4,6,7,9,12,10,17,11,13,14,15,18],"msg_id":13,"type":"broadcast"}}
2025/06/29 15:39:19 Sent {"src":"n3","dest":"n0","body":{"messages":[1,2,0,3,5,4,6,7,9,12,10,17,11,13,14,15,18],"msg_id":14,"type":"broadcast"}}
2025/06/29 15:39:19 Received {n0 n3 {"messages":[0,1,3,2,4,6,7,5,10,9,12,11,14,15,17,18,13,19,21],"msg_id":12,"type":"broadcast"}}
2025/06/29 15:39:19 Received {n4 n3 {"messages":[2,1,0,4,9,3,5,6,7,12,11,13,10,17,14,15,19,18],"msg_id":13,"type":"broadcast"}}
2025/06/29 15:39:19 Sent {"src":"n3","dest":"n0","body":{"in_reply_to":12,"type":"broadcast_ok"}}
2025/06/29 15:39:19 Sent {"src":"n3","dest":"n4","body":{"in_reply_to":13,"type":"broadcast_ok"}}
2025/06/29 15:39:19 Received {n0 n3 {"in_reply_to":14,"type":"broadcast_ok"}}
2025/06/29 15:39:19 Received {n4 n3 {"in_reply_to":13,"type":"broadcast_ok"}}
2025/06/29 15:39:19 Received {c12 n3 {"type":"read","msg_id":7}}
2025/06/29 15:39:19 Sent {"src":"n3","dest":"c12","body":{"in_reply_to":7,"messages":[1,2,0,3,5,4,6,7,9,12,10,17,11,13,14,15,18,19,21],"type":"read_ok"}}
2025/06/29 15:39:19 Received {n0 n3 {"messages":[0,1,3,2,4,6,7,5,10,9,12,11,14,15,17,18,13,19,21,24],"msg_id":13,"type":"broadcast"}}
2025/06/29 15:39:19 Received {n4 n3 {"messages":[2,1,0,4,9,3,5,6,7,12,11,13,10,17,14,15,19,18,23],"msg_id":16,"type":"broadcast"}}
2025/06/29 15:39:19 Sent {"src":"n3","dest":"n0","body":{"in_reply_to":13,"type":"broadcast_ok"}}
2025/06/29 15:39:19 Sent {"src":"n3","dest":"n4","body":{"in_reply_to":16,"type":"broadcast_ok"}}
2025/06/29 15:39:19 Sent {"src":"n3","dest":"n4","body":{"messages":[1,2,0,3,5,4,6,7,9,12,10,17,11,13,14,15,18,19,21,24,23],"msg_id":15,"type":"broadcast"}}
2025/06/29 15:39:19 Sent {"src":"n3","dest":"n0","body":{"messages":[1,2,0,3,5,4,6,7,9,12,10,17,11,13,14,15,18,19,21,24,23],"msg_id":16,"type":"broadcast"}}
2025/06/29 15:39:19 Received {n4 n3 {"in_reply_to":15,"type":"broadcast_ok"}}
2025/06/29 15:39:19 Received {n0 n3 {"in_reply_to":16,"type":"broadcast_ok"}}
2025/06/29 15:39:19 Received {c12 n3 {"type":"broadcast","message":26,"msg_id":8}}
2025/06/29 15:39:19 Sent {"src":"n3","dest":"c12","body":{"in_reply_to":8,"type":"broadcast_ok"}}
2025/06/29 15:39:20 Received {n4 n3 {"messages":[2,1,0,4,9,3,5,6,7,12,11,13,10,17,14,15,19,18,23,21,25,24],"msg_id":18,"type":"broadcast"}}
2025/06/29 15:39:20 Received {n0 n3 {"messages":[0,1,3,2,4,6,7,5,10,9,12,11,14,15,17,18,13,19,21,24,25,23],"msg_id":16,"type":"broadcast"}}
2025/06/29 15:39:20 Sent {"src":"n3","dest":"n4","body":{"in_reply_to":18,"type":"broadcast_ok"}}
2025/06/29 15:39:20 Sent {"src":"n3","dest":"n0","body":{"in_reply_to":16,"type":"broadcast_ok"}}
2025/06/29 15:39:20 Sent {"src":"n3","dest":"n4","body":{"messages":[1,2,0,3,5,4,6,7,9,12,10,17,11,13,14,15,18,19,21,24,23,26,25],"msg_id":17,"type":"broadcast"}}
2025/06/29 15:39:20 Sent {"src":"n3","dest":"n0","body":{"messages":[1,2,0,3,5,4,6,7,9,12,10,17,11,13,14,15,18,19,21,24,23,26,25],"msg_id":18,"type":"broadcast"}}
2025/06/29 15:39:20 Received {n4 n3 {"in_reply_to":17,"type":"broadcast_ok"}}
2025/06/29 15:39:20 Received {n0 n3 {"in_reply_to":18,"type":"broadcast_ok"}}
2025/06/29 15:39:20 Received {c12 n3 {"type":"broadcast","message":28,"msg_id":9}}
2025/06/29 15:39:20 Sent {"src":"n3","dest":"c12","body":{"in_reply_to":9,"type":"broadcast_ok"}}
2025/06/29 15:39:20 Sent {"src":"n3","dest":"n4","body":{"messages":[1,2,0,3,5,4,6,7,9,12,10,17,11,13,14,15,18,19,21,24,23,26,25,28],"msg_id":19,"type":"broadcast"}}
2025/06/29 15:39:20 Sent {"src":"n3","dest":"n0","body":{"messages":[1,2,0,3,5,4,6,7,9,12,10,17,11,13,14,15,18,19,21,24,23,26,25,28],"msg_id":20,"type":"broadcast"}}
2025/06/29 15:39:20 Received {n4 n3 {"messages":[2,1,0,4,9,3,5,6,7,12,11,13,10,17,14,15,19,18,23,21,25,24,26],"msg_id":19,"type":"broadcast"}}
2025/06/29 15:39:20 Received {n0 n3 {"messages":[0,1,3,2,4,6,7,5,10,9,12,11,14,15,17,18,13,19,21,24,25,23,26],"msg_id":18,"type":"broadcast"}}
2025/06/29 15:39:20 Sent {"src":"n3","dest":"n4","body":{"in_reply_to":19,"type":"broadcast_ok"}}
2025/06/29 15:39:20 Sent {"src":"n3","dest":"n0","body":{"in_reply_to":18,"type":"broadcast_ok"}}
2025/06/29 15:39:20 Received {n4 n3 {"in_reply_to":19,"type":"broadcast_ok"}}
2025/06/29 15:39:20 Received {n0 n3 {"in_reply_to":20,"type":"broadcast_ok"}}
2025/06/29 15:39:20 Received {c12 n3 {"type":"read","msg_id":10}}
2025/06/29 15:39:20 Sent {"src":"n3","dest":"c12","body":{"in_reply_to":10,"messages":[1,2,0,3,5,4,6,7,9,12,10,17,11,13,14,15,18,19,21,24,23,26,25,28],"type":"read_ok"}}
2025/06/29 15:39:21 Sent {"src":"n3","dest":"n4","body":{"messages":[1,2,0,3,5,4,6,7,9,12,10,17,11,13,14,15,18,19,21,24,23,26,25,28],"msg_id":21,"type":"broadcast"}}
2025/06/29 15:39:21 Sent {"src":"n3","dest":"n0","body":{"messages":[1,2,0,3,5,4,6,7,9,12,10,17,11,13,14,15,18,19,21,24,23,26,25,28],"msg_id":22,"type":"broadcast"}}
2025/06/29 15:39:21 Received {n4 n3 {"messages":[2,1,0,4,9,3,5,6,7,12,11,13,10,17,14,15,19,18,23,21,25,24,26,28,27,30],"msg_id":21,"type":"broadcast"}}
2025/06/29 15:39:21 Received {n0 n3 {"messages":[0,1,3,2,4,6,7,5,10,9,12,11,14,15,17,18,13,19,21,24,25,23,26,28,27],"msg_id":20,"type":"broadcast"}}
2025/06/29 15:39:21 Sent {"src":"n3","dest":"n4","body":{"in_reply_to":21,"type":"broadcast_ok"}}
2025/06/29 15:39:21 Sent {"src":"n3","dest":"n0","body":{"in_reply_to":20,"type":"broadcast_ok"}}
2025/06/29 15:39:21 Received {n4 n3 {"in_reply_to":21,"type":"broadcast_ok"}}
2025/06/29 15:39:21 Received {n0 n3 {"in_reply_to":22,"type":"broadcast_ok"}}
2025/06/29 15:39:21 Received {c12 n3 {"type":"broadcast","message":32,"msg_id":11}}
2025/06/29 15:39:21 Sent {"src":"n3","dest":"c12","body":{"in_reply_to":11,"type":"broadcast_ok"}}
2025/06/29 15:39:21 Sent {"src":"n3","dest":"n0","body":{"messages":[1,2,0,3,5,4,6,7,9,12,10,17,11,13,14,15,18,19,21,24,23,26,25,28,27,30,32],"msg_id":23,"type":"broadcast"}}
2025/06/29 15:39:21 Sent {"src":"n3","dest":"n4","body":{"messages":[1,2,0,3,5,4,6,7,9,12,10,17,11,13,14,15,18,19,21,24,23,26,25,28,27,30,32],"msg_id":24,"type":"broadcast"}}
2025/06/29 15:39:21 Received {n0 n3 {"messages":[0,1,3,2,4,6,7,5,10,9,12,11,14,15,17,18,13,19,21,24,25,23,26,28,27,8,16,20,22,29],"msg_id":22,"type":"broadcast"}}
2025/06/29 15:39:21 Sent {"src":"n3","dest":"n0","body":{"in_reply_to":22,"type":"broadcast_ok"}}
2025/06/29 15:39:21 Received {n4 n3 {"messages":[2,1,0,4,9,3,5,6,7,12,11,13,10,17,14,15,19,18,23,21,25,24,26,28,27,30,8,16,20,22,29,33],"msg_id":24,"type":"broadcast"}}
2025/06/29 15:39:21 Sent {"src":"n3","dest":"n4","body":{"in_reply_to":24,"type":"broadcast_ok"}}
2025/06/29 15:39:21 Received {n0 n3 {"in_reply_to":23,"type":"broadcast_ok"}}
2025/06/29 15:39:21 Received {n4 n3 {"in_reply_to":24,"type":"broadcast_ok"}}
2025/06/29 15:39:22 Sent {"src":"n3","dest":"n4","body":{"messages":[1,2,0,3,5,4,6,7,9,12,10,17,11,13,14,15,18,19,21,24,23,26,25,28,27,30,32,8,16,20,22,29,33],"msg_id":25,"type":"broadcast"}}
2025/06/29 15:39:22 Sent {"src":"n3","dest":"n0","body":{"messages":[1,2,0,3,5,4,6,7,9,12,10,17,11,13,14,15,18,19,21,24,23,26,25,28,27,30,32,8,16,20,22,29,33],"msg_id":26,"type":"broadcast"}}
2025/06/29 15:39:22 Received {n0 n3 {"messages":[0,1,3,2,4,6,7,5,10,9,12,11,14,15,17,18,13,19,21,24,25,23,26,28,27,8,16,20,22,29,30,32,31,34],"msg_id":24,"type":"broadcast"}}
2025/06/29 15:39:22 Received {n4 n3 {"messages":[2,1,0,4,9,3,5,6,7,12,11,13,10,17,14,15,19,18,23,21,25,24,26,28,27,30,8,16,20,22,29,33,32,31],"msg_id":26,"type":"broadcast"}}
2025/06/29 15:39:22 Sent {"src":"n3","dest":"n0","body":{"in_reply_to":24,"type":"broadcast_ok"}}
2025/06/29 15:39:22 Sent {"src":"n3","dest":"n4","body":{"in_reply_to":26,"type":"broadcast_ok"}}
2025/06/29 15:39:22 Received {c12 n3 {"type":"broadcast","message":35,"msg_id":12}}
2025/06/29 15:39:22 Sent {"src":"n3","dest":"c12","body":{"in_reply_to":12,"type":"broadcast_ok"}}
2025/06/29 15:39:22 Received {n4 n3 {"in_reply_to":25,"type":"broadcast_ok"}}
2025/06/29 15:39:22 Received {n0 n3 {"in_reply_to":26,"type":"broadcast_ok"}}
2025/06/29 15:39:22 Received {n4 n3 {"messages":[2,1,0,4,9,3,5,6,7,12,11,13,10,17,14,15,19,18,23,21,25,24,26,28,27,30,8,16,20,22,29,33,32,31,36],"msg_id":27,"type":"broadcast"}}
2025/06/29 15:39:22 Received {n0 n3 {"messages":[0,1,3,2,4,6,7,5,10,9,12,11,14,15,17,18,13,19,21,24,25,23,26,28,27,8,16,20,22,29,30,32,31,34,33,37],"msg_id":26,"type":"broadcast"}}
2025/06/29 15:39:22 Sent {"src":"n3","dest":"n4","body":{"messages":[1,2,0,3,5,4,6,7,9,12,10,17,11,13,14,15,18,19,21,24,23,26,25,28,27,30,32,8,16,20,22,29,33,31,34,35],"msg_id":28,"type":"broadcast"}}
2025/06/29 15:39:22 Sent {"src":"n3","dest":"n0","body":{"messages":[1,2,0,3,5,4,6,7,9,12,10,17,11,13,14,15,18,19,21,24,23,26,25,28,27,30,32,8,16,20,22,29,33,31,34,35],"msg_id":27,"type":"broadcast"}}
2025/06/29 15:39:22 Sent {"src":"n3","dest":"n4","body":{"in_reply_to":27,"type":"broadcast_ok"}}
2025/06/29 15:39:22 Sent {"src":"n3","dest":"n0","body":{"in_reply_to":26,"type":"broadcast_ok"}}
2025/06/29 15:39:22 Received {n4 n3 {"in_reply_to":28,"type":"broadcast_ok"}}
2025/06/29 15:39:22 Received {n0 n3 {"in_reply_to":27,"type":"broadcast_ok"}}
2025/06/29 15:39:22 Received {c12 n3 {"type":"broadcast","message":38,"msg_id":13}}
2025/06/29 15:39:22 Sent {"src":"n3","dest":"c12","body":{"in_reply_to":13,"type":"broadcast_ok"}}
2025/06/29 15:39:23 Sent {"src":"n3","dest":"n4","body":{"messages":[1,2,0,3,5,4,6,7,9,12,10,17,11,13,14,15,18,19,21,24,23,26,25,28,27,30,32,8,16,20,22,29,33,31,34,35,36,37,38],"msg_id":29,"type":"broadcast"}}
2025/06/29 15:39:23 Sent {"src":"n3","dest":"n0","body":{"messages":[1,2,0,3,5,4,6,7,9,12,10,17,11,13,14,15,18,19,21,24,23,26,25,28,27,30,32,8,16,20,22,29,33,31,34,35,36,37,38],"msg_id":30,"type":"broadcast"}}
2025/06/29 15:39:23 Received {n4 n3 {"messages":[2,1,0,4,9,3,5,6,7,12,11,13,10,17,14,15,19,18,23,21,25,24,26,28,27,30,8,16,20,22,29,33,32,31,36,34,35],"msg_id":29,"type":"broadcast"}}
2025/06/29 15:39:23 Sent {"src":"n3","dest":"n4","body":{"in_reply_to":29,"type":"broadcast_ok"}}
2025/06/29 15:39:23 Received {n0 n3 {"messages":[0,1,3,2,4,6,7,5,10,9,12,11,14,15,17,18,13,19,21,24,25,23,26,28,27,8,16,20,22,29,30,32,31,34,33,37,35,39,40],"msg_id":28,"type":"broadcast"}}
2025/06/29 15:39:23 Sent {"src":"n3","dest":"n0","body":{"in_reply_to":28,"type":"broadcast_ok"}}
2025/06/29 15:39:23 Received {n4 n3 {"in_reply_to":29,"type":"broadcast_ok"}}
2025/06/29 15:39:23 Received {n0 n3 {"in_reply_to":30,"type":"broadcast_ok"}}
2025/06/29 15:39:23 Received {c12 n3 {"type":"read","msg_id":14}}
2025/06/29 15:39:23 Sent {"src":"n3","dest":"c12","body":{"in_reply_to":14,"messages":[1,2,0,3,5,4,6,7,9,12,10,17,11,13,14,15,18,19,21,24,23,26,25,28,27,30,32,8,16,20,22,29,33,31,34,35,36,37,38,39,40],"type":"read_ok"}}
2025/06/29 15:39:23 Received {n0 n3 {"messages":[0,1,3,2,4,6,7,5,10,9,12,11,14,15,17,18,13,19,21,24,25,23,26,28,27,8,16,20,22,29,30,32,31,34,33,37,35,39,40,36,38,43],"msg_id":29,"type":"broadcast"}}
2025/06/29 15:39:23 Received {n4 n3 {"messages":[2,1,0,4,9,3,5,6,7,12,11,13,10,17,14,15,19,18,23,21,25,24,26,28,27,30,8,16,20,22,29,33,32,31,36,34,35,37,38,42],"msg_id":31,"type":"broadcast"}}
2025/06/29 15:39:23 Sent {"src":"n3","dest":"n0","body":{"messages":[1,2,0,3,5,4,6,7,9,12,10,17,11,13,14,15,18,19,21,24,23,26,25,28,27,30,32,8,16,20,22,29,33,31,34,35,36,37,38,39,40],"msg_id":31,"type":"broadcast"}}
2025/06/29 15:39:23 Sent {"src":"n3","dest":"n4","body":{"messages":[1,2,0,3,5,4,6,7,9,12,10,17,11,13,14,15,18,19,21,24,23,26,25,28,27,30,32,8,16,20,22,29,33,31,34,35,36,37,38,39,40],"msg_id":32,"type":"broadcast"}}
2025/06/29 15:39:23 Sent {"src":"n3","dest":"n0","body":{"in_reply_to":29,"type":"broadcast_ok"}}
2025/06/29 15:39:23 Sent {"src":"n3","dest":"n4","body":{"in_reply_to":31,"type":"broadcast_ok"}}
2025/06/29 15:39:23 Received {n0 n3 {"in_reply_to":31,"type":"broadcast_ok"}}
2025/06/29 15:39:23 Received {n4 n3 {"in_reply_to":32,"type":"broadcast_ok"}}
2025/06/29 15:39:23 Received {c12 n3 {"type":"broadcast","message":45,"msg_id":15}}
2025/06/29 15:39:23 Sent {"src":"n3","dest":"c12","body":{"in_reply_to":15,"type":"broadcast_ok"}}
2025/06/29 15:39:24 Received {n4 n3 {"messages":[2,1,0,4,9,3,5,6,7,12,11,13,10,17,14,15,19,18,23,21,25,24,26,28,27,30,8,16,20,22,29,33,32,31,36,34,35,37,38,42,39,40,41,46],"msg_id":33,"type":"broadcast"}}
2025/06/29 15:39:24 Sent {"src":"n3","dest":"n4","body":{"in_reply_to":33,"type":"broadcast_ok"}}
2025/06/29 15:39:24 Sent {"src":"n3","dest":"n4","body":{"messages":[1,2,0,3,5,4,6,7,9,12,10,17,11,13,14,15,18,19,21,24,23,26,25,28,27,30,32,8,16,20,22,29,33,31,34,35,36,37,38,39,40,43,42,45],"msg_id":33,"type":"broadcast"}}
2025/06/29 15:39:24 Sent {"src":"n3","dest":"n0","body":{"messages":[1,2,0,3,5,4,6,7,9,12,10,17,11,13,14,15,18,19,21,24,23,26,25,28,27,30,32,8,16,20,22,29,33,31,34,35,36,37,38,39,40,43,42,45],"msg_id":34,"type":"broadcast"}}
2025/06/29 15:39:24 Received {n4 n3 {"in_reply_to":33,"type":"broadcast_ok"}}
2025/06/29 15:39:24 Received {c12 n3 {"type":"broadcast","message":51,"msg_id":16}}
2025/06/29 15:39:24 Sent {"src":"n3","dest":"c12","body":{"in_reply_to":16,"type":"broadcast_ok"}}
2025/06/29 15:39:24 Received {n4 n3 {"messages":[2,1,0,4,9,3,5,6,7,12,11,13,10,17,14,15,19,18,23,21,25,24,26,28,27,30,8,16,20,22,29,33,32,31,36,34,35,37,38,42,39,40,41,46,43,45,44],"msg_id":36,"type":"broadcast"}}
2025/06/29 15:39:24 Sent {"src":"n3","dest":"n4","body":{"in_reply_to":36,"type":"broadcast_ok"}}
2025/06/29 15:39:24 Sent {"src":"n3","dest":"n4","body":{"messages":[1,2,0,3,5,4,6,7,9,12,10,17,11,13,14,15,18,19,21,24,23,26,25,28,27,30,32,8,16,20,22,29,33,31,34,35,36,37,38,39,40,43,42,45,41,46,51,44],"msg_id":35,"type":"broadcast"}}
2025/06/29 15:39:24 Sent {"src":"n3","dest":"n0","body":{"messages":[1,2,0,3,5,4,6,7,9,12,10,17,11,13,14,15,18,19,21,24,23,26,25,28,27,30,32,8,16,20,22,29,33,31,34,35,36,37,38,39,40,43,42,45,41,46,51,44],"msg_id":36,"type":"broadcast"}}
2025/06/29 15:39:24 Received {n4 n3 {"in_reply_to":35,"type":"broadcast_ok"}}
2025/06/29 15:39:25 Sent {"src":"n3","dest":"n4","body":{"messages":[1,2,0,3,5,4,6,7,9,12,10,17,11,13,14,15,18,19,21,24,23,26,25,28,27,30,32,8,16,20,22,29,33,31,34,35,36,37,38,39,40,43,42,45,41,46,51,44],"msg_id":37,"type":"broadcast"}}
2025/06/29 15:39:25 Sent {"src":"n3","dest":"n0","body":{"messages":[1,2,0,3,5,4,6,7,9,12,10,17,11,13,14,15,18,19,21,24,23,26,25,28,27,30,32,8,16,20,22,29,33,31,34,35,36,37,38,39,40,43,42,45,41,46,51,44],"msg_id":38,"type":"broadcast"}}
2025/06/29 15:39:25 Received {n4 n3 {"messages":[2,1,0,4,9,3,5,6,7,12,11,13,10,17,14,15,19,18,23,21,25,24,26,28,27,30,8,16,20,22,29,33,32,31,36,34,35,37,38,42,39,40,41,46,43,45,44,51,49,50],"msg_id":38,"type":"broadcast"}}
2025/06/29 15:39:25 Sent {"src":"n3","dest":"n4","body":{"in_reply_to":38,"type":"broadcast_ok"}}
2025/06/29 15:39:25 Received {n4 n3 {"in_reply_to":37,"type":"broadcast_ok"}}
2025/06/29 15:39:25 Received {c12 n3 {"type":"read","msg_id":17}}
2025/06/29 15:39:25 Sent {"src":"n3","dest":"c12","body":{"in_reply_to":17,"messages":[1,2,0,3,5,4,6,7,9,12,10,17,11,13,14,15,18,19,21,24,23,26,25,28,27,30,32,8,16,20,22,29,33,31,34,35,36,37,38,39,40,43,42,45,41,46,51,44,49,50],"type":"read_ok"}}
2025/06/29 15:39:25 Received {n4 n3 {"messages":[2,1,0,4,9,3,5,6,7,12,11,13,10,17,14,15,19,18,23,21,25,24,26,28,27,30,8,16,20,22,29,33,32,31,36,34,35,37,38,42,39,40,41,46,43,45,44,51,49,50,53],"msg_id":40,"type":"broadcast"}}
2025/06/29 15:39:25 Sent {"src":"n3","dest":"n0","body":{"messages":[1,2,0,3,5,4,6,7,9,12,10,17,11,13,14,15,18,19,21,24,23,26,25,28,27,30,32,8,16,20,22,29,33,31,34,35,36,37,38,39,40,43,42,45,41,46,51,44,49,50],"msg_id":40,"type":"broadcast"}}
2025/06/29 15:39:25 Sent {"src":"n3","dest":"n4","body":{"messages":[1,2,0,3,5,4,6,7,9,12,10,17,11,13,14,15,18,19,21,24,23,26,25,28,27,30,32,8,16,20,22,29,33,31,34,35,36,37,38,39,40,43,42,45,41,46,51,44,49,50],"msg_id":39,"type":"broadcast"}}
2025/06/29 15:39:25 Sent {"src":"n3","dest":"n4","body":{"in_reply_to":40,"type":"broadcast_ok"}}
2025/06/29 15:39:25 Received {n4 n3 {"in_reply_to":39,"type":"broadcast_ok"}}
2025/06/29 15:39:25 Received {c12 n3 {"type":"read","msg_id":18}}
2025/06/29 15:39:25 Sent {"src":"n3","dest":"c12","body":{"in_reply_to":18,"messages":[1,2,0,3,5,4,6,7,9,12,10,17,11,13,14,15,18,19,21,24,23,26,25,28,27,30,32,8,16,20,22,29,33,31,34,35,36,37,38,39,40,43,42,45,41,46,51,44,49,50,53],"type":"read_ok"}}
2025/06/29 15:39:26 Sent {"src":"n3","dest":"n4","body":{"messages":[1,2,0,3,5,4,6,7,9,12,10,17,11,13,14,15,18,19,21,24,23,26,25,28,27,30,32,8,16,20,22,29,33,31,34,35,36,37,38,39,40,43,42,45,41,46,51,44,49,50,53],"msg_id":41,"type":"broadcast"}}
2025/06/29 15:39:26 Sent {"src":"n3","dest":"n0","body":{"messages":[1,2,0,3,5,4,6,7,9,12,10,17,11,13,14,15,18,19,21,24,23,26,25,28,27,30,32,8,16,20,22,29,33,31,34,35,36,37,38,39,40,43,42,45,41,46,51,44,49,50,53],"msg_id":42,"type":"broadcast"}}
2025/06/29 15:39:26 Received {n4 n3 {"messages":[2,1,0,4,9,3,5,6,7,12,11,13,10,17,14,15,19,18,23,21,25,24,26,28,27,30,8,16,20,22,29,33,32,31,36,34,35,37,38,42,39,40,41,46,43,45,44,51,49,50,53,54],"msg_id":41,"type":"broadcast"}}
2025/06/29 15:39:26 Sent {"src":"n3","dest":"n4","body":{"in_reply_to":41,"type":"broadcast_ok"}}
2025/06/29 15:39:26 Received {n4 n3 {"in_reply_to":41,"type":"broadcast_ok"}}
2025/06/29 15:39:26 Received {c12 n3 {"type":"broadcast","message":57,"msg_id":19}}
2025/06/29 15:39:26 Sent {"src":"n3","dest":"c12","body":{"in_reply_to":19,"type":"broadcast_ok"}}
2025/06/29 15:39:26 Sent {"src":"n3","dest":"n4","body":{"messages":[1,2,0,3,5,4,6,7,9,12,10,17,11,13,14,15,18,19,21,24,23,26,25,28,27,30,32,8,16,20,22,29,33,31,34,35,36,37,38,39,40,43,42,45,41,46,51,44,49,50,53,54,57],"msg_id":43,"type":"broadcast"}}
2025/06/29 15:39:26 Sent {"src":"n3","dest":"n0","body":{"messages":[1,2,0,3,5,4,6,7,9,12,10,17,11,13,14,15,18,19,21,24,23,26,25,28,27,30,32,8,16,20,22,29,33,31,34,35,36,37,38,39,40,43,42,45,41,46,51,44,49,50,53,54,57],"msg_id":44,"type":"broadcast"}}
2025/06/29 15:39:26 Received {n4 n3 {"messages":[2,1,0,4,9,3,5,6,7,12,11,13,10,17,14,15,19,18,23,21,25,24,26,28,27,30,8,16,20,22,29,33,32,31,36,34,35,37,38,42,39,40,41,46,43,45,44,51,49,50,53,54],"msg_id":43,"type":"broadcast"}}
2025/06/29 15:39:26 Sent {"src":"n3","dest":"n4","body":{"in_reply_to":43,"type":"broadcast_ok"}}
2025/06/29 15:39:26 Received {n4 n3 {"in_reply_to":43,"type":"broadcast_ok"}}
2025/06/29 15:39:27 Sent {"src":"n3","dest":"n4","body":{"messages":[1,2,0,3,5,4,6,7,9,12,10,17,11,13,14,15,18,19,21,24,23,26,25,28,27,30,32,8,16,20,22,29,33,31,34,35,36,37,38,39,40,43,42,45,41,46,51,44,49,50,53,54,57],"msg_id":45,"type":"broadcast"}}
2025/06/29 15:39:27 Sent {"src":"n3","dest":"n0","body":{"messages":[1,2,0,3,5,4,6,7,9,12,10,17,11,13,14,15,18,19,21,24,23,26,25,28,27,30,32,8,16,20,22,29,33,31,34,35,36,37,38,39,40,43,42,45,41,46,51,44,49,50,53,54,57],"msg_id":46,"type":"broadcast"}}
2025/06/29 15:39:27 Received {n4 n3 {"messages":[2,1,0,4,9,3,5,6,7,12,11,13,10,17,14,15,19,18,23,21,25,24,26,28,27,30,8,16,20,22,29,33,32,31,36,34,35,37,38,42,39,40,41,46,43,45,44,51,49,50,53,54,57],"msg_id":46,"type":"broadcast"}}
2025/06/29 15:39:27 Sent {"src":"n3","dest":"n4","body":{"in_reply_to":46,"type":"broadcast_ok"}}
2025/06/29 15:39:27 Received {n4 n3 {"in_reply_to":45,"type":"broadcast_ok"}}
2025/06/29 15:39:27 Received {c12 n3 {"type":"broadcast","message":60,"msg_id":20}}
2025/06/29 15:39:27 Sent {"src":"n3","dest":"c12","body":{"in_reply_to":20,"type":"broadcast_ok"}}
2025/06/29 15:39:27 Sent {"src":"n3","dest":"n4","body":{"messages":[1,2,0,3,5,4,6,7,9,12,10,17,11,13,14,15,18,19,21,24,23,26,25,28,27,30,32,8,16,20,22,29,33,31,34,35,36,37,38,39,40,43,42,45,41,46,51,44,49,50,53,54,57,60],"msg_id":47,"type":"broadcast"}}
2025/06/29 15:39:27 Sent {"src":"n3","dest":"n0","body":{"messages":[1,2,0,3,5,4,6,7,9,12,10,17,11,13,14,15,18,19,21,24,23,26,25,28,27,30,32,8,16,20,22,29,33,31,34,35,36,37,38,39,40,43,42,45,41,46,51,44,49,50,53,54,57,60],"msg_id":48,"type":"broadcast"}}
2025/06/29 15:39:27 Received {n4 n3 {"messages":[2,1,0,4,9,3,5,6,7,12,11,13,10,17,14,15,19,18,23,21,25,24,26,28,27,30,8,16,20,22,29,33,32,31,36,34,35,37,38,42,39,40,41,46,43,45,44,51,49,50,53,54,57,56],"msg_id":47,"type":"broadcast"}}
2025/06/29 15:39:27 Sent {"src":"n3","dest":"n4","body":{"in_reply_to":47,"type":"broadcast_ok"}}
2025/06/29 15:39:27 Received {n4 n3 {"in_reply_to":47,"type":"broadcast_ok"}}
2025/06/29 15:39:28 Sent {"src":"n3","dest":"n4","body":{"messages":[1,2,0,3,5,4,6,7,9,12,10,17,11,13,14,15,18,19,21,24,23,26,25,28,27,30,32,8,16,20,22,29,33,31,34,35,36,37,38,39,40,43,42,45,41,46,51,44,49,50,53,54,57,60,56],"msg_id":49,"type":"broadcast"}}
2025/06/29 15:39:28 Sent {"src":"n3","dest":"n0","body":{"messages":[1,2,0,3,5,4,6,7,9,12,10,17,11,13,14,15,18,19,21,24,23,26,25,28,27,30,32,8,16,20,22,29,33,31,34,35,36,37,38,39,40,43,42,45,41,46,51,44,49,50,53,54,57,60,56],"msg_id":50,"type":"broadcast"}}
2025/06/29 15:39:28 Received {n4 n3 {"messages":[2,1,0,4,9,3,5,6,7,12,11,13,10,17,14,15,19,18,23,21,25,24,26,28,27,30,8,16,20,22,29,33,32,31,36,34,35,37,38,42,39,40,41,46,43,45,44,51,49,50,53,54,57,56,60,61],"msg_id":49,"type":"broadcast"}}
2025/06/29 15:39:28 Sent {"src":"n3","dest":"n4","body":{"in_reply_to":49,"type":"broadcast_ok"}}
2025/06/29 15:39:28 Received {n4 n3 {"in_reply_to":49,"type":"broadcast_ok"}}
2025/06/29 15:39:28 Received {c12 n3 {"type":"broadcast","message":65,"msg_id":21}}
2025/06/29 15:39:28 Sent {"src":"n3","dest":"c12","body":{"in_reply_to":21,"type":"broadcast_ok"}}
2025/06/29 15:39:28 Sent {"src":"n3","dest":"n4","body":{"messages":[1,2,0,3,5,4,6,7,9,12,10,17,11,13,14,15,18,19,21,24,23,26,25,28,27,30,32,8,16,20,22,29,33,31,34,35,36,37,38,39,40,43,42,45,41,46,51,44,49,50,53,54,57,60,56,61,65],"msg_id":51,"type":"broadcast"}}
2025/06/29 15:39:28 Sent {"src":"n3","dest":"n0","body":{"messages":[1,2,0,3,5,4,6,7,9,12,10,17,11,13,14,15,18,19,21,24,23,26,25,28,27,30,32,8,16,20,22,29,33,31,34,35,36,37,38,39,40,43,42,45,41,46,51,44,49,50,53,54,57,60,56,61,65],"msg_id":52,"type":"broadcast"}}
2025/06/29 15:39:28 Received {n4 n3 {"messages":[2,1,0,4,9,3,5,6,7,12,11,13,10,17,14,15,19,18,23,21,25,24,26,28,27,30,8,16,20,22,29,33,32,31,36,34,35,37,38,42,39,40,41,46,43,45,44,51,49,50,53,54,57,56,60,61,63],"msg_id":51,"type":"broadcast"}}
2025/06/29 15:39:28 Sent {"src":"n3","dest":"n4","body":{"in_reply_to":51,"type":"broadcast_ok"}}
2025/06/29 15:39:28 Received {n4 n3 {"in_reply_to":51,"type":"broadcast_ok"}}
2025/06/29 15:39:28 Received {c12 n3 {"type":"broadcast","message":69,"msg_id":22}}
2025/06/29 15:39:28 Sent {"src":"n3","dest":"c12","body":{"in_reply_to":22,"type":"broadcast_ok"}}
2025/06/29 15:39:29 Sent {"src":"n3","dest":"n4","body":{"messages":[1,2,0,3,5,4,6,7,9,12,10,17,11,13,14,15,18,19,21,24,23,26,25,28,27,30,32,8,16,20,22,29,33,31,34,35,36,37,38,39,40,43,42,45,41,46,51,44,49,50,53,54,57,60,56,61,65,63,69],"msg_id":53,"type":"broadcast"}}
2025/06/29 15:39:29 Sent {"src":"n3","dest":"n0","body":{"messages":[1,2,0,3,5,4,6,7,9,12,10,17,11,13,14,15,18,19,21,24,23,26,25,28,27,30,32,8,16,20,22,29,33,31,34,35,36,37,38,39,40,43,42,45,41,46,51,44,49,50,53,54,57,60,56,61,65,63,69],"msg_id":54,"type":"broadcast"}}
2025/06/29 15:39:29 Received {n4 n3 {"messages":[2,1,0,4,9,3,5,6,7,12,11,13,10,17,14,15,19,18,23,21,25,24,26,28,27,30,8,16,20,22,29,33,32,31,36,34,35,37,38,42,39,40,41,46,43,45,44,51,49,50,53,54,57,56,60,61,63,65,64,70],"msg_id":53,"type":"broadcast"}}
2025/06/29 15:39:29 Sent {"src":"n3","dest":"n4","body":{"in_reply_to":53,"type":"broadcast_ok"}}
2025/06/29 15:39:29 Received {n4 n3 {"in_reply_to":53,"type":"broadcast_ok"}}
2025/06/29 15:39:29 Received {c12 n3 {"type":"read","msg_id":23}}
2025/06/29 15:39:29 Sent {"src":"n3","dest":"c12","body":{"in_reply_to":23,"messages":[1,2,0,3,5,4,6,7,9,12,10,17,11,13,14,15,18,19,21,24,23,26,25,28,27,30,32,8,16,20,22,29,33,31,34,35,36,37,38,39,40,43,42,45,41,46,51,44,49,50,53,54,57,60,56,61,65,63,69,64,70],"type":"read_ok"}}
2025/06/29 15:39:29 Sent {"src":"n3","dest":"n4","body":{"messages":[1,2,0,3,5,4,6,7,9,12,10,17,11,13,14,15,18,19,21,24,23,26,25,28,27,30,32,8,16,20,22,29,33,31,34,35,36,37,38,39,40,43,42,45,41,46,51,44,49,50,53,54,57,60,56,61,65,63,69,64,70],"msg_id":55,"type":"broadcast"}}
2025/06/29 15:39:29 Sent {"src":"n3","dest":"n0","body":{"messages":[1,2,0,3,5,4,6,7,9,12,10,17,11,13,14,15,18,19,21,24,23,26,25,28,27,30,32,8,16,20,22,29,33,31,34,35,36,37,38,39,40,43,42,45,41,46,51,44,49,50,53,54,57,60,56,61,65,63,69,64,70],"msg_id":56,"type":"broadcast"}}
2025/06/29 15:39:29 Received {n4 n3 {"messages":[2,1,0,4,9,3,5,6,7,12,11,13,10,17,14,15,19,18,23,21,25,24,26,28,27,30,8,16,20,22,29,33,32,31,36,34,35,37,38,42,39,40,41,46,43,45,44,51,49,50,53,54,57,56,60,61,63,65,64,70,69,68],"msg_id":55,"type":"broadcast"}}
2025/06/29 15:39:29 Sent {"src":"n3","dest":"n4","body":{"in_reply_to":55,"type":"broadcast_ok"}}
2025/06/29 15:39:29 Received {n4 n3 {"in_reply_to":55,"type":"broadcast_ok"}}
2025/06/29 15:39:30 Sent {"src":"n3","dest":"n0","body":{"messages":[1,2,0,3,5,4,6,7,9,12,10,17,11,13,14,15,18,19,21,24,23,26,25,28,27,30,32,8,16,20,22,29,33,31,34,35,36,37,38,39,40,43,42,45,41,46,51,44,49,50,53,54,57,60,56,61,65,63,69,64,70,68],"msg_id":57,"type":"broadcast"}}
2025/06/29 15:39:30 Sent {"src":"n3","dest":"n4","body":{"messages":[1,2,0,3,5,4,6,7,9,12,10,17,11,13,14,15,18,19,21,24,23,26,25,28,27,30,32,8,16,20,22,29,33,31,34,35,36,37,38,39,40,43,42,45,41,46,51,44,49,50,53,54,57,60,56,61,65,63,69,64,70,68],"msg_id":58,"type":"broadcast"}}
2025/06/29 15:39:30 Received {n4 n3 {"messages":[2,1,0,4,9,3,5,6,7,12,11,13,10,17,14,15,19,18,23,21,25,24,26,28,27,30,8,16,20,22,29,33,32,31,36,34,35,37,38,42,39,40,41,46,43,45,44,51,49,50,53,54,57,56,60,61,63,65,64,70,69,68],"msg_id":57,"type":"broadcast"}}
2025/06/29 15:39:30 Received {n4 n3 {"in_reply_to":58,"type":"broadcast_ok"}}
2025/06/29 15:39:30 Sent {"src":"n3","dest":"n4","body":{"in_reply_to":57,"type":"broadcast_ok"}}
2025/06/29 15:39:30 Received {c12 n3 {"type":"read","msg_id":24}}
2025/06/29 15:39:30 Sent {"src":"n3","dest":"c12","body":{"in_reply_to":24,"messages":[1,2,0,3,5,4,6,7,9,12,10,17,11,13,14,15,18,19,21,24,23,26,25,28,27,30,32,8,16,20,22,29,33,31,34,35,36,37,38,39,40,43,42,45,41,46,51,44,49,50,53,54,57,60,56,61,65,63,69,64,70,68],"type":"read_ok"}}
2025/06/29 15:39:30 Sent {"src":"n3","dest":"n4","body":{"messages":[1,2,0,3,5,4,6,7,9,12,10,17,11,13,14,15,18,19,21,24,23,26,25,28,27,30,32,8,16,20,22,29,33,31,34,35,36,37,38,39,40,43,42,45,41,46,51,44,49,50,53,54,57,60,56,61,65,63,69,64,70,68],"msg_id":59,"type":"broadcast"}}
2025/06/29 15:39:30 Sent {"src":"n3","dest":"n0","body":{"messages":[1,2,0,3,5,4,6,7,9,12,10,17,11,13,14,15,18,19,21,24,23,26,25,28,27,30,32,8,16,20,22,29,33,31,34,35,36,37,38,39,40,43,42,45,41,46,51,44,49,50,53,54,57,60,56,61,65,63,69,64,70,68],"msg_id":60,"type":"broadcast"}}
2025/06/29 15:39:30 Received {n4 n3 {"messages":[2,1,0,4,9,3,5,6,7,12,11,13,10,17,14,15,19,18,23,21,25,24,26,28,27,30,8,16,20,22,29,33,32,31,36,34,35,37,38,42,39,40,41,46,43,45,44,51,49,50,53,54,57,56,60,61,63,65,64,70,69,68,72,74,75],"msg_id":60,"type":"broadcast"}}
2025/06/29 15:39:30 Sent {"src":"n3","dest":"n4","body":{"in_reply_to":60,"type":"broadcast_ok"}}
2025/06/29 15:39:30 Received {n4 n3 {"in_reply_to":59,"type":"broadcast_ok"}}
2025/06/29 15:39:30 Received {c12 n3 {"type":"read","msg_id":25}}
2025/06/29 15:39:30 Sent {"src":"n3","dest":"c12","body":{"in_reply_to":25,"messages":[1,2,0,3,5,4,6,7,9,12,10,17,11,13,14,15,18,19,21,24,23,26,25,28,27,30,32,8,16,20,22,29,33,31,34,35,36,37,38,39,40,43,42,45,41,46,51,44,49,50,53,54,57,60,56,61,65,63,69,64,70,68,72,74,75],"type":"read_ok"}}
2025/06/29 15:39:31 Sent {"src":"n3","dest":"n4","body":{"messages":[1,2,0,3,5,4,6,7,9,12,10,17,11,13,14,15,18,19,21,24,23,26,25,28,27,30,32,8,16,20,22,29,33,31,34,35,36,37,38,39,40,43,42,45,41,46,51,44,49,50,53,54,57,60,56,61,65,63,69,64,70,68,72,74,75],"msg_id":61,"type":"broadcast"}}
2025/06/29 15:39:31 Sent {"src":"n3","dest":"n0","body":{"messages":[1,2,0,3,5,4,6,7,9,12,10,17,11,13,14,15,18,19,21,24,23,26,25,28,27,30,32,8,16,20,22,29,33,31,34,35,36,37,38,39,40,43,42,45,41,46,51,44,49,50,53,54,57,60,56,61,65,63,69,64,70,68,72,74,75],"msg_id":62,"type":"broadcast"}}
2025/06/29 15:39:31 Received {n4 n3 {"messages":[2,1,0,4,9,3,5,6,7,12,11,13,10,17,14,15,19,18,23,21,25,24,26,28,27,30,8,16,20,22,29,33,32,31,36,34,35,37,38,42,39,40,41,46,43,45,44,51,49,50,53,54,57,56,60,61,63,65,64,70,69,68,72,74,75],"msg_id":61,"type":"broadcast"}}
2025/06/29 15:39:31 Sent {"src":"n3","dest":"n4","body":{"in_reply_to":61,"type":"broadcast_ok"}}
2025/06/29 15:39:31 Received {n4 n3 {"in_reply_to":61,"type":"broadcast_ok"}}
2025/06/29 15:39:31 Received {c12 n3 {"type":"read","msg_id":26}}
2025/06/29 15:39:31 Sent {"src":"n3","dest":"c12","body":{"in_reply_to":26,"messages":[1,2,0,3,5,4,6,7,9,12,10,17,11,13,14,15,18,19,21,24,23,26,25,28,27,30,32,8,16,20,22,29,33,31,34,35,36,37,38,39,40,43,42,45,41,46,51,44,49,50,53,54,57,60,56,61,65,63,69,64,70,68,72,74,75],"type":"read_ok"}}
2025/06/29 15:39:31 Sent {"src":"n3","dest":"n0","body":{"messages":[1,2,0,3,5,4,6,7,9,12,10,17,11,13,14,15,18,19,21,24,23,26,25,28,27,30,32,8,16,20,22,29,33,31,34,35,36,37,38,39,40,43,42,45,41,46,51,44,49,50,53,54,57,60,56,61,65,63,69,64,70,68,72,74,75],"msg_id":63,"type":"broadcast"}}
2025/06/29 15:39:31 Sent {"src":"n3","dest":"n4","body":{"messages":[1,2,0,3,5,4,6,7,9,12,10,17,11,13,14,15,18,19,21,24,23,26,25,28,27,30,32,8,16,20,22,29,33,31,34,35,36,37,38,39,40,43,42,45,41,46,51,44,49,50,53,54,57,60,56,61,65,63,69,64,70,68,72,74,75],"msg_id":64,"type":"broadcast"}}
2025/06/29 15:39:31 Received {n4 n3 {"messages":[2,1,0,4,9,3,5,6,7,12,11,13,10,17,14,15,19,18,23,21,25,24,26,28,27,30,8,16,20,22,29,33,32,31,36,34,35,37,38,42,39,40,41,46,43,45,44,51,49,50,53,54,57,56,60,61,63,65,64,70,69,68,72,74,75,80],"msg_id":64,"type":"broadcast"}}
2025/06/29 15:39:31 Sent {"src":"n3","dest":"n4","body":{"in_reply_to":64,"type":"broadcast_ok"}}
2025/06/29 15:39:31 Received {n4 n3 {"in_reply_to":64,"type":"broadcast_ok"}}
2025/06/29 15:39:31 Received {c12 n3 {"type":"read","msg_id":27}}
2025/06/29 15:39:31 Sent {"src":"n3","dest":"c12","body":{"in_reply_to":27,"messages":[1,2,0,3,5,4,6,7,9,12,10,17,11,13,14,15,18,19,21,24,23,26,25,28,27,30,32,8,16,20,22,29,33,31,34,35,36,37,38,39,40,43,42,45,41,46,51,44,49,50,53,54,57,60,56,61,65,63,69,64,70,68,72,74,75,80],"type":"read_ok"}}
2025/06/29 15:39:32 Sent {"src":"n3","dest":"n4","body":{"messages":[1,2,0,3,5,4,6,7,9,12,10,17,11,13,14,15,18,19,21,24,23,26,25,28,27,30,32,8,16,20,22,29,33,31,34,35,36,37,38,39,40,43,42,45,41,46,51,44,49,50,53,54,57,60,56,61,65,63,69,64,70,68,72,74,75,80],"msg_id":65,"type":"broadcast"}}
2025/06/29 15:39:32 Sent {"src":"n3","dest":"n0","body":{"messages":[1,2,0,3,5,4,6,7,9,12,10,17,11,13,14,15,18,19,21,24,23,26,25,28,27,30,32,8,16,20,22,29,33,31,34,35,36,37,38,39,40,43,42,45,41,46,51,44,49,50,53,54,57,60,56,61,65,63,69,64,70,68,72,74,75,80],"msg_id":66,"type":"broadcast"}}
2025/06/29 15:39:32 Received {n4 n3 {"messages":[2,1,0,4,9,3,5,6,7,12,11,13,10,17,14,15,19,18,23,21,25,24,26,28,27,30,8,16,20,22,29,33,32,31,36,34,35,37,38,42,39,40,41,46,43,45,44,51,49,50,53,54,57,56,60,61,63,65,64,70,69,68,72,74,75,80,79],"msg_id":65,"type":"broadcast"}}
2025/06/29 15:39:32 Sent {"src":"n3","dest":"n4","body":{"in_reply_to":65,"type":"broadcast_ok"}}
2025/06/29 15:39:32 Received {n4 n3 {"in_reply_to":65,"type":"broadcast_ok"}}
2025/06/29 15:39:32 Received {c12 n3 {"type":"read","msg_id":28}}
2025/06/29 15:39:32 Sent {"src":"n3","dest":"c12","body":{"in_reply_to":28,"messages":[1,2,0,3,5,4,6,7,9,12,10,17,11,13,14,15,18,19,21,24,23,26,25,28,27,30,32,8,16,20,22,29,33,31,34,35,36,37,38,39,40,43,42,45,41,46,51,44,49,50,53,54,57,60,56,61,65,63,69,64,70,68,72,74,75,80,79],"type":"read_ok"}}
2025/06/29 15:39:32 Sent {"src":"n3","dest":"n0","body":{"messages":[1,2,0,3,5,4,6,7,9,12,10,17,11,13,14,15,18,19,21,24,23,26,25,28,27,30,32,8,16,20,22,29,33,31,34,35,36,37,38,39,40,43,42,45,41,46,51,44,49,50,53,54,57,60,56,61,65,63,69,64,70,68,72,74,75,80,79],"msg_id":68,"type":"broadcast"}}
2025/06/29 15:39:32 Sent {"src":"n3","dest":"n4","body":{"messages":[1,2,0,3,5,4,6,7,9,12,10,17,11,13,14,15,18,19,21,24,23,26,25,28,27,30,32,8,16,20,22,29,33,31,34,35,36,37,38,39,40,43,42,45,41,46,51,44,49,50,53,54,57,60,56,61,65,63,69,64,70,68,72,74,75,80,79],"msg_id":67,"type":"broadcast"}}
2025/06/29 15:39:32 Received {n4 n3 {"messages":[2,1,0,4,9,3,5,6,7,12,11,13,10,17,14,15,19,18,23,21,25,24,26,28,27,30,8,16,20,22,29,33,32,31,36,34,35,37,38,42,39,40,41,46,43,45,44,51,49,50,53,54,57,56,60,61,63,65,64,70,69,68,72,74,75,80,79],"msg_id":67,"type":"broadcast"}}
2025/06/29 15:39:32 Sent {"src":"n3","dest":"n4","body":{"in_reply_to":67,"type":"broadcast_ok"}}
2025/06/29 15:39:32 Received {n4 n3 {"in_reply_to":67,"type":"broadcast_ok"}}
2025/06/29 15:39:33 Sent {"src":"n3","dest":"n4","body":{"messages":[1,2,0,3,5,4,6,7,9,12,10,17,11,13,14,15,18,19,21,24,23,26,25,28,27,30,32,8,16,20,22,29,33,31,34,35,36,37,38,39,40,43,42,45,41,46,51,44,49,50,53,54,57,60,56,61,65,63,69,64,70,68,72,74,75,80,79],"msg_id":69,"type":"broadcast"}}
2025/06/29 15:39:33 Sent {"src":"n3","dest":"n0","body":{"messages":[1,2,0,3,5,4,6,7,9,12,10,17,11,13,14,15,18,19,21,24,23,26,25,28,27,30,32,8,16,20,22,29,33,31,34,35,36,37,38,39,40,43,42,45,41,46,51,44,49,50,53,54,57,60,56,61,65,63,69,64,70,68,72,74,75,80,79],"msg_id":70,"type":"broadcast"}}
2025/06/29 15:39:33 Received {n4 n3 {"messages":[2,1,0,4,9,3,5,6,7,12,11,13,10,17,14,15,19,18,23,21,25,24,26,28,27,30,8,16,20,22,29,33,32,31,36,34,35,37,38,42,39,40,41,46,43,45,44,51,49,50,53,54,57,56,60,61,63,65,64,70,69,68,72,74,75,80,79],"msg_id":69,"type":"broadcast"}}
2025/06/29 15:39:33 Received {n4 n3 {"in_reply_to":69,"type":"broadcast_ok"}}
2025/06/29 15:39:33 Sent {"src":"n3","dest":"n4","body":{"in_reply_to":69,"type":"broadcast_ok"}}
2025/06/29 15:39:33 Received {c12 n3 {"type":"read","msg_id":29}}
2025/06/29 15:39:33 Sent {"src":"n3","dest":"c12","body":{"in_reply_to":29,"messages":[1,2,0,3,5,4,6,7,9,12,10,17,11,13,14,15,18,19,21,24,23,26,25,28,27,30,32,8,16,20,22,29,33,31,34,35,36,37,38,39,40,43,42,45,41,46,51,44,49,50,53,54,57,60,56,61,65,63,69,64,70,68,72,74,75,80,79],"type":"read_ok"}}
2025/06/29 15:39:33 Received {c12 n3 {"type":"broadcast","message":89,"msg_id":30}}
2025/06/29 15:39:33 Sent {"src":"n3","dest":"c12","body":{"in_reply_to":30,"type":"broadcast_ok"}}
2025/06/29 15:39:33 Sent {"src":"n3","dest":"n0","body":{"messages":[1,2,0,3,5,4,6,7,9,12,10,17,11,13,14,15,18,19,21,24,23,26,25,28,27,30,32,8,16,20,22,29,33,31,34,35,36,37,38,39,40,43,42,45,41,46,51,44,49,50,53,54,57,60,56,61,65,63,69,64,70,68,72,74,75,80,79,89],"msg_id":72,"type":"broadcast"}}
2025/06/29 15:39:33 Sent {"src":"n3","dest":"n4","body":{"messages":[1,2,0,3,5,4,6,7,9,12,10,17,11,13,14,15,18,19,21,24,23,26,25,28,27,30,32,8,16,20,22,29,33,31,34,35,36,37,38,39,40,43,42,45,41,46,51,44,49,50,53,54,57,60,56,61,65,63,69,64,70,68,72,74,75,80,79,89],"msg_id":71,"type":"broadcast"}}
2025/06/29 15:39:33 Received {n4 n3 {"in_reply_to":71,"type":"broadcast_ok"}}
2025/06/29 15:39:33 Received {n4 n3 {"messages":[2,1,0,4,9,3,5,6,7,12,11,13,10,17,14,15,19,18,23,21,25,24,26,28,27,30,8,16,20,22,29,33,32,31,36,34,35,37,38,42,39,40,41,46,43,45,44,51,49,50,53,54,57,56,60,61,63,65,64,70,69,68,72,74,75,80,79,85,86],"msg_id":72,"type":"broadcast"}}
2025/06/29 15:39:33 Sent {"src":"n3","dest":"n4","body":{"in_reply_to":72,"type":"broadcast_ok"}}
2025/06/29 15:39:34 Received {c12 n3 {"type":"broadcast","message":92,"msg_id":31}}
2025/06/29 15:39:34 Sent {"src":"n3","dest":"c12","body":{"in_reply_to":31,"type":"broadcast_ok"}}
2025/06/29 15:39:34 Sent {"src":"n3","dest":"n0","body":{"messages":[1,2,0,3,5,4,6,7,9,12,10,17,11,13,14,15,18,19,21,24,23,26,25,28,27,30,32,8,16,20,22,29,33,31,34,35,36,37,38,39,40,43,42,45,41,46,51,44,49,50,53,54,57,60,56,61,65,63,69,64,70,68,72,74,75,80,79,89,85,86,92],"msg_id":73,"type":"broadcast"}}
2025/06/29 15:39:34 Sent {"src":"n3","dest":"n4","body":{"messages":[1,2,0,3,5,4,6,7,9,12,10,17,11,13,14,15,18,19,21,24,23,26,25,28,27,30,32,8,16,20,22,29,33,31,34,35,36,37,38,39,40,43,42,45,41,46,51,44,49,50,53,54,57,60,56,61,65,63,69,64,70,68,72,74,75,80,79,89,85,86,92],"msg_id":74,"type":"broadcast"}}
2025/06/29 15:39:34 Received {n4 n3 {"messages":[2,1,0,4,9,3,5,6,7,12,11,13,10,17,14,15,19,18,23,21,25,24,26,28,27,30,8,16,20,22,29,33,32,31,36,34,35,37,38,42,39,40,41,46,43,45,44,51,49,50,53,54,57,56,60,61,63,65,64,70,69,68,72,74,75,80,79,85,86,89,87,88,90],"msg_id":73,"type":"broadcast"}}
2025/06/29 15:39:34 Received {n4 n3 {"in_reply_to":74,"type":"broadcast_ok"}}
2025/06/29 15:39:34 Sent {"src":"n3","dest":"n4","body":{"in_reply_to":73,"type":"broadcast_ok"}}
2025/06/29 15:39:34 Sent {"src":"n3","dest":"n4","body":{"messages":[1,2,0,3,5,4,6,7,9,12,10,17,11,13,14,15,18,19,21,24,23,26,25,28,27,30,32,8,16,20,22,29,33,31,34,35,36,37,38,39,40,43,42,45,41,46,51,44,49,50,53,54,57,60,56,61,65,63,69,64,70,68,72,74,75,80,79,89,85,86,92,87,88,90],"msg_id":75,"type":"broadcast"}}
2025/06/29 15:39:34 Sent {"src":"n3","dest":"n0","body":{"messages":[1,2,0,3,5,4,6,7,9,12,10,17,11,13,14,15,18,19,21,24,23,26,25,28,27,30,32,8,16,20,22,29,33,31,34,35,36,37,38,39,40,43,42,45,41,46,51,44,49,50,53,54,57,60,56,61,65,63,69,64,70,68,72,74,75,80,79,89,85,86,92,87,88,90],"msg_id":76,"type":"broadcast"}}
2025/06/29 15:39:34 Received {n4 n3 {"messages":[2,1,0,4,9,3,5,6,7,12,11,13,10,17,14,15,19,18,23,21,25,24,26,28,27,30,8,16,20,22,29,33,32,31,36,34,35,37,38,42,39,40,41,46,43,45,44,51,49,50,53,54,57,56,60,61,63,65,64,70,69,68,72,74,75,80,79,85,86,89,87,88,90,92,91],"msg_id":75,"type":"broadcast"}}
2025/06/29 15:39:34 Received {n4 n3 {"in_reply_to":75,"type":"broadcast_ok"}}
2025/06/29 15:39:34 Sent {"src":"n3","dest":"n4","body":{"in_reply_to":75,"type":"broadcast_ok"}}
2025/06/29 15:39:34 Received {c12 n3 {"type":"read","msg_id":32}}
2025/06/29 15:39:34 Sent {"src":"n3","dest":"c12","body":{"in_reply_to":32,"messages":[1,2,0,3,5,4,6,7,9,12,10,17,11,13,14,15,18,19,21,24,23,26,25,28,27,30,32,8,16,20,22,29,33,31,34,35,36,37,38,39,40,43,42,45,41,46,51,44,49,50,53,54,57,60,56,61,65,63,69,64,70,68,72,74,75,80,79,89,85,86,92,87,88,90,91],"type":"read_ok"}}
2025/06/29 15:39:35 Sent {"src":"n3","dest":"n4","body":{"messages":[1,2,0,3,5,4,6,7,9,12,10,17,11,13,14,15,18,19,21,24,23,26,25,28,27,30,32,8,16,20,22,29,33,31,34,35,36,37,38,39,40,43,42,45,41,46,51,44,49,50,53,54,57,60,56,61,65,63,69,64,70,68,72,74,75,80,79,89,85,86,92,87,88,90,91],"msg_id":77,"type":"broadcast"}}
2025/06/29 15:39:35 Sent {"src":"n3","dest":"n0","body":{"messages":[1,2,0,3,5,4,6,7,9,12,10,17,11,13,14,15,18,19,21,24,23,26,25,28,27,30,32,8,16,20,22,29,33,31,34,35,36,37,38,39,40,43,42,45,41,46,51,44,49,50,53,54,57,60,56,61,65,63,69,64,70,68,72,74,75,80,79,89,85,86,92,87,88,90,91],"msg_id":78,"type":"broadcast"}}
2025/06/29 15:39:35 Received {n4 n3 {"messages":[2,1,0,4,9,3,5,6,7,12,11,13,10,17,14,15,19,18,23,21,25,24,26,28,27,30,8,16,20,22,29,33,32,31,36,34,35,37,38,42,39,40,41,46,43,45,44,51,49,50,53,54,57,56,60,61,63,65,64,70,69,68,72,74,75,80,79,85,86,89,87,88,90,92,91,95],"msg_id":77,"type":"broadcast"}}
2025/06/29 15:39:35 Received {n4 n3 {"in_reply_to":77,"type":"broadcast_ok"}}
2025/06/29 15:39:35 Sent {"src":"n3","dest":"n4","body":{"in_reply_to":77,"type":"broadcast_ok"}}
2025/06/29 15:39:35 Received {c12 n3 {"type":"broadcast","message":98,"msg_id":33}}
2025/06/29 15:39:35 Sent {"src":"n3","dest":"c12","body":{"in_reply_to":33,"type":"broadcast_ok"}}
2025/06/29 15:39:35 Sent {"src":"n3","dest":"n0","body":{"messages":[1,2,0,3,5,4,6,7,9,12,10,17,11,13,14,15,18,19,21,24,23,26,25,28,27,30,32,8,16,20,22,29,33,31,34,35,36,37,38,39,40,43,42,45,41,46,51,44,49,50,53,54,57,60,56,61,65,63,69,64,70,68,72,74,75,80,79,89,85,86,92,87,88,90,91,95,98],"msg_id":80,"type":"broadcast"}}
2025/06/29 15:39:35 Sent {"src":"n3","dest":"n4","body":{"messages":[1,2,0,3,5,4,6,7,9,12,10,17,11,13,14,15,18,19,21,24,23,26,25,28,27,30,32,8,16,20,22,29,33,31,34,35,36,37,38,39,40,43,42,45,41,46,51,44,49,50,53,54,57,60,56,61,65,63,69,64,70,68,72,74,75,80,79,89,85,86,92,87,88,90,91,95,98],"msg_id":79,"type":"broadcast"}}
2025/06/29 15:39:35 Received {n4 n3 {"messages":[2,1,0,4,9,3,5,6,7,12,11,13,10,17,14,15,19,18,23,21,25,24,26,28,27,30,8,16,20,22,29,33,32,31,36,34,35,37,38,42,39,40,41,46,43,45,44,51,49,50,53,54,57,56,60,61,63,65,64,70,69,68,72,74,75,80,79,85,86,89,87,88,90,92,91,95,93,96,94],"msg_id":79,"type":"broadcast"}}
2025/06/29 15:39:35 Received {n0 n3 {"messages":[0,1,3,2,4,6,7,5,10,9,12,11,14,15,17,18,13,19,21,24,25,23,26,28,27,8,16,20,22,29,30,32,31,34,33,37,35,39,40,36,38,43,41,47,48,52,55,58,59,62,66,67,71,73,76,77,78,81,82,83,84],"msg_id":77,"type":"broadcast"}}
2025/06/29 15:39:35 Sent {"src":"n3","dest":"n4","body":{"in_reply_to":79,"type":"broadcast_ok"}}
2025/06/29 15:39:35 Sent {"src":"n3","dest":"n0","body":{"in_reply_to":77,"type":"broadcast_ok"}}
2025/06/29 15:39:35 Received {n0 n3 {"in_reply_to":80,"type":"broadcast_ok"}}
2025/06/29 15:39:35 Received {n4 n3 {"in_reply_to":79,"type":"broadcast_ok"}}
2025/06/29 15:39:36 Sent {"src":"n3","dest":"n4","body":{"messages":[1,2,0,3,5,4,6,7,9,12,10,17,11,13,14,15,18,19,21,24,23,26,25,28,27,30,32,8,16,20,22,29,33,31,34,35,36,37,38,39,40,43,42,45,41,46,51,44,49,50,53,54,57,60,56,61,65,63,69,64,70,68,72,74,75,80,79,89,85,86,92,87,88,90,91,95,98,93,96,94,47,48,52,55,58,59,62,66,67,71,73,76,77,78,81,82,83,84],"msg_id":81,"type":"broadcast"}}
2025/06/29 15:39:36 Sent {"src":"n3","dest":"n0","body":{"messages":[1,2,0,3,5,4,6,7,9,12,10,17,11,13,14,15,18,19,21,24,23,26,25,28,27,30,32,8,16,20,22,29,33,31,34,35,36,37,38,39,40,43,42,45,41,46,51,44,49,50,53,54,57,60,56,61,65,63,69,64,70,68,72,74,75,80,79,89,85,86,92,87,88,90,91,95,98,93,96,94,47,48,52,55,58,59,62,66,67,71,73,76,77,78,81,82,83,84],"msg_id":82,"type":"broadcast"}}
2025/06/29 15:39:36 Received {n0 n3 {"messages":[0,1,3,2,4,6,7,5,10,9,12,11,14,15,17,18,13,19,21,24,25,23,26,28,27,8,16,20,22,29,30,32,31,34,33,37,35,39,40,36,38,43,41,47,48,52,55,58,59,62,66,67,71,73,76,77,78,81,82,83,84,42,45,46,51,44,49,50,53,54,57,60,56,61,65,63,69,64,70,68,72,74,75,80,79,89,85,86,92,87,88,90,91,95,98,93,96,94,97],"msg_id":79,"type":"broadcast"}}
2025/06/29 15:39:36 Received {n4 n3 {"messages":[2,1,0,4,9,3,5,6,7,12,11,13,10,17,14,15,19,18,23,21,25,24,26,28,27,30,8,16,20,22,29,33,32,31,36,34,35,37,38,42,39,40,41,46,43,45,44,51,49,50,53,54,57,56,60,61,63,65,64,70,69,68,72,74,75,80,79,85,86,89,87,88,90,92,91,95,93,96,94,98,97,47,48,52,55,58,59,62,66,67,71,73,76,77,78,81,82,83,84],"msg_id":81,"type":"broadcast"}}
2025/06/29 15:39:36 Sent {"src":"n3","dest":"n0","body":{"in_reply_to":79,"type":"broadcast_ok"}}
2025/06/29 15:39:36 Sent {"src":"n3","dest":"n4","body":{"in_reply_to":81,"type":"broadcast_ok"}}
2025/06/29 15:39:36 Received {n4 n3 {"in_reply_to":81,"type":"broadcast_ok"}}
2025/06/29 15:39:36 Received {n0 n3 {"in_reply_to":82,"type":"broadcast_ok"}}
2025/06/29 15:39:36 Sent {"src":"n3","dest":"n0","body":{"messages":[1,2,0,3,5,4,6,7,9,12,10,17,11,13,14,15,18,19,21,24,23,26,25,28,27,30,32,8,16,20,22,29,33,31,34,35,36,37,38,39,40,43,42,45,41,46,51,44,49,50,53,54,57,60,56,61,65,63,69,64,70,68,72,74,75,80,79,89,85,86,92,87,88,90,91,95,98,93,96,94,47,48,52,55,58,59,62,66,67,71,73,76,77,78,81,82,83,84,97],"msg_id":83,"type":"broadcast"}}
2025/06/29 15:39:36 Sent {"src":"n3","dest":"n4","body":{"messages":[1,2,0,3,5,4,6,7,9,12,10,17,11,13,14,15,18,19,21,24,23,26,25,28,27,30,32,8,16,20,22,29,33,31,34,35,36,37,38,39,40,43,42,45,41,46,51,44,49,50,53,54,57,60,56,61,65,63,69,64,70,68,72,74,75,80,79,89,85,86,92,87,88,90,91,95,98,93,96,94,47,48,52,55,58,59,62,66,67,71,73,76,77,78,81,82,83,84,97],"msg_id":84,"type":"broadcast"}}
2025/06/29 15:39:36 Received {n4 n3 {"messages":[2,1,0,4,9,3,5,6,7,12,11,13,10,17,14,15,19,18,23,21,25,24,26,28,27,30,8,16,20,22,29,33,32,31,36,34,35,37,38,42,39,40,41,46,43,45,44,51,49,50,53,54,57,56,60,61,63,65,64,70,69,68,72,74,75,80,79,85,86,89,87,88,90,92,91,95,93,96,94,98,97,47,48,52,55,58,59,62,66,67,71,73,76,77,78,81,82,83,84],"msg_id":83,"type":"broadcast"}}
2025/06/29 15:39:36 Received {n0 n3 {"messages":[0,1,3,2,4,6,7,5,10,9,12,11,14,15,17,18,13,19,21,24,25,23,26,28,27,8,16,20,22,29,30,32,31,34,33,37,35,39,40,36,38,43,41,47,48,52,55,58,59,62,66,67,71,73,76,77,78,81,82,83,84,42,45,46,51,44,49,50,53,54,57,60,56,61,65,63,69,64,70,68,72,74,75,80,79,89,85,86,92,87,88,90,91,95,98,93,96,94,97],"msg_id":82,"type":"broadcast"}}
2025/06/29 15:39:36 Sent {"src":"n3","dest":"n4","body":{"in_reply_to":83,"type":"broadcast_ok"}}
2025/06/29 15:39:36 Sent {"src":"n3","dest":"n0","body":{"in_reply_to":82,"type":"broadcast_ok"}}
2025/06/29 15:39:36 Received {n0 n3 {"in_reply_to":83,"type":"broadcast_ok"}}
2025/06/29 15:39:36 Received {n4 n3 {"in_reply_to":84,"type":"broadcast_ok"}}
2025/06/29 15:39:37 Sent {"src":"n3","dest":"n4","body":{"messages":[1,2,0,3,5,4,6,7,9,12,10,17,11,13,14,15,18,19,21,24,23,26,25,28,27,30,32,8,16,20,22,29,33,31,34,35,36,37,38,39,40,43,42,45,41,46,51,44,49,50,53,54,57,60,56,61,65,63,69,64,70,68,72,74,75,80,79,89,85,86,92,87,88,90,91,95,98,93,96,94,47,48,52,55,58,59,62,66,67,71,73,76,77,78,81,82,83,84,97],"msg_id":85,"type":"broadcast"}}
2025/06/29 15:39:37 Sent {"src":"n3","dest":"n0","body":{"messages":[1,2,0,3,5,4,6,7,9,12,10,17,11,13,14,15,18,19,21,24,23,26,25,28,27,30,32,8,16,20,22,29,33,31,34,35,36,37,38,39,40,43,42,45,41,46,51,44,49,50,53,54,57,60,56,61,65,63,69,64,70,68,72,74,75,80,79,89,85,86,92,87,88,90,91,95,98,93,96,94,47,48,52,55,58,59,62,66,67,71,73,76,77,78,81,82,83,84,97],"msg_id":86,"type":"broadcast"}}
2025/06/29 15:39:37 Received {n0 n3 {"messages":[0,1,3,2,4,6,7,5,10,9,12,11,14,15,17,18,13,19,21,24,25,23,26,28,27,8,16,20,22,29,30,32,31,34,33,37,35,39,40,36,38,43,41,47,48,52,55,58,59,62,66,67,71,73,76,77,78,81,82,83,84,42,45,46,51,44,49,50,53,54,57,60,56,61,65,63,69,64,70,68,72,74,75,80,79,89,85,86,92,87,88,90,91,95,98,93,96,94,97],"msg_id":84,"type":"broadcast"}}
2025/06/29 15:39:37 Sent {"src":"n3","dest":"n0","body":{"in_reply_to":84,"type":"broadcast_ok"}}
2025/06/29 15:39:37 Received {n4 n3 {"messages":[2,1,0,4,9,3,5,6,7,12,11,13,10,17,14,15,19,18,23,21,25,24,26,28,27,30,8,16,20,22,29,33,32,31,36,34,35,37,38,42,39,40,41,46,43,45,44,51,49,50,53,54,57,56,60,61,63,65,64,70,69,68,72,74,75,80,79,85,86,89,87,88,90,92,91,95,93,96,94,98,97,47,48,52,55,58,59,62,66,67,71,73,76,77,78,81,82,83,84],"msg_id":86,"type":"broadcast"}}
2025/06/29 15:39:37 Sent {"src":"n3","dest":"n4","body":{"in_reply_to":86,"type":"broadcast_ok"}}
2025/06/29 15:39:37 Received {n4 n3 {"in_reply_to":85,"type":"broadcast_ok"}}
2025/06/29 15:39:37 Received {n0 n3 {"in_reply_to":86,"type":"broadcast_ok"}}
2025/06/29 15:39:37 Sent {"src":"n3","dest":"n4","body":{"messages":[1,2,0,3,5,4,6,7,9,12,10,17,11,13,14,15,18,19,21,24,23,26,25,28,27,30,32,8,16,20,22,29,33,31,34,35,36,37,38,39,40,43,42,45,41,46,51,44,49,50,53,54,57,60,56,61,65,63,69,64,70,68,72,74,75,80,79,89,85,86,92,87,88,90,91,95,98,93,96,94,47,48,52,55,58,59,62,66,67,71,73,76,77,78,81,82,83,84,97],"msg_id":87,"type":"broadcast"}}
2025/06/29 15:39:37 Sent {"src":"n3","dest":"n0","body":{"messages":[1,2,0,3,5,4,6,7,9,12,10,17,11,13,14,15,18,19,21,24,23,26,25,28,27,30,32,8,16,20,22,29,33,31,34,35,36,37,38,39,40,43,42,45,41,46,51,44,49,50,53,54,57,60,56,61,65,63,69,64,70,68,72,74,75,80,79,89,85,86,92,87,88,90,91,95,98,93,96,94,47,48,52,55,58,59,62,66,67,71,73,76,77,78,81,82,83,84,97],"msg_id":88,"type":"broadcast"}}
2025/06/29 15:39:37 Received {n0 n3 {"messages":[0,1,3,2,4,6,7,5,10,9,12,11,14,15,17,18,13,19,21,24,25,23,26,28,27,8,16,20,22,29,30,32,31,34,33,37,35,39,40,36,38,43,41,47,48,52,55,58,59,62,66,67,71,73,76,77,78,81,82,83,84,42,45,46,51,44,49,50,53,54,57,60,56,61,65,63,69,64,70,68,72,74,75,80,79,89,85,86,92,87,88,90,91,95,98,93,96,94,97],"msg_id":85,"type":"broadcast"}}
2025/06/29 15:39:37 Received {n4 n3 {"messages":[2,1,0,4,9,3,5,6,7,12,11,13,10,17,14,15,19,18,23,21,25,24,26,28,27,30,8,16,20,22,29,33,32,31,36,34,35,37,38,42,39,40,41,46,43,45,44,51,49,50,53,54,57,56,60,61,63,65,64,70,69,68,72,74,75,80,79,85,86,89,87,88,90,92,91,95,93,96,94,98,97,47,48,52,55,58,59,62,66,67,71,73,76,77,78,81,82,83,84],"msg_id":87,"type":"broadcast"}}
2025/06/29 15:39:37 Sent {"src":"n3","dest":"n0","body":{"in_reply_to":85,"type":"broadcast_ok"}}
2025/06/29 15:39:37 Sent {"src":"n3","dest":"n4","body":{"in_reply_to":87,"type":"broadcast_ok"}}
2025/06/29 15:39:37 Received {n4 n3 {"in_reply_to":87,"type":"broadcast_ok"}}
2025/06/29 15:39:37 Received {n0 n3 {"in_reply_to":88,"type":"broadcast_ok"}}
2025/06/29 15:39:38 Sent {"src":"n3","dest":"n4","body":{"messages":[1,2,0,3,5,4,6,7,9,12,10,17,11,13,14,15,18,19,21,24,23,26,25,28,27,30,32,8,16,20,22,29,33,31,34,35,36,37,38,39,40,43,42,45,41,46,51,44,49,50,53,54,57,60,56,61,65,63,69,64,70,68,72,74,75,80,79,89,85,86,92,87,88,90,91,95,98,93,96,94,47,48,52,55,58,59,62,66,67,71,73,76,77,78,81,82,83,84,97],"msg_id":89,"type":"broadcast"}}
2025/06/29 15:39:38 Sent {"src":"n3","dest":"n0","body":{"messages":[1,2,0,3,5,4,6,7,9,12,10,17,11,13,14,15,18,19,21,24,23,26,25,28,27,30,32,8,16,20,22,29,33,31,34,35,36,37,38,39,40,43,42,45,41,46,51,44,49,50,53,54,57,60,56,61,65,63,69,64,70,68,72,74,75,80,79,89,85,86,92,87,88,90,91,95,98,93,96,94,47,48,52,55,58,59,62,66,67,71,73,76,77,78,81,82,83,84,97],"msg_id":90,"type":"broadcast"}}
2025/06/29 15:39:38 Received {n4 n3 {"messages":[2,1,0,4,9,3,5,6,7,12,11,13,10,17,14,15,19,18,23,21,25,24,26,28,27,30,8,16,20,22,29,33,32,31,36,34,35,37,38,42,39,40,41,46,43,45,44,51,49,50,53,54,57,56,60,61,63,65,64,70,69,68,72,74,75,80,79,85,86,89,87,88,90,92,91,95,93,96,94,98,97,47,48,52,55,58,59,62,66,67,71,73,76,77,78,81,82,83,84],"msg_id":89,"type":"broadcast"}}
2025/06/29 15:39:38 Received {n0 n3 {"messages":[0,1,3,2,4,6,7,5,10,9,12,11,14,15,17,18,13,19,21,24,25,23,26,28,27,8,16,20,22,29,30,32,31,34,33,37,35,39,40,36,38,43,41,47,48,52,55,58,59,62,66,67,71,73,76,77,78,81,82,83,84,42,45,46,51,44,49,50,53,54,57,60,56,61,65,63,69,64,70,68,72,74,75,80,79,89,85,86,92,87,88,90,91,95,98,93,96,94,97],"msg_id":88,"type":"broadcast"}}
2025/06/29 15:39:38 Sent {"src":"n3","dest":"n4","body":{"in_reply_to":89,"type":"broadcast_ok"}}
2025/06/29 15:39:38 Sent {"src":"n3","dest":"n0","body":{"in_reply_to":88,"type":"broadcast_ok"}}
2025/06/29 15:39:38 Received {n4 n3 {"in_reply_to":89,"type":"broadcast_ok"}}
2025/06/29 15:39:38 Received {n0 n3 {"in_reply_to":90,"type":"broadcast_ok"}}
2025/06/29 15:39:38 Sent {"src":"n3","dest":"n0","body":{"messages":[1,2,0,3,5,4,6,7,9,12,10,17,11,13,14,15,18,19,21,24,23,26,25,28,27,30,32,8,16,20,22,29,33,31,34,35,36,37,38,39,40,43,42,45,41,46,51,44,49,50,53,54,57,60,56,61,65,63,69,64,70,68,72,74,75,80,79,89,85,86,92,87,88,90,91,95,98,93,96,94,47,48,52,55,58,59,62,66,67,71,73,76,77,78,81,82,83,84,97],"msg_id":91,"type":"broadcast"}}
2025/06/29 15:39:38 Sent {"src":"n3","dest":"n4","body":{"messages":[1,2,0,3,5,4,6,7,9,12,10,17,11,13,14,15,18,19,21,24,23,26,25,28,27,30,32,8,16,20,22,29,33,31,34,35,36,37,38,39,40,43,42,45,41,46,51,44,49,50,53,54,57,60,56,61,65,63,69,64,70,68,72,74,75,80,79,89,85,86,92,87,88,90,91,95,98,93,96,94,47,48,52,55,58,59,62,66,67,71,73,76,77,78,81,82,83,84,97],"msg_id":92,"type":"broadcast"}}
2025/06/29 15:39:38 Received {n4 n3 {"messages":[2,1,0,4,9,3,5,6,7,12,11,13,10,17,14,15,19,18,23,21,25,24,26,28,27,30,8,16,20,22,29,33,32,31,36,34,35,37,38,42,39,40,41,46,43,45,44,51,49,50,53,54,57,56,60,61,63,65,64,70,69,68,72,74,75,80,79,85,86,89,87,88,90,92,91,95,93,96,94,98,97,47,48,52,55,58,59,62,66,67,71,73,76,77,78,81,82,83,84],"msg_id":91,"type":"broadcast"}}
2025/06/29 15:39:38 Received {n0 n3 {"messages":[0,1,3,2,4,6,7,5,10,9,12,11,14,15,17,18,13,19,21,24,25,23,26,28,27,8,16,20,22,29,30,32,31,34,33,37,35,39,40,36,38,43,41,47,48,52,55,58,59,62,66,67,71,73,76,77,78,81,82,83,84,42,45,46,51,44,49,50,53,54,57,60,56,61,65,63,69,64,70,68,72,74,75,80,79,89,85,86,92,87,88,90,91,95,98,93,96,94,97],"msg_id":90,"type":"broadcast"}}
2025/06/29 15:39:38 Sent {"src":"n3","dest":"n4","body":{"in_reply_to":91,"type":"broadcast_ok"}}
2025/06/29 15:39:38 Sent {"src":"n3","dest":"n0","body":{"in_reply_to":90,"type":"broadcast_ok"}}
2025/06/29 15:39:38 Received {n0 n3 {"in_reply_to":91,"type":"broadcast_ok"}}
2025/06/29 15:39:38 Received {n4 n3 {"in_reply_to":92,"type":"broadcast_ok"}}
2025/06/29 15:39:39 Sent {"src":"n3","dest":"n4","body":{"messages":[1,2,0,3,5,4,6,7,9,12,10,17,11,13,14,15,18,19,21,24,23,26,25,28,27,30,32,8,16,20,22,29,33,31,34,35,36,37,38,39,40,43,42,45,41,46,51,44,49,50,53,54,57,60,56,61,65,63,69,64,70,68,72,74,75,80,79,89,85,86,92,87,88,90,91,95,98,93,96,94,47,48,52,55,58,59,62,66,67,71,73,76,77,78,81,82,83,84,97],"msg_id":93,"type":"broadcast"}}
2025/06/29 15:39:39 Sent {"src":"n3","dest":"n0","body":{"messages":[1,2,0,3,5,4,6,7,9,12,10,17,11,13,14,15,18,19,21,24,23,26,25,28,27,30,32,8,16,20,22,29,33,31,34,35,36,37,38,39,40,43,42,45,41,46,51,44,49,50,53,54,57,60,56,61,65,63,69,64,70,68,72,74,75,80,79,89,85,86,92,87,88,90,91,95,98,93,96,94,47,48,52,55,58,59,62,66,67,71,73,76,77,78,81,82,83,84,97],"msg_id":94,"type":"broadcast"}}
2025/06/29 15:39:39 Received {n4 n3 {"messages":[2,1,0,4,9,3,5,6,7,12,11,13,10,17,14,15,19,18,23,21,25,24,26,28,27,30,8,16,20,22,29,33,32,31,36,34,35,37,38,42,39,40,41,46,43,45,44,51,49,50,53,54,57,56,60,61,63,65,64,70,69,68,72,74,75,80,79,85,86,89,87,88,90,92,91,95,93,96,94,98,97,47,48,52,55,58,59,62,66,67,71,73,76,77,78,81,82,83,84],"msg_id":93,"type":"broadcast"}}
2025/06/29 15:39:39 Received {n0 n3 {"messages":[0,1,3,2,4,6,7,5,10,9,12,11,14,15,17,18,13,19,21,24,25,23,26,28,27,8,16,20,22,29,30,32,31,34,33,37,35,39,40,36,38,43,41,47,48,52,55,58,59,62,66,67,71,73,76,77,78,81,82,83,84,42,45,46,51,44,49,50,53,54,57,60,56,61,65,63,69,64,70,68,72,74,75,80,79,89,85,86,92,87,88,90,91,95,98,93,96,94,97],"msg_id":92,"type":"broadcast"}}
2025/06/29 15:39:39 Sent {"src":"n3","dest":"n4","body":{"in_reply_to":93,"type":"broadcast_ok"}}
2025/06/29 15:39:39 Sent {"src":"n3","dest":"n0","body":{"in_reply_to":92,"type":"broadcast_ok"}}
2025/06/29 15:39:39 Received {n4 n3 {"in_reply_to":93,"type":"broadcast_ok"}}
2025/06/29 15:39:39 Received {n0 n3 {"in_reply_to":94,"type":"broadcast_ok"}}
2025/06/29 15:39:39 Sent {"src":"n3","dest":"n4","body":{"messages":[1,2,0,3,5,4,6,7,9,12,10,17,11,13,14,15,18,19,21,24,23,26,25,28,27,30,32,8,16,20,22,29,33,31,34,35,36,37,38,39,40,43,42,45,41,46,51,44,49,50,53,54,57,60,56,61,65,63,69,64,70,68,72,74,75,80,79,89,85,86,92,87,88,90,91,95,98,93,96,94,47,48,52,55,58,59,62,66,67,71,73,76,77,78,81,82,83,84,97],"msg_id":95,"type":"broadcast"}}
2025/06/29 15:39:39 Sent {"src":"n3","dest":"n0","body":{"messages":[1,2,0,3,5,4,6,7,9,12,10,17,11,13,14,15,18,19,21,24,23,26,25,28,27,30,32,8,16,20,22,29,33,31,34,35,36,37,38,39,40,43,42,45,41,46,51,44,49,50,53,54,57,60,56,61,65,63,69,64,70,68,72,74,75,80,79,89,85,86,92,87,88,90,91,95,98,93,96,94,47,48,52,55,58,59,62,66,67,71,73,76,77,78,81,82,83,84,97],"msg_id":96,"type":"broadcast"}}
2025/06/29 15:39:39 Received {n4 n3 {"messages":[2,1,0,4,9,3,5,6,7,12,11,13,10,17,14,15,19,18,23,21,25,24,26,28,27,30,8,16,20,22,29,33,32,31,36,34,35,37,38,42,39,40,41,46,43,45,44,51,49,50,53,54,57,56,60,61,63,65,64,70,69,68,72,74,75,80,79,85,86,89,87,88,90,92,91,95,93,96,94,98,97,47,48,52,55,58,59,62,66,67,71,73,76,77,78,81,82,83,84],"msg_id":95,"type":"broadcast"}}
2025/06/29 15:39:39 Received {n0 n3 {"messages":[0,1,3,2,4,6,7,5,10,9,12,11,14,15,17,18,13,19,21,24,25,23,26,28,27,8,16,20,22,29,30,32,31,34,33,37,35,39,40,36,38,43,41,47,48,52,55,58,59,62,66,67,71,73,76,77,78,81,82,83,84,42,45,46,51,44,49,50,53,54,57,60,56,61,65,63,69,64,70,68,72,74,75,80,79,89,85,86,92,87,88,90,91,95,98,93,96,94,97],"msg_id":94,"type":"broadcast"}}
2025/06/29 15:39:39 Sent {"src":"n3","dest":"n4","body":{"in_reply_to":95,"type":"broadcast_ok"}}
2025/06/29 15:39:39 Sent {"src":"n3","dest":"n0","body":{"in_reply_to":94,"type":"broadcast_ok"}}
2025/06/29 15:39:39 Received {n4 n3 {"in_reply_to":95,"type":"broadcast_ok"}}
2025/06/29 15:39:39 Received {n0 n3 {"in_reply_to":96,"type":"broadcast_ok"}}
2025/06/29 15:39:40 Sent {"src":"n3","dest":"n0","body":{"messages":[1,2,0,3,5,4,6,7,9,12,10,17,11,13,14,15,18,19,21,24,23,26,25,28,27,30,32,8,16,20,22,29,33,31,34,35,36,37,38,39,40,43,42,45,41,46,51,44,49,50,53,54,57,60,56,61,65,63,69,64,70,68,72,74,75,80,79,89,85,86,92,87,88,90,91,95,98,93,96,94,47,48,52,55,58,59,62,66,67,71,73,76,77,78,81,82,83,84,97],"msg_id":98,"type":"broadcast"}}
2025/06/29 15:39:40 Sent {"src":"n3","dest":"n4","body":{"messages":[1,2,0,3,5,4,6,7,9,12,10,17,11,13,14,15,18,19,21,24,23,26,25,28,27,30,32,8,16,20,22,29,33,31,34,35,36,37,38,39,40,43,42,45,41,46,51,44,49,50,53,54,57,60,56,61,65,63,69,64,70,68,72,74,75,80,79,89,85,86,92,87,88,90,91,95,98,93,96,94,47,48,52,55,58,59,62,66,67,71,73,76,77,78,81,82,83,84,97],"msg_id":97,"type":"broadcast"}}
2025/06/29 15:39:40 Received {n0 n3 {"messages":[0,1,3,2,4,6,7,5,10,9,12,11,14,15,17,18,13,19,21,24,25,23,26,28,27,8,16,20,22,29,30,32,31,34,33,37,35,39,40,36,38,43,41,47,48,52,55,58,59,62,66,67,71,73,76,77,78,81,82,83,84,42,45,46,51,44,49,50,53,54,57,60,56,61,65,63,69,64,70,68,72,74,75,80,79,89,85,86,92,87,88,90,91,95,98,93,96,94,97],"msg_id":96,"type":"broadcast"}}
2025/06/29 15:39:40 Received {n4 n3 {"messages":[2,1,0,4,9,3,5,6,7,12,11,13,10,17,14,15,19,18,23,21,25,24,26,28,27,30,8,16,20,22,29,33,32,31,36,34,35,37,38,42,39,40,41,46,43,45,44,51,49,50,53,54,57,56,60,61,63,65,64,70,69,68,72,74,75,80,79,85,86,89,87,88,90,92,91,95,93,96,94,98,97,47,48,52,55,58,59,62,66,67,71,73,76,77,78,81,82,83,84],"msg_id":98,"type":"broadcast"}}
2025/06/29 15:39:40 Received {n0 n3 {"in_reply_to":98,"type":"broadcast_ok"}}
2025/06/29 15:39:40 Sent {"src":"n3","dest":"n0","body":{"in_reply_to":96,"type":"broadcast_ok"}}
2025/06/29 15:39:40 Sent {"src":"n3","dest":"n4","body":{"in_reply_to":98,"type":"broadcast_ok"}}
2025/06/29 15:39:40 Received {n4 n3 {"in_reply_to":97,"type":"broadcast_ok"}}
2025/06/29 15:39:40 Sent {"src":"n3","dest":"n4","body":{"messages":[1,2,0,3,5,4,6,7,9,12,10,17,11,13,14,15,18,19,21,24,23,26,25,28,27,30,32,8,16,20,22,29,33,31,34,35,36,37,38,39,40,43,42,45,41,46,51,44,49,50,53,54,57,60,56,61,65,63,69,64,70,68,72,74,75,80,79,89,85,86,92,87,88,90,91,95,98,93,96,94,47,48,52,55,58,59,62,66,67,71,73,76,77,78,81,82,83,84,97],"msg_id":99,"type":"broadcast"}}
2025/06/29 15:39:40 Sent {"src":"n3","dest":"n0","body":{"messages":[1,2,0,3,5,4,6,7,9,12,10,17,11,13,14,15,18,19,21,24,23,26,25,28,27,30,32,8,16,20,22,29,33,31,34,35,36,37,38,39,40,43,42,45,41,46,51,44,49,50,53,54,57,60,56,61,65,63,69,64,70,68,72,74,75,80,79,89,85,86,92,87,88,90,91,95,98,93,96,94,47,48,52,55,58,59,62,66,67,71,73,76,77,78,81,82,83,84,97],"msg_id":100,"type":"broadcast"}}
2025/06/29 15:39:40 Received {n0 n3 {"messages":[0,1,3,2,4,6,7,5,10,9,12,11,14,15,17,18,13,19,21,24,25,23,26,28,27,8,16,20,22,29,30,32,31,34,33,37,35,39,40,36,38,43,41,47,48,52,55,58,59,62,66,67,71,73,76,77,78,81,82,83,84,42,45,46,51,44,49,50,53,54,57,60,56,61,65,63,69,64,70,68,72,74,75,80,79,89,85,86,92,87,88,90,91,95,98,93,96,94,97],"msg_id":97,"type":"broadcast"}}
2025/06/29 15:39:40 Received {n4 n3 {"messages":[2,1,0,4,9,3,5,6,7,12,11,13,10,17,14,15,19,18,23,21,25,24,26,28,27,30,8,16,20,22,29,33,32,31,36,34,35,37,38,42,39,40,41,46,43,45,44,51,49,50,53,54,57,56,60,61,63,65,64,70,69,68,72,74,75,80,79,85,86,89,87,88,90,92,91,95,93,96,94,98,97,47,48,52,55,58,59,62,66,67,71,73,76,77,78,81,82,83,84],"msg_id":99,"type":"broadcast"}}
2025/06/29 15:39:40 Sent {"src":"n3","dest":"n0","body":{"in_reply_to":97,"type":"broadcast_ok"}}
2025/06/29 15:39:40 Sent {"src":"n3","dest":"n4","body":{"in_reply_to":99,"type":"broadcast_ok"}}
2025/06/29 15:39:40 Received {n4 n3 {"in_reply_to":99,"type":"broadcast_ok"}}
2025/06/29 15:39:40 Received {n0 n3 {"in_reply_to":100,"type":"broadcast_ok"}}
2025/06/29 15:39:41 Sent {"src":"n3","dest":"n4","body":{"messages":[1,2,0,3,5,4,6,7,9,12,10,17,11,13,14,15,18,19,21,24,23,26,25,28,27,30,32,8,16,20,22,29,33,31,34,35,36,37,38,39,40,43,42,45,41,46,51,44,49,50,53,54,57,60,56,61,65,63,69,64,70,68,72,74,75,80,79,89,85,86,92,87,88,90,91,95,98,93,96,94,47,48,52,55,58,59,62,66,67,71,73,76,77,78,81,82,83,84,97],"msg_id":101,"type":"broadcast"}}
2025/06/29 15:39:41 Sent {"src":"n3","dest":"n0","body":{"messages":[1,2,0,3,5,4,6,7,9,12,10,17,11,13,14,15,18,19,21,24,23,26,25,28,27,30,32,8,16,20,22,29,33,31,34,35,36,37,38,39,40,43,42,45,41,46,51,44,49,50,53,54,57,60,56,61,65,63,69,64,70,68,72,74,75,80,79,89,85,86,92,87,88,90,91,95,98,93,96,94,47,48,52,55,58,59,62,66,67,71,73,76,77,78,81,82,83,84,97],"msg_id":102,"type":"broadcast"}}
2025/06/29 15:39:41 Received {n4 n3 {"messages":[2,1,0,4,9,3,5,6,7,12,11,13,10,17,14,15,19,18,23,21,25,24,26,28,27,30,8,16,20,22,29,33,32,31,36,34,35,37,38,42,39,40,41,46,43,45,44,51,49,50,53,54,57,56,60,61,63,65,64,70,69,68,72,74,75,80,79,85,86,89,87,88,90,92,91,95,93,96,94,98,97,47,48,52,55,58,59,62,66,67,71,73,76,77,78,81,82,83,84],"msg_id":101,"type":"broadcast"}}
2025/06/29 15:39:41 Sent {"src":"n3","dest":"n4","body":{"in_reply_to":101,"type":"broadcast_ok"}}
2025/06/29 15:39:41 Received {n0 n3 {"messages":[0,1,3,2,4,6,7,5,10,9,12,11,14,15,17,18,13,19,21,24,25,23,26,28,27,8,16,20,22,29,30,32,31,34,33,37,35,39,40,36,38,43,41,47,48,52,55,58,59,62,66,67,71,73,76,77,78,81,82,83,84,42,45,46,51,44,49,50,53,54,57,60,56,61,65,63,69,64,70,68,72,74,75,80,79,89,85,86,92,87,88,90,91,95,98,93,96,94,97],"msg_id":100,"type":"broadcast"}}
2025/06/29 15:39:41 Sent {"src":"n3","dest":"n0","body":{"in_reply_to":100,"type":"broadcast_ok"}}
2025/06/29 15:39:41 Received {n0 n3 {"in_reply_to":102,"type":"broadcast_ok"}}
2025/06/29 15:39:41 Received {n4 n3 {"in_reply_to":101,"type":"broadcast_ok"}}
2025/06/29 15:39:41 Sent {"src":"n3","dest":"n4","body":{"messages":[1,2,0,3,5,4,6,7,9,12,10,17,11,13,14,15,18,19,21,24,23,26,25,28,27,30,32,8,16,20,22,29,33,31,34,35,36,37,38,39,40,43,42,45,41,46,51,44,49,50,53,54,57,60,56,61,65,63,69,64,70,68,72,74,75,80,79,89,85,86,92,87,88,90,91,95,98,93,96,94,47,48,52,55,58,59,62,66,67,71,73,76,77,78,81,82,83,84,97],"msg_id":103,"type":"broadcast"}}
2025/06/29 15:39:41 Sent {"src":"n3","dest":"n0","body":{"messages":[1,2,0,3,5,4,6,7,9,12,10,17,11,13,14,15,18,19,21,24,23,26,25,28,27,30,32,8,16,20,22,29,33,31,34,35,36,37,38,39,40,43,42,45,41,46,51,44,49,50,53,54,57,60,56,61,65,63,69,64,70,68,72,74,75,80,79,89,85,86,92,87,88,90,91,95,98,93,96,94,47,48,52,55,58,59,62,66,67,71,73,76,77,78,81,82,83,84,97],"msg_id":104,"type":"broadcast"}}
2025/06/29 15:39:41 Received {n4 n3 {"messages":[2,1,0,4,9,3,5,6,7,12,11,13,10,17,14,15,19,18,23,21,25,24,26,28,27,30,8,16,20,22,29,33,32,31,36,34,35,37,38,42,39,40,41,46,43,45,44,51,49,50,53,54,57,56,60,61,63,65,64,70,69,68,72,74,75,80,79,85,86,89,87,88,90,92,91,95,93,96,94,98,97,47,48,52,55,58,59,62,66,67,71,73,76,77,78,81,82,83,84],"msg_id":104,"type":"broadcast"}}
2025/06/29 15:39:41 Sent {"src":"n3","dest":"n4","body":{"in_reply_to":104,"type":"broadcast_ok"}}
2025/06/29 15:39:41 Received {n0 n3 {"messages":[0,1,3,2,4,6,7,5,10,9,12,11,14,15,17,18,13,19,21,24,25,23,26,28,27,8,16,20,22,29,30,32,31,34,33,37,35,39,40,36,38,43,41,47,48,52,55,58,59,62,66,67,71,73,76,77,78,81,82,83,84,42,45,46,51,44,49,50,53,54,57,60,56,61,65,63,69,64,70,68,72,74,75,80,79,89,85,86,92,87,88,90,91,95,98,93,96,94,97],"msg_id":102,"type":"broadcast"}}
2025/06/29 15:39:41 Sent {"src":"n3","dest":"n0","body":{"in_reply_to":102,"type":"broadcast_ok"}}
2025/06/29 15:39:41 Received {n4 n3 {"in_reply_to":103,"type":"broadcast_ok"}}
2025/06/29 15:39:41 Received {n0 n3 {"in_reply_to":104,"type":"broadcast_ok"}}
2025/06/29 15:39:42 Received {n4 n3 {"messages":[2,1,0,4,9,3,5,6,7,12,11,13,10,17,14,15,19,18,23,21,25,24,26,28,27,30,8,16,20,22,29,33,32,31,36,34,35,37,38,42,39,40,41,46,43,45,44,51,49,50,53,54,57,56,60,61,63,65,64,70,69,68,72,74,75,80,79,85,86,89,87,88,90,92,91,95,93,96,94,98,97,47,48,52,55,58,59,62,66,67,71,73,76,77,78,81,82,83,84],"msg_id":105,"type":"broadcast"}}
2025/06/29 15:39:42 Sent {"src":"n3","dest":"n4","body":{"messages":[1,2,0,3,5,4,6,7,9,12,10,17,11,13,14,15,18,19,21,24,23,26,25,28,27,30,32,8,16,20,22,29,33,31,34,35,36,37,38,39,40,43,42,45,41,46,51,44,49,50,53,54,57,60,56,61,65,63,69,64,70,68,72,74,75,80,79,89,85,86,92,87,88,90,91,95,98,93,96,94,47,48,52,55,58,59,62,66,67,71,73,76,77,78,81,82,83,84,97],"msg_id":106,"type":"broadcast"}}
2025/06/29 15:39:42 Sent {"src":"n3","dest":"n0","body":{"messages":[1,2,0,3,5,4,6,7,9,12,10,17,11,13,14,15,18,19,21,24,23,26,25,28,27,30,32,8,16,20,22,29,33,31,34,35,36,37,38,39,40,43,42,45,41,46,51,44,49,50,53,54,57,60,56,61,65,63,69,64,70,68,72,74,75,80,79,89,85,86,92,87,88,90,91,95,98,93,96,94,47,48,52,55,58,59,62,66,67,71,73,76,77,78,81,82,83,84,97],"msg_id":105,"type":"broadcast"}}
2025/06/29 15:39:42 Sent {"src":"n3","dest":"n4","body":{"in_reply_to":105,"type":"broadcast_ok"}}
2025/06/29 15:39:42 Received {n4 n3 {"in_reply_to":106,"type":"broadcast_ok"}}
2025/06/29 15:39:42 Received {n0 n3 {"messages":[0,1,3,2,4,6,7,5,10,9,12,11,14,15,17,18,13,19,21,24,25,23,26,28,27,8,16,20,22,29,30,32,31,34,33,37,35,39,40,36,38,43,41,47,48,52,55,58,59,62,66,67,71,73,76,77,78,81,82,83,84,42,45,46,51,44,49,50,53,54,57,60,56,61,65,63,69,64,70,68,72,74,75,80,79,89,85,86,92,87,88,90,91,95,98,93,96,94,97],"msg_id":103,"type":"broadcast"}}
2025/06/29 15:39:42 Received {n0 n3 {"in_reply_to":105,"type":"broadcast_ok"}}
2025/06/29 15:39:42 Sent {"src":"n3","dest":"n0","body":{"in_reply_to":103,"type":"broadcast_ok"}}
2025/06/29 15:39:42 Sent {"src":"n3","dest":"n4","body":{"messages":[1,2,0,3,5,4,6,7,9,12,10,17,11,13,14,15,18,19,21,24,23,26,25,28,27,30,32,8,16,20,22,29,33,31,34,35,36,37,38,39,40,43,42,45,41,46,51,44,49,50,53,54,57,60,56,61,65,63,69,64,70,68,72,74,75,80,79,89,85,86,92,87,88,90,91,95,98,93,96,94,47,48,52,55,58,59,62,66,67,71,73,76,77,78,81,82,83,84,97],"msg_id":107,"type":"broadcast"}}
2025/06/29 15:39:42 Sent {"src":"n3","dest":"n0","body":{"messages":[1,2,0,3,5,4,6,7,9,12,10,17,11,13,14,15,18,19,21,24,23,26,25,28,27,30,32,8,16,20,22,29,33,31,34,35,36,37,38,39,40,43,42,45,41,46,51,44,49,50,53,54,57,60,56,61,65,63,69,64,70,68,72,74,75,80,79,89,85,86,92,87,88,90,91,95,98,93,96,94,47,48,52,55,58,59,62,66,67,71,73,76,77,78,81,82,83,84,97],"msg_id":108,"type":"broadcast"}}
2025/06/29 15:39:42 Received {n4 n3 {"messages":[2,1,0,4,9,3,5,6,7,12,11,13,10,17,14,15,19,18,23,21,25,24,26,28,27,30,8,16,20,22,29,33,32,31,36,34,35,37,38,42,39,40,41,46,43,45,44,51,49,50,53,54,57,56,60,61,63,65,64,70,69,68,72,74,75,80,79,85,86,89,87,88,90,92,91,95,93,96,94,98,97,47,48,52,55,58,59,62,66,67,71,73,76,77,78,81,82,83,84],"msg_id":107,"type":"broadcast"}}
2025/06/29 15:39:42 Sent {"src":"n3","dest":"n4","body":{"in_reply_to":107,"type":"broadcast_ok"}}
2025/06/29 15:39:42 Received {n0 n3 {"messages":[0,1,3,2,4,6,7,5,10,9,12,11,14,15,17,18,13,19,21,24,25,23,26,28,27,8,16,20,22,29,30,32,31,34,33,37,35,39,40,36,38,43,41,47,48,52,55,58,59,62,66,67,71,73,76,77,78,81,82,83,84,42,45,46,51,44,49,50,53,54,57,60,56,61,65,63,69,64,70,68,72,74,75,80,79,89,85,86,92,87,88,90,91,95,98,93,96,94,97],"msg_id":106,"type":"broadcast"}}
2025/06/29 15:39:42 Received {n4 n3 {"in_reply_to":107,"type":"broadcast_ok"}}
2025/06/29 15:39:42 Received {n0 n3 {"in_reply_to":108,"type":"broadcast_ok"}}
2025/06/29 15:39:42 Sent {"src":"n3","dest":"n0","body":{"in_reply_to":106,"type":"broadcast_ok"}}
2025/06/29 15:39:43 Sent {"src":"n3","dest":"n4","body":{"messages":[1,2,0,3,5,4,6,7,9,12,10,17,11,13,14,15,18,19,21,24,23,26,25,28,27,30,32,8,16,20,22,29,33,31,34,35,36,37,38,39,40,43,42,45,41,46,51,44,49,50,53,54,57,60,56,61,65,63,69,64,70,68,72,74,75,80,79,89,85,86,92,87,88,90,91,95,98,93,96,94,47,48,52,55,58,59,62,66,67,71,73,76,77,78,81,82,83,84,97],"msg_id":109,"type":"broadcast"}}
2025/06/29 15:39:43 Sent {"src":"n3","dest":"n0","body":{"messages":[1,2,0,3,5,4,6,7,9,12,10,17,11,13,14,15,18,19,21,24,23,26,25,28,27,30,32,8,16,20,22,29,33,31,34,35,36,37,38,39,40,43,42,45,41,46,51,44,49,50,53,54,57,60,56,61,65,63,69,64,70,68,72,74,75,80,79,89,85,86,92,87,88,90,91,95,98,93,96,94,47,48,52,55,58,59,62,66,67,71,73,76,77,78,81,82,83,84,97],"msg_id":110,"type":"broadcast"}}
2025/06/29 15:39:43 Received {n4 n3 {"messages":[2,1,0,4,9,3,5,6,7,12,11,13,10,17,14,15,19,18,23,21,25,24,26,28,27,30,8,16,20,22,29,33,32,31,36,34,35,37,38,42,39,40,41,46,43,45,44,51,49,50,53,54,57,56,60,61,63,65,64,70,69,68,72,74,75,80,79,85,86,89,87,88,90,92,91,95,93,96,94,98,97,47,48,52,55,58,59,62,66,67,71,73,76,77,78,81,82,83,84],"msg_id":109,"type":"broadcast"}}
2025/06/29 15:39:43 Sent {"src":"n3","dest":"n4","body":{"in_reply_to":109,"type":"broadcast_ok"}}
2025/06/29 15:39:43 Received {n0 n3 {"messages":[0,1,3,2,4,6,7,5,10,9,12,11,14,15,17,18,13,19,21,24,25,23,26,28,27,8,16,20,22,29,30,32,31,34,33,37,35,39,40,36,38,43,41,47,48,52,55,58,59,62,66,67,71,73,76,77,78,81,82,83,84,42,45,46,51,44,49,50,53,54,57,60,56,61,65,63,69,64,70,68,72,74,75,80,79,89,85,86,92,87,88,90,91,95,98,93,96,94,97],"msg_id":108,"type":"broadcast"}}
2025/06/29 15:39:43 Sent {"src":"n3","dest":"n0","body":{"in_reply_to":108,"type":"broadcast_ok"}}
2025/06/29 15:39:43 Received {n4 n3 {"in_reply_to":109,"type":"broadcast_ok"}}
2025/06/29 15:39:43 Received {n0 n3 {"in_reply_to":110,"type":"broadcast_ok"}}
2025/06/29 15:39:43 Sent {"src":"n3","dest":"n4","body":{"messages":[1,2,0,3,5,4,6,7,9,12,10,17,11,13,14,15,18,19,21,24,23,26,25,28,27,30,32,8,16,20,22,29,33,31,34,35,36,37,38,39,40,43,42,45,41,46,51,44,49,50,53,54,57,60,56,61,65,63,69,64,70,68,72,74,75,80,79,89,85,86,92,87,88,90,91,95,98,93,96,94,47,48,52,55,58,59,62,66,67,71,73,76,77,78,81,82,83,84,97],"msg_id":111,"type":"broadcast"}}
2025/06/29 15:39:43 Sent {"src":"n3","dest":"n0","body":{"messages":[1,2,0,3,5,4,6,7,9,12,10,17,11,13,14,15,18,19,21,24,23,26,25,28,27,30,32,8,16,20,22,29,33,31,34,35,36,37,38,39,40,43,42,45,41,46,51,44,49,50,53,54,57,60,56,61,65,63,69,64,70,68,72,74,75,80,79,89,85,86,92,87,88,90,91,95,98,93,96,94,47,48,52,55,58,59,62,66,67,71,73,76,77,78,81,82,83,84,97],"msg_id":112,"type":"broadcast"}}
2025/06/29 15:39:43 Received {n4 n3 {"messages":[2,1,0,4,9,3,5,6,7,12,11,13,10,17,14,15,19,18,23,21,25,24,26,28,27,30,8,16,20,22,29,33,32,31,36,34,35,37,38,42,39,40,41,46,43,45,44,51,49,50,53,54,57,56,60,61,63,65,64,70,69,68,72,74,75,80,79,85,86,89,87,88,90,92,91,95,93,96,94,98,97,47,48,52,55,58,59,62,66,67,71,73,76,77,78,81,82,83,84],"msg_id":111,"type":"broadcast"}}
2025/06/29 15:39:43 Sent {"src":"n3","dest":"n4","body":{"in_reply_to":111,"type":"broadcast_ok"}}
2025/06/29 15:39:43 Received {n4 n3 {"in_reply_to":111,"type":"broadcast_ok"}}
2025/06/29 15:39:43 Received {n0 n3 {"in_reply_to":112,"type":"broadcast_ok"}}
2025/06/29 15:39:43 Received {n0 n3 {"messages":[0,1,3,2,4,6,7,5,10,9,12,11,14,15,17,18,13,19,21,24,25,23,26,28,27,8,16,20,22,29,30,32,31,34,33,37,35,39,40,36,38,43,41,47,48,52,55,58,59,62,66,67,71,73,76,77,78,81,82,83,84,42,45,46,51,44,49,50,53,54,57,60,56,61,65,63,69,64,70,68,72,74,75,80,79,89,85,86,92,87,88,90,91,95,98,93,96,94,97],"msg_id":110,"type":"broadcast"}}
2025/06/29 15:39:43 Sent {"src":"n3","dest":"n0","body":{"in_reply_to":110,"type":"broadcast_ok"}}
2025/06/29 15:39:44 Sent {"src":"n3","dest":"n0","body":{"messages":[1,2,0,3,5,4,6,7,9,12,10,17,11,13,14,15,18,19,21,24,23,26,25,28,27,30,32,8,16,20,22,29,33,31,34,35,36,37,38,39,40,43,42,45,41,46,51,44,49,50,53,54,57,60,56,61,65,63,69,64,70,68,72,74,75,80,79,89,85,86,92,87,88,90,91,95,98,93,96,94,47,48,52,55,58,59,62,66,67,71,73,76,77,78,81,82,83,84,97],"msg_id":114,"type":"broadcast"}}
2025/06/29 15:39:44 Sent {"src":"n3","dest":"n4","body":{"messages":[1,2,0,3,5,4,6,7,9,12,10,17,11,13,14,15,18,19,21,24,23,26,25,28,27,30,32,8,16,20,22,29,33,31,34,35,36,37,38,39,40,43,42,45,41,46,51,44,49,50,53,54,57,60,56,61,65,63,69,64,70,68,72,74,75,80,79,89,85,86,92,87,88,90,91,95,98,93,96,94,47,48,52,55,58,59,62,66,67,71,73,76,77,78,81,82,83,84,97],"msg_id":113,"type":"broadcast"}}
2025/06/29 15:39:44 Received {n4 n3 {"messages":[2,1,0,4,9,3,5,6,7,12,11,13,10,17,14,15,19,18,23,21,25,24,26,28,27,30,8,16,20,22,29,33,32,31,36,34,35,37,38,42,39,40,41,46,43,45,44,51,49,50,53,54,57,56,60,61,63,65,64,70,69,68,72,74,75,80,79,85,86,89,87,88,90,92,91,95,93,96,94,98,97,47,48,52,55,58,59,62,66,67,71,73,76,77,78,81,82,83,84],"msg_id":114,"type":"broadcast"}}
2025/06/29 15:39:44 Received {n0 n3 {"in_reply_to":114,"type":"broadcast_ok"}}
2025/06/29 15:39:44 Sent {"src":"n3","dest":"n4","body":{"in_reply_to":114,"type":"broadcast_ok"}}
2025/06/29 15:39:44 Received {n4 n3 {"in_reply_to":113,"type":"broadcast_ok"}}
2025/06/29 15:39:44 Received {n0 n3 {"messages":[0,1,3,2,4,6,7,5,10,9,12,11,14,15,17,18,13,19,21,24,25,23,26,28,27,8,16,20,22,29,30,32,31,34,33,37,35,39,40,36,38,43,41,47,48,52,55,58,59,62,66,67,71,73,76,77,78,81,82,83,84,42,45,46,51,44,49,50,53,54,57,60,56,61,65,63,69,64,70,68,72,74,75,80,79,89,85,86,92,87,88,90,91,95,98,93,96,94,97],"msg_id":111,"type":"broadcast"}}
2025/06/29 15:39:44 Sent {"src":"n3","dest":"n0","body":{"in_reply_to":111,"type":"broadcast_ok"}}
2025/06/29 15:39:44 Sent {"src":"n3","dest":"n4","body":{"messages":[1,2,0,3,5,4,6,7,9,12,10,17,11,13,14,15,18,19,21,24,23,26,25,28,27,30,32,8,16,20,22,29,33,31,34,35,36,37,38,39,40,43,42,45,41,46,51,44,49,50,53,54,57,60,56,61,65,63,69,64,70,68,72,74,75,80,79,89,85,86,92,87,88,90,91,95,98,93,96,94,47,48,52,55,58,59,62,66,67,71,73,76,77,78,81,82,83,84,97],"msg_id":115,"type":"broadcast"}}
2025/06/29 15:39:44 Sent {"src":"n3","dest":"n0","body":{"messages":[1,2,0,3,5,4,6,7,9,12,10,17,11,13,14,15,18,19,21,24,23,26,25,28,27,30,32,8,16,20,22,29,33,31,34,35,36,37,38,39,40,43,42,45,41,46,51,44,49,50,53,54,57,60,56,61,65,63,69,64,70,68,72,74,75,80,79,89,85,86,92,87,88,90,91,95,98,93,96,94,47,48,52,55,58,59,62,66,67,71,73,76,77,78,81,82,83,84,97],"msg_id":116,"type":"broadcast"}}
2025/06/29 15:39:44 Received {n4 n3 {"messages":[2,1,0,4,9,3,5,6,7,12,11,13,10,17,14,15,19,18,23,21,25,24,26,28,27,30,8,16,20,22,29,33,32,31,36,34,35,37,38,42,39,40,41,46,43,45,44,51,49,50,53,54,57,56,60,61,63,65,64,70,69,68,72,74,75,80,79,85,86,89,87,88,90,92,91,95,93,96,94,98,97,47,48,52,55,58,59,62,66,67,71,73,76,77,78,81,82,83,84],"msg_id":115,"type":"broadcast"}}
2025/06/29 15:39:44 Sent {"src":"n3","dest":"n4","body":{"in_reply_to":115,"type":"broadcast_ok"}}
2025/06/29 15:39:44 Received {n0 n3 {"in_reply_to":116,"type":"broadcast_ok"}}
2025/06/29 15:39:44 Received {n4 n3 {"in_reply_to":115,"type":"broadcast_ok"}}
2025/06/29 15:39:44 Received {n0 n3 {"messages":[0,1,3,2,4,6,7,5,10,9,12,11,14,15,17,18,13,19,21,24,25,23,26,28,27,8,16,20,22,29,30,32,31,34,33,37,35,39,40,36,38,43,41,47,48,52,55,58,59,62,66,67,71,73,76,77,78,81,82,83,84,42,45,46,51,44,49,50,53,54,57,60,56,61,65,63,69,64,70,68,72,74,75,80,79,89,85,86,92,87,88,90,91,95,98,93,96,94,97],"msg_id":114,"type":"broadcast"}}
2025/06/29 15:39:44 Sent {"src":"n3","dest":"n0","body":{"in_reply_to":114,"type":"broadcast_ok"}}
2025/06/29 15:39:45 Sent {"src":"n3","dest":"n4","body":{"messages":[1,2,0,3,5,4,6,7,9,12,10,17,11,13,14,15,18,19,21,24,23,26,25,28,27,30,32,8,16,20,22,29,33,31,34,35,36,37,38,39,40,43,42,45,41,46,51,44,49,50,53,54,57,60,56,61,65,63,69,64,70,68,72,74,75,80,79,89,85,86,92,87,88,90,91,95,98,93,96,94,47,48,52,55,58,59,62,66,67,71,73,76,77,78,81,82,83,84,97],"msg_id":117,"type":"broadcast"}}
2025/06/29 15:39:45 Sent {"src":"n3","dest":"n0","body":{"messages":[1,2,0,3,5,4,6,7,9,12,10,17,11,13,14,15,18,19,21,24,23,26,25,28,27,30,32,8,16,20,22,29,33,31,34,35,36,37,38,39,40,43,42,45,41,46,51,44,49,50,53,54,57,60,56,61,65,63,69,64,70,68,72,74,75,80,79,89,85,86,92,87,88,90,91,95,98,93,96,94,47,48,52,55,58,59,62,66,67,71,73,76,77,78,81,82,83,84,97],"msg_id":118,"type":"broadcast"}}
2025/06/29 15:39:45 Received {n4 n3 {"messages":[2,1,0,4,9,3,5,6,7,12,11,13,10,17,14,15,19,18,23,21,25,24,26,28,27,30,8,16,20,22,29,33,32,31,36,34,35,37,38,42,39,40,41,46,43,45,44,51,49,50,53,54,57,56,60,61,63,65,64,70,69,68,72,74,75,80,79,85,86,89,87,88,90,92,91,95,93,96,94,98,97,47,48,52,55,58,59,62,66,67,71,73,76,77,78,81,82,83,84],"msg_id":117,"type":"broadcast"}}
2025/06/29 15:39:45 Received {n0 n3 {"messages":[0,1,3,2,4,6,7,5,10,9,12,11,14,15,17,18,13,19,21,24,25,23,26,28,27,8,16,20,22,29,30,32,31,34,33,37,35,39,40,36,38,43,41,47,48,52,55,58,59,62,66,67,71,73,76,77,78,81,82,83,84,42,45,46,51,44,49,50,53,54,57,60,56,61,65,63,69,64,70,68,72,74,75,80,79,89,85,86,92,87,88,90,91,95,98,93,96,94,97],"msg_id":116,"type":"broadcast"}}
2025/06/29 15:39:45 Sent {"src":"n3","dest":"n4","body":{"in_reply_to":117,"type":"broadcast_ok"}}
2025/06/29 15:39:45 Sent {"src":"n3","dest":"n0","body":{"in_reply_to":116,"type":"broadcast_ok"}}
2025/06/29 15:39:45 Received {n0 n3 {"in_reply_to":118,"type":"broadcast_ok"}}
2025/06/29 15:39:45 Received {n4 n3 {"in_reply_to":117,"type":"broadcast_ok"}}
2025/06/29 15:39:45 Received {c12 n3 {"type":"read","msg_id":34}}
2025/06/29 15:39:45 Sent {"src":"n3","dest":"c12","body":{"in_reply_to":34,"messages":[1,2,0,3,5,4,6,7,9,12,10,17,11,13,14,15,18,19,21,24,23,26,25,28,27,30,32,8,16,20,22,29,33,31,34,35,36,37,38,39,40,43,42,45,41,46,51,44,49,50,53,54,57,60,56,61,65,63,69,64,70,68,72,74,75,80,79,89,85,86,92,87,88,90,91,95,98,93,96,94,47,48,52,55,58,59,62,66,67,71,73,76,77,78,81,82,83,84,97],"type":"read_ok"}}
