2025-06-27 19:05:38,003{GMT}	INFO	[jepsen test runner] jepsen.core: Command line:
lein run test -w broadcast --bin /Users/anandtrehan/go/bin/maelstrom-broadcast --node-count 5 --time-limit 20 --rate 10 --nemesis partition
2025-06-27 19:05:38,049{GMT}	INFO	[jepsen test runner] jepsen.core: Running test:
{:args []
 :remote
 #jepsen.control.retry.Remote{:remote #jepsen.control.scp.Remote{:cmd-remote #jepsen.control.sshj.SSHJRemote{:concurrency-limit 6,
                                                                                                             :conn-spec nil,
                                                                                                             :client nil,
                                                                                                             :semaphore nil},
                                                                 :conn-spec nil},
                              :conn nil}
 :log-net-send false
 :node-count 5
 :availability nil
 :max-txn-length 4
 :concurrency 5
 :db
 #object[maelstrom.db$db$reify__16142
         "0x33e09baf"
         "maelstrom.db$db$reify__16142@33e09baf"]
 :max-writes-per-key 16
 :leave-db-running? false
 :name "broadcast"
 :logging-json? false
 :start-time
 #object[org.joda.time.DateTime "0x105c253a" "2025-06-27T19:05:37.977-04:00"]
 :nemesis-interval 10
 :net
 #object[maelstrom.net$jepsen_net$reify__15251
         "0x156322ce"
         "maelstrom.net$jepsen_net$reify__15251@156322ce"]
 :client
 #object[maelstrom.workload.broadcast$client$reify__16644
         "0x546f0f36"
         "maelstrom.workload.broadcast$client$reify__16644@546f0f36"]
 :barrier
 #object[java.util.concurrent.CyclicBarrier
         "0x44d5a0a8"
         "java.util.concurrent.CyclicBarrier@44d5a0a8"]
 :log-stderr false
 :pure-generators true
 :ssh {:dummy? true}
 :rate 10.0
 :checker
 #object[jepsen.checker$compose$reify__11881
         "0x35d128fd"
         "jepsen.checker$compose$reify__11881@35d128fd"]
 :argv
 ("test"
  "-w"
  "broadcast"
  "--bin"
  "/Users/anandtrehan/go/bin/maelstrom-broadcast"
  "--node-count"
  "5"
  "--time-limit"
  "20"
  "--rate"
  "10"
  "--nemesis"
  "partition")
 :nemesis
 (jepsen.nemesis.ReflCompose
  {:fm {:start-partition 0,
        :stop-partition 0,
        :kill 1,
        :start 1,
        :pause 1,
        :resume 1},
   :nemeses [#unprintable "jepsen.nemesis.combined$partition_nemesis$reify__16416@39a809db"
             #unprintable "jepsen.nemesis.combined$db_nemesis$reify__16397@1512a767"]})
 :nodes ["n0" "n1" "n2" "n3" "n4"]
 :test-count 1
 :latency {:mean 0, :dist :constant}
 :bin "/Users/anandtrehan/go/bin/maelstrom-broadcast"
 :generator
 ((jepsen.generator.Synchronize
   {:gen (jepsen.generator.TimeLimit
          {:limit 20000000000,
           :cutoff nil,
           :gen (jepsen.generator.Any
                 {:gens [(jepsen.generator.OnThreads
                          {:f #{:nemesis},
                           :context-filter #object[jepsen.generator.context$make_thread_filter$lazy_filter__9167
                                                   "0x5cdb7b"
                                                   "jepsen.generator.context$make_thread_filter$lazy_filter__9167@5cdb7b"],
                           :gen (jepsen.generator.Stagger
                                 {:dt 20000000000,
                                  :next-time nil,
                                  :gen (jepsen.generator.FlipFlop
                                        {:gens [#object[jepsen.nemesis.combined$partition_package$start__16420
                                                        "0x3dcc59f5"
                                                        "jepsen.nemesis.combined$partition_package$start__16420@3dcc59f5"]
                                                ({:type :info,
                                                  :f :stop-partition,
                                                  :value nil}
                                                 {:type :info,
                                                  :f :stop-partition,
                                                  :value nil}
                                                 {:type :info,
                                                  :f :stop-partition,
                                                  :value nil}
                                                 {:type :info,
                                                  :f :stop-partition,
                                                  :value nil}
                                                 {:type :info,
                                                  :f :stop-partition,
                                                  :value nil}
                                                 {:type :info,
                                                  :f :stop-partition,
                                                  :value nil}
                                                 {:type :info,
                                                  :f :stop-partition,
                                                  :value nil}
                                                 {:type :info,
                                                  :f :stop-partition,
                                                  :value nil}
                                                 ...)],
                                         :i 0})})})
                         (jepsen.generator.OnThreads
                          {:f #jepsen.generator.context.AllBut{:element :nemesis},
                           :context-filter #object[jepsen.generator.context$make_thread_filter$lazy_filter__9167
                                                   "0x690337df"
                                                   "jepsen.generator.context$make_thread_filter$lazy_filter__9167@690337df"],
                           :gen (jepsen.generator.Stagger
                                 {:dt 200000000,
                                  :next-time nil,
                                  :gen (jepsen.generator.Mix
                                        {:i 0,
                                         :gens [({:f :broadcast, :value 0}
                                                 {:f :broadcast, :value 1}
                                                 {:f :broadcast, :value 2}
                                                 {:f :broadcast, :value 3}
                                                 {:f :broadcast, :value 4}
                                                 {:f :broadcast, :value 5}
                                                 {:f :broadcast, :value 6}
                                                 {:f :broadcast, :value 7}
                                                 ...)
                                                ({:f :read}
                                                 {:f :read}
                                                 {:f :read}
                                                 {:f :read}
                                                 {:f :read}
                                                 {:f :read}
                                                 {:f :read}
                                                 {:f :read}
                                                 ...)]})})})]})})})
  (jepsen.generator.Synchronize
   {:gen (jepsen.generator.OnThreads
          {:f #{:nemesis},
           :context-filter #object[jepsen.generator.context$make_thread_filter$lazy_filter__9167
                                   "0xf62ae87"
                                   "jepsen.generator.context$make_thread_filter$lazy_filter__9167@f62ae87"],
           :gen ({:type :info, :f :stop-partition, :value nil})})})
  (jepsen.generator.Synchronize
   {:gen {:type :log, :value "Waiting for recovery..."}})
  (jepsen.generator.Synchronize {:gen {:type :sleep, :value 10}})
  (jepsen.generator.Synchronize
   {:gen (jepsen.generator.OnThreads
          {:f #jepsen.generator.context.AllBut{:element :nemesis},
           :context-filter #object[jepsen.generator.context$make_thread_filter$lazy_filter__9167
                                   "0x50be5d6f"
                                   "jepsen.generator.context$make_thread_filter$lazy_filter__9167@50be5d6f"],
           :gen (jepsen.generator.EachThread
                 {:fresh-gen {:f :read, :final? true},
                  :context-filters #object[clojure.core$promise$reify__8591
                                           "0x48e0e779"
                                           {:status :pending, :val nil}],
                  :gens {}})})}))
 :log-net-recv false
 :os
 #object[maelstrom.net$jepsen_os$reify__15254
         "0x38ad8c75"
         "maelstrom.net$jepsen_os$reify__15254@38ad8c75"]
 :time-limit 20
 :workload :broadcast
 :consistency-models [:strict-serializable]
 :topology :grid}

2025-06-27 19:05:38,732{GMT}	INFO	[jepsen node n0] maelstrom.net: Starting Maelstrom network
2025-06-27 19:05:38,733{GMT}	INFO	[jepsen test runner] jepsen.db: Tearing down DB
2025-06-27 19:05:38,734{GMT}	INFO	[jepsen test runner] jepsen.db: Setting up DB
2025-06-27 19:05:38,734{GMT}	INFO	[jepsen node n1] maelstrom.db: Setting up n1
2025-06-27 19:05:38,734{GMT}	INFO	[jepsen node n4] maelstrom.db: Setting up n4
2025-06-27 19:05:38,734{GMT}	INFO	[jepsen node n2] maelstrom.db: Setting up n2
2025-06-27 19:05:38,734{GMT}	INFO	[jepsen node n3] maelstrom.db: Setting up n3
2025-06-27 19:05:38,734{GMT}	INFO	[jepsen node n4] maelstrom.process: launching /Users/anandtrehan/go/bin/maelstrom-broadcast []
2025-06-27 19:05:38,735{GMT}	INFO	[jepsen node n2] maelstrom.process: launching /Users/anandtrehan/go/bin/maelstrom-broadcast []
2025-06-27 19:05:38,735{GMT}	INFO	[jepsen node n3] maelstrom.process: launching /Users/anandtrehan/go/bin/maelstrom-broadcast []
2025-06-27 19:05:38,735{GMT}	INFO	[jepsen node n1] maelstrom.process: launching /Users/anandtrehan/go/bin/maelstrom-broadcast []
2025-06-27 19:05:38,735{GMT}	INFO	[jepsen node n0] maelstrom.service: Starting services: (lin-kv lin-tso lww-kv seq-kv)
2025-06-27 19:05:38,736{GMT}	INFO	[jepsen node n0] maelstrom.db: Setting up n0
2025-06-27 19:05:38,737{GMT}	INFO	[jepsen node n0] maelstrom.process: launching /Users/anandtrehan/go/bin/maelstrom-broadcast []
2025-06-27 19:05:38,916{GMT}	INFO	[jepsen test runner] jepsen.core: Relative time begins now
2025-06-27 19:05:38,930{GMT}	INFO	[jepsen worker 0] jepsen.util: 0	:invoke	:broadcast	0
2025-06-27 19:05:38,930{GMT}	INFO	[jepsen worker nemesis] jepsen.util: :nemesis	:info	:start-partition	:majorities-ring
2025-06-27 19:05:38,932{GMT}	INFO	[jepsen worker 0] jepsen.util: 0	:ok	:broadcast	0
2025-06-27 19:05:38,935{GMT}	INFO	[jepsen worker nemesis] jepsen.util: :nemesis	:info	:start-partition	[:isolated {"n1" #{"n2" "n3"}, "n4" #{"n0" "n3"}, "n2" #{"n1" "n0"}, "n3" #{"n1" "n4"}, "n0" #{"n2" "n4"}}]
2025-06-27 19:05:38,973{GMT}	INFO	[jepsen worker 2] jepsen.util: 2	:invoke	:read	nil
2025-06-27 19:05:38,974{GMT}	INFO	[jepsen worker 2] jepsen.util: 2	:ok	:read	[]
2025-06-27 19:05:39,044{GMT}	INFO	[jepsen worker 3] jepsen.util: 3	:invoke	:read	nil
2025-06-27 19:05:39,045{GMT}	INFO	[jepsen worker 3] jepsen.util: 3	:ok	:read	[0]
2025-06-27 19:05:39,094{GMT}	INFO	[jepsen worker 4] jepsen.util: 4	:invoke	:read	nil
2025-06-27 19:05:39,095{GMT}	INFO	[jepsen worker 4] jepsen.util: 4	:ok	:read	[0]
2025-06-27 19:05:39,130{GMT}	INFO	[jepsen worker 0] jepsen.util: 0	:invoke	:broadcast	1
2025-06-27 19:05:39,131{GMT}	INFO	[jepsen worker 0] jepsen.util: 0	:ok	:broadcast	1
2025-06-27 19:05:39,209{GMT}	INFO	[jepsen worker 0] jepsen.util: 0	:invoke	:broadcast	2
2025-06-27 19:05:39,210{GMT}	INFO	[jepsen worker 0] jepsen.util: 0	:ok	:broadcast	2
2025-06-27 19:05:39,377{GMT}	INFO	[jepsen worker 1] jepsen.util: 1	:invoke	:read	nil
2025-06-27 19:05:39,379{GMT}	INFO	[jepsen worker 1] jepsen.util: 1	:ok	:read	[0 1 2]
2025-06-27 19:05:39,456{GMT}	INFO	[jepsen worker 2] jepsen.util: 2	:invoke	:broadcast	3
2025-06-27 19:05:39,458{GMT}	INFO	[jepsen worker 2] jepsen.util: 2	:ok	:broadcast	3
2025-06-27 19:05:39,524{GMT}	INFO	[jepsen worker 3] jepsen.util: 3	:invoke	:read	nil
2025-06-27 19:05:39,527{GMT}	INFO	[jepsen worker 3] jepsen.util: 3	:ok	:read	[0 1 2]
2025-06-27 19:05:39,698{GMT}	INFO	[jepsen worker 4] jepsen.util: 4	:invoke	:read	nil
2025-06-27 19:05:39,700{GMT}	INFO	[jepsen worker 4] jepsen.util: 4	:ok	:read	[0 1 2]
2025-06-27 19:05:39,894{GMT}	INFO	[jepsen worker 0] jepsen.util: 0	:invoke	:read	nil
2025-06-27 19:05:39,895{GMT}	INFO	[jepsen worker 0] jepsen.util: 0	:ok	:read	[0 1 2]
2025-06-27 19:05:39,951{GMT}	INFO	[jepsen worker 0] jepsen.util: 0	:invoke	:broadcast	4
2025-06-27 19:05:39,953{GMT}	INFO	[jepsen worker 0] jepsen.util: 0	:ok	:broadcast	4
2025-06-27 19:05:39,976{GMT}	INFO	[jepsen worker 1] jepsen.util: 1	:invoke	:broadcast	5
2025-06-27 19:05:39,977{GMT}	INFO	[jepsen worker 1] jepsen.util: 1	:ok	:broadcast	5
2025-06-27 19:05:40,082{GMT}	INFO	[jepsen worker 2] jepsen.util: 2	:invoke	:read	nil
2025-06-27 19:05:40,084{GMT}	INFO	[jepsen worker 2] jepsen.util: 2	:ok	:read	[3]
2025-06-27 19:05:40,177{GMT}	INFO	[jepsen worker 3] jepsen.util: 3	:invoke	:read	nil
2025-06-27 19:05:40,180{GMT}	INFO	[jepsen worker 3] jepsen.util: 3	:ok	:read	[0 1 2 4 5]
2025-06-27 19:05:40,307{GMT}	INFO	[jepsen worker 4] jepsen.util: 4	:invoke	:read	nil
2025-06-27 19:05:40,310{GMT}	INFO	[jepsen worker 4] jepsen.util: 4	:ok	:read	[0 1 2 4 5]
2025-06-27 19:05:40,384{GMT}	INFO	[jepsen worker 0] jepsen.util: 0	:invoke	:read	nil
2025-06-27 19:05:40,387{GMT}	INFO	[jepsen worker 0] jepsen.util: 0	:ok	:read	[0 1 2 4 5]
2025-06-27 19:05:40,402{GMT}	INFO	[jepsen worker 0] jepsen.util: 0	:invoke	:read	nil
2025-06-27 19:05:40,404{GMT}	INFO	[jepsen worker 0] jepsen.util: 0	:ok	:read	[0 1 2 4 5]
2025-06-27 19:05:40,525{GMT}	INFO	[jepsen worker 1] jepsen.util: 1	:invoke	:broadcast	6
2025-06-27 19:05:40,528{GMT}	INFO	[jepsen worker 1] jepsen.util: 1	:ok	:broadcast	6
2025-06-27 19:05:40,538{GMT}	INFO	[jepsen worker 2] jepsen.util: 2	:invoke	:read	nil
2025-06-27 19:05:40,540{GMT}	INFO	[jepsen worker 2] jepsen.util: 2	:ok	:read	[3]
2025-06-27 19:05:40,566{GMT}	INFO	[jepsen worker 3] jepsen.util: 3	:invoke	:broadcast	7
2025-06-27 19:05:40,568{GMT}	INFO	[jepsen worker 3] jepsen.util: 3	:ok	:broadcast	7
2025-06-27 19:05:40,629{GMT}	INFO	[jepsen worker 4] jepsen.util: 4	:invoke	:broadcast	8
2025-06-27 19:05:40,631{GMT}	INFO	[jepsen worker 4] jepsen.util: 4	:ok	:broadcast	8
2025-06-27 19:05:40,667{GMT}	INFO	[jepsen worker 0] jepsen.util: 0	:invoke	:read	nil
2025-06-27 19:05:40,670{GMT}	INFO	[jepsen worker 0] jepsen.util: 0	:ok	:read	[0 1 2 4 5 6 7 8]
2025-06-27 19:05:40,797{GMT}	INFO	[jepsen worker 0] jepsen.util: 0	:invoke	:read	nil
2025-06-27 19:05:40,800{GMT}	INFO	[jepsen worker 0] jepsen.util: 0	:ok	:read	[0 1 2 4 5 6 7 8]
2025-06-27 19:05:40,811{GMT}	INFO	[jepsen worker 1] jepsen.util: 1	:invoke	:broadcast	9
2025-06-27 19:05:40,813{GMT}	INFO	[jepsen worker 1] jepsen.util: 1	:ok	:broadcast	9
2025-06-27 19:05:40,863{GMT}	INFO	[jepsen worker 2] jepsen.util: 2	:invoke	:read	nil
2025-06-27 19:05:40,863{GMT}	INFO	[jepsen worker 2] jepsen.util: 2	:ok	:read	[3]
2025-06-27 19:05:40,886{GMT}	INFO	[jepsen worker 3] jepsen.util: 3	:invoke	:read	nil
2025-06-27 19:05:40,887{GMT}	INFO	[jepsen worker 3] jepsen.util: 3	:ok	:read	[0 1 2 4 5 6 7 8 9]
2025-06-27 19:05:40,952{GMT}	INFO	[jepsen worker 4] jepsen.util: 4	:invoke	:broadcast	10
2025-06-27 19:05:40,953{GMT}	INFO	[jepsen worker 4] jepsen.util: 4	:ok	:broadcast	10
2025-06-27 19:05:41,016{GMT}	INFO	[jepsen worker 0] jepsen.util: 0	:invoke	:read	nil
2025-06-27 19:05:41,017{GMT}	INFO	[jepsen worker 0] jepsen.util: 0	:ok	:read	[0 1 2 4 5 6 7 8 9 10]
2025-06-27 19:05:41,167{GMT}	INFO	[jepsen worker 0] jepsen.util: 0	:invoke	:read	nil
2025-06-27 19:05:41,170{GMT}	INFO	[jepsen worker 0] jepsen.util: 0	:ok	:read	[0 1 2 4 5 6 7 8 9 10]
2025-06-27 19:05:41,341{GMT}	INFO	[jepsen worker 1] jepsen.util: 1	:invoke	:read	nil
2025-06-27 19:05:41,342{GMT}	INFO	[jepsen worker 1] jepsen.util: 1	:ok	:read	[0 1 2 4 5 6 7 8 9 10]
2025-06-27 19:05:41,343{GMT}	INFO	[jepsen worker 2] jepsen.util: 2	:invoke	:read	nil
2025-06-27 19:05:41,344{GMT}	INFO	[jepsen worker 2] jepsen.util: 2	:ok	:read	[3]
2025-06-27 19:05:41,494{GMT}	INFO	[jepsen worker 3] jepsen.util: 3	:invoke	:read	nil
2025-06-27 19:05:41,497{GMT}	INFO	[jepsen worker 3] jepsen.util: 3	:ok	:read	[0 1 2 4 5 6 7 8 9 10]
2025-06-27 19:05:41,521{GMT}	INFO	[jepsen worker 4] jepsen.util: 4	:invoke	:read	nil
2025-06-27 19:05:41,523{GMT}	INFO	[jepsen worker 4] jepsen.util: 4	:ok	:read	[0 1 2 4 5 6 7 8 9 10]
2025-06-27 19:05:41,724{GMT}	INFO	[jepsen worker 0] jepsen.util: 0	:invoke	:read	nil
2025-06-27 19:05:41,726{GMT}	INFO	[jepsen worker 0] jepsen.util: 0	:ok	:read	[0 1 2 4 5 6 7 8 9 10]
2025-06-27 19:05:41,916{GMT}	INFO	[jepsen worker 0] jepsen.util: 0	:invoke	:read	nil
2025-06-27 19:05:41,918{GMT}	INFO	[jepsen worker 0] jepsen.util: 0	:ok	:read	[0 1 2 4 5 6 7 8 9 10]
2025-06-27 19:05:42,085{GMT}	INFO	[jepsen worker 1] jepsen.util: 1	:invoke	:read	nil
2025-06-27 19:05:42,087{GMT}	INFO	[jepsen worker 1] jepsen.util: 1	:ok	:read	[0 1 2 4 5 6 7 8 9 10]
2025-06-27 19:05:42,246{GMT}	INFO	[jepsen worker 2] jepsen.util: 2	:invoke	:broadcast	11
2025-06-27 19:05:42,249{GMT}	INFO	[jepsen worker 2] jepsen.util: 2	:ok	:broadcast	11
2025-06-27 19:05:42,389{GMT}	INFO	[jepsen worker 3] jepsen.util: 3	:invoke	:broadcast	12
2025-06-27 19:05:42,392{GMT}	INFO	[jepsen worker 3] jepsen.util: 3	:ok	:broadcast	12
2025-06-27 19:05:42,542{GMT}	INFO	[jepsen worker 4] jepsen.util: 4	:invoke	:read	nil
2025-06-27 19:05:42,545{GMT}	INFO	[jepsen worker 4] jepsen.util: 4	:ok	:read	[0 1 2 4 5 6 7 8 9 10 12]
2025-06-27 19:05:42,647{GMT}	INFO	[jepsen worker 0] jepsen.util: 0	:invoke	:read	nil
2025-06-27 19:05:42,649{GMT}	INFO	[jepsen worker 0] jepsen.util: 0	:ok	:read	[0 1 2 4 5 6 7 8 9 10 12]
2025-06-27 19:05:42,671{GMT}	INFO	[jepsen worker 0] jepsen.util: 0	:invoke	:broadcast	13
2025-06-27 19:05:42,673{GMT}	INFO	[jepsen worker 0] jepsen.util: 0	:ok	:broadcast	13
2025-06-27 19:05:42,862{GMT}	INFO	[jepsen worker 1] jepsen.util: 1	:invoke	:broadcast	14
2025-06-27 19:05:42,864{GMT}	INFO	[jepsen worker 1] jepsen.util: 1	:ok	:broadcast	14
2025-06-27 19:05:42,950{GMT}	INFO	[jepsen worker 2] jepsen.util: 2	:invoke	:broadcast	15
2025-06-27 19:05:42,953{GMT}	INFO	[jepsen worker 2] jepsen.util: 2	:ok	:broadcast	15
2025-06-27 19:05:43,132{GMT}	INFO	[jepsen worker 3] jepsen.util: 3	:invoke	:read	nil
2025-06-27 19:05:43,134{GMT}	INFO	[jepsen worker 3] jepsen.util: 3	:ok	:read	[0 1 2 4 5 6 7 8 9 10 12 13 14]
2025-06-27 19:05:43,137{GMT}	INFO	[jepsen worker 4] jepsen.util: 4	:invoke	:broadcast	16
2025-06-27 19:05:43,139{GMT}	INFO	[jepsen worker 4] jepsen.util: 4	:ok	:broadcast	16
2025-06-27 19:05:43,174{GMT}	INFO	[jepsen worker 0] jepsen.util: 0	:invoke	:broadcast	17
2025-06-27 19:05:43,175{GMT}	INFO	[jepsen worker 0] jepsen.util: 0	:ok	:broadcast	17
2025-06-27 19:05:43,326{GMT}	INFO	[jepsen worker 0] jepsen.util: 0	:invoke	:read	nil
2025-06-27 19:05:43,329{GMT}	INFO	[jepsen worker 0] jepsen.util: 0	:ok	:read	[0 1 2 4 5 6 7 8 9 10 12 13 14 16 17]
2025-06-27 19:05:43,365{GMT}	INFO	[jepsen worker 1] jepsen.util: 1	:invoke	:read	nil
2025-06-27 19:05:43,367{GMT}	INFO	[jepsen worker 1] jepsen.util: 1	:ok	:read	[0 1 2 4 5 6 7 8 9 10 12 13 14 16 17]
2025-06-27 19:05:43,543{GMT}	INFO	[jepsen worker 2] jepsen.util: 2	:invoke	:broadcast	18
2025-06-27 19:05:43,546{GMT}	INFO	[jepsen worker 2] jepsen.util: 2	:ok	:broadcast	18
2025-06-27 19:05:43,738{GMT}	INFO	[jepsen worker 3] jepsen.util: 3	:invoke	:read	nil
2025-06-27 19:05:43,740{GMT}	INFO	[jepsen worker 3] jepsen.util: 3	:ok	:read	[0 1 2 4 5 6 7 8 9 10 12 13 14 16 17]
2025-06-27 19:05:43,802{GMT}	INFO	[jepsen worker 4] jepsen.util: 4	:invoke	:broadcast	19
2025-06-27 19:05:43,804{GMT}	INFO	[jepsen worker 4] jepsen.util: 4	:ok	:broadcast	19
2025-06-27 19:05:43,861{GMT}	INFO	[jepsen worker 0] jepsen.util: 0	:invoke	:read	nil
2025-06-27 19:05:43,863{GMT}	INFO	[jepsen worker 0] jepsen.util: 0	:ok	:read	[0 1 2 4 5 6 7 8 9 10 12 13 14 16 17 19]
2025-06-27 19:05:44,023{GMT}	INFO	[jepsen worker 0] jepsen.util: 0	:invoke	:broadcast	20
2025-06-27 19:05:44,026{GMT}	INFO	[jepsen worker 0] jepsen.util: 0	:ok	:broadcast	20
2025-06-27 19:05:44,217{GMT}	INFO	[jepsen worker 1] jepsen.util: 1	:invoke	:read	nil
2025-06-27 19:05:44,218{GMT}	INFO	[jepsen worker 1] jepsen.util: 1	:ok	:read	[0 1 2 4 5 6 7 8 9 10 12 13 14 16 17 19 20]
2025-06-27 19:05:44,362{GMT}	INFO	[jepsen worker 2] jepsen.util: 2	:invoke	:read	nil
2025-06-27 19:05:44,365{GMT}	INFO	[jepsen worker 2] jepsen.util: 2	:ok	:read	[3 11 15 18]
2025-06-27 19:05:44,522{GMT}	INFO	[jepsen worker 3] jepsen.util: 3	:invoke	:broadcast	21
2025-06-27 19:05:44,524{GMT}	INFO	[jepsen worker 3] jepsen.util: 3	:ok	:broadcast	21
2025-06-27 19:05:44,707{GMT}	INFO	[jepsen worker 4] jepsen.util: 4	:invoke	:broadcast	22
2025-06-27 19:05:44,710{GMT}	INFO	[jepsen worker 4] jepsen.util: 4	:ok	:broadcast	22
2025-06-27 19:05:44,835{GMT}	INFO	[jepsen worker 0] jepsen.util: 0	:invoke	:broadcast	23
2025-06-27 19:05:44,835{GMT}	INFO	[jepsen worker 0] jepsen.util: 0	:ok	:broadcast	23
2025-06-27 19:05:44,874{GMT}	INFO	[jepsen worker 0] jepsen.util: 0	:invoke	:read	nil
2025-06-27 19:05:44,875{GMT}	INFO	[jepsen worker 0] jepsen.util: 0	:ok	:read	[0 1 2 4 5 6 7 8 9 10 12 13 14 16 17 19 20 21 22 23]
2025-06-27 19:05:44,918{GMT}	INFO	[jepsen worker 1] jepsen.util: 1	:invoke	:read	nil
2025-06-27 19:05:44,918{GMT}	INFO	[jepsen worker 1] jepsen.util: 1	:ok	:read	[0 1 2 4 5 6 7 8 9 10 12 13 14 16 17 19 20 21 22 23]
2025-06-27 19:05:45,077{GMT}	INFO	[jepsen worker 2] jepsen.util: 2	:invoke	:read	nil
2025-06-27 19:05:45,079{GMT}	INFO	[jepsen worker 2] jepsen.util: 2	:ok	:read	[3 11 15 18]
2025-06-27 19:05:45,220{GMT}	INFO	[jepsen worker 3] jepsen.util: 3	:invoke	:read	nil
2025-06-27 19:05:45,223{GMT}	INFO	[jepsen worker 3] jepsen.util: 3	:ok	:read	[0 1 2 4 5 6 7 8 9 10 12 13 14 16 17 19 20 21 22 23]
2025-06-27 19:05:45,399{GMT}	INFO	[jepsen worker 4] jepsen.util: 4	:invoke	:read	nil
2025-06-27 19:05:45,401{GMT}	INFO	[jepsen worker 4] jepsen.util: 4	:ok	:read	[0 1 2 4 5 6 7 8 9 10 12 13 14 16 17 19 20 21 22 23]
2025-06-27 19:05:45,462{GMT}	INFO	[jepsen worker 0] jepsen.util: 0	:invoke	:read	nil
2025-06-27 19:05:45,465{GMT}	INFO	[jepsen worker 0] jepsen.util: 0	:ok	:read	[0 1 2 4 5 6 7 8 9 10 12 13 14 16 17 19 20 21 22 23]
2025-06-27 19:05:45,478{GMT}	INFO	[jepsen worker 0] jepsen.util: 0	:invoke	:broadcast	24
2025-06-27 19:05:45,480{GMT}	INFO	[jepsen worker 0] jepsen.util: 0	:ok	:broadcast	24
2025-06-27 19:05:45,678{GMT}	INFO	[jepsen worker 1] jepsen.util: 1	:invoke	:broadcast	25
2025-06-27 19:05:45,680{GMT}	INFO	[jepsen worker 1] jepsen.util: 1	:ok	:broadcast	25
2025-06-27 19:05:45,788{GMT}	INFO	[jepsen worker 2] jepsen.util: 2	:invoke	:broadcast	26
2025-06-27 19:05:45,790{GMT}	INFO	[jepsen worker 2] jepsen.util: 2	:ok	:broadcast	26
2025-06-27 19:05:45,877{GMT}	INFO	[jepsen worker 3] jepsen.util: 3	:invoke	:broadcast	27
2025-06-27 19:05:45,879{GMT}	INFO	[jepsen worker 3] jepsen.util: 3	:ok	:broadcast	27
2025-06-27 19:05:46,031{GMT}	INFO	[jepsen worker 4] jepsen.util: 4	:invoke	:broadcast	28
2025-06-27 19:05:46,033{GMT}	INFO	[jepsen worker 4] jepsen.util: 4	:ok	:broadcast	28
2025-06-27 19:05:46,127{GMT}	INFO	[jepsen worker 0] jepsen.util: 0	:invoke	:broadcast	29
2025-06-27 19:05:46,130{GMT}	INFO	[jepsen worker 0] jepsen.util: 0	:ok	:broadcast	29
2025-06-27 19:05:46,203{GMT}	INFO	[jepsen worker 0] jepsen.util: 0	:invoke	:broadcast	30
2025-06-27 19:05:46,204{GMT}	INFO	[jepsen worker 0] jepsen.util: 0	:ok	:broadcast	30
2025-06-27 19:05:46,277{GMT}	INFO	[jepsen worker 1] jepsen.util: 1	:invoke	:broadcast	31
2025-06-27 19:05:46,279{GMT}	INFO	[jepsen worker 1] jepsen.util: 1	:ok	:broadcast	31
2025-06-27 19:05:46,416{GMT}	INFO	[jepsen worker 2] jepsen.util: 2	:invoke	:broadcast	32
2025-06-27 19:05:46,417{GMT}	INFO	[jepsen worker 2] jepsen.util: 2	:ok	:broadcast	32
2025-06-27 19:05:46,436{GMT}	INFO	[jepsen worker 3] jepsen.util: 3	:invoke	:read	nil
2025-06-27 19:05:46,437{GMT}	INFO	[jepsen worker 3] jepsen.util: 3	:ok	:read	[0 1 2 4 5 6 7 8 9 10 12 13 14 16 17 19 20 21 22 23 24 25 27 28 29 30 31]
2025-06-27 19:05:46,463{GMT}	INFO	[jepsen worker 4] jepsen.util: 4	:invoke	:broadcast	33
2025-06-27 19:05:46,463{GMT}	INFO	[jepsen worker 4] jepsen.util: 4	:ok	:broadcast	33
2025-06-27 19:05:46,609{GMT}	INFO	[jepsen worker 0] jepsen.util: 0	:invoke	:broadcast	34
2025-06-27 19:05:46,610{GMT}	INFO	[jepsen worker 0] jepsen.util: 0	:ok	:broadcast	34
2025-06-27 19:05:46,779{GMT}	INFO	[jepsen worker 0] jepsen.util: 0	:invoke	:read	nil
2025-06-27 19:05:46,781{GMT}	INFO	[jepsen worker 0] jepsen.util: 0	:ok	:read	[0 1 2 4 5 6 7 8 9 10 12 13 14 16 17 19 20 21 22 23 24 25 27 28 29 30 31 33 34]
2025-06-27 19:05:46,835{GMT}	INFO	[jepsen worker 1] jepsen.util: 1	:invoke	:read	nil
2025-06-27 19:05:46,837{GMT}	INFO	[jepsen worker 2] jepsen.util: 2	:invoke	:read	nil
2025-06-27 19:05:46,837{GMT}	INFO	[jepsen worker 1] jepsen.util: 1	:ok	:read	[0 1 2 4 5 6 7 8 9 10 12 13 14 16 17 19 20 21 22 23 24 25 27 28 29 30 31 33 34]
2025-06-27 19:05:46,838{GMT}	INFO	[jepsen worker 2] jepsen.util: 2	:ok	:read	[3 11 15 18 26 32]
2025-06-27 19:05:46,863{GMT}	INFO	[jepsen worker 3] jepsen.util: 3	:invoke	:read	nil
2025-06-27 19:05:46,865{GMT}	INFO	[jepsen worker 3] jepsen.util: 3	:ok	:read	[0 1 2 4 5 6 7 8 9 10 12 13 14 16 17 19 20 21 22 23 24 25 27 28 29 30 31 33 34]
2025-06-27 19:05:47,003{GMT}	INFO	[jepsen worker 4] jepsen.util: 4	:invoke	:broadcast	35
2025-06-27 19:05:47,004{GMT}	INFO	[jepsen worker 4] jepsen.util: 4	:ok	:broadcast	35
2025-06-27 19:05:47,188{GMT}	INFO	[jepsen worker 0] jepsen.util: 0	:invoke	:broadcast	36
2025-06-27 19:05:47,189{GMT}	INFO	[jepsen worker 0] jepsen.util: 0	:ok	:broadcast	36
2025-06-27 19:05:47,270{GMT}	INFO	[jepsen worker 0] jepsen.util: 0	:invoke	:read	nil
2025-06-27 19:05:47,272{GMT}	INFO	[jepsen worker 0] jepsen.util: 0	:ok	:read	[0 1 2 4 5 6 7 8 9 10 12 13 14 16 17 19 20 21 22 23 24 25 27 28 29 30 31 33 34 35 36]
2025-06-27 19:05:47,357{GMT}	INFO	[jepsen worker 1] jepsen.util: 1	:invoke	:broadcast	37
2025-06-27 19:05:47,359{GMT}	INFO	[jepsen worker 1] jepsen.util: 1	:ok	:broadcast	37
2025-06-27 19:05:47,361{GMT}	INFO	[jepsen worker 2] jepsen.util: 2	:invoke	:broadcast	38
2025-06-27 19:05:47,362{GMT}	INFO	[jepsen worker 2] jepsen.util: 2	:ok	:broadcast	38
2025-06-27 19:05:47,389{GMT}	INFO	[jepsen worker 3] jepsen.util: 3	:invoke	:read	nil
2025-06-27 19:05:47,390{GMT}	INFO	[jepsen worker 3] jepsen.util: 3	:ok	:read	[0 1 2 4 5 6 7 8 9 10 12 13 14 16 17 19 20 21 22 23 24 25 27 28 29 30 31 33 34 35 36 37]
2025-06-27 19:05:47,547{GMT}	INFO	[jepsen worker 4] jepsen.util: 4	:invoke	:read	nil
2025-06-27 19:05:47,550{GMT}	INFO	[jepsen worker 4] jepsen.util: 4	:ok	:read	[0 1 2 4 5 6 7 8 9 10 12 13 14 16 17 19 20 21 22 23 24 25 27 28 29 30 31 33 34 35 36 37]
2025-06-27 19:05:47,686{GMT}	INFO	[jepsen worker 0] jepsen.util: 0	:invoke	:broadcast	39
2025-06-27 19:05:47,688{GMT}	INFO	[jepsen worker 0] jepsen.util: 0	:ok	:broadcast	39
2025-06-27 19:05:47,861{GMT}	INFO	[jepsen worker 0] jepsen.util: 0	:invoke	:broadcast	40
2025-06-27 19:05:47,863{GMT}	INFO	[jepsen worker 0] jepsen.util: 0	:ok	:broadcast	40
2025-06-27 19:05:48,011{GMT}	INFO	[jepsen worker 1] jepsen.util: 1	:invoke	:broadcast	41
2025-06-27 19:05:48,013{GMT}	INFO	[jepsen worker 1] jepsen.util: 1	:ok	:broadcast	41
2025-06-27 19:05:48,030{GMT}	INFO	[jepsen worker 2] jepsen.util: 2	:invoke	:broadcast	42
2025-06-27 19:05:48,032{GMT}	INFO	[jepsen worker 2] jepsen.util: 2	:ok	:broadcast	42
2025-06-27 19:05:48,194{GMT}	INFO	[jepsen worker 3] jepsen.util: 3	:invoke	:read	nil
2025-06-27 19:05:48,197{GMT}	INFO	[jepsen worker 3] jepsen.util: 3	:ok	:read	[0 1 2 4 5 6 7 8 9 10 12 13 14 16 17 19 20 21 22 23 24 25 27 28 29 30 31 33 34 35 36 37 39 40 41]
2025-06-27 19:05:48,283{GMT}	INFO	[jepsen worker 4] jepsen.util: 4	:invoke	:broadcast	43
2025-06-27 19:05:48,285{GMT}	INFO	[jepsen worker 4] jepsen.util: 4	:ok	:broadcast	43
2025-06-27 19:05:48,313{GMT}	INFO	[jepsen worker 0] jepsen.util: 0	:invoke	:read	nil
2025-06-27 19:05:48,314{GMT}	INFO	[jepsen worker 0] jepsen.util: 0	:ok	:read	[0 1 2 4 5 6 7 8 9 10 12 13 14 16 17 19 20 21 22 23 24 25 27 28 29 30 31 33 34 35 36 37 39 40 41 43]
2025-06-27 19:05:48,340{GMT}	INFO	[jepsen worker 0] jepsen.util: 0	:invoke	:broadcast	44
2025-06-27 19:05:48,340{GMT}	INFO	[jepsen worker 0] jepsen.util: 0	:ok	:broadcast	44
2025-06-27 19:05:48,355{GMT}	INFO	[jepsen worker 1] jepsen.util: 1	:invoke	:broadcast	45
2025-06-27 19:05:48,355{GMT}	INFO	[jepsen worker 1] jepsen.util: 1	:ok	:broadcast	45
2025-06-27 19:05:48,385{GMT}	INFO	[jepsen worker 2] jepsen.util: 2	:invoke	:read	nil
2025-06-27 19:05:48,386{GMT}	INFO	[jepsen worker 2] jepsen.util: 2	:ok	:read	[3 11 15 18 26 32 38 42]
2025-06-27 19:05:48,413{GMT}	INFO	[jepsen worker 3] jepsen.util: 3	:invoke	:broadcast	46
2025-06-27 19:05:48,414{GMT}	INFO	[jepsen worker 3] jepsen.util: 3	:ok	:broadcast	46
2025-06-27 19:05:48,573{GMT}	INFO	[jepsen worker 4] jepsen.util: 4	:invoke	:read	nil
2025-06-27 19:05:48,575{GMT}	INFO	[jepsen worker 4] jepsen.util: 4	:ok	:read	[0 1 2 4 5 6 7 8 9 10 12 13 14 16 17 19 20 21 22 23 24 25 27 28 29 30 31 33 34 35 36 37 39 40 41 43 44 45 46]
2025-06-27 19:05:48,717{GMT}	INFO	[jepsen worker 0] jepsen.util: 0	:invoke	:broadcast	47
2025-06-27 19:05:48,719{GMT}	INFO	[jepsen worker 0] jepsen.util: 0	:ok	:broadcast	47
2025-06-27 19:05:48,792{GMT}	INFO	[jepsen worker 0] jepsen.util: 0	:invoke	:broadcast	48
2025-06-27 19:05:48,795{GMT}	INFO	[jepsen worker 0] jepsen.util: 0	:ok	:broadcast	48
2025-06-27 19:05:48,916{GMT}	INFO	[jepsen worker 1] jepsen.util: 1	:invoke	:broadcast	49
2025-06-27 19:05:48,918{GMT}	INFO	[jepsen worker 1] jepsen.util: 1	:ok	:broadcast	49
2025-06-27 19:05:49,034{GMT}	INFO	[jepsen worker 2] jepsen.util: 2	:invoke	:broadcast	50
2025-06-27 19:05:49,036{GMT}	INFO	[jepsen worker 2] jepsen.util: 2	:ok	:broadcast	50
2025-06-27 19:05:49,138{GMT}	INFO	[jepsen worker 3] jepsen.util: 3	:invoke	:read	nil
2025-06-27 19:05:49,140{GMT}	INFO	[jepsen worker 3] jepsen.util: 3	:ok	:read	[0 1 2 4 5 6 7 8 9 10 12 13 14 16 17 19 20 21 22 23 24 25 27 28 29 30 31 33 34 35 36 37 39 40 41 43 44 45 46 47 48 49]
2025-06-27 19:05:49,321{GMT}	INFO	[jepsen worker 4] jepsen.util: 4	:invoke	:read	nil
2025-06-27 19:05:49,323{GMT}	INFO	[jepsen worker 4] jepsen.util: 4	:ok	:read	[0 1 2 4 5 6 7 8 9 10 12 13 14 16 17 19 20 21 22 23 24 25 27 28 29 30 31 33 34 35 36 37 39 40 41 43 44 45 46 47 48 49]
2025-06-27 19:05:49,406{GMT}	INFO	[jepsen worker 0] jepsen.util: 0	:invoke	:read	nil
2025-06-27 19:05:49,408{GMT}	INFO	[jepsen worker 0] jepsen.util: 0	:ok	:read	[0 1 2 4 5 6 7 8 9 10 12 13 14 16 17 19 20 21 22 23 24 25 27 28 29 30 31 33 34 35 36 37 39 40 41 43 44 45 46 47 48 49]
2025-06-27 19:05:49,520{GMT}	INFO	[jepsen worker 0] jepsen.util: 0	:invoke	:broadcast	51
2025-06-27 19:05:49,521{GMT}	INFO	[jepsen worker 0] jepsen.util: 0	:ok	:broadcast	51
2025-06-27 19:05:49,545{GMT}	INFO	[jepsen worker 1] jepsen.util: 1	:invoke	:read	nil
2025-06-27 19:05:49,546{GMT}	INFO	[jepsen worker 1] jepsen.util: 1	:ok	:read	[0 1 2 4 5 6 7 8 9 10 12 13 14 16 17 19 20 21 22 23 24 25 27 28 29 30 31 33 34 35 36 37 39 40 41 43 44 45 46 47 48 49 51]
2025-06-27 19:05:49,717{GMT}	INFO	[jepsen worker 2] jepsen.util: 2	:invoke	:read	nil
2025-06-27 19:05:49,719{GMT}	INFO	[jepsen worker 2] jepsen.util: 2	:ok	:read	[3 11 15 18 26 32 38 42 50]
2025-06-27 19:05:49,850{GMT}	INFO	[jepsen worker 3] jepsen.util: 3	:invoke	:broadcast	52
2025-06-27 19:05:49,850{GMT}	INFO	[jepsen worker 3] jepsen.util: 3	:ok	:broadcast	52
2025-06-27 19:05:50,019{GMT}	INFO	[jepsen worker 4] jepsen.util: 4	:invoke	:broadcast	53
2025-06-27 19:05:50,022{GMT}	INFO	[jepsen worker 4] jepsen.util: 4	:ok	:broadcast	53
2025-06-27 19:05:50,059{GMT}	INFO	[jepsen worker 0] jepsen.util: 0	:invoke	:read	nil
2025-06-27 19:05:50,060{GMT}	INFO	[jepsen worker 0] jepsen.util: 0	:ok	:read	[0 1 2 4 5 6 7 8 9 10 12 13 14 16 17 19 20 21 22 23 24 25 27 28 29 30 31 33 34 35 36 37 39 40 41 43 44 45 46 47 48 49 51 52 53]
2025-06-27 19:05:50,234{GMT}	INFO	[jepsen worker 0] jepsen.util: 0	:invoke	:read	nil
2025-06-27 19:05:50,236{GMT}	INFO	[jepsen worker 0] jepsen.util: 0	:ok	:read	[0 1 2 4 5 6 7 8 9 10 12 13 14 16 17 19 20 21 22 23 24 25 27 28 29 30 31 33 34 35 36 37 39 40 41 43 44 45 46 47 48 49 51 52 53]
2025-06-27 19:05:50,361{GMT}	INFO	[jepsen worker 1] jepsen.util: 1	:invoke	:read	nil
2025-06-27 19:05:50,363{GMT}	INFO	[jepsen worker 2] jepsen.util: 2	:invoke	:read	nil
2025-06-27 19:05:50,363{GMT}	INFO	[jepsen worker 1] jepsen.util: 1	:ok	:read	[0 1 2 4 5 6 7 8 9 10 12 13 14 16 17 19 20 21 22 23 24 25 27 28 29 30 31 33 34 35 36 37 39 40 41 43 44 45 46 47 48 49 51 52 53]
2025-06-27 19:05:50,364{GMT}	INFO	[jepsen worker 2] jepsen.util: 2	:ok	:read	[3 11 15 18 26 32 38 42 50]
2025-06-27 19:05:50,553{GMT}	INFO	[jepsen worker 3] jepsen.util: 3	:invoke	:broadcast	54
2025-06-27 19:05:50,555{GMT}	INFO	[jepsen worker 3] jepsen.util: 3	:ok	:broadcast	54
2025-06-27 19:05:50,711{GMT}	INFO	[jepsen worker 4] jepsen.util: 4	:invoke	:broadcast	55
2025-06-27 19:05:50,713{GMT}	INFO	[jepsen worker 4] jepsen.util: 4	:ok	:broadcast	55
2025-06-27 19:05:50,852{GMT}	INFO	[jepsen worker 0] jepsen.util: 0	:invoke	:broadcast	56
2025-06-27 19:05:50,853{GMT}	INFO	[jepsen worker 0] jepsen.util: 0	:ok	:broadcast	56
2025-06-27 19:05:50,998{GMT}	INFO	[jepsen worker 0] jepsen.util: 0	:invoke	:read	nil
2025-06-27 19:05:51,001{GMT}	INFO	[jepsen worker 0] jepsen.util: 0	:ok	:read	[0 1 2 4 5 6 7 8 9 10 12 13 14 16 17 19 20 21 22 23 24 25 27 28 29 30 31 33 34 35 36 37 39 40 41 43 44 45 46 47 48 49 51 52 53 54 55 56]
2025-06-27 19:05:51,094{GMT}	INFO	[jepsen worker 1] jepsen.util: 1	:invoke	:read	nil
2025-06-27 19:05:51,097{GMT}	INFO	[jepsen worker 1] jepsen.util: 1	:ok	:read	[0 1 2 4 5 6 7 8 9 10 12 13 14 16 17 19 20 21 22 23 24 25 27 28 29 30 31 33 34 35 36 37 39 40 41 43 44 45 46 47 48 49 51 52 53 54 55 56]
2025-06-27 19:05:51,261{GMT}	INFO	[jepsen worker 2] jepsen.util: 2	:invoke	:read	nil
2025-06-27 19:05:51,263{GMT}	INFO	[jepsen worker 2] jepsen.util: 2	:ok	:read	[3 11 15 18 26 32 38 42 50]
2025-06-27 19:05:51,403{GMT}	INFO	[jepsen worker 3] jepsen.util: 3	:invoke	:read	nil
2025-06-27 19:05:51,405{GMT}	INFO	[jepsen worker 3] jepsen.util: 3	:ok	:read	[0 1 2 4 5 6 7 8 9 10 12 13 14 16 17 19 20 21 22 23 24 25 27 28 29 30 31 33 34 35 36 37 39 40 41 43 44 45 46 47 48 49 51 52 53 54 55 56]
2025-06-27 19:05:51,589{GMT}	INFO	[jepsen worker 4] jepsen.util: 4	:invoke	:read	nil
2025-06-27 19:05:51,591{GMT}	INFO	[jepsen worker 4] jepsen.util: 4	:ok	:read	[0 1 2 4 5 6 7 8 9 10 12 13 14 16 17 19 20 21 22 23 24 25 27 28 29 30 31 33 34 35 36 37 39 40 41 43 44 45 46 47 48 49 51 52 53 54 55 56]
2025-06-27 19:05:51,614{GMT}	INFO	[jepsen worker 0] jepsen.util: 0	:invoke	:read	nil
2025-06-27 19:05:51,616{GMT}	INFO	[jepsen worker 0] jepsen.util: 0	:ok	:read	[0 1 2 4 5 6 7 8 9 10 12 13 14 16 17 19 20 21 22 23 24 25 27 28 29 30 31 33 34 35 36 37 39 40 41 43 44 45 46 47 48 49 51 52 53 54 55 56]
2025-06-27 19:05:51,739{GMT}	INFO	[jepsen worker 0] jepsen.util: 0	:invoke	:broadcast	57
2025-06-27 19:05:51,741{GMT}	INFO	[jepsen worker 0] jepsen.util: 0	:ok	:broadcast	57
2025-06-27 19:05:51,905{GMT}	INFO	[jepsen worker 1] jepsen.util: 1	:invoke	:broadcast	58
2025-06-27 19:05:51,907{GMT}	INFO	[jepsen worker 1] jepsen.util: 1	:ok	:broadcast	58
2025-06-27 19:05:51,968{GMT}	INFO	[jepsen worker 2] jepsen.util: 2	:invoke	:broadcast	59
2025-06-27 19:05:51,971{GMT}	INFO	[jepsen worker 2] jepsen.util: 2	:ok	:broadcast	59
2025-06-27 19:05:52,162{GMT}	INFO	[jepsen worker 3] jepsen.util: 3	:invoke	:read	nil
2025-06-27 19:05:52,164{GMT}	INFO	[jepsen worker 3] jepsen.util: 3	:ok	:read	[0 1 2 4 5 6 7 8 9 10 12 13 14 16 17 19 20 21 22 23 24 25 27 28 29 30 31 33 34 35 36 37 39 40 41 43 44 45 46 47 48 49 51 52 53 54 55 56 57 58]
2025-06-27 19:05:52,278{GMT}	INFO	[jepsen worker 4] jepsen.util: 4	:invoke	:read	nil
2025-06-27 19:05:52,280{GMT}	INFO	[jepsen worker 4] jepsen.util: 4	:ok	:read	[0 1 2 4 5 6 7 8 9 10 12 13 14 16 17 19 20 21 22 23 24 25 27 28 29 30 31 33 34 35 36 37 39 40 41 43 44 45 46 47 48 49 51 52 53 54 55 56 57 58]
2025-06-27 19:05:52,369{GMT}	INFO	[jepsen worker 0] jepsen.util: 0	:invoke	:read	nil
2025-06-27 19:05:52,371{GMT}	INFO	[jepsen worker 0] jepsen.util: 0	:ok	:read	[0 1 2 4 5 6 7 8 9 10 12 13 14 16 17 19 20 21 22 23 24 25 27 28 29 30 31 33 34 35 36 37 39 40 41 43 44 45 46 47 48 49 51 52 53 54 55 56 57 58]
2025-06-27 19:05:52,544{GMT}	INFO	[jepsen worker 0] jepsen.util: 0	:invoke	:read	nil
2025-06-27 19:05:52,547{GMT}	INFO	[jepsen worker 0] jepsen.util: 0	:ok	:read	[0 1 2 4 5 6 7 8 9 10 12 13 14 16 17 19 20 21 22 23 24 25 27 28 29 30 31 33 34 35 36 37 39 40 41 43 44 45 46 47 48 49 51 52 53 54 55 56 57 58]
2025-06-27 19:05:52,706{GMT}	INFO	[jepsen worker 1] jepsen.util: 1	:invoke	:broadcast	60
2025-06-27 19:05:52,708{GMT}	INFO	[jepsen worker 1] jepsen.util: 1	:ok	:broadcast	60
2025-06-27 19:05:52,812{GMT}	INFO	[jepsen worker 2] jepsen.util: 2	:invoke	:read	nil
2025-06-27 19:05:52,814{GMT}	INFO	[jepsen worker 2] jepsen.util: 2	:ok	:read	[3 11 15 18 26 32 38 42 50 59]
2025-06-27 19:05:52,871{GMT}	INFO	[jepsen worker 3] jepsen.util: 3	:invoke	:read	nil
2025-06-27 19:05:52,874{GMT}	INFO	[jepsen worker 3] jepsen.util: 3	:ok	:read	[0 1 2 4 5 6 7 8 9 10 12 13 14 16 17 19 20 21 22 23 24 25 27 28 29 30 31 33 34 35 36 37 39 40 41 43 44 45 46 47 48 49 51 52 53 54 55 56 57 58 60]
2025-06-27 19:05:53,040{GMT}	INFO	[jepsen worker 4] jepsen.util: 4	:invoke	:read	nil
2025-06-27 19:05:53,042{GMT}	INFO	[jepsen worker 4] jepsen.util: 4	:ok	:read	[0 1 2 4 5 6 7 8 9 10 12 13 14 16 17 19 20 21 22 23 24 25 27 28 29 30 31 33 34 35 36 37 39 40 41 43 44 45 46 47 48 49 51 52 53 54 55 56 57 58 60]
2025-06-27 19:05:53,188{GMT}	INFO	[jepsen worker 0] jepsen.util: 0	:invoke	:broadcast	61
2025-06-27 19:05:53,190{GMT}	INFO	[jepsen worker 0] jepsen.util: 0	:ok	:broadcast	61
2025-06-27 19:05:53,294{GMT}	INFO	[jepsen worker 0] jepsen.util: 0	:invoke	:broadcast	62
2025-06-27 19:05:53,296{GMT}	INFO	[jepsen worker 0] jepsen.util: 0	:ok	:broadcast	62
2025-06-27 19:05:53,313{GMT}	INFO	[jepsen worker 1] jepsen.util: 1	:invoke	:broadcast	63
2025-06-27 19:05:53,314{GMT}	INFO	[jepsen worker 1] jepsen.util: 1	:ok	:broadcast	63
2025-06-27 19:05:53,442{GMT}	INFO	[jepsen worker 2] jepsen.util: 2	:invoke	:broadcast	64
2025-06-27 19:05:53,443{GMT}	INFO	[jepsen worker 2] jepsen.util: 2	:ok	:broadcast	64
2025-06-27 19:05:53,545{GMT}	INFO	[jepsen worker 3] jepsen.util: 3	:invoke	:broadcast	65
2025-06-27 19:05:53,547{GMT}	INFO	[jepsen worker 3] jepsen.util: 3	:ok	:broadcast	65
2025-06-27 19:05:53,608{GMT}	INFO	[jepsen worker 4] jepsen.util: 4	:invoke	:broadcast	66
2025-06-27 19:05:53,610{GMT}	INFO	[jepsen worker 4] jepsen.util: 4	:ok	:broadcast	66
2025-06-27 19:05:53,791{GMT}	INFO	[jepsen worker 0] jepsen.util: 0	:invoke	:broadcast	67
2025-06-27 19:05:53,792{GMT}	INFO	[jepsen worker 0] jepsen.util: 0	:ok	:broadcast	67
2025-06-27 19:05:53,920{GMT}	INFO	[jepsen worker 0] jepsen.util: 0	:invoke	:broadcast	68
2025-06-27 19:05:53,924{GMT}	INFO	[jepsen worker 0] jepsen.util: 0	:ok	:broadcast	68
2025-06-27 19:05:54,034{GMT}	INFO	[jepsen worker 1] jepsen.util: 1	:invoke	:broadcast	69
2025-06-27 19:05:54,036{GMT}	INFO	[jepsen worker 1] jepsen.util: 1	:ok	:broadcast	69
2025-06-27 19:05:54,052{GMT}	INFO	[jepsen worker 2] jepsen.util: 2	:invoke	:read	nil
2025-06-27 19:05:54,054{GMT}	INFO	[jepsen worker 2] jepsen.util: 2	:ok	:read	[3 11 15 18 26 32 38 42 50 59 64]
2025-06-27 19:05:54,172{GMT}	INFO	[jepsen worker 3] jepsen.util: 3	:invoke	:broadcast	70
2025-06-27 19:05:54,174{GMT}	INFO	[jepsen worker 3] jepsen.util: 3	:ok	:broadcast	70
2025-06-27 19:05:54,227{GMT}	INFO	[jepsen worker 4] jepsen.util: 4	:invoke	:read	nil
2025-06-27 19:05:54,228{GMT}	INFO	[jepsen worker 4] jepsen.util: 4	:ok	:read	[0 1 2 4 5 6 7 8 9 10 12 13 14 16 17 19 20 21 22 23 24 25 27 28 29 30 31 33 34 35 36 37 39 40 41 43 44 45 46 47 48 49 51 52 53 54 55 56 57 58 60 61 62 63 65 66 67 68 69 70]
2025-06-27 19:05:54,415{GMT}	INFO	[jepsen worker 0] jepsen.util: 0	:invoke	:read	nil
2025-06-27 19:05:54,416{GMT}	INFO	[jepsen worker 0] jepsen.util: 0	:ok	:read	[0 1 2 4 5 6 7 8 9 10 12 13 14 16 17 19 20 21 22 23 24 25 27 28 29 30 31 33 34 35 36 37 39 40 41 43 44 45 46 47 48 49 51 52 53 54 55 56 57 58 60 61 62 63 65 66 67 68 69 70]
2025-06-27 19:05:54,430{GMT}	INFO	[jepsen worker 0] jepsen.util: 0	:invoke	:broadcast	71
2025-06-27 19:05:54,431{GMT}	INFO	[jepsen worker 0] jepsen.util: 0	:ok	:broadcast	71
2025-06-27 19:05:54,633{GMT}	INFO	[jepsen worker 1] jepsen.util: 1	:invoke	:read	nil
2025-06-27 19:05:54,636{GMT}	INFO	[jepsen worker 1] jepsen.util: 1	:ok	:read	[0 1 2 4 5 6 7 8 9 10 12 13 14 16 17 19 20 21 22 23 24 25 27 28 29 30 31 33 34 35 36 37 39 40 41 43 44 45 46 47 48 49 51 52 53 54 55 56 57 58 60 61 62 63 65 66 67 68 69 70 71]
2025-06-27 19:05:54,694{GMT}	INFO	[jepsen worker 2] jepsen.util: 2	:invoke	:read	nil
2025-06-27 19:05:54,697{GMT}	INFO	[jepsen worker 2] jepsen.util: 2	:ok	:read	[3 11 15 18 26 32 38 42 50 59 64]
2025-06-27 19:05:54,762{GMT}	INFO	[jepsen worker 3] jepsen.util: 3	:invoke	:read	nil
2025-06-27 19:05:54,765{GMT}	INFO	[jepsen worker 3] jepsen.util: 3	:ok	:read	[0 1 2 4 5 6 7 8 9 10 12 13 14 16 17 19 20 21 22 23 24 25 27 28 29 30 31 33 34 35 36 37 39 40 41 43 44 45 46 47 48 49 51 52 53 54 55 56 57 58 60 61 62 63 65 66 67 68 69 70 71]
2025-06-27 19:05:54,826{GMT}	INFO	[jepsen worker 4] jepsen.util: 4	:invoke	:broadcast	72
2025-06-27 19:05:54,827{GMT}	INFO	[jepsen worker 4] jepsen.util: 4	:ok	:broadcast	72
2025-06-27 19:05:54,931{GMT}	INFO	[jepsen worker 0] jepsen.util: 0	:invoke	:read	nil
2025-06-27 19:05:54,932{GMT}	INFO	[jepsen worker 0] jepsen.util: 0	:ok	:read	[0 1 2 4 5 6 7 8 9 10 12 13 14 16 17 19 20 21 22 23 24 25 27 28 29 30 31 33 34 35 36 37 39 40 41 43 44 45 46 47 48 49 51 52 53 54 55 56 57 58 60 61 62 63 65 66 67 68 69 70 71 72]
2025-06-27 19:05:55,088{GMT}	INFO	[jepsen worker 0] jepsen.util: 0	:invoke	:broadcast	73
2025-06-27 19:05:55,089{GMT}	INFO	[jepsen worker 0] jepsen.util: 0	:ok	:broadcast	73
2025-06-27 19:05:55,254{GMT}	INFO	[jepsen worker 1] jepsen.util: 1	:invoke	:read	nil
2025-06-27 19:05:55,256{GMT}	INFO	[jepsen worker 1] jepsen.util: 1	:ok	:read	[0 1 2 4 5 6 7 8 9 10 12 13 14 16 17 19 20 21 22 23 24 25 27 28 29 30 31 33 34 35 36 37 39 40 41 43 44 45 46 47 48 49 51 52 53 54 55 56 57 58 60 61 62 63 65 66 67 68 69 70 71 72 73]
2025-06-27 19:05:55,411{GMT}	INFO	[jepsen worker 2] jepsen.util: 2	:invoke	:read	nil
2025-06-27 19:05:55,413{GMT}	INFO	[jepsen worker 2] jepsen.util: 2	:ok	:read	[3 11 15 18 26 32 38 42 50 59 64]
2025-06-27 19:05:55,524{GMT}	INFO	[jepsen worker 3] jepsen.util: 3	:invoke	:broadcast	74
2025-06-27 19:05:55,525{GMT}	INFO	[jepsen worker 3] jepsen.util: 3	:ok	:broadcast	74
2025-06-27 19:05:55,661{GMT}	INFO	[jepsen worker 4] jepsen.util: 4	:invoke	:broadcast	75
2025-06-27 19:05:55,662{GMT}	INFO	[jepsen worker 4] jepsen.util: 4	:ok	:broadcast	75
2025-06-27 19:05:55,771{GMT}	INFO	[jepsen worker 0] jepsen.util: 0	:invoke	:read	nil
2025-06-27 19:05:55,773{GMT}	INFO	[jepsen worker 0] jepsen.util: 0	:ok	:read	[0 1 2 4 5 6 7 8 9 10 12 13 14 16 17 19 20 21 22 23 24 25 27 28 29 30 31 33 34 35 36 37 39 40 41 43 44 45 46 47 48 49 51 52 53 54 55 56 57 58 60 61 62 63 65 66 67 68 69 70 71 72 73 74 75]
2025-06-27 19:05:55,800{GMT}	INFO	[jepsen worker 0] jepsen.util: 0	:invoke	:broadcast	76
2025-06-27 19:05:55,801{GMT}	INFO	[jepsen worker 0] jepsen.util: 0	:ok	:broadcast	76
2025-06-27 19:05:55,994{GMT}	INFO	[jepsen worker 1] jepsen.util: 1	:invoke	:broadcast	77
2025-06-27 19:05:55,996{GMT}	INFO	[jepsen worker 1] jepsen.util: 1	:ok	:broadcast	77
2025-06-27 19:05:56,091{GMT}	INFO	[jepsen worker 2] jepsen.util: 2	:invoke	:broadcast	78
2025-06-27 19:05:56,093{GMT}	INFO	[jepsen worker 2] jepsen.util: 2	:ok	:broadcast	78
2025-06-27 19:05:56,218{GMT}	INFO	[jepsen worker 3] jepsen.util: 3	:invoke	:broadcast	79
2025-06-27 19:05:56,220{GMT}	INFO	[jepsen worker 3] jepsen.util: 3	:ok	:broadcast	79
2025-06-27 19:05:56,316{GMT}	INFO	[jepsen worker 4] jepsen.util: 4	:invoke	:read	nil
2025-06-27 19:05:56,319{GMT}	INFO	[jepsen worker 4] jepsen.util: 4	:ok	:read	[0 1 2 4 5 6 7 8 9 10 12 13 14 16 17 19 20 21 22 23 24 25 27 28 29 30 31 33 34 35 36 37 39 40 41 43 44 45 46 47 48 49 51 52 53 54 55 56 57 58 60 61 62 63 65 66 67 68 69 70 71 72 73 74 75 76 77 79]
2025-06-27 19:05:56,479{GMT}	INFO	[jepsen worker 0] jepsen.util: 0	:invoke	:broadcast	80
2025-06-27 19:05:56,481{GMT}	INFO	[jepsen worker 0] jepsen.util: 0	:ok	:broadcast	80
2025-06-27 19:05:56,483{GMT}	INFO	[jepsen worker 0] jepsen.util: 0	:invoke	:broadcast	81
2025-06-27 19:05:56,483{GMT}	INFO	[jepsen worker 0] jepsen.util: 0	:ok	:broadcast	81
2025-06-27 19:05:56,655{GMT}	INFO	[jepsen worker 1] jepsen.util: 1	:invoke	:broadcast	82
2025-06-27 19:05:56,656{GMT}	INFO	[jepsen worker 1] jepsen.util: 1	:ok	:broadcast	82
2025-06-27 19:05:56,811{GMT}	INFO	[jepsen worker 2] jepsen.util: 2	:invoke	:broadcast	83
2025-06-27 19:05:56,813{GMT}	INFO	[jepsen worker 2] jepsen.util: 2	:ok	:broadcast	83
2025-06-27 19:05:56,813{GMT}	INFO	[jepsen worker 3] jepsen.util: 3	:invoke	:broadcast	84
2025-06-27 19:05:56,814{GMT}	INFO	[jepsen worker 3] jepsen.util: 3	:ok	:broadcast	84
2025-06-27 19:05:56,927{GMT}	INFO	[jepsen worker 4] jepsen.util: 4	:invoke	:broadcast	85
2025-06-27 19:05:56,928{GMT}	INFO	[jepsen worker 0] jepsen.util: 0	:invoke	:read	nil
2025-06-27 19:05:56,929{GMT}	INFO	[jepsen worker 4] jepsen.util: 4	:ok	:broadcast	85
2025-06-27 19:05:56,930{GMT}	INFO	[jepsen worker 0] jepsen.util: 0	:ok	:read	[0 1 2 4 5 6 7 8 9 10 12 13 14 16 17 19 20 21 22 23 24 25 27 28 29 30 31 33 34 35 36 37 39 40 41 43 44 45 46 47 48 49 51 52 53 54 55 56 57 58 60 61 62 63 65 66 67 68 69 70 71 72 73 74 75 76 77 79 80 81 82 84]
2025-06-27 19:05:56,932{GMT}	INFO	[jepsen worker 0] jepsen.util: 0	:invoke	:read	nil
2025-06-27 19:05:56,935{GMT}	INFO	[jepsen worker 0] jepsen.util: 0	:ok	:read	[0 1 2 4 5 6 7 8 9 10 12 13 14 16 17 19 20 21 22 23 24 25 27 28 29 30 31 33 34 35 36 37 39 40 41 43 44 45 46 47 48 49 51 52 53 54 55 56 57 58 60 61 62 63 65 66 67 68 69 70 71 72 73 74 75 76 77 79 80 81 82 84 85]
2025-06-27 19:05:56,969{GMT}	INFO	[jepsen worker 1] jepsen.util: 1	:invoke	:broadcast	86
2025-06-27 19:05:56,970{GMT}	INFO	[jepsen worker 1] jepsen.util: 1	:ok	:broadcast	86
2025-06-27 19:05:56,973{GMT}	INFO	[jepsen worker 2] jepsen.util: 2	:invoke	:broadcast	87
2025-06-27 19:05:56,974{GMT}	INFO	[jepsen worker 2] jepsen.util: 2	:ok	:broadcast	87
2025-06-27 19:05:57,011{GMT}	INFO	[jepsen worker 3] jepsen.util: 3	:invoke	:read	nil
2025-06-27 19:05:57,011{GMT}	INFO	[jepsen worker 3] jepsen.util: 3	:ok	:read	[0 1 2 4 5 6 7 8 9 10 12 13 14 16 17 19 20 21 22 23 24 25 27 28 29 30 31 33 34 35 36 37 39 40 41 43 44 45 46 47 48 49 51 52 53 54 55 56 57 58 60 61 62 63 65 66 67 68 69 70 71 72 73 74 75 76 77 79 80 81 82 84 85 86]
2025-06-27 19:05:57,083{GMT}	INFO	[jepsen worker 4] jepsen.util: 4	:invoke	:read	nil
2025-06-27 19:05:57,084{GMT}	INFO	[jepsen worker 4] jepsen.util: 4	:ok	:read	[0 1 2 4 5 6 7 8 9 10 12 13 14 16 17 19 20 21 22 23 24 25 27 28 29 30 31 33 34 35 36 37 39 40 41 43 44 45 46 47 48 49 51 52 53 54 55 56 57 58 60 61 62 63 65 66 67 68 69 70 71 72 73 74 75 76 77 79 80 81 82 84 85 86]
2025-06-27 19:05:57,244{GMT}	INFO	[jepsen worker 0] jepsen.util: 0	:invoke	:broadcast	88
2025-06-27 19:05:57,246{GMT}	INFO	[jepsen worker 0] jepsen.util: 0	:ok	:broadcast	88
2025-06-27 19:05:57,270{GMT}	INFO	[jepsen worker 0] jepsen.util: 0	:invoke	:read	nil
2025-06-27 19:05:57,272{GMT}	INFO	[jepsen worker 0] jepsen.util: 0	:ok	:read	[0 1 2 4 5 6 7 8 9 10 12 13 14 16 17 19 20 21 22 23 24 25 27 28 29 30 31 33 34 35 36 37 39 40 41 43 44 45 46 47 48 49 51 52 53 54 55 56 57 58 60 61 62 63 65 66 67 68 69 70 71 72 73 74 75 76 77 79 80 81 82 84 85 86 88]
2025-06-27 19:05:57,402{GMT}	INFO	[jepsen worker 1] jepsen.util: 1	:invoke	:broadcast	89
2025-06-27 19:05:57,403{GMT}	INFO	[jepsen worker 1] jepsen.util: 1	:ok	:broadcast	89
2025-06-27 19:05:57,552{GMT}	INFO	[jepsen worker 2] jepsen.util: 2	:invoke	:broadcast	90
2025-06-27 19:05:57,554{GMT}	INFO	[jepsen worker 2] jepsen.util: 2	:ok	:broadcast	90
2025-06-27 19:05:57,650{GMT}	INFO	[jepsen worker nemesis] jepsen.util: :nemesis	:info	:stop-partition	nil
2025-06-27 19:05:57,651{GMT}	INFO	[jepsen worker nemesis] jepsen.util: :nemesis	:info	:stop-partition	:network-healed
2025-06-27 19:05:57,665{GMT}	INFO	[jepsen worker 4] jepsen.util: 4	:invoke	:read	nil
2025-06-27 19:05:57,666{GMT}	INFO	[jepsen worker 4] jepsen.util: 4	:ok	:read	[0 1 2 4 5 6 7 8 9 10 12 13 14 16 17 19 20 21 22 23 24 25 27 28 29 30 31 33 34 35 36 37 39 40 41 43 44 45 46 47 48 49 51 52 53 54 55 56 57 58 60 61 62 63 65 66 67 68 69 70 71 72 73 74 75 76 77 79 80 81 82 84 85 86 88 89]
2025-06-27 19:05:57,811{GMT}	INFO	[jepsen worker 0] jepsen.util: 0	:invoke	:read	nil
2025-06-27 19:05:57,813{GMT}	INFO	[jepsen worker 0] jepsen.util: 0	:ok	:read	[0 1 2 4 5 6 7 8 9 10 12 13 14 16 17 19 20 21 22 23 24 25 27 28 29 30 31 33 34 35 36 37 39 40 41 43 44 45 46 47 48 49 51 52 53 54 55 56 57 58 60 61 62 63 65 66 67 68 69 70 71 72 73 74 75 76 77 79 80 81 82 84 85 86 88 89]
2025-06-27 19:05:58,012{GMT}	INFO	[jepsen worker 0] jepsen.util: 0	:invoke	:broadcast	91
2025-06-27 19:05:58,014{GMT}	INFO	[jepsen worker 0] jepsen.util: 0	:ok	:broadcast	91
2025-06-27 19:05:58,144{GMT}	INFO	[jepsen worker 1] jepsen.util: 1	:invoke	:read	nil
2025-06-27 19:05:58,146{GMT}	INFO	[jepsen worker 1] jepsen.util: 1	:ok	:read	[0 1 2 4 5 6 7 8 9 10 12 13 14 16 17 19 20 21 22 23 24 25 27 28 29 30 31 33 34 35 36 37 39 40 41 43 44 45 46 47 48 49 51 52 53 54 55 56 57 58 60 61 62 63 65 66 67 68 69 70 71 72 73 74 75 76 77 79 80 81 82 84 85 86 88 89 91]
2025-06-27 19:05:58,186{GMT}	INFO	[jepsen worker 2] jepsen.util: 2	:invoke	:broadcast	92
2025-06-27 19:05:58,186{GMT}	INFO	[jepsen worker 2] jepsen.util: 2	:ok	:broadcast	92
2025-06-27 19:05:58,272{GMT}	INFO	[jepsen worker 3] jepsen.util: 3	:invoke	:broadcast	93
2025-06-27 19:05:58,273{GMT}	INFO	[jepsen worker 3] jepsen.util: 3	:ok	:broadcast	93
2025-06-27 19:05:58,295{GMT}	INFO	[jepsen worker 4] jepsen.util: 4	:invoke	:read	nil
2025-06-27 19:05:58,296{GMT}	INFO	[jepsen worker 4] jepsen.util: 4	:ok	:read	[0 1 2 4 5 6 7 8 9 10 12 13 14 16 17 19 20 21 22 23 24 25 27 28 29 30 31 33 34 35 36 37 39 40 41 43 44 45 46 47 48 49 51 52 53 54 55 56 57 58 60 61 62 63 65 66 67 68 69 70 71 72 73 74 75 76 77 79 80 81 82 84 85 86 88 89 91 92 93]
2025-06-27 19:05:58,406{GMT}	INFO	[jepsen worker 0] jepsen.util: 0	:invoke	:read	nil
2025-06-27 19:05:58,408{GMT}	INFO	[jepsen worker 0] jepsen.util: 0	:ok	:read	[0 1 2 4 5 6 7 8 9 10 12 13 14 16 17 19 20 21 22 23 24 25 27 28 29 30 31 33 34 35 36 37 39 40 41 43 44 45 46 47 48 49 51 52 53 54 55 56 57 58 60 61 62 63 65 66 67 68 69 70 71 72 73 74 75 76 77 79 80 81 82 84 85 86 88 89 91 92 93]
2025-06-27 19:05:58,535{GMT}	INFO	[jepsen worker 0] jepsen.util: 0	:invoke	:broadcast	94
2025-06-27 19:05:58,536{GMT}	INFO	[jepsen worker 0] jepsen.util: 0	:ok	:broadcast	94
2025-06-27 19:05:58,649{GMT}	INFO	[jepsen worker 1] jepsen.util: 1	:invoke	:read	nil
2025-06-27 19:05:58,651{GMT}	INFO	[jepsen worker 1] jepsen.util: 1	:ok	:read	[0 1 2 4 5 6 7 8 9 10 12 13 14 16 17 19 20 21 22 23 24 25 27 28 29 30 31 33 34 35 36 37 39 40 41 43 44 45 46 47 48 49 51 52 53 54 55 56 57 58 60 61 62 63 65 66 67 68 69 70 71 72 73 74 75 76 77 79 80 81 82 84 85 86 88 89 91 92 93 94]
2025-06-27 19:05:58,690{GMT}	INFO	[jepsen worker 2] jepsen.util: 2	:invoke	:read	nil
2025-06-27 19:05:58,691{GMT}	INFO	[jepsen worker 2] jepsen.util: 2	:ok	:read	[3 11 15 18 26 32 38 42 50 59 64 78 83 87 90 91 92 93 94]
2025-06-27 19:05:58,803{GMT}	INFO	[jepsen worker 3] jepsen.util: 3	:invoke	:read	nil
2025-06-27 19:05:58,805{GMT}	INFO	[jepsen worker 3] jepsen.util: 3	:ok	:read	[0 1 2 4 5 6 7 8 9 10 12 13 14 16 17 19 20 21 22 23 24 25 27 28 29 30 31 33 34 35 36 37 39 40 41 43 44 45 46 47 48 49 51 52 53 54 55 56 57 58 60 61 62 63 65 66 67 68 69 70 71 72 73 74 75 76 77 79 80 81 82 84 85 86 88 89 91 92 93 94]
2025-06-27 19:05:58,926{GMT}	INFO	[jepsen worker 4] jepsen.util: 4	:invoke	:broadcast	95
2025-06-27 19:05:58,927{GMT}	INFO	[jepsen worker 4] jepsen.util: 4	:ok	:broadcast	95
2025-06-27 19:05:58,928{GMT}	INFO	[jepsen worker nemesis] jepsen.util: :nemesis	:info	:stop-partition	nil
2025-06-27 19:05:58,928{GMT}	INFO	[jepsen worker nemesis] jepsen.util: :nemesis	:info	:stop-partition	:network-healed
2025-06-27 19:05:58,929{GMT}	INFO	[jepsen worker 0] jepsen.generator.interpreter: Waiting for recovery...
2025-06-27 19:06:08,938{GMT}	INFO	[jepsen worker 0] jepsen.util: 0	:invoke	:read	nil
2025-06-27 19:06:08,938{GMT}	INFO	[jepsen worker 2] jepsen.util: 2	:invoke	:read	nil
2025-06-27 19:06:08,938{GMT}	INFO	[jepsen worker 1] jepsen.util: 1	:invoke	:read	nil
2025-06-27 19:06:08,938{GMT}	INFO	[jepsen worker 3] jepsen.util: 3	:invoke	:read	nil
2025-06-27 19:06:08,939{GMT}	INFO	[jepsen worker 4] jepsen.util: 4	:invoke	:read	nil
2025-06-27 19:06:08,940{GMT}	INFO	[jepsen worker 2] jepsen.util: 2	:ok	:read	[3 11 15 18 26 32 38 42 50 59 64 78 83 87 90 91 92 93 94 95]
2025-06-27 19:06:08,940{GMT}	INFO	[jepsen worker 4] jepsen.util: 4	:ok	:read	[0 1 2 4 5 6 7 8 9 10 12 13 14 16 17 19 20 21 22 23 24 25 27 28 29 30 31 33 34 35 36 37 39 40 41 43 44 45 46 47 48 49 51 52 53 54 55 56 57 58 60 61 62 63 65 66 67 68 69 70 71 72 73 74 75 76 77 79 80 81 82 84 85 86 88 89 91 92 93 94 95]
2025-06-27 19:06:08,940{GMT}	INFO	[jepsen worker 1] jepsen.util: 1	:ok	:read	[0 1 2 4 5 6 7 8 9 10 12 13 14 16 17 19 20 21 22 23 24 25 27 28 29 30 31 33 34 35 36 37 39 40 41 43 44 45 46 47 48 49 51 52 53 54 55 56 57 58 60 61 62 63 65 66 67 68 69 70 71 72 73 74 75 76 77 79 80 81 82 84 85 86 88 89 91 92 93 94 95]
2025-06-27 19:06:08,940{GMT}	INFO	[jepsen worker 3] jepsen.util: 3	:ok	:read	[0 1 2 4 5 6 7 8 9 10 12 13 14 16 17 19 20 21 22 23 24 25 27 28 29 30 31 33 34 35 36 37 39 40 41 43 44 45 46 47 48 49 51 52 53 54 55 56 57 58 60 61 62 63 65 66 67 68 69 70 71 72 73 74 75 76 77 79 80 81 82 84 85 86 88 89 91 92 93 94 95]
2025-06-27 19:06:08,940{GMT}	INFO	[jepsen worker 0] jepsen.util: 0	:ok	:read	[0 1 2 4 5 6 7 8 9 10 12 13 14 16 17 19 20 21 22 23 24 25 27 28 29 30 31 33 34 35 36 37 39 40 41 43 44 45 46 47 48 49 51 52 53 54 55 56 57 58 60 61 62 63 65 66 67 68 69 70 71 72 73 74 75 76 77 79 80 81 82 84 85 86 88 89 91 92 93 94 95]
2025-06-27 19:06:08,955{GMT}	INFO	[jepsen test runner] jepsen.core: Run complete, writing
2025-06-27 19:06:08,995{GMT}	INFO	[jepsen node n4] maelstrom.db: Tearing down n4
2025-06-27 19:06:08,995{GMT}	INFO	[jepsen node n2] maelstrom.db: Tearing down n2
2025-06-27 19:06:08,995{GMT}	INFO	[jepsen node n0] maelstrom.db: Tearing down n0
2025-06-27 19:06:08,996{GMT}	INFO	[jepsen node n3] maelstrom.db: Tearing down n3
2025-06-27 19:06:08,995{GMT}	INFO	[jepsen node n1] maelstrom.db: Tearing down n1
2025-06-27 19:06:10,845{GMT}	INFO	[jepsen node n0] maelstrom.net: Shutting down Maelstrom network
2025-06-27 19:06:10,850{GMT}	INFO	[jepsen test runner] jepsen.core: Analyzing...
2025-06-27 19:06:11,213{GMT}	INFO	[jepsen test runner] jepsen.core: Analysis complete
2025-06-27 19:06:11,232{GMT}	INFO	[jepsen results] jepsen.store: Wrote /Users/anandtrehan/flyio_challenges/maelstrom/store/broadcast/20250627T190537.977-0400/results.edn
2025-06-27 19:06:11,247{GMT}	INFO	[jepsen test runner] jepsen.core: {:perf {:latency-graph {:valid? true},
        :rate-graph {:valid? true},
        :valid? true},
 :timeline {:valid? true},
 :exceptions {:valid? true},
 :stats {:valid? true,
         :count 200,
         :ok-count 200,
         :fail-count 0,
         :info-count 0,
         :by-f {:broadcast {:valid? true,
                            :count 96,
                            :ok-count 96,
                            :fail-count 0,
                            :info-count 0},
                :read {:valid? true,
                       :count 104,
                       :ok-count 104,
                       :fail-count 0,
                       :info-count 0}}},
 :availability {:valid? true, :ok-fraction 1.0},
 :net {:all {:send-count 1675,
             :recv-count 1432,
             :msg-count 1675,
             :msgs-per-op 8.375},
       :clients {:send-count 420, :recv-count 420, :msg-count 420},
       :servers {:send-count 1255,
                 :recv-count 1012,
                 :msg-count 1255,
                 :msgs-per-op 6.275},
       :valid? true},
 :workload {:worst-stale ({:element 0,
                           :outcome :stable,
                           :stable-latency 30005,
                           :lost-latency nil,
                           :known #jepsen.history.Op{:index 2,
                                                     :time 16479875,
                                                     :type :ok,
                                                     :process 0,
                                                     :f :add,
                                                     :value 0},
                           :last-absent #jepsen.history.Op{:index 397,
                                                           :time 30021716000,
                                                           :type :invoke,
                                                           :process 2,
                                                           :f :read,
                                                           :value nil,
                                                           :final? true}}
                          {:element 1,
                           :outcome :stable,
                           :stable-latency 29806,
                           :lost-latency nil,
                           :known #jepsen.history.Op{:index 11,
                                                     :time 214736041,
                                                     :type :ok,
                                                     :process 0,
                                                     :f :add,
                                                     :value 1},
                           :last-absent #jepsen.history.Op{:index 397,
                                                           :time 30021716000,
                                                           :type :invoke,
                                                           :process 2,
                                                           :f :read,
                                                           :value nil,
                                                           :final? true}}
                          {:element 2,
                           :outcome :stable,
                           :stable-latency 29727,
                           :lost-latency nil,
                           :known #jepsen.history.Op{:index 13,
                                                     :time 294380666,
                                                     :type :ok,
                                                     :process 0,
                                                     :f :add,
                                                     :value 2},
                           :last-absent #jepsen.history.Op{:index 397,
                                                           :time 30021716000,
                                                           :type :invoke,
                                                           :process 2,
                                                           :f :read,
                                                           :value nil,
                                                           :final? true}}
                          {:element 4,
                           :outcome :stable,
                           :stable-latency 28984,
                           :lost-latency nil,
                           :known #jepsen.history.Op{:index 25,
                                                     :time 1036806291,
                                                     :type :ok,
                                                     :process 0,
                                                     :f :add,
                                                     :value 4},
                           :last-absent #jepsen.history.Op{:index 397,
                                                           :time 30021716000,
                                                           :type :invoke,
                                                           :process 2,
                                                           :f :read,
                                                           :value nil,
                                                           :final? true}}
                          {:element 5,
                           :outcome :stable,
                           :stable-latency 28960,
                           :lost-latency nil,
                           :known #jepsen.history.Op{:index 27,
                                                     :time 1061037458,
                                                     :type :ok,
                                                     :process 1,
                                                     :f :add,
                                                     :value 5},
                           :last-absent #jepsen.history.Op{:index 397,
                                                           :time 30021716000,
                                                           :type :invoke,
                                                           :process 2,
                                                           :f :read,
                                                           :value nil,
                                                           :final? true}}
                          {:element 6,
                           :outcome :stable,
                           :stable-latency 28409,
                           :lost-latency nil,
                           :known #jepsen.history.Op{:index 39,
                                                     :time 1611868625,
                                                     :type :ok,
                                                     :process 1,
                                                     :f :add,
                                                     :value 6},
                           :last-absent #jepsen.history.Op{:index 397,
                                                           :time 30021716000,
                                                           :type :invoke,
                                                           :process 2,
                                                           :f :read,
                                                           :value nil,
                                                           :final? true}}
                          {:element 7,
                           :outcome :stable,
                           :stable-latency 28369,
                           :lost-latency nil,
                           :known #jepsen.history.Op{:index 43,
                                                     :time 1651962958,
                                                     :type :ok,
                                                     :process 3,
                                                     :f :add,
                                                     :value 7},
                           :last-absent #jepsen.history.Op{:index 397,
                                                           :time 30021716000,
                                                           :type :invoke,
                                                           :process 2,
                                                           :f :read,
                                                           :value nil,
                                                           :final? true}}
                          {:element 8,
                           :outcome :stable,
                           :stable-latency 28306,
                           :lost-latency nil,
                           :known #jepsen.history.Op{:index 45,
                                                     :time 1715671958,
                                                     :type :ok,
                                                     :process 4,
                                                     :f :add,
                                                     :value 8},
                           :last-absent #jepsen.history.Op{:index 397,
                                                           :time 30021716000,
                                                           :type :invoke,
                                                           :process 2,
                                                           :f :read,
                                                           :value nil,
                                                           :final? true}}),
            :duplicated-count 0,
            :valid? false,
            :lost-count 15,
            :lost (3 11 15 18 26 32 38 42 50 59 64 78 83 87 90),
            :stable-count 81,
            :stale-count 76,
            :stale (0
                    1
                    2
                    4
                    5
                    6
                    7
                    8
                    9
                    10
                    12
                    13
                    14
                    16
                    17
                    19
                    20
                    21
                    22
                    23
                    24
                    25
                    27
                    28
                    29
                    30
                    31
                    33
                    34
                    35
                    36
                    37
                    39
                    40
                    41
                    43
                    44
                    45
                    46
                    47
                    48
                    49
                    51
                    52
                    53
                    54
                    55
                    56
                    57
                    58
                    60
                    61
                    62
                    63
                    65
                    66
                    67
                    68
                    69
                    70
                    71
                    72
                    73
                    74
                    75
                    76
                    77
                    79
                    80
                    81
                    82
                    84
                    85
                    86
                    88
                    89),
            :never-read-count 0,
            :stable-latencies {0 0,
                               0.5 20143,
                               0.95 28960,
                               0.99 30005,
                               1 30005},
            :attempt-count 96,
            :lost-latencies {0 11384,
                             0.5 20905,
                             0.95 29479,
                             0.99 29479,
                             1 29479},
            :never-read (),
            :duplicated {}},
 :valid? false}


Analysis invalid! ( 
