2025/06/29 15:31:34 Received {c1 n2 {"type":"init","node_id":"n2","node_ids":["n0","n1","n2","n3","n4"],"msg_id":1}}
2025/06/29 15:31:34 Node n2 initialized
2025/06/29 15:31:34 Sent {"src":"n2","dest":"c1","body":{"in_reply_to":1,"type":"init_ok"}}
2025/06/29 15:31:34 Received {c8 n2 {"type":"topology","topology":{"n0":["n3","n1"],"n1":["n4","n2","n0"],"n2":["n1"],"n3":["n0","n4"],"n4":["n1","n3"]},"msg_id":1}}
2025/06/29 15:31:34 Sent {"src":"n2","dest":"c8","body":{"in_reply_to":1,"type":"topology_ok"}}
2025/06/29 15:31:34 Received {c11 n2 {"type":"read","msg_id":1}}
2025/06/29 15:31:34 Sent {"src":"n2","dest":"c11","body":{"in_reply_to":1,"messages":[],"type":"read_ok"}}
2025/06/29 15:31:34 Received {n1 n2 {"messages":[0],"msg_id":3,"type":"broadcast"}}
2025/06/29 15:31:34 Sent {"src":"n2","dest":"n1","body":{"in_reply_to":3,"type":"broadcast_ok"}}
2025/06/29 15:31:35 Received {c11 n2 {"type":"read","msg_id":2}}
2025/06/29 15:31:35 Sent {"src":"n2","dest":"c11","body":{"in_reply_to":2,"messages":[0],"type":"read_ok"}}
2025/06/29 15:31:35 Sent {"src":"n2","dest":"n1","body":{"messages":[0],"msg_id":1,"type":"broadcast"}}
2025/06/29 15:31:35 Received {n1 n2 {"in_reply_to":1,"type":"broadcast_ok"}}
2025/06/29 15:31:35 Received {n1 n2 {"messages":[0,2,1],"msg_id":6,"type":"broadcast"}}
2025/06/29 15:31:35 Sent {"src":"n2","dest":"n1","body":{"in_reply_to":6,"type":"broadcast_ok"}}
2025/06/29 15:31:35 Received {c11 n2 {"type":"read","msg_id":3}}
2025/06/29 15:31:35 Sent {"src":"n2","dest":"c11","body":{"in_reply_to":3,"messages":[0,2,1],"type":"read_ok"}}
2025/06/29 15:31:35 Sent {"src":"n2","dest":"n1","body":{"messages":[0,2,1],"msg_id":2,"type":"broadcast"}}
2025/06/29 15:31:35 Received {n1 n2 {"in_reply_to":2,"type":"broadcast_ok"}}
2025/06/29 15:31:35 Received {n1 n2 {"messages":[0,2,1],"msg_id":9,"type":"broadcast"}}
2025/06/29 15:31:35 Sent {"src":"n2","dest":"n1","body":{"in_reply_to":9,"type":"broadcast_ok"}}
2025/06/29 15:31:36 Received {c11 n2 {"type":"read","msg_id":4}}
2025/06/29 15:31:36 Sent {"src":"n2","dest":"c11","body":{"in_reply_to":4,"messages":[0,2,1],"type":"read_ok"}}
2025/06/29 15:31:36 Sent {"src":"n2","dest":"n1","body":{"messages":[0,2,1],"msg_id":3,"type":"broadcast"}}
2025/06/29 15:31:36 Received {n1 n2 {"in_reply_to":3,"type":"broadcast_ok"}}
2025/06/29 15:31:36 Received {n1 n2 {"messages":[0,2,1,6],"msg_id":12,"type":"broadcast"}}
2025/06/29 15:31:36 Sent {"src":"n2","dest":"n1","body":{"in_reply_to":12,"type":"broadcast_ok"}}
2025/06/29 15:31:36 Received {c11 n2 {"type":"read","msg_id":5}}
2025/06/29 15:31:36 Sent {"src":"n2","dest":"c11","body":{"in_reply_to":5,"messages":[0,2,1,6],"type":"read_ok"}}
2025/06/29 15:31:36 Sent {"src":"n2","dest":"n1","body":{"messages":[0,2,1,6],"msg_id":4,"type":"broadcast"}}
2025/06/29 15:31:36 Received {n1 n2 {"in_reply_to":4,"type":"broadcast_ok"}}
2025/06/29 15:31:36 Received {n1 n2 {"messages":[0,2,1,6,5,9],"msg_id":15,"type":"broadcast"}}
2025/06/29 15:31:36 Sent {"src":"n2","dest":"n1","body":{"in_reply_to":15,"type":"broadcast_ok"}}
2025/06/29 15:31:37 Sent {"src":"n2","dest":"n1","body":{"messages":[0,2,1,6,5,9],"msg_id":5,"type":"broadcast"}}
2025/06/29 15:31:37 Received {n1 n2 {"messages":[0,2,1,6,5,9],"msg_id":18,"type":"broadcast"}}
2025/06/29 15:31:37 Received {n1 n2 {"in_reply_to":5,"type":"broadcast_ok"}}
2025/06/29 15:31:37 Sent {"src":"n2","dest":"n1","body":{"in_reply_to":18,"type":"broadcast_ok"}}
2025/06/29 15:31:37 Received {c11 n2 {"type":"broadcast","message":14,"msg_id":6}}
2025/06/29 15:31:37 Sent {"src":"n2","dest":"c11","body":{"in_reply_to":6,"type":"broadcast_ok"}}
2025/06/29 15:31:37 Sent {"src":"n2","dest":"n1","body":{"messages":[0,2,1,6,5,9,14],"msg_id":6,"type":"broadcast"}}
2025/06/29 15:31:37 Received {n1 n2 {"in_reply_to":6,"type":"broadcast_ok"}}
2025/06/29 15:31:37 Received {n1 n2 {"messages":[0,2,1,6,5,9,11,12],"msg_id":21,"type":"broadcast"}}
2025/06/29 15:31:37 Sent {"src":"n2","dest":"n1","body":{"in_reply_to":21,"type":"broadcast_ok"}}
2025/06/29 15:31:38 Received {c11 n2 {"type":"read","msg_id":7}}
2025/06/29 15:31:38 Sent {"src":"n2","dest":"c11","body":{"in_reply_to":7,"messages":[0,2,1,6,5,9,14,11,12],"type":"read_ok"}}
2025/06/29 15:31:38 Sent {"src":"n2","dest":"n1","body":{"messages":[0,2,1,6,5,9,14,11,12],"msg_id":7,"type":"broadcast"}}
2025/06/29 15:31:38 Received {n1 n2 {"messages":[0,2,1,6,5,9,11,12,14,17],"msg_id":24,"type":"broadcast"}}
2025/06/29 15:31:38 Sent {"src":"n2","dest":"n1","body":{"in_reply_to":24,"type":"broadcast_ok"}}
2025/06/29 15:31:38 Received {n1 n2 {"in_reply_to":7,"type":"broadcast_ok"}}
2025/06/29 15:31:38 Sent {"src":"n2","dest":"n1","body":{"messages":[0,2,1,6,5,9,14,11,12,17],"msg_id":8,"type":"broadcast"}}
2025/06/29 15:31:38 Received {n1 n2 {"messages":[0,2,1,6,5,9,11,12,14,17,15,18],"msg_id":26,"type":"broadcast"}}
2025/06/29 15:31:38 Sent {"src":"n2","dest":"n1","body":{"in_reply_to":26,"type":"broadcast_ok"}}
2025/06/29 15:31:38 Received {n1 n2 {"in_reply_to":8,"type":"broadcast_ok"}}
2025/06/29 15:31:38 Received {c11 n2 {"type":"broadcast","message":19,"msg_id":8}}
2025/06/29 15:31:38 Sent {"src":"n2","dest":"c11","body":{"in_reply_to":8,"type":"broadcast_ok"}}
2025/06/29 15:31:39 Sent {"src":"n2","dest":"n1","body":{"messages":[0,2,1,6,5,9,14,11,12,17,15,18,19],"msg_id":9,"type":"broadcast"}}
2025/06/29 15:31:39 Received {n1 n2 {"messages":[0,2,1,6,5,9,11,12,14,17,15,18],"msg_id":30,"type":"broadcast"}}
2025/06/29 15:31:39 Sent {"src":"n2","dest":"n1","body":{"in_reply_to":30,"type":"broadcast_ok"}}
2025/06/29 15:31:39 Received {n1 n2 {"in_reply_to":9,"type":"broadcast_ok"}}
2025/06/29 15:31:39 Received {c11 n2 {"type":"broadcast","message":22,"msg_id":9}}
2025/06/29 15:31:39 Sent {"src":"n2","dest":"c11","body":{"in_reply_to":9,"type":"broadcast_ok"}}
2025/06/29 15:31:39 Sent {"src":"n2","dest":"n1","body":{"messages":[0,2,1,6,5,9,14,11,12,17,15,18,19,22],"msg_id":10,"type":"broadcast"}}
2025/06/29 15:31:39 Received {n1 n2 {"messages":[0,2,1,6,5,9,11,12,14,17,15,18,19,21],"msg_id":33,"type":"broadcast"}}
2025/06/29 15:31:39 Sent {"src":"n2","dest":"n1","body":{"in_reply_to":33,"type":"broadcast_ok"}}
2025/06/29 15:31:39 Received {n1 n2 {"in_reply_to":10,"type":"broadcast_ok"}}
2025/06/29 15:31:40 Received {c11 n2 {"type":"read","msg_id":10}}
2025/06/29 15:31:40 Sent {"src":"n2","dest":"c11","body":{"in_reply_to":10,"messages":[0,2,1,6,5,9,14,11,12,17,15,18,19,22,21],"type":"read_ok"}}
2025/06/29 15:31:40 Sent {"src":"n2","dest":"n1","body":{"messages":[0,2,1,6,5,9,14,11,12,17,15,18,19,22,21],"msg_id":11,"type":"broadcast"}}
2025/06/29 15:31:40 Received {n1 n2 {"messages":[0,2,1,6,5,9,11,12,14,17,15,18,19,21,22,20,25],"msg_id":35,"type":"broadcast"}}
2025/06/29 15:31:40 Received {n1 n2 {"in_reply_to":11,"type":"broadcast_ok"}}
2025/06/29 15:31:40 Sent {"src":"n2","dest":"n1","body":{"in_reply_to":35,"type":"broadcast_ok"}}
2025/06/29 15:31:40 Received {c11 n2 {"type":"broadcast","message":29,"msg_id":11}}
2025/06/29 15:31:40 Sent {"src":"n2","dest":"c11","body":{"in_reply_to":11,"type":"broadcast_ok"}}
2025/06/29 15:31:40 Sent {"src":"n2","dest":"n1","body":{"messages":[0,2,1,6,5,9,14,11,12,17,15,18,19,22,21,20,25,29],"msg_id":12,"type":"broadcast"}}
2025/06/29 15:31:40 Received {n1 n2 {"messages":[0,2,1,6,5,9,11,12,14,17,15,18,19,21,22,20,25,23,26,28],"msg_id":37,"type":"broadcast"}}
2025/06/29 15:31:40 Sent {"src":"n2","dest":"n1","body":{"in_reply_to":37,"type":"broadcast_ok"}}
2025/06/29 15:31:40 Received {n1 n2 {"in_reply_to":12,"type":"broadcast_ok"}}
2025/06/29 15:31:41 Received {c11 n2 {"type":"read","msg_id":12}}
2025/06/29 15:31:41 Sent {"src":"n2","dest":"c11","body":{"in_reply_to":12,"messages":[0,2,1,6,5,9,14,11,12,17,15,18,19,22,21,20,25,29,23,26,28],"type":"read_ok"}}
2025/06/29 15:31:41 Sent {"src":"n2","dest":"n1","body":{"messages":[0,2,1,6,5,9,14,11,12,17,15,18,19,22,21,20,25,29,23,26,28],"msg_id":13,"type":"broadcast"}}
2025/06/29 15:31:41 Received {n1 n2 {"messages":[0,2,1,6,5,9,11,12,14,17,15,18,19,21,22,20,25,23,26,28,29,31],"msg_id":42,"type":"broadcast"}}
2025/06/29 15:31:41 Sent {"src":"n2","dest":"n1","body":{"in_reply_to":42,"type":"broadcast_ok"}}
2025/06/29 15:31:41 Received {n1 n2 {"in_reply_to":13,"type":"broadcast_ok"}}
2025/06/29 15:31:41 Received {c11 n2 {"type":"broadcast","message":34,"msg_id":13}}
2025/06/29 15:31:41 Sent {"src":"n2","dest":"c11","body":{"in_reply_to":13,"type":"broadcast_ok"}}
2025/06/29 15:31:41 Sent {"src":"n2","dest":"n1","body":{"messages":[0,2,1,6,5,9,14,11,12,17,15,18,19,22,21,20,25,29,23,26,28,31,34],"msg_id":14,"type":"broadcast"}}
2025/06/29 15:31:41 Received {n1 n2 {"messages":[0,2,1,6,5,9,11,12,14,17,15,18,19,21,22,20,25,23,26,28,29,31,30,32],"msg_id":45,"type":"broadcast"}}
2025/06/29 15:31:41 Sent {"src":"n2","dest":"n1","body":{"in_reply_to":45,"type":"broadcast_ok"}}
2025/06/29 15:31:41 Received {n1 n2 {"in_reply_to":14,"type":"broadcast_ok"}}
2025/06/29 15:31:42 Sent {"src":"n2","dest":"n1","body":{"messages":[0,2,1,6,5,9,14,11,12,17,15,18,19,22,21,20,25,29,23,26,28,31,34,30,32],"msg_id":15,"type":"broadcast"}}
2025/06/29 15:31:42 Received {n1 n2 {"messages":[0,2,1,6,5,9,11,12,14,17,15,18,19,21,22,20,25,23,26,28,29,31,30,32,34,37],"msg_id":48,"type":"broadcast"}}
2025/06/29 15:31:42 Sent {"src":"n2","dest":"n1","body":{"in_reply_to":48,"type":"broadcast_ok"}}
2025/06/29 15:31:42 Received {n1 n2 {"in_reply_to":15,"type":"broadcast_ok"}}
2025/06/29 15:31:42 Received {c11 n2 {"type":"broadcast","message":38,"msg_id":14}}
2025/06/29 15:31:42 Sent {"src":"n2","dest":"c11","body":{"in_reply_to":14,"type":"broadcast_ok"}}
2025/06/29 15:31:42 Received {c11 n2 {"type":"broadcast","message":41,"msg_id":15}}
2025/06/29 15:31:42 Sent {"src":"n2","dest":"c11","body":{"in_reply_to":15,"type":"broadcast_ok"}}
2025/06/29 15:31:42 Sent {"src":"n2","dest":"n1","body":{"messages":[0,2,1,6,5,9,14,11,12,17,15,18,19,22,21,20,25,29,23,26,28,31,34,30,32,37,38,41],"msg_id":16,"type":"broadcast"}}
2025/06/29 15:31:42 Received {n1 n2 {"messages":[0,2,1,6,5,9,11,12,14,17,15,18,19,21,22,20,25,23,26,28,29,31,30,32,34,37,35,40],"msg_id":51,"type":"broadcast"}}
2025/06/29 15:31:42 Sent {"src":"n2","dest":"n1","body":{"in_reply_to":51,"type":"broadcast_ok"}}
2025/06/29 15:31:42 Received {n1 n2 {"in_reply_to":16,"type":"broadcast_ok"}}
2025/06/29 15:31:43 Sent {"src":"n2","dest":"n1","body":{"messages":[0,2,1,6,5,9,14,11,12,17,15,18,19,22,21,20,25,29,23,26,28,31,34,30,32,37,38,41,35,40],"msg_id":17,"type":"broadcast"}}
2025/06/29 15:31:43 Received {n1 n2 {"messages":[0,2,1,6,5,9,11,12,14,17,15,18,19,21,22,20,25,23,26,28,29,31,30,32,34,37,35,40,38,41],"msg_id":54,"type":"broadcast"}}
2025/06/29 15:31:43 Sent {"src":"n2","dest":"n1","body":{"in_reply_to":54,"type":"broadcast_ok"}}
2025/06/29 15:31:43 Received {n1 n2 {"in_reply_to":17,"type":"broadcast_ok"}}
2025/06/29 15:31:43 Received {c11 n2 {"type":"read","msg_id":16}}
2025/06/29 15:31:43 Sent {"src":"n2","dest":"c11","body":{"in_reply_to":16,"messages":[0,2,1,6,5,9,14,11,12,17,15,18,19,22,21,20,25,29,23,26,28,31,34,30,32,37,38,41,35,40],"type":"read_ok"}}
2025/06/29 15:31:43 Sent {"src":"n2","dest":"n1","body":{"messages":[0,2,1,6,5,9,14,11,12,17,15,18,19,22,21,20,25,29,23,26,28,31,34,30,32,37,38,41,35,40],"msg_id":18,"type":"broadcast"}}
2025/06/29 15:31:43 Received {n1 n2 {"messages":[0,2,1,6,5,9,11,12,14,17,15,18,19,21,22,20,25,23,26,28,29,31,30,32,34,37,35,40,38,41,42],"msg_id":55,"type":"broadcast"}}
2025/06/29 15:31:43 Received {n1 n2 {"in_reply_to":18,"type":"broadcast_ok"}}
2025/06/29 15:31:43 Sent {"src":"n2","dest":"n1","body":{"in_reply_to":55,"type":"broadcast_ok"}}
2025/06/29 15:31:43 Received {c11 n2 {"type":"broadcast","message":48,"msg_id":17}}
2025/06/29 15:31:43 Sent {"src":"n2","dest":"c11","body":{"in_reply_to":17,"type":"broadcast_ok"}}
2025/06/29 15:31:44 Sent {"src":"n2","dest":"n1","body":{"messages":[0,2,1,6,5,9,14,11,12,17,15,18,19,22,21,20,25,29,23,26,28,31,34,30,32,37,38,41,35,40,42,48],"msg_id":19,"type":"broadcast"}}
2025/06/29 15:31:44 Received {n1 n2 {"messages":[0,2,1,6,5,9,11,12,14,17,15,18,19,21,22,20,25,23,26,28,29,31,30,32,34,37,35,40,38,41,42,45],"msg_id":58,"type":"broadcast"}}
2025/06/29 15:31:44 Received {n1 n2 {"in_reply_to":19,"type":"broadcast_ok"}}
2025/06/29 15:31:44 Sent {"src":"n2","dest":"n1","body":{"in_reply_to":58,"type":"broadcast_ok"}}
2025/06/29 15:31:44 Received {c11 n2 {"type":"read","msg_id":18}}
2025/06/29 15:31:44 Sent {"src":"n2","dest":"c11","body":{"in_reply_to":18,"messages":[0,2,1,6,5,9,14,11,12,17,15,18,19,22,21,20,25,29,23,26,28,31,34,30,32,37,38,41,35,40,42,48,45],"type":"read_ok"}}
2025/06/29 15:31:44 Sent {"src":"n2","dest":"n1","body":{"messages":[0,2,1,6,5,9,14,11,12,17,15,18,19,22,21,20,25,29,23,26,28,31,34,30,32,37,38,41,35,40,42,48,45],"msg_id":20,"type":"broadcast"}}
2025/06/29 15:31:44 Received {n1 n2 {"messages":[0,2,1,6,5,9,11,12,14,17,15,18,19,21,22,20,25,23,26,28,29,31,30,32,34,37,35,40,38,41,42,45,48,44,49,51],"msg_id":61,"type":"broadcast"}}
2025/06/29 15:31:44 Received {n1 n2 {"in_reply_to":20,"type":"broadcast_ok"}}
2025/06/29 15:31:44 Sent {"src":"n2","dest":"n1","body":{"in_reply_to":61,"type":"broadcast_ok"}}
2025/06/29 15:31:45 Received {c11 n2 {"type":"read","msg_id":19}}
2025/06/29 15:31:45 Sent {"src":"n2","dest":"c11","body":{"in_reply_to":19,"messages":[0,2,1,6,5,9,14,11,12,17,15,18,19,22,21,20,25,29,23,26,28,31,34,30,32,37,38,41,35,40,42,48,45,44,49,51],"type":"read_ok"}}
2025/06/29 15:31:45 Sent {"src":"n2","dest":"n1","body":{"messages":[0,2,1,6,5,9,14,11,12,17,15,18,19,22,21,20,25,29,23,26,28,31,34,30,32,37,38,41,35,40,42,48,45,44,49,51],"msg_id":21,"type":"broadcast"}}
2025/06/29 15:31:45 Received {n1 n2 {"messages":[0,2,1,6,5,9,11,12,14,17,15,18,19,21,22,20,25,23,26,28,29,31,30,32,34,37,35,40,38,41,42,45,48,44,49,51,53],"msg_id":66,"type":"broadcast"}}
2025/06/29 15:31:45 Sent {"src":"n2","dest":"n1","body":{"in_reply_to":66,"type":"broadcast_ok"}}
2025/06/29 15:31:45 Received {n1 n2 {"in_reply_to":21,"type":"broadcast_ok"}}
2025/06/29 15:31:45 Received {c11 n2 {"type":"read","msg_id":20}}
2025/06/29 15:31:45 Sent {"src":"n2","dest":"c11","body":{"in_reply_to":20,"messages":[0,2,1,6,5,9,14,11,12,17,15,18,19,22,21,20,25,29,23,26,28,31,34,30,32,37,38,41,35,40,42,48,45,44,49,51,53],"type":"read_ok"}}
2025/06/29 15:31:45 Sent {"src":"n2","dest":"n1","body":{"messages":[0,2,1,6,5,9,14,11,12,17,15,18,19,22,21,20,25,29,23,26,28,31,34,30,32,37,38,41,35,40,42,48,45,44,49,51,53],"msg_id":22,"type":"broadcast"}}
2025/06/29 15:31:45 Received {n1 n2 {"messages":[0,2,1,6,5,9,11,12,14,17,15,18,19,21,22,20,25,23,26,28,29,31,30,32,34,37,35,40,38,41,42,45,48,44,49,51,53,52,54],"msg_id":68,"type":"broadcast"}}
2025/06/29 15:31:45 Sent {"src":"n2","dest":"n1","body":{"in_reply_to":68,"type":"broadcast_ok"}}
2025/06/29 15:31:45 Received {n1 n2 {"in_reply_to":22,"type":"broadcast_ok"}}
2025/06/29 15:31:46 Sent {"src":"n2","dest":"n1","body":{"messages":[0,2,1,6,5,9,14,11,12,17,15,18,19,22,21,20,25,29,23,26,28,31,34,30,32,37,38,41,35,40,42,48,45,44,49,51,53,52,54],"msg_id":23,"type":"broadcast"}}
2025/06/29 15:31:46 Received {n1 n2 {"messages":[0,2,1,6,5,9,11,12,14,17,15,18,19,21,22,20,25,23,26,28,29,31,30,32,34,37,35,40,38,41,42,45,48,44,49,51,53,52,54],"msg_id":72,"type":"broadcast"}}
2025/06/29 15:31:46 Sent {"src":"n2","dest":"n1","body":{"in_reply_to":72,"type":"broadcast_ok"}}
2025/06/29 15:31:46 Received {n1 n2 {"in_reply_to":23,"type":"broadcast_ok"}}
2025/06/29 15:31:46 Received {c11 n2 {"type":"read","msg_id":21}}
2025/06/29 15:31:46 Sent {"src":"n2","dest":"c11","body":{"in_reply_to":21,"messages":[0,2,1,6,5,9,14,11,12,17,15,18,19,22,21,20,25,29,23,26,28,31,34,30,32,37,38,41,35,40,42,48,45,44,49,51,53,52,54],"type":"read_ok"}}
2025/06/29 15:31:46 Received {n1 n2 {"messages":[0,2,1,6,5,9,11,12,14,17,15,18,19,21,22,20,25,23,26,28,29,31,30,32,34,37,35,40,38,41,42,45,48,44,49,51,53,52,54,56],"msg_id":75,"type":"broadcast"}}
2025/06/29 15:31:46 Sent {"src":"n2","dest":"n1","body":{"in_reply_to":75,"type":"broadcast_ok"}}
2025/06/29 15:31:46 Sent {"src":"n2","dest":"n1","body":{"messages":[0,2,1,6,5,9,14,11,12,17,15,18,19,22,21,20,25,29,23,26,28,31,34,30,32,37,38,41,35,40,42,48,45,44,49,51,53,52,54,56],"msg_id":24,"type":"broadcast"}}
2025/06/29 15:31:46 Received {n1 n2 {"in_reply_to":24,"type":"broadcast_ok"}}
2025/06/29 15:31:46 Received {c11 n2 {"type":"broadcast","message":59,"msg_id":22}}
2025/06/29 15:31:46 Sent {"src":"n2","dest":"c11","body":{"in_reply_to":22,"type":"broadcast_ok"}}
2025/06/29 15:31:47 Sent {"src":"n2","dest":"n1","body":{"messages":[0,2,1,6,5,9,14,11,12,17,15,18,19,22,21,20,25,29,23,26,28,31,34,30,32,37,38,41,35,40,42,48,45,44,49,51,53,52,54,56,59],"msg_id":25,"type":"broadcast"}}
2025/06/29 15:31:47 Received {n1 n2 {"messages":[0,2,1,6,5,9,11,12,14,17,15,18,19,21,22,20,25,23,26,28,29,31,30,32,34,37,35,40,38,41,42,45,48,44,49,51,53,52,54,56,58],"msg_id":78,"type":"broadcast"}}
2025/06/29 15:31:47 Sent {"src":"n2","dest":"n1","body":{"in_reply_to":78,"type":"broadcast_ok"}}
2025/06/29 15:31:47 Received {n1 n2 {"in_reply_to":25,"type":"broadcast_ok"}}
2025/06/29 15:31:47 Received {c11 n2 {"type":"broadcast","message":63,"msg_id":23}}
2025/06/29 15:31:47 Sent {"src":"n2","dest":"c11","body":{"in_reply_to":23,"type":"broadcast_ok"}}
2025/06/29 15:31:47 Received {n1 n2 {"messages":[0,2,1,6,5,9,11,12,14,17,15,18,19,21,22,20,25,23,26,28,29,31,30,32,34,37,35,40,38,41,42,45,48,44,49,51,53,52,54,56,58,60,59,62],"msg_id":81,"type":"broadcast"}}
2025/06/29 15:31:47 Sent {"src":"n2","dest":"n1","body":{"messages":[0,2,1,6,5,9,14,11,12,17,15,18,19,22,21,20,25,29,23,26,28,31,34,30,32,37,38,41,35,40,42,48,45,44,49,51,53,52,54,56,59,58,63],"msg_id":26,"type":"broadcast"}}
2025/06/29 15:31:47 Sent {"src":"n2","dest":"n1","body":{"in_reply_to":81,"type":"broadcast_ok"}}
2025/06/29 15:31:47 Received {n1 n2 {"in_reply_to":26,"type":"broadcast_ok"}}
2025/06/29 15:31:48 Received {c11 n2 {"type":"read","msg_id":24}}
2025/06/29 15:31:48 Sent {"src":"n2","dest":"c11","body":{"in_reply_to":24,"messages":[0,2,1,6,5,9,14,11,12,17,15,18,19,22,21,20,25,29,23,26,28,31,34,30,32,37,38,41,35,40,42,48,45,44,49,51,53,52,54,56,59,58,63,60,62],"type":"read_ok"}}
2025/06/29 15:31:48 Sent {"src":"n2","dest":"n1","body":{"messages":[0,2,1,6,5,9,14,11,12,17,15,18,19,22,21,20,25,29,23,26,28,31,34,30,32,37,38,41,35,40,42,48,45,44,49,51,53,52,54,56,59,58,63,60,62],"msg_id":27,"type":"broadcast"}}
2025/06/29 15:31:48 Received {n1 n2 {"messages":[0,2,1,6,5,9,11,12,14,17,15,18,19,21,22,20,25,23,26,28,29,31,30,32,34,37,35,40,38,41,42,45,48,44,49,51,53,52,54,56,58,60,59,62,65,63,67],"msg_id":82,"type":"broadcast"}}
2025/06/29 15:31:48 Received {n1 n2 {"in_reply_to":27,"type":"broadcast_ok"}}
2025/06/29 15:31:48 Sent {"src":"n2","dest":"n1","body":{"in_reply_to":82,"type":"broadcast_ok"}}
2025/06/29 15:31:48 Received {c11 n2 {"type":"broadcast","message":71,"msg_id":25}}
2025/06/29 15:31:48 Sent {"src":"n2","dest":"c11","body":{"in_reply_to":25,"type":"broadcast_ok"}}
2025/06/29 15:31:48 Sent {"src":"n2","dest":"n1","body":{"messages":[0,2,1,6,5,9,14,11,12,17,15,18,19,22,21,20,25,29,23,26,28,31,34,30,32,37,38,41,35,40,42,48,45,44,49,51,53,52,54,56,59,58,63,60,62,65,67,71],"msg_id":28,"type":"broadcast"}}
2025/06/29 15:31:48 Received {n1 n2 {"messages":[0,2,1,6,5,9,11,12,14,17,15,18,19,21,22,20,25,23,26,28,29,31,30,32,34,37,35,40,38,41,42,45,48,44,49,51,53,52,54,56,58,60,59,62,65,63,67,64,69],"msg_id":87,"type":"broadcast"}}
2025/06/29 15:31:48 Sent {"src":"n2","dest":"n1","body":{"in_reply_to":87,"type":"broadcast_ok"}}
2025/06/29 15:31:48 Received {n1 n2 {"in_reply_to":28,"type":"broadcast_ok"}}
2025/06/29 15:31:49 Received {c11 n2 {"type":"broadcast","message":74,"msg_id":26}}
2025/06/29 15:31:49 Sent {"src":"n2","dest":"c11","body":{"in_reply_to":26,"type":"broadcast_ok"}}
2025/06/29 15:31:49 Sent {"src":"n2","dest":"n1","body":{"messages":[0,2,1,6,5,9,14,11,12,17,15,18,19,22,21,20,25,29,23,26,28,31,34,30,32,37,38,41,35,40,42,48,45,44,49,51,53,52,54,56,59,58,63,60,62,65,67,71,64,69,74],"msg_id":29,"type":"broadcast"}}
2025/06/29 15:31:49 Received {n1 n2 {"messages":[0,2,1,6,5,9,11,12,14,17,15,18,19,21,22,20,25,23,26,28,29,31,30,32,34,37,35,40,38,41,42,45,48,44,49,51,53,52,54,56,58,60,59,62,65,63,67,64,69,71,68,73],"msg_id":88,"type":"broadcast"}}
2025/06/29 15:31:49 Sent {"src":"n2","dest":"n1","body":{"in_reply_to":88,"type":"broadcast_ok"}}
2025/06/29 15:31:49 Received {n1 n2 {"in_reply_to":29,"type":"broadcast_ok"}}
2025/06/29 15:31:49 Received {c11 n2 {"type":"broadcast","message":79,"msg_id":27}}
2025/06/29 15:31:49 Sent {"src":"n2","dest":"c11","body":{"in_reply_to":27,"type":"broadcast_ok"}}
2025/06/29 15:31:49 Sent {"src":"n2","dest":"n1","body":{"messages":[0,2,1,6,5,9,14,11,12,17,15,18,19,22,21,20,25,29,23,26,28,31,34,30,32,37,38,41,35,40,42,48,45,44,49,51,53,52,54,56,59,58,63,60,62,65,67,71,64,69,74,68,73,79],"msg_id":30,"type":"broadcast"}}
2025/06/29 15:31:49 Received {n1 n2 {"messages":[0,2,1,6,5,9,11,12,14,17,15,18,19,21,22,20,25,23,26,28,29,31,30,32,34,37,35,40,38,41,42,45,48,44,49,51,53,52,54,56,58,60,59,62,65,63,67,64,69,71,68,73,3,4,7,8,10,13,16,24,27,33,36,39,43,46,47,50,55,57,61,66,70,76,72,74,78,75,77],"msg_id":93,"type":"broadcast"}}
2025/06/29 15:31:49 Sent {"src":"n2","dest":"n1","body":{"in_reply_to":93,"type":"broadcast_ok"}}
2025/06/29 15:31:49 Received {n1 n2 {"in_reply_to":30,"type":"broadcast_ok"}}
2025/06/29 15:31:50 Sent {"src":"n2","dest":"n1","body":{"messages":[0,2,1,6,5,9,14,11,12,17,15,18,19,22,21,20,25,29,23,26,28,31,34,30,32,37,38,41,35,40,42,48,45,44,49,51,53,52,54,56,59,58,63,60,62,65,67,71,64,69,74,68,73,79,3,4,7,8,10,13,16,24,27,33,36,39,43,46,47,50,55,57,61,66,70,76,72,78,75,77],"msg_id":31,"type":"broadcast"}}
2025/06/29 15:31:50 Received {n1 n2 {"messages":[0,2,1,6,5,9,11,12,14,17,15,18,19,21,22,20,25,23,26,28,29,31,30,32,34,37,35,40,38,41,42,45,48,44,49,51,53,52,54,56,58,60,59,62,65,63,67,64,69,71,68,73,3,4,7,8,10,13,16,24,27,33,36,39,43,46,47,50,55,57,61,66,70,76,72,74,78,75,77,79],"msg_id":95,"type":"broadcast"}}
2025/06/29 15:31:50 Sent {"src":"n2","dest":"n1","body":{"in_reply_to":95,"type":"broadcast_ok"}}
2025/06/29 15:31:50 Received {n1 n2 {"in_reply_to":31,"type":"broadcast_ok"}}
2025/06/29 15:31:50 Received {c11 n2 {"type":"read","msg_id":28}}
2025/06/29 15:31:50 Sent {"src":"n2","dest":"c11","body":{"in_reply_to":28,"messages":[0,2,1,6,5,9,14,11,12,17,15,18,19,22,21,20,25,29,23,26,28,31,34,30,32,37,38,41,35,40,42,48,45,44,49,51,53,52,54,56,59,58,63,60,62,65,67,71,64,69,74,68,73,79,3,4,7,8,10,13,16,24,27,33,36,39,43,46,47,50,55,57,61,66,70,76,72,78,75,77],"type":"read_ok"}}
2025/06/29 15:31:50 Sent {"src":"n2","dest":"n1","body":{"messages":[0,2,1,6,5,9,14,11,12,17,15,18,19,22,21,20,25,29,23,26,28,31,34,30,32,37,38,41,35,40,42,48,45,44,49,51,53,52,54,56,59,58,63,60,62,65,67,71,64,69,74,68,73,79,3,4,7,8,10,13,16,24,27,33,36,39,43,46,47,50,55,57,61,66,70,76,72,78,75,77],"msg_id":32,"type":"broadcast"}}
2025/06/29 15:31:50 Received {n1 n2 {"messages":[0,2,1,6,5,9,11,12,14,17,15,18,19,21,22,20,25,23,26,28,29,31,30,32,34,37,35,40,38,41,42,45,48,44,49,51,53,52,54,56,58,60,59,62,65,63,67,64,69,71,68,73,3,4,7,8,10,13,16,24,27,33,36,39,43,46,47,50,55,57,61,66,70,76,72,74,78,75,77,79,82,83,81],"msg_id":97,"type":"broadcast"}}
2025/06/29 15:31:50 Sent {"src":"n2","dest":"n1","body":{"in_reply_to":97,"type":"broadcast_ok"}}
2025/06/29 15:31:50 Received {n1 n2 {"in_reply_to":32,"type":"broadcast_ok"}}
2025/06/29 15:31:51 Received {c11 n2 {"type":"broadcast","message":84,"msg_id":29}}
2025/06/29 15:31:51 Sent {"src":"n2","dest":"c11","body":{"in_reply_to":29,"type":"broadcast_ok"}}
2025/06/29 15:31:51 Sent {"src":"n2","dest":"n1","body":{"messages":[0,2,1,6,5,9,14,11,12,17,15,18,19,22,21,20,25,29,23,26,28,31,34,30,32,37,38,41,35,40,42,48,45,44,49,51,53,52,54,56,59,58,63,60,62,65,67,71,64,69,74,68,73,79,3,4,7,8,10,13,16,24,27,33,36,39,43,46,47,50,55,57,61,66,70,76,72,78,75,77,82,83,81,84],"msg_id":33,"type":"broadcast"}}
2025/06/29 15:31:51 Received {n1 n2 {"messages":[0,2,1,6,5,9,11,12,14,17,15,18,19,21,22,20,25,23,26,28,29,31,30,32,34,37,35,40,38,41,42,45,48,44,49,51,53,52,54,56,58,60,59,62,65,63,67,64,69,71,68,73,3,4,7,8,10,13,16,24,27,33,36,39,43,46,47,50,55,57,61,66,70,76,72,74,78,75,77,79,82,83,81,80],"msg_id":100,"type":"broadcast"}}
2025/06/29 15:31:51 Sent {"src":"n2","dest":"n1","body":{"in_reply_to":100,"type":"broadcast_ok"}}
2025/06/29 15:31:51 Received {n1 n2 {"in_reply_to":33,"type":"broadcast_ok"}}
2025/06/29 15:31:51 Received {c11 n2 {"type":"broadcast","message":87,"msg_id":30}}
2025/06/29 15:31:51 Sent {"src":"n2","dest":"c11","body":{"in_reply_to":30,"type":"broadcast_ok"}}
2025/06/29 15:31:51 Sent {"src":"n2","dest":"n1","body":{"messages":[0,2,1,6,5,9,14,11,12,17,15,18,19,22,21,20,25,29,23,26,28,31,34,30,32,37,38,41,35,40,42,48,45,44,49,51,53,52,54,56,59,58,63,60,62,65,67,71,64,69,74,68,73,79,3,4,7,8,10,13,16,24,27,33,36,39,43,46,47,50,55,57,61,66,70,76,72,78,75,77,82,83,81,84,80,87],"msg_id":34,"type":"broadcast"}}
2025/06/29 15:31:51 Received {n1 n2 {"in_reply_to":34,"type":"broadcast_ok"}}
2025/06/29 15:31:51 Received {n1 n2 {"messages":[0,2,1,6,5,9,11,12,14,17,15,18,19,21,22,20,25,23,26,28,29,31,30,32,34,37,35,40,38,41,42,45,48,44,49,51,53,52,54,56,58,60,59,62,65,63,67,64,69,71,68,73,3,4,7,8,10,13,16,24,27,33,36,39,43,46,47,50,55,57,61,66,70,76,72,74,78,75,77,79,82,83,81,80,86,84],"msg_id":105,"type":"broadcast"}}
2025/06/29 15:31:51 Sent {"src":"n2","dest":"n1","body":{"in_reply_to":105,"type":"broadcast_ok"}}
2025/06/29 15:31:52 Received {c11 n2 {"type":"read","msg_id":31}}
2025/06/29 15:31:52 Sent {"src":"n2","dest":"c11","body":{"in_reply_to":31,"messages":[0,2,1,6,5,9,14,11,12,17,15,18,19,22,21,20,25,29,23,26,28,31,34,30,32,37,38,41,35,40,42,48,45,44,49,51,53,52,54,56,59,58,63,60,62,65,67,71,64,69,74,68,73,79,3,4,7,8,10,13,16,24,27,33,36,39,43,46,47,50,55,57,61,66,70,76,72,78,75,77,82,83,81,84,80,87,86],"type":"read_ok"}}
2025/06/29 15:31:52 Sent {"src":"n2","dest":"n1","body":{"messages":[0,2,1,6,5,9,14,11,12,17,15,18,19,22,21,20,25,29,23,26,28,31,34,30,32,37,38,41,35,40,42,48,45,44,49,51,53,52,54,56,59,58,63,60,62,65,67,71,64,69,74,68,73,79,3,4,7,8,10,13,16,24,27,33,36,39,43,46,47,50,55,57,61,66,70,76,72,78,75,77,82,83,81,84,80,87,86],"msg_id":35,"type":"broadcast"}}
2025/06/29 15:31:52 Received {n1 n2 {"messages":[0,2,1,6,5,9,11,12,14,17,15,18,19,21,22,20,25,23,26,28,29,31,30,32,34,37,35,40,38,41,42,45,48,44,49,51,53,52,54,56,58,60,59,62,65,63,67,64,69,71,68,73,3,4,7,8,10,13,16,24,27,33,36,39,43,46,47,50,55,57,61,66,70,76,72,74,78,75,77,79,82,83,81,80,86,84,85,87,88],"msg_id":108,"type":"broadcast"}}
2025/06/29 15:31:52 Received {n1 n2 {"in_reply_to":35,"type":"broadcast_ok"}}
2025/06/29 15:31:52 Sent {"src":"n2","dest":"n1","body":{"in_reply_to":108,"type":"broadcast_ok"}}
2025/06/29 15:31:52 Received {c11 n2 {"type":"read","msg_id":32}}
2025/06/29 15:31:52 Sent {"src":"n2","dest":"c11","body":{"in_reply_to":32,"messages":[0,2,1,6,5,9,14,11,12,17,15,18,19,22,21,20,25,29,23,26,28,31,34,30,32,37,38,41,35,40,42,48,45,44,49,51,53,52,54,56,59,58,63,60,62,65,67,71,64,69,74,68,73,79,3,4,7,8,10,13,16,24,27,33,36,39,43,46,47,50,55,57,61,66,70,76,72,78,75,77,82,83,81,84,80,87,86,85,88],"type":"read_ok"}}
2025/06/29 15:31:52 Sent {"src":"n2","dest":"n1","body":{"messages":[0,2,1,6,5,9,14,11,12,17,15,18,19,22,21,20,25,29,23,26,28,31,34,30,32,37,38,41,35,40,42,48,45,44,49,51,53,52,54,56,59,58,63,60,62,65,67,71,64,69,74,68,73,79,3,4,7,8,10,13,16,24,27,33,36,39,43,46,47,50,55,57,61,66,70,76,72,78,75,77,82,83,81,84,80,87,86,85,88],"msg_id":36,"type":"broadcast"}}
2025/06/29 15:31:52 Received {n1 n2 {"messages":[0,2,1,6,5,9,11,12,14,17,15,18,19,21,22,20,25,23,26,28,29,31,30,32,34,37,35,40,38,41,42,45,48,44,49,51,53,52,54,56,58,60,59,62,65,63,67,64,69,71,68,73,3,4,7,8,10,13,16,24,27,33,36,39,43,46,47,50,55,57,61,66,70,76,72,74,78,75,77,79,82,83,81,80,86,84,85,87,88],"msg_id":111,"type":"broadcast"}}
2025/06/29 15:31:52 Sent {"src":"n2","dest":"n1","body":{"in_reply_to":111,"type":"broadcast_ok"}}
2025/06/29 15:31:52 Received {n1 n2 {"in_reply_to":36,"type":"broadcast_ok"}}
2025/06/29 15:31:53 Sent {"src":"n2","dest":"n1","body":{"messages":[0,2,1,6,5,9,14,11,12,17,15,18,19,22,21,20,25,29,23,26,28,31,34,30,32,37,38,41,35,40,42,48,45,44,49,51,53,52,54,56,59,58,63,60,62,65,67,71,64,69,74,68,73,79,3,4,7,8,10,13,16,24,27,33,36,39,43,46,47,50,55,57,61,66,70,76,72,78,75,77,82,83,81,84,80,87,86,85,88],"msg_id":37,"type":"broadcast"}}
2025/06/29 15:31:53 Received {n1 n2 {"messages":[0,2,1,6,5,9,11,12,14,17,15,18,19,21,22,20,25,23,26,28,29,31,30,32,34,37,35,40,38,41,42,45,48,44,49,51,53,52,54,56,58,60,59,62,65,63,67,64,69,71,68,73,3,4,7,8,10,13,16,24,27,33,36,39,43,46,47,50,55,57,61,66,70,76,72,74,78,75,77,79,82,83,81,80,86,84,85,87,88,89,90],"msg_id":114,"type":"broadcast"}}
2025/06/29 15:31:53 Sent {"src":"n2","dest":"n1","body":{"in_reply_to":114,"type":"broadcast_ok"}}
2025/06/29 15:31:53 Received {n1 n2 {"in_reply_to":37,"type":"broadcast_ok"}}
2025/06/29 15:31:53 Received {c11 n2 {"type":"broadcast","message":94,"msg_id":33}}
2025/06/29 15:31:53 Sent {"src":"n2","dest":"c11","body":{"in_reply_to":33,"type":"broadcast_ok"}}
2025/06/29 15:31:53 Sent {"src":"n2","dest":"n1","body":{"messages":[0,2,1,6,5,9,14,11,12,17,15,18,19,22,21,20,25,29,23,26,28,31,34,30,32,37,38,41,35,40,42,48,45,44,49,51,53,52,54,56,59,58,63,60,62,65,67,71,64,69,74,68,73,79,3,4,7,8,10,13,16,24,27,33,36,39,43,46,47,50,55,57,61,66,70,76,72,78,75,77,82,83,81,84,80,87,86,85,88,89,90,94],"msg_id":38,"type":"broadcast"}}
2025/06/29 15:31:53 Received {n1 n2 {"messages":[0,2,1,6,5,9,11,12,14,17,15,18,19,21,22,20,25,23,26,28,29,31,30,32,34,37,35,40,38,41,42,45,48,44,49,51,53,52,54,56,58,60,59,62,65,63,67,64,69,71,68,73,3,4,7,8,10,13,16,24,27,33,36,39,43,46,47,50,55,57,61,66,70,76,72,74,78,75,77,79,82,83,81,80,86,84,85,87,88,89,90,92,91,93],"msg_id":117,"type":"broadcast"}}
2025/06/29 15:31:53 Sent {"src":"n2","dest":"n1","body":{"in_reply_to":117,"type":"broadcast_ok"}}
2025/06/29 15:31:53 Received {n1 n2 {"in_reply_to":38,"type":"broadcast_ok"}}
2025/06/29 15:31:54 Received {c11 n2 {"type":"read","msg_id":34}}
2025/06/29 15:31:54 Sent {"src":"n2","dest":"c11","body":{"in_reply_to":34,"messages":[0,2,1,6,5,9,14,11,12,17,15,18,19,22,21,20,25,29,23,26,28,31,34,30,32,37,38,41,35,40,42,48,45,44,49,51,53,52,54,56,59,58,63,60,62,65,67,71,64,69,74,68,73,79,3,4,7,8,10,13,16,24,27,33,36,39,43,46,47,50,55,57,61,66,70,76,72,78,75,77,82,83,81,84,80,87,86,85,88,89,90,94,92,91,93],"type":"read_ok"}}
2025/06/29 15:31:54 Sent {"src":"n2","dest":"n1","body":{"messages":[0,2,1,6,5,9,14,11,12,17,15,18,19,22,21,20,25,29,23,26,28,31,34,30,32,37,38,41,35,40,42,48,45,44,49,51,53,52,54,56,59,58,63,60,62,65,67,71,64,69,74,68,73,79,3,4,7,8,10,13,16,24,27,33,36,39,43,46,47,50,55,57,61,66,70,76,72,78,75,77,82,83,81,84,80,87,86,85,88,89,90,94,92,91,93],"msg_id":39,"type":"broadcast"}}
2025/06/29 15:31:54 Received {n1 n2 {"messages":[0,2,1,6,5,9,11,12,14,17,15,18,19,21,22,20,25,23,26,28,29,31,30,32,34,37,35,40,38,41,42,45,48,44,49,51,53,52,54,56,58,60,59,62,65,63,67,64,69,71,68,73,3,4,7,8,10,13,16,24,27,33,36,39,43,46,47,50,55,57,61,66,70,76,72,74,78,75,77,79,82,83,81,80,86,84,85,87,88,89,90,92,91,93,94,95,97],"msg_id":120,"type":"broadcast"}}
2025/06/29 15:31:54 Sent {"src":"n2","dest":"n1","body":{"in_reply_to":120,"type":"broadcast_ok"}}
2025/06/29 15:31:54 Received {n1 n2 {"in_reply_to":39,"type":"broadcast_ok"}}
2025/06/29 15:31:54 Sent {"src":"n2","dest":"n1","body":{"messages":[0,2,1,6,5,9,14,11,12,17,15,18,19,22,21,20,25,29,23,26,28,31,34,30,32,37,38,41,35,40,42,48,45,44,49,51,53,52,54,56,59,58,63,60,62,65,67,71,64,69,74,68,73,79,3,4,7,8,10,13,16,24,27,33,36,39,43,46,47,50,55,57,61,66,70,76,72,78,75,77,82,83,81,84,80,87,86,85,88,89,90,94,92,91,93,95,97],"msg_id":40,"type":"broadcast"}}
2025/06/29 15:31:54 Received {n1 n2 {"messages":[0,2,1,6,5,9,11,12,14,17,15,18,19,21,22,20,25,23,26,28,29,31,30,32,34,37,35,40,38,41,42,45,48,44,49,51,53,52,54,56,58,60,59,62,65,63,67,64,69,71,68,73,3,4,7,8,10,13,16,24,27,33,36,39,43,46,47,50,55,57,61,66,70,76,72,74,78,75,77,79,82,83,81,80,86,84,85,87,88,89,90,92,91,93,94,95,97,96],"msg_id":123,"type":"broadcast"}}
2025/06/29 15:31:54 Sent {"src":"n2","dest":"n1","body":{"in_reply_to":123,"type":"broadcast_ok"}}
2025/06/29 15:31:54 Received {n1 n2 {"in_reply_to":40,"type":"broadcast_ok"}}
2025/06/29 15:31:55 Sent {"src":"n2","dest":"n1","body":{"messages":[0,2,1,6,5,9,14,11,12,17,15,18,19,22,21,20,25,29,23,26,28,31,34,30,32,37,38,41,35,40,42,48,45,44,49,51,53,52,54,56,59,58,63,60,62,65,67,71,64,69,74,68,73,79,3,4,7,8,10,13,16,24,27,33,36,39,43,46,47,50,55,57,61,66,70,76,72,78,75,77,82,83,81,84,80,87,86,85,88,89,90,94,92,91,93,95,97,96],"msg_id":41,"type":"broadcast"}}
2025/06/29 15:31:55 Received {n1 n2 {"messages":[0,2,1,6,5,9,11,12,14,17,15,18,19,21,22,20,25,23,26,28,29,31,30,32,34,37,35,40,38,41,42,45,48,44,49,51,53,52,54,56,58,60,59,62,65,63,67,64,69,71,68,73,3,4,7,8,10,13,16,24,27,33,36,39,43,46,47,50,55,57,61,66,70,76,72,74,78,75,77,79,82,83,81,80,86,84,85,87,88,89,90,92,91,93,94,95,97,96],"msg_id":126,"type":"broadcast"}}
2025/06/29 15:31:55 Received {n1 n2 {"in_reply_to":41,"type":"broadcast_ok"}}
2025/06/29 15:31:55 Sent {"src":"n2","dest":"n1","body":{"in_reply_to":126,"type":"broadcast_ok"}}
2025/06/29 15:31:55 Sent {"src":"n2","dest":"n1","body":{"messages":[0,2,1,6,5,9,14,11,12,17,15,18,19,22,21,20,25,29,23,26,28,31,34,30,32,37,38,41,35,40,42,48,45,44,49,51,53,52,54,56,59,58,63,60,62,65,67,71,64,69,74,68,73,79,3,4,7,8,10,13,16,24,27,33,36,39,43,46,47,50,55,57,61,66,70,76,72,78,75,77,82,83,81,84,80,87,86,85,88,89,90,94,92,91,93,95,97,96],"msg_id":42,"type":"broadcast"}}
2025/06/29 15:31:55 Received {n1 n2 {"messages":[0,2,1,6,5,9,11,12,14,17,15,18,19,21,22,20,25,23,26,28,29,31,30,32,34,37,35,40,38,41,42,45,48,44,49,51,53,52,54,56,58,60,59,62,65,63,67,64,69,71,68,73,3,4,7,8,10,13,16,24,27,33,36,39,43,46,47,50,55,57,61,66,70,76,72,74,78,75,77,79,82,83,81,80,86,84,85,87,88,89,90,92,91,93,94,95,97,96],"msg_id":129,"type":"broadcast"}}
2025/06/29 15:31:55 Received {n1 n2 {"in_reply_to":42,"type":"broadcast_ok"}}
2025/06/29 15:31:55 Sent {"src":"n2","dest":"n1","body":{"in_reply_to":129,"type":"broadcast_ok"}}
2025/06/29 15:31:56 Sent {"src":"n2","dest":"n1","body":{"messages":[0,2,1,6,5,9,14,11,12,17,15,18,19,22,21,20,25,29,23,26,28,31,34,30,32,37,38,41,35,40,42,48,45,44,49,51,53,52,54,56,59,58,63,60,62,65,67,71,64,69,74,68,73,79,3,4,7,8,10,13,16,24,27,33,36,39,43,46,47,50,55,57,61,66,70,76,72,78,75,77,82,83,81,84,80,87,86,85,88,89,90,94,92,91,93,95,97,96],"msg_id":43,"type":"broadcast"}}
2025/06/29 15:31:56 Received {n1 n2 {"messages":[0,2,1,6,5,9,11,12,14,17,15,18,19,21,22,20,25,23,26,28,29,31,30,32,34,37,35,40,38,41,42,45,48,44,49,51,53,52,54,56,58,60,59,62,65,63,67,64,69,71,68,73,3,4,7,8,10,13,16,24,27,33,36,39,43,46,47,50,55,57,61,66,70,76,72,74,78,75,77,79,82,83,81,80,86,84,85,87,88,89,90,92,91,93,94,95,97,96],"msg_id":131,"type":"broadcast"}}
2025/06/29 15:31:56 Sent {"src":"n2","dest":"n1","body":{"in_reply_to":131,"type":"broadcast_ok"}}
2025/06/29 15:31:56 Received {n1 n2 {"in_reply_to":43,"type":"broadcast_ok"}}
2025/06/29 15:31:56 Sent {"src":"n2","dest":"n1","body":{"messages":[0,2,1,6,5,9,14,11,12,17,15,18,19,22,21,20,25,29,23,26,28,31,34,30,32,37,38,41,35,40,42,48,45,44,49,51,53,52,54,56,59,58,63,60,62,65,67,71,64,69,74,68,73,79,3,4,7,8,10,13,16,24,27,33,36,39,43,46,47,50,55,57,61,66,70,76,72,78,75,77,82,83,81,84,80,87,86,85,88,89,90,94,92,91,93,95,97,96],"msg_id":44,"type":"broadcast"}}
2025/06/29 15:31:56 Received {n1 n2 {"messages":[0,2,1,6,5,9,11,12,14,17,15,18,19,21,22,20,25,23,26,28,29,31,30,32,34,37,35,40,38,41,42,45,48,44,49,51,53,52,54,56,58,60,59,62,65,63,67,64,69,71,68,73,3,4,7,8,10,13,16,24,27,33,36,39,43,46,47,50,55,57,61,66,70,76,72,74,78,75,77,79,82,83,81,80,86,84,85,87,88,89,90,92,91,93,94,95,97,96],"msg_id":135,"type":"broadcast"}}
2025/06/29 15:31:56 Sent {"src":"n2","dest":"n1","body":{"in_reply_to":135,"type":"broadcast_ok"}}
2025/06/29 15:31:56 Received {n1 n2 {"in_reply_to":44,"type":"broadcast_ok"}}
2025/06/29 15:31:57 Sent {"src":"n2","dest":"n1","body":{"messages":[0,2,1,6,5,9,14,11,12,17,15,18,19,22,21,20,25,29,23,26,28,31,34,30,32,37,38,41,35,40,42,48,45,44,49,51,53,52,54,56,59,58,63,60,62,65,67,71,64,69,74,68,73,79,3,4,7,8,10,13,16,24,27,33,36,39,43,46,47,50,55,57,61,66,70,76,72,78,75,77,82,83,81,84,80,87,86,85,88,89,90,94,92,91,93,95,97,96],"msg_id":45,"type":"broadcast"}}
2025/06/29 15:31:57 Received {n1 n2 {"messages":[0,2,1,6,5,9,11,12,14,17,15,18,19,21,22,20,25,23,26,28,29,31,30,32,34,37,35,40,38,41,42,45,48,44,49,51,53,52,54,56,58,60,59,62,65,63,67,64,69,71,68,73,3,4,7,8,10,13,16,24,27,33,36,39,43,46,47,50,55,57,61,66,70,76,72,74,78,75,77,79,82,83,81,80,86,84,85,87,88,89,90,92,91,93,94,95,97,96],"msg_id":137,"type":"broadcast"}}
2025/06/29 15:31:57 Sent {"src":"n2","dest":"n1","body":{"in_reply_to":137,"type":"broadcast_ok"}}
2025/06/29 15:31:57 Received {n1 n2 {"in_reply_to":45,"type":"broadcast_ok"}}
2025/06/29 15:31:57 Sent {"src":"n2","dest":"n1","body":{"messages":[0,2,1,6,5,9,14,11,12,17,15,18,19,22,21,20,25,29,23,26,28,31,34,30,32,37,38,41,35,40,42,48,45,44,49,51,53,52,54,56,59,58,63,60,62,65,67,71,64,69,74,68,73,79,3,4,7,8,10,13,16,24,27,33,36,39,43,46,47,50,55,57,61,66,70,76,72,78,75,77,82,83,81,84,80,87,86,85,88,89,90,94,92,91,93,95,97,96],"msg_id":46,"type":"broadcast"}}
2025/06/29 15:31:57 Received {n1 n2 {"messages":[0,2,1,6,5,9,11,12,14,17,15,18,19,21,22,20,25,23,26,28,29,31,30,32,34,37,35,40,38,41,42,45,48,44,49,51,53,52,54,56,58,60,59,62,65,63,67,64,69,71,68,73,3,4,7,8,10,13,16,24,27,33,36,39,43,46,47,50,55,57,61,66,70,76,72,74,78,75,77,79,82,83,81,80,86,84,85,87,88,89,90,92,91,93,94,95,97,96],"msg_id":141,"type":"broadcast"}}
2025/06/29 15:31:57 Sent {"src":"n2","dest":"n1","body":{"in_reply_to":141,"type":"broadcast_ok"}}
2025/06/29 15:31:57 Received {n1 n2 {"in_reply_to":46,"type":"broadcast_ok"}}
2025/06/29 15:31:58 Received {n1 n2 {"messages":[0,2,1,6,5,9,11,12,14,17,15,18,19,21,22,20,25,23,26,28,29,31,30,32,34,37,35,40,38,41,42,45,48,44,49,51,53,52,54,56,58,60,59,62,65,63,67,64,69,71,68,73,3,4,7,8,10,13,16,24,27,33,36,39,43,46,47,50,55,57,61,66,70,76,72,74,78,75,77,79,82,83,81,80,86,84,85,87,88,89,90,92,91,93,94,95,97,96],"msg_id":144,"type":"broadcast"}}
2025/06/29 15:31:58 Sent {"src":"n2","dest":"n1","body":{"messages":[0,2,1,6,5,9,14,11,12,17,15,18,19,22,21,20,25,29,23,26,28,31,34,30,32,37,38,41,35,40,42,48,45,44,49,51,53,52,54,56,59,58,63,60,62,65,67,71,64,69,74,68,73,79,3,4,7,8,10,13,16,24,27,33,36,39,43,46,47,50,55,57,61,66,70,76,72,78,75,77,82,83,81,84,80,87,86,85,88,89,90,94,92,91,93,95,97,96],"msg_id":47,"type":"broadcast"}}
2025/06/29 15:31:58 Sent {"src":"n2","dest":"n1","body":{"in_reply_to":144,"type":"broadcast_ok"}}
2025/06/29 15:31:58 Received {n1 n2 {"in_reply_to":47,"type":"broadcast_ok"}}
2025/06/29 15:31:58 Received {n1 n2 {"messages":[0,2,1,6,5,9,11,12,14,17,15,18,19,21,22,20,25,23,26,28,29,31,30,32,34,37,35,40,38,41,42,45,48,44,49,51,53,52,54,56,58,60,59,62,65,63,67,64,69,71,68,73,3,4,7,8,10,13,16,24,27,33,36,39,43,46,47,50,55,57,61,66,70,76,72,74,78,75,77,79,82,83,81,80,86,84,85,87,88,89,90,92,91,93,94,95,97,96],"msg_id":147,"type":"broadcast"}}
2025/06/29 15:31:58 Sent {"src":"n2","dest":"n1","body":{"messages":[0,2,1,6,5,9,14,11,12,17,15,18,19,22,21,20,25,29,23,26,28,31,34,30,32,37,38,41,35,40,42,48,45,44,49,51,53,52,54,56,59,58,63,60,62,65,67,71,64,69,74,68,73,79,3,4,7,8,10,13,16,24,27,33,36,39,43,46,47,50,55,57,61,66,70,76,72,78,75,77,82,83,81,84,80,87,86,85,88,89,90,94,92,91,93,95,97,96],"msg_id":48,"type":"broadcast"}}
2025/06/29 15:31:58 Sent {"src":"n2","dest":"n1","body":{"in_reply_to":147,"type":"broadcast_ok"}}
2025/06/29 15:31:58 Received {n1 n2 {"in_reply_to":48,"type":"broadcast_ok"}}
2025/06/29 15:31:59 Sent {"src":"n2","dest":"n1","body":{"messages":[0,2,1,6,5,9,14,11,12,17,15,18,19,22,21,20,25,29,23,26,28,31,34,30,32,37,38,41,35,40,42,48,45,44,49,51,53,52,54,56,59,58,63,60,62,65,67,71,64,69,74,68,73,79,3,4,7,8,10,13,16,24,27,33,36,39,43,46,47,50,55,57,61,66,70,76,72,78,75,77,82,83,81,84,80,87,86,85,88,89,90,94,92,91,93,95,97,96],"msg_id":49,"type":"broadcast"}}
2025/06/29 15:31:59 Received {n1 n2 {"messages":[0,2,1,6,5,9,11,12,14,17,15,18,19,21,22,20,25,23,26,28,29,31,30,32,34,37,35,40,38,41,42,45,48,44,49,51,53,52,54,56,58,60,59,62,65,63,67,64,69,71,68,73,3,4,7,8,10,13,16,24,27,33,36,39,43,46,47,50,55,57,61,66,70,76,72,74,78,75,77,79,82,83,81,80,86,84,85,87,88,89,90,92,91,93,94,95,97,96],"msg_id":150,"type":"broadcast"}}
2025/06/29 15:31:59 Sent {"src":"n2","dest":"n1","body":{"in_reply_to":150,"type":"broadcast_ok"}}
2025/06/29 15:31:59 Received {n1 n2 {"in_reply_to":49,"type":"broadcast_ok"}}
2025/06/29 15:31:59 Received {n1 n2 {"messages":[0,2,1,6,5,9,11,12,14,17,15,18,19,21,22,20,25,23,26,28,29,31,30,32,34,37,35,40,38,41,42,45,48,44,49,51,53,52,54,56,58,60,59,62,65,63,67,64,69,71,68,73,3,4,7,8,10,13,16,24,27,33,36,39,43,46,47,50,55,57,61,66,70,76,72,74,78,75,77,79,82,83,81,80,86,84,85,87,88,89,90,92,91,93,94,95,97,96],"msg_id":153,"type":"broadcast"}}
2025/06/29 15:31:59 Sent {"src":"n2","dest":"n1","body":{"messages":[0,2,1,6,5,9,14,11,12,17,15,18,19,22,21,20,25,29,23,26,28,31,34,30,32,37,38,41,35,40,42,48,45,44,49,51,53,52,54,56,59,58,63,60,62,65,67,71,64,69,74,68,73,79,3,4,7,8,10,13,16,24,27,33,36,39,43,46,47,50,55,57,61,66,70,76,72,78,75,77,82,83,81,84,80,87,86,85,88,89,90,94,92,91,93,95,97,96],"msg_id":50,"type":"broadcast"}}
2025/06/29 15:31:59 Sent {"src":"n2","dest":"n1","body":{"in_reply_to":153,"type":"broadcast_ok"}}
2025/06/29 15:31:59 Received {n1 n2 {"in_reply_to":50,"type":"broadcast_ok"}}
2025/06/29 15:32:00 Sent {"src":"n2","dest":"n1","body":{"messages":[0,2,1,6,5,9,14,11,12,17,15,18,19,22,21,20,25,29,23,26,28,31,34,30,32,37,38,41,35,40,42,48,45,44,49,51,53,52,54,56,59,58,63,60,62,65,67,71,64,69,74,68,73,79,3,4,7,8,10,13,16,24,27,33,36,39,43,46,47,50,55,57,61,66,70,76,72,78,75,77,82,83,81,84,80,87,86,85,88,89,90,94,92,91,93,95,97,96],"msg_id":51,"type":"broadcast"}}
2025/06/29 15:32:00 Received {n1 n2 {"messages":[0,2,1,6,5,9,11,12,14,17,15,18,19,21,22,20,25,23,26,28,29,31,30,32,34,37,35,40,38,41,42,45,48,44,49,51,53,52,54,56,58,60,59,62,65,63,67,64,69,71,68,73,3,4,7,8,10,13,16,24,27,33,36,39,43,46,47,50,55,57,61,66,70,76,72,74,78,75,77,79,82,83,81,80,86,84,85,87,88,89,90,92,91,93,94,95,97,96],"msg_id":156,"type":"broadcast"}}
2025/06/29 15:32:00 Sent {"src":"n2","dest":"n1","body":{"in_reply_to":156,"type":"broadcast_ok"}}
2025/06/29 15:32:00 Received {n1 n2 {"in_reply_to":51,"type":"broadcast_ok"}}
2025/06/29 15:32:00 Sent {"src":"n2","dest":"n1","body":{"messages":[0,2,1,6,5,9,14,11,12,17,15,18,19,22,21,20,25,29,23,26,28,31,34,30,32,37,38,41,35,40,42,48,45,44,49,51,53,52,54,56,59,58,63,60,62,65,67,71,64,69,74,68,73,79,3,4,7,8,10,13,16,24,27,33,36,39,43,46,47,50,55,57,61,66,70,76,72,78,75,77,82,83,81,84,80,87,86,85,88,89,90,94,92,91,93,95,97,96],"msg_id":52,"type":"broadcast"}}
2025/06/29 15:32:00 Received {n1 n2 {"messages":[0,2,1,6,5,9,11,12,14,17,15,18,19,21,22,20,25,23,26,28,29,31,30,32,34,37,35,40,38,41,42,45,48,44,49,51,53,52,54,56,58,60,59,62,65,63,67,64,69,71,68,73,3,4,7,8,10,13,16,24,27,33,36,39,43,46,47,50,55,57,61,66,70,76,72,74,78,75,77,79,82,83,81,80,86,84,85,87,88,89,90,92,91,93,94,95,97,96],"msg_id":159,"type":"broadcast"}}
2025/06/29 15:32:00 Sent {"src":"n2","dest":"n1","body":{"in_reply_to":159,"type":"broadcast_ok"}}
2025/06/29 15:32:00 Received {n1 n2 {"in_reply_to":52,"type":"broadcast_ok"}}
2025/06/29 15:32:01 Sent {"src":"n2","dest":"n1","body":{"messages":[0,2,1,6,5,9,14,11,12,17,15,18,19,22,21,20,25,29,23,26,28,31,34,30,32,37,38,41,35,40,42,48,45,44,49,51,53,52,54,56,59,58,63,60,62,65,67,71,64,69,74,68,73,79,3,4,7,8,10,13,16,24,27,33,36,39,43,46,47,50,55,57,61,66,70,76,72,78,75,77,82,83,81,84,80,87,86,85,88,89,90,94,92,91,93,95,97,96],"msg_id":53,"type":"broadcast"}}
2025/06/29 15:32:01 Received {n1 n2 {"messages":[0,2,1,6,5,9,11,12,14,17,15,18,19,21,22,20,25,23,26,28,29,31,30,32,34,37,35,40,38,41,42,45,48,44,49,51,53,52,54,56,58,60,59,62,65,63,67,64,69,71,68,73,3,4,7,8,10,13,16,24,27,33,36,39,43,46,47,50,55,57,61,66,70,76,72,74,78,75,77,79,82,83,81,80,86,84,85,87,88,89,90,92,91,93,94,95,97,96],"msg_id":162,"type":"broadcast"}}
2025/06/29 15:32:01 Sent {"src":"n2","dest":"n1","body":{"in_reply_to":162,"type":"broadcast_ok"}}
2025/06/29 15:32:01 Received {n1 n2 {"in_reply_to":53,"type":"broadcast_ok"}}
2025/06/29 15:32:01 Received {n1 n2 {"messages":[0,2,1,6,5,9,11,12,14,17,15,18,19,21,22,20,25,23,26,28,29,31,30,32,34,37,35,40,38,41,42,45,48,44,49,51,53,52,54,56,58,60,59,62,65,63,67,64,69,71,68,73,3,4,7,8,10,13,16,24,27,33,36,39,43,46,47,50,55,57,61,66,70,76,72,74,78,75,77,79,82,83,81,80,86,84,85,87,88,89,90,92,91,93,94,95,97,96],"msg_id":165,"type":"broadcast"}}
2025/06/29 15:32:01 Sent {"src":"n2","dest":"n1","body":{"messages":[0,2,1,6,5,9,14,11,12,17,15,18,19,22,21,20,25,29,23,26,28,31,34,30,32,37,38,41,35,40,42,48,45,44,49,51,53,52,54,56,59,58,63,60,62,65,67,71,64,69,74,68,73,79,3,4,7,8,10,13,16,24,27,33,36,39,43,46,47,50,55,57,61,66,70,76,72,78,75,77,82,83,81,84,80,87,86,85,88,89,90,94,92,91,93,95,97,96],"msg_id":54,"type":"broadcast"}}
2025/06/29 15:32:01 Sent {"src":"n2","dest":"n1","body":{"in_reply_to":165,"type":"broadcast_ok"}}
2025/06/29 15:32:01 Received {n1 n2 {"in_reply_to":54,"type":"broadcast_ok"}}
2025/06/29 15:32:02 Sent {"src":"n2","dest":"n1","body":{"messages":[0,2,1,6,5,9,14,11,12,17,15,18,19,22,21,20,25,29,23,26,28,31,34,30,32,37,38,41,35,40,42,48,45,44,49,51,53,52,54,56,59,58,63,60,62,65,67,71,64,69,74,68,73,79,3,4,7,8,10,13,16,24,27,33,36,39,43,46,47,50,55,57,61,66,70,76,72,78,75,77,82,83,81,84,80,87,86,85,88,89,90,94,92,91,93,95,97,96],"msg_id":55,"type":"broadcast"}}
2025/06/29 15:32:02 Received {n1 n2 {"messages":[0,2,1,6,5,9,11,12,14,17,15,18,19,21,22,20,25,23,26,28,29,31,30,32,34,37,35,40,38,41,42,45,48,44,49,51,53,52,54,56,58,60,59,62,65,63,67,64,69,71,68,73,3,4,7,8,10,13,16,24,27,33,36,39,43,46,47,50,55,57,61,66,70,76,72,74,78,75,77,79,82,83,81,80,86,84,85,87,88,89,90,92,91,93,94,95,97,96],"msg_id":167,"type":"broadcast"}}
2025/06/29 15:32:02 Sent {"src":"n2","dest":"n1","body":{"in_reply_to":167,"type":"broadcast_ok"}}
2025/06/29 15:32:02 Received {n1 n2 {"in_reply_to":55,"type":"broadcast_ok"}}
2025/06/29 15:32:02 Sent {"src":"n2","dest":"n1","body":{"messages":[0,2,1,6,5,9,14,11,12,17,15,18,19,22,21,20,25,29,23,26,28,31,34,30,32,37,38,41,35,40,42,48,45,44,49,51,53,52,54,56,59,58,63,60,62,65,67,71,64,69,74,68,73,79,3,4,7,8,10,13,16,24,27,33,36,39,43,46,47,50,55,57,61,66,70,76,72,78,75,77,82,83,81,84,80,87,86,85,88,89,90,94,92,91,93,95,97,96],"msg_id":56,"type":"broadcast"}}
2025/06/29 15:32:02 Received {n1 n2 {"messages":[0,2,1,6,5,9,11,12,14,17,15,18,19,21,22,20,25,23,26,28,29,31,30,32,34,37,35,40,38,41,42,45,48,44,49,51,53,52,54,56,58,60,59,62,65,63,67,64,69,71,68,73,3,4,7,8,10,13,16,24,27,33,36,39,43,46,47,50,55,57,61,66,70,76,72,74,78,75,77,79,82,83,81,80,86,84,85,87,88,89,90,92,91,93,94,95,97,96],"msg_id":171,"type":"broadcast"}}
2025/06/29 15:32:02 Sent {"src":"n2","dest":"n1","body":{"in_reply_to":171,"type":"broadcast_ok"}}
2025/06/29 15:32:02 Received {n1 n2 {"in_reply_to":56,"type":"broadcast_ok"}}
2025/06/29 15:32:03 Sent {"src":"n2","dest":"n1","body":{"messages":[0,2,1,6,5,9,14,11,12,17,15,18,19,22,21,20,25,29,23,26,28,31,34,30,32,37,38,41,35,40,42,48,45,44,49,51,53,52,54,56,59,58,63,60,62,65,67,71,64,69,74,68,73,79,3,4,7,8,10,13,16,24,27,33,36,39,43,46,47,50,55,57,61,66,70,76,72,78,75,77,82,83,81,84,80,87,86,85,88,89,90,94,92,91,93,95,97,96],"msg_id":57,"type":"broadcast"}}
2025/06/29 15:32:03 Received {n1 n2 {"messages":[0,2,1,6,5,9,11,12,14,17,15,18,19,21,22,20,25,23,26,28,29,31,30,32,34,37,35,40,38,41,42,45,48,44,49,51,53,52,54,56,58,60,59,62,65,63,67,64,69,71,68,73,3,4,7,8,10,13,16,24,27,33,36,39,43,46,47,50,55,57,61,66,70,76,72,74,78,75,77,79,82,83,81,80,86,84,85,87,88,89,90,92,91,93,94,95,97,96],"msg_id":173,"type":"broadcast"}}
2025/06/29 15:32:03 Sent {"src":"n2","dest":"n1","body":{"in_reply_to":173,"type":"broadcast_ok"}}
2025/06/29 15:32:03 Received {n1 n2 {"in_reply_to":57,"type":"broadcast_ok"}}
2025/06/29 15:32:03 Sent {"src":"n2","dest":"n1","body":{"messages":[0,2,1,6,5,9,14,11,12,17,15,18,19,22,21,20,25,29,23,26,28,31,34,30,32,37,38,41,35,40,42,48,45,44,49,51,53,52,54,56,59,58,63,60,62,65,67,71,64,69,74,68,73,79,3,4,7,8,10,13,16,24,27,33,36,39,43,46,47,50,55,57,61,66,70,76,72,78,75,77,82,83,81,84,80,87,86,85,88,89,90,94,92,91,93,95,97,96],"msg_id":58,"type":"broadcast"}}
2025/06/29 15:32:03 Received {n1 n2 {"messages":[0,2,1,6,5,9,11,12,14,17,15,18,19,21,22,20,25,23,26,28,29,31,30,32,34,37,35,40,38,41,42,45,48,44,49,51,53,52,54,56,58,60,59,62,65,63,67,64,69,71,68,73,3,4,7,8,10,13,16,24,27,33,36,39,43,46,47,50,55,57,61,66,70,76,72,74,78,75,77,79,82,83,81,80,86,84,85,87,88,89,90,92,91,93,94,95,97,96],"msg_id":177,"type":"broadcast"}}
2025/06/29 15:32:03 Sent {"src":"n2","dest":"n1","body":{"in_reply_to":177,"type":"broadcast_ok"}}
2025/06/29 15:32:03 Received {n1 n2 {"in_reply_to":58,"type":"broadcast_ok"}}
2025/06/29 15:32:04 Received {c11 n2 {"type":"read","msg_id":35}}
2025/06/29 15:32:04 Sent {"src":"n2","dest":"c11","body":{"in_reply_to":35,"messages":[0,2,1,6,5,9,14,11,12,17,15,18,19,22,21,20,25,29,23,26,28,31,34,30,32,37,38,41,35,40,42,48,45,44,49,51,53,52,54,56,59,58,63,60,62,65,67,71,64,69,74,68,73,79,3,4,7,8,10,13,16,24,27,33,36,39,43,46,47,50,55,57,61,66,70,76,72,78,75,77,82,83,81,84,80,87,86,85,88,89,90,94,92,91,93,95,97,96],"type":"read_ok"}}
2025/06/29 15:32:04 Sent {"src":"n2","dest":"n1","body":{"messages":[0,2,1,6,5,9,14,11,12,17,15,18,19,22,21,20,25,29,23,26,28,31,34,30,32,37,38,41,35,40,42,48,45,44,49,51,53,52,54,56,59,58,63,60,62,65,67,71,64,69,74,68,73,79,3,4,7,8,10,13,16,24,27,33,36,39,43,46,47,50,55,57,61,66,70,76,72,78,75,77,82,83,81,84,80,87,86,85,88,89,90,94,92,91,93,95,97,96],"msg_id":59,"type":"broadcast"}}
2025/06/29 15:32:04 Received {n1 n2 {"messages":[0,2,1,6,5,9,11,12,14,17,15,18,19,21,22,20,25,23,26,28,29,31,30,32,34,37,35,40,38,41,42,45,48,44,49,51,53,52,54,56,58,60,59,62,65,63,67,64,69,71,68,73,3,4,7,8,10,13,16,24,27,33,36,39,43,46,47,50,55,57,61,66,70,76,72,74,78,75,77,79,82,83,81,80,86,84,85,87,88,89,90,92,91,93,94,95,97,96],"msg_id":179,"type":"broadcast"}}
2025/06/29 15:32:04 Sent {"src":"n2","dest":"n1","body":{"in_reply_to":179,"type":"broadcast_ok"}}
2025/06/29 15:32:04 Received {n1 n2 {"in_reply_to":59,"type":"broadcast_ok"}}
