2025/06/29 15:31:34 Received {c3 n4 {"type":"init","node_id":"n4","node_ids":["n0","n1","n2","n3","n4"],"msg_id":1}}
2025/06/29 15:31:34 Node n4 initialized
2025/06/29 15:31:34 Sent {"src":"n4","dest":"c3","body":{"in_reply_to":1,"type":"init_ok"}}
2025/06/29 15:31:34 Received {c9 n4 {"type":"topology","topology":{"n0":["n3","n1"],"n1":["n4","n2","n0"],"n2":["n1"],"n3":["n0","n4"],"n4":["n1","n3"]},"msg_id":1}}
2025/06/29 15:31:34 Sent {"src":"n4","dest":"c9","body":{"in_reply_to":1,"type":"topology_ok"}}
2025/06/29 15:31:34 Received {c13 n4 {"type":"broadcast","message":2,"msg_id":1}}
2025/06/29 15:31:34 Sent {"src":"n4","dest":"c13","body":{"in_reply_to":1,"type":"broadcast_ok"}}
2025/06/29 15:31:34 Sent {"src":"n4","dest":"n3","body":{"messages":[2],"msg_id":2,"type":"broadcast"}}
2025/06/29 15:31:34 Sent {"src":"n4","dest":"n1","body":{"messages":[2],"msg_id":1,"type":"broadcast"}}
2025/06/29 15:31:34 Received {n3 n4 {"messages":[1],"msg_id":1,"type":"broadcast"}}
2025/06/29 15:31:34 Sent {"src":"n4","dest":"n3","body":{"in_reply_to":1,"type":"broadcast_ok"}}
2025/06/29 15:31:34 Received {n1 n4 {"messages":[0],"msg_id":2,"type":"broadcast"}}
2025/06/29 15:31:34 Sent {"src":"n4","dest":"n1","body":{"in_reply_to":2,"type":"broadcast_ok"}}
2025/06/29 15:31:34 Received {n3 n4 {"in_reply_to":2,"type":"broadcast_ok"}}
2025/06/29 15:31:34 Received {n1 n4 {"in_reply_to":1,"type":"broadcast_ok"}}
2025/06/29 15:31:35 Received {c13 n4 {"type":"read","msg_id":2}}
2025/06/29 15:31:35 Sent {"src":"n4","dest":"c13","body":{"in_reply_to":2,"messages":[2,1,0],"type":"read_ok"}}
2025/06/29 15:31:35 Sent {"src":"n4","dest":"n1","body":{"messages":[2,1,0],"msg_id":4,"type":"broadcast"}}
2025/06/29 15:31:35 Sent {"src":"n4","dest":"n3","body":{"messages":[2,1,0],"msg_id":3,"type":"broadcast"}}
2025/06/29 15:31:35 Received {n1 n4 {"in_reply_to":4,"type":"broadcast_ok"}}
2025/06/29 15:31:35 Received {n3 n4 {"in_reply_to":3,"type":"broadcast_ok"}}
2025/06/29 15:31:35 Received {n3 n4 {"messages":[1,2,0],"msg_id":4,"type":"broadcast"}}
2025/06/29 15:31:35 Sent {"src":"n4","dest":"n3","body":{"in_reply_to":4,"type":"broadcast_ok"}}
2025/06/29 15:31:35 Received {n1 n4 {"messages":[0,2,1],"msg_id":5,"type":"broadcast"}}
2025/06/29 15:31:35 Sent {"src":"n4","dest":"n1","body":{"in_reply_to":5,"type":"broadcast_ok"}}
2025/06/29 15:31:35 Received {c13 n4 {"type":"broadcast","message":6,"msg_id":3}}
2025/06/29 15:31:35 Sent {"src":"n4","dest":"c13","body":{"in_reply_to":3,"type":"broadcast_ok"}}
2025/06/29 15:31:35 Sent {"src":"n4","dest":"n3","body":{"messages":[2,1,0,6],"msg_id":5,"type":"broadcast"}}
2025/06/29 15:31:35 Sent {"src":"n4","dest":"n1","body":{"messages":[2,1,0,6],"msg_id":6,"type":"broadcast"}}
2025/06/29 15:31:35 Received {n3 n4 {"messages":[1,2,0,5],"msg_id":5,"type":"broadcast"}}
2025/06/29 15:31:35 Received {n3 n4 {"in_reply_to":5,"type":"broadcast_ok"}}
2025/06/29 15:31:35 Sent {"src":"n4","dest":"n3","body":{"in_reply_to":5,"type":"broadcast_ok"}}
2025/06/29 15:31:35 Received {n1 n4 {"messages":[0,2,1],"msg_id":8,"type":"broadcast"}}
2025/06/29 15:31:35 Received {n1 n4 {"in_reply_to":6,"type":"broadcast_ok"}}
2025/06/29 15:31:35 Sent {"src":"n4","dest":"n1","body":{"in_reply_to":8,"type":"broadcast_ok"}}
2025/06/29 15:31:36 Sent {"src":"n4","dest":"n1","body":{"messages":[2,1,0,6,5],"msg_id":8,"type":"broadcast"}}
2025/06/29 15:31:36 Sent {"src":"n4","dest":"n3","body":{"messages":[2,1,0,6,5],"msg_id":7,"type":"broadcast"}}
2025/06/29 15:31:36 Received {n3 n4 {"messages":[1,2,0,5,6,9],"msg_id":7,"type":"broadcast"}}
2025/06/29 15:31:36 Sent {"src":"n4","dest":"n3","body":{"in_reply_to":7,"type":"broadcast_ok"}}
2025/06/29 15:31:36 Received {n3 n4 {"in_reply_to":7,"type":"broadcast_ok"}}
2025/06/29 15:31:36 Received {n1 n4 {"messages":[0,2,1,6],"msg_id":11,"type":"broadcast"}}
2025/06/29 15:31:36 Received {n1 n4 {"in_reply_to":8,"type":"broadcast_ok"}}
2025/06/29 15:31:36 Sent {"src":"n4","dest":"n1","body":{"in_reply_to":11,"type":"broadcast_ok"}}
2025/06/29 15:31:36 Received {c13 n4 {"type":"read","msg_id":4}}
2025/06/29 15:31:36 Sent {"src":"n4","dest":"c13","body":{"in_reply_to":4,"messages":[2,1,0,6,5,9],"type":"read_ok"}}
2025/06/29 15:31:36 Sent {"src":"n4","dest":"n1","body":{"messages":[2,1,0,6,5,9],"msg_id":10,"type":"broadcast"}}
2025/06/29 15:31:36 Sent {"src":"n4","dest":"n3","body":{"messages":[2,1,0,6,5,9],"msg_id":9,"type":"broadcast"}}
2025/06/29 15:31:36 Received {n3 n4 {"messages":[1,2,0,5,6,9,11],"msg_id":9,"type":"broadcast"}}
2025/06/29 15:31:36 Sent {"src":"n4","dest":"n3","body":{"in_reply_to":9,"type":"broadcast_ok"}}
2025/06/29 15:31:36 Received {n1 n4 {"in_reply_to":10,"type":"broadcast_ok"}}
2025/06/29 15:31:36 Received {n3 n4 {"in_reply_to":9,"type":"broadcast_ok"}}
2025/06/29 15:31:36 Received {n1 n4 {"messages":[0,2,1,6,5,9],"msg_id":14,"type":"broadcast"}}
2025/06/29 15:31:36 Sent {"src":"n4","dest":"n1","body":{"in_reply_to":14,"type":"broadcast_ok"}}
2025/06/29 15:31:36 Received {c13 n4 {"type":"broadcast","message":12,"msg_id":5}}
2025/06/29 15:31:36 Sent {"src":"n4","dest":"c13","body":{"in_reply_to":5,"type":"broadcast_ok"}}
2025/06/29 15:31:37 Sent {"src":"n4","dest":"n3","body":{"messages":[2,1,0,6,5,9,11,12],"msg_id":11,"type":"broadcast"}}
2025/06/29 15:31:37 Sent {"src":"n4","dest":"n1","body":{"messages":[2,1,0,6,5,9,11,12],"msg_id":12,"type":"broadcast"}}
2025/06/29 15:31:37 Received {n3 n4 {"messages":[1,2,0,5,6,9,11],"msg_id":11,"type":"broadcast"}}
2025/06/29 15:31:37 Sent {"src":"n4","dest":"n3","body":{"in_reply_to":11,"type":"broadcast_ok"}}
2025/06/29 15:31:37 Received {n1 n4 {"messages":[0,2,1,6,5,9],"msg_id":17,"type":"broadcast"}}
2025/06/29 15:31:37 Received {n3 n4 {"in_reply_to":11,"type":"broadcast_ok"}}
2025/06/29 15:31:37 Sent {"src":"n4","dest":"n1","body":{"in_reply_to":17,"type":"broadcast_ok"}}
2025/06/29 15:31:37 Received {n1 n4 {"in_reply_to":12,"type":"broadcast_ok"}}
2025/06/29 15:31:37 Received {c13 n4 {"type":"read","msg_id":6}}
2025/06/29 15:31:37 Sent {"src":"n4","dest":"c13","body":{"in_reply_to":6,"messages":[2,1,0,6,5,9,11,12],"type":"read_ok"}}
2025/06/29 15:31:37 Received {n3 n4 {"messages":[1,2,0,5,6,9,11,12,15],"msg_id":13,"type":"broadcast"}}
2025/06/29 15:31:37 Sent {"src":"n4","dest":"n3","body":{"messages":[2,1,0,6,5,9,11,12],"msg_id":13,"type":"broadcast"}}
2025/06/29 15:31:37 Sent {"src":"n4","dest":"n1","body":{"messages":[2,1,0,6,5,9,11,12],"msg_id":14,"type":"broadcast"}}
2025/06/29 15:31:37 Sent {"src":"n4","dest":"n3","body":{"in_reply_to":13,"type":"broadcast_ok"}}
2025/06/29 15:31:37 Received {n1 n4 {"messages":[0,2,1,6,5,9,11,12],"msg_id":20,"type":"broadcast"}}
2025/06/29 15:31:37 Sent {"src":"n4","dest":"n1","body":{"in_reply_to":20,"type":"broadcast_ok"}}
2025/06/29 15:31:37 Received {n3 n4 {"in_reply_to":13,"type":"broadcast_ok"}}
2025/06/29 15:31:37 Received {n1 n4 {"in_reply_to":14,"type":"broadcast_ok"}}
2025/06/29 15:31:38 Received {c13 n4 {"type":"read","msg_id":7}}
2025/06/29 15:31:38 Sent {"src":"n4","dest":"c13","body":{"in_reply_to":7,"messages":[2,1,0,6,5,9,11,12,15],"type":"read_ok"}}
2025/06/29 15:31:38 Received {n3 n4 {"messages":[1,2,0,5,6,9,11,12,15,18],"msg_id":16,"type":"broadcast"}}
2025/06/29 15:31:38 Sent {"src":"n4","dest":"n3","body":{"in_reply_to":16,"type":"broadcast_ok"}}
2025/06/29 15:31:38 Sent {"src":"n4","dest":"n3","body":{"messages":[2,1,0,6,5,9,11,12,15,18],"msg_id":15,"type":"broadcast"}}
2025/06/29 15:31:38 Sent {"src":"n4","dest":"n1","body":{"messages":[2,1,0,6,5,9,11,12,15,18],"msg_id":16,"type":"broadcast"}}
2025/06/29 15:31:38 Received {n1 n4 {"messages":[0,2,1,6,5,9,11,12,14,17],"msg_id":23,"type":"broadcast"}}
2025/06/29 15:31:38 Sent {"src":"n4","dest":"n1","body":{"in_reply_to":23,"type":"broadcast_ok"}}
2025/06/29 15:31:38 Received {n3 n4 {"in_reply_to":15,"type":"broadcast_ok"}}
2025/06/29 15:31:38 Received {n1 n4 {"in_reply_to":16,"type":"broadcast_ok"}}
2025/06/29 15:31:38 Sent {"src":"n4","dest":"n1","body":{"messages":[2,1,0,6,5,9,11,12,15,18,14,17],"msg_id":17,"type":"broadcast"}}
2025/06/29 15:31:38 Sent {"src":"n4","dest":"n3","body":{"messages":[2,1,0,6,5,9,11,12,15,18,14,17],"msg_id":18,"type":"broadcast"}}
2025/06/29 15:31:38 Received {n3 n4 {"messages":[1,2,0,5,6,9,11,12,15,18],"msg_id":18,"type":"broadcast"}}
2025/06/29 15:31:38 Received {n1 n4 {"messages":[0,2,1,6,5,9,11,12,14,17,15,18],"msg_id":25,"type":"broadcast"}}
2025/06/29 15:31:38 Sent {"src":"n4","dest":"n3","body":{"in_reply_to":18,"type":"broadcast_ok"}}
2025/06/29 15:31:38 Sent {"src":"n4","dest":"n1","body":{"in_reply_to":25,"type":"broadcast_ok"}}
2025/06/29 15:31:38 Received {n1 n4 {"in_reply_to":17,"type":"broadcast_ok"}}
2025/06/29 15:31:38 Received {n3 n4 {"in_reply_to":18,"type":"broadcast_ok"}}
2025/06/29 15:31:39 Received {c13 n4 {"type":"read","msg_id":8}}
2025/06/29 15:31:39 Sent {"src":"n4","dest":"c13","body":{"in_reply_to":8,"messages":[2,1,0,6,5,9,11,12,15,18,14,17],"type":"read_ok"}}
2025/06/29 15:31:39 Sent {"src":"n4","dest":"n1","body":{"messages":[2,1,0,6,5,9,11,12,15,18,14,17],"msg_id":19,"type":"broadcast"}}
2025/06/29 15:31:39 Sent {"src":"n4","dest":"n3","body":{"messages":[2,1,0,6,5,9,11,12,15,18,14,17],"msg_id":20,"type":"broadcast"}}
2025/06/29 15:31:39 Received {n3 n4 {"messages":[1,2,0,5,6,9,11,12,15,18,14,17,20],"msg_id":19,"type":"broadcast"}}
2025/06/29 15:31:39 Received {n1 n4 {"messages":[0,2,1,6,5,9,11,12,14,17,15,18],"msg_id":29,"type":"broadcast"}}
2025/06/29 15:31:39 Sent {"src":"n4","dest":"n3","body":{"in_reply_to":19,"type":"broadcast_ok"}}
2025/06/29 15:31:39 Sent {"src":"n4","dest":"n1","body":{"in_reply_to":29,"type":"broadcast_ok"}}
2025/06/29 15:31:39 Received {n1 n4 {"in_reply_to":19,"type":"broadcast_ok"}}
2025/06/29 15:31:39 Received {n3 n4 {"in_reply_to":20,"type":"broadcast_ok"}}
2025/06/29 15:31:39 Received {c13 n4 {"type":"read","msg_id":9}}
2025/06/29 15:31:39 Sent {"src":"n4","dest":"c13","body":{"in_reply_to":9,"messages":[2,1,0,6,5,9,11,12,15,18,14,17,20],"type":"read_ok"}}
2025/06/29 15:31:39 Received {n3 n4 {"messages":[1,2,0,5,6,9,11,12,15,18,14,17,20,23],"msg_id":21,"type":"broadcast"}}
2025/06/29 15:31:39 Sent {"src":"n4","dest":"n1","body":{"messages":[2,1,0,6,5,9,11,12,15,18,14,17,20],"msg_id":21,"type":"broadcast"}}
2025/06/29 15:31:39 Sent {"src":"n4","dest":"n3","body":{"messages":[2,1,0,6,5,9,11,12,15,18,14,17,20],"msg_id":22,"type":"broadcast"}}
2025/06/29 15:31:39 Sent {"src":"n4","dest":"n3","body":{"in_reply_to":21,"type":"broadcast_ok"}}
2025/06/29 15:31:39 Received {n1 n4 {"messages":[0,2,1,6,5,9,11,12,14,17,15,18,19,21],"msg_id":31,"type":"broadcast"}}
2025/06/29 15:31:39 Sent {"src":"n4","dest":"n1","body":{"in_reply_to":31,"type":"broadcast_ok"}}
2025/06/29 15:31:39 Received {n1 n4 {"in_reply_to":21,"type":"broadcast_ok"}}
2025/06/29 15:31:39 Received {n3 n4 {"in_reply_to":22,"type":"broadcast_ok"}}
2025/06/29 15:31:40 Received {c13 n4 {"type":"broadcast","message":26,"msg_id":10}}
2025/06/29 15:31:40 Sent {"src":"n4","dest":"c13","body":{"in_reply_to":10,"type":"broadcast_ok"}}
2025/06/29 15:31:40 Received {n3 n4 {"messages":[1,2,0,5,6,9,11,12,15,18,14,17,20,23],"msg_id":23,"type":"broadcast"}}
2025/06/29 15:31:40 Sent {"src":"n4","dest":"n3","body":{"in_reply_to":23,"type":"broadcast_ok"}}
2025/06/29 15:31:40 Sent {"src":"n4","dest":"n3","body":{"messages":[2,1,0,6,5,9,11,12,15,18,14,17,20,23,19,21,26],"msg_id":23,"type":"broadcast"}}
2025/06/29 15:31:40 Sent {"src":"n4","dest":"n1","body":{"messages":[2,1,0,6,5,9,11,12,15,18,14,17,20,23,19,21,26],"msg_id":24,"type":"broadcast"}}
2025/06/29 15:31:40 Received {n3 n4 {"in_reply_to":23,"type":"broadcast_ok"}}
2025/06/29 15:31:40 Received {n1 n4 {"in_reply_to":24,"type":"broadcast_ok"}}
2025/06/29 15:31:40 Received {n1 n4 {"messages":[0,2,1,6,5,9,11,12,14,17,15,18,19,21,22,20,25],"msg_id":34,"type":"broadcast"}}
2025/06/29 15:31:40 Sent {"src":"n4","dest":"n1","body":{"in_reply_to":34,"type":"broadcast_ok"}}
2025/06/29 15:31:40 Received {c13 n4 {"type":"read","msg_id":11}}
2025/06/29 15:31:40 Received {n3 n4 {"messages":[1,2,0,5,6,9,11,12,15,18,14,17,20,23,19,21,26,30],"msg_id":25,"type":"broadcast"}}
2025/06/29 15:31:40 Sent {"src":"n4","dest":"n1","body":{"messages":[2,1,0,6,5,9,11,12,15,18,14,17,20,23,19,21,26,22,25],"msg_id":25,"type":"broadcast"}}
2025/06/29 15:31:40 Sent {"src":"n4","dest":"c13","body":{"in_reply_to":11,"messages":[2,1,0,6,5,9,11,12,15,18,14,17,20,23,19,21,26,22,25],"type":"read_ok"}}
2025/06/29 15:31:40 Sent {"src":"n4","dest":"n3","body":{"messages":[2,1,0,6,5,9,11,12,15,18,14,17,20,23,19,21,26,22,25],"msg_id":26,"type":"broadcast"}}
2025/06/29 15:31:40 Sent {"src":"n4","dest":"n3","body":{"in_reply_to":25,"type":"broadcast_ok"}}
2025/06/29 15:31:40 Received {n1 n4 {"messages":[0,2,1,6,5,9,11,12,14,17,15,18,19,21,22,20,25,23,26,28],"msg_id":39,"type":"broadcast"}}
2025/06/29 15:31:40 Sent {"src":"n4","dest":"n1","body":{"in_reply_to":39,"type":"broadcast_ok"}}
2025/06/29 15:31:40 Received {n1 n4 {"in_reply_to":25,"type":"broadcast_ok"}}
2025/06/29 15:31:40 Received {n3 n4 {"in_reply_to":26,"type":"broadcast_ok"}}
2025/06/29 15:31:41 Received {c13 n4 {"type":"broadcast","message":32,"msg_id":12}}
2025/06/29 15:31:41 Sent {"src":"n4","dest":"c13","body":{"in_reply_to":12,"type":"broadcast_ok"}}
2025/06/29 15:31:41 Sent {"src":"n4","dest":"n3","body":{"messages":[2,1,0,6,5,9,11,12,15,18,14,17,20,23,19,21,26,22,25,30,28,32],"msg_id":27,"type":"broadcast"}}
2025/06/29 15:31:41 Sent {"src":"n4","dest":"n1","body":{"messages":[2,1,0,6,5,9,11,12,15,18,14,17,20,23,19,21,26,22,25,30,28,32],"msg_id":28,"type":"broadcast"}}
2025/06/29 15:31:41 Received {n3 n4 {"messages":[1,2,0,5,6,9,11,12,15,18,14,17,20,23,19,21,26,30,22,25],"msg_id":27,"type":"broadcast"}}
2025/06/29 15:31:41 Received {n1 n4 {"messages":[0,2,1,6,5,9,11,12,14,17,15,18,19,21,22,20,25,23,26,28,29,31],"msg_id":41,"type":"broadcast"}}
2025/06/29 15:31:41 Sent {"src":"n4","dest":"n3","body":{"in_reply_to":27,"type":"broadcast_ok"}}
2025/06/29 15:31:41 Sent {"src":"n4","dest":"n1","body":{"in_reply_to":41,"type":"broadcast_ok"}}
2025/06/29 15:31:41 Received {n3 n4 {"in_reply_to":27,"type":"broadcast_ok"}}
2025/06/29 15:31:41 Received {n1 n4 {"in_reply_to":28,"type":"broadcast_ok"}}
2025/06/29 15:31:41 Sent {"src":"n4","dest":"n1","body":{"messages":[2,1,0,6,5,9,11,12,15,18,14,17,20,23,19,21,26,22,25,30,28,32,29,31],"msg_id":29,"type":"broadcast"}}
2025/06/29 15:31:41 Sent {"src":"n4","dest":"n3","body":{"messages":[2,1,0,6,5,9,11,12,15,18,14,17,20,23,19,21,26,22,25,30,28,32,29,31],"msg_id":30,"type":"broadcast"}}
2025/06/29 15:31:41 Received {n3 n4 {"messages":[1,2,0,5,6,9,11,12,15,18,14,17,20,23,19,21,26,30,22,25,28,32],"msg_id":29,"type":"broadcast"}}
2025/06/29 15:31:41 Received {n1 n4 {"messages":[0,2,1,6,5,9,11,12,14,17,15,18,19,21,22,20,25,23,26,28,29,31,30,32],"msg_id":44,"type":"broadcast"}}
2025/06/29 15:31:41 Sent {"src":"n4","dest":"n3","body":{"in_reply_to":29,"type":"broadcast_ok"}}
2025/06/29 15:31:41 Sent {"src":"n4","dest":"n1","body":{"in_reply_to":44,"type":"broadcast_ok"}}
2025/06/29 15:31:41 Received {n1 n4 {"in_reply_to":29,"type":"broadcast_ok"}}
2025/06/29 15:31:41 Received {n3 n4 {"in_reply_to":30,"type":"broadcast_ok"}}
2025/06/29 15:31:41 Received {c13 n4 {"type":"broadcast","message":35,"msg_id":13}}
2025/06/29 15:31:41 Sent {"src":"n4","dest":"c13","body":{"in_reply_to":13,"type":"broadcast_ok"}}
2025/06/29 15:31:42 Sent {"src":"n4","dest":"n1","body":{"messages":[2,1,0,6,5,9,11,12,15,18,14,17,20,23,19,21,26,22,25,30,28,32,29,31,35],"msg_id":31,"type":"broadcast"}}
2025/06/29 15:31:42 Sent {"src":"n4","dest":"n3","body":{"messages":[2,1,0,6,5,9,11,12,15,18,14,17,20,23,19,21,26,22,25,30,28,32,29,31,35],"msg_id":32,"type":"broadcast"}}
2025/06/29 15:31:42 Received {n3 n4 {"messages":[1,2,0,5,6,9,11,12,15,18,14,17,20,23,19,21,26,30,22,25,28,32,29,31],"msg_id":31,"type":"broadcast"}}
2025/06/29 15:31:42 Received {n1 n4 {"messages":[0,2,1,6,5,9,11,12,14,17,15,18,19,21,22,20,25,23,26,28,29,31,30,32,34,37],"msg_id":47,"type":"broadcast"}}
2025/06/29 15:31:42 Sent {"src":"n4","dest":"n3","body":{"in_reply_to":31,"type":"broadcast_ok"}}
2025/06/29 15:31:42 Sent {"src":"n4","dest":"n1","body":{"in_reply_to":47,"type":"broadcast_ok"}}
2025/06/29 15:31:42 Received {n1 n4 {"in_reply_to":31,"type":"broadcast_ok"}}
2025/06/29 15:31:42 Received {n3 n4 {"in_reply_to":32,"type":"broadcast_ok"}}
2025/06/29 15:31:42 Received {c13 n4 {"type":"read","msg_id":14}}
2025/06/29 15:31:42 Sent {"src":"n4","dest":"c13","body":{"in_reply_to":14,"messages":[2,1,0,6,5,9,11,12,15,18,14,17,20,23,19,21,26,22,25,30,28,32,29,31,35,34,37],"type":"read_ok"}}
2025/06/29 15:31:42 Sent {"src":"n4","dest":"n3","body":{"messages":[2,1,0,6,5,9,11,12,15,18,14,17,20,23,19,21,26,22,25,30,28,32,29,31,35,34,37],"msg_id":33,"type":"broadcast"}}
2025/06/29 15:31:42 Sent {"src":"n4","dest":"n1","body":{"messages":[2,1,0,6,5,9,11,12,15,18,14,17,20,23,19,21,26,22,25,30,28,32,29,31,35,34,37],"msg_id":34,"type":"broadcast"}}
2025/06/29 15:31:42 Received {n3 n4 {"messages":[1,2,0,5,6,9,11,12,15,18,14,17,20,23,19,21,26,30,22,25,28,32,29,31,35],"msg_id":34,"type":"broadcast"}}
2025/06/29 15:31:42 Received {n1 n4 {"messages":[0,2,1,6,5,9,11,12,14,17,15,18,19,21,22,20,25,23,26,28,29,31,30,32,34,37,35,40],"msg_id":50,"type":"broadcast"}}
2025/06/29 15:31:42 Sent {"src":"n4","dest":"n3","body":{"in_reply_to":34,"type":"broadcast_ok"}}
2025/06/29 15:31:42 Sent {"src":"n4","dest":"n1","body":{"in_reply_to":50,"type":"broadcast_ok"}}
2025/06/29 15:31:42 Received {n3 n4 {"in_reply_to":33,"type":"broadcast_ok"}}
2025/06/29 15:31:42 Received {n1 n4 {"in_reply_to":34,"type":"broadcast_ok"}}
2025/06/29 15:31:42 Received {c13 n4 {"type":"broadcast","message":42,"msg_id":15}}
2025/06/29 15:31:42 Sent {"src":"n4","dest":"c13","body":{"in_reply_to":15,"type":"broadcast_ok"}}
2025/06/29 15:31:43 Sent {"src":"n4","dest":"n3","body":{"messages":[2,1,0,6,5,9,11,12,15,18,14,17,20,23,19,21,26,22,25,30,28,32,29,31,35,34,37,40,42],"msg_id":35,"type":"broadcast"}}
2025/06/29 15:31:43 Sent {"src":"n4","dest":"n1","body":{"messages":[2,1,0,6,5,9,11,12,15,18,14,17,20,23,19,21,26,22,25,30,28,32,29,31,35,34,37,40,42],"msg_id":36,"type":"broadcast"}}
2025/06/29 15:31:43 Received {n3 n4 {"messages":[1,2,0,5,6,9,11,12,15,18,14,17,20,23,19,21,26,30,22,25,28,32,29,31,35,34,37],"msg_id":35,"type":"broadcast"}}
2025/06/29 15:31:43 Sent {"src":"n4","dest":"n3","body":{"in_reply_to":35,"type":"broadcast_ok"}}
2025/06/29 15:31:43 Received {n1 n4 {"messages":[0,2,1,6,5,9,11,12,14,17,15,18,19,21,22,20,25,23,26,28,29,31,30,32,34,37,35,40,38,41],"msg_id":53,"type":"broadcast"}}
2025/06/29 15:31:43 Sent {"src":"n4","dest":"n1","body":{"in_reply_to":53,"type":"broadcast_ok"}}
2025/06/29 15:31:43 Received {n1 n4 {"in_reply_to":36,"type":"broadcast_ok"}}
2025/06/29 15:31:43 Received {n3 n4 {"in_reply_to":35,"type":"broadcast_ok"}}
2025/06/29 15:31:43 Received {c13 n4 {"type":"broadcast","message":45,"msg_id":16}}
2025/06/29 15:31:43 Sent {"src":"n4","dest":"c13","body":{"in_reply_to":16,"type":"broadcast_ok"}}
2025/06/29 15:31:43 Received {n3 n4 {"messages":[1,2,0,5,6,9,11,12,15,18,14,17,20,23,19,21,26,30,22,25,28,32,29,31,35,34,37,40,42,44],"msg_id":37,"type":"broadcast"}}
2025/06/29 15:31:43 Sent {"src":"n4","dest":"n3","body":{"messages":[2,1,0,6,5,9,11,12,15,18,14,17,20,23,19,21,26,22,25,30,28,32,29,31,35,34,37,40,42,38,41,45],"msg_id":37,"type":"broadcast"}}
2025/06/29 15:31:43 Sent {"src":"n4","dest":"n1","body":{"messages":[2,1,0,6,5,9,11,12,15,18,14,17,20,23,19,21,26,22,25,30,28,32,29,31,35,34,37,40,42,38,41,45],"msg_id":38,"type":"broadcast"}}
2025/06/29 15:31:43 Sent {"src":"n4","dest":"n3","body":{"in_reply_to":37,"type":"broadcast_ok"}}
2025/06/29 15:31:43 Received {n1 n4 {"messages":[0,2,1,6,5,9,11,12,14,17,15,18,19,21,22,20,25,23,26,28,29,31,30,32,34,37,35,40,38,41,42],"msg_id":57,"type":"broadcast"}}
2025/06/29 15:31:43 Sent {"src":"n4","dest":"n1","body":{"in_reply_to":57,"type":"broadcast_ok"}}
2025/06/29 15:31:43 Received {n3 n4 {"in_reply_to":37,"type":"broadcast_ok"}}
2025/06/29 15:31:43 Received {n1 n4 {"in_reply_to":38,"type":"broadcast_ok"}}
2025/06/29 15:31:44 Received {c13 n4 {"type":"broadcast","message":49,"msg_id":17}}
2025/06/29 15:31:44 Sent {"src":"n4","dest":"c13","body":{"in_reply_to":17,"type":"broadcast_ok"}}
2025/06/29 15:31:44 Received {n3 n4 {"messages":[1,2,0,5,6,9,11,12,15,18,14,17,20,23,19,21,26,30,22,25,28,32,29,31,35,34,37,40,42,44,38,41,45],"msg_id":39,"type":"broadcast"}}
2025/06/29 15:31:44 Sent {"src":"n4","dest":"n1","body":{"messages":[2,1,0,6,5,9,11,12,15,18,14,17,20,23,19,21,26,22,25,30,28,32,29,31,35,34,37,40,42,38,41,45,44,49],"msg_id":39,"type":"broadcast"}}
2025/06/29 15:31:44 Sent {"src":"n4","dest":"n3","body":{"messages":[2,1,0,6,5,9,11,12,15,18,14,17,20,23,19,21,26,22,25,30,28,32,29,31,35,34,37,40,42,38,41,45,44,49],"msg_id":40,"type":"broadcast"}}
2025/06/29 15:31:44 Sent {"src":"n4","dest":"n3","body":{"in_reply_to":39,"type":"broadcast_ok"}}
2025/06/29 15:31:44 Received {n1 n4 {"messages":[0,2,1,6,5,9,11,12,14,17,15,18,19,21,22,20,25,23,26,28,29,31,30,32,34,37,35,40,38,41,42,45],"msg_id":60,"type":"broadcast"}}
2025/06/29 15:31:44 Received {n1 n4 {"in_reply_to":39,"type":"broadcast_ok"}}
2025/06/29 15:31:44 Sent {"src":"n4","dest":"n1","body":{"in_reply_to":60,"type":"broadcast_ok"}}
2025/06/29 15:31:44 Received {n3 n4 {"in_reply_to":40,"type":"broadcast_ok"}}
2025/06/29 15:31:44 Received {n3 n4 {"messages":[1,2,0,5,6,9,11,12,15,18,14,17,20,23,19,21,26,30,22,25,28,32,29,31,35,34,37,40,42,44,38,41,45,49,52],"msg_id":41,"type":"broadcast"}}
2025/06/29 15:31:44 Sent {"src":"n4","dest":"n1","body":{"messages":[2,1,0,6,5,9,11,12,15,18,14,17,20,23,19,21,26,22,25,30,28,32,29,31,35,34,37,40,42,38,41,45,44,49],"msg_id":42,"type":"broadcast"}}
2025/06/29 15:31:44 Sent {"src":"n4","dest":"n3","body":{"messages":[2,1,0,6,5,9,11,12,15,18,14,17,20,23,19,21,26,22,25,30,28,32,29,31,35,34,37,40,42,38,41,45,44,49],"msg_id":41,"type":"broadcast"}}
2025/06/29 15:31:44 Sent {"src":"n4","dest":"n3","body":{"in_reply_to":41,"type":"broadcast_ok"}}
2025/06/29 15:31:44 Received {n1 n4 {"messages":[0,2,1,6,5,9,11,12,14,17,15,18,19,21,22,20,25,23,26,28,29,31,30,32,34,37,35,40,38,41,42,45,48,44,49,51],"msg_id":63,"type":"broadcast"}}
2025/06/29 15:31:44 Sent {"src":"n4","dest":"n1","body":{"in_reply_to":63,"type":"broadcast_ok"}}
2025/06/29 15:31:44 Received {n1 n4 {"in_reply_to":42,"type":"broadcast_ok"}}
2025/06/29 15:31:44 Received {n3 n4 {"in_reply_to":41,"type":"broadcast_ok"}}
2025/06/29 15:31:44 Received {c13 n4 {"type":"read","msg_id":18}}
2025/06/29 15:31:44 Sent {"src":"n4","dest":"c13","body":{"in_reply_to":18,"messages":[2,1,0,6,5,9,11,12,15,18,14,17,20,23,19,21,26,22,25,30,28,32,29,31,35,34,37,40,42,38,41,45,44,49,52,48,51],"type":"read_ok"}}
2025/06/29 15:31:45 Received {c13 n4 {"type":"broadcast","message":54,"msg_id":19}}
2025/06/29 15:31:45 Sent {"src":"n4","dest":"c13","body":{"in_reply_to":19,"type":"broadcast_ok"}}
2025/06/29 15:31:45 Received {n3 n4 {"messages":[1,2,0,5,6,9,11,12,15,18,14,17,20,23,19,21,26,30,22,25,28,32,29,31,35,34,37,40,42,44,38,41,45,49,52],"msg_id":43,"type":"broadcast"}}
2025/06/29 15:31:45 Sent {"src":"n4","dest":"n3","body":{"messages":[2,1,0,6,5,9,11,12,15,18,14,17,20,23,19,21,26,22,25,30,28,32,29,31,35,34,37,40,42,38,41,45,44,49,52,48,51,54],"msg_id":43,"type":"broadcast"}}
2025/06/29 15:31:45 Sent {"src":"n4","dest":"n1","body":{"messages":[2,1,0,6,5,9,11,12,15,18,14,17,20,23,19,21,26,22,25,30,28,32,29,31,35,34,37,40,42,38,41,45,44,49,52,48,51,54],"msg_id":44,"type":"broadcast"}}
2025/06/29 15:31:45 Sent {"src":"n4","dest":"n3","body":{"in_reply_to":43,"type":"broadcast_ok"}}
2025/06/29 15:31:45 Received {n1 n4 {"messages":[0,2,1,6,5,9,11,12,14,17,15,18,19,21,22,20,25,23,26,28,29,31,30,32,34,37,35,40,38,41,42,45,48,44,49,51,53],"msg_id":65,"type":"broadcast"}}
2025/06/29 15:31:45 Sent {"src":"n4","dest":"n1","body":{"in_reply_to":65,"type":"broadcast_ok"}}
2025/06/29 15:31:45 Received {n3 n4 {"in_reply_to":43,"type":"broadcast_ok"}}
2025/06/29 15:31:45 Received {n1 n4 {"in_reply_to":44,"type":"broadcast_ok"}}
2025/06/29 15:31:45 Received {n3 n4 {"messages":[1,2,0,5,6,9,11,12,15,18,14,17,20,23,19,21,26,30,22,25,28,32,29,31,35,34,37,40,42,44,38,41,45,49,52,48,51,54,56],"msg_id":45,"type":"broadcast"}}
2025/06/29 15:31:45 Sent {"src":"n4","dest":"n1","body":{"messages":[2,1,0,6,5,9,11,12,15,18,14,17,20,23,19,21,26,22,25,30,28,32,29,31,35,34,37,40,42,38,41,45,44,49,52,48,51,54,53],"msg_id":45,"type":"broadcast"}}
2025/06/29 15:31:45 Sent {"src":"n4","dest":"n3","body":{"messages":[2,1,0,6,5,9,11,12,15,18,14,17,20,23,19,21,26,22,25,30,28,32,29,31,35,34,37,40,42,38,41,45,44,49,52,48,51,54,53],"msg_id":46,"type":"broadcast"}}
2025/06/29 15:31:45 Sent {"src":"n4","dest":"n3","body":{"in_reply_to":45,"type":"broadcast_ok"}}
2025/06/29 15:31:45 Received {n3 n4 {"in_reply_to":46,"type":"broadcast_ok"}}
2025/06/29 15:31:45 Received {n1 n4 {"in_reply_to":45,"type":"broadcast_ok"}}
2025/06/29 15:31:45 Received {n1 n4 {"messages":[0,2,1,6,5,9,11,12,14,17,15,18,19,21,22,20,25,23,26,28,29,31,30,32,34,37,35,40,38,41,42,45,48,44,49,51,53,52,54],"msg_id":67,"type":"broadcast"}}
2025/06/29 15:31:45 Sent {"src":"n4","dest":"n1","body":{"in_reply_to":67,"type":"broadcast_ok"}}
2025/06/29 15:31:45 Received {c13 n4 {"type":"read","msg_id":20}}
2025/06/29 15:31:45 Sent {"src":"n4","dest":"c13","body":{"in_reply_to":20,"messages":[2,1,0,6,5,9,11,12,15,18,14,17,20,23,19,21,26,22,25,30,28,32,29,31,35,34,37,40,42,38,41,45,44,49,52,48,51,54,53,56],"type":"read_ok"}}
2025/06/29 15:31:46 Sent {"src":"n4","dest":"n1","body":{"messages":[2,1,0,6,5,9,11,12,15,18,14,17,20,23,19,21,26,22,25,30,28,32,29,31,35,34,37,40,42,38,41,45,44,49,52,48,51,54,53,56],"msg_id":48,"type":"broadcast"}}
2025/06/29 15:31:46 Sent {"src":"n4","dest":"n3","body":{"messages":[2,1,0,6,5,9,11,12,15,18,14,17,20,23,19,21,26,22,25,30,28,32,29,31,35,34,37,40,42,38,41,45,44,49,52,48,51,54,53,56],"msg_id":47,"type":"broadcast"}}
2025/06/29 15:31:46 Received {n3 n4 {"messages":[1,2,0,5,6,9,11,12,15,18,14,17,20,23,19,21,26,30,22,25,28,32,29,31,35,34,37,40,42,44,38,41,45,49,52,48,51,54,56,53],"msg_id":48,"type":"broadcast"}}
2025/06/29 15:31:46 Received {n1 n4 {"messages":[0,2,1,6,5,9,11,12,14,17,15,18,19,21,22,20,25,23,26,28,29,31,30,32,34,37,35,40,38,41,42,45,48,44,49,51,53,52,54],"msg_id":71,"type":"broadcast"}}
2025/06/29 15:31:46 Sent {"src":"n4","dest":"n3","body":{"in_reply_to":48,"type":"broadcast_ok"}}
2025/06/29 15:31:46 Sent {"src":"n4","dest":"n1","body":{"in_reply_to":71,"type":"broadcast_ok"}}
2025/06/29 15:31:46 Received {n3 n4 {"in_reply_to":47,"type":"broadcast_ok"}}
2025/06/29 15:31:46 Received {n1 n4 {"in_reply_to":48,"type":"broadcast_ok"}}
2025/06/29 15:31:46 Received {c13 n4 {"type":"broadcast","message":58,"msg_id":21}}
2025/06/29 15:31:46 Sent {"src":"n4","dest":"c13","body":{"in_reply_to":21,"type":"broadcast_ok"}}
2025/06/29 15:31:46 Received {n3 n4 {"messages":[1,2,0,5,6,9,11,12,15,18,14,17,20,23,19,21,26,30,22,25,28,32,29,31,35,34,37,40,42,44,38,41,45,49,52,48,51,54,56,53],"msg_id":50,"type":"broadcast"}}
2025/06/29 15:31:46 Sent {"src":"n4","dest":"n3","body":{"messages":[2,1,0,6,5,9,11,12,15,18,14,17,20,23,19,21,26,22,25,30,28,32,29,31,35,34,37,40,42,38,41,45,44,49,52,48,51,54,53,56,58],"msg_id":49,"type":"broadcast"}}
2025/06/29 15:31:46 Sent {"src":"n4","dest":"n3","body":{"in_reply_to":50,"type":"broadcast_ok"}}
2025/06/29 15:31:46 Sent {"src":"n4","dest":"n1","body":{"messages":[2,1,0,6,5,9,11,12,15,18,14,17,20,23,19,21,26,22,25,30,28,32,29,31,35,34,37,40,42,38,41,45,44,49,52,48,51,54,53,56,58],"msg_id":50,"type":"broadcast"}}
2025/06/29 15:31:46 Received {n1 n4 {"messages":[0,2,1,6,5,9,11,12,14,17,15,18,19,21,22,20,25,23,26,28,29,31,30,32,34,37,35,40,38,41,42,45,48,44,49,51,53,52,54,56],"msg_id":73,"type":"broadcast"}}
2025/06/29 15:31:46 Received {n1 n4 {"in_reply_to":50,"type":"broadcast_ok"}}
2025/06/29 15:31:46 Received {n3 n4 {"in_reply_to":49,"type":"broadcast_ok"}}
2025/06/29 15:31:46 Sent {"src":"n4","dest":"n1","body":{"in_reply_to":73,"type":"broadcast_ok"}}
2025/06/29 15:31:47 Received {c13 n4 {"type":"broadcast","message":60,"msg_id":22}}
2025/06/29 15:31:47 Sent {"src":"n4","dest":"c13","body":{"in_reply_to":22,"type":"broadcast_ok"}}
2025/06/29 15:31:47 Sent {"src":"n4","dest":"n1","body":{"messages":[2,1,0,6,5,9,11,12,15,18,14,17,20,23,19,21,26,22,25,30,28,32,29,31,35,34,37,40,42,38,41,45,44,49,52,48,51,54,53,56,58,60],"msg_id":52,"type":"broadcast"}}
2025/06/29 15:31:47 Sent {"src":"n4","dest":"n3","body":{"messages":[2,1,0,6,5,9,11,12,15,18,14,17,20,23,19,21,26,22,25,30,28,32,29,31,35,34,37,40,42,38,41,45,44,49,52,48,51,54,53,56,58,60],"msg_id":51,"type":"broadcast"}}
2025/06/29 15:31:47 Received {n1 n4 {"messages":[0,2,1,6,5,9,11,12,14,17,15,18,19,21,22,20,25,23,26,28,29,31,30,32,34,37,35,40,38,41,42,45,48,44,49,51,53,52,54,56,58],"msg_id":77,"type":"broadcast"}}
2025/06/29 15:31:47 Received {n3 n4 {"messages":[1,2,0,5,6,9,11,12,15,18,14,17,20,23,19,21,26,30,22,25,28,32,29,31,35,34,37,40,42,44,38,41,45,49,52,48,51,54,56,53,58],"msg_id":52,"type":"broadcast"}}
2025/06/29 15:31:47 Sent {"src":"n4","dest":"n1","body":{"in_reply_to":77,"type":"broadcast_ok"}}
2025/06/29 15:31:47 Sent {"src":"n4","dest":"n3","body":{"in_reply_to":52,"type":"broadcast_ok"}}
2025/06/29 15:31:47 Received {n1 n4 {"in_reply_to":52,"type":"broadcast_ok"}}
2025/06/29 15:31:47 Received {n3 n4 {"in_reply_to":51,"type":"broadcast_ok"}}
2025/06/29 15:31:47 Received {c13 n4 {"type":"broadcast","message":65,"msg_id":23}}
2025/06/29 15:31:47 Sent {"src":"n4","dest":"c13","body":{"in_reply_to":23,"type":"broadcast_ok"}}
2025/06/29 15:31:47 Received {n3 n4 {"messages":[1,2,0,5,6,9,11,12,15,18,14,17,20,23,19,21,26,30,22,25,28,32,29,31,35,34,37,40,42,44,38,41,45,49,52,48,51,54,56,53,58,60,64],"msg_id":53,"type":"broadcast"}}
2025/06/29 15:31:47 Sent {"src":"n4","dest":"n3","body":{"messages":[2,1,0,6,5,9,11,12,15,18,14,17,20,23,19,21,26,22,25,30,28,32,29,31,35,34,37,40,42,38,41,45,44,49,52,48,51,54,53,56,58,60,65],"msg_id":53,"type":"broadcast"}}
2025/06/29 15:31:47 Sent {"src":"n4","dest":"n1","body":{"messages":[2,1,0,6,5,9,11,12,15,18,14,17,20,23,19,21,26,22,25,30,28,32,29,31,35,34,37,40,42,38,41,45,44,49,52,48,51,54,53,56,58,60,65],"msg_id":54,"type":"broadcast"}}
2025/06/29 15:31:47 Sent {"src":"n4","dest":"n3","body":{"in_reply_to":53,"type":"broadcast_ok"}}
2025/06/29 15:31:47 Received {n1 n4 {"messages":[0,2,1,6,5,9,11,12,14,17,15,18,19,21,22,20,25,23,26,28,29,31,30,32,34,37,35,40,38,41,42,45,48,44,49,51,53,52,54,56,58,60,59,62],"msg_id":80,"type":"broadcast"}}
2025/06/29 15:31:47 Sent {"src":"n4","dest":"n1","body":{"in_reply_to":80,"type":"broadcast_ok"}}
2025/06/29 15:31:47 Received {n3 n4 {"in_reply_to":53,"type":"broadcast_ok"}}
2025/06/29 15:31:47 Received {n1 n4 {"in_reply_to":54,"type":"broadcast_ok"}}
2025/06/29 15:31:48 Received {c13 n4 {"type":"broadcast","message":69,"msg_id":24}}
2025/06/29 15:31:48 Sent {"src":"n4","dest":"c13","body":{"in_reply_to":24,"type":"broadcast_ok"}}
2025/06/29 15:31:48 Sent {"src":"n4","dest":"n3","body":{"messages":[2,1,0,6,5,9,11,12,15,18,14,17,20,23,19,21,26,22,25,30,28,32,29,31,35,34,37,40,42,38,41,45,44,49,52,48,51,54,53,56,58,60,65,64,59,62,69],"msg_id":55,"type":"broadcast"}}
2025/06/29 15:31:48 Sent {"src":"n4","dest":"n1","body":{"messages":[2,1,0,6,5,9,11,12,15,18,14,17,20,23,19,21,26,22,25,30,28,32,29,31,35,34,37,40,42,38,41,45,44,49,52,48,51,54,53,56,58,60,65,64,59,62,69],"msg_id":56,"type":"broadcast"}}
2025/06/29 15:31:48 Received {n3 n4 {"messages":[1,2,0,5,6,9,11,12,15,18,14,17,20,23,19,21,26,30,22,25,28,32,29,31,35,34,37,40,42,44,38,41,45,49,52,48,51,54,56,53,58,60,64,65,68],"msg_id":55,"type":"broadcast"}}
2025/06/29 15:31:48 Sent {"src":"n4","dest":"n3","body":{"in_reply_to":55,"type":"broadcast_ok"}}
2025/06/29 15:31:48 Received {n1 n4 {"messages":[0,2,1,6,5,9,11,12,14,17,15,18,19,21,22,20,25,23,26,28,29,31,30,32,34,37,35,40,38,41,42,45,48,44,49,51,53,52,54,56,58,60,59,62,65,63,67],"msg_id":84,"type":"broadcast"}}
2025/06/29 15:31:48 Received {n1 n4 {"in_reply_to":56,"type":"broadcast_ok"}}
2025/06/29 15:31:48 Received {n3 n4 {"in_reply_to":55,"type":"broadcast_ok"}}
2025/06/29 15:31:48 Sent {"src":"n4","dest":"n1","body":{"in_reply_to":84,"type":"broadcast_ok"}}
2025/06/29 15:31:48 Received {c13 n4 {"type":"read","msg_id":25}}
2025/06/29 15:31:48 Sent {"src":"n4","dest":"c13","body":{"in_reply_to":25,"messages":[2,1,0,6,5,9,11,12,15,18,14,17,20,23,19,21,26,22,25,30,28,32,29,31,35,34,37,40,42,38,41,45,44,49,52,48,51,54,53,56,58,60,65,64,59,62,69,68,63,67],"type":"read_ok"}}
2025/06/29 15:31:48 Sent {"src":"n4","dest":"n3","body":{"messages":[2,1,0,6,5,9,11,12,15,18,14,17,20,23,19,21,26,22,25,30,28,32,29,31,35,34,37,40,42,38,41,45,44,49,52,48,51,54,53,56,58,60,65,64,59,62,69,68,63,67],"msg_id":57,"type":"broadcast"}}
2025/06/29 15:31:48 Sent {"src":"n4","dest":"n1","body":{"messages":[2,1,0,6,5,9,11,12,15,18,14,17,20,23,19,21,26,22,25,30,28,32,29,31,35,34,37,40,42,38,41,45,44,49,52,48,51,54,53,56,58,60,65,64,59,62,69,68,63,67],"msg_id":58,"type":"broadcast"}}
2025/06/29 15:31:48 Received {n3 n4 {"messages":[1,2,0,5,6,9,11,12,15,18,14,17,20,23,19,21,26,30,22,25,28,32,29,31,35,34,37,40,42,44,38,41,45,49,52,48,51,54,56,53,58,60,64,65,68,59,62,69,72],"msg_id":57,"type":"broadcast"}}
2025/06/29 15:31:48 Received {n1 n4 {"messages":[0,2,1,6,5,9,11,12,14,17,15,18,19,21,22,20,25,23,26,28,29,31,30,32,34,37,35,40,38,41,42,45,48,44,49,51,53,52,54,56,58,60,59,62,65,63,67,64,69],"msg_id":86,"type":"broadcast"}}
2025/06/29 15:31:48 Sent {"src":"n4","dest":"n3","body":{"in_reply_to":57,"type":"broadcast_ok"}}
2025/06/29 15:31:48 Sent {"src":"n4","dest":"n1","body":{"in_reply_to":86,"type":"broadcast_ok"}}
2025/06/29 15:31:48 Received {n3 n4 {"in_reply_to":57,"type":"broadcast_ok"}}
2025/06/29 15:31:48 Received {n1 n4 {"in_reply_to":58,"type":"broadcast_ok"}}
2025/06/29 15:31:49 Sent {"src":"n4","dest":"n3","body":{"messages":[2,1,0,6,5,9,11,12,15,18,14,17,20,23,19,21,26,22,25,30,28,32,29,31,35,34,37,40,42,38,41,45,44,49,52,48,51,54,53,56,58,60,65,64,59,62,69,68,63,67,72],"msg_id":59,"type":"broadcast"}}
2025/06/29 15:31:49 Sent {"src":"n4","dest":"n1","body":{"messages":[2,1,0,6,5,9,11,12,15,18,14,17,20,23,19,21,26,22,25,30,28,32,29,31,35,34,37,40,42,38,41,45,44,49,52,48,51,54,53,56,58,60,65,64,59,62,69,68,63,67,72],"msg_id":60,"type":"broadcast"}}
2025/06/29 15:31:49 Received {n3 n4 {"messages":[1,2,0,5,6,9,11,12,15,18,14,17,20,23,19,21,26,30,22,25,28,32,29,31,35,34,37,40,42,44,38,41,45,49,52,48,51,54,56,53,58,60,64,65,68,59,62,69,72,63,67,75],"msg_id":59,"type":"broadcast"}}
2025/06/29 15:31:49 Received {n1 n4 {"messages":[0,2,1,6,5,9,11,12,14,17,15,18,19,21,22,20,25,23,26,28,29,31,30,32,34,37,35,40,38,41,42,45,48,44,49,51,53,52,54,56,58,60,59,62,65,63,67,64,69,71,68,73],"msg_id":90,"type":"broadcast"}}
2025/06/29 15:31:49 Sent {"src":"n4","dest":"n3","body":{"in_reply_to":59,"type":"broadcast_ok"}}
2025/06/29 15:31:49 Sent {"src":"n4","dest":"n1","body":{"in_reply_to":90,"type":"broadcast_ok"}}
2025/06/29 15:31:49 Received {n1 n4 {"in_reply_to":60,"type":"broadcast_ok"}}
2025/06/29 15:31:49 Received {n3 n4 {"in_reply_to":59,"type":"broadcast_ok"}}
2025/06/29 15:31:49 Sent {"src":"n4","dest":"n3","body":{"messages":[2,1,0,6,5,9,11,12,15,18,14,17,20,23,19,21,26,22,25,30,28,32,29,31,35,34,37,40,42,38,41,45,44,49,52,48,51,54,53,56,58,60,65,64,59,62,69,68,63,67,72,75,71,73],"msg_id":62,"type":"broadcast"}}
2025/06/29 15:31:49 Sent {"src":"n4","dest":"n1","body":{"messages":[2,1,0,6,5,9,11,12,15,18,14,17,20,23,19,21,26,22,25,30,28,32,29,31,35,34,37,40,42,38,41,45,44,49,52,48,51,54,53,56,58,60,65,64,59,62,69,68,63,67,72,75,71,73],"msg_id":61,"type":"broadcast"}}
2025/06/29 15:31:49 Received {n1 n4 {"in_reply_to":61,"type":"broadcast_ok"}}
2025/06/29 15:31:49 Received {n3 n4 {"messages":[1,2,0,5,6,9,11,12,15,18,14,17,20,23,19,21,26,30,22,25,28,32,29,31,35,34,37,40,42,44,38,41,45,49,52,48,51,54,56,53,58,60,64,65,68,59,62,69,72,63,67,75,3,4,7,8,10,13,16,24,27,33,36,39,43,46,47,50,55,57,61,66,70,76],"msg_id":61,"type":"broadcast"}}
2025/06/29 15:31:49 Received {n3 n4 {"in_reply_to":62,"type":"broadcast_ok"}}
2025/06/29 15:31:49 Received {n1 n4 {"messages":[0,2,1,6,5,9,11,12,14,17,15,18,19,21,22,20,25,23,26,28,29,31,30,32,34,37,35,40,38,41,42,45,48,44,49,51,53,52,54,56,58,60,59,62,65,63,67,64,69,71,68,73,3,4,7,8,10,13,16,24,27,33,36,39,43,46,47,50,55,57,61,66,70,76,72,74,78,75,77],"msg_id":92,"type":"broadcast"}}
2025/06/29 15:31:49 Sent {"src":"n4","dest":"n3","body":{"in_reply_to":61,"type":"broadcast_ok"}}
2025/06/29 15:31:49 Sent {"src":"n4","dest":"n1","body":{"in_reply_to":92,"type":"broadcast_ok"}}
2025/06/29 15:31:50 Received {c13 n4 {"type":"broadcast","message":81,"msg_id":26}}
2025/06/29 15:31:50 Sent {"src":"n4","dest":"c13","body":{"in_reply_to":26,"type":"broadcast_ok"}}
2025/06/29 15:31:50 Sent {"src":"n4","dest":"n3","body":{"messages":[2,1,0,6,5,9,11,12,15,18,14,17,20,23,19,21,26,22,25,30,28,32,29,31,35,34,37,40,42,38,41,45,44,49,52,48,51,54,53,56,58,60,65,64,59,62,69,68,63,67,72,75,71,73,3,4,7,8,10,13,16,24,27,33,36,39,43,46,47,50,55,57,61,66,70,76,74,78,77,81],"msg_id":63,"type":"broadcast"}}
2025/06/29 15:31:50 Sent {"src":"n4","dest":"n1","body":{"messages":[2,1,0,6,5,9,11,12,15,18,14,17,20,23,19,21,26,22,25,30,28,32,29,31,35,34,37,40,42,38,41,45,44,49,52,48,51,54,53,56,58,60,65,64,59,62,69,68,63,67,72,75,71,73,3,4,7,8,10,13,16,24,27,33,36,39,43,46,47,50,55,57,61,66,70,76,74,78,77,81],"msg_id":64,"type":"broadcast"}}
2025/06/29 15:31:50 Received {n1 n4 {"messages":[0,2,1,6,5,9,11,12,14,17,15,18,19,21,22,20,25,23,26,28,29,31,30,32,34,37,35,40,38,41,42,45,48,44,49,51,53,52,54,56,58,60,59,62,65,63,67,64,69,71,68,73,3,4,7,8,10,13,16,24,27,33,36,39,43,46,47,50,55,57,61,66,70,76,72,74,78,75,77,79],"msg_id":94,"type":"broadcast"}}
2025/06/29 15:31:50 Received {n3 n4 {"in_reply_to":63,"type":"broadcast_ok"}}
2025/06/29 15:31:50 Received {n1 n4 {"in_reply_to":64,"type":"broadcast_ok"}}
2025/06/29 15:31:50 Sent {"src":"n4","dest":"n1","body":{"in_reply_to":94,"type":"broadcast_ok"}}
2025/06/29 15:31:50 Received {n3 n4 {"messages":[1,2,0,5,6,9,11,12,15,18,14,17,20,23,19,21,26,30,22,25,28,32,29,31,35,34,37,40,42,44,38,41,45,49,52,48,51,54,56,53,58,60,64,65,68,59,62,69,72,63,67,75,3,4,7,8,10,13,16,24,27,33,36,39,43,46,47,50,55,57,61,66,70,76,71,73,77,80,74,78,82,83],"msg_id":64,"type":"broadcast"}}
2025/06/29 15:31:50 Sent {"src":"n4","dest":"n3","body":{"in_reply_to":64,"type":"broadcast_ok"}}
2025/06/29 15:31:50 Received {c13 n4 {"type":"read","msg_id":27}}
2025/06/29 15:31:50 Sent {"src":"n4","dest":"c13","body":{"in_reply_to":27,"messages":[2,1,0,6,5,9,11,12,15,18,14,17,20,23,19,21,26,22,25,30,28,32,29,31,35,34,37,40,42,38,41,45,44,49,52,48,51,54,53,56,58,60,65,64,59,62,69,68,63,67,72,75,71,73,3,4,7,8,10,13,16,24,27,33,36,39,43,46,47,50,55,57,61,66,70,76,74,78,77,81,79,80,82,83],"type":"read_ok"}}
2025/06/29 15:31:50 Sent {"src":"n4","dest":"n1","body":{"messages":[2,1,0,6,5,9,11,12,15,18,14,17,20,23,19,21,26,22,25,30,28,32,29,31,35,34,37,40,42,38,41,45,44,49,52,48,51,54,53,56,58,60,65,64,59,62,69,68,63,67,72,75,71,73,3,4,7,8,10,13,16,24,27,33,36,39,43,46,47,50,55,57,61,66,70,76,74,78,77,81,79,80,82,83],"msg_id":66,"type":"broadcast"}}
2025/06/29 15:31:50 Sent {"src":"n4","dest":"n3","body":{"messages":[2,1,0,6,5,9,11,12,15,18,14,17,20,23,19,21,26,22,25,30,28,32,29,31,35,34,37,40,42,38,41,45,44,49,52,48,51,54,53,56,58,60,65,64,59,62,69,68,63,67,72,75,71,73,3,4,7,8,10,13,16,24,27,33,36,39,43,46,47,50,55,57,61,66,70,76,74,78,77,81,79,80,82,83],"msg_id":65,"type":"broadcast"}}
2025/06/29 15:31:50 Received {n1 n4 {"messages":[0,2,1,6,5,9,11,12,14,17,15,18,19,21,22,20,25,23,26,28,29,31,30,32,34,37,35,40,38,41,42,45,48,44,49,51,53,52,54,56,58,60,59,62,65,63,67,64,69,71,68,73,3,4,7,8,10,13,16,24,27,33,36,39,43,46,47,50,55,57,61,66,70,76,72,74,78,75,77,79,82,83,81],"msg_id":99,"type":"broadcast"}}
2025/06/29 15:31:50 Received {n1 n4 {"in_reply_to":66,"type":"broadcast_ok"}}
2025/06/29 15:31:50 Sent {"src":"n4","dest":"n1","body":{"in_reply_to":99,"type":"broadcast_ok"}}
2025/06/29 15:31:50 Received {n3 n4 {"messages":[1,2,0,5,6,9,11,12,15,18,14,17,20,23,19,21,26,30,22,25,28,32,29,31,35,34,37,40,42,44,38,41,45,49,52,48,51,54,56,53,58,60,64,65,68,59,62,69,72,63,67,75,3,4,7,8,10,13,16,24,27,33,36,39,43,46,47,50,55,57,61,66,70,76,71,73,77,80,74,78,82,83,81],"msg_id":65,"type":"broadcast"}}
2025/06/29 15:31:50 Received {n3 n4 {"in_reply_to":65,"type":"broadcast_ok"}}
2025/06/29 15:31:50 Sent {"src":"n4","dest":"n3","body":{"in_reply_to":65,"type":"broadcast_ok"}}
2025/06/29 15:31:51 Received {c13 n4 {"type":"broadcast","message":86,"msg_id":28}}
2025/06/29 15:31:51 Sent {"src":"n4","dest":"c13","body":{"in_reply_to":28,"type":"broadcast_ok"}}
2025/06/29 15:31:51 Sent {"src":"n4","dest":"n3","body":{"messages":[2,1,0,6,5,9,11,12,15,18,14,17,20,23,19,21,26,22,25,30,28,32,29,31,35,34,37,40,42,38,41,45,44,49,52,48,51,54,53,56,58,60,65,64,59,62,69,68,63,67,72,75,71,73,3,4,7,8,10,13,16,24,27,33,36,39,43,46,47,50,55,57,61,66,70,76,74,78,77,81,79,80,82,83,86],"msg_id":67,"type":"broadcast"}}
2025/06/29 15:31:51 Sent {"src":"n4","dest":"n1","body":{"messages":[2,1,0,6,5,9,11,12,15,18,14,17,20,23,19,21,26,22,25,30,28,32,29,31,35,34,37,40,42,38,41,45,44,49,52,48,51,54,53,56,58,60,65,64,59,62,69,68,63,67,72,75,71,73,3,4,7,8,10,13,16,24,27,33,36,39,43,46,47,50,55,57,61,66,70,76,74,78,77,81,79,80,82,83,86],"msg_id":68,"type":"broadcast"}}
2025/06/29 15:31:51 Received {n1 n4 {"messages":[0,2,1,6,5,9,11,12,14,17,15,18,19,21,22,20,25,23,26,28,29,31,30,32,34,37,35,40,38,41,42,45,48,44,49,51,53,52,54,56,58,60,59,62,65,63,67,64,69,71,68,73,3,4,7,8,10,13,16,24,27,33,36,39,43,46,47,50,55,57,61,66,70,76,72,74,78,75,77,79,82,83,81,80],"msg_id":101,"type":"broadcast"}}
2025/06/29 15:31:51 Received {n3 n4 {"in_reply_to":67,"type":"broadcast_ok"}}
2025/06/29 15:31:51 Sent {"src":"n4","dest":"n1","body":{"in_reply_to":101,"type":"broadcast_ok"}}
2025/06/29 15:31:51 Received {n3 n4 {"messages":[1,2,0,5,6,9,11,12,15,18,14,17,20,23,19,21,26,30,22,25,28,32,29,31,35,34,37,40,42,44,38,41,45,49,52,48,51,54,56,53,58,60,64,65,68,59,62,69,72,63,67,75,3,4,7,8,10,13,16,24,27,33,36,39,43,46,47,50,55,57,61,66,70,76,71,73,77,80,74,78,82,83,81,79,85,86],"msg_id":67,"type":"broadcast"}}
2025/06/29 15:31:51 Received {n1 n4 {"in_reply_to":68,"type":"broadcast_ok"}}
2025/06/29 15:31:51 Sent {"src":"n4","dest":"n3","body":{"in_reply_to":67,"type":"broadcast_ok"}}
2025/06/29 15:31:51 Received {c13 n4 {"type":"read","msg_id":29}}
2025/06/29 15:31:51 Sent {"src":"n4","dest":"c13","body":{"in_reply_to":29,"messages":[2,1,0,6,5,9,11,12,15,18,14,17,20,23,19,21,26,22,25,30,28,32,29,31,35,34,37,40,42,38,41,45,44,49,52,48,51,54,53,56,58,60,65,64,59,62,69,68,63,67,72,75,71,73,3,4,7,8,10,13,16,24,27,33,36,39,43,46,47,50,55,57,61,66,70,76,74,78,77,81,79,80,82,83,86,85],"type":"read_ok"}}
2025/06/29 15:31:51 Sent {"src":"n4","dest":"n1","body":{"messages":[2,1,0,6,5,9,11,12,15,18,14,17,20,23,19,21,26,22,25,30,28,32,29,31,35,34,37,40,42,38,41,45,44,49,52,48,51,54,53,56,58,60,65,64,59,62,69,68,63,67,72,75,71,73,3,4,7,8,10,13,16,24,27,33,36,39,43,46,47,50,55,57,61,66,70,76,74,78,77,81,79,80,82,83,86,85],"msg_id":70,"type":"broadcast"}}
2025/06/29 15:31:51 Sent {"src":"n4","dest":"n3","body":{"messages":[2,1,0,6,5,9,11,12,15,18,14,17,20,23,19,21,26,22,25,30,28,32,29,31,35,34,37,40,42,38,41,45,44,49,52,48,51,54,53,56,58,60,65,64,59,62,69,68,63,67,72,75,71,73,3,4,7,8,10,13,16,24,27,33,36,39,43,46,47,50,55,57,61,66,70,76,74,78,77,81,79,80,82,83,86,85],"msg_id":69,"type":"broadcast"}}
2025/06/29 15:31:51 Received {n3 n4 {"messages":[1,2,0,5,6,9,11,12,15,18,14,17,20,23,19,21,26,30,22,25,28,32,29,31,35,34,37,40,42,44,38,41,45,49,52,48,51,54,56,53,58,60,64,65,68,59,62,69,72,63,67,75,3,4,7,8,10,13,16,24,27,33,36,39,43,46,47,50,55,57,61,66,70,76,71,73,77,80,74,78,82,83,81,79,85,86],"msg_id":69,"type":"broadcast"}}
2025/06/29 15:31:51 Received {n1 n4 {"messages":[0,2,1,6,5,9,11,12,14,17,15,18,19,21,22,20,25,23,26,28,29,31,30,32,34,37,35,40,38,41,42,45,48,44,49,51,53,52,54,56,58,60,59,62,65,63,67,64,69,71,68,73,3,4,7,8,10,13,16,24,27,33,36,39,43,46,47,50,55,57,61,66,70,76,72,74,78,75,77,79,82,83,81,80,86,84],"msg_id":104,"type":"broadcast"}}
2025/06/29 15:31:51 Received {n1 n4 {"in_reply_to":70,"type":"broadcast_ok"}}
2025/06/29 15:31:51 Received {n3 n4 {"in_reply_to":69,"type":"broadcast_ok"}}
2025/06/29 15:31:51 Sent {"src":"n4","dest":"n3","body":{"in_reply_to":69,"type":"broadcast_ok"}}
2025/06/29 15:31:51 Sent {"src":"n4","dest":"n1","body":{"in_reply_to":104,"type":"broadcast_ok"}}
2025/06/29 15:31:52 Sent {"src":"n4","dest":"n3","body":{"messages":[2,1,0,6,5,9,11,12,15,18,14,17,20,23,19,21,26,22,25,30,28,32,29,31,35,34,37,40,42,38,41,45,44,49,52,48,51,54,53,56,58,60,65,64,59,62,69,68,63,67,72,75,71,73,3,4,7,8,10,13,16,24,27,33,36,39,43,46,47,50,55,57,61,66,70,76,74,78,77,81,79,80,82,83,86,85,84],"msg_id":71,"type":"broadcast"}}
2025/06/29 15:31:52 Sent {"src":"n4","dest":"n1","body":{"messages":[2,1,0,6,5,9,11,12,15,18,14,17,20,23,19,21,26,22,25,30,28,32,29,31,35,34,37,40,42,38,41,45,44,49,52,48,51,54,53,56,58,60,65,64,59,62,69,68,63,67,72,75,71,73,3,4,7,8,10,13,16,24,27,33,36,39,43,46,47,50,55,57,61,66,70,76,74,78,77,81,79,80,82,83,86,85,84],"msg_id":72,"type":"broadcast"}}
2025/06/29 15:31:52 Received {n3 n4 {"messages":[1,2,0,5,6,9,11,12,15,18,14,17,20,23,19,21,26,30,22,25,28,32,29,31,35,34,37,40,42,44,38,41,45,49,52,48,51,54,56,53,58,60,64,65,68,59,62,69,72,63,67,75,3,4,7,8,10,13,16,24,27,33,36,39,43,46,47,50,55,57,61,66,70,76,71,73,77,80,74,78,82,83,81,79,85,86,88,89],"msg_id":71,"type":"broadcast"}}
2025/06/29 15:31:52 Sent {"src":"n4","dest":"n3","body":{"in_reply_to":71,"type":"broadcast_ok"}}
2025/06/29 15:31:52 Received {n3 n4 {"in_reply_to":71,"type":"broadcast_ok"}}
2025/06/29 15:31:52 Received {n1 n4 {"messages":[0,2,1,6,5,9,11,12,14,17,15,18,19,21,22,20,25,23,26,28,29,31,30,32,34,37,35,40,38,41,42,45,48,44,49,51,53,52,54,56,58,60,59,62,65,63,67,64,69,71,68,73,3,4,7,8,10,13,16,24,27,33,36,39,43,46,47,50,55,57,61,66,70,76,72,74,78,75,77,79,82,83,81,80,86,84,85,87,88],"msg_id":107,"type":"broadcast"}}
2025/06/29 15:31:52 Sent {"src":"n4","dest":"n1","body":{"in_reply_to":107,"type":"broadcast_ok"}}
2025/06/29 15:31:52 Received {n1 n4 {"in_reply_to":72,"type":"broadcast_ok"}}
2025/06/29 15:31:52 Received {c13 n4 {"type":"read","msg_id":30}}
2025/06/29 15:31:52 Sent {"src":"n4","dest":"c13","body":{"in_reply_to":30,"messages":[2,1,0,6,5,9,11,12,15,18,14,17,20,23,19,21,26,22,25,30,28,32,29,31,35,34,37,40,42,38,41,45,44,49,52,48,51,54,53,56,58,60,65,64,59,62,69,68,63,67,72,75,71,73,3,4,7,8,10,13,16,24,27,33,36,39,43,46,47,50,55,57,61,66,70,76,74,78,77,81,79,80,82,83,86,85,84,88,89,87],"type":"read_ok"}}
2025/06/29 15:31:52 Sent {"src":"n4","dest":"n3","body":{"messages":[2,1,0,6,5,9,11,12,15,18,14,17,20,23,19,21,26,22,25,30,28,32,29,31,35,34,37,40,42,38,41,45,44,49,52,48,51,54,53,56,58,60,65,64,59,62,69,68,63,67,72,75,71,73,3,4,7,8,10,13,16,24,27,33,36,39,43,46,47,50,55,57,61,66,70,76,74,78,77,81,79,80,82,83,86,85,84,88,89,87],"msg_id":73,"type":"broadcast"}}
2025/06/29 15:31:52 Sent {"src":"n4","dest":"n1","body":{"messages":[2,1,0,6,5,9,11,12,15,18,14,17,20,23,19,21,26,22,25,30,28,32,29,31,35,34,37,40,42,38,41,45,44,49,52,48,51,54,53,56,58,60,65,64,59,62,69,68,63,67,72,75,71,73,3,4,7,8,10,13,16,24,27,33,36,39,43,46,47,50,55,57,61,66,70,76,74,78,77,81,79,80,82,83,86,85,84,88,89,87],"msg_id":74,"type":"broadcast"}}
2025/06/29 15:31:52 Received {n1 n4 {"messages":[0,2,1,6,5,9,11,12,14,17,15,18,19,21,22,20,25,23,26,28,29,31,30,32,34,37,35,40,38,41,42,45,48,44,49,51,53,52,54,56,58,60,59,62,65,63,67,64,69,71,68,73,3,4,7,8,10,13,16,24,27,33,36,39,43,46,47,50,55,57,61,66,70,76,72,74,78,75,77,79,82,83,81,80,86,84,85,87,88],"msg_id":110,"type":"broadcast"}}
2025/06/29 15:31:52 Sent {"src":"n4","dest":"n1","body":{"in_reply_to":110,"type":"broadcast_ok"}}
2025/06/29 15:31:52 Received {n3 n4 {"messages":[1,2,0,5,6,9,11,12,15,18,14,17,20,23,19,21,26,30,22,25,28,32,29,31,35,34,37,40,42,44,38,41,45,49,52,48,51,54,56,53,58,60,64,65,68,59,62,69,72,63,67,75,3,4,7,8,10,13,16,24,27,33,36,39,43,46,47,50,55,57,61,66,70,76,71,73,77,80,74,78,82,83,81,79,85,86,88,89,84],"msg_id":73,"type":"broadcast"}}
2025/06/29 15:31:52 Sent {"src":"n4","dest":"n3","body":{"in_reply_to":73,"type":"broadcast_ok"}}
2025/06/29 15:31:52 Received {n3 n4 {"in_reply_to":73,"type":"broadcast_ok"}}
2025/06/29 15:31:52 Received {n1 n4 {"in_reply_to":74,"type":"broadcast_ok"}}
2025/06/29 15:31:53 Received {c13 n4 {"type":"broadcast","message":91,"msg_id":31}}
2025/06/29 15:31:53 Sent {"src":"n4","dest":"c13","body":{"in_reply_to":31,"type":"broadcast_ok"}}
2025/06/29 15:31:53 Sent {"src":"n4","dest":"n3","body":{"messages":[2,1,0,6,5,9,11,12,15,18,14,17,20,23,19,21,26,22,25,30,28,32,29,31,35,34,37,40,42,38,41,45,44,49,52,48,51,54,53,56,58,60,65,64,59,62,69,68,63,67,72,75,71,73,3,4,7,8,10,13,16,24,27,33,36,39,43,46,47,50,55,57,61,66,70,76,74,78,77,81,79,80,82,83,86,85,84,88,89,87,91],"msg_id":75,"type":"broadcast"}}
2025/06/29 15:31:53 Sent {"src":"n4","dest":"n1","body":{"messages":[2,1,0,6,5,9,11,12,15,18,14,17,20,23,19,21,26,22,25,30,28,32,29,31,35,34,37,40,42,38,41,45,44,49,52,48,51,54,53,56,58,60,65,64,59,62,69,68,63,67,72,75,71,73,3,4,7,8,10,13,16,24,27,33,36,39,43,46,47,50,55,57,61,66,70,76,74,78,77,81,79,80,82,83,86,85,84,88,89,87,91],"msg_id":76,"type":"broadcast"}}
2025/06/29 15:31:53 Received {n1 n4 {"messages":[0,2,1,6,5,9,11,12,14,17,15,18,19,21,22,20,25,23,26,28,29,31,30,32,34,37,35,40,38,41,42,45,48,44,49,51,53,52,54,56,58,60,59,62,65,63,67,64,69,71,68,73,3,4,7,8,10,13,16,24,27,33,36,39,43,46,47,50,55,57,61,66,70,76,72,74,78,75,77,79,82,83,81,80,86,84,85,87,88,89,90],"msg_id":113,"type":"broadcast"}}
2025/06/29 15:31:53 Sent {"src":"n4","dest":"n1","body":{"in_reply_to":113,"type":"broadcast_ok"}}
2025/06/29 15:31:53 Received {n3 n4 {"messages":[1,2,0,5,6,9,11,12,15,18,14,17,20,23,19,21,26,30,22,25,28,32,29,31,35,34,37,40,42,44,38,41,45,49,52,48,51,54,56,53,58,60,64,65,68,59,62,69,72,63,67,75,3,4,7,8,10,13,16,24,27,33,36,39,43,46,47,50,55,57,61,66,70,76,71,73,77,80,74,78,82,83,81,79,85,86,88,89,84,87,90],"msg_id":76,"type":"broadcast"}}
2025/06/29 15:31:53 Sent {"src":"n4","dest":"n3","body":{"in_reply_to":76,"type":"broadcast_ok"}}
2025/06/29 15:31:53 Received {n3 n4 {"in_reply_to":75,"type":"broadcast_ok"}}
2025/06/29 15:31:53 Received {n1 n4 {"in_reply_to":76,"type":"broadcast_ok"}}
2025/06/29 15:31:53 Received {c13 n4 {"type":"read","msg_id":32}}
2025/06/29 15:31:53 Sent {"src":"n4","dest":"c13","body":{"in_reply_to":32,"messages":[2,1,0,6,5,9,11,12,15,18,14,17,20,23,19,21,26,22,25,30,28,32,29,31,35,34,37,40,42,38,41,45,44,49,52,48,51,54,53,56,58,60,65,64,59,62,69,68,63,67,72,75,71,73,3,4,7,8,10,13,16,24,27,33,36,39,43,46,47,50,55,57,61,66,70,76,74,78,77,81,79,80,82,83,86,85,84,88,89,87,91,90],"type":"read_ok"}}
2025/06/29 15:31:53 Sent {"src":"n4","dest":"n3","body":{"messages":[2,1,0,6,5,9,11,12,15,18,14,17,20,23,19,21,26,22,25,30,28,32,29,31,35,34,37,40,42,38,41,45,44,49,52,48,51,54,53,56,58,60,65,64,59,62,69,68,63,67,72,75,71,73,3,4,7,8,10,13,16,24,27,33,36,39,43,46,47,50,55,57,61,66,70,76,74,78,77,81,79,80,82,83,86,85,84,88,89,87,91,90],"msg_id":77,"type":"broadcast"}}
2025/06/29 15:31:53 Sent {"src":"n4","dest":"n1","body":{"messages":[2,1,0,6,5,9,11,12,15,18,14,17,20,23,19,21,26,22,25,30,28,32,29,31,35,34,37,40,42,38,41,45,44,49,52,48,51,54,53,56,58,60,65,64,59,62,69,68,63,67,72,75,71,73,3,4,7,8,10,13,16,24,27,33,36,39,43,46,47,50,55,57,61,66,70,76,74,78,77,81,79,80,82,83,86,85,84,88,89,87,91,90],"msg_id":78,"type":"broadcast"}}
2025/06/29 15:31:53 Received {n1 n4 {"messages":[0,2,1,6,5,9,11,12,14,17,15,18,19,21,22,20,25,23,26,28,29,31,30,32,34,37,35,40,38,41,42,45,48,44,49,51,53,52,54,56,58,60,59,62,65,63,67,64,69,71,68,73,3,4,7,8,10,13,16,24,27,33,36,39,43,46,47,50,55,57,61,66,70,76,72,74,78,75,77,79,82,83,81,80,86,84,85,87,88,89,90,92,91,93],"msg_id":116,"type":"broadcast"}}
2025/06/29 15:31:53 Received {n3 n4 {"messages":[1,2,0,5,6,9,11,12,15,18,14,17,20,23,19,21,26,30,22,25,28,32,29,31,35,34,37,40,42,44,38,41,45,49,52,48,51,54,56,53,58,60,64,65,68,59,62,69,72,63,67,75,3,4,7,8,10,13,16,24,27,33,36,39,43,46,47,50,55,57,61,66,70,76,71,73,77,80,74,78,82,83,81,79,85,86,88,89,84,87,90,92,91],"msg_id":77,"type":"broadcast"}}
2025/06/29 15:31:53 Sent {"src":"n4","dest":"n1","body":{"in_reply_to":116,"type":"broadcast_ok"}}
2025/06/29 15:31:53 Sent {"src":"n4","dest":"n3","body":{"in_reply_to":77,"type":"broadcast_ok"}}
2025/06/29 15:31:53 Received {n3 n4 {"in_reply_to":77,"type":"broadcast_ok"}}
2025/06/29 15:31:53 Received {n1 n4 {"in_reply_to":78,"type":"broadcast_ok"}}
2025/06/29 15:31:54 Sent {"src":"n4","dest":"n3","body":{"messages":[2,1,0,6,5,9,11,12,15,18,14,17,20,23,19,21,26,22,25,30,28,32,29,31,35,34,37,40,42,38,41,45,44,49,52,48,51,54,53,56,58,60,65,64,59,62,69,68,63,67,72,75,71,73,3,4,7,8,10,13,16,24,27,33,36,39,43,46,47,50,55,57,61,66,70,76,74,78,77,81,79,80,82,83,86,85,84,88,89,87,91,90,92,93],"msg_id":79,"type":"broadcast"}}
2025/06/29 15:31:54 Sent {"src":"n4","dest":"n1","body":{"messages":[2,1,0,6,5,9,11,12,15,18,14,17,20,23,19,21,26,22,25,30,28,32,29,31,35,34,37,40,42,38,41,45,44,49,52,48,51,54,53,56,58,60,65,64,59,62,69,68,63,67,72,75,71,73,3,4,7,8,10,13,16,24,27,33,36,39,43,46,47,50,55,57,61,66,70,76,74,78,77,81,79,80,82,83,86,85,84,88,89,87,91,90,92,93],"msg_id":80,"type":"broadcast"}}
2025/06/29 15:31:54 Received {n3 n4 {"messages":[1,2,0,5,6,9,11,12,15,18,14,17,20,23,19,21,26,30,22,25,28,32,29,31,35,34,37,40,42,44,38,41,45,49,52,48,51,54,56,53,58,60,64,65,68,59,62,69,72,63,67,75,3,4,7,8,10,13,16,24,27,33,36,39,43,46,47,50,55,57,61,66,70,76,71,73,77,80,74,78,82,83,81,79,85,86,88,89,84,87,90,92,91,95],"msg_id":80,"type":"broadcast"}}
2025/06/29 15:31:54 Received {n1 n4 {"messages":[0,2,1,6,5,9,11,12,14,17,15,18,19,21,22,20,25,23,26,28,29,31,30,32,34,37,35,40,38,41,42,45,48,44,49,51,53,52,54,56,58,60,59,62,65,63,67,64,69,71,68,73,3,4,7,8,10,13,16,24,27,33,36,39,43,46,47,50,55,57,61,66,70,76,72,74,78,75,77,79,82,83,81,80,86,84,85,87,88,89,90,92,91,93,94,95,97],"msg_id":119,"type":"broadcast"}}
2025/06/29 15:31:54 Sent {"src":"n4","dest":"n3","body":{"in_reply_to":80,"type":"broadcast_ok"}}
2025/06/29 15:31:54 Sent {"src":"n4","dest":"n1","body":{"in_reply_to":119,"type":"broadcast_ok"}}
2025/06/29 15:31:54 Received {n1 n4 {"in_reply_to":80,"type":"broadcast_ok"}}
2025/06/29 15:31:54 Received {n3 n4 {"in_reply_to":79,"type":"broadcast_ok"}}
2025/06/29 15:31:54 Sent {"src":"n4","dest":"n3","body":{"messages":[2,1,0,6,5,9,11,12,15,18,14,17,20,23,19,21,26,22,25,30,28,32,29,31,35,34,37,40,42,38,41,45,44,49,52,48,51,54,53,56,58,60,65,64,59,62,69,68,63,67,72,75,71,73,3,4,7,8,10,13,16,24,27,33,36,39,43,46,47,50,55,57,61,66,70,76,74,78,77,81,79,80,82,83,86,85,84,88,89,87,91,90,92,93,95,94,97],"msg_id":81,"type":"broadcast"}}
2025/06/29 15:31:54 Sent {"src":"n4","dest":"n1","body":{"messages":[2,1,0,6,5,9,11,12,15,18,14,17,20,23,19,21,26,22,25,30,28,32,29,31,35,34,37,40,42,38,41,45,44,49,52,48,51,54,53,56,58,60,65,64,59,62,69,68,63,67,72,75,71,73,3,4,7,8,10,13,16,24,27,33,36,39,43,46,47,50,55,57,61,66,70,76,74,78,77,81,79,80,82,83,86,85,84,88,89,87,91,90,92,93,95,94,97],"msg_id":82,"type":"broadcast"}}
2025/06/29 15:31:54 Received {n3 n4 {"messages":[1,2,0,5,6,9,11,12,15,18,14,17,20,23,19,21,26,30,22,25,28,32,29,31,35,34,37,40,42,44,38,41,45,49,52,48,51,54,56,53,58,60,64,65,68,59,62,69,72,63,67,75,3,4,7,8,10,13,16,24,27,33,36,39,43,46,47,50,55,57,61,66,70,76,71,73,77,80,74,78,82,83,81,79,85,86,88,89,84,87,90,92,91,95,93,96],"msg_id":81,"type":"broadcast"}}
2025/06/29 15:31:54 Sent {"src":"n4","dest":"n3","body":{"in_reply_to":81,"type":"broadcast_ok"}}
2025/06/29 15:31:54 Received {n1 n4 {"messages":[0,2,1,6,5,9,11,12,14,17,15,18,19,21,22,20,25,23,26,28,29,31,30,32,34,37,35,40,38,41,42,45,48,44,49,51,53,52,54,56,58,60,59,62,65,63,67,64,69,71,68,73,3,4,7,8,10,13,16,24,27,33,36,39,43,46,47,50,55,57,61,66,70,76,72,74,78,75,77,79,82,83,81,80,86,84,85,87,88,89,90,92,91,93,94,95,97,96],"msg_id":122,"type":"broadcast"}}
2025/06/29 15:31:54 Sent {"src":"n4","dest":"n1","body":{"in_reply_to":122,"type":"broadcast_ok"}}
2025/06/29 15:31:54 Received {n1 n4 {"in_reply_to":82,"type":"broadcast_ok"}}
2025/06/29 15:31:54 Received {n3 n4 {"in_reply_to":81,"type":"broadcast_ok"}}
2025/06/29 15:31:55 Sent {"src":"n4","dest":"n3","body":{"messages":[2,1,0,6,5,9,11,12,15,18,14,17,20,23,19,21,26,22,25,30,28,32,29,31,35,34,37,40,42,38,41,45,44,49,52,48,51,54,53,56,58,60,65,64,59,62,69,68,63,67,72,75,71,73,3,4,7,8,10,13,16,24,27,33,36,39,43,46,47,50,55,57,61,66,70,76,74,78,77,81,79,80,82,83,86,85,84,88,89,87,91,90,92,93,95,94,97,96],"msg_id":83,"type":"broadcast"}}
2025/06/29 15:31:55 Sent {"src":"n4","dest":"n1","body":{"messages":[2,1,0,6,5,9,11,12,15,18,14,17,20,23,19,21,26,22,25,30,28,32,29,31,35,34,37,40,42,38,41,45,44,49,52,48,51,54,53,56,58,60,65,64,59,62,69,68,63,67,72,75,71,73,3,4,7,8,10,13,16,24,27,33,36,39,43,46,47,50,55,57,61,66,70,76,74,78,77,81,79,80,82,83,86,85,84,88,89,87,91,90,92,93,95,94,97,96],"msg_id":84,"type":"broadcast"}}
2025/06/29 15:31:55 Received {n3 n4 {"messages":[1,2,0,5,6,9,11,12,15,18,14,17,20,23,19,21,26,30,22,25,28,32,29,31,35,34,37,40,42,44,38,41,45,49,52,48,51,54,56,53,58,60,64,65,68,59,62,69,72,63,67,75,3,4,7,8,10,13,16,24,27,33,36,39,43,46,47,50,55,57,61,66,70,76,71,73,77,80,74,78,82,83,81,79,85,86,88,89,84,87,90,92,91,95,93,96,94,97],"msg_id":83,"type":"broadcast"}}
2025/06/29 15:31:55 Sent {"src":"n4","dest":"n3","body":{"in_reply_to":83,"type":"broadcast_ok"}}
2025/06/29 15:31:55 Received {n1 n4 {"messages":[0,2,1,6,5,9,11,12,14,17,15,18,19,21,22,20,25,23,26,28,29,31,30,32,34,37,35,40,38,41,42,45,48,44,49,51,53,52,54,56,58,60,59,62,65,63,67,64,69,71,68,73,3,4,7,8,10,13,16,24,27,33,36,39,43,46,47,50,55,57,61,66,70,76,72,74,78,75,77,79,82,83,81,80,86,84,85,87,88,89,90,92,91,93,94,95,97,96],"msg_id":125,"type":"broadcast"}}
2025/06/29 15:31:55 Received {n3 n4 {"in_reply_to":83,"type":"broadcast_ok"}}
2025/06/29 15:31:55 Received {n1 n4 {"in_reply_to":84,"type":"broadcast_ok"}}
2025/06/29 15:31:55 Sent {"src":"n4","dest":"n1","body":{"in_reply_to":125,"type":"broadcast_ok"}}
2025/06/29 15:31:55 Sent {"src":"n4","dest":"n3","body":{"messages":[2,1,0,6,5,9,11,12,15,18,14,17,20,23,19,21,26,22,25,30,28,32,29,31,35,34,37,40,42,38,41,45,44,49,52,48,51,54,53,56,58,60,65,64,59,62,69,68,63,67,72,75,71,73,3,4,7,8,10,13,16,24,27,33,36,39,43,46,47,50,55,57,61,66,70,76,74,78,77,81,79,80,82,83,86,85,84,88,89,87,91,90,92,93,95,94,97,96],"msg_id":85,"type":"broadcast"}}
2025/06/29 15:31:55 Sent {"src":"n4","dest":"n1","body":{"messages":[2,1,0,6,5,9,11,12,15,18,14,17,20,23,19,21,26,22,25,30,28,32,29,31,35,34,37,40,42,38,41,45,44,49,52,48,51,54,53,56,58,60,65,64,59,62,69,68,63,67,72,75,71,73,3,4,7,8,10,13,16,24,27,33,36,39,43,46,47,50,55,57,61,66,70,76,74,78,77,81,79,80,82,83,86,85,84,88,89,87,91,90,92,93,95,94,97,96],"msg_id":86,"type":"broadcast"}}
2025/06/29 15:31:55 Received {n3 n4 {"messages":[1,2,0,5,6,9,11,12,15,18,14,17,20,23,19,21,26,30,22,25,28,32,29,31,35,34,37,40,42,44,38,41,45,49,52,48,51,54,56,53,58,60,64,65,68,59,62,69,72,63,67,75,3,4,7,8,10,13,16,24,27,33,36,39,43,46,47,50,55,57,61,66,70,76,71,73,77,80,74,78,82,83,81,79,85,86,88,89,84,87,90,92,91,95,93,96,94,97],"msg_id":85,"type":"broadcast"}}
2025/06/29 15:31:55 Sent {"src":"n4","dest":"n3","body":{"in_reply_to":85,"type":"broadcast_ok"}}
2025/06/29 15:31:55 Received {n1 n4 {"messages":[0,2,1,6,5,9,11,12,14,17,15,18,19,21,22,20,25,23,26,28,29,31,30,32,34,37,35,40,38,41,42,45,48,44,49,51,53,52,54,56,58,60,59,62,65,63,67,64,69,71,68,73,3,4,7,8,10,13,16,24,27,33,36,39,43,46,47,50,55,57,61,66,70,76,72,74,78,75,77,79,82,83,81,80,86,84,85,87,88,89,90,92,91,93,94,95,97,96],"msg_id":128,"type":"broadcast"}}
2025/06/29 15:31:55 Sent {"src":"n4","dest":"n1","body":{"in_reply_to":128,"type":"broadcast_ok"}}
2025/06/29 15:31:55 Received {n3 n4 {"in_reply_to":85,"type":"broadcast_ok"}}
2025/06/29 15:31:55 Received {n1 n4 {"in_reply_to":86,"type":"broadcast_ok"}}
2025/06/29 15:31:56 Received {n3 n4 {"messages":[1,2,0,5,6,9,11,12,15,18,14,17,20,23,19,21,26,30,22,25,28,32,29,31,35,34,37,40,42,44,38,41,45,49,52,48,51,54,56,53,58,60,64,65,68,59,62,69,72,63,67,75,3,4,7,8,10,13,16,24,27,33,36,39,43,46,47,50,55,57,61,66,70,76,71,73,77,80,74,78,82,83,81,79,85,86,88,89,84,87,90,92,91,95,93,96,94,97],"msg_id":87,"type":"broadcast"}}
2025/06/29 15:31:56 Sent {"src":"n4","dest":"n3","body":{"messages":[2,1,0,6,5,9,11,12,15,18,14,17,20,23,19,21,26,22,25,30,28,32,29,31,35,34,37,40,42,38,41,45,44,49,52,48,51,54,53,56,58,60,65,64,59,62,69,68,63,67,72,75,71,73,3,4,7,8,10,13,16,24,27,33,36,39,43,46,47,50,55,57,61,66,70,76,74,78,77,81,79,80,82,83,86,85,84,88,89,87,91,90,92,93,95,94,97,96],"msg_id":87,"type":"broadcast"}}
2025/06/29 15:31:56 Sent {"src":"n4","dest":"n1","body":{"messages":[2,1,0,6,5,9,11,12,15,18,14,17,20,23,19,21,26,22,25,30,28,32,29,31,35,34,37,40,42,38,41,45,44,49,52,48,51,54,53,56,58,60,65,64,59,62,69,68,63,67,72,75,71,73,3,4,7,8,10,13,16,24,27,33,36,39,43,46,47,50,55,57,61,66,70,76,74,78,77,81,79,80,82,83,86,85,84,88,89,87,91,90,92,93,95,94,97,96],"msg_id":88,"type":"broadcast"}}
2025/06/29 15:31:56 Sent {"src":"n4","dest":"n3","body":{"in_reply_to":87,"type":"broadcast_ok"}}
2025/06/29 15:31:56 Received {n1 n4 {"messages":[0,2,1,6,5,9,11,12,14,17,15,18,19,21,22,20,25,23,26,28,29,31,30,32,34,37,35,40,38,41,42,45,48,44,49,51,53,52,54,56,58,60,59,62,65,63,67,64,69,71,68,73,3,4,7,8,10,13,16,24,27,33,36,39,43,46,47,50,55,57,61,66,70,76,72,74,78,75,77,79,82,83,81,80,86,84,85,87,88,89,90,92,91,93,94,95,97,96],"msg_id":130,"type":"broadcast"}}
2025/06/29 15:31:56 Sent {"src":"n4","dest":"n1","body":{"in_reply_to":130,"type":"broadcast_ok"}}
2025/06/29 15:31:56 Received {n1 n4 {"in_reply_to":88,"type":"broadcast_ok"}}
2025/06/29 15:31:56 Received {n3 n4 {"in_reply_to":87,"type":"broadcast_ok"}}
2025/06/29 15:31:56 Received {n3 n4 {"messages":[1,2,0,5,6,9,11,12,15,18,14,17,20,23,19,21,26,30,22,25,28,32,29,31,35,34,37,40,42,44,38,41,45,49,52,48,51,54,56,53,58,60,64,65,68,59,62,69,72,63,67,75,3,4,7,8,10,13,16,24,27,33,36,39,43,46,47,50,55,57,61,66,70,76,71,73,77,80,74,78,82,83,81,79,85,86,88,89,84,87,90,92,91,95,93,96,94,97],"msg_id":89,"type":"broadcast"}}
2025/06/29 15:31:56 Sent {"src":"n4","dest":"n3","body":{"in_reply_to":89,"type":"broadcast_ok"}}
2025/06/29 15:31:56 Received {n1 n4 {"messages":[0,2,1,6,5,9,11,12,14,17,15,18,19,21,22,20,25,23,26,28,29,31,30,32,34,37,35,40,38,41,42,45,48,44,49,51,53,52,54,56,58,60,59,62,65,63,67,64,69,71,68,73,3,4,7,8,10,13,16,24,27,33,36,39,43,46,47,50,55,57,61,66,70,76,72,74,78,75,77,79,82,83,81,80,86,84,85,87,88,89,90,92,91,93,94,95,97,96],"msg_id":134,"type":"broadcast"}}
2025/06/29 15:31:56 Sent {"src":"n4","dest":"n1","body":{"messages":[2,1,0,6,5,9,11,12,15,18,14,17,20,23,19,21,26,22,25,30,28,32,29,31,35,34,37,40,42,38,41,45,44,49,52,48,51,54,53,56,58,60,65,64,59,62,69,68,63,67,72,75,71,73,3,4,7,8,10,13,16,24,27,33,36,39,43,46,47,50,55,57,61,66,70,76,74,78,77,81,79,80,82,83,86,85,84,88,89,87,91,90,92,93,95,94,97,96],"msg_id":89,"type":"broadcast"}}
2025/06/29 15:31:56 Sent {"src":"n4","dest":"n1","body":{"in_reply_to":134,"type":"broadcast_ok"}}
2025/06/29 15:31:56 Sent {"src":"n4","dest":"n3","body":{"messages":[2,1,0,6,5,9,11,12,15,18,14,17,20,23,19,21,26,22,25,30,28,32,29,31,35,34,37,40,42,38,41,45,44,49,52,48,51,54,53,56,58,60,65,64,59,62,69,68,63,67,72,75,71,73,3,4,7,8,10,13,16,24,27,33,36,39,43,46,47,50,55,57,61,66,70,76,74,78,77,81,79,80,82,83,86,85,84,88,89,87,91,90,92,93,95,94,97,96],"msg_id":90,"type":"broadcast"}}
2025/06/29 15:31:56 Received {n3 n4 {"in_reply_to":90,"type":"broadcast_ok"}}
2025/06/29 15:31:56 Received {n1 n4 {"in_reply_to":89,"type":"broadcast_ok"}}
2025/06/29 15:31:57 Received {n3 n4 {"messages":[1,2,0,5,6,9,11,12,15,18,14,17,20,23,19,21,26,30,22,25,28,32,29,31,35,34,37,40,42,44,38,41,45,49,52,48,51,54,56,53,58,60,64,65,68,59,62,69,72,63,67,75,3,4,7,8,10,13,16,24,27,33,36,39,43,46,47,50,55,57,61,66,70,76,71,73,77,80,74,78,82,83,81,79,85,86,88,89,84,87,90,92,91,95,93,96,94,97],"msg_id":92,"type":"broadcast"}}
2025/06/29 15:31:57 Sent {"src":"n4","dest":"n3","body":{"messages":[2,1,0,6,5,9,11,12,15,18,14,17,20,23,19,21,26,22,25,30,28,32,29,31,35,34,37,40,42,38,41,45,44,49,52,48,51,54,53,56,58,60,65,64,59,62,69,68,63,67,72,75,71,73,3,4,7,8,10,13,16,24,27,33,36,39,43,46,47,50,55,57,61,66,70,76,74,78,77,81,79,80,82,83,86,85,84,88,89,87,91,90,92,93,95,94,97,96],"msg_id":91,"type":"broadcast"}}
2025/06/29 15:31:57 Sent {"src":"n4","dest":"n1","body":{"messages":[2,1,0,6,5,9,11,12,15,18,14,17,20,23,19,21,26,22,25,30,28,32,29,31,35,34,37,40,42,38,41,45,44,49,52,48,51,54,53,56,58,60,65,64,59,62,69,68,63,67,72,75,71,73,3,4,7,8,10,13,16,24,27,33,36,39,43,46,47,50,55,57,61,66,70,76,74,78,77,81,79,80,82,83,86,85,84,88,89,87,91,90,92,93,95,94,97,96],"msg_id":92,"type":"broadcast"}}
2025/06/29 15:31:57 Sent {"src":"n4","dest":"n3","body":{"in_reply_to":92,"type":"broadcast_ok"}}
2025/06/29 15:31:57 Received {n1 n4 {"messages":[0,2,1,6,5,9,11,12,14,17,15,18,19,21,22,20,25,23,26,28,29,31,30,32,34,37,35,40,38,41,42,45,48,44,49,51,53,52,54,56,58,60,59,62,65,63,67,64,69,71,68,73,3,4,7,8,10,13,16,24,27,33,36,39,43,46,47,50,55,57,61,66,70,76,72,74,78,75,77,79,82,83,81,80,86,84,85,87,88,89,90,92,91,93,94,95,97,96],"msg_id":136,"type":"broadcast"}}
2025/06/29 15:31:57 Received {n3 n4 {"in_reply_to":91,"type":"broadcast_ok"}}
2025/06/29 15:31:57 Received {n1 n4 {"in_reply_to":92,"type":"broadcast_ok"}}
2025/06/29 15:31:57 Sent {"src":"n4","dest":"n1","body":{"in_reply_to":136,"type":"broadcast_ok"}}
2025/06/29 15:31:57 Received {n3 n4 {"messages":[1,2,0,5,6,9,11,12,15,18,14,17,20,23,19,21,26,30,22,25,28,32,29,31,35,34,37,40,42,44,38,41,45,49,52,48,51,54,56,53,58,60,64,65,68,59,62,69,72,63,67,75,3,4,7,8,10,13,16,24,27,33,36,39,43,46,47,50,55,57,61,66,70,76,71,73,77,80,74,78,82,83,81,79,85,86,88,89,84,87,90,92,91,95,93,96,94,97],"msg_id":93,"type":"broadcast"}}
2025/06/29 15:31:57 Received {n1 n4 {"messages":[0,2,1,6,5,9,11,12,14,17,15,18,19,21,22,20,25,23,26,28,29,31,30,32,34,37,35,40,38,41,42,45,48,44,49,51,53,52,54,56,58,60,59,62,65,63,67,64,69,71,68,73,3,4,7,8,10,13,16,24,27,33,36,39,43,46,47,50,55,57,61,66,70,76,72,74,78,75,77,79,82,83,81,80,86,84,85,87,88,89,90,92,91,93,94,95,97,96],"msg_id":139,"type":"broadcast"}}
2025/06/29 15:31:57 Sent {"src":"n4","dest":"n3","body":{"messages":[2,1,0,6,5,9,11,12,15,18,14,17,20,23,19,21,26,22,25,30,28,32,29,31,35,34,37,40,42,38,41,45,44,49,52,48,51,54,53,56,58,60,65,64,59,62,69,68,63,67,72,75,71,73,3,4,7,8,10,13,16,24,27,33,36,39,43,46,47,50,55,57,61,66,70,76,74,78,77,81,79,80,82,83,86,85,84,88,89,87,91,90,92,93,95,94,97,96],"msg_id":93,"type":"broadcast"}}
2025/06/29 15:31:57 Sent {"src":"n4","dest":"n1","body":{"messages":[2,1,0,6,5,9,11,12,15,18,14,17,20,23,19,21,26,22,25,30,28,32,29,31,35,34,37,40,42,38,41,45,44,49,52,48,51,54,53,56,58,60,65,64,59,62,69,68,63,67,72,75,71,73,3,4,7,8,10,13,16,24,27,33,36,39,43,46,47,50,55,57,61,66,70,76,74,78,77,81,79,80,82,83,86,85,84,88,89,87,91,90,92,93,95,94,97,96],"msg_id":94,"type":"broadcast"}}
2025/06/29 15:31:57 Sent {"src":"n4","dest":"n3","body":{"in_reply_to":93,"type":"broadcast_ok"}}
2025/06/29 15:31:57 Sent {"src":"n4","dest":"n1","body":{"in_reply_to":139,"type":"broadcast_ok"}}
2025/06/29 15:31:57 Received {n3 n4 {"in_reply_to":93,"type":"broadcast_ok"}}
2025/06/29 15:31:57 Received {n1 n4 {"in_reply_to":94,"type":"broadcast_ok"}}
2025/06/29 15:31:58 Sent {"src":"n4","dest":"n3","body":{"messages":[2,1,0,6,5,9,11,12,15,18,14,17,20,23,19,21,26,22,25,30,28,32,29,31,35,34,37,40,42,38,41,45,44,49,52,48,51,54,53,56,58,60,65,64,59,62,69,68,63,67,72,75,71,73,3,4,7,8,10,13,16,24,27,33,36,39,43,46,47,50,55,57,61,66,70,76,74,78,77,81,79,80,82,83,86,85,84,88,89,87,91,90,92,93,95,94,97,96],"msg_id":95,"type":"broadcast"}}
2025/06/29 15:31:58 Received {n3 n4 {"messages":[1,2,0,5,6,9,11,12,15,18,14,17,20,23,19,21,26,30,22,25,28,32,29,31,35,34,37,40,42,44,38,41,45,49,52,48,51,54,56,53,58,60,64,65,68,59,62,69,72,63,67,75,3,4,7,8,10,13,16,24,27,33,36,39,43,46,47,50,55,57,61,66,70,76,71,73,77,80,74,78,82,83,81,79,85,86,88,89,84,87,90,92,91,95,93,96,94,97],"msg_id":95,"type":"broadcast"}}
2025/06/29 15:31:58 Sent {"src":"n4","dest":"n3","body":{"in_reply_to":95,"type":"broadcast_ok"}}
2025/06/29 15:31:58 Sent {"src":"n4","dest":"n1","body":{"messages":[2,1,0,6,5,9,11,12,15,18,14,17,20,23,19,21,26,22,25,30,28,32,29,31,35,34,37,40,42,38,41,45,44,49,52,48,51,54,53,56,58,60,65,64,59,62,69,68,63,67,72,75,71,73,3,4,7,8,10,13,16,24,27,33,36,39,43,46,47,50,55,57,61,66,70,76,74,78,77,81,79,80,82,83,86,85,84,88,89,87,91,90,92,93,95,94,97,96],"msg_id":96,"type":"broadcast"}}
2025/06/29 15:31:58 Received {n1 n4 {"messages":[0,2,1,6,5,9,11,12,14,17,15,18,19,21,22,20,25,23,26,28,29,31,30,32,34,37,35,40,38,41,42,45,48,44,49,51,53,52,54,56,58,60,59,62,65,63,67,64,69,71,68,73,3,4,7,8,10,13,16,24,27,33,36,39,43,46,47,50,55,57,61,66,70,76,72,74,78,75,77,79,82,83,81,80,86,84,85,87,88,89,90,92,91,93,94,95,97,96],"msg_id":143,"type":"broadcast"}}
2025/06/29 15:31:58 Sent {"src":"n4","dest":"n1","body":{"in_reply_to":143,"type":"broadcast_ok"}}
2025/06/29 15:31:58 Received {n1 n4 {"in_reply_to":96,"type":"broadcast_ok"}}
2025/06/29 15:31:58 Received {n3 n4 {"in_reply_to":95,"type":"broadcast_ok"}}
2025/06/29 15:31:58 Received {n3 n4 {"messages":[1,2,0,5,6,9,11,12,15,18,14,17,20,23,19,21,26,30,22,25,28,32,29,31,35,34,37,40,42,44,38,41,45,49,52,48,51,54,56,53,58,60,64,65,68,59,62,69,72,63,67,75,3,4,7,8,10,13,16,24,27,33,36,39,43,46,47,50,55,57,61,66,70,76,71,73,77,80,74,78,82,83,81,79,85,86,88,89,84,87,90,92,91,95,93,96,94,97],"msg_id":97,"type":"broadcast"}}
2025/06/29 15:31:58 Sent {"src":"n4","dest":"n3","body":{"in_reply_to":97,"type":"broadcast_ok"}}
2025/06/29 15:31:58 Sent {"src":"n4","dest":"n3","body":{"messages":[2,1,0,6,5,9,11,12,15,18,14,17,20,23,19,21,26,22,25,30,28,32,29,31,35,34,37,40,42,38,41,45,44,49,52,48,51,54,53,56,58,60,65,64,59,62,69,68,63,67,72,75,71,73,3,4,7,8,10,13,16,24,27,33,36,39,43,46,47,50,55,57,61,66,70,76,74,78,77,81,79,80,82,83,86,85,84,88,89,87,91,90,92,93,95,94,97,96],"msg_id":97,"type":"broadcast"}}
2025/06/29 15:31:58 Received {n1 n4 {"messages":[0,2,1,6,5,9,11,12,14,17,15,18,19,21,22,20,25,23,26,28,29,31,30,32,34,37,35,40,38,41,42,45,48,44,49,51,53,52,54,56,58,60,59,62,65,63,67,64,69,71,68,73,3,4,7,8,10,13,16,24,27,33,36,39,43,46,47,50,55,57,61,66,70,76,72,74,78,75,77,79,82,83,81,80,86,84,85,87,88,89,90,92,91,93,94,95,97,96],"msg_id":146,"type":"broadcast"}}
2025/06/29 15:31:58 Sent {"src":"n4","dest":"n1","body":{"messages":[2,1,0,6,5,9,11,12,15,18,14,17,20,23,19,21,26,22,25,30,28,32,29,31,35,34,37,40,42,38,41,45,44,49,52,48,51,54,53,56,58,60,65,64,59,62,69,68,63,67,72,75,71,73,3,4,7,8,10,13,16,24,27,33,36,39,43,46,47,50,55,57,61,66,70,76,74,78,77,81,79,80,82,83,86,85,84,88,89,87,91,90,92,93,95,94,97,96],"msg_id":98,"type":"broadcast"}}
2025/06/29 15:31:58 Sent {"src":"n4","dest":"n1","body":{"in_reply_to":146,"type":"broadcast_ok"}}
2025/06/29 15:31:58 Received {n3 n4 {"in_reply_to":97,"type":"broadcast_ok"}}
2025/06/29 15:31:58 Received {n1 n4 {"in_reply_to":98,"type":"broadcast_ok"}}
2025/06/29 15:31:59 Received {n3 n4 {"messages":[1,2,0,5,6,9,11,12,15,18,14,17,20,23,19,21,26,30,22,25,28,32,29,31,35,34,37,40,42,44,38,41,45,49,52,48,51,54,56,53,58,60,64,65,68,59,62,69,72,63,67,75,3,4,7,8,10,13,16,24,27,33,36,39,43,46,47,50,55,57,61,66,70,76,71,73,77,80,74,78,82,83,81,79,85,86,88,89,84,87,90,92,91,95,93,96,94,97],"msg_id":99,"type":"broadcast"}}
2025/06/29 15:31:59 Received {n1 n4 {"messages":[0,2,1,6,5,9,11,12,14,17,15,18,19,21,22,20,25,23,26,28,29,31,30,32,34,37,35,40,38,41,42,45,48,44,49,51,53,52,54,56,58,60,59,62,65,63,67,64,69,71,68,73,3,4,7,8,10,13,16,24,27,33,36,39,43,46,47,50,55,57,61,66,70,76,72,74,78,75,77,79,82,83,81,80,86,84,85,87,88,89,90,92,91,93,94,95,97,96],"msg_id":149,"type":"broadcast"}}
2025/06/29 15:31:59 Sent {"src":"n4","dest":"n3","body":{"in_reply_to":99,"type":"broadcast_ok"}}
2025/06/29 15:31:59 Sent {"src":"n4","dest":"n3","body":{"messages":[2,1,0,6,5,9,11,12,15,18,14,17,20,23,19,21,26,22,25,30,28,32,29,31,35,34,37,40,42,38,41,45,44,49,52,48,51,54,53,56,58,60,65,64,59,62,69,68,63,67,72,75,71,73,3,4,7,8,10,13,16,24,27,33,36,39,43,46,47,50,55,57,61,66,70,76,74,78,77,81,79,80,82,83,86,85,84,88,89,87,91,90,92,93,95,94,97,96],"msg_id":99,"type":"broadcast"}}
2025/06/29 15:31:59 Sent {"src":"n4","dest":"n1","body":{"in_reply_to":149,"type":"broadcast_ok"}}
2025/06/29 15:31:59 Sent {"src":"n4","dest":"n1","body":{"messages":[2,1,0,6,5,9,11,12,15,18,14,17,20,23,19,21,26,22,25,30,28,32,29,31,35,34,37,40,42,38,41,45,44,49,52,48,51,54,53,56,58,60,65,64,59,62,69,68,63,67,72,75,71,73,3,4,7,8,10,13,16,24,27,33,36,39,43,46,47,50,55,57,61,66,70,76,74,78,77,81,79,80,82,83,86,85,84,88,89,87,91,90,92,93,95,94,97,96],"msg_id":100,"type":"broadcast"}}
2025/06/29 15:31:59 Received {n3 n4 {"in_reply_to":99,"type":"broadcast_ok"}}
2025/06/29 15:31:59 Received {n1 n4 {"in_reply_to":100,"type":"broadcast_ok"}}
2025/06/29 15:31:59 Received {n3 n4 {"messages":[1,2,0,5,6,9,11,12,15,18,14,17,20,23,19,21,26,30,22,25,28,32,29,31,35,34,37,40,42,44,38,41,45,49,52,48,51,54,56,53,58,60,64,65,68,59,62,69,72,63,67,75,3,4,7,8,10,13,16,24,27,33,36,39,43,46,47,50,55,57,61,66,70,76,71,73,77,80,74,78,82,83,81,79,85,86,88,89,84,87,90,92,91,95,93,96,94,97],"msg_id":101,"type":"broadcast"}}
2025/06/29 15:31:59 Received {n1 n4 {"messages":[0,2,1,6,5,9,11,12,14,17,15,18,19,21,22,20,25,23,26,28,29,31,30,32,34,37,35,40,38,41,42,45,48,44,49,51,53,52,54,56,58,60,59,62,65,63,67,64,69,71,68,73,3,4,7,8,10,13,16,24,27,33,36,39,43,46,47,50,55,57,61,66,70,76,72,74,78,75,77,79,82,83,81,80,86,84,85,87,88,89,90,92,91,93,94,95,97,96],"msg_id":152,"type":"broadcast"}}
2025/06/29 15:31:59 Sent {"src":"n4","dest":"n3","body":{"in_reply_to":101,"type":"broadcast_ok"}}
2025/06/29 15:31:59 Sent {"src":"n4","dest":"n1","body":{"in_reply_to":152,"type":"broadcast_ok"}}
2025/06/29 15:31:59 Sent {"src":"n4","dest":"n1","body":{"messages":[2,1,0,6,5,9,11,12,15,18,14,17,20,23,19,21,26,22,25,30,28,32,29,31,35,34,37,40,42,38,41,45,44,49,52,48,51,54,53,56,58,60,65,64,59,62,69,68,63,67,72,75,71,73,3,4,7,8,10,13,16,24,27,33,36,39,43,46,47,50,55,57,61,66,70,76,74,78,77,81,79,80,82,83,86,85,84,88,89,87,91,90,92,93,95,94,97,96],"msg_id":101,"type":"broadcast"}}
2025/06/29 15:31:59 Sent {"src":"n4","dest":"n3","body":{"messages":[2,1,0,6,5,9,11,12,15,18,14,17,20,23,19,21,26,22,25,30,28,32,29,31,35,34,37,40,42,38,41,45,44,49,52,48,51,54,53,56,58,60,65,64,59,62,69,68,63,67,72,75,71,73,3,4,7,8,10,13,16,24,27,33,36,39,43,46,47,50,55,57,61,66,70,76,74,78,77,81,79,80,82,83,86,85,84,88,89,87,91,90,92,93,95,94,97,96],"msg_id":102,"type":"broadcast"}}
2025/06/29 15:31:59 Received {n3 n4 {"in_reply_to":102,"type":"broadcast_ok"}}
2025/06/29 15:31:59 Received {n1 n4 {"in_reply_to":101,"type":"broadcast_ok"}}
2025/06/29 15:32:00 Received {n3 n4 {"messages":[1,2,0,5,6,9,11,12,15,18,14,17,20,23,19,21,26,30,22,25,28,32,29,31,35,34,37,40,42,44,38,41,45,49,52,48,51,54,56,53,58,60,64,65,68,59,62,69,72,63,67,75,3,4,7,8,10,13,16,24,27,33,36,39,43,46,47,50,55,57,61,66,70,76,71,73,77,80,74,78,82,83,81,79,85,86,88,89,84,87,90,92,91,95,93,96,94,97],"msg_id":103,"type":"broadcast"}}
2025/06/29 15:32:00 Received {n1 n4 {"messages":[0,2,1,6,5,9,11,12,14,17,15,18,19,21,22,20,25,23,26,28,29,31,30,32,34,37,35,40,38,41,42,45,48,44,49,51,53,52,54,56,58,60,59,62,65,63,67,64,69,71,68,73,3,4,7,8,10,13,16,24,27,33,36,39,43,46,47,50,55,57,61,66,70,76,72,74,78,75,77,79,82,83,81,80,86,84,85,87,88,89,90,92,91,93,94,95,97,96],"msg_id":155,"type":"broadcast"}}
2025/06/29 15:32:00 Sent {"src":"n4","dest":"n1","body":{"messages":[2,1,0,6,5,9,11,12,15,18,14,17,20,23,19,21,26,22,25,30,28,32,29,31,35,34,37,40,42,38,41,45,44,49,52,48,51,54,53,56,58,60,65,64,59,62,69,68,63,67,72,75,71,73,3,4,7,8,10,13,16,24,27,33,36,39,43,46,47,50,55,57,61,66,70,76,74,78,77,81,79,80,82,83,86,85,84,88,89,87,91,90,92,93,95,94,97,96],"msg_id":103,"type":"broadcast"}}
2025/06/29 15:32:00 Sent {"src":"n4","dest":"n3","body":{"messages":[2,1,0,6,5,9,11,12,15,18,14,17,20,23,19,21,26,22,25,30,28,32,29,31,35,34,37,40,42,38,41,45,44,49,52,48,51,54,53,56,58,60,65,64,59,62,69,68,63,67,72,75,71,73,3,4,7,8,10,13,16,24,27,33,36,39,43,46,47,50,55,57,61,66,70,76,74,78,77,81,79,80,82,83,86,85,84,88,89,87,91,90,92,93,95,94,97,96],"msg_id":104,"type":"broadcast"}}
2025/06/29 15:32:00 Sent {"src":"n4","dest":"n1","body":{"in_reply_to":155,"type":"broadcast_ok"}}
2025/06/29 15:32:00 Sent {"src":"n4","dest":"n3","body":{"in_reply_to":103,"type":"broadcast_ok"}}
2025/06/29 15:32:00 Received {n3 n4 {"in_reply_to":104,"type":"broadcast_ok"}}
2025/06/29 15:32:00 Received {n1 n4 {"in_reply_to":103,"type":"broadcast_ok"}}
2025/06/29 15:32:00 Received {n3 n4 {"messages":[1,2,0,5,6,9,11,12,15,18,14,17,20,23,19,21,26,30,22,25,28,32,29,31,35,34,37,40,42,44,38,41,45,49,52,48,51,54,56,53,58,60,64,65,68,59,62,69,72,63,67,75,3,4,7,8,10,13,16,24,27,33,36,39,43,46,47,50,55,57,61,66,70,76,71,73,77,80,74,78,82,83,81,79,85,86,88,89,84,87,90,92,91,95,93,96,94,97],"msg_id":106,"type":"broadcast"}}
2025/06/29 15:32:00 Received {n1 n4 {"messages":[0,2,1,6,5,9,11,12,14,17,15,18,19,21,22,20,25,23,26,28,29,31,30,32,34,37,35,40,38,41,42,45,48,44,49,51,53,52,54,56,58,60,59,62,65,63,67,64,69,71,68,73,3,4,7,8,10,13,16,24,27,33,36,39,43,46,47,50,55,57,61,66,70,76,72,74,78,75,77,79,82,83,81,80,86,84,85,87,88,89,90,92,91,93,94,95,97,96],"msg_id":158,"type":"broadcast"}}
2025/06/29 15:32:00 Sent {"src":"n4","dest":"n3","body":{"in_reply_to":106,"type":"broadcast_ok"}}
2025/06/29 15:32:00 Sent {"src":"n4","dest":"n3","body":{"messages":[2,1,0,6,5,9,11,12,15,18,14,17,20,23,19,21,26,22,25,30,28,32,29,31,35,34,37,40,42,38,41,45,44,49,52,48,51,54,53,56,58,60,65,64,59,62,69,68,63,67,72,75,71,73,3,4,7,8,10,13,16,24,27,33,36,39,43,46,47,50,55,57,61,66,70,76,74,78,77,81,79,80,82,83,86,85,84,88,89,87,91,90,92,93,95,94,97,96],"msg_id":105,"type":"broadcast"}}
2025/06/29 15:32:00 Sent {"src":"n4","dest":"n1","body":{"messages":[2,1,0,6,5,9,11,12,15,18,14,17,20,23,19,21,26,22,25,30,28,32,29,31,35,34,37,40,42,38,41,45,44,49,52,48,51,54,53,56,58,60,65,64,59,62,69,68,63,67,72,75,71,73,3,4,7,8,10,13,16,24,27,33,36,39,43,46,47,50,55,57,61,66,70,76,74,78,77,81,79,80,82,83,86,85,84,88,89,87,91,90,92,93,95,94,97,96],"msg_id":106,"type":"broadcast"}}
2025/06/29 15:32:00 Sent {"src":"n4","dest":"n1","body":{"in_reply_to":158,"type":"broadcast_ok"}}
2025/06/29 15:32:00 Received {n1 n4 {"in_reply_to":106,"type":"broadcast_ok"}}
2025/06/29 15:32:00 Received {n3 n4 {"in_reply_to":105,"type":"broadcast_ok"}}
2025/06/29 15:32:01 Received {n3 n4 {"messages":[1,2,0,5,6,9,11,12,15,18,14,17,20,23,19,21,26,30,22,25,28,32,29,31,35,34,37,40,42,44,38,41,45,49,52,48,51,54,56,53,58,60,64,65,68,59,62,69,72,63,67,75,3,4,7,8,10,13,16,24,27,33,36,39,43,46,47,50,55,57,61,66,70,76,71,73,77,80,74,78,82,83,81,79,85,86,88,89,84,87,90,92,91,95,93,96,94,97],"msg_id":107,"type":"broadcast"}}
2025/06/29 15:32:01 Received {n1 n4 {"messages":[0,2,1,6,5,9,11,12,14,17,15,18,19,21,22,20,25,23,26,28,29,31,30,32,34,37,35,40,38,41,42,45,48,44,49,51,53,52,54,56,58,60,59,62,65,63,67,64,69,71,68,73,3,4,7,8,10,13,16,24,27,33,36,39,43,46,47,50,55,57,61,66,70,76,72,74,78,75,77,79,82,83,81,80,86,84,85,87,88,89,90,92,91,93,94,95,97,96],"msg_id":161,"type":"broadcast"}}
2025/06/29 15:32:01 Sent {"src":"n4","dest":"n3","body":{"in_reply_to":107,"type":"broadcast_ok"}}
2025/06/29 15:32:01 Sent {"src":"n4","dest":"n1","body":{"in_reply_to":161,"type":"broadcast_ok"}}
2025/06/29 15:32:01 Sent {"src":"n4","dest":"n1","body":{"messages":[2,1,0,6,5,9,11,12,15,18,14,17,20,23,19,21,26,22,25,30,28,32,29,31,35,34,37,40,42,38,41,45,44,49,52,48,51,54,53,56,58,60,65,64,59,62,69,68,63,67,72,75,71,73,3,4,7,8,10,13,16,24,27,33,36,39,43,46,47,50,55,57,61,66,70,76,74,78,77,81,79,80,82,83,86,85,84,88,89,87,91,90,92,93,95,94,97,96],"msg_id":108,"type":"broadcast"}}
2025/06/29 15:32:01 Sent {"src":"n4","dest":"n3","body":{"messages":[2,1,0,6,5,9,11,12,15,18,14,17,20,23,19,21,26,22,25,30,28,32,29,31,35,34,37,40,42,38,41,45,44,49,52,48,51,54,53,56,58,60,65,64,59,62,69,68,63,67,72,75,71,73,3,4,7,8,10,13,16,24,27,33,36,39,43,46,47,50,55,57,61,66,70,76,74,78,77,81,79,80,82,83,86,85,84,88,89,87,91,90,92,93,95,94,97,96],"msg_id":107,"type":"broadcast"}}
2025/06/29 15:32:01 Received {n1 n4 {"in_reply_to":108,"type":"broadcast_ok"}}
2025/06/29 15:32:01 Received {n3 n4 {"in_reply_to":107,"type":"broadcast_ok"}}
2025/06/29 15:32:01 Received {n3 n4 {"messages":[1,2,0,5,6,9,11,12,15,18,14,17,20,23,19,21,26,30,22,25,28,32,29,31,35,34,37,40,42,44,38,41,45,49,52,48,51,54,56,53,58,60,64,65,68,59,62,69,72,63,67,75,3,4,7,8,10,13,16,24,27,33,36,39,43,46,47,50,55,57,61,66,70,76,71,73,77,80,74,78,82,83,81,79,85,86,88,89,84,87,90,92,91,95,93,96,94,97],"msg_id":109,"type":"broadcast"}}
2025/06/29 15:32:01 Received {n1 n4 {"messages":[0,2,1,6,5,9,11,12,14,17,15,18,19,21,22,20,25,23,26,28,29,31,30,32,34,37,35,40,38,41,42,45,48,44,49,51,53,52,54,56,58,60,59,62,65,63,67,64,69,71,68,73,3,4,7,8,10,13,16,24,27,33,36,39,43,46,47,50,55,57,61,66,70,76,72,74,78,75,77,79,82,83,81,80,86,84,85,87,88,89,90,92,91,93,94,95,97,96],"msg_id":164,"type":"broadcast"}}
2025/06/29 15:32:01 Sent {"src":"n4","dest":"n3","body":{"in_reply_to":109,"type":"broadcast_ok"}}
2025/06/29 15:32:01 Sent {"src":"n4","dest":"n1","body":{"in_reply_to":164,"type":"broadcast_ok"}}
2025/06/29 15:32:01 Sent {"src":"n4","dest":"n3","body":{"messages":[2,1,0,6,5,9,11,12,15,18,14,17,20,23,19,21,26,22,25,30,28,32,29,31,35,34,37,40,42,38,41,45,44,49,52,48,51,54,53,56,58,60,65,64,59,62,69,68,63,67,72,75,71,73,3,4,7,8,10,13,16,24,27,33,36,39,43,46,47,50,55,57,61,66,70,76,74,78,77,81,79,80,82,83,86,85,84,88,89,87,91,90,92,93,95,94,97,96],"msg_id":110,"type":"broadcast"}}
2025/06/29 15:32:01 Sent {"src":"n4","dest":"n1","body":{"messages":[2,1,0,6,5,9,11,12,15,18,14,17,20,23,19,21,26,22,25,30,28,32,29,31,35,34,37,40,42,38,41,45,44,49,52,48,51,54,53,56,58,60,65,64,59,62,69,68,63,67,72,75,71,73,3,4,7,8,10,13,16,24,27,33,36,39,43,46,47,50,55,57,61,66,70,76,74,78,77,81,79,80,82,83,86,85,84,88,89,87,91,90,92,93,95,94,97,96],"msg_id":109,"type":"broadcast"}}
2025/06/29 15:32:01 Received {n3 n4 {"in_reply_to":110,"type":"broadcast_ok"}}
2025/06/29 15:32:01 Received {n1 n4 {"in_reply_to":109,"type":"broadcast_ok"}}
2025/06/29 15:32:02 Received {n3 n4 {"messages":[1,2,0,5,6,9,11,12,15,18,14,17,20,23,19,21,26,30,22,25,28,32,29,31,35,34,37,40,42,44,38,41,45,49,52,48,51,54,56,53,58,60,64,65,68,59,62,69,72,63,67,75,3,4,7,8,10,13,16,24,27,33,36,39,43,46,47,50,55,57,61,66,70,76,71,73,77,80,74,78,82,83,81,79,85,86,88,89,84,87,90,92,91,95,93,96,94,97],"msg_id":111,"type":"broadcast"}}
2025/06/29 15:32:02 Sent {"src":"n4","dest":"n3","body":{"in_reply_to":111,"type":"broadcast_ok"}}
2025/06/29 15:32:02 Received {n1 n4 {"messages":[0,2,1,6,5,9,11,12,14,17,15,18,19,21,22,20,25,23,26,28,29,31,30,32,34,37,35,40,38,41,42,45,48,44,49,51,53,52,54,56,58,60,59,62,65,63,67,64,69,71,68,73,3,4,7,8,10,13,16,24,27,33,36,39,43,46,47,50,55,57,61,66,70,76,72,74,78,75,77,79,82,83,81,80,86,84,85,87,88,89,90,92,91,93,94,95,97,96],"msg_id":168,"type":"broadcast"}}
2025/06/29 15:32:02 Sent {"src":"n4","dest":"n3","body":{"messages":[2,1,0,6,5,9,11,12,15,18,14,17,20,23,19,21,26,22,25,30,28,32,29,31,35,34,37,40,42,38,41,45,44,49,52,48,51,54,53,56,58,60,65,64,59,62,69,68,63,67,72,75,71,73,3,4,7,8,10,13,16,24,27,33,36,39,43,46,47,50,55,57,61,66,70,76,74,78,77,81,79,80,82,83,86,85,84,88,89,87,91,90,92,93,95,94,97,96],"msg_id":111,"type":"broadcast"}}
2025/06/29 15:32:02 Sent {"src":"n4","dest":"n1","body":{"messages":[2,1,0,6,5,9,11,12,15,18,14,17,20,23,19,21,26,22,25,30,28,32,29,31,35,34,37,40,42,38,41,45,44,49,52,48,51,54,53,56,58,60,65,64,59,62,69,68,63,67,72,75,71,73,3,4,7,8,10,13,16,24,27,33,36,39,43,46,47,50,55,57,61,66,70,76,74,78,77,81,79,80,82,83,86,85,84,88,89,87,91,90,92,93,95,94,97,96],"msg_id":112,"type":"broadcast"}}
2025/06/29 15:32:02 Sent {"src":"n4","dest":"n1","body":{"in_reply_to":168,"type":"broadcast_ok"}}
2025/06/29 15:32:02 Received {n1 n4 {"in_reply_to":112,"type":"broadcast_ok"}}
2025/06/29 15:32:02 Received {n3 n4 {"in_reply_to":111,"type":"broadcast_ok"}}
2025/06/29 15:32:02 Received {n3 n4 {"messages":[1,2,0,5,6,9,11,12,15,18,14,17,20,23,19,21,26,30,22,25,28,32,29,31,35,34,37,40,42,44,38,41,45,49,52,48,51,54,56,53,58,60,64,65,68,59,62,69,72,63,67,75,3,4,7,8,10,13,16,24,27,33,36,39,43,46,47,50,55,57,61,66,70,76,71,73,77,80,74,78,82,83,81,79,85,86,88,89,84,87,90,92,91,95,93,96,94,97],"msg_id":113,"type":"broadcast"}}
2025/06/29 15:32:02 Received {n1 n4 {"messages":[0,2,1,6,5,9,11,12,14,17,15,18,19,21,22,20,25,23,26,28,29,31,30,32,34,37,35,40,38,41,42,45,48,44,49,51,53,52,54,56,58,60,59,62,65,63,67,64,69,71,68,73,3,4,7,8,10,13,16,24,27,33,36,39,43,46,47,50,55,57,61,66,70,76,72,74,78,75,77,79,82,83,81,80,86,84,85,87,88,89,90,92,91,93,94,95,97,96],"msg_id":170,"type":"broadcast"}}
2025/06/29 15:32:02 Sent {"src":"n4","dest":"n3","body":{"in_reply_to":113,"type":"broadcast_ok"}}
2025/06/29 15:32:02 Sent {"src":"n4","dest":"n1","body":{"in_reply_to":170,"type":"broadcast_ok"}}
2025/06/29 15:32:02 Sent {"src":"n4","dest":"n1","body":{"messages":[2,1,0,6,5,9,11,12,15,18,14,17,20,23,19,21,26,22,25,30,28,32,29,31,35,34,37,40,42,38,41,45,44,49,52,48,51,54,53,56,58,60,65,64,59,62,69,68,63,67,72,75,71,73,3,4,7,8,10,13,16,24,27,33,36,39,43,46,47,50,55,57,61,66,70,76,74,78,77,81,79,80,82,83,86,85,84,88,89,87,91,90,92,93,95,94,97,96],"msg_id":113,"type":"broadcast"}}
2025/06/29 15:32:02 Sent {"src":"n4","dest":"n3","body":{"messages":[2,1,0,6,5,9,11,12,15,18,14,17,20,23,19,21,26,22,25,30,28,32,29,31,35,34,37,40,42,38,41,45,44,49,52,48,51,54,53,56,58,60,65,64,59,62,69,68,63,67,72,75,71,73,3,4,7,8,10,13,16,24,27,33,36,39,43,46,47,50,55,57,61,66,70,76,74,78,77,81,79,80,82,83,86,85,84,88,89,87,91,90,92,93,95,94,97,96],"msg_id":114,"type":"broadcast"}}
2025/06/29 15:32:02 Received {n1 n4 {"in_reply_to":113,"type":"broadcast_ok"}}
2025/06/29 15:32:02 Received {n3 n4 {"in_reply_to":114,"type":"broadcast_ok"}}
2025/06/29 15:32:03 Received {n1 n4 {"messages":[0,2,1,6,5,9,11,12,14,17,15,18,19,21,22,20,25,23,26,28,29,31,30,32,34,37,35,40,38,41,42,45,48,44,49,51,53,52,54,56,58,60,59,62,65,63,67,64,69,71,68,73,3,4,7,8,10,13,16,24,27,33,36,39,43,46,47,50,55,57,61,66,70,76,72,74,78,75,77,79,82,83,81,80,86,84,85,87,88,89,90,92,91,93,94,95,97,96],"msg_id":174,"type":"broadcast"}}
2025/06/29 15:32:03 Received {n3 n4 {"messages":[1,2,0,5,6,9,11,12,15,18,14,17,20,23,19,21,26,30,22,25,28,32,29,31,35,34,37,40,42,44,38,41,45,49,52,48,51,54,56,53,58,60,64,65,68,59,62,69,72,63,67,75,3,4,7,8,10,13,16,24,27,33,36,39,43,46,47,50,55,57,61,66,70,76,71,73,77,80,74,78,82,83,81,79,85,86,88,89,84,87,90,92,91,95,93,96,94,97],"msg_id":115,"type":"broadcast"}}
2025/06/29 15:32:03 Sent {"src":"n4","dest":"n1","body":{"in_reply_to":174,"type":"broadcast_ok"}}
2025/06/29 15:32:03 Sent {"src":"n4","dest":"n1","body":{"messages":[2,1,0,6,5,9,11,12,15,18,14,17,20,23,19,21,26,22,25,30,28,32,29,31,35,34,37,40,42,38,41,45,44,49,52,48,51,54,53,56,58,60,65,64,59,62,69,68,63,67,72,75,71,73,3,4,7,8,10,13,16,24,27,33,36,39,43,46,47,50,55,57,61,66,70,76,74,78,77,81,79,80,82,83,86,85,84,88,89,87,91,90,92,93,95,94,97,96],"msg_id":116,"type":"broadcast"}}
2025/06/29 15:32:03 Sent {"src":"n4","dest":"n3","body":{"in_reply_to":115,"type":"broadcast_ok"}}
2025/06/29 15:32:03 Sent {"src":"n4","dest":"n3","body":{"messages":[2,1,0,6,5,9,11,12,15,18,14,17,20,23,19,21,26,22,25,30,28,32,29,31,35,34,37,40,42,38,41,45,44,49,52,48,51,54,53,56,58,60,65,64,59,62,69,68,63,67,72,75,71,73,3,4,7,8,10,13,16,24,27,33,36,39,43,46,47,50,55,57,61,66,70,76,74,78,77,81,79,80,82,83,86,85,84,88,89,87,91,90,92,93,95,94,97,96],"msg_id":115,"type":"broadcast"}}
2025/06/29 15:32:03 Received {n1 n4 {"in_reply_to":116,"type":"broadcast_ok"}}
2025/06/29 15:32:03 Received {n3 n4 {"in_reply_to":115,"type":"broadcast_ok"}}
2025/06/29 15:32:03 Received {n1 n4 {"messages":[0,2,1,6,5,9,11,12,14,17,15,18,19,21,22,20,25,23,26,28,29,31,30,32,34,37,35,40,38,41,42,45,48,44,49,51,53,52,54,56,58,60,59,62,65,63,67,64,69,71,68,73,3,4,7,8,10,13,16,24,27,33,36,39,43,46,47,50,55,57,61,66,70,76,72,74,78,75,77,79,82,83,81,80,86,84,85,87,88,89,90,92,91,93,94,95,97,96],"msg_id":176,"type":"broadcast"}}
2025/06/29 15:32:03 Sent {"src":"n4","dest":"n1","body":{"in_reply_to":176,"type":"broadcast_ok"}}
2025/06/29 15:32:03 Sent {"src":"n4","dest":"n3","body":{"messages":[2,1,0,6,5,9,11,12,15,18,14,17,20,23,19,21,26,22,25,30,28,32,29,31,35,34,37,40,42,38,41,45,44,49,52,48,51,54,53,56,58,60,65,64,59,62,69,68,63,67,72,75,71,73,3,4,7,8,10,13,16,24,27,33,36,39,43,46,47,50,55,57,61,66,70,76,74,78,77,81,79,80,82,83,86,85,84,88,89,87,91,90,92,93,95,94,97,96],"msg_id":117,"type":"broadcast"}}
2025/06/29 15:32:03 Sent {"src":"n4","dest":"n1","body":{"messages":[2,1,0,6,5,9,11,12,15,18,14,17,20,23,19,21,26,22,25,30,28,32,29,31,35,34,37,40,42,38,41,45,44,49,52,48,51,54,53,56,58,60,65,64,59,62,69,68,63,67,72,75,71,73,3,4,7,8,10,13,16,24,27,33,36,39,43,46,47,50,55,57,61,66,70,76,74,78,77,81,79,80,82,83,86,85,84,88,89,87,91,90,92,93,95,94,97,96],"msg_id":118,"type":"broadcast"}}
2025/06/29 15:32:03 Received {n3 n4 {"messages":[1,2,0,5,6,9,11,12,15,18,14,17,20,23,19,21,26,30,22,25,28,32,29,31,35,34,37,40,42,44,38,41,45,49,52,48,51,54,56,53,58,60,64,65,68,59,62,69,72,63,67,75,3,4,7,8,10,13,16,24,27,33,36,39,43,46,47,50,55,57,61,66,70,76,71,73,77,80,74,78,82,83,81,79,85,86,88,89,84,87,90,92,91,95,93,96,94,97],"msg_id":117,"type":"broadcast"}}
2025/06/29 15:32:03 Sent {"src":"n4","dest":"n3","body":{"in_reply_to":117,"type":"broadcast_ok"}}
2025/06/29 15:32:03 Received {n3 n4 {"in_reply_to":117,"type":"broadcast_ok"}}
2025/06/29 15:32:03 Received {n1 n4 {"in_reply_to":118,"type":"broadcast_ok"}}
2025/06/29 15:32:04 Received {c13 n4 {"type":"read","msg_id":33}}
2025/06/29 15:32:04 Sent {"src":"n4","dest":"c13","body":{"in_reply_to":33,"messages":[2,1,0,6,5,9,11,12,15,18,14,17,20,23,19,21,26,22,25,30,28,32,29,31,35,34,37,40,42,38,41,45,44,49,52,48,51,54,53,56,58,60,65,64,59,62,69,68,63,67,72,75,71,73,3,4,7,8,10,13,16,24,27,33,36,39,43,46,47,50,55,57,61,66,70,76,74,78,77,81,79,80,82,83,86,85,84,88,89,87,91,90,92,93,95,94,97,96],"type":"read_ok"}}
2025/06/29 15:32:04 Received {n1 n4 {"messages":[0,2,1,6,5,9,11,12,14,17,15,18,19,21,22,20,25,23,26,28,29,31,30,32,34,37,35,40,38,41,42,45,48,44,49,51,53,52,54,56,58,60,59,62,65,63,67,64,69,71,68,73,3,4,7,8,10,13,16,24,27,33,36,39,43,46,47,50,55,57,61,66,70,76,72,74,78,75,77,79,82,83,81,80,86,84,85,87,88,89,90,92,91,93,94,95,97,96],"msg_id":180,"type":"broadcast"}}
2025/06/29 15:32:04 Sent {"src":"n4","dest":"n1","body":{"in_reply_to":180,"type":"broadcast_ok"}}
2025/06/29 15:32:04 Received {n3 n4 {"messages":[1,2,0,5,6,9,11,12,15,18,14,17,20,23,19,21,26,30,22,25,28,32,29,31,35,34,37,40,42,44,38,41,45,49,52,48,51,54,56,53,58,60,64,65,68,59,62,69,72,63,67,75,3,4,7,8,10,13,16,24,27,33,36,39,43,46,47,50,55,57,61,66,70,76,71,73,77,80,74,78,82,83,81,79,85,86,88,89,84,87,90,92,91,95,93,96,94,97],"msg_id":120,"type":"broadcast"}}
2025/06/29 15:32:04 Sent {"src":"n4","dest":"n3","body":{"in_reply_to":120,"type":"broadcast_ok"}}
2025/06/29 15:32:04 Sent {"src":"n4","dest":"n1","body":{"messages":[2,1,0,6,5,9,11,12,15,18,14,17,20,23,19,21,26,22,25,30,28,32,29,31,35,34,37,40,42,38,41,45,44,49,52,48,51,54,53,56,58,60,65,64,59,62,69,68,63,67,72,75,71,73,3,4,7,8,10,13,16,24,27,33,36,39,43,46,47,50,55,57,61,66,70,76,74,78,77,81,79,80,82,83,86,85,84,88,89,87,91,90,92,93,95,94,97,96],"msg_id":120,"type":"broadcast"}}
2025/06/29 15:32:04 Sent {"src":"n4","dest":"n3","body":{"messages":[2,1,0,6,5,9,11,12,15,18,14,17,20,23,19,21,26,22,25,30,28,32,29,31,35,34,37,40,42,38,41,45,44,49,52,48,51,54,53,56,58,60,65,64,59,62,69,68,63,67,72,75,71,73,3,4,7,8,10,13,16,24,27,33,36,39,43,46,47,50,55,57,61,66,70,76,74,78,77,81,79,80,82,83,86,85,84,88,89,87,91,90,92,93,95,94,97,96],"msg_id":119,"type":"broadcast"}}
2025/06/29 15:32:04 Received {n1 n4 {"in_reply_to":120,"type":"broadcast_ok"}}
2025/06/29 15:32:04 Received {n3 n4 {"in_reply_to":119,"type":"broadcast_ok"}}
