2025/06/03 19:51:01 Received {c4 n0 {"type":"init","node_id":"n0","node_ids":["n0","n1","n2","n3","n4"],"msg_id":1}}
2025/06/03 19:51:01 Node n0 initialized
2025/06/03 19:51:01 Sent {"src":"n0","dest":"c4","body":{"in_reply_to":1,"type":"init_ok"}}
2025/06/03 19:51:01 Received {c5 n0 {"type":"topology","topology":{"n0":["n3","n1"],"n1":["n4","n2","n0"],"n2":["n1"],"n3":["n0","n4"],"n4":["n1","n3"]},"msg_id":1}}
2025/06/03 19:51:01 Sent {"src":"n0","dest":"c5","body":{"in_reply_to":1,"type":"topology_ok"}}
2025/06/03 19:51:01 Received {c10 n0 {"type":"read","msg_id":1}}
2025/06/03 19:51:01 Sent {"src":"n0","dest":"c10","body":{"in_reply_to":1,"messages":[],"type":"read_ok"}}
2025/06/03 19:51:01 Received {n1 n0 {"message":0,"type":"broadcast"}}
2025/06/03 19:51:01 Sent {"src":"n0","dest":"n3","body":{"message":0,"type":"broadcast"}}
2025/06/03 19:51:01 Received {c10 n0 {"type":"broadcast","message":1,"msg_id":2}}
2025/06/03 19:51:01 Sent {"src":"n0","dest":"n3","body":{"message":1,"type":"broadcast"}}
2025/06/03 19:51:01 Sent {"src":"n0","dest":"n1","body":{"message":1,"type":"broadcast"}}
2025/06/03 19:51:01 Sent {"src":"n0","dest":"c10","body":{"in_reply_to":2,"type":"broadcast_ok"}}
2025/06/03 19:51:01 Received {c10 n0 {"type":"read","msg_id":3}}
2025/06/03 19:51:01 Sent {"src":"n0","dest":"c10","body":{"in_reply_to":3,"messages":[0,1],"type":"read_ok"}}
2025/06/03 19:51:02 Received {c10 n0 {"type":"read","msg_id":4}}
2025/06/03 19:51:02 Sent {"src":"n0","dest":"c10","body":{"in_reply_to":4,"messages":[0,1],"type":"read_ok"}}
2025/06/03 19:51:02 Received {c10 n0 {"type":"broadcast","message":4,"msg_id":5}}
2025/06/03 19:51:02 Sent {"src":"n0","dest":"n3","body":{"message":4,"type":"broadcast"}}
2025/06/03 19:51:02 Sent {"src":"n0","dest":"n1","body":{"message":4,"type":"broadcast"}}
2025/06/03 19:51:02 Sent {"src":"n0","dest":"c10","body":{"in_reply_to":5,"type":"broadcast_ok"}}
2025/06/03 19:51:02 Received {n1 n0 {"message":5,"type":"broadcast"}}
2025/06/03 19:51:02 Sent {"src":"n0","dest":"n3","body":{"message":5,"type":"broadcast"}}
2025/06/03 19:51:03 Received {c10 n0 {"type":"broadcast","message":6,"msg_id":6}}
2025/06/03 19:51:03 Sent {"src":"n0","dest":"n3","body":{"message":6,"type":"broadcast"}}
2025/06/03 19:51:03 Sent {"src":"n0","dest":"n1","body":{"message":6,"type":"broadcast"}}
2025/06/03 19:51:03 Sent {"src":"n0","dest":"c10","body":{"in_reply_to":6,"type":"broadcast_ok"}}
2025/06/03 19:51:03 Received {c10 n0 {"type":"read","msg_id":7}}
2025/06/03 19:51:03 Sent {"src":"n0","dest":"c10","body":{"in_reply_to":7,"messages":[0,1,4,5,6],"type":"read_ok"}}
2025/06/03 19:51:03 Received {n1 n0 {"message":7,"type":"broadcast"}}
2025/06/03 19:51:03 Sent {"src":"n0","dest":"n3","body":{"message":7,"type":"broadcast"}}
2025/06/03 19:51:03 Received {c10 n0 {"type":"broadcast","message":10,"msg_id":8}}
2025/06/03 19:51:03 Sent {"src":"n0","dest":"n3","body":{"message":10,"type":"broadcast"}}
2025/06/03 19:51:03 Sent {"src":"n0","dest":"n1","body":{"message":10,"type":"broadcast"}}
2025/06/03 19:51:03 Sent {"src":"n0","dest":"c10","body":{"in_reply_to":8,"type":"broadcast_ok"}}
2025/06/03 19:51:03 Received {c10 n0 {"type":"broadcast","message":11,"msg_id":9}}
2025/06/03 19:51:03 Sent {"src":"n0","dest":"n3","body":{"message":11,"type":"broadcast"}}
2025/06/03 19:51:03 Sent {"src":"n0","dest":"n1","body":{"message":11,"type":"broadcast"}}
2025/06/03 19:51:03 Sent {"src":"n0","dest":"c10","body":{"in_reply_to":9,"type":"broadcast_ok"}}
2025/06/03 19:51:03 Received {n1 n0 {"message":12,"type":"broadcast"}}
2025/06/03 19:51:03 Sent {"src":"n0","dest":"n3","body":{"message":12,"type":"broadcast"}}
2025/06/03 19:51:04 Received {c10 n0 {"type":"read","msg_id":10}}
2025/06/03 19:51:04 Sent {"src":"n0","dest":"c10","body":{"in_reply_to":10,"messages":[0,1,4,5,6,7,10,11,12],"type":"read_ok"}}
2025/06/03 19:51:04 Received {c10 n0 {"type":"read","msg_id":11}}
2025/06/03 19:51:04 Sent {"src":"n0","dest":"c10","body":{"in_reply_to":11,"messages":[0,1,4,5,6,7,10,11,12],"type":"read_ok"}}
2025/06/03 19:51:04 Received {c10 n0 {"type":"broadcast","message":14,"msg_id":12}}
2025/06/03 19:51:04 Sent {"src":"n0","dest":"n3","body":{"message":14,"type":"broadcast"}}
2025/06/03 19:51:04 Sent {"src":"n0","dest":"n1","body":{"message":14,"type":"broadcast"}}
2025/06/03 19:51:04 Sent {"src":"n0","dest":"c10","body":{"in_reply_to":12,"type":"broadcast_ok"}}
2025/06/03 19:51:04 Received {c10 n0 {"type":"broadcast","message":15,"msg_id":13}}
2025/06/03 19:51:04 Sent {"src":"n0","dest":"n3","body":{"message":15,"type":"broadcast"}}
2025/06/03 19:51:04 Sent {"src":"n0","dest":"n1","body":{"message":15,"type":"broadcast"}}
2025/06/03 19:51:04 Sent {"src":"n0","dest":"c10","body":{"in_reply_to":13,"type":"broadcast_ok"}}
2025/06/03 19:51:05 Received {c10 n0 {"type":"read","msg_id":14}}
2025/06/03 19:51:05 Sent {"src":"n0","dest":"c10","body":{"in_reply_to":14,"messages":[0,1,4,5,6,7,10,11,12,14,15],"type":"read_ok"}}
2025/06/03 19:51:05 Received {c10 n0 {"type":"broadcast","message":17,"msg_id":15}}
2025/06/03 19:51:05 Sent {"src":"n0","dest":"n3","body":{"message":17,"type":"broadcast"}}
2025/06/03 19:51:05 Sent {"src":"n0","dest":"n1","body":{"message":17,"type":"broadcast"}}
2025/06/03 19:51:05 Sent {"src":"n0","dest":"c10","body":{"in_reply_to":15,"type":"broadcast_ok"}}
2025/06/03 19:51:05 Received {n1 n0 {"message":18,"type":"broadcast"}}
2025/06/03 19:51:05 Sent {"src":"n0","dest":"n3","body":{"message":18,"type":"broadcast"}}
2025/06/03 19:51:05 Received {n1 n0 {"message":20,"type":"broadcast"}}
2025/06/03 19:51:05 Sent {"src":"n0","dest":"n3","body":{"message":20,"type":"broadcast"}}
2025/06/03 19:51:05 Received {c10 n0 {"type":"broadcast","message":21,"msg_id":16}}
2025/06/03 19:51:05 Sent {"src":"n0","dest":"n3","body":{"message":21,"type":"broadcast"}}
2025/06/03 19:51:05 Sent {"src":"n0","dest":"n1","body":{"message":21,"type":"broadcast"}}
2025/06/03 19:51:05 Sent {"src":"n0","dest":"c10","body":{"in_reply_to":16,"type":"broadcast_ok"}}
2025/06/03 19:51:05 Received {c10 n0 {"type":"broadcast","message":22,"msg_id":17}}
2025/06/03 19:51:05 Sent {"src":"n0","dest":"n3","body":{"message":22,"type":"broadcast"}}
2025/06/03 19:51:05 Sent {"src":"n0","dest":"n1","body":{"message":22,"type":"broadcast"}}
2025/06/03 19:51:05 Sent {"src":"n0","dest":"c10","body":{"in_reply_to":17,"type":"broadcast_ok"}}
2025/06/03 19:51:06 Received {c10 n0 {"type":"read","msg_id":18}}
2025/06/03 19:51:06 Sent {"src":"n0","dest":"c10","body":{"in_reply_to":18,"messages":[0,1,4,5,6,7,10,11,12,14,15,17,18,20,21,22],"type":"read_ok"}}
2025/06/03 19:51:06 Received {c10 n0 {"type":"read","msg_id":19}}
2025/06/03 19:51:06 Sent {"src":"n0","dest":"c10","body":{"in_reply_to":19,"messages":[0,1,4,5,6,7,10,11,12,14,15,17,18,20,21,22],"type":"read_ok"}}
2025/06/03 19:51:06 Received {n1 n0 {"message":25,"type":"broadcast"}}
2025/06/03 19:51:06 Sent {"src":"n0","dest":"n3","body":{"message":25,"type":"broadcast"}}
2025/06/03 19:51:06 Received {c10 n0 {"type":"broadcast","message":26,"msg_id":20}}
2025/06/03 19:51:06 Sent {"src":"n0","dest":"n3","body":{"message":26,"type":"broadcast"}}
2025/06/03 19:51:06 Sent {"src":"n0","dest":"n1","body":{"message":26,"type":"broadcast"}}
2025/06/03 19:51:06 Sent {"src":"n0","dest":"c10","body":{"in_reply_to":20,"type":"broadcast_ok"}}
2025/06/03 19:51:06 Received {c10 n0 {"type":"broadcast","message":27,"msg_id":21}}
2025/06/03 19:51:06 Sent {"src":"n0","dest":"n3","body":{"message":27,"type":"broadcast"}}
2025/06/03 19:51:06 Sent {"src":"n0","dest":"n1","body":{"message":27,"type":"broadcast"}}
2025/06/03 19:51:06 Sent {"src":"n0","dest":"c10","body":{"in_reply_to":21,"type":"broadcast_ok"}}
2025/06/03 19:51:07 Received {n1 n0 {"message":29,"type":"broadcast"}}
2025/06/03 19:51:07 Sent {"src":"n0","dest":"n3","body":{"message":29,"type":"broadcast"}}
2025/06/03 19:51:07 Received {c10 n0 {"type":"read","msg_id":22}}
2025/06/03 19:51:07 Sent {"src":"n0","dest":"c10","body":{"in_reply_to":22,"messages":[0,1,4,5,6,7,10,11,12,14,15,17,18,20,21,22,25,26,27,29],"type":"read_ok"}}
2025/06/03 19:51:07 Received {c10 n0 {"type":"read","msg_id":23}}
2025/06/03 19:51:07 Sent {"src":"n0","dest":"c10","body":{"in_reply_to":23,"messages":[0,1,4,5,6,7,10,11,12,14,15,17,18,20,21,22,25,26,27,29],"type":"read_ok"}}
2025/06/03 19:51:07 Received {n1 n0 {"message":30,"type":"broadcast"}}
2025/06/03 19:51:07 Sent {"src":"n0","dest":"n3","body":{"message":30,"type":"broadcast"}}
2025/06/03 19:51:07 Received {n1 n0 {"message":32,"type":"broadcast"}}
2025/06/03 19:51:07 Sent {"src":"n0","dest":"n3","body":{"message":32,"type":"broadcast"}}
2025/06/03 19:51:08 Received {c10 n0 {"type":"broadcast","message":33,"msg_id":24}}
2025/06/03 19:51:08 Sent {"src":"n0","dest":"n3","body":{"message":33,"type":"broadcast"}}
2025/06/03 19:51:08 Sent {"src":"n0","dest":"n1","body":{"message":33,"type":"broadcast"}}
2025/06/03 19:51:08 Sent {"src":"n0","dest":"c10","body":{"in_reply_to":24,"type":"broadcast_ok"}}
2025/06/03 19:51:08 Received {c10 n0 {"type":"read","msg_id":25}}
2025/06/03 19:51:08 Sent {"src":"n0","dest":"c10","body":{"in_reply_to":25,"messages":[0,1,4,5,6,7,10,11,12,14,15,17,18,20,21,22,25,26,27,29,30,32,33],"type":"read_ok"}}
2025/06/03 19:51:08 Received {n1 n0 {"message":34,"type":"broadcast"}}
2025/06/03 19:51:08 Sent {"src":"n0","dest":"n3","body":{"message":34,"type":"broadcast"}}
2025/06/03 19:51:08 Received {n1 n0 {"message":35,"type":"broadcast"}}
2025/06/03 19:51:08 Sent {"src":"n0","dest":"n3","body":{"message":35,"type":"broadcast"}}
2025/06/03 19:51:08 Received {c10 n0 {"type":"read","msg_id":26}}
2025/06/03 19:51:08 Sent {"src":"n0","dest":"c10","body":{"in_reply_to":26,"messages":[0,1,4,5,6,7,10,11,12,14,15,17,18,20,21,22,25,26,27,29,30,32,33,34,35],"type":"read_ok"}}
2025/06/03 19:51:08 Received {c10 n0 {"type":"broadcast","message":36,"msg_id":27}}
2025/06/03 19:51:08 Sent {"src":"n0","dest":"n3","body":{"message":36,"type":"broadcast"}}
2025/06/03 19:51:08 Sent {"src":"n0","dest":"n1","body":{"message":36,"type":"broadcast"}}
2025/06/03 19:51:08 Sent {"src":"n0","dest":"c10","body":{"in_reply_to":27,"type":"broadcast_ok"}}
2025/06/03 19:51:08 Received {n1 n0 {"message":37,"type":"broadcast"}}
2025/06/03 19:51:08 Sent {"src":"n0","dest":"n3","body":{"message":37,"type":"broadcast"}}
2025/06/03 19:51:09 Received {c10 n0 {"type":"read","msg_id":28}}
2025/06/03 19:51:09 Sent {"src":"n0","dest":"c10","body":{"in_reply_to":28,"messages":[0,1,4,5,6,7,10,11,12,14,15,17,18,20,21,22,25,26,27,29,30,32,33,34,35,36,37],"type":"read_ok"}}
2025/06/03 19:51:09 Received {c10 n0 {"type":"read","msg_id":29}}
2025/06/03 19:51:09 Sent {"src":"n0","dest":"c10","body":{"in_reply_to":29,"messages":[0,1,4,5,6,7,10,11,12,14,15,17,18,20,21,22,25,26,27,29,30,32,33,34,35,36,37],"type":"read_ok"}}
2025/06/03 19:51:09 Received {c10 n0 {"type":"broadcast","message":39,"msg_id":30}}
2025/06/03 19:51:09 Sent {"src":"n0","dest":"n3","body":{"message":39,"type":"broadcast"}}
2025/06/03 19:51:09 Sent {"src":"n0","dest":"n1","body":{"message":39,"type":"broadcast"}}
2025/06/03 19:51:09 Sent {"src":"n0","dest":"c10","body":{"in_reply_to":30,"type":"broadcast_ok"}}
2025/06/03 19:51:09 Received {c10 n0 {"type":"read","msg_id":31}}
2025/06/03 19:51:09 Sent {"src":"n0","dest":"c10","body":{"in_reply_to":31,"messages":[0,1,4,5,6,7,10,11,12,14,15,17,18,20,21,22,25,26,27,29,30,32,33,34,35,36,37,39],"type":"read_ok"}}
2025/06/03 19:51:10 Received {n1 n0 {"message":40,"type":"broadcast"}}
2025/06/03 19:51:10 Sent {"src":"n0","dest":"n3","body":{"message":40,"type":"broadcast"}}
2025/06/03 19:51:10 Received {c10 n0 {"type":"read","msg_id":32}}
2025/06/03 19:51:10 Sent {"src":"n0","dest":"c10","body":{"in_reply_to":32,"messages":[0,1,4,5,6,7,10,11,12,14,15,17,18,20,21,22,25,26,27,29,30,32,33,34,35,36,37,39,40],"type":"read_ok"}}
2025/06/03 19:51:10 Received {c10 n0 {"type":"broadcast","message":41,"msg_id":33}}
2025/06/03 19:51:10 Sent {"src":"n0","dest":"n3","body":{"message":41,"type":"broadcast"}}
2025/06/03 19:51:10 Sent {"src":"n0","dest":"n1","body":{"message":41,"type":"broadcast"}}
2025/06/03 19:51:10 Sent {"src":"n0","dest":"c10","body":{"in_reply_to":33,"type":"broadcast_ok"}}
2025/06/03 19:51:10 Received {n1 n0 {"message":43,"type":"broadcast"}}
2025/06/03 19:51:10 Sent {"src":"n0","dest":"n3","body":{"message":43,"type":"broadcast"}}
2025/06/03 19:51:10 Received {c10 n0 {"type":"read","msg_id":34}}
2025/06/03 19:51:10 Sent {"src":"n0","dest":"c10","body":{"in_reply_to":34,"messages":[0,1,4,5,6,7,10,11,12,14,15,17,18,20,21,22,25,26,27,29,30,32,33,34,35,36,37,39,40,41,43],"type":"read_ok"}}
2025/06/03 19:51:10 Received {c10 n0 {"type":"read","msg_id":35}}
2025/06/03 19:51:10 Sent {"src":"n0","dest":"c10","body":{"in_reply_to":35,"messages":[0,1,4,5,6,7,10,11,12,14,15,17,18,20,21,22,25,26,27,29,30,32,33,34,35,36,37,39,40,41,43],"type":"read_ok"}}
2025/06/03 19:51:11 Received {n1 n0 {"message":45,"type":"broadcast"}}
2025/06/03 19:51:11 Sent {"src":"n0","dest":"n3","body":{"message":45,"type":"broadcast"}}
2025/06/03 19:51:11 Received {c10 n0 {"type":"read","msg_id":36}}
2025/06/03 19:51:11 Sent {"src":"n0","dest":"c10","body":{"in_reply_to":36,"messages":[0,1,4,5,6,7,10,11,12,14,15,17,18,20,21,22,25,26,27,29,30,32,33,34,35,36,37,39,40,41,43,45],"type":"read_ok"}}
2025/06/03 19:51:11 Received {c10 n0 {"type":"read","msg_id":37}}
2025/06/03 19:51:11 Sent {"src":"n0","dest":"c10","body":{"in_reply_to":37,"messages":[0,1,4,5,6,7,10,11,12,14,15,17,18,20,21,22,25,26,27,29,30,32,33,34,35,36,37,39,40,41,43,45],"type":"read_ok"}}
2025/06/03 19:51:12 Received {n1 n0 {"message":47,"type":"broadcast"}}
2025/06/03 19:51:12 Sent {"src":"n0","dest":"n3","body":{"message":47,"type":"broadcast"}}
2025/06/03 19:51:12 Received {c10 n0 {"type":"read","msg_id":38}}
2025/06/03 19:51:12 Sent {"src":"n0","dest":"c10","body":{"in_reply_to":38,"messages":[0,1,4,5,6,7,10,11,12,14,15,17,18,20,21,22,25,26,27,29,30,32,33,34,35,36,37,39,40,41,43,45,47],"type":"read_ok"}}
2025/06/03 19:51:12 Received {c10 n0 {"type":"broadcast","message":48,"msg_id":39}}
2025/06/03 19:51:12 Sent {"src":"n0","dest":"n3","body":{"message":48,"type":"broadcast"}}
2025/06/03 19:51:12 Sent {"src":"n0","dest":"n1","body":{"message":48,"type":"broadcast"}}
2025/06/03 19:51:12 Sent {"src":"n0","dest":"c10","body":{"in_reply_to":39,"type":"broadcast_ok"}}
2025/06/03 19:51:12 Received {n1 n0 {"message":49,"type":"broadcast"}}
2025/06/03 19:51:12 Sent {"src":"n0","dest":"n3","body":{"message":49,"type":"broadcast"}}
2025/06/03 19:51:12 Received {n3 n0 {"message":50,"type":"broadcast"}}
2025/06/03 19:51:12 Sent {"src":"n0","dest":"n1","body":{"message":50,"type":"broadcast"}}
2025/06/03 19:51:12 Received {n1 n0 {"message":51,"type":"broadcast"}}
2025/06/03 19:51:12 Received {n3 n0 {"message":51,"type":"broadcast"}}
2025/06/03 19:51:12 Sent {"src":"n0","dest":"n3","body":{"message":51,"type":"broadcast"}}
2025/06/03 19:51:12 Received {c10 n0 {"type":"read","msg_id":40}}
2025/06/03 19:51:12 Sent {"src":"n0","dest":"c10","body":{"in_reply_to":40,"messages":[0,1,4,5,6,7,10,11,12,14,15,17,18,20,21,22,25,26,27,29,30,32,33,34,35,36,37,39,40,41,43,45,47,48,49,50,51],"type":"read_ok"}}
2025/06/03 19:51:12 Received {c10 n0 {"type":"broadcast","message":52,"msg_id":41}}
2025/06/03 19:51:12 Sent {"src":"n0","dest":"n3","body":{"message":52,"type":"broadcast"}}
2025/06/03 19:51:12 Sent {"src":"n0","dest":"n1","body":{"message":52,"type":"broadcast"}}
2025/06/03 19:51:12 Sent {"src":"n0","dest":"c10","body":{"in_reply_to":41,"type":"broadcast_ok"}}
2025/06/03 19:51:13 Received {n3 n0 {"message":53,"type":"broadcast"}}
2025/06/03 19:51:13 Sent {"src":"n0","dest":"n1","body":{"message":53,"type":"broadcast"}}
2025/06/03 19:51:13 Received {n1 n0 {"message":53,"type":"broadcast"}}
2025/06/03 19:51:13 Received {c10 n0 {"type":"broadcast","message":54,"msg_id":42}}
2025/06/03 19:51:13 Sent {"src":"n0","dest":"n3","body":{"message":54,"type":"broadcast"}}
2025/06/03 19:51:13 Sent {"src":"n0","dest":"n1","body":{"message":54,"type":"broadcast"}}
2025/06/03 19:51:13 Sent {"src":"n0","dest":"c10","body":{"in_reply_to":42,"type":"broadcast_ok"}}
2025/06/03 19:51:13 Received {c10 n0 {"type":"broadcast","message":55,"msg_id":43}}
2025/06/03 19:51:13 Sent {"src":"n0","dest":"n3","body":{"message":55,"type":"broadcast"}}
2025/06/03 19:51:13 Sent {"src":"n0","dest":"n1","body":{"message":55,"type":"broadcast"}}
2025/06/03 19:51:13 Sent {"src":"n0","dest":"c10","body":{"in_reply_to":43,"type":"broadcast_ok"}}
2025/06/03 19:51:13 Received {n1 n0 {"message":56,"type":"broadcast"}}
2025/06/03 19:51:13 Sent {"src":"n0","dest":"n3","body":{"message":56,"type":"broadcast"}}
2025/06/03 19:51:13 Received {n3 n0 {"message":57,"type":"broadcast"}}
2025/06/03 19:51:13 Sent {"src":"n0","dest":"n1","body":{"message":57,"type":"broadcast"}}
2025/06/03 19:51:13 Received {n1 n0 {"message":58,"type":"broadcast"}}
2025/06/03 19:51:13 Received {n3 n0 {"message":58,"type":"broadcast"}}
2025/06/03 19:51:13 Sent {"src":"n0","dest":"n3","body":{"message":58,"type":"broadcast"}}
2025/06/03 19:51:14 Received {c10 n0 {"type":"broadcast","message":59,"msg_id":44}}
2025/06/03 19:51:14 Sent {"src":"n0","dest":"n3","body":{"message":59,"type":"broadcast"}}
2025/06/03 19:51:14 Sent {"src":"n0","dest":"n1","body":{"message":59,"type":"broadcast"}}
2025/06/03 19:51:14 Sent {"src":"n0","dest":"c10","body":{"in_reply_to":44,"type":"broadcast_ok"}}
2025/06/03 19:51:14 Received {c10 n0 {"type":"read","msg_id":45}}
2025/06/03 19:51:14 Sent {"src":"n0","dest":"c10","body":{"in_reply_to":45,"messages":[0,1,4,5,6,7,10,11,12,14,15,17,18,20,21,22,25,26,27,29,30,32,33,34,35,36,37,39,40,41,43,45,47,48,49,50,51,52,53,54,55,56,57,58,59],"type":"read_ok"}}
2025/06/03 19:51:14 Received {n1 n0 {"message":60,"type":"broadcast"}}
2025/06/03 19:51:14 Sent {"src":"n0","dest":"n3","body":{"message":60,"type":"broadcast"}}
2025/06/03 19:51:14 Received {n3 n0 {"message":60,"type":"broadcast"}}
2025/06/03 19:51:14 Received {n3 n0 {"message":61,"type":"broadcast"}}
2025/06/03 19:51:14 Sent {"src":"n0","dest":"n1","body":{"message":61,"type":"broadcast"}}
2025/06/03 19:51:14 Received {n1 n0 {"message":61,"type":"broadcast"}}
2025/06/03 19:51:14 Received {n1 n0 {"message":62,"type":"broadcast"}}
2025/06/03 19:51:14 Received {n3 n0 {"message":62,"type":"broadcast"}}
2025/06/03 19:51:14 Sent {"src":"n0","dest":"n3","body":{"message":62,"type":"broadcast"}}
2025/06/03 19:51:14 Received {c10 n0 {"type":"broadcast","message":63,"msg_id":46}}
2025/06/03 19:51:14 Sent {"src":"n0","dest":"n3","body":{"message":63,"type":"broadcast"}}
2025/06/03 19:51:14 Sent {"src":"n0","dest":"n1","body":{"message":63,"type":"broadcast"}}
2025/06/03 19:51:14 Sent {"src":"n0","dest":"c10","body":{"in_reply_to":46,"type":"broadcast_ok"}}
2025/06/03 19:51:14 Received {c10 n0 {"type":"read","msg_id":47}}
2025/06/03 19:51:14 Sent {"src":"n0","dest":"c10","body":{"in_reply_to":47,"messages":[0,1,4,5,6,7,10,11,12,14,15,17,18,20,21,22,25,26,27,29,30,32,33,34,35,36,37,39,40,41,43,45,47,48,49,50,51,52,53,54,55,56,57,58,59,60,61,62,63],"type":"read_ok"}}
2025/06/03 19:51:14 Received {n1 n0 {"message":64,"type":"broadcast"}}
2025/06/03 19:51:14 Sent {"src":"n0","dest":"n3","body":{"message":64,"type":"broadcast"}}
2025/06/03 19:51:14 Received {n3 n0 {"message":64,"type":"broadcast"}}
2025/06/03 19:51:14 Received {n3 n0 {"message":65,"type":"broadcast"}}
2025/06/03 19:51:14 Sent {"src":"n0","dest":"n1","body":{"message":65,"type":"broadcast"}}
2025/06/03 19:51:14 Received {c10 n0 {"type":"read","msg_id":48}}
2025/06/03 19:51:14 Sent {"src":"n0","dest":"c10","body":{"in_reply_to":48,"messages":[0,1,4,5,6,7,10,11,12,14,15,17,18,20,21,22,25,26,27,29,30,32,33,34,35,36,37,39,40,41,43,45,47,48,49,50,51,52,53,54,55,56,57,58,59,60,61,62,63,64,65],"type":"read_ok"}}
2025/06/03 19:51:15 Received {c10 n0 {"type":"read","msg_id":49}}
2025/06/03 19:51:15 Sent {"src":"n0","dest":"c10","body":{"in_reply_to":49,"messages":[0,1,4,5,6,7,10,11,12,14,15,17,18,20,21,22,25,26,27,29,30,32,33,34,35,36,37,39,40,41,43,45,47,48,49,50,51,52,53,54,55,56,57,58,59,60,61,62,63,64,65],"type":"read_ok"}}
2025/06/03 19:51:15 Received {n3 n0 {"message":66,"type":"broadcast"}}
2025/06/03 19:51:15 Sent {"src":"n0","dest":"n1","body":{"message":66,"type":"broadcast"}}
2025/06/03 19:51:15 Received {n3 n0 {"message":67,"type":"broadcast"}}
2025/06/03 19:51:15 Sent {"src":"n0","dest":"n1","body":{"message":67,"type":"broadcast"}}
2025/06/03 19:51:15 Received {n1 n0 {"message":67,"type":"broadcast"}}
2025/06/03 19:51:15 Received {c10 n0 {"type":"broadcast","message":68,"msg_id":50}}
2025/06/03 19:51:15 Sent {"src":"n0","dest":"n3","body":{"message":68,"type":"broadcast"}}
2025/06/03 19:51:15 Sent {"src":"n0","dest":"n1","body":{"message":68,"type":"broadcast"}}
2025/06/03 19:51:15 Sent {"src":"n0","dest":"c10","body":{"in_reply_to":50,"type":"broadcast_ok"}}
2025/06/03 19:51:15 Received {c10 n0 {"type":"read","msg_id":51}}
2025/06/03 19:51:15 Sent {"src":"n0","dest":"c10","body":{"in_reply_to":51,"messages":[0,1,4,5,6,7,10,11,12,14,15,17,18,20,21,22,25,26,27,29,30,32,33,34,35,36,37,39,40,41,43,45,47,48,49,50,51,52,53,54,55,56,57,58,59,60,61,62,63,64,65,66,67,68],"type":"read_ok"}}
2025/06/03 19:51:16 Received {n3 n0 {"message":69,"type":"broadcast"}}
2025/06/03 19:51:16 Sent {"src":"n0","dest":"n1","body":{"message":69,"type":"broadcast"}}
2025/06/03 19:51:16 Received {c10 n0 {"type":"broadcast","message":70,"msg_id":52}}
2025/06/03 19:51:16 Sent {"src":"n0","dest":"n3","body":{"message":70,"type":"broadcast"}}
2025/06/03 19:51:16 Sent {"src":"n0","dest":"n1","body":{"message":70,"type":"broadcast"}}
2025/06/03 19:51:16 Sent {"src":"n0","dest":"c10","body":{"in_reply_to":52,"type":"broadcast_ok"}}
2025/06/03 19:51:16 Received {c10 n0 {"type":"broadcast","message":71,"msg_id":53}}
2025/06/03 19:51:16 Sent {"src":"n0","dest":"n3","body":{"message":71,"type":"broadcast"}}
2025/06/03 19:51:16 Sent {"src":"n0","dest":"n1","body":{"message":71,"type":"broadcast"}}
2025/06/03 19:51:16 Sent {"src":"n0","dest":"c10","body":{"in_reply_to":53,"type":"broadcast_ok"}}
2025/06/03 19:51:16 Received {n1 n0 {"message":72,"type":"broadcast"}}
2025/06/03 19:51:16 Sent {"src":"n0","dest":"n3","body":{"message":72,"type":"broadcast"}}
2025/06/03 19:51:16 Received {n3 n0 {"message":72,"type":"broadcast"}}
2025/06/03 19:51:16 Received {n3 n0 {"message":73,"type":"broadcast"}}
2025/06/03 19:51:16 Sent {"src":"n0","dest":"n1","body":{"message":73,"type":"broadcast"}}
2025/06/03 19:51:16 Received {n1 n0 {"message":74,"type":"broadcast"}}
2025/06/03 19:51:16 Received {n3 n0 {"message":74,"type":"broadcast"}}
2025/06/03 19:51:16 Sent {"src":"n0","dest":"n3","body":{"message":74,"type":"broadcast"}}
2025/06/03 19:51:16 Received {c10 n0 {"type":"broadcast","message":75,"msg_id":54}}
2025/06/03 19:51:16 Sent {"src":"n0","dest":"n3","body":{"message":75,"type":"broadcast"}}
2025/06/03 19:51:16 Sent {"src":"n0","dest":"n1","body":{"message":75,"type":"broadcast"}}
2025/06/03 19:51:16 Sent {"src":"n0","dest":"c10","body":{"in_reply_to":54,"type":"broadcast_ok"}}
2025/06/03 19:51:16 Received {c10 n0 {"type":"read","msg_id":55}}
2025/06/03 19:51:16 Sent {"src":"n0","dest":"c10","body":{"in_reply_to":55,"messages":[0,1,4,5,6,7,10,11,12,14,15,17,18,20,21,22,25,26,27,29,30,32,33,34,35,36,37,39,40,41,43,45,47,48,49,50,51,52,53,54,55,56,57,58,59,60,61,62,63,64,65,66,67,68,69,70,71,72,73,74,75],"type":"read_ok"}}
2025/06/03 19:51:16 Received {n1 n0 {"message":76,"type":"broadcast"}}
2025/06/03 19:51:16 Sent {"src":"n0","dest":"n3","body":{"message":76,"type":"broadcast"}}
2025/06/03 19:51:16 Received {n3 n0 {"message":76,"type":"broadcast"}}
2025/06/03 19:51:16 Received {n1 n0 {"message":77,"type":"broadcast"}}
2025/06/03 19:51:16 Sent {"src":"n0","dest":"n3","body":{"message":77,"type":"broadcast"}}
2025/06/03 19:51:16 Received {c10 n0 {"type":"read","msg_id":56}}
2025/06/03 19:51:16 Sent {"src":"n0","dest":"c10","body":{"in_reply_to":56,"messages":[0,1,4,5,6,7,10,11,12,14,15,17,18,20,21,22,25,26,27,29,30,32,33,34,35,36,37,39,40,41,43,45,47,48,49,50,51,52,53,54,55,56,57,58,59,60,61,62,63,64,65,66,67,68,69,70,71,72,73,74,75,76,77],"type":"read_ok"}}
2025/06/03 19:51:17 Received {c10 n0 {"type":"broadcast","message":78,"msg_id":57}}
2025/06/03 19:51:17 Sent {"src":"n0","dest":"n3","body":{"message":78,"type":"broadcast"}}
2025/06/03 19:51:17 Sent {"src":"n0","dest":"n1","body":{"message":78,"type":"broadcast"}}
2025/06/03 19:51:17 Sent {"src":"n0","dest":"c10","body":{"in_reply_to":57,"type":"broadcast_ok"}}
2025/06/03 19:51:17 Received {n3 n0 {"message":79,"type":"broadcast"}}
2025/06/03 19:51:17 Sent {"src":"n0","dest":"n1","body":{"message":79,"type":"broadcast"}}
2025/06/03 19:51:17 Received {c10 n0 {"type":"broadcast","message":80,"msg_id":58}}
2025/06/03 19:51:17 Sent {"src":"n0","dest":"n3","body":{"message":80,"type":"broadcast"}}
2025/06/03 19:51:17 Sent {"src":"n0","dest":"n1","body":{"message":80,"type":"broadcast"}}
2025/06/03 19:51:17 Sent {"src":"n0","dest":"c10","body":{"in_reply_to":58,"type":"broadcast_ok"}}
2025/06/03 19:51:17 Received {c10 n0 {"type":"read","msg_id":59}}
2025/06/03 19:51:17 Sent {"src":"n0","dest":"c10","body":{"in_reply_to":59,"messages":[0,1,4,5,6,7,10,11,12,14,15,17,18,20,21,22,25,26,27,29,30,32,33,34,35,36,37,39,40,41,43,45,47,48,49,50,51,52,53,54,55,56,57,58,59,60,61,62,63,64,65,66,67,68,69,70,71,72,73,74,75,76,77,78,79,80],"type":"read_ok"}}
2025/06/03 19:51:18 Received {c10 n0 {"type":"broadcast","message":83,"msg_id":60}}
2025/06/03 19:51:18 Sent {"src":"n0","dest":"n3","body":{"message":83,"type":"broadcast"}}
2025/06/03 19:51:18 Sent {"src":"n0","dest":"n1","body":{"message":83,"type":"broadcast"}}
2025/06/03 19:51:18 Sent {"src":"n0","dest":"c10","body":{"in_reply_to":60,"type":"broadcast_ok"}}
2025/06/03 19:51:18 Received {c10 n0 {"type":"read","msg_id":61}}
2025/06/03 19:51:18 Sent {"src":"n0","dest":"c10","body":{"in_reply_to":61,"messages":[0,1,4,5,6,7,10,11,12,14,15,17,18,20,21,22,25,26,27,29,30,32,33,34,35,36,37,39,40,41,43,45,47,48,49,50,51,52,53,54,55,56,57,58,59,60,61,62,63,64,65,66,67,68,69,70,71,72,73,74,75,76,77,78,79,80,83],"type":"read_ok"}}
2025/06/03 19:51:18 Received {n1 n0 {"message":84,"type":"broadcast"}}
2025/06/03 19:51:18 Sent {"src":"n0","dest":"n3","body":{"message":84,"type":"broadcast"}}
2025/06/03 19:51:18 Received {c10 n0 {"type":"read","msg_id":62}}
2025/06/03 19:51:18 Sent {"src":"n0","dest":"c10","body":{"in_reply_to":62,"messages":[0,1,4,5,6,7,10,11,12,14,15,17,18,20,21,22,25,26,27,29,30,32,33,34,35,36,37,39,40,41,43,45,47,48,49,50,51,52,53,54,55,56,57,58,59,60,61,62,63,64,65,66,67,68,69,70,71,72,73,74,75,76,77,78,79,80,83,84],"type":"read_ok"}}
2025/06/03 19:51:18 Received {c10 n0 {"type":"broadcast","message":85,"msg_id":63}}
2025/06/03 19:51:18 Sent {"src":"n0","dest":"n3","body":{"message":85,"type":"broadcast"}}
2025/06/03 19:51:18 Sent {"src":"n0","dest":"n1","body":{"message":85,"type":"broadcast"}}
2025/06/03 19:51:18 Sent {"src":"n0","dest":"c10","body":{"in_reply_to":63,"type":"broadcast_ok"}}
2025/06/03 19:51:18 Received {n1 n0 {"message":86,"type":"broadcast"}}
2025/06/03 19:51:18 Sent {"src":"n0","dest":"n3","body":{"message":86,"type":"broadcast"}}
2025/06/03 19:51:18 Received {n3 n0 {"message":87,"type":"broadcast"}}
2025/06/03 19:51:18 Sent {"src":"n0","dest":"n1","body":{"message":87,"type":"broadcast"}}
2025/06/03 19:51:19 Received {c10 n0 {"type":"broadcast","message":89,"msg_id":64}}
2025/06/03 19:51:19 Sent {"src":"n0","dest":"n3","body":{"message":89,"type":"broadcast"}}
2025/06/03 19:51:19 Sent {"src":"n0","dest":"n1","body":{"message":89,"type":"broadcast"}}
2025/06/03 19:51:19 Sent {"src":"n0","dest":"c10","body":{"in_reply_to":64,"type":"broadcast_ok"}}
2025/06/03 19:51:19 Received {c10 n0 {"type":"read","msg_id":65}}
2025/06/03 19:51:19 Sent {"src":"n0","dest":"c10","body":{"in_reply_to":65,"messages":[0,1,4,5,6,7,10,11,12,14,15,17,18,20,21,22,25,26,27,29,30,32,33,34,35,36,37,39,40,41,43,45,47,48,49,50,51,52,53,54,55,56,57,58,59,60,61,62,63,64,65,66,67,68,69,70,71,72,73,74,75,76,77,78,79,80,83,84,85,86,87,89],"type":"read_ok"}}
2025/06/03 19:51:19 Received {n3 n0 {"message":90,"type":"broadcast"}}
2025/06/03 19:51:19 Sent {"src":"n0","dest":"n1","body":{"message":90,"type":"broadcast"}}
2025/06/03 19:51:19 Received {c10 n0 {"type":"read","msg_id":66}}
2025/06/03 19:51:19 Sent {"src":"n0","dest":"c10","body":{"in_reply_to":66,"messages":[0,1,4,5,6,7,10,11,12,14,15,17,18,20,21,22,25,26,27,29,30,32,33,34,35,36,37,39,40,41,43,45,47,48,49,50,51,52,53,54,55,56,57,58,59,60,61,62,63,64,65,66,67,68,69,70,71,72,73,74,75,76,77,78,79,80,83,84,85,86,87,89,90],"type":"read_ok"}}
2025/06/03 19:51:19 Received {c10 n0 {"type":"read","msg_id":67}}
2025/06/03 19:51:19 Sent {"src":"n0","dest":"c10","body":{"in_reply_to":67,"messages":[0,1,4,5,6,7,10,11,12,14,15,17,18,20,21,22,25,26,27,29,30,32,33,34,35,36,37,39,40,41,43,45,47,48,49,50,51,52,53,54,55,56,57,58,59,60,61,62,63,64,65,66,67,68,69,70,71,72,73,74,75,76,77,78,79,80,83,84,85,86,87,89,90],"type":"read_ok"}}
2025/06/03 19:51:20 Received {n3 n0 {"message":92,"type":"broadcast"}}
2025/06/03 19:51:20 Sent {"src":"n0","dest":"n1","body":{"message":92,"type":"broadcast"}}
2025/06/03 19:51:20 Received {c10 n0 {"type":"read","msg_id":68}}
2025/06/03 19:51:20 Sent {"src":"n0","dest":"c10","body":{"in_reply_to":68,"messages":[0,1,4,5,6,7,10,11,12,14,15,17,18,20,21,22,25,26,27,29,30,32,33,34,35,36,37,39,40,41,43,45,47,48,49,50,51,52,53,54,55,56,57,58,59,60,61,62,63,64,65,66,67,68,69,70,71,72,73,74,75,76,77,78,79,80,83,84,85,86,87,89,90,92],"type":"read_ok"}}
2025/06/03 19:51:20 Received {c10 n0 {"type":"read","msg_id":69}}
2025/06/03 19:51:20 Sent {"src":"n0","dest":"c10","body":{"in_reply_to":69,"messages":[0,1,4,5,6,7,10,11,12,14,15,17,18,20,21,22,25,26,27,29,30,32,33,34,35,36,37,39,40,41,43,45,47,48,49,50,51,52,53,54,55,56,57,58,59,60,61,62,63,64,65,66,67,68,69,70,71,72,73,74,75,76,77,78,79,80,83,84,85,86,87,89,90,92],"type":"read_ok"}}
2025/06/03 19:51:20 Received {n1 n0 {"message":93,"type":"broadcast"}}
2025/06/03 19:51:20 Sent {"src":"n0","dest":"n3","body":{"message":93,"type":"broadcast"}}
2025/06/03 19:51:21 Received {c10 n0 {"type":"broadcast","message":96,"msg_id":70}}
2025/06/03 19:51:21 Sent {"src":"n0","dest":"n3","body":{"message":96,"type":"broadcast"}}
2025/06/03 19:51:21 Sent {"src":"n0","dest":"n1","body":{"message":96,"type":"broadcast"}}
2025/06/03 19:51:21 Sent {"src":"n0","dest":"c10","body":{"in_reply_to":70,"type":"broadcast_ok"}}
2025/06/03 19:51:31 Received {c10 n0 {"type":"read","msg_id":71}}
2025/06/03 19:51:31 Sent {"src":"n0","dest":"c10","body":{"in_reply_to":71,"messages":[0,1,4,5,6,7,10,11,12,14,15,17,18,20,21,22,25,26,27,29,30,32,33,34,35,36,37,39,40,41,43,45,47,48,49,50,51,52,53,54,55,56,57,58,59,60,61,62,63,64,65,66,67,68,69,70,71,72,73,74,75,76,77,78,79,80,83,84,85,86,87,89,90,92,93,96],"type":"read_ok"}}
