2025/06/03 19:51:01 Received {c0 n1 {"type":"init","node_id":"n1","node_ids":["n0","n1","n2","n3","n4"],"msg_id":1}}
2025/06/03 19:51:01 Node n1 initialized
2025/06/03 19:51:01 Sent {"src":"n1","dest":"c0","body":{"in_reply_to":1,"type":"init_ok"}}
2025/06/03 19:51:01 Received {c6 n1 {"type":"topology","topology":{"n0":["n3","n1"],"n1":["n4","n2","n0"],"n2":["n1"],"n3":["n0","n4"],"n4":["n1","n3"]},"msg_id":1}}
2025/06/03 19:51:01 Sent {"src":"n1","dest":"c6","body":{"in_reply_to":1,"type":"topology_ok"}}
2025/06/03 19:51:01 Received {n4 n1 {"message":0,"type":"broadcast"}}
2025/06/03 19:51:01 Sent {"src":"n1","dest":"n2","body":{"message":0,"type":"broadcast"}}
2025/06/03 19:51:01 Sent {"src":"n1","dest":"n0","body":{"message":0,"type":"broadcast"}}
2025/06/03 19:51:01 Received {n0 n1 {"message":1,"type":"broadcast"}}
2025/06/03 19:51:01 Sent {"src":"n1","dest":"n4","body":{"message":1,"type":"broadcast"}}
2025/06/03 19:51:01 Sent {"src":"n1","dest":"n2","body":{"message":1,"type":"broadcast"}}
2025/06/03 19:51:01 Received {c14 n1 {"type":"read","msg_id":1}}
2025/06/03 19:51:01 Sent {"src":"n1","dest":"c14","body":{"in_reply_to":1,"messages":[0,1],"type":"read_ok"}}
2025/06/03 19:51:02 Received {n0 n1 {"message":4,"type":"broadcast"}}
2025/06/03 19:51:02 Sent {"src":"n1","dest":"n4","body":{"message":4,"type":"broadcast"}}
2025/06/03 19:51:02 Sent {"src":"n1","dest":"n2","body":{"message":4,"type":"broadcast"}}
2025/06/03 19:51:02 Received {c14 n1 {"type":"read","msg_id":2}}
2025/06/03 19:51:02 Sent {"src":"n1","dest":"c14","body":{"in_reply_to":2,"messages":[0,1,4],"type":"read_ok"}}
2025/06/03 19:51:02 Received {n4 n1 {"message":5,"type":"broadcast"}}
2025/06/03 19:51:02 Sent {"src":"n1","dest":"n2","body":{"message":5,"type":"broadcast"}}
2025/06/03 19:51:02 Sent {"src":"n1","dest":"n0","body":{"message":5,"type":"broadcast"}}
2025/06/03 19:51:03 Received {n0 n1 {"message":6,"type":"broadcast"}}
2025/06/03 19:51:03 Sent {"src":"n1","dest":"n4","body":{"message":6,"type":"broadcast"}}
2025/06/03 19:51:03 Sent {"src":"n1","dest":"n2","body":{"message":6,"type":"broadcast"}}
2025/06/03 19:51:03 Received {c14 n1 {"type":"broadcast","message":7,"msg_id":3}}
2025/06/03 19:51:03 Sent {"src":"n1","dest":"n4","body":{"message":7,"type":"broadcast"}}
2025/06/03 19:51:03 Sent {"src":"n1","dest":"n2","body":{"message":7,"type":"broadcast"}}
2025/06/03 19:51:03 Sent {"src":"n1","dest":"n0","body":{"message":7,"type":"broadcast"}}
2025/06/03 19:51:03 Sent {"src":"n1","dest":"c14","body":{"in_reply_to":3,"type":"broadcast_ok"}}
2025/06/03 19:51:03 Received {n0 n1 {"message":10,"type":"broadcast"}}
2025/06/03 19:51:03 Sent {"src":"n1","dest":"n4","body":{"message":10,"type":"broadcast"}}
2025/06/03 19:51:03 Sent {"src":"n1","dest":"n2","body":{"message":10,"type":"broadcast"}}
2025/06/03 19:51:03 Received {n0 n1 {"message":11,"type":"broadcast"}}
2025/06/03 19:51:03 Sent {"src":"n1","dest":"n4","body":{"message":11,"type":"broadcast"}}
2025/06/03 19:51:03 Sent {"src":"n1","dest":"n2","body":{"message":11,"type":"broadcast"}}
2025/06/03 19:51:03 Received {c14 n1 {"type":"broadcast","message":12,"msg_id":4}}
2025/06/03 19:51:03 Sent {"src":"n1","dest":"n4","body":{"message":12,"type":"broadcast"}}
2025/06/03 19:51:03 Sent {"src":"n1","dest":"n2","body":{"message":12,"type":"broadcast"}}
2025/06/03 19:51:03 Sent {"src":"n1","dest":"n0","body":{"message":12,"type":"broadcast"}}
2025/06/03 19:51:03 Sent {"src":"n1","dest":"c14","body":{"in_reply_to":4,"type":"broadcast_ok"}}
2025/06/03 19:51:04 Received {c14 n1 {"type":"read","msg_id":5}}
2025/06/03 19:51:04 Sent {"src":"n1","dest":"c14","body":{"in_reply_to":5,"messages":[0,1,4,5,6,7,10,11,12],"type":"read_ok"}}
2025/06/03 19:51:04 Received {n0 n1 {"message":14,"type":"broadcast"}}
2025/06/03 19:51:04 Sent {"src":"n1","dest":"n4","body":{"message":14,"type":"broadcast"}}
2025/06/03 19:51:04 Sent {"src":"n1","dest":"n2","body":{"message":14,"type":"broadcast"}}
2025/06/03 19:51:04 Received {n0 n1 {"message":15,"type":"broadcast"}}
2025/06/03 19:51:04 Sent {"src":"n1","dest":"n4","body":{"message":15,"type":"broadcast"}}
2025/06/03 19:51:04 Sent {"src":"n1","dest":"n2","body":{"message":15,"type":"broadcast"}}
2025/06/03 19:51:04 Received {c14 n1 {"type":"read","msg_id":6}}
2025/06/03 19:51:04 Sent {"src":"n1","dest":"c14","body":{"in_reply_to":6,"messages":[0,1,4,5,6,7,10,11,12,14,15],"type":"read_ok"}}
2025/06/03 19:51:05 Received {n0 n1 {"message":17,"type":"broadcast"}}
2025/06/03 19:51:05 Sent {"src":"n1","dest":"n4","body":{"message":17,"type":"broadcast"}}
2025/06/03 19:51:05 Sent {"src":"n1","dest":"n2","body":{"message":17,"type":"broadcast"}}
2025/06/03 19:51:05 Received {c14 n1 {"type":"broadcast","message":18,"msg_id":7}}
2025/06/03 19:51:05 Sent {"src":"n1","dest":"n4","body":{"message":18,"type":"broadcast"}}
2025/06/03 19:51:05 Sent {"src":"n1","dest":"n2","body":{"message":18,"type":"broadcast"}}
2025/06/03 19:51:05 Sent {"src":"n1","dest":"n0","body":{"message":18,"type":"broadcast"}}
2025/06/03 19:51:05 Sent {"src":"n1","dest":"c14","body":{"in_reply_to":7,"type":"broadcast_ok"}}
2025/06/03 19:51:05 Received {n4 n1 {"message":20,"type":"broadcast"}}
2025/06/03 19:51:05 Sent {"src":"n1","dest":"n2","body":{"message":20,"type":"broadcast"}}
2025/06/03 19:51:05 Sent {"src":"n1","dest":"n0","body":{"message":20,"type":"broadcast"}}
2025/06/03 19:51:05 Received {n0 n1 {"message":21,"type":"broadcast"}}
2025/06/03 19:51:05 Sent {"src":"n1","dest":"n4","body":{"message":21,"type":"broadcast"}}
2025/06/03 19:51:05 Sent {"src":"n1","dest":"n2","body":{"message":21,"type":"broadcast"}}
2025/06/03 19:51:05 Received {n0 n1 {"message":22,"type":"broadcast"}}
2025/06/03 19:51:05 Sent {"src":"n1","dest":"n4","body":{"message":22,"type":"broadcast"}}
2025/06/03 19:51:05 Sent {"src":"n1","dest":"n2","body":{"message":22,"type":"broadcast"}}
2025/06/03 19:51:05 Received {c14 n1 {"type":"read","msg_id":8}}
2025/06/03 19:51:05 Sent {"src":"n1","dest":"c14","body":{"in_reply_to":8,"messages":[0,1,4,5,6,7,10,11,12,14,15,17,18,20,21,22],"type":"read_ok"}}
2025/06/03 19:51:06 Received {c14 n1 {"type":"read","msg_id":9}}
2025/06/03 19:51:06 Sent {"src":"n1","dest":"c14","body":{"in_reply_to":9,"messages":[0,1,4,5,6,7,10,11,12,14,15,17,18,20,21,22],"type":"read_ok"}}
2025/06/03 19:51:06 Received {n4 n1 {"message":25,"type":"broadcast"}}
2025/06/03 19:51:06 Sent {"src":"n1","dest":"n2","body":{"message":25,"type":"broadcast"}}
2025/06/03 19:51:06 Sent {"src":"n1","dest":"n0","body":{"message":25,"type":"broadcast"}}
2025/06/03 19:51:06 Received {n0 n1 {"message":26,"type":"broadcast"}}
2025/06/03 19:51:06 Sent {"src":"n1","dest":"n4","body":{"message":26,"type":"broadcast"}}
2025/06/03 19:51:06 Sent {"src":"n1","dest":"n2","body":{"message":26,"type":"broadcast"}}
2025/06/03 19:51:06 Received {n0 n1 {"message":27,"type":"broadcast"}}
2025/06/03 19:51:06 Sent {"src":"n1","dest":"n4","body":{"message":27,"type":"broadcast"}}
2025/06/03 19:51:06 Sent {"src":"n1","dest":"n2","body":{"message":27,"type":"broadcast"}}
2025/06/03 19:51:06 Received {c14 n1 {"type":"read","msg_id":10}}
2025/06/03 19:51:06 Sent {"src":"n1","dest":"c14","body":{"in_reply_to":10,"messages":[0,1,4,5,6,7,10,11,12,14,15,17,18,20,21,22,25,26,27],"type":"read_ok"}}
2025/06/03 19:51:07 Received {n4 n1 {"message":29,"type":"broadcast"}}
2025/06/03 19:51:07 Sent {"src":"n1","dest":"n2","body":{"message":29,"type":"broadcast"}}
2025/06/03 19:51:07 Sent {"src":"n1","dest":"n0","body":{"message":29,"type":"broadcast"}}
2025/06/03 19:51:07 Received {c14 n1 {"type":"broadcast","message":30,"msg_id":11}}
2025/06/03 19:51:07 Sent {"src":"n1","dest":"n4","body":{"message":30,"type":"broadcast"}}
2025/06/03 19:51:07 Sent {"src":"n1","dest":"n2","body":{"message":30,"type":"broadcast"}}
2025/06/03 19:51:07 Sent {"src":"n1","dest":"n0","body":{"message":30,"type":"broadcast"}}
2025/06/03 19:51:07 Sent {"src":"n1","dest":"c14","body":{"in_reply_to":11,"type":"broadcast_ok"}}
2025/06/03 19:51:07 Received {n4 n1 {"message":32,"type":"broadcast"}}
2025/06/03 19:51:07 Sent {"src":"n1","dest":"n2","body":{"message":32,"type":"broadcast"}}
2025/06/03 19:51:07 Sent {"src":"n1","dest":"n0","body":{"message":32,"type":"broadcast"}}
2025/06/03 19:51:08 Received {n0 n1 {"message":33,"type":"broadcast"}}
2025/06/03 19:51:08 Sent {"src":"n1","dest":"n4","body":{"message":33,"type":"broadcast"}}
2025/06/03 19:51:08 Sent {"src":"n1","dest":"n2","body":{"message":33,"type":"broadcast"}}
2025/06/03 19:51:08 Received {c14 n1 {"type":"broadcast","message":34,"msg_id":12}}
2025/06/03 19:51:08 Sent {"src":"n1","dest":"n4","body":{"message":34,"type":"broadcast"}}
2025/06/03 19:51:08 Sent {"src":"n1","dest":"n2","body":{"message":34,"type":"broadcast"}}
2025/06/03 19:51:08 Sent {"src":"n1","dest":"n0","body":{"message":34,"type":"broadcast"}}
2025/06/03 19:51:08 Sent {"src":"n1","dest":"c14","body":{"in_reply_to":12,"type":"broadcast_ok"}}
2025/06/03 19:51:08 Received {n4 n1 {"message":35,"type":"broadcast"}}
2025/06/03 19:51:08 Sent {"src":"n1","dest":"n2","body":{"message":35,"type":"broadcast"}}
2025/06/03 19:51:08 Sent {"src":"n1","dest":"n0","body":{"message":35,"type":"broadcast"}}
2025/06/03 19:51:08 Received {n0 n1 {"message":36,"type":"broadcast"}}
2025/06/03 19:51:08 Sent {"src":"n1","dest":"n4","body":{"message":36,"type":"broadcast"}}
2025/06/03 19:51:08 Sent {"src":"n1","dest":"n2","body":{"message":36,"type":"broadcast"}}
2025/06/03 19:51:08 Received {c14 n1 {"type":"broadcast","message":37,"msg_id":13}}
2025/06/03 19:51:08 Sent {"src":"n1","dest":"n4","body":{"message":37,"type":"broadcast"}}
2025/06/03 19:51:08 Sent {"src":"n1","dest":"n2","body":{"message":37,"type":"broadcast"}}
2025/06/03 19:51:08 Sent {"src":"n1","dest":"n0","body":{"message":37,"type":"broadcast"}}
2025/06/03 19:51:08 Sent {"src":"n1","dest":"c14","body":{"in_reply_to":13,"type":"broadcast_ok"}}
2025/06/03 19:51:09 Received {c14 n1 {"type":"read","msg_id":14}}
2025/06/03 19:51:09 Sent {"src":"n1","dest":"c14","body":{"in_reply_to":14,"messages":[0,1,4,5,6,7,10,11,12,14,15,17,18,20,21,22,25,26,27,29,30,32,33,34,35,36,37],"type":"read_ok"}}
2025/06/03 19:51:09 Received {n0 n1 {"message":39,"type":"broadcast"}}
2025/06/03 19:51:09 Sent {"src":"n1","dest":"n4","body":{"message":39,"type":"broadcast"}}
2025/06/03 19:51:09 Sent {"src":"n1","dest":"n2","body":{"message":39,"type":"broadcast"}}
2025/06/03 19:51:09 Received {c14 n1 {"type":"read","msg_id":15}}
2025/06/03 19:51:09 Sent {"src":"n1","dest":"c14","body":{"in_reply_to":15,"messages":[0,1,4,5,6,7,10,11,12,14,15,17,18,20,21,22,25,26,27,29,30,32,33,34,35,36,37,39],"type":"read_ok"}}
2025/06/03 19:51:10 Received {n4 n1 {"message":40,"type":"broadcast"}}
2025/06/03 19:51:10 Sent {"src":"n1","dest":"n2","body":{"message":40,"type":"broadcast"}}
2025/06/03 19:51:10 Sent {"src":"n1","dest":"n0","body":{"message":40,"type":"broadcast"}}
2025/06/03 19:51:10 Received {n0 n1 {"message":41,"type":"broadcast"}}
2025/06/03 19:51:10 Sent {"src":"n1","dest":"n4","body":{"message":41,"type":"broadcast"}}
2025/06/03 19:51:10 Sent {"src":"n1","dest":"n2","body":{"message":41,"type":"broadcast"}}
2025/06/03 19:51:10 Received {c14 n1 {"type":"read","msg_id":16}}
2025/06/03 19:51:10 Sent {"src":"n1","dest":"c14","body":{"in_reply_to":16,"messages":[0,1,4,5,6,7,10,11,12,14,15,17,18,20,21,22,25,26,27,29,30,32,33,34,35,36,37,39,40,41],"type":"read_ok"}}
2025/06/03 19:51:10 Received {n4 n1 {"message":43,"type":"broadcast"}}
2025/06/03 19:51:10 Sent {"src":"n1","dest":"n2","body":{"message":43,"type":"broadcast"}}
2025/06/03 19:51:10 Sent {"src":"n1","dest":"n0","body":{"message":43,"type":"broadcast"}}
2025/06/03 19:51:11 Received {c14 n1 {"type":"read","msg_id":17}}
2025/06/03 19:51:11 Sent {"src":"n1","dest":"c14","body":{"in_reply_to":17,"messages":[0,1,4,5,6,7,10,11,12,14,15,17,18,20,21,22,25,26,27,29,30,32,33,34,35,36,37,39,40,41,43],"type":"read_ok"}}
2025/06/03 19:51:11 Received {n4 n1 {"message":45,"type":"broadcast"}}
2025/06/03 19:51:11 Sent {"src":"n1","dest":"n2","body":{"message":45,"type":"broadcast"}}
2025/06/03 19:51:11 Sent {"src":"n1","dest":"n0","body":{"message":45,"type":"broadcast"}}
2025/06/03 19:51:11 Received {c14 n1 {"type":"read","msg_id":18}}
2025/06/03 19:51:11 Sent {"src":"n1","dest":"c14","body":{"in_reply_to":18,"messages":[0,1,4,5,6,7,10,11,12,14,15,17,18,20,21,22,25,26,27,29,30,32,33,34,35,36,37,39,40,41,43,45],"type":"read_ok"}}
2025/06/03 19:51:12 Received {n4 n1 {"message":47,"type":"broadcast"}}
2025/06/03 19:51:12 Sent {"src":"n1","dest":"n2","body":{"message":47,"type":"broadcast"}}
2025/06/03 19:51:12 Sent {"src":"n1","dest":"n0","body":{"message":47,"type":"broadcast"}}
2025/06/03 19:51:12 Received {n0 n1 {"message":48,"type":"broadcast"}}
2025/06/03 19:51:12 Sent {"src":"n1","dest":"n4","body":{"message":48,"type":"broadcast"}}
2025/06/03 19:51:12 Sent {"src":"n1","dest":"n2","body":{"message":48,"type":"broadcast"}}
2025/06/03 19:51:12 Received {c14 n1 {"type":"broadcast","message":49,"msg_id":19}}
2025/06/03 19:51:12 Sent {"src":"n1","dest":"n4","body":{"message":49,"type":"broadcast"}}
2025/06/03 19:51:12 Sent {"src":"n1","dest":"n2","body":{"message":49,"type":"broadcast"}}
2025/06/03 19:51:12 Sent {"src":"n1","dest":"n0","body":{"message":49,"type":"broadcast"}}
2025/06/03 19:51:12 Sent {"src":"n1","dest":"c14","body":{"in_reply_to":19,"type":"broadcast_ok"}}
2025/06/03 19:51:12 Received {n0 n1 {"message":50,"type":"broadcast"}}
2025/06/03 19:51:12 Received {n4 n1 {"message":50,"type":"broadcast"}}
2025/06/03 19:51:12 Sent {"src":"n1","dest":"n4","body":{"message":50,"type":"broadcast"}}
2025/06/03 19:51:12 Sent {"src":"n1","dest":"n2","body":{"message":50,"type":"broadcast"}}
2025/06/03 19:51:12 Received {n4 n1 {"message":51,"type":"broadcast"}}
2025/06/03 19:51:12 Sent {"src":"n1","dest":"n2","body":{"message":51,"type":"broadcast"}}
2025/06/03 19:51:12 Sent {"src":"n1","dest":"n0","body":{"message":51,"type":"broadcast"}}
2025/06/03 19:51:12 Received {n0 n1 {"message":52,"type":"broadcast"}}
2025/06/03 19:51:12 Sent {"src":"n1","dest":"n4","body":{"message":52,"type":"broadcast"}}
2025/06/03 19:51:12 Sent {"src":"n1","dest":"n2","body":{"message":52,"type":"broadcast"}}
2025/06/03 19:51:12 Received {n4 n1 {"message":52,"type":"broadcast"}}
2025/06/03 19:51:12 Received {c14 n1 {"type":"read","msg_id":20}}
2025/06/03 19:51:12 Sent {"src":"n1","dest":"c14","body":{"in_reply_to":20,"messages":[0,1,4,5,6,7,10,11,12,14,15,17,18,20,21,22,25,26,27,29,30,32,33,34,35,36,37,39,40,41,43,45,47,48,49,50,51,52],"type":"read_ok"}}
2025/06/03 19:51:13 Received {n4 n1 {"message":53,"type":"broadcast"}}
2025/06/03 19:51:13 Sent {"src":"n1","dest":"n2","body":{"message":53,"type":"broadcast"}}
2025/06/03 19:51:13 Sent {"src":"n1","dest":"n0","body":{"message":53,"type":"broadcast"}}
2025/06/03 19:51:13 Received {n0 n1 {"message":53,"type":"broadcast"}}
2025/06/03 19:51:13 Received {n0 n1 {"message":54,"type":"broadcast"}}
2025/06/03 19:51:13 Sent {"src":"n1","dest":"n4","body":{"message":54,"type":"broadcast"}}
2025/06/03 19:51:13 Sent {"src":"n1","dest":"n2","body":{"message":54,"type":"broadcast"}}
2025/06/03 19:51:13 Received {n0 n1 {"message":55,"type":"broadcast"}}
2025/06/03 19:51:13 Sent {"src":"n1","dest":"n4","body":{"message":55,"type":"broadcast"}}
2025/06/03 19:51:13 Sent {"src":"n1","dest":"n2","body":{"message":55,"type":"broadcast"}}
2025/06/03 19:51:13 Received {n4 n1 {"message":55,"type":"broadcast"}}
2025/06/03 19:51:13 Received {c14 n1 {"type":"read","msg_id":21}}
2025/06/03 19:51:13 Sent {"src":"n1","dest":"c14","body":{"in_reply_to":21,"messages":[0,1,4,5,6,7,10,11,12,14,15,17,18,20,21,22,25,26,27,29,30,32,33,34,35,36,37,39,40,41,43,45,47,48,49,50,51,52,53,54,55],"type":"read_ok"}}
2025/06/03 19:51:13 Received {n2 n1 {"message":56,"type":"broadcast"}}
2025/06/03 19:51:13 Sent {"src":"n1","dest":"n4","body":{"message":56,"type":"broadcast"}}
2025/06/03 19:51:13 Sent {"src":"n1","dest":"n0","body":{"message":56,"type":"broadcast"}}
2025/06/03 19:51:13 Received {n0 n1 {"message":57,"type":"broadcast"}}
2025/06/03 19:51:13 Received {n4 n1 {"message":57,"type":"broadcast"}}
2025/06/03 19:51:13 Sent {"src":"n1","dest":"n4","body":{"message":57,"type":"broadcast"}}
2025/06/03 19:51:13 Sent {"src":"n1","dest":"n2","body":{"message":57,"type":"broadcast"}}
2025/06/03 19:51:13 Received {n4 n1 {"message":58,"type":"broadcast"}}
2025/06/03 19:51:13 Sent {"src":"n1","dest":"n2","body":{"message":58,"type":"broadcast"}}
2025/06/03 19:51:13 Sent {"src":"n1","dest":"n0","body":{"message":58,"type":"broadcast"}}
2025/06/03 19:51:14 Received {n0 n1 {"message":59,"type":"broadcast"}}
2025/06/03 19:51:14 Sent {"src":"n1","dest":"n4","body":{"message":59,"type":"broadcast"}}
2025/06/03 19:51:14 Sent {"src":"n1","dest":"n2","body":{"message":59,"type":"broadcast"}}
2025/06/03 19:51:14 Received {n4 n1 {"message":59,"type":"broadcast"}}
2025/06/03 19:51:14 Received {c14 n1 {"type":"read","msg_id":22}}
2025/06/03 19:51:14 Sent {"src":"n1","dest":"c14","body":{"in_reply_to":22,"messages":[0,1,4,5,6,7,10,11,12,14,15,17,18,20,21,22,25,26,27,29,30,32,33,34,35,36,37,39,40,41,43,45,47,48,49,50,51,52,53,54,55,56,57,58,59],"type":"read_ok"}}
2025/06/03 19:51:14 Received {n2 n1 {"message":60,"type":"broadcast"}}
2025/06/03 19:51:14 Sent {"src":"n1","dest":"n4","body":{"message":60,"type":"broadcast"}}
2025/06/03 19:51:14 Sent {"src":"n1","dest":"n0","body":{"message":60,"type":"broadcast"}}
2025/06/03 19:51:14 Received {n4 n1 {"message":61,"type":"broadcast"}}
2025/06/03 19:51:14 Received {n0 n1 {"message":61,"type":"broadcast"}}
2025/06/03 19:51:14 Sent {"src":"n1","dest":"n4","body":{"message":61,"type":"broadcast"}}
2025/06/03 19:51:14 Sent {"src":"n1","dest":"n2","body":{"message":61,"type":"broadcast"}}
2025/06/03 19:51:14 Sent {"src":"n1","dest":"n0","body":{"message":61,"type":"broadcast"}}
2025/06/03 19:51:14 Sent {"src":"n1","dest":"n2","body":{"message":61,"type":"broadcast"}}
2025/06/03 19:51:14 Received {n4 n1 {"message":62,"type":"broadcast"}}
2025/06/03 19:51:14 Sent {"src":"n1","dest":"n2","body":{"message":62,"type":"broadcast"}}
2025/06/03 19:51:14 Sent {"src":"n1","dest":"n0","body":{"message":62,"type":"broadcast"}}
2025/06/03 19:51:14 Received {n0 n1 {"message":63,"type":"broadcast"}}
2025/06/03 19:51:14 Sent {"src":"n1","dest":"n4","body":{"message":63,"type":"broadcast"}}
2025/06/03 19:51:14 Sent {"src":"n1","dest":"n2","body":{"message":63,"type":"broadcast"}}
2025/06/03 19:51:14 Received {c14 n1 {"type":"broadcast","message":64,"msg_id":23}}
2025/06/03 19:51:14 Sent {"src":"n1","dest":"n4","body":{"message":64,"type":"broadcast"}}
2025/06/03 19:51:14 Sent {"src":"n1","dest":"n2","body":{"message":64,"type":"broadcast"}}
2025/06/03 19:51:14 Sent {"src":"n1","dest":"n0","body":{"message":64,"type":"broadcast"}}
2025/06/03 19:51:14 Sent {"src":"n1","dest":"c14","body":{"in_reply_to":23,"type":"broadcast_ok"}}
2025/06/03 19:51:14 Received {n0 n1 {"message":65,"type":"broadcast"}}
2025/06/03 19:51:14 Received {n4 n1 {"message":65,"type":"broadcast"}}
2025/06/03 19:51:14 Sent {"src":"n1","dest":"n4","body":{"message":65,"type":"broadcast"}}
2025/06/03 19:51:14 Sent {"src":"n1","dest":"n2","body":{"message":65,"type":"broadcast"}}
2025/06/03 19:51:15 Received {c14 n1 {"type":"read","msg_id":24}}
2025/06/03 19:51:15 Sent {"src":"n1","dest":"c14","body":{"in_reply_to":24,"messages":[0,1,4,5,6,7,10,11,12,14,15,17,18,20,21,22,25,26,27,29,30,32,33,34,35,36,37,39,40,41,43,45,47,48,49,50,51,52,53,54,55,56,57,58,59,60,61,61,62,63,64,65],"type":"read_ok"}}
2025/06/03 19:51:15 Received {n0 n1 {"message":66,"type":"broadcast"}}
2025/06/03 19:51:15 Received {n4 n1 {"message":66,"type":"broadcast"}}
2025/06/03 19:51:15 Sent {"src":"n1","dest":"n4","body":{"message":66,"type":"broadcast"}}
2025/06/03 19:51:15 Sent {"src":"n1","dest":"n2","body":{"message":66,"type":"broadcast"}}
2025/06/03 19:51:15 Received {n4 n1 {"message":67,"type":"broadcast"}}
2025/06/03 19:51:15 Sent {"src":"n1","dest":"n2","body":{"message":67,"type":"broadcast"}}
2025/06/03 19:51:15 Sent {"src":"n1","dest":"n0","body":{"message":67,"type":"broadcast"}}
2025/06/03 19:51:15 Received {n0 n1 {"message":67,"type":"broadcast"}}
2025/06/03 19:51:15 Received {n0 n1 {"message":68,"type":"broadcast"}}
2025/06/03 19:51:15 Sent {"src":"n1","dest":"n4","body":{"message":68,"type":"broadcast"}}
2025/06/03 19:51:15 Sent {"src":"n1","dest":"n2","body":{"message":68,"type":"broadcast"}}
2025/06/03 19:51:15 Received {n4 n1 {"message":68,"type":"broadcast"}}
2025/06/03 19:51:15 Received {c14 n1 {"type":"read","msg_id":25}}
2025/06/03 19:51:15 Sent {"src":"n1","dest":"c14","body":{"in_reply_to":25,"messages":[0,1,4,5,6,7,10,11,12,14,15,17,18,20,21,22,25,26,27,29,30,32,33,34,35,36,37,39,40,41,43,45,47,48,49,50,51,52,53,54,55,56,57,58,59,60,61,61,62,63,64,65,66,67,68],"type":"read_ok"}}
2025/06/03 19:51:16 Received {n0 n1 {"message":69,"type":"broadcast"}}
2025/06/03 19:51:16 Sent {"src":"n1","dest":"n4","body":{"message":69,"type":"broadcast"}}
2025/06/03 19:51:16 Sent {"src":"n1","dest":"n2","body":{"message":69,"type":"broadcast"}}
2025/06/03 19:51:16 Received {n4 n1 {"message":69,"type":"broadcast"}}
2025/06/03 19:51:16 Received {n0 n1 {"message":70,"type":"broadcast"}}
2025/06/03 19:51:16 Sent {"src":"n1","dest":"n4","body":{"message":70,"type":"broadcast"}}
2025/06/03 19:51:16 Sent {"src":"n1","dest":"n2","body":{"message":70,"type":"broadcast"}}
2025/06/03 19:51:16 Received {n4 n1 {"message":70,"type":"broadcast"}}
2025/06/03 19:51:16 Received {n0 n1 {"message":71,"type":"broadcast"}}
2025/06/03 19:51:16 Sent {"src":"n1","dest":"n4","body":{"message":71,"type":"broadcast"}}
2025/06/03 19:51:16 Sent {"src":"n1","dest":"n2","body":{"message":71,"type":"broadcast"}}
2025/06/03 19:51:16 Received {c14 n1 {"type":"broadcast","message":72,"msg_id":26}}
2025/06/03 19:51:16 Sent {"src":"n1","dest":"n4","body":{"message":72,"type":"broadcast"}}
2025/06/03 19:51:16 Sent {"src":"n1","dest":"n2","body":{"message":72,"type":"broadcast"}}
2025/06/03 19:51:16 Sent {"src":"n1","dest":"n0","body":{"message":72,"type":"broadcast"}}
2025/06/03 19:51:16 Sent {"src":"n1","dest":"c14","body":{"in_reply_to":26,"type":"broadcast_ok"}}
2025/06/03 19:51:16 Received {n0 n1 {"message":73,"type":"broadcast"}}
2025/06/03 19:51:16 Received {n4 n1 {"message":73,"type":"broadcast"}}
2025/06/03 19:51:16 Sent {"src":"n1","dest":"n4","body":{"message":73,"type":"broadcast"}}
2025/06/03 19:51:16 Sent {"src":"n1","dest":"n2","body":{"message":73,"type":"broadcast"}}
2025/06/03 19:51:16 Received {n4 n1 {"message":74,"type":"broadcast"}}
2025/06/03 19:51:16 Sent {"src":"n1","dest":"n2","body":{"message":74,"type":"broadcast"}}
2025/06/03 19:51:16 Sent {"src":"n1","dest":"n0","body":{"message":74,"type":"broadcast"}}
2025/06/03 19:51:16 Received {n0 n1 {"message":75,"type":"broadcast"}}
2025/06/03 19:51:16 Sent {"src":"n1","dest":"n4","body":{"message":75,"type":"broadcast"}}
2025/06/03 19:51:16 Sent {"src":"n1","dest":"n2","body":{"message":75,"type":"broadcast"}}
2025/06/03 19:51:16 Received {n4 n1 {"message":75,"type":"broadcast"}}
2025/06/03 19:51:16 Received {c14 n1 {"type":"broadcast","message":76,"msg_id":27}}
2025/06/03 19:51:16 Sent {"src":"n1","dest":"n4","body":{"message":76,"type":"broadcast"}}
2025/06/03 19:51:16 Sent {"src":"n1","dest":"n2","body":{"message":76,"type":"broadcast"}}
2025/06/03 19:51:16 Sent {"src":"n1","dest":"n0","body":{"message":76,"type":"broadcast"}}
2025/06/03 19:51:16 Sent {"src":"n1","dest":"c14","body":{"in_reply_to":27,"type":"broadcast_ok"}}
2025/06/03 19:51:16 Received {n2 n1 {"message":77,"type":"broadcast"}}
2025/06/03 19:51:16 Sent {"src":"n1","dest":"n4","body":{"message":77,"type":"broadcast"}}
2025/06/03 19:51:16 Sent {"src":"n1","dest":"n0","body":{"message":77,"type":"broadcast"}}
2025/06/03 19:51:17 Received {n0 n1 {"message":78,"type":"broadcast"}}
2025/06/03 19:51:17 Sent {"src":"n1","dest":"n4","body":{"message":78,"type":"broadcast"}}
2025/06/03 19:51:17 Sent {"src":"n1","dest":"n2","body":{"message":78,"type":"broadcast"}}
2025/06/03 19:51:17 Received {c14 n1 {"type":"read","msg_id":28}}
2025/06/03 19:51:17 Sent {"src":"n1","dest":"c14","body":{"in_reply_to":28,"messages":[0,1,4,5,6,7,10,11,12,14,15,17,18,20,21,22,25,26,27,29,30,32,33,34,35,36,37,39,40,41,43,45,47,48,49,50,51,52,53,54,55,56,57,58,59,60,61,61,62,63,64,65,66,67,68,69,70,71,72,73,74,75,76,77,78],"type":"read_ok"}}
2025/06/03 19:51:17 Received {n0 n1 {"message":79,"type":"broadcast"}}
2025/06/03 19:51:17 Sent {"src":"n1","dest":"n4","body":{"message":79,"type":"broadcast"}}
2025/06/03 19:51:17 Sent {"src":"n1","dest":"n2","body":{"message":79,"type":"broadcast"}}
2025/06/03 19:51:17 Received {n0 n1 {"message":80,"type":"broadcast"}}
2025/06/03 19:51:17 Sent {"src":"n1","dest":"n4","body":{"message":80,"type":"broadcast"}}
2025/06/03 19:51:17 Sent {"src":"n1","dest":"n2","body":{"message":80,"type":"broadcast"}}
2025/06/03 19:51:17 Received {c14 n1 {"type":"read","msg_id":29}}
2025/06/03 19:51:17 Sent {"src":"n1","dest":"c14","body":{"in_reply_to":29,"messages":[0,1,4,5,6,7,10,11,12,14,15,17,18,20,21,22,25,26,27,29,30,32,33,34,35,36,37,39,40,41,43,45,47,48,49,50,51,52,53,54,55,56,57,58,59,60,61,61,62,63,64,65,66,67,68,69,70,71,72,73,74,75,76,77,78,79,80],"type":"read_ok"}}
2025/06/03 19:51:18 Received {n0 n1 {"message":83,"type":"broadcast"}}
2025/06/03 19:51:18 Sent {"src":"n1","dest":"n4","body":{"message":83,"type":"broadcast"}}
2025/06/03 19:51:18 Sent {"src":"n1","dest":"n2","body":{"message":83,"type":"broadcast"}}
2025/06/03 19:51:18 Received {c14 n1 {"type":"broadcast","message":84,"msg_id":30}}
2025/06/03 19:51:18 Sent {"src":"n1","dest":"n4","body":{"message":84,"type":"broadcast"}}
2025/06/03 19:51:18 Sent {"src":"n1","dest":"n2","body":{"message":84,"type":"broadcast"}}
2025/06/03 19:51:18 Sent {"src":"n1","dest":"n0","body":{"message":84,"type":"broadcast"}}
2025/06/03 19:51:18 Sent {"src":"n1","dest":"c14","body":{"in_reply_to":30,"type":"broadcast_ok"}}
2025/06/03 19:51:18 Received {n0 n1 {"message":85,"type":"broadcast"}}
2025/06/03 19:51:18 Sent {"src":"n1","dest":"n4","body":{"message":85,"type":"broadcast"}}
2025/06/03 19:51:18 Sent {"src":"n1","dest":"n2","body":{"message":85,"type":"broadcast"}}
2025/06/03 19:51:18 Received {c14 n1 {"type":"broadcast","message":86,"msg_id":31}}
2025/06/03 19:51:18 Sent {"src":"n1","dest":"n4","body":{"message":86,"type":"broadcast"}}
2025/06/03 19:51:18 Sent {"src":"n1","dest":"n2","body":{"message":86,"type":"broadcast"}}
2025/06/03 19:51:18 Sent {"src":"n1","dest":"n0","body":{"message":86,"type":"broadcast"}}
2025/06/03 19:51:18 Sent {"src":"n1","dest":"c14","body":{"in_reply_to":31,"type":"broadcast_ok"}}
2025/06/03 19:51:18 Received {n0 n1 {"message":87,"type":"broadcast"}}
2025/06/03 19:51:18 Sent {"src":"n1","dest":"n4","body":{"message":87,"type":"broadcast"}}
2025/06/03 19:51:18 Sent {"src":"n1","dest":"n2","body":{"message":87,"type":"broadcast"}}
2025/06/03 19:51:19 Received {n0 n1 {"message":89,"type":"broadcast"}}
2025/06/03 19:51:19 Sent {"src":"n1","dest":"n4","body":{"message":89,"type":"broadcast"}}
2025/06/03 19:51:19 Sent {"src":"n1","dest":"n2","body":{"message":89,"type":"broadcast"}}
2025/06/03 19:51:19 Received {c14 n1 {"type":"read","msg_id":32}}
2025/06/03 19:51:19 Sent {"src":"n1","dest":"c14","body":{"in_reply_to":32,"messages":[0,1,4,5,6,7,10,11,12,14,15,17,18,20,21,22,25,26,27,29,30,32,33,34,35,36,37,39,40,41,43,45,47,48,49,50,51,52,53,54,55,56,57,58,59,60,61,61,62,63,64,65,66,67,68,69,70,71,72,73,74,75,76,77,78,79,80,83,84,85,86,87,89],"type":"read_ok"}}
2025/06/03 19:51:19 Received {n0 n1 {"message":90,"type":"broadcast"}}
2025/06/03 19:51:19 Sent {"src":"n1","dest":"n4","body":{"message":90,"type":"broadcast"}}
2025/06/03 19:51:19 Sent {"src":"n1","dest":"n2","body":{"message":90,"type":"broadcast"}}
2025/06/03 19:51:19 Received {c14 n1 {"type":"read","msg_id":33}}
2025/06/03 19:51:19 Sent {"src":"n1","dest":"c14","body":{"in_reply_to":33,"messages":[0,1,4,5,6,7,10,11,12,14,15,17,18,20,21,22,25,26,27,29,30,32,33,34,35,36,37,39,40,41,43,45,47,48,49,50,51,52,53,54,55,56,57,58,59,60,61,61,62,63,64,65,66,67,68,69,70,71,72,73,74,75,76,77,78,79,80,83,84,85,86,87,89,90],"type":"read_ok"}}
2025/06/03 19:51:20 Received {n0 n1 {"message":92,"type":"broadcast"}}
2025/06/03 19:51:20 Sent {"src":"n1","dest":"n4","body":{"message":92,"type":"broadcast"}}
2025/06/03 19:51:20 Sent {"src":"n1","dest":"n2","body":{"message":92,"type":"broadcast"}}
2025/06/03 19:51:20 Received {c14 n1 {"type":"broadcast","message":93,"msg_id":34}}
2025/06/03 19:51:20 Sent {"src":"n1","dest":"n4","body":{"message":93,"type":"broadcast"}}
2025/06/03 19:51:20 Sent {"src":"n1","dest":"n2","body":{"message":93,"type":"broadcast"}}
2025/06/03 19:51:20 Sent {"src":"n1","dest":"n0","body":{"message":93,"type":"broadcast"}}
2025/06/03 19:51:20 Sent {"src":"n1","dest":"c14","body":{"in_reply_to":34,"type":"broadcast_ok"}}
2025/06/03 19:51:21 Received {n0 n1 {"message":96,"type":"broadcast"}}
2025/06/03 19:51:21 Sent {"src":"n1","dest":"n4","body":{"message":96,"type":"broadcast"}}
2025/06/03 19:51:21 Sent {"src":"n1","dest":"n2","body":{"message":96,"type":"broadcast"}}
2025/06/03 19:51:31 Received {c14 n1 {"type":"read","msg_id":35}}
2025/06/03 19:51:31 Sent {"src":"n1","dest":"c14","body":{"in_reply_to":35,"messages":[0,1,4,5,6,7,10,11,12,14,15,17,18,20,21,22,25,26,27,29,30,32,33,34,35,36,37,39,40,41,43,45,47,48,49,50,51,52,53,54,55,56,57,58,59,60,61,61,62,63,64,65,66,67,68,69,70,71,72,73,74,75,76,77,78,79,80,83,84,85,86,87,89,90,92,93,96],"type":"read_ok"}}
