2025/06/03 19:51:01 Received {c1 n2 {"type":"init","node_id":"n2","node_ids":["n0","n1","n2","n3","n4"],"msg_id":1}}
2025/06/03 19:51:01 Node n2 initialized
2025/06/03 19:51:01 Sent {"src":"n2","dest":"c1","body":{"in_reply_to":1,"type":"init_ok"}}
2025/06/03 19:51:01 Received {c7 n2 {"type":"topology","topology":{"n0":["n3","n1"],"n1":["n4","n2","n0"],"n2":["n1"],"n3":["n0","n4"],"n4":["n1","n3"]},"msg_id":1}}
2025/06/03 19:51:01 Sent {"src":"n2","dest":"c7","body":{"in_reply_to":1,"type":"topology_ok"}}
2025/06/03 19:51:01 Received {c11 n2 {"type":"read","msg_id":1}}
2025/06/03 19:51:01 Sent {"src":"n2","dest":"c11","body":{"in_reply_to":1,"messages":[],"type":"read_ok"}}
2025/06/03 19:51:01 Received {c11 n2 {"type":"broadcast","message":2,"msg_id":2}}
2025/06/03 19:51:01 Sent {"src":"n2","dest":"n1","body":{"message":2,"type":"broadcast"}}
2025/06/03 19:51:01 Sent {"src":"n2","dest":"c11","body":{"in_reply_to":2,"type":"broadcast_ok"}}
2025/06/03 19:51:02 Received {c11 n2 {"type":"read","msg_id":3}}
2025/06/03 19:51:02 Sent {"src":"n2","dest":"c11","body":{"in_reply_to":3,"messages":[2],"type":"read_ok"}}
2025/06/03 19:51:03 Received {c11 n2 {"type":"broadcast","message":8,"msg_id":4}}
2025/06/03 19:51:03 Sent {"src":"n2","dest":"n1","body":{"message":8,"type":"broadcast"}}
2025/06/03 19:51:03 Sent {"src":"n2","dest":"c11","body":{"in_reply_to":4,"type":"broadcast_ok"}}
2025/06/03 19:51:03 Received {c11 n2 {"type":"read","msg_id":5}}
2025/06/03 19:51:03 Sent {"src":"n2","dest":"c11","body":{"in_reply_to":5,"messages":[2,8],"type":"read_ok"}}
2025/06/03 19:51:04 Received {c11 n2 {"type":"read","msg_id":6}}
2025/06/03 19:51:04 Sent {"src":"n2","dest":"c11","body":{"in_reply_to":6,"messages":[2,8],"type":"read_ok"}}
2025/06/03 19:51:04 Received {c11 n2 {"type":"broadcast","message":16,"msg_id":7}}
2025/06/03 19:51:04 Sent {"src":"n2","dest":"n1","body":{"message":16,"type":"broadcast"}}
2025/06/03 19:51:04 Sent {"src":"n2","dest":"c11","body":{"in_reply_to":7,"type":"broadcast_ok"}}
2025/06/03 19:51:05 Received {c11 n2 {"type":"broadcast","message":19,"msg_id":8}}
2025/06/03 19:51:05 Sent {"src":"n2","dest":"n1","body":{"message":19,"type":"broadcast"}}
2025/06/03 19:51:05 Sent {"src":"n2","dest":"c11","body":{"in_reply_to":8,"type":"broadcast_ok"}}
2025/06/03 19:51:06 Received {c11 n2 {"type":"read","msg_id":9}}
2025/06/03 19:51:06 Sent {"src":"n2","dest":"c11","body":{"in_reply_to":9,"messages":[2,8,16,19],"type":"read_ok"}}
2025/06/03 19:51:06 Received {c11 n2 {"type":"broadcast","message":23,"msg_id":10}}
2025/06/03 19:51:06 Sent {"src":"n2","dest":"n1","body":{"message":23,"type":"broadcast"}}
2025/06/03 19:51:06 Sent {"src":"n2","dest":"c11","body":{"in_reply_to":10,"type":"broadcast_ok"}}
2025/06/03 19:51:07 Received {c11 n2 {"type":"read","msg_id":11}}
2025/06/03 19:51:07 Sent {"src":"n2","dest":"c11","body":{"in_reply_to":11,"messages":[2,8,16,19,23],"type":"read_ok"}}
2025/06/03 19:51:07 Received {c11 n2 {"type":"read","msg_id":12}}
2025/06/03 19:51:07 Sent {"src":"n2","dest":"c11","body":{"in_reply_to":12,"messages":[2,8,16,19,23],"type":"read_ok"}}
2025/06/03 19:51:08 Received {c11 n2 {"type":"read","msg_id":13}}
2025/06/03 19:51:08 Sent {"src":"n2","dest":"c11","body":{"in_reply_to":13,"messages":[2,8,16,19,23],"type":"read_ok"}}
2025/06/03 19:51:09 Received {c11 n2 {"type":"read","msg_id":14}}
2025/06/03 19:51:09 Sent {"src":"n2","dest":"c11","body":{"in_reply_to":14,"messages":[2,8,16,19,23],"type":"read_ok"}}
2025/06/03 19:51:09 Received {c11 n2 {"type":"read","msg_id":15}}
2025/06/03 19:51:09 Sent {"src":"n2","dest":"c11","body":{"in_reply_to":15,"messages":[2,8,16,19,23],"type":"read_ok"}}
2025/06/03 19:51:09 Received {c11 n2 {"type":"read","msg_id":16}}
2025/06/03 19:51:09 Sent {"src":"n2","dest":"c11","body":{"in_reply_to":16,"messages":[2,8,16,19,23],"type":"read_ok"}}
2025/06/03 19:51:10 Received {c11 n2 {"type":"read","msg_id":17}}
2025/06/03 19:51:10 Sent {"src":"n2","dest":"c11","body":{"in_reply_to":17,"messages":[2,8,16,19,23],"type":"read_ok"}}
2025/06/03 19:51:11 Received {c11 n2 {"type":"read","msg_id":18}}
2025/06/03 19:51:11 Sent {"src":"n2","dest":"c11","body":{"in_reply_to":18,"messages":[2,8,16,19,23],"type":"read_ok"}}
2025/06/03 19:51:11 Received {c11 n2 {"type":"read","msg_id":19}}
2025/06/03 19:51:11 Sent {"src":"n2","dest":"c11","body":{"in_reply_to":19,"messages":[2,8,16,19,23],"type":"read_ok"}}
2025/06/03 19:51:12 Received {n1 n2 {"message":50,"type":"broadcast"}}
2025/06/03 19:51:12 Received {n1 n2 {"message":51,"type":"broadcast"}}
2025/06/03 19:51:12 Received {n1 n2 {"message":52,"type":"broadcast"}}
2025/06/03 19:51:12 Received {c11 n2 {"type":"read","msg_id":20}}
2025/06/03 19:51:12 Sent {"src":"n2","dest":"c11","body":{"in_reply_to":20,"messages":[2,8,16,19,23,50,51,52],"type":"read_ok"}}
2025/06/03 19:51:13 Received {n1 n2 {"message":53,"type":"broadcast"}}
2025/06/03 19:51:13 Received {n1 n2 {"message":54,"type":"broadcast"}}
2025/06/03 19:51:13 Received {n1 n2 {"message":55,"type":"broadcast"}}
2025/06/03 19:51:13 Received {c11 n2 {"type":"broadcast","message":56,"msg_id":21}}
2025/06/03 19:51:13 Sent {"src":"n2","dest":"n1","body":{"message":56,"type":"broadcast"}}
2025/06/03 19:51:13 Sent {"src":"n2","dest":"c11","body":{"in_reply_to":21,"type":"broadcast_ok"}}
2025/06/03 19:51:13 Received {n1 n2 {"message":57,"type":"broadcast"}}
2025/06/03 19:51:13 Received {n1 n2 {"message":58,"type":"broadcast"}}
2025/06/03 19:51:14 Received {n1 n2 {"message":59,"type":"broadcast"}}
2025/06/03 19:51:14 Received {c11 n2 {"type":"broadcast","message":60,"msg_id":22}}
2025/06/03 19:51:14 Sent {"src":"n2","dest":"n1","body":{"message":60,"type":"broadcast"}}
2025/06/03 19:51:14 Sent {"src":"n2","dest":"c11","body":{"in_reply_to":22,"type":"broadcast_ok"}}
2025/06/03 19:51:14 Received {n1 n2 {"message":61,"type":"broadcast"}}
2025/06/03 19:51:14 Received {n1 n2 {"message":61,"type":"broadcast"}}
2025/06/03 19:51:14 Received {n1 n2 {"message":62,"type":"broadcast"}}
2025/06/03 19:51:14 Received {n1 n2 {"message":63,"type":"broadcast"}}
2025/06/03 19:51:14 Received {n1 n2 {"message":64,"type":"broadcast"}}
2025/06/03 19:51:14 Received {c11 n2 {"type":"read","msg_id":23}}
2025/06/03 19:51:14 Sent {"src":"n2","dest":"c11","body":{"in_reply_to":23,"messages":[2,8,16,19,23,50,51,52,53,54,55,56,57,58,59,60,61,62,63,64],"type":"read_ok"}}
2025/06/03 19:51:14 Received {n1 n2 {"message":65,"type":"broadcast"}}
2025/06/03 19:51:15 Received {c11 n2 {"type":"read","msg_id":24}}
2025/06/03 19:51:15 Sent {"src":"n2","dest":"c11","body":{"in_reply_to":24,"messages":[2,8,16,19,23,50,51,52,53,54,55,56,57,58,59,60,61,62,63,64,65],"type":"read_ok"}}
2025/06/03 19:51:15 Received {n1 n2 {"message":66,"type":"broadcast"}}
2025/06/03 19:51:15 Received {n1 n2 {"message":67,"type":"broadcast"}}
2025/06/03 19:51:15 Received {n1 n2 {"message":68,"type":"broadcast"}}
2025/06/03 19:51:15 Received {c11 n2 {"type":"read","msg_id":25}}
2025/06/03 19:51:15 Sent {"src":"n2","dest":"c11","body":{"in_reply_to":25,"messages":[2,8,16,19,23,50,51,52,53,54,55,56,57,58,59,60,61,62,63,64,65,66,67,68],"type":"read_ok"}}
2025/06/03 19:51:16 Received {n1 n2 {"message":69,"type":"broadcast"}}
2025/06/03 19:51:16 Received {n1 n2 {"message":70,"type":"broadcast"}}
2025/06/03 19:51:16 Received {n1 n2 {"message":71,"type":"broadcast"}}
2025/06/03 19:51:16 Received {n1 n2 {"message":72,"type":"broadcast"}}
2025/06/03 19:51:16 Received {c11 n2 {"type":"read","msg_id":26}}
2025/06/03 19:51:16 Sent {"src":"n2","dest":"c11","body":{"in_reply_to":26,"messages":[2,8,16,19,23,50,51,52,53,54,55,56,57,58,59,60,61,62,63,64,65,66,67,68,69,70,71,72],"type":"read_ok"}}
2025/06/03 19:51:16 Received {n1 n2 {"message":73,"type":"broadcast"}}
2025/06/03 19:51:16 Received {n1 n2 {"message":74,"type":"broadcast"}}
2025/06/03 19:51:16 Received {n1 n2 {"message":75,"type":"broadcast"}}
2025/06/03 19:51:16 Received {n1 n2 {"message":76,"type":"broadcast"}}
2025/06/03 19:51:16 Received {c11 n2 {"type":"broadcast","message":77,"msg_id":27}}
2025/06/03 19:51:16 Sent {"src":"n2","dest":"n1","body":{"message":77,"type":"broadcast"}}
2025/06/03 19:51:16 Sent {"src":"n2","dest":"c11","body":{"in_reply_to":27,"type":"broadcast_ok"}}
2025/06/03 19:51:17 Received {c11 n2 {"type":"read","msg_id":28}}
2025/06/03 19:51:17 Sent {"src":"n2","dest":"c11","body":{"in_reply_to":28,"messages":[2,8,16,19,23,50,51,52,53,54,55,56,57,58,59,60,61,62,63,64,65,66,67,68,69,70,71,72,73,74,75,76,77],"type":"read_ok"}}
2025/06/03 19:51:18 Received {c11 n2 {"type":"broadcast","message":81,"msg_id":29}}
2025/06/03 19:51:18 Sent {"src":"n2","dest":"n1","body":{"message":81,"type":"broadcast"}}
2025/06/03 19:51:18 Sent {"src":"n2","dest":"c11","body":{"in_reply_to":29,"type":"broadcast_ok"}}
2025/06/03 19:51:18 Received {c11 n2 {"type":"read","msg_id":30}}
2025/06/03 19:51:18 Sent {"src":"n2","dest":"c11","body":{"in_reply_to":30,"messages":[2,8,16,19,23,50,51,52,53,54,55,56,57,58,59,60,61,62,63,64,65,66,67,68,69,70,71,72,73,74,75,76,77,81],"type":"read_ok"}}
2025/06/03 19:51:18 Received {c11 n2 {"type":"read","msg_id":31}}
2025/06/03 19:51:18 Sent {"src":"n2","dest":"c11","body":{"in_reply_to":31,"messages":[2,8,16,19,23,50,51,52,53,54,55,56,57,58,59,60,61,62,63,64,65,66,67,68,69,70,71,72,73,74,75,76,77,81],"type":"read_ok"}}
2025/06/03 19:51:19 Received {c11 n2 {"type":"read","msg_id":32}}
2025/06/03 19:51:19 Sent {"src":"n2","dest":"c11","body":{"in_reply_to":32,"messages":[2,8,16,19,23,50,51,52,53,54,55,56,57,58,59,60,61,62,63,64,65,66,67,68,69,70,71,72,73,74,75,76,77,81],"type":"read_ok"}}
2025/06/03 19:51:20 Received {c11 n2 {"type":"read","msg_id":33}}
2025/06/03 19:51:20 Sent {"src":"n2","dest":"c11","body":{"in_reply_to":33,"messages":[2,8,16,19,23,50,51,52,53,54,55,56,57,58,59,60,61,62,63,64,65,66,67,68,69,70,71,72,73,74,75,76,77,81],"type":"read_ok"}}
2025/06/03 19:51:20 Received {c11 n2 {"type":"broadcast","message":94,"msg_id":34}}
2025/06/03 19:51:20 Sent {"src":"n2","dest":"n1","body":{"message":94,"type":"broadcast"}}
2025/06/03 19:51:20 Sent {"src":"n2","dest":"c11","body":{"in_reply_to":34,"type":"broadcast_ok"}}
2025/06/03 19:51:21 Received {n1 n2 {"message":96,"type":"broadcast"}}
2025/06/03 19:51:31 Received {c11 n2 {"type":"read","msg_id":35}}
2025/06/03 19:51:31 Sent {"src":"n2","dest":"c11","body":{"in_reply_to":35,"messages":[2,8,16,19,23,50,51,52,53,54,55,56,57,58,59,60,61,62,63,64,65,66,67,68,69,70,71,72,73,74,75,76,77,81,94,96],"type":"read_ok"}}
