2025-06-29 23:40:30,172{GMT}	INFO	[jepsen test runner] jepsen.core: Command line:
lein run test -w broadcast --bin /Users/anandtrehan/go/bin/maelstrom-broadcast --node-count 5 --time-limit 20 --rate 10 --nemesis partition
2025-06-29 23:40:30,247{GMT}	INFO	[jepsen test runner] jepsen.core: Running test:
{:args []
 :remote
 #jepsen.control.retry.Remote{:remote #jepsen.control.scp.Remote{:cmd-remote #jepsen.control.sshj.SSHJRemote{:concurrency-limit 6,
                                                                                                             :conn-spec nil,
                                                                                                             :client nil,
                                                                                                             :semaphore nil},
                                                                 :conn-spec nil},
                              :conn nil}
 :log-net-send false
 :node-count 5
 :availability nil
 :max-txn-length 4
 :concurrency 5
 :db
 #object[maelstrom.db$db$reify__16142
         "0x33e09baf"
         "maelstrom.db$db$reify__16142@33e09baf"]
 :max-writes-per-key 16
 :leave-db-running? false
 :name "broadcast"
 :logging-json? false
 :start-time
 #object[org.joda.time.DateTime "0x105c253a" "2025-06-29T23:40:30.118-04:00"]
 :nemesis-interval 10
 :net
 #object[maelstrom.net$jepsen_net$reify__15251
         "0x156322ce"
         "maelstrom.net$jepsen_net$reify__15251@156322ce"]
 :client
 #object[maelstrom.workload.broadcast$client$reify__16644
         "0x546f0f36"
         "maelstrom.workload.broadcast$client$reify__16644@546f0f36"]
 :barrier
 #object[java.util.concurrent.CyclicBarrier
         "0x44d5a0a8"
         "java.util.concurrent.CyclicBarrier@44d5a0a8"]
 :log-stderr false
 :pure-generators true
 :ssh {:dummy? true}
 :rate 10.0
 :checker
 #object[jepsen.checker$compose$reify__11881
         "0x35d128fd"
         "jepsen.checker$compose$reify__11881@35d128fd"]
 :argv
 ("test"
  "-w"
  "broadcast"
  "--bin"
  "/Users/anandtrehan/go/bin/maelstrom-broadcast"
  "--node-count"
  "5"
  "--time-limit"
  "20"
  "--rate"
  "10"
  "--nemesis"
  "partition")
 :nemesis
 (jepsen.nemesis.ReflCompose
  {:fm {:start-partition 0,
        :stop-partition 0,
        :kill 1,
        :start 1,
        :pause 1,
        :resume 1},
   :nemeses [#unprintable "jepsen.nemesis.combined$partition_nemesis$reify__16416@39a809db"
             #unprintable "jepsen.nemesis.combined$db_nemesis$reify__16397@1512a767"]})
 :nodes ["n0" "n1" "n2" "n3" "n4"]
 :test-count 1
 :latency {:mean 0, :dist :constant}
 :bin "/Users/anandtrehan/go/bin/maelstrom-broadcast"
 :generator
 ((jepsen.generator.Synchronize
   {:gen (jepsen.generator.TimeLimit
          {:limit 20000000000,
           :cutoff nil,
           :gen (jepsen.generator.Any
                 {:gens [(jepsen.generator.OnThreads
                          {:f #{:nemesis},
                           :context-filter #object[jepsen.generator.context$make_thread_filter$lazy_filter__9167
                                                   "0x5cdb7b"
                                                   "jepsen.generator.context$make_thread_filter$lazy_filter__9167@5cdb7b"],
                           :gen (jepsen.generator.Stagger
                                 {:dt 20000000000,
                                  :next-time nil,
                                  :gen (jepsen.generator.FlipFlop
                                        {:gens [#object[jepsen.nemesis.combined$partition_package$start__16420
                                                        "0x3dcc59f5"
                                                        "jepsen.nemesis.combined$partition_package$start__16420@3dcc59f5"]
                                                ({:type :info,
                                                  :f :stop-partition,
                                                  :value nil}
                                                 {:type :info,
                                                  :f :stop-partition,
                                                  :value nil}
                                                 {:type :info,
                                                  :f :stop-partition,
                                                  :value nil}
                                                 {:type :info,
                                                  :f :stop-partition,
                                                  :value nil}
                                                 {:type :info,
                                                  :f :stop-partition,
                                                  :value nil}
                                                 {:type :info,
                                                  :f :stop-partition,
                                                  :value nil}
                                                 {:type :info,
                                                  :f :stop-partition,
                                                  :value nil}
                                                 {:type :info,
                                                  :f :stop-partition,
                                                  :value nil}
                                                 ...)],
                                         :i 0})})})
                         (jepsen.generator.OnThreads
                          {:f #jepsen.generator.context.AllBut{:element :nemesis},
                           :context-filter #object[jepsen.generator.context$make_thread_filter$lazy_filter__9167
                                                   "0x690337df"
                                                   "jepsen.generator.context$make_thread_filter$lazy_filter__9167@690337df"],
                           :gen (jepsen.generator.Stagger
                                 {:dt 200000000,
                                  :next-time nil,
                                  :gen (jepsen.generator.Mix
                                        {:i 0,
                                         :gens [({:f :broadcast, :value 0}
                                                 {:f :broadcast, :value 1}
                                                 {:f :broadcast, :value 2}
                                                 {:f :broadcast, :value 3}
                                                 {:f :broadcast, :value 4}
                                                 {:f :broadcast, :value 5}
                                                 {:f :broadcast, :value 6}
                                                 {:f :broadcast, :value 7}
                                                 ...)
                                                ({:f :read}
                                                 {:f :read}
                                                 {:f :read}
                                                 {:f :read}
                                                 {:f :read}
                                                 {:f :read}
                                                 {:f :read}
                                                 {:f :read}
                                                 ...)]})})})]})})})
  (jepsen.generator.Synchronize
   {:gen (jepsen.generator.OnThreads
          {:f #{:nemesis},
           :context-filter #object[jepsen.generator.context$make_thread_filter$lazy_filter__9167
                                   "0xf62ae87"
                                   "jepsen.generator.context$make_thread_filter$lazy_filter__9167@f62ae87"],
           :gen ({:type :info, :f :stop-partition, :value nil})})})
  (jepsen.generator.Synchronize
   {:gen {:type :log, :value "Waiting for recovery..."}})
  (jepsen.generator.Synchronize {:gen {:type :sleep, :value 10}})
  (jepsen.generator.Synchronize
   {:gen (jepsen.generator.OnThreads
          {:f #jepsen.generator.context.AllBut{:element :nemesis},
           :context-filter #object[jepsen.generator.context$make_thread_filter$lazy_filter__9167
                                   "0x50be5d6f"
                                   "jepsen.generator.context$make_thread_filter$lazy_filter__9167@50be5d6f"],
           :gen (jepsen.generator.EachThread
                 {:fresh-gen {:f :read, :final? true},
                  :context-filters #object[clojure.core$promise$reify__8591
                                           "0x48e0e779"
                                           {:status :pending, :val nil}],
                  :gens {}})})}))
 :log-net-recv false
 :os
 #object[maelstrom.net$jepsen_os$reify__15254
         "0x38ad8c75"
         "maelstrom.net$jepsen_os$reify__15254@38ad8c75"]
 :time-limit 20
 :workload :broadcast
 :consistency-models [:strict-serializable]
 :topology :grid}

2025-06-29 23:40:31,434{GMT}	INFO	[jepsen node n0] maelstrom.net: Starting Maelstrom network
2025-06-29 23:40:31,435{GMT}	INFO	[jepsen test runner] jepsen.db: Tearing down DB
2025-06-29 23:40:31,436{GMT}	INFO	[jepsen test runner] jepsen.db: Setting up DB
2025-06-29 23:40:31,436{GMT}	INFO	[jepsen node n1] maelstrom.db: Setting up n1
2025-06-29 23:40:31,436{GMT}	INFO	[jepsen node n3] maelstrom.db: Setting up n3
2025-06-29 23:40:31,436{GMT}	INFO	[jepsen node n2] maelstrom.db: Setting up n2
2025-06-29 23:40:31,437{GMT}	INFO	[jepsen node n4] maelstrom.db: Setting up n4
2025-06-29 23:40:31,437{GMT}	INFO	[jepsen node n2] maelstrom.process: launching /Users/anandtrehan/go/bin/maelstrom-broadcast []
2025-06-29 23:40:31,437{GMT}	INFO	[jepsen node n1] maelstrom.process: launching /Users/anandtrehan/go/bin/maelstrom-broadcast []
2025-06-29 23:40:31,437{GMT}	INFO	[jepsen node n4] maelstrom.process: launching /Users/anandtrehan/go/bin/maelstrom-broadcast []
2025-06-29 23:40:31,437{GMT}	INFO	[jepsen node n3] maelstrom.process: launching /Users/anandtrehan/go/bin/maelstrom-broadcast []
2025-06-29 23:40:31,438{GMT}	INFO	[jepsen node n0] maelstrom.service: Starting services: (lin-kv lin-tso lww-kv seq-kv)
2025-06-29 23:40:31,441{GMT}	INFO	[jepsen node n0] maelstrom.db: Setting up n0
2025-06-29 23:40:31,441{GMT}	INFO	[jepsen node n0] maelstrom.process: launching /Users/anandtrehan/go/bin/maelstrom-broadcast []
2025-06-29 23:40:31,731{GMT}	INFO	[jepsen test runner] jepsen.core: Relative time begins now
2025-06-29 23:40:31,750{GMT}	INFO	[jepsen worker 0] jepsen.util: 0	:invoke	:broadcast	0
2025-06-29 23:40:31,750{GMT}	INFO	[jepsen worker nemesis] jepsen.util: :nemesis	:info	:start-partition	:majorities-ring
2025-06-29 23:40:31,752{GMT}	INFO	[jepsen worker 0] jepsen.util: 0	:ok	:broadcast	0
2025-06-29 23:40:31,753{GMT}	INFO	[jepsen worker nemesis] jepsen.util: :nemesis	:info	:start-partition	[:isolated {"n0" #{"n1" "n4"}, "n2" #{"n4" "n3"}, "n1" #{"n0" "n3"}, "n4" #{"n2" "n0"}, "n3" #{"n2" "n1"}}]
2025-06-29 23:40:31,785{GMT}	INFO	[jepsen worker 2] jepsen.util: 2	:invoke	:read	nil
2025-06-29 23:40:31,787{GMT}	INFO	[jepsen worker 2] jepsen.util: 2	:ok	:read	[]
2025-06-29 23:40:31,811{GMT}	INFO	[jepsen worker 3] jepsen.util: 3	:invoke	:broadcast	1
2025-06-29 23:40:31,812{GMT}	INFO	[jepsen worker 3] jepsen.util: 3	:ok	:broadcast	1
2025-06-29 23:40:31,951{GMT}	INFO	[jepsen worker 4] jepsen.util: 4	:invoke	:broadcast	2
2025-06-29 23:40:31,952{GMT}	INFO	[jepsen worker 4] jepsen.util: 4	:ok	:broadcast	2
2025-06-29 23:40:32,037{GMT}	INFO	[jepsen worker 0] jepsen.util: 0	:invoke	:broadcast	3
2025-06-29 23:40:32,039{GMT}	INFO	[jepsen worker 0] jepsen.util: 0	:ok	:broadcast	3
2025-06-29 23:40:32,230{GMT}	INFO	[jepsen worker 0] jepsen.util: 0	:invoke	:read	nil
2025-06-29 23:40:32,234{GMT}	INFO	[jepsen worker 0] jepsen.util: 0	:ok	:read	[0 1 3]
2025-06-29 23:40:32,279{GMT}	INFO	[jepsen worker 1] jepsen.util: 1	:invoke	:broadcast	4
2025-06-29 23:40:32,283{GMT}	INFO	[jepsen worker 1] jepsen.util: 1	:ok	:broadcast	4
2025-06-29 23:40:32,464{GMT}	INFO	[jepsen worker 2] jepsen.util: 2	:invoke	:read	nil
2025-06-29 23:40:32,467{GMT}	INFO	[jepsen worker 2] jepsen.util: 2	:ok	:read	[1 2 4]
2025-06-29 23:40:32,535{GMT}	INFO	[jepsen worker 3] jepsen.util: 3	:invoke	:read	nil
2025-06-29 23:40:32,536{GMT}	INFO	[jepsen worker 3] jepsen.util: 3	:ok	:read	[1 0 3 2 4]
2025-06-29 23:40:32,715{GMT}	INFO	[jepsen worker 4] jepsen.util: 4	:invoke	:broadcast	5
2025-06-29 23:40:32,717{GMT}	INFO	[jepsen worker 4] jepsen.util: 4	:ok	:broadcast	5
2025-06-29 23:40:32,778{GMT}	INFO	[jepsen worker 0] jepsen.util: 0	:invoke	:read	nil
2025-06-29 23:40:32,780{GMT}	INFO	[jepsen worker 0] jepsen.util: 0	:ok	:read	[0 1 3 2 4]
2025-06-29 23:40:32,936{GMT}	INFO	[jepsen worker 0] jepsen.util: 0	:invoke	:read	nil
2025-06-29 23:40:32,938{GMT}	INFO	[jepsen worker 0] jepsen.util: 0	:ok	:read	[0 1 3 2 4 5]
2025-06-29 23:40:32,993{GMT}	INFO	[jepsen worker 1] jepsen.util: 1	:invoke	:broadcast	6
2025-06-29 23:40:32,996{GMT}	INFO	[jepsen worker 1] jepsen.util: 1	:ok	:broadcast	6
2025-06-29 23:40:33,126{GMT}	INFO	[jepsen worker 2] jepsen.util: 2	:invoke	:read	nil
2025-06-29 23:40:33,128{GMT}	INFO	[jepsen worker 2] jepsen.util: 2	:ok	:read	[1 2 4 0 3 5 6]
2025-06-29 23:40:33,252{GMT}	INFO	[jepsen worker 3] jepsen.util: 3	:invoke	:broadcast	7
2025-06-29 23:40:33,254{GMT}	INFO	[jepsen worker 3] jepsen.util: 3	:ok	:broadcast	7
2025-06-29 23:40:33,259{GMT}	INFO	[jepsen worker 4] jepsen.util: 4	:invoke	:read	nil
2025-06-29 23:40:33,263{GMT}	INFO	[jepsen worker 4] jepsen.util: 4	:ok	:read	[1 2 0 3 4 5 6]
2025-06-29 23:40:33,400{GMT}	INFO	[jepsen worker 0] jepsen.util: 0	:invoke	:read	nil
2025-06-29 23:40:33,402{GMT}	INFO	[jepsen worker 0] jepsen.util: 0	:ok	:read	[0 1 3 2 4 5 7]
2025-06-29 23:40:33,465{GMT}	INFO	[jepsen worker 0] jepsen.util: 0	:invoke	:broadcast	8
2025-06-29 23:40:33,466{GMT}	INFO	[jepsen worker 0] jepsen.util: 0	:ok	:broadcast	8
2025-06-29 23:40:33,641{GMT}	INFO	[jepsen worker 1] jepsen.util: 1	:invoke	:broadcast	9
2025-06-29 23:40:33,644{GMT}	INFO	[jepsen worker 1] jepsen.util: 1	:ok	:broadcast	9
2025-06-29 23:40:33,695{GMT}	INFO	[jepsen worker 2] jepsen.util: 2	:invoke	:broadcast	10
2025-06-29 23:40:33,697{GMT}	INFO	[jepsen worker 2] jepsen.util: 2	:ok	:broadcast	10
2025-06-29 23:40:33,862{GMT}	INFO	[jepsen worker 3] jepsen.util: 3	:invoke	:read	nil
2025-06-29 23:40:33,864{GMT}	INFO	[jepsen worker 3] jepsen.util: 3	:ok	:read	[1 0 3 2 4 5 7 6 8]
2025-06-29 23:40:33,939{GMT}	INFO	[jepsen worker 4] jepsen.util: 4	:invoke	:read	nil
2025-06-29 23:40:33,940{GMT}	INFO	[jepsen worker 4] jepsen.util: 4	:ok	:read	[1 2 0 3 4 5 6 7 8 9 10]
2025-06-29 23:40:34,105{GMT}	INFO	[jepsen worker 0] jepsen.util: 0	:invoke	:broadcast	11
2025-06-29 23:40:34,108{GMT}	INFO	[jepsen worker 0] jepsen.util: 0	:ok	:broadcast	11
2025-06-29 23:40:34,210{GMT}	INFO	[jepsen worker 0] jepsen.util: 0	:invoke	:broadcast	12
2025-06-29 23:40:34,212{GMT}	INFO	[jepsen worker 0] jepsen.util: 0	:ok	:broadcast	12
2025-06-29 23:40:34,216{GMT}	INFO	[jepsen worker 1] jepsen.util: 1	:invoke	:read	nil
2025-06-29 23:40:34,219{GMT}	INFO	[jepsen worker 1] jepsen.util: 1	:ok	:read	[1 2 4 0 3 5 6 7 9 10 8]
2025-06-29 23:40:34,411{GMT}	INFO	[jepsen worker 2] jepsen.util: 2	:invoke	:broadcast	13
2025-06-29 23:40:34,414{GMT}	INFO	[jepsen worker 2] jepsen.util: 2	:ok	:broadcast	13
2025-06-29 23:40:34,416{GMT}	INFO	[jepsen worker 3] jepsen.util: 3	:invoke	:read	nil
2025-06-29 23:40:34,417{GMT}	INFO	[jepsen worker 3] jepsen.util: 3	:ok	:read	[1 0 3 2 4 5 7 6 8 9 11 10 12]
2025-06-29 23:40:34,570{GMT}	INFO	[jepsen worker 4] jepsen.util: 4	:invoke	:broadcast	14
2025-06-29 23:40:34,572{GMT}	INFO	[jepsen worker 4] jepsen.util: 4	:ok	:broadcast	14
2025-06-29 23:40:34,678{GMT}	INFO	[jepsen worker 0] jepsen.util: 0	:invoke	:broadcast	15
2025-06-29 23:40:34,680{GMT}	INFO	[jepsen worker 0] jepsen.util: 0	:ok	:broadcast	15
2025-06-29 23:40:34,839{GMT}	INFO	[jepsen worker 0] jepsen.util: 0	:invoke	:broadcast	16
2025-06-29 23:40:34,841{GMT}	INFO	[jepsen worker 0] jepsen.util: 0	:ok	:broadcast	16
2025-06-29 23:40:34,928{GMT}	INFO	[jepsen worker 1] jepsen.util: 1	:invoke	:read	nil
2025-06-29 23:40:34,929{GMT}	INFO	[jepsen worker 1] jepsen.util: 1	:ok	:read	[1 2 4 0 3 5 6 7 9 10 8 13 11 12 14]
2025-06-29 23:40:35,061{GMT}	INFO	[jepsen worker 2] jepsen.util: 2	:invoke	:broadcast	17
2025-06-29 23:40:35,064{GMT}	INFO	[jepsen worker 2] jepsen.util: 2	:ok	:broadcast	17
2025-06-29 23:40:35,175{GMT}	INFO	[jepsen worker 3] jepsen.util: 3	:invoke	:read	nil
2025-06-29 23:40:35,176{GMT}	INFO	[jepsen worker 3] jepsen.util: 3	:ok	:read	[1 0 3 2 4 5 7 6 8 9 11 10 12 14 15 13 16]
2025-06-29 23:40:35,357{GMT}	INFO	[jepsen worker 4] jepsen.util: 4	:invoke	:read	nil
2025-06-29 23:40:35,360{GMT}	INFO	[jepsen worker 4] jepsen.util: 4	:ok	:read	[1 2 0 3 4 5 6 7 8 9 10 11 12 14 13 15 16 17]
2025-06-29 23:40:35,471{GMT}	INFO	[jepsen worker 0] jepsen.util: 0	:invoke	:broadcast	18
2025-06-29 23:40:35,472{GMT}	INFO	[jepsen worker 0] jepsen.util: 0	:ok	:broadcast	18
2025-06-29 23:40:35,668{GMT}	INFO	[jepsen worker 0] jepsen.util: 0	:invoke	:broadcast	19
2025-06-29 23:40:35,669{GMT}	INFO	[jepsen worker 0] jepsen.util: 0	:ok	:broadcast	19
2025-06-29 23:40:35,679{GMT}	INFO	[jepsen worker 1] jepsen.util: 1	:invoke	:broadcast	20
2025-06-29 23:40:35,680{GMT}	INFO	[jepsen worker 1] jepsen.util: 1	:ok	:broadcast	20
2025-06-29 23:40:35,826{GMT}	INFO	[jepsen worker 2] jepsen.util: 2	:invoke	:read	nil
2025-06-29 23:40:35,829{GMT}	INFO	[jepsen worker 2] jepsen.util: 2	:ok	:read	[1 2 4 0 3 5 6 10 7 9 8 13 11 12 14 17 15 16 20]
2025-06-29 23:40:35,862{GMT}	INFO	[jepsen worker 3] jepsen.util: 3	:invoke	:broadcast	21
2025-06-29 23:40:35,863{GMT}	INFO	[jepsen worker 3] jepsen.util: 3	:ok	:broadcast	21
2025-06-29 23:40:36,005{GMT}	INFO	[jepsen worker 4] jepsen.util: 4	:invoke	:read	nil
2025-06-29 23:40:36,007{GMT}	INFO	[jepsen worker 4] jepsen.util: 4	:ok	:read	[1 2 0 3 4 5 6 7 8 9 10 11 12 14 13 15 16 17 18 20 19 21]
2025-06-29 23:40:36,141{GMT}	INFO	[jepsen worker 0] jepsen.util: 0	:invoke	:broadcast	22
2025-06-29 23:40:36,142{GMT}	INFO	[jepsen worker 0] jepsen.util: 0	:ok	:broadcast	22
2025-06-29 23:40:36,161{GMT}	INFO	[jepsen worker 0] jepsen.util: 0	:invoke	:broadcast	23
2025-06-29 23:40:36,163{GMT}	INFO	[jepsen worker 0] jepsen.util: 0	:ok	:broadcast	23
2025-06-29 23:40:36,326{GMT}	INFO	[jepsen worker 1] jepsen.util: 1	:invoke	:read	nil
2025-06-29 23:40:36,327{GMT}	INFO	[jepsen worker 1] jepsen.util: 1	:ok	:read	[1 2 4 0 3 5 6 7 9 10 8 13 11 12 14 17 15 16 20 18 19 21]
2025-06-29 23:40:36,404{GMT}	INFO	[jepsen worker 2] jepsen.util: 2	:invoke	:broadcast	24
2025-06-29 23:40:36,406{GMT}	INFO	[jepsen worker 2] jepsen.util: 2	:ok	:broadcast	24
2025-06-29 23:40:36,409{GMT}	INFO	[jepsen worker 3] jepsen.util: 3	:invoke	:read	nil
2025-06-29 23:40:36,409{GMT}	INFO	[jepsen worker 3] jepsen.util: 3	:ok	:read	[1 0 3 2 4 5 7 6 8 9 11 10 12 14 15 13 16 18 17 19 21 20 22 23]
2025-06-29 23:40:36,427{GMT}	INFO	[jepsen worker 4] jepsen.util: 4	:invoke	:broadcast	25
2025-06-29 23:40:36,428{GMT}	INFO	[jepsen worker 4] jepsen.util: 4	:ok	:broadcast	25
2025-06-29 23:40:36,527{GMT}	INFO	[jepsen worker 0] jepsen.util: 0	:invoke	:read	nil
2025-06-29 23:40:36,528{GMT}	INFO	[jepsen worker 0] jepsen.util: 0	:ok	:read	[0 1 3 2 4 5 7 8 6 11 9 12 10 15 16 14 13 18 19 17 21 20 22 23]
2025-06-29 23:40:36,685{GMT}	INFO	[jepsen worker 0] jepsen.util: 0	:invoke	:read	nil
2025-06-29 23:40:36,686{GMT}	INFO	[jepsen worker 1] jepsen.util: 1	:invoke	:broadcast	26
2025-06-29 23:40:36,688{GMT}	INFO	[jepsen worker 1] jepsen.util: 1	:ok	:broadcast	26
2025-06-29 23:40:36,688{GMT}	INFO	[jepsen worker 0] jepsen.util: 0	:ok	:read	[0 1 3 2 4 5 7 8 6 11 9 12 10 15 16 14 13 18 19 17 21 20 22 23]
2025-06-29 23:40:36,751{GMT}	INFO	[jepsen worker 2] jepsen.util: 2	:invoke	:read	nil
2025-06-29 23:40:36,752{GMT}	INFO	[jepsen worker 2] jepsen.util: 2	:ok	:read	[1 2 4 0 3 5 6 10 7 9 8 13 11 12 14 17 15 16 20 18 19 21 24 25 26]
2025-06-29 23:40:36,846{GMT}	INFO	[jepsen worker 3] jepsen.util: 3	:invoke	:read	nil
2025-06-29 23:40:36,846{GMT}	INFO	[jepsen worker 3] jepsen.util: 3	:ok	:read	[1 0 3 2 4 5 7 6 8 9 11 10 12 14 15 13 16 18 17 19 21 20 22 23 25]
2025-06-29 23:40:36,977{GMT}	INFO	[jepsen worker 4] jepsen.util: 4	:invoke	:broadcast	27
2025-06-29 23:40:36,978{GMT}	INFO	[jepsen worker 4] jepsen.util: 4	:ok	:broadcast	27
2025-06-29 23:40:37,071{GMT}	INFO	[jepsen worker 0] jepsen.util: 0	:invoke	:read	nil
2025-06-29 23:40:37,073{GMT}	INFO	[jepsen worker 0] jepsen.util: 0	:ok	:read	[0 1 3 2 4 5 7 8 6 11 9 12 10 15 16 14 13 18 19 17 21 20 22 23 25]
2025-06-29 23:40:37,112{GMT}	INFO	[jepsen worker 0] jepsen.util: 0	:invoke	:broadcast	28
2025-06-29 23:40:37,114{GMT}	INFO	[jepsen worker 0] jepsen.util: 0	:ok	:broadcast	28
2025-06-29 23:40:37,181{GMT}	INFO	[jepsen worker 1] jepsen.util: 1	:invoke	:read	nil
2025-06-29 23:40:37,183{GMT}	INFO	[jepsen worker 1] jepsen.util: 1	:ok	:read	[1 2 4 0 3 5 6 7 9 10 8 13 11 12 14 17 15 16 20 18 19 21 24 25 26 22 23 27]
2025-06-29 23:40:37,246{GMT}	INFO	[jepsen worker 2] jepsen.util: 2	:invoke	:broadcast	29
2025-06-29 23:40:37,248{GMT}	INFO	[jepsen worker 2] jepsen.util: 2	:ok	:broadcast	29
2025-06-29 23:40:37,356{GMT}	INFO	[jepsen worker 3] jepsen.util: 3	:invoke	:read	nil
2025-06-29 23:40:37,357{GMT}	INFO	[jepsen worker 3] jepsen.util: 3	:ok	:read	[1 0 3 2 4 5 7 6 8 9 11 10 12 14 15 13 16 18 17 19 21 20 22 23 25 24 26 27 28]
2025-06-29 23:40:37,461{GMT}	INFO	[jepsen worker 4] jepsen.util: 4	:invoke	:broadcast	30
2025-06-29 23:40:37,463{GMT}	INFO	[jepsen worker 4] jepsen.util: 4	:ok	:broadcast	30
2025-06-29 23:40:37,535{GMT}	INFO	[jepsen worker 0] jepsen.util: 0	:invoke	:broadcast	31
2025-06-29 23:40:37,536{GMT}	INFO	[jepsen worker 0] jepsen.util: 0	:ok	:broadcast	31
2025-06-29 23:40:37,552{GMT}	INFO	[jepsen worker 0] jepsen.util: 0	:invoke	:read	nil
2025-06-29 23:40:37,554{GMT}	INFO	[jepsen worker 0] jepsen.util: 0	:ok	:read	[0 1 3 2 4 5 7 8 6 11 9 12 10 15 16 14 13 18 19 17 21 20 22 23 25 28 24 26 27 31]
2025-06-29 23:40:37,677{GMT}	INFO	[jepsen worker 1] jepsen.util: 1	:invoke	:read	nil
2025-06-29 23:40:37,680{GMT}	INFO	[jepsen worker 1] jepsen.util: 1	:ok	:read	[1 2 4 0 3 5 6 7 9 10 8 13 11 12 14 17 15 16 20 18 19 21 24 25 26 22 23 27 29 28 30]
2025-06-29 23:40:37,766{GMT}	INFO	[jepsen worker 2] jepsen.util: 2	:invoke	:read	nil
2025-06-29 23:40:37,768{GMT}	INFO	[jepsen worker 2] jepsen.util: 2	:ok	:read	[1 2 4 0 3 5 6 10 7 9 8 13 11 12 14 17 15 16 20 18 19 21 24 25 26 22 23 29 27 28 30]
2025-06-29 23:40:37,926{GMT}	INFO	[jepsen worker 3] jepsen.util: 3	:invoke	:broadcast	32
2025-06-29 23:40:37,927{GMT}	INFO	[jepsen worker 3] jepsen.util: 3	:ok	:broadcast	32
2025-06-29 23:40:38,031{GMT}	INFO	[jepsen worker 4] jepsen.util: 4	:invoke	:broadcast	33
2025-06-29 23:40:38,033{GMT}	INFO	[jepsen worker 4] jepsen.util: 4	:ok	:broadcast	33
2025-06-29 23:40:38,120{GMT}	INFO	[jepsen worker 0] jepsen.util: 0	:invoke	:read	nil
2025-06-29 23:40:38,122{GMT}	INFO	[jepsen worker 0] jepsen.util: 0	:ok	:read	[0 1 3 2 4 5 7 8 6 11 9 12 10 15 16 14 13 18 19 17 21 20 22 23 25 28 24 26 27 31 30 29]
2025-06-29 23:40:38,295{GMT}	INFO	[jepsen worker 0] jepsen.util: 0	:invoke	:broadcast	34
2025-06-29 23:40:38,297{GMT}	INFO	[jepsen worker 0] jepsen.util: 0	:ok	:broadcast	34
2025-06-29 23:40:38,311{GMT}	INFO	[jepsen worker 1] jepsen.util: 1	:invoke	:read	nil
2025-06-29 23:40:38,313{GMT}	INFO	[jepsen worker 1] jepsen.util: 1	:ok	:read	[1 2 4 0 3 5 6 7 9 10 8 13 11 12 14 17 15 16 20 18 19 21 24 25 26 22 23 27 29 28 30 31 33]
2025-06-29 23:40:38,451{GMT}	INFO	[jepsen worker 2] jepsen.util: 2	:invoke	:read	nil
2025-06-29 23:40:38,452{GMT}	INFO	[jepsen worker 2] jepsen.util: 2	:ok	:read	[1 2 4 0 3 5 6 10 7 9 8 13 11 12 14 17 15 16 20 18 19 21 24 25 26 22 23 29 27 28 30 31 33]
2025-06-29 23:40:38,561{GMT}	INFO	[jepsen worker 3] jepsen.util: 3	:invoke	:read	nil
2025-06-29 23:40:38,562{GMT}	INFO	[jepsen worker 3] jepsen.util: 3	:ok	:read	[1 0 3 2 4 5 7 6 8 9 11 10 12 14 15 13 16 18 17 19 21 20 22 23 25 24 26 27 28 30 29 31 32 33 34]
2025-06-29 23:40:38,665{GMT}	INFO	[jepsen worker 4] jepsen.util: 4	:invoke	:broadcast	35
2025-06-29 23:40:38,667{GMT}	INFO	[jepsen worker 4] jepsen.util: 4	:ok	:broadcast	35
2025-06-29 23:40:38,756{GMT}	INFO	[jepsen worker 0] jepsen.util: 0	:invoke	:read	nil
2025-06-29 23:40:38,758{GMT}	INFO	[jepsen worker 0] jepsen.util: 0	:ok	:read	[0 1 3 2 4 5 7 8 6 11 9 12 10 15 16 14 13 18 19 17 21 20 22 23 25 28 24 26 27 31 30 29 32 34 33]
2025-06-29 23:40:38,770{GMT}	INFO	[jepsen worker 0] jepsen.util: 0	:invoke	:read	nil
2025-06-29 23:40:38,772{GMT}	INFO	[jepsen worker 0] jepsen.util: 0	:ok	:read	[0 1 3 2 4 5 7 8 6 11 9 12 10 15 16 14 13 18 19 17 21 20 22 23 25 28 24 26 27 31 30 29 32 34 33]
2025-06-29 23:40:38,824{GMT}	INFO	[jepsen worker 1] jepsen.util: 1	:invoke	:broadcast	36
2025-06-29 23:40:38,826{GMT}	INFO	[jepsen worker 1] jepsen.util: 1	:ok	:broadcast	36
2025-06-29 23:40:38,893{GMT}	INFO	[jepsen worker 2] jepsen.util: 2	:invoke	:read	nil
2025-06-29 23:40:38,895{GMT}	INFO	[jepsen worker 2] jepsen.util: 2	:ok	:read	[1 2 4 0 3 5 6 10 7 9 8 13 11 12 14 17 15 16 20 18 19 21 24 25 26 22 23 29 27 28 30 31 33 32]
2025-06-29 23:40:38,977{GMT}	INFO	[jepsen worker 3] jepsen.util: 3	:invoke	:read	nil
2025-06-29 23:40:38,979{GMT}	INFO	[jepsen worker 3] jepsen.util: 3	:ok	:read	[1 0 3 2 4 5 7 6 8 9 11 10 12 14 15 13 16 18 17 19 21 20 22 23 25 24 26 27 28 30 29 31 32 33 34 35]
2025-06-29 23:40:39,105{GMT}	INFO	[jepsen worker 4] jepsen.util: 4	:invoke	:read	nil
2025-06-29 23:40:39,107{GMT}	INFO	[jepsen worker 4] jepsen.util: 4	:ok	:read	[1 2 0 3 4 5 6 7 8 9 10 11 12 14 13 15 16 17 18 20 19 21 25 22 23 24 26 27 28 30 29 31 33 32 34 35 36]
2025-06-29 23:40:39,124{GMT}	INFO	[jepsen worker 0] jepsen.util: 0	:invoke	:broadcast	37
2025-06-29 23:40:39,124{GMT}	INFO	[jepsen worker 0] jepsen.util: 0	:ok	:broadcast	37
2025-06-29 23:40:39,261{GMT}	INFO	[jepsen worker 0] jepsen.util: 0	:invoke	:read	nil
2025-06-29 23:40:39,264{GMT}	INFO	[jepsen worker 0] jepsen.util: 0	:ok	:read	[0 1 3 2 4 5 7 8 6 11 9 12 10 15 16 14 13 18 19 17 21 20 22 23 25 28 24 26 27 31 30 29 32 34 33 35 37]
2025-06-29 23:40:39,421{GMT}	INFO	[jepsen worker 1] jepsen.util: 1	:invoke	:read	nil
2025-06-29 23:40:39,423{GMT}	INFO	[jepsen worker 1] jepsen.util: 1	:ok	:read	[1 2 4 0 3 5 6 7 9 10 8 13 11 12 14 17 15 16 20 18 19 21 24 25 26 22 23 27 29 28 30 31 33 32 34 35 36]
2025-06-29 23:40:39,456{GMT}	INFO	[jepsen worker 2] jepsen.util: 2	:invoke	:broadcast	38
2025-06-29 23:40:39,457{GMT}	INFO	[jepsen worker 2] jepsen.util: 2	:ok	:broadcast	38
2025-06-29 23:40:39,492{GMT}	INFO	[jepsen worker 3] jepsen.util: 3	:invoke	:broadcast	39
2025-06-29 23:40:39,493{GMT}	INFO	[jepsen worker 3] jepsen.util: 3	:ok	:broadcast	39
2025-06-29 23:40:39,668{GMT}	INFO	[jepsen worker 4] jepsen.util: 4	:invoke	:broadcast	40
2025-06-29 23:40:39,669{GMT}	INFO	[jepsen worker 4] jepsen.util: 4	:ok	:broadcast	40
2025-06-29 23:40:39,833{GMT}	INFO	[jepsen worker 0] jepsen.util: 0	:invoke	:read	nil
2025-06-29 23:40:39,835{GMT}	INFO	[jepsen worker 0] jepsen.util: 0	:ok	:read	[0 1 3 2 4 5 7 8 6 11 9 12 10 15 16 14 13 18 19 17 21 20 22 23 25 28 24 26 27 31 30 29 32 34 33 35 37 36 39]
2025-06-29 23:40:39,964{GMT}	INFO	[jepsen worker 0] jepsen.util: 0	:invoke	:broadcast	41
2025-06-29 23:40:39,966{GMT}	INFO	[jepsen worker 0] jepsen.util: 0	:ok	:broadcast	41
2025-06-29 23:40:40,028{GMT}	INFO	[jepsen worker 1] jepsen.util: 1	:invoke	:read	nil
2025-06-29 23:40:40,030{GMT}	INFO	[jepsen worker 1] jepsen.util: 1	:ok	:read	[1 2 4 0 3 5 6 7 9 10 8 13 11 12 14 17 15 16 20 18 19 21 24 25 26 22 23 27 29 28 30 31 33 32 34 35 36 38 37 39 40]
2025-06-29 23:40:40,072{GMT}	INFO	[jepsen worker 2] jepsen.util: 2	:invoke	:read	nil
2025-06-29 23:40:40,074{GMT}	INFO	[jepsen worker 2] jepsen.util: 2	:ok	:read	[1 2 4 0 3 5 6 10 7 9 8 13 11 12 14 17 15 16 20 18 19 21 24 25 26 22 23 29 27 28 30 31 33 32 34 35 36 38 37 39 40]
2025-06-29 23:40:40,261{GMT}	INFO	[jepsen worker 3] jepsen.util: 3	:invoke	:broadcast	42
2025-06-29 23:40:40,263{GMT}	INFO	[jepsen worker 3] jepsen.util: 3	:ok	:broadcast	42
2025-06-29 23:40:40,292{GMT}	INFO	[jepsen worker 4] jepsen.util: 4	:invoke	:read	nil
2025-06-29 23:40:40,294{GMT}	INFO	[jepsen worker 4] jepsen.util: 4	:ok	:read	[1 2 0 3 4 5 6 7 8 9 10 11 12 14 13 15 16 17 18 20 19 21 25 22 23 24 26 27 28 30 29 31 33 32 34 35 36 37 39 40 38]
2025-06-29 23:40:40,425{GMT}	INFO	[jepsen worker 0] jepsen.util: 0	:invoke	:broadcast	43
2025-06-29 23:40:40,426{GMT}	INFO	[jepsen worker 0] jepsen.util: 0	:ok	:broadcast	43
2025-06-29 23:40:40,511{GMT}	INFO	[jepsen worker 0] jepsen.util: 0	:invoke	:read	nil
2025-06-29 23:40:40,514{GMT}	INFO	[jepsen worker 0] jepsen.util: 0	:ok	:read	[0 1 3 2 4 5 7 8 6 11 9 12 10 15 16 14 13 18 19 17 21 20 22 23 25 28 24 26 27 31 30 29 32 34 33 35 37 36 39 40 41 38 42 43]
2025-06-29 23:40:40,668{GMT}	INFO	[jepsen worker 1] jepsen.util: 1	:invoke	:broadcast	44
2025-06-29 23:40:40,669{GMT}	INFO	[jepsen worker 1] jepsen.util: 1	:ok	:broadcast	44
2025-06-29 23:40:40,867{GMT}	INFO	[jepsen worker 2] jepsen.util: 2	:invoke	:broadcast	45
2025-06-29 23:40:40,869{GMT}	INFO	[jepsen worker 2] jepsen.util: 2	:ok	:broadcast	45
2025-06-29 23:40:40,939{GMT}	INFO	[jepsen worker 3] jepsen.util: 3	:invoke	:read	nil
2025-06-29 23:40:40,940{GMT}	INFO	[jepsen worker 3] jepsen.util: 3	:ok	:read	[1 0 3 2 4 5 7 6 8 9 11 10 12 14 15 13 16 18 17 19 21 20 22 23 25 24 26 27 28 30 29 31 32 33 34 35 36 37 39 40 38 41 42 43 44]
2025-06-29 23:40:41,076{GMT}	INFO	[jepsen worker 4] jepsen.util: 4	:invoke	:broadcast	46
2025-06-29 23:40:41,078{GMT}	INFO	[jepsen worker 4] jepsen.util: 4	:ok	:broadcast	46
2025-06-29 23:40:41,144{GMT}	INFO	[jepsen worker 0] jepsen.util: 0	:invoke	:read	nil
2025-06-29 23:40:41,146{GMT}	INFO	[jepsen worker 0] jepsen.util: 0	:ok	:read	[0 1 3 2 4 5 7 8 6 11 9 12 10 15 16 14 13 18 19 17 21 20 22 23 25 28 24 26 27 31 30 29 32 34 33 35 37 36 39 40 41 38 42 43 44]
2025-06-29 23:40:41,310{GMT}	INFO	[jepsen worker 0] jepsen.util: 0	:invoke	:read	nil
2025-06-29 23:40:41,311{GMT}	INFO	[jepsen worker 0] jepsen.util: 0	:ok	:read	[0 1 3 2 4 5 7 8 6 11 9 12 10 15 16 14 13 18 19 17 21 20 22 23 25 28 24 26 27 31 30 29 32 34 33 35 37 36 39 40 41 38 42 43 44]
2025-06-29 23:40:41,419{GMT}	INFO	[jepsen worker 1] jepsen.util: 1	:invoke	:read	nil
2025-06-29 23:40:41,420{GMT}	INFO	[jepsen worker 1] jepsen.util: 1	:ok	:read	[1 2 4 0 3 5 6 7 9 10 8 13 11 12 14 17 15 16 20 18 19 21 24 25 26 22 23 27 29 28 30 31 33 32 34 35 36 38 37 39 40 41 42 44 43 45 46]
2025-06-29 23:40:41,448{GMT}	INFO	[jepsen worker 2] jepsen.util: 2	:invoke	:broadcast	47
2025-06-29 23:40:41,449{GMT}	INFO	[jepsen worker 2] jepsen.util: 2	:ok	:broadcast	47
2025-06-29 23:40:41,597{GMT}	INFO	[jepsen worker 3] jepsen.util: 3	:invoke	:read	nil
2025-06-29 23:40:41,598{GMT}	INFO	[jepsen worker 3] jepsen.util: 3	:ok	:read	[1 0 3 2 4 5 7 6 8 9 11 10 12 14 15 13 16 18 17 19 21 20 22 23 25 24 26 27 28 30 29 31 32 33 34 35 36 37 39 40 38 41 42 43 44 46 45]
2025-06-29 23:40:41,684{GMT}	INFO	[jepsen worker 4] jepsen.util: 4	:invoke	:read	nil
2025-06-29 23:40:41,686{GMT}	INFO	[jepsen worker 4] jepsen.util: 4	:ok	:read	[1 2 0 3 4 5 6 7 8 9 10 11 12 14 13 15 16 17 18 20 19 21 25 22 23 24 26 27 28 30 29 31 33 32 34 35 36 37 39 40 38 41 42 43 44 46 45]
2025-06-29 23:40:41,860{GMT}	INFO	[jepsen worker 0] jepsen.util: 0	:invoke	:read	nil
2025-06-29 23:40:41,861{GMT}	INFO	[jepsen worker 0] jepsen.util: 0	:ok	:read	[0 1 3 2 4 5 7 8 6 11 9 12 10 15 16 14 13 18 19 17 21 20 22 23 25 28 24 26 27 31 30 29 32 34 33 35 37 36 39 40 41 38 42 43 44 46 45]
2025-06-29 23:40:42,058{GMT}	INFO	[jepsen worker 0] jepsen.util: 0	:invoke	:broadcast	48
2025-06-29 23:40:42,060{GMT}	INFO	[jepsen worker 0] jepsen.util: 0	:ok	:broadcast	48
2025-06-29 23:40:42,152{GMT}	INFO	[jepsen worker 1] jepsen.util: 1	:invoke	:broadcast	49
2025-06-29 23:40:42,154{GMT}	INFO	[jepsen worker 1] jepsen.util: 1	:ok	:broadcast	49
2025-06-29 23:40:42,345{GMT}	INFO	[jepsen worker 2] jepsen.util: 2	:invoke	:broadcast	50
2025-06-29 23:40:42,346{GMT}	INFO	[jepsen worker 2] jepsen.util: 2	:ok	:broadcast	50
2025-06-29 23:40:42,426{GMT}	INFO	[jepsen worker 3] jepsen.util: 3	:invoke	:read	nil
2025-06-29 23:40:42,429{GMT}	INFO	[jepsen worker 3] jepsen.util: 3	:ok	:read	[1 0 3 2 4 5 7 6 8 9 11 10 12 14 15 13 16 18 17 19 21 20 22 23 25 24 26 27 28 30 29 31 32 33 34 35 36 37 39 40 38 41 42 43 44 46 45 47 48]
2025-06-29 23:40:42,497{GMT}	INFO	[jepsen worker 4] jepsen.util: 4	:invoke	:broadcast	51
2025-06-29 23:40:42,497{GMT}	INFO	[jepsen worker 4] jepsen.util: 4	:ok	:broadcast	51
2025-06-29 23:40:42,558{GMT}	INFO	[jepsen worker 0] jepsen.util: 0	:invoke	:read	nil
2025-06-29 23:40:42,559{GMT}	INFO	[jepsen worker 0] jepsen.util: 0	:ok	:read	[0 1 3 2 4 5 7 8 6 11 9 12 10 15 16 14 13 18 19 17 21 20 22 23 25 28 24 26 27 31 30 29 32 34 33 35 37 36 39 40 41 38 42 43 44 46 45 48 47]
2025-06-29 23:40:42,565{GMT}	INFO	[jepsen worker 0] jepsen.util: 0	:invoke	:broadcast	52
2025-06-29 23:40:42,566{GMT}	INFO	[jepsen worker 0] jepsen.util: 0	:ok	:broadcast	52
2025-06-29 23:40:42,710{GMT}	INFO	[jepsen worker 1] jepsen.util: 1	:invoke	:read	nil
2025-06-29 23:40:42,712{GMT}	INFO	[jepsen worker 1] jepsen.util: 1	:ok	:read	[1 2 4 0 3 5 6 7 9 10 8 13 11 12 14 17 15 16 20 18 19 21 24 25 26 22 23 27 29 28 30 31 33 32 34 35 36 38 37 39 40 41 42 44 43 45 46 47 49 48 50 51]
2025-06-29 23:40:42,750{GMT}	INFO	[jepsen worker 2] jepsen.util: 2	:invoke	:read	nil
2025-06-29 23:40:42,751{GMT}	INFO	[jepsen worker 2] jepsen.util: 2	:ok	:read	[1 2 4 0 3 5 6 10 7 9 8 13 11 12 14 17 15 16 20 18 19 21 24 25 26 22 23 29 27 28 30 31 33 32 34 35 36 38 37 39 40 41 42 44 45 43 46 47 49 50 48 51]
2025-06-29 23:40:42,856{GMT}	INFO	[jepsen worker 3] jepsen.util: 3	:invoke	:broadcast	53
2025-06-29 23:40:42,858{GMT}	INFO	[jepsen worker 3] jepsen.util: 3	:ok	:broadcast	53
2025-06-29 23:40:42,999{GMT}	INFO	[jepsen worker 4] jepsen.util: 4	:invoke	:broadcast	54
2025-06-29 23:40:43,001{GMT}	INFO	[jepsen worker 4] jepsen.util: 4	:ok	:broadcast	54
2025-06-29 23:40:43,097{GMT}	INFO	[jepsen worker 0] jepsen.util: 0	:invoke	:read	nil
2025-06-29 23:40:43,099{GMT}	INFO	[jepsen worker 0] jepsen.util: 0	:ok	:read	[0 1 3 2 4 5 7 8 6 11 9 12 10 15 16 14 13 18 19 17 21 20 22 23 25 28 24 26 27 31 30 29 32 34 33 35 37 36 39 40 41 38 42 43 44 46 45 48 47 52 49 51 53]
2025-06-29 23:40:43,166{GMT}	INFO	[jepsen worker 0] jepsen.util: 0	:invoke	:read	nil
2025-06-29 23:40:43,166{GMT}	INFO	[jepsen worker 0] jepsen.util: 0	:ok	:read	[0 1 3 2 4 5 7 8 6 11 9 12 10 15 16 14 13 18 19 17 21 20 22 23 25 28 24 26 27 31 30 29 32 34 33 35 37 36 39 40 41 38 42 43 44 46 45 48 47 52 49 51 53 50]
2025-06-29 23:40:43,254{GMT}	INFO	[jepsen worker 1] jepsen.util: 1	:invoke	:broadcast	55
2025-06-29 23:40:43,255{GMT}	INFO	[jepsen worker 1] jepsen.util: 1	:ok	:broadcast	55
2025-06-29 23:40:43,347{GMT}	INFO	[jepsen worker 2] jepsen.util: 2	:invoke	:broadcast	56
2025-06-29 23:40:43,347{GMT}	INFO	[jepsen worker 2] jepsen.util: 2	:ok	:broadcast	56
2025-06-29 23:40:43,502{GMT}	INFO	[jepsen worker 3] jepsen.util: 3	:invoke	:read	nil
2025-06-29 23:40:43,503{GMT}	INFO	[jepsen worker 3] jepsen.util: 3	:ok	:read	[1 0 3 2 4 5 7 6 8 9 11 10 12 14 15 13 16 18 17 19 21 20 22 23 25 24 26 27 28 30 29 31 32 33 34 35 36 37 39 40 38 41 42 43 44 46 45 47 48 49 51 52 53 50 54]
2025-06-29 23:40:43,584{GMT}	INFO	[jepsen worker 4] jepsen.util: 4	:invoke	:read	nil
2025-06-29 23:40:43,585{GMT}	INFO	[jepsen worker 4] jepsen.util: 4	:ok	:read	[1 2 0 3 4 5 6 7 8 9 10 11 12 14 13 15 16 17 18 20 19 21 25 22 23 24 26 27 28 30 29 31 33 32 34 35 36 37 39 40 38 41 42 43 44 46 45 47 49 48 51 50 52 53 54 55]
2025-06-29 23:40:43,611{GMT}	INFO	[jepsen worker 0] jepsen.util: 0	:invoke	:broadcast	57
2025-06-29 23:40:43,612{GMT}	INFO	[jepsen worker 0] jepsen.util: 0	:ok	:broadcast	57
2025-06-29 23:40:43,778{GMT}	INFO	[jepsen worker 0] jepsen.util: 0	:invoke	:read	nil
2025-06-29 23:40:43,780{GMT}	INFO	[jepsen worker 0] jepsen.util: 0	:ok	:read	[0 1 3 2 4 5 7 8 6 11 9 12 10 15 16 14 13 18 19 17 21 20 22 23 25 28 24 26 27 31 30 29 32 34 33 35 37 36 39 40 41 38 42 43 44 46 45 48 47 52 49 51 53 50 54 57 55]
2025-06-29 23:40:43,967{GMT}	INFO	[jepsen worker 1] jepsen.util: 1	:invoke	:read	nil
2025-06-29 23:40:43,969{GMT}	INFO	[jepsen worker 1] jepsen.util: 1	:ok	:read	[1 2 4 0 3 5 6 7 9 10 8 13 11 12 14 17 15 16 20 18 19 21 24 25 26 22 23 27 29 28 30 31 33 32 34 35 36 38 37 39 40 41 42 44 43 45 46 47 49 48 50 51 52 53 54 55 56]
2025-06-29 23:40:44,078{GMT}	INFO	[jepsen worker 2] jepsen.util: 2	:invoke	:broadcast	58
2025-06-29 23:40:44,080{GMT}	INFO	[jepsen worker 2] jepsen.util: 2	:ok	:broadcast	58
2025-06-29 23:40:44,266{GMT}	INFO	[jepsen worker 3] jepsen.util: 3	:invoke	:broadcast	59
2025-06-29 23:40:44,267{GMT}	INFO	[jepsen worker 3] jepsen.util: 3	:ok	:broadcast	59
2025-06-29 23:40:44,284{GMT}	INFO	[jepsen worker 4] jepsen.util: 4	:invoke	:read	nil
2025-06-29 23:40:44,285{GMT}	INFO	[jepsen worker 4] jepsen.util: 4	:ok	:read	[1 2 0 3 4 5 6 7 8 9 10 11 12 14 13 15 16 17 18 20 19 21 25 22 23 24 26 27 28 30 29 31 33 32 34 35 36 37 39 40 38 41 42 43 44 46 45 47 49 48 51 50 52 53 54 55 56 57]
2025-06-29 23:40:44,473{GMT}	INFO	[jepsen worker 0] jepsen.util: 0	:invoke	:broadcast	60
2025-06-29 23:40:44,475{GMT}	INFO	[jepsen worker 0] jepsen.util: 0	:ok	:broadcast	60
2025-06-29 23:40:44,511{GMT}	INFO	[jepsen worker 0] jepsen.util: 0	:invoke	:read	nil
2025-06-29 23:40:44,514{GMT}	INFO	[jepsen worker 0] jepsen.util: 0	:ok	:read	[0 1 3 2 4 5 7 8 6 11 9 12 10 15 16 14 13 18 19 17 21 20 22 23 25 28 24 26 27 31 30 29 32 34 33 35 37 36 39 40 41 38 42 43 44 46 45 48 47 52 49 51 53 50 54 57 55 56 59 60]
2025-06-29 23:40:44,666{GMT}	INFO	[jepsen worker 1] jepsen.util: 1	:invoke	:broadcast	61
2025-06-29 23:40:44,667{GMT}	INFO	[jepsen worker 1] jepsen.util: 1	:ok	:broadcast	61
2025-06-29 23:40:44,725{GMT}	INFO	[jepsen worker 2] jepsen.util: 2	:invoke	:read	nil
2025-06-29 23:40:44,728{GMT}	INFO	[jepsen worker 2] jepsen.util: 2	:ok	:read	[1 2 4 0 3 5 6 10 7 9 8 13 11 12 14 17 15 16 20 18 19 21 24 25 26 22 23 29 27 28 30 31 33 32 34 35 36 38 37 39 40 41 42 44 45 43 46 47 49 50 48 51 52 53 54 55 56 58 57 59 61]
2025-06-29 23:40:44,840{GMT}	INFO	[jepsen worker 3] jepsen.util: 3	:invoke	:read	nil
2025-06-29 23:40:44,842{GMT}	INFO	[jepsen worker 3] jepsen.util: 3	:ok	:read	[1 0 3 2 4 5 7 6 8 9 11 10 12 14 15 13 16 18 17 19 21 20 22 23 25 24 26 27 28 30 29 31 32 33 34 35 36 37 39 40 38 41 42 43 44 46 45 47 48 49 51 52 53 50 54 55 57 56 59 58 60]
2025-06-29 23:40:45,010{GMT}	INFO	[jepsen worker 4] jepsen.util: 4	:invoke	:broadcast	62
2025-06-29 23:40:45,011{GMT}	INFO	[jepsen worker 4] jepsen.util: 4	:ok	:broadcast	62
2025-06-29 23:40:45,169{GMT}	INFO	[jepsen worker 0] jepsen.util: 0	:invoke	:read	nil
2025-06-29 23:40:45,171{GMT}	INFO	[jepsen worker 0] jepsen.util: 0	:ok	:read	[0 1 3 2 4 5 7 8 6 11 9 12 10 15 16 14 13 18 19 17 21 20 22 23 25 28 24 26 27 31 30 29 32 34 33 35 37 36 39 40 41 38 42 43 44 46 45 48 47 52 49 51 53 50 54 57 55 56 59 60 58 61]
2025-06-29 23:40:45,299{GMT}	INFO	[jepsen worker 0] jepsen.util: 0	:invoke	:read	nil
2025-06-29 23:40:45,301{GMT}	INFO	[jepsen worker 0] jepsen.util: 0	:ok	:read	[0 1 3 2 4 5 7 8 6 11 9 12 10 15 16 14 13 18 19 17 21 20 22 23 25 28 24 26 27 31 30 29 32 34 33 35 37 36 39 40 41 38 42 43 44 46 45 48 47 52 49 51 53 50 54 57 55 56 59 60 58 61]
2025-06-29 23:40:45,376{GMT}	INFO	[jepsen worker 1] jepsen.util: 1	:invoke	:broadcast	63
2025-06-29 23:40:45,378{GMT}	INFO	[jepsen worker 1] jepsen.util: 1	:ok	:broadcast	63
2025-06-29 23:40:45,409{GMT}	INFO	[jepsen worker 2] jepsen.util: 2	:invoke	:read	nil
2025-06-29 23:40:45,410{GMT}	INFO	[jepsen worker 2] jepsen.util: 2	:ok	:read	[1 2 4 0 3 5 6 10 7 9 8 13 11 12 14 17 15 16 20 18 19 21 24 25 26 22 23 29 27 28 30 31 33 32 34 35 36 38 37 39 40 41 42 44 45 43 46 47 49 50 48 51 52 53 54 55 56 58 57 59 61 60 62]
2025-06-29 23:40:45,443{GMT}	INFO	[jepsen worker 3] jepsen.util: 3	:invoke	:read	nil
2025-06-29 23:40:45,446{GMT}	INFO	[jepsen worker 3] jepsen.util: 3	:ok	:read	[1 0 3 2 4 5 7 6 8 9 11 10 12 14 15 13 16 18 17 19 21 20 22 23 25 24 26 27 28 30 29 31 32 33 34 35 36 37 39 40 38 41 42 43 44 46 45 47 48 49 51 52 53 50 54 55 57 56 59 58 60 61 62]
2025-06-29 23:40:45,586{GMT}	INFO	[jepsen worker 4] jepsen.util: 4	:invoke	:broadcast	64
2025-06-29 23:40:45,588{GMT}	INFO	[jepsen worker 4] jepsen.util: 4	:ok	:broadcast	64
2025-06-29 23:40:45,733{GMT}	INFO	[jepsen worker 0] jepsen.util: 0	:invoke	:read	nil
2025-06-29 23:40:45,734{GMT}	INFO	[jepsen worker 0] jepsen.util: 0	:ok	:read	[0 1 3 2 4 5 7 8 6 11 9 12 10 15 16 14 13 18 19 17 21 20 22 23 25 28 24 26 27 31 30 29 32 34 33 35 37 36 39 40 41 38 42 43 44 46 45 48 47 52 49 51 53 50 54 57 55 56 59 60 58 61 62]
2025-06-29 23:40:45,880{GMT}	INFO	[jepsen worker 0] jepsen.util: 0	:invoke	:read	nil
2025-06-29 23:40:45,883{GMT}	INFO	[jepsen worker 0] jepsen.util: 0	:ok	:read	[0 1 3 2 4 5 7 8 6 11 9 12 10 15 16 14 13 18 19 17 21 20 22 23 25 28 24 26 27 31 30 29 32 34 33 35 37 36 39 40 41 38 42 43 44 46 45 48 47 52 49 51 53 50 54 57 55 56 59 60 58 61 62]
2025-06-29 23:40:45,939{GMT}	INFO	[jepsen worker 1] jepsen.util: 1	:invoke	:broadcast	65
2025-06-29 23:40:45,940{GMT}	INFO	[jepsen worker 1] jepsen.util: 1	:ok	:broadcast	65
2025-06-29 23:40:46,129{GMT}	INFO	[jepsen worker 2] jepsen.util: 2	:invoke	:read	nil
2025-06-29 23:40:46,130{GMT}	INFO	[jepsen worker 2] jepsen.util: 2	:ok	:read	[1 2 4 0 3 5 6 10 7 9 8 13 11 12 14 17 15 16 20 18 19 21 24 25 26 22 23 29 27 28 30 31 33 32 34 35 36 38 37 39 40 41 42 44 45 43 46 47 49 50 48 51 52 53 54 55 56 58 57 59 61 60 62 63 64 65]
2025-06-29 23:40:46,305{GMT}	INFO	[jepsen worker 3] jepsen.util: 3	:invoke	:read	nil
2025-06-29 23:40:46,307{GMT}	INFO	[jepsen worker 3] jepsen.util: 3	:ok	:read	[1 0 3 2 4 5 7 6 8 9 11 10 12 14 15 13 16 18 17 19 21 20 22 23 25 24 26 27 28 30 29 31 32 33 34 35 36 37 39 40 38 41 42 43 44 46 45 47 48 49 51 52 53 50 54 55 57 56 59 58 60 61 62 63 64]
2025-06-29 23:40:46,339{GMT}	INFO	[jepsen worker 4] jepsen.util: 4	:invoke	:read	nil
2025-06-29 23:40:46,341{GMT}	INFO	[jepsen worker 4] jepsen.util: 4	:ok	:read	[1 2 0 3 4 5 6 7 8 9 10 11 12 14 13 15 16 17 18 20 19 21 25 22 23 24 26 27 28 30 29 31 33 32 34 35 36 37 39 40 38 41 42 43 44 46 45 47 49 48 51 50 52 53 54 55 56 57 59 58 60 61 62 63 64 65]
2025-06-29 23:40:46,433{GMT}	INFO	[jepsen worker 0] jepsen.util: 0	:invoke	:broadcast	66
2025-06-29 23:40:46,435{GMT}	INFO	[jepsen worker 0] jepsen.util: 0	:ok	:broadcast	66
2025-06-29 23:40:46,538{GMT}	INFO	[jepsen worker 0] jepsen.util: 0	:invoke	:read	nil
2025-06-29 23:40:46,538{GMT}	INFO	[jepsen worker 0] jepsen.util: 0	:ok	:read	[0 1 3 2 4 5 7 8 6 11 9 12 10 15 16 14 13 18 19 17 21 20 22 23 25 28 24 26 27 31 30 29 32 34 33 35 37 36 39 40 41 38 42 43 44 46 45 48 47 52 49 51 53 50 54 57 55 56 59 60 58 61 62 63 64 66 65]
2025-06-29 23:40:46,568{GMT}	INFO	[jepsen worker 1] jepsen.util: 1	:invoke	:read	nil
2025-06-29 23:40:46,568{GMT}	INFO	[jepsen worker 1] jepsen.util: 1	:ok	:read	[1 2 4 0 3 5 6 7 9 10 8 13 11 12 14 17 15 16 20 18 19 21 24 25 26 22 23 27 29 28 30 31 33 32 34 35 36 38 37 39 40 41 42 44 43 45 46 47 49 48 50 51 52 53 54 55 56 58 57 59 61 60 62 63 64 65]
2025-06-29 23:40:46,635{GMT}	INFO	[jepsen worker 2] jepsen.util: 2	:invoke	:broadcast	67
2025-06-29 23:40:46,636{GMT}	INFO	[jepsen worker 2] jepsen.util: 2	:ok	:broadcast	67
2025-06-29 23:40:46,658{GMT}	INFO	[jepsen worker 3] jepsen.util: 3	:invoke	:read	nil
2025-06-29 23:40:46,658{GMT}	INFO	[jepsen worker 3] jepsen.util: 3	:ok	:read	[1 0 3 2 4 5 7 6 8 9 11 10 12 14 15 13 16 18 17 19 21 20 22 23 25 24 26 27 28 30 29 31 32 33 34 35 36 37 39 40 38 41 42 43 44 46 45 47 48 49 51 52 53 50 54 55 57 56 59 58 60 61 62 63 64 65 66]
2025-06-29 23:40:46,736{GMT}	INFO	[jepsen worker 4] jepsen.util: 4	:invoke	:broadcast	68
2025-06-29 23:40:46,736{GMT}	INFO	[jepsen worker 4] jepsen.util: 4	:ok	:broadcast	68
2025-06-29 23:40:46,916{GMT}	INFO	[jepsen worker 0] jepsen.util: 0	:invoke	:broadcast	69
2025-06-29 23:40:46,918{GMT}	INFO	[jepsen worker 0] jepsen.util: 0	:ok	:broadcast	69
2025-06-29 23:40:46,984{GMT}	INFO	[jepsen worker 0] jepsen.util: 0	:invoke	:broadcast	70
2025-06-29 23:40:46,985{GMT}	INFO	[jepsen worker 0] jepsen.util: 0	:ok	:broadcast	70
2025-06-29 23:40:47,110{GMT}	INFO	[jepsen worker 1] jepsen.util: 1	:invoke	:broadcast	71
2025-06-29 23:40:47,111{GMT}	INFO	[jepsen worker 1] jepsen.util: 1	:ok	:broadcast	71
2025-06-29 23:40:47,114{GMT}	INFO	[jepsen worker 2] jepsen.util: 2	:invoke	:read	nil
2025-06-29 23:40:47,114{GMT}	INFO	[jepsen worker 2] jepsen.util: 2	:ok	:read	[1 2 4 0 3 5 6 10 7 9 8 13 11 12 14 17 15 16 20 18 19 21 24 25 26 22 23 29 27 28 30 31 33 32 34 35 36 38 37 39 40 41 42 44 45 43 46 47 49 50 48 51 52 53 54 55 56 58 57 59 61 60 62 63 64 65 67]
2025-06-29 23:40:47,297{GMT}	INFO	[jepsen worker 3] jepsen.util: 3	:invoke	:read	nil
2025-06-29 23:40:47,299{GMT}	INFO	[jepsen worker 3] jepsen.util: 3	:ok	:read	[1 0 3 2 4 5 7 6 8 9 11 10 12 14 15 13 16 18 17 19 21 20 22 23 25 24 26 27 28 30 29 31 32 33 34 35 36 37 39 40 38 41 42 43 44 46 45 47 48 49 51 52 53 50 54 55 57 56 59 58 60 61 62 63 64 65 66 69 68 67 70]
2025-06-29 23:40:47,453{GMT}	INFO	[jepsen worker 4] jepsen.util: 4	:invoke	:broadcast	72
2025-06-29 23:40:47,454{GMT}	INFO	[jepsen worker 4] jepsen.util: 4	:ok	:broadcast	72
2025-06-29 23:40:47,578{GMT}	INFO	[jepsen worker 0] jepsen.util: 0	:invoke	:broadcast	73
2025-06-29 23:40:47,579{GMT}	INFO	[jepsen worker 0] jepsen.util: 0	:ok	:broadcast	73
2025-06-29 23:40:47,677{GMT}	INFO	[jepsen worker 0] jepsen.util: 0	:invoke	:broadcast	74
2025-06-29 23:40:47,679{GMT}	INFO	[jepsen worker 0] jepsen.util: 0	:ok	:broadcast	74
2025-06-29 23:40:47,862{GMT}	INFO	[jepsen worker 1] jepsen.util: 1	:invoke	:broadcast	75
2025-06-29 23:40:47,864{GMT}	INFO	[jepsen worker 1] jepsen.util: 1	:ok	:broadcast	75
2025-06-29 23:40:48,036{GMT}	INFO	[jepsen worker 2] jepsen.util: 2	:invoke	:broadcast	76
2025-06-29 23:40:48,038{GMT}	INFO	[jepsen worker 2] jepsen.util: 2	:ok	:broadcast	76
2025-06-29 23:40:48,220{GMT}	INFO	[jepsen worker 3] jepsen.util: 3	:invoke	:broadcast	77
2025-06-29 23:40:48,221{GMT}	INFO	[jepsen worker 3] jepsen.util: 3	:ok	:broadcast	77
2025-06-29 23:40:48,306{GMT}	INFO	[jepsen worker 4] jepsen.util: 4	:invoke	:broadcast	78
2025-06-29 23:40:48,308{GMT}	INFO	[jepsen worker 4] jepsen.util: 4	:ok	:broadcast	78
2025-06-29 23:40:48,347{GMT}	INFO	[jepsen worker 0] jepsen.util: 0	:invoke	:read	nil
2025-06-29 23:40:48,349{GMT}	INFO	[jepsen worker 0] jepsen.util: 0	:ok	:read	[0 1 3 2 4 5 7 8 6 11 9 12 10 15 16 14 13 18 19 17 21 20 22 23 25 28 24 26 27 31 30 29 32 34 33 35 37 36 39 40 41 38 42 43 44 46 45 48 47 52 49 51 53 50 54 57 55 56 59 60 58 61 62 63 64 66 65 69 70 68 67 71 73 74 72 75 77]
2025-06-29 23:40:48,369{GMT}	INFO	[jepsen worker 1] jepsen.util: 1	:invoke	:read	nil
2025-06-29 23:40:48,369{GMT}	INFO	[jepsen worker 0] jepsen.util: 0	:invoke	:broadcast	79
2025-06-29 23:40:48,371{GMT}	INFO	[jepsen worker 0] jepsen.util: 0	:ok	:broadcast	79
2025-06-29 23:40:48,371{GMT}	INFO	[jepsen worker 1] jepsen.util: 1	:ok	:read	[1 2 4 0 3 5 6 7 9 10 8 13 11 12 14 17 15 16 20 18 19 21 24 25 26 22 23 27 29 28 30 31 33 32 34 35 36 38 37 39 40 41 42 44 43 45 46 47 49 48 50 51 52 53 54 55 56 58 57 59 61 60 62 63 64 65 67 66 68 71 69 70 72 75 76 73 74 78]
2025-06-29 23:40:48,489{GMT}	INFO	[jepsen worker 2] jepsen.util: 2	:invoke	:broadcast	80
2025-06-29 23:40:48,490{GMT}	INFO	[jepsen worker 2] jepsen.util: 2	:ok	:broadcast	80
2025-06-29 23:40:48,571{GMT}	INFO	[jepsen worker 3] jepsen.util: 3	:invoke	:broadcast	81
2025-06-29 23:40:48,572{GMT}	INFO	[jepsen worker 3] jepsen.util: 3	:ok	:broadcast	81
2025-06-29 23:40:48,637{GMT}	INFO	[jepsen worker 4] jepsen.util: 4	:invoke	:read	nil
2025-06-29 23:40:48,639{GMT}	INFO	[jepsen worker 4] jepsen.util: 4	:ok	:read	[1 2 0 3 4 5 6 7 8 9 10 11 12 14 13 15 16 17 18 20 19 21 25 22 23 24 26 27 28 30 29 31 33 32 34 35 36 37 39 40 38 41 42 43 44 46 45 47 49 48 51 50 52 53 54 55 56 57 59 58 60 61 62 63 64 65 66 68 67 69 71 70 72 73 74 75 78 76 77]
2025-06-29 23:40:48,772{GMT}	INFO	[jepsen worker 0] jepsen.util: 0	:invoke	:read	nil
2025-06-29 23:40:48,774{GMT}	INFO	[jepsen worker 0] jepsen.util: 0	:ok	:read	[0 1 3 2 4 5 7 8 6 11 9 12 10 15 16 14 13 18 19 17 21 20 22 23 25 28 24 26 27 31 30 29 32 34 33 35 37 36 39 40 41 38 42 43 44 46 45 48 47 52 49 51 53 50 54 57 55 56 59 60 58 61 62 63 64 66 65 69 70 68 67 71 73 74 72 75 77 79 78 76 81]
2025-06-29 23:40:48,891{GMT}	INFO	[jepsen worker 0] jepsen.util: 0	:invoke	:broadcast	82
2025-06-29 23:40:48,893{GMT}	INFO	[jepsen worker 0] jepsen.util: 0	:ok	:broadcast	82
2025-06-29 23:40:49,029{GMT}	INFO	[jepsen worker 1] jepsen.util: 1	:invoke	:broadcast	83
2025-06-29 23:40:49,031{GMT}	INFO	[jepsen worker 1] jepsen.util: 1	:ok	:broadcast	83
2025-06-29 23:40:49,218{GMT}	INFO	[jepsen worker 2] jepsen.util: 2	:invoke	:read	nil
2025-06-29 23:40:49,220{GMT}	INFO	[jepsen worker 2] jepsen.util: 2	:ok	:read	[1 2 4 0 3 5 6 10 7 9 8 13 11 12 14 17 15 16 20 18 19 21 24 25 26 22 23 29 27 28 30 31 33 32 34 35 36 38 37 39 40 41 42 44 45 43 46 47 49 50 48 51 52 53 54 55 56 58 57 59 61 60 62 63 64 65 67 66 68 71 69 70 72 75 76 73 74 80 78 77 79 81 83]
2025-06-29 23:40:49,327{GMT}	INFO	[jepsen worker 3] jepsen.util: 3	:invoke	:read	nil
2025-06-29 23:40:49,328{GMT}	INFO	[jepsen worker 3] jepsen.util: 3	:ok	:read	[1 0 3 2 4 5 7 6 8 9 11 10 12 14 15 13 16 18 17 19 21 20 22 23 25 24 26 27 28 30 29 31 32 33 34 35 36 37 39 40 38 41 42 43 44 46 45 47 48 49 51 52 53 50 54 55 57 56 59 58 60 61 62 63 64 65 66 69 68 67 70 71 72 73 74 75 77 78 79 76 81 80 82 83]
2025-06-29 23:40:49,422{GMT}	INFO	[jepsen worker 4] jepsen.util: 4	:invoke	:read	nil
2025-06-29 23:40:49,424{GMT}	INFO	[jepsen worker 4] jepsen.util: 4	:ok	:read	[1 2 0 3 4 5 6 7 8 9 10 11 12 14 13 15 16 17 18 20 19 21 25 22 23 24 26 27 28 30 29 31 33 32 34 35 36 37 39 40 38 41 42 43 44 46 45 47 49 48 51 50 52 53 54 55 56 57 59 58 60 61 62 63 64 65 66 68 67 69 71 70 72 73 74 75 78 76 77 79 81 80 82 83]
2025-06-29 23:40:49,534{GMT}	INFO	[jepsen worker 0] jepsen.util: 0	:invoke	:read	nil
2025-06-29 23:40:49,535{GMT}	INFO	[jepsen worker 0] jepsen.util: 0	:ok	:read	[0 1 3 2 4 5 7 8 6 11 9 12 10 15 16 14 13 18 19 17 21 20 22 23 25 28 24 26 27 31 30 29 32 34 33 35 37 36 39 40 41 38 42 43 44 46 45 48 47 52 49 51 53 50 54 57 55 56 59 60 58 61 62 63 64 66 65 69 70 68 67 71 73 74 72 75 77 79 78 76 81 82 80 83]
2025-06-29 23:40:49,638{GMT}	INFO	[jepsen worker 0] jepsen.util: 0	:invoke	:broadcast	84
2025-06-29 23:40:49,640{GMT}	INFO	[jepsen worker 0] jepsen.util: 0	:ok	:broadcast	84
2025-06-29 23:40:49,826{GMT}	INFO	[jepsen worker 1] jepsen.util: 1	:invoke	:broadcast	85
2025-06-29 23:40:49,828{GMT}	INFO	[jepsen worker 1] jepsen.util: 1	:ok	:broadcast	85
2025-06-29 23:40:49,867{GMT}	INFO	[jepsen worker 2] jepsen.util: 2	:invoke	:broadcast	86
2025-06-29 23:40:49,869{GMT}	INFO	[jepsen worker 2] jepsen.util: 2	:ok	:broadcast	86
2025-06-29 23:40:50,056{GMT}	INFO	[jepsen worker 3] jepsen.util: 3	:invoke	:broadcast	87
2025-06-29 23:40:50,058{GMT}	INFO	[jepsen worker 3] jepsen.util: 3	:ok	:broadcast	87
2025-06-29 23:40:50,125{GMT}	INFO	[jepsen worker 4] jepsen.util: 4	:invoke	:read	nil
2025-06-29 23:40:50,126{GMT}	INFO	[jepsen worker 4] jepsen.util: 4	:ok	:read	[1 2 0 3 4 5 6 7 8 9 10 11 12 14 13 15 16 17 18 20 19 21 25 22 23 24 26 27 28 30 29 31 33 32 34 35 36 37 39 40 38 41 42 43 44 46 45 47 49 48 51 50 52 53 54 55 56 57 59 58 60 61 62 63 64 65 66 68 67 69 71 70 72 73 74 75 78 76 77 79 81 80 82 83 85 84 87 86]
2025-06-29 23:40:50,277{GMT}	INFO	[jepsen worker 0] jepsen.util: 0	:invoke	:read	nil
2025-06-29 23:40:50,279{GMT}	INFO	[jepsen worker 0] jepsen.util: 0	:ok	:read	[0 1 3 2 4 5 7 8 6 11 9 12 10 15 16 14 13 18 19 17 21 20 22 23 25 28 24 26 27 31 30 29 32 34 33 35 37 36 39 40 41 38 42 43 44 46 45 48 47 52 49 51 53 50 54 57 55 56 59 60 58 61 62 63 64 66 65 69 70 68 67 71 73 74 72 75 77 79 78 76 81 82 80 83 84 87]
2025-06-29 23:40:50,302{GMT}	INFO	[jepsen worker nemesis] jepsen.util: :nemesis	:info	:stop-partition	nil
2025-06-29 23:40:50,302{GMT}	INFO	[jepsen worker nemesis] jepsen.util: :nemesis	:info	:stop-partition	:network-healed
2025-06-29 23:40:50,328{GMT}	INFO	[jepsen worker 1] jepsen.util: 1	:invoke	:read	nil
2025-06-29 23:40:50,330{GMT}	INFO	[jepsen worker 1] jepsen.util: 1	:ok	:read	[1 2 4 0 3 5 6 7 9 10 8 13 11 12 14 17 15 16 20 18 19 21 24 25 26 22 23 27 29 28 30 31 33 32 34 35 36 38 37 39 40 41 42 44 43 45 46 47 49 48 50 51 52 53 54 55 56 58 57 59 61 60 62 63 64 65 67 66 68 71 69 70 72 75 76 73 74 78 77 80 79 81 83 82 85 86 84 87]
2025-06-29 23:40:50,473{GMT}	INFO	[jepsen worker 2] jepsen.util: 2	:invoke	:read	nil
2025-06-29 23:40:50,475{GMT}	INFO	[jepsen worker 2] jepsen.util: 2	:ok	:read	[1 2 4 0 3 5 6 10 7 9 8 13 11 12 14 17 15 16 20 18 19 21 24 25 26 22 23 29 27 28 30 31 33 32 34 35 36 38 37 39 40 41 42 44 45 43 46 47 49 50 48 51 52 53 54 55 56 58 57 59 61 60 62 63 64 65 67 66 68 71 69 70 72 75 76 73 74 80 78 77 79 81 83 82 86 85 84]
2025-06-29 23:40:50,613{GMT}	INFO	[jepsen worker 3] jepsen.util: 3	:invoke	:read	nil
2025-06-29 23:40:50,614{GMT}	INFO	[jepsen worker 3] jepsen.util: 3	:ok	:read	[1 0 3 2 4 5 7 6 8 9 11 10 12 14 15 13 16 18 17 19 21 20 22 23 25 24 26 27 28 30 29 31 32 33 34 35 36 37 39 40 38 41 42 43 44 46 45 47 48 49 51 52 53 50 54 55 57 56 59 58 60 61 62 63 64 65 66 69 68 67 70 71 72 73 74 75 77 78 79 76 81 80 82 83 84 87 85 86]
2025-06-29 23:40:50,644{GMT}	INFO	[jepsen worker 4] jepsen.util: 4	:invoke	:read	nil
2025-06-29 23:40:50,645{GMT}	INFO	[jepsen worker 4] jepsen.util: 4	:ok	:read	[1 2 0 3 4 5 6 7 8 9 10 11 12 14 13 15 16 17 18 20 19 21 25 22 23 24 26 27 28 30 29 31 33 32 34 35 36 37 39 40 38 41 42 43 44 46 45 47 49 48 51 50 52 53 54 55 56 57 59 58 60 61 62 63 64 65 66 68 67 69 71 70 72 73 74 75 78 76 77 79 81 80 82 83 85 84 87 86]
2025-06-29 23:40:50,646{GMT}	INFO	[jepsen worker 0] jepsen.util: 0	:invoke	:broadcast	88
2025-06-29 23:40:50,647{GMT}	INFO	[jepsen worker 0] jepsen.util: 0	:ok	:broadcast	88
2025-06-29 23:40:50,655{GMT}	INFO	[jepsen worker 0] jepsen.util: 0	:invoke	:broadcast	89
2025-06-29 23:40:50,655{GMT}	INFO	[jepsen worker 0] jepsen.util: 0	:ok	:broadcast	89
2025-06-29 23:40:50,710{GMT}	INFO	[jepsen worker 1] jepsen.util: 1	:invoke	:broadcast	90
2025-06-29 23:40:50,711{GMT}	INFO	[jepsen worker 1] jepsen.util: 1	:ok	:broadcast	90
2025-06-29 23:40:50,894{GMT}	INFO	[jepsen worker 2] jepsen.util: 2	:invoke	:read	nil
2025-06-29 23:40:50,896{GMT}	INFO	[jepsen worker 2] jepsen.util: 2	:ok	:read	[1 2 4 0 3 5 6 10 7 9 8 13 11 12 14 17 15 16 20 18 19 21 24 25 26 22 23 29 27 28 30 31 33 32 34 35 36 38 37 39 40 41 42 44 45 43 46 47 49 50 48 51 52 53 54 55 56 58 57 59 61 60 62 63 64 65 67 66 68 71 69 70 72 75 76 73 74 80 78 77 79 81 83 82 86 85 84 87 90]
2025-06-29 23:40:50,941{GMT}	INFO	[jepsen worker 3] jepsen.util: 3	:invoke	:read	nil
2025-06-29 23:40:50,942{GMT}	INFO	[jepsen worker 3] jepsen.util: 3	:ok	:read	[1 0 3 2 4 5 7 6 8 9 11 10 12 14 15 13 16 18 17 19 21 20 22 23 25 24 26 27 28 30 29 31 32 33 34 35 36 37 39 40 38 41 42 43 44 46 45 47 48 49 51 52 53 50 54 55 57 56 59 58 60 61 62 63 64 65 66 69 68 67 70 71 72 73 74 75 77 78 79 76 81 80 82 83 84 87 85 86 88 89 90]
2025-06-29 23:40:51,114{GMT}	INFO	[jepsen worker 4] jepsen.util: 4	:invoke	:read	nil
2025-06-29 23:40:51,116{GMT}	INFO	[jepsen worker 4] jepsen.util: 4	:ok	:read	[1 2 0 3 4 5 6 7 8 9 10 11 12 14 13 15 16 17 18 20 19 21 25 22 23 24 26 27 28 30 29 31 33 32 34 35 36 37 39 40 38 41 42 43 44 46 45 47 49 48 51 50 52 53 54 55 56 57 59 58 60 61 62 63 64 65 66 68 67 69 71 70 72 73 74 75 78 76 77 79 81 80 82 83 85 84 87 86 90 88 89]
2025-06-29 23:40:51,148{GMT}	INFO	[jepsen worker 0] jepsen.util: 0	:invoke	:broadcast	91
2025-06-29 23:40:51,149{GMT}	INFO	[jepsen worker 0] jepsen.util: 0	:ok	:broadcast	91
2025-06-29 23:40:51,216{GMT}	INFO	[jepsen worker 0] jepsen.util: 0	:invoke	:read	nil
2025-06-29 23:40:51,218{GMT}	INFO	[jepsen worker 0] jepsen.util: 0	:ok	:read	[0 1 3 2 4 5 7 8 6 11 9 12 10 15 16 14 13 18 19 17 21 20 22 23 25 28 24 26 27 31 30 29 32 34 33 35 37 36 39 40 41 38 42 43 44 46 45 48 47 52 49 51 53 50 54 57 55 56 59 60 58 61 62 63 64 66 65 69 70 68 67 71 73 74 72 75 77 79 78 76 81 82 80 83 84 87 85 86 88 89 90 91]
2025-06-29 23:40:51,401{GMT}	INFO	[jepsen worker 1] jepsen.util: 1	:invoke	:read	nil
2025-06-29 23:40:51,403{GMT}	INFO	[jepsen worker 1] jepsen.util: 1	:ok	:read	[1 2 4 0 3 5 6 7 9 10 8 13 11 12 14 17 15 16 20 18 19 21 24 25 26 22 23 27 29 28 30 31 33 32 34 35 36 38 37 39 40 41 42 44 43 45 46 47 49 48 50 51 52 53 54 55 56 58 57 59 61 60 62 63 64 65 67 66 68 71 69 70 72 75 76 73 74 78 77 80 79 81 83 82 85 86 84 87 90 88 89 91]
2025-06-29 23:40:51,455{GMT}	INFO	[jepsen worker 2] jepsen.util: 2	:invoke	:broadcast	92
2025-06-29 23:40:51,456{GMT}	INFO	[jepsen worker 2] jepsen.util: 2	:ok	:broadcast	92
2025-06-29 23:40:51,465{GMT}	INFO	[jepsen worker 3] jepsen.util: 3	:invoke	:read	nil
2025-06-29 23:40:51,466{GMT}	INFO	[jepsen worker 3] jepsen.util: 3	:ok	:read	[1 0 3 2 4 5 7 6 8 9 11 10 12 14 15 13 16 18 17 19 21 20 22 23 25 24 26 27 28 30 29 31 32 33 34 35 36 37 39 40 38 41 42 43 44 46 45 47 48 49 51 52 53 50 54 55 57 56 59 58 60 61 62 63 64 65 66 69 68 67 70 71 72 73 74 75 77 78 79 76 81 80 82 83 84 87 85 86 88 89 90 91]
2025-06-29 23:40:51,594{GMT}	INFO	[jepsen worker 4] jepsen.util: 4	:invoke	:broadcast	93
2025-06-29 23:40:51,595{GMT}	INFO	[jepsen worker 4] jepsen.util: 4	:ok	:broadcast	93
2025-06-29 23:40:51,595{GMT}	INFO	[jepsen worker nemesis] jepsen.util: :nemesis	:info	:stop-partition	nil
2025-06-29 23:40:51,595{GMT}	INFO	[jepsen worker nemesis] jepsen.util: :nemesis	:info	:stop-partition	:network-healed
2025-06-29 23:40:51,595{GMT}	INFO	[jepsen worker 0] jepsen.generator.interpreter: Waiting for recovery...
2025-06-29 23:41:01,606{GMT}	INFO	[jepsen worker 3] jepsen.util: 3	:invoke	:read	nil
2025-06-29 23:41:01,606{GMT}	INFO	[jepsen worker 1] jepsen.util: 1	:invoke	:read	nil
2025-06-29 23:41:01,606{GMT}	INFO	[jepsen worker 2] jepsen.util: 2	:invoke	:read	nil
2025-06-29 23:41:01,606{GMT}	INFO	[jepsen worker 0] jepsen.util: 0	:invoke	:read	nil
2025-06-29 23:41:01,606{GMT}	INFO	[jepsen worker 4] jepsen.util: 4	:invoke	:read	nil
2025-06-29 23:41:01,609{GMT}	INFO	[jepsen worker 2] jepsen.util: 2	:ok	:read	[1 2 4 0 3 5 6 10 7 9 8 13 11 12 14 17 15 16 20 18 19 21 24 25 26 22 23 29 27 28 30 31 33 32 34 35 36 38 37 39 40 41 42 44 45 43 46 47 49 50 48 51 52 53 54 55 56 58 57 59 61 60 62 63 64 65 67 66 68 71 69 70 72 75 76 73 74 80 78 77 79 81 83 82 86 85 84 87 90 88 89 92 91 93]
2025-06-29 23:41:01,609{GMT}	INFO	[jepsen worker 4] jepsen.util: 4	:ok	:read	[1 2 0 3 4 5 6 7 8 9 10 11 12 14 13 15 16 17 18 20 19 21 25 22 23 24 26 27 28 30 29 31 33 32 34 35 36 37 39 40 38 41 42 43 44 46 45 47 49 48 51 50 52 53 54 55 56 57 59 58 60 61 62 63 64 65 66 68 67 69 71 70 72 73 74 75 78 76 77 79 81 80 82 83 85 84 87 86 90 88 89 91 93 92]
2025-06-29 23:41:01,609{GMT}	INFO	[jepsen worker 3] jepsen.util: 3	:ok	:read	[1 0 3 2 4 5 7 6 8 9 11 10 12 14 15 13 16 18 17 19 21 20 22 23 25 24 26 27 28 30 29 31 32 33 34 35 36 37 39 40 38 41 42 43 44 46 45 47 48 49 51 52 53 50 54 55 57 56 59 58 60 61 62 63 64 65 66 69 68 67 70 71 72 73 74 75 77 78 79 76 81 80 82 83 84 87 85 86 88 89 90 91 93 92]
2025-06-29 23:41:01,609{GMT}	INFO	[jepsen worker 1] jepsen.util: 1	:ok	:read	[1 2 4 0 3 5 6 7 9 10 8 13 11 12 14 17 15 16 20 18 19 21 24 25 26 22 23 27 29 28 30 31 33 32 34 35 36 38 37 39 40 41 42 44 43 45 46 47 49 48 50 51 52 53 54 55 56 58 57 59 61 60 62 63 64 65 67 66 68 71 69 70 72 75 76 73 74 78 77 80 79 81 83 82 85 86 84 87 90 88 89 91 92 93]
2025-06-29 23:41:01,609{GMT}	INFO	[jepsen worker 0] jepsen.util: 0	:ok	:read	[0 1 3 2 4 5 7 8 6 11 9 12 10 15 16 14 13 18 19 17 21 20 22 23 25 28 24 26 27 31 30 29 32 34 33 35 37 36 39 40 41 38 42 43 44 46 45 48 47 52 49 51 53 50 54 57 55 56 59 60 58 61 62 63 64 66 65 69 70 68 67 71 73 74 72 75 77 79 78 76 81 82 80 83 84 87 85 86 88 89 90 91 92 93]
2025-06-29 23:41:01,626{GMT}	INFO	[jepsen test runner] jepsen.core: Run complete, writing
2025-06-29 23:41:01,670{GMT}	INFO	[jepsen node n0] maelstrom.db: Tearing down n0
2025-06-29 23:41:01,670{GMT}	INFO	[jepsen node n4] maelstrom.db: Tearing down n4
2025-06-29 23:41:01,670{GMT}	INFO	[jepsen node n1] maelstrom.db: Tearing down n1
2025-06-29 23:41:01,670{GMT}	INFO	[jepsen node n2] maelstrom.db: Tearing down n2
2025-06-29 23:41:01,670{GMT}	INFO	[jepsen node n3] maelstrom.db: Tearing down n3
2025-06-29 23:41:03,574{GMT}	INFO	[jepsen node n0] maelstrom.net: Shutting down Maelstrom network
2025-06-29 23:41:03,578{GMT}	INFO	[jepsen test runner] jepsen.core: Analyzing...
2025-06-29 23:41:06,345{GMT}	INFO	[jepsen test runner] jepsen.core: Analysis complete
2025-06-29 23:41:06,368{GMT}	INFO	[jepsen results] jepsen.store: Wrote /Users/anandtrehan/flyio_challenges/maelstrom/store/broadcast/20250629T234030.118-0400/results.edn
2025-06-29 23:41:06,388{GMT}	INFO	[jepsen test runner] jepsen.core: {:perf {:latency-graph {:valid? true},
        :rate-graph {:valid? true},
        :valid? true},
 :timeline {:valid? true},
 :exceptions {:valid? true},
 :stats {:valid? true,
         :count 200,
         :ok-count 200,
         :fail-count 0,
         :info-count 0,
         :by-f {:broadcast {:valid? true,
                            :count 94,
                            :ok-count 94,
                            :fail-count 0,
                            :info-count 0},
                :read {:valid? true,
                       :count 106,
                       :ok-count 106,
                       :fail-count 0,
                       :info-count 0}}},
 :availability {:valid? true, :ok-fraction 1.0},
 :net {:all {:send-count 1582,
             :recv-count 1464,
             :msg-count 1582,
             :msgs-per-op 7.91},
       :clients {:send-count 420, :recv-count 420, :msg-count 420},
       :servers {:send-count 1162,
                 :recv-count 1044,
                 :msg-count 1162,
                 :msgs-per-op 5.81},
       :valid? true},
 :workload {:worst-stale ({:element 50,
                           :outcome :stable,
                           :stable-latency 750,
                           :lost-latency nil,
                           :known #jepsen.history.Op{:index 209,
                                                     :time 10615049917,
                                                     :type :ok,
                                                     :process 2,
                                                     :f :add,
                                                     :value 50},
                           :last-absent #jepsen.history.Op{:index 226,
                                                           :time 11365421917,
                                                           :type :invoke,
                                                           :process 0,
                                                           :f :read,
                                                           :value nil}}
                          {:element 0,
                           :outcome :stable,
                           :stable-latency 711,
                           :lost-latency nil,
                           :known #jepsen.history.Op{:index 2,
                                                     :time 21283375,
                                                     :type :ok,
                                                     :process 0,
                                                     :f :add,
                                                     :value 0},
                           :last-absent #jepsen.history.Op{:index 16,
                                                           :time 732405000,
                                                           :type :invoke,
                                                           :process 2,
                                                           :f :read,
                                                           :value nil}}
                          {:element 66,
                           :outcome :stable,
                           :stable-latency 678,
                           :lost-latency nil,
                           :known #jepsen.history.Op{:index 287,
                                                     :time 14704641833,
                                                     :type :ok,
                                                     :process 0,
                                                     :f :add,
                                                     :value 66},
                           :last-absent #jepsen.history.Op{:index 304,
                                                           :time 15382801292,
                                                           :type :invoke,
                                                           :process 2,
                                                           :f :read,
                                                           :value nil}}
                          {:element 24,
                           :outcome :stable,
                           :stable-latency 664,
                           :lost-latency nil,
                           :known #jepsen.history.Op{:index 89,
                                                     :time 4675357833,
                                                     :type :ok,
                                                     :process 2,
                                                     :f :add,
                                                     :value 24},
                           :last-absent #jepsen.history.Op{:index 106,
                                                           :time 5340054083,
                                                           :type :invoke,
                                                           :process 0,
                                                           :f :read,
                                                           :value nil}}
                          {:element 22,
                           :outcome :stable,
                           :stable-latency 609,
                           :lost-latency nil,
                           :known #jepsen.history.Op{:index 83,
                                                     :time 4411114583,
                                                     :type :ok,
                                                     :process 0,
                                                     :f :add,
                                                     :value 22},
                           :last-absent #jepsen.history.Op{:index 100,
                                                           :time 5020415583,
                                                           :type :invoke,
                                                           :process 2,
                                                           :f :read,
                                                           :value nil}}
                          {:element 34,
                           :outcome :stable,
                           :stable-latency 595,
                           :lost-latency nil,
                           :known #jepsen.history.Op{:index 133,
                                                     :time 6565883708,
                                                     :type :ok,
                                                     :process 0,
                                                     :f :add,
                                                     :value 34},
                           :last-absent #jepsen.history.Op{:index 148,
                                                           :time 7161195125,
                                                           :type :invoke,
                                                           :process 2,
                                                           :f :read,
                                                           :value nil}}
                          {:element 23,
                           :outcome :stable,
                           :stable-latency 587,
                           :lost-latency nil,
                           :known #jepsen.history.Op{:index 85,
                                                     :time 4432512000,
                                                     :type :ok,
                                                     :process 0,
                                                     :f :add,
                                                     :value 23},
                           :last-absent #jepsen.history.Op{:index 100,
                                                           :time 5020415583,
                                                           :type :invoke,
                                                           :process 2,
                                                           :f :read,
                                                           :value nil}}
                          {:element 32,
                           :outcome :stable,
                           :stable-latency 523,
                           :lost-latency nil,
                           :known #jepsen.history.Op{:index 127,
                                                     :time 6195891583,
                                                     :type :ok,
                                                     :process 3,
                                                     :f :add,
                                                     :value 32},
                           :last-absent #jepsen.history.Op{:index 136,
                                                           :time 6719537375,
                                                           :type :invoke,
                                                           :process 2,
                                                           :f :read,
                                                           :value nil}}),
            :duplicated-count 0,
            :valid? true,
            :lost-count 0,
            :lost (),
            :stable-count 94,
            :stale-count 74,
            :stale (0
                    2
                    3
                    5
                    6
                    7
                    9
                    10
                    11
                    12
                    13
                    15
                    16
                    17
                    18
                    19
                    22
                    23
                    24
                    25
                    26
                    27
                    28
                    29
                    30
                    31
                    32
                    33
                    34
                    35
                    36
                    37
                    38
                    40
                    41
                    42
                    45
                    46
                    47
                    49
                    50
                    51
                    52
                    54
                    55
                    56
                    57
                    58
                    59
                    60
                    61
                    62
                    63
                    64
                    65
                    66
                    67
                    68
                    69
                    70
                    71
                    76
                    77
                    78
                    79
                    80
                    81
                    82
                    85
                    86
                    87
                    88
                    89
                    92),
            :never-read-count 0,
            :stable-latencies {0 0,
                               0.5 195,
                               0.95 609,
                               0.99 750,
                               1 750},
            :attempt-count 94,
            :never-read (),
            :duplicated {}},
 :valid? true}


Everything looks good! (`)
