2025-06-27 17:31:56,563{GMT}	INFO	[jepsen test runner] jepsen.core: Command line:
lein run test -w broadcast --bin /Users/anandtrehan/go/bin/maelstrom-broadcast --node-count 5 --time-limit 20 --rate 10 --nemesis partition
2025-06-27 17:31:56,640{GMT}	INFO	[jepsen test runner] jepsen.core: Running test:
{:args []
 :remote
 #jepsen.control.retry.Remote{:remote #jepsen.control.scp.Remote{:cmd-remote #jepsen.control.sshj.SSHJRemote{:concurrency-limit 6,
                                                                                                             :conn-spec nil,
                                                                                                             :client nil,
                                                                                                             :semaphore nil},
                                                                 :conn-spec nil},
                              :conn nil}
 :log-net-send false
 :node-count 5
 :availability nil
 :max-txn-length 4
 :concurrency 5
 :db
 #object[maelstrom.db$db$reify__16142
         "0x33e09baf"
         "maelstrom.db$db$reify__16142@33e09baf"]
 :max-writes-per-key 16
 :leave-db-running? false
 :name "broadcast"
 :logging-json? false
 :start-time
 #object[org.joda.time.DateTime "0x105c253a" "2025-06-27T17:31:56.525-04:00"]
 :nemesis-interval 10
 :net
 #object[maelstrom.net$jepsen_net$reify__15251
         "0x156322ce"
         "maelstrom.net$jepsen_net$reify__15251@156322ce"]
 :client
 #object[maelstrom.workload.broadcast$client$reify__16644
         "0x546f0f36"
         "maelstrom.workload.broadcast$client$reify__16644@546f0f36"]
 :barrier
 #object[java.util.concurrent.CyclicBarrier
         "0x44d5a0a8"
         "java.util.concurrent.CyclicBarrier@44d5a0a8"]
 :log-stderr false
 :pure-generators true
 :ssh {:dummy? true}
 :rate 10.0
 :checker
 #object[jepsen.checker$compose$reify__11881
         "0x35d128fd"
         "jepsen.checker$compose$reify__11881@35d128fd"]
 :argv
 ("test"
  "-w"
  "broadcast"
  "--bin"
  "/Users/anandtrehan/go/bin/maelstrom-broadcast"
  "--node-count"
  "5"
  "--time-limit"
  "20"
  "--rate"
  "10"
  "--nemesis"
  "partition")
 :nemesis
 (jepsen.nemesis.ReflCompose
  {:fm {:start-partition 0,
        :stop-partition 0,
        :kill 1,
        :start 1,
        :pause 1,
        :resume 1},
   :nemeses [#unprintable "jepsen.nemesis.combined$partition_nemesis$reify__16416@39a809db"
             #unprintable "jepsen.nemesis.combined$db_nemesis$reify__16397@1512a767"]})
 :nodes ["n0" "n1" "n2" "n3" "n4"]
 :test-count 1
 :latency {:mean 0, :dist :constant}
 :bin "/Users/anandtrehan/go/bin/maelstrom-broadcast"
 :generator
 ((jepsen.generator.Synchronize
   {:gen (jepsen.generator.TimeLimit
          {:limit 20000000000,
           :cutoff nil,
           :gen (jepsen.generator.Any
                 {:gens [(jepsen.generator.OnThreads
                          {:f #{:nemesis},
                           :context-filter #object[jepsen.generator.context$make_thread_filter$lazy_filter__9167
                                                   "0x5cdb7b"
                                                   "jepsen.generator.context$make_thread_filter$lazy_filter__9167@5cdb7b"],
                           :gen (jepsen.generator.Stagger
                                 {:dt 20000000000,
                                  :next-time nil,
                                  :gen (jepsen.generator.FlipFlop
                                        {:gens [#object[jepsen.nemesis.combined$partition_package$start__16420
                                                        "0x3dcc59f5"
                                                        "jepsen.nemesis.combined$partition_package$start__16420@3dcc59f5"]
                                                ({:type :info,
                                                  :f :stop-partition,
                                                  :value nil}
                                                 {:type :info,
                                                  :f :stop-partition,
                                                  :value nil}
                                                 {:type :info,
                                                  :f :stop-partition,
                                                  :value nil}
                                                 {:type :info,
                                                  :f :stop-partition,
                                                  :value nil}
                                                 {:type :info,
                                                  :f :stop-partition,
                                                  :value nil}
                                                 {:type :info,
                                                  :f :stop-partition,
                                                  :value nil}
                                                 {:type :info,
                                                  :f :stop-partition,
                                                  :value nil}
                                                 {:type :info,
                                                  :f :stop-partition,
                                                  :value nil}
                                                 ...)],
                                         :i 0})})})
                         (jepsen.generator.OnThreads
                          {:f #jepsen.generator.context.AllBut{:element :nemesis},
                           :context-filter #object[jepsen.generator.context$make_thread_filter$lazy_filter__9167
                                                   "0x690337df"
                                                   "jepsen.generator.context$make_thread_filter$lazy_filter__9167@690337df"],
                           :gen (jepsen.generator.Stagger
                                 {:dt 200000000,
                                  :next-time nil,
                                  :gen (jepsen.generator.Mix
                                        {:i 1,
                                         :gens [({:f :broadcast, :value 0}
                                                 {:f :broadcast, :value 1}
                                                 {:f :broadcast, :value 2}
                                                 {:f :broadcast, :value 3}
                                                 {:f :broadcast, :value 4}
                                                 {:f :broadcast, :value 5}
                                                 {:f :broadcast, :value 6}
                                                 {:f :broadcast, :value 7}
                                                 ...)
                                                ({:f :read}
                                                 {:f :read}
                                                 {:f :read}
                                                 {:f :read}
                                                 {:f :read}
                                                 {:f :read}
                                                 {:f :read}
                                                 {:f :read}
                                                 ...)]})})})]})})})
  (jepsen.generator.Synchronize
   {:gen (jepsen.generator.OnThreads
          {:f #{:nemesis},
           :context-filter #object[jepsen.generator.context$make_thread_filter$lazy_filter__9167
                                   "0xf62ae87"
                                   "jepsen.generator.context$make_thread_filter$lazy_filter__9167@f62ae87"],
           :gen ({:type :info, :f :stop-partition, :value nil})})})
  (jepsen.generator.Synchronize
   {:gen {:type :log, :value "Waiting for recovery..."}})
  (jepsen.generator.Synchronize {:gen {:type :sleep, :value 10}})
  (jepsen.generator.Synchronize
   {:gen (jepsen.generator.OnThreads
          {:f #jepsen.generator.context.AllBut{:element :nemesis},
           :context-filter #object[jepsen.generator.context$make_thread_filter$lazy_filter__9167
                                   "0x50be5d6f"
                                   "jepsen.generator.context$make_thread_filter$lazy_filter__9167@50be5d6f"],
           :gen (jepsen.generator.EachThread
                 {:fresh-gen {:f :read, :final? true},
                  :context-filters #object[clojure.core$promise$reify__8591
                                           "0x48e0e779"
                                           {:status :pending, :val nil}],
                  :gens {}})})}))
 :log-net-recv false
 :os
 #object[maelstrom.net$jepsen_os$reify__15254
         "0x38ad8c75"
         "maelstrom.net$jepsen_os$reify__15254@38ad8c75"]
 :time-limit 20
 :workload :broadcast
 :consistency-models [:strict-serializable]
 :topology :grid}

2025-06-27 17:31:57,826{GMT}	INFO	[jepsen node n0] maelstrom.net: Starting Maelstrom network
2025-06-27 17:31:57,827{GMT}	INFO	[jepsen test runner] jepsen.db: Tearing down DB
2025-06-27 17:31:57,828{GMT}	INFO	[jepsen test runner] jepsen.db: Setting up DB
2025-06-27 17:31:57,829{GMT}	INFO	[jepsen node n1] maelstrom.db: Setting up n1
2025-06-27 17:31:57,829{GMT}	INFO	[jepsen node n2] maelstrom.db: Setting up n2
2025-06-27 17:31:57,829{GMT}	INFO	[jepsen node n3] maelstrom.db: Setting up n3
2025-06-27 17:31:57,829{GMT}	INFO	[jepsen node n4] maelstrom.db: Setting up n4
2025-06-27 17:31:57,829{GMT}	INFO	[jepsen node n4] maelstrom.process: launching /Users/anandtrehan/go/bin/maelstrom-broadcast []
2025-06-27 17:31:57,829{GMT}	INFO	[jepsen node n2] maelstrom.process: launching /Users/anandtrehan/go/bin/maelstrom-broadcast []
2025-06-27 17:31:57,829{GMT}	INFO	[jepsen node n1] maelstrom.process: launching /Users/anandtrehan/go/bin/maelstrom-broadcast []
2025-06-27 17:31:57,829{GMT}	INFO	[jepsen node n3] maelstrom.process: launching /Users/anandtrehan/go/bin/maelstrom-broadcast []
2025-06-27 17:31:57,831{GMT}	INFO	[jepsen node n0] maelstrom.service: Starting services: (lin-kv lin-tso lww-kv seq-kv)
2025-06-27 17:31:57,833{GMT}	INFO	[jepsen node n0] maelstrom.db: Setting up n0
2025-06-27 17:31:57,833{GMT}	INFO	[jepsen node n0] maelstrom.process: launching /Users/anandtrehan/go/bin/maelstrom-broadcast []
2025-06-27 17:31:58,432{GMT}	INFO	[jepsen test runner] jepsen.core: Relative time begins now
2025-06-27 17:31:58,447{GMT}	INFO	[jepsen worker nemesis] jepsen.util: :nemesis	:info	:start-partition	:majorities-ring
2025-06-27 17:31:58,447{GMT}	INFO	[jepsen worker 1] jepsen.util: 1	:invoke	:read	nil
2025-06-27 17:31:58,449{GMT}	INFO	[jepsen worker 1] jepsen.util: 1	:ok	:read	[]
2025-06-27 17:31:58,450{GMT}	INFO	[jepsen worker nemesis] jepsen.util: :nemesis	:info	:start-partition	[:isolated {"n2" #{"n1" "n4"}, "n0" #{"n4" "n3"}, "n1" #{"n2" "n3"}, "n4" #{"n2" "n0"}, "n3" #{"n1" "n0"}}]
2025-06-27 17:31:58,577{GMT}	INFO	[jepsen worker 2] jepsen.util: 2	:invoke	:read	nil
2025-06-27 17:31:58,579{GMT}	INFO	[jepsen worker 2] jepsen.util: 2	:ok	:read	[]
2025-06-27 17:31:58,740{GMT}	INFO	[jepsen worker 3] jepsen.util: 3	:invoke	:read	nil
2025-06-27 17:31:58,744{GMT}	INFO	[jepsen worker 3] jepsen.util: 3	:ok	:read	[]
2025-06-27 17:31:58,771{GMT}	INFO	[jepsen worker 4] jepsen.util: 4	:invoke	:read	nil
2025-06-27 17:31:58,775{GMT}	INFO	[jepsen worker 4] jepsen.util: 4	:ok	:read	[]
2025-06-27 17:31:58,812{GMT}	INFO	[jepsen worker 0] jepsen.util: 0	:invoke	:read	nil
2025-06-27 17:31:58,815{GMT}	INFO	[jepsen worker 0] jepsen.util: 0	:ok	:read	[]
2025-06-27 17:31:58,989{GMT}	INFO	[jepsen worker 0] jepsen.util: 0	:invoke	:broadcast	0
2025-06-27 17:31:58,993{GMT}	INFO	[jepsen worker 0] jepsen.util: 0	:ok	:broadcast	0
2025-06-27 17:31:59,053{GMT}	INFO	[jepsen worker 1] jepsen.util: 1	:invoke	:read	nil
2025-06-27 17:31:59,055{GMT}	INFO	[jepsen worker 1] jepsen.util: 1	:ok	:read	[0]
2025-06-27 17:31:59,241{GMT}	INFO	[jepsen worker 2] jepsen.util: 2	:invoke	:broadcast	1
2025-06-27 17:31:59,244{GMT}	INFO	[jepsen worker 2] jepsen.util: 2	:ok	:broadcast	1
2025-06-27 17:31:59,304{GMT}	INFO	[jepsen worker 3] jepsen.util: 3	:invoke	:broadcast	2
2025-06-27 17:31:59,306{GMT}	INFO	[jepsen worker 3] jepsen.util: 3	:ok	:broadcast	2
2025-06-27 17:31:59,378{GMT}	INFO	[jepsen worker 4] jepsen.util: 4	:invoke	:read	nil
2025-06-27 17:31:59,380{GMT}	INFO	[jepsen worker 4] jepsen.util: 4	:ok	:read	[0 2]
2025-06-27 17:31:59,407{GMT}	INFO	[jepsen worker 0] jepsen.util: 0	:invoke	:read	nil
2025-06-27 17:31:59,409{GMT}	INFO	[jepsen worker 0] jepsen.util: 0	:ok	:read	[0 2]
2025-06-27 17:31:59,412{GMT}	INFO	[jepsen worker 0] jepsen.util: 0	:invoke	:broadcast	3
2025-06-27 17:31:59,413{GMT}	INFO	[jepsen worker 0] jepsen.util: 0	:ok	:broadcast	3
2025-06-27 17:31:59,584{GMT}	INFO	[jepsen worker 1] jepsen.util: 1	:invoke	:broadcast	4
2025-06-27 17:31:59,587{GMT}	INFO	[jepsen worker 1] jepsen.util: 1	:ok	:broadcast	4
2025-06-27 17:31:59,615{GMT}	INFO	[jepsen worker 2] jepsen.util: 2	:invoke	:read	nil
2025-06-27 17:31:59,618{GMT}	INFO	[jepsen worker 2] jepsen.util: 2	:ok	:read	[1]
2025-06-27 17:31:59,638{GMT}	INFO	[jepsen worker 3] jepsen.util: 3	:invoke	:read	nil
2025-06-27 17:31:59,639{GMT}	INFO	[jepsen worker 3] jepsen.util: 3	:ok	:read	[0 2 3 4]
2025-06-27 17:31:59,807{GMT}	INFO	[jepsen worker 4] jepsen.util: 4	:invoke	:read	nil
2025-06-27 17:31:59,810{GMT}	INFO	[jepsen worker 4] jepsen.util: 4	:ok	:read	[0 2 3 4]
2025-06-27 17:32:00,019{GMT}	INFO	[jepsen worker 0] jepsen.util: 0	:invoke	:read	nil
2025-06-27 17:32:00,021{GMT}	INFO	[jepsen worker 0] jepsen.util: 0	:ok	:read	[0 2 3 4]
2025-06-27 17:32:00,208{GMT}	INFO	[jepsen worker 0] jepsen.util: 0	:invoke	:read	nil
2025-06-27 17:32:00,211{GMT}	INFO	[jepsen worker 0] jepsen.util: 0	:ok	:read	[0 2 3 4]
2025-06-27 17:32:00,305{GMT}	INFO	[jepsen worker 1] jepsen.util: 1	:invoke	:read	nil
2025-06-27 17:32:00,308{GMT}	INFO	[jepsen worker 1] jepsen.util: 1	:ok	:read	[0 2 3 4]
2025-06-27 17:32:00,454{GMT}	INFO	[jepsen worker 2] jepsen.util: 2	:invoke	:broadcast	5
2025-06-27 17:32:00,457{GMT}	INFO	[jepsen worker 2] jepsen.util: 2	:ok	:broadcast	5
2025-06-27 17:32:00,509{GMT}	INFO	[jepsen worker 3] jepsen.util: 3	:invoke	:broadcast	6
2025-06-27 17:32:00,511{GMT}	INFO	[jepsen worker 3] jepsen.util: 3	:ok	:broadcast	6
2025-06-27 17:32:00,705{GMT}	INFO	[jepsen worker 4] jepsen.util: 4	:invoke	:broadcast	7
2025-06-27 17:32:00,708{GMT}	INFO	[jepsen worker 4] jepsen.util: 4	:ok	:broadcast	7
2025-06-27 17:32:00,848{GMT}	INFO	[jepsen worker 0] jepsen.util: 0	:invoke	:read	nil
2025-06-27 17:32:00,850{GMT}	INFO	[jepsen worker 0] jepsen.util: 0	:ok	:read	[0 2 3 4 6 7]
2025-06-27 17:32:00,895{GMT}	INFO	[jepsen worker 0] jepsen.util: 0	:invoke	:broadcast	8
2025-06-27 17:32:00,898{GMT}	INFO	[jepsen worker 0] jepsen.util: 0	:ok	:broadcast	8
2025-06-27 17:32:01,064{GMT}	INFO	[jepsen worker 1] jepsen.util: 1	:invoke	:broadcast	9
2025-06-27 17:32:01,067{GMT}	INFO	[jepsen worker 1] jepsen.util: 1	:ok	:broadcast	9
2025-06-27 17:32:01,253{GMT}	INFO	[jepsen worker 2] jepsen.util: 2	:invoke	:broadcast	10
2025-06-27 17:32:01,255{GMT}	INFO	[jepsen worker 2] jepsen.util: 2	:ok	:broadcast	10
2025-06-27 17:32:01,393{GMT}	INFO	[jepsen worker 3] jepsen.util: 3	:invoke	:broadcast	11
2025-06-27 17:32:01,395{GMT}	INFO	[jepsen worker 3] jepsen.util: 3	:ok	:broadcast	11
2025-06-27 17:32:01,500{GMT}	INFO	[jepsen worker 4] jepsen.util: 4	:invoke	:broadcast	12
2025-06-27 17:32:01,503{GMT}	INFO	[jepsen worker 4] jepsen.util: 4	:ok	:broadcast	12
2025-06-27 17:32:01,697{GMT}	INFO	[jepsen worker 0] jepsen.util: 0	:invoke	:read	nil
2025-06-27 17:32:01,700{GMT}	INFO	[jepsen worker 0] jepsen.util: 0	:ok	:read	[0 2 3 4 6 7 8 9 11 12]
2025-06-27 17:32:01,852{GMT}	INFO	[jepsen worker 0] jepsen.util: 0	:invoke	:read	nil
2025-06-27 17:32:01,855{GMT}	INFO	[jepsen worker 0] jepsen.util: 0	:ok	:read	[0 2 3 4 6 7 8 9 11 12]
2025-06-27 17:32:01,858{GMT}	INFO	[jepsen worker 1] jepsen.util: 1	:invoke	:read	nil
2025-06-27 17:32:01,861{GMT}	INFO	[jepsen worker 1] jepsen.util: 1	:ok	:read	[0 2 3 4 6 7 8 9 11 12]
2025-06-27 17:32:01,923{GMT}	INFO	[jepsen worker 2] jepsen.util: 2	:invoke	:read	nil
2025-06-27 17:32:01,926{GMT}	INFO	[jepsen worker 2] jepsen.util: 2	:ok	:read	[1 5 10]
2025-06-27 17:32:01,994{GMT}	INFO	[jepsen worker 3] jepsen.util: 3	:invoke	:read	nil
2025-06-27 17:32:01,996{GMT}	INFO	[jepsen worker 3] jepsen.util: 3	:ok	:read	[0 2 3 4 6 7 8 9 11 12]
2025-06-27 17:32:02,071{GMT}	INFO	[jepsen worker 4] jepsen.util: 4	:invoke	:read	nil
2025-06-27 17:32:02,072{GMT}	INFO	[jepsen worker 4] jepsen.util: 4	:ok	:read	[0 2 3 4 6 7 8 9 11 12]
2025-06-27 17:32:02,164{GMT}	INFO	[jepsen worker 0] jepsen.util: 0	:invoke	:read	nil
2025-06-27 17:32:02,165{GMT}	INFO	[jepsen worker 0] jepsen.util: 0	:ok	:read	[0 2 3 4 6 7 8 9 11 12]
2025-06-27 17:32:02,222{GMT}	INFO	[jepsen worker 0] jepsen.util: 0	:invoke	:read	nil
2025-06-27 17:32:02,224{GMT}	INFO	[jepsen worker 0] jepsen.util: 0	:ok	:read	[0 2 3 4 6 7 8 9 11 12]
2025-06-27 17:32:02,413{GMT}	INFO	[jepsen worker 1] jepsen.util: 1	:invoke	:read	nil
2025-06-27 17:32:02,415{GMT}	INFO	[jepsen worker 1] jepsen.util: 1	:ok	:read	[0 2 3 4 6 7 8 9 11 12]
2025-06-27 17:32:02,417{GMT}	INFO	[jepsen worker 2] jepsen.util: 2	:invoke	:broadcast	13
2025-06-27 17:32:02,418{GMT}	INFO	[jepsen worker 2] jepsen.util: 2	:ok	:broadcast	13
2025-06-27 17:32:02,588{GMT}	INFO	[jepsen worker 3] jepsen.util: 3	:invoke	:broadcast	14
2025-06-27 17:32:02,590{GMT}	INFO	[jepsen worker 3] jepsen.util: 3	:ok	:broadcast	14
2025-06-27 17:32:02,721{GMT}	INFO	[jepsen worker 4] jepsen.util: 4	:invoke	:read	nil
2025-06-27 17:32:02,725{GMT}	INFO	[jepsen worker 4] jepsen.util: 4	:ok	:read	[0 2 3 4 6 7 8 9 11 12 14]
2025-06-27 17:32:02,921{GMT}	INFO	[jepsen worker 0] jepsen.util: 0	:invoke	:broadcast	15
2025-06-27 17:32:02,923{GMT}	INFO	[jepsen worker 0] jepsen.util: 0	:ok	:broadcast	15
2025-06-27 17:32:03,082{GMT}	INFO	[jepsen worker 0] jepsen.util: 0	:invoke	:broadcast	16
2025-06-27 17:32:03,085{GMT}	INFO	[jepsen worker 0] jepsen.util: 0	:ok	:broadcast	16
2025-06-27 17:32:03,242{GMT}	INFO	[jepsen worker 1] jepsen.util: 1	:invoke	:read	nil
2025-06-27 17:32:03,244{GMT}	INFO	[jepsen worker 1] jepsen.util: 1	:ok	:read	[0 2 3 4 6 7 8 9 11 12 14 15 16]
2025-06-27 17:32:03,356{GMT}	INFO	[jepsen worker 2] jepsen.util: 2	:invoke	:read	nil
2025-06-27 17:32:03,357{GMT}	INFO	[jepsen worker 2] jepsen.util: 2	:ok	:read	[1 5 10 13]
2025-06-27 17:32:03,495{GMT}	INFO	[jepsen worker 3] jepsen.util: 3	:invoke	:read	nil
2025-06-27 17:32:03,496{GMT}	INFO	[jepsen worker 4] jepsen.util: 4	:invoke	:broadcast	17
2025-06-27 17:32:03,497{GMT}	INFO	[jepsen worker 4] jepsen.util: 4	:ok	:broadcast	17
2025-06-27 17:32:03,497{GMT}	INFO	[jepsen worker 3] jepsen.util: 3	:ok	:read	[0 2 3 4 6 7 8 9 11 12 14 15 16]
2025-06-27 17:32:03,571{GMT}	INFO	[jepsen worker 0] jepsen.util: 0	:invoke	:broadcast	18
2025-06-27 17:32:03,574{GMT}	INFO	[jepsen worker 0] jepsen.util: 0	:ok	:broadcast	18
2025-06-27 17:32:03,694{GMT}	INFO	[jepsen worker 0] jepsen.util: 0	:invoke	:read	nil
2025-06-27 17:32:03,697{GMT}	INFO	[jepsen worker 0] jepsen.util: 0	:ok	:read	[0 2 3 4 6 7 8 9 11 12 14 15 16 17 18]
2025-06-27 17:32:03,860{GMT}	INFO	[jepsen worker 1] jepsen.util: 1	:invoke	:read	nil
2025-06-27 17:32:03,863{GMT}	INFO	[jepsen worker 1] jepsen.util: 1	:ok	:read	[0 2 3 4 6 7 8 9 11 12 14 15 16 17 18]
2025-06-27 17:32:03,981{GMT}	INFO	[jepsen worker 2] jepsen.util: 2	:invoke	:broadcast	19
2025-06-27 17:32:03,984{GMT}	INFO	[jepsen worker 2] jepsen.util: 2	:ok	:broadcast	19
2025-06-27 17:32:04,022{GMT}	INFO	[jepsen worker 3] jepsen.util: 3	:invoke	:read	nil
2025-06-27 17:32:04,024{GMT}	INFO	[jepsen worker 3] jepsen.util: 3	:ok	:read	[0 2 3 4 6 7 8 9 11 12 14 15 16 17 18]
2025-06-27 17:32:04,181{GMT}	INFO	[jepsen worker 4] jepsen.util: 4	:invoke	:read	nil
2025-06-27 17:32:04,184{GMT}	INFO	[jepsen worker 4] jepsen.util: 4	:ok	:read	[0 2 3 4 6 7 8 9 11 12 14 15 16 17 18]
2025-06-27 17:32:04,188{GMT}	INFO	[jepsen worker 0] jepsen.util: 0	:invoke	:read	nil
2025-06-27 17:32:04,189{GMT}	INFO	[jepsen worker 0] jepsen.util: 0	:ok	:read	[0 2 3 4 6 7 8 9 11 12 14 15 16 17 18]
2025-06-27 17:32:04,336{GMT}	INFO	[jepsen worker 0] jepsen.util: 0	:invoke	:read	nil
2025-06-27 17:32:04,339{GMT}	INFO	[jepsen worker 0] jepsen.util: 0	:ok	:read	[0 2 3 4 6 7 8 9 11 12 14 15 16 17 18]
2025-06-27 17:32:04,487{GMT}	INFO	[jepsen worker 1] jepsen.util: 1	:invoke	:read	nil
2025-06-27 17:32:04,490{GMT}	INFO	[jepsen worker 1] jepsen.util: 1	:ok	:read	[0 2 3 4 6 7 8 9 11 12 14 15 16 17 18]
2025-06-27 17:32:04,527{GMT}	INFO	[jepsen worker 2] jepsen.util: 2	:invoke	:broadcast	20
2025-06-27 17:32:04,529{GMT}	INFO	[jepsen worker 2] jepsen.util: 2	:ok	:broadcast	20
2025-06-27 17:32:04,622{GMT}	INFO	[jepsen worker 3] jepsen.util: 3	:invoke	:broadcast	21
2025-06-27 17:32:04,626{GMT}	INFO	[jepsen worker 3] jepsen.util: 3	:ok	:broadcast	21
2025-06-27 17:32:04,776{GMT}	INFO	[jepsen worker 4] jepsen.util: 4	:invoke	:broadcast	22
2025-06-27 17:32:04,778{GMT}	INFO	[jepsen worker 4] jepsen.util: 4	:ok	:broadcast	22
2025-06-27 17:32:04,951{GMT}	INFO	[jepsen worker 0] jepsen.util: 0	:invoke	:broadcast	23
2025-06-27 17:32:04,954{GMT}	INFO	[jepsen worker 0] jepsen.util: 0	:ok	:broadcast	23
2025-06-27 17:32:05,076{GMT}	INFO	[jepsen worker 0] jepsen.util: 0	:invoke	:broadcast	24
2025-06-27 17:32:05,079{GMT}	INFO	[jepsen worker 0] jepsen.util: 0	:ok	:broadcast	24
2025-06-27 17:32:05,220{GMT}	INFO	[jepsen worker 1] jepsen.util: 1	:invoke	:broadcast	25
2025-06-27 17:32:05,222{GMT}	INFO	[jepsen worker 1] jepsen.util: 1	:ok	:broadcast	25
2025-06-27 17:32:05,249{GMT}	INFO	[jepsen worker 2] jepsen.util: 2	:invoke	:broadcast	26
2025-06-27 17:32:05,250{GMT}	INFO	[jepsen worker 2] jepsen.util: 2	:ok	:broadcast	26
2025-06-27 17:32:05,425{GMT}	INFO	[jepsen worker 3] jepsen.util: 3	:invoke	:broadcast	27
2025-06-27 17:32:05,427{GMT}	INFO	[jepsen worker 3] jepsen.util: 3	:ok	:broadcast	27
2025-06-27 17:32:05,441{GMT}	INFO	[jepsen worker 4] jepsen.util: 4	:invoke	:broadcast	28
2025-06-27 17:32:05,442{GMT}	INFO	[jepsen worker 4] jepsen.util: 4	:ok	:broadcast	28
2025-06-27 17:32:05,507{GMT}	INFO	[jepsen worker 0] jepsen.util: 0	:invoke	:read	nil
2025-06-27 17:32:05,508{GMT}	INFO	[jepsen worker 0] jepsen.util: 0	:ok	:read	[0 2 3 4 6 7 8 9 11 12 14 15 16 17 18 21 22 23 24 25 27 28]
2025-06-27 17:32:05,670{GMT}	INFO	[jepsen worker 0] jepsen.util: 0	:invoke	:read	nil
2025-06-27 17:32:05,673{GMT}	INFO	[jepsen worker 0] jepsen.util: 0	:ok	:read	[0 2 3 4 6 7 8 9 11 12 14 15 16 17 18 21 22 23 24 25 27 28]
2025-06-27 17:32:05,796{GMT}	INFO	[jepsen worker 1] jepsen.util: 1	:invoke	:broadcast	29
2025-06-27 17:32:05,798{GMT}	INFO	[jepsen worker 1] jepsen.util: 1	:ok	:broadcast	29
2025-06-27 17:32:05,855{GMT}	INFO	[jepsen worker 2] jepsen.util: 2	:invoke	:broadcast	30
2025-06-27 17:32:05,857{GMT}	INFO	[jepsen worker 2] jepsen.util: 2	:ok	:broadcast	30
2025-06-27 17:32:05,886{GMT}	INFO	[jepsen worker 3] jepsen.util: 3	:invoke	:broadcast	31
2025-06-27 17:32:05,888{GMT}	INFO	[jepsen worker 3] jepsen.util: 3	:ok	:broadcast	31
2025-06-27 17:32:06,020{GMT}	INFO	[jepsen worker 4] jepsen.util: 4	:invoke	:broadcast	32
2025-06-27 17:32:06,023{GMT}	INFO	[jepsen worker 4] jepsen.util: 4	:ok	:broadcast	32
2025-06-27 17:32:06,169{GMT}	INFO	[jepsen worker 0] jepsen.util: 0	:invoke	:broadcast	33
2025-06-27 17:32:06,171{GMT}	INFO	[jepsen worker 0] jepsen.util: 0	:ok	:broadcast	33
2025-06-27 17:32:06,269{GMT}	INFO	[jepsen worker 0] jepsen.util: 0	:invoke	:read	nil
2025-06-27 17:32:06,270{GMT}	INFO	[jepsen worker 0] jepsen.util: 0	:ok	:read	[0 2 3 4 6 7 8 9 11 12 14 15 16 17 18 21 22 23 24 25 27 28 29 31 32 33]
2025-06-27 17:32:06,436{GMT}	INFO	[jepsen worker 1] jepsen.util: 1	:invoke	:broadcast	34
2025-06-27 17:32:06,438{GMT}	INFO	[jepsen worker 1] jepsen.util: 1	:ok	:broadcast	34
2025-06-27 17:32:06,581{GMT}	INFO	[jepsen worker 2] jepsen.util: 2	:invoke	:broadcast	35
2025-06-27 17:32:06,583{GMT}	INFO	[jepsen worker 2] jepsen.util: 2	:ok	:broadcast	35
2025-06-27 17:32:06,755{GMT}	INFO	[jepsen worker 3] jepsen.util: 3	:invoke	:read	nil
2025-06-27 17:32:06,758{GMT}	INFO	[jepsen worker 3] jepsen.util: 3	:ok	:read	[0 2 3 4 6 7 8 9 11 12 14 15 16 17 18 21 22 23 24 25 27 28 29 31 32 33 34]
2025-06-27 17:32:06,924{GMT}	INFO	[jepsen worker 4] jepsen.util: 4	:invoke	:broadcast	36
2025-06-27 17:32:06,926{GMT}	INFO	[jepsen worker 4] jepsen.util: 4	:ok	:broadcast	36
2025-06-27 17:32:06,929{GMT}	INFO	[jepsen worker 0] jepsen.util: 0	:invoke	:broadcast	37
2025-06-27 17:32:06,931{GMT}	INFO	[jepsen worker 0] jepsen.util: 0	:ok	:broadcast	37
2025-06-27 17:32:07,097{GMT}	INFO	[jepsen worker 0] jepsen.util: 0	:invoke	:broadcast	38
2025-06-27 17:32:07,098{GMT}	INFO	[jepsen worker 0] jepsen.util: 0	:ok	:broadcast	38
2025-06-27 17:32:07,210{GMT}	INFO	[jepsen worker 1] jepsen.util: 1	:invoke	:read	nil
2025-06-27 17:32:07,211{GMT}	INFO	[jepsen worker 1] jepsen.util: 1	:ok	:read	[0 2 3 4 6 7 8 9 11 12 14 15 16 17 18 21 22 23 24 25 27 28 29 31 32 33 34 36 37 38]
2025-06-27 17:32:07,328{GMT}	INFO	[jepsen worker 2] jepsen.util: 2	:invoke	:broadcast	39
2025-06-27 17:32:07,330{GMT}	INFO	[jepsen worker 2] jepsen.util: 2	:ok	:broadcast	39
2025-06-27 17:32:07,456{GMT}	INFO	[jepsen worker 3] jepsen.util: 3	:invoke	:read	nil
2025-06-27 17:32:07,458{GMT}	INFO	[jepsen worker 3] jepsen.util: 3	:ok	:read	[0 2 3 4 6 7 8 9 11 12 14 15 16 17 18 21 22 23 24 25 27 28 29 31 32 33 34 36 37 38]
2025-06-27 17:32:07,550{GMT}	INFO	[jepsen worker 4] jepsen.util: 4	:invoke	:broadcast	40
2025-06-27 17:32:07,552{GMT}	INFO	[jepsen worker 4] jepsen.util: 4	:ok	:broadcast	40
2025-06-27 17:32:07,560{GMT}	INFO	[jepsen worker 0] jepsen.util: 0	:invoke	:broadcast	41
2025-06-27 17:32:07,561{GMT}	INFO	[jepsen worker 0] jepsen.util: 0	:ok	:broadcast	41
2025-06-27 17:32:07,629{GMT}	INFO	[jepsen worker 0] jepsen.util: 0	:invoke	:read	nil
2025-06-27 17:32:07,631{GMT}	INFO	[jepsen worker 0] jepsen.util: 0	:ok	:read	[0 2 3 4 6 7 8 9 11 12 14 15 16 17 18 21 22 23 24 25 27 28 29 31 32 33 34 36 37 38 40 41]
2025-06-27 17:32:07,631{GMT}	INFO	[jepsen worker 1] jepsen.util: 1	:invoke	:read	nil
2025-06-27 17:32:07,632{GMT}	INFO	[jepsen worker 1] jepsen.util: 1	:ok	:read	[0 2 3 4 6 7 8 9 11 12 14 15 16 17 18 21 22 23 24 25 27 28 29 31 32 33 34 36 37 38 40 41]
2025-06-27 17:32:07,738{GMT}	INFO	[jepsen worker 2] jepsen.util: 2	:invoke	:read	nil
2025-06-27 17:32:07,740{GMT}	INFO	[jepsen worker 2] jepsen.util: 2	:ok	:read	[1 5 10 13 19 20 26 30 35 39]
2025-06-27 17:32:07,820{GMT}	INFO	[jepsen worker 3] jepsen.util: 3	:invoke	:read	nil
2025-06-27 17:32:07,822{GMT}	INFO	[jepsen worker 3] jepsen.util: 3	:ok	:read	[0 2 3 4 6 7 8 9 11 12 14 15 16 17 18 21 22 23 24 25 27 28 29 31 32 33 34 36 37 38 40 41]
2025-06-27 17:32:07,896{GMT}	INFO	[jepsen worker 4] jepsen.util: 4	:invoke	:broadcast	42
2025-06-27 17:32:07,898{GMT}	INFO	[jepsen worker 4] jepsen.util: 4	:ok	:broadcast	42
2025-06-27 17:32:07,988{GMT}	INFO	[jepsen worker 0] jepsen.util: 0	:invoke	:read	nil
2025-06-27 17:32:07,990{GMT}	INFO	[jepsen worker 0] jepsen.util: 0	:ok	:read	[0 2 3 4 6 7 8 9 11 12 14 15 16 17 18 21 22 23 24 25 27 28 29 31 32 33 34 36 37 38 40 41 42]
2025-06-27 17:32:08,031{GMT}	INFO	[jepsen worker 0] jepsen.util: 0	:invoke	:read	nil
2025-06-27 17:32:08,033{GMT}	INFO	[jepsen worker 0] jepsen.util: 0	:ok	:read	[0 2 3 4 6 7 8 9 11 12 14 15 16 17 18 21 22 23 24 25 27 28 29 31 32 33 34 36 37 38 40 41 42]
2025-06-27 17:32:08,216{GMT}	INFO	[jepsen worker 1] jepsen.util: 1	:invoke	:read	nil
2025-06-27 17:32:08,219{GMT}	INFO	[jepsen worker 1] jepsen.util: 1	:ok	:read	[0 2 3 4 6 7 8 9 11 12 14 15 16 17 18 21 22 23 24 25 27 28 29 31 32 33 34 36 37 38 40 41 42]
2025-06-27 17:32:08,325{GMT}	INFO	[jepsen worker 2] jepsen.util: 2	:invoke	:read	nil
2025-06-27 17:32:08,326{GMT}	INFO	[jepsen worker 2] jepsen.util: 2	:ok	:read	[1 5 10 13 19 20 26 30 35 39]
2025-06-27 17:32:08,353{GMT}	INFO	[jepsen worker 3] jepsen.util: 3	:invoke	:read	nil
2025-06-27 17:32:08,356{GMT}	INFO	[jepsen worker 3] jepsen.util: 3	:ok	:read	[0 2 3 4 6 7 8 9 11 12 14 15 16 17 18 21 22 23 24 25 27 28 29 31 32 33 34 36 37 38 40 41 42]
2025-06-27 17:32:08,419{GMT}	INFO	[jepsen worker 4] jepsen.util: 4	:invoke	:read	nil
2025-06-27 17:32:08,421{GMT}	INFO	[jepsen worker 4] jepsen.util: 4	:ok	:read	[0 2 3 4 6 7 8 9 11 12 14 15 16 17 18 21 22 23 24 25 27 28 29 31 32 33 34 36 37 38 40 41 42]
2025-06-27 17:32:08,455{GMT}	INFO	[jepsen worker 0] jepsen.util: 0	:invoke	:broadcast	43
2025-06-27 17:32:08,456{GMT}	INFO	[jepsen worker 0] jepsen.util: 0	:ok	:broadcast	43
2025-06-27 17:32:08,591{GMT}	INFO	[jepsen worker 0] jepsen.util: 0	:invoke	:broadcast	44
2025-06-27 17:32:08,592{GMT}	INFO	[jepsen worker 0] jepsen.util: 0	:ok	:broadcast	44
2025-06-27 17:32:08,739{GMT}	INFO	[jepsen worker 1] jepsen.util: 1	:invoke	:broadcast	45
2025-06-27 17:32:08,741{GMT}	INFO	[jepsen worker 1] jepsen.util: 1	:ok	:broadcast	45
2025-06-27 17:32:08,938{GMT}	INFO	[jepsen worker 2] jepsen.util: 2	:invoke	:broadcast	46
2025-06-27 17:32:08,940{GMT}	INFO	[jepsen worker 2] jepsen.util: 2	:ok	:broadcast	46
2025-06-27 17:32:09,009{GMT}	INFO	[jepsen worker 3] jepsen.util: 3	:invoke	:read	nil
2025-06-27 17:32:09,011{GMT}	INFO	[jepsen worker 3] jepsen.util: 3	:ok	:read	[0 2 3 4 6 7 8 9 11 12 14 15 16 17 18 21 22 23 24 25 27 28 29 31 32 33 34 36 37 38 40 41 42 43 44 45]
2025-06-27 17:32:09,184{GMT}	INFO	[jepsen worker 4] jepsen.util: 4	:invoke	:broadcast	47
2025-06-27 17:32:09,185{GMT}	INFO	[jepsen worker 4] jepsen.util: 4	:ok	:broadcast	47
2025-06-27 17:32:09,379{GMT}	INFO	[jepsen worker 0] jepsen.util: 0	:invoke	:broadcast	48
2025-06-27 17:32:09,381{GMT}	INFO	[jepsen worker 0] jepsen.util: 0	:ok	:broadcast	48
2025-06-27 17:32:09,487{GMT}	INFO	[jepsen worker 0] jepsen.util: 0	:invoke	:broadcast	49
2025-06-27 17:32:09,489{GMT}	INFO	[jepsen worker 0] jepsen.util: 0	:ok	:broadcast	49
2025-06-27 17:32:09,538{GMT}	INFO	[jepsen worker 1] jepsen.util: 1	:invoke	:broadcast	50
2025-06-27 17:32:09,540{GMT}	INFO	[jepsen worker 1] jepsen.util: 1	:ok	:broadcast	50
2025-06-27 17:32:09,631{GMT}	INFO	[jepsen worker 2] jepsen.util: 2	:invoke	:broadcast	51
2025-06-27 17:32:09,631{GMT}	INFO	[jepsen worker 2] jepsen.util: 2	:ok	:broadcast	51
2025-06-27 17:32:09,812{GMT}	INFO	[jepsen worker 3] jepsen.util: 3	:invoke	:read	nil
2025-06-27 17:32:09,815{GMT}	INFO	[jepsen worker 3] jepsen.util: 3	:ok	:read	[0 2 3 4 6 7 8 9 11 12 14 15 16 17 18 21 22 23 24 25 27 28 29 31 32 33 34 36 37 38 40 41 42 43 44 45 47 48 49 50]
2025-06-27 17:32:09,971{GMT}	INFO	[jepsen worker 4] jepsen.util: 4	:invoke	:broadcast	52
2025-06-27 17:32:09,973{GMT}	INFO	[jepsen worker 4] jepsen.util: 4	:ok	:broadcast	52
2025-06-27 17:32:10,099{GMT}	INFO	[jepsen worker 0] jepsen.util: 0	:invoke	:broadcast	53
2025-06-27 17:32:10,101{GMT}	INFO	[jepsen worker 0] jepsen.util: 0	:ok	:broadcast	53
2025-06-27 17:32:10,108{GMT}	INFO	[jepsen worker 0] jepsen.util: 0	:invoke	:read	nil
2025-06-27 17:32:10,109{GMT}	INFO	[jepsen worker 0] jepsen.util: 0	:ok	:read	[0 2 3 4 6 7 8 9 11 12 14 15 16 17 18 21 22 23 24 25 27 28 29 31 32 33 34 36 37 38 40 41 42 43 44 45 47 48 49 50 52 53]
2025-06-27 17:32:10,116{GMT}	INFO	[jepsen worker 1] jepsen.util: 1	:invoke	:broadcast	54
2025-06-27 17:32:10,117{GMT}	INFO	[jepsen worker 1] jepsen.util: 1	:ok	:broadcast	54
2025-06-27 17:32:10,125{GMT}	INFO	[jepsen worker 2] jepsen.util: 2	:invoke	:broadcast	55
2025-06-27 17:32:10,126{GMT}	INFO	[jepsen worker 2] jepsen.util: 2	:ok	:broadcast	55
2025-06-27 17:32:10,228{GMT}	INFO	[jepsen worker 3] jepsen.util: 3	:invoke	:read	nil
2025-06-27 17:32:10,230{GMT}	INFO	[jepsen worker 3] jepsen.util: 3	:ok	:read	[0 2 3 4 6 7 8 9 11 12 14 15 16 17 18 21 22 23 24 25 27 28 29 31 32 33 34 36 37 38 40 41 42 43 44 45 47 48 49 50 52 53 54]
2025-06-27 17:32:10,380{GMT}	INFO	[jepsen worker 4] jepsen.util: 4	:invoke	:broadcast	56
2025-06-27 17:32:10,382{GMT}	INFO	[jepsen worker 4] jepsen.util: 4	:ok	:broadcast	56
2025-06-27 17:32:10,467{GMT}	INFO	[jepsen worker 0] jepsen.util: 0	:invoke	:read	nil
2025-06-27 17:32:10,469{GMT}	INFO	[jepsen worker 0] jepsen.util: 0	:ok	:read	[0 2 3 4 6 7 8 9 11 12 14 15 16 17 18 21 22 23 24 25 27 28 29 31 32 33 34 36 37 38 40 41 42 43 44 45 47 48 49 50 52 53 54 56]
2025-06-27 17:32:10,552{GMT}	INFO	[jepsen worker 0] jepsen.util: 0	:invoke	:read	nil
2025-06-27 17:32:10,554{GMT}	INFO	[jepsen worker 0] jepsen.util: 0	:ok	:read	[0 2 3 4 6 7 8 9 11 12 14 15 16 17 18 21 22 23 24 25 27 28 29 31 32 33 34 36 37 38 40 41 42 43 44 45 47 48 49 50 52 53 54 56]
2025-06-27 17:32:10,705{GMT}	INFO	[jepsen worker 1] jepsen.util: 1	:invoke	:read	nil
2025-06-27 17:32:10,707{GMT}	INFO	[jepsen worker 1] jepsen.util: 1	:ok	:read	[0 2 3 4 6 7 8 9 11 12 14 15 16 17 18 21 22 23 24 25 27 28 29 31 32 33 34 36 37 38 40 41 42 43 44 45 47 48 49 50 52 53 54 56]
2025-06-27 17:32:10,835{GMT}	INFO	[jepsen worker 2] jepsen.util: 2	:invoke	:read	nil
2025-06-27 17:32:10,837{GMT}	INFO	[jepsen worker 2] jepsen.util: 2	:ok	:read	[1 5 10 13 19 20 26 30 35 39 46 51 55]
2025-06-27 17:32:11,017{GMT}	INFO	[jepsen worker 3] jepsen.util: 3	:invoke	:read	nil
2025-06-27 17:32:11,019{GMT}	INFO	[jepsen worker 3] jepsen.util: 3	:ok	:read	[0 2 3 4 6 7 8 9 11 12 14 15 16 17 18 21 22 23 24 25 27 28 29 31 32 33 34 36 37 38 40 41 42 43 44 45 47 48 49 50 52 53 54 56]
2025-06-27 17:32:11,019{GMT}	INFO	[jepsen worker 4] jepsen.util: 4	:invoke	:read	nil
2025-06-27 17:32:11,021{GMT}	INFO	[jepsen worker 4] jepsen.util: 4	:ok	:read	[0 2 3 4 6 7 8 9 11 12 14 15 16 17 18 21 22 23 24 25 27 28 29 31 32 33 34 36 37 38 40 41 42 43 44 45 47 48 49 50 52 53 54 56]
2025-06-27 17:32:11,135{GMT}	INFO	[jepsen worker 0] jepsen.util: 0	:invoke	:read	nil
2025-06-27 17:32:11,138{GMT}	INFO	[jepsen worker 0] jepsen.util: 0	:ok	:read	[0 2 3 4 6 7 8 9 11 12 14 15 16 17 18 21 22 23 24 25 27 28 29 31 32 33 34 36 37 38 40 41 42 43 44 45 47 48 49 50 52 53 54 56]
2025-06-27 17:32:11,183{GMT}	INFO	[jepsen worker 0] jepsen.util: 0	:invoke	:read	nil
2025-06-27 17:32:11,184{GMT}	INFO	[jepsen worker 0] jepsen.util: 0	:ok	:read	[0 2 3 4 6 7 8 9 11 12 14 15 16 17 18 21 22 23 24 25 27 28 29 31 32 33 34 36 37 38 40 41 42 43 44 45 47 48 49 50 52 53 54 56]
2025-06-27 17:32:11,215{GMT}	INFO	[jepsen worker 1] jepsen.util: 1	:invoke	:read	nil
2025-06-27 17:32:11,216{GMT}	INFO	[jepsen worker 1] jepsen.util: 1	:ok	:read	[0 2 3 4 6 7 8 9 11 12 14 15 16 17 18 21 22 23 24 25 27 28 29 31 32 33 34 36 37 38 40 41 42 43 44 45 47 48 49 50 52 53 54 56]
2025-06-27 17:32:11,314{GMT}	INFO	[jepsen worker 2] jepsen.util: 2	:invoke	:broadcast	57
2025-06-27 17:32:11,315{GMT}	INFO	[jepsen worker 2] jepsen.util: 2	:ok	:broadcast	57
2025-06-27 17:32:11,407{GMT}	INFO	[jepsen worker 3] jepsen.util: 3	:invoke	:read	nil
2025-06-27 17:32:11,409{GMT}	INFO	[jepsen worker 3] jepsen.util: 3	:ok	:read	[0 2 3 4 6 7 8 9 11 12 14 15 16 17 18 21 22 23 24 25 27 28 29 31 32 33 34 36 37 38 40 41 42 43 44 45 47 48 49 50 52 53 54 56]
2025-06-27 17:32:11,460{GMT}	INFO	[jepsen worker 4] jepsen.util: 4	:invoke	:read	nil
2025-06-27 17:32:11,462{GMT}	INFO	[jepsen worker 4] jepsen.util: 4	:ok	:read	[0 2 3 4 6 7 8 9 11 12 14 15 16 17 18 21 22 23 24 25 27 28 29 31 32 33 34 36 37 38 40 41 42 43 44 45 47 48 49 50 52 53 54 56]
2025-06-27 17:32:11,571{GMT}	INFO	[jepsen worker 0] jepsen.util: 0	:invoke	:broadcast	58
2025-06-27 17:32:11,573{GMT}	INFO	[jepsen worker 0] jepsen.util: 0	:ok	:broadcast	58
2025-06-27 17:32:11,578{GMT}	INFO	[jepsen worker 0] jepsen.util: 0	:invoke	:read	nil
2025-06-27 17:32:11,579{GMT}	INFO	[jepsen worker 0] jepsen.util: 0	:ok	:read	[0 2 3 4 6 7 8 9 11 12 14 15 16 17 18 21 22 23 24 25 27 28 29 31 32 33 34 36 37 38 40 41 42 43 44 45 47 48 49 50 52 53 54 56 58]
2025-06-27 17:32:11,582{GMT}	INFO	[jepsen worker 1] jepsen.util: 1	:invoke	:broadcast	59
2025-06-27 17:32:11,583{GMT}	INFO	[jepsen worker 1] jepsen.util: 1	:ok	:broadcast	59
2025-06-27 17:32:11,742{GMT}	INFO	[jepsen worker 2] jepsen.util: 2	:invoke	:broadcast	60
2025-06-27 17:32:11,744{GMT}	INFO	[jepsen worker 2] jepsen.util: 2	:ok	:broadcast	60
2025-06-27 17:32:11,888{GMT}	INFO	[jepsen worker 3] jepsen.util: 3	:invoke	:read	nil
2025-06-27 17:32:11,890{GMT}	INFO	[jepsen worker 3] jepsen.util: 3	:ok	:read	[0 2 3 4 6 7 8 9 11 12 14 15 16 17 18 21 22 23 24 25 27 28 29 31 32 33 34 36 37 38 40 41 42 43 44 45 47 48 49 50 52 53 54 56 58 59]
2025-06-27 17:32:11,935{GMT}	INFO	[jepsen worker 4] jepsen.util: 4	:invoke	:read	nil
2025-06-27 17:32:11,936{GMT}	INFO	[jepsen worker 4] jepsen.util: 4	:ok	:read	[0 2 3 4 6 7 8 9 11 12 14 15 16 17 18 21 22 23 24 25 27 28 29 31 32 33 34 36 37 38 40 41 42 43 44 45 47 48 49 50 52 53 54 56 58 59]
2025-06-27 17:32:11,995{GMT}	INFO	[jepsen worker 0] jepsen.util: 0	:invoke	:read	nil
2025-06-27 17:32:11,996{GMT}	INFO	[jepsen worker 0] jepsen.util: 0	:ok	:read	[0 2 3 4 6 7 8 9 11 12 14 15 16 17 18 21 22 23 24 25 27 28 29 31 32 33 34 36 37 38 40 41 42 43 44 45 47 48 49 50 52 53 54 56 58 59]
2025-06-27 17:32:12,147{GMT}	INFO	[jepsen worker 0] jepsen.util: 0	:invoke	:read	nil
2025-06-27 17:32:12,147{GMT}	INFO	[jepsen worker 0] jepsen.util: 0	:ok	:read	[0 2 3 4 6 7 8 9 11 12 14 15 16 17 18 21 22 23 24 25 27 28 29 31 32 33 34 36 37 38 40 41 42 43 44 45 47 48 49 50 52 53 54 56 58 59]
2025-06-27 17:32:12,229{GMT}	INFO	[jepsen worker 1] jepsen.util: 1	:invoke	:broadcast	61
2025-06-27 17:32:12,230{GMT}	INFO	[jepsen worker 1] jepsen.util: 1	:ok	:broadcast	61
2025-06-27 17:32:12,387{GMT}	INFO	[jepsen worker 2] jepsen.util: 2	:invoke	:broadcast	62
2025-06-27 17:32:12,389{GMT}	INFO	[jepsen worker 2] jepsen.util: 2	:ok	:broadcast	62
2025-06-27 17:32:12,589{GMT}	INFO	[jepsen worker 3] jepsen.util: 3	:invoke	:broadcast	63
2025-06-27 17:32:12,591{GMT}	INFO	[jepsen worker 3] jepsen.util: 3	:ok	:broadcast	63
2025-06-27 17:32:12,722{GMT}	INFO	[jepsen worker nemesis] jepsen.util: :nemesis	:info	:stop-partition	nil
2025-06-27 17:32:12,722{GMT}	INFO	[jepsen worker nemesis] jepsen.util: :nemesis	:info	:stop-partition	:network-healed
2025-06-27 17:32:12,735{GMT}	INFO	[jepsen worker 0] jepsen.util: 0	:invoke	:broadcast	64
2025-06-27 17:32:12,737{GMT}	INFO	[jepsen worker 0] jepsen.util: 0	:ok	:broadcast	64
2025-06-27 17:32:12,805{GMT}	INFO	[jepsen worker 0] jepsen.util: 0	:invoke	:read	nil
2025-06-27 17:32:12,814{GMT}	INFO	[jepsen worker 0] jepsen.util: 0	:ok	:read	[0 2 3 4 6 7 8 9 11 12 14 15 16 17 18 21 22 23 24 25 27 28 29 31 32 33 34 36 37 38 40 41 42 43 44 45 47 48 49 50 52 53 54 56 58 59 61 63 64]
2025-06-27 17:32:12,853{GMT}	INFO	[jepsen worker 1] jepsen.util: 1	:invoke	:broadcast	65
2025-06-27 17:32:12,853{GMT}	INFO	[jepsen worker 1] jepsen.util: 1	:ok	:broadcast	65
2025-06-27 17:32:12,899{GMT}	INFO	[jepsen worker 2] jepsen.util: 2	:invoke	:read	nil
2025-06-27 17:32:12,899{GMT}	INFO	[jepsen worker 2] jepsen.util: 2	:ok	:read	[1 5 10 13 19 20 26 30 35 39 46 51 55 57 60 62 64 65]
2025-06-27 17:32:13,055{GMT}	INFO	[jepsen worker 3] jepsen.util: 3	:invoke	:broadcast	66
2025-06-27 17:32:13,057{GMT}	INFO	[jepsen worker 3] jepsen.util: 3	:ok	:broadcast	66
2025-06-27 17:32:13,095{GMT}	INFO	[jepsen worker 4] jepsen.util: 4	:invoke	:read	nil
2025-06-27 17:32:13,097{GMT}	INFO	[jepsen worker 4] jepsen.util: 4	:ok	:read	[0 2 3 4 6 7 8 9 11 12 14 15 16 17 18 21 22 23 24 25 27 28 29 31 32 33 34 36 37 38 40 41 42 43 44 45 47 48 49 50 52 53 54 56 58 59 61 63 64 65 66]
2025-06-27 17:32:13,226{GMT}	INFO	[jepsen worker 0] jepsen.util: 0	:invoke	:broadcast	67
2025-06-27 17:32:13,228{GMT}	INFO	[jepsen worker 0] jepsen.util: 0	:ok	:broadcast	67
2025-06-27 17:32:13,365{GMT}	INFO	[jepsen worker 0] jepsen.util: 0	:invoke	:broadcast	68
2025-06-27 17:32:13,367{GMT}	INFO	[jepsen worker 0] jepsen.util: 0	:ok	:broadcast	68
2025-06-27 17:32:13,539{GMT}	INFO	[jepsen worker 1] jepsen.util: 1	:invoke	:read	nil
2025-06-27 17:32:13,541{GMT}	INFO	[jepsen worker 1] jepsen.util: 1	:ok	:read	[0 2 3 4 6 7 8 9 11 12 14 15 16 17 18 21 22 23 24 25 27 28 29 31 32 33 34 36 37 38 40 41 42 43 44 45 47 48 49 50 52 53 54 56 58 59 61 63 64 65 66 67 68]
2025-06-27 17:32:13,588{GMT}	INFO	[jepsen worker 2] jepsen.util: 2	:invoke	:broadcast	69
2025-06-27 17:32:13,590{GMT}	INFO	[jepsen worker 2] jepsen.util: 2	:ok	:broadcast	69
2025-06-27 17:32:13,631{GMT}	INFO	[jepsen worker 3] jepsen.util: 3	:invoke	:read	nil
2025-06-27 17:32:13,633{GMT}	INFO	[jepsen worker 3] jepsen.util: 3	:ok	:read	[0 2 3 4 6 7 8 9 11 12 14 15 16 17 18 21 22 23 24 25 27 28 29 31 32 33 34 36 37 38 40 41 42 43 44 45 47 48 49 50 52 53 54 56 58 59 61 63 64 65 66 67 68 69]
2025-06-27 17:32:13,777{GMT}	INFO	[jepsen worker 4] jepsen.util: 4	:invoke	:broadcast	70
2025-06-27 17:32:13,778{GMT}	INFO	[jepsen worker 4] jepsen.util: 4	:ok	:broadcast	70
2025-06-27 17:32:13,816{GMT}	INFO	[jepsen worker 0] jepsen.util: 0	:invoke	:broadcast	71
2025-06-27 17:32:13,817{GMT}	INFO	[jepsen worker 0] jepsen.util: 0	:ok	:broadcast	71
2025-06-27 17:32:14,000{GMT}	INFO	[jepsen worker 0] jepsen.util: 0	:invoke	:read	nil
2025-06-27 17:32:14,002{GMT}	INFO	[jepsen worker 0] jepsen.util: 0	:ok	:read	[0 2 3 4 6 7 8 9 11 12 14 15 16 17 18 21 22 23 24 25 27 28 29 31 32 33 34 36 37 38 40 41 42 43 44 45 47 48 49 50 52 53 54 56 58 59 61 63 64 65 66 67 68 69 70 71]
2025-06-27 17:32:14,059{GMT}	INFO	[jepsen worker 1] jepsen.util: 1	:invoke	:broadcast	72
2025-06-27 17:32:14,060{GMT}	INFO	[jepsen worker 1] jepsen.util: 1	:ok	:broadcast	72
2025-06-27 17:32:14,194{GMT}	INFO	[jepsen worker 2] jepsen.util: 2	:invoke	:broadcast	73
2025-06-27 17:32:14,196{GMT}	INFO	[jepsen worker 2] jepsen.util: 2	:ok	:broadcast	73
2025-06-27 17:32:14,276{GMT}	INFO	[jepsen worker 3] jepsen.util: 3	:invoke	:broadcast	74
2025-06-27 17:32:14,278{GMT}	INFO	[jepsen worker 3] jepsen.util: 3	:ok	:broadcast	74
2025-06-27 17:32:14,391{GMT}	INFO	[jepsen worker 4] jepsen.util: 4	:invoke	:broadcast	75
2025-06-27 17:32:14,393{GMT}	INFO	[jepsen worker 4] jepsen.util: 4	:ok	:broadcast	75
2025-06-27 17:32:14,448{GMT}	INFO	[jepsen worker 0] jepsen.util: 0	:invoke	:read	nil
2025-06-27 17:32:14,450{GMT}	INFO	[jepsen worker 0] jepsen.util: 0	:ok	:read	[0 2 3 4 6 7 8 9 11 12 14 15 16 17 18 21 22 23 24 25 27 28 29 31 32 33 34 36 37 38 40 41 42 43 44 45 47 48 49 50 52 53 54 56 58 59 61 63 64 65 66 67 68 69 70 71 72 73 74 75]
2025-06-27 17:32:14,604{GMT}	INFO	[jepsen worker 0] jepsen.util: 0	:invoke	:read	nil
2025-06-27 17:32:14,606{GMT}	INFO	[jepsen worker 0] jepsen.util: 0	:ok	:read	[0 2 3 4 6 7 8 9 11 12 14 15 16 17 18 21 22 23 24 25 27 28 29 31 32 33 34 36 37 38 40 41 42 43 44 45 47 48 49 50 52 53 54 56 58 59 61 63 64 65 66 67 68 69 70 71 72 73 74 75]
2025-06-27 17:32:14,688{GMT}	INFO	[jepsen worker 1] jepsen.util: 1	:invoke	:read	nil
2025-06-27 17:32:14,689{GMT}	INFO	[jepsen worker 1] jepsen.util: 1	:ok	:read	[0 2 3 4 6 7 8 9 11 12 14 15 16 17 18 21 22 23 24 25 27 28 29 31 32 33 34 36 37 38 40 41 42 43 44 45 47 48 49 50 52 53 54 56 58 59 61 63 64 65 66 67 68 69 70 71 72 73 74 75]
2025-06-27 17:32:14,785{GMT}	INFO	[jepsen worker 2] jepsen.util: 2	:invoke	:read	nil
2025-06-27 17:32:14,787{GMT}	INFO	[jepsen worker 2] jepsen.util: 2	:ok	:read	[1 5 10 13 19 20 26 30 35 39 46 51 55 57 60 62 64 65 66 67 68 69 70 71 72 73 74 75]
2025-06-27 17:32:14,802{GMT}	INFO	[jepsen worker 3] jepsen.util: 3	:invoke	:broadcast	76
2025-06-27 17:32:14,803{GMT}	INFO	[jepsen worker 3] jepsen.util: 3	:ok	:broadcast	76
2025-06-27 17:32:14,884{GMT}	INFO	[jepsen worker 4] jepsen.util: 4	:invoke	:broadcast	77
2025-06-27 17:32:14,885{GMT}	INFO	[jepsen worker 4] jepsen.util: 4	:ok	:broadcast	77
2025-06-27 17:32:14,943{GMT}	INFO	[jepsen worker 0] jepsen.util: 0	:invoke	:broadcast	78
2025-06-27 17:32:14,944{GMT}	INFO	[jepsen worker 0] jepsen.util: 0	:ok	:broadcast	78
2025-06-27 17:32:15,004{GMT}	INFO	[jepsen worker 0] jepsen.util: 0	:invoke	:broadcast	79
2025-06-27 17:32:15,005{GMT}	INFO	[jepsen worker 0] jepsen.util: 0	:ok	:broadcast	79
2025-06-27 17:32:15,092{GMT}	INFO	[jepsen worker 1] jepsen.util: 1	:invoke	:read	nil
2025-06-27 17:32:15,093{GMT}	INFO	[jepsen worker 1] jepsen.util: 1	:ok	:read	[0 2 3 4 6 7 8 9 11 12 14 15 16 17 18 21 22 23 24 25 27 28 29 31 32 33 34 36 37 38 40 41 42 43 44 45 47 48 49 50 52 53 54 56 58 59 61 63 64 65 66 67 68 69 70 71 72 73 74 75 76 77 78 79]
2025-06-27 17:32:15,221{GMT}	INFO	[jepsen worker 2] jepsen.util: 2	:invoke	:broadcast	80
2025-06-27 17:32:15,223{GMT}	INFO	[jepsen worker 2] jepsen.util: 2	:ok	:broadcast	80
2025-06-27 17:32:15,238{GMT}	INFO	[jepsen worker 3] jepsen.util: 3	:invoke	:broadcast	81
2025-06-27 17:32:15,239{GMT}	INFO	[jepsen worker 3] jepsen.util: 3	:ok	:broadcast	81
2025-06-27 17:32:15,279{GMT}	INFO	[jepsen worker 4] jepsen.util: 4	:invoke	:read	nil
2025-06-27 17:32:15,280{GMT}	INFO	[jepsen worker 4] jepsen.util: 4	:ok	:read	[0 2 3 4 6 7 8 9 11 12 14 15 16 17 18 21 22 23 24 25 27 28 29 31 32 33 34 36 37 38 40 41 42 43 44 45 47 48 49 50 52 53 54 56 58 59 61 63 64 65 66 67 68 69 70 71 72 73 74 75 76 77 78 79 80 81]
2025-06-27 17:32:15,464{GMT}	INFO	[jepsen worker 0] jepsen.util: 0	:invoke	:broadcast	82
2025-06-27 17:32:15,464{GMT}	INFO	[jepsen worker 0] jepsen.util: 0	:ok	:broadcast	82
2025-06-27 17:32:15,629{GMT}	INFO	[jepsen worker 0] jepsen.util: 0	:invoke	:read	nil
2025-06-27 17:32:15,632{GMT}	INFO	[jepsen worker 0] jepsen.util: 0	:ok	:read	[0 2 3 4 6 7 8 9 11 12 14 15 16 17 18 21 22 23 24 25 27 28 29 31 32 33 34 36 37 38 40 41 42 43 44 45 47 48 49 50 52 53 54 56 58 59 61 63 64 65 66 67 68 69 70 71 72 73 74 75 76 77 78 79 80 81 82]
2025-06-27 17:32:15,666{GMT}	INFO	[jepsen worker 1] jepsen.util: 1	:invoke	:broadcast	83
2025-06-27 17:32:15,667{GMT}	INFO	[jepsen worker 1] jepsen.util: 1	:ok	:broadcast	83
2025-06-27 17:32:15,792{GMT}	INFO	[jepsen worker 2] jepsen.util: 2	:invoke	:broadcast	84
2025-06-27 17:32:15,794{GMT}	INFO	[jepsen worker 2] jepsen.util: 2	:ok	:broadcast	84
2025-06-27 17:32:15,980{GMT}	INFO	[jepsen worker 3] jepsen.util: 3	:invoke	:broadcast	85
2025-06-27 17:32:15,982{GMT}	INFO	[jepsen worker 3] jepsen.util: 3	:ok	:broadcast	85
2025-06-27 17:32:16,053{GMT}	INFO	[jepsen worker 4] jepsen.util: 4	:invoke	:read	nil
2025-06-27 17:32:16,055{GMT}	INFO	[jepsen worker 4] jepsen.util: 4	:ok	:read	[0 2 3 4 6 7 8 9 11 12 14 15 16 17 18 21 22 23 24 25 27 28 29 31 32 33 34 36 37 38 40 41 42 43 44 45 47 48 49 50 52 53 54 56 58 59 61 63 64 65 66 67 68 69 70 71 72 73 74 75 76 77 78 79 80 81 82 83 84 85]
2025-06-27 17:32:16,092{GMT}	INFO	[jepsen worker 0] jepsen.util: 0	:invoke	:read	nil
2025-06-27 17:32:16,093{GMT}	INFO	[jepsen worker 0] jepsen.util: 0	:ok	:read	[0 2 3 4 6 7 8 9 11 12 14 15 16 17 18 21 22 23 24 25 27 28 29 31 32 33 34 36 37 38 40 41 42 43 44 45 47 48 49 50 52 53 54 56 58 59 61 63 64 65 66 67 68 69 70 71 72 73 74 75 76 77 78 79 80 81 82 83 84 85]
2025-06-27 17:32:16,121{GMT}	INFO	[jepsen worker 0] jepsen.util: 0	:invoke	:broadcast	86
2025-06-27 17:32:16,122{GMT}	INFO	[jepsen worker 0] jepsen.util: 0	:ok	:broadcast	86
2025-06-27 17:32:16,298{GMT}	INFO	[jepsen worker 1] jepsen.util: 1	:invoke	:broadcast	87
2025-06-27 17:32:16,300{GMT}	INFO	[jepsen worker 1] jepsen.util: 1	:ok	:broadcast	87
2025-06-27 17:32:16,365{GMT}	INFO	[jepsen worker 2] jepsen.util: 2	:invoke	:broadcast	88
2025-06-27 17:32:16,366{GMT}	INFO	[jepsen worker 2] jepsen.util: 2	:ok	:broadcast	88
2025-06-27 17:32:16,490{GMT}	INFO	[jepsen worker 3] jepsen.util: 3	:invoke	:read	nil
2025-06-27 17:32:16,492{GMT}	INFO	[jepsen worker 3] jepsen.util: 3	:ok	:read	[0 2 3 4 6 7 8 9 11 12 14 15 16 17 18 21 22 23 24 25 27 28 29 31 32 33 34 36 37 38 40 41 42 43 44 45 47 48 49 50 52 53 54 56 58 59 61 63 64 65 66 67 68 69 70 71 72 73 74 75 76 77 78 79 80 81 82 83 84 85 86 87 88]
2025-06-27 17:32:16,683{GMT}	INFO	[jepsen worker 4] jepsen.util: 4	:invoke	:broadcast	89
2025-06-27 17:32:16,685{GMT}	INFO	[jepsen worker 4] jepsen.util: 4	:ok	:broadcast	89
2025-06-27 17:32:16,719{GMT}	INFO	[jepsen worker 0] jepsen.util: 0	:invoke	:broadcast	90
2025-06-27 17:32:16,720{GMT}	INFO	[jepsen worker 0] jepsen.util: 0	:ok	:broadcast	90
2025-06-27 17:32:16,838{GMT}	INFO	[jepsen worker 0] jepsen.util: 0	:invoke	:broadcast	91
2025-06-27 17:32:16,839{GMT}	INFO	[jepsen worker 0] jepsen.util: 0	:ok	:broadcast	91
2025-06-27 17:32:16,992{GMT}	INFO	[jepsen worker 1] jepsen.util: 1	:invoke	:broadcast	92
2025-06-27 17:32:16,994{GMT}	INFO	[jepsen worker 1] jepsen.util: 1	:ok	:broadcast	92
2025-06-27 17:32:17,141{GMT}	INFO	[jepsen worker 2] jepsen.util: 2	:invoke	:broadcast	93
2025-06-27 17:32:17,142{GMT}	INFO	[jepsen worker 2] jepsen.util: 2	:ok	:broadcast	93
2025-06-27 17:32:17,148{GMT}	INFO	[jepsen worker 3] jepsen.util: 3	:invoke	:read	nil
2025-06-27 17:32:17,148{GMT}	INFO	[jepsen worker 3] jepsen.util: 3	:ok	:read	[0 2 3 4 6 7 8 9 11 12 14 15 16 17 18 21 22 23 24 25 27 28 29 31 32 33 34 36 37 38 40 41 42 43 44 45 47 48 49 50 52 53 54 56 58 59 61 63 64 65 66 67 68 69 70 71 72 73 74 75 76 77 78 79 80 81 82 83 84 85 86 87 88 89 90 91 92 93]
2025-06-27 17:32:17,284{GMT}	INFO	[jepsen worker 4] jepsen.util: 4	:invoke	:read	nil
2025-06-27 17:32:17,285{GMT}	INFO	[jepsen worker 4] jepsen.util: 4	:ok	:read	[0 2 3 4 6 7 8 9 11 12 14 15 16 17 18 21 22 23 24 25 27 28 29 31 32 33 34 36 37 38 40 41 42 43 44 45 47 48 49 50 52 53 54 56 58 59 61 63 64 65 66 67 68 69 70 71 72 73 74 75 76 77 78 79 80 81 82 83 84 85 86 87 88 89 90 91 92 93]
2025-06-27 17:32:17,470{GMT}	INFO	[jepsen worker 0] jepsen.util: 0	:invoke	:read	nil
2025-06-27 17:32:17,472{GMT}	INFO	[jepsen worker 0] jepsen.util: 0	:ok	:read	[0 2 3 4 6 7 8 9 11 12 14 15 16 17 18 21 22 23 24 25 27 28 29 31 32 33 34 36 37 38 40 41 42 43 44 45 47 48 49 50 52 53 54 56 58 59 61 63 64 65 66 67 68 69 70 71 72 73 74 75 76 77 78 79 80 81 82 83 84 85 86 87 88 89 90 91 92 93]
2025-06-27 17:32:17,671{GMT}	INFO	[jepsen worker 0] jepsen.util: 0	:invoke	:read	nil
2025-06-27 17:32:17,673{GMT}	INFO	[jepsen worker 0] jepsen.util: 0	:ok	:read	[0 2 3 4 6 7 8 9 11 12 14 15 16 17 18 21 22 23 24 25 27 28 29 31 32 33 34 36 37 38 40 41 42 43 44 45 47 48 49 50 52 53 54 56 58 59 61 63 64 65 66 67 68 69 70 71 72 73 74 75 76 77 78 79 80 81 82 83 84 85 86 87 88 89 90 91 92 93]
2025-06-27 17:32:17,783{GMT}	INFO	[jepsen worker 1] jepsen.util: 1	:invoke	:read	nil
2025-06-27 17:32:17,784{GMT}	INFO	[jepsen worker 1] jepsen.util: 1	:ok	:read	[0 2 3 4 6 7 8 9 11 12 14 15 16 17 18 21 22 23 24 25 27 28 29 31 32 33 34 36 37 38 40 41 42 43 44 45 47 48 49 50 52 53 54 56 58 59 61 63 64 65 66 67 68 69 70 71 72 73 74 75 76 77 78 79 80 81 82 83 84 85 86 87 88 89 90 91 92 93]
2025-06-27 17:32:17,892{GMT}	INFO	[jepsen worker 2] jepsen.util: 2	:invoke	:broadcast	94
2025-06-27 17:32:17,894{GMT}	INFO	[jepsen worker 2] jepsen.util: 2	:ok	:broadcast	94
2025-06-27 17:32:17,940{GMT}	INFO	[jepsen worker 3] jepsen.util: 3	:invoke	:read	nil
2025-06-27 17:32:17,943{GMT}	INFO	[jepsen worker 3] jepsen.util: 3	:ok	:read	[0 2 3 4 6 7 8 9 11 12 14 15 16 17 18 21 22 23 24 25 27 28 29 31 32 33 34 36 37 38 40 41 42 43 44 45 47 48 49 50 52 53 54 56 58 59 61 63 64 65 66 67 68 69 70 71 72 73 74 75 76 77 78 79 80 81 82 83 84 85 86 87 88 89 90 91 92 93 94]
2025-06-27 17:32:18,127{GMT}	INFO	[jepsen worker 4] jepsen.util: 4	:invoke	:read	nil
2025-06-27 17:32:18,129{GMT}	INFO	[jepsen worker 4] jepsen.util: 4	:ok	:read	[0 2 3 4 6 7 8 9 11 12 14 15 16 17 18 21 22 23 24 25 27 28 29 31 32 33 34 36 37 38 40 41 42 43 44 45 47 48 49 50 52 53 54 56 58 59 61 63 64 65 66 67 68 69 70 71 72 73 74 75 76 77 78 79 80 81 82 83 84 85 86 87 88 89 90 91 92 93 94]
2025-06-27 17:32:18,305{GMT}	INFO	[jepsen worker 0] jepsen.util: 0	:invoke	:broadcast	95
2025-06-27 17:32:18,306{GMT}	INFO	[jepsen worker 0] jepsen.util: 0	:ok	:broadcast	95
2025-06-27 17:32:18,319{GMT}	INFO	[jepsen worker 0] jepsen.util: 0	:invoke	:read	nil
2025-06-27 17:32:18,320{GMT}	INFO	[jepsen worker 0] jepsen.util: 0	:ok	:read	[0 2 3 4 6 7 8 9 11 12 14 15 16 17 18 21 22 23 24 25 27 28 29 31 32 33 34 36 37 38 40 41 42 43 44 45 47 48 49 50 52 53 54 56 58 59 61 63 64 65 66 67 68 69 70 71 72 73 74 75 76 77 78 79 80 81 82 83 84 85 86 87 88 89 90 91 92 93 94 95]
2025-06-27 17:32:18,427{GMT}	INFO	[jepsen worker 1] jepsen.util: 1	:invoke	:read	nil
2025-06-27 17:32:18,429{GMT}	INFO	[jepsen worker 1] jepsen.util: 1	:ok	:read	[0 2 3 4 6 7 8 9 11 12 14 15 16 17 18 21 22 23 24 25 27 28 29 31 32 33 34 36 37 38 40 41 42 43 44 45 47 48 49 50 52 53 54 56 58 59 61 63 64 65 66 67 68 69 70 71 72 73 74 75 76 77 78 79 80 81 82 83 84 85 86 87 88 89 90 91 92 93 94 95]
2025-06-27 17:32:18,429{GMT}	INFO	[jepsen worker nemesis] jepsen.util: :nemesis	:info	:stop-partition	nil
2025-06-27 17:32:18,430{GMT}	INFO	[jepsen worker nemesis] jepsen.util: :nemesis	:info	:stop-partition	:network-healed
2025-06-27 17:32:18,430{GMT}	INFO	[jepsen worker 3] jepsen.generator.interpreter: Waiting for recovery...
2025-06-27 17:32:28,442{GMT}	INFO	[jepsen worker 0] jepsen.util: 0	:invoke	:read	nil
2025-06-27 17:32:28,442{GMT}	INFO	[jepsen worker 3] jepsen.util: 3	:invoke	:read	nil
2025-06-27 17:32:28,442{GMT}	INFO	[jepsen worker 4] jepsen.util: 4	:invoke	:read	nil
2025-06-27 17:32:28,442{GMT}	INFO	[jepsen worker 2] jepsen.util: 2	:invoke	:read	nil
2025-06-27 17:32:28,442{GMT}	INFO	[jepsen worker 1] jepsen.util: 1	:invoke	:read	nil
2025-06-27 17:32:28,445{GMT}	INFO	[jepsen worker 2] jepsen.util: 2	:ok	:read	[1 5 10 13 19 20 26 30 35 39 46 51 55 57 60 62 64 65 66 67 68 69 70 71 72 73 74 75 76 77 78 79 80 81 82 83 84 85 86 87 88 89 90 91 92 93 94 95]
2025-06-27 17:32:28,445{GMT}	INFO	[jepsen worker 0] jepsen.util: 0	:ok	:read	[0 2 3 4 6 7 8 9 11 12 14 15 16 17 18 21 22 23 24 25 27 28 29 31 32 33 34 36 37 38 40 41 42 43 44 45 47 48 49 50 52 53 54 56 58 59 61 63 64 65 66 67 68 69 70 71 72 73 74 75 76 77 78 79 80 81 82 83 84 85 86 87 88 89 90 91 92 93 94 95]
2025-06-27 17:32:28,445{GMT}	INFO	[jepsen worker 4] jepsen.util: 4	:ok	:read	[0 2 3 4 6 7 8 9 11 12 14 15 16 17 18 21 22 23 24 25 27 28 29 31 32 33 34 36 37 38 40 41 42 43 44 45 47 48 49 50 52 53 54 56 58 59 61 63 64 65 66 67 68 69 70 71 72 73 74 75 76 77 78 79 80 81 82 83 84 85 86 87 88 89 90 91 92 93 94 95]
2025-06-27 17:32:28,445{GMT}	INFO	[jepsen worker 1] jepsen.util: 1	:ok	:read	[0 2 3 4 6 7 8 9 11 12 14 15 16 17 18 21 22 23 24 25 27 28 29 31 32 33 34 36 37 38 40 41 42 43 44 45 47 48 49 50 52 53 54 56 58 59 61 63 64 65 66 67 68 69 70 71 72 73 74 75 76 77 78 79 80 81 82 83 84 85 86 87 88 89 90 91 92 93 94 95]
2025-06-27 17:32:28,445{GMT}	INFO	[jepsen worker 3] jepsen.util: 3	:ok	:read	[0 2 3 4 6 7 8 9 11 12 14 15 16 17 18 21 22 23 24 25 27 28 29 31 32 33 34 36 37 38 40 41 42 43 44 45 47 48 49 50 52 53 54 56 58 59 61 63 64 65 66 67 68 69 70 71 72 73 74 75 76 77 78 79 80 81 82 83 84 85 86 87 88 89 90 91 92 93 94 95]
2025-06-27 17:32:28,478{GMT}	INFO	[jepsen test runner] jepsen.core: Run complete, writing
2025-06-27 17:32:28,537{GMT}	INFO	[jepsen node n2] maelstrom.db: Tearing down n2
2025-06-27 17:32:28,537{GMT}	INFO	[jepsen node n1] maelstrom.db: Tearing down n1
2025-06-27 17:32:28,537{GMT}	INFO	[jepsen node n3] maelstrom.db: Tearing down n3
2025-06-27 17:32:28,537{GMT}	INFO	[jepsen node n4] maelstrom.db: Tearing down n4
2025-06-27 17:32:28,537{GMT}	INFO	[jepsen node n0] maelstrom.db: Tearing down n0
2025-06-27 17:32:29,963{GMT}	INFO	[jepsen node n0] maelstrom.net: Shutting down Maelstrom network
2025-06-27 17:32:29,968{GMT}	INFO	[jepsen test runner] jepsen.core: Analyzing...
2025-06-27 17:32:31,180{GMT}	INFO	[jepsen test runner] jepsen.core: Analysis complete
2025-06-27 17:32:31,207{GMT}	INFO	[jepsen results] jepsen.store: Wrote /Users/anandtrehan/flyio_challenges/maelstrom/store/broadcast/20250627T173156.525-0400/results.edn
2025-06-27 17:32:31,230{GMT}	INFO	[jepsen test runner] jepsen.core: {:perf {:latency-graph {:valid? true},
        :rate-graph {:valid? true},
        :valid? true},
 :timeline {:valid? true},
 :exceptions {:valid? true},
 :stats {:valid? true,
         :count 197,
         :ok-count 197,
         :fail-count 0,
         :info-count 0,
         :by-f {:broadcast {:valid? true,
                            :count 96,
                            :ok-count 96,
                            :fail-count 0,
                            :info-count 0},
                :read {:valid? true,
                       :count 101,
                       :ok-count 101,
                       :fail-count 0,
                       :info-count 0}}},
 :availability {:valid? true, :ok-fraction 1.0},
 :net {:all {:send-count 1790,
             :recv-count 1630,
             :msg-count 1790,
             :msgs-per-op 9.086294},
       :clients {:send-count 414, :recv-count 414, :msg-count 414},
       :servers {:send-count 1376,
                 :recv-count 1216,
                 :msg-count 1376,
                 :msgs-per-op 6.9847717},
       :valid? true},
 :workload {:worst-stale ({:element 0,
                           :outcome :stable,
                           :stable-latency 29448,
                           :lost-latency nil,
                           :known #jepsen.history.Op{:index 13,
                                                     :time 562269250,
                                                     :type :ok,
                                                     :process 0,
                                                     :f :add,
                                                     :value 0},
                           :last-absent #jepsen.history.Op{:index 391,
                                                           :time 30010844125,
                                                           :type :invoke,
                                                           :process 2,
                                                           :f :read,
                                                           :value nil,
                                                           :final? true}}
                          {:element 2,
                           :outcome :stable,
                           :stable-latency 29135,
                           :lost-latency nil,
                           :known #jepsen.history.Op{:index 19,
                                                     :time 875594667,
                                                     :type :ok,
                                                     :process 3,
                                                     :f :add,
                                                     :value 2},
                           :last-absent #jepsen.history.Op{:index 391,
                                                           :time 30010844125,
                                                           :type :invoke,
                                                           :process 2,
                                                           :f :read,
                                                           :value nil,
                                                           :final? true}}
                          {:element 3,
                           :outcome :stable,
                           :stable-latency 29028,
                           :lost-latency nil,
                           :known #jepsen.history.Op{:index 25,
                                                     :time 982721792,
                                                     :type :ok,
                                                     :process 0,
                                                     :f :add,
                                                     :value 3},
                           :last-absent #jepsen.history.Op{:index 391,
                                                           :time 30010844125,
                                                           :type :invoke,
                                                           :process 2,
                                                           :f :read,
                                                           :value nil,
                                                           :final? true}}
                          {:element 4,
                           :outcome :stable,
                           :stable-latency 28854,
                           :lost-latency nil,
                           :known #jepsen.history.Op{:index 27,
                                                     :time 1156571292,
                                                     :type :ok,
                                                     :process 1,
                                                     :f :add,
                                                     :value 4},
                           :last-absent #jepsen.history.Op{:index 391,
                                                           :time 30010844125,
                                                           :type :invoke,
                                                           :process 2,
                                                           :f :read,
                                                           :value nil,
                                                           :final? true}}
                          {:element 6,
                           :outcome :stable,
                           :stable-latency 27930,
                           :lost-latency nil,
                           :known #jepsen.history.Op{:index 43,
                                                     :time 2080595833,
                                                     :type :ok,
                                                     :process 3,
                                                     :f :add,
                                                     :value 6},
                           :last-absent #jepsen.history.Op{:index 391,
                                                           :time 30010844125,
                                                           :type :invoke,
                                                           :process 2,
                                                           :f :read,
                                                           :value nil,
                                                           :final? true}}
                          {:element 7,
                           :outcome :stable,
                           :stable-latency 27733,
                           :lost-latency nil,
                           :known #jepsen.history.Op{:index 45,
                                                     :time 2277087208,
                                                     :type :ok,
                                                     :process 4,
                                                     :f :add,
                                                     :value 7},
                           :last-absent #jepsen.history.Op{:index 391,
                                                           :time 30010844125,
                                                           :type :invoke,
                                                           :process 2,
                                                           :f :read,
                                                           :value nil,
                                                           :final? true}}
                          {:element 8,
                           :outcome :stable,
                           :stable-latency 27543,
                           :lost-latency nil,
                           :known #jepsen.history.Op{:index 49,
                                                     :time 2466988167,
                                                     :type :ok,
                                                     :process 0,
                                                     :f :add,
                                                     :value 8},
                           :last-absent #jepsen.history.Op{:index 391,
                                                           :time 30010844125,
                                                           :type :invoke,
                                                           :process 2,
                                                           :f :read,
                                                           :value nil,
                                                           :final? true}}
                          {:element 9,
                           :outcome :stable,
                           :stable-latency 27374,
                           :lost-latency nil,
                           :known #jepsen.history.Op{:index 51,
                                                     :time 2636070125,
                                                     :type :ok,
                                                     :process 1,
                                                     :f :add,
                                                     :value 9},
                           :last-absent #jepsen.history.Op{:index 391,
                                                           :time 30010844125,
                                                           :type :invoke,
                                                           :process 2,
                                                           :f :read,
                                                           :value nil,
                                                           :final? true}}),
            :duplicated-count 0,
            :valid? false,
            :lost-count 16,
            :lost (1 5 10 13 19 20 26 30 35 39 46 51 55 57 60 62),
            :stable-count 80,
            :stale-count 48,
            :stale (0
                    2
                    3
                    4
                    6
                    7
                    8
                    9
                    11
                    12
                    14
                    15
                    16
                    17
                    18
                    21
                    22
                    23
                    24
                    25
                    27
                    28
                    29
                    31
                    32
                    33
                    34
                    36
                    37
                    38
                    40
                    41
                    42
                    43
                    44
                    45
                    47
                    48
                    49
                    50
                    52
                    53
                    54
                    56
                    58
                    59
                    61
                    63),
            :never-read-count 0,
            :stable-latencies {0 0,
                               0.5 18901,
                               0.95 28854,
                               0.99 29448,
                               1 29448},
            :attempt-count 96,
            :lost-latencies {0 16052,
                             0.5 22584,
                             0.95 29197,
                             0.99 29197,
                             1 29197},
            :never-read (),
            :duplicated {}},
 :valid? false}


Analysis invalid! ( 
