2025/06/29 18:28:32 Received {c4 n1 {"type":"init","node_id":"n1","node_ids":["n0","n1","n2","n3","n4"],"msg_id":1}}
2025/06/29 18:28:32 Node n1 initialized
2025/06/29 18:28:32 Sent {"src":"n1","dest":"c4","body":{"in_reply_to":1,"type":"init_ok"}}
2025/06/29 18:28:32 Received {c6 n1 {"type":"topology","topology":{"n0":["n3","n1"],"n1":["n4","n2","n0"],"n2":["n1"],"n3":["n0","n4"],"n4":["n1","n3"]},"msg_id":1}}
2025/06/29 18:28:32 Sent {"src":"n1","dest":"c6","body":{"in_reply_to":1,"type":"topology_ok"}}
2025/06/29 18:28:32 Received {c10 n1 {"type":"read","msg_id":1}}
2025/06/29 18:28:32 Sent {"src":"n1","dest":"c10","body":{"in_reply_to":1,"messages":[],"type":"read_ok"}}
2025/06/29 18:28:33 Received {c10 n1 {"type":"broadcast","message":2,"msg_id":2}}
2025/06/29 18:28:33 Sent {"src":"n1","dest":"c10","body":{"in_reply_to":2,"type":"broadcast_ok"}}
2025/06/29 18:28:34 Received {c10 n1 {"type":"read","msg_id":3}}
2025/06/29 18:28:34 Sent {"src":"n1","dest":"c10","body":{"in_reply_to":3,"messages":[2],"type":"read_ok"}}
2025/06/29 18:28:34 Received {c10 n1 {"type":"broadcast","message":10,"msg_id":4}}
2025/06/29 18:28:34 Sent {"src":"n1","dest":"c10","body":{"in_reply_to":4,"type":"broadcast_ok"}}
2025/06/29 18:28:35 Received {c10 n1 {"type":"read","msg_id":5}}
2025/06/29 18:28:35 Sent {"src":"n1","dest":"c10","body":{"in_reply_to":5,"messages":[2,10],"type":"read_ok"}}
2025/06/29 18:28:35 Received {c10 n1 {"type":"broadcast","message":18,"msg_id":6}}
2025/06/29 18:28:35 Sent {"src":"n1","dest":"c10","body":{"in_reply_to":6,"type":"broadcast_ok"}}
2025/06/29 18:28:36 Received {c10 n1 {"type":"broadcast","message":21,"msg_id":7}}
2025/06/29 18:28:36 Sent {"src":"n1","dest":"c10","body":{"in_reply_to":7,"type":"broadcast_ok"}}
2025/06/29 18:28:37 Received {c10 n1 {"type":"read","msg_id":8}}
2025/06/29 18:28:37 Sent {"src":"n1","dest":"c10","body":{"in_reply_to":8,"messages":[2,10,18,21],"type":"read_ok"}}
2025/06/29 18:28:37 Received {c10 n1 {"type":"read","msg_id":9}}
2025/06/29 18:28:37 Sent {"src":"n1","dest":"c10","body":{"in_reply_to":9,"messages":[2,10,18,21],"type":"read_ok"}}
2025/06/29 18:28:38 Received {c10 n1 {"type":"read","msg_id":10}}
2025/06/29 18:28:38 Sent {"src":"n1","dest":"c10","body":{"in_reply_to":10,"messages":[2,10,18,21],"type":"read_ok"}}
2025/06/29 18:28:38 Received {c10 n1 {"type":"broadcast","message":30,"msg_id":11}}
2025/06/29 18:28:38 Sent {"src":"n1","dest":"c10","body":{"in_reply_to":11,"type":"broadcast_ok"}}
2025/06/29 18:28:39 Received {c10 n1 {"type":"read","msg_id":12}}
2025/06/29 18:28:39 Sent {"src":"n1","dest":"c10","body":{"in_reply_to":12,"messages":[2,10,18,21,30],"type":"read_ok"}}
2025/06/29 18:28:40 Received {c10 n1 {"type":"broadcast","message":35,"msg_id":13}}
2025/06/29 18:28:40 Sent {"src":"n1","dest":"c10","body":{"in_reply_to":13,"type":"broadcast_ok"}}
2025/06/29 18:28:41 Received {c10 n1 {"type":"read","msg_id":14}}
2025/06/29 18:28:41 Sent {"src":"n1","dest":"c10","body":{"in_reply_to":14,"messages":[2,10,18,21,30,35],"type":"read_ok"}}
2025/06/29 18:28:41 Received {c10 n1 {"type":"broadcast","message":44,"msg_id":15}}
2025/06/29 18:28:41 Sent {"src":"n1","dest":"c10","body":{"in_reply_to":15,"type":"broadcast_ok"}}
2025/06/29 18:28:42 Received {c10 n1 {"type":"read","msg_id":16}}
2025/06/29 18:28:42 Sent {"src":"n1","dest":"c10","body":{"in_reply_to":16,"messages":[2,10,18,21,30,35,44],"type":"read_ok"}}
2025/06/29 18:28:42 Received {c10 n1 {"type":"broadcast","message":51,"msg_id":17}}
2025/06/29 18:28:42 Sent {"src":"n1","dest":"c10","body":{"in_reply_to":17,"type":"broadcast_ok"}}
2025/06/29 18:28:43 Received {c10 n1 {"type":"broadcast","message":53,"msg_id":18}}
2025/06/29 18:28:43 Sent {"src":"n1","dest":"c10","body":{"in_reply_to":18,"type":"broadcast_ok"}}
2025/06/29 18:28:44 Received {c10 n1 {"type":"read","msg_id":19}}
2025/06/29 18:28:44 Sent {"src":"n1","dest":"c10","body":{"in_reply_to":19,"messages":[2,10,18,21,30,35,44,51,53],"type":"read_ok"}}
2025/06/29 18:28:44 Received {c10 n1 {"type":"read","msg_id":20}}
2025/06/29 18:28:44 Sent {"src":"n1","dest":"c10","body":{"in_reply_to":20,"messages":[2,10,18,21,30,35,44,51,53],"type":"read_ok"}}
2025/06/29 18:28:45 Received {c10 n1 {"type":"broadcast","message":64,"msg_id":21}}
2025/06/29 18:28:45 Sent {"src":"n1","dest":"c10","body":{"in_reply_to":21,"type":"broadcast_ok"}}
2025/06/29 18:28:46 Received {c10 n1 {"type":"broadcast","message":66,"msg_id":22}}
2025/06/29 18:28:46 Sent {"src":"n1","dest":"c10","body":{"in_reply_to":22,"type":"broadcast_ok"}}
2025/06/29 18:28:46 Received {c10 n1 {"type":"broadcast","message":69,"msg_id":23}}
2025/06/29 18:28:46 Sent {"src":"n1","dest":"c10","body":{"in_reply_to":23,"type":"broadcast_ok"}}
2025/06/29 18:28:47 Received {c10 n1 {"type":"broadcast","message":73,"msg_id":24}}
2025/06/29 18:28:47 Sent {"src":"n1","dest":"c10","body":{"in_reply_to":24,"type":"broadcast_ok"}}
2025/06/29 18:28:47 Received {c10 n1 {"type":"read","msg_id":25}}
2025/06/29 18:28:47 Sent {"src":"n1","dest":"c10","body":{"in_reply_to":25,"messages":[2,10,18,21,30,35,44,51,53,64,66,69,73],"type":"read_ok"}}
2025/06/29 18:28:48 Received {c10 n1 {"type":"broadcast","message":77,"msg_id":26}}
2025/06/29 18:28:48 Sent {"src":"n1","dest":"c10","body":{"in_reply_to":26,"type":"broadcast_ok"}}
2025/06/29 18:28:49 Received {c10 n1 {"type":"read","msg_id":27}}
2025/06/29 18:28:49 Sent {"src":"n1","dest":"c10","body":{"in_reply_to":27,"messages":[2,10,18,21,30,35,44,51,53,64,66,69,73,77],"type":"read_ok"}}
2025/06/29 18:28:49 Received {c10 n1 {"type":"read","msg_id":28}}
2025/06/29 18:28:49 Sent {"src":"n1","dest":"c10","body":{"in_reply_to":28,"messages":[2,10,18,21,30,35,44,51,53,64,66,69,73,77],"type":"read_ok"}}
2025/06/29 18:28:50 Received {c10 n1 {"type":"read","msg_id":29}}
2025/06/29 18:28:50 Sent {"src":"n1","dest":"c10","body":{"in_reply_to":29,"messages":[2,10,18,21,30,35,44,51,53,64,66,69,73,77],"type":"read_ok"}}
2025/06/29 18:28:50 Received {c10 n1 {"type":"read","msg_id":30}}
2025/06/29 18:28:50 Sent {"src":"n1","dest":"c10","body":{"in_reply_to":30,"messages":[2,10,18,21,30,35,44,51,53,64,66,69,73,77],"type":"read_ok"}}
2025/06/29 18:28:50 Received {c10 n1 {"type":"broadcast","message":89,"msg_id":31}}
2025/06/29 18:28:50 Sent {"src":"n1","dest":"c10","body":{"in_reply_to":31,"type":"broadcast_ok"}}
2025/06/29 18:28:51 Received {c10 n1 {"type":"broadcast","message":91,"msg_id":32}}
2025/06/29 18:28:51 Sent {"src":"n1","dest":"c10","body":{"in_reply_to":32,"type":"broadcast_ok"}}
2025/06/29 18:28:51 Received {c10 n1 {"type":"read","msg_id":33}}
2025/06/29 18:28:51 Sent {"src":"n1","dest":"c10","body":{"in_reply_to":33,"messages":[2,10,18,21,30,35,44,51,53,64,66,69,73,77,89,91],"type":"read_ok"}}
2025/06/29 18:28:52 Received {c10 n1 {"type":"read","msg_id":34}}
2025/06/29 18:28:52 Sent {"src":"n1","dest":"c10","body":{"in_reply_to":34,"messages":[2,10,18,21,30,35,44,51,53,64,66,69,73,77,89,91],"type":"read_ok"}}
2025/06/29 18:28:52 Received {c10 n1 {"type":"broadcast","message":99,"msg_id":35}}
2025/06/29 18:28:52 Sent {"src":"n1","dest":"c10","body":{"in_reply_to":35,"type":"broadcast_ok"}}
2025/06/29 18:29:02 Received {c10 n1 {"type":"read","msg_id":36}}
2025/06/29 18:29:02 Sent {"src":"n1","dest":"c10","body":{"in_reply_to":36,"messages":[2,10,18,21,30,35,44,51,53,64,66,69,73,77,89,91,99],"type":"read_ok"}}
