2025/06/29 18:28:32 Received {c0 n2 {"type":"init","node_id":"n2","node_ids":["n0","n1","n2","n3","n4"],"msg_id":1}}
2025/06/29 18:28:32 Node n2 initialized
2025/06/29 18:28:32 Sent {"src":"n2","dest":"c0","body":{"in_reply_to":1,"type":"init_ok"}}
2025/06/29 18:28:32 Received {c7 n2 {"type":"topology","topology":{"n0":["n3","n1"],"n1":["n4","n2","n0"],"n2":["n1"],"n3":["n0","n4"],"n4":["n1","n3"]},"msg_id":1}}
2025/06/29 18:28:32 Sent {"src":"n2","dest":"c7","body":{"in_reply_to":1,"type":"topology_ok"}}
2025/06/29 18:28:32 Received {c11 n2 {"type":"read","msg_id":1}}
2025/06/29 18:28:32 Sent {"src":"n2","dest":"c11","body":{"in_reply_to":1,"messages":[],"type":"read_ok"}}
2025/06/29 18:28:33 Received {c11 n2 {"type":"broadcast","message":3,"msg_id":2}}
2025/06/29 18:28:33 Sent {"src":"n2","dest":"c11","body":{"in_reply_to":2,"type":"broadcast_ok"}}
2025/06/29 18:28:34 Received {c11 n2 {"type":"read","msg_id":3}}
2025/06/29 18:28:34 Sent {"src":"n2","dest":"c11","body":{"in_reply_to":3,"messages":[3],"type":"read_ok"}}
2025/06/29 18:28:34 Received {c11 n2 {"type":"read","msg_id":4}}
2025/06/29 18:28:34 Sent {"src":"n2","dest":"c11","body":{"in_reply_to":4,"messages":[3],"type":"read_ok"}}
2025/06/29 18:28:35 Received {c11 n2 {"type":"broadcast","message":15,"msg_id":5}}
2025/06/29 18:28:35 Sent {"src":"n2","dest":"c11","body":{"in_reply_to":5,"type":"broadcast_ok"}}
2025/06/29 18:28:36 Received {c11 n2 {"type":"read","msg_id":6}}
2025/06/29 18:28:36 Sent {"src":"n2","dest":"c11","body":{"in_reply_to":6,"messages":[3,15],"type":"read_ok"}}
2025/06/29 18:28:36 Received {c11 n2 {"type":"read","msg_id":7}}
2025/06/29 18:28:36 Sent {"src":"n2","dest":"c11","body":{"in_reply_to":7,"messages":[3,15],"type":"read_ok"}}
2025/06/29 18:28:37 Received {c11 n2 {"type":"broadcast","message":23,"msg_id":8}}
2025/06/29 18:28:37 Sent {"src":"n2","dest":"c11","body":{"in_reply_to":8,"type":"broadcast_ok"}}
2025/06/29 18:28:37 Received {c11 n2 {"type":"broadcast","message":26,"msg_id":9}}
2025/06/29 18:28:37 Sent {"src":"n2","dest":"c11","body":{"in_reply_to":9,"type":"broadcast_ok"}}
2025/06/29 18:28:38 Received {c11 n2 {"type":"read","msg_id":10}}
2025/06/29 18:28:38 Sent {"src":"n2","dest":"c11","body":{"in_reply_to":10,"messages":[3,15,23,26],"type":"read_ok"}}
2025/06/29 18:28:39 Received {c11 n2 {"type":"read","msg_id":11}}
2025/06/29 18:28:39 Sent {"src":"n2","dest":"c11","body":{"in_reply_to":11,"messages":[3,15,23,26],"type":"read_ok"}}
2025/06/29 18:28:39 Received {c11 n2 {"type":"broadcast","message":34,"msg_id":12}}
2025/06/29 18:28:39 Sent {"src":"n2","dest":"c11","body":{"in_reply_to":12,"type":"broadcast_ok"}}
2025/06/29 18:28:40 Received {c11 n2 {"type":"broadcast","message":36,"msg_id":13}}
2025/06/29 18:28:40 Sent {"src":"n2","dest":"c11","body":{"in_reply_to":13,"type":"broadcast_ok"}}
2025/06/29 18:28:41 Received {c11 n2 {"type":"broadcast","message":41,"msg_id":14}}
2025/06/29 18:28:41 Sent {"src":"n2","dest":"c11","body":{"in_reply_to":14,"type":"broadcast_ok"}}
2025/06/29 18:28:41 Received {c11 n2 {"type":"broadcast","message":45,"msg_id":15}}
2025/06/29 18:28:41 Sent {"src":"n2","dest":"c11","body":{"in_reply_to":15,"type":"broadcast_ok"}}
2025/06/29 18:28:42 Received {c11 n2 {"type":"broadcast","message":48,"msg_id":16}}
2025/06/29 18:28:42 Sent {"src":"n2","dest":"c11","body":{"in_reply_to":16,"type":"broadcast_ok"}}
2025/06/29 18:28:42 Received {c11 n2 {"type":"broadcast","message":52,"msg_id":17}}
2025/06/29 18:28:42 Sent {"src":"n2","dest":"c11","body":{"in_reply_to":17,"type":"broadcast_ok"}}
2025/06/29 18:28:43 Received {c11 n2 {"type":"read","msg_id":18}}
2025/06/29 18:28:43 Sent {"src":"n2","dest":"c11","body":{"in_reply_to":18,"messages":[3,15,23,26,34,36,41,45,48,52],"type":"read_ok"}}
2025/06/29 18:28:44 Received {c11 n2 {"type":"broadcast","message":58,"msg_id":19}}
2025/06/29 18:28:44 Sent {"src":"n2","dest":"c11","body":{"in_reply_to":19,"type":"broadcast_ok"}}
2025/06/29 18:28:45 Received {c11 n2 {"type":"broadcast","message":62,"msg_id":20}}
2025/06/29 18:28:45 Sent {"src":"n2","dest":"c11","body":{"in_reply_to":20,"type":"broadcast_ok"}}
2025/06/29 18:28:45 Received {c11 n2 {"type":"broadcast","message":65,"msg_id":21}}
2025/06/29 18:28:45 Sent {"src":"n2","dest":"c11","body":{"in_reply_to":21,"type":"broadcast_ok"}}
2025/06/29 18:28:46 Received {c11 n2 {"type":"read","msg_id":22}}
2025/06/29 18:28:46 Sent {"src":"n2","dest":"c11","body":{"in_reply_to":22,"messages":[3,15,23,26,34,36,41,45,48,52,58,62,65],"type":"read_ok"}}
2025/06/29 18:28:46 Received {c11 n2 {"type":"broadcast","message":70,"msg_id":23}}
2025/06/29 18:28:46 Sent {"src":"n2","dest":"c11","body":{"in_reply_to":23,"type":"broadcast_ok"}}
2025/06/29 18:28:47 Received {c11 n2 {"type":"broadcast","message":74,"msg_id":24}}
2025/06/29 18:28:47 Sent {"src":"n2","dest":"c11","body":{"in_reply_to":24,"type":"broadcast_ok"}}
2025/06/29 18:28:47 Received {c11 n2 {"type":"read","msg_id":25}}
2025/06/29 18:28:47 Sent {"src":"n2","dest":"c11","body":{"in_reply_to":25,"messages":[3,15,23,26,34,36,41,45,48,52,58,62,65,70,74],"type":"read_ok"}}
2025/06/29 18:28:48 Received {c11 n2 {"type":"broadcast","message":78,"msg_id":26}}
2025/06/29 18:28:48 Sent {"src":"n2","dest":"c11","body":{"in_reply_to":26,"type":"broadcast_ok"}}
2025/06/29 18:28:49 Received {c11 n2 {"type":"broadcast","message":81,"msg_id":27}}
2025/06/29 18:28:49 Sent {"src":"n2","dest":"c11","body":{"in_reply_to":27,"type":"broadcast_ok"}}
2025/06/29 18:28:49 Received {c11 n2 {"type":"read","msg_id":28}}
2025/06/29 18:28:49 Sent {"src":"n2","dest":"c11","body":{"in_reply_to":28,"messages":[3,15,23,26,34,36,41,45,48,52,58,62,65,70,74,78,81],"type":"read_ok"}}
2025/06/29 18:28:50 Received {c11 n2 {"type":"broadcast","message":85,"msg_id":29}}
2025/06/29 18:28:50 Sent {"src":"n2","dest":"c11","body":{"in_reply_to":29,"type":"broadcast_ok"}}
2025/06/29 18:28:50 Received {c11 n2 {"type":"read","msg_id":30}}
2025/06/29 18:28:50 Sent {"src":"n2","dest":"c11","body":{"in_reply_to":30,"messages":[3,15,23,26,34,36,41,45,48,52,58,62,65,70,74,78,81,85],"type":"read_ok"}}
2025/06/29 18:28:51 Received {c11 n2 {"type":"read","msg_id":31}}
2025/06/29 18:28:51 Sent {"src":"n2","dest":"c11","body":{"in_reply_to":31,"messages":[3,15,23,26,34,36,41,45,48,52,58,62,65,70,74,78,81,85],"type":"read_ok"}}
2025/06/29 18:28:51 Received {c11 n2 {"type":"broadcast","message":93,"msg_id":32}}
2025/06/29 18:28:51 Sent {"src":"n2","dest":"c11","body":{"in_reply_to":32,"type":"broadcast_ok"}}
2025/06/29 18:28:52 Received {c11 n2 {"type":"read","msg_id":33}}
2025/06/29 18:28:52 Sent {"src":"n2","dest":"c11","body":{"in_reply_to":33,"messages":[3,15,23,26,34,36,41,45,48,52,58,62,65,70,74,78,81,85,93],"type":"read_ok"}}
2025/06/29 18:29:02 Received {c11 n2 {"type":"read","msg_id":34}}
2025/06/29 18:29:02 Sent {"src":"n2","dest":"c11","body":{"in_reply_to":34,"messages":[3,15,23,26,34,36,41,45,48,52,58,62,65,70,74,78,81,85,93],"type":"read_ok"}}
