2025/06/29 18:28:32 Received {c2 n4 {"type":"init","node_id":"n4","node_ids":["n0","n1","n2","n3","n4"],"msg_id":1}}
2025/06/29 18:28:32 Node n4 initialized
2025/06/29 18:28:32 Sent {"src":"n4","dest":"c2","body":{"in_reply_to":1,"type":"init_ok"}}
2025/06/29 18:28:32 Received {c9 n4 {"type":"topology","topology":{"n0":["n3","n1"],"n1":["n4","n2","n0"],"n2":["n1"],"n3":["n0","n4"],"n4":["n1","n3"]},"msg_id":1}}
2025/06/29 18:28:32 Sent {"src":"n4","dest":"c9","body":{"in_reply_to":1,"type":"topology_ok"}}
2025/06/29 18:28:33 Received {c13 n4 {"type":"broadcast","message":0,"msg_id":1}}
2025/06/29 18:28:33 Sent {"src":"n4","dest":"c13","body":{"in_reply_to":1,"type":"broadcast_ok"}}
2025/06/29 18:28:33 Sent {"src":"n4","dest":"n1","body":{"messages":[0],"msg_id":2,"type":"broadcast"}}
2025/06/29 18:28:33 Sent {"src":"n4","dest":"n3","body":{"messages":[0],"msg_id":1,"type":"broadcast"}}
2025/06/29 18:28:33 Received {c13 n4 {"type":"read","msg_id":2}}
2025/06/29 18:28:33 Sent {"src":"n4","dest":"c13","body":{"in_reply_to":2,"messages":[0],"type":"read_ok"}}
2025/06/29 18:28:34 Received {c13 n4 {"type":"broadcast","message":8,"msg_id":3}}
2025/06/29 18:28:34 Sent {"src":"n4","dest":"c13","body":{"in_reply_to":3,"type":"broadcast_ok"}}
2025/06/29 18:28:34 Received {c13 n4 {"type":"broadcast","message":12,"msg_id":4}}
2025/06/29 18:28:34 Sent {"src":"n4","dest":"c13","body":{"in_reply_to":4,"type":"broadcast_ok"}}
2025/06/29 18:28:35 Received {c13 n4 {"type":"read","msg_id":5}}
2025/06/29 18:28:35 Sent {"src":"n4","dest":"c13","body":{"in_reply_to":5,"messages":[0,8,12],"type":"read_ok"}}
2025/06/29 18:28:36 Received {c13 n4 {"type":"broadcast","message":19,"msg_id":6}}
2025/06/29 18:28:36 Sent {"src":"n4","dest":"c13","body":{"in_reply_to":6,"type":"broadcast_ok"}}
2025/06/29 18:28:37 Received {c13 n4 {"type":"read","msg_id":7}}
2025/06/29 18:28:37 Sent {"src":"n4","dest":"c13","body":{"in_reply_to":7,"messages":[0,8,12,19],"type":"read_ok"}}
2025/06/29 18:28:37 Received {c13 n4 {"type":"read","msg_id":8}}
2025/06/29 18:28:37 Sent {"src":"n4","dest":"c13","body":{"in_reply_to":8,"messages":[0,8,12,19],"type":"read_ok"}}
2025/06/29 18:28:38 Received {c13 n4 {"type":"read","msg_id":9}}
2025/06/29 18:28:38 Sent {"src":"n4","dest":"c13","body":{"in_reply_to":9,"messages":[0,8,12,19],"type":"read_ok"}}
2025/06/29 18:28:38 Received {c13 n4 {"type":"broadcast","message":28,"msg_id":10}}
2025/06/29 18:28:38 Sent {"src":"n4","dest":"c13","body":{"in_reply_to":10,"type":"broadcast_ok"}}
2025/06/29 18:28:39 Received {c13 n4 {"type":"broadcast","message":32,"msg_id":11}}
2025/06/29 18:28:39 Sent {"src":"n4","dest":"c13","body":{"in_reply_to":11,"type":"broadcast_ok"}}
2025/06/29 18:28:39 Received {c13 n4 {"type":"read","msg_id":12}}
2025/06/29 18:28:39 Sent {"src":"n4","dest":"c13","body":{"in_reply_to":12,"messages":[0,8,12,19,28,32],"type":"read_ok"}}
2025/06/29 18:28:40 Received {c13 n4 {"type":"broadcast","message":38,"msg_id":13}}
2025/06/29 18:28:40 Sent {"src":"n4","dest":"c13","body":{"in_reply_to":13,"type":"broadcast_ok"}}
2025/06/29 18:28:41 Received {c13 n4 {"type":"read","msg_id":14}}
2025/06/29 18:28:41 Sent {"src":"n4","dest":"c13","body":{"in_reply_to":14,"messages":[0,8,12,19,28,32,38],"type":"read_ok"}}
2025/06/29 18:28:41 Received {c13 n4 {"type":"broadcast","message":46,"msg_id":15}}
2025/06/29 18:28:41 Sent {"src":"n4","dest":"c13","body":{"in_reply_to":15,"type":"broadcast_ok"}}
2025/06/29 18:28:42 Received {c13 n4 {"type":"broadcast","message":50,"msg_id":16}}
2025/06/29 18:28:42 Sent {"src":"n4","dest":"c13","body":{"in_reply_to":16,"type":"broadcast_ok"}}
2025/06/29 18:28:43 Received {c13 n4 {"type":"read","msg_id":17}}
2025/06/29 18:28:43 Sent {"src":"n4","dest":"c13","body":{"in_reply_to":17,"messages":[0,8,12,19,28,32,38,46,50],"type":"read_ok"}}
2025/06/29 18:28:43 Received {c13 n4 {"type":"broadcast","message":55,"msg_id":18}}
2025/06/29 18:28:43 Sent {"src":"n4","dest":"c13","body":{"in_reply_to":18,"type":"broadcast_ok"}}
2025/06/29 18:28:44 Received {c13 n4 {"type":"broadcast","message":60,"msg_id":19}}
2025/06/29 18:28:44 Sent {"src":"n4","dest":"c13","body":{"in_reply_to":19,"type":"broadcast_ok"}}
2025/06/29 18:28:45 Received {c13 n4 {"type":"read","msg_id":20}}
2025/06/29 18:28:45 Sent {"src":"n4","dest":"c13","body":{"in_reply_to":20,"messages":[0,8,12,19,28,32,38,46,50,55,60],"type":"read_ok"}}
2025/06/29 18:28:46 Received {c13 n4 {"type":"read","msg_id":21}}
2025/06/29 18:28:46 Sent {"src":"n4","dest":"c13","body":{"in_reply_to":21,"messages":[0,8,12,19,28,32,38,46,50,55,60],"type":"read_ok"}}
2025/06/29 18:28:46 Received {c13 n4 {"type":"broadcast","message":67,"msg_id":22}}
2025/06/29 18:28:46 Sent {"src":"n4","dest":"c13","body":{"in_reply_to":22,"type":"broadcast_ok"}}
2025/06/29 18:28:46 Received {c13 n4 {"type":"broadcast","message":71,"msg_id":23}}
2025/06/29 18:28:46 Sent {"src":"n4","dest":"c13","body":{"in_reply_to":23,"type":"broadcast_ok"}}
2025/06/29 18:28:47 Received {c13 n4 {"type":"read","msg_id":24}}
2025/06/29 18:28:47 Sent {"src":"n4","dest":"c13","body":{"in_reply_to":24,"messages":[0,8,12,19,28,32,38,46,50,55,60,67,71],"type":"read_ok"}}
2025/06/29 18:28:48 Received {c13 n4 {"type":"read","msg_id":25}}
2025/06/29 18:28:48 Sent {"src":"n4","dest":"c13","body":{"in_reply_to":25,"messages":[0,8,12,19,28,32,38,46,50,55,60,67,71],"type":"read_ok"}}
2025/06/29 18:28:48 Received {c13 n4 {"type":"broadcast","message":79,"msg_id":26}}
2025/06/29 18:28:48 Sent {"src":"n4","dest":"c13","body":{"in_reply_to":26,"type":"broadcast_ok"}}
2025/06/29 18:28:49 Received {c13 n4 {"type":"read","msg_id":27}}
2025/06/29 18:28:49 Sent {"src":"n4","dest":"c13","body":{"in_reply_to":27,"messages":[0,8,12,19,28,32,38,46,50,55,60,67,71,79],"type":"read_ok"}}
2025/06/29 18:28:50 Received {c13 n4 {"type":"read","msg_id":28}}
2025/06/29 18:28:50 Sent {"src":"n4","dest":"c13","body":{"in_reply_to":28,"messages":[0,8,12,19,28,32,38,46,50,55,60,67,71,79],"type":"read_ok"}}
2025/06/29 18:28:50 Received {c13 n4 {"type":"broadcast","message":87,"msg_id":29}}
2025/06/29 18:28:50 Sent {"src":"n4","dest":"c13","body":{"in_reply_to":29,"type":"broadcast_ok"}}
2025/06/29 18:28:50 Received {c13 n4 {"type":"broadcast","message":90,"msg_id":30}}
2025/06/29 18:28:50 Sent {"src":"n4","dest":"c13","body":{"in_reply_to":30,"type":"broadcast_ok"}}
2025/06/29 18:28:51 Received {c13 n4 {"type":"read","msg_id":31}}
2025/06/29 18:28:51 Sent {"src":"n4","dest":"c13","body":{"in_reply_to":31,"messages":[0,8,12,19,28,32,38,46,50,55,60,67,71,79,87,90],"type":"read_ok"}}
2025/06/29 18:28:51 Received {c13 n4 {"type":"broadcast","message":94,"msg_id":32}}
2025/06/29 18:28:51 Sent {"src":"n4","dest":"c13","body":{"in_reply_to":32,"type":"broadcast_ok"}}
2025/06/29 18:28:52 Received {c13 n4 {"type":"broadcast","message":96,"msg_id":33}}
2025/06/29 18:28:52 Sent {"src":"n4","dest":"c13","body":{"in_reply_to":33,"type":"broadcast_ok"}}
2025/06/29 18:29:02 Received {c13 n4 {"type":"read","msg_id":34}}
2025/06/29 18:29:02 Sent {"src":"n4","dest":"c13","body":{"in_reply_to":34,"messages":[0,8,12,19,28,32,38,46,50,55,60,67,71,79,87,90,94,96],"type":"read_ok"}}
